{"type": "TaskStarted", "timestamp": "2025-06-26T10:58:02.801Z", "sessionID": "7387820c-3761-478a-860c-001418e6012c", "task": "2", "uid": "Participant54", "topic": "Should performance-enhancing drugs be accepted in sports?"}
{"type": "queryBoxFocused", "timestamp": "2025-06-26T10:58:10.791Z", "sessionID": "7387820c-3761-478a-860c-001418e6012c"}
{"type": "querySubmitted", "timestamp": "2025-06-26T10:58:21.859Z", "sessionID": "7387820c-3761-478a-860c-001418e6012c", "query": "doping in sports"}
{"docno": "S5ff35ceb-A566a785a", "score": 24.235962727183225}
{"docno": "S363193e9-Afe879b2", "score": 23.961653712764942}
{"docno": "S698c4d0e-Afcddc5f0", "score": 23.827572026994297}
{"docno": "S9a4dadf6-A614b8608", "score": 23.572228086208263}
{"docno": "S1cbf91f8-A1d8d67df", "score": 22.85408013899071}
{"docno": "Sffe83842-Ae682c5e0", "score": 22.6842889715373}
{"docno": "Sbb621258-A447412f", "score": 21.705286878775524}
{"docno": "S1f6a3f53-A323c4afc", "score": 21.45227009404232}
{"docno": "Sf5b0db6a-Ac1583031", "score": 21.09017133116491}
{"docno": "Sa59e02c-Ab9a089a8", "score": 20.072167324386996}
{"docno": "S5ff35ceb-A456b60cf", "score": 19.946493536591962}
{"docno": "Sa59e02c-A1105ce79", "score": 19.556603547171125}
{"docno": "S9a4dadf6-Ab03457d2", "score": 19.544099025401774}
{"docno": "Sfeaf7746-A935be79b", "score": 19.159590449167823}
{"docno": "Sf5b0db6a-Aff212c1f", "score": 18.31322540890946}
{"docno": "Se7380ad9-A14989d22", "score": 18.013410152756784}
{"docno": "S5ff35ceb-A94859ebc", "score": 17.77642989122924}
{"docno": "Sf5740022-A7910cef5", "score": 17.25327215115322}
{"docno": "S5ff35ceb-Ac2144e", "score": 17.17467170623439}
{"docno": "Sa59e02c-Abd0e4221", "score": 17.087219715466077}
{"docno": "S46ffef62-Aabb99646", "score": 16.999660083108395}
{"docno": "S363193e9-A5a49cdf1", "score": 16.83376116931004}
{"docno": "Sd5aa8f66-A311fee", "score": 16.700427065067732}
{"docno": "Sa59e02c-A2c74dd1c", "score": 16.175798941203478}
{"docno": "Sa59e02c-A18898753", "score": 15.916015167518772}
{"docno": "Sf5740022-Af1204143", "score": 15.912986765232446}
{"docno": "Sa59e02c-Af40e5cc6", "score": 15.72063138583591}
{"docno": "S62eb7a19-A13ec84d2", "score": 15.684350514442741}
{"docno": "S1e1aee36-Af2a0c677", "score": 15.4013194661071}
{"docno": "Sa7f65c15-Aca56e5af", "score": 15.242815091810847}
{"docno": "S321b1ccd-Ae986451c", "score": 15.120975979654183}
{"docno": "S6b06dffc-A82de02dc", "score": 15.006492986871674}
{"docno": "Se71b58f0-Ac9447a29", "score": 15.006492986871674}
{"docno": "S1f6a3f53-A8e7f7188", "score": 14.90085993701299}
{"docno": "Sb1f4c28-A17a42fbf", "score": 14.459132561554835}
{"docno": "Sffe83842-A6bc6120f", "score": 14.355062687278213}
{"docno": "S8cf5d196-A72d52f0d", "score": 14.271364877780155}
{"docno": "Sbcc55d23-A90c4e059", "score": 14.251207971488995}
{"docno": "Sffe83842-A80753db4", "score": 14.2488520848962}
{"docno": "Se7372dda-Ae241c14a", "score": 14.14947215899189}
{"docno": "S52cf6fe3-Afec1baab", "score": 14.14947215899189}
{"docno": "S117d2319-Ac4bea3a9", "score": 13.87002815486014}
{"docno": "S72d7b04a-A90c1e68a", "score": 13.809149619787537}
{"docno": "Se2a520e8-A7ccbb89c", "score": 13.561305639332058}
{"docno": "S5caf2527-Ab6f72231", "score": 13.476056747709064}
{"docno": "S6143b928-A1e1655ee", "score": 13.434747435423677}
{"docno": "S8fa4d9c9-Aea9c4d98", "score": 13.360721492957046}
{"docno": "S6143b928-A9e643f73", "score": 13.299528056628398}
{"docno": "Sbe0e3c1e-Ae6c62deb", "score": 13.11926542620968}
{"docno": "Sca543075-A937a4ee5", "score": 12.951902475452247}
{"docno": "See31e422-Aeac56e01", "score": 12.947861992791184}
{"docno": "Sc29153f6-A707234e5", "score": 12.780879576448346}
{"docno": "Sfeaf7746-Aeae68c31", "score": 12.698993139876873}
{"docno": "S928e5e7a-A7b0e5306", "score": 12.618149307747958}
{"docno": "Se7371735-A5787f3da", "score": 12.618149307747958}
{"docno": "S7aa3ee74-A94cf6fe", "score": 12.465123750369026}
{"docno": "Se7372dda-A1ee52248", "score": 12.459510809530158}
{"docno": "S87b8c230-A6a2e950b", "score": 12.459510809530158}
{"docno": "S5ff35ceb-A29629665", "score": 12.304811669701811}
{"docno": "S5b22f39d-A2deb6670", "score": 12.228893787415517}
{"docno": "S9f2f5ee4-Ac1611fdb", "score": 12.153906952823405}
{"docno": "S9468fef9-A87d20c8", "score": 12.120295696184137}
{"docno": "S8e63db2b-Ab2dfb90f", "score": 12.079834142925598}
{"docno": "S58d5f7ba-A872d32da", "score": 11.93436455518257}
{"docno": "S49f41610-Ac01137e2", "score": 11.921856015877754}
{"docno": "S2ac397ba-A11529f2f", "score": 11.730700589558499}
{"docno": "S2ac397ba-Af4e24a28", "score": 11.721028739769404}
{"docno": "S9be99e1b-Ae4c082e", "score": 11.681004276178042}
{"docno": "Se9001fdb-A76f96e17", "score": 11.67925255270261}
{"docno": "S185c50aa-A572db213", "score": 11.675547200754673}
{"docno": "S5b40f34d-A87c9a5c1", "score": 11.667371141213307}
{"docno": "S65e31534-A3004e031", "score": 11.653688958413927}
{"docno": "S2e07ef21-A2d90e892", "score": 11.653688958413927}
{"docno": "Se737313e-A66927103", "score": 11.653688958413927}
{"docno": "S3103bdf1-Aefdf7be1", "score": 11.651857347571864}
{"docno": "S3b1910e-A51a03aab", "score": 11.650901360638862}
{"docno": "Sb5ccaffb-Aff1a9830", "score": 11.620953201692574}
{"docno": "Se2a520e8-Aca1ab828", "score": 11.60087411407094}
{"docno": "S49f41610-Af83340d6", "score": 11.591158609012632}
{"docno": "Sbbfa8d2f-A602e7393", "score": 11.588552203886746}
{"docno": "S6143b928-Ab0506b44", "score": 11.587562664078158}
{"docno": "S44db19b-A528dff5e", "score": 11.572323260633445}
{"docno": "S3bad8f8-A712bfc62", "score": 11.569129029055372}
{"docno": "S49f41610-A80209d4a", "score": 11.559800332667159}
{"docno": "S6f0ced96-Aa853819c", "score": 11.556170376001779}
{"docno": "S3b1910e-A110482ef", "score": 11.552609102852768}
{"docno": "Sf6c3ab3f-A5270390c", "score": 11.532961999378937}
{"docno": "S818a9bee-A3b8f469c", "score": 11.53258735012092}
{"docno": "Sd6cf9790-A895585b2", "score": 11.521866826217876}
{"docno": "S34033d92-A2b5816ae", "score": 11.518244373231553}
{"docno": "S6c124e26-A31eac6b4", "score": 11.518244373231553}
{"docno": "S1efaccaf-A4b2da701", "score": 11.518244373231553}
{"docno": "S1407f153-A8751fcd9", "score": 11.51338160868229}
{"docno": "Sd7c86889-A1a357dab", "score": 11.509100381399554}
{"docno": "Sdb0ae60a-A9c0e43be", "score": 11.50268450701835}
{"docno": "Sfa540128-Ab697bd49", "score": 11.492148073228769}
{"docno": "S4a6f90c3-Aea15c05e", "score": 11.488877499523594}
{"docno": "S5e8112de-A6ef52fca", "score": 11.48570888414791}
{"docno": "S1d3c3a1a-Af8f02005", "score": 11.481513798127096}
{"docno": "S158256a-A12548410", "score": 11.462412277428067}
{"type": "StanceClicked", "timestamp": "2025-06-26T10:58:56.963Z", "sessionID": "7387820c-3761-478a-860c-001418e6012c", "rank": "4", "stance": "pro", "action": "chooseStance", "doc": "S9a4dadf6-A614b8608", "doclen": 790, "score": 23.21098361012259}
{"type": "toggleArgument", "timestamp": "2025-06-26T10:59:17.547Z", "sessionID": "7387820c-3761-478a-860c-001418e6012c", "rank": "8", "doc": "S1f6a3f53-A323c4afc", "action": "expand", "doclen": 403, "score": 14.695719898579355}
{"type": "StanceClicked", "timestamp": "2025-06-26T10:59:41.195Z", "sessionID": "7387820c-3761-478a-860c-001418e6012c", "rank": "8", "stance": "con", "action": "chooseStance", "doc": "S1f6a3f53-A323c4afc", "doclen": 403, "score": 14.695719898579355}
{"type": "StanceClicked", "timestamp": "2025-06-26T10:59:45.459Z", "sessionID": "7387820c-3761-478a-860c-001418e6012c", "rank": "9", "stance": "con", "action": "chooseStance", "doc": "Sf5b0db6a-Ac1583031", "doclen": 788, "score": 19.24958462080146}
{"type": "pageNavigationClicked", "timestamp": "2025-06-26T10:59:48.162Z", "sessionID": "7387820c-3761-478a-860c-001418e6012c", "clicked": "2", "fromPage": 1, "toPage": 2}
{"type": "StanceClicked", "timestamp": "2025-06-26T10:59:54.092Z", "sessionID": "7387820c-3761-478a-860c-001418e6012c", "rank": "11", "stance": "con", "action": "chooseStance", "doc": "S5ff35ceb-A456b60cf", "doclen": 1514, "score": 19.946493536591962}
{"type": "toggleArgument", "timestamp": "2025-06-26T10:59:58.219Z", "sessionID": "7387820c-3761-478a-860c-001418e6012c", "rank": "12", "doc": "Sa59e02c-A1105ce79", "action": "expand", "doclen": 133, "score": 19.556603547171125}
{"type": "toggleArgument", "timestamp": "2025-06-26T11:00:13.098Z", "sessionID": "7387820c-3761-478a-860c-001418e6012c", "rank": "13", "doc": "S9a4dadf6-Ab03457d2", "action": "expand", "doclen": 1898, "score": 11.864245023388904}
{"type": "toggleArgument", "timestamp": "2025-06-26T11:00:22.987Z", "sessionID": "7387820c-3761-478a-860c-001418e6012c", "rank": "14", "doc": "Sfeaf7746-A935be79b", "action": "expand", "doclen": 2586, "score": 12.26079991009626}
{"type": "StanceClicked", "timestamp": "2025-06-26T11:01:13.491Z", "sessionID": "7387820c-3761-478a-860c-001418e6012c", "rank": "14", "stance": "pro", "action": "chooseStance", "doc": "Sfeaf7746-A935be79b", "doclen": 2586, "score": 12.26079991009626}
{"type": "StanceClicked", "timestamp": "2025-06-26T11:01:26.283Z", "sessionID": "7387820c-3761-478a-860c-001418e6012c", "rank": "15", "stance": "pro", "action": "chooseStance", "doc": "Sf5b0db6a-Aff212c1f", "doclen": 1977, "score": 16.509872866946388}
{"type": "StanceClicked", "timestamp": "2025-06-26T11:01:53.491Z", "sessionID": "7387820c-3761-478a-860c-001418e6012c", "rank": "20", "stance": "con", "action": "chooseStance", "doc": "Sa59e02c-Abd0e4221", "doclen": 2387, "score": 17.087219715466077}
{"type": "pageNavigationClicked", "timestamp": "2025-06-26T11:01:55.747Z", "sessionID": "7387820c-3761-478a-860c-001418e6012c", "clicked": "3", "fromPage": 2, "toPage": 3}
{"type": "StanceClicked", "timestamp": "2025-06-26T11:02:03.396Z", "sessionID": "7387820c-3761-478a-860c-001418e6012c", "rank": "22", "stance": "con", "action": "chooseStance", "doc": "S363193e9-A5a49cdf1", "doclen": 1522, "score": 12.628159271292727}
{"type": "toggleArgument", "timestamp": "2025-06-26T11:02:50.332Z", "sessionID": "7387820c-3761-478a-860c-001418e6012c", "rank": "29", "doc": "S1e1aee36-Af2a0c677", "action": "expand", "doclen": 988, "score": 12.308507610248029}
{"type": "StanceClicked", "timestamp": "2025-06-26T11:03:28.397Z", "sessionID": "7387820c-3761-478a-860c-001418e6012c", "rank": "29", "stance": "pro", "action": "chooseStance", "doc": "S1e1aee36-Af2a0c677", "doclen": 988, "score": 12.308507610248029}
{"type": "pageNavigationClicked", "timestamp": "2025-06-26T11:03:34.508Z", "sessionID": "7387820c-3761-478a-860c-001418e6012c", "clicked": "4", "fromPage": 3, "toPage": 4}
{"type": "queryBoxFocused", "timestamp": "2025-06-26T11:03:45.911Z", "sessionID": "7387820c-3761-478a-860c-001418e6012c"}
{"type": "querySubmitted", "timestamp": "2025-06-26T11:03:47.189Z", "sessionID": "7387820c-3761-478a-860c-001418e6012c", "query": "performance-enhancing drugs"}
{"docno": "Sf9861c02-A6d9623c1", "score": 16.261390703075918}
{"docno": "Sa56a8385-A542bbf26", "score": 16.143842327028665}
{"docno": "Sf9861c02-A14bc101c", "score": 15.55611275383626}
{"docno": "Sec5a2259-A47a9cbf6", "score": 15.459529128963677}
{"docno": "Se7c8515a-A1494dcb2", "score": 15.214341584151402}
{"docno": "S1e4b352a-Afc6879f7", "score": 14.911631854220413}
{"docno": "Sf1ea4b4-A8fa411a4", "score": 14.883611278690644}
{"docno": "S61bc36ea-A8251941d", "score": 14.784046258316643}
{"docno": "S2d0fc75c-Ac6754b81", "score": 14.709465998215629}
{"docno": "S5e7364b2-A26dc5dd2", "score": 14.67495709548011}
{"docno": "S4e63160a-A8a6e3d2a", "score": 14.550137056258347}
{"docno": "Sf1ea4b4-Aa6494ec1", "score": 14.401241098776417}
{"docno": "Sf1ea4b4-A4922ac90", "score": 14.380039699515073}
{"docno": "S8c1650a5-Af9cdfd68", "score": 14.224041720038295}
{"docno": "S8eacdbb8-A3be2f88b", "score": 14.206735585793968}
{"docno": "S9dd3f3ac-Ade4f8898", "score": 14.206735585793968}
{"docno": "S86fca776-Aa26f092f", "score": 14.111439880581218}
{"docno": "Sc3fe10be-A5a488c14", "score": 13.939981659476729}
{"docno": "S18fd4547-A7e210a5d", "score": 13.877318370120694}
{"docno": "Scc60bdc0-Ab8e9b304", "score": 13.84919680239809}
{"docno": "Sd2d2ceea-A667cedc6", "score": 13.773849121344702}
{"docno": "S3a1d54eb-A8be01c6b", "score": 13.742707460368402}
{"docno": "S2d0fc75c-A43f9225a", "score": 13.709747823471638}
{"docno": "S6143b928-A6b9d8811", "score": 13.542295092882462}
{"docno": "S18fd4547-A29432e96", "score": 13.481270388099512}
{"docno": "S5ff35ceb-Ac2144e", "score": 13.440750796013713}
{"docno": "Sf50a5334-A9598f3d2", "score": 13.367120688642949}
{"docno": "S1fba06e8-A5fd21cc3", "score": 13.17601269239933}
{"docno": "S77085951-A4b260e1b", "score": 13.16230661636881}
{"docno": "Sec5a2259-Af47163e5", "score": 13.085631217865059}
{"docno": "Sc6588e53-A409892d6", "score": 13.082631741233614}
{"docno": "S18fd4547-Ae3b19b3e", "score": 13.05763063331408}
{"docno": "Saab6f238-Acfd2c02e", "score": 13.023616742872575}
{"docno": "Sf5b0db6a-Aff212c1f", "score": 12.97405948422928}
{"docno": "Sd530618e-A7f3bdf75", "score": 12.91043054007541}
{"docno": "Sc6588e72-A3257f317", "score": 12.826755583523878}
{"docno": "S3eb43d6-A5a09737b", "score": 12.821392975027354}
{"docno": "S5032baf0-Abd36ab63", "score": 12.770119197443398}
{"docno": "S7b6efc4e-Ad14b9364", "score": 12.594779431943412}
{"docno": "Scd3e9768-A3c8d11cd", "score": 12.587798345111793}
{"docno": "Sbb621258-A447412f", "score": 12.516267999573419}
{"docno": "Se9b63a9a-A9eef43be", "score": 12.457945046346588}
{"docno": "Sb186fd82-Ade2472a3", "score": 12.442242522163099}
{"docno": "S65240093-A496532fe", "score": 12.361318603031895}
{"docno": "S3de313d1-A8833c428", "score": 12.356530680959375}
{"docno": "Sdff8f1b4-A5d85021c", "score": 12.28977876157313}
{"docno": "Scc0b197d-A2fe8ac11", "score": 12.283565862832326}
{"docno": "S6143b928-A1bc99da3", "score": 12.283255403832886}
{"docno": "Sa6cfc7c6-A6e81a193", "score": 12.283255403832886}
{"docno": "Sca2a4aa8-A64fa113", "score": 12.235555452265695}
{"docno": "Sadf1f970-Afa0b3556", "score": 12.225328240792633}
{"docno": "S4aba565e-Aa0c724a5", "score": 12.214896440290463}
{"docno": "S5ef4ba1a-A9b4a30b0", "score": 12.149764151753455}
{"docno": "Sc572d61b-A19bf9ff6", "score": 12.084872243227657}
{"docno": "S89e52114-A2a515afc", "score": 12.015847599149158}
{"docno": "Sd1d703ed-Ad8187988", "score": 11.885252088847206}
{"docno": "S668509e3-A15cbc4c2", "score": 11.848727038927313}
{"docno": "Se650f9a4-A14fa1101", "score": 11.802421051120438}
{"docno": "Sf478b4b1-A722b4330", "score": 11.773391029850423}
{"docno": "S8a8904c0-Acd80479f", "score": 11.690719744183873}
{"docno": "S12990d7e-A8c849872", "score": 11.655538925738185}
{"docno": "S85d07352-Ad651da9b", "score": 11.597772107123113}
{"docno": "S9235f81f-A6b7a1ad9", "score": 11.576197203906052}
{"docno": "S1fba06e8-Adfed544", "score": 11.55848141926855}
{"docno": "S116a2781-A6173a8ad", "score": 11.450507132246035}
{"docno": "Sf1d02517-Ae1666078", "score": 11.428373084082995}
{"docno": "Sbc00ee1b-A11843870", "score": 11.356775854168754}
{"docno": "Sd267a5af-Abaf4caea", "score": 11.340991587076738}
{"docno": "S72a6f1e7-Ac86c4b3a", "score": 11.189849317026495}
{"docno": "S711b9599-A79ace099", "score": 11.120202438379646}
{"docno": "S48897f5d-Ae23152a9", "score": 10.94919260550035}
{"docno": "S18fd4547-Ab6aab0d2", "score": 10.909130087698149}
{"docno": "S1fce0d2d-Acb7b334", "score": 10.89566608233191}
{"docno": "Sd1b6be4-A8fd7641b", "score": 10.85106590838871}
{"docno": "S136ea028-Aea80a521", "score": 10.839526163044729}
{"docno": "Sb075eec1-A6f8fea24", "score": 10.818001583829993}
{"docno": "S349ec727-A94c5cf65", "score": 10.760496584498705}
{"docno": "S2654c4cb-Aeaac5037", "score": 10.682957302551356}
{"docno": "S31dffc6-Ac0c658f9", "score": 10.671421377197353}
{"docno": "Se3336116-A3a3cb083", "score": 10.66363742314734}
{"docno": "Sa799c6ee-A52320bcd", "score": 10.662796170812816}
{"docno": "S6702c7e6-A86b6b66a", "score": 10.63211199676508}
{"docno": "S1335cc75-A5bf6274c", "score": 10.595281398920125}
{"docno": "Sadb5330b-A70713ef5", "score": 10.549594657230575}
{"docno": "S619b767f-Af5d5fe9b", "score": 10.54627028162592}
{"docno": "Sc8d9002d-A506c87a5", "score": 10.544304914432939}
{"docno": "Sfc90616d-A81dd268c", "score": 10.52077965483111}
{"docno": "S2c3996e3-Aaaa8edc8", "score": 10.518621659840962}
{"docno": "S482e79ab-Ade1235db", "score": 10.516830023564047}
{"docno": "Scc60bdc0-A214bd64e", "score": 10.504362569292038}
{"docno": "S3fbd2d93-Afb28b541", "score": 10.504362569292038}
{"docno": "Sda630f6b-Af2fd073d", "score": 10.500506352715329}
{"docno": "S9908ed79-A599ac8d9", "score": 10.478456171037838}
{"docno": "S4e9d44a7-A4aec740a", "score": 10.475175218527461}
{"docno": "S33954aa3-Aa2018a8b", "score": 10.466122554884903}
{"docno": "Sb9730c3c-Af4b73ec9", "score": 10.463656374819955}
{"docno": "S9a9335c9-Ac32a02a8", "score": 10.45958444850728}
{"docno": "S2654c4cb-Aa9c2d812", "score": 10.454991065321023}
{"docno": "S27fc6758-Aef43cd4", "score": 10.449297307531864}
{"docno": "S18fd4547-Aff058fb0", "score": 10.441488048685953}
{"type": "StanceClicked", "timestamp": "2025-06-26T11:03:52.909Z", "sessionID": "7387820c-3761-478a-860c-001418e6012c", "rank": "1", "stance": "pro", "action": "chooseStance", "doc": "Sd1b6be4-A8fd7641b", "doclen": 678, "score": 10.85106590838871}
{"type": "queryBoxFocused", "timestamp": "2025-06-26T11:04:16.631Z", "sessionID": "7387820c-3761-478a-860c-001418e6012c"}
{"type": "querySubmitted", "timestamp": "2025-06-26T11:04:21.429Z", "sessionID": "7387820c-3761-478a-860c-001418e6012c", "query": "illegal drugs"}
{"docno": "S74e915ac-Aaebc8ee6", "score": 19.32617290240536}
{"docno": "S3534f3b2-Aede8076c", "score": 19.278225742247425}
{"docno": "Sd1b6be4-A2c7a4efa", "score": 19.212714453784752}
{"docno": "S1bab81b8-A38991bdb", "score": 19.175945728685768}
{"docno": "Scc60bdc0-A214bd64e", "score": 19.174270611616684}
{"docno": "Sccf0a250-A88960fb6", "score": 19.161741855858697}
{"docno": "S7e7e5efd-A568e2ffd", "score": 18.995148381725635}
{"docno": "Sb9730c3c-Ab3ef6cee", "score": 18.908906583277254}
{"docno": "S2d0fc75c-A2dbfa52e", "score": 18.866946577264365}
{"docno": "Sb6bf8417-Ac04c5b8a", "score": 18.85119035748596}
{"docno": "S590b30db-A22a3b31b", "score": 18.744841954870115}
{"docno": "Sdfb23292-A4f4bd664", "score": 18.599871543337784}
{"docno": "Sa7c47a5c-A6b314b55", "score": 18.557034605881547}
{"docno": "Sb9730bdf-Ab73dc976", "score": 18.54613688835468}
{"docno": "Se26f00b7-A3eaafd5c", "score": 18.512044273150313}
{"docno": "Sc75307b9-Af4dac2af", "score": 18.479039398608148}
{"docno": "Sc75307b9-Aea4511b2", "score": 18.385415741293322}
{"docno": "S8c1650a5-Af9cdfd68", "score": 18.256537774116865}
{"docno": "Se9e40275-Abc703a86", "score": 18.256465628622834}
{"docno": "S74e90aa7-A2f5d0cbe", "score": 18.12596256463806}
{"docno": "Se5ccda7-A3cc34147", "score": 17.94952912203224}
{"docno": "Sb150da0e-A5075d303", "score": 17.940877167324615}
{"docno": "S687d0e84-A330ea15b", "score": 17.893848902245924}
{"docno": "Scc60bdc0-A52eb174d", "score": 17.883409300517755}
{"docno": "Se5ccda7-A7b99052", "score": 17.882110764907196}
{"docno": "S7f8a714c-A6afcee03", "score": 17.854351159089866}
{"docno": "S42468ac1-Ab9d2ac8f", "score": 17.820417868817774}
{"docno": "S74e915ac-A2540ac96", "score": 17.801774342353895}
{"docno": "Sd0b28189-A2c75d83d", "score": 17.78703968851637}
{"docno": "Sa7c47a5c-A198c7e38", "score": 17.747506017304882}
{"docno": "S5cb9bcc6-A299f4e4b", "score": 17.739126951771873}
{"docno": "S74e915ac-A1ddc1209", "score": 17.675000316537663}
{"docno": "S8c1650a5-Ad7ce98a4", "score": 17.562607694432916}
{"docno": "Sa7c47a5c-Ae2dde0f4", "score": 17.52612576946754}
{"docno": "S2d0fc6c1-A9a367b50", "score": 17.494026899750097}
{"docno": "S74e915ac-Acf8c95cc", "score": 17.487998849990998}
{"docno": "Sbfb053f-A7070df69", "score": 17.48255387818836}
{"docno": "S58f19144-A2963e9da", "score": 17.461032426704968}
{"docno": "Sa7c47a5c-A22a449f0", "score": 17.45982890731341}
{"docno": "S47288945-A89306219", "score": 17.40700290772496}
{"docno": "S94f2c4b7-Ad0262ecb", "score": 17.397147959269077}
{"docno": "Sb6bf8417-A423b001b", "score": 17.349629764659824}
{"docno": "S139055af-A16a3ebd4", "score": 17.296730740628117}
{"docno": "S74e906c7-A96081bc", "score": 17.254753720258655}
{"docno": "S59d1fc3b-A19ae8066", "score": 17.246070029542807}
{"docno": "Sd2d2ceea-A5839ca09", "score": 17.245055797457592}
{"docno": "S90f04eb0-Ac1bf5c80", "score": 17.244785288873953}
{"docno": "S8c1650c4-Abf230d6d", "score": 17.24030321598174}
{"docno": "S8c1650c4-Aafcfd3c", "score": 17.234810649521926}
{"docno": "S910e95f4-A1d45c52a", "score": 17.18911722489585}
{"docno": "S2654c4cb-A81c0c203", "score": 17.179542463154952}
{"docno": "S676aeeb5-Af9157e88", "score": 17.167987304056574}
{"docno": "Sdfb23292-A41a700da", "score": 17.138732444437508}
{"docno": "S864c52b1-Ac5fa9606", "score": 17.125852454730442}
{"docno": "S6231abc3-A4835258", "score": 17.116661492245967}
{"docno": "S16e6c023-A57a28294", "score": 17.112001147062934}
{"docno": "Sd93c35f-Adc3dd322", "score": 17.089151782290187}
{"docno": "Sa799c6ee-A1160e0f3", "score": 17.087230208188753}
{"docno": "S65f32c56-A442465e1", "score": 17.08382800104595}
{"docno": "S1b53d7af-A8cf9a2ad", "score": 17.047598460829267}
{"docno": "Sb4affe47-Ad3489193", "score": 17.04389508656888}
{"docno": "S61c40a9b-Af6a92f7c", "score": 17.03538140397941}
{"docno": "S7352e40f-A312c47d4", "score": 17.03316913993157}
{"docno": "Sc1f914bd-A3e6fcc5d", "score": 17.00224843730138}
{"docno": "S13905590-A60235616", "score": 16.969202057217917}
{"docno": "Sc0de90c8-A59cc5a55", "score": 16.964638295758135}
{"docno": "Sbd77b6f0-Aa80c6b8b", "score": 16.964173037062857}
{"docno": "S687d0f1f-A80260414", "score": 16.95213484300125}
{"docno": "S1490c6f6-A11836005", "score": 16.949543567567794}
{"docno": "S3b770d4-Ac797580", "score": 16.943628401674577}
{"docno": "S2d0fc75c-Ac6754b81", "score": 16.91585904684356}
{"docno": "S88d1ba6-A97bbc2cb", "score": 16.87358110183068}
{"docno": "S23d69aa7-A4a94945a", "score": 16.83122940914412}
{"docno": "Sc75307b9-Af7b694b5", "score": 16.804543006367904}
{"docno": "S90f04eb0-Aff34f8db", "score": 16.79828819843995}
{"docno": "S7f8a714c-Ac1b46d72", "score": 16.797834854437802}
{"docno": "S74e915ac-A57e897b9", "score": 16.796421671649185}
{"docno": "S59d1f8b8-Ac1d4ed08", "score": 16.78839004778035}
{"docno": "Sa7c47a5c-Acdc9bd62", "score": 16.718462160520616}
{"docno": "S93e5aabc-Aef63ef43", "score": 16.70458741957973}
{"docno": "S88d1ba6-A8e8ab747", "score": 16.676017365563204}
{"docno": "S965182fe-A5aec400c", "score": 16.668536348403247}
{"docno": "Sb9730bdf-A2b48a5d2", "score": 16.657437608184704}
{"docno": "S3fbd2d93-Afb28b541", "score": 16.657353646133533}
{"docno": "Se9e40275-A406aed45", "score": 16.645639075379286}
{"docno": "S87b8c230-A94dbb17b", "score": 16.638249201284367}
{"docno": "Sa7c47a5c-A9ddbb23d", "score": 16.619399114854193}
{"docno": "Se416b570-Ae0dd01e7", "score": 16.617999343270668}
{"docno": "S8b8ff60f-A2d8b1d5e", "score": 16.590076773438383}
{"docno": "S59d17cd7-A4fc2b37", "score": 16.582249427568232}
{"docno": "Sb4affe28-A7a1e0386", "score": 16.581231641776665}
{"docno": "S65fc8ffa-Afb44f9b5", "score": 16.5783555601355}
{"docno": "S1039ff27-Abf1fe07a", "score": 16.568825492455495}
{"docno": "S82e2c442-Aac37b40b", "score": 16.55822025548067}
{"docno": "Sb2c9c02e-Af6498b5b", "score": 16.536848387711586}
{"docno": "S7f8a714c-A2278d86e", "score": 16.536848387711586}
{"docno": "S3de313d1-A7cc3e795", "score": 16.519799366162864}
{"docno": "Sab805e9c-Ae6369ac8", "score": 16.50088982103043}
{"docno": "S94f2c4b7-Ad29b7e56", "score": 16.499809519294217}
{"docno": "S90f04eb0-Ab4241de3", "score": 16.497304574779914}
{"type": "queryBoxFocused", "timestamp": "2025-06-26T11:04:32.264Z", "sessionID": "7387820c-3761-478a-860c-001418e6012c"}
{"type": "querySubmitted", "timestamp": "2025-06-26T11:04:38.381Z", "sessionID": "7387820c-3761-478a-860c-001418e6012c", "query": "illegal drugs in sports"}
{"docno": "Sfd2a6336-Afba8851b", "score": 24.00481714359403}
{"docno": "S1cbf91f8-A9eb1b705", "score": 23.953829636428036}
{"docno": "Sad998274-A6656c64", "score": 23.891455816027104}
{"docno": "S6fc6b895-A695b9558", "score": 23.861994642127108}
{"docno": "Sad998274-A271df109", "score": 23.530974325574906}
{"docno": "S87b43e8a-Ae0961456", "score": 23.466277064660773}
{"docno": "S7acefaa0-A8426224c", "score": 22.146298547290286}
{"docno": "Sac709939-A271ae36a", "score": 22.02123272749406}
{"docno": "Sac709939-Ac3ba7a1a", "score": 21.253899739945403}
{"docno": "S74e915ac-Acf8c95cc", "score": 20.725765256239306}
{"docno": "S3629375b-Aaa53a495", "score": 20.25321036317587}
{"docno": "Sac709939-Aaa3c9db4", "score": 19.756433063964487}
{"docno": "S5cb32e8d-Abf12d390", "score": 19.514962200150293}
{"docno": "S74e915ac-Aaebc8ee6", "score": 19.32617290240536}
{"docno": "S3534f3b2-Aede8076c", "score": 19.278225742247425}
{"docno": "Sf5b0db6a-Ac1583031", "score": 19.24958462080146}
{"docno": "Sd1b6be4-A2c7a4efa", "score": 19.212714453784752}
{"docno": "S1bab81b8-A38991bdb", "score": 19.175945728685768}
{"docno": "Scc60bdc0-A214bd64e", "score": 19.174270611616684}
{"docno": "Sccf0a250-A88960fb6", "score": 19.161741855858697}
{"docno": "Sffe83842-Ae682c5e0", "score": 19.000730598276924}
{"docno": "S7e7e5efd-A568e2ffd", "score": 18.995148381725635}
{"docno": "Sb9730c3c-Ab3ef6cee", "score": 18.908906583277254}
{"docno": "S2d0fc75c-A2dbfa52e", "score": 18.866946577264365}
{"docno": "Sb6bf8417-Ac04c5b8a", "score": 18.85119035748596}
{"docno": "S5023cb9c-A7f076b35", "score": 18.771995599684544}
{"docno": "S590b30db-A22a3b31b", "score": 18.744841954870115}
{"docno": "Sdfb23292-A4f4bd664", "score": 18.599871543337784}
{"docno": "Sa7c47a5c-A6b314b55", "score": 18.557034605881547}
{"docno": "Sb9730bdf-Ab73dc976", "score": 18.54613688835468}
{"docno": "Se26f00b7-A3eaafd5c", "score": 18.512044273150313}
{"docno": "Sc75307b9-Af4dac2af", "score": 18.479039398608148}
{"docno": "Sc75307b9-Aea4511b2", "score": 18.385415741293322}
{"docno": "S8c1650a5-Af9cdfd68", "score": 18.256537774116865}
{"docno": "Se9e40275-Abc703a86", "score": 18.256465628622834}
{"docno": "S74e90aa7-A2f5d0cbe", "score": 18.12596256463806}
{"docno": "S90ee2c92-A7d3ab871", "score": 18.10976833448946}
{"docno": "Se5ccda7-A3cc34147", "score": 17.94952912203224}
{"docno": "Sb150da0e-A5075d303", "score": 17.940877167324615}
{"docno": "S687d0e84-A330ea15b", "score": 17.893848902245924}
{"docno": "Scc60bdc0-A52eb174d", "score": 17.883409300517755}
{"docno": "Se5ccda7-A7b99052", "score": 17.882110764907196}
{"docno": "S1cbf91f8-A1d8d67df", "score": 17.860375150439353}
{"docno": "S7f8a714c-A6afcee03", "score": 17.854351159089866}
{"docno": "S6143b928-A6b9d8811", "score": 17.841023598607237}
{"docno": "S42468ac1-Ab9d2ac8f", "score": 17.820417868817774}
{"docno": "S74e915ac-A2540ac96", "score": 17.801774342353895}
{"docno": "Sd0b28189-A2c75d83d", "score": 17.78703968851637}
{"docno": "Sa7c47a5c-A198c7e38", "score": 17.747506017304882}
{"docno": "S5cb9bcc6-A299f4e4b", "score": 17.739126951771873}
{"docno": "S74e915ac-A1ddc1209", "score": 17.675000316537663}
{"docno": "S8c1650a5-Ad7ce98a4", "score": 17.562607694432916}
{"docno": "Sa7c47a5c-Ae2dde0f4", "score": 17.52612576946754}
{"docno": "S2d0fc6c1-A9a367b50", "score": 17.494026899750097}
{"docno": "Sbfb053f-A7070df69", "score": 17.48255387818836}
{"docno": "S58f19144-A2963e9da", "score": 17.461032426704968}
{"docno": "Sa7c47a5c-A22a449f0", "score": 17.45982890731341}
{"docno": "S47288945-A89306219", "score": 17.40700290772496}
{"docno": "S94f2c4b7-Ad0262ecb", "score": 17.397147959269077}
{"docno": "Sb6bf8417-A423b001b", "score": 17.349629764659824}
{"docno": "S8868e5d6-A6a1f6e95", "score": 17.328485102083995}
{"docno": "S139055af-A16a3ebd4", "score": 17.296730740628117}
{"docno": "Sbb7b9e0f-A51cc0edc", "score": 17.287985825064194}
{"docno": "S8868e5d6-Acbd4890f", "score": 17.25856439323052}
{"docno": "S74e906c7-A96081bc", "score": 17.254753720258655}
{"docno": "S59d1fc3b-A19ae8066", "score": 17.246070029542807}
{"docno": "Sd2d2ceea-A5839ca09", "score": 17.245055797457592}
{"docno": "S90f04eb0-Ac1bf5c80", "score": 17.244785288873953}
{"docno": "S8c1650c4-Abf230d6d", "score": 17.24030321598174}
{"docno": "S8c1650c4-Aafcfd3c", "score": 17.234810649521926}
{"docno": "S1109cf85-A376b5598", "score": 17.221258581846598}
{"docno": "S910e95f4-A1d45c52a", "score": 17.18911722489585}
{"docno": "S14c97916-A9c733f74", "score": 17.17969783428032}
{"docno": "S2654c4cb-A81c0c203", "score": 17.179542463154952}
{"docno": "S676aeeb5-Af9157e88", "score": 17.167987304056574}
{"docno": "Sdfb23292-A41a700da", "score": 17.138732444437508}
{"docno": "S864c52b1-Ac5fa9606", "score": 17.125852454730442}
{"docno": "S6231abc3-A4835258", "score": 17.116661492245967}
{"docno": "S87b43e8a-A2ddb9615", "score": 17.113918936798854}
{"docno": "S16e6c023-A57a28294", "score": 17.112001147062934}
{"docno": "Sd93c35f-Adc3dd322", "score": 17.089151782290187}
{"docno": "Sa799c6ee-A1160e0f3", "score": 17.087230208188753}
{"docno": "S65f32c56-A442465e1", "score": 17.08382800104595}
{"docno": "S1b53d7af-A8cf9a2ad", "score": 17.047598460829267}
{"docno": "Sb4affe47-Ad3489193", "score": 17.04389508656888}
{"docno": "S61c40a9b-Af6a92f7c", "score": 17.03538140397941}
{"docno": "S7352e40f-A312c47d4", "score": 17.03316913993157}
{"docno": "S6143b928-Aa4d8cb9", "score": 17.024426038297435}
{"docno": "Sa9510197-A298c77bf", "score": 17.012608852316134}
{"docno": "Sc1f914bd-A3e6fcc5d", "score": 17.00224843730138}
{"docno": "S13905590-A60235616", "score": 16.969202057217917}
{"docno": "Sc0de90c8-A59cc5a55", "score": 16.964638295758135}
{"docno": "Sbd77b6f0-Aa80c6b8b", "score": 16.964173037062857}
{"docno": "S687d0f1f-A80260414", "score": 16.95213484300125}
{"docno": "S1490c6f6-A11836005", "score": 16.949543567567794}
{"docno": "S3b770d4-Ac797580", "score": 16.943628401674577}
{"docno": "S2d0fc75c-Ac6754b81", "score": 16.91585904684356}
{"docno": "Sbb7b9e0f-A77229037", "score": 16.910325490687754}
{"docno": "S88d1ba6-A97bbc2cb", "score": 16.87358110183068}
{"docno": "S6a9cc0cb-Ab07a45b3", "score": 16.867971971693038}
{"type": "StanceClicked", "timestamp": "2025-06-26T11:04:50.165Z", "sessionID": "7387820c-3761-478a-860c-001418e6012c", "rank": "2", "stance": "con", "action": "chooseStance", "doc": "S1cbf91f8-A9eb1b705", "doclen": 302, "score": 17.08786441935518}
{"type": "StanceClicked", "timestamp": "2025-06-26T11:05:41.973Z", "sessionID": "7387820c-3761-478a-860c-001418e6012c", "rank": "9", "stance": "con", "action": "chooseStance", "doc": "Sac709939-Ac3ba7a1a", "doclen": 2361, "score": 17.91662011020793}
{"type": "pageNavigationClicked", "timestamp": "2025-06-26T11:05:45.453Z", "sessionID": "7387820c-3761-478a-860c-001418e6012c", "clicked": "2", "fromPage": 1, "toPage": 2}
{"type": "toggleArgument", "timestamp": "2025-06-26T11:06:30.549Z", "sessionID": "7387820c-3761-478a-860c-001418e6012c", "rank": "19", "doc": "Scc60bdc0-A214bd64e", "action": "expand", "doclen": 531, "score": 10.504362569292038}
{"type": "StanceClicked", "timestamp": "2025-06-26T11:06:55.813Z", "sessionID": "7387820c-3761-478a-860c-001418e6012c", "rank": "19", "stance": "con", "action": "chooseStance", "doc": "Scc60bdc0-A214bd64e", "doclen": 531, "score": 10.504362569292038}
{"type": "pageNavigationClicked", "timestamp": "2025-06-26T11:07:01.213Z", "sessionID": "7387820c-3761-478a-860c-001418e6012c", "clicked": "3", "fromPage": 2, "toPage": 3}
{"type": "StanceClicked", "timestamp": "2025-06-26T11:07:29.910Z", "sessionID": "7387820c-3761-478a-860c-001418e6012c", "rank": "24", "stance": "pro", "action": "chooseStance", "doc": "S2d0fc75c-A2dbfa52e", "doclen": 541, "score": 25.597694335274173}
{"type": "ClickedEndTask", "timestamp": "2025-06-26T11:07:50.565Z", "sessionID": "7387820c-3761-478a-860c-001418e6012c"}
{"type": "TaskEndConfirmed", "timestamp": "2025-06-26T11:07:51.813Z", "sessionID": "7387820c-3761-478a-860c-001418e6012c"}
{"type": "TaskEnded", "timestamp": "2025-06-26T11:07:57.469Z", "sessionID": "7387820c-3761-478a-860c-001418e6012c", "reason": "Zeit ist um", "translated_reason": "Time is around"}
