{"type": "idSubmitted", "timestamp": "2025-06-26T11:27:38.441Z", "sessionID": "0bfff001-d093-4a07-8988-c6ec9374903e", "uid": "Participant26"}
{"type": "TaskStarted", "timestamp": "2025-06-26T11:29:20.976Z", "sessionID": "0bfff001-d093-4a07-8988-c6ec9374903e", "task": "1", "uid": "Participant26", "topic": "Is cell phone radiation safe?"}
{"type": "queryBoxFocused", "timestamp": "2025-06-26T11:29:23.991Z", "sessionID": "0bfff001-d093-4a07-8988-c6ec9374903e"}
{"type": "querySubmitted", "timestamp": "2025-06-26T11:29:33.034Z", "sessionID": "0bfff001-d093-4a07-8988-c6ec9374903e", "query": "cell phone radiation"}
{"docno": "Sb2b3385f-A822a0aa7", "score": 36.37169244653196}
{"docno": "Sb2b3385f-Abca9ed6a", "score": 35.86825577149797}
{"docno": "Sb61f3301-A3215c02d", "score": 35.325866772982025}
{"docno": "S1a94f253-A5d4b2c6b", "score": 34.53896575761505}
{"docno": "S1a94f253-Ace6f4c21", "score": 33.935898261225006}
{"docno": "S1a94f253-Ae467a168", "score": 33.90658517303439}
{"docno": "Sb2b3385f-Ace282daf", "score": 31.831042538351547}
{"docno": "S9e69ad73-A41bb290e", "score": 31.02598693775857}
{"docno": "Sb2b3385f-A3ec43864", "score": 29.40460751910491}
{"docno": "Se4f285c5-Ad1701d71", "score": 29.113703472716303}
{"docno": "S1a94f253-Af84dc467", "score": 28.9138431362126}
{"docno": "S1a94f253-Acdd10265", "score": 28.767332029001615}
{"docno": "S6c1e3b72-A50e01712", "score": 26.366560604384354}
{"docno": "S691fdd5d-A97180196", "score": 26.30288787987825}
{"docno": "Sb986bc28-Ae448685f", "score": 26.2890674087514}
{"docno": "Sb2b3385f-A3bf270bb", "score": 25.12875155874544}
{"docno": "Sb8254595-A185f2e70", "score": 25.06632716844588}
{"docno": "S7cb4f197-A327fa24a", "score": 24.9017147580957}
{"docno": "Sabec10c3-A906e3e8f", "score": 24.860545841641766}
{"docno": "S9793293e-Afb170a31", "score": 24.633316854810936}
{"docno": "S3904e0eb-Ab9a162af", "score": 24.56435082102716}
{"docno": "Sabec10c3-Ab9c0d9c6", "score": 24.53666539979834}
{"docno": "S57e140e8-A37defee6", "score": 24.501801354767494}
{"docno": "Sfc0d5532-A6ac682f2", "score": 24.473189646608567}
{"docno": "Sabec10c3-Aa43ad241", "score": 24.459729555623802}
{"docno": "Scba64daf-A96e03af7", "score": 24.43903585591901}
{"docno": "S7cb4f178-Afd62e6dd", "score": 24.417723082874918}
{"docno": "Scba64daf-A2fd97c85", "score": 24.398466703777956}
{"docno": "Sb8254595-Aeebdbae7", "score": 24.39392165117362}
{"docno": "Sb8254595-A5c3dc9ef", "score": 24.380215080198134}
{"docno": "Se4f285c5-Aec02c727", "score": 24.379024883686206}
{"docno": "S7cb4f0fc-A11a4648c", "score": 24.319873337273542}
{"docno": "Sf66b190-Afda53712", "score": 24.3157349017058}
{"docno": "S9efcef79-A9fc8ca91", "score": 24.287983405443903}
{"docno": "S1ecb131d-A494eed6c", "score": 24.26003164929631}
{"docno": "S1ecb133c-Ab151e87c", "score": 24.25372628222793}
{"docno": "Scba64d71-A30105e5f", "score": 24.220481416861688}
{"docno": "Sf7b7b428-A2872ee38", "score": 24.15852160211182}
{"docno": "Sfa5da6ff-A35883742", "score": 24.14570499584677}
{"docno": "S6b3c3162-A1925ca69", "score": 24.107896152679054}
{"docno": "S3e6f0260-A19d62c63", "score": 24.04909123586026}
{"docno": "S3e6f0260-A8a0d4a2b", "score": 24.02480191672852}
{"docno": "Sf7b7b428-Aa33c9baa", "score": 24.022590281650373}
{"docno": "Sf66b190-Abaa08c2f", "score": 24.019938056336237}
{"docno": "Se598cf79-A9f81ba6e", "score": 24.002499604174602}
{"docno": "S6c1e3b91-Ab161efab", "score": 23.96586449252767}
{"docno": "S6c53d3c6-A338532ca", "score": 23.94970629698844}
{"docno": "S71ce2845-A85d09368", "score": 23.8951858301537}
{"docno": "Sca117743-Ae220d4d0", "score": 23.878823574571854}
{"docno": "S2296aa5c-A647b9a7b", "score": 23.872557077961574}
{"docno": "Sb2e78cd1-Acb3da7a6", "score": 23.865569946873666}
{"docno": "Se836048-A67d71450", "score": 23.812543804566474}
{"docno": "S240561fd-A4da9b554", "score": 23.810997653937868}
{"docno": "S35c427c4-Abcf18474", "score": 23.799767331906242}
{"docno": "Sf882a5d0-Ae509da02", "score": 23.725551442036306}
{"docno": "Scba64daf-Ab5066604", "score": 23.64438853338005}
{"docno": "S839921bc-Aefab072c", "score": 23.603099926133464}
{"docno": "S160682d8-A894d63b1", "score": 23.596200641799875}
{"docno": "Scf666047-Aad1c6777", "score": 23.59208254559347}
{"docno": "S292dc31f-Adaf97dc5", "score": 23.56779620693987}
{"docno": "S3a2444f6-Afedf6f3d", "score": 23.515066413774584}
{"docno": "S3a2444f6-A3573f3a0", "score": 23.506742694785117}
{"docno": "Sb8254595-Af389bdec", "score": 23.50540158104496}
{"docno": "Sca117743-Acb4a4af0", "score": 23.393480596205848}
{"docno": "S8b81b11a-A90d26629", "score": 23.37662541171887}
{"docno": "Sbb6232d4-Abf727aa4", "score": 23.371703176089408}
{"docno": "Sfcff2e33-Ae1282627", "score": 23.276183936787355}
{"docno": "S6bd346c-A94e5327a", "score": 23.244149422256363}
{"docno": "S7cb4f197-A5be6a1de", "score": 23.2405121027201}
{"docno": "Sf66b190-Ad1f6f27c", "score": 23.212711043842774}
{"docno": "Se147af9f-Abee6292", "score": 23.208571636019315}
{"docno": "Sa6bcbd59-Aeec9bea8", "score": 23.186513679956576}
{"docno": "S6c1e3b91-A3743c3d4", "score": 23.186513679956576}
{"docno": "S71ce2845-Ab428da1c", "score": 23.184170406134022}
{"docno": "S4681bb43-A33143bc5", "score": 23.183323795424243}
{"docno": "S77e5d95f-A79d19253", "score": 23.173849875183436}
{"docno": "Sb986bc28-Ae4a7ba9", "score": 23.167587646348565}
{"docno": "S27d99f1c-A4efc1002", "score": 23.10919717899602}
{"docno": "S8f540882-A42b31187", "score": 23.09738228209335}
{"docno": "S5cd4f357-Ae44525d5", "score": 23.070999118139582}
{"docno": "S71ce2845-A39e25775", "score": 23.04506580280954}
{"docno": "S8b81b0bd-A80cd4a90", "score": 22.991048121957174}
{"docno": "S7cb4f1d5-Aafbefe70", "score": 22.991048121957174}
{"docno": "S7cb4f159-Aafbefe70", "score": 22.991048121957174}
{"docno": "S8b81b11a-A80cd4a90", "score": 22.991048121957174}
{"docno": "S7cb4f0fc-Aafbefe70", "score": 22.991048121957174}
{"docno": "S57cce9d6-Ab5c6fa50", "score": 22.991048121957174}
{"docno": "S66ebcd55-A98324f05", "score": 22.991048121957174}
{"docno": "S7cb4f197-Aafbefe70", "score": 22.991048121957174}
{"docno": "S5fe1936c-A9cab1405", "score": 22.991048121957174}
{"docno": "S19e92b30-Aafbefe70", "score": 22.991048121957174}
{"docno": "S32f9177d-A8f1d0bd2", "score": 22.991048121957174}
{"docno": "S19e92b11-Aafbefe70", "score": 22.991048121957174}
{"docno": "Sa6bcbd59-A90bc6c9b", "score": 22.98979711531682}
{"docno": "S240561fd-A3489ffcc", "score": 22.98795091152109}
{"docno": "S626e3202-Afb6fc3de", "score": 22.954879612309387}
{"docno": "S240561fd-A2e2326b4", "score": 22.90053906945455}
{"docno": "S4063284d-A594055d7", "score": 22.885090500946486}
{"docno": "S292dc31f-Ac006fc70", "score": 22.87934370261062}
{"docno": "Sd1a8761c-Aa14a29f8", "score": 22.859192288009744}
{"type": "toggleArgument", "timestamp": "2025-06-26T11:29:44.001Z", "sessionID": "0bfff001-d093-4a07-8988-c6ec9374903e", "rank": "1", "doc": "Sb2b3385f-A822a0aa7", "action": "expand", "doclen": 427, "score": 36.37169244653196}
{"type": "StanceClicked", "timestamp": "2025-06-26T11:30:23.779Z", "sessionID": "0bfff001-d093-4a07-8988-c6ec9374903e", "rank": "1", "stance": "con", "action": "chooseStance", "doc": "Sb2b3385f-A822a0aa7", "doclen": 427, "score": 36.37169244653196}
{"type": "toggleArgument", "timestamp": "2025-06-26T11:30:26.882Z", "sessionID": "0bfff001-d093-4a07-8988-c6ec9374903e", "rank": "2", "doc": "Sb2b3385f-Abca9ed6a", "action": "expand", "doclen": 2720, "score": 35.86825577149797}
{"type": "StanceClicked", "timestamp": "2025-06-26T11:32:37.903Z", "sessionID": "0bfff001-d093-4a07-8988-c6ec9374903e", "rank": "2", "stance": "con", "action": "chooseStance", "doc": "Sb2b3385f-Abca9ed6a", "doclen": 2720, "score": 35.86825577149797}
{"type": "StanceClicked", "timestamp": "2025-06-26T11:32:58.696Z", "sessionID": "0bfff001-d093-4a07-8988-c6ec9374903e", "rank": "3", "stance": "con", "action": "chooseStance", "doc": "Sb61f3301-A3215c02d", "doclen": 473, "score": 35.325866772982025}
{"type": "toggleArgument", "timestamp": "2025-06-26T11:33:14.512Z", "sessionID": "0bfff001-d093-4a07-8988-c6ec9374903e", "rank": "4", "doc": "S1a94f253-A5d4b2c6b", "action": "expand", "doclen": 960, "score": 34.53896575761505}
{"type": "StanceClicked", "timestamp": "2025-06-26T11:35:05.370Z", "sessionID": "0bfff001-d093-4a07-8988-c6ec9374903e", "rank": "4", "stance": "pro", "action": "chooseStance", "doc": "S1a94f253-A5d4b2c6b", "doclen": 960, "score": 34.53896575761505}
{"type": "toggleArgument", "timestamp": "2025-06-26T11:35:21.610Z", "sessionID": "0bfff001-d093-4a07-8988-c6ec9374903e", "rank": "5", "doc": "S1a94f253-Ace6f4c21", "action": "expand", "doclen": 956, "score": 33.935898261225006}
{"type": "toggleArgument", "timestamp": "2025-06-26T11:35:44.953Z", "sessionID": "0bfff001-d093-4a07-8988-c6ec9374903e", "rank": "8", "doc": "S9e69ad73-A41bb290e", "action": "expand", "doclen": 1226, "score": 31.02598693775857}
{"type": "toggleArgument", "timestamp": "2025-06-26T11:36:12.185Z", "sessionID": "0bfff001-d093-4a07-8988-c6ec9374903e", "rank": "10", "doc": "Se4f285c5-Ad1701d71", "action": "expand", "doclen": 1383, "score": 29.113703472716303}
{"type": "StanceClicked", "timestamp": "2025-06-26T11:37:17.577Z", "sessionID": "0bfff001-d093-4a07-8988-c6ec9374903e", "rank": "10", "stance": "pro", "action": "chooseStance", "doc": "Se4f285c5-Ad1701d71", "doclen": 1383, "score": 29.113703472716303}
{"type": "queryBoxFocused", "timestamp": "2025-06-26T11:37:21.605Z", "sessionID": "0bfff001-d093-4a07-8988-c6ec9374903e"}
{"type": "querySubmitted", "timestamp": "2025-06-26T11:37:29.578Z", "sessionID": "0bfff001-d093-4a07-8988-c6ec9374903e", "query": "cell phone radiation save"}
{"docno": "Sb2b3385f-A822a0aa7", "score": 36.37169244653196}
{"docno": "Sb2b3385f-Abca9ed6a", "score": 35.86825577149797}
{"docno": "Sb61f3301-A3215c02d", "score": 35.325866772982025}
{"docno": "S1a94f253-A5d4b2c6b", "score": 34.53896575761505}
{"docno": "S1a94f253-Ace6f4c21", "score": 33.935898261225006}
{"docno": "S1a94f253-Ae467a168", "score": 33.90658517303439}
{"docno": "Sb2b3385f-Ace282daf", "score": 31.831042538351547}
{"docno": "S9e69ad73-A41bb290e", "score": 31.02598693775857}
{"docno": "Se598cf79-A9f81ba6e", "score": 29.72328283788405}
{"docno": "Sb2b3385f-A3ec43864", "score": 29.40460751910491}
{"docno": "Se4f285c5-Ad1701d71", "score": 29.113703472716303}
{"docno": "S1a94f253-Af84dc467", "score": 28.9138431362126}
{"docno": "S1a94f253-Acdd10265", "score": 28.767332029001615}
{"docno": "Sd7105dc-A3bf5898f", "score": 27.60981846938973}
{"docno": "S71ce2845-A4786690b", "score": 27.115470792512628}
{"docno": "S71ce2845-A2b5a64ea", "score": 26.57025154170565}
{"docno": "S6c1e3b72-A50e01712", "score": 26.366560604384354}
{"docno": "S691fdd5d-A97180196", "score": 26.30288787987825}
{"docno": "Sb986bc28-Ae448685f", "score": 26.2890674087514}
{"docno": "S71ce2845-A4aa2631d", "score": 26.17487468506055}
{"docno": "S8b81b0bd-A80cd4a90", "score": 26.039238759320757}
{"docno": "S7cb4f1d5-Aafbefe70", "score": 26.039238759320757}
{"docno": "S7cb4f159-Aafbefe70", "score": 26.039238759320757}
{"docno": "S8b81b11a-A80cd4a90", "score": 26.039238759320757}
{"docno": "S7cb4f0fc-Aafbefe70", "score": 26.039238759320757}
{"docno": "S57cce9d6-Ab5c6fa50", "score": 26.039238759320757}
{"docno": "S66ebcd55-A98324f05", "score": 26.039238759320757}
{"docno": "S7cb4f197-Aafbefe70", "score": 26.039238759320757}
{"docno": "S5fe1936c-A9cab1405", "score": 26.039238759320757}
{"docno": "S19e92b30-Aafbefe70", "score": 26.039238759320757}
{"docno": "S32f9177d-A8f1d0bd2", "score": 26.039238759320757}
{"docno": "S19e92b11-Aafbefe70", "score": 26.039238759320757}
{"docno": "S71ce2845-Ab428da1c", "score": 26.036896173307333}
{"docno": "S7cb4f11b-Aa2a1f744", "score": 25.40286966692861}
{"docno": "Sb2b3385f-A3bf270bb", "score": 25.12875155874544}
{"docno": "Sb8254595-A185f2e70", "score": 25.06632716844588}
{"docno": "Sfc0d5532-A6aa4ec04", "score": 24.910215001505044}
{"docno": "S7cb4f197-A327fa24a", "score": 24.9017147580957}
{"docno": "Sabec10c3-A906e3e8f", "score": 24.860545841641766}
{"docno": "S40a0f0f1-Acaadd6de", "score": 24.699634757533968}
{"docno": "S9793293e-Afb170a31", "score": 24.633316854810936}
{"docno": "S3904e0eb-Ab9a162af", "score": 24.56435082102716}
{"docno": "Sabec10c3-Ab9c0d9c6", "score": 24.53666539979834}
{"docno": "S57e140e8-A37defee6", "score": 24.501801354767494}
{"docno": "Sfc0d5532-A6ac682f2", "score": 24.473189646608567}
{"docno": "Sabec10c3-Aa43ad241", "score": 24.459729555623802}
{"docno": "Scba64daf-A96e03af7", "score": 24.43903585591901}
{"docno": "S7cb4f178-Afd62e6dd", "score": 24.417723082874918}
{"docno": "Scba64daf-A2fd97c85", "score": 24.398466703777956}
{"docno": "Sb8254595-Aeebdbae7", "score": 24.39392165117362}
{"docno": "Sb8254595-A5c3dc9ef", "score": 24.380215080198134}
{"docno": "Se4f285c5-Aec02c727", "score": 24.379024883686206}
{"docno": "S240561fd-Ae87ac816", "score": 24.349485345920833}
{"docno": "S7cb4f0fc-A11a4648c", "score": 24.319873337273542}
{"docno": "Sf66b190-Afda53712", "score": 24.3157349017058}
{"docno": "S9efcef79-A9fc8ca91", "score": 24.287983405443903}
{"docno": "S1ecb131d-A494eed6c", "score": 24.26003164929631}
{"docno": "S1ecb133c-Ab151e87c", "score": 24.25372628222793}
{"docno": "Scba64d71-A30105e5f", "score": 24.220481416861688}
{"docno": "Sf7b7b428-A2872ee38", "score": 24.15852160211182}
{"docno": "Sfa5da6ff-A35883742", "score": 24.14570499584677}
{"docno": "S6b3c3162-A1925ca69", "score": 24.107896152679054}
{"docno": "S3e6f0260-A19d62c63", "score": 24.04909123586026}
{"docno": "S3e6f0260-A8a0d4a2b", "score": 24.02480191672852}
{"docno": "Sf7b7b428-Aa33c9baa", "score": 24.022590281650373}
{"docno": "Sf66b190-Abaa08c2f", "score": 24.019938056336237}
{"docno": "S6c1e3b91-Ab161efab", "score": 23.96586449252767}
{"docno": "S6c53d3c6-A338532ca", "score": 23.94970629698844}
{"docno": "S5c015b19-A927be0d0", "score": 23.93050673227009}
{"docno": "S71ce2845-A85d09368", "score": 23.8951858301537}
{"docno": "Sca117743-Ae220d4d0", "score": 23.878823574571854}
{"docno": "S2296aa5c-A647b9a7b", "score": 23.872557077961574}
{"docno": "Sb2e78cd1-Acb3da7a6", "score": 23.865569946873666}
{"docno": "Se836048-A67d71450", "score": 23.812543804566474}
{"docno": "S240561fd-A4da9b554", "score": 23.810997653937868}
{"docno": "S35c427c4-Abcf18474", "score": 23.799767331906242}
{"docno": "Sf882a5d0-Ae509da02", "score": 23.725551442036306}
{"docno": "Scba64daf-Ab5066604", "score": 23.64438853338005}
{"docno": "S839921bc-Aefab072c", "score": 23.603099926133464}
{"docno": "S160682d8-A894d63b1", "score": 23.596200641799875}
{"docno": "Scf666047-Aad1c6777", "score": 23.59208254559347}
{"docno": "S292dc31f-Adaf97dc5", "score": 23.56779620693987}
{"docno": "S3a2444f6-Afedf6f3d", "score": 23.515066413774584}
{"docno": "S3a2444f6-A3573f3a0", "score": 23.506742694785117}
{"docno": "Sb8254595-Af389bdec", "score": 23.50540158104496}
{"docno": "Sca117743-Acb4a4af0", "score": 23.393480596205848}
{"docno": "S8b81b11a-A90d26629", "score": 23.37662541171887}
{"docno": "Sbb6232d4-Abf727aa4", "score": 23.371703176089408}
{"docno": "Sfcff2e33-Ae1282627", "score": 23.276183936787355}
{"docno": "S6bd346c-A94e5327a", "score": 23.244149422256363}
{"docno": "S7cb4f197-A5be6a1de", "score": 23.2405121027201}
{"docno": "S6aa3d910-A70b8d56f", "score": 23.237114241051295}
{"docno": "Sf66b190-Ad1f6f27c", "score": 23.212711043842774}
{"docno": "Se147af9f-Abee6292", "score": 23.208571636019315}
{"docno": "Sa6bcbd59-Aeec9bea8", "score": 23.186513679956576}
{"docno": "S6c1e3b91-A3743c3d4", "score": 23.186513679956576}
{"docno": "S4681bb43-A33143bc5", "score": 23.183323795424243}
{"docno": "S77e5d95f-A79d19253", "score": 23.173849875183436}
{"docno": "Sb986bc28-Ae4a7ba9", "score": 23.167587646348565}
{"docno": "S27d99f1c-A4efc1002", "score": 23.10919717899602}
{"type": "queryBoxFocused", "timestamp": "2025-06-26T11:37:42.205Z", "sessionID": "0bfff001-d093-4a07-8988-c6ec9374903e"}
{"type": "querySubmitted", "timestamp": "2025-06-26T11:37:46.866Z", "sessionID": "0bfff001-d093-4a07-8988-c6ec9374903e", "query": "sell phone save"}
{"docno": "Sd0c426c1-A7165f62c", "score": 23.499721143070474}
{"docno": "Sb2e78cd1-A89358e1c", "score": 23.499721143070474}
{"docno": "S8974e509-A6554cc8", "score": 20.588215259676314}
{"docno": "S7cb48444-A75bc0e2d", "score": 19.96994313966899}
{"docno": "S76a85d0c-Ac5d589e9", "score": 18.85173893887101}
{"docno": "Sfac5e26a-Af60b66b", "score": 18.817112339339364}
{"docno": "Safd7e323-Ab1902d1a", "score": 18.79319455424541}
{"docno": "S858ef280-A51e5c8c4", "score": 18.26719221651623}
{"docno": "Se598cf79-A9f81ba6e", "score": 18.21900080023117}
{"docno": "Sd7105dc-A3bf5898f", "score": 18.17201135160911}
{"docno": "Se62ef331-Aa65aac61", "score": 17.90365739412907}
{"docno": "S53a28266-A4bdc7866", "score": 17.669980458249167}
{"docno": "S4da47715-A6a6e062e", "score": 17.65447985258028}
{"docno": "S43f1137f-Ad74d9a95", "score": 17.54659167525569}
{"docno": "S5c015b19-A927be0d0", "score": 17.335695220392317}
{"docno": "S682a8ab-A7739e488", "score": 17.292448814227395}
{"docno": "S7b8fb956-Aa89e15f7", "score": 17.17562564388945}
{"docno": "S6aa3d910-A70b8d56f", "score": 17.084039689678182}
{"docno": "S71ce2845-A4786690b", "score": 17.083007748759506}
{"docno": "S71ce2845-A2b5a64ea", "score": 16.78314546024105}
{"docno": "Sf882a5d0-Ae509da02", "score": 16.76115695737971}
{"docno": "S4b166fea-A5fd6d0da", "score": 16.722221856694365}
{"docno": "S51845765-Ac6dbf419", "score": 16.674190990454093}
{"docno": "S71ce2845-A4aa2631d", "score": 16.439688928832815}
{"docno": "S1cf806e1-A4063b8ef", "score": 16.38586894319118}
{"docno": "S57c9a8b5-Acf644345", "score": 16.308246010695978}
{"docno": "S43f1137f-Aa4cbdc6b", "score": 16.172380025347014}
{"docno": "S40a0f0f1-Acaadd6de", "score": 16.113300382098934}
{"docno": "Sbccaa7ca-Abbcea7f6", "score": 16.107629174228414}
{"docno": "Sc9fc2a0a-A26763b2c", "score": 15.978022539035544}
{"docno": "Sedd595e0-Ae5483d6f", "score": 15.892785457592087}
{"docno": "S449ef249-A6e2ec1f1", "score": 15.88487341533107}
{"docno": "S240561fd-Ae87ac816", "score": 15.88487341533107}
{"docno": "S6dfc0f7d-Ad5852800", "score": 15.764016052308719}
{"docno": "S45437b23-Ab7f21af8", "score": 15.72302485612959}
{"docno": "S8b81b0bd-A80cd4a90", "score": 15.470760262183418}
{"docno": "S7cb4f1d5-Aafbefe70", "score": 15.470760262183418}
{"docno": "S7cb4f159-Aafbefe70", "score": 15.470760262183418}
{"docno": "S8b81b11a-A80cd4a90", "score": 15.470760262183418}
{"docno": "S7cb4f0fc-Aafbefe70", "score": 15.470760262183418}
{"docno": "S57cce9d6-Ab5c6fa50", "score": 15.470760262183418}
{"docno": "S66ebcd55-A98324f05", "score": 15.470760262183418}
{"docno": "S7cb4f197-Aafbefe70", "score": 15.470760262183418}
{"docno": "S5fe1936c-A9cab1405", "score": 15.470760262183418}
{"docno": "S19e92b30-Aafbefe70", "score": 15.470760262183418}
{"docno": "S32f9177d-A8f1d0bd2", "score": 15.470760262183418}
{"docno": "S19e92b11-Aafbefe70", "score": 15.470760262183418}
{"docno": "Sc7ed8a93-A395ae123", "score": 15.445005756876387}
{"docno": "S6b7ea9e3-A877a21a", "score": 15.364833119980545}
{"docno": "S666ec31c-A94e13177", "score": 15.326371507081426}
{"docno": "Sfc0d5532-A6aa4ec04", "score": 15.227651464669755}
{"docno": "S7cb4f11b-Aa2a1f744", "score": 15.078054024450632}
{"docno": "S71ce2845-Ab428da1c", "score": 14.843236867906342}
{"docno": "S40a0f0f1-Ab4156c7", "score": 14.82681621318102}
{"docno": "S17f474bd-A8becb312", "score": 14.785544868666271}
{"docno": "S12eb3d30-Adfe3c9dd", "score": 14.707432754618898}
{"docno": "S1aea1b0-A5e81e30a", "score": 14.67193929235226}
{"docno": "S6b7ea9e3-A8fbd160c", "score": 14.636677623233052}
{"docno": "S2f1615d9-Abefbaf38", "score": 14.552494591736485}
{"docno": "S1fe78336-A94ee8ad9", "score": 14.407971557701671}
{"docno": "Sf882a5d0-A48cab8e6", "score": 14.345259583841948}
{"docno": "Se31bfa66-A8ddc89e3", "score": 14.331672819182812}
{"docno": "S5ff7c6c8-A22216181", "score": 14.107152628095626}
{"docno": "S83bd7b76-Aaa4f51f5", "score": 14.069196953381251}
{"docno": "Saaef51b4-Affb5523e", "score": 13.914683620572893}
{"docno": "S87b8c230-A6a2e950b", "score": 13.881219468708522}
{"docno": "Sa56dda91-A82f34b24", "score": 13.851793125061882}
{"docno": "Sd70c9a6b-A64325e74", "score": 13.794505498908677}
{"docno": "S3064bbce-A1511606f", "score": 13.741646581684279}
{"docno": "S2ed17cc9-Ad14f31c3", "score": 13.540744287115885}
{"docno": "S794e7833-A44a74bb1", "score": 13.510605089999084}
{"docno": "Sfcff2e33-Aea4ee4cd", "score": 13.510144180064994}
{"docno": "Sd15f126a-Adf47499a", "score": 13.49935479342562}
{"docno": "Sd1feb92f-A725273e0", "score": 13.45629988655044}
{"docno": "S3064bbce-Aada6a3c6", "score": 13.416510459145979}
{"docno": "S18e673da-Affd8ef8d", "score": 13.412971549293502}
{"docno": "Se62ef331-Ad6337cb", "score": 13.379513343168673}
{"docno": "Sfea6e8c3-A4246dec0", "score": 13.321034893600249}
{"docno": "S21f210fe-A6c72c1b", "score": 13.262018423150765}
{"docno": "S76a85d0c-A1dc0d11f", "score": 13.25043217074719}
{"docno": "Sefbcc2b-A8922be26", "score": 13.242238612171345}
{"docno": "S7a01164-A91115b72", "score": 13.162695756478366}
{"docno": "S85d51dce-A3f0c823c", "score": 13.137939061868373}
{"docno": "S653d8069-A32cc01f5", "score": 13.137939061868373}
{"docno": "S59d1fc3b-A4b0be909", "score": 13.101668316705592}
{"docno": "Sabec10c3-A906e3e8f", "score": 13.074940868822228}
{"docno": "S2ad5f003-Adcb235f2", "score": 13.06705829473378}
{"docno": "S1a4e7156-A6e33e5d3", "score": 13.05666550233271}
{"docno": "S61faf587-A406aa97b", "score": 13.05235435406726}
{"docno": "S3176b3b0-A5b8292f", "score": 13.039016504918514}
{"docno": "Sd1a8761c-Aa14a29f8", "score": 13.033102831244952}
{"docno": "S7cb4f197-A327fa24a", "score": 13.023836291959444}
{"docno": "S558c50ce-A6f196b00", "score": 13.018568725056708}
{"docno": "S1fdda57c-A6170581a", "score": 12.956661308401406}
{"docno": "Sa124a1c7-A99039d63", "score": 12.907557416851827}
{"docno": "Sfee51fc6-A66bb5137", "score": 12.886666437310796}
{"docno": "S56e8aedd-A9d2d5052", "score": 12.880947421160823}
{"docno": "Sb8254595-A185f2e70", "score": 12.880812345629339}
{"docno": "Sbf3b2c12-A2d30373c", "score": 12.859818307898232}
{"docno": "Sba768d85-Aa9438981", "score": 12.854162034679552}
{"type": "queryBoxFocused", "timestamp": "2025-06-26T11:38:07.483Z", "sessionID": "0bfff001-d093-4a07-8988-c6ec9374903e"}
{"type": "querySubmitted", "timestamp": "2025-06-26T11:38:11.746Z", "sessionID": "0bfff001-d093-4a07-8988-c6ec9374903e", "query": "radiation"}
{"docno": "Sa56ddab0-A4dc3fac4", "score": 16.171122485089725}
{"docno": "Sb2b3385f-A822a0aa7", "score": 15.991147426242643}
{"docno": "S691fdd5d-A97180196", "score": 15.815741407393778}
{"docno": "Sa56dda72-A62edb096", "score": 15.799595244147048}
{"docno": "S1cf220fb-A333e4a1a", "score": 15.699929167843758}
{"docno": "S8df146e9-A8106ab80", "score": 15.305910936034516}
{"docno": "S1a94f253-Ace6f4c21", "score": 15.27772432822589}
{"docno": "S30ea3b12-A22d64218", "score": 15.14819502935463}
{"docno": "Se07687cb-Af93f364e", "score": 15.081541951589651}
{"docno": "Sa56ddab0-A2fcfaea8", "score": 15.035985346633817}
{"docno": "S1dbbe3ed-A74bd4385", "score": 14.943550142542573}
{"docno": "Sb0dc1038-Ac01707c4", "score": 14.943550142542573}
{"docno": "S8df146e9-A9922fb86", "score": 14.900952048030081}
{"docno": "S6b39278a-A2bbaee0a", "score": 14.765461620891022}
{"docno": "Sa56ddab0-Aff7ba1", "score": 14.735018709270287}
{"docno": "Sb61f3301-A3215c02d", "score": 14.681206801740382}
{"docno": "S58b78f40-Aca1427e6", "score": 14.649832217093985}
{"docno": "S4e73d83-Abfbd9af9", "score": 14.61756639755356}
{"docno": "Sb2b3385f-Abca9ed6a", "score": 14.568067928456335}
{"docno": "Sa56dda72-A672bac2d", "score": 14.38423160780515}
{"docno": "Sa56dda91-A5cea45d", "score": 14.36446789269608}
{"docno": "S74be2e10-A38b82e49", "score": 14.361499140360113}
{"docno": "Sd5824862-A92723005", "score": 14.263204725609755}
{"docno": "S5bf1ee98-Aa5c6da7b", "score": 14.262554166806428}
{"docno": "S1a94f253-Ae467a168", "score": 14.139081090512153}
{"docno": "Sa56ddab0-A45d66079", "score": 13.980237593394566}
{"docno": "Sa56dda15-A7da93df3", "score": 13.88091137003957}
{"docno": "Se96e0da1-Ac733993e", "score": 13.826390539416323}
{"docno": "S90118de4-A1990e4c0", "score": 13.807580316331235}
{"docno": "S91a1b22c-A77ad52ac", "score": 13.765748421588514}
{"docno": "Sf2f807ce-Aedcb6e79", "score": 13.710683817922959}
{"docno": "Sb2b3385f-Aca0e4897", "score": 13.70347368672479}
{"docno": "Sc25c7b05-A37ac2912", "score": 13.67302234073896}
{"docno": "S6c36767f-A84281c9", "score": 13.652480648083538}
{"docno": "Sf932d81d-Af56945c", "score": 13.598316702271251}
{"docno": "S92418529-Af56981d", "score": 13.598316702271251}
{"docno": "Sa56ddab0-Afb56f43a", "score": 13.59654289251679}
{"docno": "S4681bb43-A33143bc5", "score": 13.480798790635241}
{"docno": "S1d46dcc9-Af09b0bb0", "score": 13.43144652823597}
{"docno": "S30ea3b12-A976a6470", "score": 13.379018849827203}
{"docno": "S458aa2e-A15bcc21a", "score": 13.37730178702286}
{"docno": "S92418529-Ad91aba86", "score": 13.323591828822591}
{"docno": "S3b9e766e-A57b2ffe5", "score": 13.294623911098055}
{"docno": "S1a94f253-A5d4b2c6b", "score": 13.272001142711098}
{"docno": "Sb09e52c4-A146174e", "score": 13.165018905882338}
{"docno": "Sc4c16da0-Aec545424", "score": 13.165018905882338}
{"docno": "Sa406b769-A2f667079", "score": 13.105606997431552}
{"docno": "Sa6bcbd59-A90bc6c9b", "score": 13.0564758107939}
{"docno": "S4681bb43-A8342f184", "score": 13.0564758107939}
{"docno": "S19b45e30-Aa64fd576", "score": 13.0564758107939}
{"docno": "S82f74dcf-Abee55689", "score": 13.028829151673225}
{"docno": "S99ea8c11-Aa3be6750", "score": 13.010176151257456}
{"docno": "S4d805b9f-A2a5f492f", "score": 12.95453623909629}
{"docno": "S3b9e766e-A8184c1fb", "score": 12.936520598365133}
{"docno": "S1dbbe3ed-A93f5d79d", "score": 12.908955472478413}
{"docno": "Sb4dd79ec-Ae5dbb839", "score": 12.782520663735006}
{"docno": "S1d308fcd-A52273f7e", "score": 12.746826464844593}
{"docno": "Sa51c880-A19ed44fb", "score": 12.658049762197523}
{"docno": "Sfa5da6ff-A35883742", "score": 12.600087178306143}
{"docno": "S4a8e83a1-Af352c8d5", "score": 12.562213923193733}
{"docno": "Sc30d4dcc-Ad1879695", "score": 12.562213923193733}
{"docno": "Se874bf71-A3aae68c6", "score": 12.53661875993693}
{"docno": "Sa3f57279-A32374d63", "score": 12.519347570413077}
{"docno": "S8b68ae4-A3986e3a6", "score": 12.467818352406978}
{"docno": "Se4f285c5-Aec02c727", "score": 12.425592713189634}
{"docno": "S37b55961-A739a5bcb", "score": 12.379239903541858}
{"docno": "S4a8e83a1-Aac5da3dc", "score": 12.374830824396357}
{"docno": "S913cf17d-A1e532ca1", "score": 12.374830824396357}
{"docno": "S76af77fa-A7cb3b482", "score": 12.319427327201174}
{"docno": "Sd14731f-A2a5aceef", "score": 12.289012788963198}
{"docno": "Se71b590f-A1ee65d25", "score": 12.283220067979505}
{"docno": "Sfa5da6ff-A60bc6918", "score": 12.283220067979505}
{"docno": "Se16d400c-A8f2c3a5b", "score": 12.217772591593581}
{"docno": "S8e728e0f-Aa7447cf0", "score": 12.217772591593581}
{"docno": "Sbc230252-Aa1774064", "score": 12.192955731170345}
{"docno": "S57f55ae0-A970fa0de", "score": 12.15256834736766}
{"docno": "Sae458399-A94306bc1", "score": 12.109633231847921}
{"docno": "S28de3fb9-A8ecb4f41", "score": 12.10822652073935}
{"docno": "Sd9969f42-A20195ae5", "score": 12.022586313434372}
{"docno": "S1a94f253-Acdd10265", "score": 12.020506591253122}
{"docno": "S1d46dcc9-A50b72a5e", "score": 12.016349304703434}
{"docno": "S800e330a-Ae43b54ce", "score": 11.964102461283348}
{"docno": "S4799ae53-Ab7f9099e", "score": 11.891284205519481}
{"docno": "Scbb13139-A1b4d12ee", "score": 11.85017235744068}
{"docno": "S6b39278a-A3c1c75ea", "score": 11.808674857815847}
{"docno": "S6d60f5be-Af683da8b", "score": 11.760828260763923}
{"docno": "Sbf307e9c-A63205665", "score": 11.678052477962144}
{"docno": "Sa56dda72-A45c1a612", "score": 11.640998970391134}
{"docno": "S6da5df9-Ad0e817cf", "score": 11.596433746712115}
{"docno": "S6c3925f3-A420e11f4", "score": 11.596433746712115}
{"docno": "S17370979-Aa3269f11", "score": 11.561818936421549}
{"docno": "Sa51c880-A6d581d70", "score": 11.479914429667932}
{"docno": "S203d015c-A6ecf4bbe", "score": 11.467953306447852}
{"docno": "S37d29e3d-A48681105", "score": 11.467953306447852}
{"docno": "Sfbb28bff-A4444850c", "score": 11.44033746742984}
{"docno": "S91a1b22c-Acc53e232", "score": 11.436571736037502}
{"docno": "Se13ebcf4-Aae29330f", "score": 11.422528458945193}
{"docno": "S8d5f34b3-A75c34bda", "score": 11.358282243041556}
{"docno": "S8b68ae4-A8c0775", "score": 11.358282243041556}
{"docno": "S4fcd2484-A1313e692", "score": 11.284721328435397}
{"type": "toggleArgument", "timestamp": "2025-06-26T11:38:27.840Z", "sessionID": "0bfff001-d093-4a07-8988-c6ec9374903e", "rank": "3", "doc": "S691fdd5d-A97180196", "action": "expand", "doclen": 2072, "score": 26.30288787987825}
{"type": "toggleArgument", "timestamp": "2025-06-26T11:38:52.936Z", "sessionID": "0bfff001-d093-4a07-8988-c6ec9374903e", "rank": "7", "doc": "S1a94f253-Ace6f4c21", "action": "expand", "doclen": 956, "score": 33.935898261225006}
{"type": "queryBoxFocused", "timestamp": "2025-06-26T11:39:46.526Z", "sessionID": "0bfff001-d093-4a07-8988-c6ec9374903e"}
{"type": "querySubmitted", "timestamp": "2025-06-26T11:39:56.921Z", "sessionID": "0bfff001-d093-4a07-8988-c6ec9374903e", "query": "cell phone save"}
{"docno": "Se598cf79-A9f81ba6e", "score": 29.72328283788405}
{"docno": "Sd7105dc-A3bf5898f", "score": 27.60981846938973}
{"docno": "S71ce2845-A4786690b", "score": 27.115470792512628}
{"docno": "S71ce2845-A2b5a64ea", "score": 26.57025154170565}
{"docno": "S71ce2845-A4aa2631d", "score": 26.17487468506055}
{"docno": "S8b81b0bd-A80cd4a90", "score": 26.039238759320757}
{"docno": "S7cb4f1d5-Aafbefe70", "score": 26.039238759320757}
{"docno": "S7cb4f159-Aafbefe70", "score": 26.039238759320757}
{"docno": "S8b81b11a-A80cd4a90", "score": 26.039238759320757}
{"docno": "S7cb4f0fc-Aafbefe70", "score": 26.039238759320757}
{"docno": "S57cce9d6-Ab5c6fa50", "score": 26.039238759320757}
{"docno": "S66ebcd55-A98324f05", "score": 26.039238759320757}
{"docno": "S7cb4f197-Aafbefe70", "score": 26.039238759320757}
{"docno": "S5fe1936c-A9cab1405", "score": 26.039238759320757}
{"docno": "S19e92b30-Aafbefe70", "score": 26.039238759320757}
{"docno": "S32f9177d-A8f1d0bd2", "score": 26.039238759320757}
{"docno": "S19e92b11-Aafbefe70", "score": 26.039238759320757}
{"docno": "S71ce2845-Ab428da1c", "score": 26.036896173307333}
{"docno": "S7cb4f11b-Aa2a1f744", "score": 25.40286966692861}
{"docno": "Sb8254595-A185f2e70", "score": 25.06632716844588}
{"docno": "Sfc0d5532-A6aa4ec04", "score": 24.910215001505044}
{"docno": "S7cb4f197-A327fa24a", "score": 24.9017147580957}
{"docno": "Sabec10c3-A906e3e8f", "score": 24.860545841641766}
{"docno": "S40a0f0f1-Acaadd6de", "score": 24.699634757533968}
{"docno": "S3904e0eb-Ab9a162af", "score": 24.56435082102716}
{"docno": "Sabec10c3-Ab9c0d9c6", "score": 24.53666539979834}
{"docno": "S57e140e8-A37defee6", "score": 24.501801354767494}
{"docno": "Sfc0d5532-A6ac682f2", "score": 24.473189646608567}
{"docno": "Sabec10c3-Aa43ad241", "score": 24.459729555623802}
{"docno": "Scba64daf-A96e03af7", "score": 24.43903585591901}
{"docno": "S7cb4f178-Afd62e6dd", "score": 24.417723082874918}
{"docno": "Scba64daf-A2fd97c85", "score": 24.398466703777956}
{"docno": "Sb8254595-Aeebdbae7", "score": 24.39392165117362}
{"docno": "Sb8254595-A5c3dc9ef", "score": 24.380215080198134}
{"docno": "S240561fd-Ae87ac816", "score": 24.349485345920833}
{"docno": "S7cb4f0fc-A11a4648c", "score": 24.319873337273542}
{"docno": "Sf66b190-Afda53712", "score": 24.3157349017058}
{"docno": "S9efcef79-A9fc8ca91", "score": 24.287983405443903}
{"docno": "S1ecb131d-A494eed6c", "score": 24.26003164929631}
{"docno": "S1ecb133c-Ab151e87c", "score": 24.25372628222793}
{"docno": "Scba64d71-A30105e5f", "score": 24.220481416861688}
{"docno": "Sf7b7b428-A2872ee38", "score": 24.15852160211182}
{"docno": "S6b3c3162-A1925ca69", "score": 24.107896152679054}
{"docno": "S3e6f0260-A19d62c63", "score": 24.04909123586026}
{"docno": "S3e6f0260-A8a0d4a2b", "score": 24.02480191672852}
{"docno": "Sf7b7b428-Aa33c9baa", "score": 24.022590281650373}
{"docno": "Sf66b190-Abaa08c2f", "score": 24.019938056336237}
{"docno": "S6c1e3b91-Ab161efab", "score": 23.96586449252767}
{"docno": "S6c53d3c6-A338532ca", "score": 23.94970629698844}
{"docno": "S5c015b19-A927be0d0", "score": 23.93050673227009}
{"docno": "S71ce2845-A85d09368", "score": 23.8951858301537}
{"docno": "Sca117743-Ae220d4d0", "score": 23.878823574571854}
{"docno": "S2296aa5c-A647b9a7b", "score": 23.872557077961574}
{"docno": "Sb2e78cd1-Acb3da7a6", "score": 23.865569946873666}
{"docno": "Se836048-A67d71450", "score": 23.812543804566474}
{"docno": "S240561fd-A4da9b554", "score": 23.810997653937868}
{"docno": "S35c427c4-Abcf18474", "score": 23.799767331906242}
{"docno": "Sf882a5d0-Ae509da02", "score": 23.725551442036306}
{"docno": "Scba64daf-Ab5066604", "score": 23.64438853338005}
{"docno": "S839921bc-Aefab072c", "score": 23.603099926133464}
{"docno": "S160682d8-A894d63b1", "score": 23.596200641799875}
{"docno": "Scf666047-Aad1c6777", "score": 23.59208254559347}
{"docno": "S292dc31f-Adaf97dc5", "score": 23.56779620693987}
{"docno": "S3a2444f6-Afedf6f3d", "score": 23.515066413774584}
{"docno": "S3a2444f6-A3573f3a0", "score": 23.506742694785117}
{"docno": "Sb8254595-Af389bdec", "score": 23.50540158104496}
{"docno": "Sca117743-Acb4a4af0", "score": 23.393480596205848}
{"docno": "S8b81b11a-A90d26629", "score": 23.37662541171887}
{"docno": "Sbb6232d4-Abf727aa4", "score": 23.371703176089408}
{"docno": "Sfcff2e33-Ae1282627", "score": 23.276183936787355}
{"docno": "S6bd346c-A94e5327a", "score": 23.244149422256363}
{"docno": "S7cb4f197-A5be6a1de", "score": 23.2405121027201}
{"docno": "S6aa3d910-A70b8d56f", "score": 23.237114241051295}
{"docno": "Sf66b190-Ad1f6f27c", "score": 23.212711043842774}
{"docno": "Se147af9f-Abee6292", "score": 23.208571636019315}
{"docno": "Sa6bcbd59-Aeec9bea8", "score": 23.186513679956576}
{"docno": "S6c1e3b91-A3743c3d4", "score": 23.186513679956576}
{"docno": "S77e5d95f-A79d19253", "score": 23.173849875183436}
{"docno": "Sb986bc28-Ae4a7ba9", "score": 23.167587646348565}
{"docno": "S27d99f1c-A4efc1002", "score": 23.10919717899602}
{"docno": "S8f540882-A42b31187", "score": 23.09738228209335}
{"docno": "S5cd4f357-Ae44525d5", "score": 23.070999118139582}
{"docno": "S71ce2845-A39e25775", "score": 23.04506580280954}
{"docno": "S240561fd-A3489ffcc", "score": 22.98795091152109}
{"docno": "S626e3202-Afb6fc3de", "score": 22.954879612309387}
{"docno": "S240561fd-A2e2326b4", "score": 22.90053906945455}
{"docno": "S4063284d-A594055d7", "score": 22.885090500946486}
{"docno": "S292dc31f-Ac006fc70", "score": 22.87934370261062}
{"docno": "Sd1a8761c-Aa14a29f8", "score": 22.859192288009744}
{"docno": "Sdf3d78f-Aee4f9ce6", "score": 22.83896220585206}
{"docno": "S141ee85f-A725e2e30", "score": 22.83416195873004}
{"docno": "S6b3c3162-A65f089e4", "score": 22.748270946502927}
{"docno": "S8f405a57-A5c0dad4d", "score": 22.74622956146132}
{"docno": "Sa2dd679-A1ba86a76", "score": 22.706345756262223}
{"docno": "Sae6800c0-Afaf4042", "score": 22.69369638434076}
{"docno": "S7cb4f11b-A3e50a8f9", "score": 22.685854126372803}
{"docno": "S7fa4a031-Af4d38fea", "score": 22.674331721704913}
{"docno": "S8032a0c5-A338a9274", "score": 22.66184012510311}
{"docno": "Sfc0d5532-A76d01d24", "score": 22.63891416507513}
{"docno": "S240561fd-A8214bec8", "score": 22.633933534701264}
{"type": "ClickedEndTask", "timestamp": "2025-06-26T11:40:16.713Z", "sessionID": "0bfff001-d093-4a07-8988-c6ec9374903e"}
{"type": "TaskEndConfirmed", "timestamp": "2025-06-26T11:40:22.320Z", "sessionID": "0bfff001-d093-4a07-8988-c6ec9374903e"}
{"type": "TaskEnded", "timestamp": "2025-06-26T11:40:30.825Z", "sessionID": "0bfff001-d093-4a07-8988-c6ec9374903e", "reason": "Time is up", "translated_reason": "Time is up"}
