{"type": "idSubmitted", "timestamp": "2025-06-26T10:20:30.786Z", "sessionID": "1227011e-7be5-49f0-9578-12999f23bee4", "uid": "Participant35"}
{"type": "TaskStarted", "timestamp": "2025-06-26T10:24:17.229Z", "sessionID": "1227011e-7be5-49f0-9578-12999f23bee4", "task": "1", "uid": "Participant35", "topic": "Is homework beneficial?"}
{"type": "queryBoxFocused", "timestamp": "2025-06-26T10:24:20.822Z", "sessionID": "1227011e-7be5-49f0-9578-12999f23bee4"}
{"type": "querySubmitted", "timestamp": "2025-06-26T10:24:28.902Z", "sessionID": "1227011e-7be5-49f0-9578-12999f23bee4", "query": "is homework beneficial"}
{"docno": "S7de56526-Aef9d637", "score": 25.11252734430891}
{"docno": "S68a4d00a-A16f7fd7a", "score": 24.319293778121576}
{"docno": "Sd81957dd-Ac0299b46", "score": 23.840256882106175}
{"docno": "Sc6512081-Aa0191a88", "score": 22.734349497287663}
{"docno": "Sa5d6b89f-A3bbb863a", "score": 22.41390753965686}
{"docno": "Sf6e16c0b-Af292f815", "score": 21.76512168863387}
{"docno": "Sd4ad3156-A6fb34c0c", "score": 21.401281532573325}
{"docno": "S68a4cf31-A5b6e9aec", "score": 21.021224944483713}
{"docno": "Sd4ad3156-A8d6ff956", "score": 20.9405870255727}
{"docno": "S45419141-Afc6c5808", "score": 20.708539268230346}
{"docno": "S68a4d00a-A83bdb943", "score": 20.465392866917988}
{"docno": "Sbfd69562-A2a062277", "score": 20.422381450492367}
{"docno": "Sc6512081-A939c0fef", "score": 20.3325605843181}
{"docno": "Sc6512081-Ad080a785", "score": 20.13184986639775}
{"docno": "S59460e7f-Afdb800a7", "score": 20.103449659258185}
{"docno": "S76fe7ef5-Adfc8ce34", "score": 20.10243063030799}
{"docno": "Sbd7013ea-Ad3143d1d", "score": 20.01565546200205}
{"docno": "S1733bf1a-A40c79249", "score": 19.79471879249941}
{"docno": "S6c734766-A2fadcf80", "score": 19.68309226617424}
{"docno": "Sd686e01-A2fa746aa", "score": 19.580935988033698}
{"docno": "S7d1fa14a-Ac311a7e8", "score": 19.330206145432452}
{"docno": "Sba50642-A14ab80bc", "score": 19.05058783917304}
{"docno": "S1733c338-Afe940d36", "score": 18.90345078474858}
{"docno": "Sbd7013ea-Ac1600ac4", "score": 18.783424987235236}
{"docno": "S1733c6bb-Ad310080b", "score": 18.70647248066874}
{"docno": "Sd686e01-A1aa3dba3", "score": 18.67872681046893}
{"docno": "S68a4d029-A11675404", "score": 18.664795386075145}
{"docno": "S1733c240-A4068d188", "score": 18.647539134863187}
{"docno": "S4159ba7a-A7e927e68", "score": 18.63104838360027}
{"docno": "S269c4789-Afe7e00d1", "score": 18.6174700457546}
{"docno": "S3ec31e7c-Aca8595a4", "score": 18.480313875610353}
{"docno": "S503cf2fa-Aa3fb129c", "score": 18.39796959762793}
{"docno": "Sbfd69562-A111248f9", "score": 18.379299257150116}
{"docno": "Sb0b290ba-Ae2848b10", "score": 17.985654521790387}
{"docno": "Sf6e16c0b-Acbae0eaa", "score": 17.801249263657645}
{"docno": "Sb7e16db9-Aa647b03", "score": 17.52783375224178}
{"docno": "Se5aef097-Afe0a0dd1", "score": 17.47131986853868}
{"docno": "Sed89f195-A4742c593", "score": 17.468155609002352}
{"docno": "Se5aef097-A83562317", "score": 17.427703018003402}
{"docno": "S2cd6df55-A76b4e2b1", "score": 17.404685908254827}
{"docno": "Sba89de7c-Ae6d89fab", "score": 17.273290119285928}
{"docno": "S1733c2bc-Aeaaf4c73", "score": 17.11772172056491}
{"docno": "Se9ec6eab-Aca907e5e", "score": 17.074630963297388}
{"docno": "S4fbaefc8-Af47fc736", "score": 16.582226381852518}
{"docno": "S7c899e50-Ac464a1ce", "score": 16.36913915901586}
{"docno": "Sa61ca9af-A2d075263", "score": 16.031555653025293}
{"docno": "Se91853bc-A9fa7a7db", "score": 15.53438816911404}
{"docno": "S50d37a4c-A43fd6eaf", "score": 15.283048792532298}
{"docno": "S6851beca-A3c52e801", "score": 14.917520742913355}
{"docno": "Sd77793f3-A5a858822", "score": 14.87861160897193}
{"docno": "S6013441c-Aa76e1185", "score": 14.823398533435967}
{"docno": "Sa0bb02ec-Ac725e574", "score": 14.722396868213085}
{"docno": "S415638af-A6003d148", "score": 14.65799971237462}
{"docno": "S41374fcc-A9e04f247", "score": 14.618532996439003}
{"docno": "S698c3c78-A7d5a703b", "score": 14.618532996439003}
{"docno": "S6600bad8-A7aa87a79", "score": 14.61338175884068}
{"docno": "Sabf49bd8-A5d57d7de", "score": 14.591765838588401}
{"docno": "See865dc8-A9976fb13", "score": 14.58218321938418}
{"docno": "S546112c3-Ac69cf5d9", "score": 14.566485281515178}
{"docno": "S1b0e2739-A85da2e2a", "score": 14.566240125871996}
{"docno": "S698c3c78-Aa1638e4e", "score": 14.521907574645741}
{"docno": "Sbf742ff2-Ad70a4a2", "score": 14.514857314201095}
{"docno": "S41374fcc-A8f163f35", "score": 14.513965190725049}
{"docno": "Sae1cc7dc-Aba732ada", "score": 14.501697042491761}
{"docno": "S75ab0f2c-Adecf1759", "score": 14.499648617474218}
{"docno": "S479318c7-A1e94be21", "score": 14.492407390131595}
{"docno": "Sb3cad6c7-A976d6c00", "score": 14.483095766754959}
{"docno": "Sabf49bf7-Ae734776a", "score": 14.459320903488273}
{"docno": "Seb25c6a2-Afdb423b8", "score": 14.432879044951749}
{"docno": "S82c5bb4f-Ad0a163fd", "score": 14.431896058058747}
{"docno": "S6cbdf87a-Abb90ee99", "score": 14.421162027698045}
{"docno": "S7f0608-Ae5ab2b8c", "score": 14.409464019420811}
{"docno": "Sd5f1a817-A592f76b1", "score": 14.359367640702047}
{"docno": "S7f0608-Aab71d799", "score": 14.35367122968045}
{"docno": "Scf3337ae-Af4bf99c6", "score": 14.35202121675011}
{"docno": "Sd72aaf0a-A6e32f32e", "score": 14.347769628780922}
{"docno": "Sbf742ff2-Aded16519", "score": 14.347769628780922}
{"docno": "S1733c2bc-A1b0eadab", "score": 14.321490601295608}
{"docno": "S1733c2bc-A2acc1194", "score": 14.317611128916656}
{"docno": "S3ec31e7c-A67423fbd", "score": 14.300734539496926}
{"docno": "S506b6158-A6df65187", "score": 14.29266788001037}
{"docno": "S6013441c-Ad60ac2db", "score": 14.286601277277443}
{"docno": "Sd23d9ea5-A84b095fb", "score": 14.286601277277443}
{"docno": "Sabf51f3b-A4a7a9261", "score": 14.281025530503154}
{"docno": "S9b9a5991-Aad69e7d6", "score": 14.278335987947209}
{"docno": "Scf3337cd-Af22c4d7c", "score": 14.278335987947209}
{"docno": "Sa8e2a55d-A185082d5", "score": 14.273394775254621}
{"docno": "Sf54bb389-A41774542", "score": 14.239539421581032}
{"docno": "S415637f5-Afb5d4a96", "score": 14.236209665142857}
{"docno": "S2705e985-Af78a04dc", "score": 14.221114578630074}
{"docno": "Sb3cad6c7-A7b37545d", "score": 14.215709636507038}
{"docno": "S6013441c-A9adcf5fb", "score": 14.203203308656676}
{"docno": "Sf514b262-A55525f71", "score": 14.201494960107516}
{"docno": "S1733c6bb-A32e6e8d", "score": 14.201494960107516}
{"docno": "Sd4ad3156-Acd416bd7", "score": 14.180747283413915}
{"docno": "Sbf742ff2-Af9886bff", "score": 14.180747283413915}
{"docno": "S95fdfdf8-Aa2646741", "score": 14.179959313886153}
{"docno": "S6013441c-A73b57ed5", "score": 14.16751578239033}
{"docno": "Sbc9ca527-A41447375", "score": 14.16581600746933}
{"docno": "S5e2b5b5c-Aed468f71", "score": 14.164228551004445}
{"type": "toggleArgument", "timestamp": "2025-06-26T10:24:35.127Z", "sessionID": "1227011e-7be5-49f0-9578-12999f23bee4", "rank": "1", "doc": "S7de56526-Aef9d637", "action": "expand", "doclen": 312, "score": 14.201494960107516}
{"type": "StanceClicked", "timestamp": "2025-06-26T10:24:49.136Z", "sessionID": "1227011e-7be5-49f0-9578-12999f23bee4", "rank": "1", "stance": "pro", "action": "chooseStance", "doc": "S7de56526-Aef9d637", "doclen": 312, "score": 14.201494960107516}
{"type": "toggleArgument", "timestamp": "2025-06-26T10:24:57.920Z", "sessionID": "1227011e-7be5-49f0-9578-12999f23bee4", "rank": "2", "doc": "S68a4d00a-A16f7fd7a", "action": "expand", "doclen": 394, "score": 24.319293778121576}
{"type": "toggleArgument", "timestamp": "2025-06-26T10:25:08.543Z", "sessionID": "1227011e-7be5-49f0-9578-12999f23bee4", "rank": "3", "doc": "Sd81957dd-Ac0299b46", "action": "expand", "doclen": 1089, "score": 23.840256882106175}
{"type": "StanceClicked", "timestamp": "2025-06-26T10:25:23.225Z", "sessionID": "1227011e-7be5-49f0-9578-12999f23bee4", "rank": "3", "stance": "pro", "action": "chooseStance", "doc": "Sd81957dd-Ac0299b46", "doclen": 1089, "score": 23.840256882106175}
{"type": "toggleArgument", "timestamp": "2025-06-26T10:25:28.129Z", "sessionID": "1227011e-7be5-49f0-9578-12999f23bee4", "rank": "4", "doc": "Sc6512081-Aa0191a88", "action": "expand", "doclen": 357, "score": 22.734349497287663}
{"type": "toggleArgument", "timestamp": "2025-06-26T10:25:40.810Z", "sessionID": "1227011e-7be5-49f0-9578-12999f23bee4", "rank": "6", "doc": "Sf6e16c0b-Af292f815", "action": "expand", "doclen": 2348, "score": 16.945511191802662}
{"type": "StanceClicked", "timestamp": "2025-06-26T10:26:01.091Z", "sessionID": "1227011e-7be5-49f0-9578-12999f23bee4", "rank": "6", "stance": "pro", "action": "chooseStance", "doc": "Sf6e16c0b-Af292f815", "doclen": 2348, "score": 16.945511191802662}
{"type": "toggleArgument", "timestamp": "2025-06-26T10:26:08.602Z", "sessionID": "1227011e-7be5-49f0-9578-12999f23bee4", "rank": "4", "doc": "Sc6512081-Aa0191a88", "action": "reduce", "doclen": 357, "score": 22.734349497287663}
{"type": "toggleArgument", "timestamp": "2025-06-26T10:26:09.577Z", "sessionID": "1227011e-7be5-49f0-9578-12999f23bee4", "rank": "4", "doc": "Sc6512081-Aa0191a88", "action": "expand", "doclen": 357, "score": 22.734349497287663}
{"type": "StanceClicked", "timestamp": "2025-06-26T10:26:11.585Z", "sessionID": "1227011e-7be5-49f0-9578-12999f23bee4", "rank": "4", "stance": "con", "action": "chooseStance", "doc": "Sc6512081-Aa0191a88", "doclen": 357, "score": 22.734349497287663}
{"type": "pageNavigationClicked", "timestamp": "2025-06-26T10:26:16.634Z", "sessionID": "1227011e-7be5-49f0-9578-12999f23bee4", "clicked": "9", "fromPage": 1, "toPage": 9}
{"type": "toggleArgument", "timestamp": "2025-06-26T10:26:23.970Z", "sessionID": "1227011e-7be5-49f0-9578-12999f23bee4", "rank": "89", "doc": "S415637f5-Afb5d4a96", "action": "expand", "doclen": 195, "score": 14.236209665142857}
{"type": "toggleArgument", "timestamp": "2025-06-26T10:26:31.770Z", "sessionID": "1227011e-7be5-49f0-9578-12999f23bee4", "rank": "86", "doc": "Scf3337cd-Af22c4d7c", "action": "expand", "doclen": 1741, "score": 14.278335987947209}
{"type": "toggleArgument", "timestamp": "2025-06-26T10:26:42.761Z", "sessionID": "1227011e-7be5-49f0-9578-12999f23bee4", "rank": "84", "doc": "Sabf51f3b-A4a7a9261", "action": "expand", "doclen": 1854, "score": 14.281025530503154}
{"type": "StanceClicked", "timestamp": "2025-06-26T10:26:51.202Z", "sessionID": "1227011e-7be5-49f0-9578-12999f23bee4", "rank": "84", "stance": "con", "action": "chooseStance", "doc": "Sabf51f3b-A4a7a9261", "doclen": 1854, "score": 14.281025530503154}
{"type": "StanceClicked", "timestamp": "2025-06-26T10:26:55.978Z", "sessionID": "1227011e-7be5-49f0-9578-12999f23bee4", "rank": "83", "stance": "con", "action": "chooseStance", "doc": "Sd23d9ea5-A84b095fb", "doclen": 602, "score": 14.286601277277443}
{"type": "queryBoxFocused", "timestamp": "2025-06-26T10:26:59.500Z", "sessionID": "1227011e-7be5-49f0-9578-12999f23bee4"}
{"type": "querySubmitted", "timestamp": "2025-06-26T10:27:07.378Z", "sessionID": "1227011e-7be5-49f0-9578-12999f23bee4", "query": "homework negative"}
{"docno": "S1733c67d-Ad88df885", "score": 20.99995217561648}
{"docno": "S1733c240-Ab73245de", "score": 20.592643417355035}
{"docno": "S7f0608-Aacfe867", "score": 20.504386387453575}
{"docno": "Sf8b985ed-A11ca0df2", "score": 19.735689016985624}
{"docno": "Sb9c6a61b-A1a0591c5", "score": 19.71591406793819}
{"docno": "S1733c240-A4068d188", "score": 19.706641297641113}
{"docno": "Sdee3e592-A759bd349", "score": 18.996655226744636}
{"docno": "S1733c67d-Aec5154be", "score": 18.908324120377543}
{"docno": "S77d9ab45-A67444d6c", "score": 18.552229789649935}
{"docno": "Sf0c8d763-A3f20829", "score": 18.423242189616168}
{"docno": "S48d59d0b-Aeb8c35d1", "score": 18.20598067542293}
{"docno": "S4c6f94e5-Af6f13f43", "score": 18.130320594699267}
{"docno": "Sabf49bd8-A736a9669", "score": 17.834207728047836}
{"docno": "Sabf51f98-Ad5e2bcb3", "score": 17.747895148169164}
{"docno": "Se5d1086c-A6357abb8", "score": 17.599654613396545}
{"docno": "Sabf51835-Aa54da1e6", "score": 17.519291129907415}
{"docno": "S6dffb6e0-Ad5f42e39", "score": 17.474075528882864}
{"docno": "S93909ee1-Aefb1284c", "score": 17.312304374261892}
{"docno": "S7f0608-Aab71d799", "score": 17.237145594241113}
{"docno": "Sabf51f98-A6cb6ed13", "score": 17.09243319237775}
{"docno": "Sa61ca9af-Affbdc992", "score": 17.014410311855293}
{"docno": "Sc6512081-Ad080a785", "score": 16.922975553349588}
{"docno": "S546112c3-Aa2979251", "score": 16.87365651185167}
{"docno": "S6c734766-A1393e15", "score": 16.278773630394735}
{"docno": "Sd7fcb5a6-A65967e70", "score": 16.1431523570741}
{"docno": "S104b0c86-A2f5188c1", "score": 15.971417970726192}
{"docno": "S1733c338-A26745882", "score": 15.539824557437772}
{"docno": "S779b11eb-Aa3991daf", "score": 15.47909566583035}
{"docno": "Sa61ca9af-A2d075263", "score": 15.294520415520678}
{"docno": "Sf0c8d782-A3480a86b", "score": 15.11596435102968}
{"docno": "Sf0c8d763-A3480a86b", "score": 15.11596435102968}
{"docno": "S7f0608-Ae81d497c", "score": 14.95793308702046}
{"docno": "S6851beca-A3c52e801", "score": 14.917520742913355}
{"docno": "S6013441c-Aa76e1185", "score": 14.823398533435967}
{"docno": "Sa0bb02ec-Ac725e574", "score": 14.722396868213085}
{"docno": "S415638af-A6003d148", "score": 14.65799971237462}
{"docno": "S41374fcc-A9e04f247", "score": 14.618532996439003}
{"docno": "S698c3c78-A7d5a703b", "score": 14.618532996439003}
{"docno": "S6600bad8-A7aa87a79", "score": 14.61338175884068}
{"docno": "Sabf49bd8-A5d57d7de", "score": 14.591765838588401}
{"docno": "See865dc8-A9976fb13", "score": 14.58218321938418}
{"docno": "S546112c3-Ac69cf5d9", "score": 14.566485281515178}
{"docno": "S1b0e2739-A85da2e2a", "score": 14.566240125871996}
{"docno": "S4b102545-A7ad361f6", "score": 14.561638514497684}
{"docno": "S660f8cd8-Ab5d4f84f", "score": 14.53393179783697}
{"docno": "S698c3c78-Aa1638e4e", "score": 14.521907574645741}
{"docno": "Sbf742ff2-Ad70a4a2", "score": 14.514857314201095}
{"docno": "S41374fcc-A8f163f35", "score": 14.513965190725049}
{"docno": "S1733c6bb-Ad310080b", "score": 14.51130014771673}
{"docno": "Sae1cc7dc-Aba732ada", "score": 14.501697042491761}
{"docno": "S75ab0f2c-Adecf1759", "score": 14.499648617474218}
{"docno": "S479318c7-A1e94be21", "score": 14.492407390131595}
{"docno": "Sb3cad6c7-A976d6c00", "score": 14.483095766754959}
{"docno": "Sabf49bf7-Ae734776a", "score": 14.459320903488273}
{"docno": "Seb25c6a2-Afdb423b8", "score": 14.432879044951749}
{"docno": "S82c5bb4f-Ad0a163fd", "score": 14.431896058058747}
{"docno": "S6cbdf87a-Abb90ee99", "score": 14.421162027698045}
{"docno": "Sa5d6b89f-A3bbb863a", "score": 14.409464019420811}
{"docno": "S7f0608-Ae5ab2b8c", "score": 14.409464019420811}
{"docno": "Sd5f1a817-A592f76b1", "score": 14.359367640702047}
{"docno": "Scf3337ae-Af4bf99c6", "score": 14.35202121675011}
{"docno": "Sd72aaf0a-A6e32f32e", "score": 14.347769628780922}
{"docno": "Sbf742ff2-Aded16519", "score": 14.347769628780922}
{"docno": "S1733c2bc-A1b0eadab", "score": 14.321490601295608}
{"docno": "S1733c2bc-A2acc1194", "score": 14.317611128916656}
{"docno": "S3ec31e7c-A67423fbd", "score": 14.300734539496926}
{"docno": "S506b6158-A6df65187", "score": 14.29266788001037}
{"docno": "S6013441c-Ad60ac2db", "score": 14.286601277277443}
{"docno": "Sd23d9ea5-A84b095fb", "score": 14.286601277277443}
{"docno": "Sabf51f3b-A4a7a9261", "score": 14.281025530503154}
{"docno": "S9b9a5991-Aad69e7d6", "score": 14.278335987947209}
{"docno": "Scf3337cd-Af22c4d7c", "score": 14.278335987947209}
{"docno": "Sa8e2a55d-A185082d5", "score": 14.273394775254621}
{"docno": "Sd4ad3156-A8d6ff956", "score": 14.257072985720121}
{"docno": "Sf54bb389-A41774542", "score": 14.239539421581032}
{"docno": "S415637f5-Afb5d4a96", "score": 14.236209665142857}
{"docno": "S503cf2fa-Aa3fb129c", "score": 14.231523398048031}
{"docno": "S2705e985-Af78a04dc", "score": 14.221114578630074}
{"docno": "Sb3cad6c7-A7b37545d", "score": 14.215709636507038}
{"docno": "S6013441c-A9adcf5fb", "score": 14.203203308656676}
{"docno": "S7de56526-Aef9d637", "score": 14.201494960107516}
{"docno": "Sf514b262-A55525f71", "score": 14.201494960107516}
{"docno": "S1733c6bb-A32e6e8d", "score": 14.201494960107516}
{"docno": "S68a4d029-A11675404", "score": 14.192083539093309}
{"docno": "Sd4ad3156-Acd416bd7", "score": 14.180747283413915}
{"docno": "Sbf742ff2-Af9886bff", "score": 14.180747283413915}
{"docno": "S95fdfdf8-Aa2646741", "score": 14.179959313886153}
{"docno": "S6013441c-A73b57ed5", "score": 14.16751578239033}
{"docno": "Sbc9ca527-A41447375", "score": 14.16581600746933}
{"docno": "S5e2b5b5c-Aed468f71", "score": 14.164228551004445}
{"docno": "Sba89de7c-A68f6042b", "score": 14.130315880723012}
{"docno": "S68a4cf31-A5b6e9aec", "score": 14.127673442213869}
{"docno": "Sabf49bd8-A2f332553", "score": 14.123912976320513}
{"docno": "Sf22bb434-A7162de00", "score": 14.11964759614934}
{"docno": "S68a4d00a-A83bdb943", "score": 14.096676058957573}
{"docno": "S41aaccd5-A9b00cad1", "score": 14.088711382851491}
{"docno": "S1733bf77-A707fce5d", "score": 14.088711382851491}
{"docno": "S41aaccd5-A925b1379", "score": 14.074151946635835}
{"docno": "Se251da52-Aeb1a2edb", "score": 14.040846244797079}
{"docno": "S1733c29d-Adbeb1cda", "score": 14.039510598836296}
{"type": "StanceClicked", "timestamp": "2025-06-26T10:27:23.074Z", "sessionID": "1227011e-7be5-49f0-9578-12999f23bee4", "rank": "4", "stance": "con", "action": "chooseStance", "doc": "Sf8b985ed-A11ca0df2", "doclen": 755, "score": 14.116602472991714}
{"type": "StanceClicked", "timestamp": "2025-06-26T10:27:27.705Z", "sessionID": "1227011e-7be5-49f0-9578-12999f23bee4", "rank": "5", "stance": "con", "action": "chooseStance", "doc": "Sb9c6a61b-A1a0591c5", "doclen": 611, "score": 16.404919156399032}
{"type": "toggleArgument", "timestamp": "2025-06-26T10:27:28.594Z", "sessionID": "1227011e-7be5-49f0-9578-12999f23bee4", "rank": "5", "doc": "Sb9c6a61b-A1a0591c5", "action": "expand", "doclen": 611, "score": 16.404919156399032}
{"type": "StanceClicked", "timestamp": "2025-06-26T10:27:40.609Z", "sessionID": "1227011e-7be5-49f0-9578-12999f23bee4", "rank": "3", "stance": "pro", "action": "chooseStance", "doc": "S7f0608-Aacfe867", "doclen": 423, "score": 20.504386387453575}
{"type": "pageNavigationClicked", "timestamp": "2025-06-26T10:27:44.441Z", "sessionID": "1227011e-7be5-49f0-9578-12999f23bee4", "clicked": "7", "fromPage": 1, "toPage": 7}
{"type": "toggleArgument", "timestamp": "2025-06-26T10:27:52.528Z", "sessionID": "1227011e-7be5-49f0-9578-12999f23bee4", "rank": "63", "doc": "Sbf742ff2-Aded16519", "action": "expand", "doclen": 920, "score": 14.347769628780922}
{"type": "StanceClicked", "timestamp": "2025-06-26T10:28:04.009Z", "sessionID": "1227011e-7be5-49f0-9578-12999f23bee4", "rank": "63", "stance": "pro", "action": "chooseStance", "doc": "Sbf742ff2-Aded16519", "doclen": 920, "score": 14.347769628780922}
{"type": "queryBoxFocused", "timestamp": "2025-06-26T10:28:08.604Z", "sessionID": "1227011e-7be5-49f0-9578-12999f23bee4"}
{"type": "querySubmitted", "timestamp": "2025-06-26T10:28:12.282Z", "sessionID": "1227011e-7be5-49f0-9578-12999f23bee4", "query": "homework"}
{"docno": "S6851beca-A3c52e801", "score": 14.917520742913355}
{"docno": "S6013441c-Aa76e1185", "score": 14.823398533435967}
{"docno": "Sa0bb02ec-Ac725e574", "score": 14.722396868213085}
{"docno": "S415638af-A6003d148", "score": 14.65799971237462}
{"docno": "S41374fcc-A9e04f247", "score": 14.618532996439003}
{"docno": "S698c3c78-A7d5a703b", "score": 14.618532996439003}
{"docno": "S6600bad8-A7aa87a79", "score": 14.61338175884068}
{"docno": "Sabf49bd8-A5d57d7de", "score": 14.591765838588401}
{"docno": "See865dc8-A9976fb13", "score": 14.58218321938418}
{"docno": "S546112c3-Ac69cf5d9", "score": 14.566485281515178}
{"docno": "S1b0e2739-A85da2e2a", "score": 14.566240125871996}
{"docno": "S698c3c78-Aa1638e4e", "score": 14.521907574645741}
{"docno": "Sbf742ff2-Ad70a4a2", "score": 14.514857314201095}
{"docno": "S41374fcc-A8f163f35", "score": 14.513965190725049}
{"docno": "S1733c6bb-Ad310080b", "score": 14.51130014771673}
{"docno": "Sae1cc7dc-Aba732ada", "score": 14.501697042491761}
{"docno": "S75ab0f2c-Adecf1759", "score": 14.499648617474218}
{"docno": "S479318c7-A1e94be21", "score": 14.492407390131595}
{"docno": "Sb3cad6c7-A976d6c00", "score": 14.483095766754959}
{"docno": "Sabf49bf7-Ae734776a", "score": 14.459320903488273}
{"docno": "Seb25c6a2-Afdb423b8", "score": 14.432879044951749}
{"docno": "S82c5bb4f-Ad0a163fd", "score": 14.431896058058747}
{"docno": "S6cbdf87a-Abb90ee99", "score": 14.421162027698045}
{"docno": "Sa5d6b89f-A3bbb863a", "score": 14.409464019420811}
{"docno": "S7f0608-Ae5ab2b8c", "score": 14.409464019420811}
{"docno": "Sd5f1a817-A592f76b1", "score": 14.359367640702047}
{"docno": "S7f0608-Aab71d799", "score": 14.35367122968045}
{"docno": "Scf3337ae-Af4bf99c6", "score": 14.35202121675011}
{"docno": "Sd72aaf0a-A6e32f32e", "score": 14.347769628780922}
{"docno": "Sbf742ff2-Aded16519", "score": 14.347769628780922}
{"docno": "S1733c2bc-A1b0eadab", "score": 14.321490601295608}
{"docno": "S1733c2bc-A2acc1194", "score": 14.317611128916656}
{"docno": "S3ec31e7c-A67423fbd", "score": 14.300734539496926}
{"docno": "S506b6158-A6df65187", "score": 14.29266788001037}
{"docno": "S6013441c-Ad60ac2db", "score": 14.286601277277443}
{"docno": "Sd23d9ea5-A84b095fb", "score": 14.286601277277443}
{"docno": "Sabf51f3b-A4a7a9261", "score": 14.281025530503154}
{"docno": "S9b9a5991-Aad69e7d6", "score": 14.278335987947209}
{"docno": "Scf3337cd-Af22c4d7c", "score": 14.278335987947209}
{"docno": "Sa8e2a55d-A185082d5", "score": 14.273394775254621}
{"docno": "Sd4ad3156-A8d6ff956", "score": 14.257072985720121}
{"docno": "Sf54bb389-A41774542", "score": 14.239539421581032}
{"docno": "S415637f5-Afb5d4a96", "score": 14.236209665142857}
{"docno": "S503cf2fa-Aa3fb129c", "score": 14.231523398048031}
{"docno": "S2705e985-Af78a04dc", "score": 14.221114578630074}
{"docno": "Sb3cad6c7-A7b37545d", "score": 14.215709636507038}
{"docno": "S6013441c-A9adcf5fb", "score": 14.203203308656676}
{"docno": "S7de56526-Aef9d637", "score": 14.201494960107516}
{"docno": "Sf514b262-A55525f71", "score": 14.201494960107516}
{"docno": "S1733c6bb-A32e6e8d", "score": 14.201494960107516}
{"docno": "S68a4d029-A11675404", "score": 14.192083539093309}
{"docno": "Sd4ad3156-Acd416bd7", "score": 14.180747283413915}
{"docno": "Sbf742ff2-Af9886bff", "score": 14.180747283413915}
{"docno": "S95fdfdf8-Aa2646741", "score": 14.179959313886153}
{"docno": "S6013441c-A73b57ed5", "score": 14.16751578239033}
{"docno": "Sbc9ca527-A41447375", "score": 14.16581600746933}
{"docno": "S5e2b5b5c-Aed468f71", "score": 14.164228551004445}
{"docno": "Sba89de7c-A68f6042b", "score": 14.130315880723012}
{"docno": "S68a4cf31-A5b6e9aec", "score": 14.127673442213869}
{"docno": "Sabf49bd8-A2f332553", "score": 14.123912976320513}
{"docno": "Sf22bb434-A7162de00", "score": 14.11964759614934}
{"docno": "Sf8b985ed-A11ca0df2", "score": 14.116602472991714}
{"docno": "Sabf51f98-A6cb6ed13", "score": 14.105074968536941}
{"docno": "S68a4d00a-A83bdb943", "score": 14.096676058957573}
{"docno": "S41aaccd5-A9b00cad1", "score": 14.088711382851491}
{"docno": "S1733bf77-A707fce5d", "score": 14.088711382851491}
{"docno": "Sabf51f98-Ad5e2bcb3", "score": 14.077285345072896}
{"docno": "S41aaccd5-A925b1379", "score": 14.074151946635835}
{"docno": "S546112c3-Aa2979251", "score": 14.055515101203035}
{"docno": "Se251da52-Aeb1a2edb", "score": 14.040846244797079}
{"docno": "S1733c29d-Adbeb1cda", "score": 14.039510598836296}
{"docno": "S2acab7ab-Aad3a208a", "score": 14.026874500697215}
{"docno": "S1733c240-A4068d188", "score": 14.021815567623284}
{"docno": "S1733c240-A5a7eb328", "score": 14.011600194433228}
{"docno": "S8ca47073-A7c109a2c", "score": 14.00911643058632}
{"docno": "S48cd3dfc-Ae5c7ec54", "score": 13.991734870558817}
{"docno": "Sb9c6a61b-Afefe62bf", "score": 13.990077010808978}
{"docno": "S7f0608-A9a1ab732", "score": 13.990077010808978}
{"docno": "S96d5ffe8-A30dfa91f", "score": 13.990077010808978}
{"docno": "Sd23d9ea5-A59872085", "score": 13.990077010808978}
{"docno": "S1a1e5768-A575be008", "score": 13.987486757929796}
{"docno": "Sd686e01-A9d5e47e4", "score": 13.987486757929796}
{"docno": "Sd72aaf0a-Afc7a28ef", "score": 13.976634325218328}
{"docno": "Sf514b262-Aa93a2f6a", "score": 13.974396388800626}
{"docno": "S3ad69ff4-A3f8a7631", "score": 13.974396388800626}
{"docno": "S3ec31e7c-Aca8595a4", "score": 13.957735414954792}
{"docno": "S68a4cf8e-A8070d3a3", "score": 13.957650799675102}
{"docno": "S503cf2fa-A318611d5", "score": 13.956110980813364}
{"docno": "Sf514b262-A460ede8e", "score": 13.954351603794064}
{"docno": "S1a1e5768-A6e93667b", "score": 13.954351603794064}
{"docno": "Sc47ceb6b-A7eae4c1d", "score": 13.954351603794064}
{"docno": "S269c4789-A736d2da4", "score": 13.937151791388104}
{"docno": "S41aaccd5-A521ee9c7", "score": 13.934654724578495}
{"docno": "Sb9c6a61b-A1a0591c5", "score": 13.933558440486888}
{"docno": "Sb0b290ba-Ae2848b10", "score": 13.930283732627196}
{"docno": "S27354bd7-A3999a13c", "score": 13.92984547335951}
{"docno": "S1733bebd-A4860c377", "score": 13.92853086099722}
{"docno": "S77d9ab45-A4f49acf5", "score": 13.920996290873589}
{"docno": "S5e2b5b5c-A4763398b", "score": 13.917494057016865}
{"docno": "Sbfd69562-A2a062277", "score": 13.917494057016865}
{"type": "toggleArgument", "timestamp": "2025-06-26T10:28:40.096Z", "sessionID": "1227011e-7be5-49f0-9578-12999f23bee4", "rank": "2", "doc": "S6013441c-Aa76e1185", "action": "expand", "doclen": 786, "score": 14.823398533435967}
{"type": "StanceClicked", "timestamp": "2025-06-26T10:28:45.137Z", "sessionID": "1227011e-7be5-49f0-9578-12999f23bee4", "rank": "2", "stance": "con", "action": "chooseStance", "doc": "S6013441c-Aa76e1185", "doclen": 786, "score": 14.823398533435967}
{"type": "StanceClicked", "timestamp": "2025-06-26T10:28:48.784Z", "sessionID": "1227011e-7be5-49f0-9578-12999f23bee4", "rank": "6", "stance": "con", "action": "chooseStance", "doc": "S698c3c78-A7d5a703b", "doclen": 512, "score": 14.618532996439003}
{"type": "StanceClicked", "timestamp": "2025-06-26T10:28:53.008Z", "sessionID": "1227011e-7be5-49f0-9578-12999f23bee4", "rank": "8", "stance": "pro", "action": "chooseStance", "doc": "Sabf49bd8-A5d57d7de", "doclen": 312, "score": 14.591765838588401}
{"type": "toggleArgument", "timestamp": "2025-06-26T10:29:05.600Z", "sessionID": "1227011e-7be5-49f0-9578-12999f23bee4", "rank": "9", "doc": "See865dc8-A9976fb13", "action": "expand", "doclen": 391, "score": 14.58218321938418}
{"type": "StanceClicked", "timestamp": "2025-06-26T10:29:08.048Z", "sessionID": "1227011e-7be5-49f0-9578-12999f23bee4", "rank": "9", "stance": "pro", "action": "chooseStance", "doc": "See865dc8-A9976fb13", "doclen": 391, "score": 14.58218321938418}
{"type": "pageNavigationClicked", "timestamp": "2025-06-26T10:29:23.487Z", "sessionID": "1227011e-7be5-49f0-9578-12999f23bee4", "clicked": "6", "fromPage": 1, "toPage": 6}
{"type": "toggleArgument", "timestamp": "2025-06-26T10:29:32.255Z", "sessionID": "1227011e-7be5-49f0-9578-12999f23bee4", "rank": "53", "doc": "Sbf742ff2-Af9886bff", "action": "expand", "doclen": 447, "score": 14.180747283413915}
{"type": "toggleArgument", "timestamp": "2025-06-26T10:29:45.712Z", "sessionID": "1227011e-7be5-49f0-9578-12999f23bee4", "rank": "54", "doc": "S95fdfdf8-Aa2646741", "action": "expand", "doclen": 1480, "score": 14.179959313886153}
{"type": "StanceClicked", "timestamp": "2025-06-26T10:29:58.632Z", "sessionID": "1227011e-7be5-49f0-9578-12999f23bee4", "rank": "54", "stance": "con", "action": "chooseStance", "doc": "S95fdfdf8-Aa2646741", "doclen": 1480, "score": 14.179959313886153}
{"type": "toggleArgument", "timestamp": "2025-06-26T10:30:20.278Z", "sessionID": "1227011e-7be5-49f0-9578-12999f23bee4", "rank": "57", "doc": "S5e2b5b5c-Aed468f71", "action": "expand", "doclen": 2564, "score": 14.164228551004445}
{"type": "StanceClicked", "timestamp": "2025-06-26T10:32:09.630Z", "sessionID": "1227011e-7be5-49f0-9578-12999f23bee4", "rank": "57", "stance": "pro", "action": "chooseStance", "doc": "S5e2b5b5c-Aed468f71", "doclen": 2564, "score": 14.164228551004445}
{"type": "ClickedEndTask", "timestamp": "2025-06-26T10:32:12.030Z", "sessionID": "1227011e-7be5-49f0-9578-12999f23bee4"}
{"type": "toggleSavedDocumentsClicked", "timestamp": "2025-06-26T10:32:15.269Z", "sessionID": "1227011e-7be5-49f0-9578-12999f23bee4", "clicked": "shown"}
{"type": "TaskEndConfirmed", "timestamp": "2025-06-26T10:32:20.901Z", "sessionID": "1227011e-7be5-49f0-9578-12999f23bee4"}
{"type": "TaskEnded", "timestamp": "2025-06-26T10:35:14.235Z", "sessionID": "1227011e-7be5-49f0-9578-12999f23bee4", "reason": "i think there are enough perspectives (especially first hand from students) that allow to form a well rounded opinion on that topic. it is aswell important to note that there are differing opinions even from students which means there is no one \"right\" or \"wrong\" approach and everything of that should be incorporated in the essay!", "translated_reason": "I think there are enough perspective (Especialy first hand from Students) that allow to form a well rounded Opinion on that topic. It is aswell important to note that there are different from Students which means there is no one \"right\" or \"right\" approach and everything of that should be incorporated in the essay!"}
