{"type": "TaskStarted", "timestamp": "2025-06-26T11:40:37.643Z", "sessionID": "9df1f878-627b-473b-8dc6-0ffa84881ef2", "task": "2", "uid": "Participant33", "topic": "Should the federal minimum wage be increased?"}
{"type": "queryBoxFocused", "timestamp": "2025-06-26T11:40:40.139Z", "sessionID": "9df1f878-627b-473b-8dc6-0ffa84881ef2"}
{"type": "querySubmitted", "timestamp": "2025-06-26T11:40:49.628Z", "sessionID": "9df1f878-627b-473b-8dc6-0ffa84881ef2", "query": "minimum wage increase"}
{"docno": "Sbd8467d7-Aa86ebaab", "score": 33.855815155766344}
{"docno": "Sdca59d39-Af1ea663a", "score": 33.10516499566731}
{"docno": "S147e45bd-Abf45fa40", "score": 32.95680042131369}
{"docno": "S88d4f7ff-A74bb5cd9", "score": 32.89465460617018}
{"docno": "Sf077d020-A4e659df7", "score": 32.68600147853723}
{"docno": "S630f7c6f-A578dfae8", "score": 32.64358923464332}
{"docno": "Sa41ee870-Af7b90eb9", "score": 32.633333240215705}
{"docno": "S6ac98ba6-Aecc81e50", "score": 32.339635083540905}
{"docno": "S630f7c6f-A166862a7", "score": 32.024646883227405}
{"docno": "S855ce88e-A277fd07a", "score": 31.91545099397347}
{"docno": "S51c34db5-A7345e66f", "score": 31.865344443616003}
{"docno": "S70ffe88-A3f4890b", "score": 31.851396598023758}
{"docno": "Sb6f6e654-A9919a595", "score": 31.825641416703384}
{"docno": "S5c3ed32-A623a0534", "score": 31.762975945959624}
{"docno": "Sdb76a53d-Af95d8d36", "score": 31.742237001811425}
{"docno": "S5194bbe-Ad4e82f54", "score": 31.702640875518803}
{"docno": "Se4c4f298-A16c61b81", "score": 31.424937194324237}
{"docno": "S630f7c6f-Ad939113f", "score": 31.404474643452133}
{"docno": "Sa233c82f-Afdf6e569", "score": 31.348419403569956}
{"docno": "Sb2b9a697-A4cfa28", "score": 31.264516253031292}
{"docno": "S6ac98ba6-A3ceec157", "score": 31.231781825804905}
{"docno": "S148740e7-Ad729a9aa", "score": 31.211699486864713}
{"docno": "S4505ff06-Accb1f012", "score": 31.153111245370297}
{"docno": "Se72f1d33-A3d58c1d6", "score": 31.133609169306677}
{"docno": "Sb6f6e654-A5aa453ef", "score": 31.118272202540897}
{"docno": "S855ce88e-Ac58442f8", "score": 31.102707110087348}
{"docno": "S6ac98ba6-A3a9e38f7", "score": 31.096160195466222}
{"docno": "S4505ff06-A6d5b9990", "score": 31.058657460077345}
{"docno": "Se3b9f8b-A4d504fd4", "score": 31.022337767623224}
{"docno": "S7245daba-Af2afe0ee", "score": 31.000258672445792}
{"docno": "Saedf4638-A5ce76be1", "score": 30.979688721332366}
{"docno": "S7a5dcb0b-A7b580cfe", "score": 30.877064294297114}
{"docno": "S1cab55-A7065a4e7", "score": 30.864945543827247}
{"docno": "S855ce88e-A885f53d6", "score": 30.842230360228896}
{"docno": "Sb2b9aa96-A343b737b", "score": 30.82941181196241}
{"docno": "Saedf4296-A7621c204", "score": 30.761906099012464}
{"docno": "S2d5cd7d8-Ab66c6d78", "score": 30.761906099012464}
{"docno": "Sce0a06c8-A4ae94bba", "score": 30.75193330280037}
{"docno": "S91b9a76b-Abdbaf5b5", "score": 30.728447649887585}
{"docno": "Sbd8467d7-Ab20dde86", "score": 30.704714036738874}
{"docno": "S6ac98ba6-Ac7fbb75a", "score": 30.54530248769118}
{"docno": "S7a99c7b0-Ae4d8d3fe", "score": 30.4393528984926}
{"docno": "S93fbabb6-A70bbd698", "score": 30.381519446109216}
{"docno": "Sa3568bcf-A768f6120", "score": 30.34038651016835}
{"docno": "Se9139e64-A52978fa1", "score": 30.140409491965457}
{"docno": "Sb6f6e654-A34d89dbf", "score": 30.129509558646877}
{"docno": "Sbe6172ba-A93bb38eb", "score": 30.057695845475457}
{"docno": "S51c34db5-Abc8609ec", "score": 30.029749908492796}
{"docno": "Sd2226ec-Aaed3e80", "score": 29.998238454517008}
{"docno": "S5194bbe-A5e6c2eb8", "score": 29.898483209021247}
{"docno": "Sbdba3f34-A6cf24bb0", "score": 29.897249606091087}
{"docno": "S15101cce-A56da7228", "score": 29.845270369545638}
{"docno": "Se9139e64-A41ee8d3d", "score": 29.82707342190976}
{"docno": "Sce0a06a9-A1cff8a09", "score": 29.791155489224685}
{"docno": "Sc20f09d-Ab9b43c7", "score": 29.607299322313438}
{"docno": "S9d08a3e3-Ab466fd0c", "score": 29.465024712837206}
{"docno": "Sfda29737-A5462fa90", "score": 29.449672602258463}
{"docno": "Sb2b9a6f4-Ac8296956", "score": 29.424714888808925}
{"docno": "S9640cdf-A5d831403", "score": 29.406724026687222}
{"docno": "S6e49786a-A384474ef", "score": 29.259972049911}
{"docno": "Se3b9f8b-A59050136", "score": 29.255171397471763}
{"docno": "S7b8b3bd1-Aa6c23d6c", "score": 29.210575192177533}
{"docno": "Sb2b9ab50-A19fddfa8", "score": 29.20241534755082}
{"docno": "S3774807f-Ae2a814c8", "score": 29.05044141022772}
{"docno": "Sfe453fc6-Af5c255f1", "score": 29.045351361217623}
{"docno": "Se3b9f8b-A335db966", "score": 29.03667280507112}
{"docno": "S93fbabb6-Aa4f322", "score": 29.03013003650169}
{"docno": "Sa3568bee-Ad146cac6", "score": 28.9928666847161}
{"docno": "Sa41ee870-A8797d007", "score": 28.92680839297695}
{"docno": "S9da00243-A3c2d0c35", "score": 28.855448510837814}
{"docno": "Saedf4350-A169036c4", "score": 28.82814800981701}
{"docno": "Se6c8a508-A3b00bf99", "score": 28.805847757942317}
{"docno": "S1831e588-A912fc8b8", "score": 28.772240177613764}
{"docno": "S4505ff06-Ab6b4839b", "score": 28.76753539050414}
{"docno": "S1d5f1558-A5733da2d", "score": 28.74312615259695}
{"docno": "S49479255-A44c02274", "score": 28.74095053976494}
{"docno": "S6ac98ba6-Ae4357426", "score": 28.68162732549657}
{"docno": "Sa3b6a2e9-A6acab471", "score": 28.65322970540003}
{"docno": "S7245daba-A7aebf934", "score": 28.63204217648879}
{"docno": "S7a99c7b0-A3350363a", "score": 28.626709781497244}
{"docno": "Sfdc31592-A501dac4e", "score": 28.626416355423512}
{"docno": "S4505ff06-Ae403f944", "score": 28.613025702137953}
{"docno": "S2d5cd7d8-A4663ff47", "score": 28.610260277070253}
{"docno": "Sbe61729b-A50ee513b", "score": 28.530769108664508}
{"docno": "S40f0bed0-A62b1d4c1", "score": 28.492514487739662}
{"docno": "Sd2226ec-Ae551c903", "score": 28.46153960084917}
{"docno": "S2879f0f7-A9c465a3c", "score": 28.455904673858083}
{"docno": "Sdd3e0a35-A27849150", "score": 28.445913399397824}
{"docno": "S47f3e0a9-Aa7107b67", "score": 28.444705786450022}
{"docno": "S32f15628-Af68b38ad", "score": 28.32502045929652}
{"docno": "S2879f0f7-Acdfa2c59", "score": 28.31044160886894}
{"docno": "Sda39a345-Ab927ab63", "score": 28.305821768217086}
{"docno": "S441845a5-A2ca01622", "score": 28.210040670836698}
{"docno": "S9d08a3e3-A2a036068", "score": 28.198436995211864}
{"docno": "S441845a5-Add9fc5b", "score": 28.183453995465396}
{"docno": "Sb3c6f9b8-A63b80751", "score": 28.12220172709092}
{"docno": "Sa233c82f-A25e5dbb7", "score": 28.04536214120388}
{"docno": "S5c3ed70-A700713e0", "score": 28.03176633110722}
{"docno": "Sbcb6a7c3-A4701cd93", "score": 28.027496269709637}
{"docno": "Sdd3e0a35-Ab0e685f5", "score": 27.982778372605097}
{"type": "toggleArgument", "timestamp": "2025-06-26T11:40:52.843Z", "sessionID": "9df1f878-627b-473b-8dc6-0ffa84881ef2", "rank": "1", "doc": "Sbd8467d7-Aa86ebaab", "action": "expand", "doclen": 1869, "score": 25.679751973853445}
{"type": "StanceClicked", "timestamp": "2025-06-26T11:41:06.283Z", "sessionID": "9df1f878-627b-473b-8dc6-0ffa84881ef2", "rank": "1", "stance": "con", "action": "chooseStance", "doc": "Sbd8467d7-Aa86ebaab", "doclen": 1869, "score": 25.679751973853445}
{"type": "toggleArgument", "timestamp": "2025-06-26T11:41:09.611Z", "sessionID": "9df1f878-627b-473b-8dc6-0ffa84881ef2", "rank": "2", "doc": "Sdca59d39-Af1ea663a", "action": "expand", "doclen": 1541, "score": 20.83366274694903}
{"type": "toggleArgument", "timestamp": "2025-06-26T11:41:17.987Z", "sessionID": "9df1f878-627b-473b-8dc6-0ffa84881ef2", "rank": "3", "doc": "S147e45bd-Abf45fa40", "action": "expand", "doclen": 1708, "score": 26.224389718581143}
{"type": "toggleArgument", "timestamp": "2025-06-26T11:41:30.619Z", "sessionID": "9df1f878-627b-473b-8dc6-0ffa84881ef2", "rank": "4", "doc": "S88d4f7ff-A74bb5cd9", "action": "expand", "doclen": 1728, "score": 26.188540551946396}
{"type": "queryBoxFocused", "timestamp": "2025-06-26T11:42:28.669Z", "sessionID": "9df1f878-627b-473b-8dc6-0ffa84881ef2"}
{"type": "querySubmitted", "timestamp": "2025-06-26T11:42:34.412Z", "sessionID": "9df1f878-627b-473b-8dc6-0ffa84881ef2", "query": "minimum wage"}
{"docno": "S5c3ed32-Ad3a26007", "score": 26.31195697992001}
{"docno": "S147e45bd-Abf45fa40", "score": 26.224389718581143}
{"docno": "S88d4f7ff-A74bb5cd9", "score": 26.188540551946396}
{"docno": "S5c3ed32-Aa2f2be54", "score": 26.073569909139913}
{"docno": "Se3b9f8b-A4d504fd4", "score": 26.061183496294454}
{"docno": "Sbd8467d7-Aa86ebaab", "score": 25.679751973853445}
{"docno": "S5c3ed32-A6642821", "score": 25.65426342155635}
{"docno": "Sce0a06c8-A4ae94bba", "score": 25.597138470048606}
{"docno": "S2d5cd7d8-Ab10a1e01", "score": 25.587112982071645}
{"docno": "S5c3ed32-A623a0534", "score": 25.560543090006984}
{"docno": "Sfda29737-A5462fa90", "score": 25.5490899141942}
{"docno": "S5c3ed32-Aebef0e2f", "score": 25.501047584225297}
{"docno": "Sdca59d96-A9ecaaaa7", "score": 25.49826036863881}
{"docno": "S51c34db5-A1cd13b2b", "score": 25.46240541161351}
{"docno": "Sb6f6e654-A9919a595", "score": 25.419781158132647}
{"docno": "S4505ff06-A6d5b9990", "score": 25.310808864059965}
{"docno": "S3bbb9546-A7cf4fb87", "score": 25.25489297628522}
{"docno": "S148740e7-Ad729a9aa", "score": 25.25046542535948}
{"docno": "Sdca59d77-Ab1197bc8", "score": 25.19358208309969}
{"docno": "S3d4f60b6-A96a2dcdd", "score": 25.18168259842399}
{"docno": "S855ce88e-A277fd07a", "score": 25.15696012682887}
{"docno": "S7b8b3bd1-A909f6ae3", "score": 25.1501379359261}
{"docno": "Sf077d020-A4e659df7", "score": 25.122271801970868}
{"docno": "S49479255-A44c02274", "score": 25.120061429856207}
{"docno": "Sb2b9a732-A21bb158e", "score": 25.099303237508266}
{"docno": "Sd2226ec-Ae551c903", "score": 25.00120230023143}
{"docno": "S6ac98ba6-Aecc81e50", "score": 24.993468223967575}
{"docno": "S7b8b3bd1-A510e30a5", "score": 24.967478787182554}
{"docno": "S7245daba-Af2afe0ee", "score": 24.96589251980311}
{"docno": "S2d5cd7d8-Ace43139d", "score": 24.932390220458473}
{"docno": "Se3b9f8b-A59050136", "score": 24.931238990275574}
{"docno": "S72d1888a-A3b2d68d8", "score": 24.926451736444136}
{"docno": "S5194bbe-Ad4e82f54", "score": 24.9263668746188}
{"docno": "Sbd8467d7-Ab20dde86", "score": 24.89199871398366}
{"docno": "S2879f0f7-Acdfa2c59", "score": 24.850104308251197}
{"docno": "S4c1ced18-A6200abb2", "score": 24.84978671237421}
{"docno": "Sdd3e0a35-A354c5fd5", "score": 24.84947421508724}
{"docno": "Sdb76a53d-Af95d8d36", "score": 24.841804362325146}
{"docno": "Sb2b9b1f9-A4049c9f", "score": 24.833301092013972}
{"docno": "Sa3568b53-Acef1ce62", "score": 24.827563722791698}
{"docno": "S84bee0b1-Ab5080f0f", "score": 24.81384930935905}
{"docno": "S3bbb9546-A9145906f", "score": 24.805215355059325}
{"docno": "Sa41ee870-Af7b90eb9", "score": 24.801125516211698}
{"docno": "S51c34db5-A7345e66f", "score": 24.712189317450285}
{"docno": "Sb2b9a732-A55b9acde", "score": 24.71137072368687}
{"docno": "Sb2b9a732-Ad1ccd1e5", "score": 24.709629971599853}
{"docno": "Sd2226ec-Aaed3e80", "score": 24.701844831028616}
{"docno": "Sb2b9aa96-A343b737b", "score": 24.632739050347624}
{"docno": "Sda0b362d-A211c195", "score": 24.629336279872277}
{"docno": "Saedf4296-A7621c204", "score": 24.589638325710183}
{"docno": "Sd93e6b4a-A1fd63287", "score": 24.589638325710183}
{"docno": "S2d5cd7d8-Ab66c6d78", "score": 24.589638325710183}
{"docno": "S188a011e-Aaca0dc92", "score": 24.53810030735236}
{"docno": "Sfe453fc6-Af5c255f1", "score": 24.52801324941519}
{"docno": "Sfda29737-A54338c2a", "score": 24.49467584609718}
{"docno": "S4505ff06-Accb1f012", "score": 24.491073372405403}
{"docno": "S49479255-A7b10c3b0", "score": 24.476288186448052}
{"docno": "Sdd3e0a35-A27849150", "score": 24.473124623480942}
{"docno": "Sdca59d39-Af1ea663a", "score": 24.449377441415386}
{"docno": "S630f7c6f-Ad939113f", "score": 24.429835666189554}
{"docno": "S4dc41c70-A48a9fec7", "score": 24.411957138144082}
{"docno": "S4c1ced18-Ab5f48661", "score": 24.402193102099996}
{"docno": "Sadd94a29-Adaec28a4", "score": 24.402193102099996}
{"docno": "Sa233c82f-Afdf6e569", "score": 24.397522715195368}
{"docno": "S7b8b3bd1-Aa6c23d6c", "score": 24.390046567825838}
{"docno": "Sb2b9a6f4-Ac8296956", "score": 24.361137717174437}
{"docno": "S70ffe88-A3f4890b", "score": 24.356229776020367}
{"docno": "S2f9bf209-A76ef132", "score": 24.314708780974378}
{"docno": "S15101cce-Ad4c622f6", "score": 24.31409042771864}
{"docno": "Sdd3e0a35-Ab0e685f5", "score": 24.299749556896074}
{"docno": "S15101cce-A56da7228", "score": 24.28932960129272}
{"docno": "S6d69680-A53604b73", "score": 24.288801503113888}
{"docno": "Sc41b0f13-A1c9acd8d", "score": 24.28729109294575}
{"docno": "S5c3ec97-A861ae86c", "score": 24.286483321909454}
{"docno": "Sbaa5c71f-A41a88448", "score": 24.284285535729815}
{"docno": "S5c3ed70-Ab3c45d8a", "score": 24.2794085088358}
{"docno": "Sf3de1edf-Aef0f77d0", "score": 24.264843803740668}
{"docno": "Sdbdd46b7-Abbc3682a", "score": 24.206704938293093}
{"docno": "S630f7c6f-A166862a7", "score": 24.206704938293093}
{"docno": "S9443a255-Aa0880433", "score": 24.20597792678424}
{"docno": "Sb6f6e654-A34d89dbf", "score": 24.18256707718114}
{"docno": "Sa929fd9e-Af0c649f5", "score": 24.147939591327955}
{"docno": "S9225fb53-Ac8fc2c45", "score": 24.092395478026972}
{"docno": "S6d69680-A4ccc3f04", "score": 24.085859376523256}
{"docno": "Sbe6172ba-A93bb38eb", "score": 24.079857153411623}
{"docno": "S630f7c6f-A578dfae8", "score": 24.06571281987526}
{"docno": "Sba6cb247-Aedb0fa53", "score": 24.063690267309696}
{"docno": "Sbdba3f34-A6cf24bb0", "score": 24.031577151162125}
{"docno": "Sa3568bcf-A768f6120", "score": 24.028723906567844}
{"docno": "Sa3568c0d-A397ed372", "score": 24.019769251879254}
{"docno": "S9443a255-A7141efc2", "score": 24.017886770092993}
{"docno": "S441845a5-Add9fc5b", "score": 24.017886770092993}
{"docno": "Se9139e64-A52978fa1", "score": 24.00941716019795}
{"docno": "Saedf4638-A5ce76be1", "score": 24.000988153938536}
{"docno": "S91b9a76b-Abdbaf5b5", "score": 23.973343111207793}
{"docno": "S1831e588-A912fc8b8", "score": 23.94998733627557}
{"docno": "Sdca59d58-Aab109d43", "score": 23.939630464283724}
{"docno": "S93fbabb6-Aa4f322", "score": 23.922802684226056}
{"docno": "Saedf4638-Ada07efe8", "score": 23.922802684226056}
{"docno": "S1d5f1558-A5733da2d", "score": 23.875298722250676}
{"type": "toggleArgument", "timestamp": "2025-06-26T11:42:42.299Z", "sessionID": "9df1f878-627b-473b-8dc6-0ffa84881ef2", "rank": "2", "doc": "S147e45bd-Abf45fa40", "action": "expand", "doclen": 1708, "score": 26.224389718581143}
{"type": "toggleArgument", "timestamp": "2025-06-26T11:42:49.338Z", "sessionID": "9df1f878-627b-473b-8dc6-0ffa84881ef2", "rank": "8", "doc": "Sce0a06c8-A4ae94bba", "action": "expand", "doclen": 1604, "score": 30.244169385508854}
{"type": "toggleArgument", "timestamp": "2025-06-26T11:43:23.802Z", "sessionID": "9df1f878-627b-473b-8dc6-0ffa84881ef2", "rank": "9", "doc": "S2d5cd7d8-Ab10a1e01", "action": "expand", "doclen": 364, "score": 25.587112982071645}
{"type": "toggleArgument", "timestamp": "2025-06-26T11:43:34.787Z", "sessionID": "9df1f878-627b-473b-8dc6-0ffa84881ef2", "rank": "10", "doc": "S5c3ed32-A623a0534", "action": "expand", "doclen": 2733, "score": 25.560543090006984}
{"type": "StanceClicked", "timestamp": "2025-06-26T11:43:41.739Z", "sessionID": "9df1f878-627b-473b-8dc6-0ffa84881ef2", "rank": "10", "stance": "pro", "action": "chooseStance", "doc": "S5c3ed32-A623a0534", "doclen": 2733, "score": 25.560543090006984}
{"type": "pageNavigationClicked", "timestamp": "2025-06-26T11:43:42.570Z", "sessionID": "9df1f878-627b-473b-8dc6-0ffa84881ef2", "clicked": "2", "fromPage": 1, "toPage": 2}
{"type": "toggleArgument", "timestamp": "2025-06-26T11:43:45.722Z", "sessionID": "9df1f878-627b-473b-8dc6-0ffa84881ef2", "rank": "12", "doc": "S5c3ed32-Aebef0e2f", "action": "expand", "doclen": 1893, "score": 25.501047584225297}
{"type": "StanceClicked", "timestamp": "2025-06-26T11:43:51.747Z", "sessionID": "9df1f878-627b-473b-8dc6-0ffa84881ef2", "rank": "12", "stance": "pro", "action": "chooseStance", "doc": "S5c3ed32-Aebef0e2f", "doclen": 1893, "score": 25.501047584225297}
{"type": "toggleArgument", "timestamp": "2025-06-26T11:43:55.890Z", "sessionID": "9df1f878-627b-473b-8dc6-0ffa84881ef2", "rank": "13", "doc": "Sdca59d96-A9ecaaaa7", "action": "expand", "doclen": 2440, "score": 25.49826036863881}
{"type": "toggleArgument", "timestamp": "2025-06-26T11:44:04.066Z", "sessionID": "9df1f878-627b-473b-8dc6-0ffa84881ef2", "rank": "14", "doc": "S51c34db5-A1cd13b2b", "action": "expand", "doclen": 1099, "score": 34.371965821946674}
{"type": "StanceClicked", "timestamp": "2025-06-26T11:44:46.211Z", "sessionID": "9df1f878-627b-473b-8dc6-0ffa84881ef2", "rank": "14", "stance": "pro", "action": "chooseStance", "doc": "S51c34db5-A1cd13b2b", "doclen": 1099, "score": 34.371965821946674}
{"type": "toggleArgument", "timestamp": "2025-06-26T11:44:56.258Z", "sessionID": "9df1f878-627b-473b-8dc6-0ffa84881ef2", "rank": "15", "doc": "Sb6f6e654-A9919a595", "action": "expand", "doclen": 2045, "score": 35.76887822519787}
{"type": "StanceClicked", "timestamp": "2025-06-26T11:45:17.387Z", "sessionID": "9df1f878-627b-473b-8dc6-0ffa84881ef2", "rank": "15", "stance": "pro", "action": "chooseStance", "doc": "Sb6f6e654-A9919a595", "doclen": 2045, "score": 35.76887822519787}
{"type": "toggleArgument", "timestamp": "2025-06-26T11:45:23.506Z", "sessionID": "9df1f878-627b-473b-8dc6-0ffa84881ef2", "rank": "16", "doc": "S4505ff06-A6d5b9990", "action": "expand", "doclen": 1671, "score": 29.48310026070915}
{"type": "toggleArgument", "timestamp": "2025-06-26T11:45:32.386Z", "sessionID": "9df1f878-627b-473b-8dc6-0ffa84881ef2", "rank": "18", "doc": "S148740e7-Ad729a9aa", "action": "expand", "doclen": 2514, "score": 34.2044812175829}
{"type": "StanceClicked", "timestamp": "2025-06-26T11:46:00.147Z", "sessionID": "9df1f878-627b-473b-8dc6-0ffa84881ef2", "rank": "18", "stance": "pro", "action": "chooseStance", "doc": "S148740e7-Ad729a9aa", "doclen": 2514, "score": 34.2044812175829}
{"type": "toggleArgument", "timestamp": "2025-06-26T11:46:04.475Z", "sessionID": "9df1f878-627b-473b-8dc6-0ffa84881ef2", "rank": "19", "doc": "Sdca59d77-Ab1197bc8", "action": "expand", "doclen": 1262, "score": 25.19358208309969}
{"type": "queryBoxFocused", "timestamp": "2025-06-26T11:46:16.987Z", "sessionID": "9df1f878-627b-473b-8dc6-0ffa84881ef2"}
{"type": "querySubmitted", "timestamp": "2025-06-26T11:46:29.715Z", "sessionID": "9df1f878-627b-473b-8dc6-0ffa84881ef2", "query": "federal minimum wage"}
{"docno": "Sb6f6e654-A9919a595", "score": 35.76887822519787}
{"docno": "S51c34db5-A7345e66f", "score": 35.51503307456724}
{"docno": "Sb6f6e654-A5aa453ef", "score": 34.472623572042735}
{"docno": "S51c34db5-A1cd13b2b", "score": 34.371965821946674}
{"docno": "S148740e7-Ad729a9aa", "score": 34.2044812175829}
{"docno": "S5194bbe-Ad4e82f54", "score": 33.95314273111692}
{"docno": "S9443a255-Aa0880433", "score": 33.841213966329875}
{"docno": "Sd449ee59-A19cf8da4", "score": 32.54048794741194}
{"docno": "S6ac98ba6-Aecc81e50", "score": 32.2918986505639}
{"docno": "S5c3ed70-Ab3c45d8a", "score": 32.2717173390746}
{"docno": "S148740e7-A29cec1d9", "score": 32.257576401431805}
{"docno": "S7a99c7b0-A3350363a", "score": 31.874290018407358}
{"docno": "S3d4f60b6-A96a2dcdd", "score": 31.809662721207225}
{"docno": "S93fbabb6-A70bbd698", "score": 31.73277206150063}
{"docno": "S6ac98ba6-A5a97aeb5", "score": 31.503471845038177}
{"docno": "Sb6f6e654-A2251c028", "score": 31.466475097057007}
{"docno": "Sa929fd9e-Af0c649f5", "score": 31.117345393477034}
{"docno": "Se11b032f-A35ec413c", "score": 30.942365498873343}
{"docno": "S4505ff06-Ab6b4839b", "score": 30.77516669238544}
{"docno": "S7a99c7cf-Acae87491", "score": 30.755874764845224}
{"docno": "S7245daba-Af2afe0ee", "score": 30.75502708240891}
{"docno": "S6c6b40ff-A222807b", "score": 30.67302403175864}
{"docno": "S51c34db5-Abc8609ec", "score": 30.607329191509706}
{"docno": "Sbf184b88-A46e4fcc0", "score": 30.532626192766607}
{"docno": "Sbf184b88-A8ffb5bfa", "score": 30.459424875428372}
{"docno": "S74df972a-Ada5a26ec", "score": 30.439522651168378}
{"docno": "S5339b784-Afc4c1a44", "score": 30.38549425289217}
{"docno": "S9329eedd-Ad0c828d3", "score": 30.330905375884292}
{"docno": "S7245daba-Aa5e73354", "score": 30.24824247951303}
{"docno": "Sce0a06c8-A4ae94bba", "score": 30.244169385508854}
{"docno": "Sfe453fc6-A439b12b9", "score": 30.17605639903929}
{"docno": "Se1beae30-A4c8d96e2", "score": 30.138619375394974}
{"docno": "Sb3c6f9b8-Abcb2a900", "score": 30.138619375394974}
{"docno": "S40f0bed0-A22d70e03", "score": 30.087654947998573}
{"docno": "S51c34db5-Ab2bcb2ee", "score": 30.075224834185164}
{"docno": "S3e34e0d7-Ae3f6530", "score": 30.02828399580312}
{"docno": "Sdbdd46b7-Abbc3682a", "score": 29.893699178433778}
{"docno": "S441845a5-Ad4f4326c", "score": 29.844100585897024}
{"docno": "S9c4ebe55-Acf042959", "score": 29.76048017743223}
{"docno": "Sb3c6f9b8-A63b80751", "score": 29.714656033299093}
{"docno": "Sce0a06a9-A1cff8a09", "score": 29.503538598382924}
{"docno": "S4505ff06-A6d5b9990", "score": 29.48310026070915}
{"docno": "S3774807f-Ae2a814c8", "score": 29.278555822231212}
{"docno": "S5c3ed70-A34b812fe", "score": 29.189973157890755}
{"docno": "S7021d6d5-Aa95a8520", "score": 29.12589462111151}
{"docno": "S72d1888a-A3b2d68d8", "score": 29.053568997069007}
{"docno": "S1d5f1558-A5733da2d", "score": 29.04893789697045}
{"docno": "S5194bbe-A5e6c2eb8", "score": 29.005072384430775}
{"docno": "Sb2b9b1f9-A4049c9f", "score": 28.872942529669867}
{"docno": "S7a5dcb0b-Abad03bc4", "score": 28.84715094035796}
{"docno": "Sbe617355-A6389a86a", "score": 28.837988009442242}
{"docno": "Sb6f6e654-A34d89dbf", "score": 28.596421850043527}
{"docno": "S6d5f9faf-A513e89e0", "score": 28.465644577026815}
{"docno": "S32f15628-Af68b38ad", "score": 28.440945938385468}
{"docno": "Sbdba3f34-A6cf24bb0", "score": 28.345525954973873}
{"docno": "Sa071780f-Aa7282763", "score": 28.247066084256666}
{"docno": "S40f0bed0-A62b1d4c1", "score": 28.194852328923275}
{"docno": "S4ed78f80-A190684c2", "score": 28.16612018694695}
{"docno": "Sdca59db5-A1155ff93", "score": 28.055800481988346}
{"docno": "Sda0b362d-A6219c43a", "score": 27.93168932931289}
{"docno": "S6ac98ba6-A3ceec157", "score": 27.680684579467982}
{"docno": "Sf5589b65-Aad704790", "score": 27.57903774497402}
{"docno": "S72d1888a-A49edd66c", "score": 27.578302980197158}
{"docno": "S4505ff06-Accb1f012", "score": 27.49976169891016}
{"docno": "S72d1888a-A2ba7cf3d", "score": 27.409752865275188}
{"docno": "S6ac98ba6-Ac7fbb75a", "score": 27.368528430041177}
{"docno": "S35c255fa-A256813ce", "score": 26.859654952462897}
{"docno": "Se4c4f298-A16c61b81", "score": 26.837148700793165}
{"docno": "Sc879277c-Afce59efa", "score": 26.68059597794034}
{"docno": "S8c866652-A1f0a1f38", "score": 26.671434852615846}
{"docno": "Sfb307db5-Aefc3f99a", "score": 26.57450725728009}
{"docno": "S1cab55-A7065a4e7", "score": 26.511197302251425}
{"docno": "S5194bbe-A567ada0", "score": 26.43338163307444}
{"docno": "S5c3ed32-Ad3a26007", "score": 26.31195697992001}
{"docno": "S441845a5-Acc38c481", "score": 26.264056853677353}
{"docno": "S147e45bd-Abf45fa40", "score": 26.224389718581143}
{"docno": "S88d4f7ff-A74bb5cd9", "score": 26.188540551946396}
{"docno": "S855ce88e-A2b3e5240", "score": 26.10954616731456}
{"docno": "S5c3ed32-Aa2f2be54", "score": 26.073569909139913}
{"docno": "Se3b9f8b-A4d504fd4", "score": 26.061183496294454}
{"docno": "Se6c8a508-Acd788bcd", "score": 25.782015430937662}
{"docno": "S7245daba-A7aebf934", "score": 25.752233940502308}
{"docno": "Sdca59db5-Abaa219c7", "score": 25.73969873914656}
{"docno": "Sbd8467d7-Aa86ebaab", "score": 25.679751973853445}
{"docno": "S5c3ed32-A6642821", "score": 25.65426342155635}
{"docno": "S6ac98ba6-Ae4357426", "score": 25.6206823864618}
{"docno": "S2d5cd7d8-Ab10a1e01", "score": 25.587112982071645}
{"docno": "S5c3ed32-A623a0534", "score": 25.560543090006984}
{"docno": "Sfda29737-A5462fa90", "score": 25.5490899141942}
{"docno": "S5c3ed32-Aebef0e2f", "score": 25.501047584225297}
{"docno": "Sdca59d96-A9ecaaaa7", "score": 25.49826036863881}
{"docno": "S6c6b40ff-A4876946b", "score": 25.493769244734082}
{"docno": "Sa39c565c-Ad91a1545", "score": 25.296789137618948}
{"docno": "S3bbb9546-A7cf4fb87", "score": 25.25489297628522}
{"docno": "Sdca59d77-Ab1197bc8", "score": 25.19358208309969}
{"docno": "S855ce88e-A277fd07a", "score": 25.15696012682887}
{"docno": "S7b8b3bd1-A909f6ae3", "score": 25.1501379359261}
{"docno": "Sf077d020-A4e659df7", "score": 25.122271801970868}
{"docno": "S49479255-A44c02274", "score": 25.120061429856207}
{"docno": "Sb2b9a732-A21bb158e", "score": 25.099303237508266}
{"type": "toggleArgument", "timestamp": "2025-06-26T11:46:32.874Z", "sessionID": "9df1f878-627b-473b-8dc6-0ffa84881ef2", "rank": "1", "doc": "Sb6f6e654-A9919a595", "action": "expand", "doclen": 2045, "score": 35.76887822519787}
{"type": "toggleArgument", "timestamp": "2025-06-26T11:46:40.450Z", "sessionID": "9df1f878-627b-473b-8dc6-0ffa84881ef2", "rank": "9", "doc": "S6ac98ba6-Aecc81e50", "action": "expand", "doclen": 2044, "score": 32.2918986505639}
{"type": "toggleArgument", "timestamp": "2025-06-26T11:46:56.722Z", "sessionID": "9df1f878-627b-473b-8dc6-0ffa84881ef2", "rank": "9", "doc": "S6ac98ba6-Aecc81e50", "action": "reduce", "doclen": 2044, "score": 32.2918986505639}
{"type": "StanceClicked", "timestamp": "2025-06-26T11:47:00.178Z", "sessionID": "9df1f878-627b-473b-8dc6-0ffa84881ef2", "rank": "9", "stance": "pro", "action": "chooseStance", "doc": "S6ac98ba6-Aecc81e50", "doclen": 2044, "score": 32.2918986505639}
{"type": "toggleArgument", "timestamp": "2025-06-26T11:47:02.634Z", "sessionID": "9df1f878-627b-473b-8dc6-0ffa84881ef2", "rank": "10", "doc": "S5c3ed70-Ab3c45d8a", "action": "expand", "doclen": 307, "score": 32.2717173390746}
{"type": "pageNavigationClicked", "timestamp": "2025-06-26T11:47:21.082Z", "sessionID": "9df1f878-627b-473b-8dc6-0ffa84881ef2", "clicked": "4", "fromPage": 1, "toPage": 4}
{"type": "toggleArgument", "timestamp": "2025-06-26T11:47:27.154Z", "sessionID": "9df1f878-627b-473b-8dc6-0ffa84881ef2", "rank": "31", "doc": "Sfe453fc6-A439b12b9", "action": "expand", "doclen": 1972, "score": 30.17605639903929}
{"type": "toggleArgument", "timestamp": "2025-06-26T11:47:42.722Z", "sessionID": "9df1f878-627b-473b-8dc6-0ffa84881ef2", "rank": "32", "doc": "Se1beae30-A4c8d96e2", "action": "expand", "doclen": 103, "score": 30.138619375394974}
{"type": "toggleArgument", "timestamp": "2025-06-26T11:47:43.650Z", "sessionID": "9df1f878-627b-473b-8dc6-0ffa84881ef2", "rank": "32", "doc": "Se1beae30-A4c8d96e2", "action": "reduce", "doclen": 103, "score": 30.138619375394974}
{"type": "toggleArgument", "timestamp": "2025-06-26T11:47:46.202Z", "sessionID": "9df1f878-627b-473b-8dc6-0ffa84881ef2", "rank": "33", "doc": "Sb3c6f9b8-Abcb2a900", "action": "expand", "doclen": 123, "score": 30.138619375394974}
{"type": "toggleArgument", "timestamp": "2025-06-26T11:47:46.834Z", "sessionID": "9df1f878-627b-473b-8dc6-0ffa84881ef2", "rank": "33", "doc": "Sb3c6f9b8-Abcb2a900", "action": "reduce", "doclen": 123, "score": 30.138619375394974}
{"type": "toggleArgument", "timestamp": "2025-06-26T11:47:50.122Z", "sessionID": "9df1f878-627b-473b-8dc6-0ffa84881ef2", "rank": "34", "doc": "S40f0bed0-A22d70e03", "action": "expand", "doclen": 1420, "score": 30.087654947998573}
{"type": "toggleArgument", "timestamp": "2025-06-26T11:48:25.066Z", "sessionID": "9df1f878-627b-473b-8dc6-0ffa84881ef2", "rank": "35", "doc": "S51c34db5-Ab2bcb2ee", "action": "expand", "doclen": 1928, "score": 30.075224834185164}
{"type": "StanceClicked", "timestamp": "2025-06-26T11:48:59.483Z", "sessionID": "9df1f878-627b-473b-8dc6-0ffa84881ef2", "rank": "35", "stance": "pro", "action": "chooseStance", "doc": "S51c34db5-Ab2bcb2ee", "doclen": 1928, "score": 30.075224834185164}
{"type": "toggleArgument", "timestamp": "2025-06-26T11:49:05.338Z", "sessionID": "9df1f878-627b-473b-8dc6-0ffa84881ef2", "rank": "38", "doc": "S441845a5-Ad4f4326c", "action": "expand", "doclen": 1059, "score": 29.844100585897024}
{"type": "toggleArgument", "timestamp": "2025-06-26T11:49:11.978Z", "sessionID": "9df1f878-627b-473b-8dc6-0ffa84881ef2", "rank": "37", "doc": "Sdbdd46b7-Abbc3682a", "action": "expand", "doclen": 1049, "score": 29.893699178433778}
{"type": "toggleArgument", "timestamp": "2025-06-26T11:49:16.178Z", "sessionID": "9df1f878-627b-473b-8dc6-0ffa84881ef2", "rank": "39", "doc": "S9c4ebe55-Acf042959", "action": "expand", "doclen": 1579, "score": 29.76048017743223}
{"type": "toggleArgument", "timestamp": "2025-06-26T11:49:25.802Z", "sessionID": "9df1f878-627b-473b-8dc6-0ffa84881ef2", "rank": "40", "doc": "Sb3c6f9b8-A63b80751", "action": "expand", "doclen": 1796, "score": 29.714656033299093}
{"type": "StanceClicked", "timestamp": "2025-06-26T11:50:04.066Z", "sessionID": "9df1f878-627b-473b-8dc6-0ffa84881ef2", "rank": "40", "stance": "pro", "action": "chooseStance", "doc": "Sb3c6f9b8-A63b80751", "doclen": 1796, "score": 29.714656033299093}
{"type": "pageNavigationClicked", "timestamp": "2025-06-26T11:50:05.690Z", "sessionID": "9df1f878-627b-473b-8dc6-0ffa84881ef2", "clicked": "6", "fromPage": 4, "toPage": 6}
{"type": "toggleArgument", "timestamp": "2025-06-26T11:50:09.946Z", "sessionID": "9df1f878-627b-473b-8dc6-0ffa84881ef2", "rank": "51", "doc": "Sbe617355-A6389a86a", "action": "expand", "doclen": 1671, "score": 28.837988009442242}
{"type": "StanceClicked", "timestamp": "2025-06-26T11:50:18.066Z", "sessionID": "9df1f878-627b-473b-8dc6-0ffa84881ef2", "rank": "51", "stance": "pro", "action": "chooseStance", "doc": "Sbe617355-A6389a86a", "doclen": 1671, "score": 28.837988009442242}
{"type": "queryBoxFocused", "timestamp": "2025-06-26T11:50:24.901Z", "sessionID": "9df1f878-627b-473b-8dc6-0ffa84881ef2"}
{"type": "querySubmitted", "timestamp": "2025-06-26T11:50:33.403Z", "sessionID": "9df1f878-627b-473b-8dc6-0ffa84881ef2", "query": "increase of federal minimum wage"}
{"docno": "S51c34db5-A7345e66f", "score": 42.668188200732956}
{"docno": "Sb6f6e654-A9919a595", "score": 42.17473848376861}
{"docno": "Sb6f6e654-A5aa453ef", "score": 41.87089752155099}
{"docno": "S5194bbe-Ad4e82f54", "score": 40.72941673201692}
{"docno": "S148740e7-Ad729a9aa", "score": 40.16571527908813}
{"docno": "S6ac98ba6-Aecc81e50", "score": 39.638065510137224}
{"docno": "S93fbabb6-A70bbd698", "score": 38.728303198834396}
{"docno": "S7a99c7b0-A3350363a", "score": 38.20812529558399}
{"docno": "S51c34db5-Abc8609ec", "score": 38.13536009973593}
{"docno": "S4505ff06-Ab6b4839b", "score": 36.82015606241894}
{"docno": "S7245daba-Af2afe0ee", "score": 36.78939323505159}
{"docno": "S3774807f-Ae2a814c8", "score": 36.28437334394238}
{"docno": "S7a99c7cf-Acae87491", "score": 36.13685234064336}
{"docno": "Sb6f6e654-A2251c028", "score": 36.006563366672346}
{"docno": "S6ac98ba6-A3ceec157", "score": 35.529517686208806}
{"docno": "S40f0bed0-A62b1d4c1", "score": 35.50671023953845}
{"docno": "Sce0a06a9-A1cff8a09", "score": 35.42346690889864}
{"docno": "Sce0a06c8-A4ae94bba", "score": 35.398964218260616}
{"docno": "S32f15628-Af68b38ad", "score": 35.25220804706345}
{"docno": "S4505ff06-A6d5b9990", "score": 35.23094885672653}
{"docno": "S5194bbe-A5e6c2eb8", "score": 35.216480996155205}
{"docno": "S6ac98ba6-A5a97aeb5", "score": 34.81689070206727}
{"docno": "Sbf184b88-A8ffb5bfa", "score": 34.815219427374274}
{"docno": "Se4c4f298-A16c61b81", "score": 34.767845511913166}
{"docno": "Sb6f6e654-A34d89dbf", "score": 34.54336433150926}
{"docno": "Sb3c6f9b8-A63b80751", "score": 34.5095450870172}
{"docno": "S6c6b40ff-A222807b", "score": 34.43758071692227}
{"docno": "S6ac98ba6-Ac7fbb75a", "score": 34.433842274108684}
{"docno": "S51c34db5-A1cd13b2b", "score": 34.371965821946674}
{"docno": "Sbdba3f34-A6cf24bb0", "score": 34.211198409902835}
{"docno": "S4505ff06-Accb1f012", "score": 34.16179957187505}
{"docno": "S1cab55-A7065a4e7", "score": 33.96330419329662}
{"docno": "S1d5f1558-A5733da2d", "score": 33.916765327316725}
{"docno": "Sbd8467d7-Aa86ebaab", "score": 33.85581515576635}
{"docno": "S9443a255-Aa0880433", "score": 33.841213966329875}
{"docno": "S40f0bed0-A22d70e03", "score": 33.708544057907304}
{"docno": "Sdca59d39-Af1ea663a", "score": 33.10516499566731}
{"docno": "Sfe453fc6-A439b12b9", "score": 32.9898784434922}
{"docno": "S147e45bd-Abf45fa40", "score": 32.95680042131369}
{"docno": "S6ac98ba6-Ae4357426", "score": 32.94730016637439}
{"docno": "S88d4f7ff-A74bb5cd9", "score": 32.89465460617018}
{"docno": "Sf077d020-A4e659df7", "score": 32.68600147853723}
{"docno": "S4ed78f80-A190684c2", "score": 32.659811373346294}
{"docno": "S9329eedd-Ad0c828d3", "score": 32.650514914996286}
{"docno": "S630f7c6f-A578dfae8", "score": 32.64358923464332}
{"docno": "Sa41ee870-Af7b90eb9", "score": 32.633333240215705}
{"docno": "Sd449ee59-A19cf8da4", "score": 32.54048794741194}
{"docno": "Sfb307db5-Aefc3f99a", "score": 32.41294891398128}
{"docno": "S5c3ed70-Ab3c45d8a", "score": 32.2717173390746}
{"docno": "S148740e7-A29cec1d9", "score": 32.257576401431805}
{"docno": "Sdca59db5-A1155ff93", "score": 32.08452287857787}
{"docno": "S630f7c6f-A166862a7", "score": 32.024646883227405}
{"docno": "S855ce88e-A277fd07a", "score": 31.91545099397347}
{"docno": "Sbe617355-A6389a86a", "score": 31.870490165485073}
{"docno": "S70ffe88-A3f4890b", "score": 31.85139659802376}
{"docno": "S3d4f60b6-A96a2dcdd", "score": 31.809662721207225}
{"docno": "S5c3ed32-A623a0534", "score": 31.762975945959624}
{"docno": "Sdb76a53d-Af95d8d36", "score": 31.742237001811425}
{"docno": "S7245daba-A7aebf934", "score": 31.49032637209072}
{"docno": "S630f7c6f-Ad939113f", "score": 31.40447464345213}
{"docno": "Se6c8a508-Acd788bcd", "score": 31.379936646462482}
{"docno": "Sa233c82f-Afdf6e569", "score": 31.348419403569956}
{"docno": "S72d1888a-A49edd66c", "score": 31.293208376686025}
{"docno": "S855ce88e-A2b3e5240", "score": 31.27986442427302}
{"docno": "Sb2b9a697-A4cfa28", "score": 31.264516253031296}
{"docno": "Se72f1d33-A3d58c1d6", "score": 31.133609169306673}
{"docno": "Sa929fd9e-Af0c649f5", "score": 31.117345393477034}
{"docno": "S855ce88e-Ac58442f8", "score": 31.102707110087348}
{"docno": "S6ac98ba6-A3a9e38f7", "score": 31.096160195466222}
{"docno": "Se3b9f8b-A4d504fd4", "score": 31.02233776762322}
{"docno": "Saedf4638-A5ce76be1", "score": 30.979688721332366}
{"docno": "Sdca59db5-Abaa219c7", "score": 30.973564968201316}
{"docno": "Se11b032f-A35ec413c", "score": 30.942365498873343}
{"docno": "S7a5dcb0b-A7b580cfe", "score": 30.877064294297114}
{"docno": "S855ce88e-A885f53d6", "score": 30.842230360228896}
{"docno": "Sb2b9aa96-A343b737b", "score": 30.82941181196241}
{"docno": "Saedf4296-A7621c204", "score": 30.761906099012464}
{"docno": "S2d5cd7d8-Ab66c6d78", "score": 30.761906099012464}
{"docno": "S91b9a76b-Abdbaf5b5", "score": 30.728447649887585}
{"docno": "Sbd8467d7-Ab20dde86", "score": 30.704714036738878}
{"docno": "Sbf184b88-A46e4fcc0", "score": 30.532626192766607}
{"docno": "S74df972a-Ada5a26ec", "score": 30.439522651168378}
{"docno": "S7a99c7b0-Ae4d8d3fe", "score": 30.4393528984926}
{"docno": "S5339b784-Afc4c1a44", "score": 30.38549425289217}
{"docno": "Sa3568bcf-A768f6120", "score": 30.34038651016835}
{"docno": "S7245daba-Aa5e73354", "score": 30.24824247951303}
{"docno": "Se9139e64-A52978fa1", "score": 30.140409491965457}
{"docno": "Se1beae30-A4c8d96e2", "score": 30.138619375394974}
{"docno": "Sb3c6f9b8-Abcb2a900", "score": 30.138619375394974}
{"docno": "S441845a5-Acc38c481", "score": 30.095011315813952}
{"docno": "S51c34db5-Ab2bcb2ee", "score": 30.075224834185164}
{"docno": "Sbe6172ba-A93bb38eb", "score": 30.057695845475457}
{"docno": "S3e34e0d7-Ae3f6530", "score": 30.02828399580312}
{"docno": "Sd2226ec-Aaed3e80", "score": 29.998238454517004}
{"docno": "Sdbdd46b7-Abbc3682a", "score": 29.893699178433778}
{"docno": "S8a961be4-A812e7f03", "score": 29.86834193186595}
{"docno": "S15101cce-A56da7228", "score": 29.845270369545638}
{"docno": "S441845a5-Ad4f4326c", "score": 29.844100585897024}
{"docno": "Se9139e64-A41ee8d3d", "score": 29.82707342190976}
{"docno": "Sa39c565c-Ad91a1545", "score": 29.826044285346555}
{"type": "queryBoxFocused", "timestamp": "2025-06-26T11:50:34.901Z", "sessionID": "9df1f878-627b-473b-8dc6-0ffa84881ef2"}
{"type": "querySubmitted", "timestamp": "2025-06-26T11:50:43.947Z", "sessionID": "9df1f878-627b-473b-8dc6-0ffa84881ef2", "query": "should the federal minimum wage be increased"}
{"docno": "S51c34db5-A7345e66f", "score": 42.66818820073296}
{"docno": "Sb6f6e654-A9919a595", "score": 42.17473848376861}
{"docno": "Sb6f6e654-A5aa453ef", "score": 41.87089752155099}
{"docno": "S5194bbe-Ad4e82f54", "score": 40.72941673201692}
{"docno": "S148740e7-Ad729a9aa", "score": 40.16571527908813}
{"docno": "S6ac98ba6-Aecc81e50", "score": 39.63806551013723}
{"docno": "S93fbabb6-A70bbd698", "score": 38.728303198834396}
{"docno": "S7a99c7b0-A3350363a", "score": 38.208125295584}
{"docno": "S51c34db5-Abc8609ec", "score": 38.13536009973593}
{"docno": "S4505ff06-Ab6b4839b", "score": 36.82015606241894}
{"docno": "S7245daba-Af2afe0ee", "score": 36.78939323505159}
{"docno": "S3774807f-Ae2a814c8", "score": 36.28437334394237}
{"docno": "S7a99c7cf-Acae87491", "score": 36.13685234064335}
{"docno": "Sb6f6e654-A2251c028", "score": 36.006563366672346}
{"docno": "S6ac98ba6-A3ceec157", "score": 35.529517686208806}
{"docno": "S40f0bed0-A62b1d4c1", "score": 35.50671023953845}
{"docno": "Sce0a06a9-A1cff8a09", "score": 35.42346690889864}
{"docno": "Sce0a06c8-A4ae94bba", "score": 35.398964218260616}
{"docno": "S32f15628-Af68b38ad", "score": 35.25220804706345}
{"docno": "S4505ff06-A6d5b9990", "score": 35.23094885672653}
{"docno": "S5194bbe-A5e6c2eb8", "score": 35.216480996155205}
{"docno": "S6ac98ba6-A5a97aeb5", "score": 34.81689070206726}
{"docno": "Sbf184b88-A8ffb5bfa", "score": 34.81521942737427}
{"docno": "Se4c4f298-A16c61b81", "score": 34.767845511913166}
{"docno": "Sb6f6e654-A34d89dbf", "score": 34.54336433150926}
{"docno": "Sb3c6f9b8-A63b80751", "score": 34.5095450870172}
{"docno": "S6c6b40ff-A222807b", "score": 34.43758071692227}
{"docno": "S6ac98ba6-Ac7fbb75a", "score": 34.43384227410869}
{"docno": "S51c34db5-A1cd13b2b", "score": 34.371965821946674}
{"docno": "Sbdba3f34-A6cf24bb0", "score": 34.211198409902835}
{"docno": "S4505ff06-Accb1f012", "score": 34.16179957187505}
{"docno": "S1cab55-A7065a4e7", "score": 33.96330419329662}
{"docno": "S1d5f1558-A5733da2d", "score": 33.916765327316725}
{"docno": "Sbd8467d7-Aa86ebaab", "score": 33.855815155766344}
{"docno": "S9443a255-Aa0880433", "score": 33.841213966329875}
{"docno": "S40f0bed0-A22d70e03", "score": 33.708544057907304}
{"docno": "Sdca59d39-Af1ea663a", "score": 33.10516499566731}
{"docno": "Sfe453fc6-A439b12b9", "score": 32.98987844349221}
{"docno": "S147e45bd-Abf45fa40", "score": 32.95680042131369}
{"docno": "S6ac98ba6-Ae4357426", "score": 32.94730016637439}
{"docno": "S88d4f7ff-A74bb5cd9", "score": 32.89465460617018}
{"docno": "Sf077d020-A4e659df7", "score": 32.68600147853723}
{"docno": "S4ed78f80-A190684c2", "score": 32.659811373346294}
{"docno": "S9329eedd-Ad0c828d3", "score": 32.65051491499628}
{"docno": "S630f7c6f-A578dfae8", "score": 32.64358923464332}
{"docno": "Sa41ee870-Af7b90eb9", "score": 32.633333240215705}
{"docno": "Sd449ee59-A19cf8da4", "score": 32.54048794741194}
{"docno": "Sfb307db5-Aefc3f99a", "score": 32.41294891398128}
{"docno": "S5c3ed70-Ab3c45d8a", "score": 32.2717173390746}
{"docno": "S148740e7-A29cec1d9", "score": 32.257576401431805}
{"docno": "Sdca59db5-A1155ff93", "score": 32.08452287857787}
{"docno": "S630f7c6f-A166862a7", "score": 32.024646883227405}
{"docno": "S855ce88e-A277fd07a", "score": 31.91545099397347}
{"docno": "Sbe617355-A6389a86a", "score": 31.870490165485077}
{"docno": "S70ffe88-A3f4890b", "score": 31.851396598023758}
{"docno": "S3d4f60b6-A96a2dcdd", "score": 31.809662721207225}
{"docno": "S5c3ed32-A623a0534", "score": 31.762975945959624}
{"docno": "Sdb76a53d-Af95d8d36", "score": 31.742237001811425}
{"docno": "S7245daba-A7aebf934", "score": 31.49032637209072}
{"docno": "S630f7c6f-Ad939113f", "score": 31.404474643452133}
{"docno": "Se6c8a508-Acd788bcd", "score": 31.37993664646248}
{"docno": "Sa233c82f-Afdf6e569", "score": 31.348419403569956}
{"docno": "S72d1888a-A49edd66c", "score": 31.293208376686025}
{"docno": "S855ce88e-A2b3e5240", "score": 31.27986442427302}
{"docno": "Sb2b9a697-A4cfa28", "score": 31.264516253031292}
{"docno": "Se72f1d33-A3d58c1d6", "score": 31.133609169306677}
{"docno": "Sa929fd9e-Af0c649f5", "score": 31.117345393477034}
{"docno": "S855ce88e-Ac58442f8", "score": 31.102707110087348}
{"docno": "S6ac98ba6-A3a9e38f7", "score": 31.096160195466222}
{"docno": "Se3b9f8b-A4d504fd4", "score": 31.022337767623224}
{"docno": "Saedf4638-A5ce76be1", "score": 30.979688721332366}
{"docno": "Sdca59db5-Abaa219c7", "score": 30.973564968201316}
{"docno": "Se11b032f-A35ec413c", "score": 30.942365498873343}
{"docno": "S7a5dcb0b-A7b580cfe", "score": 30.877064294297114}
{"docno": "S855ce88e-A885f53d6", "score": 30.842230360228896}
{"docno": "Sb2b9aa96-A343b737b", "score": 30.82941181196241}
{"docno": "Saedf4296-A7621c204", "score": 30.761906099012464}
{"docno": "S2d5cd7d8-Ab66c6d78", "score": 30.761906099012464}
{"docno": "S91b9a76b-Abdbaf5b5", "score": 30.728447649887585}
{"docno": "Sbd8467d7-Ab20dde86", "score": 30.704714036738874}
{"docno": "Sbf184b88-A46e4fcc0", "score": 30.532626192766607}
{"docno": "S74df972a-Ada5a26ec", "score": 30.439522651168378}
{"docno": "S7a99c7b0-Ae4d8d3fe", "score": 30.4393528984926}
{"docno": "S5339b784-Afc4c1a44", "score": 30.38549425289217}
{"docno": "Sa3568bcf-A768f6120", "score": 30.34038651016835}
{"docno": "S7245daba-Aa5e73354", "score": 30.24824247951303}
{"docno": "Se9139e64-A52978fa1", "score": 30.140409491965457}
{"docno": "Se1beae30-A4c8d96e2", "score": 30.138619375394974}
{"docno": "Sb3c6f9b8-Abcb2a900", "score": 30.138619375394974}
{"docno": "S441845a5-Acc38c481", "score": 30.095011315813952}
{"docno": "S51c34db5-Ab2bcb2ee", "score": 30.075224834185164}
{"docno": "Sbe6172ba-A93bb38eb", "score": 30.057695845475457}
{"docno": "S3e34e0d7-Ae3f6530", "score": 30.02828399580312}
{"docno": "Sd2226ec-Aaed3e80", "score": 29.998238454517008}
{"docno": "Sdbdd46b7-Abbc3682a", "score": 29.893699178433778}
{"docno": "S8a961be4-A812e7f03", "score": 29.86834193186595}
{"docno": "S15101cce-A56da7228", "score": 29.845270369545638}
{"docno": "S441845a5-Ad4f4326c", "score": 29.844100585897024}
{"docno": "Se9139e64-A41ee8d3d", "score": 29.82707342190976}
{"docno": "Sa39c565c-Ad91a1545", "score": 29.826044285346555}
{"type": "toggleArgument", "timestamp": "2025-06-26T11:50:48.050Z", "sessionID": "9df1f878-627b-473b-8dc6-0ffa84881ef2", "rank": "1", "doc": "S51c34db5-A7345e66f", "action": "expand", "doclen": 1439, "score": 35.51503307456724}
{"type": "StanceClicked", "timestamp": "2025-06-26T11:51:12.250Z", "sessionID": "9df1f878-627b-473b-8dc6-0ffa84881ef2", "rank": "1", "stance": "pro", "action": "chooseStance", "doc": "S51c34db5-A7345e66f", "doclen": 1439, "score": 35.51503307456724}
{"type": "ClickedEndTask", "timestamp": "2025-06-26T11:51:18.402Z", "sessionID": "9df1f878-627b-473b-8dc6-0ffa84881ef2"}
{"type": "TaskEndConfirmed", "timestamp": "2025-06-26T11:51:19.874Z", "sessionID": "9df1f878-627b-473b-8dc6-0ffa84881ef2"}
{"type": "TaskEnded", "timestamp": "2025-06-26T11:51:26.218Z", "sessionID": "9df1f878-627b-473b-8dc6-0ffa84881ef2", "reason": "Zeit ist abgelaufen", "translated_reason": "Time has expired"}
