{"type": "idSubmitted", "timestamp": "2025-06-26T10:43:41.675Z", "sessionID": "0dbe50ae-cf32-44d3-acd6-f66464e71174", "uid": "Participant22"}
{"type": "TaskStarted", "timestamp": "2025-06-26T10:46:38.571Z", "sessionID": "0dbe50ae-cf32-44d3-acd6-f66464e71174", "task": "1", "uid": "Participant22", "topic": "Should recreational marijuana be legal?"}
{"type": "queryBoxFocused", "timestamp": "2025-06-26T10:46:44.127Z", "sessionID": "0dbe50ae-cf32-44d3-acd6-f66464e71174"}
{"type": "querySubmitted", "timestamp": "2025-06-26T10:46:52.028Z", "sessionID": "0dbe50ae-cf32-44d3-acd6-f66464e71174", "query": "marijuana"}
{"docno": "Sd4e0c5d8-A87acc9a4", "score": 13.578827829537866}
{"docno": "Sefda0a4-A63cb178e", "score": 13.528179340393176}
{"docno": "Sc0ff09ad-Adb818ea9", "score": 13.526466790455205}
{"docno": "Se5ccda7-A24987fd5", "score": 13.487499789004389}
{"docno": "S6231abc3-A4835258", "score": 13.467723128055475}
{"docno": "S3b0c7250-A272dae67", "score": 13.458421556282921}
{"docno": "S8b8ff60f-A51353c74", "score": 13.439743361054491}
{"docno": "Sd267a5af-A5b56c77d", "score": 13.434577781818204}
{"docno": "Sd4e0c5d8-A956078f7", "score": 13.430869524485406}
{"docno": "Sbb8abd7a-Ac32f0500", "score": 13.424491044369159}
{"docno": "S1d872123-A542f72d5", "score": 13.421661138010204}
{"docno": "Sfad1e94f-Afdcde751", "score": 13.414760820694935}
{"docno": "Se5ccda7-A2b3cc22a", "score": 13.408739602342871}
{"docno": "S7c8b175c-Aec7a8e20", "score": 13.389752345827011}
{"docno": "S86fcab75-A51790cdd", "score": 13.388447444072812}
{"docno": "Se5ccda7-A1a305ef0", "score": 13.361180878747962}
{"docno": "Sb4d28d60-Aa087d5ae", "score": 13.338384782155204}
{"docno": "S86fcab18-Ae80eab16", "score": 13.299133031973092}
{"docno": "Sb2d60365-Ad55ebaeb", "score": 13.29122845759485}
{"docno": "Sdd2367fa-A8e99b264", "score": 13.286124807221151}
{"docno": "Sc0ff09ad-A1a223f01", "score": 13.275250439435466}
{"docno": "Sd267a970-A809c0365", "score": 13.265875412254264}
{"docno": "Sd267acf3-Aa6bd58db", "score": 13.254790037347133}
{"docno": "S1e41344d-A8434cf5", "score": 13.25364244777691}
{"docno": "Sd9e09240-Adda7f7e7", "score": 13.253216250832084}
{"docno": "S4ab35585-Abf82dc54", "score": 13.253216250832084}
{"docno": "Sb075eec1-A3d85bb54", "score": 13.239493044213356}
{"docno": "S5992fb47-Af28b1906", "score": 13.23136763235971}
{"docno": "S575d7a7e-A6aeee4fa", "score": 13.23136763235971}
{"docno": "Sa9510197-Ab72decd0", "score": 13.21919819777035}
{"docno": "Sd267a533-A91175b29", "score": 13.215805528827385}
{"docno": "S8a17f4cc-A7c639d66", "score": 13.199885607713714}
{"docno": "Se5ccda7-A8583a49f", "score": 13.164990168099791}
{"docno": "S87b8c230-Ae66fa069", "score": 13.15900331946719}
{"docno": "Sc0881ce0-Ad0d4a11f", "score": 13.152942471837152}
{"docno": "S370e2932-Ab8811890", "score": 13.136365642284781}
{"docno": "Sa87b0d37-Afccae6a1", "score": 13.135078586810746}
{"docno": "S21af0c6a-Ab0c96fed", "score": 13.131681442237497}
{"docno": "S1941fd60-A278eba5e", "score": 13.128594653488317}
{"docno": "Seda04888-A6c74c8ea", "score": 13.128594653488317}
{"docno": "Se5ccda7-A3e38adcf", "score": 13.12006304570339}
{"docno": "S54c0f2f9-Ac298ee4c", "score": 13.119018972166158}
{"docno": "Sbb0f2e26-A359bc8a8", "score": 13.11011222280234}
{"docno": "Sd904448b-Ad2459d24", "score": 13.105247412445415}
{"docno": "S8b8ff60f-Aee414dea", "score": 13.099275367732071}
{"docno": "S1d872123-Ab5669adb", "score": 13.099275367732071}
{"docno": "S1e41346c-A8aae6dc", "score": 13.094501649425915}
{"docno": "S6c710081-Aeacc2ee8", "score": 13.094501649425915}
{"docno": "Saa2a4a53-A99c7a196", "score": 13.078899320829281}
{"docno": "S87b8c230-Ad7fcbd85", "score": 13.077515980625327}
{"docno": "Sffcf93d6-A3fd53ecc", "score": 13.074510078025904}
{"docno": "Sbb0f2e26-A840531a8", "score": 13.070283039918257}
{"docno": "S946d6765-A3567201", "score": 13.070075793563513}
{"docno": "S7c8b175c-A3dead14b", "score": 13.065410314430121}
{"docno": "Sf5f598f3-Aa8ff482a", "score": 13.0626772020761}
{"docno": "S21af0c6a-A5f9a6963", "score": 13.052739992787151}
{"docno": "S9821cb64-A7d435239", "score": 13.049304246425471}
{"docno": "Se5ccda7-A3cc34147", "score": 13.046851249050698}
{"docno": "Sde9f97e-A6b55083a", "score": 13.046044432811284}
{"docno": "S43987864-A7a5477fc", "score": 13.042786247441898}
{"docno": "S1d872123-A60333bed", "score": 13.034213357219107}
{"docno": "Sffcf93d6-A2605b292", "score": 13.028396796522784}
{"docno": "S7c8b175c-Ace723459", "score": 13.027306736112514}
{"docno": "S6231abc3-A66c52b40", "score": 13.004892426750226}
{"docno": "S986b9b3c-A8ea96679", "score": 12.99201560525338}
{"docno": "S6c7100de-A1031b6c6", "score": 12.991196557015003}
{"docno": "Se5ccda7-Aec715a6a", "score": 12.991196557015003}
{"docno": "S82c12bae-A631696da", "score": 12.978282790290667}
{"docno": "S59d1f934-A7f48bcc7", "score": 12.977403770249508}
{"docno": "S43710c1e-A959892e7", "score": 12.976415015020823}
{"docno": "Sbc8b6533-A2924682e", "score": 12.966746256647683}
{"docno": "S59d1f8b8-Ac1d4ed08", "score": 12.965114628600285}
{"docno": "S828401bd-A65dcb824", "score": 12.95283589213143}
{"docno": "S68b39dd8-A88146bad", "score": 12.95209724202784}
{"docno": "S657ed681-Ab31aa686", "score": 12.949140809404042}
{"docno": "Sd0a9155a-A80583af3", "score": 12.94846275941581}
{"docno": "S86fcaa7d-A355b2423", "score": 12.944411151326399}
{"docno": "Sbb0f2e26-A63294616", "score": 12.942722463090135}
{"docno": "S21ae906a-A888a31c1", "score": 12.942722463090135}
{"docno": "S44c2bf2a-A4d43725b", "score": 12.941371829701596}
{"docno": "S1e41346c-A4914920a", "score": 12.94076231353012}
{"docno": "Se3b7cf32-Ac46d5f55", "score": 12.932260815805842}
{"docno": "S9dfd7dc-Af6d14320", "score": 12.927707977423724}
{"docno": "Sfad1e94f-A46bd8b4f", "score": 12.922335370065664}
{"docno": "S946d6366-A10382a7b", "score": 12.920804494350733}
{"docno": "Sbc00ee1b-A3ec50472", "score": 12.920511659813668}
{"docno": "S8c493086-Adc897dc2", "score": 12.906682791788985}
{"docno": "S59d20059-A717e9056", "score": 12.906009180815424}
{"docno": "Sd7c339a6-A8f5e1583", "score": 12.902586940715576}
{"docno": "S942eccee-A84e1e8", "score": 12.900255509823936}
{"docno": "S1d872123-Aaf9302e1", "score": 12.894430617108812}
{"docno": "S6c71015a-A3605fbe1", "score": 12.894430617108812}
{"docno": "S35044bb3-A76f2573d", "score": 12.893264135033453}
{"docno": "S59d20059-A6e7304fa", "score": 12.889911819592173}
{"docno": "S35044b75-A6f2b8ba4", "score": 12.886229499294473}
{"docno": "S421114c2-A32a39c43", "score": 12.884886613728638}
{"docno": "S59d1fcb7-Ae1174a66", "score": 12.88302523649606}
{"docno": "S575d7a7e-Abeb20d4a", "score": 12.87622249884468}
{"docno": "S421114c2-Ac1c1f41f", "score": 12.864836923218366}
{"docno": "S2b92e4a-Ab48bb4b8", "score": 12.863431578168713}
{"type": "toggleArgument", "timestamp": "2025-06-26T10:46:57.667Z", "sessionID": "0dbe50ae-cf32-44d3-acd6-f66464e71174", "rank": "1", "doc": "Sd4e0c5d8-A87acc9a4", "action": "expand", "doclen": 1114, "score": 20.271900652213418}
{"type": "StanceClicked", "timestamp": "2025-06-26T10:47:27.819Z", "sessionID": "0dbe50ae-cf32-44d3-acd6-f66464e71174", "rank": "1", "stance": "pro", "action": "chooseStance", "doc": "Sd4e0c5d8-A87acc9a4", "doclen": 1114, "score": 20.271900652213418}
{"type": "toggleArgument", "timestamp": "2025-06-26T10:48:25.620Z", "sessionID": "0dbe50ae-cf32-44d3-acd6-f66464e71174", "rank": "2", "doc": "Sefda0a4-A63cb178e", "action": "expand", "doclen": 1484, "score": 20.54792532096735}
{"type": "toggleArgument", "timestamp": "2025-06-26T10:48:35.244Z", "sessionID": "0dbe50ae-cf32-44d3-acd6-f66464e71174", "rank": "3", "doc": "Sc0ff09ad-Adb818ea9", "action": "expand", "doclen": 327, "score": 19.50031837158295}
{"type": "toggleArgument", "timestamp": "2025-06-26T10:48:56.565Z", "sessionID": "0dbe50ae-cf32-44d3-acd6-f66464e71174", "rank": "5", "doc": "S6231abc3-A4835258", "action": "expand", "doclen": 617, "score": 21.247575814038882}
{"type": "StanceClicked", "timestamp": "2025-06-26T10:49:48.999Z", "sessionID": "0dbe50ae-cf32-44d3-acd6-f66464e71174", "rank": "1", "stance": "pro", "action": "removeStance", "doc": "Sd4e0c5d8-A87acc9a4", "doclen": 1114, "score": 20.271900652213418}
{"type": "StanceClicked", "timestamp": "2025-06-26T10:49:51.142Z", "sessionID": "0dbe50ae-cf32-44d3-acd6-f66464e71174", "rank": "1", "stance": "pro", "action": "chooseStance", "doc": "Sd4e0c5d8-A87acc9a4", "doclen": 1114, "score": 20.271900652213418}
{"type": "toggleArgument", "timestamp": "2025-06-26T10:50:06.742Z", "sessionID": "0dbe50ae-cf32-44d3-acd6-f66464e71174", "rank": "10", "doc": "Sbb8abd7a-Ac32f0500", "action": "expand", "doclen": 1625, "score": 17.725734218105387}
{"type": "toggleArgument", "timestamp": "2025-06-26T10:50:17.359Z", "sessionID": "0dbe50ae-cf32-44d3-acd6-f66464e71174", "rank": "4", "doc": "Se5ccda7-A24987fd5", "action": "expand", "doclen": 635, "score": 13.487499789004389}
{"type": "queryBoxFocused", "timestamp": "2025-06-26T10:50:30.106Z", "sessionID": "0dbe50ae-cf32-44d3-acd6-f66464e71174"}
{"type": "querySubmitted", "timestamp": "2025-06-26T10:50:32.177Z", "sessionID": "0dbe50ae-cf32-44d3-acd6-f66464e71174", "query": "weed"}
{"docno": "S35fe4b0-A4be980eb", "score": 16.373733262897343}
{"docno": "Sdb3d1255-A137a6713", "score": 16.095553557657972}
{"docno": "Se2474ae7-Afdd58fef", "score": 15.790197459491045}
{"docno": "S8930da34-A721766cd", "score": 15.740928128416943}
{"docno": "S8930da34-Ac7a57304", "score": 15.739333411713867}
{"docno": "S470eba55-A49c25a09", "score": 15.638826976080464}
{"docno": "S43ab0025-A8a77e1a0", "score": 15.623328829055975}
{"docno": "Sd6b9b1d0-A1055d17e", "score": 15.585039701661877}
{"docno": "S3eea3cad-A9306dd05", "score": 15.535486719132235}
{"docno": "S35fe4b0-A1d805d5", "score": 15.490011958513033}
{"docno": "Sb14ffcd0-Aaeb2836f", "score": 15.454286464061141}
{"docno": "S81c397b1-A2805e75f", "score": 15.449655579035124}
{"docno": "Sa05f08db-Aba3dd26d", "score": 15.43445727062531}
{"docno": "S81c397b1-A895997eb", "score": 15.385934738505453}
{"docno": "S81284fda-A6aef44e8", "score": 15.385144684800402}
{"docno": "S86fca3d4-A40cfee74", "score": 15.37617212805623}
{"docno": "S81c3980e-Abf6a6e17", "score": 15.371315976595671}
{"docno": "Sac68873d-A82ece979", "score": 15.345072090439633}
{"docno": "S16893daf-A1bb4f8e5", "score": 15.333320759527425}
{"docno": "Sd6b9b1d0-A37473b95", "score": 15.256716257268028}
{"docno": "S43ab0025-Ae27b50a3", "score": 15.13979064191215}
{"docno": "Sefda0a4-A3d78e478", "score": 15.138643203920111}
{"docno": "Seac8d55a-A3d86a0de", "score": 14.996974434958164}
{"docno": "S1d966a98-A886a795f", "score": 14.99359726319458}
{"docno": "S8930da34-Acb181339", "score": 14.945787831912224}
{"docno": "Sa05f08db-Aa1bb695b", "score": 14.945082031795973}
{"docno": "S35fe4b0-A66cde663", "score": 14.893838826615207}
{"docno": "S3eea3cad-Aac51f2ab", "score": 14.855722518437844}
{"docno": "S467e1565-Ab324dbee", "score": 14.763751031826848}
{"docno": "S4e9d44a7-A6ddb2c0f", "score": 14.719275600140346}
{"docno": "Sa05f08db-Af9ce4ab1", "score": 14.672911325722808}
{"docno": "Seec21427-Af9c31920", "score": 14.648227043816188}
{"docno": "S946d6765-A81b2fc06", "score": 14.619376482567901}
{"docno": "S14b9fbe0-A5bd95649", "score": 14.586280602205953}
{"docno": "Seec21427-A6bd505ac", "score": 14.550876572090871}
{"docno": "S54c0f2f9-A9960ffa7", "score": 14.49664860378902}
{"docno": "Seac8d55a-A9ee09a97", "score": 14.494544706238617}
{"docno": "S987a36b5-A51693237", "score": 14.468031687948685}
{"docno": "S40e4b6f7-Ac55b665f", "score": 14.434272499761807}
{"docno": "Sc886388e-A430f9dfb", "score": 14.38784155255096}
{"docno": "S21e7385d-A74b78baa", "score": 14.38317941094632}
{"docno": "Sd6b9b1d0-A15218e20", "score": 14.318409447333567}
{"docno": "Se8143261-A19b854d9", "score": 14.254220209480245}
{"docno": "Sd3f81495-A3d717cb0", "score": 14.193629009892675}
{"docno": "S17e94e37-A43e5fe89", "score": 14.190603922085515}
{"docno": "S81284fda-A2f6a788f", "score": 14.162019873428882}
{"docno": "S11a47e3f-Ad5510f58", "score": 14.150512227082332}
{"docno": "S81c397d0-A6a62dd41", "score": 14.14372275199275}
{"docno": "Sa60317da-A6644d857", "score": 14.127552948035822}
{"docno": "S321b1ccd-A47cfc6e8", "score": 14.108653074267698}
{"docno": "Sb4affe28-A6143fccc", "score": 14.069305588571002}
{"docno": "S321aa0ae-A88751453", "score": 14.067040841242214}
{"docno": "S81c397ef-Ae5c170d3", "score": 14.00311706419647}
{"docno": "S8930da34-A18547cf", "score": 13.986506885860718}
{"docno": "S6c710062-Aef31bcd6", "score": 13.941717544010325}
{"docno": "S1acb616e-Aac60cc20", "score": 13.919126294633788}
{"docno": "S85f0ebb7-A251876d3", "score": 13.820519773694228}
{"docno": "S9e4b62f3-A2d6e95c2", "score": 13.799964054708298}
{"docno": "S8930da34-A19990df5", "score": 13.793405776070937}
{"docno": "S4bab9c4c-A73f1d473", "score": 13.760707663688912}
{"docno": "S1d966a98-A69d68d18", "score": 13.760707663688912}
{"docno": "S81c3980e-Aa83c58c4", "score": 13.664032212769724}
{"docno": "Sb9569921-Afee7f310", "score": 13.587664420247984}
{"docno": "S81284fda-Ab6a6fb0e", "score": 13.584337762004703}
{"docno": "Sd1d7bd91-A474ef0e1", "score": 13.54759413472004}
{"docno": "S14c97916-A1d0de279", "score": 13.526548195902341}
{"docno": "S40e4b6f7-Ac15bff22", "score": 13.500574312152837}
{"docno": "S81c3980e-A7cfb2b67", "score": 13.495391500914934}
{"docno": "S81c397ef-A81462033", "score": 13.473336636349527}
{"docno": "S85f0ebb7-Ac79d289f", "score": 13.469248235837217}
{"docno": "S81284fda-Ab07645e8", "score": 13.443493733013469}
{"docno": "S3eea3cad-Ac0975cd3", "score": 13.433123743655457}
{"docno": "S43ab0025-A404c0b24", "score": 13.433123743655457}
{"docno": "S9726e0f0-A2202190e", "score": 13.412431685978946}
{"docno": "Sfa1a69b6-A8a36e011", "score": 13.386893796365891}
{"docno": "Sde0625d3-Ac8e369dd", "score": 13.359665655213165}
{"docno": "S59d1f87a-Aaf107316", "score": 13.358772175831168}
{"docno": "S9b5fb463-Aafc7c748", "score": 13.356092454600061}
{"docno": "S40d97d71-A3ef702d7", "score": 13.283472153662972}
{"docno": "S6231ab47-Ac3f60563", "score": 13.275111770042072}
{"docno": "S800e7b12-A7a8f2950", "score": 13.244822087875873}
{"docno": "S4cb6dfdb-A7ca67599", "score": 13.239554725942211}
{"docno": "S7acefaa0-A36c542fc", "score": 13.225942040306334}
{"docno": "S86fca3d4-A8364140", "score": 13.182076406899805}
{"docno": "Sd1d7bd91-A8cb05d36", "score": 13.130209704231811}
{"docno": "S14c97916-A9c733f74", "score": 13.081349881815814}
{"docno": "Sc0b1c40c-A6f02589c", "score": 13.081349881815814}
{"docno": "S14f6b01f-A1d6dcf0e", "score": 13.027752197187358}
{"docno": "Sb9e1a102-A31978ca5", "score": 12.974591927597368}
{"docno": "S7d4151ce-A3b159475", "score": 12.967041631739125}
{"docno": "Sce6b504-A980488aa", "score": 12.958649301906119}
{"docno": "Sc886388e-Ae912e15e", "score": 12.923535827276085}
{"docno": "S81c3980e-A17da6be", "score": 12.923535827276085}
{"docno": "S48897f5d-Afd77c29", "score": 12.916850073793274}
{"docno": "Sefda0a4-Ab1058cc5", "score": 12.916850073793274}
{"docno": "S3eea3cad-A5d9409ca", "score": 12.888612129252227}
{"docno": "S22c0034a-A5c9b8e29", "score": 12.817682709936717}
{"docno": "Sde0625d3-A55d4d4f8", "score": 12.812749546470572}
{"docno": "S815a073a-A71a4a8e2", "score": 12.716787157946598}
{"docno": "Scb5533dc-A8ec9b2ae", "score": 12.710313555036347}
{"type": "queryBoxFocused", "timestamp": "2025-06-26T10:50:34.843Z", "sessionID": "0dbe50ae-cf32-44d3-acd6-f66464e71174"}
{"type": "querySubmitted", "timestamp": "2025-06-26T10:50:40.265Z", "sessionID": "0dbe50ae-cf32-44d3-acd6-f66464e71174", "query": "weed legal"}
{"docno": "S470eba55-A49c25a09", "score": 23.29253647067517}
{"docno": "Sdb3d1255-A137a6713", "score": 22.788626380333525}
{"docno": "S1d966a98-A886a795f", "score": 22.71666889723372}
{"docno": "S8930da34-A721766cd", "score": 22.58312918201823}
{"docno": "Sd6b9b1d0-A1055d17e", "score": 22.582214015158957}
{"docno": "Sac68873d-A82ece979", "score": 22.48558104474575}
{"docno": "S11a47e3f-Ad5510f58", "score": 22.366809894306705}
{"docno": "Sd6b9b1d0-A37473b95", "score": 22.33550070764938}
{"docno": "S81c397b1-A895997eb", "score": 22.00282248757065}
{"docno": "S54c0f2f9-A9960ffa7", "score": 21.96374630257714}
{"docno": "Sa05f08db-Aba3dd26d", "score": 21.88081518728695}
{"docno": "S43ab0025-Ae27b50a3", "score": 21.795730344611208}
{"docno": "S1acb616e-Aac60cc20", "score": 21.756089440292435}
{"docno": "Sd6b9b1d0-A15218e20", "score": 21.69369770578976}
{"docno": "Sa05f08db-Aa1bb695b", "score": 21.60286760222663}
{"docno": "Sa05f08db-Af9ce4ab1", "score": 21.552518465160436}
{"docno": "S8930da34-Ac7a57304", "score": 21.462674976219702}
{"docno": "S43ab0025-A8a77e1a0", "score": 21.229132327171897}
{"docno": "S81c397ef-Ae5c170d3", "score": 21.21600095644949}
{"docno": "Seec21427-Af9c31920", "score": 20.94354838315806}
{"docno": "Sefda0a4-A3d78e478", "score": 20.943120570673447}
{"docno": "S59d1f87a-Aaf107316", "score": 20.917771807662582}
{"docno": "S946d6765-A81b2fc06", "score": 20.89403478693655}
{"docno": "S8930da34-Acb181339", "score": 20.850589807613062}
{"docno": "Sce6b504-A980488aa", "score": 20.770013878566914}
{"docno": "S3eea3cad-Aac51f2ab", "score": 20.423412182181554}
{"docno": "S987a36b5-A51693237", "score": 20.380278174218436}
{"docno": "S86fca3d4-A40cfee74", "score": 20.22078736479707}
{"docno": "S81c397b1-A2805e75f", "score": 20.141603893132128}
{"docno": "S3eea3cad-A9306dd05", "score": 20.108282883353944}
{"docno": "S81c397ef-A81462033", "score": 19.854319093079532}
{"docno": "Sb9e1a102-A31978ca5", "score": 19.65769146137201}
{"docno": "S1c82900b-A5320f440", "score": 19.639093452094855}
{"docno": "Sb4affe28-A6143fccc", "score": 19.61426232532337}
{"docno": "Seec21427-Ab70c799d", "score": 19.611227787176297}
{"docno": "Sefda0a4-Ab1058cc5", "score": 19.57020728053437}
{"docno": "S6231ab47-Ac3f60563", "score": 19.541385563606802}
{"docno": "Sce6b504-A47a3d687", "score": 19.50943790554222}
{"docno": "S6c7100de-Abb0d188d", "score": 19.50943790554222}
{"docno": "S8930da34-A19990df5", "score": 19.498714164316777}
{"docno": "S14b9fbe0-A5bd95649", "score": 19.469877634260225}
{"docno": "S4bab9c4c-A73f1d473", "score": 19.444326019212546}
{"docno": "S1d966a98-A69d68d18", "score": 19.444326019212546}
{"docno": "S470eba55-Af14dea4", "score": 19.388562485392008}
{"docno": "S8c64bcd7-Aa39b5216", "score": 19.257285596069387}
{"docno": "Seec21427-A6bd505ac", "score": 19.201582471092852}
{"docno": "S81284fda-Ab6a6fb0e", "score": 19.152027425748415}
{"docno": "S14c97916-A1d0de279", "score": 19.05663879694216}
{"docno": "S9e4b62f3-A2d6e95c2", "score": 18.998239475875508}
{"docno": "Sde4185f8-A471278cb", "score": 18.96262987057002}
{"docno": "S85f0ebb7-Ac79d289f", "score": 18.962244186910898}
{"docno": "S6c710062-A55e03e28", "score": 18.954213466046337}
{"docno": "S32391c6d-Ace007eb5", "score": 18.954213466046337}
{"docno": "S81c3984c-Ada2e6765", "score": 18.954213466046337}
{"docno": "S11a47e3f-Af263c231", "score": 18.95152004956029}
{"docno": "Sc886388e-A430f9dfb", "score": 18.911325003434065}
{"docno": "S986b9b3c-Afd47e9a1", "score": 18.90711230849186}
{"docno": "S9fc03509-A22b91ad1", "score": 18.90142828095466}
{"docno": "S43ab0025-A24f301b", "score": 18.806226794099498}
{"docno": "S946d6765-Aaf2dd630", "score": 18.806226794099498}
{"docno": "S9b5fb463-Aafc7c748", "score": 18.776372279544802}
{"docno": "Sc886388e-Ae912e15e", "score": 18.729978647227046}
{"docno": "S3eea3cad-A5d9409ca", "score": 18.674542236708675}
{"docno": "S43ab0025-A7584d41d", "score": 18.66053305751253}
{"docno": "Sb9569921-Afee7f310", "score": 18.641572522091167}
{"docno": "S9b5fb463-A3850265", "score": 18.517079375156094}
{"docno": "S81284fda-A2f6a788f", "score": 18.515999329789146}
{"docno": "S5703a6b0-Add1fbbfd", "score": 18.40891873004732}
{"docno": "S7147d80a-Aeffe68c9", "score": 18.34502500205504}
{"docno": "S81c3980e-Aa83c58c4", "score": 18.341301348265358}
{"docno": "S86fca3d4-A8364140", "score": 17.970040339944564}
{"docno": "S81c397d0-A6a62dd41", "score": 17.968913072803105}
{"docno": "S4bab9c4c-Abdd45cb", "score": 17.964662781200875}
{"docno": "S3eea3cad-Ac0975cd3", "score": 17.95541424823997}
{"docno": "S590b30db-A3570645c", "score": 17.80630576537834}
{"docno": "S81284fda-Ac52c0f6e", "score": 17.783963280804002}
{"docno": "Seec21427-Ae7e5b3e6", "score": 17.53403907614086}
{"docno": "S43710c1e-A34642c6e", "score": 17.495167499040924}
{"docno": "S35fe4b0-A66cde663", "score": 17.4206761826509}
{"docno": "S40e4b6f7-Ac15bff22", "score": 17.398597466422594}
{"docno": "S81284fda-Ab07645e8", "score": 17.304757049926422}
{"docno": "Se73792d8-A48b1b126", "score": 17.304586297359673}
{"docno": "S8930da34-A18547cf", "score": 17.30080598682898}
{"docno": "S44c2bf2a-Aee4342d2", "score": 17.300107539393057}
{"docno": "Sd5549215-A3b8c6d5e", "score": 17.260479630372643}
{"docno": "S40e4b6f7-Aa10248d3", "score": 17.260479630372643}
{"docno": "S2c3f2b73-Afeec734a", "score": 17.20775971521971}
{"docno": "S81c3980e-A17da6be", "score": 17.121283116398008}
{"docno": "S48f32dd1-A78075363", "score": 17.11205630278148}
{"docno": "Sa4dc83df-Abe2842e7", "score": 17.107626978859848}
{"docno": "S40e4b6f7-A720f5c68", "score": 17.07330926219327}
{"docno": "S7d4151ce-Afea95959", "score": 17.015178215422345}
{"docno": "Seec21427-A88b4d072", "score": 16.96169441398295}
{"docno": "S4ba7c7b4-A56577fed", "score": 16.88149737303243}
{"docno": "S59d1fc1c-A6147dc2f", "score": 16.86698652993753}
{"docno": "Sce6b504-A1bcc0cb3", "score": 16.831486690853524}
{"docno": "S575d7777-Ac1edaa99", "score": 16.80303463906723}
{"docno": "S58074cce-A7a2e065c", "score": 16.797044146446503}
{"docno": "S815a073a-A71a4a8e2", "score": 16.789278749932535}
{"docno": "S6c124e26-A92bd6496", "score": 16.740079943732287}
{"type": "toggleArgument", "timestamp": "2025-06-26T10:50:50.976Z", "sessionID": "0dbe50ae-cf32-44d3-acd6-f66464e71174", "rank": "1", "doc": "S470eba55-A49c25a09", "action": "expand", "doclen": 2223, "score": 15.638826976080464}
{"type": "StanceClicked", "timestamp": "2025-06-26T10:51:13.105Z", "sessionID": "0dbe50ae-cf32-44d3-acd6-f66464e71174", "rank": "1", "stance": "pro", "action": "chooseStance", "doc": "S470eba55-A49c25a09", "doclen": 2223, "score": 15.638826976080464}
{"type": "toggleArgument", "timestamp": "2025-06-26T10:51:17.441Z", "sessionID": "0dbe50ae-cf32-44d3-acd6-f66464e71174", "rank": "2", "doc": "Sdb3d1255-A137a6713", "action": "expand", "doclen": 841, "score": 16.095553557657972}
{"type": "StanceClicked", "timestamp": "2025-06-26T10:51:35.770Z", "sessionID": "0dbe50ae-cf32-44d3-acd6-f66464e71174", "rank": "2", "stance": "pro", "action": "chooseStance", "doc": "Sdb3d1255-A137a6713", "doclen": 841, "score": 16.095553557657972}
{"type": "toggleArgument", "timestamp": "2025-06-26T10:51:41.889Z", "sessionID": "0dbe50ae-cf32-44d3-acd6-f66464e71174", "rank": "5", "doc": "Sd6b9b1d0-A1055d17e", "action": "expand", "doclen": 444, "score": 15.585039701661877}
{"type": "StanceClicked", "timestamp": "2025-06-26T10:51:54.355Z", "sessionID": "0dbe50ae-cf32-44d3-acd6-f66464e71174", "rank": "5", "stance": "con", "action": "chooseStance", "doc": "Sd6b9b1d0-A1055d17e", "doclen": 444, "score": 15.585039701661877}
{"type": "toggleArgument", "timestamp": "2025-06-26T10:52:04.049Z", "sessionID": "0dbe50ae-cf32-44d3-acd6-f66464e71174", "rank": "7", "doc": "S11a47e3f-Ad5510f58", "action": "expand", "doclen": 661, "score": 8.216297667224374}
{"type": "queryBoxFocused", "timestamp": "2025-06-26T10:52:18.117Z", "sessionID": "0dbe50ae-cf32-44d3-acd6-f66464e71174"}
{"type": "querySubmitted", "timestamp": "2025-06-26T10:52:26.427Z", "sessionID": "0dbe50ae-cf32-44d3-acd6-f66464e71174", "query": "marijuana legal"}
{"docno": "S54c0f2f9-Ac298ee4c", "score": 21.30662592066715}
{"docno": "S6231abc3-A4835258", "score": 21.247575814038882}
{"docno": "S8a17f4cc-A7c639d66", "score": 21.188447903194255}
{"docno": "S1d872123-Aaf9302e1", "score": 20.94187150743722}
{"docno": "Sd9e09240-Adda7f7e7", "score": 20.90526980217969}
{"docno": "S946d6366-A10382a7b", "score": 20.84266961653362}
{"docno": "Sd0a9155a-A80583af3", "score": 20.807064700414294}
{"docno": "S59d1f8b8-Ac1d4ed08", "score": 20.78209949062267}
{"docno": "S3f13792b-Aca7a01b6", "score": 20.637657500057607}
{"docno": "S370e2932-Ab8811890", "score": 20.63087901338738}
{"docno": "S5811e650-A5d39832", "score": 20.610597295073816}
{"docno": "S575d7a7e-A6aeee4fa", "score": 20.58563188893591}
{"docno": "S6c7100de-A1031b6c6", "score": 20.57296748667033}
{"docno": "S86fcab18-Ae80eab16", "score": 20.52945879181311}
{"docno": "Se5ccda7-A1a305ef0", "score": 20.480010493700103}
{"docno": "S8b8ff60f-A2d8b1d5e", "score": 20.459675806082142}
{"docno": "S6231a7a5-Afd4d0577", "score": 20.292187679223865}
{"docno": "S575d7a7e-Abeb20d4a", "score": 20.291953920355454}
{"docno": "Sd4e0c5d8-A87acc9a4", "score": 20.271900652213418}
{"docno": "S86fcaef8-A523fc164", "score": 20.252156750593507}
{"docno": "S4ab35585-Abf82dc54", "score": 20.250390564329166}
{"docno": "S59d1f8b8-A55d38144", "score": 20.211967435680503}
{"docno": "S59d17cd7-Af8d1e0cf", "score": 20.19298521939908}
{"docno": "S59d17c99-A2af027ab", "score": 20.188098240783265}
{"docno": "S90bdd4aa-Aabb531c1", "score": 20.172318755044667}
{"docno": "S819bc15b-A87af54ff", "score": 20.172318755044667}
{"docno": "Scd0c01b4-A68a519fe", "score": 20.169541284567096}
{"docno": "Sd9e092bc-Aa189dffb", "score": 20.132405312158347}
{"docno": "Sd4e0c5d8-A956078f7", "score": 20.105757150331158}
{"docno": "S8b8ff60f-A4b86ce69", "score": 20.10229158290025}
{"docno": "S86fcab18-A3e0a3c2d", "score": 20.100782409938194}
{"docno": "S2b92e4a-A77a23a37", "score": 20.097764743716017}
{"docno": "Se3b7cf32-Ac46d5f55", "score": 20.094913965636522}
{"docno": "S6231a821-A4c7b0357", "score": 20.081502471370435}
{"docno": "Sd9c294ad-Ae75a47f8", "score": 20.037780548623797}
{"docno": "Sd9c294ad-A765708ea", "score": 20.023274635680373}
{"docno": "S9821cb64-A7d435239", "score": 20.01812741816019}
{"docno": "Sd3fcb9ba-Abfc0bba0", "score": 20.00341826628224}
{"docno": "S59d1fc3b-A20e9dd13", "score": 19.95949811127353}
{"docno": "Se5ccda7-A2b3cc22a", "score": 19.958212197426562}
{"docno": "S59d1f8b8-A137928fe", "score": 19.955214879243975}
{"docno": "S6c710062-A4612d797", "score": 19.93586416427355}
{"docno": "S1e41346c-A8aae6dc", "score": 19.916794390065718}
{"docno": "S1e41344d-A8434cf5", "score": 19.909582150475966}
{"docno": "S4d3852ce-A7a9cb25c", "score": 19.892152254230638}
{"docno": "S6231aba4-A96cf47d4", "score": 19.89150289216733}
{"docno": "Sfad1e94f-Afdcde751", "score": 19.878890592245547}
{"docno": "Sb075eec1-A3d85bb54", "score": 19.878305131150288}
{"docno": "Sd9e092bc-A4ce2898d", "score": 19.87817008792762}
{"docno": "S34ee1a0c-A9939ab07", "score": 19.87169693697591}
{"docno": "S54c0f27d-Ac24a505d", "score": 19.85112249114876}
{"docno": "Sd9e09240-Abcba1810", "score": 19.849008274417088}
{"docno": "Sb9e1a102-Aa7de52df", "score": 19.757495896966095}
{"docno": "S8c493086-Adc897dc2", "score": 19.730332928342847}
{"docno": "Sd267a533-A8a9f4481", "score": 19.730057638383627}
{"docno": "S68b39dd8-A88146bad", "score": 19.7200254544987}
{"docno": "Seec21427-Ab61404e", "score": 19.6875453429801}
{"docno": "Scb307ee3-Af12a925d", "score": 19.61815496109863}
{"docno": "S87b8c230-A6a2e950b", "score": 19.617508150736327}
{"docno": "S21af0c6a-A41964788", "score": 19.595313656355337}
{"docno": "S7c8b175c-Ace723459", "score": 19.591157089530444}
{"docno": "Sdff8f1b4-A45f6d106", "score": 19.587029309085377}
{"docno": "S1d872123-Ab5669adb", "score": 19.571106357286276}
{"docno": "S86da9e6a-A53cdcfb6", "score": 19.56518549667241}
{"docno": "S90bdd4aa-A14f54ab9", "score": 19.561983195028066}
{"docno": "S370e2913-Ac02896f", "score": 19.55105472101463}
{"docno": "S6c7100fd-Aaabc1276", "score": 19.54763548084584}
{"docno": "S59d1f8b8-A16aae563", "score": 19.54478160198383}
{"docno": "S86fca3d4-A539b2d72", "score": 19.541792915618007}
{"docno": "Sd7c339a6-A8f5e1583", "score": 19.519474689780772}
{"docno": "S59d1f8b8-Ad391c12e", "score": 19.50307373784606}
{"docno": "S4d3852ce-A5cf38a0d", "score": 19.50060003719146}
{"docno": "Sc0ff09ad-Adb818ea9", "score": 19.50031837158295}
{"docno": "S941c9e91-A65021bd7", "score": 19.498720354376808}
{"docno": "S657ed6a0-Acb78d40a", "score": 19.49789365996932}
{"docno": "S5703a6b0-Add1fbbfd", "score": 19.463192306771944}
{"docno": "S3e291606-A65141fa5", "score": 19.45510208200197}
{"docno": "Sd3fcb99b-Abad39fda", "score": 19.441274504971823}
{"docno": "Sa87b0d37-Afccae6a1", "score": 19.433482948053975}
{"docno": "S6231ab47-A2648fac7", "score": 19.395237086473376}
{"docno": "Sd4e0c5b9-Afdc7d8ac", "score": 19.375849870275136}
{"docno": "S86fca776-A351d1c9", "score": 19.369956954252785}
{"docno": "Sb070007d-A714eebcc", "score": 19.36715471663633}
{"docno": "S86da9e6a-A6f519bfe", "score": 19.36455716027843}
{"docno": "S56442e59-A1ac0fa6c", "score": 19.353916902046947}
{"docno": "S3b0c7250-A272dae67", "score": 19.327284573596117}
{"docno": "Sd4e0c5b9-Aa18446bb", "score": 19.32332771593818}
{"docno": "S6231a767-A2555b801", "score": 19.305888251931215}
{"docno": "S6c71011c-A54dad177", "score": 19.283712240241638}
{"docno": "S815a073a-A917c59cb", "score": 19.268101571484273}
{"docno": "Sd9e0929d-Afb989c19", "score": 19.260121507738017}
{"docno": "S111ea869-A84001f7b", "score": 19.253288252230668}
{"docno": "S72a6f1e7-A79c9272a", "score": 19.23652677703152}
{"docno": "S21ae906a-A888a31c1", "score": 19.23383258498192}
{"docno": "S815a0e5f-A8449bfed", "score": 19.21974677490038}
{"docno": "Sfa1a69b6-A4927216b", "score": 19.20826999628477}
{"docno": "S678a1efc-A20e82ee6", "score": 19.20826999628477}
{"docno": "S6231af27-A68201b32", "score": 19.205035585786504}
{"docno": "Se10704a3-A328249e9", "score": 19.197562915277906}
{"docno": "S4d3852ce-Ab0de595d", "score": 19.196708493036386}
{"type": "toggleArgument", "timestamp": "2025-06-26T10:52:31.386Z", "sessionID": "0dbe50ae-cf32-44d3-acd6-f66464e71174", "rank": "1", "doc": "S54c0f2f9-Ac298ee4c", "action": "expand", "doclen": 190, "score": 21.30662592066715}
{"type": "toggleArgument", "timestamp": "2025-06-26T10:52:32.834Z", "sessionID": "0dbe50ae-cf32-44d3-acd6-f66464e71174", "rank": "1", "doc": "S54c0f2f9-Ac298ee4c", "action": "reduce", "doclen": 190, "score": 21.30662592066715}
{"type": "toggleArgument", "timestamp": "2025-06-26T10:52:40.721Z", "sessionID": "0dbe50ae-cf32-44d3-acd6-f66464e71174", "rank": "4", "doc": "S1d872123-Aaf9302e1", "action": "expand", "doclen": 449, "score": 20.94187150743722}
{"type": "toggleArgument", "timestamp": "2025-06-26T10:53:02.994Z", "sessionID": "0dbe50ae-cf32-44d3-acd6-f66464e71174", "rank": "3", "doc": "S8a17f4cc-A7c639d66", "action": "expand", "doclen": 437, "score": 21.188447903194255}
{"type": "StanceClicked", "timestamp": "2025-06-26T10:53:28.323Z", "sessionID": "0dbe50ae-cf32-44d3-acd6-f66464e71174", "rank": "3", "stance": "pro", "action": "chooseStance", "doc": "S8a17f4cc-A7c639d66", "doclen": 437, "score": 21.188447903194255}
{"type": "toggleArgument", "timestamp": "2025-06-26T10:53:34.323Z", "sessionID": "0dbe50ae-cf32-44d3-acd6-f66464e71174", "rank": "5", "doc": "Sd9e09240-Adda7f7e7", "action": "expand", "doclen": 445, "score": 20.90526980217969}
{"type": "toggleArgument", "timestamp": "2025-06-26T10:54:02.306Z", "sessionID": "0dbe50ae-cf32-44d3-acd6-f66464e71174", "rank": "10", "doc": "S370e2932-Ab8811890", "action": "expand", "doclen": 2639, "score": 20.63087901338738}
{"type": "toggleArgument", "timestamp": "2025-06-26T10:54:39.115Z", "sessionID": "0dbe50ae-cf32-44d3-acd6-f66464e71174", "rank": "9", "doc": "S3f13792b-Aca7a01b6", "action": "expand", "doclen": 501, "score": 20.637657500057607}
{"type": "pageNavigationClicked", "timestamp": "2025-06-26T10:55:01.074Z", "sessionID": "0dbe50ae-cf32-44d3-acd6-f66464e71174", "clicked": "2", "fromPage": 1, "toPage": 2}
{"type": "toggleArgument", "timestamp": "2025-06-26T10:55:03.730Z", "sessionID": "0dbe50ae-cf32-44d3-acd6-f66464e71174", "rank": "12", "doc": "S575d7a7e-A6aeee4fa", "action": "expand", "doclen": 496, "score": 20.58563188893591}
{"type": "toggleArgument", "timestamp": "2025-06-26T10:55:28.674Z", "sessionID": "0dbe50ae-cf32-44d3-acd6-f66464e71174", "rank": "11", "doc": "S5811e650-A5d39832", "action": "expand", "doclen": 1926, "score": 20.610597295073816}
{"type": "StanceClicked", "timestamp": "2025-06-26T10:56:15.691Z", "sessionID": "0dbe50ae-cf32-44d3-acd6-f66464e71174", "rank": "11", "stance": "con", "action": "chooseStance", "doc": "S5811e650-A5d39832", "doclen": 1926, "score": 20.610597295073816}
{"type": "toggleArgument", "timestamp": "2025-06-26T10:56:35.331Z", "sessionID": "0dbe50ae-cf32-44d3-acd6-f66464e71174", "rank": "17", "doc": "S6231a7a5-Afd4d0577", "action": "expand", "doclen": 331, "score": 20.292187679223865}
{"type": "queryBoxFocused", "timestamp": "2025-06-26T10:56:42.516Z", "sessionID": "0dbe50ae-cf32-44d3-acd6-f66464e71174"}
{"type": "querySubmitted", "timestamp": "2025-06-26T10:56:46.755Z", "sessionID": "0dbe50ae-cf32-44d3-acd6-f66464e71174", "query": "canabis"}
{"docno": "Sd01b23a3-Ae50decda", "score": 9.431278148954004}
{"type": "queryBoxFocused", "timestamp": "2025-06-26T10:56:48.990Z", "sessionID": "0dbe50ae-cf32-44d3-acd6-f66464e71174"}
{"type": "ClickedEndTask", "timestamp": "2025-06-26T10:57:03.219Z", "sessionID": "0dbe50ae-cf32-44d3-acd6-f66464e71174"}
{"type": "TaskEndConfirmed", "timestamp": "2025-06-26T10:57:07.594Z", "sessionID": "0dbe50ae-cf32-44d3-acd6-f66464e71174"}
{"type": "TaskEnded", "timestamp": "2025-06-26T10:57:33.762Z", "sessionID": "0dbe50ae-cf32-44d3-acd6-f66464e71174", "reason": "zeit zu ende", "translated_reason": "time to end"}
