{"type": "TaskStarted", "timestamp": "2025-06-26T10:37:20.409Z", "sessionID": "59107ccf-6465-4fdf-bd4a-4986a2f92916", "task": "2", "uid": "Participant1", "topic": "Is cell phone radiation safe?"}
{"type": "queryBoxFocused", "timestamp": "2025-06-26T10:37:28.029Z", "sessionID": "59107ccf-6465-4fdf-bd4a-4986a2f92916"}
{"type": "querySubmitted", "timestamp": "2025-06-26T10:37:43.475Z", "sessionID": "59107ccf-6465-4fdf-bd4a-4986a2f92916", "query": "phone radiation "}
{"docno": "Sb2b3385f-A822a0aa7", "score": 26.464080861758532}
{"docno": "Sb61f3301-A3215c02d", "score": 25.850617783168694}
{"docno": "Sb2b3385f-Abca9ed6a", "score": 25.65140324929689}
{"docno": "S1a94f253-Ae467a168", "score": 24.896044719752126}
{"docno": "Se4f285c5-Aec02c727", "score": 24.379024883686206}
{"docno": "S1a94f253-Ace6f4c21", "score": 24.228351235589418}
{"docno": "S1a94f253-A5d4b2c6b", "score": 24.2004382657434}
{"docno": "Sfa5da6ff-A35883742", "score": 24.14570499584677}
{"docno": "S9e69ad73-A41bb290e", "score": 23.298228547836416}
{"docno": "Sa6bcbd59-A90bc6c9b", "score": 22.98979711531682}
{"docno": "S1a94f253-Acdd10265", "score": 22.451547068160384}
{"docno": "Se4f285c5-Ad1701d71", "score": 21.788845301235156}
{"docno": "Se4620c33-A82ba7899", "score": 21.640617186506603}
{"docno": "Sfa5da6ff-A60bc6918", "score": 21.62825109760351}
{"docno": "Sb2b3385f-Ace282daf", "score": 21.431778500394813}
{"docno": "S1a94f253-A15c1c08b", "score": 21.01732266319564}
{"docno": "Sfa5da6ff-A72a08078", "score": 20.546052363677543}
{"docno": "S27983569-A24e1a6cd", "score": 20.12435144185426}
{"docno": "Sb2b3385f-A3ec43864", "score": 19.966800401324292}
{"docno": "S1a94f253-Af84dc467", "score": 19.31038436791463}
{"docno": "S9793293e-Afb170a31", "score": 17.485913408005153}
{"docno": "Sb986bc28-Ae448685f", "score": 17.0144312443627}
{"docno": "Sb4dd79ec-Ae5dbb839", "score": 16.975192362299545}
{"docno": "S6c1e3b72-A50e01712", "score": 16.691289867623365}
{"docno": "Sb2b3385f-A3bf270bb", "score": 16.200807665595853}
{"docno": "Sa56ddab0-A4dc3fac4", "score": 16.171122485089725}
{"docno": "S691fdd5d-A97180196", "score": 15.815741407393778}
{"docno": "Sa56dda72-A62edb096", "score": 15.799595244147048}
{"docno": "S8fa3dac7-Add3782e9", "score": 15.794025794913736}
{"docno": "S1cf220fb-A333e4a1a", "score": 15.699929167843758}
{"docno": "S8df146e9-A8106ab80", "score": 15.305910936034516}
{"docno": "S115e5bd5-A857d9d65", "score": 15.210056489784447}
{"docno": "S30ea3b12-A22d64218", "score": 15.14819502935463}
{"docno": "Se07687cb-Af93f364e", "score": 15.081541951589651}
{"docno": "Sa56ddab0-A2fcfaea8", "score": 15.035985346633817}
{"docno": "S1dbbe3ed-A74bd4385", "score": 14.943550142542573}
{"docno": "Sb0dc1038-Ac01707c4", "score": 14.943550142542573}
{"docno": "S8df146e9-A9922fb86", "score": 14.900952048030081}
{"docno": "S6b39278a-A2bbaee0a", "score": 14.765461620891022}
{"docno": "Sa56ddab0-Aff7ba1", "score": 14.735018709270287}
{"docno": "S58b78f40-Aca1427e6", "score": 14.649832217093985}
{"docno": "S4e73d83-Abfbd9af9", "score": 14.61756639755356}
{"docno": "Saecf7370-Af462a777", "score": 14.460696796544319}
{"docno": "Sa56dda72-A672bac2d", "score": 14.38423160780515}
{"docno": "Sa56dda91-A5cea45d", "score": 14.36446789269608}
{"docno": "S74be2e10-A38b82e49", "score": 14.361499140360113}
{"docno": "Sd5824862-A92723005", "score": 14.263204725609755}
{"docno": "S5bf1ee98-Aa5c6da7b", "score": 14.262554166806428}
{"docno": "Sa56ddab0-A45d66079", "score": 13.980237593394566}
{"docno": "Sa56dda15-A7da93df3", "score": 13.88091137003957}
{"docno": "Se96e0da1-Ac733993e", "score": 13.826390539416323}
{"docno": "S90118de4-A1990e4c0", "score": 13.807580316331235}
{"docno": "S91a1b22c-A77ad52ac", "score": 13.765748421588514}
{"docno": "Sf2f807ce-Aedcb6e79", "score": 13.710683817922959}
{"docno": "Sb2b3385f-Aca0e4897", "score": 13.70347368672479}
{"docno": "Sc25c7b05-A37ac2912", "score": 13.67302234073896}
{"docno": "S6c36767f-A84281c9", "score": 13.652480648083538}
{"docno": "Sf932d81d-Af56945c", "score": 13.598316702271251}
{"docno": "S92418529-Af56981d", "score": 13.598316702271251}
{"docno": "Sa56ddab0-Afb56f43a", "score": 13.59654289251679}
{"docno": "S4681bb43-A33143bc5", "score": 13.480798790635241}
{"docno": "S1d46dcc9-Af09b0bb0", "score": 13.43144652823597}
{"docno": "S30ea3b12-A976a6470", "score": 13.379018849827203}
{"docno": "S458aa2e-A15bcc21a", "score": 13.37730178702286}
{"docno": "S92418529-Ad91aba86", "score": 13.323591828822591}
{"docno": "S3b9e766e-A57b2ffe5", "score": 13.294623911098055}
{"docno": "Sb09e52c4-A146174e", "score": 13.165018905882338}
{"docno": "Sc4c16da0-Aec545424", "score": 13.165018905882338}
{"docno": "S7a01164-A91115b72", "score": 13.162695756478366}
{"docno": "Sa406b769-A2f667079", "score": 13.105606997431552}
{"docno": "Sabec10c3-A906e3e8f", "score": 13.074940868822228}
{"docno": "S2ad5f003-Adcb235f2", "score": 13.06705829473378}
{"docno": "S4681bb43-A8342f184", "score": 13.0564758107939}
{"docno": "S19b45e30-Aa64fd576", "score": 13.0564758107939}
{"docno": "S61faf587-A406aa97b", "score": 13.05235435406726}
{"docno": "Sd1a8761c-Aa14a29f8", "score": 13.033102831244952}
{"docno": "S82f74dcf-Abee55689", "score": 13.028829151673225}
{"docno": "S7cb4f197-A327fa24a", "score": 13.023836291959444}
{"docno": "S99ea8c11-Aa3be6750", "score": 13.010176151257456}
{"docno": "S1fdda57c-A6170581a", "score": 12.956661308401406}
{"docno": "S4d805b9f-A2a5f492f", "score": 12.95453623909629}
{"docno": "S3b9e766e-A8184c1fb", "score": 12.936520598365133}
{"docno": "S1dbbe3ed-A93f5d79d", "score": 12.908955472478413}
{"docno": "Sb8254595-A185f2e70", "score": 12.880812345629339}
{"docno": "Sba768d85-Aa9438981", "score": 12.854162034679552}
{"docno": "S577f5ccd-Af9a9eeb9", "score": 12.81439270092768}
{"docno": "S62d1a67d-A6ccebf7a", "score": 12.802017520021275}
{"docno": "S6b3c3162-A1925ca69", "score": 12.799702151503164}
{"docno": "Scba64d71-A30105e5f", "score": 12.793780669787813}
{"docno": "S6b7ea9e3-A8bf254d0", "score": 12.772206205374772}
{"docno": "Sa2dd679-Af611a7c0", "score": 12.764418565997577}
{"docno": "Sf66b190-Afda53712", "score": 12.763357350915394}
{"docno": "S11a0a266-A1108d80b", "score": 12.750704381557304}
{"docno": "Se8478fc7-A862bcace", "score": 12.74967937104427}
{"docno": "S6c52407a-A3afb2453", "score": 12.748654525316187}
{"docno": "S1d308fcd-A52273f7e", "score": 12.746826464844593}
{"docno": "S3904e0eb-Ab9a162af", "score": 12.746037472836482}
{"docno": "S8f1639e4-A8e1efbb6", "score": 12.729274832083822}
{"docno": "S4063284d-A594055d7", "score": 12.724589190685128}
{"docno": "S141ee85f-Af74526e", "score": 12.717567192953597}
{"type": "toggleArgument", "timestamp": "2025-06-26T10:37:47.441Z", "sessionID": "59107ccf-6465-4fdf-bd4a-4986a2f92916", "rank": "1", "doc": "Sb2b3385f-A822a0aa7", "action": "expand", "doclen": 427, "score": 36.37169244653196}
{"type": "StanceClicked", "timestamp": "2025-06-26T10:38:20.723Z", "sessionID": "59107ccf-6465-4fdf-bd4a-4986a2f92916", "rank": "1", "stance": "con", "action": "chooseStance", "doc": "Sb2b3385f-A822a0aa7", "doclen": 427, "score": 36.37169244653196}
{"type": "StanceClicked", "timestamp": "2025-06-26T10:38:29.851Z", "sessionID": "59107ccf-6465-4fdf-bd4a-4986a2f92916", "rank": "2", "stance": "con", "action": "chooseStance", "doc": "Sb61f3301-A3215c02d", "doclen": 473, "score": 35.325866772982025}
{"type": "toggleArgument", "timestamp": "2025-06-26T10:38:43.954Z", "sessionID": "59107ccf-6465-4fdf-bd4a-4986a2f92916", "rank": "3", "doc": "Sb2b3385f-Abca9ed6a", "action": "expand", "doclen": 2720, "score": 35.86825577149797}
{"type": "toggleArgument", "timestamp": "2025-06-26T10:39:05.179Z", "sessionID": "59107ccf-6465-4fdf-bd4a-4986a2f92916", "rank": "4", "doc": "S1a94f253-Ae467a168", "action": "expand", "doclen": 867, "score": 33.90658517303439}
{"type": "toggleArgument", "timestamp": "2025-06-26T10:39:14.411Z", "sessionID": "59107ccf-6465-4fdf-bd4a-4986a2f92916", "rank": "5", "doc": "Se4f285c5-Aec02c727", "action": "expand", "doclen": 737, "score": 24.379024883686206}
{"type": "StanceClicked", "timestamp": "2025-06-26T10:39:42.092Z", "sessionID": "59107ccf-6465-4fdf-bd4a-4986a2f92916", "rank": "5", "stance": "con", "action": "chooseStance", "doc": "Se4f285c5-Aec02c727", "doclen": 737, "score": 24.379024883686206}
{"type": "toggleArgument", "timestamp": "2025-06-26T10:39:43.948Z", "sessionID": "59107ccf-6465-4fdf-bd4a-4986a2f92916", "rank": "6", "doc": "S1a94f253-Ace6f4c21", "action": "expand", "doclen": 956, "score": 33.935898261225006}
{"type": "StanceClicked", "timestamp": "2025-06-26T10:39:50.245Z", "sessionID": "59107ccf-6465-4fdf-bd4a-4986a2f92916", "rank": "6", "stance": "con", "action": "chooseStance", "doc": "S1a94f253-Ace6f4c21", "doclen": 956, "score": 33.935898261225006}
{"type": "toggleArgument", "timestamp": "2025-06-26T10:39:53.332Z", "sessionID": "59107ccf-6465-4fdf-bd4a-4986a2f92916", "rank": "7", "doc": "S1a94f253-A5d4b2c6b", "action": "expand", "doclen": 960, "score": 34.53896575761505}
{"type": "StanceClicked", "timestamp": "2025-06-26T10:40:33.685Z", "sessionID": "59107ccf-6465-4fdf-bd4a-4986a2f92916", "rank": "7", "stance": "pro", "action": "chooseStance", "doc": "S1a94f253-A5d4b2c6b", "doclen": 960, "score": 34.53896575761505}
{"type": "toggleArgument", "timestamp": "2025-06-26T10:40:41.829Z", "sessionID": "59107ccf-6465-4fdf-bd4a-4986a2f92916", "rank": "8", "doc": "Sfa5da6ff-A35883742", "action": "expand", "doclen": 1361, "score": 24.14570499584677}
{"type": "pageNavigationClicked", "timestamp": "2025-06-26T10:40:46.965Z", "sessionID": "59107ccf-6465-4fdf-bd4a-4986a2f92916", "clicked": "2", "fromPage": 1, "toPage": 2}
{"type": "toggleArgument", "timestamp": "2025-06-26T10:40:57.925Z", "sessionID": "59107ccf-6465-4fdf-bd4a-4986a2f92916", "rank": "15", "doc": "Sb2b3385f-Ace282daf", "action": "expand", "doclen": 1555, "score": 31.831042538351547}
{"type": "StanceClicked", "timestamp": "2025-06-26T10:41:12.925Z", "sessionID": "59107ccf-6465-4fdf-bd4a-4986a2f92916", "rank": "15", "stance": "con", "action": "chooseStance", "doc": "Sb2b3385f-Ace282daf", "doclen": 1555, "score": 31.831042538351547}
{"type": "toggleArgument", "timestamp": "2025-06-26T10:41:19.933Z", "sessionID": "59107ccf-6465-4fdf-bd4a-4986a2f92916", "rank": "19", "doc": "Sb2b3385f-A3ec43864", "action": "expand", "doclen": 574, "score": 29.40460751910491}
{"type": "queryBoxFocused", "timestamp": "2025-06-26T10:41:45.864Z", "sessionID": "59107ccf-6465-4fdf-bd4a-4986a2f92916"}
{"type": "querySubmitted", "timestamp": "2025-06-26T10:41:52.214Z", "sessionID": "59107ccf-6465-4fdf-bd4a-4986a2f92916", "query": "phone radiation"}
{"docno": "Sb2b3385f-A822a0aa7", "score": 26.464080861758532}
{"docno": "Sb61f3301-A3215c02d", "score": 25.850617783168694}
{"docno": "Sb2b3385f-Abca9ed6a", "score": 25.65140324929689}
{"docno": "S1a94f253-Ae467a168", "score": 24.896044719752126}
{"docno": "Se4f285c5-Aec02c727", "score": 24.379024883686206}
{"docno": "S1a94f253-Ace6f4c21", "score": 24.228351235589418}
{"docno": "S1a94f253-A5d4b2c6b", "score": 24.2004382657434}
{"docno": "Sfa5da6ff-A35883742", "score": 24.14570499584677}
{"docno": "S9e69ad73-A41bb290e", "score": 23.298228547836416}
{"docno": "Sa6bcbd59-A90bc6c9b", "score": 22.98979711531682}
{"docno": "S1a94f253-Acdd10265", "score": 22.451547068160384}
{"docno": "Se4f285c5-Ad1701d71", "score": 21.788845301235156}
{"docno": "Se4620c33-A82ba7899", "score": 21.640617186506603}
{"docno": "Sfa5da6ff-A60bc6918", "score": 21.62825109760351}
{"docno": "Sb2b3385f-Ace282daf", "score": 21.431778500394813}
{"docno": "S1a94f253-A15c1c08b", "score": 21.01732266319564}
{"docno": "Sfa5da6ff-A72a08078", "score": 20.546052363677543}
{"docno": "S27983569-A24e1a6cd", "score": 20.12435144185426}
{"docno": "Sb2b3385f-A3ec43864", "score": 19.966800401324292}
{"docno": "S1a94f253-Af84dc467", "score": 19.31038436791463}
{"docno": "S9793293e-Afb170a31", "score": 17.485913408005153}
{"docno": "Sb986bc28-Ae448685f", "score": 17.0144312443627}
{"docno": "Sb4dd79ec-Ae5dbb839", "score": 16.975192362299545}
{"docno": "S6c1e3b72-A50e01712", "score": 16.691289867623365}
{"docno": "Sb2b3385f-A3bf270bb", "score": 16.200807665595853}
{"docno": "Sa56ddab0-A4dc3fac4", "score": 16.171122485089725}
{"docno": "S691fdd5d-A97180196", "score": 15.815741407393778}
{"docno": "Sa56dda72-A62edb096", "score": 15.799595244147048}
{"docno": "S8fa3dac7-Add3782e9", "score": 15.794025794913736}
{"docno": "S1cf220fb-A333e4a1a", "score": 15.699929167843758}
{"docno": "S8df146e9-A8106ab80", "score": 15.305910936034516}
{"docno": "S115e5bd5-A857d9d65", "score": 15.210056489784447}
{"docno": "S30ea3b12-A22d64218", "score": 15.14819502935463}
{"docno": "Se07687cb-Af93f364e", "score": 15.081541951589651}
{"docno": "Sa56ddab0-A2fcfaea8", "score": 15.035985346633817}
{"docno": "S1dbbe3ed-A74bd4385", "score": 14.943550142542573}
{"docno": "Sb0dc1038-Ac01707c4", "score": 14.943550142542573}
{"docno": "S8df146e9-A9922fb86", "score": 14.900952048030081}
{"docno": "S6b39278a-A2bbaee0a", "score": 14.765461620891022}
{"docno": "Sa56ddab0-Aff7ba1", "score": 14.735018709270287}
{"docno": "S58b78f40-Aca1427e6", "score": 14.649832217093985}
{"docno": "S4e73d83-Abfbd9af9", "score": 14.61756639755356}
{"docno": "Saecf7370-Af462a777", "score": 14.460696796544319}
{"docno": "Sa56dda72-A672bac2d", "score": 14.38423160780515}
{"docno": "Sa56dda91-A5cea45d", "score": 14.36446789269608}
{"docno": "S74be2e10-A38b82e49", "score": 14.361499140360113}
{"docno": "Sd5824862-A92723005", "score": 14.263204725609755}
{"docno": "S5bf1ee98-Aa5c6da7b", "score": 14.262554166806428}
{"docno": "Sa56ddab0-A45d66079", "score": 13.980237593394566}
{"docno": "Sa56dda15-A7da93df3", "score": 13.88091137003957}
{"docno": "Se96e0da1-Ac733993e", "score": 13.826390539416323}
{"docno": "S90118de4-A1990e4c0", "score": 13.807580316331235}
{"docno": "S91a1b22c-A77ad52ac", "score": 13.765748421588514}
{"docno": "Sf2f807ce-Aedcb6e79", "score": 13.710683817922959}
{"docno": "Sb2b3385f-Aca0e4897", "score": 13.70347368672479}
{"docno": "Sc25c7b05-A37ac2912", "score": 13.67302234073896}
{"docno": "S6c36767f-A84281c9", "score": 13.652480648083538}
{"docno": "Sf932d81d-Af56945c", "score": 13.598316702271251}
{"docno": "S92418529-Af56981d", "score": 13.598316702271251}
{"docno": "Sa56ddab0-Afb56f43a", "score": 13.59654289251679}
{"docno": "S4681bb43-A33143bc5", "score": 13.480798790635241}
{"docno": "S1d46dcc9-Af09b0bb0", "score": 13.43144652823597}
{"docno": "S30ea3b12-A976a6470", "score": 13.379018849827203}
{"docno": "S458aa2e-A15bcc21a", "score": 13.37730178702286}
{"docno": "S92418529-Ad91aba86", "score": 13.323591828822591}
{"docno": "S3b9e766e-A57b2ffe5", "score": 13.294623911098055}
{"docno": "Sb09e52c4-A146174e", "score": 13.165018905882338}
{"docno": "Sc4c16da0-Aec545424", "score": 13.165018905882338}
{"docno": "S7a01164-A91115b72", "score": 13.162695756478366}
{"docno": "Sa406b769-A2f667079", "score": 13.105606997431552}
{"docno": "Sabec10c3-A906e3e8f", "score": 13.074940868822228}
{"docno": "S2ad5f003-Adcb235f2", "score": 13.06705829473378}
{"docno": "S4681bb43-A8342f184", "score": 13.0564758107939}
{"docno": "S19b45e30-Aa64fd576", "score": 13.0564758107939}
{"docno": "S61faf587-A406aa97b", "score": 13.05235435406726}
{"docno": "Sd1a8761c-Aa14a29f8", "score": 13.033102831244952}
{"docno": "S82f74dcf-Abee55689", "score": 13.028829151673225}
{"docno": "S7cb4f197-A327fa24a", "score": 13.023836291959444}
{"docno": "S99ea8c11-Aa3be6750", "score": 13.010176151257456}
{"docno": "S1fdda57c-A6170581a", "score": 12.956661308401406}
{"docno": "S4d805b9f-A2a5f492f", "score": 12.95453623909629}
{"docno": "S3b9e766e-A8184c1fb", "score": 12.936520598365133}
{"docno": "S1dbbe3ed-A93f5d79d", "score": 12.908955472478413}
{"docno": "Sb8254595-A185f2e70", "score": 12.880812345629339}
{"docno": "Sba768d85-Aa9438981", "score": 12.854162034679552}
{"docno": "S577f5ccd-Af9a9eeb9", "score": 12.81439270092768}
{"docno": "S62d1a67d-A6ccebf7a", "score": 12.802017520021275}
{"docno": "S6b3c3162-A1925ca69", "score": 12.799702151503164}
{"docno": "Scba64d71-A30105e5f", "score": 12.793780669787813}
{"docno": "S6b7ea9e3-A8bf254d0", "score": 12.772206205374772}
{"docno": "Sa2dd679-Af611a7c0", "score": 12.764418565997577}
{"docno": "Sf66b190-Afda53712", "score": 12.763357350915394}
{"docno": "S11a0a266-A1108d80b", "score": 12.750704381557304}
{"docno": "Se8478fc7-A862bcace", "score": 12.74967937104427}
{"docno": "S6c52407a-A3afb2453", "score": 12.748654525316187}
{"docno": "S1d308fcd-A52273f7e", "score": 12.746826464844593}
{"docno": "S3904e0eb-Ab9a162af", "score": 12.746037472836482}
{"docno": "S8f1639e4-A8e1efbb6", "score": 12.729274832083822}
{"docno": "S4063284d-A594055d7", "score": 12.724589190685128}
{"docno": "S141ee85f-Af74526e", "score": 12.717567192953597}
{"type": "pageNavigationClicked", "timestamp": "2025-06-26T10:41:57.598Z", "sessionID": "59107ccf-6465-4fdf-bd4a-4986a2f92916", "clicked": "2", "fromPage": 1, "toPage": 2}
{"type": "toggleArgument", "timestamp": "2025-06-26T10:42:08.965Z", "sessionID": "59107ccf-6465-4fdf-bd4a-4986a2f92916", "rank": "19", "doc": "Sb2b3385f-A3ec43864", "action": "expand", "doclen": 574, "score": 29.40460751910491}
{"type": "pageNavigationClicked", "timestamp": "2025-06-26T10:42:27.310Z", "sessionID": "59107ccf-6465-4fdf-bd4a-4986a2f92916", "clicked": "3", "fromPage": 2, "toPage": 3}
{"type": "toggleArgument", "timestamp": "2025-06-26T10:42:30.966Z", "sessionID": "59107ccf-6465-4fdf-bd4a-4986a2f92916", "rank": "22", "doc": "Sb986bc28-Ae448685f", "action": "expand", "doclen": 1545, "score": 26.2890674087514}
{"type": "StanceClicked", "timestamp": "2025-06-26T10:43:35.575Z", "sessionID": "59107ccf-6465-4fdf-bd4a-4986a2f92916", "rank": "22", "stance": "con", "action": "chooseStance", "doc": "Sb986bc28-Ae448685f", "doclen": 1545, "score": 26.2890674087514}
{"type": "pageNavigationClicked", "timestamp": "2025-06-26T10:43:59.142Z", "sessionID": "59107ccf-6465-4fdf-bd4a-4986a2f92916", "clicked": "4", "fromPage": 3, "toPage": 4}
{"type": "queryBoxFocused", "timestamp": "2025-06-26T10:44:09.288Z", "sessionID": "59107ccf-6465-4fdf-bd4a-4986a2f92916"}
{"type": "querySubmitted", "timestamp": "2025-06-26T10:44:16.799Z", "sessionID": "59107ccf-6465-4fdf-bd4a-4986a2f92916", "query": "is phone radiation safe "}
{"docno": "Sb2b3385f-A3ec43864", "score": 26.723288239502445}
{"docno": "Sb2b3385f-A822a0aa7", "score": 26.464080861758532}
{"docno": "Sb61f3301-A3215c02d", "score": 25.850617783168694}
{"docno": "Sb2b3385f-Abca9ed6a", "score": 25.65140324929689}
{"docno": "S1a94f253-Ae467a168", "score": 24.896044719752126}
{"docno": "Sfa5da6ff-A72a08078", "score": 24.894001878200392}
{"docno": "Se4f285c5-Aec02c727", "score": 24.379024883686206}
{"docno": "S1a94f253-Ace6f4c21", "score": 24.228351235589418}
{"docno": "S1a94f253-A5d4b2c6b", "score": 24.2004382657434}
{"docno": "Sfa5da6ff-A35883742", "score": 24.14570499584677}
{"docno": "S9e69ad73-A41bb290e", "score": 23.298228547836416}
{"docno": "Sa6bcbd59-A90bc6c9b", "score": 22.98979711531682}
{"docno": "S1a94f253-Acdd10265", "score": 22.451547068160384}
{"docno": "Se07687cb-Af93f364e", "score": 22.270914482482087}
{"docno": "S61faf587-A9b056afe", "score": 22.254361773930206}
{"docno": "Se4f285c5-Ad1701d71", "score": 21.788845301235156}
{"docno": "Se4620c33-A82ba7899", "score": 21.640617186506603}
{"docno": "Sfa5da6ff-A60bc6918", "score": 21.62825109760351}
{"docno": "Sb2b3385f-Ace282daf", "score": 21.431778500394813}
{"docno": "S1a94f253-A15c1c08b", "score": 21.01732266319564}
{"docno": "S57e140e8-A1bea53cd", "score": 20.49113611981211}
{"docno": "S27983569-A24e1a6cd", "score": 20.12435144185426}
{"docno": "S7cb4f197-A7a74704a", "score": 20.043238929221317}
{"docno": "S24bee32e-Ac16954fd", "score": 19.841308119956437}
{"docno": "S57e140e8-A2063fc22", "score": 19.681893336469173}
{"docno": "S1a94f253-Af84dc467", "score": 19.31038436791463}
{"docno": "Sa2dd679-A4f115319", "score": 19.129197356188605}
{"docno": "S1fdda57c-A9aa80939", "score": 18.318028770251694}
{"docno": "Sa2dd679-Af611a7c0", "score": 18.20947977399102}
{"docno": "S5a0d829e-A54ad6f94", "score": 18.053022636177054}
{"docno": "S57c9a8b5-Acf644345", "score": 18.00904860759106}
{"docno": "S90118de4-A1990e4c0", "score": 17.72997629739224}
{"docno": "S6005e7f6-A39710e5d", "score": 17.619703625832457}
{"docno": "S6f0b6a9f-A18186bfa", "score": 17.594649491850546}
{"docno": "Sf5ba568-Aeff9f220", "score": 17.594649491850546}
{"docno": "Se96e0da1-Ad6eac46", "score": 17.594481612661717}
{"docno": "S805824cd-Aa4757b92", "score": 17.540077198256338}
{"docno": "S240561fd-A77fd4f90", "score": 17.487806287977982}
{"docno": "S9793293e-Afb170a31", "score": 17.485913408005153}
{"docno": "S3b9e766e-A8184c1fb", "score": 17.387959643100622}
{"docno": "S3b9e766e-A57b2ffe5", "score": 17.35909422751316}
{"docno": "S8af76bf2-A484769e5", "score": 17.05774150775187}
{"docno": "Sb986bc28-Ae448685f", "score": 17.0144312443627}
{"docno": "S18fc0687-A241e197f", "score": 16.976785662734486}
{"docno": "Sb4dd79ec-Ae5dbb839", "score": 16.975192362299545}
{"docno": "Sb4fb8339-Aee87dab6", "score": 16.823277364808412}
{"docno": "S6c1e3b72-A50e01712", "score": 16.691289867623365}
{"docno": "S7cb4f197-Ae1987056", "score": 16.375525441127223}
{"docno": "S6b7ea9e3-Ad35c7664", "score": 16.302245760229248}
{"docno": "Sb2b3385f-A3bf270bb", "score": 16.200807665595853}
{"docno": "Sa56ddab0-A4dc3fac4", "score": 16.171122485089725}
{"docno": "Sbd1562f-A39bd02b4", "score": 16.09692434588879}
{"docno": "S24bee32e-A6ac1b056", "score": 16.0569797421509}
{"docno": "S3904e0eb-Ab9a162af", "score": 16.04561222334781}
{"docno": "Sa56dda15-A685f268e", "score": 15.977346813254634}
{"docno": "S61faf587-A7aacb40d", "score": 15.969861037414386}
{"docno": "S691fdd5d-A97180196", "score": 15.815741407393778}
{"docno": "Sa56dda72-A62edb096", "score": 15.799595244147048}
{"docno": "S8fa3dac7-Add3782e9", "score": 15.794025794913736}
{"docno": "Se2897352-A33e30492", "score": 15.754891671443346}
{"docno": "S53fc0783-A6bb88191", "score": 15.75187213855078}
{"docno": "Scba64d71-A60673a25", "score": 15.731805665423316}
{"docno": "S20bec82c-Afd3e57c4", "score": 15.70666749793579}
{"docno": "S1cf220fb-A333e4a1a", "score": 15.699929167843758}
{"docno": "S3865b190-A24c90", "score": 15.50761109959279}
{"docno": "S1aea1b0-A93c37eef", "score": 15.47569220446556}
{"docno": "S3917939-Abf7e5846", "score": 15.375578325044405}
{"docno": "S1ecb131d-A3156eadb", "score": 15.33083917163884}
{"docno": "S8df146e9-A8106ab80", "score": 15.305910936034516}
{"docno": "S115e5bd5-A857d9d65", "score": 15.210056489784447}
{"docno": "S30ea3b12-A22d64218", "score": 15.14819502935463}
{"docno": "S96cf8dd5-Acf1f9877", "score": 15.144580326521769}
{"docno": "Scba64d71-A97aacb7e", "score": 15.109157421261633}
{"docno": "Sa56ddab0-A2fcfaea8", "score": 15.035985346633817}
{"docno": "S3fb6ba05-Ae920749e", "score": 15.015550711266314}
{"docno": "Se91853bc-Ab12c8ab1", "score": 14.95115457939663}
{"docno": "S1dbbe3ed-A74bd4385", "score": 14.943550142542573}
{"docno": "Sb0dc1038-Ac01707c4", "score": 14.943550142542573}
{"docno": "S8df146e9-A9922fb86", "score": 14.900952048030081}
{"docno": "S6b39278a-A2bbaee0a", "score": 14.765461620891022}
{"docno": "Sa56ddab0-Aff7ba1", "score": 14.735018709270287}
{"docno": "Sede8ccff-A321758d4", "score": 14.66172398437297}
{"docno": "S58b78f40-Aca1427e6", "score": 14.649832217093985}
{"docno": "S4e73d83-Abfbd9af9", "score": 14.61756639755356}
{"docno": "Saecf7370-Af462a777", "score": 14.460696796544319}
{"docno": "S4df43050-A1c9e1767", "score": 14.44417975190316}
{"docno": "Sa56dda72-A672bac2d", "score": 14.38423160780515}
{"docno": "Sa56dda91-A5cea45d", "score": 14.36446789269608}
{"docno": "S74be2e10-A38b82e49", "score": 14.361499140360113}
{"docno": "Sd5824862-A92723005", "score": 14.263204725609755}
{"docno": "S5bf1ee98-Aa5c6da7b", "score": 14.262554166806428}
{"docno": "S3b9e766e-Abc5800b6", "score": 14.238478235464996}
{"docno": "S64644c99-A9265c2c7", "score": 14.234262735997472}
{"docno": "S6ad80f80-Ae8873d0c", "score": 14.18470781655044}
{"docno": "S8b68ae4-A3b4029ee", "score": 14.04148620052264}
{"docno": "Sa56ddab0-A45d66079", "score": 13.980237593394566}
{"docno": "Sa56dda15-A7da93df3", "score": 13.88091137003957}
{"docno": "Se96e0da1-Ac733993e", "score": 13.826390539416323}
{"docno": "S91a1b22c-A77ad52ac", "score": 13.765748421588514}
{"docno": "Sf2f807ce-Aedcb6e79", "score": 13.710683817922959}
{"type": "pageNavigationClicked", "timestamp": "2025-06-26T10:44:25.462Z", "sessionID": "59107ccf-6465-4fdf-bd4a-4986a2f92916", "clicked": "7", "fromPage": 1, "toPage": 7}
{"type": "pageNavigationClicked", "timestamp": "2025-06-26T10:44:37.702Z", "sessionID": "59107ccf-6465-4fdf-bd4a-4986a2f92916", "clicked": "3", "fromPage": 7, "toPage": 3}
{"type": "queryBoxFocused", "timestamp": "2025-06-26T10:44:58.843Z", "sessionID": "59107ccf-6465-4fdf-bd4a-4986a2f92916"}
{"type": "querySubmitted", "timestamp": "2025-06-26T10:44:59.960Z", "sessionID": "59107ccf-6465-4fdf-bd4a-4986a2f92916", "query": "cell phone radiation"}
{"docno": "Sb2b3385f-A822a0aa7", "score": 36.37169244653196}
{"docno": "Sb2b3385f-Abca9ed6a", "score": 35.86825577149797}
{"docno": "Sb61f3301-A3215c02d", "score": 35.325866772982025}
{"docno": "S1a94f253-A5d4b2c6b", "score": 34.53896575761505}
{"docno": "S1a94f253-Ace6f4c21", "score": 33.935898261225006}
{"docno": "S1a94f253-Ae467a168", "score": 33.90658517303439}
{"docno": "Sb2b3385f-Ace282daf", "score": 31.831042538351547}
{"docno": "S9e69ad73-A41bb290e", "score": 31.02598693775857}
{"docno": "Sb2b3385f-A3ec43864", "score": 29.40460751910491}
{"docno": "Se4f285c5-Ad1701d71", "score": 29.113703472716303}
{"docno": "S1a94f253-Af84dc467", "score": 28.9138431362126}
{"docno": "S1a94f253-Acdd10265", "score": 28.767332029001615}
{"docno": "S6c1e3b72-A50e01712", "score": 26.366560604384354}
{"docno": "S691fdd5d-A97180196", "score": 26.30288787987825}
{"docno": "Sb986bc28-Ae448685f", "score": 26.2890674087514}
{"docno": "Sb2b3385f-A3bf270bb", "score": 25.12875155874544}
{"docno": "Sb8254595-A185f2e70", "score": 25.06632716844588}
{"docno": "S7cb4f197-A327fa24a", "score": 24.9017147580957}
{"docno": "Sabec10c3-A906e3e8f", "score": 24.860545841641766}
{"docno": "S9793293e-Afb170a31", "score": 24.633316854810936}
{"docno": "S3904e0eb-Ab9a162af", "score": 24.56435082102716}
{"docno": "Sabec10c3-Ab9c0d9c6", "score": 24.53666539979834}
{"docno": "S57e140e8-A37defee6", "score": 24.501801354767494}
{"docno": "Sfc0d5532-A6ac682f2", "score": 24.473189646608567}
{"docno": "Sabec10c3-Aa43ad241", "score": 24.459729555623802}
{"docno": "Scba64daf-A96e03af7", "score": 24.43903585591901}
{"docno": "S7cb4f178-Afd62e6dd", "score": 24.417723082874918}
{"docno": "Scba64daf-A2fd97c85", "score": 24.398466703777956}
{"docno": "Sb8254595-Aeebdbae7", "score": 24.39392165117362}
{"docno": "Sb8254595-A5c3dc9ef", "score": 24.380215080198134}
{"docno": "Se4f285c5-Aec02c727", "score": 24.379024883686206}
{"docno": "S7cb4f0fc-A11a4648c", "score": 24.319873337273542}
{"docno": "Sf66b190-Afda53712", "score": 24.3157349017058}
{"docno": "S9efcef79-A9fc8ca91", "score": 24.287983405443903}
{"docno": "S1ecb131d-A494eed6c", "score": 24.26003164929631}
{"docno": "S1ecb133c-Ab151e87c", "score": 24.25372628222793}
{"docno": "Scba64d71-A30105e5f", "score": 24.220481416861688}
{"docno": "Sf7b7b428-A2872ee38", "score": 24.15852160211182}
{"docno": "Sfa5da6ff-A35883742", "score": 24.14570499584677}
{"docno": "S6b3c3162-A1925ca69", "score": 24.107896152679054}
{"docno": "S3e6f0260-A19d62c63", "score": 24.04909123586026}
{"docno": "S3e6f0260-A8a0d4a2b", "score": 24.02480191672852}
{"docno": "Sf7b7b428-Aa33c9baa", "score": 24.022590281650373}
{"docno": "Sf66b190-Abaa08c2f", "score": 24.019938056336237}
{"docno": "Se598cf79-A9f81ba6e", "score": 24.002499604174602}
{"docno": "S6c1e3b91-Ab161efab", "score": 23.96586449252767}
{"docno": "S6c53d3c6-A338532ca", "score": 23.94970629698844}
{"docno": "S71ce2845-A85d09368", "score": 23.8951858301537}
{"docno": "Sca117743-Ae220d4d0", "score": 23.878823574571854}
{"docno": "S2296aa5c-A647b9a7b", "score": 23.872557077961574}
{"docno": "Sb2e78cd1-Acb3da7a6", "score": 23.865569946873666}
{"docno": "Se836048-A67d71450", "score": 23.812543804566474}
{"docno": "S240561fd-A4da9b554", "score": 23.810997653937868}
{"docno": "S35c427c4-Abcf18474", "score": 23.799767331906242}
{"docno": "Sf882a5d0-Ae509da02", "score": 23.725551442036306}
{"docno": "Scba64daf-Ab5066604", "score": 23.64438853338005}
{"docno": "S839921bc-Aefab072c", "score": 23.603099926133464}
{"docno": "S160682d8-A894d63b1", "score": 23.596200641799875}
{"docno": "Scf666047-Aad1c6777", "score": 23.59208254559347}
{"docno": "S292dc31f-Adaf97dc5", "score": 23.56779620693987}
{"docno": "S3a2444f6-Afedf6f3d", "score": 23.515066413774584}
{"docno": "S3a2444f6-A3573f3a0", "score": 23.506742694785117}
{"docno": "Sb8254595-Af389bdec", "score": 23.50540158104496}
{"docno": "Sca117743-Acb4a4af0", "score": 23.393480596205848}
{"docno": "S8b81b11a-A90d26629", "score": 23.37662541171887}
{"docno": "Sbb6232d4-Abf727aa4", "score": 23.371703176089408}
{"docno": "Sfcff2e33-Ae1282627", "score": 23.276183936787355}
{"docno": "S6bd346c-A94e5327a", "score": 23.244149422256363}
{"docno": "S7cb4f197-A5be6a1de", "score": 23.2405121027201}
{"docno": "Sf66b190-Ad1f6f27c", "score": 23.212711043842774}
{"docno": "Se147af9f-Abee6292", "score": 23.208571636019315}
{"docno": "Sa6bcbd59-Aeec9bea8", "score": 23.186513679956576}
{"docno": "S6c1e3b91-A3743c3d4", "score": 23.186513679956576}
{"docno": "S71ce2845-Ab428da1c", "score": 23.184170406134022}
{"docno": "S4681bb43-A33143bc5", "score": 23.183323795424243}
{"docno": "S77e5d95f-A79d19253", "score": 23.173849875183436}
{"docno": "Sb986bc28-Ae4a7ba9", "score": 23.167587646348565}
{"docno": "S27d99f1c-A4efc1002", "score": 23.10919717899602}
{"docno": "S8f540882-A42b31187", "score": 23.09738228209335}
{"docno": "S5cd4f357-Ae44525d5", "score": 23.070999118139582}
{"docno": "S71ce2845-A39e25775", "score": 23.04506580280954}
{"docno": "S8b81b0bd-A80cd4a90", "score": 22.991048121957174}
{"docno": "S7cb4f1d5-Aafbefe70", "score": 22.991048121957174}
{"docno": "S7cb4f159-Aafbefe70", "score": 22.991048121957174}
{"docno": "S8b81b11a-A80cd4a90", "score": 22.991048121957174}
{"docno": "S7cb4f0fc-Aafbefe70", "score": 22.991048121957174}
{"docno": "S57cce9d6-Ab5c6fa50", "score": 22.991048121957174}
{"docno": "S66ebcd55-A98324f05", "score": 22.991048121957174}
{"docno": "S7cb4f197-Aafbefe70", "score": 22.991048121957174}
{"docno": "S5fe1936c-A9cab1405", "score": 22.991048121957174}
{"docno": "S19e92b30-Aafbefe70", "score": 22.991048121957174}
{"docno": "S32f9177d-A8f1d0bd2", "score": 22.991048121957174}
{"docno": "S19e92b11-Aafbefe70", "score": 22.991048121957174}
{"docno": "Sa6bcbd59-A90bc6c9b", "score": 22.98979711531682}
{"docno": "S240561fd-A3489ffcc", "score": 22.98795091152109}
{"docno": "S626e3202-Afb6fc3de", "score": 22.954879612309387}
{"docno": "S240561fd-A2e2326b4", "score": 22.90053906945455}
{"docno": "S4063284d-A594055d7", "score": 22.885090500946486}
{"docno": "S292dc31f-Ac006fc70", "score": 22.87934370261062}
{"docno": "Sd1a8761c-Aa14a29f8", "score": 22.859192288009744}
{"type": "toggleArgument", "timestamp": "2025-06-26T10:45:13.678Z", "sessionID": "59107ccf-6465-4fdf-bd4a-4986a2f92916", "rank": "7", "doc": "Sb2b3385f-Ace282daf", "action": "expand", "doclen": 1555, "score": 31.831042538351547}
{"type": "toggleArgument", "timestamp": "2025-06-26T10:46:08.597Z", "sessionID": "59107ccf-6465-4fdf-bd4a-4986a2f92916", "rank": "9", "doc": "Sb2b3385f-A3ec43864", "action": "expand", "doclen": 574, "score": 29.40460751910491}
{"type": "pageNavigationClicked", "timestamp": "2025-06-26T10:46:18.182Z", "sessionID": "59107ccf-6465-4fdf-bd4a-4986a2f92916", "clicked": "2", "fromPage": 1, "toPage": 2}
{"type": "pageNavigationClicked", "timestamp": "2025-06-26T10:46:30.790Z", "sessionID": "59107ccf-6465-4fdf-bd4a-4986a2f92916", "clicked": "10", "fromPage": 2, "toPage": 10}
{"type": "toggleArgument", "timestamp": "2025-06-26T10:46:39.958Z", "sessionID": "59107ccf-6465-4fdf-bd4a-4986a2f92916", "rank": "100", "doc": "Sd1a8761c-Aa14a29f8", "action": "expand", "doclen": 620, "score": 22.859192288009744}
{"type": "ClickedEndTask", "timestamp": "2025-06-26T10:47:03.167Z", "sessionID": "59107ccf-6465-4fdf-bd4a-4986a2f92916"}
{"type": "TaskEndConfirmed", "timestamp": "2025-06-26T10:47:06.414Z", "sessionID": "59107ccf-6465-4fdf-bd4a-4986a2f92916"}
{"type": "TaskEnded", "timestamp": "2025-06-26T10:47:24.318Z", "sessionID": "59107ccf-6465-4fdf-bd4a-4986a2f92916", "reason": "Keine weitere sinvolle Beiträge gefunden\n", "translated_reason": "No further sensible contributions found"}
