{"type": "idSubmitted", "timestamp": "2025-06-26T10:53:32.936Z", "sessionID": "5a2bdc79-6111-4d49-95a9-ae59ce36fb3c", "uid": "Participant58"}
{"type": "TaskStarted", "timestamp": "2025-06-26T10:54:19.847Z", "sessionID": "5a2bdc79-6111-4d49-95a9-ae59ce36fb3c", "task": "1", "uid": "Participant58", "topic": "Do standardized tests improve education?"}
{"type": "queryBoxFocused", "timestamp": "2025-06-26T10:54:22.386Z", "sessionID": "5a2bdc79-6111-4d49-95a9-ae59ce36fb3c"}
{"type": "querySubmitted", "timestamp": "2025-06-26T10:54:57.009Z", "sessionID": "5a2bdc79-6111-4d49-95a9-ae59ce36fb3c", "query": "standardized test and their pros and cons"}
{"docno": "Sa3eb04e5-A7f852315", "score": 23.28619481497214}
{"docno": "Sa3eb04e5-Ae60153e4", "score": 23.200592853676138}
{"docno": "Sbe50aaf1-Adb0fbda1", "score": 22.839921903596004}
{"docno": "Sbe50aaf1-A2e42f1b9", "score": 22.498356193920152}
{"docno": "Se100392e-Aab2b52d0", "score": 22.46004432548515}
{"docno": "Sbe50aaf1-A4ecd9be4", "score": 22.029049826028526}
{"docno": "S8e322169-A1db8ffe6", "score": 21.3172890225729}
{"docno": "Sc4ee4551-A1cf7a615", "score": 21.050590627056998}
{"docno": "S8009082f-A7bd135eb", "score": 20.911147330898682}
{"docno": "S76a5e356-Ae16cb744", "score": 20.688184481344905}
{"docno": "S549d86f-Ade2122c2", "score": 20.625501680015358}
{"docno": "S9d663199-Aad0107a4", "score": 20.609051334078313}
{"docno": "S6a961d02-A1ecc341e", "score": 20.59812855865409}
{"docno": "S1f57432c-Abeda9df1", "score": 20.29662877378007}
{"docno": "Sfd6dc6e8-A58dba47c", "score": 20.177869688516147}
{"docno": "S8082a97c-A67af90c5", "score": 19.80306395056597}
{"docno": "Sfd6dc6e8-A23be274e", "score": 19.64947331606655}
{"docno": "S8703c5ca-Af12a3402", "score": 19.62466310762313}
{"docno": "Sb760077b-Abbd52d8e", "score": 19.568917696256648}
{"docno": "Sfb78a109-A3a79eba8", "score": 19.553790771432496}
{"docno": "Sf2c24f2c-A9256f488", "score": 19.445339587377863}
{"docno": "Sbe50aaf1-A17082a46", "score": 19.337967680533858}
{"docno": "S4cf8b87a-A9ea2a699", "score": 19.32919661478778}
{"docno": "S96a4cec1-Af2fa29c3", "score": 19.23591418422676}
{"docno": "Sc9c4e300-A5def1bff", "score": 19.229882700994544}
{"docno": "Sb760075c-A5bb776ef", "score": 19.1770637670271}
{"docno": "S8d1ce81b-Abd66ae3e", "score": 19.13647705271654}
{"docno": "Sb075d8db-A1c385229", "score": 19.092730768036642}
{"docno": "S2e0cb8e2-A4948454a", "score": 19.051924377642656}
{"docno": "S8703c5ca-A99818ef9", "score": 19.042671414096617}
{"docno": "S372ca988-A82d018bd", "score": 19.026216790937674}
{"docno": "S66744a91-Ab903190c", "score": 18.964450340674624}
{"docno": "S4792c73e-A6f3555e9", "score": 18.90129393777672}
{"docno": "Sffd7fc64-A3b56b587", "score": 18.881144551806386}
{"docno": "S9bab90c3-A3e9c68e", "score": 18.852902454821752}
{"docno": "Sda13af75-A70a66399", "score": 18.813205264438746}
{"docno": "S8be21055-A15f3c978", "score": 18.782156855614687}
{"docno": "Sc7f1464d-A311d5549", "score": 18.652169848267352}
{"docno": "S7182eb4d-Ad6382690", "score": 18.612581062173398}
{"docno": "S9af99515-A3564c0ab", "score": 18.601498649431583}
{"docno": "Sdb293567-Ab9b35edf", "score": 18.585951955570124}
{"docno": "S97409bf1-Aa7b8d557", "score": 18.562365077759836}
{"docno": "S440fb971-A5c279a34", "score": 18.530151257297476}
{"docno": "Sda13af75-A21ff6213", "score": 18.50252829058489}
{"docno": "S32435340-Aa9a89cf8", "score": 18.46936191502699}
{"docno": "S952e7fd8-A55861611", "score": 18.392809583932866}
{"docno": "S440fb971-A3ce5e9d7", "score": 18.386819535495295}
{"docno": "Sfc1e411a-A374bb08", "score": 18.322665800353413}
{"docno": "S440fb971-A2a7b51a5", "score": 18.271807684400002}
{"docno": "S40f19507-A223bb157", "score": 18.267220396465795}
{"docno": "S66744a91-A45dd128b", "score": 18.237785547713663}
{"docno": "Sa3eb04e5-A998f4aa5", "score": 18.219114257864863}
{"docno": "S952e7fd8-A40246316", "score": 18.15091447312568}
{"docno": "S9f5396d0-A7a438b48", "score": 18.139109608473685}
{"docno": "S952e7fd8-Aa9358300", "score": 18.131358935808066}
{"docno": "S42d9b047-A984bc151", "score": 18.125794627780508}
{"docno": "S3e0f1978-A6e1818a0", "score": 18.100150370798318}
{"docno": "Sfd7a58fe-Ae24a86f7", "score": 18.071616505332553}
{"docno": "Sa3eb04e5-A7e948140", "score": 18.03227746111138}
{"docno": "S8b68ae4-A8530d09f", "score": 17.938081329177194}
{"docno": "Sb760077b-Ac9af882f", "score": 17.809131862894887}
{"docno": "Sd261fa94-Ae30ffa17", "score": 17.808011103833614}
{"docno": "S372ca988-A6d53d3c", "score": 17.7693891921087}
{"docno": "S440fb971-Af5a00379", "score": 17.731954264792265}
{"docno": "S440fb971-A2ff21247", "score": 17.723063475691234}
{"docno": "S440fb971-A8bb32095", "score": 17.720385862893508}
{"docno": "Sbe50aaf1-A32a60f32", "score": 17.705441912440264}
{"docno": "S5bfe1abd-A7d354d5", "score": 17.70510508212167}
{"docno": "Sb760073d-Ad6589f49", "score": 17.698362631466335}
{"docno": "S952e7fd8-A60b3d632", "score": 17.643511999564392}
{"docno": "S440fb971-Ac684cad", "score": 17.596744615974938}
{"docno": "S40f19507-Acd1dd64e", "score": 17.595801470549297}
{"docno": "S440fb971-A38a840c6", "score": 17.575629271439794}
{"docno": "S215c5d68-A6eda9f4e", "score": 17.48081555288774}
{"docno": "S6cfd1c53-A983368fc", "score": 17.426740463969544}
{"docno": "S8703c5ca-Ad679a484", "score": 17.369506422489252}
{"docno": "Sd0cac989-Ad6325165", "score": 17.35279186129375}
{"docno": "Sb760075c-A9ad4c619", "score": 17.348819285121323}
{"docno": "S352bd967-A2a01531a", "score": 17.337134258550087}
{"docno": "S97409bf1-Adb09fc7f", "score": 17.335122055847553}
{"docno": "Seb991d36-A8a5e7e35", "score": 17.324506300241065}
{"docno": "S9df6400f-A5850b2b6", "score": 17.323344331907784}
{"docno": "S932a69f7-Ab3a3305f", "score": 17.31238675563482}
{"docno": "S2e0cb8e2-Abed6c9e1", "score": 17.30785478368491}
{"docno": "Sa3eb04e5-Ac65c4a32", "score": 17.225706217404152}
{"docno": "S952e7fd8-Aa7507fd5", "score": 17.2108579596994}
{"docno": "S93673dd9-A697e1491", "score": 17.162114046004625}
{"docno": "S4a795aff-A25f9da2d", "score": 17.13230960348448}
{"docno": "S4ab880b6-A1c861cd0", "score": 17.08684783110408}
{"docno": "S91988e1b-A196cf4ab", "score": 17.08684783110408}
{"docno": "Se4d12b1a-Ad4b0ca1f", "score": 17.08474643217158}
{"docno": "S51fb112a-Ae6ba2146", "score": 17.039993461473006}
{"docno": "S410db374-Afdb2a167", "score": 17.03108509136747}
{"docno": "Sbcc55d23-A99ba5305", "score": 17.03076516128367}
{"docno": "S8703c5ca-Aeb117cc", "score": 17.027300930447772}
{"docno": "Se89885ab-A31fbf6fe", "score": 17.026755717043393}
{"docno": "S96a4cec1-A98c571e9", "score": 16.98267190572883}
{"docno": "Sd261fa94-Ab08bbef6", "score": 16.98101224517967}
{"docno": "S62825b0b-A507d4d0f", "score": 16.96594568240596}
{"docno": "S96a4cec1-A80cdc5cc", "score": 16.95712120593835}
{"type": "toggleArgument", "timestamp": "2025-06-26T10:55:05.720Z", "sessionID": "5a2bdc79-6111-4d49-95a9-ae59ce36fb3c", "rank": "1", "doc": "Sa3eb04e5-A7f852315", "action": "expand", "doclen": 1620, "score": 18.01490072448182}
{"type": "StanceClicked", "timestamp": "2025-06-26T10:55:53.160Z", "sessionID": "5a2bdc79-6111-4d49-95a9-ae59ce36fb3c", "rank": "1", "stance": "con", "action": "chooseStance", "doc": "Sa3eb04e5-A7f852315", "doclen": 1620, "score": 18.01490072448182}
{"type": "StanceClicked", "timestamp": "2025-06-26T10:55:57.311Z", "sessionID": "5a2bdc79-6111-4d49-95a9-ae59ce36fb3c", "rank": "1", "stance": "con", "action": "removeStance", "doc": "Sa3eb04e5-A7f852315", "doclen": 1620, "score": 18.01490072448182}
{"type": "queryBoxFocused", "timestamp": "2025-06-26T10:56:30.819Z", "sessionID": "5a2bdc79-6111-4d49-95a9-ae59ce36fb3c"}
{"type": "querySubmitted", "timestamp": "2025-06-26T10:56:43.617Z", "sessionID": "5a2bdc79-6111-4d49-95a9-ae59ce36fb3c", "query": "why is standardized test a good idea"}
{"docno": "S91988e1b-A196cf4ab", "score": 21.733130686946588}
{"docno": "Seb991d36-Ad42fed69", "score": 21.372201954656152}
{"docno": "S8703c5ca-Aeb117cc", "score": 20.58468352113077}
{"docno": "Sab3b5067-Aa2beb3fc", "score": 20.32064915339786}
{"docno": "Sb760077b-Abbd52d8e", "score": 19.568917696256648}
{"docno": "Sb075d8db-Aac99a65f", "score": 19.380320972074365}
{"docno": "S961ba92b-A8b7ddb76", "score": 19.31807801931051}
{"docno": "S8be21055-A919c0275", "score": 19.31807801931051}
{"docno": "S96a4cec1-Af2fa29c3", "score": 19.23591418422676}
{"docno": "Seb991d36-A3c225544", "score": 19.18392272057149}
{"docno": "Sb760075c-A5bb776ef", "score": 19.1770637670271}
{"docno": "S2e0cb8e2-A4948454a", "score": 19.051924377642656}
{"docno": "S8703c5ca-A99818ef9", "score": 19.042671414096617}
{"docno": "Sffd7fc64-A3b56b587", "score": 18.881144551806386}
{"docno": "Sbe50aaf1-Adb0fbda1", "score": 18.873030162790506}
{"docno": "S9bab90c3-A3e9c68e", "score": 18.852902454821752}
{"docno": "Sda13af75-A70a66399", "score": 18.813205264438746}
{"docno": "S9d663199-Aad0107a4", "score": 18.78928907503645}
{"docno": "Sca72c23c-A4e6c8ed4", "score": 18.788532737724637}
{"docno": "S8be21055-A15f3c978", "score": 18.782156855614687}
{"docno": "Sc7f1464d-A311d5549", "score": 18.652169848267352}
{"docno": "Sbe50aaf1-A2e42f1b9", "score": 18.638619427842045}
{"docno": "S7182eb4d-Ad6382690", "score": 18.612581062173398}
{"docno": "Sdb293567-Ab9b35edf", "score": 18.585951955570124}
{"docno": "S97409bf1-Aa7b8d557", "score": 18.562365077759836}
{"docno": "S440fb971-A5c279a34", "score": 18.530151257297476}
{"docno": "Sda13af75-A21ff6213", "score": 18.50252829058489}
{"docno": "Sa3eb04e5-Ae60153e4", "score": 18.429873413730725}
{"docno": "S440fb971-A3ce5e9d7", "score": 18.386819535495295}
{"docno": "Sfc1e411a-A374bb08", "score": 18.322665800353413}
{"docno": "S440fb971-A2a7b51a5", "score": 18.271807684400002}
{"docno": "S40f19507-A223bb157", "score": 18.267220396465795}
{"docno": "Sab3b5048-A1688f7f9", "score": 18.189647534647424}
{"docno": "S952e7fd8-A40246316", "score": 18.15091447312568}
{"docno": "S952e7fd8-Aa9358300", "score": 18.131358935808066}
{"docno": "Sa3eb04e5-A7e948140", "score": 18.03227746111138}
{"docno": "Sa3eb04e5-A7f852315", "score": 18.01490072448182}
{"docno": "Sb075d8db-A1c385229", "score": 17.9459703568398}
{"docno": "Sbe50aaf1-A4ecd9be4", "score": 17.859589278955916}
{"docno": "Sb760077b-Ac9af882f", "score": 17.809131862894887}
{"docno": "Sd261fa94-Ae30ffa17", "score": 17.808011103833614}
{"docno": "S440fb971-Af5a00379", "score": 17.731954264792265}
{"docno": "S440fb971-A2ff21247", "score": 17.723063475691234}
{"docno": "S440fb971-A8bb32095", "score": 17.720385862893508}
{"docno": "Sbe50aaf1-A32a60f32", "score": 17.705441912440264}
{"docno": "Sb760073d-Ad6589f49", "score": 17.698362631466335}
{"docno": "S440fb971-Ac684cad", "score": 17.596744615974938}
{"docno": "S40f19507-Acd1dd64e", "score": 17.595801470549297}
{"docno": "S440fb971-A38a840c6", "score": 17.575629271439794}
{"docno": "S41fa4d5d-Aa4082c9e", "score": 17.49164894153233}
{"docno": "S215c5d68-A6eda9f4e", "score": 17.48081555288774}
{"docno": "Se100392e-Aab2b52d0", "score": 17.469753550912777}
{"docno": "Sc7f1464d-A138d3ba3", "score": 17.416039909526482}
{"docno": "S8703c5ca-Ad679a484", "score": 17.369506422489252}
{"docno": "Sb760075c-A9ad4c619", "score": 17.348819285121323}
{"docno": "S72a67f66-A67b1edb3", "score": 17.340897147641066}
{"docno": "S76a5e356-Ae16cb744", "score": 17.336618347125423}
{"docno": "S97409bf1-Adb09fc7f", "score": 17.335122055847553}
{"docno": "Seb991d36-A8a5e7e35", "score": 17.324506300241065}
{"docno": "S932a69f7-Ab3a3305f", "score": 17.31238675563482}
{"docno": "S2e0cb8e2-Abed6c9e1", "score": 17.30785478368491}
{"docno": "Sa3eb04e5-Ac65c4a32", "score": 17.225706217404152}
{"docno": "S952e7fd8-Aa7507fd5", "score": 17.2108579596994}
{"docno": "S71e51e54-A32fb107d", "score": 17.104650777894946}
{"docno": "S4ab880b6-A1c861cd0", "score": 17.08684783110408}
{"docno": "Se4d12b1a-Ad4b0ca1f", "score": 17.08474643217158}
{"docno": "S51fb112a-Ae6ba2146", "score": 17.039993461473006}
{"docno": "S96a4cec1-A98c571e9", "score": 16.98267190572883}
{"docno": "Sd261fa94-Ab08bbef6", "score": 16.98101224517967}
{"docno": "S96a4cec1-A80cdc5cc", "score": 16.95712120593835}
{"docno": "S2bc7fd5c-A576ef6e8", "score": 16.935828004880854}
{"docno": "S8ed1a49-Adb4985ef", "score": 16.908991562321955}
{"docno": "Se79cf3ec-A48a165f6", "score": 16.81910737556289}
{"docno": "S40f19507-A212fec04", "score": 16.814319322257948}
{"docno": "Sf4c47f89-Af4f7d4b3", "score": 16.809314594404043}
{"docno": "Sb760075c-A41d59ade", "score": 16.787353612449554}
{"docno": "S259f65bb-A43ecac34", "score": 16.78595469977902}
{"docno": "Sf4c47f89-A2973ab36", "score": 16.73900202690509}
{"docno": "Sfd6dc6e8-A58dba47c", "score": 16.736455623365295}
{"docno": "S40f19507-A94423ac1", "score": 16.736455623365295}
{"docno": "Sfc1e411a-A6039a529", "score": 16.662645997298576}
{"docno": "S99eaec17-A9d4b61fa", "score": 16.63506671377427}
{"docno": "S259f65bb-A78a17aa5", "score": 16.622898217856417}
{"docno": "S8009082f-A7bd135eb", "score": 16.616365368152007}
{"docno": "S952e7fd8-Aa719ac9c", "score": 16.59005364911251}
{"docno": "S952e7fd8-A55861611", "score": 16.56723488367357}
{"docno": "S9168d27e-A6beb6cb3", "score": 16.537603802521446}
{"docno": "Sffd7fc64-A90e3aff", "score": 16.46353723818218}
{"docno": "S356ffa3b-A36c88ded", "score": 16.371516985014118}
{"docno": "Sf0c8d782-Ab7934a87", "score": 16.32414688034778}
{"docno": "S69794a99-Aefe0215b", "score": 16.256505950163685}
{"docno": "S6a4ef9ae-A2c61b4b9", "score": 16.256505950163685}
{"docno": "S3763e11f-A2512ade1", "score": 16.240866393226735}
{"docno": "Sa64c3b09-A9e19c926", "score": 16.18609423397108}
{"docno": "S8703c5ca-Aa36b1a41", "score": 16.18397707324349}
{"docno": "Sb760073d-A1ea65fbd", "score": 16.139285781755916}
{"docno": "S40f19507-Ad99fae44", "score": 16.086336087284653}
{"docno": "Sd261fa94-A4e4e2e23", "score": 16.018779196751396}
{"docno": "S8703c5ca-A43122a89", "score": 15.990127749678905}
{"docno": "Sb5a3d064-A35746c20", "score": 15.890505802145537}
{"type": "toggleArgument", "timestamp": "2025-06-26T10:56:58.735Z", "sessionID": "5a2bdc79-6111-4d49-95a9-ae59ce36fb3c", "rank": "1", "doc": "S91988e1b-A196cf4ab", "action": "expand", "doclen": 485, "score": 17.08684783110408}
{"type": "toggleArgument", "timestamp": "2025-06-26T10:57:09.448Z", "sessionID": "5a2bdc79-6111-4d49-95a9-ae59ce36fb3c", "rank": "1", "doc": "S91988e1b-A196cf4ab", "action": "reduce", "doclen": 485, "score": 17.08684783110408}
{"type": "toggleArgument", "timestamp": "2025-06-26T10:57:18.664Z", "sessionID": "5a2bdc79-6111-4d49-95a9-ae59ce36fb3c", "rank": "2", "doc": "Seb991d36-Ad42fed69", "action": "expand", "doclen": 254, "score": 21.372201954656152}
{"type": "toggleArgument", "timestamp": "2025-06-26T10:57:33.959Z", "sessionID": "5a2bdc79-6111-4d49-95a9-ae59ce36fb3c", "rank": "5", "doc": "Sb760077b-Abbd52d8e", "action": "expand", "doclen": 1549, "score": 19.568917696256648}
{"type": "StanceClicked", "timestamp": "2025-06-26T10:57:49.416Z", "sessionID": "5a2bdc79-6111-4d49-95a9-ae59ce36fb3c", "rank": "5", "stance": "pro", "action": "chooseStance", "doc": "Sb760077b-Abbd52d8e", "doclen": 1549, "score": 19.568917696256648}
{"type": "toggleArgument", "timestamp": "2025-06-26T10:58:16.655Z", "sessionID": "5a2bdc79-6111-4d49-95a9-ae59ce36fb3c", "rank": "9", "doc": "S96a4cec1-Af2fa29c3", "action": "expand", "doclen": 337, "score": 19.23591418422676}
{"type": "toggleArgument", "timestamp": "2025-06-26T10:58:34.928Z", "sessionID": "5a2bdc79-6111-4d49-95a9-ae59ce36fb3c", "rank": "10", "doc": "Seb991d36-A3c225544", "action": "expand", "doclen": 1587, "score": 20.952759406972568}
{"type": "queryBoxFocused", "timestamp": "2025-06-26T10:58:40.610Z", "sessionID": "5a2bdc79-6111-4d49-95a9-ae59ce36fb3c"}
{"type": "querySubmitted", "timestamp": "2025-06-26T10:58:53.217Z", "sessionID": "5a2bdc79-6111-4d49-95a9-ae59ce36fb3c", "query": "proffesional opinion on standardized tests"}
{"docno": "S9bab90c3-A3e9c68e", "score": 24.265021449689264}
{"docno": "Sda13af75-A70a66399", "score": 23.139092019094228}
{"docno": "S2a7a3797-A47c47481", "score": 22.93327215505359}
{"docno": "Sa3eb04e5-A7f852315", "score": 21.42846319486505}
{"docno": "Sda13af75-A21ff6213", "score": 20.86141824147405}
{"docno": "Sb760077b-Abbd52d8e", "score": 19.568917696256648}
{"docno": "S96a4cec1-Af2fa29c3", "score": 19.23591418422676}
{"docno": "Sb760075c-A5bb776ef", "score": 19.1770637670271}
{"docno": "S2e0cb8e2-A4948454a", "score": 19.051924377642656}
{"docno": "S8703c5ca-A99818ef9", "score": 19.042671414096617}
{"docno": "Sffd7fc64-A3b56b587", "score": 18.881144551806386}
{"docno": "Sbe50aaf1-Adb0fbda1", "score": 18.873030162790506}
{"docno": "S5f19042a-Afdbcbfba", "score": 18.8419039104838}
{"docno": "S9d663199-Aad0107a4", "score": 18.78928907503645}
{"docno": "S8be21055-A15f3c978", "score": 18.782156855614687}
{"docno": "Sc7f1464d-A311d5549", "score": 18.652169848267352}
{"docno": "Sbe50aaf1-A2e42f1b9", "score": 18.638619427842045}
{"docno": "S7182eb4d-Ad6382690", "score": 18.612581062173398}
{"docno": "Sdb293567-Ab9b35edf", "score": 18.585951955570124}
{"docno": "S97409bf1-Aa7b8d557", "score": 18.562365077759836}
{"docno": "S440fb971-A5c279a34", "score": 18.530151257297476}
{"docno": "Sa3eb04e5-Ae60153e4", "score": 18.429873413730725}
{"docno": "S6d508617-A370c0960", "score": 18.42032364243843}
{"docno": "S440fb971-A3ce5e9d7", "score": 18.386819535495295}
{"docno": "Sfc1e411a-A374bb08", "score": 18.322665800353413}
{"docno": "S440fb971-A2a7b51a5", "score": 18.271807684400002}
{"docno": "S40f19507-A223bb157", "score": 18.267220396465795}
{"docno": "S952e7fd8-A40246316", "score": 18.15091447312568}
{"docno": "S952e7fd8-Aa9358300", "score": 18.131358935808066}
{"docno": "Sa3eb04e5-A7e948140", "score": 18.03227746111138}
{"docno": "Sbe50aaf1-A4ecd9be4", "score": 17.859589278955916}
{"docno": "Sb760077b-Ac9af882f", "score": 17.809131862894887}
{"docno": "Sd261fa94-Ae30ffa17", "score": 17.808011103833614}
{"docno": "S440fb971-Af5a00379", "score": 17.731954264792265}
{"docno": "S440fb971-A2ff21247", "score": 17.723063475691234}
{"docno": "Sc7f1464d-A138d3ba3", "score": 17.722045111589807}
{"docno": "S440fb971-A8bb32095", "score": 17.720385862893508}
{"docno": "Sbe50aaf1-A32a60f32", "score": 17.705441912440264}
{"docno": "Sb760073d-Ad6589f49", "score": 17.698362631466335}
{"docno": "Sf0c8d782-A3480a86b", "score": 17.66494363754749}
{"docno": "Sf0c8d763-A3480a86b", "score": 17.66494363754749}
{"docno": "S440fb971-Ac684cad", "score": 17.596744615974938}
{"docno": "S40f19507-Acd1dd64e", "score": 17.595801470549297}
{"docno": "S440fb971-A38a840c6", "score": 17.575629271439794}
{"docno": "S215c5d68-A6eda9f4e", "score": 17.48081555288774}
{"docno": "Se100392e-Aab2b52d0", "score": 17.469753550912777}
{"docno": "S884f10ee-A7989f575", "score": 17.3831472292419}
{"docno": "S8703c5ca-Ad679a484", "score": 17.369506422489252}
{"docno": "Sb760075c-A9ad4c619", "score": 17.348819285121323}
{"docno": "S76a5e356-Ae16cb744", "score": 17.336618347125423}
{"docno": "S97409bf1-Adb09fc7f", "score": 17.335122055847553}
{"docno": "Seb991d36-A8a5e7e35", "score": 17.324506300241065}
{"docno": "S5d238bd8-A48b2211f", "score": 17.316866322314205}
{"docno": "S932a69f7-Ab3a3305f", "score": 17.31238675563482}
{"docno": "S2e0cb8e2-Abed6c9e1", "score": 17.30785478368491}
{"docno": "Sa3eb04e5-Ac65c4a32", "score": 17.225706217404152}
{"docno": "S952e7fd8-Aa7507fd5", "score": 17.2108579596994}
{"docno": "S4ab880b6-A1c861cd0", "score": 17.08684783110408}
{"docno": "S91988e1b-A196cf4ab", "score": 17.08684783110408}
{"docno": "Se4d12b1a-Ad4b0ca1f", "score": 17.08474643217158}
{"docno": "S51fb112a-Ae6ba2146", "score": 17.039993461473006}
{"docno": "S48f4aea3-Af5c24202", "score": 17.031499570861715}
{"docno": "S8703c5ca-Aeb117cc", "score": 17.027300930447772}
{"docno": "S96a4cec1-A98c571e9", "score": 16.98267190572883}
{"docno": "Sd261fa94-Ab08bbef6", "score": 16.98101224517967}
{"docno": "S96a4cec1-A80cdc5cc", "score": 16.95712120593835}
{"docno": "S2bc7fd5c-A576ef6e8", "score": 16.935828004880854}
{"docno": "S8ed1a49-Adb4985ef", "score": 16.908991562321955}
{"docno": "Se79cf3ec-A48a165f6", "score": 16.81910737556289}
{"docno": "S40f19507-A212fec04", "score": 16.814319322257948}
{"docno": "Sf4c47f89-Af4f7d4b3", "score": 16.809314594404043}
{"docno": "Sb760075c-A41d59ade", "score": 16.787353612449554}
{"docno": "S259f65bb-A43ecac34", "score": 16.78595469977902}
{"docno": "Sc7f1464d-A493758ab", "score": 16.766604543506478}
{"docno": "Sf4c47f89-A2973ab36", "score": 16.73900202690509}
{"docno": "Sfd6dc6e8-A58dba47c", "score": 16.736455623365295}
{"docno": "S40f19507-A94423ac1", "score": 16.736455623365295}
{"docno": "Sc25a3019-A1dcfa4ac", "score": 16.710559125454967}
{"docno": "Sfc1e411a-A6039a529", "score": 16.662645997298576}
{"docno": "S99eaec17-A9d4b61fa", "score": 16.63506671377427}
{"docno": "S259f65bb-A78a17aa5", "score": 16.622898217856417}
{"docno": "S8009082f-A7bd135eb", "score": 16.616365368152007}
{"docno": "S952e7fd8-Aa719ac9c", "score": 16.59005364911251}
{"docno": "S952e7fd8-A55861611", "score": 16.56723488367357}
{"docno": "S9168d27e-A6beb6cb3", "score": 16.537603802521446}
{"docno": "Sffd7fc64-A90e3aff", "score": 16.46353723818218}
{"docno": "S9389d854-A870e1105", "score": 16.427028039678802}
{"docno": "Sf0c8d782-Ab7934a87", "score": 16.32414688034778}
{"docno": "Sab3b5067-Aa2beb3fc", "score": 16.311764839230204}
{"docno": "S69794a99-Aefe0215b", "score": 16.256505950163685}
{"docno": "S6a4ef9ae-A2c61b4b9", "score": 16.256505950163685}
{"docno": "S3763e11f-A2512ade1", "score": 16.240866393226735}
{"docno": "S908f528c-Afed50c2c", "score": 16.240857579342148}
{"docno": "Sa64c3b09-A9e19c926", "score": 16.18609423397108}
{"docno": "S8703c5ca-Aa36b1a41", "score": 16.18397707324349}
{"docno": "Sb760073d-A1ea65fbd", "score": 16.139285781755916}
{"docno": "S40f19507-Ad99fae44", "score": 16.086336087284653}
{"docno": "Sab3b5048-A1688f7f9", "score": 16.083104140809255}
{"docno": "S74a946cf-Af28b3a93", "score": 16.018907829961073}
{"docno": "Sd261fa94-A4e4e2e23", "score": 16.018779196751396}
{"type": "toggleArgument", "timestamp": "2025-06-26T10:58:55.944Z", "sessionID": "5a2bdc79-6111-4d49-95a9-ae59ce36fb3c", "rank": "1", "doc": "S9bab90c3-A3e9c68e", "action": "expand", "doclen": 1198, "score": 18.852902454821752}
{"type": "StanceClicked", "timestamp": "2025-06-26T10:59:28.105Z", "sessionID": "5a2bdc79-6111-4d49-95a9-ae59ce36fb3c", "rank": "1", "stance": "con", "action": "chooseStance", "doc": "S9bab90c3-A3e9c68e", "doclen": 1198, "score": 18.852902454821752}
{"type": "toggleArgument", "timestamp": "2025-06-26T10:59:30.545Z", "sessionID": "5a2bdc79-6111-4d49-95a9-ae59ce36fb3c", "rank": "2", "doc": "Sda13af75-A70a66399", "action": "expand", "doclen": 1031, "score": 18.813205264438746}
{"type": "StanceClicked", "timestamp": "2025-06-26T10:59:49.073Z", "sessionID": "5a2bdc79-6111-4d49-95a9-ae59ce36fb3c", "rank": "2", "stance": "con", "action": "chooseStance", "doc": "Sda13af75-A70a66399", "doclen": 1031, "score": 18.813205264438746}
{"type": "toggleArgument", "timestamp": "2025-06-26T11:00:04.400Z", "sessionID": "5a2bdc79-6111-4d49-95a9-ae59ce36fb3c", "rank": "4", "doc": "Sa3eb04e5-A7f852315", "action": "expand", "doclen": 1620, "score": 18.01490072448182}
{"type": "StanceClicked", "timestamp": "2025-06-26T11:00:25.346Z", "sessionID": "5a2bdc79-6111-4d49-95a9-ae59ce36fb3c", "rank": "4", "stance": "pro", "action": "chooseStance", "doc": "Sa3eb04e5-A7f852315", "doclen": 1620, "score": 18.01490072448182}
{"type": "pageNavigationClicked", "timestamp": "2025-06-26T11:00:39.498Z", "sessionID": "5a2bdc79-6111-4d49-95a9-ae59ce36fb3c", "clicked": "2", "fromPage": 1, "toPage": 2}
{"type": "toggleArgument", "timestamp": "2025-06-26T11:00:50.210Z", "sessionID": "5a2bdc79-6111-4d49-95a9-ae59ce36fb3c", "rank": "14", "doc": "S9d663199-Aad0107a4", "action": "expand", "doclen": 2278, "score": 21.573245964055452}
{"type": "toggleArgument", "timestamp": "2025-06-26T11:01:04.578Z", "sessionID": "5a2bdc79-6111-4d49-95a9-ae59ce36fb3c", "rank": "16", "doc": "Sc7f1464d-A311d5549", "action": "expand", "doclen": 655, "score": 18.652169848267352}
{"type": "StanceClicked", "timestamp": "2025-06-26T11:01:08.379Z", "sessionID": "5a2bdc79-6111-4d49-95a9-ae59ce36fb3c", "rank": "16", "stance": "pro", "action": "chooseStance", "doc": "Sc7f1464d-A311d5549", "doclen": 655, "score": 18.652169848267352}
{"type": "toggleArgument", "timestamp": "2025-06-26T11:01:12.659Z", "sessionID": "5a2bdc79-6111-4d49-95a9-ae59ce36fb3c", "rank": "17", "doc": "Sbe50aaf1-A2e42f1b9", "action": "expand", "doclen": 342, "score": 18.638619427842045}
{"type": "toggleArgument", "timestamp": "2025-06-26T11:01:20.467Z", "sessionID": "5a2bdc79-6111-4d49-95a9-ae59ce36fb3c", "rank": "19", "doc": "Sdb293567-Ab9b35edf", "action": "expand", "doclen": 2764, "score": 21.24301178524929}
{"type": "StanceClicked", "timestamp": "2025-06-26T11:01:33.020Z", "sessionID": "5a2bdc79-6111-4d49-95a9-ae59ce36fb3c", "rank": "19", "stance": "pro", "action": "chooseStance", "doc": "Sdb293567-Ab9b35edf", "doclen": 2764, "score": 21.24301178524929}
{"type": "toggleArgument", "timestamp": "2025-06-26T11:01:43.947Z", "sessionID": "5a2bdc79-6111-4d49-95a9-ae59ce36fb3c", "rank": "20", "doc": "S97409bf1-Aa7b8d557", "action": "expand", "doclen": 1421, "score": 18.562365077759836}
{"type": "pageNavigationClicked", "timestamp": "2025-06-26T11:01:53.299Z", "sessionID": "5a2bdc79-6111-4d49-95a9-ae59ce36fb3c", "clicked": "3", "fromPage": 2, "toPage": 3}
{"type": "toggleArgument", "timestamp": "2025-06-26T11:01:56.707Z", "sessionID": "5a2bdc79-6111-4d49-95a9-ae59ce36fb3c", "rank": "21", "doc": "S440fb971-A5c279a34", "action": "expand", "doclen": 1375, "score": 18.530151257297476}
{"type": "queryBoxFocused", "timestamp": "2025-06-26T11:02:05.628Z", "sessionID": "5a2bdc79-6111-4d49-95a9-ae59ce36fb3c"}
{"type": "querySubmitted", "timestamp": "2025-06-26T11:02:18.413Z", "sessionID": "5a2bdc79-6111-4d49-95a9-ae59ce36fb3c", "query": "are standardized tests a good idea for students"}
{"docno": "S8703c5ca-Aeb117cc", "score": 28.34136420504192}
{"docno": "S961ba92b-A8b7ddb76", "score": 28.27404184992571}
{"docno": "Sffd7fc64-A3b56b587", "score": 27.90580823734237}
{"docno": "Sb760077b-Abbd52d8e", "score": 27.768059787712566}
{"docno": "S91988e1b-A196cf4ab", "score": 27.427008783798676}
{"docno": "S440fb971-A5c279a34", "score": 27.368995976111208}
{"docno": "S952e7fd8-A40246316", "score": 27.368500246836106}
{"docno": "S96a4cec1-Af2fa29c3", "score": 27.335589947656345}
{"docno": "S7182eb4d-Ad6382690", "score": 27.22081741408358}
{"docno": "S40f19507-A223bb157", "score": 27.20181227271526}
{"docno": "Sda13af75-A21ff6213", "score": 26.91672577824553}
{"docno": "S9d663199-Aad0107a4", "score": 26.911695220019112}
{"docno": "Sa3eb04e5-Ae60153e4", "score": 26.90898757764243}
{"docno": "S952e7fd8-Aa9358300", "score": 26.7307281477135}
{"docno": "S8703c5ca-A99818ef9", "score": 26.492426903693136}
{"docno": "Sda13af75-A70a66399", "score": 26.386762047956665}
{"docno": "S440fb971-Af5a00379", "score": 26.340190616702447}
{"docno": "Seb991d36-A3c225544", "score": 26.276653437623185}
{"docno": "S8be21055-A15f3c978", "score": 26.162021943443786}
{"docno": "S97409bf1-Aa7b8d557", "score": 26.094695488124586}
{"docno": "Sdb293567-Ab9b35edf", "score": 26.083511410986134}
{"docno": "Sb760075c-A9ad4c619", "score": 26.029493925764548}
{"docno": "S440fb971-A8bb32095", "score": 25.955387434585447}
{"docno": "S9bab90c3-A3e9c68e", "score": 25.936008210160708}
{"docno": "Seb991d36-A8a5e7e35", "score": 25.882279459248394}
{"docno": "Sd261fa94-Ae30ffa17", "score": 25.802258784650373}
{"docno": "Sd261fa94-Ab08bbef6", "score": 25.791978085154895}
{"docno": "S440fb971-A3ce5e9d7", "score": 25.78494052132283}
{"docno": "S51fb112a-Ae6ba2146", "score": 25.765782878943632}
{"docno": "Sa3eb04e5-Ac65c4a32", "score": 25.741592911161227}
{"docno": "S8703c5ca-Ad679a484", "score": 25.73863644894155}
{"docno": "S952e7fd8-Aa7507fd5", "score": 25.627521676156867}
{"docno": "S259f65bb-A78a17aa5", "score": 25.454706122472615}
{"docno": "S440fb971-Ac684cad", "score": 25.45404294620387}
{"docno": "Sb075d8db-Aac99a65f", "score": 25.435341341898102}
{"docno": "S440fb971-A2a7b51a5", "score": 25.391799753854297}
{"docno": "S8be21055-A919c0275", "score": 25.25478450176262}
{"docno": "Sb075d8db-A1c385229", "score": 25.23788029266037}
{"docno": "S40f19507-A212fec04", "score": 25.173998204230994}
{"docno": "S440fb971-A2ff21247", "score": 25.16316797792901}
{"docno": "S932a69f7-Ab3a3305f", "score": 25.14774392717903}
{"docno": "Sb760077b-Ac9af882f", "score": 25.09905245869114}
{"docno": "S96a4cec1-A80cdc5cc", "score": 25.092945653308412}
{"docno": "S96a4cec1-A98c571e9", "score": 24.94090911986902}
{"docno": "S2bc7fd5c-A576ef6e8", "score": 24.87056684832718}
{"docno": "S952e7fd8-Aa719ac9c", "score": 24.863619987620055}
{"docno": "Sb760075c-A5bb776ef", "score": 24.854901356541152}
{"docno": "S259f65bb-A43ecac34", "score": 24.850937374703253}
{"docno": "S71e51e54-A32fb107d", "score": 24.806193091262372}
{"docno": "S2e0cb8e2-Abed6c9e1", "score": 24.732807423601436}
{"docno": "Sb760075c-A41d59ade", "score": 24.72990981229524}
{"docno": "S72a67f66-A67b1edb3", "score": 24.708589867043504}
{"docno": "Seb991d36-Ae1fde89c", "score": 24.706730351992153}
{"docno": "S97409bf1-Adb09fc7f", "score": 24.70007939885418}
{"docno": "Sa3eb04e5-A7f852315", "score": 24.667213680318845}
{"docno": "S440fb971-A38a840c6", "score": 24.58523900679758}
{"docno": "S952e7fd8-A55861611", "score": 24.47615502666979}
{"docno": "S356ffa3b-A36c88ded", "score": 24.44955017112487}
{"docno": "S76a5e356-Ae16cb744", "score": 24.415577724711888}
{"docno": "Sa3eb04e5-A7e948140", "score": 24.314850423760237}
{"docno": "S8703c5ca-Aa36b1a41", "score": 23.995525512142464}
{"docno": "Sfd6dc6e8-A58dba47c", "score": 23.939956873019852}
{"docno": "S40f19507-A94423ac1", "score": 23.939956873019852}
{"docno": "Sb760073d-A1ea65fbd", "score": 23.927522834404744}
{"docno": "Sc7f1464d-A311d5549", "score": 23.858225772301044}
{"docno": "Sf0c8d782-Ab7934a87", "score": 23.85647729071253}
{"docno": "S288c2167-A44d4cc5b", "score": 23.844750249066443}
{"docno": "Sbe50aaf1-A32a60f32", "score": 23.77870816583774}
{"docno": "Sb760073d-Ad6589f49", "score": 23.771628884863812}
{"docno": "Seb991d36-A84505ad1", "score": 23.686484350812393}
{"docno": "S6a4ef9ae-A2c61b4b9", "score": 23.662055790775174}
{"docno": "S952e7fd8-A60b3d632", "score": 23.645412358907137}
{"docno": "S4db6375b-Ac5bf8011", "score": 23.643349581306673}
{"docno": "S710ccb9c-A4de815d1", "score": 23.59865662116333}
{"docno": "Sb5a3d064-A35746c20", "score": 23.582509091690095}
{"docno": "S2bc7fd5c-Ac4f5036e", "score": 23.533114853335142}
{"docno": "S41fa4d5d-Aa4082c9e", "score": 23.448371882830152}
{"docno": "S9168d27e-A6beb6cb3", "score": 23.424477236457115}
{"docno": "S440fb971-Aa499f76e", "score": 23.337995859694516}
{"docno": "Se4d12b1a-Ad4b0ca1f", "score": 23.30606836179161}
{"docno": "S8ed1a49-Adb4985ef", "score": 23.27938321480198}
{"docno": "S5633144a-Aea4021c9", "score": 23.2625787619026}
{"docno": "Sa64c3b09-A99c1ddaf", "score": 23.25074807014193}
{"docno": "S96a4cec1-A68eb22a8", "score": 23.207977295013094}
{"docno": "Sa3eb04e5-A998f4aa5", "score": 23.09122830586189}
{"docno": "S770b8b0a-A7a20e046", "score": 23.052166053372225}
{"docno": "S40f19507-Acd1dd64e", "score": 23.05112907137001}
{"docno": "Seb991d36-A995db491", "score": 23.020219449334903}
{"docno": "Sb760077b-A18a05505", "score": 22.89245019656191}
{"docno": "S4ab880b6-A1c861cd0", "score": 22.78072592795617}
{"docno": "Sb760075c-Acbc4a495", "score": 22.77000802663477}
{"docno": "Sd261fa94-A4e4e2e23", "score": 22.7696326227219}
{"docno": "Sa64c3b09-A4094d9ec", "score": 22.657778646295114}
{"docno": "S40f19507-Acf1222ac", "score": 22.56542193745123}
{"docno": "Sacfa088a-A293d0b72", "score": 22.44211215647208}
{"docno": "Sd942939-A79e6f53e", "score": 22.434560710914834}
{"docno": "S1eba8643-Afabec903", "score": 22.409396550194785}
{"docno": "Seb991d36-Abd4f1347", "score": 22.376309454268494}
{"docno": "S8be21055-A24ecebfb", "score": 22.352165054143924}
{"docno": "Sab3b5048-A1688f7f9", "score": 22.33211697261831}
{"type": "toggleArgument", "timestamp": "2025-06-26T11:02:21.237Z", "sessionID": "5a2bdc79-6111-4d49-95a9-ae59ce36fb3c", "rank": "1", "doc": "S8703c5ca-Aeb117cc", "action": "expand", "doclen": 1173, "score": 17.027300930447772}
{"type": "StanceClicked", "timestamp": "2025-06-26T11:02:26.997Z", "sessionID": "5a2bdc79-6111-4d49-95a9-ae59ce36fb3c", "rank": "1", "stance": "con", "action": "chooseStance", "doc": "S8703c5ca-Aeb117cc", "doclen": 1173, "score": 17.027300930447772}
{"type": "toggleArgument", "timestamp": "2025-06-26T11:02:29.213Z", "sessionID": "5a2bdc79-6111-4d49-95a9-ae59ce36fb3c", "rank": "2", "doc": "S961ba92b-A8b7ddb76", "action": "expand", "doclen": 1305, "score": 12.835178662469817}
{"type": "StanceClicked", "timestamp": "2025-06-26T11:02:33.357Z", "sessionID": "5a2bdc79-6111-4d49-95a9-ae59ce36fb3c", "rank": "2", "stance": "pro", "action": "chooseStance", "doc": "S961ba92b-A8b7ddb76", "doclen": 1305, "score": 12.835178662469817}
{"type": "toggleArgument", "timestamp": "2025-06-26T11:02:36.149Z", "sessionID": "5a2bdc79-6111-4d49-95a9-ae59ce36fb3c", "rank": "3", "doc": "Sffd7fc64-A3b56b587", "action": "expand", "doclen": 961, "score": 18.881144551806386}
{"type": "StanceClicked", "timestamp": "2025-06-26T11:02:38.277Z", "sessionID": "5a2bdc79-6111-4d49-95a9-ae59ce36fb3c", "rank": "3", "stance": "con", "action": "chooseStance", "doc": "Sffd7fc64-A3b56b587", "doclen": 961, "score": 18.881144551806386}
{"type": "toggleArgument", "timestamp": "2025-06-26T11:02:46.869Z", "sessionID": "5a2bdc79-6111-4d49-95a9-ae59ce36fb3c", "rank": "5", "doc": "S91988e1b-A196cf4ab", "action": "expand", "doclen": 485, "score": 17.08684783110408}
{"type": "toggleArgument", "timestamp": "2025-06-26T11:02:56.597Z", "sessionID": "5a2bdc79-6111-4d49-95a9-ae59ce36fb3c", "rank": "6", "doc": "S440fb971-A5c279a34", "action": "expand", "doclen": 1375, "score": 18.530151257297476}
{"type": "StanceClicked", "timestamp": "2025-06-26T11:03:13.966Z", "sessionID": "5a2bdc79-6111-4d49-95a9-ae59ce36fb3c", "rank": "6", "stance": "pro", "action": "chooseStance", "doc": "S440fb971-A5c279a34", "doclen": 1375, "score": 18.530151257297476}
{"type": "toggleArgument", "timestamp": "2025-06-26T11:03:17.606Z", "sessionID": "5a2bdc79-6111-4d49-95a9-ae59ce36fb3c", "rank": "7", "doc": "S952e7fd8-A40246316", "action": "expand", "doclen": 2431, "score": 20.943763504889645}
{"type": "StanceClicked", "timestamp": "2025-06-26T11:03:21.543Z", "sessionID": "5a2bdc79-6111-4d49-95a9-ae59ce36fb3c", "rank": "7", "stance": "pro", "action": "chooseStance", "doc": "S952e7fd8-A40246316", "doclen": 2431, "score": 20.943763504889645}
{"type": "toggleArgument", "timestamp": "2025-06-26T11:03:25.598Z", "sessionID": "5a2bdc79-6111-4d49-95a9-ae59ce36fb3c", "rank": "8", "doc": "S96a4cec1-Af2fa29c3", "action": "expand", "doclen": 337, "score": 19.23591418422676}
{"type": "toggleArgument", "timestamp": "2025-06-26T11:03:31.982Z", "sessionID": "5a2bdc79-6111-4d49-95a9-ae59ce36fb3c", "rank": "9", "doc": "S7182eb4d-Ad6382690", "action": "expand", "doclen": 1598, "score": 18.612581062173398}
{"type": "StanceClicked", "timestamp": "2025-06-26T11:03:33.142Z", "sessionID": "5a2bdc79-6111-4d49-95a9-ae59ce36fb3c", "rank": "9", "stance": "pro", "action": "chooseStance", "doc": "S7182eb4d-Ad6382690", "doclen": 1598, "score": 18.612581062173398}
{"type": "toggleArgument", "timestamp": "2025-06-26T11:03:35.742Z", "sessionID": "5a2bdc79-6111-4d49-95a9-ae59ce36fb3c", "rank": "10", "doc": "S40f19507-A223bb157", "action": "expand", "doclen": 237, "score": 18.267220396465795}
{"type": "StanceClicked", "timestamp": "2025-06-26T11:03:40.102Z", "sessionID": "5a2bdc79-6111-4d49-95a9-ae59ce36fb3c", "rank": "10", "stance": "con", "action": "chooseStance", "doc": "S40f19507-A223bb157", "doclen": 237, "score": 18.267220396465795}
{"type": "queryBoxFocused", "timestamp": "2025-06-26T11:03:43.094Z", "sessionID": "5a2bdc79-6111-4d49-95a9-ae59ce36fb3c"}
{"type": "querySubmitted", "timestamp": "2025-06-26T11:04:23.183Z", "sessionID": "5a2bdc79-6111-4d49-95a9-ae59ce36fb3c", "query": "do standardized test show a positive inpact on grades"}
{"docno": "Sffd7fc64-A3b56b587", "score": 31.376687642183832}
{"docno": "S288c2167-A44d4cc5b", "score": 29.518084863719942}
{"docno": "S9168d27e-A6beb6cb3", "score": 28.908770580349135}
{"docno": "S69c8cd12-A1043e13f", "score": 28.689953667272974}
{"docno": "Sda13af75-A70a66399", "score": 28.235899117673085}
{"docno": "S51fb112a-Ae6ba2146", "score": 27.669548943574796}
{"docno": "S8703c5ca-A43122a89", "score": 27.135169980052066}
{"docno": "S7182eb4d-Ad6382690", "score": 26.572326089242488}
{"docno": "S8703c5ca-Ad679a484", "score": 26.42766980328549}
{"docno": "S76a5e356-Ae16cb744", "score": 26.38614181017747}
{"docno": "Sb760077b-A3ebd6d19", "score": 26.110909019984238}
{"docno": "S440fb971-A3ce5e9d7", "score": 25.92601557068739}
{"docno": "Sb760077b-Ac9af882f", "score": 25.726802397087045}
{"docno": "Seb991d36-A8a5e7e35", "score": 25.14625189577726}
{"docno": "Sb760077b-Abbd52d8e", "score": 25.132581051943404}
{"docno": "S98199179-A54d9bbc5", "score": 25.119954434520427}
{"docno": "S828c220c-A461aa75b", "score": 25.03785076062895}
{"docno": "Sda13af75-A21ff6213", "score": 24.979095880923936}
{"docno": "S866a48bd-Adc86b130", "score": 24.629332613920184}
{"docno": "S259f65bb-A43ecac34", "score": 24.607700295315215}
{"docno": "S440fb971-A5c279a34", "score": 24.505784205396576}
{"docno": "Sc85f6a7d-Ada7146dc", "score": 24.439306297883476}
{"docno": "S8be21055-A919c0275", "score": 24.348546769188765}
{"docno": "S8be21055-A15f3c978", "score": 24.321950079297945}
{"docno": "S56db78fb-A2326aad2", "score": 24.22503991901847}
{"docno": "S5003a180-Af3520f8", "score": 23.741043376753908}
{"docno": "S8703c5ca-Aa36b1a41", "score": 23.51708718676798}
{"docno": "Sabf51f98-Ad5e2bcb3", "score": 23.482557906630042}
{"docno": "Sb075eec1-A6f8fea24", "score": 23.46781021500271}
{"docno": "Sa3eb04e5-A7f852315", "score": 23.461227092938245}
{"docno": "S2bc7fd5c-A576ef6e8", "score": 23.439630350081494}
{"docno": "S40f19507-Acf1222ac", "score": 23.43043040546702}
{"docno": "Sdb293567-Acd0c2db1", "score": 23.412822687591447}
{"docno": "Sab3b5067-Aa2beb3fc", "score": 23.271278710832185}
{"docno": "S1e4f8705-Ac450473d", "score": 23.264947336292668}
{"docno": "S440fb971-Aa499f76e", "score": 23.248020890216978}
{"docno": "S440fb971-Ac684cad", "score": 23.160407971661698}
{"docno": "S48d59d0b-Aeb8c35d1", "score": 23.09980665392071}
{"docno": "S50e9b414-Ac6780bbf", "score": 22.596210918376844}
{"docno": "Sacfa088a-A293d0b72", "score": 22.57911799279003}
{"docno": "S40f19507-A212fec04", "score": 22.574728456831732}
{"docno": "S952e7fd8-Aa9358300", "score": 22.49239529748719}
{"docno": "S6a4ef9ae-A2c61b4b9", "score": 22.39133066280133}
{"docno": "S952e7fd8-Aa719ac9c", "score": 22.30137225865347}
{"docno": "S8763b6a7-A20317e76", "score": 22.196459403739347}
{"docno": "S7e01e803-Ac19f8944", "score": 21.728334761870002}
{"docno": "S9168d27e-A34c5483d", "score": 21.699502540310146}
{"docno": "S3763e11f-A2512ade1", "score": 21.687192761683164}
{"docno": "S7e4ace48-A70c1c3fb", "score": 21.599325243454953}
{"docno": "S85d4a393-Aa0290926", "score": 21.556109451489906}
{"docno": "Seb991d36-Ae1fde89c", "score": 21.536082622139965}
{"docno": "Sfc1e411a-A6039a529", "score": 21.520859621425448}
{"docno": "S9168d27e-A2d6a836e", "score": 21.38996006798545}
{"docno": "S98aa9cfa-Aa7564166", "score": 21.344787018258415}
{"docno": "S97409bf1-Aa7b8d557", "score": 21.17746061532245}
{"docno": "S446353c-A6e473a39", "score": 21.154505368687055}
{"docno": "Seb991d36-Acbad378a", "score": 21.144701226496405}
{"docno": "Se4d12b1a-Ad4b0ca1f", "score": 21.056740580237125}
{"docno": "S8ed1a49-Adb4985ef", "score": 20.986254051274884}
{"docno": "Sf3f2dc2e-Aa5abbc39", "score": 20.96234940635943}
{"docno": "S259f65bb-Aa587b411", "score": 20.957895423464578}
{"docno": "S7f0608-A11726725", "score": 20.78022445560233}
{"docno": "S4fbaefc8-Af47fc736", "score": 20.77600878776032}
{"docno": "S4e2b4436-A49cb7fdc", "score": 20.731172285527357}
{"docno": "S4ab880b6-A1c861cd0", "score": 20.7311191486969}
{"docno": "S952e7fd8-A55861611", "score": 20.6914707812549}
{"docno": "S2bc7fd5c-Ac4f5036e", "score": 20.611662571907857}
{"docno": "S259f65bb-Af017a56d", "score": 20.60901454443835}
{"docno": "S9168d27e-A926781d9", "score": 20.59497344666617}
{"docno": "Sa4ab145-A61b6ae7f", "score": 20.561594312601155}
{"docno": "Sb8529941-Aca9bc790", "score": 20.561594312601155}
{"docno": "Sd257b5b2-A360f0312", "score": 20.489178164556925}
{"docno": "S8703c5ca-A69e378c0", "score": 20.4588314406323}
{"docno": "S88c19a8-A486ab57c", "score": 20.452340378652003}
{"docno": "S3cb47636-A18d3fb2a", "score": 20.423303433803426}
{"docno": "S76a5e356-A6cb05a16", "score": 20.35794259211772}
{"docno": "S2ea06f74-A7a2b00e2", "score": 20.298710618051242}
{"docno": "S88c19a8-A2552fcac", "score": 20.214745224701723}
{"docno": "Sd735e594-A2345f02f", "score": 20.093614631750185}
{"docno": "S3c682384-A6f505b70", "score": 20.056709044241437}
{"docno": "S6713cf15-Aefa1fe73", "score": 19.997841367761957}
{"docno": "Sa3eb04e5-A998f4aa5", "score": 19.970022554623817}
{"docno": "S93909ee1-Aefb1284c", "score": 19.92496866874467}
{"docno": "S4fbaefc8-A305fedc4", "score": 19.892212098865954}
{"docno": "S5003a180-A31cd5d57", "score": 19.814697343675444}
{"docno": "S98199179-Adb3a9f38", "score": 19.813099698858203}
{"docno": "S5003a180-A55f2653b", "score": 19.805048110731406}
{"docno": "Sa4ab145-A843a1a0d", "score": 19.680817232190122}
{"docno": "S1733c2bc-A2acc1194", "score": 19.656474054172584}
{"docno": "S894cd8a6-A8e0da31c", "score": 19.63727564811422}
{"docno": "S198e1669-Ab616a7a9", "score": 19.571196509616627}
{"docno": "Sadd88b19-Aed0172c2", "score": 19.534612316841354}
{"docno": "S99eaec17-A9d4b61fa", "score": 19.441206288803276}
{"docno": "S288c2167-Aef4074cb", "score": 19.4248606690925}
{"docno": "Sbe409fe2-A65b598db", "score": 19.395436239310627}
{"docno": "Sf2c24f2c-A9256f488", "score": 19.325741931485226}
{"docno": "S9463fdc3-A6f169c5d", "score": 19.303515733459186}
{"docno": "Sd0548ef-A73c150a4", "score": 19.296225488413782}
{"docno": "Sf618c42-A7fd32b95", "score": 19.27475648457001}
{"docno": "S96a4cec1-Af63f08bd", "score": 19.261438922467846}
{"type": "queryBoxFocused", "timestamp": "2025-06-26T11:04:33.183Z", "sessionID": "5a2bdc79-6111-4d49-95a9-ae59ce36fb3c"}
{"type": "querySubmitted", "timestamp": "2025-06-26T11:04:54.095Z", "sessionID": "5a2bdc79-6111-4d49-95a9-ae59ce36fb3c", "query": "do standardized test show an impact on grades"}
{"docno": "S8703c5ca-Ad679a484", "score": 32.80825360485147}
{"docno": "Sffd7fc64-A3b56b587", "score": 31.376687642183832}
{"docno": "S9168d27e-A6beb6cb3", "score": 28.908770580349135}
{"docno": "S69c8cd12-A1043e13f", "score": 28.689953667272974}
{"docno": "Sda13af75-A70a66399", "score": 28.235899117673085}
{"docno": "S3c682384-A6f505b70", "score": 27.959714837209496}
{"docno": "S8703c5ca-A43122a89", "score": 27.135169980052066}
{"docno": "S76a5e356-Ae16cb744", "score": 26.38614181017747}
{"docno": "Sb760077b-A3ebd6d19", "score": 26.110909019984238}
{"docno": "S288c2167-A44d4cc5b", "score": 26.039755809480035}
{"docno": "S440fb971-A3ce5e9d7", "score": 25.830485211894327}
{"docno": "Sb760077b-Ac9af882f", "score": 25.726802397087045}
{"docno": "S40f19507-A51858bc5", "score": 25.548686817146226}
{"docno": "S51fb112a-Ae6ba2146", "score": 25.506502115423707}
{"docno": "Seb991d36-A8a5e7e35", "score": 25.14625189577726}
{"docno": "Sb760077b-Abbd52d8e", "score": 25.132581051943404}
{"docno": "S98199179-A54d9bbc5", "score": 25.119954434520427}
{"docno": "S828c220c-A461aa75b", "score": 25.03785076062895}
{"docno": "Sda13af75-A21ff6213", "score": 24.979095880923936}
{"docno": "S866a48bd-Adc86b130", "score": 24.629332613920184}
{"docno": "S259f65bb-A43ecac34", "score": 24.607700295315215}
{"docno": "S440fb971-A5c279a34", "score": 24.505784205396576}
{"docno": "Sc85f6a7d-Ada7146dc", "score": 24.439306297883476}
{"docno": "S8be21055-A919c0275", "score": 24.348546769188765}
{"docno": "S8be21055-A15f3c978", "score": 24.321950079297945}
{"docno": "S56db78fb-A2326aad2", "score": 24.22503991901847}
{"docno": "S5003a180-Af3520f8", "score": 23.741043376753908}
{"docno": "S7182eb4d-Ad6382690", "score": 23.635201592678108}
{"docno": "S8703c5ca-Aa36b1a41", "score": 23.51708718676798}
{"docno": "Sa3eb04e5-A7f852315", "score": 23.461227092938245}
{"docno": "S2bc7fd5c-A576ef6e8", "score": 23.439630350081494}
{"docno": "S40f19507-Acf1222ac", "score": 23.43043040546702}
{"docno": "Sdb293567-Acd0c2db1", "score": 23.412822687591447}
{"docno": "Sab3b5067-Aa2beb3fc", "score": 23.271278710832185}
{"docno": "S1e4f8705-Ac450473d", "score": 23.264947336292668}
{"docno": "S259f65bb-A78a17aa5", "score": 23.254141319390712}
{"docno": "S440fb971-Aa499f76e", "score": 23.248020890216978}
{"docno": "S440fb971-Ac684cad", "score": 23.160407971661698}
{"docno": "S50e9b414-Ac6780bbf", "score": 22.596210918376844}
{"docno": "Sacfa088a-A293d0b72", "score": 22.57911799279003}
{"docno": "S952e7fd8-Aa9358300", "score": 22.49239529748719}
{"docno": "S952e7fd8-Aa719ac9c", "score": 22.30137225865347}
{"docno": "S8763b6a7-A20317e76", "score": 22.196459403739347}
{"docno": "S7e01e803-Ac19f8944", "score": 21.728334761870002}
{"docno": "S9168d27e-A34c5483d", "score": 21.699502540310146}
{"docno": "S3763e11f-A2512ade1", "score": 21.687192761683164}
{"docno": "S7e4ace48-A70c1c3fb", "score": 21.599325243454953}
{"docno": "Seb991d36-Ae1fde89c", "score": 21.536082622139965}
{"docno": "Sfc1e411a-A6039a529", "score": 21.520859621425448}
{"docno": "S9168d27e-A2d6a836e", "score": 21.38996006798545}
{"docno": "S98aa9cfa-Aa7564166", "score": 21.344787018258415}
{"docno": "S97409bf1-Aa7b8d557", "score": 21.17746061532245}
{"docno": "S446353c-A6e473a39", "score": 21.154505368687055}
{"docno": "Seb991d36-Acbad378a", "score": 21.144701226496405}
{"docno": "Se4d12b1a-Ad4b0ca1f", "score": 21.056740580237125}
{"docno": "S8ed1a49-Adb4985ef", "score": 20.986254051274884}
{"docno": "S259f65bb-Aa587b411", "score": 20.957895423464578}
{"docno": "S7f0608-A11726725", "score": 20.78022445560233}
{"docno": "S4fbaefc8-Af47fc736", "score": 20.77600878776032}
{"docno": "S4e2b4436-A49cb7fdc", "score": 20.731172285527357}
{"docno": "S4ab880b6-A1c861cd0", "score": 20.7311191486969}
{"docno": "Sabf51f98-Ad5e2bcb3", "score": 20.697121695496794}
{"docno": "S952e7fd8-A55861611", "score": 20.6914707812549}
{"docno": "S770b8b0a-Ac7d0132", "score": 20.650637931406123}
{"docno": "S2bc7fd5c-Ac4f5036e", "score": 20.611662571907857}
{"docno": "S259f65bb-Af017a56d", "score": 20.60901454443835}
{"docno": "Sa4ab145-A61b6ae7f", "score": 20.561594312601155}
{"docno": "Sb8529941-Aca9bc790", "score": 20.561594312601155}
{"docno": "Sd257b5b2-A360f0312", "score": 20.489178164556925}
{"docno": "S8703c5ca-A69e378c0", "score": 20.4588314406323}
{"docno": "S88c19a8-A486ab57c", "score": 20.452340378652003}
{"docno": "S3cb47636-A18d3fb2a", "score": 20.423303433803426}
{"docno": "S76a5e356-A6cb05a16", "score": 20.35794259211772}
{"docno": "S2ea06f74-A7a2b00e2", "score": 20.298710618051242}
{"docno": "S88c19a8-A2552fcac", "score": 20.214745224701723}
{"docno": "Sd735e594-A2345f02f", "score": 20.093614631750185}
{"docno": "S31959cc3-A3eff86c2", "score": 20.052501798853722}
{"docno": "S6713cf15-Aefa1fe73", "score": 19.997841367761957}
{"docno": "Sa3eb04e5-A998f4aa5", "score": 19.970022554623817}
{"docno": "S93909ee1-Aefb1284c", "score": 19.92496866874467}
{"docno": "S4fbaefc8-A305fedc4", "score": 19.892212098865954}
{"docno": "S5003a180-A31cd5d57", "score": 19.814697343675444}
{"docno": "S98199179-Adb3a9f38", "score": 19.813099698858203}
{"docno": "S5003a180-A55f2653b", "score": 19.805048110731406}
{"docno": "Sa4ab145-A843a1a0d", "score": 19.680817232190122}
{"docno": "S1733c2bc-A2acc1194", "score": 19.656474054172584}
{"docno": "S894cd8a6-A8e0da31c", "score": 19.63727564811422}
{"docno": "Sf0c8d763-A3f20829", "score": 19.5951520165059}
{"docno": "Sf0c8d782-A3480a86b", "score": 19.58405764690536}
{"docno": "Sf0c8d763-A3480a86b", "score": 19.58405764690536}
{"docno": "Sadd88b19-Aed0172c2", "score": 19.534612316841354}
{"docno": "S288c2167-Aef4074cb", "score": 19.4248606690925}
{"docno": "Sbe409fe2-A65b598db", "score": 19.395436239310627}
{"docno": "Sbc2b2a0d-A4f2f0d01", "score": 19.383748147965818}
{"docno": "Sad3a3b4a-Aefaa26ac", "score": 19.303794992512042}
{"docno": "S9463fdc3-A6f169c5d", "score": 19.303515733459186}
{"docno": "Sd0548ef-A73c150a4", "score": 19.296225488413782}
{"docno": "Sf618c42-A7fd32b95", "score": 19.27475648457001}
{"docno": "Sb075eec1-A6f8fea24", "score": 19.250272367237184}
{"docno": "S894cd8a6-A30bbe218", "score": 19.240652405615553}
{"type": "toggleArgument", "timestamp": "2025-06-26T11:04:56.318Z", "sessionID": "5a2bdc79-6111-4d49-95a9-ae59ce36fb3c", "rank": "1", "doc": "S8703c5ca-Ad679a484", "action": "expand", "doclen": 2831, "score": 17.369506422489252}
{"type": "StanceClicked", "timestamp": "2025-06-26T11:04:59.839Z", "sessionID": "5a2bdc79-6111-4d49-95a9-ae59ce36fb3c", "rank": "1", "stance": "con", "action": "chooseStance", "doc": "S8703c5ca-Ad679a484", "doclen": 2831, "score": 17.369506422489252}
{"type": "toggleArgument", "timestamp": "2025-06-26T11:05:06.750Z", "sessionID": "5a2bdc79-6111-4d49-95a9-ae59ce36fb3c", "rank": "3", "doc": "S9168d27e-A6beb6cb3", "action": "expand", "doclen": 1391, "score": 16.537603802521446}
{"type": "StanceClicked", "timestamp": "2025-06-26T11:05:17.695Z", "sessionID": "5a2bdc79-6111-4d49-95a9-ae59ce36fb3c", "rank": "3", "stance": "pro", "action": "chooseStance", "doc": "S9168d27e-A6beb6cb3", "doclen": 1391, "score": 16.537603802521446}
{"type": "toggleArgument", "timestamp": "2025-06-26T11:05:23.822Z", "sessionID": "5a2bdc79-6111-4d49-95a9-ae59ce36fb3c", "rank": "4", "doc": "S69c8cd12-A1043e13f", "action": "expand", "doclen": 187, "score": 21.28611941961806}
{"type": "StanceClicked", "timestamp": "2025-06-26T11:05:35.151Z", "sessionID": "5a2bdc79-6111-4d49-95a9-ae59ce36fb3c", "rank": "4", "stance": "pro", "action": "chooseStance", "doc": "S69c8cd12-A1043e13f", "doclen": 187, "score": 21.28611941961806}
{"type": "ClickedEndTask", "timestamp": "2025-06-26T11:05:40.327Z", "sessionID": "5a2bdc79-6111-4d49-95a9-ae59ce36fb3c"}
{"type": "TaskEndConfirmed", "timestamp": "2025-06-26T11:05:44.646Z", "sessionID": "5a2bdc79-6111-4d49-95a9-ae59ce36fb3c"}
{"type": "TaskEnded", "timestamp": "2025-06-26T11:05:58.311Z", "sessionID": "5a2bdc79-6111-4d49-95a9-ae59ce36fb3c", "reason": "run out of time\n", "translated_reason": "run out of time"}
