{"type": "idSubmitted", "timestamp": "2025-06-26T10:53:37.254Z", "sessionID": "65ace679-26e5-4db4-9942-57ca24058edf", "uid": "Participant19"}
{"type": "TaskStarted", "timestamp": "2025-06-26T10:54:30.038Z", "sessionID": "65ace679-26e5-4db4-9942-57ca24058edf", "task": "1", "uid": "Participant19", "topic": "Is obesity a disease?"}
{"type": "queryBoxFocused", "timestamp": "2025-06-26T10:54:33.323Z", "sessionID": "65ace679-26e5-4db4-9942-57ca24058edf"}
{"type": "querySubmitted", "timestamp": "2025-06-26T10:54:52.191Z", "sessionID": "65ace679-26e5-4db4-9942-57ca24058edf", "query": "obesity reason"}
{"docno": "S21e2b85c-A56606e73", "score": 17.194100454536578}
{"docno": "Se3d235e2-A69eb3019", "score": 16.95922467146331}
{"docno": "Sc095d706-Ab2876470", "score": 16.82416425792284}
{"docno": "S7b734685-Aa4f793b9", "score": 16.631706345562222}
{"docno": "S21e2b85c-A3640d27f", "score": 16.546022675973056}
{"docno": "Sc2103d3c-Ad542bb09", "score": 16.53019715741597}
{"docno": "Se17f5669-Aac022fd7", "score": 16.420345081266223}
{"docno": "S21e2b85c-A161deb9d", "score": 16.34831791066165}
{"docno": "Sc095d706-A93195187", "score": 16.298108417610933}
{"docno": "S745edcc5-A18b06b0a", "score": 16.15880404182914}
{"docno": "Sc1ca8114-A564611d7", "score": 16.01104131380927}
{"docno": "Seb6fc43-A802a2e2d", "score": 15.737007094535587}
{"docno": "S6b6c62d2-A493bb64b", "score": 15.633505517126054}
{"docno": "Sb37c5615-A5856978c", "score": 15.463050403181246}
{"docno": "Sd6428151-A64779916", "score": 15.369495409467017}
{"docno": "S6053928e-Ad4c42e7d", "score": 15.335891970558125}
{"docno": "S71eb2418-Af2622b36", "score": 15.322657482867129}
{"docno": "S199eda63-A1dd80f1", "score": 15.035651088599533}
{"docno": "S615af073-Ad2ee0fd5", "score": 14.972979645509271}
{"docno": "Sb37c5615-A60772bd7", "score": 14.96295317850592}
{"docno": "S4e64f8eb-Ab6292404", "score": 14.925722038808097}
{"docno": "S5324626a-A3516dc6f", "score": 14.875400618433709}
{"docno": "S8662c54-A6d8d3a7c", "score": 14.791027457708527}
{"docno": "S97bcd2c0-Ae0779c7e", "score": 14.766991655902759}
{"docno": "Se1952864-A14ab8062", "score": 14.747509060548916}
{"docno": "S6327257c-A95ebc2fc", "score": 14.73457691459601}
{"docno": "Sa61315e2-A3b398c8e", "score": 14.730165464923454}
{"docno": "Seb6fc43-A97363c8", "score": 14.71716094744631}
{"docno": "Sfc61533a-A4be561b7", "score": 14.694298880337362}
{"docno": "S8662c54-A587c9d", "score": 14.687381756373043}
{"docno": "Sfdb7b7d4-A1c7847dd", "score": 14.623846226786204}
{"docno": "S8164800e-A7c63684", "score": 14.62146031326272}
{"docno": "S8164800e-A17b98d12", "score": 14.61418951873018}
{"docno": "Sda94a2ff-Aae72a94c", "score": 14.59087836559455}
{"docno": "Sab908431-A14b721cc", "score": 14.55753912954559}
{"docno": "S21e2b85c-A4f7b3e4c", "score": 14.518489865169295}
{"docno": "S720c8ec-A3bc92fbe", "score": 14.446211904879073}
{"docno": "S7176cf06-A506f2443", "score": 14.424020797261674}
{"docno": "Sb818caa8-A17a8a4ca", "score": 14.348025760417467}
{"docno": "Sa8af0abf-A64c2f9ba", "score": 14.311158430089645}
{"docno": "S590c815-A6125df16", "score": 14.306544162447876}
{"docno": "S672e8c7b-Aba2381ba", "score": 14.304163845627093}
{"docno": "Sc095d706-Aba86f804", "score": 14.267348590954407}
{"docno": "S3cce454e-A20e5f1bc", "score": 14.263086320403259}
{"docno": "S21e2b85c-Aa1ed4daf", "score": 14.253680831228325}
{"docno": "S672e8c7b-A94d6b8fe", "score": 14.234732164236037}
{"docno": "Sab908431-Ae80b6587", "score": 14.233632375226268}
{"docno": "S2835af09-A65b7b8", "score": 14.19311332450884}
{"docno": "Scb509540-A3a7f4447", "score": 14.152951054580038}
{"docno": "S6327257c-Ac17dfe9a", "score": 14.142112655760767}
{"docno": "Sb5b096db-Ac5f4a991", "score": 14.133465557461564}
{"docno": "S5e65cd68-Af6d86859", "score": 14.12970647846897}
{"docno": "S2245ae98-A5fc572a7", "score": 14.121580906834973}
{"docno": "Sa8af0abf-Aadd9eef2", "score": 14.109875223350606}
{"docno": "S6327257c-Ac6fd7d8f", "score": 14.097871466813992}
{"docno": "Sb5b096db-A7035c7b5", "score": 14.059255963428107}
{"docno": "S605392ad-A62b16a83", "score": 14.03042328815532}
{"docno": "S636669d7-A6a282c9d", "score": 14.03042328815532}
{"docno": "Sd4cf8fdb-A3141141a", "score": 14.007018704833083}
{"docno": "Scb509540-Abece3217", "score": 13.990900758501452}
{"docno": "S3b489c32-Ab9dc509e", "score": 13.98030899456674}
{"docno": "Sfc61533a-A9caf0f92", "score": 13.925732896037688}
{"docno": "Sbff0970b-A8f33d67e", "score": 13.898090231834095}
{"docno": "Sb5b096db-A6748ad96", "score": 13.876571458834226}
{"docno": "S672e8c7b-Adc93cbfd", "score": 13.874481329022649}
{"docno": "Sefbdcc9f-Ac0b7c2c6", "score": 13.83085782758849}
{"docno": "Sbfd1ea05-Ae2d40cd9", "score": 13.827476696664041}
{"docno": "Sf7b92218-Ae4d550db", "score": 13.822678244490772}
{"docno": "S7b734685-A7db0db3c", "score": 13.806470454714049}
{"docno": "Sefbdcc9f-A879cec18", "score": 13.777526619656866}
{"docno": "S2245ae98-A63941746", "score": 13.76387757104635}
{"docno": "S6e06d277-A26e89d39", "score": 13.744428636024958}
{"docno": "Se99ff5b0-A4b564550", "score": 13.73626088182305}
{"docno": "S648b32e-Aa47ecf00", "score": 13.713268148284477}
{"docno": "S2245ae98-A87404e78", "score": 13.699580089426787}
{"docno": "S2835af09-Aca35a6a", "score": 13.682344346317107}
{"docno": "S3c486e0b-Aa36081fe", "score": 13.65689016060511}
{"docno": "S745edcc5-A2deb4d21", "score": 13.626839268041534}
{"docno": "S7176cf06-A6b4033d4", "score": 13.579563190744794}
{"docno": "S90227f05-A2315a163", "score": 13.561575216750967}
{"docno": "S720c8ec-Adaf0411a", "score": 13.544420920240889}
{"docno": "Sb07ade91-A981a17cc", "score": 13.544420920240889}
{"docno": "S334ce662-Ac160dc53", "score": 13.509447777433252}
{"docno": "S605392ad-Ab5ae9752", "score": 13.491502958908363}
{"docno": "Sc5ca7d15-Ae691719c", "score": 13.4545326651597}
{"docno": "S8e0455fc-A5e0c9f74", "score": 13.451822285391371}
{"docno": "Scf3337ec-A8201d8c4", "score": 13.383848366579683}
{"docno": "Sc71893a8-A56412fe2", "score": 13.383848366579683}
{"docno": "Sb85bce5e-A9d763b55", "score": 13.36849905798912}
{"docno": "S861ed4bc-A5100d2a4", "score": 13.359056092082238}
{"docno": "S605392ad-Aa2c94a6a", "score": 13.326066515613338}
{"docno": "Sc7f642aa-A523dd607", "score": 13.326066515613338}
{"docno": "S97247301-A5fe11c0e", "score": 13.29873699796088}
{"docno": "S1c506328-A15711ba9", "score": 13.289652052053647}
{"docno": "Sb37c5615-Ad766e61c", "score": 13.287734977977651}
{"docno": "S1c506328-A4af79f73", "score": 13.268651783974517}
{"docno": "Se1952864-Aec2b05fb", "score": 13.239087163397127}
{"docno": "S2a10529c-Ac2eebdd0", "score": 13.22785030029878}
{"docno": "S2f8534ff-A2d385d5a", "score": 13.208887880310293}
{"docno": "S6ef2ed64-A2984ab95", "score": 13.206047315594109}
{"type": "toggleArgument", "timestamp": "2025-06-26T10:54:56.919Z", "sessionID": "65ace679-26e5-4db4-9942-57ca24058edf", "rank": "1", "doc": "S21e2b85c-A56606e73", "action": "expand", "doclen": 467, "score": 23.360057838049414}
{"type": "toggleArgument", "timestamp": "2025-06-26T10:55:42.030Z", "sessionID": "65ace679-26e5-4db4-9942-57ca24058edf", "rank": "2", "doc": "Se3d235e2-A69eb3019", "action": "expand", "doclen": 259, "score": 17.080566677576556}
{"type": "toggleArgument", "timestamp": "2025-06-26T10:56:01.278Z", "sessionID": "65ace679-26e5-4db4-9942-57ca24058edf", "rank": "3", "doc": "Sc095d706-Ab2876470", "action": "expand", "doclen": 1121, "score": 16.82416425792284}
{"type": "toggleArgument", "timestamp": "2025-06-26T10:56:24.830Z", "sessionID": "65ace679-26e5-4db4-9942-57ca24058edf", "rank": "4", "doc": "S7b734685-Aa4f793b9", "action": "expand", "doclen": 502, "score": 16.631706345562222}
{"type": "StanceClicked", "timestamp": "2025-06-26T10:56:56.766Z", "sessionID": "65ace679-26e5-4db4-9942-57ca24058edf", "rank": "4", "stance": "con", "action": "chooseStance", "doc": "S7b734685-Aa4f793b9", "doclen": 502, "score": 16.631706345562222}
{"type": "StanceClicked", "timestamp": "2025-06-26T10:56:57.726Z", "sessionID": "65ace679-26e5-4db4-9942-57ca24058edf", "rank": "4", "stance": "pro", "action": "chooseStance", "doc": "S7b734685-Aa4f793b9", "doclen": 502, "score": 16.631706345562222}
{"type": "StanceClicked", "timestamp": "2025-06-26T10:56:58.311Z", "sessionID": "65ace679-26e5-4db4-9942-57ca24058edf", "rank": "4", "stance": "con", "action": "chooseStance", "doc": "S7b734685-Aa4f793b9", "doclen": 502, "score": 16.631706345562222}
{"type": "toggleArgument", "timestamp": "2025-06-26T10:57:06.743Z", "sessionID": "65ace679-26e5-4db4-9942-57ca24058edf", "rank": "5", "doc": "S21e2b85c-A3640d27f", "action": "expand", "doclen": 980, "score": 16.546022675973056}
{"type": "toggleArgument", "timestamp": "2025-06-26T10:57:17.510Z", "sessionID": "65ace679-26e5-4db4-9942-57ca24058edf", "rank": "8", "doc": "S21e2b85c-A161deb9d", "action": "expand", "doclen": 1327, "score": 22.696160569947285}
{"type": "StanceClicked", "timestamp": "2025-06-26T10:58:40.000Z", "sessionID": "65ace679-26e5-4db4-9942-57ca24058edf", "rank": "8", "stance": "con", "action": "chooseStance", "doc": "S21e2b85c-A161deb9d", "doclen": 1327, "score": 22.696160569947285}
{"type": "StanceClicked", "timestamp": "2025-06-26T10:58:43.592Z", "sessionID": "65ace679-26e5-4db4-9942-57ca24058edf", "rank": "8", "stance": "pro", "action": "chooseStance", "doc": "S21e2b85c-A161deb9d", "doclen": 1327, "score": 22.696160569947285}
{"type": "toggleArgument", "timestamp": "2025-06-26T10:58:48.056Z", "sessionID": "65ace679-26e5-4db4-9942-57ca24058edf", "rank": "9", "doc": "Sc095d706-A93195187", "action": "expand", "doclen": 1213, "score": 16.298108417610933}
{"type": "queryBoxFocused", "timestamp": "2025-06-26T10:58:57.226Z", "sessionID": "65ace679-26e5-4db4-9942-57ca24058edf"}
{"type": "querySubmitted", "timestamp": "2025-06-26T10:59:05.249Z", "sessionID": "65ace679-26e5-4db4-9942-57ca24058edf", "query": "obesity"}
{"docno": "Sb37c5615-A5856978c", "score": 15.463050403181246}
{"docno": "Sb37c5615-A60772bd7", "score": 14.96295317850592}
{"docno": "S8662c54-A6d8d3a7c", "score": 14.791027457708527}
{"docno": "Se1952864-A14ab8062", "score": 14.747509060548916}
{"docno": "S8662c54-A587c9d", "score": 14.687381756373043}
{"docno": "S8164800e-A7c63684", "score": 14.62146031326272}
{"docno": "S8164800e-A17b98d12", "score": 14.61418951873018}
{"docno": "Sda94a2ff-Aae72a94c", "score": 14.59087836559455}
{"docno": "Sab908431-A14b721cc", "score": 14.55753912954559}
{"docno": "S21e2b85c-A4f7b3e4c", "score": 14.518489865169295}
{"docno": "S720c8ec-A3bc92fbe", "score": 14.446211904879073}
{"docno": "S590c815-A6125df16", "score": 14.306544162447876}
{"docno": "S672e8c7b-Aba2381ba", "score": 14.304163845627093}
{"docno": "Sc095d706-Aba86f804", "score": 14.267348590954407}
{"docno": "S3cce454e-A20e5f1bc", "score": 14.263086320403259}
{"docno": "S21e2b85c-Aa1ed4daf", "score": 14.253680831228325}
{"docno": "S672e8c7b-A94d6b8fe", "score": 14.234732164236037}
{"docno": "Sab908431-Ae80b6587", "score": 14.233632375226268}
{"docno": "S21e2b85c-A161deb9d", "score": 14.184737187913033}
{"docno": "S745edcc5-A18b06b0a", "score": 14.160185887910531}
{"docno": "Scb509540-A3a7f4447", "score": 14.152951054580038}
{"docno": "S6327257c-Ac17dfe9a", "score": 14.142112655760767}
{"docno": "Sb5b096db-Ac5f4a991", "score": 14.133465557461564}
{"docno": "S21e2b85c-A56606e73", "score": 14.131839323802746}
{"docno": "S2245ae98-A5fc572a7", "score": 14.121580906834973}
{"docno": "Sa8af0abf-Aadd9eef2", "score": 14.109875223350606}
{"docno": "S6327257c-Ac6fd7d8f", "score": 14.097871466813992}
{"docno": "Sb5b096db-A7035c7b5", "score": 14.059255963428107}
{"docno": "Sc095d706-A93195187", "score": 14.041395038324023}
{"docno": "S605392ad-A62b16a83", "score": 14.03042328815532}
{"docno": "S636669d7-A6a282c9d", "score": 14.03042328815532}
{"docno": "Sd4cf8fdb-A3141141a", "score": 14.007018704833083}
{"docno": "Scb509540-Abece3217", "score": 13.990900758501452}
{"docno": "Sfc61533a-A9caf0f92", "score": 13.925732896037688}
{"docno": "S21e2b85c-A3640d27f", "score": 13.911259287346539}
{"docno": "S6b6c62d2-A493bb64b", "score": 13.899332047309102}
{"docno": "Sb5b096db-A6748ad96", "score": 13.876571458834226}
{"docno": "S672e8c7b-Adc93cbfd", "score": 13.874481329022649}
{"docno": "Sefbdcc9f-Ac0b7c2c6", "score": 13.83085782758849}
{"docno": "S7b734685-A7db0db3c", "score": 13.806470454714049}
{"docno": "Sefbdcc9f-A879cec18", "score": 13.777526619656866}
{"docno": "S2245ae98-A63941746", "score": 13.76387757104635}
{"docno": "S6e06d277-A26e89d39", "score": 13.744428636024958}
{"docno": "Se99ff5b0-A4b564550", "score": 13.73626088182305}
{"docno": "S2245ae98-A87404e78", "score": 13.699580089426787}
{"docno": "S2835af09-Aca35a6a", "score": 13.682344346317107}
{"docno": "S745edcc5-A2deb4d21", "score": 13.626839268041534}
{"docno": "S90227f05-A2315a163", "score": 13.561575216750967}
{"docno": "S4e64f8eb-Ab6292404", "score": 13.546412781447481}
{"docno": "S720c8ec-Adaf0411a", "score": 13.544420920240889}
{"docno": "Sb07ade91-A981a17cc", "score": 13.544420920240889}
{"docno": "S6053928e-Ad4c42e7d", "score": 13.51470210518801}
{"docno": "S334ce662-Ac160dc53", "score": 13.509447777433252}
{"docno": "S605392ad-Ab5ae9752", "score": 13.491502958908363}
{"docno": "S8e0455fc-A5e0c9f74", "score": 13.451822285391371}
{"docno": "Se3d235e2-A69eb3019", "score": 13.386897918854746}
{"docno": "Sb85bce5e-A9d763b55", "score": 13.36849905798912}
{"docno": "Sc1ca8114-A564611d7", "score": 13.360771867171698}
{"docno": "S615af073-Ad2ee0fd5", "score": 13.357552425978742}
{"docno": "S605392ad-Aa2c94a6a", "score": 13.326066515613338}
{"docno": "Sc7f642aa-A523dd607", "score": 13.326066515613338}
{"docno": "S97247301-A5fe11c0e", "score": 13.29873699796088}
{"docno": "S1c506328-A15711ba9", "score": 13.289652052053647}
{"docno": "Sb37c5615-Ad766e61c", "score": 13.287734977977651}
{"docno": "S1c506328-A4af79f73", "score": 13.268651783974517}
{"docno": "S2f8534ff-A2d385d5a", "score": 13.208887880310293}
{"docno": "S6ef2ed64-A2984ab95", "score": 13.206047315594109}
{"docno": "S199eda63-A1dd80f1", "score": 13.193125867141351}
{"docno": "S97247301-Ac5904f44", "score": 13.179207363703226}
{"docno": "S816ff572-A2eda9fd1", "score": 13.179207363703226}
{"docno": "Sfc61533a-A4be561b7", "score": 13.157780627058944}
{"docno": "S4365c705-A3ac49e58", "score": 13.151067960434618}
{"docno": "S672e8c7b-Aca33c54e", "score": 13.146844782284743}
{"docno": "Sc095d706-Ab2876470", "score": 13.138440190404221}
{"docno": "S69f186d6-A2f4cf963", "score": 13.136340721208505}
{"docno": "Sc9b434d4-A788e6fe2", "score": 13.09263538121608}
{"docno": "Sc2103d3c-Ad542bb09", "score": 13.088170688317296}
{"docno": "Sa88b3bc8-Ae23805ec", "score": 13.088170688317296}
{"docno": "Sb367c104-Ace331c5b", "score": 13.069296223829985}
{"docno": "S1e7f4ed8-Ae157ca48", "score": 13.068183741784647}
{"docno": "S334ce662-A5f912649", "score": 13.060930887737031}
{"docno": "S590c815-A3e212326", "score": 13.042249718800008}
{"docno": "S6e06d277-A75826c3f", "score": 13.030017989886844}
{"docno": "S52af44db-Addd07cdc", "score": 13.030017989886844}
{"docno": "Sa8af0abf-A64c2f9ba", "score": 13.029279045793166}
{"docno": "Sb945ca11-A41ca93db", "score": 13.003888084855705}
{"docno": "S1e7f4ed8-A48d5c75", "score": 12.976765798741143}
{"docno": "S15263802-A2e862281", "score": 12.974206920338787}
{"docno": "Se1952864-A3bd3dfee", "score": 12.972379767821419}
{"docno": "Sab908431-A4b2b19f8", "score": 12.962152536464107}
{"docno": "Se99ff5b0-A4b287497", "score": 12.956924240957544}
{"docno": "Sd1be7710-A6b995c45", "score": 12.946480292770692}
{"docno": "S686be05-A507017ca", "score": 12.936053167743653}
{"docno": "S6431671e-Ac09a073f", "score": 12.927266328517861}
{"docno": "Saea72628-A5303ddd0", "score": 12.915249224837574}
{"docno": "Sd6428151-A3a9ace36", "score": 12.915249224837574}
{"docno": "S71eb2418-Af2622b36", "score": 12.89093002265148}
{"docno": "Se99ff5b0-Abe70a484", "score": 12.861851484332595}
{"docno": "S8662c54-A7c46dd0f", "score": 12.858619682868161}
{"docno": "Sa61315e2-A3b398c8e", "score": 12.843433880401424}
{"type": "toggleArgument", "timestamp": "2025-06-26T10:59:16.640Z", "sessionID": "65ace679-26e5-4db4-9942-57ca24058edf", "rank": "3", "doc": "S8662c54-A6d8d3a7c", "action": "expand", "doclen": 1556, "score": 14.791027457708527}
{"type": "toggleArgument", "timestamp": "2025-06-26T10:59:35.209Z", "sessionID": "65ace679-26e5-4db4-9942-57ca24058edf", "rank": "4", "doc": "Se1952864-A14ab8062", "action": "expand", "doclen": 792, "score": 14.747509060548916}
{"type": "StanceClicked", "timestamp": "2025-06-26T11:00:19.547Z", "sessionID": "65ace679-26e5-4db4-9942-57ca24058edf", "rank": "4", "stance": "pro", "action": "chooseStance", "doc": "Se1952864-A14ab8062", "doclen": 792, "score": 14.747509060548916}
{"type": "toggleArgument", "timestamp": "2025-06-26T11:00:24.578Z", "sessionID": "65ace679-26e5-4db4-9942-57ca24058edf", "rank": "5", "doc": "S8662c54-A587c9d", "action": "expand", "doclen": 630, "score": 14.687381756373043}
{"type": "toggleArgument", "timestamp": "2025-06-26T11:00:42.172Z", "sessionID": "65ace679-26e5-4db4-9942-57ca24058edf", "rank": "9", "doc": "Sab908431-A14b721cc", "action": "expand", "doclen": 1895, "score": 14.55753912954559}
{"type": "toggleArgument", "timestamp": "2025-06-26T11:00:55.699Z", "sessionID": "65ace679-26e5-4db4-9942-57ca24058edf", "rank": "10", "doc": "S21e2b85c-A4f7b3e4c", "action": "expand", "doclen": 1153, "score": 23.13986557795817}
{"type": "pageNavigationClicked", "timestamp": "2025-06-26T11:01:47.725Z", "sessionID": "65ace679-26e5-4db4-9942-57ca24058edf", "clicked": "2", "fromPage": 1, "toPage": 2}
{"type": "toggleArgument", "timestamp": "2025-06-26T11:02:08.342Z", "sessionID": "65ace679-26e5-4db4-9942-57ca24058edf", "rank": "14", "doc": "Sc095d706-Aba86f804", "action": "expand", "doclen": 1373, "score": 14.267348590954407}
{"type": "toggleArgument", "timestamp": "2025-06-26T11:02:45.760Z", "sessionID": "65ace679-26e5-4db4-9942-57ca24058edf", "rank": "15", "doc": "S3cce454e-A20e5f1bc", "action": "expand", "doclen": 606, "score": 14.263086320403259}
{"type": "queryBoxFocused", "timestamp": "2025-06-26T11:03:11.402Z", "sessionID": "65ace679-26e5-4db4-9942-57ca24058edf"}
{"type": "toggleArgument", "timestamp": "2025-06-26T11:03:15.921Z", "sessionID": "65ace679-26e5-4db4-9942-57ca24058edf", "rank": "16", "doc": "S21e2b85c-Aa1ed4daf", "action": "expand", "doclen": 1278, "score": 22.852839401598068}
{"type": "StanceClicked", "timestamp": "2025-06-26T11:04:43.857Z", "sessionID": "65ace679-26e5-4db4-9942-57ca24058edf", "rank": "16", "stance": "con", "action": "chooseStance", "doc": "S21e2b85c-Aa1ed4daf", "doclen": 1278, "score": 22.852839401598068}
{"type": "toggleArgument", "timestamp": "2025-06-26T11:04:51.112Z", "sessionID": "65ace679-26e5-4db4-9942-57ca24058edf", "rank": "18", "doc": "Sab908431-Ae80b6587", "action": "expand", "doclen": 247, "score": 14.233632375226268}
{"type": "toggleArgument", "timestamp": "2025-06-26T11:05:08.432Z", "sessionID": "65ace679-26e5-4db4-9942-57ca24058edf", "rank": "19", "doc": "S21e2b85c-A161deb9d", "action": "expand", "doclen": 1327, "score": 22.696160569947285}
{"type": "pageNavigationClicked", "timestamp": "2025-06-26T11:05:24.545Z", "sessionID": "65ace679-26e5-4db4-9942-57ca24058edf", "clicked": "3", "fromPage": 2, "toPage": 3}
{"type": "toggleArgument", "timestamp": "2025-06-26T11:05:31.441Z", "sessionID": "65ace679-26e5-4db4-9942-57ca24058edf", "rank": "22", "doc": "S6327257c-Ac17dfe9a", "action": "expand", "doclen": 285, "score": 14.142112655760767}
{"type": "ClickedEndTask", "timestamp": "2025-06-26T11:05:40.713Z", "sessionID": "65ace679-26e5-4db4-9942-57ca24058edf"}
{"type": "toggleSavedDocumentsClicked", "timestamp": "2025-06-26T11:05:43.824Z", "sessionID": "65ace679-26e5-4db4-9942-57ca24058edf", "clicked": "shown"}
{"type": "TaskEndConfirmed", "timestamp": "2025-06-26T11:05:51.152Z", "sessionID": "65ace679-26e5-4db4-9942-57ca24058edf"}
{"type": "TaskEnded", "timestamp": "2025-06-26T11:06:03.729Z", "sessionID": "65ace679-26e5-4db4-9942-57ca24058edf", "reason": "time's up", "translated_reason": "Time's Up"}
