{"type": "TaskStarted", "timestamp": "2025-06-26T10:20:47.280Z", "sessionID": "e521cac3-c8b0-4b65-9519-63f82d80fb1b", "task": "2", "uid": "Participant31", "topic": "Should the federal minimum wage be increased?"}
{"type": "queryBoxFocused", "timestamp": "2025-06-26T10:20:55.148Z", "sessionID": "e521cac3-c8b0-4b65-9519-63f82d80fb1b"}
{"type": "querySubmitted", "timestamp": "2025-06-26T10:21:02.545Z", "sessionID": "e521cac3-c8b0-4b65-9519-63f82d80fb1b", "query": "federal minimum wage"}
{"docno": "Sb6f6e654-A9919a595", "score": 35.76887822519787}
{"docno": "S51c34db5-A7345e66f", "score": 35.51503307456724}
{"docno": "Sb6f6e654-A5aa453ef", "score": 34.472623572042735}
{"docno": "S51c34db5-A1cd13b2b", "score": 34.371965821946674}
{"docno": "S148740e7-Ad729a9aa", "score": 34.2044812175829}
{"docno": "S5194bbe-Ad4e82f54", "score": 33.95314273111692}
{"docno": "S9443a255-Aa0880433", "score": 33.841213966329875}
{"docno": "Sd449ee59-A19cf8da4", "score": 32.54048794741194}
{"docno": "S6ac98ba6-Aecc81e50", "score": 32.2918986505639}
{"docno": "S5c3ed70-Ab3c45d8a", "score": 32.2717173390746}
{"docno": "S148740e7-A29cec1d9", "score": 32.257576401431805}
{"docno": "S7a99c7b0-A3350363a", "score": 31.874290018407358}
{"docno": "S3d4f60b6-A96a2dcdd", "score": 31.809662721207225}
{"docno": "S93fbabb6-A70bbd698", "score": 31.73277206150063}
{"docno": "S6ac98ba6-A5a97aeb5", "score": 31.503471845038177}
{"docno": "Sb6f6e654-A2251c028", "score": 31.466475097057007}
{"docno": "Sa929fd9e-Af0c649f5", "score": 31.117345393477034}
{"docno": "Se11b032f-A35ec413c", "score": 30.942365498873343}
{"docno": "S4505ff06-Ab6b4839b", "score": 30.77516669238544}
{"docno": "S7a99c7cf-Acae87491", "score": 30.755874764845224}
{"docno": "S7245daba-Af2afe0ee", "score": 30.75502708240891}
{"docno": "S6c6b40ff-A222807b", "score": 30.67302403175864}
{"docno": "S51c34db5-Abc8609ec", "score": 30.607329191509706}
{"docno": "Sbf184b88-A46e4fcc0", "score": 30.532626192766607}
{"docno": "Sbf184b88-A8ffb5bfa", "score": 30.459424875428372}
{"docno": "S74df972a-Ada5a26ec", "score": 30.439522651168378}
{"docno": "S5339b784-Afc4c1a44", "score": 30.38549425289217}
{"docno": "S9329eedd-Ad0c828d3", "score": 30.330905375884292}
{"docno": "S7245daba-Aa5e73354", "score": 30.24824247951303}
{"docno": "Sce0a06c8-A4ae94bba", "score": 30.244169385508854}
{"docno": "Sfe453fc6-A439b12b9", "score": 30.17605639903929}
{"docno": "Se1beae30-A4c8d96e2", "score": 30.138619375394974}
{"docno": "Sb3c6f9b8-Abcb2a900", "score": 30.138619375394974}
{"docno": "S40f0bed0-A22d70e03", "score": 30.087654947998573}
{"docno": "S51c34db5-Ab2bcb2ee", "score": 30.075224834185164}
{"docno": "S3e34e0d7-Ae3f6530", "score": 30.02828399580312}
{"docno": "Sdbdd46b7-Abbc3682a", "score": 29.893699178433778}
{"docno": "S441845a5-Ad4f4326c", "score": 29.844100585897024}
{"docno": "S9c4ebe55-Acf042959", "score": 29.76048017743223}
{"docno": "Sb3c6f9b8-A63b80751", "score": 29.714656033299093}
{"docno": "Sce0a06a9-A1cff8a09", "score": 29.503538598382924}
{"docno": "S4505ff06-A6d5b9990", "score": 29.48310026070915}
{"docno": "S3774807f-Ae2a814c8", "score": 29.278555822231212}
{"docno": "S5c3ed70-A34b812fe", "score": 29.189973157890755}
{"docno": "S7021d6d5-Aa95a8520", "score": 29.12589462111151}
{"docno": "S72d1888a-A3b2d68d8", "score": 29.053568997069007}
{"docno": "S1d5f1558-A5733da2d", "score": 29.04893789697045}
{"docno": "S5194bbe-A5e6c2eb8", "score": 29.005072384430775}
{"docno": "Sb2b9b1f9-A4049c9f", "score": 28.872942529669867}
{"docno": "S7a5dcb0b-Abad03bc4", "score": 28.84715094035796}
{"docno": "Sbe617355-A6389a86a", "score": 28.837988009442242}
{"docno": "Sb6f6e654-A34d89dbf", "score": 28.596421850043527}
{"docno": "S6d5f9faf-A513e89e0", "score": 28.465644577026815}
{"docno": "S32f15628-Af68b38ad", "score": 28.440945938385468}
{"docno": "Sbdba3f34-A6cf24bb0", "score": 28.345525954973873}
{"docno": "Sa071780f-Aa7282763", "score": 28.247066084256666}
{"docno": "S40f0bed0-A62b1d4c1", "score": 28.194852328923275}
{"docno": "S4ed78f80-A190684c2", "score": 28.16612018694695}
{"docno": "Sdca59db5-A1155ff93", "score": 28.055800481988346}
{"docno": "Sda0b362d-A6219c43a", "score": 27.93168932931289}
{"docno": "S6ac98ba6-A3ceec157", "score": 27.680684579467982}
{"docno": "Sf5589b65-Aad704790", "score": 27.57903774497402}
{"docno": "S72d1888a-A49edd66c", "score": 27.578302980197158}
{"docno": "S4505ff06-Accb1f012", "score": 27.49976169891016}
{"docno": "S72d1888a-A2ba7cf3d", "score": 27.409752865275188}
{"docno": "S6ac98ba6-Ac7fbb75a", "score": 27.368528430041177}
{"docno": "S35c255fa-A256813ce", "score": 26.859654952462897}
{"docno": "Se4c4f298-A16c61b81", "score": 26.837148700793165}
{"docno": "Sc879277c-Afce59efa", "score": 26.68059597794034}
{"docno": "S8c866652-A1f0a1f38", "score": 26.671434852615846}
{"docno": "Sfb307db5-Aefc3f99a", "score": 26.57450725728009}
{"docno": "S1cab55-A7065a4e7", "score": 26.511197302251425}
{"docno": "S5194bbe-A567ada0", "score": 26.43338163307444}
{"docno": "S5c3ed32-Ad3a26007", "score": 26.31195697992001}
{"docno": "S441845a5-Acc38c481", "score": 26.264056853677353}
{"docno": "S147e45bd-Abf45fa40", "score": 26.224389718581143}
{"docno": "S88d4f7ff-A74bb5cd9", "score": 26.188540551946396}
{"docno": "S855ce88e-A2b3e5240", "score": 26.10954616731456}
{"docno": "S5c3ed32-Aa2f2be54", "score": 26.073569909139913}
{"docno": "Se3b9f8b-A4d504fd4", "score": 26.061183496294454}
{"docno": "Se6c8a508-Acd788bcd", "score": 25.782015430937662}
{"docno": "S7245daba-A7aebf934", "score": 25.752233940502308}
{"docno": "Sdca59db5-Abaa219c7", "score": 25.73969873914656}
{"docno": "Sbd8467d7-Aa86ebaab", "score": 25.679751973853445}
{"docno": "S5c3ed32-A6642821", "score": 25.65426342155635}
{"docno": "S6ac98ba6-Ae4357426", "score": 25.6206823864618}
{"docno": "S2d5cd7d8-Ab10a1e01", "score": 25.587112982071645}
{"docno": "S5c3ed32-A623a0534", "score": 25.560543090006984}
{"docno": "Sfda29737-A5462fa90", "score": 25.5490899141942}
{"docno": "S5c3ed32-Aebef0e2f", "score": 25.501047584225297}
{"docno": "Sdca59d96-A9ecaaaa7", "score": 25.49826036863881}
{"docno": "S6c6b40ff-A4876946b", "score": 25.493769244734082}
{"docno": "Sa39c565c-Ad91a1545", "score": 25.296789137618948}
{"docno": "S3bbb9546-A7cf4fb87", "score": 25.25489297628522}
{"docno": "Sdca59d77-Ab1197bc8", "score": 25.19358208309969}
{"docno": "S855ce88e-A277fd07a", "score": 25.15696012682887}
{"docno": "S7b8b3bd1-A909f6ae3", "score": 25.1501379359261}
{"docno": "Sf077d020-A4e659df7", "score": 25.122271801970868}
{"docno": "S49479255-A44c02274", "score": 25.120061429856207}
{"docno": "Sb2b9a732-A21bb158e", "score": 25.099303237508266}
{"type": "toggleArgument", "timestamp": "2025-06-26T10:21:08.728Z", "sessionID": "e521cac3-c8b0-4b65-9519-63f82d80fb1b", "rank": "1", "doc": "Sb6f6e654-A9919a595", "action": "expand", "doclen": 2045, "score": 35.76887822519787}
{"type": "toggleArgument", "timestamp": "2025-06-26T10:21:13.336Z", "sessionID": "e521cac3-c8b0-4b65-9519-63f82d80fb1b", "rank": "2", "doc": "S51c34db5-A7345e66f", "action": "expand", "doclen": 1439, "score": 35.51503307456724}
{"type": "StanceClicked", "timestamp": "2025-06-26T10:21:35.217Z", "sessionID": "e521cac3-c8b0-4b65-9519-63f82d80fb1b", "rank": "3", "stance": "con", "action": "chooseStance", "doc": "Sb6f6e654-A5aa453ef", "doclen": 371, "score": 34.472623572042735}
{"type": "toggleArgument", "timestamp": "2025-06-26T10:21:39.664Z", "sessionID": "e521cac3-c8b0-4b65-9519-63f82d80fb1b", "rank": "4", "doc": "S51c34db5-A1cd13b2b", "action": "expand", "doclen": 1099, "score": 34.371965821946674}
{"type": "StanceClicked", "timestamp": "2025-06-26T10:21:43.953Z", "sessionID": "e521cac3-c8b0-4b65-9519-63f82d80fb1b", "rank": "4", "stance": "con", "action": "chooseStance", "doc": "S51c34db5-A1cd13b2b", "doclen": 1099, "score": 34.371965821946674}
{"type": "toggleArgument", "timestamp": "2025-06-26T10:21:53.040Z", "sessionID": "e521cac3-c8b0-4b65-9519-63f82d80fb1b", "rank": "6", "doc": "S5194bbe-Ad4e82f54", "action": "expand", "doclen": 976, "score": 33.95314273111692}
{"type": "StanceClicked", "timestamp": "2025-06-26T10:22:07.041Z", "sessionID": "e521cac3-c8b0-4b65-9519-63f82d80fb1b", "rank": "6", "stance": "pro", "action": "chooseStance", "doc": "S5194bbe-Ad4e82f54", "doclen": 976, "score": 33.95314273111692}
{"type": "toggleArgument", "timestamp": "2025-06-26T10:22:14.112Z", "sessionID": "e521cac3-c8b0-4b65-9519-63f82d80fb1b", "rank": "8", "doc": "Sd449ee59-A19cf8da4", "action": "expand", "doclen": 648, "score": 32.54048794741194}
{"type": "toggleArgument", "timestamp": "2025-06-26T10:22:42.000Z", "sessionID": "e521cac3-c8b0-4b65-9519-63f82d80fb1b", "rank": "9", "doc": "S6ac98ba6-Aecc81e50", "action": "expand", "doclen": 2044, "score": 32.2918986505639}
{"type": "pageNavigationClicked", "timestamp": "2025-06-26T10:22:45.680Z", "sessionID": "e521cac3-c8b0-4b65-9519-63f82d80fb1b", "clicked": "10", "fromPage": 1, "toPage": 10}
{"type": "toggleArgument", "timestamp": "2025-06-26T10:22:51.528Z", "sessionID": "e521cac3-c8b0-4b65-9519-63f82d80fb1b", "rank": "95", "doc": "Sdca59d77-Ab1197bc8", "action": "expand", "doclen": 1262, "score": 25.19358208309969}
{"type": "toggleArgument", "timestamp": "2025-06-26T10:22:58.360Z", "sessionID": "e521cac3-c8b0-4b65-9519-63f82d80fb1b", "rank": "96", "doc": "S855ce88e-A277fd07a", "action": "expand", "doclen": 1071, "score": 25.15696012682887}
{"type": "toggleArgument", "timestamp": "2025-06-26T10:23:01.576Z", "sessionID": "e521cac3-c8b0-4b65-9519-63f82d80fb1b", "rank": "97", "doc": "S7b8b3bd1-A909f6ae3", "action": "expand", "doclen": 596, "score": 25.1501379359261}
{"type": "toggleArgument", "timestamp": "2025-06-26T10:23:11.400Z", "sessionID": "e521cac3-c8b0-4b65-9519-63f82d80fb1b", "rank": "100", "doc": "Sb2b9a732-A21bb158e", "action": "expand", "doclen": 1133, "score": 25.099303237508266}
{"type": "pageNavigationClicked", "timestamp": "2025-06-26T10:23:15.217Z", "sessionID": "e521cac3-c8b0-4b65-9519-63f82d80fb1b", "clicked": "9", "fromPage": 10, "toPage": 9}
{"type": "toggleArgument", "timestamp": "2025-06-26T10:23:19.323Z", "sessionID": "e521cac3-c8b0-4b65-9519-63f82d80fb1b", "rank": "82", "doc": "S7245daba-A7aebf934", "action": "expand", "doclen": 2908, "score": 25.752233940502308}
{"type": "toggleArgument", "timestamp": "2025-06-26T10:23:41.273Z", "sessionID": "e521cac3-c8b0-4b65-9519-63f82d80fb1b", "rank": "83", "doc": "Sdca59db5-Abaa219c7", "action": "expand", "doclen": 2321, "score": 25.73969873914656}
{"type": "pageNavigationClicked", "timestamp": "2025-06-26T10:23:59.489Z", "sessionID": "e521cac3-c8b0-4b65-9519-63f82d80fb1b", "clicked": "2", "fromPage": 9, "toPage": 2}
{"type": "toggleArgument", "timestamp": "2025-06-26T10:24:08.130Z", "sessionID": "e521cac3-c8b0-4b65-9519-63f82d80fb1b", "rank": "14", "doc": "S93fbabb6-A70bbd698", "action": "expand", "doclen": 2031, "score": 31.73277206150063}
{"type": "StanceClicked", "timestamp": "2025-06-26T10:24:11.042Z", "sessionID": "e521cac3-c8b0-4b65-9519-63f82d80fb1b", "rank": "14", "stance": "pro", "action": "chooseStance", "doc": "S93fbabb6-A70bbd698", "doclen": 2031, "score": 31.73277206150063}
{"type": "toggleArgument", "timestamp": "2025-06-26T10:24:16.043Z", "sessionID": "e521cac3-c8b0-4b65-9519-63f82d80fb1b", "rank": "15", "doc": "S6ac98ba6-A5a97aeb5", "action": "expand", "doclen": 1701, "score": 31.503471845038177}
{"type": "toggleArgument", "timestamp": "2025-06-26T10:24:52.795Z", "sessionID": "e521cac3-c8b0-4b65-9519-63f82d80fb1b", "rank": "18", "doc": "Se11b032f-A35ec413c", "action": "expand", "doclen": 1043, "score": 30.942365498873343}
{"type": "StanceClicked", "timestamp": "2025-06-26T10:25:26.508Z", "sessionID": "e521cac3-c8b0-4b65-9519-63f82d80fb1b", "rank": "18", "stance": "con", "action": "chooseStance", "doc": "Se11b032f-A35ec413c", "doclen": 1043, "score": 30.942365498873343}
{"type": "toggleArgument", "timestamp": "2025-06-26T10:25:32.036Z", "sessionID": "e521cac3-c8b0-4b65-9519-63f82d80fb1b", "rank": "19", "doc": "S4505ff06-Ab6b4839b", "action": "expand", "doclen": 2172, "score": 30.77516669238544}
{"type": "toggleArgument", "timestamp": "2025-06-26T10:25:41.908Z", "sessionID": "e521cac3-c8b0-4b65-9519-63f82d80fb1b", "rank": "20", "doc": "S7a99c7cf-Acae87491", "action": "expand", "doclen": 1270, "score": 30.755874764845224}
{"type": "StanceClicked", "timestamp": "2025-06-26T10:25:44.196Z", "sessionID": "e521cac3-c8b0-4b65-9519-63f82d80fb1b", "rank": "20", "stance": "pro", "action": "chooseStance", "doc": "S7a99c7cf-Acae87491", "doclen": 1270, "score": 30.755874764845224}
{"type": "pageNavigationClicked", "timestamp": "2025-06-26T10:25:45.612Z", "sessionID": "e521cac3-c8b0-4b65-9519-63f82d80fb1b", "clicked": "8", "fromPage": 2, "toPage": 8}
{"type": "toggleArgument", "timestamp": "2025-06-26T10:25:53.676Z", "sessionID": "e521cac3-c8b0-4b65-9519-63f82d80fb1b", "rank": "71", "doc": "Sfb307db5-Aefc3f99a", "action": "expand", "doclen": 1164, "score": 26.57450725728009}
{"type": "StanceClicked", "timestamp": "2025-06-26T10:26:02.604Z", "sessionID": "e521cac3-c8b0-4b65-9519-63f82d80fb1b", "rank": "71", "stance": "pro", "action": "chooseStance", "doc": "Sfb307db5-Aefc3f99a", "doclen": 1164, "score": 26.57450725728009}
{"type": "toggleArgument", "timestamp": "2025-06-26T10:26:20.869Z", "sessionID": "e521cac3-c8b0-4b65-9519-63f82d80fb1b", "rank": "72", "doc": "S1cab55-A7065a4e7", "action": "expand", "doclen": 2630, "score": 26.511197302251425}
{"type": "StanceClicked", "timestamp": "2025-06-26T10:26:23.261Z", "sessionID": "e521cac3-c8b0-4b65-9519-63f82d80fb1b", "rank": "72", "stance": "con", "action": "chooseStance", "doc": "S1cab55-A7065a4e7", "doclen": 2630, "score": 26.511197302251425}
{"type": "toggleArgument", "timestamp": "2025-06-26T10:26:26.661Z", "sessionID": "e521cac3-c8b0-4b65-9519-63f82d80fb1b", "rank": "73", "doc": "S5194bbe-A567ada0", "action": "expand", "doclen": 2139, "score": 26.43338163307444}
{"type": "toggleArgument", "timestamp": "2025-06-26T10:26:33.365Z", "sessionID": "e521cac3-c8b0-4b65-9519-63f82d80fb1b", "rank": "74", "doc": "S5c3ed32-Ad3a26007", "action": "expand", "doclen": 1656, "score": 26.31195697992001}
{"type": "toggleArgument", "timestamp": "2025-06-26T10:26:39.477Z", "sessionID": "e521cac3-c8b0-4b65-9519-63f82d80fb1b", "rank": "75", "doc": "S441845a5-Acc38c481", "action": "expand", "doclen": 1184, "score": 26.264056853677353}
{"type": "toggleArgument", "timestamp": "2025-06-26T10:27:40.078Z", "sessionID": "e521cac3-c8b0-4b65-9519-63f82d80fb1b", "rank": "76", "doc": "S147e45bd-Abf45fa40", "action": "expand", "doclen": 1708, "score": 26.224389718581143}
{"type": "toggleArgument", "timestamp": "2025-06-26T10:27:43.334Z", "sessionID": "e521cac3-c8b0-4b65-9519-63f82d80fb1b", "rank": "77", "doc": "S88d4f7ff-A74bb5cd9", "action": "expand", "doclen": 1728, "score": 26.188540551946396}
{"type": "toggleArgument", "timestamp": "2025-06-26T10:27:52.326Z", "sessionID": "e521cac3-c8b0-4b65-9519-63f82d80fb1b", "rank": "80", "doc": "Se3b9f8b-A4d504fd4", "action": "expand", "doclen": 1788, "score": 26.061183496294454}
{"type": "pageNavigationClicked", "timestamp": "2025-06-26T10:28:00.286Z", "sessionID": "e521cac3-c8b0-4b65-9519-63f82d80fb1b", "clicked": "3", "fromPage": 8, "toPage": 3}
{"type": "toggleArgument", "timestamp": "2025-06-26T10:28:04.670Z", "sessionID": "e521cac3-c8b0-4b65-9519-63f82d80fb1b", "rank": "21", "doc": "S7245daba-Af2afe0ee", "action": "expand", "doclen": 1942, "score": 30.75502708240891}
{"type": "toggleArgument", "timestamp": "2025-06-26T10:28:17.454Z", "sessionID": "e521cac3-c8b0-4b65-9519-63f82d80fb1b", "rank": "22", "doc": "S6c6b40ff-A222807b", "action": "expand", "doclen": 2550, "score": 30.67302403175864}
{"type": "StanceClicked", "timestamp": "2025-06-26T10:28:37.399Z", "sessionID": "e521cac3-c8b0-4b65-9519-63f82d80fb1b", "rank": "22", "stance": "pro", "action": "chooseStance", "doc": "S6c6b40ff-A222807b", "doclen": 2550, "score": 30.67302403175864}
{"type": "toggleArgument", "timestamp": "2025-06-26T10:28:40.790Z", "sessionID": "e521cac3-c8b0-4b65-9519-63f82d80fb1b", "rank": "23", "doc": "S51c34db5-Abc8609ec", "action": "expand", "doclen": 254, "score": 30.607329191509706}
{"type": "toggleArgument", "timestamp": "2025-06-26T10:29:04.046Z", "sessionID": "e521cac3-c8b0-4b65-9519-63f82d80fb1b", "rank": "26", "doc": "S74df972a-Ada5a26ec", "action": "expand", "doclen": 2432, "score": 30.439522651168378}
{"type": "StanceClicked", "timestamp": "2025-06-26T10:29:09.702Z", "sessionID": "e521cac3-c8b0-4b65-9519-63f82d80fb1b", "rank": "26", "stance": "pro", "action": "chooseStance", "doc": "S74df972a-Ada5a26ec", "doclen": 2432, "score": 30.439522651168378}
{"type": "toggleArgument", "timestamp": "2025-06-26T10:29:16.726Z", "sessionID": "e521cac3-c8b0-4b65-9519-63f82d80fb1b", "rank": "28", "doc": "S9329eedd-Ad0c828d3", "action": "expand", "doclen": 2569, "score": 30.330905375884292}
{"type": "toggleArgument", "timestamp": "2025-06-26T10:29:22.078Z", "sessionID": "e521cac3-c8b0-4b65-9519-63f82d80fb1b", "rank": "29", "doc": "S7245daba-Aa5e73354", "action": "expand", "doclen": 207, "score": 30.24824247951303}
{"type": "pageNavigationClicked", "timestamp": "2025-06-26T10:29:27.206Z", "sessionID": "e521cac3-c8b0-4b65-9519-63f82d80fb1b", "clicked": "7", "fromPage": 3, "toPage": 7}
{"type": "toggleArgument", "timestamp": "2025-06-26T10:29:30.910Z", "sessionID": "e521cac3-c8b0-4b65-9519-63f82d80fb1b", "rank": "63", "doc": "S72d1888a-A49edd66c", "action": "expand", "doclen": 1479, "score": 27.578302980197158}
{"type": "pageNavigationClicked", "timestamp": "2025-06-26T10:29:51.878Z", "sessionID": "e521cac3-c8b0-4b65-9519-63f82d80fb1b", "clicked": "5", "fromPage": 7, "toPage": 5}
{"type": "toggleArgument", "timestamp": "2025-06-26T10:29:55.390Z", "sessionID": "e521cac3-c8b0-4b65-9519-63f82d80fb1b", "rank": "43", "doc": "S3774807f-Ae2a814c8", "action": "expand", "doclen": 463, "score": 29.278555822231212}
{"type": "ClickedEndTask", "timestamp": "2025-06-26T10:30:47.959Z", "sessionID": "e521cac3-c8b0-4b65-9519-63f82d80fb1b"}
{"type": "TaskEndConfirmed", "timestamp": "2025-06-26T10:30:50.686Z", "sessionID": "e521cac3-c8b0-4b65-9519-63f82d80fb1b"}
{"type": "TaskEnded", "timestamp": "2025-06-26T10:31:00.206Z", "sessionID": "e521cac3-c8b0-4b65-9519-63f82d80fb1b", "reason": "Fertig", "translated_reason": "Ready"}
