{"type": "TaskStarted", "timestamp": "2025-06-26T10:57:23.699Z", "sessionID": "3dc79ecd-dc87-4f5c-b462-8db4c008a11d", "task": "2", "uid": "Participant8", "topic": "Do standardized tests improve education?"}
{"type": "queryBoxFocused", "timestamp": "2025-06-26T10:57:31.096Z", "sessionID": "3dc79ecd-dc87-4f5c-b462-8db4c008a11d"}
{"type": "querySubmitted", "timestamp": "2025-06-26T10:57:55.388Z", "sessionID": "3dc79ecd-dc87-4f5c-b462-8db4c008a11d", "query": "benefits of standardized test?"}
{"docno": "Sffd7fc64-A90e3aff", "score": 23.65819393519257}
{"docno": "S9d663199-Aad0107a4", "score": 21.573245964055452}
{"docno": "S932a69f7-Ab3a3305f", "score": 21.304422369946685}
{"docno": "Sdb293567-Ab9b35edf", "score": 21.24301178524929}
{"docno": "S440fb971-Af5a00379", "score": 21.133171177181858}
{"docno": "S952e7fd8-A40246316", "score": 20.943763504889645}
{"docno": "S440fb971-Aa499f76e", "score": 20.910821779721687}
{"docno": "S1e4f8724-Adc8864e3", "score": 20.117996662150887}
{"docno": "Sb075d8db-Aac99a65f", "score": 19.990405402390447}
{"docno": "S8be21055-A919c0275", "score": 19.911529872692235}
{"docno": "S99eaec17-A9d4b61fa", "score": 19.884601894281115}
{"docno": "S41fa4d5d-Aa4082c9e", "score": 19.58280885238891}
{"docno": "Sb760077b-Abbd52d8e", "score": 19.568917696256648}
{"docno": "Sb075d8db-Aff8daee8", "score": 19.44331110240955}
{"docno": "S5ef4ba1a-Ad5cf74fe", "score": 19.247401423500634}
{"docno": "S96a4cec1-Af2fa29c3", "score": 19.23591418422676}
{"docno": "Sb760075c-A5bb776ef", "score": 19.1770637670271}
{"docno": "Seb991d36-Acbad378a", "score": 19.102216842799336}
{"docno": "S2e0cb8e2-A4948454a", "score": 19.051924377642656}
{"docno": "S8703c5ca-A99818ef9", "score": 19.042671414096617}
{"docno": "S4c11bb9f-Aaec9a01b", "score": 19.031214833739064}
{"docno": "Sffd7fc64-A3b56b587", "score": 18.881144551806386}
{"docno": "Sbe50aaf1-Adb0fbda1", "score": 18.873030162790506}
{"docno": "S9bab90c3-A3e9c68e", "score": 18.852902454821752}
{"docno": "Sda13af75-A70a66399", "score": 18.813205264438746}
{"docno": "S8be21055-A15f3c978", "score": 18.782156855614687}
{"docno": "S12990d7e-Ace4248fb", "score": 18.733016646291848}
{"docno": "Sc7f1464d-A311d5549", "score": 18.652169848267352}
{"docno": "Sbe50aaf1-A2e42f1b9", "score": 18.638619427842045}
{"docno": "S7182eb4d-Ad6382690", "score": 18.612581062173398}
{"docno": "S97409bf1-Aa7b8d557", "score": 18.562365077759836}
{"docno": "S440fb971-A5c279a34", "score": 18.530151257297476}
{"docno": "Sda13af75-A21ff6213", "score": 18.50252829058489}
{"docno": "Sa3eb04e5-Ae60153e4", "score": 18.429873413730725}
{"docno": "S440fb971-A3ce5e9d7", "score": 18.386819535495295}
{"docno": "Sfc1e411a-A374bb08", "score": 18.322665800353413}
{"docno": "S440fb971-A2a7b51a5", "score": 18.271807684400002}
{"docno": "S40f19507-A223bb157", "score": 18.267220396465795}
{"docno": "Sb760073d-A60465179", "score": 18.245139023795552}
{"docno": "S952e7fd8-Aa9358300", "score": 18.131358935808066}
{"docno": "S8763b6a7-A20317e76", "score": 18.09202564238079}
{"docno": "Sa3eb04e5-A7e948140", "score": 18.03227746111138}
{"docno": "Sa3eb04e5-A7f852315", "score": 18.01490072448182}
{"docno": "Sbe50aaf1-A4ecd9be4", "score": 17.859589278955916}
{"docno": "Sb760077b-Ac9af882f", "score": 17.809131862894887}
{"docno": "Sd261fa94-Ae30ffa17", "score": 17.808011103833614}
{"docno": "S9168d27e-A5a715c08", "score": 17.79035129730764}
{"docno": "S1e4f8705-Ac450473d", "score": 17.752555221309045}
{"docno": "S440fb971-A2ff21247", "score": 17.723063475691234}
{"docno": "S440fb971-A8bb32095", "score": 17.720385862893508}
{"docno": "Sbe50aaf1-A32a60f32", "score": 17.705441912440264}
{"docno": "Sb760073d-Ad6589f49", "score": 17.698362631466335}
{"docno": "S440fb971-Ac684cad", "score": 17.596744615974938}
{"docno": "S40f19507-Acd1dd64e", "score": 17.595801470549297}
{"docno": "S440fb971-A38a840c6", "score": 17.575629271439794}
{"docno": "S215c5d68-A6eda9f4e", "score": 17.48081555288774}
{"docno": "Se100392e-Aab2b52d0", "score": 17.469753550912777}
{"docno": "S8703c5ca-Ad679a484", "score": 17.369506422489252}
{"docno": "Sb760075c-A9ad4c619", "score": 17.348819285121323}
{"docno": "S76a5e356-Ae16cb744", "score": 17.336618347125423}
{"docno": "S97409bf1-Adb09fc7f", "score": 17.335122055847553}
{"docno": "Seb991d36-A8a5e7e35", "score": 17.324506300241065}
{"docno": "S2e0cb8e2-Abed6c9e1", "score": 17.30785478368491}
{"docno": "Sa3eb04e5-Ac65c4a32", "score": 17.225706217404152}
{"docno": "S952e7fd8-Aa7507fd5", "score": 17.2108579596994}
{"docno": "Sf692f828-Ad11b32ac", "score": 17.1367636194964}
{"docno": "S4ab880b6-A1c861cd0", "score": 17.08684783110408}
{"docno": "S91988e1b-A196cf4ab", "score": 17.08684783110408}
{"docno": "Se4d12b1a-Ad4b0ca1f", "score": 17.08474643217158}
{"docno": "S51fb112a-Ae6ba2146", "score": 17.039993461473006}
{"docno": "S8703c5ca-Aeb117cc", "score": 17.027300930447772}
{"docno": "S96a4cec1-A98c571e9", "score": 16.98267190572883}
{"docno": "Sd261fa94-Ab08bbef6", "score": 16.98101224517967}
{"docno": "S96a4cec1-A80cdc5cc", "score": 16.95712120593835}
{"docno": "Sf6e16c0b-Af292f815", "score": 16.945511191802662}
{"docno": "S2bc7fd5c-A576ef6e8", "score": 16.935828004880854}
{"docno": "S8ed1a49-Adb4985ef", "score": 16.908991562321955}
{"docno": "Sd65bbcdb-A6cedb3cc", "score": 16.84582120942837}
{"docno": "Se79cf3ec-A48a165f6", "score": 16.81910737556289}
{"docno": "S40f19507-A212fec04", "score": 16.814319322257948}
{"docno": "Sf4c47f89-Af4f7d4b3", "score": 16.809314594404043}
{"docno": "Sfd3161b0-Afdee0eed", "score": 16.798968278107004}
{"docno": "Sb760075c-A41d59ade", "score": 16.787353612449554}
{"docno": "S259f65bb-A43ecac34", "score": 16.78595469977902}
{"docno": "Sf4c47f89-A2973ab36", "score": 16.73900202690509}
{"docno": "Sfd6dc6e8-A58dba47c", "score": 16.736455623365295}
{"docno": "S40f19507-A94423ac1", "score": 16.736455623365295}
{"docno": "Sa56a8385-Ac235d2b5", "score": 16.730158931418735}
{"docno": "Sfc1e411a-A6039a529", "score": 16.662645997298576}
{"docno": "S90399d99-A67007d47", "score": 16.638469252294698}
{"docno": "S259f65bb-A78a17aa5", "score": 16.622898217856417}
{"docno": "S8009082f-A7bd135eb", "score": 16.616365368152007}
{"docno": "S952e7fd8-Aa719ac9c", "score": 16.59005364911251}
{"docno": "S952e7fd8-A55861611", "score": 16.56723488367357}
{"docno": "S1e525626-Abf4785ff", "score": 16.559669639710638}
{"docno": "S9168d27e-A6beb6cb3", "score": 16.537603802521446}
{"docno": "S72a67f66-A67b1edb3", "score": 16.43123605934634}
{"docno": "S4d52035f-A9d8f3c75", "score": 16.416320636555856}
{"docno": "Sf0c8d782-Ab7934a87", "score": 16.32414688034778}
{"docno": "S11ace9a4-Afaa1d04d", "score": 16.32050332537618}
{"type": "toggleArgument", "timestamp": "2025-06-26T10:58:01.923Z", "sessionID": "3dc79ecd-dc87-4f5c-b462-8db4c008a11d", "rank": "1", "doc": "Sffd7fc64-A90e3aff", "action": "expand", "doclen": 463, "score": 23.65819393519257}
{"type": "toggleArgument", "timestamp": "2025-06-26T10:58:15.083Z", "sessionID": "3dc79ecd-dc87-4f5c-b462-8db4c008a11d", "rank": "2", "doc": "S9d663199-Aad0107a4", "action": "expand", "doclen": 2278, "score": 21.573245964055452}
{"type": "StanceClicked", "timestamp": "2025-06-26T10:58:27.996Z", "sessionID": "3dc79ecd-dc87-4f5c-b462-8db4c008a11d", "rank": "2", "stance": "pro", "action": "chooseStance", "doc": "S9d663199-Aad0107a4", "doclen": 2278, "score": 21.573245964055452}
{"type": "StanceClicked", "timestamp": "2025-06-26T10:58:32.995Z", "sessionID": "3dc79ecd-dc87-4f5c-b462-8db4c008a11d", "rank": "4", "stance": "pro", "action": "chooseStance", "doc": "Sdb293567-Ab9b35edf", "doclen": 2764, "score": 21.24301178524929}
{"type": "StanceClicked", "timestamp": "2025-06-26T10:58:35.548Z", "sessionID": "3dc79ecd-dc87-4f5c-b462-8db4c008a11d", "rank": "5", "stance": "con", "action": "chooseStance", "doc": "S440fb971-Af5a00379", "doclen": 1660, "score": 21.133171177181858}
{"type": "StanceClicked", "timestamp": "2025-06-26T10:58:38.076Z", "sessionID": "3dc79ecd-dc87-4f5c-b462-8db4c008a11d", "rank": "6", "stance": "pro", "action": "chooseStance", "doc": "S952e7fd8-A40246316", "doclen": 2431, "score": 20.943763504889645}
{"type": "StanceClicked", "timestamp": "2025-06-26T10:58:40.059Z", "sessionID": "3dc79ecd-dc87-4f5c-b462-8db4c008a11d", "rank": "7", "stance": "con", "action": "chooseStance", "doc": "S440fb971-Aa499f76e", "doclen": 1590, "score": 20.910821779721687}
{"type": "StanceClicked", "timestamp": "2025-06-26T10:58:43.379Z", "sessionID": "3dc79ecd-dc87-4f5c-b462-8db4c008a11d", "rank": "8", "stance": "pro", "action": "chooseStance", "doc": "S1e4f8724-Adc8864e3", "doclen": 785, "score": 20.117996662150887}
{"type": "StanceClicked", "timestamp": "2025-06-26T10:58:48.091Z", "sessionID": "3dc79ecd-dc87-4f5c-b462-8db4c008a11d", "rank": "1", "stance": "pro", "action": "chooseStance", "doc": "Sffd7fc64-A90e3aff", "doclen": 463, "score": 23.65819393519257}
{"type": "pageNavigationClicked", "timestamp": "2025-06-26T10:58:50.987Z", "sessionID": "3dc79ecd-dc87-4f5c-b462-8db4c008a11d", "clicked": "2", "fromPage": 1, "toPage": 2}
{"type": "StanceClicked", "timestamp": "2025-06-26T10:58:57.316Z", "sessionID": "3dc79ecd-dc87-4f5c-b462-8db4c008a11d", "rank": "13", "stance": "pro", "action": "chooseStance", "doc": "Sb760077b-Abbd52d8e", "doclen": 1549, "score": 19.568917696256648}
{"type": "toggleArgument", "timestamp": "2025-06-26T10:59:00.595Z", "sessionID": "3dc79ecd-dc87-4f5c-b462-8db4c008a11d", "rank": "13", "doc": "Sb760077b-Abbd52d8e", "action": "expand", "doclen": 1549, "score": 19.568917696256648}
{"type": "StanceClicked", "timestamp": "2025-06-26T10:59:18.563Z", "sessionID": "3dc79ecd-dc87-4f5c-b462-8db4c008a11d", "rank": "17", "stance": "pro", "action": "chooseStance", "doc": "Sb760075c-A5bb776ef", "doclen": 1515, "score": 19.1770637670271}
{"type": "StanceClicked", "timestamp": "2025-06-26T10:59:20.636Z", "sessionID": "3dc79ecd-dc87-4f5c-b462-8db4c008a11d", "rank": "18", "stance": "pro", "action": "chooseStance", "doc": "Seb991d36-Acbad378a", "doclen": 1105, "score": 19.102216842799336}
{"type": "StanceClicked", "timestamp": "2025-06-26T10:59:24.076Z", "sessionID": "3dc79ecd-dc87-4f5c-b462-8db4c008a11d", "rank": "20", "stance": "pro", "action": "chooseStance", "doc": "S8703c5ca-A99818ef9", "doclen": 995, "score": 19.042671414096617}
{"type": "pageNavigationClicked", "timestamp": "2025-06-26T10:59:25.387Z", "sessionID": "3dc79ecd-dc87-4f5c-b462-8db4c008a11d", "clicked": "3", "fromPage": 2, "toPage": 3}
{"type": "StanceClicked", "timestamp": "2025-06-26T10:59:35.851Z", "sessionID": "3dc79ecd-dc87-4f5c-b462-8db4c008a11d", "rank": "22", "stance": "con", "action": "chooseStance", "doc": "Sffd7fc64-A3b56b587", "doclen": 961, "score": 18.881144551806386}
{"type": "toggleArgument", "timestamp": "2025-06-26T10:59:45.571Z", "sessionID": "3dc79ecd-dc87-4f5c-b462-8db4c008a11d", "rank": "24", "doc": "S9bab90c3-A3e9c68e", "action": "expand", "doclen": 1198, "score": 18.852902454821752}
{"type": "StanceClicked", "timestamp": "2025-06-26T10:59:51.211Z", "sessionID": "3dc79ecd-dc87-4f5c-b462-8db4c008a11d", "rank": "24", "stance": "con", "action": "chooseStance", "doc": "S9bab90c3-A3e9c68e", "doclen": 1198, "score": 18.852902454821752}
{"type": "toggleArgument", "timestamp": "2025-06-26T10:59:59.179Z", "sessionID": "3dc79ecd-dc87-4f5c-b462-8db4c008a11d", "rank": "30", "doc": "S7182eb4d-Ad6382690", "action": "expand", "doclen": 1598, "score": 18.612581062173398}
{"type": "StanceClicked", "timestamp": "2025-06-26T11:00:00.803Z", "sessionID": "3dc79ecd-dc87-4f5c-b462-8db4c008a11d", "rank": "30", "stance": "pro", "action": "chooseStance", "doc": "S7182eb4d-Ad6382690", "doclen": 1598, "score": 18.612581062173398}
{"type": "queryBoxFocused", "timestamp": "2025-06-26T11:00:02.123Z", "sessionID": "3dc79ecd-dc87-4f5c-b462-8db4c008a11d"}
{"type": "querySubmitted", "timestamp": "2025-06-26T11:00:21.851Z", "sessionID": "3dc79ecd-dc87-4f5c-b462-8db4c008a11d", "query": "negative effects of standardized tests"}
{"docno": "S9bab90c3-A3e9c68e", "score": 28.512371692888344}
{"docno": "Sffd7fc64-A90e3aff", "score": 26.334470539046183}
{"docno": "Se5ccda7-Ad302e3ed", "score": 21.60107604962484}
{"docno": "Sb760075c-A9ad4c619", "score": 21.15665926771566}
{"docno": "S6559ea15-Aae03b0fa", "score": 20.997137846806996}
{"docno": "S440fb971-Ac684cad", "score": 20.797510533451895}
{"docno": "S952e7fd8-Aa9358300", "score": 20.640255621131907}
{"docno": "S61bcb28d-Ad673070c", "score": 20.598524988366115}
{"docno": "S8703c5ca-Ad679a484", "score": 20.21179777341264}
{"docno": "S5ef4ba1a-A4ca0ece3", "score": 20.17259195386862}
{"docno": "S85d4a393-Aa0290926", "score": 20.147630860185796}
{"docno": "Sbd8e74d8-A819620fa", "score": 20.0388096029279}
{"docno": "S952e7fd8-A55861611", "score": 19.745429509194956}
{"docno": "Sb760077b-Abbd52d8e", "score": 19.568917696256648}
{"docno": "S894cd8c5-A990a68bc", "score": 19.510252908733207}
{"docno": "S7f023e5c-A54b87b8f", "score": 19.507600359808634}
{"docno": "Sb760075c-Acbc4a495", "score": 19.307713236837625}
{"docno": "S96a4cec1-Af2fa29c3", "score": 19.23591418422676}
{"docno": "S40f19507-A74060602", "score": 19.20020054981883}
{"docno": "S324c7f20-A424b7284", "score": 19.18875651940994}
{"docno": "Sb760075c-A5bb776ef", "score": 19.1770637670271}
{"docno": "S395c6175-A9ca504ad", "score": 19.175493056956654}
{"docno": "S40f19507-A9633e967", "score": 19.109050159040486}
{"docno": "S2e0cb8e2-A4948454a", "score": 19.051924377642656}
{"docno": "S8703c5ca-A99818ef9", "score": 19.042671414096617}
{"docno": "S652cecbd-A266a2505", "score": 19.024221429114824}
{"docno": "Sb8d48a5b-A1378fc68", "score": 18.9826360741204}
{"docno": "S61bcc153-Af947935d", "score": 18.904022343957088}
{"docno": "Sffd7fc64-A3b56b587", "score": 18.881144551806386}
{"docno": "Sbe50aaf1-Adb0fbda1", "score": 18.873030162790506}
{"docno": "Sf19568a7-Ac0f5d3d2", "score": 18.866941315505695}
{"docno": "S206541d8-Afee7af02", "score": 18.83629711562344}
{"docno": "S168a23de-Ab9cae371", "score": 18.832538680884472}
{"docno": "Sf0c8d782-A3480a86b", "score": 18.832538680884472}
{"docno": "Sf0c8d763-A3480a86b", "score": 18.832538680884472}
{"docno": "S770b8b0a-A7a20e046", "score": 18.829800281984035}
{"docno": "Sda13af75-A70a66399", "score": 18.813205264438746}
{"docno": "S9d663199-Aad0107a4", "score": 18.78928907503645}
{"docno": "S8be21055-A15f3c978", "score": 18.782156855614687}
{"docno": "Sf1ea4b4-Aa6494ec1", "score": 18.774614129760444}
{"docno": "Sf0c8d763-A3f20829", "score": 18.719370027391157}
{"docno": "Sc7f1464d-A311d5549", "score": 18.652169848267352}
{"docno": "Sbe50aaf1-A2e42f1b9", "score": 18.638619427842045}
{"docno": "S7182eb4d-Ad6382690", "score": 18.612581062173398}
{"docno": "Sdb293567-Ab9b35edf", "score": 18.585951955570124}
{"docno": "S97409bf1-Aa7b8d557", "score": 18.562365077759836}
{"docno": "S440fb971-A5c279a34", "score": 18.530151257297476}
{"docno": "Sda13af75-A21ff6213", "score": 18.50252829058489}
{"docno": "Sa3eb04e5-Ae60153e4", "score": 18.429873413730725}
{"docno": "S440fb971-A3ce5e9d7", "score": 18.386819535495295}
{"docno": "Sfc1e411a-A374bb08", "score": 18.322665800353413}
{"docno": "S440fb971-A2a7b51a5", "score": 18.271807684400002}
{"docno": "S40f19507-A223bb157", "score": 18.267220396465795}
{"docno": "Sd2d2ceea-A667cedc6", "score": 18.258632849791404}
{"docno": "S573e6e3c-Ae8762d4c", "score": 18.159847902019777}
{"docno": "S952e7fd8-A40246316", "score": 18.15091447312568}
{"docno": "Sa3eb04e5-A7e948140", "score": 18.03227746111138}
{"docno": "Sa3eb04e5-A7f852315", "score": 18.01490072448182}
{"docno": "S50689d14-A7e6e5ac0", "score": 17.91166266801893}
{"docno": "Sd93c35f-Af06bcec0", "score": 17.910326562123945}
{"docno": "Sda86b00e-A3e112b7", "score": 17.862116871315184}
{"docno": "Sbe50aaf1-A4ecd9be4", "score": 17.859589278955916}
{"docno": "Sb760077b-Ac9af882f", "score": 17.809131862894887}
{"docno": "Sd261fa94-Ae30ffa17", "score": 17.808011103833614}
{"docno": "S8be21055-A24ecebfb", "score": 17.762948774284624}
{"docno": "S440fb971-Af5a00379", "score": 17.731954264792265}
{"docno": "S440fb971-A2ff21247", "score": 17.723063475691234}
{"docno": "S440fb971-A8bb32095", "score": 17.720385862893508}
{"docno": "Sbe50aaf1-A32a60f32", "score": 17.705441912440264}
{"docno": "Sb760073d-Ad6589f49", "score": 17.698362631466335}
{"docno": "S1e4f8724-Adc8864e3", "score": 17.68659279066949}
{"docno": "S40f19507-Acd1dd64e", "score": 17.595801470549297}
{"docno": "S8763b6a7-A20317e76", "score": 17.580313644775014}
{"docno": "S440fb971-A38a840c6", "score": 17.575629271439794}
{"docno": "S215c5d68-A6eda9f4e", "score": 17.48081555288774}
{"docno": "Sf681e80f-Ac72ee47f", "score": 17.479228641579127}
{"docno": "Se100392e-Aab2b52d0", "score": 17.469753550912777}
{"docno": "Sab3b5048-Ab04b3e50", "score": 17.43431367290854}
{"docno": "S1acaa7cf-Afec6f03c", "score": 17.403072776505304}
{"docno": "S2bce8c52-Ae1e99fec", "score": 17.390642892886888}
{"docno": "S168a23a0-Ae66425bc", "score": 17.38227386411043}
{"docno": "S76a5e356-Ae16cb744", "score": 17.336618347125423}
{"docno": "S97409bf1-Adb09fc7f", "score": 17.335122055847553}
{"docno": "S1e4f8705-Ac450473d", "score": 17.33370979697314}
{"docno": "Seb991d36-A8a5e7e35", "score": 17.324506300241065}
{"docno": "S932a69f7-Ab3a3305f", "score": 17.31238675563482}
{"docno": "S2e0cb8e2-Abed6c9e1", "score": 17.30785478368491}
{"docno": "S2bc7fd5c-Ac4f5036e", "score": 17.283746646755922}
{"docno": "S69794a99-A2575f00", "score": 17.247207122349735}
{"docno": "Sa3eb04e5-Ac65c4a32", "score": 17.225706217404152}
{"docno": "S952e7fd8-Aa7507fd5", "score": 17.2108579596994}
{"docno": "S4ab880b6-A1c861cd0", "score": 17.08684783110408}
{"docno": "S91988e1b-A196cf4ab", "score": 17.08684783110408}
{"docno": "Se4d12b1a-Ad4b0ca1f", "score": 17.08474643217158}
{"docno": "S770b8b0a-Ab6b177c6", "score": 17.07726754627847}
{"docno": "S51fb112a-Ae6ba2146", "score": 17.039993461473006}
{"docno": "S8703c5ca-Aeb117cc", "score": 17.027300930447772}
{"docno": "S96a4cec1-A98c571e9", "score": 16.98267190572883}
{"docno": "Sd261fa94-Ab08bbef6", "score": 16.98101224517967}
{"docno": "S96a4cec1-A80cdc5cc", "score": 16.95712120593835}
{"type": "StanceClicked", "timestamp": "2025-06-26T11:00:26.891Z", "sessionID": "3dc79ecd-dc87-4f5c-b462-8db4c008a11d", "rank": "4", "stance": "con", "action": "chooseStance", "doc": "Sb760075c-A9ad4c619", "doclen": 1042, "score": 17.348819285121323}
{"type": "toggleArgument", "timestamp": "2025-06-26T11:00:30.083Z", "sessionID": "3dc79ecd-dc87-4f5c-b462-8db4c008a11d", "rank": "5", "doc": "S6559ea15-Aae03b0fa", "action": "expand", "doclen": 351, "score": 20.997137846806996}
{"type": "StanceClicked", "timestamp": "2025-06-26T11:00:40.075Z", "sessionID": "3dc79ecd-dc87-4f5c-b462-8db4c008a11d", "rank": "6", "stance": "con", "action": "chooseStance", "doc": "S440fb971-Ac684cad", "doclen": 1449, "score": 17.596744615974938}
{"type": "toggleArgument", "timestamp": "2025-06-26T11:00:43.731Z", "sessionID": "3dc79ecd-dc87-4f5c-b462-8db4c008a11d", "rank": "7", "doc": "S952e7fd8-Aa9358300", "action": "expand", "doclen": 2243, "score": 18.131358935808066}
{"type": "StanceClicked", "timestamp": "2025-06-26T11:00:50.003Z", "sessionID": "3dc79ecd-dc87-4f5c-b462-8db4c008a11d", "rank": "7", "stance": "pro", "action": "chooseStance", "doc": "S952e7fd8-Aa9358300", "doclen": 2243, "score": 18.131358935808066}
{"type": "toggleArgument", "timestamp": "2025-06-26T11:00:55.387Z", "sessionID": "3dc79ecd-dc87-4f5c-b462-8db4c008a11d", "rank": "9", "doc": "S8703c5ca-Ad679a484", "action": "expand", "doclen": 2831, "score": 17.369506422489252}
{"type": "StanceClicked", "timestamp": "2025-06-26T11:01:10.915Z", "sessionID": "3dc79ecd-dc87-4f5c-b462-8db4c008a11d", "rank": "9", "stance": "con", "action": "chooseStance", "doc": "S8703c5ca-Ad679a484", "doclen": 2831, "score": 17.369506422489252}
{"type": "pageNavigationClicked", "timestamp": "2025-06-26T11:01:14.363Z", "sessionID": "3dc79ecd-dc87-4f5c-b462-8db4c008a11d", "clicked": "2", "fromPage": 1, "toPage": 2}
{"type": "toggleArgument", "timestamp": "2025-06-26T11:01:32.411Z", "sessionID": "3dc79ecd-dc87-4f5c-b462-8db4c008a11d", "rank": "15", "doc": "S894cd8c5-A990a68bc", "action": "expand", "doclen": 1695, "score": 19.510252908733207}
{"type": "toggleArgument", "timestamp": "2025-06-26T11:01:44.067Z", "sessionID": "3dc79ecd-dc87-4f5c-b462-8db4c008a11d", "rank": "19", "doc": "S40f19507-A74060602", "action": "expand", "doclen": 712, "score": 19.20020054981883}
{"type": "StanceClicked", "timestamp": "2025-06-26T11:01:45.947Z", "sessionID": "3dc79ecd-dc87-4f5c-b462-8db4c008a11d", "rank": "19", "stance": "pro", "action": "chooseStance", "doc": "S40f19507-A74060602", "doclen": 712, "score": 19.20020054981883}
{"type": "pageNavigationClicked", "timestamp": "2025-06-26T11:01:50.291Z", "sessionID": "3dc79ecd-dc87-4f5c-b462-8db4c008a11d", "clicked": "3", "fromPage": 2, "toPage": 3}
{"type": "pageNavigationClicked", "timestamp": "2025-06-26T11:02:02.291Z", "sessionID": "3dc79ecd-dc87-4f5c-b462-8db4c008a11d", "clicked": "4", "fromPage": 3, "toPage": 4}
{"type": "queryBoxFocused", "timestamp": "2025-06-26T11:02:21.387Z", "sessionID": "3dc79ecd-dc87-4f5c-b462-8db4c008a11d"}
{"type": "querySubmitted", "timestamp": "2025-06-26T11:02:40.540Z", "sessionID": "3dc79ecd-dc87-4f5c-b462-8db4c008a11d", "query": "standardized test education?"}
{"docno": "S9bab90c3-A3e9c68e", "score": 26.24753330836456}
{"docno": "Sb760075c-A5bb776ef", "score": 26.243068025476465}
{"docno": "Sb760073d-Ad6589f49", "score": 25.075907720256517}
{"docno": "Seb991d36-A8a5e7e35", "score": 25.06212096265958}
{"docno": "S440fb971-A2ff21247", "score": 24.8611645735937}
{"docno": "S40f19507-A94423ac1", "score": 24.45131598277947}
{"docno": "S440fb971-A3ce5e9d7", "score": 24.321531343395204}
{"docno": "Se4d12b1a-Ad4b0ca1f", "score": 24.3119410446491}
{"docno": "Sb760073d-A1ea65fbd", "score": 24.3107169787478}
{"docno": "S91988e1b-A196cf4ab", "score": 24.16578616347938}
{"docno": "Sf4c47f89-Af4f7d4b3", "score": 24.155870133387232}
{"docno": "Sf4c47f89-A2973ab36", "score": 24.054827271722004}
{"docno": "S440fb971-Af5a00379", "score": 23.818114250860727}
{"docno": "S8703c5ca-Ad679a484", "score": 23.63351134944126}
{"docno": "Sb760075c-A9ad4c619", "score": 23.549370246260494}
{"docno": "Sbe50aaf1-A32a60f32", "score": 23.532186482787573}
{"docno": "S69794a99-Aefe0215b", "score": 23.36145500456756}
{"docno": "Sb760077b-Abbd52d8e", "score": 23.336924182496126}
{"docno": "Sb760077b-Ac9af882f", "score": 23.171396259832086}
{"docno": "Sab3b5048-A1688f7f9", "score": 23.07902608021634}
{"docno": "Sab3b5048-Ab04b3e50", "score": 23.040216958163036}
{"docno": "S40f19507-Acf1222ac", "score": 22.98619597209263}
{"docno": "Sb075d8db-Aac99a65f", "score": 22.666592651700558}
{"docno": "S440fb971-A38a840c6", "score": 22.628080429455323}
{"docno": "S8be21055-A15f3c978", "score": 22.53399722854599}
{"docno": "Sa64c3b09-A99c1ddaf", "score": 22.39382860782235}
{"docno": "Sb5a3d064-A35746c20", "score": 22.254804732194373}
{"docno": "S952e7fd8-Aa719ac9c", "score": 22.176621172714164}
{"docno": "S1eba8643-Afabec903", "score": 22.13741720908445}
{"docno": "Seb991d36-Abd4f1347", "score": 22.09923811771868}
{"docno": "S7182eb4d-Ad6382690", "score": 22.01416478982963}
{"docno": "S40f19507-Ad99fae44", "score": 21.99177762089365}
{"docno": "Seb991d36-A995db491", "score": 21.87267659686976}
{"docno": "S952e7fd8-Aa7507fd5", "score": 21.729373917432838}
{"docno": "S9d663199-Aad0107a4", "score": 21.573546208913356}
{"docno": "Sab3b5048-A7abdec2b", "score": 21.49982310827574}
{"docno": "S5633144a-Aea4021c9", "score": 21.427218593524763}
{"docno": "S440fb971-Ac684cad", "score": 21.364751102214417}
{"docno": "S2bc7fd5c-A576ef6e8", "score": 21.340546237317938}
{"docno": "S69c8cd12-A1043e13f", "score": 21.28611941961806}
{"docno": "S8703c5ca-Aeb117cc", "score": 21.209808677656437}
{"docno": "S2d7a6fbd-Ae648398f", "score": 21.16829231674732}
{"docno": "S2e0cb8e2-Abed6c9e1", "score": 21.108615073602888}
{"docno": "S952e7fd8-Aa9358300", "score": 21.08488294454184}
{"docno": "S97409bf1-Adb09fc7f", "score": 21.07093443983611}
{"docno": "Sda13af75-A21ff6213", "score": 21.05143702518546}
{"docno": "S4db6375b-Ac5bf8011", "score": 21.044754821360765}
{"docno": "S770b8b0a-A7a20e046", "score": 21.019277498865133}
{"docno": "Seb991d36-A3c225544", "score": 20.952759406972568}
{"docno": "S952e7fd8-A40246316", "score": 20.94406470874951}
{"docno": "S710ccb9c-A4de815d1", "score": 20.79969118113989}
{"docno": "S952e7fd8-A60b3d632", "score": 20.70198971025969}
{"docno": "S288c2167-A44d4cc5b", "score": 20.611280670858385}
{"docno": "Sf0c8d782-A3480a86b", "score": 20.454661163972652}
{"docno": "Sf0c8d763-A3480a86b", "score": 20.454661163972652}
{"docno": "Sb075d8db-Aff8daee8", "score": 20.43249675183023}
{"docno": "S770b8b0a-A4ee6fc13", "score": 20.425488488438976}
{"docno": "S71e51e54-A32fb107d", "score": 20.386126448368003}
{"docno": "S356ffa3b-A36c88ded", "score": 20.25270106502411}
{"docno": "S5b62c166-Af6b913ec", "score": 20.24431539864093}
{"docno": "Sa0f3ed1-Abdba504", "score": 20.01663394158522}
{"docno": "S8be21055-A24ecebfb", "score": 19.850947098165328}
{"docno": "Sb075d8db-A1c385229", "score": 19.813748242267767}
{"docno": "Seb991d36-Ae1fde89c", "score": 19.684580863321848}
{"docno": "S9d3f621-Abc1af6ec", "score": 19.675369006751}
{"docno": "S2f7a62f6-A8e02b086", "score": 19.640868048088873}
{"docno": "S71e51e54-A4ba51d14", "score": 19.58253305425455}
{"docno": "S56db78fb-A2326aad2", "score": 19.553368502685768}
{"docno": "S87aab5cc-A795658a2", "score": 19.493472385659597}
{"docno": "Se79cf3ec-A4e6706b", "score": 19.410862548132968}
{"docno": "Sfd859ca2-Af0722d27", "score": 19.388633333777623}
{"docno": "S770b8b0a-Ab6b177c6", "score": 19.37147230729348}
{"docno": "Sf4c47f89-Ac87bf8db", "score": 19.36694184819587}
{"docno": "S952e7fd8-A55861611", "score": 19.3603851192974}
{"docno": "S96a4cec1-Af2fa29c3", "score": 19.23591418422676}
{"docno": "S440fb971-Aa499f76e", "score": 19.216612613890693}
{"docno": "S3d4ee487-A72cdee52", "score": 19.154217023308643}
{"docno": "Sa23436f0-Ae68c45c5", "score": 19.122142356941225}
{"docno": "Sd93c35f-Af06bcec0", "score": 19.114082355052357}
{"docno": "S2e0cb8e2-A4948454a", "score": 19.051924377642656}
{"docno": "S71a255b8-Af257616a", "score": 19.0468566198086}
{"docno": "S8703c5ca-A99818ef9", "score": 19.042671414096617}
{"docno": "S4c11bb9f-Aaec9a01b", "score": 19.031839011186175}
{"docno": "Sf0c8d763-A3f20829", "score": 19.015666199074886}
{"docno": "Seb991d36-A9c551936", "score": 18.947603363119143}
{"docno": "Sf8f7d9b0-Adc342f45", "score": 18.935901210220223}
{"docno": "Sffd7fc64-A3b56b587", "score": 18.881144551806386}
{"docno": "Sbe50aaf1-Adb0fbda1", "score": 18.873030162790506}
{"docno": "Sa66887-Ac67940b4", "score": 18.855128380909008}
{"docno": "Sda13af75-A70a66399", "score": 18.813205264438746}
{"docno": "S198e1669-Ab616a7a9", "score": 18.80692834241476}
{"docno": "Sc7f1464d-A311d5549", "score": 18.652169848267352}
{"docno": "Sbe50aaf1-A2e42f1b9", "score": 18.638619427842045}
{"docno": "Sda86b00e-A3e112b7", "score": 18.627139439774503}
{"docno": "Sdbc04f9e-Aa46c0156", "score": 18.59038171783603}
{"docno": "Sdb293567-Ab9b35edf", "score": 18.585951955570124}
{"docno": "S50e9b414-Ac6780bbf", "score": 18.569360843061887}
{"docno": "S97409bf1-Aa7b8d557", "score": 18.562365077759836}
{"docno": "S440fb971-A5c279a34", "score": 18.530151257297476}
{"docno": "S4c11bb9f-Ad30e3f5", "score": 18.520351037496887}
{"type": "toggleArgument", "timestamp": "2025-06-26T11:02:45.916Z", "sessionID": "3dc79ecd-dc87-4f5c-b462-8db4c008a11d", "rank": "4", "doc": "Seb991d36-A8a5e7e35", "action": "expand", "doclen": 638, "score": 17.324506300241065}
{"type": "StanceClicked", "timestamp": "2025-06-26T11:02:47.748Z", "sessionID": "3dc79ecd-dc87-4f5c-b462-8db4c008a11d", "rank": "4", "stance": "pro", "action": "chooseStance", "doc": "Seb991d36-A8a5e7e35", "doclen": 638, "score": 17.324506300241065}
{"type": "toggleArgument", "timestamp": "2025-06-26T11:02:50.892Z", "sessionID": "3dc79ecd-dc87-4f5c-b462-8db4c008a11d", "rank": "3", "doc": "Sb760073d-Ad6589f49", "action": "expand", "doclen": 382, "score": 17.698362631466335}
{"type": "StanceClicked", "timestamp": "2025-06-26T11:02:55.092Z", "sessionID": "3dc79ecd-dc87-4f5c-b462-8db4c008a11d", "rank": "3", "stance": "pro", "action": "chooseStance", "doc": "Sb760073d-Ad6589f49", "doclen": 382, "score": 17.698362631466335}
{"type": "toggleArgument", "timestamp": "2025-06-26T11:03:01.492Z", "sessionID": "3dc79ecd-dc87-4f5c-b462-8db4c008a11d", "rank": "6", "doc": "S40f19507-A94423ac1", "action": "expand", "doclen": 639, "score": 16.736455623365295}
{"type": "StanceClicked", "timestamp": "2025-06-26T11:03:05.348Z", "sessionID": "3dc79ecd-dc87-4f5c-b462-8db4c008a11d", "rank": "6", "stance": "con", "action": "chooseStance", "doc": "S40f19507-A94423ac1", "doclen": 639, "score": 16.736455623365295}
{"type": "toggleArgument", "timestamp": "2025-06-26T11:03:25.180Z", "sessionID": "3dc79ecd-dc87-4f5c-b462-8db4c008a11d", "rank": "8", "doc": "Se4d12b1a-Ad4b0ca1f", "action": "expand", "doclen": 2333, "score": 17.08474643217158}
{"type": "StanceClicked", "timestamp": "2025-06-26T11:03:30.997Z", "sessionID": "3dc79ecd-dc87-4f5c-b462-8db4c008a11d", "rank": "8", "stance": "con", "action": "chooseStance", "doc": "Se4d12b1a-Ad4b0ca1f", "doclen": 2333, "score": 17.08474643217158}
{"type": "toggleArgument", "timestamp": "2025-06-26T11:03:38.941Z", "sessionID": "3dc79ecd-dc87-4f5c-b462-8db4c008a11d", "rank": "9", "doc": "Sb760073d-A1ea65fbd", "action": "expand", "doclen": 446, "score": 24.3107169787478}
{"type": "StanceClicked", "timestamp": "2025-06-26T11:03:44.078Z", "sessionID": "3dc79ecd-dc87-4f5c-b462-8db4c008a11d", "rank": "9", "stance": "con", "action": "chooseStance", "doc": "Sb760073d-A1ea65fbd", "doclen": 446, "score": 24.3107169787478}
{"type": "pageNavigationClicked", "timestamp": "2025-06-26T11:03:57.749Z", "sessionID": "3dc79ecd-dc87-4f5c-b462-8db4c008a11d", "clicked": "2", "fromPage": 1, "toPage": 2}
{"type": "toggleArgument", "timestamp": "2025-06-26T11:04:04.909Z", "sessionID": "3dc79ecd-dc87-4f5c-b462-8db4c008a11d", "rank": "12", "doc": "Sf4c47f89-A2973ab36", "action": "expand", "doclen": 562, "score": 16.73900202690509}
{"type": "toggleArgument", "timestamp": "2025-06-26T11:04:23.005Z", "sessionID": "3dc79ecd-dc87-4f5c-b462-8db4c008a11d", "rank": "17", "doc": "S69794a99-Aefe0215b", "action": "expand", "doclen": 122, "score": 23.36145500456756}
{"type": "toggleArgument", "timestamp": "2025-06-26T11:04:23.941Z", "sessionID": "3dc79ecd-dc87-4f5c-b462-8db4c008a11d", "rank": "17", "doc": "S69794a99-Aefe0215b", "action": "reduce", "doclen": 122, "score": 23.36145500456756}
{"type": "toggleArgument", "timestamp": "2025-06-26T11:04:25.461Z", "sessionID": "3dc79ecd-dc87-4f5c-b462-8db4c008a11d", "rank": "17", "doc": "S69794a99-Aefe0215b", "action": "expand", "doclen": 122, "score": 23.36145500456756}
{"type": "StanceClicked", "timestamp": "2025-06-26T11:04:26.438Z", "sessionID": "3dc79ecd-dc87-4f5c-b462-8db4c008a11d", "rank": "17", "stance": "pro", "action": "chooseStance", "doc": "S69794a99-Aefe0215b", "doclen": 122, "score": 23.36145500456756}
{"type": "pageNavigationClicked", "timestamp": "2025-06-26T11:04:30.405Z", "sessionID": "3dc79ecd-dc87-4f5c-b462-8db4c008a11d", "clicked": "10", "fromPage": 2, "toPage": 10}
{"type": "pageNavigationClicked", "timestamp": "2025-06-26T11:04:46.286Z", "sessionID": "3dc79ecd-dc87-4f5c-b462-8db4c008a11d", "clicked": "9", "fromPage": 10, "toPage": 9}
{"type": "toggleArgument", "timestamp": "2025-06-26T11:04:59.455Z", "sessionID": "3dc79ecd-dc87-4f5c-b462-8db4c008a11d", "rank": "81", "doc": "S71a255b8-Af257616a", "action": "expand", "doclen": 2465, "score": 19.0468566198086}
{"type": "pageNavigationClicked", "timestamp": "2025-06-26T11:05:09.119Z", "sessionID": "3dc79ecd-dc87-4f5c-b462-8db4c008a11d", "clicked": "8", "fromPage": 9, "toPage": 8}
{"type": "pageNavigationClicked", "timestamp": "2025-06-26T11:05:19.102Z", "sessionID": "3dc79ecd-dc87-4f5c-b462-8db4c008a11d", "clicked": "7", "fromPage": 8, "toPage": 7}
{"type": "toggleArgument", "timestamp": "2025-06-26T11:05:28.230Z", "sessionID": "3dc79ecd-dc87-4f5c-b462-8db4c008a11d", "rank": "61", "doc": "Sa0f3ed1-Abdba504", "action": "expand", "doclen": 1877, "score": 20.01663394158522}
{"type": "StanceClicked", "timestamp": "2025-06-26T11:05:37.214Z", "sessionID": "3dc79ecd-dc87-4f5c-b462-8db4c008a11d", "rank": "61", "stance": "con", "action": "chooseStance", "doc": "Sa0f3ed1-Abdba504", "doclen": 1877, "score": 20.01663394158522}
{"type": "toggleArgument", "timestamp": "2025-06-26T11:05:41.807Z", "sessionID": "3dc79ecd-dc87-4f5c-b462-8db4c008a11d", "rank": "70", "doc": "Se79cf3ec-A4e6706b", "action": "expand", "doclen": 1797, "score": 19.410862548132968}
{"type": "StanceClicked", "timestamp": "2025-06-26T11:05:45.815Z", "sessionID": "3dc79ecd-dc87-4f5c-b462-8db4c008a11d", "rank": "70", "stance": "con", "action": "chooseStance", "doc": "Se79cf3ec-A4e6706b", "doclen": 1797, "score": 19.410862548132968}
{"type": "pageNavigationClicked", "timestamp": "2025-06-26T11:05:48.207Z", "sessionID": "3dc79ecd-dc87-4f5c-b462-8db4c008a11d", "clicked": "5", "fromPage": 7, "toPage": 5}
{"type": "toggleArgument", "timestamp": "2025-06-26T11:05:53.583Z", "sessionID": "3dc79ecd-dc87-4f5c-b462-8db4c008a11d", "rank": "45", "doc": "S97409bf1-Adb09fc7f", "action": "expand", "doclen": 1265, "score": 17.335122055847553}
{"type": "pageNavigationClicked", "timestamp": "2025-06-26T11:06:06.256Z", "sessionID": "3dc79ecd-dc87-4f5c-b462-8db4c008a11d", "clicked": "4", "fromPage": 5, "toPage": 4}
{"type": "ClickedEndTask", "timestamp": "2025-06-26T11:06:29.432Z", "sessionID": "3dc79ecd-dc87-4f5c-b462-8db4c008a11d"}
{"type": "TaskEndConfirmed", "timestamp": "2025-06-26T11:06:34.480Z", "sessionID": "3dc79ecd-dc87-4f5c-b462-8db4c008a11d"}
{"type": "TaskEnded", "timestamp": "2025-06-26T11:07:19.856Z", "sessionID": "3dc79ecd-dc87-4f5c-b462-8db4c008a11d", "reason": "i found enough arguments, the shown docuemnts are repetitive - i dont need more", "translated_reason": "I Found Enough Arguments, The Shown Docuemnts are repetitive - i Dont Need more"}
