{"type": "idSubmitted", "timestamp": "2025-06-26T10:07:18.958Z", "sessionID": "6e5cb777-84f9-4690-be2b-d27c620c6a5f", "uid": "Participant5"}
{"type": "TaskStarted", "timestamp": "2025-06-26T10:08:54.620Z", "sessionID": "6e5cb777-84f9-4690-be2b-d27c620c6a5f", "task": "1", "uid": "Participant5", "topic": "Can alternative energy effectively replace fossil fuels?"}
{"type": "queryBoxFocused", "timestamp": "2025-06-26T10:08:58.529Z", "sessionID": "6e5cb777-84f9-4690-be2b-d27c620c6a5f"}
{"type": "querySubmitted", "timestamp": "2025-06-26T10:09:17.420Z", "sessionID": "6e5cb777-84f9-4690-be2b-d27c620c6a5f", "query": "alternative energy future"}
{"docno": "S8da25347-Ae90edff7", "score": 27.51334304982744}
{"docno": "S148bb110-A225b4be9", "score": 26.545596872017594}
{"docno": "Sde8ec542-Af1a359f0", "score": 26.533686084071334}
{"docno": "S6e782a7f-Af9399e46", "score": 25.905794895468038}
{"docno": "Sffc14fd7-Aa781a22a", "score": 24.56026475538326}
{"docno": "Sea61b0fc-Abcf48fd3", "score": 24.27693016128656}
{"docno": "S8b68ae4-A942e8b6a", "score": 23.55404675301216}
{"docno": "Sdee205c0-Ae44e39f6", "score": 23.436438498611277}
{"docno": "S691fdd7c-Ab3967e04", "score": 22.21326519069722}
{"docno": "S87445fc2-A189f1195", "score": 22.015519425191776}
{"docno": "S1baa36a6-A376a00ad", "score": 21.98970028156215}
{"docno": "Se31bfa66-A29dccb3f", "score": 21.917992496770385}
{"docno": "S2aa5711e-Aca6d975b", "score": 21.554634675222562}
{"docno": "S57476c75-A5a062ea8", "score": 21.53142048896106}
{"docno": "S1baa36a6-Aa4b2f901", "score": 21.3655389705985}
{"docno": "S87445fc2-Ace698977", "score": 21.195511974587795}
{"docno": "S182a8bdf-A446e92a7", "score": 21.195511974587795}
{"docno": "Se8b51f74-Aee52ab08", "score": 21.180306403539554}
{"docno": "Sffc14fd7-Ad7a37b4c", "score": 20.543851187796633}
{"docno": "S412c152b-Aa6e77523", "score": 20.304954789570317}
{"docno": "S9d6aeb41-A5e7380a5", "score": 19.96982289423777}
{"docno": "S661b8688-A8d0e9384", "score": 19.942043705565503}
{"docno": "S35052009-A60772d51", "score": 19.85239316140357}
{"docno": "S5c1dc20b-Abee650c6", "score": 19.719109620693498}
{"docno": "S53275be8-A4eed5d28", "score": 19.626925159491407}
{"docno": "S8b68ae4-A86bc961b", "score": 19.103231787420444}
{"docno": "Se96e0da1-Ae23d21b8", "score": 19.07810893678446}
{"docno": "S43533c49-Aafb7551a", "score": 18.96641716352665}
{"docno": "S27109bef-Addd32283", "score": 18.95330915379708}
{"docno": "S661b8688-A83df292e", "score": 18.908268792407657}
{"docno": "S2d219ef-Acb486c6d", "score": 18.746755250843716}
{"docno": "Sd5e7199e-Af7b99bbf", "score": 18.67313904689677}
{"docno": "S7a83d88a-A5c627505", "score": 18.47943848252397}
{"docno": "S60de3116-A2b48e8ca", "score": 18.46853240548178}
{"docno": "S8706d0e3-Ac554444", "score": 18.294899837492302}
{"docno": "S2e721803-Acf10ec84", "score": 18.25177649787032}
{"docno": "S1baa36a6-Ac0bf4bed", "score": 18.24899231180106}
{"docno": "Sffc14fd7-A81f9d85d", "score": 18.24610755072948}
{"docno": "S8bd07da7-Aa91fdc94", "score": 18.193905178486176}
{"docno": "S2d219ef-A11b44848", "score": 18.135198664383424}
{"docno": "Sc98fe9a7-A816d2826", "score": 18.12484673572394}
{"docno": "S9a5af4e4-A9b508f38", "score": 18.078984321215646}
{"docno": "S2d219ef-A879f8f68", "score": 17.990210498626727}
{"docno": "Sc98fe988-Ab8259242", "score": 17.938491253523125}
{"docno": "Se91be287-Aa86dc068", "score": 17.9256249767409}
{"docno": "S8da25347-A9737a131", "score": 17.809431617786874}
{"docno": "S9bc8d269-A9f0786f6", "score": 17.75278637426796}
{"docno": "Sd7bf3b30-Aeba3469a", "score": 17.74560170747184}
{"docno": "Sc98fe9c6-A1932a660", "score": 17.651953800567924}
{"docno": "Sa714ebd2-A210be3e9", "score": 17.634279036217563}
{"docno": "Sd5e7199e-A2c372895", "score": 17.624342781116802}
{"docno": "S9bc8d269-A737f1459", "score": 17.61979899352565}
{"docno": "S3b46cdea-Abf120463", "score": 17.568830094092817}
{"docno": "S45c09d2f-Ae0378e29", "score": 17.432722594598395}
{"docno": "Se91be287-A754b372b", "score": 17.432722594598395}
{"docno": "S8b68ae4-Ae96cdaec", "score": 17.432722594598395}
{"docno": "S148bb110-A98470679", "score": 17.40297999826239}
{"docno": "S8706d0e3-Aa446c0fc", "score": 17.38675874764536}
{"docno": "S661b8688-A1c627232", "score": 17.33560735436486}
{"docno": "S661b8688-A4651a22a", "score": 17.298104680028782}
{"docno": "S31698916-Af7f3f2c3", "score": 17.25626395617676}
{"docno": "S8fdcc598-Acdae4e26", "score": 17.209229370061774}
{"docno": "S6140b8cc-Aa3dce0f4", "score": 17.107713860707605}
{"docno": "S95627a9d-A126cb3f5", "score": 17.077710315903992}
{"docno": "S22acf825-Ab1a0bb92", "score": 17.069882547097134}
{"docno": "S8706d0e3-Af034da44", "score": 17.06006113287}
{"docno": "Sdee205c0-A92f5629f", "score": 17.036765959723322}
{"docno": "Se31bfa66-A92f5629f", "score": 17.036765959723322}
{"docno": "Sf9ecc418-A92f5629f", "score": 17.036765959723322}
{"docno": "Sb44bf40-A4e60d381", "score": 17.036765959723322}
{"docno": "Sb1ddd96f-A642fef12", "score": 17.036765959723322}
{"docno": "S870d44f-A2743c5e1", "score": 17.004036209522294}
{"docno": "S7e1f9994-A2a95ade3", "score": 16.987207114021462}
{"docno": "S219c8376-A7df7c38b", "score": 16.908747502390796}
{"docno": "S57476c75-Ade05781a", "score": 16.87229981148025}
{"docno": "Sf3288200-A76e78d9e", "score": 16.867734878675424}
{"docno": "S2a73d06b-A18e8912d", "score": 16.866430616682738}
{"docno": "Sffc14fd7-A2a3f4477", "score": 16.8394146146297}
{"docno": "Sffc14fd7-Ac76b28b4", "score": 16.8394146146297}
{"docno": "S7b0d1dd3-Ad1fe43f8", "score": 16.805243889630145}
{"docno": "S653f0284-Afaeb6f0f", "score": 16.79044634706205}
{"docno": "Sb4dd79ae-A6a7cfc84", "score": 16.744271177216163}
{"docno": "Sb4dd79cd-Ae87a8038", "score": 16.744271177216163}
{"docno": "Sb44bf40-Ad9fc2e9d", "score": 16.72165083925833}
{"docno": "Se2550a31-A93a2cc25", "score": 16.71049876695641}
{"docno": "S2e721803-A726f329b", "score": 16.662544905164626}
{"docno": "Sce48c431-Aef46a9ef", "score": 16.658396904352443}
{"docno": "S41e8d87f-A3ad970d5", "score": 16.658396904352443}
{"docno": "S16f720c9-Ab16c8f2c", "score": 16.54940575725846}
{"docno": "S251db9fe-Aa6e374b5", "score": 16.535981190838122}
{"docno": "S3aa2ad07-Ae1c60eb5", "score": 16.508089491613944}
{"docno": "Sb4dd79cd-A7edad33b", "score": 16.41535151799495}
{"docno": "S251db9fe-A75403376", "score": 16.41535151799495}
{"docno": "S2a73d06b-A9c84552c", "score": 16.398527488280166}
{"docno": "Se96e0da1-Ad6eac46", "score": 16.29790696655718}
{"docno": "S6e782a7f-A1f7e6056", "score": 16.29790696655718}
{"docno": "Se8b51f74-Aff1af283", "score": 16.271369700110654}
{"docno": "Sf307b5ea-A2b1296f", "score": 16.241107850217865}
{"docno": "S7579b99e-Aeab9a06", "score": 16.17929619305513}
{"docno": "S4d2e82ff-A35a530cd", "score": 16.168516850814626}
{"type": "toggleArgument", "timestamp": "2025-06-26T10:09:30.491Z", "sessionID": "6e5cb777-84f9-4690-be2b-d27c620c6a5f", "rank": "1", "doc": "S8da25347-Ae90edff7", "action": "expand", "doclen": 399, "score": 30.597774913130976}
{"type": "toggleArgument", "timestamp": "2025-06-26T10:10:00.124Z", "sessionID": "6e5cb777-84f9-4690-be2b-d27c620c6a5f", "rank": "3", "doc": "Sde8ec542-Af1a359f0", "action": "expand", "doclen": 861, "score": 14.29938698904715}
{"type": "StanceClicked", "timestamp": "2025-06-26T10:10:15.140Z", "sessionID": "6e5cb777-84f9-4690-be2b-d27c620c6a5f", "rank": "3", "stance": "con", "action": "chooseStance", "doc": "Sde8ec542-Af1a359f0", "doclen": 861, "score": 14.29938698904715}
{"type": "toggleArgument", "timestamp": "2025-06-26T10:10:32.123Z", "sessionID": "6e5cb777-84f9-4690-be2b-d27c620c6a5f", "rank": "2", "doc": "S148bb110-A225b4be9", "action": "expand", "doclen": 401, "score": 11.048262107015773}
{"type": "toggleArgument", "timestamp": "2025-06-26T10:10:49.043Z", "sessionID": "6e5cb777-84f9-4690-be2b-d27c620c6a5f", "rank": "4", "doc": "S6e782a7f-Af9399e46", "action": "expand", "doclen": 345, "score": 39.34170309277287}
{"type": "StanceClicked", "timestamp": "2025-06-26T10:11:01.924Z", "sessionID": "6e5cb777-84f9-4690-be2b-d27c620c6a5f", "rank": "4", "stance": "pro", "action": "chooseStance", "doc": "S6e782a7f-Af9399e46", "doclen": 345, "score": 39.34170309277287}
{"type": "toggleArgument", "timestamp": "2025-06-26T10:11:12.219Z", "sessionID": "6e5cb777-84f9-4690-be2b-d27c620c6a5f", "rank": "5", "doc": "Sffc14fd7-Aa781a22a", "action": "expand", "doclen": 494, "score": 15.320425770713385}
{"type": "toggleArgument", "timestamp": "2025-06-26T10:11:44.027Z", "sessionID": "6e5cb777-84f9-4690-be2b-d27c620c6a5f", "rank": "6", "doc": "Sea61b0fc-Abcf48fd3", "action": "expand", "doclen": 185, "score": 17.298707760081832}
{"type": "toggleArgument", "timestamp": "2025-06-26T10:11:45.075Z", "sessionID": "6e5cb777-84f9-4690-be2b-d27c620c6a5f", "rank": "6", "doc": "Sea61b0fc-Abcf48fd3", "action": "reduce", "doclen": 185, "score": 17.298707760081832}
{"type": "toggleArgument", "timestamp": "2025-06-26T10:11:45.651Z", "sessionID": "6e5cb777-84f9-4690-be2b-d27c620c6a5f", "rank": "6", "doc": "Sea61b0fc-Abcf48fd3", "action": "expand", "doclen": 185, "score": 17.298707760081832}
{"type": "toggleArgument", "timestamp": "2025-06-26T10:11:45.899Z", "sessionID": "6e5cb777-84f9-4690-be2b-d27c620c6a5f", "rank": "6", "doc": "Sea61b0fc-Abcf48fd3", "action": "reduce", "doclen": 185, "score": 17.298707760081832}
{"type": "toggleArgument", "timestamp": "2025-06-26T10:11:46.315Z", "sessionID": "6e5cb777-84f9-4690-be2b-d27c620c6a5f", "rank": "6", "doc": "Sea61b0fc-Abcf48fd3", "action": "expand", "doclen": 185, "score": 17.298707760081832}
{"type": "toggleArgument", "timestamp": "2025-06-26T10:11:46.963Z", "sessionID": "6e5cb777-84f9-4690-be2b-d27c620c6a5f", "rank": "6", "doc": "Sea61b0fc-Abcf48fd3", "action": "reduce", "doclen": 185, "score": 17.298707760081832}
{"type": "StanceClicked", "timestamp": "2025-06-26T10:11:51.491Z", "sessionID": "6e5cb777-84f9-4690-be2b-d27c620c6a5f", "rank": "6", "stance": "pro", "action": "chooseStance", "doc": "Sea61b0fc-Abcf48fd3", "doclen": 185, "score": 17.298707760081832}
{"type": "StanceClicked", "timestamp": "2025-06-26T10:11:55.812Z", "sessionID": "6e5cb777-84f9-4690-be2b-d27c620c6a5f", "rank": "7", "stance": "pro", "action": "chooseStance", "doc": "S8b68ae4-A942e8b6a", "doclen": 720, "score": 20.036687153070442}
{"type": "toggleArgument", "timestamp": "2025-06-26T10:12:10.451Z", "sessionID": "6e5cb777-84f9-4690-be2b-d27c620c6a5f", "rank": "8", "doc": "Sdee205c0-Ae44e39f6", "action": "expand", "doclen": 369, "score": 38.894181074936995}
{"type": "StanceClicked", "timestamp": "2025-06-26T10:12:29.372Z", "sessionID": "6e5cb777-84f9-4690-be2b-d27c620c6a5f", "rank": "9", "stance": "pro", "action": "chooseStance", "doc": "S691fdd7c-Ab3967e04", "doclen": 772, "score": 11.551124150377852}
{"type": "toggleArgument", "timestamp": "2025-06-26T10:12:30.683Z", "sessionID": "6e5cb777-84f9-4690-be2b-d27c620c6a5f", "rank": "9", "doc": "S691fdd7c-Ab3967e04", "action": "expand", "doclen": 772, "score": 11.551124150377852}
{"type": "StanceClicked", "timestamp": "2025-06-26T10:12:32.748Z", "sessionID": "6e5cb777-84f9-4690-be2b-d27c620c6a5f", "rank": "9", "stance": "con", "action": "chooseStance", "doc": "S691fdd7c-Ab3967e04", "doclen": 772, "score": 11.551124150377852}
{"type": "StanceClicked", "timestamp": "2025-06-26T10:12:38.468Z", "sessionID": "6e5cb777-84f9-4690-be2b-d27c620c6a5f", "rank": "7", "stance": "con", "action": "chooseStance", "doc": "S8b68ae4-A942e8b6a", "doclen": 720, "score": 20.036687153070442}
{"type": "toggleArgument", "timestamp": "2025-06-26T10:12:56.835Z", "sessionID": "6e5cb777-84f9-4690-be2b-d27c620c6a5f", "rank": "10", "doc": "S87445fc2-A189f1195", "action": "expand", "doclen": 2102, "score": 14.43775273833546}
{"type": "StanceClicked", "timestamp": "2025-06-26T10:13:16.403Z", "sessionID": "6e5cb777-84f9-4690-be2b-d27c620c6a5f", "rank": "10", "stance": "con", "action": "chooseStance", "doc": "S87445fc2-A189f1195", "doclen": 2102, "score": 14.43775273833546}
{"type": "pageNavigationClicked", "timestamp": "2025-06-26T10:13:17.915Z", "sessionID": "6e5cb777-84f9-4690-be2b-d27c620c6a5f", "clicked": "2", "fromPage": 1, "toPage": 2}
{"type": "StanceClicked", "timestamp": "2025-06-26T10:13:52.252Z", "sessionID": "6e5cb777-84f9-4690-be2b-d27c620c6a5f", "rank": "13", "stance": "con", "action": "chooseStance", "doc": "S2aa5711e-Aca6d975b", "doclen": 832, "score": 10.932726559560138}
{"type": "StanceClicked", "timestamp": "2025-06-26T10:14:38.588Z", "sessionID": "6e5cb777-84f9-4690-be2b-d27c620c6a5f", "rank": "18", "stance": "pro", "action": "chooseStance", "doc": "Se8b51f74-Aee52ab08", "doclen": 1124, "score": 16.71049876695641}
{"type": "pageNavigationClicked", "timestamp": "2025-06-26T10:14:52.371Z", "sessionID": "6e5cb777-84f9-4690-be2b-d27c620c6a5f", "clicked": "3", "fromPage": 2, "toPage": 3}
{"type": "StanceClicked", "timestamp": "2025-06-26T10:15:04.020Z", "sessionID": "6e5cb777-84f9-4690-be2b-d27c620c6a5f", "rank": "22", "stance": "pro", "action": "chooseStance", "doc": "S661b8688-A8d0e9384", "doclen": 1807, "score": 15.829315940914057}
{"type": "toggleArgument", "timestamp": "2025-06-26T10:15:12.491Z", "sessionID": "6e5cb777-84f9-4690-be2b-d27c620c6a5f", "rank": "23", "doc": "S35052009-A60772d51", "action": "expand", "doclen": 186, "score": 11.129419456263454}
{"type": "toggleArgument", "timestamp": "2025-06-26T10:15:13.275Z", "sessionID": "6e5cb777-84f9-4690-be2b-d27c620c6a5f", "rank": "23", "doc": "S35052009-A60772d51", "action": "reduce", "doclen": 186, "score": 11.129419456263454}
{"type": "StanceClicked", "timestamp": "2025-06-26T10:15:17.171Z", "sessionID": "6e5cb777-84f9-4690-be2b-d27c620c6a5f", "rank": "23", "stance": "pro", "action": "chooseStance", "doc": "S35052009-A60772d51", "doclen": 186, "score": 11.129419456263454}
{"type": "toggleArgument", "timestamp": "2025-06-26T10:15:35.811Z", "sessionID": "6e5cb777-84f9-4690-be2b-d27c620c6a5f", "rank": "27", "doc": "Se96e0da1-Ae23d21b8", "action": "expand", "doclen": 743, "score": 19.88512347882353}
{"type": "StanceClicked", "timestamp": "2025-06-26T10:15:42.915Z", "sessionID": "6e5cb777-84f9-4690-be2b-d27c620c6a5f", "rank": "27", "stance": "con", "action": "chooseStance", "doc": "Se96e0da1-Ae23d21b8", "doclen": 743, "score": 19.88512347882353}
{"type": "StanceClicked", "timestamp": "2025-06-26T10:15:50.331Z", "sessionID": "6e5cb777-84f9-4690-be2b-d27c620c6a5f", "rank": "27", "stance": "con", "action": "removeStance", "doc": "Se96e0da1-Ae23d21b8", "doclen": 743, "score": 19.88512347882353}
{"type": "StanceClicked", "timestamp": "2025-06-26T10:16:10.563Z", "sessionID": "6e5cb777-84f9-4690-be2b-d27c620c6a5f", "rank": "30", "stance": "con", "action": "chooseStance", "doc": "S661b8688-A83df292e", "doclen": 1238, "score": 16.505060379492804}
{"type": "pageNavigationClicked", "timestamp": "2025-06-26T10:16:19.091Z", "sessionID": "6e5cb777-84f9-4690-be2b-d27c620c6a5f", "clicked": "4", "fromPage": 3, "toPage": 4}
{"type": "StanceClicked", "timestamp": "2025-06-26T10:16:24.555Z", "sessionID": "6e5cb777-84f9-4690-be2b-d27c620c6a5f", "rank": "32", "stance": "pro", "action": "chooseStance", "doc": "Sd5e7199e-Af7b99bbf", "doclen": 2070, "score": 28.709618368035073}
{"type": "StanceClicked", "timestamp": "2025-06-26T10:16:28.147Z", "sessionID": "6e5cb777-84f9-4690-be2b-d27c620c6a5f", "rank": "32", "stance": "con", "action": "chooseStance", "doc": "Sd5e7199e-Af7b99bbf", "doclen": 2070, "score": 28.709618368035073}
{"type": "toggleArgument", "timestamp": "2025-06-26T10:16:43.491Z", "sessionID": "6e5cb777-84f9-4690-be2b-d27c620c6a5f", "rank": "33", "doc": "S7a83d88a-A5c627505", "action": "expand", "doclen": 1428, "score": 21.54197446239306}
{"type": "StanceClicked", "timestamp": "2025-06-26T10:16:57.835Z", "sessionID": "6e5cb777-84f9-4690-be2b-d27c620c6a5f", "rank": "34", "stance": "pro", "action": "chooseStance", "doc": "S60de3116-A2b48e8ca", "doclen": 1324, "score": 18.46853240548178}
{"type": "StanceClicked", "timestamp": "2025-06-26T10:17:04.403Z", "sessionID": "6e5cb777-84f9-4690-be2b-d27c620c6a5f", "rank": "36", "stance": "pro", "action": "chooseStance", "doc": "S2e721803-Acf10ec84", "doclen": 253, "score": 30.45855773815265}
{"type": "StanceClicked", "timestamp": "2025-06-26T10:18:07.531Z", "sessionID": "6e5cb777-84f9-4690-be2b-d27c620c6a5f", "rank": "40", "stance": "con", "action": "chooseStance", "doc": "S2d219ef-A11b44848", "doclen": 135, "score": 29.156747265065338}
{"type": "StanceClicked", "timestamp": "2025-06-26T10:18:16.331Z", "sessionID": "6e5cb777-84f9-4690-be2b-d27c620c6a5f", "rank": "37", "stance": "pro", "action": "chooseStance", "doc": "S1baa36a6-Ac0bf4bed", "doclen": 213, "score": 38.89486908974413}
{"type": "pageNavigationClicked", "timestamp": "2025-06-26T10:18:27.946Z", "sessionID": "6e5cb777-84f9-4690-be2b-d27c620c6a5f", "clicked": "5", "fromPage": 4, "toPage": 5}
{"type": "toggleArgument", "timestamp": "2025-06-26T10:18:49.011Z", "sessionID": "6e5cb777-84f9-4690-be2b-d27c620c6a5f", "rank": "42", "doc": "S9a5af4e4-A9b508f38", "action": "expand", "doclen": 133, "score": 20.72764118392732}
{"type": "toggleArgument", "timestamp": "2025-06-26T10:18:50.026Z", "sessionID": "6e5cb777-84f9-4690-be2b-d27c620c6a5f", "rank": "42", "doc": "S9a5af4e4-A9b508f38", "action": "reduce", "doclen": 133, "score": 20.72764118392732}
{"type": "ClickedEndTask", "timestamp": "2025-06-26T10:19:03.875Z", "sessionID": "6e5cb777-84f9-4690-be2b-d27c620c6a5f"}
{"type": "TaskEndConfirmed", "timestamp": "2025-06-26T10:19:06.250Z", "sessionID": "6e5cb777-84f9-4690-be2b-d27c620c6a5f"}
{"type": "TaskEnded", "timestamp": "2025-06-26T10:19:17.579Z", "sessionID": "6e5cb777-84f9-4690-be2b-d27c620c6a5f", "reason": "time limit\n", "translated_reason": "Time limit"}
