{"type": "idSubmitted", "timestamp": "2025-06-26T11:44:54.496Z", "sessionID": "a7e6e44b-4a68-4828-95f9-889d45e54e25", "uid": "Participant61"}
{"type": "TaskStarted", "timestamp": "2025-06-26T11:45:06.847Z", "sessionID": "a7e6e44b-4a68-4828-95f9-889d45e54e25", "task": "1", "uid": "Participant61", "topic": "Is a university education worth it?"}
{"type": "queryBoxFocused", "timestamp": "2025-06-26T11:45:18.857Z", "sessionID": "a7e6e44b-4a68-4828-95f9-889d45e54e25"}
{"type": "querySubmitted", "timestamp": "2025-06-26T11:45:36.176Z", "sessionID": "a7e6e44b-4a68-4828-95f9-889d45e54e25", "query": "university education useful"}
{"docno": "S378f5f8b-A45707cdb", "score": 19.586200846241034}
{"docno": "S56ad9029-Af475afe4", "score": 18.82247172297382}
{"docno": "Se3f93a3a-A690371e3", "score": 18.100978019424765}
{"docno": "S1e44a13d-Ab487abcd", "score": 17.423646793664606}
{"docno": "S16837731-Aa3bdb61a", "score": 17.176210499497863}
{"docno": "Se01428c-Ace3e30e7", "score": 16.900680070755026}
{"docno": "S16837731-Ab9dc4e38", "score": 16.645779946399465}
{"docno": "S2a15e97e-A24b690c5", "score": 16.36718945521867}
{"docno": "Se3f93a3a-A193359b9", "score": 16.284333170015206}
{"docno": "S2518c6cb-A4f4901af", "score": 16.2786961473084}
{"docno": "S20dc5881-A465f3691", "score": 16.24788101587365}
{"docno": "S16837731-Ac3f4c2b1", "score": 16.09219500227646}
{"docno": "Sd6cedb2b-A1f751534", "score": 15.93351323659473}
{"docno": "S5a5f6670-Ae4ff3280", "score": 15.87493635124768}
{"docno": "Se2c8913f-Af8290257", "score": 15.445232189933112}
{"docno": "S1db3eaf8-Ac092d522", "score": 15.396992276112387}
{"docno": "Sc7831446-Ac092d522", "score": 15.396992276112387}
{"docno": "Se9944b2-Ad4071a87", "score": 15.376672995999206}
{"docno": "S6c1f1644-A5e6f93b9", "score": 15.252469513518731}
{"docno": "S1db3eaf8-A479a7253", "score": 15.239189829079542}
{"docno": "Sc7831446-A479a7253", "score": 15.239189829079542}
{"docno": "S16837731-A1d8f3cef", "score": 15.123703297246848}
{"docno": "Sf5b4db45-A504b1dba", "score": 15.101767636810067}
{"docno": "S20dc5881-Acde38a62", "score": 15.099787570681725}
{"docno": "S259f65bb-A4591b7ce", "score": 14.990034313546204}
{"docno": "S1db3eaf8-A4567d15", "score": 14.944288031174123}
{"docno": "Sc7831446-A4567d15", "score": 14.944288031174123}
{"docno": "Sea43a5f1-Aff1f4195", "score": 14.920134027202389}
{"docno": "S5346a370-A4b5ded85", "score": 14.915590928976599}
{"docno": "Sa96d2cbd-Ad67297b9", "score": 14.90404217932748}
{"docno": "Sa1f3d362-Ac3da7b8b", "score": 14.859277183014868}
{"docno": "S378f5f8b-Ada4b0769", "score": 14.84159461925978}
{"docno": "S4c11bb9f-A61d55041", "score": 14.826764565795546}
{"docno": "S2518c6cb-Ac5448764", "score": 14.802441940427085}
{"docno": "S13644e36-Aa10d7831", "score": 14.798840308545604}
{"docno": "S1db3eaf8-Aba49b8fc", "score": 14.791235681781504}
{"docno": "Sc7831446-Aba49b8fc", "score": 14.791235681781504}
{"docno": "S1db3eaf8-A4a1fe355", "score": 14.77681057580736}
{"docno": "Sc7831446-A4a1fe355", "score": 14.77681057580736}
{"docno": "S40949617-A65348328", "score": 14.762287127026141}
{"docno": "S13644e36-A5541c5ea", "score": 14.69627934646894}
{"docno": "S3045b026-Ab05ea3bf", "score": 14.692519587234376}
{"docno": "S1db3eaf8-A6b2e6ada", "score": 14.639683054546747}
{"docno": "Sc7831446-A6b2e6ada", "score": 14.639683054546747}
{"docno": "S378f5f8b-A7771b2e4", "score": 14.610287054756798}
{"docno": "Scafa7193-Ad677425d", "score": 14.564688883723136}
{"docno": "S2518c6cb-Aa5ef462e", "score": 14.545452718508141}
{"docno": "Sb7e5c696-A601b22de", "score": 14.514962447645221}
{"docno": "S6c1f1644-A29030ee1", "score": 14.490044743141237}
{"docno": "S1db3eaf8-A962bab80", "score": 14.408481196690946}
{"docno": "Sc7831446-A962bab80", "score": 14.408481196690946}
{"docno": "Se3bb0258-Af62edfc3", "score": 14.388925724215538}
{"docno": "S16837731-A138adecf", "score": 14.379851086448577}
{"docno": "S881e7aa9-A76946924", "score": 14.358230987345031}
{"docno": "S9c26bc87-A41c4b6a7", "score": 14.305860151550013}
{"docno": "Se3f93a3a-A4e065e47", "score": 14.292184183670498}
{"docno": "Sf76890a8-Acf2f3cdd", "score": 14.259027560217529}
{"docno": "S1db3eaf8-Ae7cf20fd", "score": 14.249107123671594}
{"docno": "Sc7831446-Ae7cf20fd", "score": 14.249107123671594}
{"docno": "S1e44a13d-A52e68428", "score": 14.241999400737658}
{"docno": "Sd1785a48-Ad70709ef", "score": 14.192896163681537}
{"docno": "Sfad66533-A64bd10d5", "score": 14.192229249967868}
{"docno": "Sab43f012-A56aff293", "score": 14.189882390750494}
{"docno": "S50e33842-A7665b17a", "score": 14.166828872696243}
{"docno": "S1e44a13d-A8c386b7f", "score": 14.16414030174217}
{"docno": "Se3f93a3a-Aba4ca2c5", "score": 14.146146951212621}
{"docno": "S24d7b2b-A46860496", "score": 14.139589595653721}
{"docno": "S6aa1492a-A9ea13336", "score": 14.13150522088899}
{"docno": "S87e36ea8-A109a7251", "score": 14.11009615284702}
{"docno": "S1b21a2f2-A21240168", "score": 13.988477521211323}
{"docno": "S2f1dffb0-A28e64da9", "score": 13.9851710730556}
{"docno": "S2d7a6fbd-A8ec7e097", "score": 13.953591471005534}
{"docno": "S37d99e29-Ae29c40c7", "score": 13.91491517525392}
{"docno": "S40949617-A8783749", "score": 13.884487044769788}
{"docno": "S1db3eaf8-A5f21ef21", "score": 13.884487044769788}
{"docno": "Sc7831446-A5f21ef21", "score": 13.884487044769788}
{"docno": "S56ad9029-A4394a36b", "score": 13.880960844922853}
{"docno": "Se3f93a3a-A24919857", "score": 13.85153248794494}
{"docno": "S1e44a13d-Ae2c4cd70", "score": 13.802282179595672}
{"docno": "S1e44a13d-Ac1256c10", "score": 13.792365292323261}
{"docno": "S3045b026-A7c322ff4", "score": 13.777672534024262}
{"docno": "S1db3eaf8-Acb8b6618", "score": 13.763403151181977}
{"docno": "Sc7831446-Acb8b6618", "score": 13.763403151181977}
{"docno": "S61bc6a94-A7b2601f7", "score": 13.701482966606864}
{"docno": "S4595ce6e-A81f2ed15", "score": 13.698387875773864}
{"docno": "S4566fc90-A312b655e", "score": 13.690141936165372}
{"docno": "S1db3eaf8-A1be053d4", "score": 13.690141936165372}
{"docno": "Sc7831446-A1be053d4", "score": 13.690141936165372}
{"docno": "S3045b026-Ac5d2550", "score": 13.68727048082903}
{"docno": "S2ea519c-A923ad8d0", "score": 13.664515298291198}
{"docno": "S9f1c63ea-A2d454783", "score": 13.659259493242661}
{"docno": "S2a6de514-Adaefeb19", "score": 13.65649864405852}
{"docno": "Sa23436f0-A5b0373a7", "score": 13.63987392488798}
{"docno": "Sa23436f0-A7e36a2fe", "score": 13.63412595869076}
{"docno": "S4566fc90-Ab6ef84b1", "score": 13.630615924958938}
{"docno": "Se8388252-A30aa8221", "score": 13.59003259286635}
{"docno": "S1172bf14-A4a47b7e", "score": 13.585037728957296}
{"docno": "S1e44a13d-A4993dae9", "score": 13.583614806326803}
{"docno": "S5e977bfe-Adec5e6d1", "score": 13.542024818588434}
{"docno": "Sb7e5c696-A4ce03563", "score": 13.523368175831758}
{"type": "queryBoxFocused", "timestamp": "2025-06-26T11:45:55.240Z", "sessionID": "a7e6e44b-4a68-4828-95f9-889d45e54e25"}
{"type": "querySubmitted", "timestamp": "2025-06-26T11:45:59.032Z", "sessionID": "a7e6e44b-4a68-4828-95f9-889d45e54e25", "query": "university useful"}
{"docno": "S5e470c90-A863eef9e", "score": 12.650725502589019}
{"docno": "Sa0a3e780-A37907f66", "score": 12.580700178861688}
{"docno": "S378f5f8b-A55362f50", "score": 12.421998704174484}
{"docno": "S4277699d-Aeb359812", "score": 12.382411969831452}
{"docno": "S56ad9029-Af475afe4", "score": 12.313505085499107}
{"docno": "S2507eab7-Afc6c01fe", "score": 12.086973835530948}
{"docno": "S9313ba81-A9abc4ef2", "score": 12.073355053125395}
{"docno": "Sbb84d400-Ac86b2b1b", "score": 11.991241570565965}
{"docno": "S1206afb2-A82d7a9cb", "score": 11.93567866758732}
{"docno": "Sa0a3e780-A3451081f", "score": 11.898123284589325}
{"docno": "S20f85594-Aee2b99e", "score": 11.874251872634401}
{"docno": "S7772d79a-A9dfb6ed1", "score": 11.871247769668999}
{"docno": "S3fa101e7-Aaae7bb31", "score": 11.858775088072708}
{"docno": "Se37a4f44-Ac9c31b6", "score": 11.790563740774946}
{"docno": "S91b35e99-Ad9bf7147", "score": 11.766790988369197}
{"docno": "S7fa23a18-A9a4917d", "score": 11.7650732910285}
{"docno": "S378f5f8b-Ab549f038", "score": 11.74907843213537}
{"docno": "Sadcdb47-A8643160b", "score": 11.744564918579785}
{"docno": "S91b0e74e-A20095e9c", "score": 11.703550940556642}
{"docno": "Sa439c84e-Aff8e3487", "score": 11.68228730307878}
{"docno": "Sa439c84e-A42c33e2f", "score": 11.656708431416243}
{"docno": "S100531be-A6a3ec8d5", "score": 11.559797869714448}
{"docno": "S5f37b2d8-Accc03b1b", "score": 11.552172901461743}
{"docno": "S52844cf-Ac3be285e", "score": 11.520716743581584}
{"docno": "S9c048b57-A33f1e4e2", "score": 11.504236535160771}
{"docno": "Se3f93a3a-A90a9cb89", "score": 11.493469021482024}
{"docno": "Sd3abafea-A86d70326", "score": 11.488739400666972}
{"docno": "S7ca80e31-A96306fd9", "score": 11.488449368641621}
{"docno": "Sd99fef9f-Aa4f0f15d", "score": 11.437627202378522}
{"docno": "S378f5f8b-A45707cdb", "score": 11.383132667258469}
{"docno": "Sa439c84e-A2c0553cc", "score": 11.381051564277541}
{"docno": "Sb9c61cb2-Afae3638a", "score": 11.354608947010856}
{"docno": "Scb4bb62c-A35d3fa0b", "score": 11.352236677475723}
{"docno": "S77147948-Ae450a566", "score": 11.347577734879458}
{"docno": "S46170a43-Ad3b63a0b", "score": 11.250605772850111}
{"docno": "S843032c8-A649b7a1c", "score": 11.20802285479881}
{"docno": "S1042fd26-A736f567", "score": 11.179803433705825}
{"docno": "Sf5215a7f-Ad720520d", "score": 11.160213199579648}
{"docno": "S20dc5881-A465f3691", "score": 11.13636468263452}
{"docno": "S1d8d4ff1-Aa99cea5", "score": 11.126231911264648}
{"docno": "Sb6c5e646-Ade94fc46", "score": 11.097411677536051}
{"docno": "Sc7bb1627-A662e6e51", "score": 11.097411677536051}
{"docno": "S1d8d4ff1-A8e65ea70", "score": 11.040429383613052}
{"docno": "Sea949c31-A3f1fd05e", "score": 11.016456267353991}
{"docno": "Sd246af75-A7e1c6fd1", "score": 11.012137701070248}
{"docno": "Saac0eba2-A27460895", "score": 11.007375863253243}
{"docno": "S16837731-Ab9dc4e38", "score": 11.006897257865312}
{"docno": "Sfd73fcd4-A5bb0ae13", "score": 10.985726687908375}
{"docno": "Sb1e4857d-A81174e57", "score": 10.954627559808156}
{"docno": "S1de68f09-A408f2bc4", "score": 10.953318293504687}
{"docno": "Sb967f775-Acebbbaff", "score": 10.93667343960482}
{"docno": "Sbb84d400-A438bd627", "score": 10.905837614198807}
{"docno": "S1b279014-Abf6e3fbe", "score": 10.878007778766737}
{"docno": "Sa439c84e-A345340f7", "score": 10.878007778766737}
{"docno": "S11298f45-A7dd2374e", "score": 10.872951709047676}
{"docno": "Se74416a5-A7dbeda0a", "score": 10.858037901410086}
{"docno": "S24abead5-Aad320776", "score": 10.858037901410086}
{"docno": "Sfae69278-A2f38654", "score": 10.83728202368965}
{"docno": "S9bf9e99f-A46960452", "score": 10.830135446569862}
{"docno": "S9c048b57-A47db7894", "score": 10.815147866294193}
{"docno": "Sdf697e8e-A347e58b0", "score": 10.793996668384402}
{"docno": "Sc0e90064-A711440e5", "score": 10.780525082129481}
{"docno": "Se638a5c7-A952ded99", "score": 10.76977814023429}
{"docno": "Sfea8643d-A13fd5675", "score": 10.722252439157227}
{"docno": "Se3f93a3a-A690371e3", "score": 10.712051207166208}
{"docno": "S7c9de677-Ad66a32c8", "score": 10.702698578251466}
{"docno": "S6f41d86-A69a26bf3", "score": 10.697079215872161}
{"docno": "Sd981e44b-A49416e21", "score": 10.671597391534624}
{"docno": "Sea949c31-A6590b76c", "score": 10.628772776441188}
{"docno": "S2bffa7f8-A809bd7c9", "score": 10.617302251749926}
{"docno": "Sf824b2f3-A3c2f48d7", "score": 10.594197582723405}
{"docno": "S1e44a13d-Ab487abcd", "score": 10.592664353466041}
{"docno": "Sf57f041d-Af72769d0", "score": 10.59170371470026}
{"docno": "Sf22e2383-Ad2db20ae", "score": 10.571141211683797}
{"docno": "S16837731-Aa3bdb61a", "score": 10.552201074356613}
{"docno": "S46e96733-Abbde6577", "score": 10.535054813715563}
{"docno": "Sa4dc83df-A83295ecb", "score": 10.517784631562263}
{"docno": "S378f5f8b-A79d50dde", "score": 10.513009197847685}
{"docno": "Sdb860242-A7c8ceae", "score": 10.481233456110804}
{"docno": "Sa392c271-A4bef1e74", "score": 10.474329239694617}
{"docno": "S2efd6a7e-Abf8b86e0", "score": 10.470458069346495}
{"docno": "S1db3eaf8-Aba49b8fc", "score": 10.463847316018585}
{"docno": "Sc7831446-Aba49b8fc", "score": 10.463847316018585}
{"docno": "S558e5346-A6d76ae7b", "score": 10.449284667918368}
{"docno": "Sf8960494-A53dee9a", "score": 10.41939244364163}
{"docno": "Sc70391d3-Acebe2db8", "score": 10.41939244364163}
{"docno": "S1f0fbede-A7b0a2af9", "score": 10.41939244364163}
{"docno": "Se05150d1-Af85a50e6", "score": 10.382979618239707}
{"docno": "S7e41561c-A47cdf25d", "score": 10.377905020408118}
{"docno": "S378f5f8b-A791ff1a1", "score": 10.370912906805225}
{"docno": "Sb51c11c8-A7260db23", "score": 10.368129766584786}
{"docno": "S87eec07e-Af0a4224d", "score": 10.35850533638671}
{"docno": "S4c8b5b71-A21ada3a9", "score": 10.337734080215595}
{"docno": "Sd56c3747-Ac557fad6", "score": 10.337734080215595}
{"docno": "S94891f9f-Ab6d47fa9", "score": 10.322901465897308}
{"docno": "S11792d2d-A12807fb2", "score": 10.307613027138128}
{"docno": "S72df98c5-Accce6cfb", "score": 10.305485764645049}
{"docno": "S8d30b569-Ad4454602", "score": 10.301829342236987}
{"docno": "Sb278b9c5-A5dec5ec4", "score": 10.28499114357227}
{"docno": "Sbb4f7aa7-Ab291dcaa", "score": 10.274449153274471}
{"type": "toggleArgument", "timestamp": "2025-06-26T11:46:25.760Z", "sessionID": "a7e6e44b-4a68-4828-95f9-889d45e54e25", "rank": "5", "doc": "S56ad9029-Af475afe4", "action": "expand", "doclen": 1665, "score": 14.39533542625664}
{"type": "StanceClicked", "timestamp": "2025-06-26T11:47:23.208Z", "sessionID": "a7e6e44b-4a68-4828-95f9-889d45e54e25", "rank": "5", "stance": "con", "action": "chooseStance", "doc": "S56ad9029-Af475afe4", "doclen": 1665, "score": 14.39533542625664}
{"type": "queryBoxFocused", "timestamp": "2025-06-26T11:47:46.264Z", "sessionID": "a7e6e44b-4a68-4828-95f9-889d45e54e25"}
{"type": "querySubmitted", "timestamp": "2025-06-26T11:47:58.472Z", "sessionID": "a7e6e44b-4a68-4828-95f9-889d45e54e25", "query": "university degree "}
{"docno": "Sac249177-A8c202497", "score": 18.35077721666141}
{"docno": "Sa0587216-A339b6c2b", "score": 18.018771010992065}
{"docno": "S1e44a13d-Ae7e1ec6d", "score": 18.009591101859236}
{"docno": "S56ad9029-Af475afe4", "score": 17.74733334380306}
{"docno": "S378f5f8b-A55362f50", "score": 17.744397925723213}
{"docno": "S378f5f8b-Ad18dc4ae", "score": 17.567279924764534}
{"docno": "S378f5f8b-A791ff1a1", "score": 17.466200974224584}
{"docno": "S844ad89d-A11f2c19c", "score": 17.400087036600244}
{"docno": "S1db3eaf8-A962bab80", "score": 17.119750614235524}
{"docno": "Sc7831446-A962bab80", "score": 17.119750614235524}
{"docno": "S56ad9029-A5f6c0408", "score": 16.966503791917432}
{"docno": "S4ad57449-A24b53a6c", "score": 16.91800826189973}
{"docno": "Scd042ebb-Aef27e42", "score": 16.88036515379838}
{"docno": "Sa78fc53f-A84d2db5c", "score": 16.842491334451203}
{"docno": "S1db3eaf8-A8931d14c", "score": 16.79911157094678}
{"docno": "Sc7831446-A8931d14c", "score": 16.79911157094678}
{"docno": "S1db3eaf8-Ac092d522", "score": 16.699051390656162}
{"docno": "Sc7831446-Ac092d522", "score": 16.699051390656162}
{"docno": "S7194991b-A131a7bb9", "score": 16.541426433291754}
{"docno": "Sc50238c9-A120a28a3", "score": 16.476634032744826}
{"docno": "Sd3abafea-Ac603a3f4", "score": 16.3982266331002}
{"docno": "Se01428c-Ace3e30e7", "score": 16.202775996159065}
{"docno": "S3e93553d-A437b33cb", "score": 16.029683935084023}
{"docno": "S22c5f230-Ab99728ba", "score": 15.915033451094605}
{"docno": "Se3f93a3a-A690371e3", "score": 15.861534574466102}
{"docno": "S4595ce6e-Af50aae4c", "score": 15.816086208804851}
{"docno": "S70e98e44-A67a96548", "score": 15.751893943242123}
{"docno": "S56ad9029-A4394a36b", "score": 15.727143141027142}
{"docno": "S8f7d5736-A2ad81841", "score": 15.727011675498357}
{"docno": "S56ad9029-Aaf597ece", "score": 15.367161619996109}
{"docno": "S824a5a69-Abe97dc33", "score": 15.139055432940738}
{"docno": "Sd3abafea-Abc8035ff", "score": 15.058561022053986}
{"docno": "S50689d14-A315eefcc", "score": 15.054869967047185}
{"docno": "S1db3eaf8-A4a1fe355", "score": 14.989237707123078}
{"docno": "Sc7831446-A4a1fe355", "score": 14.989237707123078}
{"docno": "Se79cf3ec-A1469150f", "score": 14.795589110385514}
{"docno": "S6963151c-A68ea6d3a", "score": 14.701362961183507}
{"docno": "Sd6acea1f-A7988ffae", "score": 14.631906588979554}
{"docno": "Se3bb0258-Af62edfc3", "score": 14.562001524371645}
{"docno": "S3045b026-Aecede25", "score": 14.513641498972301}
{"docno": "S378f5f8b-A7aac2f8f", "score": 14.507059994767737}
{"docno": "S467a3ae9-A65716857", "score": 14.385432120205031}
{"docno": "S4595ce6e-Acd91efcf", "score": 14.164258907710972}
{"docno": "S4595ce6e-Ac5f31c32", "score": 14.164258907710972}
{"docno": "S4ad57449-Abab607c9", "score": 14.107894048462263}
{"docno": "S75bcf4ca-Af3ed2a44", "score": 14.107636222560519}
{"docno": "S1db3eaf8-Abdcb2965", "score": 14.046802059403692}
{"docno": "Sc7831446-Abdcb2965", "score": 14.046802059403692}
{"docno": "Sd6acea1f-A69d9203a", "score": 14.036313359197578}
{"docno": "S9f25564b-A27be7786", "score": 14.013089313902334}
{"docno": "S1b21a2f2-A21240168", "score": 14.000393859519392}
{"docno": "S378f5f8b-Ab6f05344", "score": 13.925770001457192}
{"docno": "S4595ce6e-A81f2ed15", "score": 13.910752208814145}
{"docno": "Se3f93a3a-A24919857", "score": 13.824395256848002}
{"docno": "S58791dc3-Aa016b880", "score": 13.803958523370772}
{"docno": "S19e647b-A30c15506", "score": 13.7720769096128}
{"docno": "Sc2760297-A5dde8133", "score": 13.643076211424606}
{"docno": "S1d8d4ff1-A16a2fc92", "score": 13.57984059925192}
{"docno": "S1e44a13d-A50b42cff", "score": 13.576160099929574}
{"docno": "S378f5f8b-A6b1d160", "score": 13.576160099929574}
{"docno": "S39fe4501-A51a8977b", "score": 13.550522436605663}
{"docno": "S1db3eaf8-Acb8b6618", "score": 13.492513601788879}
{"docno": "Sc7831446-Acb8b6618", "score": 13.492513601788879}
{"docno": "Sa1f3d362-A7c7c3de7", "score": 13.365078999234292}
{"docno": "S50689d14-Ae5cc004a", "score": 13.360854427694882}
{"docno": "S1db3eaf8-A8eeea404", "score": 13.342749009232367}
{"docno": "Sc7831446-A8eeea404", "score": 13.342749009232367}
{"docno": "S844ad89d-A9cc40e8d", "score": 13.328356767932664}
{"docno": "S4595ce6e-A1f7e48cd", "score": 13.259847669634567}
{"docno": "S1215c0b1-A49332275", "score": 13.212846704752806}
{"docno": "Se3f93a3a-A4e065e47", "score": 13.212846704752806}
{"docno": "S19b45e30-A2390cc27", "score": 13.1904095171748}
{"docno": "S5a5f6670-Ae4ff3280", "score": 13.100441841822803}
{"docno": "Sc2760297-A227146c5", "score": 13.086596782210428}
{"docno": "Se601a988-A60031a42", "score": 13.02682767564112}
{"docno": "S1db3eaf8-Aba49b8fc", "score": 12.979791340489298}
{"docno": "Sc7831446-Aba49b8fc", "score": 12.979791340489298}
{"docno": "S7918bba1-A60aa7af2", "score": 12.978389762382157}
{"docno": "S58791dc3-Ab63c19c5", "score": 12.942349430761436}
{"docno": "S8084a5eb-A12042d63", "score": 12.932842899971}
{"docno": "S8a53f2ae-Aa1caed38", "score": 12.932842899971}
{"docno": "Sda0a060-Abe4e5b5a", "score": 12.908949224443546}
{"docno": "S50689d14-Aac902ab4", "score": 12.881248185785086}
{"docno": "S1042fd26-A3ac15b4d", "score": 12.831011411526088}
{"docno": "S622170cf-A33cbabf5", "score": 12.720522287546604}
{"docno": "S4ad57449-A89511134", "score": 12.720522287546604}
{"docno": "S875cee0-A945e3862", "score": 12.688950543972526}
{"docno": "S259f65bb-A4591b7ce", "score": 12.688950543972526}
{"docno": "S213bfa15-A7248875f", "score": 12.652583194987645}
{"docno": "S1215c0b1-A7146ae94", "score": 12.639544431383367}
{"docno": "Sff59c62-Ac19b74d2", "score": 12.474056323194198}
{"docno": "S1e44a13d-A52e68428", "score": 12.403405965373477}
{"docno": "S8e080e2e-A4c6a291b", "score": 12.381344690679931}
{"docno": "S896c3934-A70046c9b", "score": 12.323416190908064}
{"docno": "S4ad57449-Ac6484e2d", "score": 12.305863777603413}
{"docno": "S3eb43d6-Ab941501b", "score": 12.302282197285866}
{"docno": "Sd20644fe-Ab9274558", "score": 12.26096743970341}
{"docno": "S912e5771-A21e68fd5", "score": 12.214863495473683}
{"docno": "Sc8c3541d-A89972709", "score": 12.194352361803158}
{"docno": "S1066a920-Ad67527c", "score": 12.170125205185137}
{"type": "toggleArgument", "timestamp": "2025-06-26T11:48:21.055Z", "sessionID": "a7e6e44b-4a68-4828-95f9-889d45e54e25", "rank": "7", "doc": "S378f5f8b-A791ff1a1", "action": "expand", "doclen": 781, "score": 10.370912906805225}
{"type": "queryBoxFocused", "timestamp": "2025-06-26T11:48:31.004Z", "sessionID": "a7e6e44b-4a68-4828-95f9-889d45e54e25"}
{"type": "querySubmitted", "timestamp": "2025-06-26T11:48:44.097Z", "sessionID": "a7e6e44b-4a68-4828-95f9-889d45e54e25", "query": "jobs after university"}
{"docno": "S3839c56f-A529e6f2f", "score": 15.2394285173297}
{"docno": "Sab43f012-A1cf297", "score": 14.93022923285072}
{"docno": "Sd1785a48-Ad70709ef", "score": 13.968569875064954}
{"docno": "Sc50238c9-A120a28a3", "score": 13.653787108807386}
{"docno": "Scd042ebb-Aef27e42", "score": 13.574875607645216}
{"docno": "S1d8d4ff1-A8e65ea70", "score": 13.478412158136873}
{"docno": "S89e52114-Aff93a822", "score": 13.388885834000796}
{"docno": "S8c380d91-A7dcfb1af", "score": 13.183782042609923}
{"docno": "S65ee42b3-A6bb645c3", "score": 12.994095533360127}
{"docno": "Sf15a551d-A530d33a4", "score": 12.975997346870326}
{"docno": "S6ef8b0be-A2e223c10", "score": 12.953991950281807}
{"docno": "Sab43f012-A8691389a", "score": 12.870482377383489}
{"docno": "S1d8d4ff1-Aa36b64cd", "score": 12.803437978467942}
{"docno": "Sd70aae8a-A5dcebf71", "score": 12.714428189985147}
{"docno": "S2ea519c-A923ad8d0", "score": 12.590815547778462}
{"docno": "S1db3eaf8-A962bab80", "score": 12.587645330011398}
{"docno": "Sc7831446-A962bab80", "score": 12.587645330011398}
{"docno": "S99ffdfb8-A1db54a4a", "score": 12.575625960099774}
{"docno": "S622170cf-A33cbabf5", "score": 12.52353342788771}
{"docno": "S4566fc90-Ac8e3a49c", "score": 12.510001356936337}
{"docno": "S89e52114-A9775e9d5", "score": 12.410134361419928}
{"docno": "Se1b9355-A93f47231", "score": 12.31757705235989}
{"docno": "S1973e5b6-A94ad67b8", "score": 12.310858955729712}
{"docno": "Sf843176f-A2160598a", "score": 12.300722216467618}
{"docno": "S86f1b23a-A3046b89", "score": 12.237967405983392}
{"docno": "S50689d14-Aaf4abfd8", "score": 12.237967405983392}
{"docno": "S419ce672-Aa9aad537", "score": 12.185593207783452}
{"docno": "Se9944b2-Ad4071a87", "score": 12.175222099031132}
{"docno": "Saa025805-Acdb5d505", "score": 12.136543428021369}
{"docno": "S89e52114-A3b97cc9c", "score": 12.00839047244326}
{"docno": "Se3f93a3a-A24919857", "score": 11.962122524349901}
{"docno": "Sacb2c78c-A976cccfd", "score": 11.961991494987775}
{"docno": "Sc168f43c-Ad1973d51", "score": 11.96075409426664}
{"docno": "S1db3eaf8-Abdcb2965", "score": 11.913976844929984}
{"docno": "Sc7831446-Abdcb2965", "score": 11.913976844929984}
{"docno": "S11299325-A78c32edf", "score": 11.874619888527171}
{"docno": "S1b93e28c-A3700a611", "score": 11.758707641070082}
{"docno": "S89e52114-Ae59f60dc", "score": 11.697413952441595}
{"docno": "S4a949ab7-A67f367a5", "score": 11.651997465034706}
{"docno": "S11298fa2-A54e434f0", "score": 11.651997465034706}
{"docno": "S2d3de5f8-A9acaffbc", "score": 11.639452855413936}
{"docno": "S4498dd60-A3d2e40ee", "score": 11.629552411833899}
{"docno": "S5bb5a861-A656f3720", "score": 11.62402244200521}
{"docno": "S5346a370-A4b5ded85", "score": 11.615085646273233}
{"docno": "Sa55b74e3-A4d2b0725", "score": 11.571299189617783}
{"docno": "S51add862-A95a40a12", "score": 11.542781330481802}
{"docno": "S3ffe2bd6-A31ee1be", "score": 11.534821386422173}
{"docno": "Sbe549a21-A4dcc44f7", "score": 11.527018499986985}
{"docno": "S8716f4c8-A71d53451", "score": 11.517594143444867}
{"docno": "S56ad9029-A5f6c0408", "score": 11.496018877039827}
{"docno": "Se3f93a3a-A690371e3", "score": 11.492950197207495}
{"docno": "S2572429f-Ae18a93a6", "score": 11.467735868703546}
{"docno": "S9163d36f-A60240878", "score": 11.45818300354834}
{"docno": "Sd70aae8a-A1f7ee355", "score": 11.448495045775292}
{"docno": "S5339b784-A991795d7", "score": 11.322609006857505}
{"docno": "S37d99e29-A28fb5662", "score": 11.316276619543451}
{"docno": "Sa0587216-A339b6c2b", "score": 11.199447778634799}
{"docno": "S11299344-A236b9651", "score": 11.19745700477155}
{"docno": "S87b8c230-A188e0120", "score": 11.19745700477155}
{"docno": "Sa6f085b0-A24285f67", "score": 11.19745700477155}
{"docno": "Sd70aae8a-Aaf0a3aa3", "score": 11.19444324408995}
{"docno": "S16837731-Aa3bdb61a", "score": 11.188932286360483}
{"docno": "Se6843c7f-Ad338ba5", "score": 11.187679701372833}
{"docno": "S7f6cac7f-A87eb890f", "score": 11.153034608562056}
{"docno": "S70e98e44-A67a96548", "score": 11.153034608562056}
{"docno": "S4ad57449-A19789801", "score": 11.153034608562056}
{"docno": "S88308cf4-Afd91a30a", "score": 11.14464232418204}
{"docno": "S2d3de5f8-A69097551", "score": 11.136176996353084}
{"docno": "S7a949437-Aa5fc0e10", "score": 11.132331667493018}
{"docno": "S1e2e41dc-Af46e7b89", "score": 11.119076429011683}
{"docno": "S50591168-A9749375b", "score": 11.086020789447227}
{"docno": "S74ffcade-Ae4cdea1f", "score": 11.056352191235192}
{"docno": "Sd8f0bd3-Af00f0679", "score": 11.035381832918748}
{"docno": "S8fbc01aa-A150a3698", "score": 10.946984839729048}
{"docno": "Sdedaa4db-A56b41a90", "score": 10.946984839729048}
{"docno": "Se3bb0258-Af62edfc3", "score": 10.916861458810965}
{"docno": "Sbc6c8f10-Ae0cb4fc", "score": 10.863100282358477}
{"docno": "S7fa0e590-A17f3825f", "score": 10.859689140269392}
{"docno": "Se0a66b35-A734024d7", "score": 10.85032729141993}
{"docno": "S82465f83-Ab99fa40b", "score": 10.799179985271437}
{"docno": "S80079d46-A2c1a3125", "score": 10.799179985271437}
{"docno": "Sfbffb5a1-Ade1a8adb", "score": 10.7984101704833}
{"docno": "Se01428c-A7f2c8bad", "score": 10.788748125508723}
{"docno": "Se01428c-Ace3e30e7", "score": 10.78626923645177}
{"docno": "Sf843176f-A1d85bebf", "score": 10.776497122232158}
{"docno": "S11792d2d-A93730df4", "score": 10.763690796120542}
{"docno": "Sd1ad7ee6-A1332f757", "score": 10.759239841489197}
{"docno": "Sf843176f-A9de66100", "score": 10.753127825976879}
{"docno": "S419ce672-Aebd37de1", "score": 10.722051089513574}
{"docno": "S50e33842-A35f57cf0", "score": 10.720331061309102}
{"docno": "Scd042ebb-Ad4878e2c", "score": 10.71872794102113}
{"docno": "S8c380d91-A8a36fcdb", "score": 10.716581241573913}
{"docno": "S3d4af082-A333b7eb0", "score": 10.702925780909572}
{"docno": "S6a601941-A258d8768", "score": 10.702095399030009}
{"docno": "S3045b026-A29c3e5fa", "score": 10.677254018126417}
{"docno": "S2fef1ca2-Af3e64ae4", "score": 10.665792141658763}
{"docno": "Sd717e8f0-A9ea0c99d", "score": 10.657720369936106}
{"docno": "Sd2a71ee4-Ab94e9be3", "score": 10.645529500038641}
{"docno": "Sde555639-Ad5226761", "score": 10.643666882605359}
{"docno": "S3ffe2bf5-Ad40c5e8", "score": 10.596129306903663}
{"type": "toggleArgument", "timestamp": "2025-06-26T11:48:58.064Z", "sessionID": "a7e6e44b-4a68-4828-95f9-889d45e54e25", "rank": "5", "doc": "Scd042ebb-Aef27e42", "action": "expand", "doclen": 312, "score": 13.574875607645216}
{"type": "toggleArgument", "timestamp": "2025-06-26T11:49:19.064Z", "sessionID": "a7e6e44b-4a68-4828-95f9-889d45e54e25", "rank": "10", "doc": "Sf15a551d-A530d33a4", "action": "expand", "doclen": 385, "score": 17.996359121079706}
{"type": "StanceClicked", "timestamp": "2025-06-26T11:49:29.642Z", "sessionID": "a7e6e44b-4a68-4828-95f9-889d45e54e25", "rank": "10", "stance": "pro", "action": "chooseStance", "doc": "Sf15a551d-A530d33a4", "doclen": 385, "score": 17.996359121079706}
{"type": "toggleArgument", "timestamp": "2025-06-26T11:49:42.098Z", "sessionID": "a7e6e44b-4a68-4828-95f9-889d45e54e25", "rank": "6", "doc": "S1d8d4ff1-A8e65ea70", "action": "expand", "doclen": 615, "score": 18.02240015067401}
{"type": "StanceClicked", "timestamp": "2025-06-26T11:49:56.778Z", "sessionID": "a7e6e44b-4a68-4828-95f9-889d45e54e25", "rank": "6", "stance": "con", "action": "chooseStance", "doc": "S1d8d4ff1-A8e65ea70", "doclen": 615, "score": 18.02240015067401}
{"type": "StanceClicked", "timestamp": "2025-06-26T11:50:59.771Z", "sessionID": "a7e6e44b-4a68-4828-95f9-889d45e54e25", "rank": "5", "stance": "pro", "action": "chooseStance", "doc": "Scd042ebb-Aef27e42", "doclen": 312, "score": 13.574875607645216}
{"type": "toggleArgument", "timestamp": "2025-06-26T11:51:06.155Z", "sessionID": "a7e6e44b-4a68-4828-95f9-889d45e54e25", "rank": "4", "doc": "Sc50238c9-A120a28a3", "action": "expand", "doclen": 1395, "score": 19.424689902658525}
{"type": "StanceClicked", "timestamp": "2025-06-26T11:51:27.075Z", "sessionID": "a7e6e44b-4a68-4828-95f9-889d45e54e25", "rank": "4", "stance": "con", "action": "chooseStance", "doc": "Sc50238c9-A120a28a3", "doclen": 1395, "score": 19.424689902658525}
{"type": "toggleArgument", "timestamp": "2025-06-26T11:51:32.252Z", "sessionID": "a7e6e44b-4a68-4828-95f9-889d45e54e25", "rank": "3", "doc": "Sd1785a48-Ad70709ef", "action": "expand", "doclen": 466, "score": 14.192896163681537}
{"type": "queryBoxFocused", "timestamp": "2025-06-26T11:51:38.270Z", "sessionID": "a7e6e44b-4a68-4828-95f9-889d45e54e25"}
{"type": "querySubmitted", "timestamp": "2025-06-26T11:51:45.765Z", "sessionID": "a7e6e44b-4a68-4828-95f9-889d45e54e25", "query": "chances university"}
{"docno": "Sfbffb5a1-A99c02972", "score": 15.956790462184589}
{"docno": "S754dcde9-Aae4a03e1", "score": 15.446541024431738}
{"docno": "Sfbffb5a1-A64ba8bc3", "score": 15.44066963242493}
{"docno": "S7cd8a130-Afebcdc34", "score": 15.068160239658367}
{"docno": "Sfbffb5a1-Ade1a8adb", "score": 14.910645051821017}
{"docno": "S44ad13d7-Ac17ec6c6", "score": 14.90631369097413}
{"docno": "S7772d79a-A9dfb6ed1", "score": 14.753733773384406}
{"docno": "Sfa052aa9-A5170546f", "score": 14.737095400398076}
{"docno": "S375d7ae8-Ab1eced8d", "score": 14.579579721802585}
{"docno": "Sa9ac7eb9-Acec73742", "score": 14.517544762190163}
{"docno": "Sba0c1ce3-A409a4d87", "score": 14.49794250481376}
{"docno": "S1066a920-Ad67527c", "score": 14.403958754120168}
{"docno": "S1fad6ae1-Ab79c1e4e", "score": 14.348902645062793}
{"docno": "S43c9cd19-Ad8b89b88", "score": 14.342555586494736}
{"docno": "S1b4cdc04-A6d4e5828", "score": 14.209253047456375}
{"docno": "Sddd0874a-Af82e9d9a", "score": 14.195928473064896}
{"docno": "Sdda6f484-A290fb3ed", "score": 13.903684215540963}
{"docno": "S6d6496ee-A4820b5d", "score": 13.892731264824288}
{"docno": "S59d12ce4-A72fa087e", "score": 13.881360036090078}
{"docno": "S7772d79a-A272d03e0", "score": 13.86904868332251}
{"docno": "S7406b392-Af183edf5", "score": 13.79827999377458}
{"docno": "S8c2180bd-A1865dcb2", "score": 13.714826640310928}
{"docno": "Sf99e716-Aeeaea871", "score": 13.652169725040036}
{"docno": "S8c380d91-A7dcfb1af", "score": 13.563567886379552}
{"docno": "Sb754b643-A9fca9775", "score": 13.555473813230275}
{"docno": "Sfbffb5a1-Afd53f31f", "score": 13.532410204985872}
{"docno": "S7cd8a130-Ae85850ec", "score": 13.499139749661447}
{"docno": "Sff1747c5-A2c3f4708", "score": 13.461062137237569}
{"docno": "S754dcde9-Abfd4034", "score": 13.455162281643478}
{"docno": "Sb95a635-Aecb90228", "score": 13.413068249242418}
{"docno": "S3dfdebc0-A55511c85", "score": 13.369981669940604}
{"docno": "Sb579b397-Ad985746f", "score": 13.369078809341577}
{"docno": "S3af77c68-Aef329fab", "score": 13.18702124190018}
{"docno": "Sef112c15-A21dfd6c", "score": 13.085862976074235}
{"docno": "Sb569dc22-A63a02f07", "score": 13.058328287600617}
{"docno": "S6e856b40-Ac2bf0e79", "score": 13.041062446240929}
{"docno": "Sd4b026e3-A61674ba1", "score": 12.943493491785546}
{"docno": "S1e44a13d-Af17c5f08", "score": 12.933489164410839}
{"docno": "Sa19d8daf-Acc00d556", "score": 12.913311209183416}
{"docno": "S9f718cba-Afaa63ea7", "score": 12.905307309196122}
{"docno": "S7772d79a-Ad775fa47", "score": 12.861270210382084}
{"docno": "Sfa052aa9-A88aa99a2", "score": 12.851812634752605}
{"docno": "Sab43f012-A56aff293", "score": 12.84762685994838}
{"docno": "S6e856b40-Ab71b590f", "score": 12.819213309352914}
{"docno": "S112baef2-Affd7fed4", "score": 12.810957821376952}
{"docno": "Sdc2a1d1b-Aea3800ce", "score": 12.808850596334459}
{"docno": "Sbbc66e6-Aeb40422d", "score": 12.808333650167688}
{"docno": "Sb3171aa4-Ab625858c", "score": 12.778927060662788}
{"docno": "Sba807264-A5a47ebfd", "score": 12.771390445530303}
{"docno": "Saae9ae5-A5f4b7cfc", "score": 12.717335987608724}
{"docno": "Sff1747c5-A990de93d", "score": 12.69613139689041}
{"docno": "S11792d2d-A93730df4", "score": 12.669700427931524}
{"docno": "Sa439c84e-A2c0553cc", "score": 12.659309694919152}
{"docno": "Scf185234-A521da20b", "score": 12.618693702635152}
{"docno": "S5f37b2d8-A5fb1e4de", "score": 12.614564393998943}
{"docno": "S26a76c25-A23594f1b", "score": 12.592662290690708}
{"docno": "Se3f93a3a-A152ada38", "score": 12.536907174850892}
{"docno": "S91b0e74e-A8295ff0b", "score": 12.525964107939089}
{"docno": "Sf39fd24c-A59e6976e", "score": 12.430548465421651}
{"docno": "S80401299-Affa9366f", "score": 12.428364918628073}
{"docno": "Sdb812f06-A5dc8e83a", "score": 12.377729511201098}
{"docno": "S26a76c25-A86a46836", "score": 12.364998815350784}
{"docno": "Sd9cff39b-Ab863a3d3", "score": 12.35094163933488}
{"docno": "S61904ec7-Acc2833f8", "score": 12.304653323724047}
{"docno": "Se2ff36da-A2a6b06b4", "score": 12.302235778997677}
{"docno": "S6c4ce4e7-Acb883361", "score": 12.272660998701868}
{"docno": "Se1fda933-A1b918f96", "score": 12.24449195366103}
{"docno": "S934d21d3-A63920d5a", "score": 12.207737796239586}
{"docno": "S15948a-A4e5a9391", "score": 12.191015867537564}
{"docno": "Sfbffb5a1-A898658c", "score": 12.19055445098511}
{"docno": "Sb754b643-A62482ffa", "score": 12.153941074852794}
{"docno": "S119cd897-A9d2f6848", "score": 12.131715549360969}
{"docno": "S578b80b7-A2d7642f3", "score": 12.104328215627202}
{"docno": "Sf77b249-A85e847b7", "score": 12.099055513410606}
{"docno": "S4498dd60-Ae5d649c1", "score": 12.09090754701626}
{"docno": "S5b78fba0-Ae78582a4", "score": 12.082034571598044}
{"docno": "Se7e53eb6-Ad4fc4a1b", "score": 12.051164003490364}
{"docno": "S6ae5f4fa-A48d6c50f", "score": 12.002376925051724}
{"docno": "Sfa052aa9-Acd210c38", "score": 12.000763420848417}
{"docno": "Sea949c31-A6590b76c", "score": 11.996998054838533}
{"docno": "S938f3789-A58301763", "score": 11.968626830270512}
{"docno": "S13e3957d-Ad5a9e7c9", "score": 11.93886276840831}
{"docno": "S4a949ab7-A67f367a5", "score": 11.932262038324621}
{"docno": "S91b35e99-A7b8042c6", "score": 11.89919553549398}
{"docno": "S938f37a8-A2c4ecefa", "score": 11.856278898435825}
{"docno": "Sa76b7e0f-Ac6457c5b", "score": 11.846663916899772}
{"docno": "S208a3097-Ac205cbe4", "score": 11.830466228799397}
{"docno": "Sfa052a6b-Af1161abd", "score": 11.80461256342307}
{"docno": "Sc66bb9b8-A32ba57a3", "score": 11.776454928746059}
{"docno": "S43a64adb-A4644039", "score": 11.776454928746059}
{"docno": "S1ce87f42-A7e555e81", "score": 11.74892210239544}
{"docno": "S83389a8d-Ad1b6890a", "score": 11.737558964625375}
{"docno": "S66744acf-A6dd1139d", "score": 11.734036521065573}
{"docno": "S2f2a2b21-A6aff451e", "score": 11.72206783200058}
{"docno": "S9eb2b5a8-Adf452b48", "score": 11.693920946258686}
{"docno": "S7cd8ac73-A1ea84705", "score": 11.623276159458698}
{"docno": "S93acda88-Ae0d03cb6", "score": 11.589645506752792}
{"docno": "Sfa052a8a-Ad656dc6e", "score": 11.540375967066556}
{"docno": "S6ddd189b-A46fd0305", "score": 11.538159213521471}
{"docno": "Sdb812f06-Ad2ba0e46", "score": 11.518015117619374}
{"type": "queryBoxFocused", "timestamp": "2025-06-26T11:51:57.689Z", "sessionID": "a7e6e44b-4a68-4828-95f9-889d45e54e25"}
{"type": "querySubmitted", "timestamp": "2025-06-26T11:52:15.197Z", "sessionID": "a7e6e44b-4a68-4828-95f9-889d45e54e25", "query": "university college"}
{"docno": "S56ad9029-Af475afe4", "score": 18.89347560712784}
{"docno": "S3e420ef6-Af2ce0416", "score": 18.304693903436675}
{"docno": "Se2c8913f-Af8290257", "score": 17.942612159496697}
{"docno": "S56ad9029-A5f6c0408", "score": 17.81666561956677}
{"docno": "Sda0a060-Abe4e5b5a", "score": 17.49341149616567}
{"docno": "Sa55b74e3-A4d2b0725", "score": 17.356132535631964}
{"docno": "S1e44a13d-A50b42cff", "score": 17.32459147494732}
{"docno": "S912e5771-A21e68fd5", "score": 17.15635557934045}
{"docno": "S20dc5881-A6d6ed08f", "score": 17.089933405198835}
{"docno": "Sd8f0bd3-Af00f0679", "score": 17.085126067619008}
{"docno": "S1f0fbede-A7b0a2af9", "score": 17.005305240372685}
{"docno": "S5862fffc-A18dbafe4", "score": 16.953621001717362}
{"docno": "S844ad89d-A11f2c19c", "score": 16.92516734657275}
{"docno": "Sc2daa9b1-A592b020f", "score": 16.920294049411122}
{"docno": "S5de23673-Ae2c7982", "score": 16.901188710139458}
{"docno": "S4815e887-Acd309c2f", "score": 16.85398452423185}
{"docno": "S5de23673-A52f86e4a", "score": 16.826457252978084}
{"docno": "Sdfe65544-A55d41844", "score": 16.74835495416794}
{"docno": "Sd246af75-A930dadc2", "score": 16.741630618448877}
{"docno": "S96a4cec1-A9014a16f", "score": 16.620553960578544}
{"docno": "S2ea519c-A923ad8d0", "score": 16.564086751222842}
{"docno": "S37d99e29-A28fb5662", "score": 16.405516450492396}
{"docno": "S8886ab2d-Ab016b992", "score": 16.384161133671974}
{"docno": "Sc6849325-A6b873a01", "score": 16.293516995321365}
{"docno": "S56ad9029-Aaf597ece", "score": 16.26972850766206}
{"docno": "Se71b0b3a-Addb3921a", "score": 16.235421639379823}
{"docno": "S19e647b-A30c15506", "score": 16.196343675945144}
{"docno": "S2ea519c-Ad0b1991d", "score": 16.180960282461367}
{"docno": "Sc96f5f4a-A98aa8137", "score": 16.13635940911782}
{"docno": "Sb1f857c7-A39f9b336", "score": 16.04793284469814}
{"docno": "S56ad9029-A4394a36b", "score": 16.045749992374642}
{"docno": "S9838f3db-A427b9839", "score": 16.029702992058194}
{"docno": "S1ce229d0-A7ac1dd7f", "score": 15.957300798763903}
{"docno": "S23e3f28-Abbb19c35", "score": 15.870645984750311}
{"docno": "S1e44a13d-Ac1462c76", "score": 15.811077155655578}
{"docno": "S6ae5f4fa-A48d6c50f", "score": 15.776578338064985}
{"docno": "S56ad9029-Ab3d5427e", "score": 15.771575505560177}
{"docno": "S478eb192-A1e636d3a", "score": 15.734800005770532}
{"docno": "S9838f3db-A9c1080bb", "score": 15.697647099035418}
{"docno": "S27aba745-A2ae54b54", "score": 15.675293815842863}
{"docno": "S2e6aa8d5-A89edb933", "score": 15.486439248255323}
{"docno": "S9838f3db-A4031502d", "score": 15.478301466997333}
{"docno": "S6713cf15-A91c5b9", "score": 15.464893207012855}
{"docno": "Sf33d735-A9f91ff96", "score": 15.450596738852473}
{"docno": "Se79cf3ec-A1469150f", "score": 15.448260134064551}
{"docno": "S19ab2478-A9733101e", "score": 15.448012651923964}
{"docno": "Sb7e5c696-A601b22de", "score": 15.446797156801175}
{"docno": "S27aba745-A1dd96f7c", "score": 15.44609085691042}
{"docno": "Sdabcc311-A8e7d1f8", "score": 15.417502387424978}
{"docno": "S84b40df5-A8ed8d5b5", "score": 15.399274523165726}
{"docno": "Sdabcc311-Ab38b2224", "score": 15.36225574521698}
{"docno": "Sb4f2e2af-A6b1bd141", "score": 15.348414479559777}
{"docno": "Scc59774d-A78b0b959", "score": 15.329964859557066}
{"docno": "S70e98e44-A67a96548", "score": 15.283131849384677}
{"docno": "S23e3f28-A1535671c", "score": 15.235892944933031}
{"docno": "S71fdfa0c-Ae02d42f9", "score": 15.227284730730105}
{"docno": "S5178b74b-A741bd0ec", "score": 15.211202074943808}
{"docno": "S19ab2478-A4cb32dba", "score": 15.206110245001945}
{"docno": "Sc797fa1a-Aa0ad8873", "score": 15.206110245001945}
{"docno": "S844ad89d-A7cc467d2", "score": 15.080079261393504}
{"docno": "Sda08f73b-A43ba0bfd", "score": 15.027987972911852}
{"docno": "S844ad89d-A9cc40e8d", "score": 15.027336933335304}
{"docno": "S5de23673-A485e1cb6", "score": 15.02512670546625}
{"docno": "S2518c6cb-Aa5ef462e", "score": 14.984571839669597}
{"docno": "S61bc6a94-A7b2601f7", "score": 14.984571839669597}
{"docno": "S1db3eaf8-Aba49b8fc", "score": 14.978859134340883}
{"docno": "Sc7831446-Aba49b8fc", "score": 14.978859134340883}
{"docno": "Se81cbf1f-Ad559865c", "score": 14.921016616680221}
{"docno": "Se81cbf00-Ad559865c", "score": 14.921016616680221}
{"docno": "S5495d3a1-A95780718", "score": 14.89829542286991}
{"docno": "S349f041e-Ad673fae6", "score": 14.865703753995032}
{"docno": "Sa4203885-A3a713536", "score": 14.847842113261423}
{"docno": "S53650067-A97fe6116", "score": 14.847842113261423}
{"docno": "S9a67769f-A1e1d780a", "score": 14.831117903554667}
{"docno": "Sab3e066e-A7d1bec66", "score": 14.825834239956114}
{"docno": "S5cd1966b-Acbf75b91", "score": 14.817384875395089}
{"docno": "S5346a370-A441f2f4a", "score": 14.753999193032708}
{"docno": "S94e3433f-A7554d49", "score": 14.649353505117993}
{"docno": "S50689d14-A315eefcc", "score": 14.643960862793001}
{"docno": "Sbc93daf7-A75ccea1a", "score": 14.579925646699962}
{"docno": "Sad5628d1-Afc9139e2", "score": 14.564106681793442}
{"docno": "S56d7945a-A13586b6f", "score": 14.535551758004722}
{"docno": "Sb233e2c5-A399fa821", "score": 14.47947393387475}
{"docno": "Sfbe9a864-Ac3262442", "score": 14.443117294894783}
{"docno": "S349f043d-A296f757c", "score": 14.428735961142802}
{"docno": "S5f4eb8e0-A7b10c89f", "score": 14.323478602752878}
{"docno": "S5cd1966b-A9951d97d", "score": 14.31339938712776}
{"docno": "S7b42d0-A2880cdfc", "score": 14.310003688604933}
{"docno": "Sd002be94-A3d5f97ce", "score": 14.284126288349647}
{"docno": "S2e6aa8d5-Ab1753481", "score": 14.21026655448729}
{"docno": "Sebe19fb2-A9beac716", "score": 14.201400976574194}
{"docno": "Sb4f2e2af-Ace3cd902", "score": 14.12181836409565}
{"docno": "Sc29734a-Ae3006e35", "score": 14.11443861469191}
{"docno": "Sc69ed293-A9cccb130", "score": 14.10799211190193}
{"docno": "S2ea519c-A1975fa49", "score": 14.10799211190193}
{"docno": "Sb94bea1a-A72905dc8", "score": 14.093602043600136}
{"docno": "Sb94bea39-A72905dc8", "score": 14.093602043600136}
{"docno": "Sb38a694-A9bd1ae44", "score": 14.090185620255848}
{"docno": "S472d8abe-A8d8336ee", "score": 14.043284606262908}
{"docno": "Sc8c3541d-A89972709", "score": 14.02808673345093}
{"type": "toggleArgument", "timestamp": "2025-06-26T11:52:22.371Z", "sessionID": "a7e6e44b-4a68-4828-95f9-889d45e54e25", "rank": "4", "doc": "S56ad9029-A5f6c0408", "action": "expand", "doclen": 1149, "score": 16.966503791917432}
{"type": "StanceClicked", "timestamp": "2025-06-26T11:52:57.757Z", "sessionID": "a7e6e44b-4a68-4828-95f9-889d45e54e25", "rank": "4", "stance": "con", "action": "chooseStance", "doc": "S56ad9029-A5f6c0408", "doclen": 1149, "score": 16.966503791917432}
{"type": "toggleArgument", "timestamp": "2025-06-26T11:53:03.949Z", "sessionID": "a7e6e44b-4a68-4828-95f9-889d45e54e25", "rank": "5", "doc": "Sda0a060-Abe4e5b5a", "action": "expand", "doclen": 2378, "score": 12.908949224443546}
{"type": "toggleArgument", "timestamp": "2025-06-26T11:54:03.654Z", "sessionID": "a7e6e44b-4a68-4828-95f9-889d45e54e25", "rank": "7", "doc": "S1e44a13d-A50b42cff", "action": "expand", "doclen": 741, "score": 13.576160099929574}
{"type": "queryBoxFocused", "timestamp": "2025-06-26T11:54:11.944Z", "sessionID": "a7e6e44b-4a68-4828-95f9-889d45e54e25"}
{"type": "ClickedEndTask", "timestamp": "2025-06-26T11:54:18.934Z", "sessionID": "a7e6e44b-4a68-4828-95f9-889d45e54e25"}
{"type": "TaskEndConfirmed", "timestamp": "2025-06-26T11:54:22.350Z", "sessionID": "a7e6e44b-4a68-4828-95f9-889d45e54e25"}
{"type": "TaskEnded", "timestamp": "2025-06-26T11:55:48.582Z", "sessionID": "a7e6e44b-4a68-4828-95f9-889d45e54e25", "reason": "didn't found new articles after a few queries tried. Always got \"universe\" instead of \"university\" - annoying.", "translated_reason": "Didn't Found New Articles After A Few Queries Tried. Always got \"Uneverse\" Instead of \"University\" - Annoying."}
