{"type": "idSubmitted", "timestamp": "2025-06-26T10:05:52.955Z", "sessionID": "dd0a5bfa-f6c8-44a3-b882-65b643526c78", "uid": "Participant20"}
{"type": "TaskStarted", "timestamp": "2025-06-26T10:08:35.483Z", "sessionID": "dd0a5bfa-f6c8-44a3-b882-65b643526c78", "task": "1", "uid": "Participant20", "topic": "Is golf a sport?"}
{"type": "queryBoxFocused", "timestamp": "2025-06-26T10:08:42.206Z", "sessionID": "dd0a5bfa-f6c8-44a3-b882-65b643526c78"}
{"type": "querySubmitted", "timestamp": "2025-06-26T10:08:49.404Z", "sessionID": "dd0a5bfa-f6c8-44a3-b882-65b643526c78", "query": "is golf a sport"}
{"docno": "Sf6c3ab3f-A5270390c", "score": 29.978330681414043}
{"docno": "Sedab086a-A37f9df85", "score": 29.71757419080075}
{"docno": "S331dbe36-A48e81bc", "score": 29.145102985237955}
{"docno": "Sedab086a-A1b2b69e2", "score": 28.920567414368705}
{"docno": "Sbb04abe6-A43a15a87", "score": 28.443367140073505}
{"docno": "Sa452c48c-Ab569c84b", "score": 28.211150561792344}
{"docno": "S331dbe36-A1ab1fd44", "score": 28.03281319144245}
{"docno": "Sbb04abe6-A259c1dbe", "score": 28.0199431461304}
{"docno": "Sa2449587-A25a1c8d9", "score": 27.65088449546055}
{"docno": "Sedab086a-Aaf256b9f", "score": 27.55053640744842}
{"docno": "S8b62fc9c-Ac812f68d", "score": 27.401732498118616}
{"docno": "Sedab08a8-A58c94516", "score": 27.29211087248064}
{"docno": "S331dbe36-Aec018aad", "score": 27.153319709893687}
{"docno": "S2c13cc23-A46f62d8e", "score": 27.02320270406765}
{"docno": "S2c13cc23-Add292560", "score": 26.90063496454727}
{"docno": "S2e6a0d7e-A29ba3240", "score": 26.80123269368318}
{"docno": "S953298b6-Abb3af4da", "score": 26.766751370571804}
{"docno": "S2c13cc23-A7e1fbc18", "score": 26.707333804794153}
{"docno": "Sedab08a8-Adbc335b1", "score": 26.602538768156485}
{"docno": "S6b8ef422-A839e2339", "score": 26.601875105716417}
{"docno": "S7768222e-Aaf80531e", "score": 26.579599923009674}
{"docno": "Sa452c48c-Acc9c056b", "score": 26.35315915157225}
{"docno": "Sa2449587-A91a8f588", "score": 26.30690806821252}
{"docno": "Sedab08a8-A537c0a9", "score": 26.191826887777815}
{"docno": "Sf6c3ab3f-Aa5065996", "score": 26.097122253945834}
{"docno": "S331dbe36-A2e2c0f7b", "score": 25.633592405927683}
{"docno": "Sedab08a8-Aeb15fa1e", "score": 25.52524433454655}
{"docno": "S7768222e-Adc0338c6", "score": 25.499759261826973}
{"docno": "Sbb04abe6-A1fdac81c", "score": 25.35083133345848}
{"docno": "S3bbff083-A973e1dc1", "score": 25.015873637765917}
{"docno": "S2e6a0d7e-Aa4f9459c", "score": 24.94255739540531}
{"docno": "S953298b6-A4a07f2b0", "score": 24.835875245754053}
{"docno": "Sbb04abe6-Ae1a368b3", "score": 24.75988652655137}
{"docno": "S4b7e0d28-A4dac6729", "score": 24.558961014946256}
{"docno": "Sbb04abe6-Af6db3e8c", "score": 24.283799527142847}
{"docno": "Sc788fb1e-Aa1263f4b", "score": 24.164080293650954}
{"docno": "Se6368605-A5e129da8", "score": 24.02986448573475}
{"docno": "S2c13cc23-A74c4a0a9", "score": 23.74002250562861}
{"docno": "Sc788fb1e-Afd64b6f5", "score": 23.720530234211772}
{"docno": "Sb032fa0a-A75c4305e", "score": 23.593151778588844}
{"docno": "Se0aece74-A7d49da2e", "score": 23.5589444801658}
{"docno": "Sa452c48c-A29b70081", "score": 23.51862735595489}
{"docno": "S2a05382b-A15703c24", "score": 23.362484202856024}
{"docno": "S90199824-A7b633475", "score": 23.169336274264715}
{"docno": "Sedab086a-Af53202c8", "score": 23.062825759951657}
{"docno": "S331dbe36-A3a12ced6", "score": 23.012483127286778}
{"docno": "Sd6baaaf1-Aaba8db06", "score": 23.012483127286778}
{"docno": "S3bbff083-A1a7b35e0", "score": 22.957288115608087}
{"docno": "S1329642e-A82164ba7", "score": 22.904370180073514}
{"docno": "S126ee163-Acaa0b143", "score": 22.272767627715833}
{"docno": "Sc788fb1e-A6fea4bae", "score": 21.989538067396467}
{"docno": "S1979ed8c-Ac75bf086", "score": 21.896701595253006}
{"docno": "S8d55788c-A5f25e10c", "score": 21.79431233626059}
{"docno": "S49f41610-A8cc85730", "score": 20.85304885252627}
{"docno": "S414e4d8a-A270215e4", "score": 20.801162642592985}
{"docno": "Sa452c48c-A1e0098da", "score": 20.529063825494454}
{"docno": "Sbb04abe6-A1f2d303c", "score": 20.308694675025272}
{"docno": "Se183e945-A75e1f251", "score": 20.093679132452316}
{"docno": "S6b1404b6-A482bb169", "score": 20.071585044712684}
{"docno": "Sf81067da-A3a444651", "score": 20.043064150725485}
{"docno": "S4a6f90c3-Af5da9913", "score": 19.224884138334634}
{"docno": "Sc1132701-Abfda72fd", "score": 19.178461366831087}
{"docno": "S181c69f4-A45d96941", "score": 19.153867775345542}
{"docno": "S6e6e5f05-A61a28d73", "score": 19.106681523084625}
{"docno": "S703f21a3-A8613642c", "score": 18.536856926967538}
{"docno": "S895fbbe-A73ed9401", "score": 18.196635729741935}
{"docno": "S46ffef62-Adbed43d1", "score": 18.040076841360865}
{"docno": "Sc82afe8b-A23f0e7af", "score": 17.882381747157584}
{"docno": "S3c6a4e0b-A26d4a53c", "score": 17.67144983548323}
{"docno": "S1d13f9d6-A3fe8d2d7", "score": 17.460315903718374}
{"docno": "Sa7e99083-Abf0948fb", "score": 17.403527815344212}
{"docno": "S31ff7b7c-Adac937e1", "score": 17.31215079759271}
{"docno": "Sa452c48c-Ac303d3e9", "score": 17.260709820824452}
{"docno": "S66d8c001-A1cba39ed", "score": 17.083738637487674}
{"docno": "S8b8b07a3-A25b80870", "score": 17.068126717873035}
{"docno": "S5300fb1f-A18c42bf1", "score": 16.774028229094544}
{"docno": "Sdf011769-A8f1cd34f", "score": 16.747755134043498}
{"docno": "Se2ff8b36-A3b7d140c", "score": 16.643454586940884}
{"docno": "S2c83497d-Abed0b1c3", "score": 16.52024387716689}
{"docno": "S7c6ed51a-Ae1dbdf41", "score": 16.42669208549927}
{"docno": "Sa023e538-A4fdad5a0", "score": 16.42668884809746}
{"docno": "S600a7bc8-A3325400f", "score": 16.377896766600543}
{"docno": "Se45937fc-Aace09536", "score": 16.3343314982502}
{"docno": "Se45937fc-A8b0d666d", "score": 16.164637020803653}
{"docno": "S7a067c79-A41b493d8", "score": 16.070652915734193}
{"docno": "S5c626591-A70b988b9", "score": 16.06112609871988}
{"docno": "Sb5eb4943-A85a43376", "score": 16.03334993387821}
{"docno": "S600a7bc8-Aefdad0d5", "score": 15.907279084425783}
{"docno": "Sd38a910d-Aefa3eb7d", "score": 15.756034043383671}
{"docno": "S4b7e0d28-A24615a3b", "score": 15.402093599016561}
{"docno": "S91ff9f85-A50ab6d43", "score": 15.348036843097017}
{"docno": "Sa8e02fd0-A91dba982", "score": 15.177762838835008}
{"docno": "Sdf011769-A15b1244c", "score": 15.172812596876936}
{"docno": "Sb88bdc7a-A92a9fbff", "score": 15.031546787447361}
{"docno": "Sd6ef599d-Ab32f3ffe", "score": 15.024015260697233}
{"docno": "S126ee163-A51cb1220", "score": 14.907975840511774}
{"docno": "Se44eb5a8-A75788a93", "score": 14.861895960331413}
{"docno": "S2e6a0d7e-Abd7a09b", "score": 14.677521893179199}
{"docno": "S3bb42b3a-A9a43090b", "score": 14.677521893179199}
{"docno": "Sec460533-A1147d39b", "score": 14.515468335282941}
{"type": "toggleArgument", "timestamp": "2025-06-26T10:08:59.228Z", "sessionID": "dd0a5bfa-f6c8-44a3-b882-65b643526c78", "rank": "1", "doc": "Sf6c3ab3f-A5270390c", "action": "expand", "doclen": 420, "score": 29.978330681414043}
{"type": "StanceClicked", "timestamp": "2025-06-26T10:09:14.292Z", "sessionID": "dd0a5bfa-f6c8-44a3-b882-65b643526c78", "rank": "1", "stance": "pro", "action": "chooseStance", "doc": "Sf6c3ab3f-A5270390c", "doclen": 420, "score": 29.978330681414043}
{"type": "toggleArgument", "timestamp": "2025-06-26T10:09:21.340Z", "sessionID": "dd0a5bfa-f6c8-44a3-b882-65b643526c78", "rank": "2", "doc": "Sedab086a-A37f9df85", "action": "expand", "doclen": 478, "score": 29.71757419080075}
{"type": "toggleArgument", "timestamp": "2025-06-26T10:09:28.989Z", "sessionID": "dd0a5bfa-f6c8-44a3-b882-65b643526c78", "rank": "2", "doc": "Sedab086a-A37f9df85", "action": "reduce", "doclen": 478, "score": 29.71757419080075}
{"type": "toggleArgument", "timestamp": "2025-06-26T10:09:29.949Z", "sessionID": "dd0a5bfa-f6c8-44a3-b882-65b643526c78", "rank": "2", "doc": "Sedab086a-A37f9df85", "action": "expand", "doclen": 478, "score": 29.71757419080075}
{"type": "StanceClicked", "timestamp": "2025-06-26T10:09:38.589Z", "sessionID": "dd0a5bfa-f6c8-44a3-b882-65b643526c78", "rank": "2", "stance": "pro", "action": "chooseStance", "doc": "Sedab086a-A37f9df85", "doclen": 478, "score": 29.71757419080075}
{"type": "queryBoxFocused", "timestamp": "2025-06-26T10:09:46.087Z", "sessionID": "dd0a5bfa-f6c8-44a3-b882-65b643526c78"}
{"type": "querySubmitted", "timestamp": "2025-06-26T10:09:55.189Z", "sessionID": "dd0a5bfa-f6c8-44a3-b882-65b643526c78", "query": "sport definition golf"}
{"docno": "Sedab086a-A1b2b69e2", "score": 34.76719814988719}
{"docno": "Sf6c3ab3f-A5270390c", "score": 34.06564385927731}
{"docno": "Sa452c48c-Ab569c84b", "score": 33.18943282959117}
{"docno": "S331dbe36-A48e81bc", "score": 33.12833419163472}
{"docno": "S6b8ef422-A839e2339", "score": 32.55131212244128}
{"docno": "Sedab086a-Aaf256b9f", "score": 32.09991063066309}
{"docno": "Sbb04abe6-A43a15a87", "score": 31.68392215358459}
{"docno": "Sa452c48c-Acc9c056b", "score": 30.765499602413712}
{"docno": "S2c13cc23-A7e1fbc18", "score": 30.260753794409034}
{"docno": "Sbb04abe6-A1fdac81c", "score": 30.0428985856498}
{"docno": "Sedab086a-A37f9df85", "score": 29.71757419080075}
{"docno": "S2a05382b-A15703c24", "score": 28.569278933627594}
{"docno": "S331dbe36-A1ab1fd44", "score": 28.03281319144245}
{"docno": "Sbb04abe6-A259c1dbe", "score": 28.0199431461304}
{"docno": "Sd6baaaf1-Aaba8db06", "score": 27.749654142308614}
{"docno": "Sa2449587-A25a1c8d9", "score": 27.65088449546055}
{"docno": "S8b62fc9c-Ac812f68d", "score": 27.401732498118616}
{"docno": "Sedab08a8-A58c94516", "score": 27.29211087248064}
{"docno": "S331dbe36-Aec018aad", "score": 27.153319709893687}
{"docno": "S2c13cc23-A46f62d8e", "score": 27.02320270406765}
{"docno": "S2c13cc23-Add292560", "score": 26.90063496454727}
{"docno": "S2e6a0d7e-A29ba3240", "score": 26.80123269368318}
{"docno": "S953298b6-Abb3af4da", "score": 26.766751370571804}
{"docno": "Sb032fa0a-A75c4305e", "score": 26.736795237101838}
{"docno": "Sc788fb1e-A6fea4bae", "score": 26.657710160118743}
{"docno": "Sedab08a8-Adbc335b1", "score": 26.602538768156485}
{"docno": "S7768222e-Aaf80531e", "score": 26.579599923009674}
{"docno": "Sbb04abe6-Af6db3e8c", "score": 26.46328587018874}
{"docno": "Sa2449587-A91a8f588", "score": 26.30690806821252}
{"docno": "Sedab08a8-A537c0a9", "score": 26.191826887777815}
{"docno": "Sf6c3ab3f-Aa5065996", "score": 26.097122253945834}
{"docno": "S331dbe36-A2e2c0f7b", "score": 25.633592405927683}
{"docno": "S1979ed8c-Ac75bf086", "score": 25.61925097497715}
{"docno": "Sedab08a8-Aeb15fa1e", "score": 25.52524433454655}
{"docno": "S7768222e-Adc0338c6", "score": 25.499759261826973}
{"docno": "S3bbff083-A973e1dc1", "score": 25.015873637765917}
{"docno": "S2e6a0d7e-Aa4f9459c", "score": 24.94255739540531}
{"docno": "S953298b6-A4a07f2b0", "score": 24.835875245754053}
{"docno": "Sbb04abe6-Ae1a368b3", "score": 24.75988652655137}
{"docno": "S4b7e0d28-A4dac6729", "score": 24.558961014946256}
{"docno": "Sbb04abe6-A1f2d303c", "score": 24.479037233516486}
{"docno": "S414e4d8a-A270215e4", "score": 24.416173956771818}
{"docno": "Sc788fb1e-Aa1263f4b", "score": 24.164080293650954}
{"docno": "Se6368605-A5e129da8", "score": 24.02986448573475}
{"docno": "Sf81067da-A3a444651", "score": 23.994357609514832}
{"docno": "Sc1132701-Abfda72fd", "score": 23.905980526993087}
{"docno": "S2c13cc23-A74c4a0a9", "score": 23.74002250562861}
{"docno": "Sc788fb1e-Afd64b6f5", "score": 23.720530234211772}
{"docno": "Se0aece74-A7d49da2e", "score": 23.5589444801658}
{"docno": "Se183e945-A75e1f251", "score": 23.548982010513175}
{"docno": "Sa452c48c-A29b70081", "score": 23.51862735595489}
{"docno": "S90199824-A7b633475", "score": 23.169336274264715}
{"docno": "Sa452c48c-A1e0098da", "score": 23.09251322912487}
{"docno": "Sedab086a-Af53202c8", "score": 23.062825759951657}
{"docno": "S331dbe36-A3a12ced6", "score": 23.012483127286778}
{"docno": "S181c69f4-A45d96941", "score": 22.97993916428947}
{"docno": "S3bbff083-A1a7b35e0", "score": 22.957288115608087}
{"docno": "S1329642e-A82164ba7", "score": 22.904370180073514}
{"docno": "S126ee163-Acaa0b143", "score": 22.272767627715833}
{"docno": "S703f21a3-A8613642c", "score": 22.195150338487576}
{"docno": "S8d55788c-A5f25e10c", "score": 21.79431233626059}
{"docno": "S1d13f9d6-A3fe8d2d7", "score": 21.05456090347436}
{"docno": "S49f41610-A8cc85730", "score": 20.85304885252627}
{"docno": "S895fbbe-A73ed9401", "score": 20.770630812430575}
{"docno": "S8b8b07a3-A25b80870", "score": 20.581638698366596}
{"docno": "S6b1404b6-A482bb169", "score": 20.071585044712684}
{"docno": "S31ff7b7c-Adac937e1", "score": 19.814097230347638}
{"docno": "Se2ff8b36-A3b7d140c", "score": 19.52637438933988}
{"docno": "Sdf011769-A8f1cd34f", "score": 19.259746295267902}
{"docno": "S4a6f90c3-Af5da9913", "score": 19.224884138334634}
{"docno": "S6e6e5f05-A61a28d73", "score": 19.106681523084625}
{"docno": "S46ffef62-Adbed43d1", "score": 18.040076841360865}
{"docno": "Sc82afe8b-A23f0e7af", "score": 17.882381747157584}
{"docno": "S3c6a4e0b-A26d4a53c", "score": 17.67144983548323}
{"docno": "Sa7e99083-Abf0948fb", "score": 17.403527815344212}
{"docno": "Sa452c48c-Ac303d3e9", "score": 17.260709820824452}
{"docno": "S44db19b-Aab2d1b2f", "score": 17.173667447889564}
{"docno": "Sdf011769-A15b1244c", "score": 17.127595968621147}
{"docno": "S66d8c001-A1cba39ed", "score": 17.083738637487674}
{"docno": "Sbbfa8d2f-A602e7393", "score": 17.057656270130195}
{"docno": "Se44eb5a8-A75788a93", "score": 17.033816758297984}
{"docno": "S283436d1-A7afb47e2", "score": 17.007415145238014}
{"docno": "S3bd1784e-A8cc79ffa", "score": 16.974051375818437}
{"docno": "S158256a-A12548410", "score": 16.854751205830656}
{"docno": "S5300fb1f-A18c42bf1", "score": 16.774028229094544}
{"docno": "Sc82afeaa-A9f093eea", "score": 16.7605988926763}
{"docno": "S97a51368-Aa531d4d3", "score": 16.587934094620437}
{"docno": "S2c83497d-Abed0b1c3", "score": 16.52024387716689}
{"docno": "S7c6ed51a-Ae1dbdf41", "score": 16.42669208549927}
{"docno": "Sa023e538-A4fdad5a0", "score": 16.42668884809746}
{"docno": "S600a7bc8-A3325400f", "score": 16.377896766600543}
{"docno": "Se45937fc-Aace09536", "score": 16.3343314982502}
{"docno": "Sf888e5a8-A781bfc9b", "score": 16.29250370541051}
{"docno": "S1979ed8c-A51955474", "score": 16.249387389588478}
{"docno": "Se45937fc-A8b0d666d", "score": 16.164637020803653}
{"docno": "S7a067c79-A41b493d8", "score": 16.070652915734193}
{"docno": "S5c626591-A70b988b9", "score": 16.06112609871988}
{"docno": "Sb5eb4943-A85a43376", "score": 16.03334993387821}
{"docno": "S97a51368-Ae1915fa0", "score": 15.920826633775835}
{"docno": "S600a7bc8-Aefdad0d5", "score": 15.907279084425783}
{"type": "toggleArgument", "timestamp": "2025-06-26T10:10:01.645Z", "sessionID": "dd0a5bfa-f6c8-44a3-b882-65b643526c78", "rank": "6", "doc": "Sedab086a-Aaf256b9f", "action": "expand", "doclen": 724, "score": 27.55053640744842}
{"type": "pageNavigationClicked", "timestamp": "2025-06-26T10:10:06.837Z", "sessionID": "dd0a5bfa-f6c8-44a3-b882-65b643526c78", "clicked": "3", "fromPage": 1, "toPage": 3}
{"type": "StanceClicked", "timestamp": "2025-06-26T10:10:12.557Z", "sessionID": "dd0a5bfa-f6c8-44a3-b882-65b643526c78", "rank": "23", "stance": "pro", "action": "chooseStance", "doc": "S953298b6-Abb3af4da", "doclen": 815, "score": 26.766751370571804}
{"type": "toggleArgument", "timestamp": "2025-06-26T10:10:17.948Z", "sessionID": "dd0a5bfa-f6c8-44a3-b882-65b643526c78", "rank": "26", "doc": "Sedab08a8-Adbc335b1", "action": "expand", "doclen": 136, "score": 26.602538768156485}
{"type": "toggleArgument", "timestamp": "2025-06-26T10:10:18.973Z", "sessionID": "dd0a5bfa-f6c8-44a3-b882-65b643526c78", "rank": "26", "doc": "Sedab08a8-Adbc335b1", "action": "reduce", "doclen": 136, "score": 26.602538768156485}
{"type": "toggleArgument", "timestamp": "2025-06-26T10:10:19.757Z", "sessionID": "dd0a5bfa-f6c8-44a3-b882-65b643526c78", "rank": "26", "doc": "Sedab08a8-Adbc335b1", "action": "expand", "doclen": 136, "score": 26.602538768156485}
{"type": "pageNavigationClicked", "timestamp": "2025-06-26T10:10:31.486Z", "sessionID": "dd0a5bfa-f6c8-44a3-b882-65b643526c78", "clicked": "5", "fromPage": 3, "toPage": 5}
{"type": "toggleArgument", "timestamp": "2025-06-26T10:10:35.342Z", "sessionID": "dd0a5bfa-f6c8-44a3-b882-65b643526c78", "rank": "41", "doc": "Sbb04abe6-A1f2d303c", "action": "expand", "doclen": 1147, "score": 20.308694675025272}
{"type": "StanceClicked", "timestamp": "2025-06-26T10:10:41.294Z", "sessionID": "dd0a5bfa-f6c8-44a3-b882-65b643526c78", "rank": "41", "stance": "con", "action": "chooseStance", "doc": "Sbb04abe6-A1f2d303c", "doclen": 1147, "score": 20.308694675025272}
{"type": "toggleArgument", "timestamp": "2025-06-26T10:10:45.277Z", "sessionID": "dd0a5bfa-f6c8-44a3-b882-65b643526c78", "rank": "47", "doc": "S2c13cc23-A74c4a0a9", "action": "expand", "doclen": 645, "score": 23.74002250562861}
{"type": "StanceClicked", "timestamp": "2025-06-26T10:10:50.558Z", "sessionID": "dd0a5bfa-f6c8-44a3-b882-65b643526c78", "rank": "47", "stance": "pro", "action": "chooseStance", "doc": "S2c13cc23-A74c4a0a9", "doclen": 645, "score": 23.74002250562861}
{"type": "pageNavigationClicked", "timestamp": "2025-06-26T10:10:52.941Z", "sessionID": "dd0a5bfa-f6c8-44a3-b882-65b643526c78", "clicked": "6", "fromPage": 5, "toPage": 6}
{"type": "toggleArgument", "timestamp": "2025-06-26T10:10:58.582Z", "sessionID": "dd0a5bfa-f6c8-44a3-b882-65b643526c78", "rank": "55", "doc": "S331dbe36-A3a12ced6", "action": "expand", "doclen": 237, "score": 23.012483127286778}
{"type": "queryBoxFocused", "timestamp": "2025-06-26T10:11:08.800Z", "sessionID": "dd0a5bfa-f6c8-44a3-b882-65b643526c78"}
{"type": "querySubmitted", "timestamp": "2025-06-26T10:11:12.679Z", "sessionID": "dd0a5bfa-f6c8-44a3-b882-65b643526c78", "query": "golf sport"}
{"docno": "Sf6c3ab3f-A5270390c", "score": 29.978330681414043}
{"docno": "Sedab086a-A37f9df85", "score": 29.71757419080075}
{"docno": "S331dbe36-A48e81bc", "score": 29.145102985237955}
{"docno": "Sedab086a-A1b2b69e2", "score": 28.920567414368705}
{"docno": "Sbb04abe6-A43a15a87", "score": 28.443367140073505}
{"docno": "Sa452c48c-Ab569c84b", "score": 28.211150561792344}
{"docno": "S331dbe36-A1ab1fd44", "score": 28.03281319144245}
{"docno": "Sbb04abe6-A259c1dbe", "score": 28.0199431461304}
{"docno": "Sa2449587-A25a1c8d9", "score": 27.65088449546055}
{"docno": "Sedab086a-Aaf256b9f", "score": 27.55053640744842}
{"docno": "S8b62fc9c-Ac812f68d", "score": 27.401732498118616}
{"docno": "Sedab08a8-A58c94516", "score": 27.29211087248064}
{"docno": "S331dbe36-Aec018aad", "score": 27.153319709893687}
{"docno": "S2c13cc23-A46f62d8e", "score": 27.02320270406765}
{"docno": "S2c13cc23-Add292560", "score": 26.90063496454727}
{"docno": "S2e6a0d7e-A29ba3240", "score": 26.80123269368318}
{"docno": "S953298b6-Abb3af4da", "score": 26.766751370571804}
{"docno": "S2c13cc23-A7e1fbc18", "score": 26.707333804794153}
{"docno": "Sedab08a8-Adbc335b1", "score": 26.602538768156485}
{"docno": "S6b8ef422-A839e2339", "score": 26.601875105716417}
{"docno": "S7768222e-Aaf80531e", "score": 26.579599923009674}
{"docno": "Sa452c48c-Acc9c056b", "score": 26.35315915157225}
{"docno": "Sa2449587-A91a8f588", "score": 26.30690806821252}
{"docno": "Sedab08a8-A537c0a9", "score": 26.191826887777815}
{"docno": "Sf6c3ab3f-Aa5065996", "score": 26.097122253945834}
{"docno": "S331dbe36-A2e2c0f7b", "score": 25.633592405927683}
{"docno": "Sedab08a8-Aeb15fa1e", "score": 25.52524433454655}
{"docno": "S7768222e-Adc0338c6", "score": 25.499759261826973}
{"docno": "Sbb04abe6-A1fdac81c", "score": 25.35083133345848}
{"docno": "S3bbff083-A973e1dc1", "score": 25.015873637765917}
{"docno": "S2e6a0d7e-Aa4f9459c", "score": 24.94255739540531}
{"docno": "S953298b6-A4a07f2b0", "score": 24.835875245754053}
{"docno": "Sbb04abe6-Ae1a368b3", "score": 24.75988652655137}
{"docno": "S4b7e0d28-A4dac6729", "score": 24.558961014946256}
{"docno": "Sbb04abe6-Af6db3e8c", "score": 24.283799527142847}
{"docno": "Sc788fb1e-Aa1263f4b", "score": 24.164080293650954}
{"docno": "Se6368605-A5e129da8", "score": 24.02986448573475}
{"docno": "S2c13cc23-A74c4a0a9", "score": 23.74002250562861}
{"docno": "Sc788fb1e-Afd64b6f5", "score": 23.720530234211772}
{"docno": "Sb032fa0a-A75c4305e", "score": 23.593151778588844}
{"docno": "Se0aece74-A7d49da2e", "score": 23.5589444801658}
{"docno": "Sa452c48c-A29b70081", "score": 23.51862735595489}
{"docno": "S2a05382b-A15703c24", "score": 23.362484202856024}
{"docno": "S90199824-A7b633475", "score": 23.169336274264715}
{"docno": "Sedab086a-Af53202c8", "score": 23.062825759951657}
{"docno": "S331dbe36-A3a12ced6", "score": 23.012483127286778}
{"docno": "Sd6baaaf1-Aaba8db06", "score": 23.012483127286778}
{"docno": "S3bbff083-A1a7b35e0", "score": 22.957288115608087}
{"docno": "S1329642e-A82164ba7", "score": 22.904370180073514}
{"docno": "S126ee163-Acaa0b143", "score": 22.272767627715833}
{"docno": "Sc788fb1e-A6fea4bae", "score": 21.989538067396467}
{"docno": "S1979ed8c-Ac75bf086", "score": 21.896701595253006}
{"docno": "S8d55788c-A5f25e10c", "score": 21.79431233626059}
{"docno": "S49f41610-A8cc85730", "score": 20.85304885252627}
{"docno": "S414e4d8a-A270215e4", "score": 20.801162642592985}
{"docno": "Sa452c48c-A1e0098da", "score": 20.529063825494454}
{"docno": "Sbb04abe6-A1f2d303c", "score": 20.308694675025272}
{"docno": "Se183e945-A75e1f251", "score": 20.093679132452316}
{"docno": "S6b1404b6-A482bb169", "score": 20.071585044712684}
{"docno": "Sf81067da-A3a444651", "score": 20.043064150725485}
{"docno": "S4a6f90c3-Af5da9913", "score": 19.224884138334634}
{"docno": "Sc1132701-Abfda72fd", "score": 19.178461366831087}
{"docno": "S181c69f4-A45d96941", "score": 19.153867775345542}
{"docno": "S6e6e5f05-A61a28d73", "score": 19.106681523084625}
{"docno": "S703f21a3-A8613642c", "score": 18.536856926967538}
{"docno": "S895fbbe-A73ed9401", "score": 18.196635729741935}
{"docno": "S46ffef62-Adbed43d1", "score": 18.040076841360865}
{"docno": "Sc82afe8b-A23f0e7af", "score": 17.882381747157584}
{"docno": "S3c6a4e0b-A26d4a53c", "score": 17.67144983548323}
{"docno": "S1d13f9d6-A3fe8d2d7", "score": 17.460315903718374}
{"docno": "Sa7e99083-Abf0948fb", "score": 17.403527815344212}
{"docno": "S31ff7b7c-Adac937e1", "score": 17.31215079759271}
{"docno": "Sa452c48c-Ac303d3e9", "score": 17.260709820824452}
{"docno": "S66d8c001-A1cba39ed", "score": 17.083738637487674}
{"docno": "S8b8b07a3-A25b80870", "score": 17.068126717873035}
{"docno": "S5300fb1f-A18c42bf1", "score": 16.774028229094544}
{"docno": "Sdf011769-A8f1cd34f", "score": 16.747755134043498}
{"docno": "Se2ff8b36-A3b7d140c", "score": 16.643454586940884}
{"docno": "S2c83497d-Abed0b1c3", "score": 16.52024387716689}
{"docno": "S7c6ed51a-Ae1dbdf41", "score": 16.42669208549927}
{"docno": "Sa023e538-A4fdad5a0", "score": 16.42668884809746}
{"docno": "S600a7bc8-A3325400f", "score": 16.377896766600543}
{"docno": "Se45937fc-Aace09536", "score": 16.3343314982502}
{"docno": "Se45937fc-A8b0d666d", "score": 16.164637020803653}
{"docno": "S7a067c79-A41b493d8", "score": 16.070652915734193}
{"docno": "S5c626591-A70b988b9", "score": 16.06112609871988}
{"docno": "Sb5eb4943-A85a43376", "score": 16.03334993387821}
{"docno": "S600a7bc8-Aefdad0d5", "score": 15.907279084425783}
{"docno": "Sd38a910d-Aefa3eb7d", "score": 15.756034043383671}
{"docno": "S4b7e0d28-A24615a3b", "score": 15.402093599016561}
{"docno": "S91ff9f85-A50ab6d43", "score": 15.348036843097017}
{"docno": "Sa8e02fd0-A91dba982", "score": 15.177762838835008}
{"docno": "Sdf011769-A15b1244c", "score": 15.172812596876936}
{"docno": "Sb88bdc7a-A92a9fbff", "score": 15.031546787447361}
{"docno": "Sd6ef599d-Ab32f3ffe", "score": 15.024015260697233}
{"docno": "S126ee163-A51cb1220", "score": 14.907975840511774}
{"docno": "Se44eb5a8-A75788a93", "score": 14.861895960331413}
{"docno": "S2e6a0d7e-Abd7a09b", "score": 14.677521893179199}
{"docno": "S3bb42b3a-A9a43090b", "score": 14.677521893179199}
{"docno": "Sec460533-A1147d39b", "score": 14.515468335282941}
{"type": "toggleArgument", "timestamp": "2025-06-26T10:11:20.518Z", "sessionID": "dd0a5bfa-f6c8-44a3-b882-65b643526c78", "rank": "8", "doc": "Sbb04abe6-A259c1dbe", "action": "expand", "doclen": 1540, "score": 28.0199431461304}
{"type": "StanceClicked", "timestamp": "2025-06-26T10:11:26.235Z", "sessionID": "dd0a5bfa-f6c8-44a3-b882-65b643526c78", "rank": "8", "stance": "con", "action": "chooseStance", "doc": "Sbb04abe6-A259c1dbe", "doclen": 1540, "score": 28.0199431461304}
{"type": "toggleArgument", "timestamp": "2025-06-26T10:11:30.363Z", "sessionID": "dd0a5bfa-f6c8-44a3-b882-65b643526c78", "rank": "10", "doc": "Sedab086a-Aaf256b9f", "action": "expand", "doclen": 724, "score": 27.55053640744842}
{"type": "StanceClicked", "timestamp": "2025-06-26T10:11:31.820Z", "sessionID": "dd0a5bfa-f6c8-44a3-b882-65b643526c78", "rank": "10", "stance": "pro", "action": "chooseStance", "doc": "Sedab086a-Aaf256b9f", "doclen": 724, "score": 27.55053640744842}
{"type": "queryBoxFocused", "timestamp": "2025-06-26T10:11:34.941Z", "sessionID": "dd0a5bfa-f6c8-44a3-b882-65b643526c78"}
{"type": "querySubmitted", "timestamp": "2025-06-26T10:11:41.452Z", "sessionID": "dd0a5bfa-f6c8-44a3-b882-65b643526c78", "query": "definition of sport"}
{"docno": "S44db19b-Aab2d1b2f", "score": 17.173667447889564}
{"docno": "Sbbfa8d2f-A602e7393", "score": 17.057656270130195}
{"docno": "S3bd1784e-A8cc79ffa", "score": 16.974051375818437}
{"docno": "Sedab086a-A1b2b69e2", "score": 16.926459373647752}
{"docno": "S158256a-A12548410", "score": 16.854751205830656}
{"docno": "Sc82afeaa-A9f093eea", "score": 16.7605988926763}
{"docno": "S97a51368-Aa531d4d3", "score": 16.587934094620437}
{"docno": "Sf888e5a8-A781bfc9b", "score": 16.29250370541051}
{"docno": "S1979ed8c-A51955474", "score": 16.249387389588478}
{"docno": "S2a05382b-A15703c24", "score": 16.118952918885753}
{"docno": "Sc788fb1e-A6fea4bae", "score": 16.11400407897775}
{"docno": "S97a51368-Ae1915fa0", "score": 15.920826633775835}
{"docno": "S1d13f979-A30f8d100", "score": 15.848828607711386}
{"docno": "S6b8ef422-A839e2339", "score": 15.841367931599732}
{"docno": "S2ac397ba-A11529f2f", "score": 15.832691572874683}
{"docno": "S3b723cb2-Ae43b19a7", "score": 15.816135223859613}
{"docno": "Sbb04abe6-A1fdac81c", "score": 15.725259939796551}
{"docno": "S51afcf0c-Ad6cbeab9", "score": 15.697558480969578}
{"docno": "S703f225d-Ab51bece4", "score": 15.692707223354141}
{"docno": "S703f225d-A8eaddf27", "score": 15.678748372206629}
{"docno": "S77158806-Ace84c5e2", "score": 15.66163788830226}
{"docno": "S44db1ba-Ac8a2cd60", "score": 15.642522283927788}
{"docno": "S9aa31b74-A9c511cc0", "score": 15.630379601656914}
{"docno": "Sf6c3ab3f-A5270390c", "score": 15.620275177242203}
{"docno": "S5ddca51f-Adf3fe654", "score": 15.576192896792854}
{"docno": "S8b8b07a3-Ae9c7a0cd", "score": 15.565281341077448}
{"docno": "S3b723cb2-A6b2ea9f5", "score": 15.533596646453438}
{"docno": "Sbb04abe6-A1f2d303c", "score": 15.518763351611}
{"docno": "S3b723cb2-Ab6b096b5", "score": 15.457758274593285}
{"docno": "S4a6f90c3-Aea15c05e", "score": 15.374347837773522}
{"docno": "Se44eb5a8-A632673a", "score": 15.372006663356881}
{"docno": "Sc1132701-Abfda72fd", "score": 15.3473675750935}
{"docno": "S6c7956fa-A6717d16d", "score": 15.317705384629535}
{"docno": "S8483df37-Af41328af", "score": 15.30928958969431}
{"docno": "S1baa9f21-Acc0e08b6", "score": 15.2633742686507}
{"docno": "Se183e945-A36e53e3a", "score": 15.2633742686507}
{"docno": "S1793ab4c-Abce12c6d", "score": 15.2633742686507}
{"docno": "Se44eb5a8-Aee6de55", "score": 15.26103647696634}
{"docno": "Sa452c48c-Ab569c84b", "score": 15.234170114558477}
{"docno": "S67c5f1b2-A6779f0a3", "score": 15.21528535756352}
{"docno": "S9dc70dbc-A53dc3e41", "score": 15.167976560608444}
{"docno": "S54792661-A4fa3fee2", "score": 15.165068473424562}
{"docno": "S44db1ba-Aa3ccd58c", "score": 15.150308275605715}
{"docno": "Sa81751a9-A282a4d74", "score": 15.095337132107904}
{"docno": "Sedab086a-Aaf256b9f", "score": 15.092262783702314}
{"docno": "S49f41610-A8fc7529", "score": 15.054974085304085}
{"docno": "Sd38a90ee-Af9563ac2", "score": 15.033580962496119}
{"docno": "S181c69f4-A45d96941", "score": 15.02735791193137}
{"docno": "Sa452c48c-Acc9c056b", "score": 15.01863193624313}
{"docno": "S9aa31b74-A9ba41485", "score": 15.01849593405937}
{"docno": "Sfe80d4ce-A5b0892a6", "score": 14.939910799042593}
{"docno": "S2ac397ba-A75a7a388", "score": 14.89534619780928}
{"docno": "Sf888e5a8-A55a61640", "score": 14.853811593327995}
{"docno": "S9c106140-A31d313f8", "score": 14.81538814344184}
{"docno": "S1baa9f21-A195db11c", "score": 14.812000390308604}
{"docno": "S1fbc253e-Adea1b1de", "score": 14.753866161002655}
{"docno": "S1fbc251f-Ab449b5b4", "score": 14.749434308369233}
{"docno": "S703f21a3-A8613642c", "score": 14.71022027134648}
{"docno": "S5cf87748-A1e65f3ad", "score": 14.69644200789445}
{"docno": "S1979ed8c-A8c93ef84", "score": 14.695904230724114}
{"docno": "S9823cd85-Aa4f468fe", "score": 14.690738909132158}
{"docno": "Sac54db00-Aa143cc94", "score": 14.574988860452848}
{"docno": "S6d0f4608-A1e6f549d", "score": 14.540055012675914}
{"docno": "S703f223e-A81d71d25", "score": 14.513567814472337}
{"docno": "S60e5fd41-Aee965818", "score": 14.469933516371327}
{"docno": "S76dba12-Ac64c26b2", "score": 14.45489437794331}
{"docno": "S44db19b-A67564324", "score": 14.449971359329208}
{"docno": "S4da27ee5-A34a9c23", "score": 14.421827980867905}
{"docno": "Sada27e69-A7d52ae37", "score": 14.35166699091383}
{"docno": "S703f21a3-Ac8b7d20e", "score": 14.275571689096097}
{"docno": "Sedc9c8f7-Aff7c559b", "score": 14.273890845724068}
{"docno": "Sd8891cb5-A9f4c7470", "score": 14.272033286664993}
{"docno": "S1979ed8c-Ac75bf086", "score": 14.260053845962478}
{"docno": "S331dbe36-A48e81bc", "score": 14.225543570545934}
{"docno": "Sd38a90ee-Ace8f689a", "score": 14.213533626382914}
{"docno": "S1d13f979-A37701a6b", "score": 14.198361800812094}
{"docno": "Sf6314bf-Ae819688", "score": 14.177113459381596}
{"docno": "Sf81067da-A3a444651", "score": 14.154474135314846}
{"docno": "S44db19b-A76c625d4", "score": 14.108544264225191}
{"docno": "Sbb04abe6-A43a15a87", "score": 14.038940129567415}
{"docno": "Se2ff8b36-A3b7d140c", "score": 14.025460936887008}
{"docno": "S2f2a2b21-A6aff451e", "score": 14.021053367828962}
{"docno": "Sf3244b27-A28108b88", "score": 14.004352994817914}
{"docno": "S580aea53-Acddff5cf", "score": 14.003264979276828}
{"docno": "S5da59615-Acc71b2a9", "score": 13.91122411713733}
{"docno": "Sa5088c85-A10d7ae72", "score": 13.899215034091524}
{"docno": "S2c13cc23-A7e1fbc18", "score": 13.898033929619485}
{"docno": "S4da27ee5-Aa50e28a0", "score": 13.817452515775502}
{"docno": "S51afcf2b-A810d5078", "score": 13.793346574312913}
{"docno": "S2c83497d-A49581ae8", "score": 13.790841031355221}
{"docno": "Sa023e538-A6918b68e", "score": 13.772283614355878}
{"docno": "S2ac397ba-A84e5f387", "score": 13.767980445039472}
{"docno": "S49b078ea-Aa5f2454", "score": 13.738610304927011}
{"docno": "Sdf18134f-A119eb53", "score": 13.722959033743683}
{"docno": "Sc3be22c5-Adc673acb", "score": 13.686825220359221}
{"docno": "Sf1c64e5b-A784a333f", "score": 13.635479389184418}
{"docno": "S815cc433-Ac90ad725", "score": 13.614314003587337}
{"docno": "S181c69f4-Ac2797ac7", "score": 13.606266866499187}
{"docno": "Se4499700-A814bb62d", "score": 13.569680555701844}
{"docno": "Sf37e79be-Afb2dab3a", "score": 13.55512340624488}
{"type": "toggleArgument", "timestamp": "2025-06-26T10:11:48.099Z", "sessionID": "dd0a5bfa-f6c8-44a3-b882-65b643526c78", "rank": "4", "doc": "Sedab086a-A1b2b69e2", "action": "expand", "doclen": 499, "score": 28.920567414368705}
{"type": "StanceClicked", "timestamp": "2025-06-26T10:11:54.020Z", "sessionID": "dd0a5bfa-f6c8-44a3-b882-65b643526c78", "rank": "4", "stance": "con", "action": "chooseStance", "doc": "Sedab086a-A1b2b69e2", "doclen": 499, "score": 28.920567414368705}
{"type": "pageNavigationClicked", "timestamp": "2025-06-26T10:11:59.507Z", "sessionID": "dd0a5bfa-f6c8-44a3-b882-65b643526c78", "clicked": "2", "fromPage": 1, "toPage": 2}
{"type": "queryBoxFocused", "timestamp": "2025-06-26T10:12:02.816Z", "sessionID": "dd0a5bfa-f6c8-44a3-b882-65b643526c78"}
{"type": "querySubmitted", "timestamp": "2025-06-26T10:12:07.780Z", "sessionID": "dd0a5bfa-f6c8-44a3-b882-65b643526c78", "query": "definition sport"}
{"docno": "S44db19b-Aab2d1b2f", "score": 17.173667447889564}
{"docno": "Sbbfa8d2f-A602e7393", "score": 17.057656270130195}
{"docno": "S3bd1784e-A8cc79ffa", "score": 16.974051375818437}
{"docno": "Sedab086a-A1b2b69e2", "score": 16.926459373647752}
{"docno": "S158256a-A12548410", "score": 16.854751205830656}
{"docno": "Sc82afeaa-A9f093eea", "score": 16.7605988926763}
{"docno": "S97a51368-Aa531d4d3", "score": 16.587934094620437}
{"docno": "Sf888e5a8-A781bfc9b", "score": 16.29250370541051}
{"docno": "S1979ed8c-A51955474", "score": 16.249387389588478}
{"docno": "S2a05382b-A15703c24", "score": 16.118952918885753}
{"docno": "Sc788fb1e-A6fea4bae", "score": 16.11400407897775}
{"docno": "S97a51368-Ae1915fa0", "score": 15.920826633775835}
{"docno": "S1d13f979-A30f8d100", "score": 15.848828607711386}
{"docno": "S6b8ef422-A839e2339", "score": 15.841367931599732}
{"docno": "S2ac397ba-A11529f2f", "score": 15.832691572874683}
{"docno": "S3b723cb2-Ae43b19a7", "score": 15.816135223859613}
{"docno": "Sbb04abe6-A1fdac81c", "score": 15.725259939796551}
{"docno": "S51afcf0c-Ad6cbeab9", "score": 15.697558480969578}
{"docno": "S703f225d-Ab51bece4", "score": 15.692707223354141}
{"docno": "S703f225d-A8eaddf27", "score": 15.678748372206629}
{"docno": "S77158806-Ace84c5e2", "score": 15.66163788830226}
{"docno": "S44db1ba-Ac8a2cd60", "score": 15.642522283927788}
{"docno": "S9aa31b74-A9c511cc0", "score": 15.630379601656914}
{"docno": "Sf6c3ab3f-A5270390c", "score": 15.620275177242203}
{"docno": "S5ddca51f-Adf3fe654", "score": 15.576192896792854}
{"docno": "S8b8b07a3-Ae9c7a0cd", "score": 15.565281341077448}
{"docno": "S3b723cb2-A6b2ea9f5", "score": 15.533596646453438}
{"docno": "Sbb04abe6-A1f2d303c", "score": 15.518763351611}
{"docno": "S3b723cb2-Ab6b096b5", "score": 15.457758274593285}
{"docno": "S4a6f90c3-Aea15c05e", "score": 15.374347837773522}
{"docno": "Se44eb5a8-A632673a", "score": 15.372006663356881}
{"docno": "Sc1132701-Abfda72fd", "score": 15.3473675750935}
{"docno": "S6c7956fa-A6717d16d", "score": 15.317705384629535}
{"docno": "S8483df37-Af41328af", "score": 15.30928958969431}
{"docno": "S1baa9f21-Acc0e08b6", "score": 15.2633742686507}
{"docno": "Se183e945-A36e53e3a", "score": 15.2633742686507}
{"docno": "S1793ab4c-Abce12c6d", "score": 15.2633742686507}
{"docno": "Se44eb5a8-Aee6de55", "score": 15.26103647696634}
{"docno": "Sa452c48c-Ab569c84b", "score": 15.234170114558477}
{"docno": "S67c5f1b2-A6779f0a3", "score": 15.21528535756352}
{"docno": "S9dc70dbc-A53dc3e41", "score": 15.167976560608444}
{"docno": "S54792661-A4fa3fee2", "score": 15.165068473424562}
{"docno": "S44db1ba-Aa3ccd58c", "score": 15.150308275605715}
{"docno": "Sa81751a9-A282a4d74", "score": 15.095337132107904}
{"docno": "Sedab086a-Aaf256b9f", "score": 15.092262783702314}
{"docno": "S49f41610-A8fc7529", "score": 15.054974085304085}
{"docno": "Sd38a90ee-Af9563ac2", "score": 15.033580962496119}
{"docno": "S181c69f4-A45d96941", "score": 15.02735791193137}
{"docno": "Sa452c48c-Acc9c056b", "score": 15.01863193624313}
{"docno": "S9aa31b74-A9ba41485", "score": 15.01849593405937}
{"docno": "Sfe80d4ce-A5b0892a6", "score": 14.939910799042593}
{"docno": "S2ac397ba-A75a7a388", "score": 14.89534619780928}
{"docno": "Sf888e5a8-A55a61640", "score": 14.853811593327995}
{"docno": "S9c106140-A31d313f8", "score": 14.81538814344184}
{"docno": "S1baa9f21-A195db11c", "score": 14.812000390308604}
{"docno": "S1fbc253e-Adea1b1de", "score": 14.753866161002655}
{"docno": "S1fbc251f-Ab449b5b4", "score": 14.749434308369233}
{"docno": "S703f21a3-A8613642c", "score": 14.71022027134648}
{"docno": "S5cf87748-A1e65f3ad", "score": 14.69644200789445}
{"docno": "S1979ed8c-A8c93ef84", "score": 14.695904230724114}
{"docno": "S9823cd85-Aa4f468fe", "score": 14.690738909132158}
{"docno": "Sac54db00-Aa143cc94", "score": 14.574988860452848}
{"docno": "S6d0f4608-A1e6f549d", "score": 14.540055012675914}
{"docno": "S703f223e-A81d71d25", "score": 14.513567814472337}
{"docno": "S60e5fd41-Aee965818", "score": 14.469933516371327}
{"docno": "S76dba12-Ac64c26b2", "score": 14.45489437794331}
{"docno": "S44db19b-A67564324", "score": 14.449971359329208}
{"docno": "S4da27ee5-A34a9c23", "score": 14.421827980867905}
{"docno": "Sada27e69-A7d52ae37", "score": 14.35166699091383}
{"docno": "S703f21a3-Ac8b7d20e", "score": 14.275571689096097}
{"docno": "Sedc9c8f7-Aff7c559b", "score": 14.273890845724068}
{"docno": "Sd8891cb5-A9f4c7470", "score": 14.272033286664993}
{"docno": "S1979ed8c-Ac75bf086", "score": 14.260053845962478}
{"docno": "S331dbe36-A48e81bc", "score": 14.225543570545934}
{"docno": "Sd38a90ee-Ace8f689a", "score": 14.213533626382914}
{"docno": "S1d13f979-A37701a6b", "score": 14.198361800812094}
{"docno": "Sf6314bf-Ae819688", "score": 14.177113459381596}
{"docno": "Sf81067da-A3a444651", "score": 14.154474135314846}
{"docno": "S44db19b-A76c625d4", "score": 14.108544264225191}
{"docno": "Sbb04abe6-A43a15a87", "score": 14.038940129567415}
{"docno": "Se2ff8b36-A3b7d140c", "score": 14.025460936887008}
{"docno": "S2f2a2b21-A6aff451e", "score": 14.021053367828962}
{"docno": "Sf3244b27-A28108b88", "score": 14.004352994817914}
{"docno": "S580aea53-Acddff5cf", "score": 14.003264979276828}
{"docno": "S5da59615-Acc71b2a9", "score": 13.91122411713733}
{"docno": "Sa5088c85-A10d7ae72", "score": 13.899215034091524}
{"docno": "S2c13cc23-A7e1fbc18", "score": 13.898033929619485}
{"docno": "S4da27ee5-Aa50e28a0", "score": 13.817452515775502}
{"docno": "S51afcf2b-A810d5078", "score": 13.793346574312913}
{"docno": "S2c83497d-A49581ae8", "score": 13.790841031355221}
{"docno": "Sa023e538-A6918b68e", "score": 13.772283614355878}
{"docno": "S2ac397ba-A84e5f387", "score": 13.767980445039472}
{"docno": "S49b078ea-Aa5f2454", "score": 13.738610304927011}
{"docno": "Sdf18134f-A119eb53", "score": 13.722959033743683}
{"docno": "Sc3be22c5-Adc673acb", "score": 13.686825220359221}
{"docno": "Sf1c64e5b-A784a333f", "score": 13.635479389184418}
{"docno": "S815cc433-Ac90ad725", "score": 13.614314003587337}
{"docno": "S181c69f4-Ac2797ac7", "score": 13.606266866499187}
{"docno": "Se4499700-A814bb62d", "score": 13.569680555701844}
{"docno": "Sf37e79be-Afb2dab3a", "score": 13.55512340624488}
{"type": "queryBoxFocused", "timestamp": "2025-06-26T10:12:12.086Z", "sessionID": "dd0a5bfa-f6c8-44a3-b882-65b643526c78"}
{"type": "querySubmitted", "timestamp": "2025-06-26T10:12:15.092Z", "sessionID": "dd0a5bfa-f6c8-44a3-b882-65b643526c78", "query": "definition"}
{"docno": "Scb550f7e-Afe24d0e", "score": 6.6040569824254165}
{"docno": "S895dc131-Aaa34008d", "score": 6.597403967576201}
{"docno": "S1f3ca5cb-A432e83ee", "score": 6.569112985344261}
{"docno": "Sea2e9de4-A1ddc8133", "score": 6.490262258199477}
{"docno": "S6e476925-Af560581f", "score": 6.484018178733176}
{"docno": "Se0514629-A8665f952", "score": 6.4598451991795915}
{"docno": "S43e3fb-Aba99ea0f", "score": 6.425751762348278}
{"docno": "Sb090c822-A218c7be7", "score": 6.411094688607582}
{"docno": "S69ffcf50-A74097bc1", "score": 6.409688001367223}
{"docno": "S902b1f4b-Afc5550cb", "score": 6.393979613806003}
{"docno": "S654ae534-A982802f6", "score": 6.371301157952379}
{"docno": "S532c269e-Ab19fb0ea", "score": 6.35210229575604}
{"docno": "S2343a089-Ac469b850", "score": 6.350175335188923}
{"docno": "S4a795aff-Ab6b4e637", "score": 6.348085165532547}
{"docno": "S139b30db-A8e6f09d3", "score": 6.344307541736281}
{"docno": "Sb30d591b-A5815484f", "score": 6.3195132223398165}
{"docno": "S62ab774b-A3432ae1b", "score": 6.319005246731883}
{"docno": "S654ae534-A5c2e979a", "score": 6.303596482150803}
{"docno": "S6e5fda33-Ad67e8508", "score": 6.294387241702107}
{"docno": "Sc9a608bb-Ad08b5318", "score": 6.294037486837762}
{"docno": "S500ad657-Afcee45ed", "score": 6.281748434729087}
{"docno": "S252dc322-Adf2bb77c", "score": 6.262175433496455}
{"docno": "Sdad3a5f0-A9ed1b286", "score": 6.257390848539532}
{"docno": "S2044c037-Af86050b8", "score": 6.250208698977365}
{"docno": "Sa50bb69d-A597181fa", "score": 6.247745360087285}
{"docno": "Sf5714a35-A31c08665", "score": 6.244134727230379}
{"docno": "S9619cbd-A2dfa644b", "score": 6.241466533412758}
{"docno": "S2ec64302-Ac6746c1d", "score": 6.240723303211889}
{"docno": "S74fdcedb-A3d86aa8b", "score": 6.240723303211889}
{"docno": "S24482824-A23b98f4d", "score": 6.236364889610208}
{"docno": "Sabc95929-A793a3c3e", "score": 6.225940029566828}
{"docno": "S928cd875-Ab99cf39", "score": 6.214403484716821}
{"docno": "Sb2db39e2-Aa616d22c", "score": 6.214403484716821}
{"docno": "S4a795aff-Ab8831054", "score": 6.212092721895122}
{"docno": "S2343a089-Afa844250", "score": 6.210490582645924}
{"docno": "S4a795aff-A664c51d5", "score": 6.208860438339736}
{"docno": "Se79de16-A4cd9233d", "score": 6.202794576491376}
{"docno": "Sd65a8bd-A2da929a", "score": 6.195264087888236}
{"docno": "S615213b6-Ad4ab1b33", "score": 6.194385386997384}
{"docno": "Seb087a19-A4b2dffb7", "score": 6.193897327532181}
{"docno": "Sb74784eb-Ac872223e", "score": 6.184667897007853}
{"docno": "Sdab50bec-A1cebff27", "score": 6.179091954310758}
{"docno": "S6c4cf02a-Ae39b387c", "score": 6.179091954310758}
{"docno": "S1d7cddad-Ad1986876", "score": 6.179091954310758}
{"docno": "S9619cbd-A7f218984", "score": 6.177537422968746}
{"docno": "Scc3333c4-A5c298d05", "score": 6.177537422968746}
{"docno": "S824fc2ee-A8837c252", "score": 6.173526056819561}
{"docno": "Sc17f52db-Aa0676fde", "score": 6.173526056819561}
{"docno": "S4c1af442-A7b53aada", "score": 6.170823871123812}
{"docno": "S63f96cd3-A671cc9f6", "score": 6.170347260361571}
{"docno": "S6e5fda33-A189619a4", "score": 6.170242655665351}
{"docno": "Seb8b217-A18486b3c", "score": 6.158097003136008}
{"docno": "S73578119-A61d592be", "score": 6.145999072253383}
{"docno": "S2a97a90-Ac4d34d6e", "score": 6.144179451436863}
{"docno": "Scb67f19e-Aadfe1293", "score": 6.134276796397346}
{"docno": "S4f9f2f6-Ade67535a", "score": 6.133661423799531}
{"docno": "Se79de16-Ac966374", "score": 6.133182886019572}
{"docno": "S86009f56-A42f7045", "score": 6.121945254808749}
{"docno": "Seed20168-Ac0517cf4", "score": 6.121122803948369}
{"docno": "S6a3c1388-A13be774", "score": 6.114730007303385}
{"docno": "Sda2dc95c-A2eb6112b", "score": 6.114159310029242}
{"docno": "S89dbf406-A93cfe7d6", "score": 6.113208384598029}
{"docno": "S5c4f13c7-Ab866b1d9", "score": 6.104217679939437}
{"docno": "S20f85594-A8957a180", "score": 6.103743725255977}
{"docno": "S500ad657-A389029db", "score": 6.103743725255977}
{"docno": "S72964157-A4509ec7d", "score": 6.098078983935922}
{"docno": "Seb77e53d-A40071fff", "score": 6.096084169344837}
{"docno": "S6e5fda33-Ac59b093e", "score": 6.088894055195923}
{"docno": "Se4061651-A707fdb2c", "score": 6.0880342519776205}
{"docno": "Se6a3f3cf-A8e2eece5", "score": 6.08086543637911}
{"docno": "Se824addb-A201d8892", "score": 6.078861588796355}
{"docno": "S2d1156f7-A8de5faf2", "score": 6.074116464676591}
{"docno": "Sc9d40958-A47c47514", "score": 6.073647172634082}
{"docno": "S72df98c5-Accce6cfb", "score": 6.068352275704711}
{"docno": "S537a5953-A334bcc65", "score": 6.062626457196671}
{"docno": "S14d38217-A1c4705b6", "score": 6.062508628740431}
{"docno": "S90a5846d-Ae62c4119", "score": 6.059410430162965}
{"docno": "Sae799ca6-A56f17d8e", "score": 6.058968444059535}
{"docno": "S82af6a9f-A18f390da", "score": 6.0540579606234415}
{"docno": "S4a795aff-A25f9da2d", "score": 6.053639212061546}
{"docno": "S39ce4ba7-Aa5e3b14f", "score": 6.045771608188136}
{"docno": "Sf55c164-Aeb0737eb", "score": 6.045472721211284}
{"docno": "Sbc8b3797-Af5f2ef75", "score": 6.045240273993102}
{"docno": "Sec53d273-Ac96f40ec", "score": 6.044775433177906}
{"docno": "Seed20168-Ad203742f", "score": 6.044775433177906}
{"docno": "S54d501c1-A840bb744", "score": 6.044775433177906}
{"docno": "Scb550f7e-Aa59aaee7", "score": 6.044775433177906}
{"docno": "Sf5b3d76-A9f635a5a", "score": 6.043381339553291}
{"docno": "Sd65d09-A5b4bdda7", "score": 6.04300882298429}
{"docno": "Se57d9ea9-A6554af71", "score": 6.04300882298429}
{"docno": "S67eecc7b-Aa1a364cd", "score": 6.035521327463246}
{"docno": "Sfddb5f8b-A4af0e1f2", "score": 6.034594703754854}
{"docno": "S51de3630-A495d48ba", "score": 6.033951777859804}
{"docno": "Sd47a2a72-Adc3ca605", "score": 6.032882499317709}
{"docno": "S63f96cd3-A8bf6f5d1", "score": 6.032882499317709}
{"docno": "S99aed40c-A1a1bb691", "score": 6.032415703085143}
{"docno": "Sb1286dd4-Aeb4164c9", "score": 6.030210960241218}
{"docno": "Sb00bc885-Afc8ec483", "score": 6.030054037670679}
{"docno": "S56a83855-A9d8c17c1", "score": 6.027583769927555}
{"docno": "S868f693-A5dc1e34e", "score": 6.027583769927555}
{"type": "queryBoxFocused", "timestamp": "2025-06-26T10:12:16.879Z", "sessionID": "dd0a5bfa-f6c8-44a3-b882-65b643526c78"}
{"type": "querySubmitted", "timestamp": "2025-06-26T10:12:24.220Z", "sessionID": "dd0a5bfa-f6c8-44a3-b882-65b643526c78", "query": "sports definition"}
{"docno": "S44db19b-Aab2d1b2f", "score": 17.173667447889564}
{"docno": "Sbbfa8d2f-A602e7393", "score": 17.057656270130195}
{"docno": "S3bd1784e-A8cc79ffa", "score": 16.974051375818437}
{"docno": "Sedab086a-A1b2b69e2", "score": 16.926459373647752}
{"docno": "S158256a-A12548410", "score": 16.854751205830656}
{"docno": "Sc82afeaa-A9f093eea", "score": 16.7605988926763}
{"docno": "S97a51368-Aa531d4d3", "score": 16.587934094620437}
{"docno": "Sf888e5a8-A781bfc9b", "score": 16.29250370541051}
{"docno": "S1979ed8c-A51955474", "score": 16.249387389588478}
{"docno": "S2a05382b-A15703c24", "score": 16.118952918885753}
{"docno": "Sc788fb1e-A6fea4bae", "score": 16.11400407897775}
{"docno": "S97a51368-Ae1915fa0", "score": 15.920826633775835}
{"docno": "S1d13f979-A30f8d100", "score": 15.848828607711386}
{"docno": "S6b8ef422-A839e2339", "score": 15.841367931599732}
{"docno": "S2ac397ba-A11529f2f", "score": 15.832691572874683}
{"docno": "S3b723cb2-Ae43b19a7", "score": 15.816135223859613}
{"docno": "Sbb04abe6-A1fdac81c", "score": 15.725259939796551}
{"docno": "S51afcf0c-Ad6cbeab9", "score": 15.697558480969578}
{"docno": "S703f225d-Ab51bece4", "score": 15.692707223354141}
{"docno": "S703f225d-A8eaddf27", "score": 15.678748372206629}
{"docno": "S77158806-Ace84c5e2", "score": 15.66163788830226}
{"docno": "S44db1ba-Ac8a2cd60", "score": 15.642522283927788}
{"docno": "S9aa31b74-A9c511cc0", "score": 15.630379601656914}
{"docno": "Sf6c3ab3f-A5270390c", "score": 15.620275177242203}
{"docno": "S5ddca51f-Adf3fe654", "score": 15.576192896792854}
{"docno": "S8b8b07a3-Ae9c7a0cd", "score": 15.565281341077448}
{"docno": "S3b723cb2-A6b2ea9f5", "score": 15.533596646453438}
{"docno": "Sbb04abe6-A1f2d303c", "score": 15.518763351611}
{"docno": "S3b723cb2-Ab6b096b5", "score": 15.457758274593285}
{"docno": "S4a6f90c3-Aea15c05e", "score": 15.374347837773522}
{"docno": "Se44eb5a8-A632673a", "score": 15.372006663356881}
{"docno": "Sc1132701-Abfda72fd", "score": 15.3473675750935}
{"docno": "S6c7956fa-A6717d16d", "score": 15.317705384629535}
{"docno": "S8483df37-Af41328af", "score": 15.30928958969431}
{"docno": "S1baa9f21-Acc0e08b6", "score": 15.2633742686507}
{"docno": "Se183e945-A36e53e3a", "score": 15.2633742686507}
{"docno": "S1793ab4c-Abce12c6d", "score": 15.2633742686507}
{"docno": "Se44eb5a8-Aee6de55", "score": 15.26103647696634}
{"docno": "Sa452c48c-Ab569c84b", "score": 15.234170114558477}
{"docno": "S67c5f1b2-A6779f0a3", "score": 15.21528535756352}
{"docno": "S9dc70dbc-A53dc3e41", "score": 15.167976560608444}
{"docno": "S54792661-A4fa3fee2", "score": 15.165068473424562}
{"docno": "S44db1ba-Aa3ccd58c", "score": 15.150308275605715}
{"docno": "Sa81751a9-A282a4d74", "score": 15.095337132107904}
{"docno": "Sedab086a-Aaf256b9f", "score": 15.092262783702314}
{"docno": "S49f41610-A8fc7529", "score": 15.054974085304085}
{"docno": "Sd38a90ee-Af9563ac2", "score": 15.033580962496119}
{"docno": "S181c69f4-A45d96941", "score": 15.02735791193137}
{"docno": "Sa452c48c-Acc9c056b", "score": 15.01863193624313}
{"docno": "S9aa31b74-A9ba41485", "score": 15.01849593405937}
{"docno": "Sfe80d4ce-A5b0892a6", "score": 14.939910799042593}
{"docno": "S2ac397ba-A75a7a388", "score": 14.89534619780928}
{"docno": "Sf888e5a8-A55a61640", "score": 14.853811593327995}
{"docno": "S9c106140-A31d313f8", "score": 14.81538814344184}
{"docno": "S1baa9f21-A195db11c", "score": 14.812000390308604}
{"docno": "S1fbc253e-Adea1b1de", "score": 14.753866161002655}
{"docno": "S1fbc251f-Ab449b5b4", "score": 14.749434308369233}
{"docno": "S703f21a3-A8613642c", "score": 14.71022027134648}
{"docno": "S5cf87748-A1e65f3ad", "score": 14.69644200789445}
{"docno": "S1979ed8c-A8c93ef84", "score": 14.695904230724114}
{"docno": "S9823cd85-Aa4f468fe", "score": 14.690738909132158}
{"docno": "Sac54db00-Aa143cc94", "score": 14.574988860452848}
{"docno": "S6d0f4608-A1e6f549d", "score": 14.540055012675914}
{"docno": "S703f223e-A81d71d25", "score": 14.513567814472337}
{"docno": "S60e5fd41-Aee965818", "score": 14.469933516371327}
{"docno": "S76dba12-Ac64c26b2", "score": 14.45489437794331}
{"docno": "S44db19b-A67564324", "score": 14.449971359329208}
{"docno": "S4da27ee5-A34a9c23", "score": 14.421827980867905}
{"docno": "Sada27e69-A7d52ae37", "score": 14.35166699091383}
{"docno": "S703f21a3-Ac8b7d20e", "score": 14.275571689096097}
{"docno": "Sedc9c8f7-Aff7c559b", "score": 14.273890845724068}
{"docno": "Sd8891cb5-A9f4c7470", "score": 14.272033286664993}
{"docno": "S1979ed8c-Ac75bf086", "score": 14.260053845962478}
{"docno": "S331dbe36-A48e81bc", "score": 14.225543570545934}
{"docno": "Sd38a90ee-Ace8f689a", "score": 14.213533626382914}
{"docno": "S1d13f979-A37701a6b", "score": 14.198361800812094}
{"docno": "Sf6314bf-Ae819688", "score": 14.177113459381596}
{"docno": "Sf81067da-A3a444651", "score": 14.154474135314846}
{"docno": "S44db19b-A76c625d4", "score": 14.108544264225191}
{"docno": "Sbb04abe6-A43a15a87", "score": 14.038940129567415}
{"docno": "Se2ff8b36-A3b7d140c", "score": 14.025460936887008}
{"docno": "S2f2a2b21-A6aff451e", "score": 14.021053367828962}
{"docno": "Sf3244b27-A28108b88", "score": 14.004352994817914}
{"docno": "S580aea53-Acddff5cf", "score": 14.003264979276828}
{"docno": "S5da59615-Acc71b2a9", "score": 13.91122411713733}
{"docno": "Sa5088c85-A10d7ae72", "score": 13.899215034091524}
{"docno": "S2c13cc23-A7e1fbc18", "score": 13.898033929619485}
{"docno": "S4da27ee5-Aa50e28a0", "score": 13.817452515775502}
{"docno": "S51afcf2b-A810d5078", "score": 13.793346574312913}
{"docno": "S2c83497d-A49581ae8", "score": 13.790841031355221}
{"docno": "Sa023e538-A6918b68e", "score": 13.772283614355878}
{"docno": "S2ac397ba-A84e5f387", "score": 13.767980445039472}
{"docno": "S49b078ea-Aa5f2454", "score": 13.738610304927011}
{"docno": "Sdf18134f-A119eb53", "score": 13.722959033743683}
{"docno": "Sc3be22c5-Adc673acb", "score": 13.686825220359221}
{"docno": "Sf1c64e5b-A784a333f", "score": 13.635479389184418}
{"docno": "S815cc433-Ac90ad725", "score": 13.614314003587337}
{"docno": "S181c69f4-Ac2797ac7", "score": 13.606266866499187}
{"docno": "Se4499700-A814bb62d", "score": 13.569680555701844}
{"docno": "Sf37e79be-Afb2dab3a", "score": 13.55512340624488}
{"type": "pageNavigationClicked", "timestamp": "2025-06-26T10:12:34.353Z", "sessionID": "dd0a5bfa-f6c8-44a3-b882-65b643526c78", "clicked": "2", "fromPage": 1, "toPage": 2}
{"type": "toggleArgument", "timestamp": "2025-06-26T10:12:38.001Z", "sessionID": "dd0a5bfa-f6c8-44a3-b882-65b643526c78", "rank": "11", "doc": "Sc788fb1e-A6fea4bae", "action": "expand", "doclen": 904, "score": 21.989538067396467}
{"type": "StanceClicked", "timestamp": "2025-06-26T10:12:40.698Z", "sessionID": "dd0a5bfa-f6c8-44a3-b882-65b643526c78", "rank": "11", "stance": "pro", "action": "chooseStance", "doc": "Sc788fb1e-A6fea4bae", "doclen": 904, "score": 21.989538067396467}
{"type": "toggleArgument", "timestamp": "2025-06-26T10:12:43.849Z", "sessionID": "dd0a5bfa-f6c8-44a3-b882-65b643526c78", "rank": "14", "doc": "S6b8ef422-A839e2339", "action": "expand", "doclen": 948, "score": 26.601875105716417}
{"type": "StanceClicked", "timestamp": "2025-06-26T10:12:54.489Z", "sessionID": "dd0a5bfa-f6c8-44a3-b882-65b643526c78", "rank": "14", "stance": "pro", "action": "chooseStance", "doc": "S6b8ef422-A839e2339", "doclen": 948, "score": 26.601875105716417}
{"type": "toggleArgument", "timestamp": "2025-06-26T10:13:00.129Z", "sessionID": "dd0a5bfa-f6c8-44a3-b882-65b643526c78", "rank": "17", "doc": "Sbb04abe6-A1fdac81c", "action": "expand", "doclen": 1403, "score": 25.35083133345848}
{"type": "StanceClicked", "timestamp": "2025-06-26T10:13:09.409Z", "sessionID": "dd0a5bfa-f6c8-44a3-b882-65b643526c78", "rank": "17", "stance": "pro", "action": "chooseStance", "doc": "Sbb04abe6-A1fdac81c", "doclen": 1403, "score": 25.35083133345848}
{"type": "pageNavigationClicked", "timestamp": "2025-06-26T10:13:15.425Z", "sessionID": "dd0a5bfa-f6c8-44a3-b882-65b643526c78", "clicked": "3", "fromPage": 2, "toPage": 3}
{"type": "pageNavigationClicked", "timestamp": "2025-06-26T10:13:21.649Z", "sessionID": "dd0a5bfa-f6c8-44a3-b882-65b643526c78", "clicked": "6", "fromPage": 3, "toPage": 6}
{"type": "toggleArgument", "timestamp": "2025-06-26T10:13:27.119Z", "sessionID": "dd0a5bfa-f6c8-44a3-b882-65b643526c78", "rank": "57", "doc": "S1fbc251f-Ab449b5b4", "action": "expand", "doclen": 1465, "score": 14.749434308369233}
{"type": "pageNavigationClicked", "timestamp": "2025-06-26T10:13:33.279Z", "sessionID": "dd0a5bfa-f6c8-44a3-b882-65b643526c78", "clicked": "7", "fromPage": 6, "toPage": 7}
{"type": "toggleArgument", "timestamp": "2025-06-26T10:13:35.975Z", "sessionID": "dd0a5bfa-f6c8-44a3-b882-65b643526c78", "rank": "62", "doc": "Sac54db00-Aa143cc94", "action": "expand", "doclen": 384, "score": 14.574988860452848}
{"type": "toggleArgument", "timestamp": "2025-06-26T10:13:46.966Z", "sessionID": "dd0a5bfa-f6c8-44a3-b882-65b643526c78", "rank": "70", "doc": "S703f21a3-Ac8b7d20e", "action": "expand", "doclen": 941, "score": 14.275571689096097}
{"type": "StanceClicked", "timestamp": "2025-06-26T10:13:49.839Z", "sessionID": "dd0a5bfa-f6c8-44a3-b882-65b643526c78", "rank": "70", "stance": "pro", "action": "chooseStance", "doc": "S703f21a3-Ac8b7d20e", "doclen": 941, "score": 14.275571689096097}
{"type": "pageNavigationClicked", "timestamp": "2025-06-26T10:13:51.207Z", "sessionID": "dd0a5bfa-f6c8-44a3-b882-65b643526c78", "clicked": "10", "fromPage": 7, "toPage": 10}
{"type": "pageNavigationClicked", "timestamp": "2025-06-26T10:14:03.351Z", "sessionID": "dd0a5bfa-f6c8-44a3-b882-65b643526c78", "clicked": "8", "fromPage": 10, "toPage": 8}
{"type": "queryBoxFocused", "timestamp": "2025-06-26T10:14:04.170Z", "sessionID": "dd0a5bfa-f6c8-44a3-b882-65b643526c78"}
{"type": "querySubmitted", "timestamp": "2025-06-26T10:14:06.528Z", "sessionID": "dd0a5bfa-f6c8-44a3-b882-65b643526c78", "query": "golf"}
{"docno": "S331dbe36-Aec018aad", "score": 19.362879815529205}
{"docno": "Sa2449587-A25a1c8d9", "score": 19.283719067090598}
{"docno": "S331dbe36-A48e81bc", "score": 18.902790621088787}
{"docno": "Sedab086a-A37f9df85", "score": 18.902790621088787}
{"docno": "S2e6a0d7e-A29ba3240", "score": 18.901896933118824}
{"docno": "S2c13cc23-A46f62d8e", "score": 18.59363325218304}
{"docno": "S331dbe36-A1ab1fd44", "score": 18.53633380590378}
{"docno": "S2c13cc23-Add292560", "score": 18.533469536177318}
{"docno": "Sf6c3ab3f-A5270390c", "score": 18.445368682035106}
{"docno": "Sa2449587-A91a8f588", "score": 18.238398155520933}
{"docno": "Sedab08a8-A537c0a9", "score": 18.18050778025921}
{"docno": "Sa452c48c-Ab569c84b", "score": 17.95526271503269}
{"docno": "S331dbe36-A2e2c0f7b", "score": 17.89648226838389}
{"docno": "Sedab08a8-Aeb15fa1e", "score": 17.840738776239437}
{"docno": "Sedab086a-A1b2b69e2", "score": 17.840738776239437}
{"docno": "S8b62fc9c-Ac812f68d", "score": 17.785341462553063}
{"docno": "S7768222e-Aaf80531e", "score": 17.75514288646307}
{"docno": "Sbb04abe6-A43a15a87", "score": 17.644982024017175}
{"docno": "S31ff7b7c-Adac937e1", "score": 17.31215079759271}
{"docno": "Sa452c48c-A29b70081", "score": 17.276978015285245}
{"docno": "S7768222e-Adc0338c6", "score": 17.160513335393393}
{"docno": "S66d8c001-A1cba39ed", "score": 17.083738637487674}
{"docno": "Sedab086a-Aaf256b9f", "score": 17.00764784696078}
{"docno": "Sbb04abe6-A259c1dbe", "score": 16.971056645597827}
{"docno": "Sdf011769-A8f1cd34f", "score": 16.747755134043498}
{"docno": "S6b8ef422-A839e2339", "score": 16.709944190841547}
{"docno": "Sb032fa0a-A75c4305e", "score": 16.602698220580564}
{"docno": "Sedab08a8-A58c94516", "score": 16.597528846429906}
{"docno": "S2c13cc23-A7e1fbc18", "score": 16.36271986478955}
{"docno": "S7a067c79-A41b493d8", "score": 16.070652915734193}
{"docno": "S2e6a0d7e-Aa4f9459c", "score": 16.04364435374824}
{"docno": "Sb5eb4943-A85a43376", "score": 16.03334993387821}
{"docno": "S953298b6-Abb3af4da", "score": 15.864202724734964}
{"docno": "Sedab086a-Af53202c8", "score": 15.774733851169236}
{"docno": "Sa452c48c-Acc9c056b", "score": 15.746867666170582}
{"docno": "Sf6c3ab3f-Aa5065996", "score": 15.387263553169749}
{"docno": "S953298b6-A4a07f2b0", "score": 15.298050976393023}
{"docno": "Sedab08a8-Adbc335b1", "score": 15.264244712302542}
{"docno": "Sbb04abe6-Ae1a368b3", "score": 15.181906488206467}
{"docno": "Sdf011769-A15b1244c", "score": 15.172812596876936}
{"docno": "Sb88bdc7a-A92a9fbff", "score": 15.031546787447361}
{"docno": "S8d55788c-A5f25e10c", "score": 15.02966319793323}
{"docno": "Sd6ef599d-Ab32f3ffe", "score": 15.024015260697233}
{"docno": "S2c13cc23-A74c4a0a9", "score": 14.912274025116806}
{"docno": "Se0aece74-A7d49da2e", "score": 14.798530024453445}
{"docno": "S2e6a0d7e-Abd7a09b", "score": 14.677521893179199}
{"docno": "S3bb42b3a-A9a43090b", "score": 14.677521893179199}
{"docno": "Sec460533-A1147d39b", "score": 14.515468335282941}
{"docno": "S331dbe36-A3a12ced6", "score": 14.455270811605773}
{"docno": "Sd6baaaf1-Aaba8db06", "score": 14.455270811605773}
{"docno": "Sb032fa0a-A3ec4276c", "score": 14.405944734057758}
{"docno": "S16b20eaa-A592d24f1", "score": 14.346650344904493}
{"docno": "Sbb04abe6-A1fdac81c", "score": 14.317638645853249}
{"docno": "Sd7f23f2c-Ad95bc9cd", "score": 14.175897604306648}
{"docno": "Sc788fb1e-Aa1263f4b", "score": 14.030367430900968}
{"docno": "Sbb04abe6-Af6db3e8c", "score": 13.935298175371498}
{"docno": "S3bbff083-A973e1dc1", "score": 13.934488686933577}
{"docno": "S4b7e0d28-A4dac6729", "score": 13.727729110366461}
{"docno": "Se6368605-A5e129da8", "score": 13.701164256811937}
{"docno": "Sa452c48c-A1e0098da", "score": 13.701164256811937}
{"docno": "S13fedf36-A2cbabfb8", "score": 13.62973028264762}
{"docno": "Sc1a8f887-Ad78395f", "score": 13.343952847998532}
{"docno": "S90199824-A7b633475", "score": 13.343952847998532}
{"docno": "S94ca3e07-A28848104", "score": 13.343952847998532}
{"docno": "S600a7bc8-A3325400f", "score": 12.943353828645234}
{"docno": "Sd9a85746-Aa554610f", "score": 12.893388834780582}
{"docno": "S44682805-A6867501e", "score": 12.854131715222456}
{"docno": "Sb65c30fe-A967a70f5", "score": 12.80690277511032}
{"docno": "Sc788fb1e-Afd64b6f5", "score": 12.721569244039618}
{"docno": "S1329642e-A82164ba7", "score": 12.698752535291465}
{"docno": "S600a7bc8-Aefdad0d5", "score": 12.622463136121969}
{"docno": "S2a05382b-A15703c24", "score": 12.450326014741838}
{"docno": "Se28261c1-Ab8396067", "score": 12.391311603365546}
{"docno": "Sc87ca282-A85445fda", "score": 12.391311603365546}
{"docno": "Sa452c48c-Ac303d3e9", "score": 12.238147270284223}
{"docno": "S6d905c81-A55a13bf0", "score": 12.11976278703089}
{"docno": "S6e6e5f05-A61a28d73", "score": 12.001845007321302}
{"docno": "S6d905c81-A869c45ba", "score": 11.819643836331053}
{"docno": "Sc87ca282-A3d6287b6", "score": 11.779699066137733}
{"docno": "S3bbff083-A1a7b35e0", "score": 11.636114717011761}
{"docno": "Se45937fc-A8b0d666d", "score": 11.534029272463751}
{"docno": "S126ee163-Acaa0b143", "score": 11.523534956814391}
{"docno": "S1e9d182f-A181f59fa", "score": 11.396336474068214}
{"docno": "S79f68b5a-Ac28eabfc", "score": 11.359197129014673}
{"docno": "S1979ed8c-Ac75bf086", "score": 11.359197129014673}
{"docno": "Sb48bf9ca-Aca78579f", "score": 11.292014963332225}
{"docno": "Sb9745472-A41e82f62", "score": 11.228775609206528}
{"docno": "Sda3edf0c-A490a872e", "score": 11.16000679114463}
{"docno": "S89a9026-A516aa0c3", "score": 11.095153400263294}
{"docno": "S414e4d8a-A270215e4", "score": 11.031049410664576}
{"docno": "S91ff9f85-A50ab6d43", "score": 11.00230132240873}
{"docno": "S1d13f9d6-A3fe8d2d7", "score": 10.9676819076149}
{"docno": "S62910eae-A8097aefb", "score": 10.905038271438807}
{"docno": "S1a78224b-Aadf6b44e", "score": 10.721328619296553}
{"docno": "S8b8b07a3-A25b80870", "score": 10.721328619296553}
{"docno": "Sdab50bae-Aca531136", "score": 10.602256026846858}
{"docno": "S49f41610-A8cc85730", "score": 10.602256026846858}
{"docno": "Se183e945-A75e1f251", "score": 10.543706081140993}
{"docno": "Sc788fb1e-A6fea4bae", "score": 10.543706081140993}
{"docno": "S27ac9c44-A719cf20d", "score": 10.428525015543965}
{"type": "toggleArgument", "timestamp": "2025-06-26T10:14:14.239Z", "sessionID": "dd0a5bfa-f6c8-44a3-b882-65b643526c78", "rank": "2", "doc": "Sa2449587-A25a1c8d9", "action": "expand", "doclen": 251, "score": 27.65088449546055}
{"type": "toggleArgument", "timestamp": "2025-06-26T10:14:19.447Z", "sessionID": "dd0a5bfa-f6c8-44a3-b882-65b643526c78", "rank": "3", "doc": "S331dbe36-A48e81bc", "action": "expand", "doclen": 519, "score": 29.145102985237955}
{"type": "StanceClicked", "timestamp": "2025-06-26T10:14:25.656Z", "sessionID": "dd0a5bfa-f6c8-44a3-b882-65b643526c78", "rank": "3", "stance": "con", "action": "chooseStance", "doc": "S331dbe36-A48e81bc", "doclen": 519, "score": 29.145102985237955}
{"type": "toggleArgument", "timestamp": "2025-06-26T10:14:28.741Z", "sessionID": "dd0a5bfa-f6c8-44a3-b882-65b643526c78", "rank": "6", "doc": "S2c13cc23-A46f62d8e", "action": "expand", "doclen": 222, "score": 27.02320270406765}
{"type": "StanceClicked", "timestamp": "2025-06-26T10:14:32.949Z", "sessionID": "dd0a5bfa-f6c8-44a3-b882-65b643526c78", "rank": "6", "stance": "con", "action": "chooseStance", "doc": "S2c13cc23-A46f62d8e", "doclen": 222, "score": 27.02320270406765}
{"type": "toggleArgument", "timestamp": "2025-06-26T10:14:35.413Z", "sessionID": "dd0a5bfa-f6c8-44a3-b882-65b643526c78", "rank": "7", "doc": "S331dbe36-A1ab1fd44", "action": "expand", "doclen": 789, "score": 28.03281319144245}
{"type": "StanceClicked", "timestamp": "2025-06-26T10:14:41.693Z", "sessionID": "dd0a5bfa-f6c8-44a3-b882-65b643526c78", "rank": "7", "stance": "pro", "action": "chooseStance", "doc": "S331dbe36-A1ab1fd44", "doclen": 789, "score": 28.03281319144245}
{"type": "toggleArgument", "timestamp": "2025-06-26T10:14:45.117Z", "sessionID": "dd0a5bfa-f6c8-44a3-b882-65b643526c78", "rank": "8", "doc": "S2c13cc23-Add292560", "action": "expand", "doclen": 207, "score": 26.90063496454727}
{"type": "pageNavigationClicked", "timestamp": "2025-06-26T10:14:50.413Z", "sessionID": "dd0a5bfa-f6c8-44a3-b882-65b643526c78", "clicked": "8", "fromPage": 1, "toPage": 8}
{"type": "pageNavigationClicked", "timestamp": "2025-06-26T10:14:58.660Z", "sessionID": "dd0a5bfa-f6c8-44a3-b882-65b643526c78", "clicked": "7", "fromPage": 8, "toPage": 7}
{"type": "pageNavigationClicked", "timestamp": "2025-06-26T10:15:05.813Z", "sessionID": "dd0a5bfa-f6c8-44a3-b882-65b643526c78", "clicked": "6", "fromPage": 7, "toPage": 6}
{"type": "toggleArgument", "timestamp": "2025-06-26T10:15:09.429Z", "sessionID": "dd0a5bfa-f6c8-44a3-b882-65b643526c78", "rank": "51", "doc": "Sb032fa0a-A3ec4276c", "action": "expand", "doclen": 742, "score": 14.405944734057758}
{"type": "StanceClicked", "timestamp": "2025-06-26T10:15:13.021Z", "sessionID": "dd0a5bfa-f6c8-44a3-b882-65b643526c78", "rank": "51", "stance": "pro", "action": "chooseStance", "doc": "Sb032fa0a-A3ec4276c", "doclen": 742, "score": 14.405944734057758}
{"type": "toggleArgument", "timestamp": "2025-06-26T10:15:19.981Z", "sessionID": "dd0a5bfa-f6c8-44a3-b882-65b643526c78", "rank": "60", "doc": "Sa452c48c-A1e0098da", "action": "expand", "doclen": 1574, "score": 20.529063825494454}
{"type": "StanceClicked", "timestamp": "2025-06-26T10:15:26.315Z", "sessionID": "dd0a5bfa-f6c8-44a3-b882-65b643526c78", "rank": "60", "stance": "pro", "action": "chooseStance", "doc": "Sa452c48c-A1e0098da", "doclen": 1574, "score": 20.529063825494454}
{"type": "pageNavigationClicked", "timestamp": "2025-06-26T10:15:27.531Z", "sessionID": "dd0a5bfa-f6c8-44a3-b882-65b643526c78", "clicked": "3", "fromPage": 6, "toPage": 3}
{"type": "toggleArgument", "timestamp": "2025-06-26T10:15:40.627Z", "sessionID": "dd0a5bfa-f6c8-44a3-b882-65b643526c78", "rank": "28", "doc": "Sedab08a8-A58c94516", "action": "expand", "doclen": 332, "score": 27.29211087248064}
{"type": "toggleArgument", "timestamp": "2025-06-26T10:15:53.907Z", "sessionID": "dd0a5bfa-f6c8-44a3-b882-65b643526c78", "rank": "29", "doc": "S2c13cc23-A7e1fbc18", "action": "expand", "doclen": 785, "score": 26.707333804794153}
{"type": "StanceClicked", "timestamp": "2025-06-26T10:15:56.931Z", "sessionID": "dd0a5bfa-f6c8-44a3-b882-65b643526c78", "rank": "29", "stance": "pro", "action": "chooseStance", "doc": "S2c13cc23-A7e1fbc18", "doclen": 785, "score": 26.707333804794153}
{"type": "ClickedEndTask", "timestamp": "2025-06-26T10:15:59.979Z", "sessionID": "dd0a5bfa-f6c8-44a3-b882-65b643526c78"}
{"type": "TaskContinued", "timestamp": "2025-06-26T10:16:04.331Z", "sessionID": "dd0a5bfa-f6c8-44a3-b882-65b643526c78"}
{"type": "pageNavigationClicked", "timestamp": "2025-06-26T10:16:05.659Z", "sessionID": "dd0a5bfa-f6c8-44a3-b882-65b643526c78", "clicked": "6", "fromPage": 3, "toPage": 6}
{"type": "queryBoxFocused", "timestamp": "2025-06-26T10:16:14.240Z", "sessionID": "dd0a5bfa-f6c8-44a3-b882-65b643526c78"}
{"type": "querySubmitted", "timestamp": "2025-06-26T10:16:19.412Z", "sessionID": "dd0a5bfa-f6c8-44a3-b882-65b643526c78", "query": "basketball vs golf"}
{"docno": "Sb032fa0a-A75c4305e", "score": 32.1179731738824}
{"docno": "Sb032fa0a-A3ec4276c", "score": 27.881765211928737}
{"docno": "S2e6a0d7e-Aa4f9459c", "score": 22.44394708816154}
{"docno": "Se0aece74-A7d49da2e", "score": 22.220091146697076}
{"docno": "Sbb04abe6-Ae1a368b3", "score": 21.71440288480717}
{"docno": "S2831ac87-A279eaee7", "score": 19.43002154540261}
{"docno": "S331dbe36-Aec018aad", "score": 19.362879815529205}
{"docno": "Sa2449587-A25a1c8d9", "score": 19.283719067090598}
{"docno": "Sc788fb1e-A6fea4bae", "score": 19.27678278922918}
{"docno": "S331dbe36-A48e81bc", "score": 18.902790621088787}
{"docno": "Sedab086a-A37f9df85", "score": 18.902790621088787}
{"docno": "S2e6a0d7e-A29ba3240", "score": 18.901896933118824}
{"docno": "S2c13cc23-A46f62d8e", "score": 18.59363325218304}
{"docno": "S331dbe36-A1ab1fd44", "score": 18.53633380590378}
{"docno": "S2c13cc23-Add292560", "score": 18.533469536177318}
{"docno": "Sf6c3ab3f-A5270390c", "score": 18.445368682035106}
{"docno": "Sa2449587-A91a8f588", "score": 18.238398155520933}
{"docno": "Sedab08a8-A537c0a9", "score": 18.18050778025921}
{"docno": "S46ffef62-Adbed43d1", "score": 18.17284687709084}
{"docno": "Sa452c48c-Ab569c84b", "score": 17.95526271503269}
{"docno": "S331dbe36-A2e2c0f7b", "score": 17.89648226838389}
{"docno": "Sedab08a8-Aeb15fa1e", "score": 17.840738776239437}
{"docno": "Sedab086a-A1b2b69e2", "score": 17.840738776239437}
{"docno": "S8b62fc9c-Ac812f68d", "score": 17.785341462553063}
{"docno": "S7768222e-Aaf80531e", "score": 17.75514288646307}
{"docno": "Sbb04abe6-A43a15a87", "score": 17.644982024017175}
{"docno": "S181c69f4-A45d96941", "score": 17.622753769628318}
{"docno": "S31ff7b7c-Adac937e1", "score": 17.31215079759271}
{"docno": "Sa452c48c-A29b70081", "score": 17.276978015285245}
{"docno": "S7768222e-Adc0338c6", "score": 17.160513335393393}
{"docno": "S66d8c001-A1cba39ed", "score": 17.083738637487674}
{"docno": "Sedab086a-Aaf256b9f", "score": 17.00764784696078}
{"docno": "Sbb04abe6-A259c1dbe", "score": 16.971056645597827}
{"docno": "S5c626591-A70b988b9", "score": 16.942207756448198}
{"docno": "Sdf011769-A8f1cd34f", "score": 16.747755134043498}
{"docno": "S6b8ef422-A839e2339", "score": 16.709944190841547}
{"docno": "Sedab08a8-A58c94516", "score": 16.597528846429906}
{"docno": "S2c13cc23-A7e1fbc18", "score": 16.36271986478955}
{"docno": "S15a084a9-Ad5445d75", "score": 16.358443761785892}
{"docno": "S1ce61a7e-Affcab309", "score": 16.33089222219408}
{"docno": "S7a067c79-A41b493d8", "score": 16.070652915734193}
{"docno": "Sb5eb4943-A85a43376", "score": 16.03334993387821}
{"docno": "S8e01fedb-A527491b0", "score": 15.894912824495085}
{"docno": "S953298b6-Abb3af4da", "score": 15.864202724734964}
{"docno": "Sf3651848-A10ab222e", "score": 15.811235360587352}
{"docno": "Sedab086a-Af53202c8", "score": 15.774733851169236}
{"docno": "Sa452c48c-Acc9c056b", "score": 15.746867666170582}
{"docno": "S155df0f5-A790afcd9", "score": 15.547578405846417}
{"docno": "Se99175b-A6a999407", "score": 15.54055815914471}
{"docno": "Sd1240662-Acf4457cd", "score": 15.489462862308212}
{"docno": "S2093606e-Ad7e12183", "score": 15.428054536190574}
{"docno": "S6418f524-Af3a77d11", "score": 15.389324967451243}
{"docno": "Sf6c3ab3f-Aa5065996", "score": 15.387263553169749}
{"docno": "Sd6fe8ea1-A2cb2bfa7", "score": 15.382555060968615}
{"docno": "S3c6a4e0b-A26d4a53c", "score": 15.371859927055397}
{"docno": "S360d2c-Ada6a43ab", "score": 15.303635888168385}
{"docno": "S2093606e-A4ab1c5a7", "score": 15.303635888168385}
{"docno": "S953298b6-A4a07f2b0", "score": 15.298050976393023}
{"docno": "S7d29c1d6-A4f35d2fe", "score": 15.277817720782691}
{"docno": "Sedab08a8-Adbc335b1", "score": 15.264244712302542}
{"docno": "S94cfa0e6-Acb898ad0", "score": 15.2315000081325}
{"docno": "S15a084a9-A7e046279", "score": 15.218046627814124}
{"docno": "Sdf011769-A15b1244c", "score": 15.172812596876936}
{"docno": "Se99175b-Af1f7d50e", "score": 15.15464485475872}
{"docno": "Secf46394-Aea362dd4", "score": 15.131630974567614}
{"docno": "S740325d7-Ab66cbff", "score": 15.061484353413249}
{"docno": "S2093606e-A72acb07f", "score": 15.056158145853002}
{"docno": "S8c747b7d-A18a0cfc3", "score": 15.056158145853002}
{"docno": "S740325d7-A6f8b39d", "score": 15.05253535477383}
{"docno": "Sb88bdc7a-A92a9fbff", "score": 15.031546787447361}
{"docno": "S8d55788c-A5f25e10c", "score": 15.02966319793323}
{"docno": "Sd6ef599d-Ab32f3ffe", "score": 15.024015260697233}
{"docno": "S4ebaa161-Ab52e1d18", "score": 15.010794683814359}
{"docno": "S7af1d8b8-A8cd64a7c", "score": 14.976506258104695}
{"docno": "Sd6cf79d9-A7d10ab5f", "score": 14.93681700296737}
{"docno": "S2ed2247e-A17aef9f9", "score": 14.929376862212465}
{"docno": "Sb03e7413-A573f64a8", "score": 14.924908571699124}
{"docno": "S2c13cc23-A74c4a0a9", "score": 14.912274025116806}
{"docno": "Scf93f5b3-A557a0615", "score": 14.901241334871697}
{"docno": "S2093606e-A2a7ba861", "score": 14.882425013063845}
{"docno": "Sd5f4ad8d-A9e5cc98e", "score": 14.882425013063845}
{"docno": "S4a6f90c3-Af5da9913", "score": 14.848741861820727}
{"docno": "Sfec35ae8-Aaa65645d", "score": 14.84416484854208}
{"docno": "Sa8406f64-A6edd4c9d", "score": 14.774820841987221}
{"docno": "S822d4531-Aa93f50e4", "score": 14.728147785684161}
{"docno": "Sb2ef2a6d-A164d9a44", "score": 14.723478593873644}
{"docno": "S94cfa0e6-Ad4bb4581", "score": 14.706121699265795}
{"docno": "Sd6fe8ea1-A92814b29", "score": 14.706121699265795}
{"docno": "S42280318-Ab215f32e", "score": 14.706121699265795}
{"docno": "S2e6a0d7e-Abd7a09b", "score": 14.677521893179199}
{"docno": "S3bb42b3a-A9a43090b", "score": 14.677521893179199}
{"docno": "S14c378f4-A458ea0ec", "score": 14.643092921380406}
{"docno": "Scbc0268d-A50229352", "score": 14.640215666151763}
{"docno": "S28ecc625-Ad6586587", "score": 14.638058466654032}
{"docno": "S8e01fedb-Ad9fc5b10", "score": 14.638058466654032}
{"docno": "Scbc0268d-A34b25044", "score": 14.570622355423911}
{"docno": "Sec460533-A1147d39b", "score": 14.515468335282941}
{"docno": "Se2031e66-A5274468c", "score": 14.505922546414332}
{"docno": "S15a084a9-A62718efd", "score": 14.48589148567657}
{"docno": "S822d4531-Acba41ac7", "score": 14.475896686489104}
{"type": "toggleArgument", "timestamp": "2025-06-26T10:16:31.449Z", "sessionID": "dd0a5bfa-f6c8-44a3-b882-65b643526c78", "rank": "7", "doc": "S331dbe36-Aec018aad", "action": "expand", "doclen": 420, "score": 27.153319709893687}
{"type": "queryBoxFocused", "timestamp": "2025-06-26T10:16:37.154Z", "sessionID": "dd0a5bfa-f6c8-44a3-b882-65b643526c78"}
{"type": "querySubmitted", "timestamp": "2025-06-26T10:16:43.281Z", "sessionID": "dd0a5bfa-f6c8-44a3-b882-65b643526c78", "query": "definition of sports"}
{"docno": "S44db19b-Aab2d1b2f", "score": 17.173667447889564}
{"docno": "Sbbfa8d2f-A602e7393", "score": 17.057656270130195}
{"docno": "S3bd1784e-A8cc79ffa", "score": 16.974051375818437}
{"docno": "Sedab086a-A1b2b69e2", "score": 16.926459373647752}
{"docno": "S158256a-A12548410", "score": 16.854751205830656}
{"docno": "Sc82afeaa-A9f093eea", "score": 16.7605988926763}
{"docno": "S97a51368-Aa531d4d3", "score": 16.587934094620437}
{"docno": "Sf888e5a8-A781bfc9b", "score": 16.29250370541051}
{"docno": "S1979ed8c-A51955474", "score": 16.249387389588478}
{"docno": "S2a05382b-A15703c24", "score": 16.118952918885753}
{"docno": "Sc788fb1e-A6fea4bae", "score": 16.11400407897775}
{"docno": "S97a51368-Ae1915fa0", "score": 15.920826633775835}
{"docno": "S1d13f979-A30f8d100", "score": 15.848828607711386}
{"docno": "S6b8ef422-A839e2339", "score": 15.841367931599732}
{"docno": "S2ac397ba-A11529f2f", "score": 15.832691572874683}
{"docno": "S3b723cb2-Ae43b19a7", "score": 15.816135223859613}
{"docno": "Sbb04abe6-A1fdac81c", "score": 15.725259939796551}
{"docno": "S51afcf0c-Ad6cbeab9", "score": 15.697558480969578}
{"docno": "S703f225d-Ab51bece4", "score": 15.692707223354141}
{"docno": "S703f225d-A8eaddf27", "score": 15.678748372206629}
{"docno": "S77158806-Ace84c5e2", "score": 15.66163788830226}
{"docno": "S44db1ba-Ac8a2cd60", "score": 15.642522283927788}
{"docno": "S9aa31b74-A9c511cc0", "score": 15.630379601656914}
{"docno": "Sf6c3ab3f-A5270390c", "score": 15.620275177242203}
{"docno": "S5ddca51f-Adf3fe654", "score": 15.576192896792854}
{"docno": "S8b8b07a3-Ae9c7a0cd", "score": 15.565281341077448}
{"docno": "S3b723cb2-A6b2ea9f5", "score": 15.533596646453438}
{"docno": "Sbb04abe6-A1f2d303c", "score": 15.518763351611}
{"docno": "S3b723cb2-Ab6b096b5", "score": 15.457758274593285}
{"docno": "S4a6f90c3-Aea15c05e", "score": 15.374347837773522}
{"docno": "Se44eb5a8-A632673a", "score": 15.372006663356881}
{"docno": "Sc1132701-Abfda72fd", "score": 15.3473675750935}
{"docno": "S6c7956fa-A6717d16d", "score": 15.317705384629535}
{"docno": "S8483df37-Af41328af", "score": 15.30928958969431}
{"docno": "S1baa9f21-Acc0e08b6", "score": 15.2633742686507}
{"docno": "Se183e945-A36e53e3a", "score": 15.2633742686507}
{"docno": "S1793ab4c-Abce12c6d", "score": 15.2633742686507}
{"docno": "Se44eb5a8-Aee6de55", "score": 15.26103647696634}
{"docno": "Sa452c48c-Ab569c84b", "score": 15.234170114558477}
{"docno": "S67c5f1b2-A6779f0a3", "score": 15.21528535756352}
{"docno": "S9dc70dbc-A53dc3e41", "score": 15.167976560608444}
{"docno": "S54792661-A4fa3fee2", "score": 15.165068473424562}
{"docno": "S44db1ba-Aa3ccd58c", "score": 15.150308275605715}
{"docno": "Sa81751a9-A282a4d74", "score": 15.095337132107904}
{"docno": "Sedab086a-Aaf256b9f", "score": 15.092262783702314}
{"docno": "S49f41610-A8fc7529", "score": 15.054974085304085}
{"docno": "Sd38a90ee-Af9563ac2", "score": 15.033580962496119}
{"docno": "S181c69f4-A45d96941", "score": 15.02735791193137}
{"docno": "Sa452c48c-Acc9c056b", "score": 15.01863193624313}
{"docno": "S9aa31b74-A9ba41485", "score": 15.01849593405937}
{"docno": "Sfe80d4ce-A5b0892a6", "score": 14.939910799042593}
{"docno": "S2ac397ba-A75a7a388", "score": 14.89534619780928}
{"docno": "Sf888e5a8-A55a61640", "score": 14.853811593327995}
{"docno": "S9c106140-A31d313f8", "score": 14.81538814344184}
{"docno": "S1baa9f21-A195db11c", "score": 14.812000390308604}
{"docno": "S1fbc253e-Adea1b1de", "score": 14.753866161002655}
{"docno": "S1fbc251f-Ab449b5b4", "score": 14.749434308369233}
{"docno": "S703f21a3-A8613642c", "score": 14.71022027134648}
{"docno": "S5cf87748-A1e65f3ad", "score": 14.69644200789445}
{"docno": "S1979ed8c-A8c93ef84", "score": 14.695904230724114}
{"docno": "S9823cd85-Aa4f468fe", "score": 14.690738909132158}
{"docno": "Sac54db00-Aa143cc94", "score": 14.574988860452848}
{"docno": "S6d0f4608-A1e6f549d", "score": 14.540055012675914}
{"docno": "S703f223e-A81d71d25", "score": 14.513567814472337}
{"docno": "S60e5fd41-Aee965818", "score": 14.469933516371327}
{"docno": "S76dba12-Ac64c26b2", "score": 14.45489437794331}
{"docno": "S44db19b-A67564324", "score": 14.449971359329208}
{"docno": "S4da27ee5-A34a9c23", "score": 14.421827980867905}
{"docno": "Sada27e69-A7d52ae37", "score": 14.35166699091383}
{"docno": "S703f21a3-Ac8b7d20e", "score": 14.275571689096097}
{"docno": "Sedc9c8f7-Aff7c559b", "score": 14.273890845724068}
{"docno": "Sd8891cb5-A9f4c7470", "score": 14.272033286664993}
{"docno": "S1979ed8c-Ac75bf086", "score": 14.260053845962478}
{"docno": "S331dbe36-A48e81bc", "score": 14.225543570545934}
{"docno": "Sd38a90ee-Ace8f689a", "score": 14.213533626382914}
{"docno": "S1d13f979-A37701a6b", "score": 14.198361800812094}
{"docno": "Sf6314bf-Ae819688", "score": 14.177113459381596}
{"docno": "Sf81067da-A3a444651", "score": 14.154474135314846}
{"docno": "S44db19b-A76c625d4", "score": 14.108544264225191}
{"docno": "Sbb04abe6-A43a15a87", "score": 14.038940129567415}
{"docno": "Se2ff8b36-A3b7d140c", "score": 14.025460936887008}
{"docno": "S2f2a2b21-A6aff451e", "score": 14.021053367828962}
{"docno": "Sf3244b27-A28108b88", "score": 14.004352994817914}
{"docno": "S580aea53-Acddff5cf", "score": 14.003264979276828}
{"docno": "S5da59615-Acc71b2a9", "score": 13.91122411713733}
{"docno": "Sa5088c85-A10d7ae72", "score": 13.899215034091524}
{"docno": "S2c13cc23-A7e1fbc18", "score": 13.898033929619485}
{"docno": "S4da27ee5-Aa50e28a0", "score": 13.817452515775502}
{"docno": "S51afcf2b-A810d5078", "score": 13.793346574312913}
{"docno": "S2c83497d-A49581ae8", "score": 13.790841031355221}
{"docno": "Sa023e538-A6918b68e", "score": 13.772283614355878}
{"docno": "S2ac397ba-A84e5f387", "score": 13.767980445039472}
{"docno": "S49b078ea-Aa5f2454", "score": 13.738610304927011}
{"docno": "Sdf18134f-A119eb53", "score": 13.722959033743683}
{"docno": "Sc3be22c5-Adc673acb", "score": 13.686825220359221}
{"docno": "Sf1c64e5b-A784a333f", "score": 13.635479389184418}
{"docno": "S815cc433-Ac90ad725", "score": 13.614314003587337}
{"docno": "S181c69f4-Ac2797ac7", "score": 13.606266866499187}
{"docno": "Se4499700-A814bb62d", "score": 13.569680555701844}
{"docno": "Sf37e79be-Afb2dab3a", "score": 13.55512340624488}
{"type": "pageNavigationClicked", "timestamp": "2025-06-26T10:16:49.673Z", "sessionID": "dd0a5bfa-f6c8-44a3-b882-65b643526c78", "clicked": "7", "fromPage": 1, "toPage": 7}
{"type": "toggleArgument", "timestamp": "2025-06-26T10:16:52.024Z", "sessionID": "dd0a5bfa-f6c8-44a3-b882-65b643526c78", "rank": "62", "doc": "Sac54db00-Aa143cc94", "action": "expand", "doclen": 384, "score": 14.574988860452848}
{"type": "toggleArgument", "timestamp": "2025-06-26T10:16:55.968Z", "sessionID": "dd0a5bfa-f6c8-44a3-b882-65b643526c78", "rank": "61", "doc": "S9823cd85-Aa4f468fe", "action": "expand", "doclen": 798, "score": 14.690738909132158}
{"type": "pageNavigationClicked", "timestamp": "2025-06-26T10:17:04.024Z", "sessionID": "dd0a5bfa-f6c8-44a3-b882-65b643526c78", "clicked": "8", "fromPage": 7, "toPage": 8}
{"type": "toggleArgument", "timestamp": "2025-06-26T10:17:13.080Z", "sessionID": "dd0a5bfa-f6c8-44a3-b882-65b643526c78", "rank": "78", "doc": "Sf81067da-A3a444651", "action": "expand", "doclen": 2387, "score": 20.043064150725485}
{"type": "toggleArgument", "timestamp": "2025-06-26T10:17:18.792Z", "sessionID": "dd0a5bfa-f6c8-44a3-b882-65b643526c78", "rank": "80", "doc": "Sbb04abe6-A43a15a87", "action": "expand", "doclen": 1081, "score": 28.443367140073505}
{"type": "StanceClicked", "timestamp": "2025-06-26T10:17:25.129Z", "sessionID": "dd0a5bfa-f6c8-44a3-b882-65b643526c78", "rank": "80", "stance": "pro", "action": "chooseStance", "doc": "Sbb04abe6-A43a15a87", "doclen": 1081, "score": 28.443367140073505}
{"type": "pageNavigationClicked", "timestamp": "2025-06-26T10:17:26.975Z", "sessionID": "dd0a5bfa-f6c8-44a3-b882-65b643526c78", "clicked": "Next ", "fromPage": 8, "toPage": 9}
{"type": "pageNavigationClicked", "timestamp": "2025-06-26T10:17:43.286Z", "sessionID": "dd0a5bfa-f6c8-44a3-b882-65b643526c78", "clicked": "10", "fromPage": 9, "toPage": 10}
{"type": "toggleArgument", "timestamp": "2025-06-26T10:17:59.366Z", "sessionID": "dd0a5bfa-f6c8-44a3-b882-65b643526c78", "rank": "82", "doc": "S2f2a2b21-A6aff451e", "action": "expand", "doclen": 1292, "score": 11.72206783200058}
{"type": "toggleArgument", "timestamp": "2025-06-26T10:18:09.486Z", "sessionID": "dd0a5bfa-f6c8-44a3-b882-65b643526c78", "rank": "87", "doc": "S2c13cc23-A7e1fbc18", "action": "expand", "doclen": 785, "score": 26.707333804794153}
{"type": "queryBoxFocused", "timestamp": "2025-06-26T10:18:28.958Z", "sessionID": "dd0a5bfa-f6c8-44a3-b882-65b643526c78"}
{"type": "querySubmitted", "timestamp": "2025-06-26T10:18:37.461Z", "sessionID": "dd0a5bfa-f6c8-44a3-b882-65b643526c78", "query": "most poular sports"}
{"docno": "S5e19cc92-A49efcfc6", "score": 12.658677407457605}
{"docno": "S49f41610-Ac01137e2", "score": 11.921856015877754}
{"docno": "S2ac397ba-A11529f2f", "score": 11.730700589558499}
{"docno": "S2ac397ba-Af4e24a28", "score": 11.721028739769404}
{"docno": "S9be99e1b-Ae4c082e", "score": 11.681004276178042}
{"docno": "Se9001fdb-A76f96e17", "score": 11.67925255270261}
{"docno": "S185c50aa-A572db213", "score": 11.675547200754673}
{"docno": "S5b40f34d-A87c9a5c1", "score": 11.667371141213307}
{"docno": "S3103bdf1-Aefdf7be1", "score": 11.651857347571864}
{"docno": "S3b1910e-A51a03aab", "score": 11.650901360638862}
{"docno": "Sb5ccaffb-Aff1a9830", "score": 11.620953201692574}
{"docno": "Se2a520e8-Aca1ab828", "score": 11.60087411407094}
{"docno": "S49f41610-Af83340d6", "score": 11.591158609012632}
{"docno": "Sbbfa8d2f-A602e7393", "score": 11.588552203886746}
{"docno": "S6143b928-Ab0506b44", "score": 11.587562664078158}
{"docno": "S44db19b-A528dff5e", "score": 11.572323260633445}
{"docno": "S3bad8f8-A712bfc62", "score": 11.569129029055372}
{"docno": "S49f41610-A80209d4a", "score": 11.559800332667159}
{"docno": "S6f0ced96-Aa853819c", "score": 11.556170376001779}
{"docno": "S3b1910e-A110482ef", "score": 11.552609102852768}
{"docno": "Sf6c3ab3f-A5270390c", "score": 11.532961999378937}
{"docno": "S818a9bee-A3b8f469c", "score": 11.53258735012092}
{"docno": "Sd6cf9790-A895585b2", "score": 11.521866826217876}
{"docno": "S1407f153-A8751fcd9", "score": 11.51338160868229}
{"docno": "Sd7c86889-A1a357dab", "score": 11.509100381399554}
{"docno": "Sdb0ae60a-A9c0e43be", "score": 11.50268450701835}
{"docno": "Sfa540128-Ab697bd49", "score": 11.492148073228769}
{"docno": "S4a6f90c3-Aea15c05e", "score": 11.488877499523594}
{"docno": "S5e8112de-A6ef52fca", "score": 11.48570888414791}
{"docno": "S1d3c3a1a-Af8f02005", "score": 11.481513798127096}
{"docno": "S158256a-A12548410", "score": 11.462412277428067}
{"docno": "S44db1ba-Aa3ccd58c", "score": 11.44977532242557}
{"docno": "S9ca295b7-Abd93f0a3", "score": 11.448158765819137}
{"docno": "Sf3370863-A496c55f0", "score": 11.446523943917756}
{"docno": "Sc788fb1e-A6fea4bae", "score": 11.445831986255472}
{"docno": "S80637f32-A267502b6", "score": 11.445831986255472}
{"docno": "Sda2ad085-A5dd51405", "score": 11.445831986255472}
{"docno": "S44db19b-Aab2d1b2f", "score": 11.444860116243474}
{"docno": "Sf8613cc0-Aa66266f6", "score": 11.44086890261923}
{"docno": "S5e8112de-A40575fa5", "score": 11.439209985005855}
{"docno": "S37f7140f-A2e14b100", "score": 11.43522880004925}
{"docno": "S9704d9fe-A173d9c00", "score": 11.432051673927795}
{"docno": "S3655f1b1-Abaf8e72", "score": 11.39603060052754}
{"docno": "S5e8112de-A1c27bee9", "score": 11.391509180704059}
{"docno": "S490c716b-A352ae7a7", "score": 11.382707922063581}
{"docno": "S6dc1a714-A3bea6ada", "score": 11.376335561554951}
{"docno": "Sb27d0dc2-Aab1df3e8", "score": 11.376335561554951}
{"docno": "S6ac1d741-A2553b07d", "score": 11.373843428556459}
{"docno": "Sf8a86b1-A2358027b", "score": 11.370163300745933}
{"docno": "S51afcf2b-A6584c431", "score": 11.370163300745933}
{"docno": "Sc82afeaa-A9f093eea", "score": 11.367520095908109}
{"docno": "S2093606e-Ab0ce239a", "score": 11.3581913614408}
{"docno": "S36e8bbef-A871812e8", "score": 11.3581913614408}
{"docno": "Se2bfa5e5-A54a9b52a", "score": 11.348420793119786}
{"docno": "Sbb04abe6-A1f2d303c", "score": 11.348420793119786}
{"docno": "Sae9798f2-A5ac73f3d", "score": 11.345300921520455}
{"docno": "Sedab08a8-Adbc335b1", "score": 11.338294055853941}
{"docno": "S1d13f9d6-A1e410234", "score": 11.334035748106372}
{"docno": "S6c7956fa-A44e80742", "score": 11.32972725935678}
{"docno": "S3bbff083-A1a7b35e0", "score": 11.321173398596327}
{"docno": "Sf888e5a8-A55a61640", "score": 11.319505159525743}
{"docno": "S7d29c1b7-Aec41cf5a", "score": 11.316901309964836}
{"docno": "S3d8d264e-Ac5c9da02", "score": 11.31340836212991}
{"docno": "S5cf87748-Ae0d0a16e", "score": 11.302304955950504}
{"docno": "S3bd1784e-A8cc79ffa", "score": 11.28643828325922}
{"docno": "S1d13f998-Ac6876239", "score": 11.277841734350789}
{"docno": "Se9001fdb-Ae2013170", "score": 11.265351888126226}
{"docno": "S4ed3949c-A6f135817", "score": 11.262969219406902}
{"docno": "S6c7956fa-A6717d16d", "score": 11.256919327377778}
{"docno": "S885c45a0-A7040ae6a", "score": 11.245184552458538}
{"docno": "S3d8d264e-A5a2704e3", "score": 11.237647055302332}
{"docno": "S976da052-A594dce3f", "score": 11.226714075258695}
{"docno": "Sf888e5a8-A781bfc9b", "score": 11.226242161727304}
{"docno": "S517d5599-A947bce47", "score": 11.225680868476013}
{"docno": "S6b976ba5-Aa5870cb8", "score": 11.225680868476013}
{"docno": "S6ac1d741-A9633847c", "score": 11.222400913583597}
{"docno": "Se645636d-A2e2bf579", "score": 11.222400913583597}
{"docno": "S703f225d-A8eaddf27", "score": 11.20328617721969}
{"docno": "S181c69f4-A45d96941", "score": 11.201286522987443}
{"docno": "S17a6e6e7-A5eacd26c", "score": 11.191203729639126}
{"docno": "S8b8b07a3-Ae9c7a0cd", "score": 11.190842937802307}
{"docno": "S2e3556c7-A84d5a16a", "score": 11.188638604168634}
{"docno": "Sad998274-A271df109", "score": 11.180037578564272}
{"docno": "S1d13f9d6-A14b6f00e", "score": 11.163210400656286}
{"docno": "S895fbbe-A724be5b0", "score": 11.151839998402593}
{"docno": "S9aa31b74-A9c511cc0", "score": 11.1510534247373}
{"docno": "Se2ff8b36-A3b7d140c", "score": 11.14254113448801}
{"docno": "Se2a520e8-A1111e703", "score": 11.141958291216696}
{"docno": "S2093606e-Aa3831d67", "score": 11.135713988442896}
{"docno": "S9dc70dbc-Afd240076", "score": 11.135277385776192}
{"docno": "S815cc433-Afa8606de", "score": 11.134404283143123}
{"docno": "S3103bdf1-A9ccb2fc2", "score": 11.123968999491739}
{"docno": "S6ac1d741-Ad9fdfe6a", "score": 11.122016515235321}
{"docno": "Scf1b4187-A760a9956", "score": 11.121129248952563}
{"docno": "S9823cd85-Aa4f468fe", "score": 11.1170230036724}
{"docno": "S185c50aa-Ac4d57cfe", "score": 11.115282654934136}
{"docno": "Sc1c72b69-A6a834d36", "score": 11.115282654934136}
{"docno": "S9f58a304-A16c48af4", "score": 11.115282654934136}
{"docno": "S885c45a0-A95fb832f", "score": 11.112066886574405}
{"docno": "S4a6f90c3-Af5da9913", "score": 11.1031570027646}
{"type": "pageNavigationClicked", "timestamp": "2025-06-26T10:18:47.636Z", "sessionID": "dd0a5bfa-f6c8-44a3-b882-65b643526c78", "clicked": "2", "fromPage": 1, "toPage": 2}
{"type": "toggleArgument", "timestamp": "2025-06-26T10:18:54.436Z", "sessionID": "dd0a5bfa-f6c8-44a3-b882-65b643526c78", "rank": "14", "doc": "Sbbfa8d2f-A602e7393", "action": "expand", "doclen": 1540, "score": 17.057656270130195}
{"type": "ClickedEndTask", "timestamp": "2025-06-26T10:19:04.477Z", "sessionID": "dd0a5bfa-f6c8-44a3-b882-65b643526c78"}
{"type": "TaskEndConfirmed", "timestamp": "2025-06-26T10:19:08.468Z", "sessionID": "dd0a5bfa-f6c8-44a3-b882-65b643526c78"}
{"type": "TaskEnded", "timestamp": "2025-06-26T10:19:14.388Z", "sessionID": "dd0a5bfa-f6c8-44a3-b882-65b643526c78", "reason": "time over", "translated_reason": "Time Over"}
