{"type": "idSubmitted", "timestamp": "2025-06-26T11:27:35.206Z", "sessionID": "b1bbe45f-3318-48fb-9b80-cfb6b3f9352d", "uid": "Participant33"}
{"type": "TaskStarted", "timestamp": "2025-06-26T11:29:34.532Z", "sessionID": "b1bbe45f-3318-48fb-9b80-cfb6b3f9352d", "task": "1", "uid": "Participant33", "topic": "Should performance-enhancing drugs be accepted in sports?"}
{"type": "queryBoxFocused", "timestamp": "2025-06-26T11:29:41.727Z", "sessionID": "b1bbe45f-3318-48fb-9b80-cfb6b3f9352d"}
{"type": "querySubmitted", "timestamp": "2025-06-26T11:30:07.621Z", "sessionID": "b1bbe45f-3318-48fb-9b80-cfb6b3f9352d", "query": "are performance-enhancing drugs dangerous for your body"}
{"docno": "Sedf74180-Ae40eed58", "score": 24.192525966480858}
{"docno": "Sf84db23d-Ab53788ee", "score": 23.560712719773747}
{"docno": "Sa56a8385-A542bbf26", "score": 23.288296576265104}
{"docno": "S1fba06e8-A5fd21cc3", "score": 23.15638399866447}
{"docno": "S619b767f-Af5d5fe9b", "score": 22.923687020376047}
{"docno": "S5ef4ba1a-Ab24be2e1", "score": 22.833638155744936}
{"docno": "S661e99a7-Ab967eef7", "score": 22.828104663173754}
{"docno": "S94007a26-A38b0ce67", "score": 22.505085849591683}
{"docno": "S8c1650a5-Af9cdfd68", "score": 22.21323526265398}
{"docno": "Sb9730c1d-A44b6fb87", "score": 21.279716406146907}
{"docno": "S8c165102-Acd5b2dfa", "score": 21.161558380581234}
{"docno": "Se7c8515a-A1494dcb2", "score": 21.151923170081183}
{"docno": "S3467ff4e-Aecf7b85e", "score": 21.059844462346284}
{"docno": "Sedf7419f-Afdd7a9a4", "score": 20.55568151155767}
{"docno": "S2827e756-Aab6f46dd", "score": 20.369479768826764}
{"docno": "S18fd4547-Ae3b19b3e", "score": 20.269278090248427}
{"docno": "S59d1fc1c-A6147dc2f", "score": 19.95955996588108}
{"docno": "S61bc36ea-A8251941d", "score": 19.84876566303907}
{"docno": "S3a437e48-A50a1289f", "score": 19.77206990853525}
{"docno": "Sf84db23d-A2d0fed43", "score": 19.72968199755595}
{"docno": "S629701cf-A21123f09", "score": 19.67429309248458}
{"docno": "Sf5b0db6a-Aff212c1f", "score": 19.617052588495433}
{"docno": "S5703a6b0-Ae9b5a90e", "score": 19.538364804327347}
{"docno": "S9235f81f-A6b7a1ad9", "score": 19.484755919942817}
{"docno": "Sb4affe28-A7a1e0386", "score": 19.46898591791575}
{"docno": "S96518282-A5da24f4b", "score": 19.4068211799635}
{"docno": "S1914afd5-A12735580", "score": 19.34913500218003}
{"docno": "Saab6f238-A8416b4eb", "score": 19.283659163844046}
{"docno": "S38e1cb02-A8425e207", "score": 19.143678070315143}
{"docno": "Sca2a4aa8-A64fa113", "score": 19.103004820877356}
{"docno": "S7f8a714c-Af4f836c9", "score": 19.061920648254205}
{"docno": "Sd1b6be4-A2c7a4efa", "score": 18.955515102932125}
{"docno": "Sa799c6ee-A52320bcd", "score": 18.951654283471434}
{"docno": "S8bc36feb-Aebd3aea", "score": 18.918668571388324}
{"docno": "Sd93c35f-Ac2ce2550", "score": 18.904031348261697}
{"docno": "S1fba06e8-Adfed544", "score": 18.795564381440304}
{"docno": "S9f5396d0-A59d24c25", "score": 18.78754233946737}
{"docno": "S7c8b175c-A1b1fa9a4", "score": 18.779467747193614}
{"docno": "Sfff9017b-Aa88ae24b", "score": 18.774943700755806}
{"docno": "S23d69a69-A949079bd", "score": 18.56641342829439}
{"docno": "S2d0fc75c-A43f9225a", "score": 18.49402157597008}
{"docno": "Sb62ca38e-A33e227d0", "score": 18.299730325914588}
{"docno": "S59424b06-A7855aaf7", "score": 18.193522603339357}
{"docno": "S7a681149-A111f6ff1", "score": 18.100315782470826}
{"docno": "Sbb7b9e0f-A51cc0edc", "score": 18.036748696965713}
{"docno": "S2fc94acb-Adef29a3f", "score": 18.034557806334895}
{"docno": "Sa799c6ee-A1160e0f3", "score": 18.01369729044032}
{"docno": "Sa7c47a5c-A5d8701e9", "score": 17.84558198961889}
{"docno": "Sdff8f1b4-A45f6d106", "score": 17.840697708369966}
{"docno": "Sbd7e78ba-A4183b85b", "score": 17.827750606705486}
{"docno": "S23d69aa7-A22e22ab6", "score": 17.821444657712913}
{"docno": "Sca04a0bb-A2aaf8050", "score": 17.79024866350511}
{"docno": "S8c165121-Abd5f0cbf", "score": 17.74091334324421}
{"docno": "S8c165102-A46fbc483", "score": 17.74091334324421}
{"docno": "S8c16515f-Abd5f0cbf", "score": 17.74091334324421}
{"docno": "S8c165140-Abd5f0cbf", "score": 17.74091334324421}
{"docno": "S1bab81b8-Ae56b22e3", "score": 17.69960953866889}
{"docno": "S8c1650c4-A9364f97a", "score": 17.64815201093979}
{"docno": "S8c1650a5-A5da60130", "score": 17.64815201093979}
{"docno": "S71836ff8-A2ad80e44", "score": 17.624086536534726}
{"docno": "S7a681149-Ab3b05eb7", "score": 17.61887210905093}
{"docno": "S90bdd4aa-A318f1331", "score": 17.58107613293602}
{"docno": "Sbbf6cdc3-A7086f049", "score": 17.55153142056034}
{"docno": "S90bdd4aa-Ad6d131b4", "score": 17.51652895691966}
{"docno": "Sd42a9277-A8483203c", "score": 17.512901168650238}
{"docno": "Sd267a8d5-A9ea90eeb", "score": 17.472768164048354}
{"docno": "S23d69aa7-Af6d8cca3", "score": 17.330971980677496}
{"docno": "Scc60bdc0-Ab8e9b304", "score": 17.330530271228785}
{"docno": "S58909300-Acca74351", "score": 17.304514156816985}
{"docno": "Sff5594a2-A153dd330", "score": 17.297250172639885}
{"docno": "S2827e756-Ad66c7e4e", "score": 17.267984386662636}
{"docno": "Sd267a8f4-A8cc2db34", "score": 17.258709474198724}
{"docno": "S6646d6c9-A312eb5d1", "score": 17.25487939191598}
{"docno": "Sdc92fa98-Ae7c28dee", "score": 17.24215588985294}
{"docno": "S6143b928-Aee2efbec", "score": 17.236781476747005}
{"docno": "Sdc273cd4-Adba1c2e6", "score": 17.22455846336906}
{"docno": "S59d1f8b8-Aafa38f", "score": 17.17757296254335}
{"docno": "Sc0de90c8-A5e833023", "score": 17.10389754234722}
{"docno": "S965182fe-A5aec400c", "score": 17.099175885349982}
{"docno": "S965182fe-A88f7cd1", "score": 17.091465208023187}
{"docno": "S946d6366-Abf51f911", "score": 17.090518020755372}
{"docno": "S676aeeb5-A8d1e9530", "score": 17.0574183591348}
{"docno": "S7a681149-A62a13aa", "score": 17.049267261314345}
{"docno": "Sd267a8d5-Aa0d22f6e", "score": 17.048169389391948}
{"docno": "Sd267a8f4-Aa0d22f6e", "score": 17.048169389391948}
{"docno": "Se650f9a4-Af3f3bb0c", "score": 17.044932629426615}
{"docno": "S94f2c4b7-A7a0c6ccf", "score": 17.02926487188899}
{"docno": "Sbf133c3b-A55e77b3f", "score": 17.01644411814885}
{"docno": "S40ff981c-Ae6b89f3f", "score": 17.01644411814885}
{"docno": "S40ff97fd-Ae6b89f3f", "score": 17.01644411814885}
{"docno": "S65fc8ffa-A7d6dd5a5", "score": 16.966476184315805}
{"docno": "S66907055-A393eddd6", "score": 16.965457132639184}
{"docno": "S65fc8ffa-A212cc8a1", "score": 16.953168690094955}
{"docno": "S90f04eb0-A506169a6", "score": 16.942534163676164}
{"docno": "S9c0105d0-A336d6c33", "score": 16.927375235380794}
{"docno": "Sbd77b6f0-Ab152c8e2", "score": 16.899124991238278}
{"docno": "S86fca776-A5fb33c33", "score": 16.89243389895936}
{"docno": "S90f04eb0-Ad2884769", "score": 16.866342969036182}
{"docno": "S9090051f-Acdfec0a4", "score": 16.85796752944601}
{"docno": "Sd267a5af-Abaf4caea", "score": 16.843371364759058}
{"type": "toggleArgument", "timestamp": "2025-06-26T11:30:19.052Z", "sessionID": "b1bbe45f-3318-48fb-9b80-cfb6b3f9352d", "rank": "1", "doc": "Sedf74180-Ae40eed58", "action": "expand", "doclen": 759, "score": 24.192525966480858}
{"type": "StanceClicked", "timestamp": "2025-06-26T11:30:23.133Z", "sessionID": "b1bbe45f-3318-48fb-9b80-cfb6b3f9352d", "rank": "1", "stance": "con", "action": "chooseStance", "doc": "Sedf74180-Ae40eed58", "doclen": 759, "score": 24.192525966480858}
{"type": "queryBoxFocused", "timestamp": "2025-06-26T11:30:36.190Z", "sessionID": "b1bbe45f-3318-48fb-9b80-cfb6b3f9352d"}
{"type": "querySubmitted", "timestamp": "2025-06-26T11:30:46.045Z", "sessionID": "b1bbe45f-3318-48fb-9b80-cfb6b3f9352d", "query": "performance-enhancing drugs in sports"}
{"docno": "S6143b928-A6b9d8811", "score": 23.348402440735534}
{"docno": "Sbb621258-A447412f", "score": 22.429198009033694}
{"docno": "Sf5b0db6a-Aff212c1f", "score": 20.458264751048432}
{"docno": "S44db19b-Aab2d1b2f", "score": 20.121107916714287}
{"docno": "Sb92c7df0-A97aa8dfa", "score": 19.603943778966652}
{"docno": "Sf5b0db6a-Ac1583031", "score": 19.24958462080146}
{"docno": "Sad998274-A6656c64", "score": 19.19997887439702}
{"docno": "S18fd4547-Ab6aab0d2", "score": 18.808465848262504}
{"docno": "Se9b63a9a-Abe55e800", "score": 18.779813369946208}
{"docno": "S18fd4547-A29432e96", "score": 18.480556209968878}
{"docno": "S18fd4547-A99a33bf3", "score": 18.435336828218546}
{"docno": "S54792661-A236fddf0", "score": 18.11756311093996}
{"docno": "Scc0b197d-A2fe8ac11", "score": 17.715314725263703}
{"docno": "S3e1ad519-A94e6703d", "score": 17.564928051392656}
{"docno": "S5ff35ceb-Ac2144e", "score": 17.49062558175804}
{"docno": "S87b43e8a-Ae0961456", "score": 17.313285987819278}
{"docno": "Sbb7b9e0f-A51cc0edc", "score": 17.287985825064194}
{"docno": "S5ddca51f-Adf3fe654", "score": 17.28674676329583}
{"docno": "S14c97916-A9c733f74", "score": 17.17969783428032}
{"docno": "S5ddca51f-A30ca5db9", "score": 17.0934051576184}
{"docno": "Se9b63a9a-A9001443d", "score": 17.042722830803392}
{"docno": "S5ddca51f-Ad5486377", "score": 17.028923927553166}
{"docno": "Sa9510197-A298c77bf", "score": 17.012608852316134}
{"docno": "Sa81751a9-A41fd1022", "score": 16.990702880981566}
{"docno": "Sbb7b9e0f-A77229037", "score": 16.910325490687754}
{"docno": "S3b723cb2-A6b2ea9f5", "score": 16.772487234092686}
{"docno": "S3b723cb2-Ab6b096b5", "score": 16.75413432390273}
{"docno": "S6c7956fa-Aa4fdd96d", "score": 16.745947443153714}
{"docno": "S3bad8f8-Ad091873b", "score": 16.537134528689812}
{"docno": "S6fc6b895-A695b9558", "score": 16.51730749702837}
{"docno": "S54792661-A4fa3fee2", "score": 16.50410680973446}
{"docno": "S7cea5ee7-A465ba032", "score": 16.5028728216681}
{"docno": "Sdf18134f-A119eb53", "score": 16.467288983212967}
{"docno": "Se0aece74-A98c3fdf1", "score": 16.403231105806356}
{"docno": "S8b1ecb36-Ab8cbf53b", "score": 16.390329957010646}
{"docno": "S1acaa7cf-Aba56bc53", "score": 16.387291142653556}
{"docno": "Sd4cf84c8-Ae32a328", "score": 16.381775281460538}
{"docno": "Sd4cf84c8-A840e59f4", "score": 16.28356984234528}
{"docno": "Sf9861c02-A6d9623c1", "score": 16.261390703075918}
{"docno": "Sa81751a9-A7e1eb73c", "score": 16.1521886630037}
{"docno": "Sa56a8385-A542bbf26", "score": 16.143842327028665}
{"docno": "S414e4d8a-A270215e4", "score": 16.13662519898471}
{"docno": "S68e6178d-Aaaa383f7", "score": 16.06932670671753}
{"docno": "Sbb7b9e0f-A5f442d19", "score": 16.042933510142042}
{"docno": "S18fd4547-Abea90638", "score": 16.026022595897764}
{"docno": "Se476977-Aff4d62b1", "score": 15.980509301436296}
{"docno": "S66b6583e-A2948b86d", "score": 15.934836834256703}
{"docno": "S6b1404b6-A482bb169", "score": 15.823156744861526}
{"docno": "Sf84db23d-Ac76003ea", "score": 15.765409682369722}
{"docno": "Se2a520e8-A1111e703", "score": 15.756935577102526}
{"docno": "S3bbff083-A4b7c610b", "score": 15.681909133945126}
{"docno": "Sf9861c02-A14bc101c", "score": 15.55611275383626}
{"docno": "S8b1ecb36-A91343726", "score": 15.553359908253636}
{"docno": "S683560ad-A30277bbb", "score": 15.52308467375742}
{"docno": "S5da59615-Aab965d50", "score": 15.49244991987786}
{"docno": "Sec5a2259-A47a9cbf6", "score": 15.459529128963677}
{"docno": "Scfde127a-Ab3de7fa3", "score": 15.418258892840747}
{"docno": "S567387b-A4e34762d", "score": 15.393265085418399}
{"docno": "S17a6e6e7-A5eacd26c", "score": 15.346751760195644}
{"docno": "S7acefaa0-A8426224c", "score": 15.329700157621794}
{"docno": "S899b8f0a-Ae5110211", "score": 15.294614822806189}
{"docno": "S4e2a557f-Ab02298fc", "score": 15.250023117066586}
{"docno": "Se7c8515a-A1494dcb2", "score": 15.214341584151402}
{"docno": "S26f1a2c3-Aaf03082e", "score": 15.203692379975905}
{"docno": "S4658246-A75d949be", "score": 15.183806310092336}
{"docno": "S6143b928-A4827cac2", "score": 15.112381742062642}
{"docno": "Saf2a5142-Ab4c517d0", "score": 15.077854237291774}
{"docno": "Sc8d9002d-A506c87a5", "score": 15.063813870232357}
{"docno": "S58791dc3-Aa016b880", "score": 15.036907717968349}
{"docno": "S698c4d0e-Aa4bd11bc", "score": 15.027160876164984}
{"docno": "S2831ac87-Ae6f91d08", "score": 14.992974884423127}
{"docno": "S19bc7160-Af2adc353", "score": 14.981678382381066}
{"docno": "Sd38a910d-A3cdfed21", "score": 14.972849927440379}
{"docno": "S8a2f8dc8-A49279cc1", "score": 14.961853600935324}
{"docno": "Sc2987ed8-A16aa75f", "score": 14.93433943728171}
{"docno": "S1e4b352a-Afc6879f7", "score": 14.911631854220413}
{"docno": "Sf1ea4b4-A8fa411a4", "score": 14.883611278690644}
{"docno": "Sa81751a9-A282a4d74", "score": 14.875837823545705}
{"docno": "S90f04eb0-A506169a6", "score": 14.868890586574436}
{"docno": "Sbd14a941-A63bf1f49", "score": 14.85088948385044}
{"docno": "S44db19b-A76c625d4", "score": 14.843272905679036}
{"docno": "S61bc36ea-A8251941d", "score": 14.784046258316643}
{"docno": "S2d0fc75c-Ac6754b81", "score": 14.709465998215629}
{"docno": "Sffe83842-A6bc6120f", "score": 14.704623668853372}
{"docno": "S1f6a3f53-A323c4afc", "score": 14.695719898579355}
{"docno": "S5e7364b2-A26dc5dd2", "score": 14.67495709548011}
{"docno": "S1979edab-A60c7d3ac", "score": 14.58160883241748}
{"docno": "S4e63160a-A8a6e3d2a", "score": 14.550137056258347}
{"docno": "S703f21a3-A534bb3f4", "score": 14.468785098141392}
{"docno": "S8a2f8dc8-A23ed27aa", "score": 14.428606844646373}
{"docno": "Sf1ea4b4-Aa6494ec1", "score": 14.401241098776417}
{"docno": "S395c6156-A306b6cb7", "score": 14.39355676031795}
{"docno": "S395c6175-A56d9d086", "score": 14.39355676031795}
{"docno": "S8103a5f9-Adb03b5dd", "score": 14.388892713968762}
{"docno": "Sf1ea4b4-A4922ac90", "score": 14.380039699515073}
{"docno": "S197ac9b-Adee41239", "score": 14.370798335834584}
{"docno": "S703f225d-A8eaddf27", "score": 14.341937332553336}
{"docno": "Se084b6c5-Ae8de3825", "score": 14.318411449964824}
{"docno": "Sf8a86b1-A77e6fce2", "score": 14.283287759409873}
{"docno": "S54792661-A33c7a950", "score": 14.262323067618926}
{"type": "toggleArgument", "timestamp": "2025-06-26T11:30:53.428Z", "sessionID": "b1bbe45f-3318-48fb-9b80-cfb6b3f9352d", "rank": "1", "doc": "Sad998274-A271df109", "action": "expand", "doclen": 1408, "score": 19.37430144165561}
{"type": "toggleArgument", "timestamp": "2025-06-26T11:31:02.348Z", "sessionID": "b1bbe45f-3318-48fb-9b80-cfb6b3f9352d", "rank": "2", "doc": "Sf5b0db6a-Ac1583031", "action": "expand", "doclen": 788, "score": 19.24958462080146}
{"type": "StanceClicked", "timestamp": "2025-06-26T11:31:54.869Z", "sessionID": "b1bbe45f-3318-48fb-9b80-cfb6b3f9352d", "rank": "2", "stance": "con", "action": "chooseStance", "doc": "Sf5b0db6a-Ac1583031", "doclen": 788, "score": 19.24958462080146}
{"type": "toggleArgument", "timestamp": "2025-06-26T11:31:58.188Z", "sessionID": "b1bbe45f-3318-48fb-9b80-cfb6b3f9352d", "rank": "3", "doc": "Sad998274-A6656c64", "action": "expand", "doclen": 1062, "score": 19.19997887439702}
{"type": "StanceClicked", "timestamp": "2025-06-26T11:32:15.189Z", "sessionID": "b1bbe45f-3318-48fb-9b80-cfb6b3f9352d", "rank": "4", "stance": "pro", "action": "chooseStance", "doc": "Sac709939-A271ae36a", "doclen": 1586, "score": 18.02235455462331}
{"type": "toggleArgument", "timestamp": "2025-06-26T11:32:16.748Z", "sessionID": "b1bbe45f-3318-48fb-9b80-cfb6b3f9352d", "rank": "4", "doc": "Sac709939-A271ae36a", "action": "expand", "doclen": 1586, "score": 18.02235455462331}
{"type": "toggleArgument", "timestamp": "2025-06-26T11:32:25.484Z", "sessionID": "b1bbe45f-3318-48fb-9b80-cfb6b3f9352d", "rank": "5", "doc": "Sac709939-Ac3ba7a1a", "action": "expand", "doclen": 2361, "score": 17.91662011020793}
{"type": "StanceClicked", "timestamp": "2025-06-26T11:32:35.916Z", "sessionID": "b1bbe45f-3318-48fb-9b80-cfb6b3f9352d", "rank": "5", "stance": "con", "action": "chooseStance", "doc": "Sac709939-Ac3ba7a1a", "doclen": 2361, "score": 17.91662011020793}
{"type": "StanceClicked", "timestamp": "2025-06-26T11:32:52.012Z", "sessionID": "b1bbe45f-3318-48fb-9b80-cfb6b3f9352d", "rank": "5", "stance": "pro", "action": "chooseStance", "doc": "Sac709939-Ac3ba7a1a", "doclen": 2361, "score": 17.91662011020793}
{"type": "StanceClicked", "timestamp": "2025-06-26T11:33:06.484Z", "sessionID": "b1bbe45f-3318-48fb-9b80-cfb6b3f9352d", "rank": "2", "stance": "pro", "action": "chooseStance", "doc": "Sf5b0db6a-Ac1583031", "doclen": 788, "score": 19.24958462080146}
{"type": "toggleArgument", "timestamp": "2025-06-26T11:33:20.276Z", "sessionID": "b1bbe45f-3318-48fb-9b80-cfb6b3f9352d", "rank": "10", "doc": "Sbb7b9e0f-A51cc0edc", "action": "expand", "doclen": 266, "score": 17.287985825064194}
{"type": "StanceClicked", "timestamp": "2025-06-26T11:33:25.484Z", "sessionID": "b1bbe45f-3318-48fb-9b80-cfb6b3f9352d", "rank": "10", "stance": "con", "action": "chooseStance", "doc": "Sbb7b9e0f-A51cc0edc", "doclen": 266, "score": 17.287985825064194}
{"type": "queryBoxFocused", "timestamp": "2025-06-26T11:33:27.406Z", "sessionID": "b1bbe45f-3318-48fb-9b80-cfb6b3f9352d"}
{"type": "querySubmitted", "timestamp": "2025-06-26T11:33:58.789Z", "sessionID": "b1bbe45f-3318-48fb-9b80-cfb6b3f9352d", "query": "health risks caused by performance-enhancing drugs in sports"}
{"docno": "Sf5b0db6a-Ac1583031", "score": 31.737830535549662}
{"docno": "Se9b63a9a-Abe55e800", "score": 30.988617165562374}
{"docno": "S6143b928-A4827cac2", "score": 28.882675327234008}
{"docno": "S18fd4547-Abea90638", "score": 28.631712845296864}
{"docno": "Sa9510197-A298c77bf", "score": 28.148450177533654}
{"docno": "S18fd4547-A29432e96", "score": 27.07360219395898}
{"docno": "Sfad1e94f-Afdcde751", "score": 26.308935684827702}
{"docno": "S4e2a557f-Ab02298fc", "score": 26.099009939204983}
{"docno": "S1df2fccf-A872b659c", "score": 25.760698638440598}
{"docno": "Se9b63a9a-A9eef43be", "score": 25.684836436904565}
{"docno": "Sfc90616d-Aacc800e7", "score": 25.416230409988295}
{"docno": "Sa799c6ee-A52320bcd", "score": 25.380976810589004}
{"docno": "S7da58477-A4964bb5f", "score": 25.311785650627076}
{"docno": "Sb1f382a5-Adab435be", "score": 25.274710571938368}
{"docno": "S893155f6-A321ace15", "score": 24.612125395326522}
{"docno": "Sf08cec2f-Ab0a15c42", "score": 24.577068879342313}
{"docno": "S47ca8ce3-Affc8164d", "score": 24.224040300103695}
{"docno": "S6646d6c9-A312eb5d1", "score": 24.11481057310275}
{"docno": "Sa2c48741-Ae0a45b81", "score": 23.980991675550477}
{"docno": "Sd4e0c5d8-Ae426e069", "score": 23.934613937391767}
{"docno": "S48d3ab85-A8211f84", "score": 23.904073477815057}
{"docno": "Sf5f598f3-Aa8ff482a", "score": 23.530700273444104}
{"docno": "S6143b928-A6b9d8811", "score": 23.348402440735534}
{"docno": "S63392463-Afd5004a9", "score": 23.258967143291507}
{"docno": "Sc82e515e-Aac8fca82", "score": 23.218669034068945}
{"docno": "Se62b7125-Ac93dbea9", "score": 23.012310170769965}
{"docno": "S37e9fe07-A631ad7d5", "score": 22.761916890311447}
{"docno": "S55a9c588-A7e15fcca", "score": 22.636300546809192}
{"docno": "Sbb621258-A447412f", "score": 22.429198009033694}
{"docno": "S8cb27dbc-A128f99cf", "score": 22.424473788867456}
{"docno": "S714494de-A9df9e8e4", "score": 22.401294561341473}
{"docno": "Sf0bf014b-A64b94e6e", "score": 22.306827551118403}
{"docno": "Sabf49c16-Aee19026d", "score": 22.104003191971252}
{"docno": "S1e4b352a-Afc6879f7", "score": 22.040662933552067}
{"docno": "Sffe83842-A6bc6120f", "score": 22.019915894163177}
{"docno": "S58c7735e-Aadca8f0f", "score": 21.909627786116932}
{"docno": "S2d0fc71e-Af032ce52", "score": 21.89327678803629}
{"docno": "S23d69aa7-A22e22ab6", "score": 21.873964585485783}
{"docno": "S2906e2-A6ffe8a0", "score": 21.851731258316995}
{"docno": "S61c40a9b-A12536f2", "score": 21.821188439578428}
{"docno": "S292b475e-A74bc7a98", "score": 21.77655666763243}
{"docno": "S66745178-A9e09c20", "score": 21.77259211222819}
{"docno": "Sf84db23d-Ac76003ea", "score": 21.770470256916667}
{"docno": "Scf1b4187-A833fc905", "score": 21.746797613033905}
{"docno": "Sb9730bdf-A2b48a5d2", "score": 21.720541857182358}
{"docno": "S65fc8ffa-A69ab1f4b", "score": 21.668321849480467}
{"docno": "S7176cf06-A2a6d14d0", "score": 21.65509369074355}
{"docno": "S61bc36ea-Abb694092", "score": 21.65358484514013}
{"docno": "S1ddeea7-Ac8a88acb", "score": 21.627847437570047}
{"docno": "Sd0a91579-A684c1420", "score": 21.615887933901533}
{"docno": "Sb6bf8417-A29433a81", "score": 21.5934366763977}
{"docno": "S6a9cc0cb-A1a8b2707", "score": 21.56378246537304}
{"docno": "S66744692-A3f74f258", "score": 21.368174595394862}
{"docno": "Sacda6d88-A3f6d6cae", "score": 21.361757812813114}
{"docno": "Sf82e6ad7-A3fdb4bad", "score": 21.31195797624623}
{"docno": "S61bc36ea-Ad6250f45", "score": 21.268161976271486}
{"docno": "S8cb27dbc-Afde7f231", "score": 21.084196661706187}
{"docno": "S8c1650a5-Af9cdfd68", "score": 21.062667426468188}
{"docno": "Se8bee87e-A2a26febd", "score": 21.046175253948192}
{"docno": "S90f04eb0-A2bfbaae7", "score": 21.033430920332748}
{"docno": "Sbd7e2a75-Ae5a80ff5", "score": 21.02573061714461}
{"docno": "Sbcc55d23-Ab4e91999", "score": 20.929632740482877}
{"docno": "S40f19507-A130500ca", "score": 20.916792670859827}
{"docno": "Sa724c703-A532f3579", "score": 20.90869489633878}
{"docno": "Sd9af037f-A896d0bb2", "score": 20.867575323289138}
{"docno": "S1e41346c-Afd3397d3", "score": 20.804253797805075}
{"docno": "S3c3c546-A93d03238", "score": 20.695317738747974}
{"docno": "Sd267a5af-Abaf4caea", "score": 20.635695236873403}
{"docno": "S94e3433f-A336c3a49", "score": 20.612761971320058}
{"docno": "S4e9d44a7-A4aec740a", "score": 20.608368933104604}
{"docno": "S48d3ab85-Ae96a0ed1", "score": 20.535748227033203}
{"docno": "Sd82f62bd-A59053258", "score": 20.526182719075987}
{"docno": "Sb4affe28-A1d2dc1bb", "score": 20.518596724372767}
{"docno": "Sa4c647b7-A715f590a", "score": 20.482773016562405}
{"docno": "S2b49542f-A23967c9d", "score": 20.468712037452278}
{"docno": "Sf5b0db6a-Aff212c1f", "score": 20.458264751048432}
{"docno": "S3de313d1-A8833c428", "score": 20.453319438110064}
{"docno": "S66744673-A635aa4de", "score": 20.367779310606043}
{"docno": "S2906e2-Ad1111aab", "score": 20.337508872470075}
{"docno": "S59d20078-A57b15247", "score": 20.323880388562305}
{"docno": "S18fd4547-Ab72281fe", "score": 20.306415635966967}
{"docno": "S18b3942d-Ad0e7f109", "score": 20.29631787703274}
{"docno": "S1109cf85-Ae24951ac", "score": 20.28301766382188}
{"docno": "S6b710f52-A31beb5e0", "score": 20.200404452035997}
{"docno": "S6ac1d741-A2553b07d", "score": 20.186506874457507}
{"docno": "S44db19b-Aab2d1b2f", "score": 20.121107916714287}
{"docno": "Sd267a533-A8a9f4481", "score": 20.065805915438034}
{"docno": "S1309abfa-Acdacfe25", "score": 20.060672478359123}
{"docno": "Sa56a8385-A542bbf26", "score": 20.00839329394161}
{"docno": "Se8bee87e-A2401306d", "score": 19.979195679886004}
{"docno": "S6ac1d741-Ad1000639", "score": 19.95187489104363}
{"docno": "Sa5cc8c4a-A6cbbaa1d", "score": 19.91825758808369}
{"docno": "Sbcc55d23-A58fe0455", "score": 19.884734416004996}
{"docno": "Saab6f238-Acfd2c02e", "score": 19.87852367795591}
{"docno": "Sf03f1d90-A32437e6a", "score": 19.86846545866228}
{"docno": "S5efbb5ee-Af5ab2342", "score": 19.845519970896103}
{"docno": "Sc5e181b-A9ca7b684", "score": 19.826259221533256}
{"docno": "S1109cf85-Ae7b1af5a", "score": 19.821543887011817}
{"docno": "S81c397d0-A9bc4f917", "score": 19.81485491954908}
{"docno": "Sb7cd20cb-A868cad45", "score": 19.811178996903713}
{"type": "toggleArgument", "timestamp": "2025-06-26T11:34:07.276Z", "sessionID": "b1bbe45f-3318-48fb-9b80-cfb6b3f9352d", "rank": "2", "doc": "S6143b928-A4827cac2", "action": "expand", "doclen": 309, "score": 15.112381742062642}
{"type": "toggleArgument", "timestamp": "2025-06-26T11:34:22.380Z", "sessionID": "b1bbe45f-3318-48fb-9b80-cfb6b3f9352d", "rank": "6", "doc": "S4e2a557f-Ab02298fc", "action": "expand", "doclen": 1327, "score": 15.250023117066586}
{"type": "StanceClicked", "timestamp": "2025-06-26T11:34:38.380Z", "sessionID": "b1bbe45f-3318-48fb-9b80-cfb6b3f9352d", "rank": "6", "stance": "con", "action": "chooseStance", "doc": "S4e2a557f-Ab02298fc", "doclen": 1327, "score": 15.250023117066586}
{"type": "queryBoxFocused", "timestamp": "2025-06-26T11:34:40.454Z", "sessionID": "b1bbe45f-3318-48fb-9b80-cfb6b3f9352d"}
{"type": "querySubmitted", "timestamp": "2025-06-26T11:34:49.213Z", "sessionID": "b1bbe45f-3318-48fb-9b80-cfb6b3f9352d", "query": "is it ethical to use drugs for sports"}
{"docno": "Sf5b0db6a-Ac1583031", "score": 25.966682360810196}
{"docno": "Sad998274-A271df109", "score": 19.37430144165561}
{"docno": "Sad998274-A6656c64", "score": 19.19997887439702}
{"docno": "S5cf87748-A1e65f3ad", "score": 18.451550399381844}
{"docno": "S7282d1c1-Adb1d3bc3", "score": 18.046433655191443}
{"docno": "Sac709939-A271ae36a", "score": 18.02235455462331}
{"docno": "Sac709939-Ac3ba7a1a", "score": 17.91662011020793}
{"docno": "S1cbf91f8-A1d8d67df", "score": 17.860375150439353}
{"docno": "S6143b928-A6b9d8811", "score": 17.841023598607237}
{"docno": "S2e128dfc-A5ba7fcf", "score": 17.70799685328398}
{"docno": "Sfd2a6336-Afba8851b", "score": 17.37878549887061}
{"docno": "S87b43e8a-Ae0961456", "score": 17.313285987819278}
{"docno": "Sbb7b9e0f-A51cc0edc", "score": 17.287985825064194}
{"docno": "S8868e5d6-Acbd4890f", "score": 17.25856439323052}
{"docno": "S1109cf85-A376b5598", "score": 17.221258581846598}
{"docno": "S14c97916-A9c733f74", "score": 17.17969783428032}
{"docno": "Se9b63a9a-Abe55e800", "score": 17.13298146272176}
{"docno": "S87b43e8a-A2ddb9615", "score": 17.113918936798854}
{"docno": "S1cbf91f8-A9eb1b705", "score": 17.08786441935518}
{"docno": "S6143b928-Aa4d8cb9", "score": 17.024426038297435}
{"docno": "Sa9510197-A298c77bf", "score": 17.012608852316134}
{"docno": "Sbb7b9e0f-A77229037", "score": 16.910325490687754}
{"docno": "Saa71b69e-A2a5a2bc1", "score": 16.908677031385317}
{"docno": "S89c45bda-Ad3add3ab", "score": 16.905967881050216}
{"docno": "S6a9cc0cb-Ab07a45b3", "score": 16.867971971693038}
{"docno": "S10579aa8-Ac572a5de", "score": 16.741013131292515}
{"docno": "S1c1c7401-Ab09e3d15", "score": 16.701963687790236}
{"docno": "Sadd356d0-A697e260", "score": 16.608346371918913}
{"docno": "S6143b928-Ab0506b44", "score": 16.52068801422642}
{"docno": "S6fc6b895-A695b9558", "score": 16.51730749702837}
{"docno": "Sf5b0db6a-Aff212c1f", "score": 16.509872866946388}
{"docno": "Sffe83842-A80753db4", "score": 16.500280403244016}
{"docno": "S8b1ecb36-Ab8cbf53b", "score": 16.390329957010646}
{"docno": "S1acaa7cf-Aba56bc53", "score": 16.387291142653556}
{"docno": "Sd4cf84c8-Ae32a328", "score": 16.381775281460538}
{"docno": "S6143b928-A89d148c6", "score": 16.37304336931949}
{"docno": "Sffe83842-Ae682c5e0", "score": 16.360497846534322}
{"docno": "S68e6178d-Aaaa383f7", "score": 16.06932670671753}
{"docno": "Sbb7b9e0f-A5f442d19", "score": 16.042933510142042}
{"docno": "S74e90ec5-Aabf84561", "score": 15.995598390495728}
{"docno": "Sbb621258-A447412f", "score": 15.87329731765363}
{"docno": "S9201ecda-A2a730b07", "score": 15.86814496430616}
{"docno": "S3a5d6f0-Ae39398d5", "score": 15.798315769357547}
{"docno": "Sf84db23d-Ac76003ea", "score": 15.765409682369722}
{"docno": "Se2a520e8-A1111e703", "score": 15.756935577102526}
{"docno": "S698c4d0e-Aa4bd11bc", "score": 15.614957538483283}
{"docno": "Sbed2ad5b-A6052e40a", "score": 15.578452078265633}
{"docno": "S8b1ecb36-A91343726", "score": 15.553359908253636}
{"docno": "Sf4e13352-A6accd695", "score": 15.516637234883532}
{"docno": "Se8bee87e-A7399815e", "score": 15.43776669850261}
{"docno": "S117d2319-Ac4bea3a9", "score": 15.4098052541813}
{"docno": "S55bd013d-Ae551036f", "score": 15.367597314199507}
{"docno": "Sac709939-Aaa3c9db4", "score": 15.348520591122604}
{"docno": "S17a6e6e7-A5eacd26c", "score": 15.346751760195644}
{"docno": "S7acefaa0-A8426224c", "score": 15.329700157621794}
{"docno": "S899b8f0a-Ae5110211", "score": 15.294614822806189}
{"docno": "S4e2a557f-Ab02298fc", "score": 15.250023117066586}
{"docno": "S8c165102-A4f43a3e1", "score": 15.158216052032587}
{"docno": "S6143b928-A4827cac2", "score": 15.112381742062642}
{"docno": "S2831ac87-Ae6f91d08", "score": 14.992974884423127}
{"docno": "S19bc7160-Af2adc353", "score": 14.981678382381066}
{"docno": "Se0fc61c0-Aa703bd43", "score": 14.9728119579977}
{"docno": "S1109cf85-Ad088bdf2", "score": 14.886973998740809}
{"docno": "S90f04eb0-A506169a6", "score": 14.868890586574436}
{"docno": "Sb91de616-A4ec86cca", "score": 14.838161324690287}
{"docno": "Sd9e092bc-A4ce2898d", "score": 14.80404391676697}
{"docno": "S44c44402-Ac5528089", "score": 14.770757678276919}
{"docno": "S698c4d0e-Ab2cccd5c", "score": 14.770072920332508}
{"docno": "Sf6fa986c-A2953d397", "score": 14.696236003666929}
{"docno": "S1f6a3f53-A323c4afc", "score": 14.695719898579355}
{"docno": "S5cb32e8d-Abf12d390", "score": 14.630102579682154}
{"docno": "S7282d1c1-Ad92e500e", "score": 14.593047609863707}
{"docno": "S5d238bd8-A27d183a3", "score": 14.579588042238722}
{"docno": "Sf6793ee9-Ab8ec4f0c", "score": 14.466337601721289}
{"docno": "Sa039e5e3-A2ce2e56b", "score": 14.466337601721289}
{"docno": "S6143b928-A54754041", "score": 14.38812518846741}
{"docno": "S41ed75c9-Ac43d6085", "score": 14.38339612667707}
{"docno": "Se0fc61c0-A5e17064c", "score": 14.173670658571378}
{"docno": "S1acaa7cf-Afec6f03c", "score": 14.07197208074098}
{"docno": "S13e81a9c-A1be0dce5", "score": 14.031453525259067}
{"docno": "S3629375b-Aaa53a495", "score": 14.01930175526839}
{"docno": "Sef63fc9a-A396979eb", "score": 14.000990314134498}
{"docno": "Sf0bf014b-A64b94e6e", "score": 13.927720543328647}
{"docno": "Sdfdecf36-A424058cf", "score": 13.92266700687717}
{"docno": "Sa5cc8c4a-A6cbbaa1d", "score": 13.837328076047877}
{"docno": "Sec5a2259-Af47163e5", "score": 13.726275957735215}
{"docno": "S1fa36ce1-Adcac71f7", "score": 13.716102327655761}
{"docno": "S1b50be00-Abbe47d2d", "score": 13.688629933054834}
{"docno": "S59bd12da-A83b9b019", "score": 13.644749495514235}
{"docno": "S8868e5d6-Ab653a77a", "score": 13.573056109970512}
{"docno": "S633be52e-Ac985ae77", "score": 13.573056109970512}
{"docno": "S3a5d6f0-A33a9ef1f", "score": 13.573056109970512}
{"docno": "S4e3d19e8-A7fe52d46", "score": 13.559649034888338}
{"docno": "S3eb43d6-A5a09737b", "score": 13.559649034888338}
{"docno": "S62216d2d-Ab021106f", "score": 13.528161528190846}
{"docno": "S74e915ac-Acf8c95cc", "score": 13.470285891352662}
{"docno": "S59df6962-Ab9612853", "score": 13.41965015656892}
{"docno": "Sffe83842-A162c4c0e", "score": 13.396491170515104}
{"docno": "S8868e5d6-A6a1f6e95", "score": 13.329606929213245}
{"docno": "Secb3571b-A953af398", "score": 13.2369549573421}
{"type": "toggleArgument", "timestamp": "2025-06-26T11:34:57.812Z", "sessionID": "b1bbe45f-3318-48fb-9b80-cfb6b3f9352d", "rank": "4", "doc": "S5cf87748-A1e65f3ad", "action": "expand", "doclen": 574, "score": 14.69644200789445}
{"type": "pageNavigationClicked", "timestamp": "2025-06-26T11:35:10.460Z", "sessionID": "b1bbe45f-3318-48fb-9b80-cfb6b3f9352d", "clicked": "2", "fromPage": 1, "toPage": 2}
{"type": "toggleArgument", "timestamp": "2025-06-26T11:35:19.812Z", "sessionID": "b1bbe45f-3318-48fb-9b80-cfb6b3f9352d", "rank": "17", "doc": "Se9b63a9a-Abe55e800", "action": "expand", "doclen": 1972, "score": 12.466275601274285}
{"type": "StanceClicked", "timestamp": "2025-06-26T11:35:44.606Z", "sessionID": "b1bbe45f-3318-48fb-9b80-cfb6b3f9352d", "rank": "17", "stance": "pro", "action": "chooseStance", "doc": "Se9b63a9a-Abe55e800", "doclen": 1972, "score": 12.466275601274285}
{"type": "queryBoxFocused", "timestamp": "2025-06-26T11:35:54.024Z", "sessionID": "b1bbe45f-3318-48fb-9b80-cfb6b3f9352d"}
{"type": "querySubmitted", "timestamp": "2025-06-26T11:36:01.558Z", "sessionID": "b1bbe45f-3318-48fb-9b80-cfb6b3f9352d", "query": "drugs in sports"}
{"docno": "Sad998274-A271df109", "score": 19.37430144165561}
{"docno": "Sf5b0db6a-Ac1583031", "score": 19.24958462080146}
{"docno": "Sad998274-A6656c64", "score": 19.19997887439702}
{"docno": "Sac709939-A271ae36a", "score": 18.02235455462331}
{"docno": "Sac709939-Ac3ba7a1a", "score": 17.91662011020793}
{"docno": "S1cbf91f8-A1d8d67df", "score": 17.860375150439353}
{"docno": "S6143b928-A6b9d8811", "score": 17.841023598607237}
{"docno": "Sfd2a6336-Afba8851b", "score": 17.37878549887061}
{"docno": "S87b43e8a-Ae0961456", "score": 17.313285987819278}
{"docno": "Sbb7b9e0f-A51cc0edc", "score": 17.287985825064194}
{"docno": "S8868e5d6-Acbd4890f", "score": 17.25856439323052}
{"docno": "S1109cf85-A376b5598", "score": 17.221258581846598}
{"docno": "S14c97916-A9c733f74", "score": 17.17969783428032}
{"docno": "S87b43e8a-A2ddb9615", "score": 17.113918936798854}
{"docno": "S1cbf91f8-A9eb1b705", "score": 17.08786441935518}
{"docno": "S6143b928-Aa4d8cb9", "score": 17.024426038297435}
{"docno": "Sa9510197-A298c77bf", "score": 17.012608852316134}
{"docno": "Sbb7b9e0f-A77229037", "score": 16.910325490687754}
{"docno": "S6a9cc0cb-Ab07a45b3", "score": 16.867971971693038}
{"docno": "S1c1c7401-Ab09e3d15", "score": 16.701963687790236}
{"docno": "Sadd356d0-A697e260", "score": 16.608346371918913}
{"docno": "S6143b928-Ab0506b44", "score": 16.52068801422642}
{"docno": "S6fc6b895-A695b9558", "score": 16.51730749702837}
{"docno": "Sf5b0db6a-Aff212c1f", "score": 16.509872866946388}
{"docno": "Sffe83842-A80753db4", "score": 16.500280403244016}
{"docno": "S8b1ecb36-Ab8cbf53b", "score": 16.390329957010646}
{"docno": "S1acaa7cf-Aba56bc53", "score": 16.387291142653556}
{"docno": "Sd4cf84c8-Ae32a328", "score": 16.381775281460538}
{"docno": "S6143b928-A89d148c6", "score": 16.37304336931949}
{"docno": "Sffe83842-Ae682c5e0", "score": 16.360497846534322}
{"docno": "S68e6178d-Aaaa383f7", "score": 16.06932670671753}
{"docno": "Sbb7b9e0f-A5f442d19", "score": 16.042933510142042}
{"docno": "Sbb621258-A447412f", "score": 15.87329731765363}
{"docno": "S3a5d6f0-Ae39398d5", "score": 15.798315769357547}
{"docno": "Sf84db23d-Ac76003ea", "score": 15.765409682369722}
{"docno": "Se2a520e8-A1111e703", "score": 15.756935577102526}
{"docno": "S8b1ecb36-A91343726", "score": 15.553359908253636}
{"docno": "Se8bee87e-A7399815e", "score": 15.43776669850261}
{"docno": "S117d2319-Ac4bea3a9", "score": 15.4098052541813}
{"docno": "Sac709939-Aaa3c9db4", "score": 15.348520591122604}
{"docno": "S17a6e6e7-A5eacd26c", "score": 15.346751760195644}
{"docno": "S7acefaa0-A8426224c", "score": 15.329700157621794}
{"docno": "S899b8f0a-Ae5110211", "score": 15.294614822806189}
{"docno": "S4e2a557f-Ab02298fc", "score": 15.250023117066586}
{"docno": "S6143b928-A4827cac2", "score": 15.112381742062642}
{"docno": "S2831ac87-Ae6f91d08", "score": 14.992974884423127}
{"docno": "S19bc7160-Af2adc353", "score": 14.981678382381066}
{"docno": "S1109cf85-Ad088bdf2", "score": 14.886973998740809}
{"docno": "S90f04eb0-A506169a6", "score": 14.868890586574436}
{"docno": "S698c4d0e-Ab2cccd5c", "score": 14.770072920332508}
{"docno": "S1f6a3f53-A323c4afc", "score": 14.695719898579355}
{"docno": "S5cb32e8d-Abf12d390", "score": 14.630102579682154}
{"docno": "S5d238bd8-A27d183a3", "score": 14.579588042238722}
{"docno": "S6143b928-A54754041", "score": 14.38812518846741}
{"docno": "S1acaa7cf-Afec6f03c", "score": 14.07197208074098}
{"docno": "S13e81a9c-A1be0dce5", "score": 14.031453525259067}
{"docno": "S3629375b-Aaa53a495", "score": 14.01930175526839}
{"docno": "Sf0bf014b-A64b94e6e", "score": 13.927720543328647}
{"docno": "Sa5cc8c4a-A6cbbaa1d", "score": 13.837328076047877}
{"docno": "S1fa36ce1-Adcac71f7", "score": 13.716102327655761}
{"docno": "S8868e5d6-Ab653a77a", "score": 13.573056109970512}
{"docno": "S633be52e-Ac985ae77", "score": 13.573056109970512}
{"docno": "S3a5d6f0-A33a9ef1f", "score": 13.573056109970512}
{"docno": "S74e915ac-Acf8c95cc", "score": 13.470285891352662}
{"docno": "Sffe83842-A162c4c0e", "score": 13.396491170515104}
{"docno": "S8868e5d6-A6a1f6e95", "score": 13.329606929213245}
{"docno": "S6ef3f76a-A669cc220", "score": 13.154342803468122}
{"docno": "S5ff35ceb-A566a785a", "score": 13.064035337641606}
{"docno": "S5023cb9c-A7f076b35", "score": 12.994002735439953}
{"docno": "Sfad1e94f-A1a36074b", "score": 12.84989765182215}
{"docno": "S17a6e6e7-A58921aa8", "score": 12.786398041918979}
{"docno": "S363193e9-A5a49cdf1", "score": 12.628159271292727}
{"docno": "S68e6178d-A57907c28", "score": 12.624049098812387}
{"docno": "Sddccc0e1-A40f7a697", "score": 12.53560805652939}
{"docno": "S90ee2c92-A7d3ab871", "score": 12.53560805652939}
{"docno": "Sa9510197-A6153471d", "score": 12.53560805652939}
{"docno": "S6dd46fb9-Aef03dea9", "score": 12.524837758733957}
{"docno": "Se9b63a9a-Abe55e800", "score": 12.466275601274285}
{"docno": "S363193e9-Afe879b2", "score": 12.32497045381811}
{"docno": "Sfeaf7746-A935be79b", "score": 12.26079991009626}
{"docno": "S2ceb31ad-Af093e66f", "score": 12.247566492330176}
{"docno": "S6143b928-Aa48bf37d", "score": 12.10845326374193}
{"docno": "S72e84d66-Ace6428b0", "score": 12.028981584583686}
{"docno": "S49f41610-Ac01137e2", "score": 11.921856015877754}
{"docno": "S5ff35ceb-A90f485ae", "score": 11.905609565846534}
{"docno": "S9a4dadf6-Ab03457d2", "score": 11.864245023388904}
{"docno": "S2ac397ba-A11529f2f", "score": 11.730700589558499}
{"docno": "S2ac397ba-Af4e24a28", "score": 11.721028739769404}
{"docno": "S5cb32e8d-A23d21cbf", "score": 11.705473418381676}
{"docno": "S684d33f3-A2275af12", "score": 11.694561690469378}
{"docno": "S9be99e1b-Ae4c082e", "score": 11.681004276178042}
{"docno": "Se9001fdb-A76f96e17", "score": 11.67925255270261}
{"docno": "S185c50aa-A572db213", "score": 11.675547200754673}
{"docno": "S5b40f34d-A87c9a5c1", "score": 11.667371141213307}
{"docno": "S3103bdf1-Aefdf7be1", "score": 11.651857347571864}
{"docno": "S3b1910e-A51a03aab", "score": 11.650901360638862}
{"docno": "S46ffef62-Aabb99646", "score": 11.645492148721424}
{"docno": "Sb5ccaffb-Aff1a9830", "score": 11.620953201692574}
{"docno": "Se2a520e8-Aca1ab828", "score": 11.60087411407094}
{"docno": "S49f41610-Af83340d6", "score": 11.591158609012632}
{"type": "toggleArgument", "timestamp": "2025-06-26T11:36:15.189Z", "sessionID": "b1bbe45f-3318-48fb-9b80-cfb6b3f9352d", "rank": "8", "doc": "Sfd2a6336-Afba8851b", "action": "expand", "doclen": 366, "score": 17.37878549887061}
{"type": "queryBoxFocused", "timestamp": "2025-06-26T11:36:51.980Z", "sessionID": "b1bbe45f-3318-48fb-9b80-cfb6b3f9352d"}
{"type": "querySubmitted", "timestamp": "2025-06-26T11:37:13.336Z", "sessionID": "b1bbe45f-3318-48fb-9b80-cfb6b3f9352d", "query": "health risks by performance enhancing drugs"}
{"docno": "S6143b928-A1e1655ee", "score": 37.44866097515043}
{"docno": "S1cbf91f8-A1d8d67df", "score": 37.129002375604216}
{"docno": "Sadd356d0-A697e260", "score": 35.26731773400891}
{"docno": "S1cbf91f8-Ae1e11f42", "score": 35.11857233844619}
{"docno": "S87b43e8a-A38ded627", "score": 34.20649257440647}
{"docno": "S1c1c7401-Ab09e3d15", "score": 33.6012612089855}
{"docno": "S6143b928-A54754041", "score": 33.432568461342}
{"docno": "S87b43e8a-A2ddb9615", "score": 31.178069236815844}
{"docno": "Sffd45b01-Ab80af398", "score": 30.732077159044458}
{"docno": "S6143b928-A89d148c6", "score": 30.57373925402053}
{"docno": "S6143b928-Af425e90f", "score": 29.851972613820735}
{"docno": "Sac709939-A271ae36a", "score": 29.78142016400856}
{"docno": "Sffd45b01-Ade1d2d03", "score": 29.7123740355746}
{"docno": "S6143b928-A9e643f73", "score": 29.65213045188374}
{"docno": "Sdfa0f2e4-A80d3f11e", "score": 29.457367872294377}
{"docno": "S6143b928-Ac7b59d94", "score": 29.456440523080232}
{"docno": "Sad998274-A271df109", "score": 29.41439159376312}
{"docno": "S1109cf85-A376b5598", "score": 29.04726461601002}
{"docno": "Sffe83842-Ae682c5e0", "score": 28.315506704267513}
{"docno": "Sac709939-Ac3ba7a1a", "score": 28.014984114755045}
{"docno": "Se8bee87e-A7399815e", "score": 27.97009977338074}
{"docno": "Sac709939-Aaa3c9db4", "score": 27.727890602576764}
{"docno": "S1cbf91f8-A9eb1b705", "score": 27.69115736275352}
{"docno": "Sffd45b01-Af092a5a8", "score": 27.668885266755023}
{"docno": "Sdc7efda-A50418ec6", "score": 27.64572920976103}
{"docno": "Sfd2a6336-Afba8851b", "score": 27.611542636429}
{"docno": "Sffe83842-A3787fc81", "score": 27.51157944806406}
{"docno": "S5cb32e8d-Abf12d390", "score": 27.267348790099458}
{"docno": "Sffe83842-A80753db4", "score": 27.088784946231392}
{"docno": "S1cbf91f8-Af6a2991f", "score": 27.022518745938275}
{"docno": "S6143b928-Aa4d8cb9", "score": 26.975734381116318}
{"docno": "S5d238bd8-A6bc96468", "score": 26.965298767662148}
{"docno": "S87b8c230-Adcd8ced2", "score": 25.722443083456767}
{"docno": "Se9b63a9a-A9eef43be", "score": 25.684836436904565}
{"docno": "S98d8337d-A4f17f9b6", "score": 25.490201506095836}
{"docno": "Sfc90616d-Aacc800e7", "score": 25.416230409988295}
{"docno": "S1109cf85-Aeb0d4979", "score": 25.239008595017378}
{"docno": "S49398667-A56af63c", "score": 25.005336556102097}
{"docno": "Sdc7efda-A16e36ee8", "score": 24.959452507449}
{"docno": "S6143b928-Ab0506b44", "score": 24.6428645029149}
{"docno": "S73feda4e-Aed7995a4", "score": 24.469279495398695}
{"docno": "Sc297a6b3-A46eb9fd3", "score": 24.24904762085211}
{"docno": "S660f8cd8-Aeec0ca7f", "score": 23.99543671049429}
{"docno": "Sa2c48741-Ae0a45b81", "score": 23.980991675550477}
{"docno": "Sd4e0c5d8-Ae426e069", "score": 23.934613937391767}
{"docno": "S440ada50-Ab9ad2610", "score": 23.699317493084514}
{"docno": "Sde10c9ca-A4f3d6973", "score": 23.530792035156452}
{"docno": "Sc9c4e300-A5def1bff", "score": 23.508809663871354}
{"docno": "Sfad1e94f-Afdcde751", "score": 23.231994927798063}
{"docno": "S3a5d6f0-Ae39398d5", "score": 23.189056490767065}
{"docno": "S3a5d6f0-A33a9ef1f", "score": 22.893805966647843}
{"docno": "S55a9c588-A7e15fcca", "score": 22.636300546809192}
{"docno": "S6143b928-Aa48bf37d", "score": 22.542930526692672}
{"docno": "S8868e5d6-A2079b15e", "score": 22.463616331878434}
{"docno": "Se9b63a9a-Abe55e800", "score": 22.344913681148363}
{"docno": "S37e9fe07-A69dcfca3", "score": 22.205703252358436}
{"docno": "S18fd4547-Abea90638", "score": 22.11858489328648}
{"docno": "S893155f6-A321ace15", "score": 22.07655179576033}
{"docno": "S18fd4547-A29432e96", "score": 22.074316372089612}
{"docno": "S1e4b352a-Afc6879f7", "score": 22.040662933552067}
{"docno": "S117d2319-Ac4bea3a9", "score": 21.82353572947151}
{"docno": "S61bc36ea-Abb694092", "score": 21.65358484514013}
{"docno": "Sd0a91579-A684c1420", "score": 21.615887933901533}
{"docno": "Sf5b0db6a-Ac1583031", "score": 21.533312960719346}
{"docno": "S66744692-A3f74f258", "score": 21.368174595394862}
{"docno": "Sa799c6ee-A52320bcd", "score": 21.333980960045714}
{"docno": "S61bc36ea-Ad6250f45", "score": 21.268161976271486}
{"docno": "S6143b928-Aa5563000", "score": 21.07847130864716}
{"docno": "S8c1650a5-Af9cdfd68", "score": 21.062667426468188}
{"docno": "Se8bee87e-A2a26febd", "score": 21.046175253948192}
{"docno": "S48d3ab85-A8211f84", "score": 21.022866381704354}
{"docno": "Sbcc55d23-Ab4e91999", "score": 20.929632740482877}
{"docno": "S6143b928-A4827cac2", "score": 20.871356219715402}
{"docno": "S3c3c546-A93d03238", "score": 20.695317738747974}
{"docno": "S5d238bd8-A27d183a3", "score": 20.627610052551574}
{"docno": "S4e9d44a7-A4aec740a", "score": 20.608368933104604}
{"docno": "S37e9fe07-A631ad7d5", "score": 20.55313737381428}
{"docno": "S48d3ab85-Ae96a0ed1", "score": 20.535748227033203}
{"docno": "S7dc30001-A2f4d943f", "score": 20.457368181544215}
{"docno": "S6143b928-A3779e6b1", "score": 20.43120106302046}
{"docno": "S47ca8ce3-Affc8164d", "score": 20.40602760758403}
{"docno": "S66744673-A635aa4de", "score": 20.367779310606043}
{"docno": "Se100392e-Aadd9fd25", "score": 20.25222551364772}
{"docno": "S8b2982b4-A8f723030", "score": 20.245111139832932}
{"docno": "Safc1d41b-A4cc1d34a", "score": 20.232822667481003}
{"docno": "S7da58477-A4964bb5f", "score": 20.152764052616476}
{"docno": "Sfc4fa3b4-A774796a5", "score": 20.14336664302451}
{"docno": "Sd267a533-A8a9f4481", "score": 20.065805915438034}
{"docno": "S1309abfa-Acdacfe25", "score": 20.060672478359123}
{"docno": "Sbcc55d23-A58fe0455", "score": 19.884734416004996}
{"docno": "Saab6f238-Acfd2c02e", "score": 19.87852367795591}
{"docno": "Sc82e515e-Aac8fca82", "score": 19.84012217563127}
{"docno": "S18fd4547-A371e2e04", "score": 19.79647585947172}
{"docno": "Sf6793f65-A78c04b70", "score": 19.695540967561705}
{"docno": "Se26f00b7-A92237429", "score": 19.620856828988906}
{"docno": "S1914afd5-A12735580", "score": 19.612378212918703}
{"docno": "Sf5f598f3-Aa8ff482a", "score": 19.593007650378638}
{"docno": "S8a8904c0-Afe68d6a", "score": 19.575898809567217}
{"docno": "Sc5dfa21f-A3c1874c9", "score": 19.55729389464454}
{"docno": "S6646d6c9-A312eb5d1", "score": 19.54652000324277}
{"type": "toggleArgument", "timestamp": "2025-06-26T11:37:22.159Z", "sessionID": "b1bbe45f-3318-48fb-9b80-cfb6b3f9352d", "rank": "1", "doc": "S6143b928-A1e1655ee", "action": "expand", "doclen": 1036, "score": 26.128575415066443}
{"type": "StanceClicked", "timestamp": "2025-06-26T11:37:39.760Z", "sessionID": "b1bbe45f-3318-48fb-9b80-cfb6b3f9352d", "rank": "1", "stance": "pro", "action": "chooseStance", "doc": "S6143b928-A1e1655ee", "doclen": 1036, "score": 26.128575415066443}
{"type": "toggleArgument", "timestamp": "2025-06-26T11:37:43.120Z", "sessionID": "b1bbe45f-3318-48fb-9b80-cfb6b3f9352d", "rank": "2", "doc": "S1cbf91f8-A1d8d67df", "action": "expand", "doclen": 1696, "score": 17.860375150439353}
{"type": "toggleArgument", "timestamp": "2025-06-26T11:38:10.264Z", "sessionID": "b1bbe45f-3318-48fb-9b80-cfb6b3f9352d", "rank": "3", "doc": "Sadd356d0-A697e260", "action": "expand", "doclen": 424, "score": 16.608346371918913}
{"type": "toggleArgument", "timestamp": "2025-06-26T11:38:26.936Z", "sessionID": "b1bbe45f-3318-48fb-9b80-cfb6b3f9352d", "rank": "4", "doc": "S1cbf91f8-Ae1e11f42", "action": "expand", "doclen": 183, "score": 27.859903463498373}
{"type": "StanceClicked", "timestamp": "2025-06-26T11:38:32.145Z", "sessionID": "b1bbe45f-3318-48fb-9b80-cfb6b3f9352d", "rank": "4", "stance": "con", "action": "chooseStance", "doc": "S1cbf91f8-Ae1e11f42", "doclen": 183, "score": 27.859903463498373}
{"type": "toggleArgument", "timestamp": "2025-06-26T11:38:48.626Z", "sessionID": "b1bbe45f-3318-48fb-9b80-cfb6b3f9352d", "rank": "10", "doc": "S6143b928-A89d148c6", "action": "expand", "doclen": 741, "score": 16.37304336931949}
{"type": "pageNavigationClicked", "timestamp": "2025-06-26T11:38:51.130Z", "sessionID": "b1bbe45f-3318-48fb-9b80-cfb6b3f9352d", "clicked": "2", "fromPage": 1, "toPage": 2}
{"type": "toggleArgument", "timestamp": "2025-06-26T11:38:56.994Z", "sessionID": "b1bbe45f-3318-48fb-9b80-cfb6b3f9352d", "rank": "13", "doc": "Sffd45b01-Ade1d2d03", "action": "expand", "doclen": 565, "score": 29.7123740355746}
{"type": "toggleArgument", "timestamp": "2025-06-26T11:39:02.994Z", "sessionID": "b1bbe45f-3318-48fb-9b80-cfb6b3f9352d", "rank": "15", "doc": "Sdfa0f2e4-A80d3f11e", "action": "expand", "doclen": 108, "score": 29.457367872294377}
{"type": "toggleArgument", "timestamp": "2025-06-26T11:39:09.450Z", "sessionID": "b1bbe45f-3318-48fb-9b80-cfb6b3f9352d", "rank": "14", "doc": "S6143b928-A9e643f73", "action": "expand", "doclen": 1023, "score": 21.028594638512686}
{"type": "toggleArgument", "timestamp": "2025-06-26T11:39:22.410Z", "sessionID": "b1bbe45f-3318-48fb-9b80-cfb6b3f9352d", "rank": "20", "doc": "Sac709939-Ac3ba7a1a", "action": "expand", "doclen": 2361, "score": 17.91662011020793}
{"type": "ClickedEndTask", "timestamp": "2025-06-26T11:40:00.995Z", "sessionID": "b1bbe45f-3318-48fb-9b80-cfb6b3f9352d"}
{"type": "TaskEndConfirmed", "timestamp": "2025-06-26T11:40:04.531Z", "sessionID": "b1bbe45f-3318-48fb-9b80-cfb6b3f9352d"}
{"type": "TaskEnded", "timestamp": "2025-06-26T11:40:11.155Z", "sessionID": "b1bbe45f-3318-48fb-9b80-cfb6b3f9352d", "reason": "Zeit ist rum", "translated_reason": "Time is rum"}
