{"type": "TaskStarted", "timestamp": "2025-06-26T10:37:23.272Z", "sessionID": "8977d260-cb72-46b9-8eae-75954b7d9f9f", "task": "2", "uid": "Participant7", "topic": "Should animals be used for scientific or commercial testing?"}
{"type": "queryBoxFocused", "timestamp": "2025-06-26T10:37:29.238Z", "sessionID": "8977d260-cb72-46b9-8eae-75954b7d9f9f"}
{"type": "querySubmitted", "timestamp": "2025-06-26T10:37:35.361Z", "sessionID": "8977d260-cb72-46b9-8eae-75954b7d9f9f", "query": "animal testing for"}
{"docno": "Sda638ba9-A8bdc3b1", "score": 19.7906771004277}
{"docno": "S3eced554-Ae92060a8", "score": 19.68984277253223}
{"docno": "Sc0429f6c-A77267c7b", "score": 19.59176519468373}
{"docno": "Sd640f8-Aeb126a1", "score": 19.566298535646872}
{"docno": "Sdf41ee47-A61da7c2", "score": 19.4163399600882}
{"docno": "Sc0429f6c-A1a9ee9e4", "score": 19.401338668047}
{"docno": "S908f4ecb-A16222b71", "score": 19.389261858682342}
{"docno": "Sc0429f6c-Acd8c6995", "score": 19.389261858682342}
{"docno": "Sdd18e758-A82a78ee0", "score": 19.387799647132965}
{"docno": "S9addf540-Af51cc620", "score": 19.36766601193738}
{"docno": "S171633f7-Aaee14c53", "score": 19.325796080319435}
{"docno": "Sd640f8-A212c1c22", "score": 19.30680080612239}
{"docno": "Sdd5367d8-Af1044598", "score": 19.29088515224788}
{"docno": "Sfd3161b0-A17fc7631", "score": 19.284350946705885}
{"docno": "Se92f1168-A607ff48b", "score": 19.255541579086035}
{"docno": "S61bcb28d-Ad673070c", "score": 19.24085854435642}
{"docno": "S2bce8c52-A5866ed60", "score": 19.237056769732263}
{"docno": "Sfd98a1f9-A66e90f73", "score": 19.17717312726442}
{"docno": "S3eced554-A58c48631", "score": 19.170074465252533}
{"docno": "Sdd5367d8-Afa6a5780", "score": 19.160935988345408}
{"docno": "Sfd3161b0-Ac6e25681", "score": 19.15927572927642}
{"docno": "S901f612c-A348c052b", "score": 19.144832553485976}
{"docno": "Sd640f8-A9282530", "score": 19.126932218842427}
{"docno": "S59a01e38-A6073d8ec", "score": 19.118422367018425}
{"docno": "Saeeb3794-A17053d14", "score": 19.096845917781557}
{"docno": "S2bce8c52-A4453a6fd", "score": 19.092269121179108}
{"docno": "S61bcb26e-A71173718", "score": 19.073743218474014}
{"docno": "Sa4241bd2-A3cdd04b0", "score": 19.059457246228177}
{"docno": "Sd1a53c21-A1e62977d", "score": 19.052122823156786}
{"docno": "Sb8d48a7a-A429e204c", "score": 19.03341752028237}
{"docno": "S8cce991f-A63391bc", "score": 19.033383266992843}
{"docno": "Sb33b886a-A69d26b1a", "score": 18.980751501103363}
{"docno": "S908f4e4f-Afde32d84", "score": 18.96827161957683}
{"docno": "S9b345662-A8b5e61d7", "score": 18.96167090208634}
{"docno": "S908ed2cb-A1929c56a", "score": 18.945153296427748}
{"docno": "S61bcb328-Aa4d5acf9", "score": 18.944275540568576}
{"docno": "S85178f24-A21ba283", "score": 18.942616317802766}
{"docno": "S59a01d9d-A91cd6673", "score": 18.92109104787696}
{"docno": "Sfe53162e-Acae0f5e5", "score": 18.916316583939626}
{"docno": "Sf1a3ed1e-A47c588d3", "score": 18.907765687562584}
{"docno": "S1fba06e8-Ae5a31ce", "score": 18.880855644095554}
{"docno": "Sfd98a1f9-A60968da2", "score": 18.867527984863454}
{"docno": "S908ed2cb-Ac393e764", "score": 18.862696586474947}
{"docno": "Sb8d48ad7-A84ee58cc", "score": 18.856867484807815}
{"docno": "S98931b41-Ad8136b39", "score": 18.844094119073127}
{"docno": "Sfd98a1f9-Aac292bc0", "score": 18.839948135278867}
{"docno": "Sb5be6b4d-A30e67c89", "score": 18.828320711392237}
{"docno": "S89eb9d8b-A458e22b7", "score": 18.805708536812197}
{"docno": "S901f612c-A60586fee", "score": 18.801627210175905}
{"docno": "S61bcb9f0-A4bd310ec", "score": 18.776692792156425}
{"docno": "Sfd3161b0-A394abec6", "score": 18.734692723132078}
{"docno": "S61bc36ea-Abb694092", "score": 18.717134367272536}
{"docno": "S9f5396d0-A59d24c25", "score": 18.71017832001197}
{"docno": "S61bc36ea-A8251941d", "score": 18.698610485236}
{"docno": "S7ef1e9fb-A75330945", "score": 18.695265862109185}
{"docno": "S42d9b047-A984bc151", "score": 18.678455957921805}
{"docno": "S9c0105d0-A6cabe107", "score": 18.67157604023374}
{"docno": "Sfd98a1f9-Afaf90401", "score": 18.645287917894322}
{"docno": "S8cce991f-A8f85f7ba", "score": 18.64431872831588}
{"docno": "Sb8d489fe-Ad89de66b", "score": 18.641571669052006}
{"docno": "S2bce8c52-A6be48c9f", "score": 18.641409532559344}
{"docno": "S61bcc191-A72feb123", "score": 18.641080129289005}
{"docno": "S901f612c-Ae26b5a1", "score": 18.637033157352725}
{"docno": "S42d9b047-Ae6e79f09", "score": 18.632953059644656}
{"docno": "S638d406b-A3c19fe38", "score": 18.617287035792472}
{"docno": "S59a01d5f-A8bc85d77", "score": 18.617287035792472}
{"docno": "Sad53c4eb-A2514109b", "score": 18.60109925789469}
{"docno": "S141a4562-A60827da7", "score": 18.578815453957404}
{"docno": "S89eb9d8b-Aff16cdde", "score": 18.576820577090565}
{"docno": "S61bc36ea-Ad6250f45", "score": 18.57091266098292}
{"docno": "S5ef4ba1a-A4ca0ece3", "score": 18.54970698504971}
{"docno": "S7ef1e9dc-A977c33f2", "score": 18.544698265386252}
{"docno": "S61bcbe8a-A2a7ac95", "score": 18.539905619033497}
{"docno": "S2f5fdbe4-Ac6f809a2", "score": 18.537994531942516}
{"docno": "Sa56a8385-Ac235d2b5", "score": 18.534713510755747}
{"docno": "Sf1a3ed1e-A42b9ffd4", "score": 18.523189225275686}
{"docno": "S61bcb6ca-A32801563", "score": 18.512875776196097}
{"docno": "S61bcb6ca-A47a7ea8c", "score": 18.50229405568154}
{"docno": "S9c0105d0-Af64612f3", "score": 18.498655207586463}
{"docno": "Sfd3161b0-Aa4efa2e", "score": 18.49285675684848}
{"docno": "Sfe5319d0-A1b755f99", "score": 18.488799844427817}
{"docno": "S61bcba2e-A1b533444", "score": 18.474207856309015}
{"docno": "Sdd5367d8-Abe20f96e", "score": 18.470976306188945}
{"docno": "S64a6fa7-A98128c0b", "score": 18.47097222969236}
{"docno": "Sa4241bd2-A9c7506b0", "score": 18.460903676605376}
{"docno": "S8cce991f-A92c1e386", "score": 18.43956476860652}
{"docno": "S5ef4ba1a-Aa9ca7a48", "score": 18.43861123161321}
{"docno": "S638d406b-A927e6644", "score": 18.41718296253802}
{"docno": "Sda638ba9-Afd8ded9e", "score": 18.41597469138409}
{"docno": "Sb8d48ad7-Ae058b2ea", "score": 18.398268896560808}
{"docno": "S61bcb66d-A35d1d291", "score": 18.388364414430665}
{"docno": "Sb57b83e8-Ac271e6", "score": 18.36723797957753}
{"docno": "Sa4241bd2-A391a3c95", "score": 18.35581415180843}
{"docno": "Sb8d489fe-Af72ac897", "score": 18.351626927436232}
{"docno": "S908ed2cb-A98f9c1e", "score": 18.33963439613305}
{"docno": "Sda630f6b-Af2fd073d", "score": 18.335846671409435}
{"docno": "Se214f0a6-Aa9ae79db", "score": 18.335633581147235}
{"docno": "Se92f1168-A1d41c1af", "score": 18.32843307735431}
{"docno": "S19c1b3ad-A8d10693a", "score": 18.312384719391442}
{"docno": "Sb8d489df-Adbfa4f5a", "score": 18.31229693078326}
{"type": "queryBoxFocused", "timestamp": "2025-06-26T10:37:36.564Z", "sessionID": "8977d260-cb72-46b9-8eae-75954b7d9f9f"}
{"type": "queryBoxFocused", "timestamp": "2025-06-26T10:37:41.179Z", "sessionID": "8977d260-cb72-46b9-8eae-75954b7d9f9f"}
{"type": "querySubmitted", "timestamp": "2025-06-26T10:37:44.681Z", "sessionID": "8977d260-cb72-46b9-8eae-75954b7d9f9f", "query": "reasons for animal testing"}
{"docno": "S2bce8c52-A5866ed60", "score": 22.461069093388666}
{"docno": "S638d406b-A927e6644", "score": 22.364508755663344}
{"docno": "S901f612c-A60586fee", "score": 22.26894771738456}
{"docno": "Sfd98a1f9-Aac292bc0", "score": 22.233642993561787}
{"docno": "Sc0429f6c-A1a9ee9e4", "score": 22.143280609683544}
{"docno": "S9f5396d0-A59d24c25", "score": 22.043927796000858}
{"docno": "S2bce8c52-A4453a6fd", "score": 21.883649799289756}
{"docno": "Sb5be6b4d-A30e67c89", "score": 21.83209730195952}
{"docno": "Sdd18e758-A82a78ee0", "score": 21.80705880664761}
{"docno": "S8cce991f-A92c1e386", "score": 21.760461828667474}
{"docno": "S638d406b-A3c19fe38", "score": 21.679548166526303}
{"docno": "S59a01d5f-A8bc85d77", "score": 21.679548166526303}
{"docno": "S85178f24-A21ba283", "score": 21.65305626758336}
{"docno": "Sb5be6b4d-A45ef9d6b", "score": 21.536339329325703}
{"docno": "Sb5be6b4d-Ac25c88c4", "score": 21.49905075781289}
{"docno": "Sfd3161b0-Aa4efa2e", "score": 21.458869124177667}
{"docno": "S8cce991f-A8f85f7ba", "score": 21.30883991333568}
{"docno": "S89eb9d8b-Aff16cdde", "score": 21.295816012495706}
{"docno": "Sfe5319d0-A1c77ee95", "score": 21.245896562031792}
{"docno": "S4202ae79-Ae0c892a8", "score": 21.23992081610851}
{"docno": "Sb33b886a-A69d26b1a", "score": 21.237980443301716}
{"docno": "Sf1a3ed1e-A47c588d3", "score": 21.18130936936945}
{"docno": "Sa4241bd2-A9c7506b0", "score": 21.17134362638597}
{"docno": "S573e6e3c-Ae8762d4c", "score": 21.13972905615429}
{"docno": "Sa4241bd2-A391a3c95", "score": 21.129998957621588}
{"docno": "S61bcb66d-A35d1d291", "score": 21.09178114138524}
{"docno": "Sdd18e758-A38b33038", "score": 21.09060803898226}
{"docno": "S8cce991f-A63391bc", "score": 21.04050326508306}
{"docno": "S908f528c-A2d34d909", "score": 20.989596944487733}
{"docno": "S908ed2cb-A61b1c621", "score": 20.97140220321227}
{"docno": "Sdd5367d8-Af1044598", "score": 20.95180446204491}
{"docno": "S61bcbe8a-A2a7ac95", "score": 20.863839913198458}
{"docno": "Sa4241bd2-Aabfbf4d3", "score": 20.77441994732269}
{"docno": "Se5ed6915-A40bb8839", "score": 20.705919366915975}
{"docno": "Sd0a8ad59-A91f2f828", "score": 20.7003108878555}
{"docno": "S89eb9d8b-A458e22b7", "score": 20.700014906394852}
{"docno": "Sf1a3ed7b-A8c1f42ea", "score": 20.66458431434637}
{"docno": "S98931b41-Ad8136b39", "score": 20.64443707413797}
{"docno": "Sd1a53c21-A1e62977d", "score": 20.64036167152868}
{"docno": "S8cce991f-Add41387d", "score": 20.519654153402122}
{"docno": "Sad53c4eb-Ae6bc6488", "score": 20.4821643357931}
{"docno": "S9c0105d0-A336d6c33", "score": 20.4477966251983}
{"docno": "Sad53c4eb-A2514109b", "score": 20.361148137290265}
{"docno": "S98931b41-A2fc695d", "score": 20.33960417907673}
{"docno": "S908ed2cb-A78f59e81", "score": 20.337083331001523}
{"docno": "S638d406b-A5da231b8", "score": 20.30890018720168}
{"docno": "Sb8d489fe-Af72ac897", "score": 20.23084406438884}
{"docno": "S85178f24-A909c64b5", "score": 20.095022540583905}
{"docno": "S42d9b047-Ae6e79f09", "score": 20.058089237675325}
{"docno": "S61bcc172-Ac0cb8d55", "score": 19.950366943030204}
{"docno": "Sdd18e758-A249b0d95", "score": 19.90361843434669}
{"docno": "Sda630f6b-Af2fd073d", "score": 19.842918478101822}
{"docno": "Sdd18e758-Ab4ecf2a0", "score": 19.816561965994932}
{"docno": "Sda638ba9-A8bdc3b1", "score": 19.7906771004277}
{"docno": "Sdaecdcfa-Adbf177c", "score": 19.78583805624795}
{"docno": "S61bcba6c-Ab721719a", "score": 19.69654552923071}
{"docno": "S3eced554-Ae92060a8", "score": 19.68984277253223}
{"docno": "S8805d459-A579265d6", "score": 19.63836593445217}
{"docno": "Sfe5319d0-Aeb473353", "score": 19.63320173173274}
{"docno": "Sc0429f6c-A77267c7b", "score": 19.59176519468373}
{"docno": "Sdaecddd3-A39cad427", "score": 19.584346819045347}
{"docno": "Sd640f8-Aeb126a1", "score": 19.566298535646872}
{"docno": "S5b339c0d-A931ae902", "score": 19.442681417227462}
{"docno": "S908ed2cb-A19ad9c67", "score": 19.441903147519}
{"docno": "Sfd3161b0-Aa62afd01", "score": 19.422895706480688}
{"docno": "Sdf41ee47-A61da7c2", "score": 19.4163399600882}
{"docno": "S16dc9c32-A645e52cd", "score": 19.39553639638821}
{"docno": "Sd79efb67-A9bde34c3", "score": 19.389894116409753}
{"docno": "S908f4ecb-A16222b71", "score": 19.389261858682342}
{"docno": "Sc0429f6c-Acd8c6995", "score": 19.389261858682342}
{"docno": "S9addf540-Af51cc620", "score": 19.36766601193738}
{"docno": "S171633f7-Aaee14c53", "score": 19.325796080319435}
{"docno": "Sd640f8-A212c1c22", "score": 19.30680080612239}
{"docno": "Sfd3161b0-A17fc7631", "score": 19.284350946705885}
{"docno": "Saeeb3794-Ad99b434b", "score": 19.27970720138247}
{"docno": "Se92f1168-A607ff48b", "score": 19.255541579086035}
{"docno": "S61bcb28d-Ad673070c", "score": 19.24085854435642}
{"docno": "Sf1a3ed7b-A764a38e2", "score": 19.22665120907053}
{"docno": "S901f612c-Ad998849", "score": 19.208092677207816}
{"docno": "S14dfcc1-Ae86f4e7a", "score": 19.205827333634737}
{"docno": "Sb8d489fe-A96b08e29", "score": 19.200112012061254}
{"docno": "Sfd98a1f9-A66e90f73", "score": 19.17717312726442}
{"docno": "S3eced554-A58c48631", "score": 19.170074465252533}
{"docno": "S889488c9-Ab89e741a", "score": 19.168699430826152}
{"docno": "Sdd5367d8-Afa6a5780", "score": 19.160935988345408}
{"docno": "Sfd3161b0-Ac6e25681", "score": 19.15927572927642}
{"docno": "S19c1b3ad-Ab751f522", "score": 19.14951418750778}
{"docno": "S901f612c-A348c052b", "score": 19.144832553485976}
{"docno": "Sb8d48a1d-A67985117", "score": 19.12759604961297}
{"docno": "Sd640f8-A9282530", "score": 19.126932218842427}
{"docno": "S59a01e38-A6073d8ec", "score": 19.118422367018425}
{"docno": "Saeeb3794-A17053d14", "score": 19.096845917781557}
{"docno": "S61bcb26e-A71173718", "score": 19.073743218474014}
{"docno": "Sb8d48a5b-A1378fc68", "score": 19.071503739764935}
{"docno": "Sa4241bd2-A3cdd04b0", "score": 19.059457246228177}
{"docno": "Sb8d48a7a-A429e204c", "score": 19.03341752028237}
{"docno": "Sad53c4eb-A127f8674", "score": 18.994334514291705}
{"docno": "S908f4e4f-Afde32d84", "score": 18.96827161957683}
{"docno": "S9b345662-A8b5e61d7", "score": 18.96167090208634}
{"docno": "S908ed2cb-A1929c56a", "score": 18.945153296427748}
{"type": "queryBoxFocused", "timestamp": "2025-06-26T10:37:48.993Z", "sessionID": "8977d260-cb72-46b9-8eae-75954b7d9f9f"}
{"type": "querySubmitted", "timestamp": "2025-06-26T10:37:55.129Z", "sessionID": "8977d260-cb72-46b9-8eae-75954b7d9f9f", "query": "animal test reason -allowed"}
{"docno": "S638d406b-A927e6644", "score": 22.364508755663348}
{"docno": "S901f612c-A60586fee", "score": 22.26894771738456}
{"docno": "Sfd98a1f9-Aac292bc0", "score": 22.233642993561784}
{"docno": "Sc0429f6c-A1a9ee9e4", "score": 22.143280609683547}
{"docno": "S9f5396d0-A59d24c25", "score": 22.04392779600086}
{"docno": "S2bce8c52-A4453a6fd", "score": 21.883649799289753}
{"docno": "Sb5be6b4d-A30e67c89", "score": 21.83209730195952}
{"docno": "Sdd18e758-A82a78ee0", "score": 21.80705880664761}
{"docno": "S8cce991f-A92c1e386", "score": 21.760461828667477}
{"docno": "S638d406b-A3c19fe38", "score": 21.679548166526303}
{"docno": "S59a01d5f-A8bc85d77", "score": 21.679548166526303}
{"docno": "S85178f24-A21ba283", "score": 21.65305626758336}
{"docno": "Sb5be6b4d-Ac25c88c4", "score": 21.499050757812892}
{"docno": "Sfd3161b0-Aa4efa2e", "score": 21.45886912417767}
{"docno": "S8cce991f-A8f85f7ba", "score": 21.30883991333568}
{"docno": "S89eb9d8b-Aff16cdde", "score": 21.295816012495706}
{"docno": "Sfe5319d0-A1c77ee95", "score": 21.245896562031792}
{"docno": "S4202ae79-Ae0c892a8", "score": 21.239920816108512}
{"docno": "Sb33b886a-A69d26b1a", "score": 21.23798044330172}
{"docno": "Sa4241bd2-A9c7506b0", "score": 21.17134362638597}
{"docno": "S573e6e3c-Ae8762d4c", "score": 21.13972905615429}
{"docno": "Sa4241bd2-A391a3c95", "score": 21.129998957621588}
{"docno": "Sdd18e758-A38b33038", "score": 21.09060803898226}
{"docno": "S8cce991f-A63391bc", "score": 21.04050326508306}
{"docno": "S908f528c-A2d34d909", "score": 20.989596944487737}
{"docno": "S908ed2cb-A61b1c621", "score": 20.971402203212268}
{"docno": "Sdd5367d8-Af1044598", "score": 20.95180446204491}
{"docno": "S61bcbe8a-A2a7ac95", "score": 20.863839913198458}
{"docno": "Se5ed6915-A40bb8839", "score": 20.70591936691598}
{"docno": "Sd0a8ad59-A91f2f828", "score": 20.7003108878555}
{"docno": "S89eb9d8b-A458e22b7", "score": 20.700014906394852}
{"docno": "Sf1a3ed7b-A8c1f42ea", "score": 20.664584314346367}
{"docno": "S98931b41-Ad8136b39", "score": 20.644437074137965}
{"docno": "Sd1a53c21-A1e62977d", "score": 20.640361671528677}
{"docno": "S8cce991f-Add41387d", "score": 20.519654153402122}
{"docno": "Sad53c4eb-Ae6bc6488", "score": 20.482164335793097}
{"docno": "Sad53c4eb-A2514109b", "score": 20.36114813729026}
{"docno": "S908ed2cb-A78f59e81", "score": 20.337083331001523}
{"docno": "S638d406b-A5da231b8", "score": 20.30890018720168}
{"docno": "Sb8d489fe-Af72ac897", "score": 20.23084406438884}
{"docno": "S85178f24-A909c64b5", "score": 20.09502254058391}
{"docno": "S42d9b047-Ae6e79f09", "score": 20.058089237675322}
{"docno": "S61bcc172-Ac0cb8d55", "score": 19.950366943030208}
{"docno": "Sdd18e758-A249b0d95", "score": 19.90361843434669}
{"docno": "Sdd18e758-Ab4ecf2a0", "score": 19.816561965994936}
{"docno": "Sdaecdcfa-Adbf177c", "score": 19.78583805624795}
{"docno": "S3eced554-Ae92060a8", "score": 19.68984277253223}
{"docno": "S8805d459-A579265d6", "score": 19.63836593445217}
{"docno": "Sfe5319d0-Aeb473353", "score": 19.63320173173274}
{"docno": "Sc0429f6c-A77267c7b", "score": 19.59176519468373}
{"docno": "Sd640f8-Aeb126a1", "score": 19.566298535646872}
{"docno": "S5b339c0d-A931ae902", "score": 19.442681417227462}
{"docno": "S908ed2cb-A19ad9c67", "score": 19.441903147519}
{"docno": "Sfd3161b0-Aa62afd01", "score": 19.422895706480688}
{"docno": "Sdf41ee47-A61da7c2", "score": 19.4163399600882}
{"docno": "S16dc9c32-A645e52cd", "score": 19.395536396388206}
{"docno": "S908f4ecb-A16222b71", "score": 19.389261858682342}
{"docno": "Sc0429f6c-Acd8c6995", "score": 19.389261858682342}
{"docno": "S9addf540-Af51cc620", "score": 19.36766601193738}
{"docno": "S171633f7-Aaee14c53", "score": 19.325796080319435}
{"docno": "Sd640f8-A212c1c22", "score": 19.30680080612239}
{"docno": "Sfd3161b0-A17fc7631", "score": 19.284350946705885}
{"docno": "Saeeb3794-Ad99b434b", "score": 19.27970720138247}
{"docno": "Se92f1168-A607ff48b", "score": 19.255541579086035}
{"docno": "S61bcb28d-Ad673070c", "score": 19.24085854435642}
{"docno": "Sf1a3ed7b-A764a38e2", "score": 19.22665120907053}
{"docno": "S901f612c-Ad998849", "score": 19.208092677207816}
{"docno": "S14dfcc1-Ae86f4e7a", "score": 19.205827333634737}
{"docno": "Sb8d489fe-A96b08e29", "score": 19.200112012061258}
{"docno": "Sfd98a1f9-A66e90f73", "score": 19.17717312726442}
{"docno": "S3eced554-A58c48631", "score": 19.170074465252533}
{"docno": "S889488c9-Ab89e741a", "score": 19.168699430826152}
{"docno": "Sdd5367d8-Afa6a5780", "score": 19.160935988345408}
{"docno": "Sfd3161b0-Ac6e25681", "score": 19.15927572927642}
{"docno": "S19c1b3ad-Ab751f522", "score": 19.14951418750778}
{"docno": "Sb8d48a1d-A67985117", "score": 19.127596049612972}
{"docno": "Sd640f8-A9282530", "score": 19.126932218842427}
{"docno": "S59a01e38-A6073d8ec", "score": 19.118422367018425}
{"docno": "Sa4241bd2-A3cdd04b0", "score": 19.059457246228177}
{"docno": "Sb8d48a7a-A429e204c", "score": 19.03341752028237}
{"docno": "Sad53c4eb-A127f8674", "score": 18.994334514291705}
{"docno": "S908f4e4f-Afde32d84", "score": 18.96827161957683}
{"docno": "S9b345662-A8b5e61d7", "score": 18.96167090208634}
{"docno": "S908ed2cb-A1929c56a", "score": 18.945153296427748}
{"docno": "S61bcb328-Aa4d5acf9", "score": 18.944275540568576}
{"docno": "Sf1a3ed7b-A6e28ccfc", "score": 18.935534613090322}
{"docno": "S59a01d9d-A91cd6673", "score": 18.92109104787696}
{"docno": "Sfe53162e-Acae0f5e5", "score": 18.916316583939626}
{"docno": "S9addf540-Ad0ed2faa", "score": 18.91530075442281}
{"docno": "S1fba06e8-Ae5a31ce", "score": 18.880855644095554}
{"docno": "Sfd98a1f9-A60968da2", "score": 18.867527984863454}
{"docno": "S908ed2cb-Ac393e764", "score": 18.862696586474947}
{"docno": "S61bcb9f0-A4bd310ec", "score": 18.776692792156425}
{"docno": "S59a01d9d-Af435c389", "score": 18.737238009148413}
{"docno": "Sfd3161b0-A394abec6", "score": 18.734692723132078}
{"docno": "Sda630fe7-Ab1354262", "score": 18.72409656121801}
{"docno": "S61bc36ea-Abb694092", "score": 18.717134367272536}
{"docno": "S61bc36ea-A8251941d", "score": 18.698610485236}
{"docno": "S7ef1e9fb-A75330945", "score": 18.695265862109185}
{"docno": "S42d9b047-A984bc151", "score": 18.678455957921805}
{"type": "toggleArgument", "timestamp": "2025-06-26T10:37:58.656Z", "sessionID": "8977d260-cb72-46b9-8eae-75954b7d9f9f", "rank": "1", "doc": "Sb5be6b4d-A45ef9d6b", "action": "expand", "doclen": 351, "score": 21.536339329325703}
{"type": "StanceClicked", "timestamp": "2025-06-26T10:38:12.449Z", "sessionID": "8977d260-cb72-46b9-8eae-75954b7d9f9f", "rank": "1", "stance": "pro", "action": "chooseStance", "doc": "Sb5be6b4d-A45ef9d6b", "doclen": 351, "score": 21.536339329325703}
{"type": "toggleArgument", "timestamp": "2025-06-26T10:38:18.648Z", "sessionID": "8977d260-cb72-46b9-8eae-75954b7d9f9f", "rank": "2", "doc": "S98931b41-A2fc695d", "action": "expand", "doclen": 1399, "score": 10.537247110523449}
{"type": "StanceClicked", "timestamp": "2025-06-26T10:38:24.104Z", "sessionID": "8977d260-cb72-46b9-8eae-75954b7d9f9f", "rank": "2", "stance": "pro", "action": "chooseStance", "doc": "S98931b41-A2fc695d", "doclen": 1399, "score": 10.537247110523449}
{"type": "toggleArgument", "timestamp": "2025-06-26T10:38:27.616Z", "sessionID": "8977d260-cb72-46b9-8eae-75954b7d9f9f", "rank": "3", "doc": "S2bce8c52-A5866ed60", "action": "expand", "doclen": 1807, "score": 19.237056769732263}
{"type": "StanceClicked", "timestamp": "2025-06-26T10:39:03.384Z", "sessionID": "8977d260-cb72-46b9-8eae-75954b7d9f9f", "rank": "3", "stance": "con", "action": "chooseStance", "doc": "S2bce8c52-A5866ed60", "doclen": 1807, "score": 19.237056769732263}
{"type": "toggleArgument", "timestamp": "2025-06-26T10:39:04.456Z", "sessionID": "8977d260-cb72-46b9-8eae-75954b7d9f9f", "rank": "4", "doc": "Saeeb3794-A17053d14", "action": "expand", "doclen": 409, "score": 19.096845917781557}
{"type": "StanceClicked", "timestamp": "2025-06-26T10:39:25.481Z", "sessionID": "8977d260-cb72-46b9-8eae-75954b7d9f9f", "rank": "4", "stance": "pro", "action": "chooseStance", "doc": "Saeeb3794-A17053d14", "doclen": 409, "score": 19.096845917781557}
{"type": "toggleArgument", "timestamp": "2025-06-26T10:39:26.424Z", "sessionID": "8977d260-cb72-46b9-8eae-75954b7d9f9f", "rank": "5", "doc": "Sa4241bd2-Aabfbf4d3", "action": "expand", "doclen": 677, "score": 20.77441994732269}
{"type": "StanceClicked", "timestamp": "2025-06-26T10:39:38.305Z", "sessionID": "8977d260-cb72-46b9-8eae-75954b7d9f9f", "rank": "5", "stance": "con", "action": "chooseStance", "doc": "Sa4241bd2-Aabfbf4d3", "doclen": 677, "score": 20.77441994732269}
{"type": "StanceClicked", "timestamp": "2025-06-26T10:39:42.105Z", "sessionID": "8977d260-cb72-46b9-8eae-75954b7d9f9f", "rank": "5", "stance": "pro", "action": "chooseStance", "doc": "Sa4241bd2-Aabfbf4d3", "doclen": 677, "score": 20.77441994732269}
{"type": "StanceClicked", "timestamp": "2025-06-26T10:39:48.448Z", "sessionID": "8977d260-cb72-46b9-8eae-75954b7d9f9f", "rank": "5", "stance": "con", "action": "chooseStance", "doc": "Sa4241bd2-Aabfbf4d3", "doclen": 677, "score": 20.77441994732269}
{"type": "toggleArgument", "timestamp": "2025-06-26T10:39:53.744Z", "sessionID": "8977d260-cb72-46b9-8eae-75954b7d9f9f", "rank": "6", "doc": "S61bcb66d-A35d1d291", "action": "expand", "doclen": 1831, "score": 18.388364414430665}
{"type": "StanceClicked", "timestamp": "2025-06-26T10:39:57.224Z", "sessionID": "8977d260-cb72-46b9-8eae-75954b7d9f9f", "rank": "6", "stance": "con", "action": "chooseStance", "doc": "S61bcb66d-A35d1d291", "doclen": 1831, "score": 18.388364414430665}
{"type": "toggleArgument", "timestamp": "2025-06-26T10:39:58.664Z", "sessionID": "8977d260-cb72-46b9-8eae-75954b7d9f9f", "rank": "7", "doc": "S61bcb26e-A71173718", "action": "expand", "doclen": 485, "score": 19.073743218474014}
{"type": "toggleArgument", "timestamp": "2025-06-26T10:40:22.761Z", "sessionID": "8977d260-cb72-46b9-8eae-75954b7d9f9f", "rank": "8", "doc": "Sf1a3ed1e-A47c588d3", "action": "expand", "doclen": 2428, "score": 18.907765687562584}
{"type": "StanceClicked", "timestamp": "2025-06-26T10:40:32.833Z", "sessionID": "8977d260-cb72-46b9-8eae-75954b7d9f9f", "rank": "8", "stance": "pro", "action": "chooseStance", "doc": "Sf1a3ed1e-A47c588d3", "doclen": 2428, "score": 18.907765687562584}
{"type": "toggleArgument", "timestamp": "2025-06-26T10:40:36.057Z", "sessionID": "8977d260-cb72-46b9-8eae-75954b7d9f9f", "rank": "9", "doc": "S901f612c-A348c052b", "action": "expand", "doclen": 589, "score": 19.144832553485976}
{"type": "toggleArgument", "timestamp": "2025-06-26T10:40:38.569Z", "sessionID": "8977d260-cb72-46b9-8eae-75954b7d9f9f", "rank": "10", "doc": "S2f5fdbe4-Ac6f809a2", "action": "expand", "doclen": 337, "score": 18.537994531942516}
{"type": "pageNavigationClicked", "timestamp": "2025-06-26T10:40:47.001Z", "sessionID": "8977d260-cb72-46b9-8eae-75954b7d9f9f", "clicked": "2", "fromPage": 1, "toPage": 2}
{"type": "toggleArgument", "timestamp": "2025-06-26T10:40:48.457Z", "sessionID": "8977d260-cb72-46b9-8eae-75954b7d9f9f", "rank": "11", "doc": "S61bcba6c-Ab721719a", "action": "expand", "doclen": 1066, "score": 22.558532885662665}
{"type": "StanceClicked", "timestamp": "2025-06-26T10:40:57.826Z", "sessionID": "8977d260-cb72-46b9-8eae-75954b7d9f9f", "rank": "11", "stance": "pro", "action": "chooseStance", "doc": "S61bcba6c-Ab721719a", "doclen": 1066, "score": 22.558532885662665}
{"type": "toggleArgument", "timestamp": "2025-06-26T10:40:59.289Z", "sessionID": "8977d260-cb72-46b9-8eae-75954b7d9f9f", "rank": "12", "doc": "S61bcc191-Abc09cf66", "action": "expand", "doclen": 254, "score": null}
{"type": "toggleArgument", "timestamp": "2025-06-26T10:40:59.953Z", "sessionID": "8977d260-cb72-46b9-8eae-75954b7d9f9f", "rank": "12", "doc": "S61bcc191-Abc09cf66", "action": "reduce", "doclen": 254, "score": null}
{"type": "toggleArgument", "timestamp": "2025-06-26T10:41:00.321Z", "sessionID": "8977d260-cb72-46b9-8eae-75954b7d9f9f", "rank": "12", "doc": "S61bcc191-Abc09cf66", "action": "expand", "doclen": 254, "score": null}
{"type": "toggleArgument", "timestamp": "2025-06-26T10:41:02.145Z", "sessionID": "8977d260-cb72-46b9-8eae-75954b7d9f9f", "rank": "13", "doc": "Sa4241bd2-Af57e14e2", "action": "expand", "doclen": 652, "score": null}
{"type": "StanceClicked", "timestamp": "2025-06-26T10:41:08.946Z", "sessionID": "8977d260-cb72-46b9-8eae-75954b7d9f9f", "rank": "12", "stance": "con", "action": "chooseStance", "doc": "S61bcc191-Abc09cf66", "doclen": 254, "score": null}
{"type": "StanceClicked", "timestamp": "2025-06-26T10:41:39.611Z", "sessionID": "8977d260-cb72-46b9-8eae-75954b7d9f9f", "rank": "13", "stance": "pro", "action": "chooseStance", "doc": "Sa4241bd2-Af57e14e2", "doclen": 652, "score": null}
{"type": "toggleArgument", "timestamp": "2025-06-26T10:41:41.114Z", "sessionID": "8977d260-cb72-46b9-8eae-75954b7d9f9f", "rank": "14", "doc": "Sfd3161b0-Aea1afd4d", "action": "expand", "doclen": 560, "score": null}
{"type": "toggleArgument", "timestamp": "2025-06-26T10:41:42.730Z", "sessionID": "8977d260-cb72-46b9-8eae-75954b7d9f9f", "rank": "15", "doc": "S901f612c-A8966c190", "action": "expand", "doclen": 1147, "score": null}
{"type": "StanceClicked", "timestamp": "2025-06-26T10:41:47.371Z", "sessionID": "8977d260-cb72-46b9-8eae-75954b7d9f9f", "rank": "15", "stance": "pro", "action": "chooseStance", "doc": "S901f612c-A8966c190", "doclen": 1147, "score": null}
{"type": "StanceClicked", "timestamp": "2025-06-26T10:41:57.123Z", "sessionID": "8977d260-cb72-46b9-8eae-75954b7d9f9f", "rank": "14", "stance": "pro", "action": "chooseStance", "doc": "Sfd3161b0-Aea1afd4d", "doclen": 560, "score": null}
{"type": "toggleArgument", "timestamp": "2025-06-26T10:41:58.418Z", "sessionID": "8977d260-cb72-46b9-8eae-75954b7d9f9f", "rank": "16", "doc": "S9c0105d0-A336d6c33", "action": "expand", "doclen": 2548, "score": 20.4477966251983}
{"type": "StanceClicked", "timestamp": "2025-06-26T10:42:01.235Z", "sessionID": "8977d260-cb72-46b9-8eae-75954b7d9f9f", "rank": "16", "stance": "pro", "action": "chooseStance", "doc": "S9c0105d0-A336d6c33", "doclen": 2548, "score": 20.4477966251983}
{"type": "toggleArgument", "timestamp": "2025-06-26T10:42:02.402Z", "sessionID": "8977d260-cb72-46b9-8eae-75954b7d9f9f", "rank": "17", "doc": "S638d406b-A927e6644", "action": "expand", "doclen": 481, "score": 18.41718296253802}
{"type": "toggleArgument", "timestamp": "2025-06-26T10:42:09.146Z", "sessionID": "8977d260-cb72-46b9-8eae-75954b7d9f9f", "rank": "18", "doc": "Sda638ba9-A8bdc3b1", "action": "expand", "doclen": 1555, "score": 19.7906771004277}
{"type": "StanceClicked", "timestamp": "2025-06-26T10:42:28.628Z", "sessionID": "8977d260-cb72-46b9-8eae-75954b7d9f9f", "rank": "18", "stance": "pro", "action": "chooseStance", "doc": "Sda638ba9-A8bdc3b1", "doclen": 1555, "score": 19.7906771004277}
{"type": "toggleArgument", "timestamp": "2025-06-26T10:42:30.027Z", "sessionID": "8977d260-cb72-46b9-8eae-75954b7d9f9f", "rank": "19", "doc": "S901f612c-A60586fee", "action": "expand", "doclen": 274, "score": 18.801627210175905}
{"type": "toggleArgument", "timestamp": "2025-06-26T10:42:31.283Z", "sessionID": "8977d260-cb72-46b9-8eae-75954b7d9f9f", "rank": "20", "doc": "Sfd98a1f9-Aac292bc0", "action": "expand", "doclen": 1005, "score": 18.839948135278867}
{"type": "StanceClicked", "timestamp": "2025-06-26T10:42:58.164Z", "sessionID": "8977d260-cb72-46b9-8eae-75954b7d9f9f", "rank": "20", "stance": "pro", "action": "chooseStance", "doc": "Sfd98a1f9-Aac292bc0", "doclen": 1005, "score": 18.839948135278867}
{"type": "pageNavigationClicked", "timestamp": "2025-06-26T10:43:00.147Z", "sessionID": "8977d260-cb72-46b9-8eae-75954b7d9f9f", "clicked": "10", "fromPage": 2, "toPage": 10}
{"type": "toggleArgument", "timestamp": "2025-06-26T10:43:02.380Z", "sessionID": "8977d260-cb72-46b9-8eae-75954b7d9f9f", "rank": "91", "doc": "S8805d459-A579265d6", "action": "expand", "doclen": 238, "score": 19.63836593445217}
{"type": "toggleArgument", "timestamp": "2025-06-26T10:43:07.483Z", "sessionID": "8977d260-cb72-46b9-8eae-75954b7d9f9f", "rank": "92", "doc": "Sfe5319d0-Aeb473353", "action": "expand", "doclen": 1516, "score": 19.63320173173274}
{"type": "StanceClicked", "timestamp": "2025-06-26T10:43:15.436Z", "sessionID": "8977d260-cb72-46b9-8eae-75954b7d9f9f", "rank": "92", "stance": "pro", "action": "chooseStance", "doc": "Sfe5319d0-Aeb473353", "doclen": 1516, "score": 19.63320173173274}
{"type": "toggleArgument", "timestamp": "2025-06-26T10:43:17.052Z", "sessionID": "8977d260-cb72-46b9-8eae-75954b7d9f9f", "rank": "93", "doc": "Sc0429f6c-A77267c7b", "action": "expand", "doclen": 975, "score": 19.59176519468373}
{"type": "StanceClicked", "timestamp": "2025-06-26T10:43:21.252Z", "sessionID": "8977d260-cb72-46b9-8eae-75954b7d9f9f", "rank": "93", "stance": "con", "action": "chooseStance", "doc": "Sc0429f6c-A77267c7b", "doclen": 975, "score": 19.59176519468373}
{"type": "toggleArgument", "timestamp": "2025-06-26T10:43:26.397Z", "sessionID": "8977d260-cb72-46b9-8eae-75954b7d9f9f", "rank": "94", "doc": "Sd640f8-Aeb126a1", "action": "expand", "doclen": 1046, "score": 19.566298535646872}
{"type": "toggleArgument", "timestamp": "2025-06-26T10:43:42.836Z", "sessionID": "8977d260-cb72-46b9-8eae-75954b7d9f9f", "rank": "95", "doc": "S59a01d9d-A5784d60a", "action": "expand", "doclen": 1878, "score": null}
{"type": "toggleArgument", "timestamp": "2025-06-26T10:43:51.917Z", "sessionID": "8977d260-cb72-46b9-8eae-75954b7d9f9f", "rank": "96", "doc": "S3f514f64-A271e4f5a", "action": "expand", "doclen": 1615, "score": null}
{"type": "toggleArgument", "timestamp": "2025-06-26T10:44:01.989Z", "sessionID": "8977d260-cb72-46b9-8eae-75954b7d9f9f", "rank": "97", "doc": "S5b339c0d-A931ae902", "action": "expand", "doclen": 116, "score": 19.442681417227462}
{"type": "toggleArgument", "timestamp": "2025-06-26T10:44:03.716Z", "sessionID": "8977d260-cb72-46b9-8eae-75954b7d9f9f", "rank": "98", "doc": "S908ed2cb-A19ad9c67", "action": "expand", "doclen": 836, "score": 19.441903147519}
{"type": "toggleArgument", "timestamp": "2025-06-26T10:44:42.964Z", "sessionID": "8977d260-cb72-46b9-8eae-75954b7d9f9f", "rank": "99", "doc": "Sfd3161b0-Aa62afd01", "action": "expand", "doclen": 352, "score": 10.050327247583688}
{"type": "StanceClicked", "timestamp": "2025-06-26T10:44:45.117Z", "sessionID": "8977d260-cb72-46b9-8eae-75954b7d9f9f", "rank": "98", "stance": "con", "action": "chooseStance", "doc": "S908ed2cb-A19ad9c67", "doclen": 836, "score": 19.441903147519}
{"type": "toggleArgument", "timestamp": "2025-06-26T10:44:46.436Z", "sessionID": "8977d260-cb72-46b9-8eae-75954b7d9f9f", "rank": "100", "doc": "Sdf41ee47-A61da7c2", "action": "expand", "doclen": 1265, "score": 19.4163399600882}
{"type": "StanceClicked", "timestamp": "2025-06-26T10:45:06.372Z", "sessionID": "8977d260-cb72-46b9-8eae-75954b7d9f9f", "rank": "100", "stance": "con", "action": "chooseStance", "doc": "Sdf41ee47-A61da7c2", "doclen": 1265, "score": 19.4163399600882}
{"type": "pageNavigationClicked", "timestamp": "2025-06-26T10:45:11.501Z", "sessionID": "8977d260-cb72-46b9-8eae-75954b7d9f9f", "clicked": "7", "fromPage": 10, "toPage": 7}
{"type": "toggleArgument", "timestamp": "2025-06-26T10:45:20.837Z", "sessionID": "8977d260-cb72-46b9-8eae-75954b7d9f9f", "rank": "63", "doc": "Sb8d48ad7-A84ee58cc", "action": "expand", "doclen": 2480, "score": 18.856867484807815}
{"type": "StanceClicked", "timestamp": "2025-06-26T10:45:33.756Z", "sessionID": "8977d260-cb72-46b9-8eae-75954b7d9f9f", "rank": "63", "stance": "con", "action": "chooseStance", "doc": "Sb8d48ad7-A84ee58cc", "doclen": 2480, "score": 18.856867484807815}
{"type": "toggleArgument", "timestamp": "2025-06-26T10:45:36.868Z", "sessionID": "8977d260-cb72-46b9-8eae-75954b7d9f9f", "rank": "65", "doc": "Sd0a8ad59-A91f2f828", "action": "expand", "doclen": 2613, "score": 20.7003108878555}
{"type": "toggleArgument", "timestamp": "2025-06-26T10:45:49.668Z", "sessionID": "8977d260-cb72-46b9-8eae-75954b7d9f9f", "rank": "66", "doc": "S89eb9d8b-A458e22b7", "action": "expand", "doclen": 1850, "score": 18.805708536812197}
{"type": "StanceClicked", "timestamp": "2025-06-26T10:45:56.892Z", "sessionID": "8977d260-cb72-46b9-8eae-75954b7d9f9f", "rank": "66", "stance": "pro", "action": "chooseStance", "doc": "S89eb9d8b-A458e22b7", "doclen": 1850, "score": 18.805708536812197}
{"type": "StanceClicked", "timestamp": "2025-06-26T10:45:58.492Z", "sessionID": "8977d260-cb72-46b9-8eae-75954b7d9f9f", "rank": "66", "stance": "pro", "action": "removeStance", "doc": "S89eb9d8b-A458e22b7", "doclen": 1850, "score": 18.805708536812197}
{"type": "toggleArgument", "timestamp": "2025-06-26T10:46:00.956Z", "sessionID": "8977d260-cb72-46b9-8eae-75954b7d9f9f", "rank": "67", "doc": "S176e37e4-Aaa503b65", "action": "expand", "doclen": 1454, "score": null}
{"type": "StanceClicked", "timestamp": "2025-06-26T10:46:12.396Z", "sessionID": "8977d260-cb72-46b9-8eae-75954b7d9f9f", "rank": "67", "stance": "con", "action": "chooseStance", "doc": "S176e37e4-Aaa503b65", "doclen": 1454, "score": null}
{"type": "toggleArgument", "timestamp": "2025-06-26T10:46:15.652Z", "sessionID": "8977d260-cb72-46b9-8eae-75954b7d9f9f", "rank": "68", "doc": "Sf1a3ed7b-A8c1f42ea", "action": "expand", "doclen": 2182, "score": 20.66458431434637}
{"type": "StanceClicked", "timestamp": "2025-06-26T10:46:18.052Z", "sessionID": "8977d260-cb72-46b9-8eae-75954b7d9f9f", "rank": "68", "stance": "con", "action": "chooseStance", "doc": "Sf1a3ed7b-A8c1f42ea", "doclen": 2182, "score": 20.66458431434637}
{"type": "toggleArgument", "timestamp": "2025-06-26T10:46:19.980Z", "sessionID": "8977d260-cb72-46b9-8eae-75954b7d9f9f", "rank": "69", "doc": "S98931b41-Ad8136b39", "action": "expand", "doclen": 1674, "score": 18.844094119073127}
{"type": "toggleArgument", "timestamp": "2025-06-26T10:46:27.188Z", "sessionID": "8977d260-cb72-46b9-8eae-75954b7d9f9f", "rank": "70", "doc": "Sd1a53c21-A1e62977d", "action": "expand", "doclen": 2277, "score": 19.052122823156786}
{"type": "StanceClicked", "timestamp": "2025-06-26T10:46:29.772Z", "sessionID": "8977d260-cb72-46b9-8eae-75954b7d9f9f", "rank": "70", "stance": "pro", "action": "chooseStance", "doc": "Sd1a53c21-A1e62977d", "doclen": 2277, "score": 19.052122823156786}
{"type": "StanceClicked", "timestamp": "2025-06-26T10:46:34.347Z", "sessionID": "8977d260-cb72-46b9-8eae-75954b7d9f9f", "rank": "69", "stance": "con", "action": "chooseStance", "doc": "S98931b41-Ad8136b39", "doclen": 1674, "score": 18.844094119073127}
{"type": "ClickedEndTask", "timestamp": "2025-06-26T10:46:38.883Z", "sessionID": "8977d260-cb72-46b9-8eae-75954b7d9f9f"}
{"type": "TaskEndConfirmed", "timestamp": "2025-06-26T10:46:43.947Z", "sessionID": "8977d260-cb72-46b9-8eae-75954b7d9f9f"}
{"type": "TaskEnded", "timestamp": "2025-06-26T10:47:34.146Z", "sessionID": "8977d260-cb72-46b9-8eae-75954b7d9f9f", "reason": "Found enogh to write. Many texts just contained opinions and identifying the facts wasn't hard. Added one oppinion as a reference (e.g. some people get morally charged about that topic, see ...)", "translated_reason": "Found Enogh to Write. Many texts just contained open and identify the facts wasn't hard. Added One Oppinion as a Reference (E.G. Some people get Morally Charged About That Topic, See ...)"}
