{"type": "idSubmitted", "timestamp": "2025-06-26T10:53:15.914Z", "sessionID": "1ccd6134-30fe-4b29-869c-5e93700bf25a", "uid": "Participant55"}
{"type": "TaskStarted", "timestamp": "2025-06-26T10:54:26.538Z", "sessionID": "1ccd6134-30fe-4b29-869c-5e93700bf25a", "task": "1", "uid": "Participant55", "topic": "Is a university education worth it?"}
{"type": "queryBoxFocused", "timestamp": "2025-06-26T10:54:39.064Z", "sessionID": "1ccd6134-30fe-4b29-869c-5e93700bf25a"}
{"type": "querySubmitted", "timestamp": "2025-06-26T10:55:19.667Z", "sessionID": "1ccd6134-30fe-4b29-869c-5e93700bf25a", "query": "Universitäts Abschluss relevanz? in deutschland?"}
{"docno": "Sa075a4a-Af5b0a83d", "score": 20.7755799662676}
{"docno": "S54696660-A415d82b", "score": 16.458890954639173}
{"docno": "S54696660-A747a714b", "score": 12.766365697424273}
{"docno": "S29bf3f7d-A9505f9d3", "score": 8.869823657603469}
{"docno": "Sbe2f5a92-Ac35d6443", "score": 8.78771607214276}
{"docno": "S974fd503-A29607599", "score": 7.99798768358282}
{"docno": "Sd26800e0-Ab977fa93", "score": 7.865453840270137}
{"type": "StanceClicked", "timestamp": "2025-06-26T10:55:32.594Z", "sessionID": "1ccd6134-30fe-4b29-869c-5e93700bf25a", "rank": "1", "stance": "con", "action": "chooseStance", "doc": "Sa075a4a-Af5b0a83d", "doclen": 182, "score": 20.7755799662676}
{"type": "StanceClicked", "timestamp": "2025-06-26T10:55:36.633Z", "sessionID": "1ccd6134-30fe-4b29-869c-5e93700bf25a", "rank": "2", "stance": "con", "action": "chooseStance", "doc": "S54696660-A415d82b", "doclen": 1429, "score": 16.458890954639173}
{"type": "StanceClicked", "timestamp": "2025-06-26T10:55:38.282Z", "sessionID": "1ccd6134-30fe-4b29-869c-5e93700bf25a", "rank": "3", "stance": "con", "action": "chooseStance", "doc": "S54696660-A747a714b", "doclen": 1115, "score": 12.766365697424273}
{"type": "queryBoxFocused", "timestamp": "2025-06-26T10:55:39.245Z", "sessionID": "1ccd6134-30fe-4b29-869c-5e93700bf25a"}
{"type": "querySubmitted", "timestamp": "2025-06-26T10:55:54.171Z", "sessionID": "1ccd6134-30fe-4b29-869c-5e93700bf25a", "query": "university education worth it?"}
{"docno": "S1db3eaf8-A5f21ef21", "score": 20.536191959156007}
{"docno": "Sc7831446-A5f21ef21", "score": 20.536191959156007}
{"docno": "S1db3eaf8-A8eeea404", "score": 19.710324597558643}
{"docno": "Sc7831446-A8eeea404", "score": 19.710324597558643}
{"docno": "Se3bb0258-Ac2cb0473", "score": 19.25215529917394}
{"docno": "Sa0587216-A339b6c2b", "score": 18.74756664310286}
{"docno": "S472d8abe-A8d8336ee", "score": 18.106233914358}
{"docno": "S1e44a13d-Ac1462c76", "score": 18.050338585857908}
{"docno": "S844ad89d-A11f2c19c", "score": 16.89626667769204}
{"docno": "Sa6f085b0-Ac8e58f17", "score": 16.78912366035069}
{"docno": "S472d8abe-Ac816cc0f", "score": 16.58989259455901}
{"docno": "S561c5e25-Aeeb2e80e", "score": 16.57921783687889}
{"docno": "Sa96d2cbd-A39b18866", "score": 16.42462305566667}
{"docno": "Sb9c6a61b-A1a0591c5", "score": 16.404919156399032}
{"docno": "Sead6ade4-A27624698", "score": 16.294079245274595}
{"docno": "S2518c6cb-A4f4901af", "score": 16.2786961473084}
{"docno": "S55b30178-A4a00016a", "score": 16.218967332088226}
{"docno": "S30a568aa-A2c1595a9", "score": 16.150450310233214}
{"docno": "S16837731-Ac3f4c2b1", "score": 16.09219500227646}
{"docno": "S5a5f6670-Ae4ff3280", "score": 15.87493635124768}
{"docno": "S378f5f8b-A45707cdb", "score": 15.806048266131489}
{"docno": "S63487bf0-A76bebdc5", "score": 15.672073782030152}
{"docno": "S8fdadb4f-Abd9b64ad", "score": 15.55541853828018}
{"docno": "Sc195ff79-A9d814b6f", "score": 15.53628472545044}
{"docno": "S3aa2ad07-Abff09bef", "score": 15.498110164525471}
{"docno": "Sfad66533-A64bd10d5", "score": 15.466188522564924}
{"docno": "Se2c8913f-Af8290257", "score": 15.445232189933112}
{"docno": "S1db3eaf8-Ac092d522", "score": 15.396992276112387}
{"docno": "Sc7831446-Ac092d522", "score": 15.396992276112387}
{"docno": "Sdb68d469-Ad3196ab", "score": 15.382667993142613}
{"docno": "S6c1f1644-A5e6f93b9", "score": 15.252469513518731}
{"docno": "S1db3eaf8-A479a7253", "score": 15.239189829079542}
{"docno": "Sc7831446-A479a7253", "score": 15.239189829079542}
{"docno": "S16837731-A1d8f3cef", "score": 15.123703297246848}
{"docno": "S16d6bbb7-Ae6a8d091", "score": 15.122107479660666}
{"docno": "S20dc5881-Acde38a62", "score": 15.099787570681725}
{"docno": "S1206afb2-A82d7a9cb", "score": 14.999299947411219}
{"docno": "Sd7093de8-Ad4d371cc", "score": 14.948088758793926}
{"docno": "S1db3eaf8-A4567d15", "score": 14.944288031174123}
{"docno": "Sc7831446-A4567d15", "score": 14.944288031174123}
{"docno": "Sea43a5f1-Aff1f4195", "score": 14.920134027202389}
{"docno": "Sa9b17ef4-Aa89e45f2", "score": 14.87440891876082}
{"docno": "Sa1f3d362-Ac3da7b8b", "score": 14.859277183014868}
{"docno": "S378f5f8b-Ada4b0769", "score": 14.84159461925978}
{"docno": "S4c11bb9f-A61d55041", "score": 14.826764565795546}
{"docno": "S2518c6cb-Ac5448764", "score": 14.802441940427085}
{"docno": "S13644e36-Aa10d7831", "score": 14.798840308545604}
{"docno": "S1db3eaf8-A4a1fe355", "score": 14.77681057580736}
{"docno": "Sc7831446-A4a1fe355", "score": 14.77681057580736}
{"docno": "S40949617-A65348328", "score": 14.762287127026141}
{"docno": "S13644e36-A5541c5ea", "score": 14.69627934646894}
{"docno": "S3045b026-Ab05ea3bf", "score": 14.692519587234376}
{"docno": "S1db3eaf8-A6b2e6ada", "score": 14.639683054546747}
{"docno": "Sc7831446-A6b2e6ada", "score": 14.639683054546747}
{"docno": "S378f5f8b-A7771b2e4", "score": 14.610287054756798}
{"docno": "S7239d5ee-A5c59d288", "score": 14.6011116157216}
{"docno": "S55b30178-A20a041d2", "score": 14.566820666431491}
{"docno": "Scafa7193-Ad677425d", "score": 14.564688883723136}
{"docno": "S2518c6cb-Aa5ef462e", "score": 14.545452718508141}
{"docno": "S9386f1d1-Ab2ca85ea", "score": 14.537098742993676}
{"docno": "Sb7e5c696-A601b22de", "score": 14.514962447645221}
{"docno": "S50e515ce-A2e5b7a5", "score": 14.501300132582617}
{"docno": "S6c1f1644-A29030ee1", "score": 14.490044743141237}
{"docno": "S1db3eaf8-A962bab80", "score": 14.408481196690946}
{"docno": "Sc7831446-A962bab80", "score": 14.408481196690946}
{"docno": "Se652cbf2-Aa29da42b", "score": 14.402480039924052}
{"docno": "S56ad9029-Af475afe4", "score": 14.39533542625664}
{"docno": "Se3bb0258-Af62edfc3", "score": 14.388925724215538}
{"docno": "S16837731-A138adecf", "score": 14.379851086448577}
{"docno": "See227ab-Af6294c01", "score": 14.335428358847263}
{"docno": "Se3f93a3a-A4e065e47", "score": 14.292184183670498}
{"docno": "Saedf4296-A3be5b508", "score": 14.283480169736908}
{"docno": "S91988e1b-Aeb633e5d", "score": 14.264605401053831}
{"docno": "Sf76890a8-Acf2f3cdd", "score": 14.259027560217529}
{"docno": "S1db3eaf8-Ae7cf20fd", "score": 14.249107123671594}
{"docno": "Sc7831446-Ae7cf20fd", "score": 14.249107123671594}
{"docno": "S1e44a13d-A52e68428", "score": 14.241999400737658}
{"docno": "Se3f93a3a-A690371e3", "score": 14.237323313818589}
{"docno": "Sd1785a48-Ad70709ef", "score": 14.192896163681537}
{"docno": "Sab43f012-A56aff293", "score": 14.189882390750494}
{"docno": "S50e33842-A7665b17a", "score": 14.166828872696243}
{"docno": "S1e44a13d-A8c386b7f", "score": 14.16414030174217}
{"docno": "Sf15a551d-Aa98fdad1", "score": 14.161686450191489}
{"docno": "Se3f93a3a-Aba4ca2c5", "score": 14.146146951212621}
{"docno": "S24d7b2b-A46860496", "score": 14.139589595653721}
{"docno": "S6aa1492a-A9ea13336", "score": 14.13150522088899}
{"docno": "Sf799d741-A563f3454", "score": 14.11611279325507}
{"docno": "S87e36ea8-A109a7251", "score": 14.11009615284702}
{"docno": "S1e44a13d-Ab487abcd", "score": 14.093339842510462}
{"docno": "Sb426d57f-A2cc74ede", "score": 14.063721677247727}
{"docno": "S16837731-Aa3bdb61a", "score": 14.025854851919151}
{"docno": "S1b21a2f2-A21240168", "score": 13.988477521211323}
{"docno": "S2f1dffb0-A28e64da9", "score": 13.9851710730556}
{"docno": "S50e33842-A6a45bc69", "score": 13.972021070639586}
{"docno": "S2d7a6fbd-A8ec7e097", "score": 13.953591471005534}
{"docno": "S40949617-A8783749", "score": 13.884487044769788}
{"docno": "Se3f93a3a-A24919857", "score": 13.85153248794494}
{"docno": "S1e44a13d-Ae2c4cd70", "score": 13.802282179595672}
{"docno": "S1e44a13d-Ac1256c10", "score": 13.792365292323261}
{"docno": "S12d81113-A8bb48ed9", "score": 13.785340139418043}
{"type": "toggleArgument", "timestamp": "2025-06-26T10:56:08.858Z", "sessionID": "1ccd6134-30fe-4b29-869c-5e93700bf25a", "rank": "1", "doc": "S1db3eaf8-A5f21ef21", "action": "expand", "doclen": 671, "score": 20.536191959156007}
{"type": "StanceClicked", "timestamp": "2025-06-26T10:57:51.339Z", "sessionID": "1ccd6134-30fe-4b29-869c-5e93700bf25a", "rank": "1", "stance": "pro", "action": "chooseStance", "doc": "S1db3eaf8-A5f21ef21", "doclen": 671, "score": 20.536191959156007}
{"type": "toggleArgument", "timestamp": "2025-06-26T10:58:07.754Z", "sessionID": "1ccd6134-30fe-4b29-869c-5e93700bf25a", "rank": "2", "doc": "Sc7831446-A5f21ef21", "action": "expand", "doclen": 671, "score": 20.536191959156007}
{"type": "StanceClicked", "timestamp": "2025-06-26T10:58:11.883Z", "sessionID": "1ccd6134-30fe-4b29-869c-5e93700bf25a", "rank": "2", "stance": "pro", "action": "chooseStance", "doc": "Sc7831446-A5f21ef21", "doclen": 671, "score": 20.536191959156007}
{"type": "toggleArgument", "timestamp": "2025-06-26T10:58:28.475Z", "sessionID": "1ccd6134-30fe-4b29-869c-5e93700bf25a", "rank": "3", "doc": "S1db3eaf8-A8eeea404", "action": "expand", "doclen": 723, "score": 19.710324597558643}
{"type": "toggleArgument", "timestamp": "2025-06-26T10:59:51.964Z", "sessionID": "1ccd6134-30fe-4b29-869c-5e93700bf25a", "rank": "4", "doc": "Sc7831446-A8eeea404", "action": "expand", "doclen": 723, "score": 19.710324597558643}
{"type": "toggleArgument", "timestamp": "2025-06-26T10:59:56.780Z", "sessionID": "1ccd6134-30fe-4b29-869c-5e93700bf25a", "rank": "5", "doc": "Se3bb0258-Ac2cb0473", "action": "expand", "doclen": 2193, "score": 19.25215529917394}
{"type": "StanceClicked", "timestamp": "2025-06-26T11:00:51.660Z", "sessionID": "1ccd6134-30fe-4b29-869c-5e93700bf25a", "rank": "5", "stance": "con", "action": "chooseStance", "doc": "Se3bb0258-Ac2cb0473", "doclen": 2193, "score": 19.25215529917394}
{"type": "queryBoxFocused", "timestamp": "2025-06-26T11:00:55.940Z", "sessionID": "1ccd6134-30fe-4b29-869c-5e93700bf25a"}
{"type": "querySubmitted", "timestamp": "2025-06-26T11:01:37.420Z", "sessionID": "1ccd6134-30fe-4b29-869c-5e93700bf25a", "query": "university education overrated?"}
{"docno": "S3e2c3d2b-A53b8394f", "score": 20.35665224321189}
{"docno": "Sc41703c1-A6f3c434d", "score": 19.20146404674149}
{"docno": "S16945b21-A6020e4f8", "score": 18.29871711612345}
{"docno": "S9b9073e4-Af8dd85f0", "score": 18.220945101615413}
{"docno": "Sd0a63ab9-Aa8340f3a", "score": 18.18201988257444}
{"docno": "S34a61ebe-A2f8f4e86", "score": 18.059502192662404}
{"docno": "Sd0a63ab9-A30bce778", "score": 18.01371894315258}
{"docno": "S9b9073e4-Ad6dc1a4b", "score": 17.686294379956372}
{"docno": "S2749f9f8-A463f51f1", "score": 17.452168372259155}
{"docno": "S40dcffe0-A949ed933", "score": 17.374263104988238}
{"docno": "S9b9073e4-Ab3be1aff", "score": 17.29338013398468}
{"docno": "Sa95e2401-A5ce2972e", "score": 16.959683138009417}
{"docno": "Se4b818f5-A7f9106ab", "score": 16.943610515043094}
{"docno": "Sf18437c7-A5165969c", "score": 16.5576969141656}
{"docno": "S337ec2c0-Aa6062004", "score": 16.534025218614907}
{"docno": "S85600f53-A727a0188", "score": 16.4915600809401}
{"docno": "S2518c6cb-A4f4901af", "score": 16.2786961473084}
{"docno": "S16837731-Ac3f4c2b1", "score": 16.09219500227646}
{"docno": "Se73735b9-Ad1b1d762", "score": 15.94712629044778}
{"docno": "Sbaa5edf0-A46da00ed", "score": 15.94712629044778}
{"docno": "Sd464410a-Ac86bca8b", "score": 15.905754421493233}
{"docno": "Sf82b42cd-A12e1913", "score": 15.882053396831578}
{"docno": "S5a5f6670-Ae4ff3280", "score": 15.87493635124768}
{"docno": "S28d4ed75-A68d4ddb6", "score": 15.864596660395943}
{"docno": "Sacd85442-A81d3dff4", "score": 15.811372237033554}
{"docno": "Sd0a63ab9-Ad5d9650c", "score": 15.811372237033554}
{"docno": "Sd0a63ab9-Ab2ad84e9", "score": 15.811372237033554}
{"docno": "S378f5f8b-A45707cdb", "score": 15.806048266131489}
{"docno": "Sbab10e03-A193b1553", "score": 15.683943941577047}
{"docno": "Sbab10e03-Ac78215fc", "score": 15.608093416868623}
{"docno": "Sec08d760-A13a5b7a6", "score": 15.55855318595295}
{"docno": "Saa0dd8-A2e8bcedb", "score": 15.55855318595295}
{"docno": "Se4b818f5-Abc450b2a", "score": 15.485869106149677}
{"docno": "Se2c8913f-Af8290257", "score": 15.445232189933112}
{"docno": "S3b83d02-A1d74bfd3", "score": 15.435151488299624}
{"docno": "S1db3eaf8-Ac092d522", "score": 15.396992276112387}
{"docno": "Sc7831446-Ac092d522", "score": 15.396992276112387}
{"docno": "S42cec89b-A2291c221", "score": 15.313691892775365}
{"docno": "S41da7c51-A175220de", "score": 15.313691892775365}
{"docno": "S6c1f1644-A5e6f93b9", "score": 15.252469513518731}
{"docno": "S1db3eaf8-A479a7253", "score": 15.239189829079542}
{"docno": "Sc7831446-A479a7253", "score": 15.239189829079542}
{"docno": "S3f1c7a2f-A2d88fa11", "score": 15.194128909985773}
{"docno": "S755bd225-A6387c2c9", "score": 15.132268363542586}
{"docno": "S16837731-A1d8f3cef", "score": 15.123703297246848}
{"docno": "S20dc5881-Acde38a62", "score": 15.099787570681725}
{"docno": "Sf1e6ef5c-A76fbc400", "score": 15.076418460180161}
{"docno": "Sadf7e269-A27a23883", "score": 14.960517819068048}
{"docno": "S384eac12-Ab0abe1f3", "score": 14.960517819068048}
{"docno": "S1db3eaf8-A4567d15", "score": 14.944288031174123}
{"docno": "Sc7831446-A4567d15", "score": 14.944288031174123}
{"docno": "Sea43a5f1-Aff1f4195", "score": 14.920134027202389}
{"docno": "Sa1f3d362-Ac3da7b8b", "score": 14.859277183014868}
{"docno": "Sc93d601b-A16fd40a8", "score": 14.846385566115854}
{"docno": "S378f5f8b-Ada4b0769", "score": 14.84159461925978}
{"docno": "S4c11bb9f-A61d55041", "score": 14.826764565795546}
{"docno": "S2518c6cb-Ac5448764", "score": 14.802441940427085}
{"docno": "S13644e36-Aa10d7831", "score": 14.798840308545604}
{"docno": "S1db3eaf8-A4a1fe355", "score": 14.77681057580736}
{"docno": "Sc7831446-A4a1fe355", "score": 14.77681057580736}
{"docno": "S40949617-A65348328", "score": 14.762287127026141}
{"docno": "Sebe31a1f-A10893e46", "score": 14.739310685909324}
{"docno": "S1acb616e-A63213420", "score": 14.733981535192259}
{"docno": "S13644e36-A5541c5ea", "score": 14.69627934646894}
{"docno": "S3045b026-Ab05ea3bf", "score": 14.692519587234376}
{"docno": "S1db3eaf8-A6b2e6ada", "score": 14.639683054546747}
{"docno": "Sc7831446-A6b2e6ada", "score": 14.639683054546747}
{"docno": "S378f5f8b-A7771b2e4", "score": 14.610287054756798}
{"docno": "Se4b818f5-Ada8a79f8", "score": 14.593695696533455}
{"docno": "Scafa7193-Ad677425d", "score": 14.564688883723136}
{"docno": "S2518c6cb-Aa5ef462e", "score": 14.545452718508141}
{"docno": "Sc41703c1-Ab53caa8b", "score": 14.519374791233448}
{"docno": "Sb7e5c696-A601b22de", "score": 14.514962447645221}
{"docno": "S6c1f1644-A29030ee1", "score": 14.490044743141237}
{"docno": "S1db3eaf8-A962bab80", "score": 14.408481196690946}
{"docno": "Sc7831446-A962bab80", "score": 14.408481196690946}
{"docno": "Sf82b42cd-Aad406ddd", "score": 14.406754954249472}
{"docno": "S40714b13-A71f2df05", "score": 14.406754954249472}
{"docno": "Seb455228-Ad15515c8", "score": 14.406754954249472}
{"docno": "S56ad9029-Af475afe4", "score": 14.39533542625664}
{"docno": "Se3bb0258-Af62edfc3", "score": 14.388925724215538}
{"docno": "S16837731-A138adecf", "score": 14.379851086448577}
{"docno": "Sf82b42cd-Add19b6bc", "score": 14.30088563217265}
{"docno": "Se3f93a3a-A4e065e47", "score": 14.292184183670498}
{"docno": "Sf76890a8-Acf2f3cdd", "score": 14.259027560217529}
{"docno": "S1db3eaf8-Ae7cf20fd", "score": 14.249107123671594}
{"docno": "Sc7831446-Ae7cf20fd", "score": 14.249107123671594}
{"docno": "S1e44a13d-A52e68428", "score": 14.241999400737658}
{"docno": "Se3f93a3a-A690371e3", "score": 14.237323313818589}
{"docno": "S31758b62-A1acb27e1", "score": 14.196560939536184}
{"docno": "Sd1785a48-Ad70709ef", "score": 14.192896163681537}
{"docno": "Sab43f012-A56aff293", "score": 14.189882390750494}
{"docno": "S50e33842-A7665b17a", "score": 14.166828872696243}
{"docno": "S1e44a13d-A8c386b7f", "score": 14.16414030174217}
{"docno": "Se3f93a3a-Aba4ca2c5", "score": 14.146146951212621}
{"docno": "S24d7b2b-A46860496", "score": 14.139589595653721}
{"docno": "S6aa1492a-A9ea13336", "score": 14.13150522088899}
{"docno": "S87e36ea8-A109a7251", "score": 14.11009615284702}
{"docno": "S2749f9f8-A94698dd8", "score": 14.098623319268638}
{"docno": "S899006e9-A5ee7aef3", "score": 14.093747317026189}
{"type": "queryBoxFocused", "timestamp": "2025-06-26T11:01:51.790Z", "sessionID": "1ccd6134-30fe-4b29-869c-5e93700bf25a"}
{"type": "querySubmitted", "timestamp": "2025-06-26T11:02:10.181Z", "sessionID": "1ccd6134-30fe-4b29-869c-5e93700bf25a", "query": "university education"}
{"docno": "S2518c6cb-A4f4901af", "score": 16.2786961473084}
{"docno": "S16837731-Ac3f4c2b1", "score": 16.09219500227646}
{"docno": "S5a5f6670-Ae4ff3280", "score": 15.87493635124768}
{"docno": "S378f5f8b-A45707cdb", "score": 15.806048266131489}
{"docno": "Se2c8913f-Af8290257", "score": 15.445232189933112}
{"docno": "S1db3eaf8-Ac092d522", "score": 15.396992276112387}
{"docno": "Sc7831446-Ac092d522", "score": 15.396992276112387}
{"docno": "S6c1f1644-A5e6f93b9", "score": 15.252469513518731}
{"docno": "S1db3eaf8-A479a7253", "score": 15.239189829079542}
{"docno": "Sc7831446-A479a7253", "score": 15.239189829079542}
{"docno": "S16837731-A1d8f3cef", "score": 15.123703297246848}
{"docno": "S20dc5881-Acde38a62", "score": 15.099787570681725}
{"docno": "S1db3eaf8-A4567d15", "score": 14.944288031174123}
{"docno": "Sc7831446-A4567d15", "score": 14.944288031174123}
{"docno": "Sea43a5f1-Aff1f4195", "score": 14.920134027202389}
{"docno": "Sa1f3d362-Ac3da7b8b", "score": 14.859277183014868}
{"docno": "S378f5f8b-Ada4b0769", "score": 14.84159461925978}
{"docno": "S4c11bb9f-A61d55041", "score": 14.826764565795546}
{"docno": "S2518c6cb-Ac5448764", "score": 14.802441940427085}
{"docno": "S13644e36-Aa10d7831", "score": 14.798840308545604}
{"docno": "S1db3eaf8-A4a1fe355", "score": 14.77681057580736}
{"docno": "Sc7831446-A4a1fe355", "score": 14.77681057580736}
{"docno": "S40949617-A65348328", "score": 14.762287127026141}
{"docno": "S13644e36-A5541c5ea", "score": 14.69627934646894}
{"docno": "S3045b026-Ab05ea3bf", "score": 14.692519587234376}
{"docno": "S1db3eaf8-A6b2e6ada", "score": 14.639683054546747}
{"docno": "Sc7831446-A6b2e6ada", "score": 14.639683054546747}
{"docno": "S378f5f8b-A7771b2e4", "score": 14.610287054756798}
{"docno": "Scafa7193-Ad677425d", "score": 14.564688883723136}
{"docno": "S2518c6cb-Aa5ef462e", "score": 14.545452718508141}
{"docno": "Sb7e5c696-A601b22de", "score": 14.514962447645221}
{"docno": "S6c1f1644-A29030ee1", "score": 14.490044743141237}
{"docno": "S1db3eaf8-A962bab80", "score": 14.408481196690946}
{"docno": "Sc7831446-A962bab80", "score": 14.408481196690946}
{"docno": "S56ad9029-Af475afe4", "score": 14.39533542625664}
{"docno": "Se3bb0258-Af62edfc3", "score": 14.388925724215538}
{"docno": "S16837731-A138adecf", "score": 14.379851086448577}
{"docno": "Se3f93a3a-A4e065e47", "score": 14.292184183670498}
{"docno": "Sf76890a8-Acf2f3cdd", "score": 14.259027560217529}
{"docno": "S1db3eaf8-Ae7cf20fd", "score": 14.249107123671594}
{"docno": "Sc7831446-Ae7cf20fd", "score": 14.249107123671594}
{"docno": "S1e44a13d-A52e68428", "score": 14.241999400737658}
{"docno": "Se3f93a3a-A690371e3", "score": 14.237323313818589}
{"docno": "Sd1785a48-Ad70709ef", "score": 14.192896163681537}
{"docno": "Sab43f012-A56aff293", "score": 14.189882390750494}
{"docno": "S50e33842-A7665b17a", "score": 14.166828872696243}
{"docno": "S1e44a13d-A8c386b7f", "score": 14.16414030174217}
{"docno": "Se3f93a3a-Aba4ca2c5", "score": 14.146146951212621}
{"docno": "S24d7b2b-A46860496", "score": 14.139589595653721}
{"docno": "S6aa1492a-A9ea13336", "score": 14.13150522088899}
{"docno": "S87e36ea8-A109a7251", "score": 14.11009615284702}
{"docno": "S1e44a13d-Ab487abcd", "score": 14.093339842510462}
{"docno": "S16837731-Aa3bdb61a", "score": 14.025854851919151}
{"docno": "S1b21a2f2-A21240168", "score": 13.988477521211323}
{"docno": "S2f1dffb0-A28e64da9", "score": 13.9851710730556}
{"docno": "S2d7a6fbd-A8ec7e097", "score": 13.953591471005534}
{"docno": "S40949617-A8783749", "score": 13.884487044769788}
{"docno": "S1db3eaf8-A5f21ef21", "score": 13.884487044769788}
{"docno": "Sc7831446-A5f21ef21", "score": 13.884487044769788}
{"docno": "Se3f93a3a-A24919857", "score": 13.85153248794494}
{"docno": "S1e44a13d-Ae2c4cd70", "score": 13.802282179595672}
{"docno": "S1e44a13d-Ac1256c10", "score": 13.792365292323261}
{"docno": "S3045b026-A7c322ff4", "score": 13.777672534024262}
{"docno": "S1db3eaf8-Acb8b6618", "score": 13.763403151181977}
{"docno": "Sc7831446-Acb8b6618", "score": 13.763403151181977}
{"docno": "S61bc6a94-A7b2601f7", "score": 13.701482966606864}
{"docno": "S4566fc90-A312b655e", "score": 13.690141936165372}
{"docno": "S1db3eaf8-A1be053d4", "score": 13.690141936165372}
{"docno": "Sc7831446-A1be053d4", "score": 13.690141936165372}
{"docno": "S3045b026-Ac5d2550", "score": 13.68727048082903}
{"docno": "S2ea519c-A923ad8d0", "score": 13.664515298291198}
{"docno": "S9f1c63ea-A2d454783", "score": 13.659259493242661}
{"docno": "S2a6de514-Adaefeb19", "score": 13.65649864405852}
{"docno": "Sa23436f0-A5b0373a7", "score": 13.63987392488798}
{"docno": "Sa23436f0-A7e36a2fe", "score": 13.63412595869076}
{"docno": "S4566fc90-Ab6ef84b1", "score": 13.630615924958938}
{"docno": "Se01428c-Ace3e30e7", "score": 13.61726112101151}
{"docno": "S1172bf14-A4a47b7e", "score": 13.585037728957296}
{"docno": "S1e44a13d-A4993dae9", "score": 13.583614806326803}
{"docno": "S5e977bfe-Adec5e6d1", "score": 13.542024818588434}
{"docno": "Sb7e5c696-A4ce03563", "score": 13.523368175831758}
{"docno": "S2ea519c-Ad0b1991d", "score": 13.48981535831965}
{"docno": "S1246b58c-A768ea905", "score": 13.471240714843582}
{"docno": "S1246b58c-A6eaaa3c", "score": 13.471240714843582}
{"docno": "Se3f93a3a-A4357c7d2", "score": 13.45943239449782}
{"docno": "Se01428c-A7f2c8bad", "score": 13.316177852736839}
{"docno": "S6e24b441-Ab2760010", "score": 13.316177852736839}
{"docno": "S419ce672-Aa9aad537", "score": 13.307187213527197}
{"docno": "S87e36ea8-Ae76d342f", "score": 13.306136919464493}
{"docno": "Sa23436f0-Aa74b7470", "score": 13.194504356376068}
{"docno": "S1e44a13d-Acb070df8", "score": 13.194504356376068}
{"docno": "S8803e297-A4316277a", "score": 13.15820889204376}
{"docno": "S442da727-Ae2c11bf2", "score": 13.155707060447057}
{"docno": "S1e44a13d-Ae67ae7e4", "score": 13.147267583287798}
{"docno": "S25fd8b59-A92cea455", "score": 13.13741165507005}
{"docno": "Sa1f3d362-A7c7c3de7", "score": 13.132420590229756}
{"docno": "S1e44a13d-A8eb52501", "score": 13.095400032984323}
{"docno": "S5495d3a1-A95780718", "score": 13.090367878841622}
{"docno": "Sa0587216-A339b6c2b", "score": 13.088255837758645}
{"docno": "Scafa7193-Ab35bc715", "score": 13.058619683172424}
{"type": "toggleArgument", "timestamp": "2025-06-26T11:02:15.403Z", "sessionID": "1ccd6134-30fe-4b29-869c-5e93700bf25a", "rank": "1", "doc": "S2518c6cb-A4f4901af", "action": "expand", "doclen": 656, "score": 16.2786961473084}
{"type": "toggleArgument", "timestamp": "2025-06-26T11:03:21.636Z", "sessionID": "1ccd6134-30fe-4b29-869c-5e93700bf25a", "rank": "2", "doc": "S16837731-Ac3f4c2b1", "action": "expand", "doclen": 1052, "score": 16.09219500227646}
{"type": "toggleArgument", "timestamp": "2025-06-26T11:04:20.852Z", "sessionID": "1ccd6134-30fe-4b29-869c-5e93700bf25a", "rank": "3", "doc": "S5a5f6670-Ae4ff3280", "action": "expand", "doclen": 1337, "score": 15.87493635124768}
{"type": "StanceClicked", "timestamp": "2025-06-26T11:05:19.549Z", "sessionID": "1ccd6134-30fe-4b29-869c-5e93700bf25a", "rank": "3", "stance": "pro", "action": "chooseStance", "doc": "S5a5f6670-Ae4ff3280", "doclen": 1337, "score": 15.87493635124768}
{"type": "ClickedEndTask", "timestamp": "2025-06-26T11:05:42.277Z", "sessionID": "1ccd6134-30fe-4b29-869c-5e93700bf25a"}
{"type": "TaskEndConfirmed", "timestamp": "2025-06-26T11:05:51.012Z", "sessionID": "1ccd6134-30fe-4b29-869c-5e93700bf25a"}
{"type": "TaskEnded", "timestamp": "2025-06-26T11:05:57.860Z", "sessionID": "1ccd6134-30fe-4b29-869c-5e93700bf25a", "reason": "time limit\n", "translated_reason": "Time limit"}
