{"type": "idSubmitted", "timestamp": "2025-06-26T10:53:36.922Z", "sessionID": "3c31856c-e942-4108-b85b-dea1afd81d79", "uid": "Participant40"}
{"type": "TaskStarted", "timestamp": "2025-06-26T10:54:11.721Z", "sessionID": "3c31856c-e942-4108-b85b-dea1afd81d79", "task": "1", "uid": "Participant40", "topic": "Should euthanasia or physician-assisted suicide be legal?"}
{"type": "queryBoxFocused", "timestamp": "2025-06-26T10:54:13.540Z", "sessionID": "3c31856c-e942-4108-b85b-dea1afd81d79"}
{"type": "querySubmitted", "timestamp": "2025-06-26T10:54:33.266Z", "sessionID": "3c31856c-e942-4108-b85b-dea1afd81d79", "query": "enthanasia legal?"}
{"docno": "S3fdbc7fb-Acdea333f", "score": 8.463601826218937}
{"docno": "Sa0ae451e-A8e8796d3", "score": 8.459337165540981}
{"docno": "S10dba703-A5e4daff7", "score": 8.372180049516713}
{"docno": "Sd267acd4-Adbc6ed05", "score": 8.35622316395171}
{"docno": "S210b22c2-Acae0031c", "score": 8.298231370359073}
{"docno": "S4ab35585-A6f0c05a7", "score": 8.25468431516184}
{"docno": "S363193e9-Aa85439c6", "score": 8.250129010965615}
{"docno": "Sc015ffd5-Aa4c18eda", "score": 8.244749688134435}
{"docno": "S11a47e3f-Ad5510f58", "score": 8.216297667224374}
{"docno": "Sb5591233-Af195ff62", "score": 8.208778675000742}
{"docno": "S4aee985a-Ac3bada24", "score": 8.208778675000742}
{"docno": "S23722bca-Aa149af41", "score": 8.200627571091117}
{"docno": "S173a3f88-A185aaa98", "score": 8.199485831718192}
{"docno": "S54c0f2f9-Ac298ee4c", "score": 8.187606948500994}
{"docno": "S1d966a98-Aa76947c9", "score": 8.167840774552587}
{"docno": "S215e6408-A1188fa5", "score": 8.162136495321068}
{"docno": "S4e10f154-Ae33ba556", "score": 8.154149674027146}
{"docno": "S429c4751-A7f49f9f", "score": 8.133393471533688}
{"docno": "Sf4649d91-A4c4dd26d", "score": 8.107577153426138}
{"docno": "Sb9730bc0-A6e008330", "score": 8.107577153426138}
{"docno": "S86fcaef8-A523fc164", "score": 8.106555071777063}
{"docno": "S14b9fbff-Acca86bef", "score": 8.106555071777063}
{"docno": "S8b66605a-A257f60e5", "score": 8.082008851530455}
{"docno": "Scd0c01b4-A68a519fe", "score": 8.07989321104846}
{"docno": "S1378c40-Adb863519", "score": 8.07989321104846}
{"docno": "Sa0ae451e-A827a781b", "score": 8.078158127242734}
{"docno": "S59d1fc3b-A19ae8066", "score": 8.075595905027415}
{"docno": "Sd9e092bc-Aa189dffb", "score": 8.067893026205738}
{"docno": "S5ea83b6d-Ad1b9e0f6", "score": 8.067260433195214}
{"docno": "S541f2011-Abd5e5f2f", "score": 8.051076217952353}
{"docno": "S1d872123-Aaf9302e1", "score": 8.047440890328406}
{"docno": "Sc19aa035-A21b9d60b", "score": 8.044620699426586}
{"docno": "S29e66283-A3372a973", "score": 8.042113014897906}
{"docno": "S9386ee6d-A1a19e999", "score": 8.039784239419534}
{"docno": "Sdb68a818-A3358724f", "score": 8.028523891488561}
{"docno": "S86fcab18-A3d9356e3", "score": 8.028094325835948}
{"docno": "S84b97490-A6be139b0", "score": 8.027718493596078}
{"docno": "S74e915ac-A2540ac96", "score": 8.027092184721063}
{"docno": "S3b0c7250-A70fa6b4f", "score": 8.027092184721063}
{"docno": "S40f91664-A745b3f20", "score": 8.027092184721063}
{"docno": "S23d69a69-A931369c4", "score": 8.012384405197189}
{"docno": "S318b36b2-Ab5da3b58", "score": 8.012227159162382}
{"docno": "Sb33122ae-A823f55c5", "score": 8.008092530496992}
{"docno": "S40f91664-Aac91c45a", "score": 8.008092530496992}
{"docno": "S8a17f4cc-A7c639d66", "score": 7.98856229548054}
{"docno": "S32da7098-Ab49b1237", "score": 7.983796162523305}
{"docno": "S50dd09ef-A7df69977", "score": 7.981891301358788}
{"docno": "S65665e9-Ab77e504b", "score": 7.9749767733448405}
{"docno": "S54a472bf-Add5f1644", "score": 7.969127089862189}
{"docno": "S65576197-A8e1ce473", "score": 7.965621397100445}
{"docno": "S1cac962b-A1ae9fdb1", "score": 7.965621397100445}
{"docno": "S2d0fc6c1-A9a367b50", "score": 7.965621397100445}
{"docno": "S7c83e847-A110c745d", "score": 7.957983308716557}
{"docno": "S59d1f8b8-A55d38144", "score": 7.9501547921501325}
{"docno": "Sd1b6b68-Acff8bbf6", "score": 7.949172013659832}
{"docno": "Sddcd2e78-Acf5b3d3f", "score": 7.949172013659832}
{"docno": "Sedbdc40b-Affdcd01f", "score": 7.939564038013962}
{"docno": "S4c56b707-Ab0854028", "score": 7.931456039129314}
{"docno": "S73e2c498-Aebb5d6ce", "score": 7.930539005913351}
{"docno": "S3f13792b-Aca7a01b6", "score": 7.930539005913351}
{"docno": "Sd3fcb9ba-Abfc0bba0", "score": 7.930539005913351}
{"docno": "S36da01fa-A9ddf2e8b", "score": 7.930539005913351}
{"docno": "Sbfb053f-A7070df69", "score": 7.923533709119152}
{"docno": "S47288945-Ab90e2dcf", "score": 7.923533709119152}
{"docno": "S946d6366-A10382a7b", "score": 7.921865122182888}
{"docno": "S99243b0c-A5ac356d8", "score": 7.916023027522855}
{"docno": "S9324770-A99ecd78d", "score": 7.911384763800342}
{"docno": "Se866cf50-A7f311346", "score": 7.911384763800342}
{"docno": "S57d65aee-A3c4c397a", "score": 7.909560178059646}
{"docno": "S6c71011c-Ae5bd5ef6", "score": 7.909560178059646}
{"docno": "S6141ed46-A31608fd6", "score": 7.898060254307428}
{"docno": "S3dff2ca7-A741b6872", "score": 7.898060254307428}
{"docno": "S3dff2c88-A741b6872", "score": 7.898060254307428}
{"docno": "S6335cb84-A2f24bf77", "score": 7.8923228233597325}
{"docno": "S286347c6-A721cf638", "score": 7.872750064388203}
{"docno": "S98ff8aac-Ac5047338", "score": 7.872750064388203}
{"docno": "S3f13792b-Aa0fcb7b8", "score": 7.871545431691698}
{"docno": "S946ce747-Ae5b8deec", "score": 7.871545431691698}
{"docno": "S657ed6a0-Acb78d40a", "score": 7.861356852915511}
{"docno": "Sd0a9155a-A80583af3", "score": 7.8586019409984855}
{"docno": "S72a540d2-Ad42b5d4d", "score": 7.849198075599849}
{"docno": "S4ad3be12-A13dad485", "score": 7.847601574775245}
{"docno": "S74e88ac7-Ad54d7c04", "score": 7.847063971354617}
{"docno": "S8b66605a-Ac68495da", "score": 7.84450457758834}
{"docno": "Se0866765-A3b2889e4", "score": 7.843547744404867}
{"docno": "S1acb616e-Aac60cc20", "score": 7.836963145658648}
{"docno": "S590b30db-A22a3b31b", "score": 7.835684188115226}
{"docno": "Sb38c2a52-A46bf90c3", "score": 7.835684188115226}
{"docno": "S8f7cc685-Ac9924e35", "score": 7.833894348694064}
{"docno": "S42468ac1-Af71393df", "score": 7.833894348694064}
{"docno": "Sf2b77005-Aea3c019e", "score": 7.828551114164445}
{"docno": "Sc015ffd5-A9369c2c4", "score": 7.823802942116105}
{"docno": "Se0501068-A6807ff47", "score": 7.823802942116105}
{"docno": "S47805333-A299cba32", "score": 7.822613240810144}
{"docno": "Sa490da89-A8b9f222", "score": 7.822613240810144}
{"docno": "S87b8c230-Ad1114014", "score": 7.822613240810144}
{"docno": "S318b36b2-Ad681510f", "score": 7.818172851831456}
{"docno": "S59d1f8b8-Ac1d4ed08", "score": 7.816984862022386}
{"docno": "S4aee985a-Aa28a796b", "score": 7.816984862022386}
{"docno": "Sce6b504-A980488aa", "score": 7.811364576660794}
{"type": "queryBoxFocused", "timestamp": "2025-06-26T10:54:37.996Z", "sessionID": "3c31856c-e942-4108-b85b-dea1afd81d79"}
{"type": "querySubmitted", "timestamp": "2025-06-26T10:54:43.497Z", "sessionID": "3c31856c-e942-4108-b85b-dea1afd81d79", "query": "euthanasia legal"}
{"docno": "S9386ee6d-A1a19e999", "score": 23.49971545659431}
{"docno": "S89c45bda-Aaf9cc706", "score": 22.834760044420797}
{"docno": "Se21a50a3-A44388d6d", "score": 22.556443776660444}
{"docno": "S9386f24d-A7956dc81", "score": 22.36305289718937}
{"docno": "S46de25-A8d272c46", "score": 21.864068877215956}
{"docno": "S9386ee10-Ac6aeb092", "score": 21.852660147068278}
{"docno": "S9386eb66-Af048ec2c", "score": 21.771876594562293}
{"docno": "Se21a5046-Ace81c754", "score": 21.68408938294531}
{"docno": "Sd2cf3d6f-Ab3b4d965", "score": 21.640172516695838}
{"docno": "Scf4017a5-A7ac8a58a", "score": 21.560532190009045}
{"docno": "S88e3521d-A54801b13", "score": 21.55744113558387}
{"docno": "Sd9f50d86-A18ffd494", "score": 21.397887524827063}
{"docno": "Scf4017a5-A9d712ffb", "score": 21.396807812088433}
{"docno": "Se21a50a3-Adb2fc3c1", "score": 21.31665034742533}
{"docno": "S9386db89-A1a15cfa1", "score": 21.304659256723145}
{"docno": "S32c18ac6-A1baba2a9", "score": 21.27104712603821}
{"docno": "S9386ea4f-A1d715d2e", "score": 21.222255628336857}
{"docno": "Sd9807bbe-A440c8b1e", "score": 21.165671597584254}
{"docno": "S2d207525-Af913bf38", "score": 21.116358328615977}
{"docno": "Sfe13b6d0-A5d6bd8a5", "score": 21.05478831667292}
{"docno": "S9386e349-Aaa3e331a", "score": 21.037380471992375}
{"docno": "S89c45bda-Af9606ef1", "score": 20.929080924092712}
{"docno": "S85c302ef-A2e30aac8", "score": 20.920510524604172}
{"docno": "S9386f26c-Ae97bff70", "score": 20.804153209138974}
{"docno": "S9386e349-A870f7c10", "score": 20.804153209138974}
{"docno": "S6626ac2e-Ac172cfb6", "score": 20.791185240313034}
{"docno": "S2a7a37f4-Ab5a82e2f", "score": 20.78694534613998}
{"docno": "S950a295-Ae4949905", "score": 20.670774231956575}
{"docno": "S9386dfc6-A7ad94219", "score": 20.50021521446699}
{"docno": "S6626ac2e-A538c1199", "score": 20.465967992728604}
{"docno": "Sc3062aa1-A702d5c47", "score": 20.464450671922}
{"docno": "Sdae1f9c4-A9e1244d2", "score": 20.399100689779708}
{"docno": "Sfe13b6d0-Ad71624fc", "score": 20.298839972473445}
{"docno": "S9386f64c-A5dd997e3", "score": 20.28204244375228}
{"docno": "S9386dfc6-A1cfe8890", "score": 20.278965135942542}
{"docno": "S6626ac2e-Ad4283145", "score": 20.226876102434787}
{"docno": "S89c45bda-Ac0f8337e", "score": 20.198753814777085}
{"docno": "Sbbce1e09-A2c843d9a", "score": 20.195400761783986}
{"docno": "Sb0c6e7eb-A17bbd2bc", "score": 20.193423551620498}
{"docno": "Sd11cf82c-Ad4acb267", "score": 20.14775340659325}
{"docno": "S2a7a37b6-Ab9310030", "score": 20.116252461747898}
{"docno": "Sb280a10e-A9297a1dd", "score": 20.11537238613773}
{"docno": "Sf1f121d0-A66126126", "score": 20.101816832406097}
{"docno": "S6626ac2e-A896f79e", "score": 20.033879052631995}
{"docno": "S2a7a3832-A4689a0f", "score": 19.97327485133204}
{"docno": "Scf4017a5-A8a528103", "score": 19.962861018138476}
{"docno": "Se5dc1bba-A66ccd897", "score": 19.946365155538615}
{"docno": "Scc77eee8-Ac3cc3596", "score": 19.81916079636101}
{"docno": "S82f36b90-Adf28f884", "score": 19.78545990031794}
{"docno": "S9386f5b1-A6a15c82d", "score": 19.78047658103715}
{"docno": "S561f3f07-A47d6e671", "score": 19.778918430636534}
{"docno": "S311e572a-A5ea4ed80", "score": 19.721154934684034}
{"docno": "Sfaec40a-A4ea47148", "score": 19.720686214229744}
{"docno": "S89c45bda-A43cb80f8", "score": 19.715774953453433}
{"docno": "Sba1566fe-A360f3f74", "score": 19.71092310245944}
{"docno": "S64b2721c-A93b21d9", "score": 19.680639777399367}
{"docno": "S1e884b5d-A6e8d847e", "score": 19.60658703537908}
{"docno": "S1e884b3e-A8eca712f", "score": 19.53554229600593}
{"docno": "S1e884b3e-A97c6025e", "score": 19.447288202448743}
{"docno": "S9386dc24-A6dc7f4d8", "score": 19.447288202448743}
{"docno": "Sb0c6e7eb-A82e8e68a", "score": 19.42499560307026}
{"docno": "Se21a50a3-A8ed0f762", "score": 19.376093039222347}
{"docno": "Sb0114b5-A1159bb1c", "score": 19.354901884713243}
{"docno": "Se21a5084-A6054b4d6", "score": 19.313376639900774}
{"docno": "S9386df4a-A175752bc", "score": 19.313376639900774}
{"docno": "S9386dfc6-A9ac7f5c3", "score": 19.297984285922816}
{"docno": "Sd80382e8-A9ca14470", "score": 19.290557037706115}
{"docno": "S9386f9b0-A19b76781", "score": 19.290557037706115}
{"docno": "S9386df88-Aadbacba3", "score": 19.20577430989306}
{"docno": "S9386eacb-A3be0422c", "score": 19.18330231532521}
{"docno": "S9386e349-A59fe80ee", "score": 19.136331956796752}
{"docno": "S4d198342-A38ca16c4", "score": 19.122730217107733}
{"docno": "S94c429fc-Ad416f8c5", "score": 19.063113701744204}
{"docno": "Sd695a71e-A892c9387", "score": 19.038368128279544}
{"docno": "S6626ac2e-A2e85b1a9", "score": 19.02934272571308}
{"docno": "S290de80f-Acecc48b0", "score": 19.023500058483737}
{"docno": "S9e1db4e2-A77c616ac", "score": 19.023500058483737}
{"docno": "Sbdcebe60-A78ac3a3c", "score": 18.98455332917613}
{"docno": "S4d198342-Abae37d7e", "score": 18.927867455982906}
{"docno": "S2a7a3797-A47c47481", "score": 18.89377802457262}
{"docno": "Sd11cf82c-A88418422", "score": 18.747592419122725}
{"docno": "S390f1979-Ae2a9e651", "score": 18.741192194774342}
{"docno": "Se21a5046-A307c4d0a", "score": 18.6881062230364}
{"docno": "Sfe13b6d0-A76518d87", "score": 18.643596717754008}
{"docno": "Sb280a10e-Af13eefa9", "score": 18.596434339217097}
{"docno": "Sc13c0a01-A738aefc5", "score": 18.543327578432233}
{"docno": "S92fc7810-A35016001", "score": 18.512269853535592}
{"docno": "S2d207525-A20c73f62", "score": 18.415550550504207}
{"docno": "Sc13c0a01-Aaa71f6f8", "score": 18.277025527139106}
{"docno": "Se21a5027-A93f5d3e1", "score": 18.261878961279304}
{"docno": "Sfbc5207f-A8f208a6f", "score": 18.260397297628774}
{"docno": "S6dbd1f79-A3cfd533c", "score": 18.260397297628774}
{"docno": "Sdccf7263-Ad86e7e15", "score": 18.260397297628774}
{"docno": "S9386e349-Aa7a7d78f", "score": 18.260397297628774}
{"docno": "S2782977f-A75708958", "score": 18.251891024334604}
{"docno": "S4eb026c3-Aca134b1f", "score": 18.171972391935828}
{"docno": "Sbdcebe60-A8b1117bd", "score": 18.122145313441838}
{"docno": "Se87e5b48-A8e8a34c9", "score": 18.1187573627824}
{"docno": "S9386dfc6-A4070c2bd", "score": 18.117019342237903}
{"docno": "S311e5749-Af62b00c9", "score": 18.048336923963006}
{"type": "toggleArgument", "timestamp": "2025-06-26T10:54:52.481Z", "sessionID": "3c31856c-e942-4108-b85b-dea1afd81d79", "rank": "2", "doc": "S89c45bda-Aaf9cc706", "action": "expand", "doclen": 540, "score": 16.040767871599044}
{"type": "toggleArgument", "timestamp": "2025-06-26T10:55:07.393Z", "sessionID": "3c31856c-e942-4108-b85b-dea1afd81d79", "rank": "3", "doc": "Se21a50a3-A44388d6d", "action": "expand", "doclen": 1021, "score": 15.373682231311609}
{"type": "toggleArgument", "timestamp": "2025-06-26T10:55:12.881Z", "sessionID": "3c31856c-e942-4108-b85b-dea1afd81d79", "rank": "4", "doc": "S9386f24d-A7956dc81", "action": "expand", "doclen": 2473, "score": 15.6231976967179}
{"type": "toggleArgument", "timestamp": "2025-06-26T10:56:10.489Z", "sessionID": "3c31856c-e942-4108-b85b-dea1afd81d79", "rank": "6", "doc": "S9386ee10-Ac6aeb092", "action": "expand", "doclen": 256, "score": 14.376370786701154}
{"type": "queryBoxFocused", "timestamp": "2025-06-26T10:56:21.387Z", "sessionID": "3c31856c-e942-4108-b85b-dea1afd81d79"}
{"type": "querySubmitted", "timestamp": "2025-06-26T10:56:30.034Z", "sessionID": "3c31856c-e942-4108-b85b-dea1afd81d79", "query": "physician assisted suicide pro"}
{"docno": "S25dc8ac6-Addb6c318", "score": 40.00824298551787}
{"docno": "S4602aa65-A21e0f672", "score": 38.9989191936661}
{"docno": "Sc44ef8ac-A314280f6", "score": 38.794367584308816}
{"docno": "S443158c1-Af7edeadf", "score": 38.64115302564336}
{"docno": "Sc44ef8ac-Add0ba47c", "score": 37.23108794041271}
{"docno": "S25dc8ac6-A9ba205c8", "score": 36.81943340156757}
{"docno": "Sc44ef8ac-Aea63e958", "score": 36.3854646606405}
{"docno": "Sd80382e8-A9ca14470", "score": 35.411275544693666}
{"docno": "S25dc8ac6-A4fa8e382", "score": 35.12816776168308}
{"docno": "S390f1979-Ae5b1d76b", "score": 34.569101893561324}
{"docno": "S25dc8ac6-A26af156a", "score": 34.14183879771116}
{"docno": "S2f93939-A7d027060", "score": 34.10995525800842}
{"docno": "S3fcde3d5-A6c9b2e5", "score": 34.03960192087143}
{"docno": "S7d751371-Ae25f3542", "score": 34.002521598703005}
{"docno": "Sfad05e94-A8fbf1af0", "score": 33.96863863956594}
{"docno": "S3fcde3d5-Aabb4731c", "score": 33.77792095889428}
{"docno": "S25dc8ac6-A9e2c9183", "score": 33.66492975367177}
{"docno": "S7dba56a5-Af715c76b", "score": 33.66089371312873}
{"docno": "Sdccf7263-Ad86e7e15", "score": 33.52023267124917}
{"docno": "S83a06a6-Ad41a7a09", "score": 33.25170616444548}
{"docno": "Sd8891c6f-Afe6db4f7", "score": 32.84076741366112}
{"docno": "Sfb67998b-A258bee00", "score": 32.13635409322235}
{"docno": "S89c45bda-A427b0008", "score": 31.952078228597422}
{"docno": "S4f51142c-Ad3f6969e", "score": 31.550440764709172}
{"docno": "S8ec49310-Ac2c32ca6", "score": 31.366599588740137}
{"docno": "S668509e3-A194b2def", "score": 31.284177117240567}
{"docno": "Sf989aae1-Afddb9efe", "score": 30.49579222805299}
{"docno": "S4487af89-Ab9c2bc9e", "score": 29.759802717026343}
{"docno": "S9f12f501-Adbc8055b", "score": 29.442868501715992}
{"docno": "S40c266fc-Af916dbf2", "score": 29.276615189241216}
{"docno": "S25dc8ac6-A80bbda11", "score": 29.101182358274208}
{"docno": "S390f1979-Aae561b16", "score": 28.903709739528182}
{"docno": "Se21a5065-Ac79ca991", "score": 28.70286595108462}
{"docno": "S2d207525-Aacb5cbdd", "score": 27.27734973584289}
{"docno": "S9386f2e8-Ac1a12a9b", "score": 27.27734973584289}
{"docno": "S1e884b3e-Abc6f7a7e", "score": 26.840833464304385}
{"docno": "S6dbd1f79-Aed11965a", "score": 26.616403289837507}
{"docno": "S89c45bda-A4fb96d3a", "score": 26.616403289837507}
{"docno": "S4602aa65-A7dba2c90", "score": 26.279872389734386}
{"docno": "S668509e3-A15cbc4c2", "score": 25.72309924329934}
{"docno": "S49cd40b7-A4ea9e37a", "score": 25.707580317544544}
{"docno": "S85c302ef-A2e30aac8", "score": 25.618913722316634}
{"docno": "Sc8970382-A472cc50a", "score": 25.533684589839435}
{"docno": "S64e91157-Af4a1824a", "score": 25.24607334495788}
{"docno": "S4d198342-A38ca16c4", "score": 25.096165651611322}
{"docno": "S2a7a3832-A59095d28", "score": 24.788467771783417}
{"docno": "S41c20845-A1d3bb223", "score": 24.753235580214174}
{"docno": "S67a1de10-Af23e7060", "score": 24.613746917009657}
{"docno": "S49cd40b7-A8db6adb1", "score": 24.592904337552454}
{"docno": "S84493d27-Afdcbfe1a", "score": 24.592154491095048}
{"docno": "S8ec492b3-A6b80f4fb", "score": 24.14684992204569}
{"docno": "S64e91157-Ad18f1893", "score": 23.988641836683385}
{"docno": "Saffb1a60-Ac262097", "score": 23.984469042890325}
{"docno": "Sbe139899-A7968e705", "score": 23.34589802569913}
{"docno": "S5d2af7d4-A75985165", "score": 23.322060621751888}
{"docno": "Sd8891c6f-Adac0dfc7", "score": 23.115728955635433}
{"docno": "S4487afa8-Aa80dbb53", "score": 23.063531891003134}
{"docno": "S668509e3-Ad92c7c62", "score": 23.03090645878906}
{"docno": "Sea1c603e-A4b63d83", "score": 23.021207575085626}
{"docno": "S9f12f501-Ab853df70", "score": 22.994755210968684}
{"docno": "S8ec49310-Adbd32114", "score": 22.889599329204408}
{"docno": "S64e91157-A31a57f3", "score": 22.68834532168232}
{"docno": "S668509e3-A3b6bc764", "score": 22.68432083093714}
{"docno": "S59adeaa5-A1d8ac40d", "score": 22.645655378822894}
{"docno": "Scf4017a5-A8a528103", "score": 22.56095777428299}
{"docno": "S9d1b7ef3-Ada63c05d", "score": 22.55910311324852}
{"docno": "S2c5ca462-A165777e0", "score": 22.523262673068928}
{"docno": "S84493d27-Afc86ecab", "score": 22.493112799386772}
{"docno": "Sc8f72601-A4b956ae4", "score": 22.491632809889822}
{"docno": "S41c20845-Aaca68622", "score": 22.2638486948903}
{"docno": "S16e6c023-A57a28294", "score": 22.24331253579569}
{"docno": "Saffb1a60-A2732416", "score": 22.148421019650765}
{"docno": "Sf62fea23-Ac4cb6d42", "score": 22.107268171641344}
{"docno": "S9386dfc6-A8659649", "score": 21.91997048637264}
{"docno": "S64e91157-A2867342e", "score": 21.786204743130387}
{"docno": "Sc44ef8ac-Acdc0f5f3", "score": 21.321034241185902}
{"docno": "S64e91157-Acb6378f9", "score": 21.320732612630884}
{"docno": "S4487af89-A1b8cf543", "score": 21.171774786847223}
{"docno": "Sfe13b6d0-A8842665a", "score": 21.159379838499614}
{"docno": "Sfb67998b-A74ef5c57", "score": 21.138628440482357}
{"docno": "S8ec492b3-A9a9a731b", "score": 20.918509510286015}
{"docno": "S668509e3-A2a9c7ad6", "score": 20.91448143505552}
{"docno": "Se5dc1bba-A66ccd897", "score": 20.88197237542458}
{"docno": "S9386f64c-A680a5b72", "score": 20.81598925161396}
{"docno": "Scd3eee75-Ab7f76c30", "score": 20.815943870640456}
{"docno": "S9386f2e8-A798d4da", "score": 20.798290229082426}
{"docno": "S6dbd1f79-Ad326e61f", "score": 20.74737426956604}
{"docno": "S147e01be-A756db10b", "score": 20.68487365595138}
{"docno": "S4602aa65-Ae84d1895", "score": 20.622276345042387}
{"docno": "S8ec492b3-A2cb55fab", "score": 20.540090675260636}
{"docno": "Sd2cf3d6f-A8ec20dc", "score": 20.534014387963843}
{"docno": "S64e91157-A4a63921b", "score": 20.509572430259286}
{"docno": "S60881920-A3aa138c", "score": 20.47722344672097}
{"docno": "S241794a9-A18347a22", "score": 20.40216361829726}
{"docno": "S88e3523c-A6deea76", "score": 20.105720635213316}
{"docno": "Sbdcebe60-A839ae3e3", "score": 20.082005491101775}
{"docno": "S114892b1-A259e50b2", "score": 20.052430010326066}
{"docno": "S45b24505-Aaa06f72", "score": 20.05130069199256}
{"docno": "S385334b9-A40216535", "score": 19.977342529891686}
{"docno": "S16e6c023-Ab3bfbbb", "score": 19.931538667086006}
{"type": "toggleArgument", "timestamp": "2025-06-26T10:56:33.545Z", "sessionID": "3c31856c-e942-4108-b85b-dea1afd81d79", "rank": "1", "doc": "S25dc8ac6-Addb6c318", "action": "expand", "doclen": 1444, "score": 40.00824298551787}
{"type": "StanceClicked", "timestamp": "2025-06-26T10:57:14.178Z", "sessionID": "3c31856c-e942-4108-b85b-dea1afd81d79", "rank": "1", "stance": "pro", "action": "chooseStance", "doc": "S25dc8ac6-Addb6c318", "doclen": 1444, "score": 40.00824298551787}
{"type": "toggleArgument", "timestamp": "2025-06-26T10:57:21.329Z", "sessionID": "3c31856c-e942-4108-b85b-dea1afd81d79", "rank": "2", "doc": "S4602aa65-A21e0f672", "action": "expand", "doclen": 982, "score": 38.9989191936661}
{"type": "toggleArgument", "timestamp": "2025-06-26T10:57:39.761Z", "sessionID": "3c31856c-e942-4108-b85b-dea1afd81d79", "rank": "3", "doc": "Sc44ef8ac-A314280f6", "action": "expand", "doclen": 274, "score": 38.794367584308816}
{"type": "toggleArgument", "timestamp": "2025-06-26T10:57:54.953Z", "sessionID": "3c31856c-e942-4108-b85b-dea1afd81d79", "rank": "4", "doc": "S443158c1-Af7edeadf", "action": "expand", "doclen": 730, "score": 38.64115302564336}
{"type": "toggleArgument", "timestamp": "2025-06-26T10:58:13.745Z", "sessionID": "3c31856c-e942-4108-b85b-dea1afd81d79", "rank": "5", "doc": "Sc44ef8ac-Add0ba47c", "action": "expand", "doclen": 490, "score": 37.23108794041271}
{"type": "queryBoxFocused", "timestamp": "2025-06-26T10:58:24.771Z", "sessionID": "3c31856c-e942-4108-b85b-dea1afd81d79"}
{"type": "querySubmitted", "timestamp": "2025-06-26T10:58:32.642Z", "sessionID": "3c31856c-e942-4108-b85b-dea1afd81d79", "query": "physician assisted suicide contra"}
{"docno": "S25dc8ac6-Addb6c318", "score": 40.00824298551787}
{"docno": "S4602aa65-A21e0f672", "score": 38.9989191936661}
{"docno": "Sc44ef8ac-A314280f6", "score": 38.794367584308816}
{"docno": "S443158c1-Af7edeadf", "score": 38.64115302564336}
{"docno": "Sc44ef8ac-Add0ba47c", "score": 37.23108794041271}
{"docno": "S25dc8ac6-A9ba205c8", "score": 36.81943340156757}
{"docno": "Sc44ef8ac-Aea63e958", "score": 36.3854646606405}
{"docno": "Sd80382e8-A9ca14470", "score": 35.411275544693666}
{"docno": "S25dc8ac6-A4fa8e382", "score": 35.12816776168308}
{"docno": "S390f1979-Ae5b1d76b", "score": 34.569101893561324}
{"docno": "S25dc8ac6-A26af156a", "score": 34.14183879771116}
{"docno": "S2f93939-A7d027060", "score": 34.10995525800842}
{"docno": "S3fcde3d5-A6c9b2e5", "score": 34.03960192087143}
{"docno": "S7d751371-Ae25f3542", "score": 34.002521598703005}
{"docno": "Sfad05e94-A8fbf1af0", "score": 33.96863863956594}
{"docno": "S3fcde3d5-Aabb4731c", "score": 33.77792095889428}
{"docno": "S25dc8ac6-A9e2c9183", "score": 33.66492975367177}
{"docno": "S7dba56a5-Af715c76b", "score": 33.66089371312873}
{"docno": "Sdccf7263-Ad86e7e15", "score": 33.52023267124917}
{"docno": "S83a06a6-Ad41a7a09", "score": 33.25170616444548}
{"docno": "Sd8891c6f-Afe6db4f7", "score": 32.84076741366112}
{"docno": "Sfb67998b-A258bee00", "score": 32.13635409322235}
{"docno": "S89c45bda-A427b0008", "score": 31.952078228597422}
{"docno": "S4f51142c-Ad3f6969e", "score": 31.550440764709172}
{"docno": "S8ec49310-Ac2c32ca6", "score": 31.366599588740137}
{"docno": "S668509e3-A194b2def", "score": 31.284177117240567}
{"docno": "Sf989aae1-Afddb9efe", "score": 30.49579222805299}
{"docno": "S4487af89-Ab9c2bc9e", "score": 29.759802717026343}
{"docno": "S9f12f501-Adbc8055b", "score": 29.442868501715992}
{"docno": "S40c266fc-Af916dbf2", "score": 29.276615189241216}
{"docno": "S25dc8ac6-A80bbda11", "score": 29.101182358274208}
{"docno": "S390f1979-Aae561b16", "score": 28.903709739528182}
{"docno": "Se21a5065-Ac79ca991", "score": 28.70286595108462}
{"docno": "S2d207525-Aacb5cbdd", "score": 27.27734973584289}
{"docno": "S9386f2e8-Ac1a12a9b", "score": 27.27734973584289}
{"docno": "S1e884b3e-Abc6f7a7e", "score": 26.840833464304385}
{"docno": "S6dbd1f79-Aed11965a", "score": 26.616403289837507}
{"docno": "S89c45bda-A4fb96d3a", "score": 26.616403289837507}
{"docno": "S4602aa65-A7dba2c90", "score": 26.279872389734386}
{"docno": "S668509e3-A15cbc4c2", "score": 25.72309924329934}
{"docno": "S49cd40b7-A4ea9e37a", "score": 25.707580317544544}
{"docno": "S85c302ef-A2e30aac8", "score": 25.618913722316634}
{"docno": "Sc8970382-A472cc50a", "score": 25.533684589839435}
{"docno": "S64e91157-Af4a1824a", "score": 25.24607334495788}
{"docno": "S4d198342-A38ca16c4", "score": 25.096165651611322}
{"docno": "S2a7a3832-A59095d28", "score": 24.788467771783417}
{"docno": "S41c20845-A1d3bb223", "score": 24.753235580214174}
{"docno": "S67a1de10-Af23e7060", "score": 24.613746917009657}
{"docno": "S49cd40b7-A8db6adb1", "score": 24.592904337552454}
{"docno": "S84493d27-Afdcbfe1a", "score": 24.592154491095048}
{"docno": "S8ec492b3-A6b80f4fb", "score": 24.14684992204569}
{"docno": "S64e91157-Ad18f1893", "score": 23.988641836683385}
{"docno": "Saffb1a60-Ac262097", "score": 23.984469042890325}
{"docno": "Sbe139899-A7968e705", "score": 23.34589802569913}
{"docno": "S5d2af7d4-A75985165", "score": 23.322060621751888}
{"docno": "Sd8891c6f-Adac0dfc7", "score": 23.115728955635433}
{"docno": "S4487afa8-Aa80dbb53", "score": 23.063531891003134}
{"docno": "S668509e3-Ad92c7c62", "score": 23.03090645878906}
{"docno": "Sea1c603e-A4b63d83", "score": 23.021207575085626}
{"docno": "S9f12f501-Ab853df70", "score": 22.994755210968684}
{"docno": "S942ef4cb-Ade554d73", "score": 22.909226393589307}
{"docno": "S8ec49310-Adbd32114", "score": 22.889599329204408}
{"docno": "S64e91157-A31a57f3", "score": 22.68834532168232}
{"docno": "S668509e3-A3b6bc764", "score": 22.68432083093714}
{"docno": "S59adeaa5-A1d8ac40d", "score": 22.645655378822894}
{"docno": "Scf4017a5-A8a528103", "score": 22.56095777428299}
{"docno": "S9d1b7ef3-Ada63c05d", "score": 22.55910311324852}
{"docno": "S2c5ca462-A165777e0", "score": 22.523262673068928}
{"docno": "S84493d27-Afc86ecab", "score": 22.493112799386772}
{"docno": "Sc8f72601-A4b956ae4", "score": 22.491632809889822}
{"docno": "S41c20845-Aaca68622", "score": 22.2638486948903}
{"docno": "S16e6c023-A57a28294", "score": 22.24331253579569}
{"docno": "Saffb1a60-A2732416", "score": 22.148421019650765}
{"docno": "Sf62fea23-Ac4cb6d42", "score": 22.107268171641344}
{"docno": "S9386dfc6-A8659649", "score": 21.91997048637264}
{"docno": "S64e91157-A2867342e", "score": 21.786204743130387}
{"docno": "S44d104e5-Acf38c6b2", "score": 21.7487098581554}
{"docno": "Sc44ef8ac-Acdc0f5f3", "score": 21.321034241185902}
{"docno": "S64e91157-Acb6378f9", "score": 21.320732612630884}
{"docno": "S4487af89-A1b8cf543", "score": 21.171774786847223}
{"docno": "Sfe13b6d0-A8842665a", "score": 21.159379838499614}
{"docno": "Sfb67998b-A74ef5c57", "score": 21.138628440482357}
{"docno": "S8ec492b3-A9a9a731b", "score": 20.918509510286015}
{"docno": "S668509e3-A2a9c7ad6", "score": 20.91448143505552}
{"docno": "Se5dc1bba-A66ccd897", "score": 20.88197237542458}
{"docno": "S9386f64c-A680a5b72", "score": 20.81598925161396}
{"docno": "Scd3eee75-Ab7f76c30", "score": 20.815943870640456}
{"docno": "S9386f2e8-A798d4da", "score": 20.798290229082426}
{"docno": "S6dbd1f79-Ad326e61f", "score": 20.74737426956604}
{"docno": "S147e01be-A756db10b", "score": 20.68487365595138}
{"docno": "S4602aa65-Ae84d1895", "score": 20.622276345042387}
{"docno": "S8ec492b3-A2cb55fab", "score": 20.540090675260636}
{"docno": "Sd2cf3d6f-A8ec20dc", "score": 20.534014387963843}
{"docno": "S64e91157-A4a63921b", "score": 20.509572430259286}
{"docno": "S60881920-A3aa138c", "score": 20.47722344672097}
{"docno": "S241794a9-A18347a22", "score": 20.40216361829726}
{"docno": "S7a047bef-A759e9d3c", "score": 20.39083061159704}
{"docno": "S88e3523c-A6deea76", "score": 20.105720635213316}
{"docno": "Sbdcebe60-A839ae3e3", "score": 20.082005491101775}
{"docno": "S114892b1-A259e50b2", "score": 20.052430010326066}
{"type": "toggleArgument", "timestamp": "2025-06-26T10:58:43.009Z", "sessionID": "3c31856c-e942-4108-b85b-dea1afd81d79", "rank": "3", "doc": "Sc44ef8ac-A314280f6", "action": "expand", "doclen": 274, "score": 38.794367584308816}
{"type": "toggleArgument", "timestamp": "2025-06-26T10:58:47.625Z", "sessionID": "3c31856c-e942-4108-b85b-dea1afd81d79", "rank": "8", "doc": "Sd80382e8-A9ca14470", "action": "expand", "doclen": 144, "score": 19.290557037706115}
{"type": "toggleArgument", "timestamp": "2025-06-26T10:58:52.105Z", "sessionID": "3c31856c-e942-4108-b85b-dea1afd81d79", "rank": "7", "doc": "Sc44ef8ac-Aea63e958", "action": "expand", "doclen": 641, "score": 36.3854646606405}
{"type": "toggleArgument", "timestamp": "2025-06-26T10:59:08.075Z", "sessionID": "3c31856c-e942-4108-b85b-dea1afd81d79", "rank": "6", "doc": "S25dc8ac6-A9ba205c8", "action": "expand", "doclen": 1117, "score": 36.81943340156757}
{"type": "queryBoxFocused", "timestamp": "2025-06-26T10:59:40.758Z", "sessionID": "3c31856c-e942-4108-b85b-dea1afd81d79"}
{"type": "querySubmitted", "timestamp": "2025-06-26T10:59:46.316Z", "sessionID": "3c31856c-e942-4108-b85b-dea1afd81d79", "query": "euthanasia contra"}
{"docno": "S44d104e5-Acf38c6b2", "score": 21.7487098581554}
{"docno": "S7a047bef-A759e9d3c", "score": 20.39083061159704}
{"docno": "S8c7cc650-A275f636b", "score": 19.745158790908157}
{"docno": "S1027b7f8-Ab934ce80", "score": 17.877438921284547}
{"docno": "Sc7294cab-Aecbac4da", "score": 17.44865667429737}
{"docno": "Sed146d2b-A9884e271", "score": 17.44865667429737}
{"docno": "S8d5f34b3-A57dd7693", "score": 16.777970031963346}
{"docno": "S9386f5ef-A142b6bd6", "score": 16.439114959053967}
{"docno": "S7e7c3d53-Af4c140d1", "score": 16.39974862907366}
{"docno": "Sfb69d67d-A8046c35", "score": 16.23458423534693}
{"docno": "S89c45bda-Aaf9cc706", "score": 16.040767871599044}
{"docno": "S9386dc62-A969fbcbd", "score": 15.667108171178173}
{"docno": "S782073eb-A65a21666", "score": 15.635427723309805}
{"docno": "S9386f24d-A7956dc81", "score": 15.6231976967179}
{"docno": "Se21a50a3-Adb2fc3c1", "score": 15.591397901502829}
{"docno": "S89c45bda-Ae3092718", "score": 15.588326761734244}
{"docno": "S942ef4cb-A38d307f8", "score": 15.532733461203744}
{"docno": "S9386ee10-A3a6999a1", "score": 15.528794493922394}
{"docno": "S9386f9b0-Afd072d41", "score": 15.486125185024234}
{"docno": "S85c302ef-A2e30aac8", "score": 15.48594985702027}
{"docno": "S89c45bda-A518cb170", "score": 15.467780098604399}
{"docno": "S9386ee6d-A1a19e999", "score": 15.459931217174775}
{"docno": "Scc77eee8-Ad6af2fb2", "score": 15.439440117804688}
{"docno": "Sd2cf3d6f-Ab3b4d965", "score": 15.437934184414981}
{"docno": "Sc5ef2ca1-A113dff96", "score": 15.423775796305561}
{"docno": "Scf4017a5-A4f3e858a", "score": 15.423775796305561}
{"docno": "S89c45bda-Af9606ef1", "score": 15.398990323052894}
{"docno": "S9386ea4f-A1d715d2e", "score": 15.395154132001846}
{"docno": "Scf4017a5-A8a528103", "score": 15.388845109203164}
{"docno": "S89c45bda-Ad6e9de37", "score": 15.385255005454805}
{"docno": "Se21a50a3-A44388d6d", "score": 15.373682231311609}
{"docno": "S9386df88-Aadbacba3", "score": 15.344510992980105}
{"docno": "Sba1566fe-A58a762bf", "score": 15.344510992980105}
{"docno": "S89c45bda-A8f1ac835", "score": 15.324062562043173}
{"docno": "S89c45bda-A78784322", "score": 15.312830527849576}
{"docno": "Scf4022e8-A86e23300", "score": 15.267214923532867}
{"docno": "S2a7a3832-A59095d28", "score": 15.239519404833679}
{"docno": "S2c491c0b-A9f90bf86", "score": 15.236389745303914}
{"docno": "Sd9807bbe-A440c8b1e", "score": 15.189738165614482}
{"docno": "Scf4017a5-A9d712ffb", "score": 15.17811987413139}
{"docno": "S41ed75c9-Ac43d6085", "score": 15.154356116821361}
{"docno": "Sb0c6e7eb-Aded11a42", "score": 15.14059007008355}
{"docno": "Sb0c6e7eb-A82e8e68a", "score": 15.116828088972966}
{"docno": "Sfb69d67d-Ac24b4916", "score": 15.112915791586977}
{"docno": "S89c45bda-Aa49038bd", "score": 15.090377670953167}
{"docno": "S9386ee4e-A5d4ed025", "score": 15.069182843613582}
{"docno": "S9386eb66-Af048ec2c", "score": 15.064019653613062}
{"docno": "S64b2721c-A83ce0e36", "score": 15.05374499500965}
{"docno": "S956ab616-Adcf8563e", "score": 15.048234855090087}
{"docno": "Sf4f605d1-A8bcb9856", "score": 15.043281538760526}
{"docno": "S782073eb-A6866fff6", "score": 14.998078672552229}
{"docno": "S9386f5ef-A706b1cb0", "score": 14.996399653876942}
{"docno": "S9386f5b1-A6a15c82d", "score": 14.950149480722251}
{"docno": "S1e884b3e-A5950e2a1", "score": 14.949396380197278}
{"docno": "S89c45bda-Af1c149cb", "score": 14.947137533794825}
{"docno": "S9386eb09-Adba585b4", "score": 14.93948955442124}
{"docno": "S942ef4cb-Ade554d73", "score": 14.927672575430817}
{"docno": "S2d207525-Af913bf38", "score": 14.903360389056068}
{"docno": "S89c45bda-Aab829ef7", "score": 14.899993207407388}
{"docno": "S6626ac2e-Ad4283145", "score": 14.875742986239567}
{"docno": "Sb0114b5-A1159bb1c", "score": 14.856268261572264}
{"docno": "S4d198342-Abae37d7e", "score": 14.855375863996969}
{"docno": "Sb0c6e7eb-A2aa6c69c", "score": 14.853145339033912}
{"docno": "Sd9f50d86-A18ffd494", "score": 14.850915483794022}
{"docno": "S9386dc62-A33e8c532", "score": 14.850915483794022}
{"docno": "S2d902d00-A4282e952", "score": 14.83205523195013}
{"docno": "S46de25-A8d272c46", "score": 14.806591141110266}
{"docno": "Sd11cf82c-Ad4acb267", "score": 14.77264524300797}
{"docno": "S6626ac2e-Ac172cfb6", "score": 14.77132171270631}
{"docno": "S64b2721c-A93b21d9", "score": 14.749906743158078}
{"docno": "S9386f64c-A5dd997e3", "score": 14.714352780008573}
{"docno": "S89c45bda-A6229259f", "score": 14.712164399962587}
{"docno": "S89c45bda-Ac73b3246", "score": 14.712164399962587}
{"docno": "Sb07b0b7c-A2094b813", "score": 14.693640948008694}
{"docno": "S89c45bda-A62794cc5", "score": 14.668663213737267}
{"docno": "S89c45bda-Ac0f8337e", "score": 14.668663213737267}
{"docno": "S5a6ff38d-A2912aa87", "score": 14.656391103407866}
{"docno": "S9386f24d-Aca2efd07", "score": 14.655276475162049}
{"docno": "S9386e349-Aaa3e331a", "score": 14.643756593691132}
{"docno": "S2a7a37b6-Ab9310030", "score": 14.623256510674219}
{"docno": "S9386e2cd-A4d8ad4b1", "score": 14.578130052124717}
{"docno": "S89c45bda-Ae88ad17b", "score": 14.575982000788356}
{"docno": "S2056de8f-Adfc6f3d0", "score": 14.55781317369053}
{"docno": "S8895e6b4-Aa4fe713b", "score": 14.542107931396249}
{"docno": "S8895e695-Aa4fe713b", "score": 14.542107931396249}
{"docno": "Sdcca0397-A4956d566", "score": 14.54000853468613}
{"docno": "S5a468c00-Af56789db", "score": 14.533281251619117}
{"docno": "S9386f26c-Ae97bff70", "score": 14.508831869797104}
{"docno": "S9386e349-A870f7c10", "score": 14.508831869797104}
{"docno": "S6626ac2e-A538c1199", "score": 14.503844884102469}
{"docno": "S64b2721c-Afab20849", "score": 14.503844884102469}
{"docno": "Se21a5046-Ace81c754", "score": 14.500575595180093}
{"docno": "S638e3853-A6c171bff", "score": 14.472648252585977}
{"docno": "Sdae1f9c4-A9e1244d2", "score": 14.465776587534588}
{"docno": "S4d198342-A52dd7ae5", "score": 14.446093942288051}
{"docno": "S4d198342-A38ca16c4", "score": 14.4454610816121}
{"docno": "S9386e349-Ad5ce6a13", "score": 14.442297609789135}
{"docno": "S94c429fc-Ad416f8c5", "score": 14.412407802742223}
{"docno": "Sb0c6e7eb-A1e8fed10", "score": 14.409047365790485}
{"docno": "S9386dc62-A8d6947d3", "score": 14.400375406730989}
{"type": "queryBoxFocused", "timestamp": "2025-06-26T10:59:52.760Z", "sessionID": "3c31856c-e942-4108-b85b-dea1afd81d79"}
{"type": "querySubmitted", "timestamp": "2025-06-26T10:59:59.720Z", "sessionID": "3c31856c-e942-4108-b85b-dea1afd81d79", "query": "euthanasia legalisation?"}
{"docno": "Sfb69d67d-A8046c35", "score": 31.608726854819896}
{"docno": "Se21a5027-A93f5d3e1", "score": 29.288989587432525}
{"docno": "Sfb69d67d-Ac24b4916", "score": 28.95069074078909}
{"docno": "Se21a50a3-Adb2fc3c1", "score": 28.169171646359317}
{"docno": "Se21a50a3-A44388d6d", "score": 28.129822635880632}
{"docno": "S3283f264-Aa23f2fea", "score": 27.635181930053704}
{"docno": "Sc7d0081e-Afb62e9ca", "score": 26.568078154838588}
{"docno": "Sb280a10e-A4947690e", "score": 26.340597395654505}
{"docno": "Se21a5084-Ad73b73d9", "score": 25.935608354856036}
{"docno": "S46de25-Af7167d9d", "score": 25.93165361462959}
{"docno": "S64e91157-A9b70f629", "score": 25.831695359567302}
{"docno": "Sb280a10e-A98e3124", "score": 25.60739339692049}
{"docno": "S1e884b3e-A5157ee34", "score": 24.792067585446894}
{"docno": "S9386dc24-Acf4c94c2", "score": 24.754684356953575}
{"docno": "S9386dc24-A170bb2ca", "score": 24.514378116532953}
{"docno": "Scf4022e8-A86e23300", "score": 24.258764134009525}
{"docno": "S57df115a-Ae6a366e6", "score": 23.99121675563282}
{"docno": "S1e884b3e-A9ff13fd0", "score": 23.525390450387356}
{"docno": "S9386ee10-Afadf3ee0", "score": 23.392157531932746}
{"docno": "Sfe13b6d0-A76518d87", "score": 23.367666124179998}
{"docno": "S9386df4a-Aa44673e6", "score": 23.225550844094347}
{"docno": "S9386df4a-A81f3554c", "score": 22.939169029572746}
{"docno": "S64e91157-Afbd185bf", "score": 22.877340706066363}
{"docno": "Sb280a10e-Ae9ae74b1", "score": 22.611248550993537}
{"docno": "S311e5749-Acfb1b1", "score": 22.561727556938088}
{"docno": "S9386f5ef-A142b6bd6", "score": 22.29762372157373}
{"docno": "S64e91157-Af4a1824a", "score": 22.117985702481562}
{"docno": "S89c45bda-Aab8e3473", "score": 21.615237606464287}
{"docno": "Sc281abf3-Addd804b5", "score": 20.815071082223156}
{"docno": "Sb280a10e-A9297a1dd", "score": 20.621276606486866}
{"docno": "S3283f264-A274448df", "score": 19.866482321626577}
{"docno": "S1e884b3e-A8bbf56f2", "score": 19.630389925944787}
{"docno": "S1e884b3e-A765e7c6b", "score": 19.577556528704747}
{"docno": "Sfe13b6d0-Ac7737d57", "score": 18.584620800252907}
{"docno": "S3283f264-A1f2ac740", "score": 18.382523048112475}
{"docno": "Sccf0a250-A88960fb6", "score": 17.679376010003676}
{"docno": "S3fbd2d93-Ab0cde82b", "score": 17.634672057200316}
{"docno": "Sa2fd8d2f-A4c77577f", "score": 17.25544639674979}
{"docno": "S294713ae-A75ddcb48", "score": 17.251169471473332}
{"docno": "S3283f264-A31bfa016", "score": 17.19841982551367}
{"docno": "S294713ae-A7ab87a59", "score": 17.118473373321194}
{"docno": "S9010a352-Aefe844ec", "score": 17.003437927262155}
{"docno": "Sa33194f5-Aca7c573c", "score": 16.65512106958251}
{"docno": "S8c165121-Abd5f0cbf", "score": 16.652666978766828}
{"docno": "S8c165102-A46fbc483", "score": 16.652666978766828}
{"docno": "S8c16515f-Abd5f0cbf", "score": 16.652666978766828}
{"docno": "S8c165140-Abd5f0cbf", "score": 16.652666978766828}
{"docno": "S8c1650c4-A9364f97a", "score": 16.575949762121155}
{"docno": "S8c1650a5-A5da60130", "score": 16.575949762121155}
{"docno": "Sb24a50c9-A611f0d42", "score": 16.281649089000986}
{"docno": "Sc3a7159b-Af3fe3f4f", "score": 16.202727808801733}
{"docno": "Sfe13b6d0-Aae27100e", "score": 16.09769201372584}
{"docno": "S89c45bda-Aaf9cc706", "score": 16.040767871599044}
{"docno": "Sc65961ef-Adbb42f0c", "score": 15.7764628385356}
{"docno": "Sa2fd8d2f-Ac7e7bc74", "score": 15.732670302126612}
{"docno": "S38e1cb02-A6aaa4f66", "score": 15.69781093149103}
{"docno": "S9386dc62-A969fbcbd", "score": 15.667108171178173}
{"docno": "S782073eb-A65a21666", "score": 15.635427723309805}
{"docno": "S9386f24d-A7956dc81", "score": 15.6231976967179}
{"docno": "S89c45bda-Ae3092718", "score": 15.588326761734244}
{"docno": "S9386ee10-A3a6999a1", "score": 15.528794493922394}
{"docno": "S9386f9b0-Afd072d41", "score": 15.486125185024234}
{"docno": "S85c302ef-A2e30aac8", "score": 15.48594985702027}
{"docno": "S89c45bda-A518cb170", "score": 15.467780098604399}
{"docno": "S38e1cb40-A13d6b8f3", "score": 15.462233813647206}
{"docno": "S38e1cb21-A13d6b8f3", "score": 15.462233813647206}
{"docno": "S9386ee6d-A1a19e999", "score": 15.459931217174775}
{"docno": "Scc77eee8-Ad6af2fb2", "score": 15.439440117804688}
{"docno": "Sd2cf3d6f-Ab3b4d965", "score": 15.437934184414981}
{"docno": "Sc5ef2ca1-A113dff96", "score": 15.423775796305561}
{"docno": "Scf4017a5-A4f3e858a", "score": 15.423775796305561}
{"docno": "S89c45bda-Af9606ef1", "score": 15.398990323052894}
{"docno": "S9386ea4f-A1d715d2e", "score": 15.395154132001846}
{"docno": "Scf4017a5-A8a528103", "score": 15.388845109203164}
{"docno": "S89c45bda-Ad6e9de37", "score": 15.385255005454805}
{"docno": "S9386df88-Aadbacba3", "score": 15.344510992980105}
{"docno": "Sba1566fe-A58a762bf", "score": 15.344510992980105}
{"docno": "S89c45bda-A8f1ac835", "score": 15.324062562043173}
{"docno": "S89c45bda-A78784322", "score": 15.312830527849576}
{"docno": "S7a081757-Ad21f3ecb", "score": 15.30976702772609}
{"docno": "S9288ec5d-Af1c1ccba", "score": 15.287049482701015}
{"docno": "S2a7a3832-A59095d28", "score": 15.239519404833679}
{"docno": "S2c491c0b-A9f90bf86", "score": 15.236389745303914}
{"docno": "Sf6a9b53a-Aef99a5e4", "score": 15.200937537160137}
{"docno": "Sd9807bbe-A440c8b1e", "score": 15.189738165614482}
{"docno": "Scf4017a5-A9d712ffb", "score": 15.17811987413139}
{"docno": "S41ed75c9-Ac43d6085", "score": 15.154356116821361}
{"docno": "Sb0c6e7eb-Aded11a42", "score": 15.14059007008355}
{"docno": "Sb0c6e7eb-A82e8e68a", "score": 15.116828088972966}
{"docno": "Sacb337d5-Abdf58f13", "score": 15.11579029457895}
{"docno": "S89c45bda-Aa49038bd", "score": 15.090377670953167}
{"docno": "S9386ee4e-A5d4ed025", "score": 15.069182843613582}
{"docno": "S9386eb66-Af048ec2c", "score": 15.064019653613062}
{"docno": "S64b2721c-A83ce0e36", "score": 15.05374499500965}
{"docno": "Sa2fd8d2f-Aa25764c7", "score": 15.053555723695007}
{"docno": "S782073eb-A6866fff6", "score": 14.998078672552229}
{"docno": "S9386f5ef-A706b1cb0", "score": 14.996399653876942}
{"docno": "Sc60fac17-A2cb3f97", "score": 14.989843082238549}
{"docno": "S6c710081-Aeacc2ee8", "score": 14.987855177295685}
{"docno": "S9386f5b1-A6a15c82d", "score": 14.950149480722251}
{"type": "toggleArgument", "timestamp": "2025-06-26T11:00:04.502Z", "sessionID": "3c31856c-e942-4108-b85b-dea1afd81d79", "rank": "1", "doc": "Sfb69d67d-A8046c35", "action": "expand", "doclen": 709, "score": 16.23458423534693}
{"type": "StanceClicked", "timestamp": "2025-06-26T11:00:30.510Z", "sessionID": "3c31856c-e942-4108-b85b-dea1afd81d79", "rank": "1", "stance": "con", "action": "chooseStance", "doc": "Sfb69d67d-A8046c35", "doclen": 709, "score": 16.23458423534693}
{"type": "toggleArgument", "timestamp": "2025-06-26T11:00:33.438Z", "sessionID": "3c31856c-e942-4108-b85b-dea1afd81d79", "rank": "2", "doc": "Se21a5027-A93f5d3e1", "action": "expand", "doclen": 2578, "score": 18.261878961279304}
{"type": "toggleArgument", "timestamp": "2025-06-26T11:00:42.638Z", "sessionID": "3c31856c-e942-4108-b85b-dea1afd81d79", "rank": "3", "doc": "Sfb69d67d-Ac24b4916", "action": "expand", "doclen": 1863, "score": 15.112915791586977}
{"type": "StanceClicked", "timestamp": "2025-06-26T11:01:38.738Z", "sessionID": "3c31856c-e942-4108-b85b-dea1afd81d79", "rank": "2", "stance": "con", "action": "chooseStance", "doc": "Se21a5027-A93f5d3e1", "doclen": 2578, "score": 18.261878961279304}
{"type": "toggleArgument", "timestamp": "2025-06-26T11:01:42.794Z", "sessionID": "3c31856c-e942-4108-b85b-dea1afd81d79", "rank": "4", "doc": "Se21a50a3-Adb2fc3c1", "action": "expand", "doclen": 972, "score": 15.591397901502829}
{"type": "StanceClicked", "timestamp": "2025-06-26T11:02:11.406Z", "sessionID": "3c31856c-e942-4108-b85b-dea1afd81d79", "rank": "4", "stance": "pro", "action": "chooseStance", "doc": "Se21a50a3-Adb2fc3c1", "doclen": 972, "score": 15.591397901502829}
{"type": "toggleArgument", "timestamp": "2025-06-26T11:02:14.661Z", "sessionID": "3c31856c-e942-4108-b85b-dea1afd81d79", "rank": "5", "doc": "Se21a50a3-A44388d6d", "action": "expand", "doclen": 1021, "score": 15.373682231311609}
{"type": "StanceClicked", "timestamp": "2025-06-26T11:02:49.101Z", "sessionID": "3c31856c-e942-4108-b85b-dea1afd81d79", "rank": "5", "stance": "pro", "action": "chooseStance", "doc": "Se21a50a3-A44388d6d", "doclen": 1021, "score": 15.373682231311609}
{"type": "toggleArgument", "timestamp": "2025-06-26T11:02:52.629Z", "sessionID": "3c31856c-e942-4108-b85b-dea1afd81d79", "rank": "6", "doc": "S3283f264-Aa23f2fea", "action": "expand", "doclen": 117, "score": 27.635181930053704}
{"type": "toggleArgument", "timestamp": "2025-06-26T11:02:56.149Z", "sessionID": "3c31856c-e942-4108-b85b-dea1afd81d79", "rank": "7", "doc": "Sc7d0081e-Afb62e9ca", "action": "expand", "doclen": 1044, "score": 26.568078154838588}
{"type": "StanceClicked", "timestamp": "2025-06-26T11:03:34.913Z", "sessionID": "3c31856c-e942-4108-b85b-dea1afd81d79", "rank": "7", "stance": "con", "action": "chooseStance", "doc": "Sc7d0081e-Afb62e9ca", "doclen": 1044, "score": 26.568078154838588}
{"type": "toggleArgument", "timestamp": "2025-06-26T11:03:37.849Z", "sessionID": "3c31856c-e942-4108-b85b-dea1afd81d79", "rank": "8", "doc": "Sb280a10e-A4947690e", "action": "expand", "doclen": 180, "score": 26.340597395654505}
{"type": "toggleArgument", "timestamp": "2025-06-26T11:03:48.017Z", "sessionID": "3c31856c-e942-4108-b85b-dea1afd81d79", "rank": "9", "doc": "Se21a5084-Ad73b73d9", "action": "expand", "doclen": 200, "score": 25.935608354856036}
{"type": "toggleArgument", "timestamp": "2025-06-26T11:04:00.233Z", "sessionID": "3c31856c-e942-4108-b85b-dea1afd81d79", "rank": "10", "doc": "S46de25-Af7167d9d", "action": "expand", "doclen": 2027, "score": 25.93165361462959}
{"type": "queryBoxFocused", "timestamp": "2025-06-26T11:04:20.012Z", "sessionID": "3c31856c-e942-4108-b85b-dea1afd81d79"}
{"type": "querySubmitted", "timestamp": "2025-06-26T11:04:32.618Z", "sessionID": "3c31856c-e942-4108-b85b-dea1afd81d79", "query": "is physician assisted suicide murder"}
{"docno": "Sc44ef8ac-A314280f6", "score": 46.97576165913504}
{"docno": "Sc44ef8ac-Aea63e958", "score": 45.124287223859184}
{"docno": "S25dc8ac6-Addb6c318", "score": 40.00824298551787}
{"docno": "S4602aa65-A21e0f672", "score": 38.9989191936661}
{"docno": "S443158c1-Af7edeadf", "score": 38.64115302564336}
{"docno": "Sc44ef8ac-Add0ba47c", "score": 37.23108794041271}
{"docno": "S25dc8ac6-A9ba205c8", "score": 36.81943340156757}
{"docno": "S668509e3-A194b2def", "score": 36.067717306330294}
{"docno": "Sd80382e8-A9ca14470", "score": 35.411275544693666}
{"docno": "S25dc8ac6-A4fa8e382", "score": 35.12816776168308}
{"docno": "S390f1979-Ae5b1d76b", "score": 34.569101893561324}
{"docno": "S25dc8ac6-A26af156a", "score": 34.14183879771116}
{"docno": "S2f93939-A7d027060", "score": 34.10995525800842}
{"docno": "S3fcde3d5-A6c9b2e5", "score": 34.03960192087143}
{"docno": "S7d751371-Ae25f3542", "score": 34.002521598703005}
{"docno": "Sfad05e94-A8fbf1af0", "score": 33.96863863956594}
{"docno": "S3fcde3d5-Aabb4731c", "score": 33.77792095889428}
{"docno": "S25dc8ac6-A9e2c9183", "score": 33.66492975367177}
{"docno": "S7dba56a5-Af715c76b", "score": 33.66089371312873}
{"docno": "Sdccf7263-Ad86e7e15", "score": 33.52023267124917}
{"docno": "S83a06a6-Ad41a7a09", "score": 33.25170616444548}
{"docno": "Sd8891c6f-Afe6db4f7", "score": 32.84076741366112}
{"docno": "Sfb67998b-A258bee00", "score": 32.13635409322235}
{"docno": "S89c45bda-A427b0008", "score": 31.952078228597422}
{"docno": "S4f51142c-Ad3f6969e", "score": 31.550440764709172}
{"docno": "S8ec49310-Ac2c32ca6", "score": 31.366599588740137}
{"docno": "Sf989aae1-Afddb9efe", "score": 30.49579222805299}
{"docno": "S4487af89-Ab9c2bc9e", "score": 29.759802717026343}
{"docno": "S9f12f501-Adbc8055b", "score": 29.442868501715992}
{"docno": "S40c266fc-Af916dbf2", "score": 29.276615189241216}
{"docno": "S41c20845-Aaca68622", "score": 29.27424372047203}
{"docno": "S25dc8ac6-A80bbda11", "score": 29.101182358274208}
{"docno": "S390f1979-Aae561b16", "score": 28.903709739528182}
{"docno": "Se21a5065-Ac79ca991", "score": 28.70286595108462}
{"docno": "S241794a9-A18347a22", "score": 28.080178120362902}
{"docno": "S668509e3-A3b6bc764", "score": 27.699281846030985}
{"docno": "S2d207525-Aacb5cbdd", "score": 27.27734973584289}
{"docno": "S9386f2e8-Ac1a12a9b", "score": 27.27734973584289}
{"docno": "S1e884b3e-Abc6f7a7e", "score": 26.840833464304385}
{"docno": "S6dbd1f79-Aed11965a", "score": 26.616403289837507}
{"docno": "S89c45bda-A4fb96d3a", "score": 26.616403289837507}
{"docno": "S4602aa65-A7dba2c90", "score": 26.279872389734386}
{"docno": "Se5282d07-Ab8cceb37", "score": 26.14101220923914}
{"docno": "S668509e3-A15cbc4c2", "score": 25.72309924329934}
{"docno": "S49cd40b7-A4ea9e37a", "score": 25.707580317544544}
{"docno": "S85c302ef-A2e30aac8", "score": 25.618913722316634}
{"docno": "Sc8970382-A472cc50a", "score": 25.533684589839435}
{"docno": "S64e91157-Af4a1824a", "score": 25.24607334495788}
{"docno": "S4d198342-A38ca16c4", "score": 25.096165651611322}
{"docno": "Sbdcebe60-A839ae3e3", "score": 25.042365367099624}
{"docno": "S2a7a3832-A59095d28", "score": 24.788467771783417}
{"docno": "S41c20845-A1d3bb223", "score": 24.753235580214174}
{"docno": "S67a1de10-Af23e7060", "score": 24.613746917009657}
{"docno": "S49cd40b7-A8db6adb1", "score": 24.592904337552454}
{"docno": "S84493d27-Afdcbfe1a", "score": 24.592154491095048}
{"docno": "S88e351c0-Ab8a19393", "score": 24.488886882161694}
{"docno": "S64e91157-A4a63921b", "score": 24.34758911682957}
{"docno": "S8ec492b3-A6b80f4fb", "score": 24.14684992204569}
{"docno": "Sbbce1e09-Ad8014bef", "score": 24.046137512157458}
{"docno": "S64e91157-Ad18f1893", "score": 23.988641836683385}
{"docno": "Saffb1a60-Ac262097", "score": 23.984469042890325}
{"docno": "Sbe139899-A7968e705", "score": 23.34589802569913}
{"docno": "S5d2af7d4-A75985165", "score": 23.322060621751888}
{"docno": "Scb00416d-Ad4ea1529", "score": 23.143520015090118}
{"docno": "Sd8891c6f-Adac0dfc7", "score": 23.115728955635433}
{"docno": "Sfe13b6d0-Abd736704", "score": 23.103674695804806}
{"docno": "S4487afa8-Aa80dbb53", "score": 23.063531891003134}
{"docno": "S668509e3-Ad92c7c62", "score": 23.03090645878906}
{"docno": "Sea1c603e-A4b63d83", "score": 23.021207575085626}
{"docno": "S9f12f501-Ab853df70", "score": 22.994755210968684}
{"docno": "S294713ae-A7ab87a59", "score": 22.94987907625381}
{"docno": "S8ec49310-Adbd32114", "score": 22.889599329204408}
{"docno": "S64e91157-A31a57f3", "score": 22.68834532168232}
{"docno": "S59adeaa5-A1d8ac40d", "score": 22.645655378822894}
{"docno": "S9230094f-A6fa40ec0", "score": 22.625619087166836}
{"docno": "Scf4017a5-A8a528103", "score": 22.56095777428299}
{"docno": "S9d1b7ef3-Ada63c05d", "score": 22.55910311324852}
{"docno": "S88e3523c-A4194227", "score": 22.551708854419125}
{"docno": "S2c5ca462-A165777e0", "score": 22.523262673068928}
{"docno": "S84493d27-Afc86ecab", "score": 22.493112799386772}
{"docno": "Sc8f72601-A4b956ae4", "score": 22.491632809889822}
{"docno": "Sa490c8bc-Aa57e198a", "score": 22.470496138703346}
{"docno": "S16e6c023-A57a28294", "score": 22.24331253579569}
{"docno": "Saffb1a60-A2732416", "score": 22.148421019650765}
{"docno": "Sf62fea23-Ac4cb6d42", "score": 22.107268171641344}
{"docno": "S9386dfc6-A8659649", "score": 21.91997048637264}
{"docno": "S1e884b3e-A8eca712f", "score": 21.86905687741731}
{"docno": "S64e91157-A2867342e", "score": 21.786204743130387}
{"docno": "S3f6421ca-A93c58f54", "score": 21.770796949252453}
{"docno": "Sc44ef8ac-Ade45cff1", "score": 21.633222508432304}
{"docno": "Sf62fea23-Ae4a90b60", "score": 21.357479687065773}
{"docno": "Sc44ef8ac-Acdc0f5f3", "score": 21.321034241185902}
{"docno": "S64e91157-Acb6378f9", "score": 21.320732612630884}
{"docno": "S30ecade7-Ae59d9ea5", "score": 21.248569532398648}
{"docno": "S4487af89-A1b8cf543", "score": 21.171774786847223}
{"docno": "S9386db4b-A6b655d99", "score": 21.16620600477202}
{"docno": "Sfe13b6d0-A8842665a", "score": 21.159379838499614}
{"docno": "Sfb67998b-A74ef5c57", "score": 21.138628440482357}
{"docno": "S8ec492b3-A9a9a731b", "score": 20.918509510286015}
{"docno": "S668509e3-A2a9c7ad6", "score": 20.91448143505552}
{"type": "toggleArgument", "timestamp": "2025-06-26T11:04:36.513Z", "sessionID": "3c31856c-e942-4108-b85b-dea1afd81d79", "rank": "1", "doc": "Sc44ef8ac-A314280f6", "action": "expand", "doclen": 274, "score": 38.794367584308816}
{"type": "toggleArgument", "timestamp": "2025-06-26T11:04:40.153Z", "sessionID": "3c31856c-e942-4108-b85b-dea1afd81d79", "rank": "2", "doc": "Sc44ef8ac-Aea63e958", "action": "expand", "doclen": 641, "score": 36.3854646606405}
{"type": "toggleArgument", "timestamp": "2025-06-26T11:04:50.009Z", "sessionID": "3c31856c-e942-4108-b85b-dea1afd81d79", "rank": "4", "doc": "S4602aa65-A21e0f672", "action": "expand", "doclen": 982, "score": 38.9989191936661}
{"type": "toggleArgument", "timestamp": "2025-06-26T11:05:16.369Z", "sessionID": "3c31856c-e942-4108-b85b-dea1afd81d79", "rank": "5", "doc": "S443158c1-Af7edeadf", "action": "expand", "doclen": 730, "score": 38.64115302564336}
{"type": "toggleArgument", "timestamp": "2025-06-26T11:05:20.849Z", "sessionID": "3c31856c-e942-4108-b85b-dea1afd81d79", "rank": "6", "doc": "Sc44ef8ac-Add0ba47c", "action": "expand", "doclen": 490, "score": 37.23108794041271}
{"type": "toggleArgument", "timestamp": "2025-06-26T11:05:27.881Z", "sessionID": "3c31856c-e942-4108-b85b-dea1afd81d79", "rank": "7", "doc": "S25dc8ac6-A9ba205c8", "action": "expand", "doclen": 1117, "score": 36.81943340156757}
{"type": "ClickedEndTask", "timestamp": "2025-06-26T11:05:49.721Z", "sessionID": "3c31856c-e942-4108-b85b-dea1afd81d79"}
{"type": "TaskEndConfirmed", "timestamp": "2025-06-26T11:05:53.521Z", "sessionID": "3c31856c-e942-4108-b85b-dea1afd81d79"}
{"type": "TaskEnded", "timestamp": "2025-06-26T11:05:58.881Z", "sessionID": "3c31856c-e942-4108-b85b-dea1afd81d79", "reason": "time limit", "translated_reason": "Time limit"}
