{"type": "TaskStarted", "timestamp": "2025-06-26T10:37:23.017Z", "sessionID": "98bee656-b3bf-4a3a-ba16-d0a63d307321", "task": "2", "uid": "Participant60", "topic": "Should the death penalty be allowed?"}
{"type": "queryBoxFocused", "timestamp": "2025-06-26T10:37:25.814Z", "sessionID": "98bee656-b3bf-4a3a-ba16-d0a63d307321"}
{"type": "querySubmitted", "timestamp": "2025-06-26T10:37:37.272Z", "sessionID": "98bee656-b3bf-4a3a-ba16-d0a63d307321", "query": "death penalty opinions"}
{"docno": "Sa490c7c4-A418fcb6a", "score": 23.772618833108552}
{"docno": "Sed876b2c-Acf80c928", "score": 23.365787231340658}
{"docno": "S6849c089-A9e16d687", "score": 22.995674637787133}
{"docno": "Sabe4d9ff-A835180a1", "score": 22.89042586564776}
{"docno": "Sed875bea-Ab38c338c", "score": 22.88111157275182}
{"docno": "S1d058f16-A43749404", "score": 22.770298717816768}
{"docno": "Sb92daf36-A83128945", "score": 22.76581272387368}
{"docno": "Sf1864e8b-A1f975415", "score": 22.44289742192479}
{"docno": "Sae02ba06-Abaef367", "score": 22.333766269841668}
{"docno": "Se3bc7b6f-A27dedf1e", "score": 22.22808584095946}
{"docno": "Sbe00a473-Ac49d6f00", "score": 22.001345136247217}
{"docno": "Sbe00a473-Afa5da496", "score": 21.806971715373464}
{"docno": "Sd3365f6b-A48d7a07b", "score": 21.727988740346877}
{"docno": "S447458de-A8531abab", "score": 21.680968570453338}
{"docno": "Sed876b2c-Af06b90f1", "score": 21.6423646803658}
{"docno": "S5924c4f2-Ad7e337f8", "score": 21.568611333073914}
{"docno": "S8e56b5e-Adb079160", "score": 21.547242567369604}
{"docno": "S4127285e-A24388f14", "score": 21.508138807164315}
{"docno": "S6a11307c-A1c59dfb9", "score": 21.442526393314278}
{"docno": "S11800e-A6cece273", "score": 21.414781834382893}
{"docno": "Sa490df04-A9e08881f", "score": 21.349216073774222}
{"docno": "S1d4dd2b5-Afc924719", "score": 21.229226715857394}
{"docno": "Sbea71e7b-A7f48edff", "score": 21.204368628804858}
{"docno": "Sbea71e7b-A22ab851", "score": 21.17094800104071}
{"docno": "Sa630c057-A361fdf9d", "score": 21.14674748503725}
{"docno": "S1e632fc2-Aaf422f23", "score": 21.09505876472847}
{"docno": "Se9f1259e-Ac53b6f38", "score": 21.027145119509814}
{"docno": "Sabe4d9ff-Aa3919471", "score": 20.997255960977416}
{"docno": "Sfadff341-A30011872", "score": 20.845444260544525}
{"docno": "S84fecbea-A16b9e439", "score": 20.845444260544525}
{"docno": "Sfaa55372-A36e4641c", "score": 20.76287616038541}
{"docno": "Sd3365f6b-A584022a6", "score": 20.675307930629913}
{"docno": "S75f83923-Ae7ff712f", "score": 20.64754122785306}
{"docno": "Saa32ee2d-A27dd7d54", "score": 20.63253772086994}
{"docno": "Sbea71e7b-Abd60bf75", "score": 20.601460382733954}
{"docno": "S41272f07-A41be4b07", "score": 20.59909556162657}
{"docno": "Sa490cbe2-Aa507a6fe", "score": 20.533479377809236}
{"docno": "S988add3a-A5e58ead1", "score": 20.500523370811145}
{"docno": "Sabe4dd25-A37ef39bf", "score": 20.475873885142395}
{"docno": "Scbf9e451-A7ec261d8", "score": 20.433798452994605}
{"docno": "S44d108e4-Ab5f716ef", "score": 20.370742264548227}
{"docno": "Sed8753ec-Ab37b9a95", "score": 20.337772958433696}
{"docno": "Sbfc51daf-A6a73a677", "score": 20.27888967678069}
{"docno": "Sc1373988-A36ccfa6f", "score": 20.257381423685324}
{"docno": "S53f92967-A7a1722af", "score": 20.257381423685324}
{"docno": "Se9f1259e-Aa9f558f", "score": 20.179252634747556}
{"docno": "S40a94900-Aef5cbee9", "score": 20.165729340428225}
{"docno": "Se6e1353a-Abaea67c", "score": 20.165131527815923}
{"docno": "S12bc8799-A87d80bd4", "score": 20.139565931667338}
{"docno": "S75f84710-A31c146fb", "score": 20.111068529152753}
{"docno": "Sabe4ddc0-A8f4ed4b9", "score": 20.058546718102406}
{"docno": "Sf2cac0b5-A6784823", "score": 20.055074979717155}
{"docno": "S41272ba3-A27292e63", "score": 20.03403737750628}
{"docno": "S4918dbc7-Abb351b2d", "score": 19.98707931925455}
{"docno": "Sfc074141-A793f1cd0", "score": 19.979595210668975}
{"docno": "Se3bc0ab2-A41f13adf", "score": 19.97716596096548}
{"docno": "Sabe4e80b-Af9ac8615", "score": 19.94934085411012}
{"docno": "S69299eed-A11a0f729", "score": 19.914090292391705}
{"docno": "Sa03f5d1-A80dcb16f", "score": 19.8933366755939}
{"docno": "Scd96e4d9-Aa65a4175", "score": 19.83937405292379}
{"docno": "S1f7cca71-A745b453c", "score": 19.833889949415834}
{"docno": "Sc1373988-A47b3f132", "score": 19.821382305668102}
{"docno": "S5924c4f2-Acd5731f7", "score": 19.812805767777178}
{"docno": "S8e5e6a4-Aec99ebfe", "score": 19.80544746305097}
{"docno": "S44d108a6-A75e92f77", "score": 19.798393947157514}
{"docno": "S97ab35bd-A9ce90243", "score": 19.78861999970551}
{"docno": "Sa490c460-A90ac81e", "score": 19.771745063049035}
{"docno": "S1e632fa3-Ab3511584", "score": 19.7601450891236}
{"docno": "Sa490cfc2-A73ff9d39", "score": 19.752852649554292}
{"docno": "Sa490cc01-A12ca097c", "score": 19.733933791274133}
{"docno": "Sa490cbe2-A12ca097c", "score": 19.733933791274133}
{"docno": "S6bc0f60d-Af5417551", "score": 19.73080185611768}
{"docno": "Sb44adae-Ab12adfb9", "score": 19.719563804316227}
{"docno": "S8e5e6a4-Ab3890d12", "score": 19.71748163955527}
{"docno": "Sa490dae6-Aa951b5ca", "score": 19.716302522235626}
{"docno": "Seb972906-Abf3a8893", "score": 19.68287165974022}
{"docno": "S8e56b3f-Aa2289b81", "score": 19.667129903410153}
{"docno": "Se3bc0428-A56772e6a", "score": 19.659880004779946}
{"docno": "Sf0268876-A37840bd2", "score": 19.65941749868837}
{"docno": "S6a11307c-A609c3aeb", "score": 19.648919237421634}
{"docno": "Sed8762f0-A35a0cc9c", "score": 19.623347237192743}
{"docno": "Sed8766d0-A7b528962", "score": 19.601970529923392}
{"docno": "Sa490dae6-A6b1bc3b2", "score": 19.561671125512753}
{"docno": "S61c0373c-Affe1e841", "score": 19.56075535317921}
{"docno": "Sa23f06c3-Afd1c8048", "score": 19.523391517866106}
{"docno": "Se3bc0029-Ae49aead2", "score": 19.501541302397573}
{"docno": "Se3bbffad-Acc28a9a0", "score": 19.500893784967055}
{"docno": "S98cd11a9-Aae17e291", "score": 19.481212196517646}
{"docno": "Sa490da89-A408c09b1", "score": 19.466856810280472}
{"docno": "Sabe4d9a2-Aa53140e6", "score": 19.461199555781825}
{"docno": "S3908ce09-Ad57962ed", "score": 19.45633627667167}
{"docno": "Sf23a0adc-A117989ef", "score": 19.44836964756724}
{"docno": "S84c9f2f7-A19651f2d", "score": 19.426746035551755}
{"docno": "Seab845d-A33436cf2", "score": 19.409731770508824}
{"docno": "S67db7502-Acaae78f0", "score": 19.40944634630972}
{"docno": "Sa490da89-A8b9f222", "score": 19.393107225240556}
{"docno": "Sf0d2eb87-A556f3a17", "score": 19.38599413115732}
{"docno": "Sa0b4281b-A1d77756", "score": 19.372786090874094}
{"docno": "S650e9d58-Ab2021c57", "score": 19.36464343035042}
{"docno": "Sed874ca8-A4c51d5c5", "score": 19.344648944712382}
{"type": "toggleArgument", "timestamp": "2025-06-26T10:37:41.816Z", "sessionID": "98bee656-b3bf-4a3a-ba16-d0a63d307321", "rank": "1", "doc": "Sa490c7c4-A418fcb6a", "action": "expand", "doclen": 413, "score": 20.226527157999175}
{"type": "StanceClicked", "timestamp": "2025-06-26T10:38:02.168Z", "sessionID": "98bee656-b3bf-4a3a-ba16-d0a63d307321", "rank": "1", "stance": "con", "action": "chooseStance", "doc": "Sa490c7c4-A418fcb6a", "doclen": 413, "score": 20.226527157999175}
{"type": "toggleArgument", "timestamp": "2025-06-26T10:38:16.208Z", "sessionID": "98bee656-b3bf-4a3a-ba16-d0a63d307321", "rank": "2", "doc": "Sed876b2c-Acf80c928", "action": "expand", "doclen": 587, "score": 23.365787231340658}
{"type": "toggleArgument", "timestamp": "2025-06-26T10:38:49.698Z", "sessionID": "98bee656-b3bf-4a3a-ba16-d0a63d307321", "rank": "3", "doc": "S6849c089-A9e16d687", "action": "expand", "doclen": 791, "score": 19.918102342244}
{"type": "toggleArgument", "timestamp": "2025-06-26T10:39:34.714Z", "sessionID": "98bee656-b3bf-4a3a-ba16-d0a63d307321", "rank": "3", "doc": "S6849c089-A9e16d687", "action": "reduce", "doclen": 791, "score": 19.918102342244}
{"type": "toggleArgument", "timestamp": "2025-06-26T10:39:51.317Z", "sessionID": "98bee656-b3bf-4a3a-ba16-d0a63d307321", "rank": "4", "doc": "Sabe4d9ff-A835180a1", "action": "expand", "doclen": 604, "score": 19.56447819951195}
{"type": "StanceClicked", "timestamp": "2025-06-26T10:40:23.718Z", "sessionID": "98bee656-b3bf-4a3a-ba16-d0a63d307321", "rank": "4", "stance": "pro", "action": "chooseStance", "doc": "Sabe4d9ff-A835180a1", "doclen": 604, "score": 19.56447819951195}
{"type": "StanceClicked", "timestamp": "2025-06-26T10:40:26.134Z", "sessionID": "98bee656-b3bf-4a3a-ba16-d0a63d307321", "rank": "4", "stance": "pro", "action": "removeStance", "doc": "Sabe4d9ff-A835180a1", "doclen": 604, "score": 19.56447819951195}
{"type": "toggleArgument", "timestamp": "2025-06-26T10:40:47.937Z", "sessionID": "98bee656-b3bf-4a3a-ba16-d0a63d307321", "rank": "5", "doc": "Sed875bea-Ab38c338c", "action": "expand", "doclen": 1209, "score": 19.11838514309784}
{"type": "StanceClicked", "timestamp": "2025-06-26T10:42:28.382Z", "sessionID": "98bee656-b3bf-4a3a-ba16-d0a63d307321", "rank": "5", "stance": "pro", "action": "chooseStance", "doc": "Sed875bea-Ab38c338c", "doclen": 1209, "score": 19.11838514309784}
{"type": "toggleArgument", "timestamp": "2025-06-26T10:42:40.102Z", "sessionID": "98bee656-b3bf-4a3a-ba16-d0a63d307321", "rank": "6", "doc": "S1d058f16-A43749404", "action": "expand", "doclen": 1046, "score": 22.770298717816768}
{"type": "StanceClicked", "timestamp": "2025-06-26T10:43:35.570Z", "sessionID": "98bee656-b3bf-4a3a-ba16-d0a63d307321", "rank": "6", "stance": "con", "action": "chooseStance", "doc": "S1d058f16-A43749404", "doclen": 1046, "score": 22.770298717816768}
{"type": "toggleArgument", "timestamp": "2025-06-26T10:43:40.953Z", "sessionID": "98bee656-b3bf-4a3a-ba16-d0a63d307321", "rank": "7", "doc": "Sb92daf36-A83128945", "action": "expand", "doclen": 960, "score": 22.76581272387368}
{"type": "StanceClicked", "timestamp": "2025-06-26T10:44:51.353Z", "sessionID": "98bee656-b3bf-4a3a-ba16-d0a63d307321", "rank": "7", "stance": "con", "action": "chooseStance", "doc": "Sb92daf36-A83128945", "doclen": 960, "score": 22.76581272387368}
{"type": "toggleArgument", "timestamp": "2025-06-26T10:45:14.352Z", "sessionID": "98bee656-b3bf-4a3a-ba16-d0a63d307321", "rank": "10", "doc": "Se3bc7b6f-A27dedf1e", "action": "expand", "doclen": 882, "score": 19.956741634007223}
{"type": "toggleArgument", "timestamp": "2025-06-26T10:45:16.136Z", "sessionID": "98bee656-b3bf-4a3a-ba16-d0a63d307321", "rank": "10", "doc": "Se3bc7b6f-A27dedf1e", "action": "reduce", "doclen": 882, "score": 19.956741634007223}
{"type": "pageNavigationClicked", "timestamp": "2025-06-26T10:45:17.808Z", "sessionID": "98bee656-b3bf-4a3a-ba16-d0a63d307321", "clicked": "2", "fromPage": 1, "toPage": 2}
{"type": "toggleArgument", "timestamp": "2025-06-26T10:45:21.984Z", "sessionID": "98bee656-b3bf-4a3a-ba16-d0a63d307321", "rank": "11", "doc": "Sbe00a473-Ac49d6f00", "action": "expand", "doclen": 753, "score": 22.001345136247217}
{"type": "StanceClicked", "timestamp": "2025-06-26T10:46:08.919Z", "sessionID": "98bee656-b3bf-4a3a-ba16-d0a63d307321", "rank": "11", "stance": "con", "action": "chooseStance", "doc": "Sbe00a473-Ac49d6f00", "doclen": 753, "score": 22.001345136247217}
{"type": "queryBoxFocused", "timestamp": "2025-06-26T10:46:09.815Z", "sessionID": "98bee656-b3bf-4a3a-ba16-d0a63d307321"}
{"type": "querySubmitted", "timestamp": "2025-06-26T10:46:17.535Z", "sessionID": "98bee656-b3bf-4a3a-ba16-d0a63d307321", "query": "death penalty reasons"}
{"docno": "S61658bd7-A7d63d408", "score": 23.486402985920996}
{"docno": "S67db7502-Acaae78f0", "score": 23.138399646715175}
{"docno": "Sed875bea-Ab38c338c", "score": 23.08308707488706}
{"docno": "Sabe4e80b-Af9ac8615", "score": 23.07372595878708}
{"docno": "Sed87cc4a-Af1fb4d9d", "score": 23.054367103930616}
{"docno": "S6761e57f-Af948b174", "score": 22.963431346855632}
{"docno": "Sc1373988-A47b3f132", "score": 22.611974586511497}
{"docno": "Sa03f5d1-A80dcb16f", "score": 22.33134660471926}
{"docno": "Sf2cac0b5-A6784823", "score": 22.279865863869844}
{"docno": "Scd4e85a2-A9dda08b2", "score": 22.219775508524666}
{"docno": "Sb57ce95f-A8187b888", "score": 22.096061860195547}
{"docno": "Sa490da89-A408c09b1", "score": 22.086989171432897}
{"docno": "S41272f07-A41be4b07", "score": 22.08247727103805}
{"docno": "S3908ce09-Ad57962ed", "score": 21.991984823350503}
{"docno": "S7ad5a1f-Aeeba3d00", "score": 21.925433700659518}
{"docno": "Sb92daf36-A83128945", "score": 21.8725140952262}
{"docno": "S41272041-A8e7c6680", "score": 21.86060105306065}
{"docno": "S6a11307c-A609c3aeb", "score": 21.81249996017025}
{"docno": "S12bc8799-A87d80bd4", "score": 21.794659100943623}
{"docno": "Sa0b4281b-Acf2f61cd", "score": 21.718454092111703}
{"docno": "Sed874ca8-A4c51d5c5", "score": 21.634214237151213}
{"docno": "Sf6d27643-Aeed9f53f", "score": 21.595654635432318}
{"docno": "Sabe4d9ff-Abf217c56", "score": 21.5898517068785}
{"docno": "Sd3ab5fe5-A9785e0d9", "score": 21.58928820276925}
{"docno": "Sf0d2eb87-A556f3a17", "score": 21.585354254150626}
{"docno": "S62cd9e88-A6f8ed194", "score": 21.539012986881445}
{"docno": "Se3bc744a-A2cd21f94", "score": 21.516021031550885}
{"docno": "Sa490d725-Ad27ae33d", "score": 21.359317141399053}
{"docno": "Sc1373988-A1dd95fed", "score": 21.35776670467675}
{"docno": "Sabe4e80b-Aaa1ad156", "score": 21.340140683983538}
{"docno": "S5c62a099-A99e34350", "score": 21.28372278167367}
{"docno": "S1d6bafc2-A7736dfdd", "score": 21.255263057044854}
{"docno": "Sabe4e143-A27d02009", "score": 21.24445961438487}
{"docno": "Sed87bcca-A100e06eb", "score": 21.205433878804484}
{"docno": "Sf6d27643-Ab0a1f859", "score": 21.182304555537513}
{"docno": "Sfc074141-A793f1cd0", "score": 21.17994681373468}
{"docno": "S650e9d58-Ab2021c57", "score": 21.151351583494982}
{"docno": "Sed8766d0-A7235f470", "score": 21.14856514242719}
{"docno": "Sedb37505-A5ca3b963", "score": 21.14856514242719}
{"docno": "Se9f1259e-Aa9f558f", "score": 21.105541433535716}
{"docno": "Sed874ca8-Ab4e91877", "score": 21.099234051142528}
{"docno": "S8e5e9e9-A315e5044", "score": 21.096169200870147}
{"docno": "Sbe38f705-Acc127caa", "score": 21.07219671319582}
{"docno": "S6849c089-A9e16d687", "score": 21.057178935670326}
{"docno": "Sf6d27643-Ac143e568", "score": 21.04965837546647}
{"docno": "Sf345611f-A8cd36602", "score": 21.038951221827368}
{"docno": "S98cd11a9-Aae17e291", "score": 21.032889442533055}
{"docno": "Sa22bf062-A5b72d972", "score": 21.01514636521086}
{"docno": "Sa4350c15-Ae47c1bca", "score": 20.966821844646855}
{"docno": "Sbe00a473-Ac49d6f00", "score": 20.940967543952393}
{"docno": "Se03e810a-A841b27f8", "score": 20.92427565938029}
{"docno": "Sefbca5fb-A67e7a77a", "score": 20.913166456285712}
{"docno": "Sae02ba06-Abaef367", "score": 20.902719006602332}
{"docno": "Sed87636c-A4bd47099", "score": 20.88769982152677}
{"docno": "S49d55862-Abd71bd86", "score": 20.79833509822808}
{"docno": "Se03e7a61-A38cd32d5", "score": 20.77905414892328}
{"docno": "Sed875bea-A4c02add3", "score": 20.729656321673605}
{"docno": "S7ac4eb4e-A273d6a3a", "score": 20.71727602537922}
{"docno": "Sf6d26e83-A2cf17640", "score": 20.689847648529476}
{"docno": "S3ac6f872-Af9e91eb9", "score": 20.677298837118514}
{"docno": "S44c570f5-A57191529", "score": 20.658586757567935}
{"docno": "Sbea71e7b-Abd60bf75", "score": 20.601460382733954}
{"docno": "Sabe4d9ff-Ad7ecec1", "score": 20.59136009342323}
{"docno": "Sed876b2c-Acf80c928", "score": 20.554435522147084}
{"docno": "Se9f1259e-Ac53b6f38", "score": 20.551812751904006}
{"docno": "Sabe4e504-A94f9cbd1", "score": 20.545838760989806}
{"docno": "Sbea71e7b-A8aed953", "score": 20.47394277303615}
{"docno": "Sed8754a6-Adecd76de", "score": 20.428899527053186}
{"docno": "Sabf0fc05-Ab213cb90", "score": 20.391117652083498}
{"docno": "Sa0b4281b-Ad5753e0e", "score": 20.38989690049929}
{"docno": "Seecf2a9f-Aea768944", "score": 20.383079021618954}
{"docno": "Se379a6ae-A16ee3f85", "score": 20.362968281215412}
{"docno": "S9ec7944c-A14501362", "score": 20.341387253928882}
{"docno": "Se03e7a61-Afba718f7", "score": 20.318766131387527}
{"docno": "S21316472-A6fec6110", "score": 20.312126001826215}
{"docno": "Sed87bcca-A36eefb28", "score": 20.277682666371785}
{"docno": "Sf2cac0b5-Aac25fbaa", "score": 20.26345659045582}
{"docno": "Sbea71e7b-A50903f68", "score": 20.257681174575193}
{"docno": "Sc1373988-A36ccfa6f", "score": 20.257381423685324}
{"docno": "S53f92967-A7a1722af", "score": 20.257381423685324}
{"docno": "Se3bbf904-Aff51f79e", "score": 20.24215951977754}
{"docno": "S4e37bda-A57a3cd04", "score": 20.240245115770733}
{"docno": "Sabe4dd25-A1e2fdd82", "score": 20.230646761302953}
{"docno": "Sa22bf062-Afbead479", "score": 20.230646761302953}
{"docno": "S7ad5a1f-Afb7e1633", "score": 20.199161289799633}
{"docno": "Sfadff341-A62cc6586", "score": 20.126059473093697}
{"docno": "Saff35b37-Abea3c9e6", "score": 20.110952777396964}
{"docno": "Sfc531382-Afc4cce4", "score": 20.10994817836601}
{"docno": "S8a5700cf-Ab557cbb8", "score": 20.106778160510046}
{"docno": "S7ddf98b8-Ae1bf9a20", "score": 20.08317001779054}
{"docno": "Sf7244144-Afbabc740", "score": 20.07019533515379}
{"docno": "Sf6d27643-A51b5ea94", "score": 20.06826574146571}
{"docno": "S4c537a7c-A48a4e4f1", "score": 20.058522730250473}
{"docno": "Sbea71e7b-Afcac9cab", "score": 20.057183269935443}
{"docno": "S71605a96-A4a415bc7", "score": 20.04222281775327}
{"docno": "S5c9a5ad7-Ab065410d", "score": 20.02955801682854}
{"docno": "Se03e7a61-A42b5bf2c", "score": 20.028060581268804}
{"docno": "S9f07d6c3-Aa8cacb8", "score": 20.024821457299236}
{"docno": "Sed87bd84-Adba6bd6", "score": 20.008025024082993}
{"docno": "Secf66d5c-Af84576ae", "score": 20.006046057112904}
{"type": "toggleArgument", "timestamp": "2025-06-26T10:46:30.830Z", "sessionID": "98bee656-b3bf-4a3a-ba16-d0a63d307321", "rank": "4", "doc": "Sabe4e80b-Af9ac8615", "action": "expand", "doclen": 1981, "score": 19.94934085411012}
{"type": "toggleArgument", "timestamp": "2025-06-26T10:46:37.350Z", "sessionID": "98bee656-b3bf-4a3a-ba16-d0a63d307321", "rank": "5", "doc": "Sed87cc4a-Af1fb4d9d", "action": "expand", "doclen": 478, "score": 23.054367103930616}
{"type": "queryBoxFocused", "timestamp": "2025-06-26T10:47:11.264Z", "sessionID": "98bee656-b3bf-4a3a-ba16-d0a63d307321"}
{"type": "querySubmitted", "timestamp": "2025-06-26T10:47:27.174Z", "sessionID": "98bee656-b3bf-4a3a-ba16-d0a63d307321", "query": "death penalty reasons for it"}
{"docno": "S61658bd7-A7d63d408", "score": 23.486402985920996}
{"docno": "S67db7502-Acaae78f0", "score": 23.138399646715175}
{"docno": "Sed875bea-Ab38c338c", "score": 23.08308707488706}
{"docno": "Sabe4e80b-Af9ac8615", "score": 23.07372595878708}
{"docno": "Sed87cc4a-Af1fb4d9d", "score": 23.054367103930616}
{"docno": "S6761e57f-Af948b174", "score": 22.963431346855632}
{"docno": "Sc1373988-A47b3f132", "score": 22.611974586511497}
{"docno": "Sa03f5d1-A80dcb16f", "score": 22.33134660471926}
{"docno": "Sf2cac0b5-A6784823", "score": 22.279865863869844}
{"docno": "Scd4e85a2-A9dda08b2", "score": 22.219775508524666}
{"docno": "Sb57ce95f-A8187b888", "score": 22.096061860195547}
{"docno": "Sa490da89-A408c09b1", "score": 22.086989171432897}
{"docno": "S41272f07-A41be4b07", "score": 22.08247727103805}
{"docno": "S3908ce09-Ad57962ed", "score": 21.991984823350503}
{"docno": "S7ad5a1f-Aeeba3d00", "score": 21.925433700659518}
{"docno": "Sb92daf36-A83128945", "score": 21.8725140952262}
{"docno": "S41272041-A8e7c6680", "score": 21.86060105306065}
{"docno": "S6a11307c-A609c3aeb", "score": 21.81249996017025}
{"docno": "S12bc8799-A87d80bd4", "score": 21.794659100943623}
{"docno": "Sa0b4281b-Acf2f61cd", "score": 21.718454092111703}
{"docno": "Sed874ca8-A4c51d5c5", "score": 21.634214237151213}
{"docno": "Sf6d27643-Aeed9f53f", "score": 21.595654635432318}
{"docno": "Sabe4d9ff-Abf217c56", "score": 21.5898517068785}
{"docno": "Sd3ab5fe5-A9785e0d9", "score": 21.58928820276925}
{"docno": "Sf0d2eb87-A556f3a17", "score": 21.585354254150626}
{"docno": "S62cd9e88-A6f8ed194", "score": 21.539012986881445}
{"docno": "Se3bc744a-A2cd21f94", "score": 21.516021031550885}
{"docno": "Sa490d725-Ad27ae33d", "score": 21.359317141399053}
{"docno": "Sc1373988-A1dd95fed", "score": 21.35776670467675}
{"docno": "Sabe4e80b-Aaa1ad156", "score": 21.340140683983538}
{"docno": "S5c62a099-A99e34350", "score": 21.28372278167367}
{"docno": "S1d6bafc2-A7736dfdd", "score": 21.255263057044854}
{"docno": "Sabe4e143-A27d02009", "score": 21.24445961438487}
{"docno": "Sed87bcca-A100e06eb", "score": 21.205433878804484}
{"docno": "Sf6d27643-Ab0a1f859", "score": 21.182304555537513}
{"docno": "Sfc074141-A793f1cd0", "score": 21.17994681373468}
{"docno": "S650e9d58-Ab2021c57", "score": 21.151351583494982}
{"docno": "Sed8766d0-A7235f470", "score": 21.14856514242719}
{"docno": "Sedb37505-A5ca3b963", "score": 21.14856514242719}
{"docno": "Se9f1259e-Aa9f558f", "score": 21.105541433535716}
{"docno": "Sed874ca8-Ab4e91877", "score": 21.099234051142528}
{"docno": "S8e5e9e9-A315e5044", "score": 21.096169200870147}
{"docno": "Sbe38f705-Acc127caa", "score": 21.07219671319582}
{"docno": "S6849c089-A9e16d687", "score": 21.057178935670326}
{"docno": "Sf6d27643-Ac143e568", "score": 21.04965837546647}
{"docno": "Sf345611f-A8cd36602", "score": 21.038951221827368}
{"docno": "S98cd11a9-Aae17e291", "score": 21.032889442533055}
{"docno": "Sa22bf062-A5b72d972", "score": 21.01514636521086}
{"docno": "Sa4350c15-Ae47c1bca", "score": 20.966821844646855}
{"docno": "Sbe00a473-Ac49d6f00", "score": 20.940967543952393}
{"docno": "Se03e810a-A841b27f8", "score": 20.92427565938029}
{"docno": "Sefbca5fb-A67e7a77a", "score": 20.913166456285712}
{"docno": "Sae02ba06-Abaef367", "score": 20.902719006602332}
{"docno": "Sed87636c-A4bd47099", "score": 20.88769982152677}
{"docno": "S49d55862-Abd71bd86", "score": 20.79833509822808}
{"docno": "Se03e7a61-A38cd32d5", "score": 20.77905414892328}
{"docno": "Sed875bea-A4c02add3", "score": 20.729656321673605}
{"docno": "S7ac4eb4e-A273d6a3a", "score": 20.71727602537922}
{"docno": "Sf6d26e83-A2cf17640", "score": 20.689847648529476}
{"docno": "S3ac6f872-Af9e91eb9", "score": 20.677298837118514}
{"docno": "S44c570f5-A57191529", "score": 20.658586757567935}
{"docno": "Sbea71e7b-Abd60bf75", "score": 20.601460382733954}
{"docno": "Sabe4d9ff-Ad7ecec1", "score": 20.59136009342323}
{"docno": "Sed876b2c-Acf80c928", "score": 20.554435522147084}
{"docno": "Se9f1259e-Ac53b6f38", "score": 20.551812751904006}
{"docno": "Sabe4e504-A94f9cbd1", "score": 20.545838760989806}
{"docno": "Sbea71e7b-A8aed953", "score": 20.47394277303615}
{"docno": "Sed8754a6-Adecd76de", "score": 20.428899527053186}
{"docno": "Sabf0fc05-Ab213cb90", "score": 20.391117652083498}
{"docno": "Sa0b4281b-Ad5753e0e", "score": 20.38989690049929}
{"docno": "Seecf2a9f-Aea768944", "score": 20.383079021618954}
{"docno": "Se379a6ae-A16ee3f85", "score": 20.362968281215412}
{"docno": "S9ec7944c-A14501362", "score": 20.341387253928882}
{"docno": "Se03e7a61-Afba718f7", "score": 20.318766131387527}
{"docno": "S21316472-A6fec6110", "score": 20.312126001826215}
{"docno": "Sed87bcca-A36eefb28", "score": 20.277682666371785}
{"docno": "Sf2cac0b5-Aac25fbaa", "score": 20.26345659045582}
{"docno": "Sbea71e7b-A50903f68", "score": 20.257681174575193}
{"docno": "Sc1373988-A36ccfa6f", "score": 20.257381423685324}
{"docno": "S53f92967-A7a1722af", "score": 20.257381423685324}
{"docno": "Se3bbf904-Aff51f79e", "score": 20.24215951977754}
{"docno": "S4e37bda-A57a3cd04", "score": 20.240245115770733}
{"docno": "Sabe4dd25-A1e2fdd82", "score": 20.230646761302953}
{"docno": "Sa22bf062-Afbead479", "score": 20.230646761302953}
{"docno": "S7ad5a1f-Afb7e1633", "score": 20.199161289799633}
{"docno": "Sfadff341-A62cc6586", "score": 20.126059473093697}
{"docno": "Saff35b37-Abea3c9e6", "score": 20.110952777396964}
{"docno": "Sfc531382-Afc4cce4", "score": 20.10994817836601}
{"docno": "S8a5700cf-Ab557cbb8", "score": 20.106778160510046}
{"docno": "S7ddf98b8-Ae1bf9a20", "score": 20.08317001779054}
{"docno": "Sf7244144-Afbabc740", "score": 20.07019533515379}
{"docno": "Sf6d27643-A51b5ea94", "score": 20.06826574146571}
{"docno": "S4c537a7c-A48a4e4f1", "score": 20.058522730250473}
{"docno": "Sbea71e7b-Afcac9cab", "score": 20.057183269935443}
{"docno": "S71605a96-A4a415bc7", "score": 20.04222281775327}
{"docno": "S5c9a5ad7-Ab065410d", "score": 20.02955801682854}
{"docno": "Se03e7a61-A42b5bf2c", "score": 20.028060581268804}
{"docno": "S9f07d6c3-Aa8cacb8", "score": 20.024821457299236}
{"docno": "Sed87bd84-Adba6bd6", "score": 20.008025024082993}
{"docno": "Secf66d5c-Af84576ae", "score": 20.006046057112904}
{"type": "pageNavigationClicked", "timestamp": "2025-06-26T10:47:45.662Z", "sessionID": "98bee656-b3bf-4a3a-ba16-d0a63d307321", "clicked": "2", "fromPage": 1, "toPage": 2}
{"type": "toggleArgument", "timestamp": "2025-06-26T10:47:59.564Z", "sessionID": "98bee656-b3bf-4a3a-ba16-d0a63d307321", "rank": "15", "doc": "S7ad5a1f-Aeeba3d00", "action": "expand", "doclen": 2612, "score": 19.100360644367804}
{"type": "toggleArgument", "timestamp": "2025-06-26T10:48:10.124Z", "sessionID": "98bee656-b3bf-4a3a-ba16-d0a63d307321", "rank": "15", "doc": "S7ad5a1f-Aeeba3d00", "action": "reduce", "doclen": 2612, "score": 19.100360644367804}
{"type": "queryBoxFocused", "timestamp": "2025-06-26T10:48:12.535Z", "sessionID": "98bee656-b3bf-4a3a-ba16-d0a63d307321"}
{"type": "querySubmitted", "timestamp": "2025-06-26T10:48:22.589Z", "sessionID": "98bee656-b3bf-4a3a-ba16-d0a63d307321", "query": "why is death penalty good?"}
{"docno": "Sbea71e7b-Abd60bf75", "score": 20.601460382733954}
{"docno": "S41272f07-A41be4b07", "score": 20.59909556162657}
{"docno": "Sc1373988-A36ccfa6f", "score": 20.257381423685324}
{"docno": "S53f92967-A7a1722af", "score": 20.257381423685324}
{"docno": "S12bc8799-A87d80bd4", "score": 20.139565931667338}
{"docno": "Sf2cac0b5-A6784823", "score": 20.055074979717155}
{"docno": "Sfc074141-A793f1cd0", "score": 19.979595210668975}
{"docno": "Se3bc0ab2-A41f13adf", "score": 19.97716596096548}
{"docno": "Sabe4e80b-Af9ac8615", "score": 19.94934085411012}
{"docno": "Sa03f5d1-A80dcb16f", "score": 19.8933366755939}
{"docno": "Scd96e4d9-Aa65a4175", "score": 19.83937405292379}
{"docno": "S1f7cca71-A745b453c", "score": 19.833889949415834}
{"docno": "Sc1373988-A47b3f132", "score": 19.821382305668102}
{"docno": "S97ab35bd-A9ce90243", "score": 19.78861999970551}
{"docno": "Sa490cfc2-A73ff9d39", "score": 19.752852649554292}
{"docno": "Sa490cc01-A12ca097c", "score": 19.733933791274133}
{"docno": "Sa490cbe2-A12ca097c", "score": 19.733933791274133}
{"docno": "Sb44adae-Ab12adfb9", "score": 19.719563804316227}
{"docno": "Sa490dae6-Aa951b5ca", "score": 19.716302522235626}
{"docno": "S8e56b3f-Aa2289b81", "score": 19.667129903410153}
{"docno": "Se3bc0428-A56772e6a", "score": 19.659880004779946}
{"docno": "Sf0268876-A37840bd2", "score": 19.65941749868837}
{"docno": "S6a11307c-A609c3aeb", "score": 19.648919237421634}
{"docno": "Sed8762f0-A35a0cc9c", "score": 19.623347237192743}
{"docno": "Sa490dae6-A6b1bc3b2", "score": 19.561671125512753}
{"docno": "S61c0373c-Affe1e841", "score": 19.56075535317921}
{"docno": "Sa23f06c3-Afd1c8048", "score": 19.523391517866106}
{"docno": "Se3bc0029-Ae49aead2", "score": 19.501541302397573}
{"docno": "Se3bbffad-Acc28a9a0", "score": 19.500893784967055}
{"docno": "S98cd11a9-Aae17e291", "score": 19.481212196517646}
{"docno": "Sa490da89-A408c09b1", "score": 19.466856810280472}
{"docno": "S3908ce09-Ad57962ed", "score": 19.45633627667167}
{"docno": "Sf23a0adc-A117989ef", "score": 19.44836964756724}
{"docno": "Seab845d-A33436cf2", "score": 19.409731770508824}
{"docno": "S67db7502-Acaae78f0", "score": 19.40944634630972}
{"docno": "Sa490da89-A8b9f222", "score": 19.393107225240556}
{"docno": "Sf0d2eb87-A556f3a17", "score": 19.38599413115732}
{"docno": "Sa0b4281b-A1d77756", "score": 19.372786090874094}
{"docno": "S650e9d58-Ab2021c57", "score": 19.36464343035042}
{"docno": "Sed874ca8-A4c51d5c5", "score": 19.344648944712382}
{"docno": "Sa4350c15-Ab0b5d439", "score": 19.339578554279086}
{"docno": "S310487f5-Ab4cd0cd0", "score": 19.335671451971052}
{"docno": "Sed87bdc2-A7752da66", "score": 19.331646664032014}
{"docno": "Sa490c0fc-A8ebf78e", "score": 19.306893302298555}
{"docno": "S20bc77e0-A6e9b2ab", "score": 19.306893302298555}
{"docno": "Sbe38f705-Acc127caa", "score": 19.305557878379986}
{"docno": "S11800e-Ac446fd58", "score": 19.299858389879795}
{"docno": "S33caf0a6-Aade8fb2d", "score": 19.296823502961722}
{"docno": "S6761e57f-Af948b174", "score": 19.284662707683907}
{"docno": "Sa490c460-A6250a490", "score": 19.284229451929985}
{"docno": "Sd3ab5fe5-A9785e0d9", "score": 19.265900389778558}
{"docno": "Sabe4dd06-Aaee744a4", "score": 19.264027625816528}
{"docno": "S1ef0d677-Aec238a57", "score": 19.244823360761632}
{"docno": "Sfefb65c7-A776bf5cf", "score": 19.241186699201812}
{"docno": "S1d058f16-A44dec1de", "score": 19.22913732056881}
{"docno": "Sabe4d584-Af8fb8dee", "score": 19.18550010228249}
{"docno": "Sec00b32a-Aff2c7f1d", "score": 19.18550010228249}
{"docno": "S61658bd7-A7d63d408", "score": 19.1846192111218}
{"docno": "Sa490c13a-A32f780f1", "score": 19.176023932401655}
{"docno": "S35a517e3-Ac05b3843", "score": 19.16820603510801}
{"docno": "Sa490cfc2-Aa9419ed6", "score": 19.132770821652734}
{"docno": "S4a5fb04d-A11c581ba", "score": 19.129510238715355}
{"docno": "Sed87cc4a-Ad46ee8cd", "score": 19.121873124457146}
{"docno": "Sed875bea-Ab38c338c", "score": 19.11838514309784}
{"docno": "S7ad5a1f-Aeeba3d00", "score": 19.100360644367804}
{"docno": "Sf0268876-Ac7df5225", "score": 19.0829062778915}
{"docno": "Sf6f47599-A4cc6d905", "score": 19.061024648412918}
{"docno": "Sbc0aeb49-A497dbc67", "score": 19.06098525354279}
{"docno": "Sa490df04-A6091c4a8", "score": 19.033576174904688}
{"docno": "S8e56b5e-Adb079160", "score": 19.01885006511813}
{"docno": "S8d075a55-A872591b", "score": 19.00048391018047}
{"docno": "Sa490cfc2-Ae6cad0d1", "score": 18.997604270241858}
{"docno": "Se9f1259e-A49d96498", "score": 18.997604270241858}
{"docno": "Sabe4dd25-A6f9b3542", "score": 18.99702181617966}
{"docno": "Saa32ee2d-Af2881613", "score": 18.984862470209947}
{"docno": "Sc3fe10be-Aac008e76", "score": 18.966662697187004}
{"docno": "Sd7b2d64c-Abcdd3ee9", "score": 18.95440828264061}
{"docno": "S59adeaa5-A66f71f04", "score": 18.952876229622703}
{"docno": "Sa490c061-A4cff59d3", "score": 18.94519711461653}
{"docno": "Se3bc744a-A2cd21f94", "score": 18.93108895565677}
{"docno": "Sa490c11b-Afa8e5a32", "score": 18.924780624687976}
{"docno": "Scbf9e451-Ae9feea78", "score": 18.917937764370627}
{"docno": "Se3bc0af0-Ab11fa57d", "score": 18.899266891353292}
{"docno": "Sa490df04-A838e28ac", "score": 18.89654337359927}
{"docno": "Sb57c59d8-A261183cc", "score": 18.880626176489923}
{"docno": "Sa4350c72-A25ee2e2a", "score": 18.880626176489923}
{"docno": "Sed87c8c7-Abb05db72", "score": 18.880626176489923}
{"docno": "Sf345611f-A8cd36602", "score": 18.875370499078752}
{"docno": "Se3bc0428-A5e3bf25e", "score": 18.853732978911452}
{"docno": "S11800e-A5f17b950", "score": 18.841534108186504}
{"docno": "S49d55862-Abd71bd86", "score": 18.824795749796237}
{"docno": "Sa04d44e3-A68ed6b2", "score": 18.822675692562957}
{"docno": "Sb57ce95f-A8187b888", "score": 18.82126258634511}
{"docno": "Sa03f5d1-A93e9ffb2", "score": 18.82126258634511}
{"docno": "S30be7e46-Ae6158445", "score": 18.818437010344773}
{"docno": "S3670e50c-Aa2f5f45b", "score": 18.818437010344773}
{"docno": "Sd9d193ff-A91c0733e", "score": 18.818437010344773}
{"docno": "Se3bc0eb1-A6f1bf84d", "score": 18.818437010344773}
{"docno": "S1e632fc2-Aaf422f23", "score": 18.8158878518973}
{"docno": "S2bbae687-Aff9e32ec", "score": 18.810179884893532}
{"type": "ClickedEndTask", "timestamp": "2025-06-26T10:48:24.797Z", "sessionID": "98bee656-b3bf-4a3a-ba16-d0a63d307321"}
{"type": "TaskEndConfirmed", "timestamp": "2025-06-26T10:48:25.732Z", "sessionID": "98bee656-b3bf-4a3a-ba16-d0a63d307321"}
{"type": "TaskEnded", "timestamp": "2025-06-26T10:48:26.556Z", "sessionID": "98bee656-b3bf-4a3a-ba16-d0a63d307321", "reason": "", "translated_reason": ""}
