{"type": "idSubmitted", "timestamp": "2025-06-26T12:35:41.884Z", "sessionID": "0a4277c3-2e64-4884-8d52-b324439c7011", "uid": "Participant9"}
{"type": "TaskStarted", "timestamp": "2025-06-26T12:40:42.660Z", "sessionID": "0a4277c3-2e64-4884-8d52-b324439c7011", "task": "1", "uid": "Participant9", "topic": "Placeholder Topic"}
{"type": "queryBoxFocused", "timestamp": "2025-06-26T12:40:45.673Z", "sessionID": "0a4277c3-2e64-4884-8d52-b324439c7011"}
{"type": "querySubmitted", "timestamp": "2025-06-26T12:40:56.245Z", "sessionID": "0a4277c3-2e64-4884-8d52-b324439c7011", "query": "euthanasia"}
{"docno": "S9386f5ef-A142b6bd6", "score": 16.439114959053967}
{"docno": "Sfb69d67d-A8046c35", "score": 16.23458423534693}
{"docno": "S89c45bda-Aaf9cc706", "score": 16.040767871599044}
{"docno": "S9386dc62-A969fbcbd", "score": 15.667108171178173}
{"docno": "S782073eb-A65a21666", "score": 15.635427723309805}
{"docno": "S9386f24d-A7956dc81", "score": 15.6231976967179}
{"docno": "Se21a50a3-Adb2fc3c1", "score": 15.591397901502829}
{"docno": "S89c45bda-Ae3092718", "score": 15.588326761734244}
{"docno": "S9386ee10-A3a6999a1", "score": 15.528794493922394}
{"docno": "S9386f9b0-Afd072d41", "score": 15.486125185024234}
{"docno": "S85c302ef-A2e30aac8", "score": 15.48594985702027}
{"docno": "S89c45bda-A518cb170", "score": 15.467780098604399}
{"docno": "S9386ee6d-A1a19e999", "score": 15.459931217174775}
{"docno": "Scc77eee8-Ad6af2fb2", "score": 15.439440117804688}
{"docno": "Sd2cf3d6f-Ab3b4d965", "score": 15.437934184414981}
{"docno": "Sc5ef2ca1-A113dff96", "score": 15.423775796305561}
{"docno": "Scf4017a5-A4f3e858a", "score": 15.423775796305561}
{"docno": "S89c45bda-Af9606ef1", "score": 15.398990323052894}
{"docno": "S9386ea4f-A1d715d2e", "score": 15.395154132001846}
{"docno": "Scf4017a5-A8a528103", "score": 15.388845109203164}
{"docno": "S89c45bda-Ad6e9de37", "score": 15.385255005454805}
{"docno": "Se21a50a3-A44388d6d", "score": 15.373682231311609}
{"docno": "S9386df88-Aadbacba3", "score": 15.344510992980105}
{"docno": "Sba1566fe-A58a762bf", "score": 15.344510992980105}
{"docno": "S89c45bda-A8f1ac835", "score": 15.324062562043173}
{"docno": "S89c45bda-A78784322", "score": 15.312830527849576}
{"docno": "Scf4022e8-A86e23300", "score": 15.267214923532867}
{"docno": "S2a7a3832-A59095d28", "score": 15.239519404833679}
{"docno": "S2c491c0b-A9f90bf86", "score": 15.236389745303914}
{"docno": "Sd9807bbe-A440c8b1e", "score": 15.189738165614482}
{"docno": "Scf4017a5-A9d712ffb", "score": 15.17811987413139}
{"docno": "S41ed75c9-Ac43d6085", "score": 15.154356116821361}
{"docno": "Sb0c6e7eb-Aded11a42", "score": 15.14059007008355}
{"docno": "Sb0c6e7eb-A82e8e68a", "score": 15.116828088972966}
{"docno": "Sfb69d67d-Ac24b4916", "score": 15.112915791586977}
{"docno": "S89c45bda-Aa49038bd", "score": 15.090377670953167}
{"docno": "S9386ee4e-A5d4ed025", "score": 15.069182843613582}
{"docno": "S9386eb66-Af048ec2c", "score": 15.064019653613062}
{"docno": "S64b2721c-A83ce0e36", "score": 15.05374499500965}
{"docno": "S782073eb-A6866fff6", "score": 14.998078672552229}
{"docno": "S9386f5ef-A706b1cb0", "score": 14.996399653876942}
{"docno": "S9386f5b1-A6a15c82d", "score": 14.950149480722251}
{"docno": "S1e884b3e-A5950e2a1", "score": 14.949396380197278}
{"docno": "S89c45bda-Af1c149cb", "score": 14.947137533794825}
{"docno": "S9386eb09-Adba585b4", "score": 14.93948955442124}
{"docno": "S2d207525-Af913bf38", "score": 14.903360389056068}
{"docno": "S89c45bda-Aab829ef7", "score": 14.899993207407388}
{"docno": "S6626ac2e-Ad4283145", "score": 14.875742986239567}
{"docno": "Sb0114b5-A1159bb1c", "score": 14.856268261572264}
{"docno": "S4d198342-Abae37d7e", "score": 14.855375863996969}
{"docno": "Sb0c6e7eb-A2aa6c69c", "score": 14.853145339033912}
{"docno": "Sd9f50d86-A18ffd494", "score": 14.850915483794022}
{"docno": "S9386dc62-A33e8c532", "score": 14.850915483794022}
{"docno": "S2d902d00-A4282e952", "score": 14.83205523195013}
{"docno": "S46de25-A8d272c46", "score": 14.806591141110266}
{"docno": "Sd11cf82c-Ad4acb267", "score": 14.77264524300797}
{"docno": "S6626ac2e-Ac172cfb6", "score": 14.77132171270631}
{"docno": "S64b2721c-A93b21d9", "score": 14.749906743158078}
{"docno": "S9386f64c-A5dd997e3", "score": 14.714352780008573}
{"docno": "S89c45bda-A6229259f", "score": 14.712164399962587}
{"docno": "S89c45bda-Ac73b3246", "score": 14.712164399962587}
{"docno": "S89c45bda-A62794cc5", "score": 14.668663213737267}
{"docno": "S89c45bda-Ac0f8337e", "score": 14.668663213737267}
{"docno": "S5a6ff38d-A2912aa87", "score": 14.656391103407866}
{"docno": "S9386f24d-Aca2efd07", "score": 14.655276475162049}
{"docno": "S9386e349-Aaa3e331a", "score": 14.643756593691132}
{"docno": "S2a7a37b6-Ab9310030", "score": 14.623256510674219}
{"docno": "S9386e2cd-A4d8ad4b1", "score": 14.578130052124717}
{"docno": "S89c45bda-Ae88ad17b", "score": 14.575982000788356}
{"docno": "S2056de8f-Adfc6f3d0", "score": 14.55781317369053}
{"docno": "Sdcca0397-A4956d566", "score": 14.54000853468613}
{"docno": "S5a468c00-Af56789db", "score": 14.533281251619117}
{"docno": "S9386f26c-Ae97bff70", "score": 14.508831869797104}
{"docno": "S9386e349-A870f7c10", "score": 14.508831869797104}
{"docno": "S6626ac2e-A538c1199", "score": 14.503844884102469}
{"docno": "S64b2721c-Afab20849", "score": 14.503844884102469}
{"docno": "Se21a5046-Ace81c754", "score": 14.500575595180093}
{"docno": "S638e3853-A6c171bff", "score": 14.472648252585977}
{"docno": "Sdae1f9c4-A9e1244d2", "score": 14.465776587534588}
{"docno": "S4d198342-A52dd7ae5", "score": 14.446093942288051}
{"docno": "S4d198342-A38ca16c4", "score": 14.4454610816121}
{"docno": "S9386e349-Ad5ce6a13", "score": 14.442297609789135}
{"docno": "S94c429fc-Ad416f8c5", "score": 14.412407802742223}
{"docno": "Sb0c6e7eb-A1e8fed10", "score": 14.409047365790485}
{"docno": "S9386dc62-A8d6947d3", "score": 14.400375406730989}
{"docno": "S9386eb47-A81813750", "score": 14.376370786701154}
{"docno": "S9386ee10-Ac6aeb092", "score": 14.376370786701154}
{"docno": "S9386e2cd-A127659cb", "score": 14.356612001098956}
{"docno": "S782073eb-Ab0a93fca", "score": 14.351711526351803}
{"docno": "S2d207525-A20c73f62", "score": 14.342091543160645}
{"docno": "S4eb026c3-Aca134b1f", "score": 14.327968710742132}
{"docno": "S782073eb-A2bd086c4", "score": 14.316126737861143}
{"docno": "Sdf37aacb-Ade8cc517", "score": 14.31518505463841}
{"docno": "S66a791f0-A251d3588", "score": 14.314149346168715}
{"docno": "S72c3a1c0-A27a5ff76", "score": 14.311043119770783}
{"docno": "Sc3062aa1-A702d5c47", "score": 14.311043119770783}
{"docno": "S88e3523c-A4194227", "score": 14.290030576468322}
{"docno": "S9386dfc6-A2596194d", "score": 14.28169358102215}
{"docno": "S9386e387-A77994d35", "score": 14.280717976491106}
{"docno": "S9386e387-Aef15e84", "score": 14.267063908624722}
{"type": "toggleArgument", "timestamp": "2025-06-26T12:41:08.613Z", "sessionID": "0a4277c3-2e64-4884-8d52-b324439c7011", "rank": "3", "doc": "S89c45bda-Aaf9cc706", "action": "expand", "doclen": 540, "score": 16.040767871599044}
{"type": "StanceClicked", "timestamp": "2025-06-26T12:41:48.901Z", "sessionID": "0a4277c3-2e64-4884-8d52-b324439c7011", "rank": "3", "stance": "pro", "action": "chooseStance", "doc": "S89c45bda-Aaf9cc706", "doclen": 540, "score": 16.040767871599044}
{"type": "toggleArgument", "timestamp": "2025-06-26T12:42:00.709Z", "sessionID": "0a4277c3-2e64-4884-8d52-b324439c7011", "rank": "4", "doc": "S9386dc62-A969fbcbd", "action": "expand", "doclen": 352, "score": 15.667108171178173}
{"type": "StanceClicked", "timestamp": "2025-06-26T12:42:03.685Z", "sessionID": "0a4277c3-2e64-4884-8d52-b324439c7011", "rank": "4", "stance": "con", "action": "chooseStance", "doc": "S9386dc62-A969fbcbd", "doclen": 352, "score": 15.667108171178173}
{"type": "queryBoxFocused", "timestamp": "2025-06-26T12:42:06.271Z", "sessionID": "0a4277c3-2e64-4884-8d52-b324439c7011"}
{"type": "querySubmitted", "timestamp": "2025-06-26T12:42:13.022Z", "sessionID": "0a4277c3-2e64-4884-8d52-b324439c7011", "query": "euthanasia legal"}
{"docno": "S9386ee6d-A1a19e999", "score": 23.49971545659431}
{"docno": "S89c45bda-Aaf9cc706", "score": 22.834760044420797}
{"docno": "Se21a50a3-A44388d6d", "score": 22.556443776660444}
{"docno": "S9386f24d-A7956dc81", "score": 22.36305289718937}
{"docno": "S46de25-A8d272c46", "score": 21.864068877215956}
{"docno": "S9386ee10-Ac6aeb092", "score": 21.852660147068278}
{"docno": "S9386eb66-Af048ec2c", "score": 21.771876594562293}
{"docno": "Se21a5046-Ace81c754", "score": 21.68408938294531}
{"docno": "Sd2cf3d6f-Ab3b4d965", "score": 21.640172516695838}
{"docno": "Scf4017a5-A7ac8a58a", "score": 21.560532190009045}
{"docno": "S88e3521d-A54801b13", "score": 21.55744113558387}
{"docno": "Sd9f50d86-A18ffd494", "score": 21.397887524827063}
{"docno": "Scf4017a5-A9d712ffb", "score": 21.396807812088433}
{"docno": "Se21a50a3-Adb2fc3c1", "score": 21.31665034742533}
{"docno": "S9386db89-A1a15cfa1", "score": 21.304659256723145}
{"docno": "S32c18ac6-A1baba2a9", "score": 21.27104712603821}
{"docno": "S9386ea4f-A1d715d2e", "score": 21.222255628336857}
{"docno": "Sd9807bbe-A440c8b1e", "score": 21.165671597584254}
{"docno": "S2d207525-Af913bf38", "score": 21.116358328615977}
{"docno": "Sfe13b6d0-A5d6bd8a5", "score": 21.05478831667292}
{"docno": "S9386e349-Aaa3e331a", "score": 21.037380471992375}
{"docno": "S89c45bda-Af9606ef1", "score": 20.929080924092712}
{"docno": "S85c302ef-A2e30aac8", "score": 20.920510524604172}
{"docno": "S9386f26c-Ae97bff70", "score": 20.804153209138974}
{"docno": "S9386e349-A870f7c10", "score": 20.804153209138974}
{"docno": "S6626ac2e-Ac172cfb6", "score": 20.791185240313034}
{"docno": "S2a7a37f4-Ab5a82e2f", "score": 20.78694534613998}
{"docno": "S950a295-Ae4949905", "score": 20.670774231956575}
{"docno": "S9386dfc6-A7ad94219", "score": 20.50021521446699}
{"docno": "S6626ac2e-A538c1199", "score": 20.465967992728604}
{"docno": "Sc3062aa1-A702d5c47", "score": 20.464450671922}
{"docno": "Sdae1f9c4-A9e1244d2", "score": 20.399100689779708}
{"docno": "Sfe13b6d0-Ad71624fc", "score": 20.298839972473445}
{"docno": "S9386f64c-A5dd997e3", "score": 20.28204244375228}
{"docno": "S9386dfc6-A1cfe8890", "score": 20.278965135942542}
{"docno": "S6626ac2e-Ad4283145", "score": 20.226876102434787}
{"docno": "S89c45bda-Ac0f8337e", "score": 20.198753814777085}
{"docno": "Sbbce1e09-A2c843d9a", "score": 20.195400761783986}
{"docno": "Sb0c6e7eb-A17bbd2bc", "score": 20.193423551620498}
{"docno": "Sd11cf82c-Ad4acb267", "score": 20.14775340659325}
{"docno": "S2a7a37b6-Ab9310030", "score": 20.116252461747898}
{"docno": "Sb280a10e-A9297a1dd", "score": 20.11537238613773}
{"docno": "Sf1f121d0-A66126126", "score": 20.101816832406097}
{"docno": "S6626ac2e-A896f79e", "score": 20.033879052631995}
{"docno": "S2a7a3832-A4689a0f", "score": 19.97327485133204}
{"docno": "Scf4017a5-A8a528103", "score": 19.962861018138476}
{"docno": "Se5dc1bba-A66ccd897", "score": 19.946365155538615}
{"docno": "Scc77eee8-Ac3cc3596", "score": 19.81916079636101}
{"docno": "S82f36b90-Adf28f884", "score": 19.78545990031794}
{"docno": "S9386f5b1-A6a15c82d", "score": 19.78047658103715}
{"docno": "S561f3f07-A47d6e671", "score": 19.778918430636534}
{"docno": "S311e572a-A5ea4ed80", "score": 19.721154934684034}
{"docno": "Sfaec40a-A4ea47148", "score": 19.720686214229744}
{"docno": "S89c45bda-A43cb80f8", "score": 19.715774953453433}
{"docno": "Sba1566fe-A360f3f74", "score": 19.71092310245944}
{"docno": "S64b2721c-A93b21d9", "score": 19.680639777399367}
{"docno": "S1e884b5d-A6e8d847e", "score": 19.60658703537908}
{"docno": "S1e884b3e-A8eca712f", "score": 19.53554229600593}
{"docno": "S1e884b3e-A97c6025e", "score": 19.447288202448743}
{"docno": "S9386dc24-A6dc7f4d8", "score": 19.447288202448743}
{"docno": "Sb0c6e7eb-A82e8e68a", "score": 19.42499560307026}
{"docno": "Se21a50a3-A8ed0f762", "score": 19.376093039222347}
{"docno": "Sb0114b5-A1159bb1c", "score": 19.354901884713243}
{"docno": "Se21a5084-A6054b4d6", "score": 19.313376639900774}
{"docno": "S9386df4a-A175752bc", "score": 19.313376639900774}
{"docno": "S9386dfc6-A9ac7f5c3", "score": 19.297984285922816}
{"docno": "Sd80382e8-A9ca14470", "score": 19.290557037706115}
{"docno": "S9386f9b0-A19b76781", "score": 19.290557037706115}
{"docno": "S9386df88-Aadbacba3", "score": 19.20577430989306}
{"docno": "S9386eacb-A3be0422c", "score": 19.18330231532521}
{"docno": "S9386e349-A59fe80ee", "score": 19.136331956796752}
{"docno": "S4d198342-A38ca16c4", "score": 19.122730217107733}
{"docno": "S94c429fc-Ad416f8c5", "score": 19.063113701744204}
{"docno": "Sd695a71e-A892c9387", "score": 19.038368128279544}
{"docno": "S6626ac2e-A2e85b1a9", "score": 19.02934272571308}
{"docno": "S290de80f-Acecc48b0", "score": 19.023500058483737}
{"docno": "S9e1db4e2-A77c616ac", "score": 19.023500058483737}
{"docno": "Sbdcebe60-A78ac3a3c", "score": 18.98455332917613}
{"docno": "S4d198342-Abae37d7e", "score": 18.927867455982906}
{"docno": "S2a7a3797-A47c47481", "score": 18.89377802457262}
{"docno": "Sd11cf82c-A88418422", "score": 18.747592419122725}
{"docno": "S390f1979-Ae2a9e651", "score": 18.741192194774342}
{"docno": "Se21a5046-A307c4d0a", "score": 18.6881062230364}
{"docno": "Sfe13b6d0-A76518d87", "score": 18.643596717754008}
{"docno": "Sb280a10e-Af13eefa9", "score": 18.596434339217097}
{"docno": "Sc13c0a01-A738aefc5", "score": 18.543327578432233}
{"docno": "S92fc7810-A35016001", "score": 18.512269853535592}
{"docno": "S2d207525-A20c73f62", "score": 18.415550550504207}
{"docno": "Sc13c0a01-Aaa71f6f8", "score": 18.277025527139106}
{"docno": "Se21a5027-A93f5d3e1", "score": 18.261878961279304}
{"docno": "Sfbc5207f-A8f208a6f", "score": 18.260397297628774}
{"docno": "S6dbd1f79-A3cfd533c", "score": 18.260397297628774}
{"docno": "Sdccf7263-Ad86e7e15", "score": 18.260397297628774}
{"docno": "S9386e349-Aa7a7d78f", "score": 18.260397297628774}
{"docno": "S2782977f-A75708958", "score": 18.251891024334604}
{"docno": "S4eb026c3-Aca134b1f", "score": 18.171972391935828}
{"docno": "Sbdcebe60-A8b1117bd", "score": 18.122145313441838}
{"docno": "Se87e5b48-A8e8a34c9", "score": 18.1187573627824}
{"docno": "S9386dfc6-A4070c2bd", "score": 18.117019342237903}
{"docno": "S311e5749-Af62b00c9", "score": 18.048336923963006}
{"type": "toggleArgument", "timestamp": "2025-06-26T12:42:30.140Z", "sessionID": "0a4277c3-2e64-4884-8d52-b324439c7011", "rank": "1", "doc": "S9386ee6d-A1a19e999", "action": "expand", "doclen": 1089, "score": 15.459931217174775}
{"type": "StanceClicked", "timestamp": "2025-06-26T12:42:58.869Z", "sessionID": "0a4277c3-2e64-4884-8d52-b324439c7011", "rank": "1", "stance": "pro", "action": "chooseStance", "doc": "S9386ee6d-A1a19e999", "doclen": 1089, "score": 15.459931217174775}
{"type": "toggleArgument", "timestamp": "2025-06-26T12:43:03.821Z", "sessionID": "0a4277c3-2e64-4884-8d52-b324439c7011", "rank": "4", "doc": "S9386f24d-A7956dc81", "action": "expand", "doclen": 2473, "score": 15.6231976967179}
{"type": "StanceClicked", "timestamp": "2025-06-26T12:44:06.613Z", "sessionID": "0a4277c3-2e64-4884-8d52-b324439c7011", "rank": "4", "stance": "pro", "action": "chooseStance", "doc": "S9386f24d-A7956dc81", "doclen": 2473, "score": 15.6231976967179}
{"type": "toggleArgument", "timestamp": "2025-06-26T12:44:12.309Z", "sessionID": "0a4277c3-2e64-4884-8d52-b324439c7011", "rank": "6", "doc": "S9386ee10-Ac6aeb092", "action": "expand", "doclen": 256, "score": 14.376370786701154}
{"type": "toggleArgument", "timestamp": "2025-06-26T12:44:35.309Z", "sessionID": "0a4277c3-2e64-4884-8d52-b324439c7011", "rank": "7", "doc": "S9386eb66-Af048ec2c", "action": "expand", "doclen": 107, "score": 15.064019653613062}
{"type": "toggleArgument", "timestamp": "2025-06-26T12:44:37.717Z", "sessionID": "0a4277c3-2e64-4884-8d52-b324439c7011", "rank": "8", "doc": "Se21a5046-Ace81c754", "action": "expand", "doclen": 2471, "score": 14.500575595180093}
{"type": "StanceClicked", "timestamp": "2025-06-26T12:44:51.957Z", "sessionID": "0a4277c3-2e64-4884-8d52-b324439c7011", "rank": "8", "stance": "pro", "action": "chooseStance", "doc": "Se21a5046-Ace81c754", "doclen": 2471, "score": 14.500575595180093}
{"type": "toggleArgument", "timestamp": "2025-06-26T12:45:02.165Z", "sessionID": "0a4277c3-2e64-4884-8d52-b324439c7011", "rank": "9", "doc": "Sd2cf3d6f-Ab3b4d965", "action": "expand", "doclen": 757, "score": 15.437934184414981}
{"type": "toggleArgument", "timestamp": "2025-06-26T12:45:23.182Z", "sessionID": "0a4277c3-2e64-4884-8d52-b324439c7011", "rank": "10", "doc": "Scf4017a5-A7ac8a58a", "action": "expand", "doclen": 582, "score": 21.560532190009045}
{"type": "toggleArgument", "timestamp": "2025-06-26T12:45:28.142Z", "sessionID": "0a4277c3-2e64-4884-8d52-b324439c7011", "rank": "3", "doc": "Se21a50a3-A44388d6d", "action": "expand", "doclen": 1021, "score": 15.373682231311609}
{"type": "pageNavigationClicked", "timestamp": "2025-06-26T12:45:56.630Z", "sessionID": "0a4277c3-2e64-4884-8d52-b324439c7011", "clicked": "2", "fromPage": 1, "toPage": 2}
{"type": "toggleArgument", "timestamp": "2025-06-26T12:46:13.695Z", "sessionID": "0a4277c3-2e64-4884-8d52-b324439c7011", "rank": "14", "doc": "Se21a50a3-Adb2fc3c1", "action": "expand", "doclen": 972, "score": 15.591397901502829}
{"type": "StanceClicked", "timestamp": "2025-06-26T12:46:32.783Z", "sessionID": "0a4277c3-2e64-4884-8d52-b324439c7011", "rank": "14", "stance": "pro", "action": "chooseStance", "doc": "Se21a50a3-Adb2fc3c1", "doclen": 972, "score": 15.591397901502829}
{"type": "toggleArgument", "timestamp": "2025-06-26T12:46:37.791Z", "sessionID": "0a4277c3-2e64-4884-8d52-b324439c7011", "rank": "15", "doc": "S9386db89-A1a15cfa1", "action": "expand", "doclen": 575, "score": 21.304659256723145}
{"type": "StanceClicked", "timestamp": "2025-06-26T12:46:58.687Z", "sessionID": "0a4277c3-2e64-4884-8d52-b324439c7011", "rank": "15", "stance": "con", "action": "chooseStance", "doc": "S9386db89-A1a15cfa1", "doclen": 575, "score": 21.304659256723145}
{"type": "toggleArgument", "timestamp": "2025-06-26T12:47:08.944Z", "sessionID": "0a4277c3-2e64-4884-8d52-b324439c7011", "rank": "20", "doc": "Sfe13b6d0-A5d6bd8a5", "action": "expand", "doclen": 697, "score": 21.05478831667292}
{"type": "toggleArgument", "timestamp": "2025-06-26T12:47:42.448Z", "sessionID": "0a4277c3-2e64-4884-8d52-b324439c7011", "rank": "19", "doc": "S2d207525-Af913bf38", "action": "expand", "doclen": 2230, "score": 14.903360389056068}
{"type": "StanceClicked", "timestamp": "2025-06-26T12:47:51.888Z", "sessionID": "0a4277c3-2e64-4884-8d52-b324439c7011", "rank": "19", "stance": "con", "action": "chooseStance", "doc": "S2d207525-Af913bf38", "doclen": 2230, "score": 14.903360389056068}
{"type": "queryBoxFocused", "timestamp": "2025-06-26T12:48:11.404Z", "sessionID": "0a4277c3-2e64-4884-8d52-b324439c7011"}
{"type": "querySubmitted", "timestamp": "2025-06-26T12:48:18.545Z", "sessionID": "0a4277c3-2e64-4884-8d52-b324439c7011", "query": "euthanasia illegal"}
{"docno": "S9386f9b0-Afd072d41", "score": 22.71874860328716}
{"docno": "Scc77eee8-Ad6af2fb2", "score": 22.461863588327972}
{"docno": "Se21a50a3-A44388d6d", "score": 22.095921928986204}
{"docno": "S89c45bda-A8f1ac835", "score": 21.641045343812365}
{"docno": "S64b2721c-Afab20849", "score": 21.40631889203013}
{"docno": "S41ed75c9-Ac43d6085", "score": 21.283361371287214}
{"docno": "Scc77eee8-A3ad86249", "score": 20.961661199153212}
{"docno": "Scf4017a5-A8a528103", "score": 20.684278522443904}
{"docno": "S64b2721c-A93b21d9", "score": 20.45831899644403}
{"docno": "Sb0c6e7eb-A82e8e68a", "score": 20.104483282612076}
{"docno": "S9386e748-Ac5c5dcd4", "score": 20.064095228479296}
{"docno": "S6626ac2e-Ac172cfb6", "score": 19.893719734589386}
{"docno": "S9386dfc6-A1cfe8890", "score": 19.70042817112583}
{"docno": "Se21a5046-A307c4d0a", "score": 19.696513774208498}
{"docno": "S2d207525-Af913bf38", "score": 19.666677115496057}
{"docno": "S7d51d9aa-A56289ec4", "score": 19.504164228134723}
{"docno": "S9386dc24-A170bb2ca", "score": 19.45146110924204}
{"docno": "S2a7a3832-A59095d28", "score": 19.28964760603766}
{"docno": "S9386ea8d-A2fc24bf4", "score": 18.93925603980695}
{"docno": "Sc7d0081e-Afb62e9ca", "score": 18.671757151363686}
{"docno": "S32c18ac6-A63f880f1", "score": 18.594781897472302}
{"docno": "S9386ea8d-A885d3c0b", "score": 18.47471841374059}
{"docno": "S2a7a37f4-Ab5a82e2f", "score": 18.30204812616614}
{"docno": "Sa22c2233-A813f4634", "score": 18.215392138480137}
{"docno": "S32c18ac6-A8f1b3bdc", "score": 18.070132758450196}
{"docno": "S782073eb-A377c548a", "score": 18.061865359920976}
{"docno": "S9386f9b0-A68655f6b", "score": 17.79881035203678}
{"docno": "S6626ac2e-A896f79e", "score": 17.72019207528497}
{"docno": "S9386f9b0-A2e8f7e96", "score": 17.60099635775231}
{"docno": "Se21a5065-A5bf7f74a", "score": 17.54205815856538}
{"docno": "Sb280a10e-A9297a1dd", "score": 17.45873712147715}
{"docno": "S7d51d9aa-A5169acc8", "score": 17.152100004603888}
{"docno": "S6626ac2e-A53f3eb8f", "score": 17.141319076438833}
{"docno": "S32c18ac6-A396e8eb9", "score": 17.130832348429013}
{"docno": "S4eb026c3-Aca134b1f", "score": 17.123930406388833}
{"docno": "S1e884b3e-A765e7c6b", "score": 16.81536377855976}
{"docno": "Sb280a10e-A18922342", "score": 16.596105027049212}
{"docno": "S9386df88-A11e13dbb", "score": 16.527638712273884}
{"docno": "S9386f5ef-A142b6bd6", "score": 16.439114959053967}
{"docno": "S64e91157-Acb6378f9", "score": 16.354523639953534}
{"docno": "Sc13c0a01-Aaf4eaa35", "score": 16.329321633330895}
{"docno": "Sfb69d67d-A8046c35", "score": 16.23458423534693}
{"docno": "S390f1979-A60b3cceb", "score": 16.155268302780215}
{"docno": "S9386eacb-Ab466580e", "score": 16.09884060487099}
{"docno": "S89c45bda-Aaf9cc706", "score": 16.040767871599044}
{"docno": "S9386dc62-A969fbcbd", "score": 15.667108171178173}
{"docno": "S782073eb-A65a21666", "score": 15.635427723309805}
{"docno": "S1c010e1b-Abde7a524", "score": 15.627250808797566}
{"docno": "S9386f24d-A7956dc81", "score": 15.6231976967179}
{"docno": "Se21a50a3-Adb2fc3c1", "score": 15.591397901502829}
{"docno": "S89c45bda-Ae3092718", "score": 15.588326761734244}
{"docno": "S9386ee10-A3a6999a1", "score": 15.528794493922394}
{"docno": "S85c302ef-A2e30aac8", "score": 15.48594985702027}
{"docno": "S89c45bda-A518cb170", "score": 15.467780098604399}
{"docno": "S9386ee6d-A1a19e999", "score": 15.459931217174775}
{"docno": "Sd2cf3d6f-Ab3b4d965", "score": 15.437934184414981}
{"docno": "Sc5ef2ca1-A113dff96", "score": 15.423775796305561}
{"docno": "Scf4017a5-A4f3e858a", "score": 15.423775796305561}
{"docno": "S89c45bda-Af9606ef1", "score": 15.398990323052894}
{"docno": "S9386ea4f-A1d715d2e", "score": 15.395154132001846}
{"docno": "Sd530618e-Ad920d69c", "score": 15.38680139279834}
{"docno": "S89c45bda-Ad6e9de37", "score": 15.385255005454805}
{"docno": "S9386df88-Aadbacba3", "score": 15.344510992980105}
{"docno": "Sba1566fe-A58a762bf", "score": 15.344510992980105}
{"docno": "S89c45bda-A78784322", "score": 15.312830527849576}
{"docno": "Scf4022e8-A86e23300", "score": 15.267214923532867}
{"docno": "S2c491c0b-A9f90bf86", "score": 15.236389745303914}
{"docno": "S9fa39f2d-A7a2dc8dd", "score": 15.222029771923136}
{"docno": "Sd9807bbe-A440c8b1e", "score": 15.189738165614482}
{"docno": "Scf4017a5-A9d712ffb", "score": 15.17811987413139}
{"docno": "Sb0c6e7eb-Aded11a42", "score": 15.14059007008355}
{"docno": "Sfb69d67d-Ac24b4916", "score": 15.112915791586977}
{"docno": "S89c45bda-Aa49038bd", "score": 15.090377670953167}
{"docno": "S9386ee4e-A5d4ed025", "score": 15.069182843613582}
{"docno": "S65f32c56-A442465e1", "score": 15.068228245029212}
{"docno": "S9386eb66-Af048ec2c", "score": 15.064019653613062}
{"docno": "Sfad05e94-Ab85fb66c", "score": 15.056710279745989}
{"docno": "S64b2721c-A83ce0e36", "score": 15.05374499500965}
{"docno": "S782073eb-A6866fff6", "score": 14.998078672552229}
{"docno": "S9386f5ef-A706b1cb0", "score": 14.996399653876942}
{"docno": "S9386f5b1-A6a15c82d", "score": 14.950149480722251}
{"docno": "S1e884b3e-A5950e2a1", "score": 14.949396380197278}
{"docno": "S89c45bda-Af1c149cb", "score": 14.947137533794825}
{"docno": "S9386eb09-Adba585b4", "score": 14.93948955442124}
{"docno": "S89c45bda-Aab829ef7", "score": 14.899993207407388}
{"docno": "S6626ac2e-Ad4283145", "score": 14.875742986239567}
{"docno": "Sb0114b5-A1159bb1c", "score": 14.856268261572264}
{"docno": "S4d198342-Abae37d7e", "score": 14.855375863996969}
{"docno": "Sb0c6e7eb-A2aa6c69c", "score": 14.853145339033912}
{"docno": "Sd9f50d86-A18ffd494", "score": 14.850915483794022}
{"docno": "S9386dc62-A33e8c532", "score": 14.850915483794022}
{"docno": "S2d902d00-A4282e952", "score": 14.83205523195013}
{"docno": "S46de25-A8d272c46", "score": 14.806591141110266}
{"docno": "Sd11cf82c-Ad4acb267", "score": 14.77264524300797}
{"docno": "S9386f64c-A5dd997e3", "score": 14.714352780008573}
{"docno": "S89c45bda-A6229259f", "score": 14.712164399962587}
{"docno": "S89c45bda-Ac73b3246", "score": 14.712164399962587}
{"docno": "S89c45bda-A62794cc5", "score": 14.668663213737267}
{"docno": "S89c45bda-Ac0f8337e", "score": 14.668663213737267}
{"docno": "S5a6ff38d-A2912aa87", "score": 14.656391103407866}
{"type": "toggleArgument", "timestamp": "2025-06-26T12:48:23.121Z", "sessionID": "0a4277c3-2e64-4884-8d52-b324439c7011", "rank": "1", "doc": "S9386f9b0-Afd072d41", "action": "expand", "doclen": 236, "score": 15.486125185024234}
{"type": "toggleArgument", "timestamp": "2025-06-26T12:48:25.377Z", "sessionID": "0a4277c3-2e64-4884-8d52-b324439c7011", "rank": "2", "doc": "Scc77eee8-Ad6af2fb2", "action": "expand", "doclen": 2916, "score": 15.439440117804688}
{"type": "StanceClicked", "timestamp": "2025-06-26T12:48:42.778Z", "sessionID": "0a4277c3-2e64-4884-8d52-b324439c7011", "rank": "2", "stance": "pro", "action": "chooseStance", "doc": "Scc77eee8-Ad6af2fb2", "doclen": 2916, "score": 15.439440117804688}
{"type": "queryBoxFocused", "timestamp": "2025-06-26T12:49:09.044Z", "sessionID": "0a4277c3-2e64-4884-8d52-b324439c7011"}
{"type": "querySubmitted", "timestamp": "2025-06-26T12:49:14.868Z", "sessionID": "0a4277c3-2e64-4884-8d52-b324439c7011", "query": "euthanasia ban"}
{"docno": "Scc77eee8-Ad6af2fb2", "score": 23.853000169735033}
{"docno": "Scc77eee8-Ac3cc3596", "score": 22.391632595330606}
{"docno": "Sb280a10e-Af13eefa9", "score": 22.144222080487932}
{"docno": "S94c429fc-A93a2908b", "score": 21.90710277520774}
{"docno": "Sd23e2d02-A16be7552", "score": 21.898751534295386}
{"docno": "S9386e748-Ac5c5dcd4", "score": 21.88302777270117}
{"docno": "S9386ee10-A3a6999a1", "score": 21.540244228876933}
{"docno": "S4d198342-A52dd7ae5", "score": 21.179079341807366}
{"docno": "Sb280a10e-Ae9ae74b1", "score": 20.44709038863209}
{"docno": "Sba1566fe-A58a762bf", "score": 19.853669052530627}
{"docno": "S94c429fc-Ad416f8c5", "score": 19.843471748893894}
{"docno": "S9386f5ef-A142b6bd6", "score": 19.553296932186043}
{"docno": "Sa22c2233-A813f4634", "score": 18.259719619032317}
{"docno": "S4549088a-A27f58c3a", "score": 18.119448658896562}
{"docno": "S2782977f-A75708958", "score": 17.69973764187862}
{"docno": "Sc011178b-A3cdc664e", "score": 17.653908683682758}
{"docno": "S4d198342-Aa7c7622c", "score": 17.566484764722752}
{"docno": "S9386eaea-Ac0f315d3", "score": 17.466907400293884}
{"docno": "S1e884b3e-A9ff13fd0", "score": 17.41645871821234}
{"docno": "S1e884b3e-A765e7c6b", "score": 16.842137561773658}
{"docno": "Sfe13b6d0-A76518d87", "score": 16.661744141980137}
{"docno": "S1e884b3e-A8bbf56f2", "score": 16.451245388860087}
{"docno": "Sfb69d67d-A8046c35", "score": 16.23458423534693}
{"docno": "S89c45bda-Aaf9cc706", "score": 16.040767871599044}
{"docno": "S9386dc62-A969fbcbd", "score": 15.667108171178173}
{"docno": "S782073eb-A65a21666", "score": 15.635427723309805}
{"docno": "S9386f24d-A7956dc81", "score": 15.6231976967179}
{"docno": "Se21a50a3-Adb2fc3c1", "score": 15.591397901502829}
{"docno": "S89c45bda-Ae3092718", "score": 15.588326761734244}
{"docno": "S9386f9b0-Afd072d41", "score": 15.486125185024234}
{"docno": "S85c302ef-A2e30aac8", "score": 15.48594985702027}
{"docno": "S89c45bda-A518cb170", "score": 15.467780098604399}
{"docno": "S9386ee6d-A1a19e999", "score": 15.459931217174775}
{"docno": "Sd2cf3d6f-Ab3b4d965", "score": 15.437934184414981}
{"docno": "Sd530618e-Ad920d69c", "score": 15.423784662104016}
{"docno": "Sc5ef2ca1-A113dff96", "score": 15.423775796305561}
{"docno": "Scf4017a5-A4f3e858a", "score": 15.423775796305561}
{"docno": "S89c45bda-Af9606ef1", "score": 15.398990323052894}
{"docno": "S9386ea4f-A1d715d2e", "score": 15.395154132001846}
{"docno": "Scf4017a5-A8a528103", "score": 15.388845109203164}
{"docno": "S89c45bda-Ad6e9de37", "score": 15.385255005454805}
{"docno": "Se21a50a3-A44388d6d", "score": 15.373682231311609}
{"docno": "S9386df88-Aadbacba3", "score": 15.344510992980105}
{"docno": "S89c45bda-A8f1ac835", "score": 15.324062562043173}
{"docno": "S89c45bda-A78784322", "score": 15.312830527849576}
{"docno": "Scf4022e8-A86e23300", "score": 15.267214923532867}
{"docno": "S2a7a3832-A59095d28", "score": 15.239519404833679}
{"docno": "S2c491c0b-A9f90bf86", "score": 15.236389745303914}
{"docno": "Sd9807bbe-A440c8b1e", "score": 15.189738165614482}
{"docno": "Scf4017a5-A9d712ffb", "score": 15.17811987413139}
{"docno": "S41ed75c9-Ac43d6085", "score": 15.154356116821361}
{"docno": "Sb0c6e7eb-Aded11a42", "score": 15.14059007008355}
{"docno": "Sb0c6e7eb-A82e8e68a", "score": 15.116828088972966}
{"docno": "Sfb69d67d-Ac24b4916", "score": 15.112915791586977}
{"docno": "S89c45bda-Aa49038bd", "score": 15.090377670953167}
{"docno": "S9386ee4e-A5d4ed025", "score": 15.069182843613582}
{"docno": "S9386eb66-Af048ec2c", "score": 15.064019653613062}
{"docno": "S64b2721c-A83ce0e36", "score": 15.05374499500965}
{"docno": "S782073eb-A6866fff6", "score": 14.998078672552229}
{"docno": "S9386f5ef-A706b1cb0", "score": 14.996399653876942}
{"docno": "S9386f5b1-A6a15c82d", "score": 14.950149480722251}
{"docno": "S1e884b3e-A5950e2a1", "score": 14.949396380197278}
{"docno": "S89c45bda-Af1c149cb", "score": 14.947137533794825}
{"docno": "S9386eb09-Adba585b4", "score": 14.93948955442124}
{"docno": "S2d207525-Af913bf38", "score": 14.903360389056068}
{"docno": "S89c45bda-Aab829ef7", "score": 14.899993207407388}
{"docno": "S6626ac2e-Ad4283145", "score": 14.875742986239567}
{"docno": "Sb0114b5-A1159bb1c", "score": 14.856268261572264}
{"docno": "S4d198342-Abae37d7e", "score": 14.855375863996969}
{"docno": "Sb0c6e7eb-A2aa6c69c", "score": 14.853145339033912}
{"docno": "Sd9f50d86-A18ffd494", "score": 14.850915483794022}
{"docno": "S9386dc62-A33e8c532", "score": 14.850915483794022}
{"docno": "S2d902d00-A4282e952", "score": 14.83205523195013}
{"docno": "S46de25-A8d272c46", "score": 14.806591141110266}
{"docno": "Sd11cf82c-Ad4acb267", "score": 14.77264524300797}
{"docno": "S6626ac2e-Ac172cfb6", "score": 14.77132171270631}
{"docno": "S64b2721c-A93b21d9", "score": 14.749906743158078}
{"docno": "S9386f64c-A5dd997e3", "score": 14.714352780008573}
{"docno": "S89c45bda-A6229259f", "score": 14.712164399962587}
{"docno": "S89c45bda-Ac73b3246", "score": 14.712164399962587}
{"docno": "S89c45bda-A62794cc5", "score": 14.668663213737267}
{"docno": "S89c45bda-Ac0f8337e", "score": 14.668663213737267}
{"docno": "S5a6ff38d-A2912aa87", "score": 14.656391103407866}
{"docno": "S9386f24d-Aca2efd07", "score": 14.655276475162049}
{"docno": "S9386e349-Aaa3e331a", "score": 14.643756593691132}
{"docno": "S2a7a37b6-Ab9310030", "score": 14.623256510674219}
{"docno": "S9386e2cd-A4d8ad4b1", "score": 14.578130052124717}
{"docno": "S89c45bda-Ae88ad17b", "score": 14.575982000788356}
{"docno": "S2056de8f-Adfc6f3d0", "score": 14.55781317369053}
{"docno": "Sdcca0397-A4956d566", "score": 14.54000853468613}
{"docno": "S5a468c00-Af56789db", "score": 14.533281251619117}
{"docno": "S9386f26c-Ae97bff70", "score": 14.508831869797104}
{"docno": "S9386e349-A870f7c10", "score": 14.508831869797104}
{"docno": "S6626ac2e-A538c1199", "score": 14.503844884102469}
{"docno": "S64b2721c-Afab20849", "score": 14.503844884102469}
{"docno": "Se21a5046-Ace81c754", "score": 14.500575595180093}
{"docno": "S638e3853-A6c171bff", "score": 14.472648252585977}
{"docno": "Sdae1f9c4-A9e1244d2", "score": 14.465776587534588}
{"docno": "S4d198342-A38ca16c4", "score": 14.4454610816121}
{"docno": "S9386e349-Ad5ce6a13", "score": 14.442297609789135}
{"type": "toggleArgument", "timestamp": "2025-06-26T12:49:21.075Z", "sessionID": "0a4277c3-2e64-4884-8d52-b324439c7011", "rank": "2", "doc": "Scc77eee8-Ac3cc3596", "action": "expand", "doclen": 334, "score": 19.81916079636101}
{"type": "toggleArgument", "timestamp": "2025-06-26T12:49:42.763Z", "sessionID": "0a4277c3-2e64-4884-8d52-b324439c7011", "rank": "10", "doc": "Sba1566fe-A58a762bf", "action": "expand", "doclen": 1153, "score": 15.344510992980105}
{"type": "pageNavigationClicked", "timestamp": "2025-06-26T12:49:49.283Z", "sessionID": "0a4277c3-2e64-4884-8d52-b324439c7011", "clicked": "2", "fromPage": 1, "toPage": 2}
{"type": "toggleArgument", "timestamp": "2025-06-26T12:49:53.859Z", "sessionID": "0a4277c3-2e64-4884-8d52-b324439c7011", "rank": "12", "doc": "S9386f5ef-A142b6bd6", "action": "expand", "doclen": 2135, "score": 16.439114959053967}
{"type": "StanceClicked", "timestamp": "2025-06-26T12:50:17.780Z", "sessionID": "0a4277c3-2e64-4884-8d52-b324439c7011", "rank": "12", "stance": "con", "action": "chooseStance", "doc": "S9386f5ef-A142b6bd6", "doclen": 2135, "score": 16.439114959053967}
{"type": "toggleArgument", "timestamp": "2025-06-26T12:50:31.403Z", "sessionID": "0a4277c3-2e64-4884-8d52-b324439c7011", "rank": "15", "doc": "S2782977f-A75708958", "action": "expand", "doclen": 2702, "score": 18.251891024334604}
{"type": "ClickedEndTask", "timestamp": "2025-06-26T12:51:05.108Z", "sessionID": "0a4277c3-2e64-4884-8d52-b324439c7011"}
{"type": "TaskEndConfirmed", "timestamp": "2025-06-26T12:51:09.715Z", "sessionID": "0a4277c3-2e64-4884-8d52-b324439c7011"}
{"type": "TaskEnded", "timestamp": "2025-06-26T12:52:36.837Z", "sessionID": "0a4277c3-2e64-4884-8d52-b324439c7011", "reason": "Topic 12\nTime was up, but most of the arguments were generally the same so i wouldn't have continued anyway", "translated_reason": "Topic 12\nTime was up, but Most of the Arguments Were Generally the Same So I wouldn't have continued anyway"}
