{"type": "idSubmitted", "timestamp": "2025-06-26T10:08:12.506Z", "sessionID": "c48f30aa-2331-4f2e-bb6e-b4c0dd28b689", "uid": "Participant50"}
{"type": "TaskStarted", "timestamp": "2025-06-26T10:09:27.198Z", "sessionID": "c48f30aa-2331-4f2e-bb6e-b4c0dd28b689", "task": "1", "uid": "Participant50", "topic": "Can alternative energy effectively replace fossil fuels?"}
{"type": "queryBoxFocused", "timestamp": "2025-06-26T10:09:32.697Z", "sessionID": "c48f30aa-2331-4f2e-bb6e-b4c0dd28b689"}
{"type": "querySubmitted", "timestamp": "2025-06-26T10:09:51.435Z", "sessionID": "c48f30aa-2331-4f2e-bb6e-b4c0dd28b689", "query": "alternative energy fossil fuels"}
{"docno": "S1baa36a6-Aa4b2f901", "score": 47.56652040163249}
{"docno": "S8fdcc598-Acdae4e26", "score": 43.26591479967707}
{"docno": "S6e782a7f-Af9399e46", "score": 39.34170309277287}
{"docno": "S8706d0e3-Aae31b6bf", "score": 39.26057562758774}
{"docno": "S8fdcc598-A43e16fea", "score": 39.0209523440474}
{"docno": "S1baa36a6-Ac0bf4bed", "score": 38.89486908974413}
{"docno": "Sdee205c0-Ae44e39f6", "score": 38.894181074936995}
{"docno": "S74a77292-A5a2ce3bf", "score": 38.47192593432565}
{"docno": "S8b68ae4-Ad09a0795", "score": 37.46413562406864}
{"docno": "S4c6aab06-A82a12ec6", "score": 37.35729526470278}
{"docno": "Sb4dd79cd-A7edad33b", "score": 37.061228295938015}
{"docno": "Sbb33e2d6-A77bfb204", "score": 36.84105205802208}
{"docno": "S4911d42e-A73664204", "score": 36.08061407375615}
{"docno": "S43533c49-Ae2964e60", "score": 36.038059370862044}
{"docno": "S9d6aeb41-A5e7380a5", "score": 35.566420641503896}
{"docno": "Se31bfa66-A29dccb3f", "score": 35.26064793549496}
{"docno": "S4c6aab06-Ab78242a9", "score": 35.11632216601869}
{"docno": "S148bb110-Ae875f471", "score": 34.96222595254285}
{"docno": "S4911d42e-A54a3d4e3", "score": 34.94577462221479}
{"docno": "Sd7bf3b30-Aeba3469a", "score": 34.79535260797237}
{"docno": "S9bc8d269-Aa2f5b865", "score": 34.687960475406214}
{"docno": "Sb4dd79cd-A414ad7e1", "score": 34.54143694510505}
{"docno": "Sa0c49422-Ad734ffa5", "score": 34.29121416636307}
{"docno": "S6e782a7f-A1f7e6056", "score": 34.20110965554467}
{"docno": "Sbb33e2d6-A4507e919", "score": 33.95485458526156}
{"docno": "Sd258aeb1-A4c0071e6", "score": 33.89551449876713}
{"docno": "S4c6aab06-Aaa46022a", "score": 33.747828724305116}
{"docno": "S7983ff18-A9ce614c1", "score": 33.66395239150808}
{"docno": "Se91be287-Ad7caa1c3", "score": 33.65369116879985}
{"docno": "S8bd07da7-Aa91fdc94", "score": 33.61429974423295}
{"docno": "S2c6ce6a7-Ac789a2c2", "score": 33.52273453122394}
{"docno": "Sde8ec542-A24bed0cf", "score": 33.48098637451718}
{"docno": "S16850e2-A8225cd78", "score": 33.31395737837426}
{"docno": "S3af9364a-A34579f2e", "score": 33.17909443989415}
{"docno": "Sdfa2550c-A2cc92922", "score": 33.00031777593967}
{"docno": "S33af2d02-A4b1f9da2", "score": 33.00031777593967}
{"docno": "Sf8fc8c9e-A2a62c1f9", "score": 32.97219236597635}
{"docno": "S29e8ec75-Abe481205", "score": 32.914643287168886}
{"docno": "S31698916-A9824005f", "score": 32.863690922369415}
{"docno": "Sdee205c0-A7e51810", "score": 32.775538357193966}
{"docno": "Sff095b00-Ac57f7384", "score": 32.77438184852845}
{"docno": "S8b68ae4-A25e6503e", "score": 32.68166732644501}
{"docno": "Sa0c49403-Aeb3168ef", "score": 32.625241599100704}
{"docno": "S83ae40a2-Ad3cfd561", "score": 32.55166259431835}
{"docno": "S4bb40bff-Ae5335e37", "score": 32.40446424124814}
{"docno": "Se31bfa66-A11d1f42e", "score": 32.27743963497598}
{"docno": "Scf368ef2-A3a6d9bb4", "score": 32.25673654523759}
{"docno": "S148bb110-A54da8965", "score": 32.128174742145845}
{"docno": "S4c6aab06-Af7945601", "score": 32.125864071483925}
{"docno": "S653f0284-Afaeb6f0f", "score": 31.922744299396317}
{"docno": "S5f3b3fcb-A67ed79a7", "score": 31.76517490016095}
{"docno": "Sdee205c0-A22706607", "score": 31.626961048079437}
{"docno": "S4bb40bff-Af5231436", "score": 31.595474064332418}
{"docno": "Sea61b0fc-Ac2a79108", "score": 31.530608955133186}
{"docno": "Sc98fe9a7-A816d2826", "score": 31.431397152589092}
{"docno": "S74a77292-Ae85a9c8e", "score": 31.3411246177334}
{"docno": "Sc66981d5-A783c22ba", "score": 31.302287502764024}
{"docno": "S4c6aab06-Aaa5ecb0b", "score": 31.214846314193863}
{"docno": "Sc98fe988-Ab8259242", "score": 31.173498062352074}
{"docno": "S31698916-A7c39d7ed", "score": 31.15646951677557}
{"docno": "S2e721803-A663a41f", "score": 31.077028804761525}
{"docno": "Sc98fe9c6-A1932a660", "score": 31.024470674447592}
{"docno": "S53b7edd-Abfcc4f21", "score": 30.76602220953353}
{"docno": "Se2550a31-A93a2cc25", "score": 30.646585233758458}
{"docno": "S8da25347-Ae90edff7", "score": 30.597774913130976}
{"docno": "S2e721803-Acf10ec84", "score": 30.45855773815265}
{"docno": "S9bc8d269-Ac2420b41", "score": 30.418081673977206}
{"docno": "S7983ff18-Aa229a4fb", "score": 30.399681790250234}
{"docno": "S7983ff18-Abc9e38fe", "score": 30.294358817992965}
{"docno": "S4d2e82ff-Aee0235bc", "score": 30.1592567527208}
{"docno": "S40e61a27-A2185ab8", "score": 30.09264418778785}
{"docno": "Sd3c3ea6f-Aeaaaf8fa", "score": 29.934423017583114}
{"docno": "Se9b4aa83-A22c16120", "score": 29.837198608220135}
{"docno": "S9bc8d269-Aba221d1e", "score": 29.747602728989335}
{"docno": "S148bb110-A10521943", "score": 29.747602728989335}
{"docno": "S3d677ded-Adc5c2d83", "score": 29.70765467246777}
{"docno": "S148bb110-A73673e85", "score": 29.70765467246777}
{"docno": "Sf3f89575-Aca1ad1e9", "score": 29.429261036352237}
{"docno": "Sff095b00-A10418c78", "score": 29.42441922370903}
{"docno": "S8706d0e3-Ac554444", "score": 29.422266863537786}
{"docno": "Sf59a1cd-Aa94eddbd", "score": 29.39034630601152}
{"docno": "S8706d0e3-Aa446c0fc", "score": 29.361247006799452}
{"docno": "S661b8688-A1c627232", "score": 29.345292117826368}
{"docno": "S2d219ef-A11b44848", "score": 29.156747265065338}
{"docno": "S8b68ae4-A3b4029ee", "score": 28.92149149073137}
{"docno": "S148bb110-A6bce813e", "score": 28.847326028229702}
{"docno": "S7a83d88a-Add079b08", "score": 28.806644115385584}
{"docno": "Sd5e7199e-Af7b99bbf", "score": 28.709618368035073}
{"docno": "S57476c75-Ade05781a", "score": 28.693858686303408}
{"docno": "S412c152b-Ac7d13674", "score": 28.547779820052}
{"docno": "Se2550a31-A51017628", "score": 28.3930587321506}
{"docno": "S8b68ae4-A91b52207", "score": 28.342322064768233}
{"docno": "S8b68ae4-A86bc961b", "score": 28.276526367859958}
{"docno": "S27109bef-Addd32283", "score": 28.22284005894302}
{"docno": "S83ae40a2-Aafcd3727", "score": 28.177663254233387}
{"docno": "Sd6155d38-A57009a92", "score": 28.134885774635528}
{"docno": "S4c6aab06-A83429d8c", "score": 28.091764128769917}
{"docno": "Sfc220308-Aa6f28129", "score": 28.033426827435925}
{"docno": "Sdb5f720b-Ad53d5a64", "score": 28.014979219063463}
{"docno": "Sbb33e2b7-Af35d3bc5", "score": 27.9015870619997}
{"type": "toggleArgument", "timestamp": "2025-06-26T10:09:54.712Z", "sessionID": "c48f30aa-2331-4f2e-bb6e-b4c0dd28b689", "rank": "1", "doc": "S1baa36a6-Aa4b2f901", "action": "expand", "doclen": 517, "score": 47.56652040163249}
{"type": "toggleArgument", "timestamp": "2025-06-26T10:09:56.784Z", "sessionID": "c48f30aa-2331-4f2e-bb6e-b4c0dd28b689", "rank": "2", "doc": "S8fdcc598-Acdae4e26", "action": "expand", "doclen": 1418, "score": 43.26591479967707}
{"type": "toggleArgument", "timestamp": "2025-06-26T10:11:18.757Z", "sessionID": "c48f30aa-2331-4f2e-bb6e-b4c0dd28b689", "rank": "3", "doc": "S6e782a7f-Af9399e46", "action": "expand", "doclen": 345, "score": 39.34170309277287}
{"type": "toggleArgument", "timestamp": "2025-06-26T10:11:35.781Z", "sessionID": "c48f30aa-2331-4f2e-bb6e-b4c0dd28b689", "rank": "4", "doc": "S8706d0e3-Aae31b6bf", "action": "expand", "doclen": 2377, "score": 39.26057562758774}
{"type": "StanceClicked", "timestamp": "2025-06-26T10:13:24.797Z", "sessionID": "c48f30aa-2331-4f2e-bb6e-b4c0dd28b689", "rank": "4", "stance": "con", "action": "chooseStance", "doc": "S8706d0e3-Aae31b6bf", "doclen": 2377, "score": 39.26057562758774}
{"type": "toggleArgument", "timestamp": "2025-06-26T10:13:27.581Z", "sessionID": "c48f30aa-2331-4f2e-bb6e-b4c0dd28b689", "rank": "5", "doc": "S8fdcc598-A43e16fea", "action": "expand", "doclen": 1626, "score": 39.0209523440474}
{"type": "toggleArgument", "timestamp": "2025-06-26T10:14:43.909Z", "sessionID": "c48f30aa-2331-4f2e-bb6e-b4c0dd28b689", "rank": "6", "doc": "S1baa36a6-Ac0bf4bed", "action": "expand", "doclen": 213, "score": 38.89486908974413}
{"type": "toggleArgument", "timestamp": "2025-06-26T10:14:45.276Z", "sessionID": "c48f30aa-2331-4f2e-bb6e-b4c0dd28b689", "rank": "6", "doc": "S1baa36a6-Ac0bf4bed", "action": "reduce", "doclen": 213, "score": 38.89486908974413}
{"type": "toggleArgument", "timestamp": "2025-06-26T10:14:45.917Z", "sessionID": "c48f30aa-2331-4f2e-bb6e-b4c0dd28b689", "rank": "6", "doc": "S1baa36a6-Ac0bf4bed", "action": "expand", "doclen": 213, "score": 38.89486908974413}
{"type": "toggleArgument", "timestamp": "2025-06-26T10:14:59.181Z", "sessionID": "c48f30aa-2331-4f2e-bb6e-b4c0dd28b689", "rank": "7", "doc": "Sdee205c0-Ae44e39f6", "action": "expand", "doclen": 369, "score": 38.894181074936995}
{"type": "StanceClicked", "timestamp": "2025-06-26T10:15:27.133Z", "sessionID": "c48f30aa-2331-4f2e-bb6e-b4c0dd28b689", "rank": "7", "stance": "pro", "action": "chooseStance", "doc": "Sdee205c0-Ae44e39f6", "doclen": 369, "score": 38.894181074936995}
{"type": "toggleArgument", "timestamp": "2025-06-26T10:15:29.261Z", "sessionID": "c48f30aa-2331-4f2e-bb6e-b4c0dd28b689", "rank": "8", "doc": "S74a77292-A5a2ce3bf", "action": "expand", "doclen": 782, "score": 38.47192593432565}
{"type": "toggleArgument", "timestamp": "2025-06-26T10:16:09.148Z", "sessionID": "c48f30aa-2331-4f2e-bb6e-b4c0dd28b689", "rank": "9", "doc": "S8b68ae4-Ad09a0795", "action": "expand", "doclen": 270, "score": 37.46413562406864}
{"type": "toggleArgument", "timestamp": "2025-06-26T10:16:33.060Z", "sessionID": "c48f30aa-2331-4f2e-bb6e-b4c0dd28b689", "rank": "10", "doc": "S4c6aab06-A82a12ec6", "action": "expand", "doclen": 1264, "score": 37.35729526470278}
{"type": "pageNavigationClicked", "timestamp": "2025-06-26T10:16:51.436Z", "sessionID": "c48f30aa-2331-4f2e-bb6e-b4c0dd28b689", "clicked": "2", "fromPage": 1, "toPage": 2}
{"type": "toggleArgument", "timestamp": "2025-06-26T10:16:54.612Z", "sessionID": "c48f30aa-2331-4f2e-bb6e-b4c0dd28b689", "rank": "11", "doc": "Sb4dd79cd-A7edad33b", "action": "expand", "doclen": 296, "score": 37.061228295938015}
{"type": "toggleArgument", "timestamp": "2025-06-26T10:17:15.948Z", "sessionID": "c48f30aa-2331-4f2e-bb6e-b4c0dd28b689", "rank": "12", "doc": "Sbb33e2d6-A77bfb204", "action": "expand", "doclen": 1723, "score": 36.84105205802208}
{"type": "StanceClicked", "timestamp": "2025-06-26T10:18:08.013Z", "sessionID": "c48f30aa-2331-4f2e-bb6e-b4c0dd28b689", "rank": "12", "stance": "pro", "action": "chooseStance", "doc": "Sbb33e2d6-A77bfb204", "doclen": 1723, "score": 36.84105205802208}
{"type": "toggleArgument", "timestamp": "2025-06-26T10:18:11.020Z", "sessionID": "c48f30aa-2331-4f2e-bb6e-b4c0dd28b689", "rank": "13", "doc": "S4911d42e-A73664204", "action": "expand", "doclen": 705, "score": 36.08061407375615}
{"type": "StanceClicked", "timestamp": "2025-06-26T10:18:34.309Z", "sessionID": "c48f30aa-2331-4f2e-bb6e-b4c0dd28b689", "rank": "13", "stance": "pro", "action": "chooseStance", "doc": "S4911d42e-A73664204", "doclen": 705, "score": 36.08061407375615}
{"type": "toggleArgument", "timestamp": "2025-06-26T10:18:37.275Z", "sessionID": "c48f30aa-2331-4f2e-bb6e-b4c0dd28b689", "rank": "14", "doc": "S43533c49-Ae2964e60", "action": "expand", "doclen": 994, "score": 36.038059370862044}
{"type": "StanceClicked", "timestamp": "2025-06-26T10:19:18.460Z", "sessionID": "c48f30aa-2331-4f2e-bb6e-b4c0dd28b689", "rank": "14", "stance": "con", "action": "chooseStance", "doc": "S43533c49-Ae2964e60", "doclen": 994, "score": 36.038059370862044}
{"type": "toggleArgument", "timestamp": "2025-06-26T10:19:28.572Z", "sessionID": "c48f30aa-2331-4f2e-bb6e-b4c0dd28b689", "rank": "15", "doc": "S9d6aeb41-A5e7380a5", "action": "expand", "doclen": 2633, "score": 35.566420641503896}
{"type": "toggleArgument", "timestamp": "2025-06-26T10:20:00.492Z", "sessionID": "c48f30aa-2331-4f2e-bb6e-b4c0dd28b689", "rank": "16", "doc": "Se31bfa66-A29dccb3f", "action": "expand", "doclen": 300, "score": 35.26064793549496}
{"type": "ClickedEndTask", "timestamp": "2025-06-26T10:20:11.853Z", "sessionID": "c48f30aa-2331-4f2e-bb6e-b4c0dd28b689"}
{"type": "TaskEndConfirmed", "timestamp": "2025-06-26T10:20:15.892Z", "sessionID": "c48f30aa-2331-4f2e-bb6e-b4c0dd28b689"}
{"type": "TaskEnded", "timestamp": "2025-06-26T10:20:23.436Z", "sessionID": "c48f30aa-2331-4f2e-bb6e-b4c0dd28b689", "reason": "Zeit abgelaufen", "translated_reason": "Time expired"}
