{"type": "idSubmitted", "timestamp": "2025-06-26T10:53:33.588Z", "sessionID": "12ea4197-164c-4e17-b58e-6720ebb24dab", "uid": "Participant18"}
{"type": "TaskStarted", "timestamp": "2025-06-26T10:54:27.011Z", "sessionID": "12ea4197-164c-4e17-b58e-6720ebb24dab", "task": "1", "uid": "Participant18", "topic": "Is human activity primarily responsible for global climate change?"}
{"type": "queryBoxFocused", "timestamp": "2025-06-26T10:54:32.232Z", "sessionID": "12ea4197-164c-4e17-b58e-6720ebb24dab"}
{"type": "querySubmitted", "timestamp": "2025-06-26T10:54:46.972Z", "sessionID": "12ea4197-164c-4e17-b58e-6720ebb24dab", "query": "human induced climate change"}
{"docno": "Sb58ff37e-A58f42ca9", "score": 35.101616106836765}
{"docno": "Sc952d8ae-Aa7b89e4b", "score": 32.55205520236147}
{"docno": "Sab411006-Ac9850d07", "score": 31.510247975937503}
{"docno": "Sd14731f-A73396c22", "score": 30.241595378420655}
{"docno": "S29d685d9-A2003667e", "score": 28.781788762726517}
{"docno": "Sd14731f-A714bffeb", "score": 28.54762934461761}
{"docno": "S3793e2aa-Afb13f13d", "score": 27.800720635570432}
{"docno": "Sbde3d11-Af6c03f16", "score": 26.282318519862528}
{"docno": "S22348c0b-Af2a846a2", "score": 26.102354502577732}
{"docno": "S797b35ea-Abaa629f6", "score": 25.676597752370547}
{"docno": "S5d920354-Aeae01f04", "score": 25.65252483734862}
{"docno": "Sad1940fe-A5d2f71a1", "score": 25.310072604093055}
{"docno": "Sc3303005-Afe9d4722", "score": 25.1790594019173}
{"docno": "S4aed9441-A5d365f93", "score": 24.85842331163235}
{"docno": "S4733bf42-Acb57dc7b", "score": 24.696948664530865}
{"docno": "Sfb47c4dc-A94839982", "score": 24.554950733659613}
{"docno": "S4733bf42-Aa2caea", "score": 24.413399199905335}
{"docno": "Sa5cb0429-Afd3a1107", "score": 24.355070211030615}
{"docno": "Sd14731f-Ab73daf39", "score": 24.14695927374558}
{"docno": "Sfb47c4dc-A17cfb6b2", "score": 24.13637839733797}
{"docno": "S9c07825d-A7ebb10f7", "score": 24.07213761820216}
{"docno": "S4b594354-Aa36b7e52", "score": 23.792784067345842}
{"docno": "S9c07825d-A2cda98f1", "score": 23.57098731603668}
{"docno": "S797b35ea-Ac49f5afe", "score": 23.14592459730766}
{"docno": "S7ae7b591-A27464ebe", "score": 23.029808730253315}
{"docno": "S54b376ad-A63346a5f", "score": 22.98080320276104}
{"docno": "S588c0e26-A99d5cea6", "score": 22.88062977639109}
{"docno": "Sc7c3b95f-Ac5b07878", "score": 22.832492999822843}
{"docno": "S588c0ec1-A5ac7cc30", "score": 22.825248258329058}
{"docno": "Sa3d6bdee-A43dc2cbc", "score": 22.645887108501416}
{"docno": "S797b35ea-A16360e96", "score": 22.617886756594977}
{"docno": "S588c0ea2-Aa15595cc", "score": 22.60671660544214}
{"docno": "S588c0e64-Aae020458", "score": 22.60671660544214}
{"docno": "Sc09112b2-Ad0ff12f2", "score": 22.45371840367796}
{"docno": "S356ae6f2-A937d4400", "score": 22.424316989302945}
{"docno": "Saa7e4d86-A41d6abea", "score": 22.406046856572466}
{"docno": "S224f83e1-A1ffaf30", "score": 22.366020636730212}
{"docno": "S8a33ec31-A82039748", "score": 22.36139081698795}
{"docno": "Sa2465b80-A742f9317", "score": 22.19598227313211}
{"docno": "Sd6f37d3b-A6eef8c97", "score": 22.07496149141208}
{"docno": "S9416a94c-Ab8de98ef", "score": 21.97528031250035}
{"docno": "Seb9023f6-A30c2a558", "score": 21.908518448067515}
{"docno": "S9c07825d-A80ec8f5a", "score": 21.88345302382142}
{"docno": "See56bf87-Afadd3c4d", "score": 21.79056858471074}
{"docno": "S2c7b65bb-A8f4f92d4", "score": 21.347923756810772}
{"docno": "Sd19576b8-A5a5317ca", "score": 21.316525260807403}
{"docno": "S3793e2aa-A631b9bf9", "score": 21.3128712773583}
{"docno": "S61b465af-A6157770d", "score": 21.27591613251515}
{"docno": "Sa5cb0429-A5a580bd2", "score": 21.1915807355983}
{"docno": "Sf7800a2b-A1bfd1720", "score": 21.12579015533906}
{"docno": "S2ec11424-A402d45be", "score": 21.00145672640582}
{"docno": "S588c0ec1-Ac1d23959", "score": 20.961088552393587}
{"docno": "S4aed909f-A4e712059", "score": 20.94648969261042}
{"docno": "S2be9e844-Aeb861fe4", "score": 20.84052860299088}
{"docno": "Sd490026a-A168cc69a", "score": 20.84052860299088}
{"docno": "Sb567d77e-A2daa6d96", "score": 20.75362960976798}
{"docno": "S94d1f64-A78cd0eaf", "score": 20.706825858502974}
{"docno": "Sb235f67a-A9e0b73cd", "score": 20.706825858502974}
{"docno": "S83ff45f2-A4287f1f1", "score": 20.51088471101078}
{"docno": "Sb3622b08-A51d84a00", "score": 20.479129121411884}
{"docno": "S1cddb464-Ad4920739", "score": 20.396057674046737}
{"docno": "Sb67bc631-A368d0649", "score": 20.325392133133402}
{"docno": "Sd490026a-Adbef8f8a", "score": 20.307760078712896}
{"docno": "S8f18b48f-A35409a72", "score": 20.306946823505704}
{"docno": "S22b33081-Aef2c4044", "score": 20.24712204449592}
{"docno": "Sd24f411a-A610f7b54", "score": 20.236503162699993}
{"docno": "S72b717aa-A5b71474b", "score": 20.182016960310065}
{"docno": "Sbdaef866-A6de366d6", "score": 20.15424231623801}
{"docno": "Sab411082-Aef70853", "score": 19.9528943914991}
{"docno": "S4733bf42-A9663db5", "score": 19.863956935625875}
{"docno": "S842a72e0-A1d511c20", "score": 19.832735755040325}
{"docno": "Sdbed694f-Ae83e8597", "score": 19.787071233906566}
{"docno": "S7e4a33fd-A3081a80c", "score": 19.77099871332113}
{"docno": "S2ec11424-Ab17eaf2a", "score": 19.76447399751494}
{"docno": "S3c24dbbb-A42fcbcc2", "score": 19.713819794964163}
{"docno": "Sbdaef866-A933a1f26", "score": 19.703593184662655}
{"docno": "S6483f6a7-Afa983dbc", "score": 19.699131533525538}
{"docno": "Secc4434-A6fb9e1b9", "score": 19.6555425051385}
{"docno": "Sfb47c4dc-A59379d46", "score": 19.64024210910524}
{"docno": "S2ec11424-A984b353b", "score": 19.620118038716157}
{"docno": "S4aed909f-Acc3fc465", "score": 19.60042315762671}
{"docno": "S72b717aa-A4e5bfef", "score": 19.55555887341082}
{"docno": "Sf64877e9-Ac38403f4", "score": 19.509410259744836}
{"docno": "S7852a724-Abde99784", "score": 19.468445260764206}
{"docno": "S4755284a-Abea2e373", "score": 19.434864400703027}
{"docno": "S2ec11424-A4c09bf00", "score": 19.432000721596125}
{"docno": "S6e876e1e-A18039c23", "score": 19.42947710208727}
{"docno": "Sa657588d-Ae737538e", "score": 19.408879569187285}
{"docno": "Sb567d75f-Aa76a4a58", "score": 19.375074129025936}
{"docno": "S96383afe-A5bcdadee", "score": 19.36208138851027}
{"docno": "Saac8b02a-A8d24639b", "score": 19.357555326536975}
{"docno": "Sf1e6a226-Af7a57e41", "score": 19.35716842552521}
{"docno": "Se1435c7e-Ab2ebe2ee", "score": 19.35716842552521}
{"docno": "Sd1472a3-Ab1e6ed0f", "score": 19.347883245792765}
{"docno": "Sa05d84f6-A8e59c216", "score": 19.3440499599374}
{"docno": "S5beb1ab2-A3004f4af", "score": 19.332968227939144}
{"docno": "S2ec11424-A2e1b14cd", "score": 19.315650611892313}
{"docno": "Sb829557a-A2faff0dc", "score": 19.28119259627873}
{"docno": "Sc9ba19f5-A1c189db", "score": 19.2328087066237}
{"docno": "S7852a724-A532aa088", "score": 19.223556253554083}
{"type": "toggleArgument", "timestamp": "2025-06-26T10:54:57.203Z", "sessionID": "12ea4197-164c-4e17-b58e-6720ebb24dab", "rank": "2", "doc": "Sc952d8ae-Aa7b89e4b", "action": "expand", "doclen": 917, "score": 32.55205520236147}
{"type": "toggleArgument", "timestamp": "2025-06-26T10:56:37.034Z", "sessionID": "12ea4197-164c-4e17-b58e-6720ebb24dab", "rank": "3", "doc": "Sab411006-Ac9850d07", "action": "expand", "doclen": 2547, "score": 31.510247975937503}
{"type": "StanceClicked", "timestamp": "2025-06-26T10:56:49.035Z", "sessionID": "12ea4197-164c-4e17-b58e-6720ebb24dab", "rank": "3", "stance": "pro", "action": "chooseStance", "doc": "Sab411006-Ac9850d07", "doclen": 2547, "score": 31.510247975937503}
{"type": "StanceClicked", "timestamp": "2025-06-26T10:56:49.923Z", "sessionID": "12ea4197-164c-4e17-b58e-6720ebb24dab", "rank": "2", "stance": "con", "action": "chooseStance", "doc": "Sc952d8ae-Aa7b89e4b", "doclen": 917, "score": 32.55205520236147}
{"type": "toggleArgument", "timestamp": "2025-06-26T10:57:09.962Z", "sessionID": "12ea4197-164c-4e17-b58e-6720ebb24dab", "rank": "8", "doc": "Sbde3d11-Af6c03f16", "action": "expand", "doclen": 2154, "score": 26.282318519862528}
{"type": "StanceClicked", "timestamp": "2025-06-26T10:57:15.435Z", "sessionID": "12ea4197-164c-4e17-b58e-6720ebb24dab", "rank": "8", "stance": "pro", "action": "chooseStance", "doc": "Sbde3d11-Af6c03f16", "doclen": 2154, "score": 26.282318519862528}
{"type": "queryBoxFocused", "timestamp": "2025-06-26T10:57:17.325Z", "sessionID": "12ea4197-164c-4e17-b58e-6720ebb24dab"}
{"type": "querySubmitted", "timestamp": "2025-06-26T10:57:30.748Z", "sessionID": "12ea4197-164c-4e17-b58e-6720ebb24dab", "query": "is climate change caused by humans?"}
{"docno": "Sad1940fe-A5d2f71a1", "score": 31.49633342591926}
{"docno": "S4733bf42-Aa2caea", "score": 29.926482817618435}
{"docno": "Sfb47c4dc-A94839982", "score": 29.80588929907949}
{"docno": "S4b594354-Aa36b7e52", "score": 29.7829848781671}
{"docno": "Sfb47c4dc-A17cfb6b2", "score": 29.391289622473067}
{"docno": "S9c07825d-A7ebb10f7", "score": 29.024756632724518}
{"docno": "S797b35ea-Abaa629f6", "score": 28.362535417411305}
{"docno": "S9c07825d-A2cda98f1", "score": 28.28515545876651}
{"docno": "Sc7c3b95f-Ac5b07878", "score": 27.945816049285334}
{"docno": "Sa5cb0429-Afd3a1107", "score": 27.41715230149625}
{"docno": "S797b35ea-A16360e96", "score": 27.402345229654312}
{"docno": "Sc952d8ae-Aa7b89e4b", "score": 27.30052369130823}
{"docno": "Seb9023f6-A30c2a558", "score": 26.784962536998215}
{"docno": "S356ae6f2-A937d4400", "score": 26.72765426487161}
{"docno": "Sc09112b2-Ad0ff12f2", "score": 26.699428208238935}
{"docno": "S29d685d9-A2003667e", "score": 26.443641588595}
{"docno": "S7ae7b591-A27464ebe", "score": 26.40122403745242}
{"docno": "S588c0e26-A99d5cea6", "score": 26.270931705401406}
{"docno": "S588c0ec1-A5ac7cc30", "score": 26.19751981111377}
{"docno": "S2c7b65bb-A8f4f92d4", "score": 26.05334634035882}
{"docno": "Sd19576b8-A5a5317ca", "score": 25.989882382071112}
{"docno": "S588c0ea2-Aa15595cc", "score": 25.908744496823594}
{"docno": "S588c0e64-Aae020458", "score": 25.908744496823594}
{"docno": "Sa5cb0429-A5a580bd2", "score": 25.876447153937487}
{"docno": "S4733bf42-A9663db5", "score": 25.863922885212734}
{"docno": "S9416a94c-Ab8de98ef", "score": 25.833490463775153}
{"docno": "Sb235f67a-A9e0b73cd", "score": 25.61924414546727}
{"docno": "Sd14731f-A73396c22", "score": 25.014939133580057}
{"docno": "S72b717aa-A4e5bfef", "score": 24.950628884633332}
{"docno": "S2be9e844-Aeb861fe4", "score": 24.877296039608947}
{"docno": "Sd490026a-A168cc69a", "score": 24.877296039608947}
{"docno": "S61b465af-A6157770d", "score": 24.75842783356851}
{"docno": "S22348c0b-Af2a846a2", "score": 24.680308810340517}
{"docno": "Sc09112b2-A1a3d1579", "score": 24.59282355717694}
{"docno": "S842a72e0-A1d511c20", "score": 24.494094460942218}
{"docno": "Sdbed694f-Ae83e8597", "score": 24.481290002110146}
{"docno": "S4aed909f-A4e712059", "score": 24.355015838688267}
{"docno": "S1cddb464-Ad4920739", "score": 24.308295437518765}
{"docno": "S8f18b48f-A35409a72", "score": 24.19519498242688}
{"docno": "S7852a724-A532aa088", "score": 24.12002700653514}
{"docno": "Sbde3d11-Af6c03f16", "score": 23.96450151041903}
{"docno": "Sb58ff37e-A58f42ca9", "score": 23.80016213400606}
{"docno": "S7852a724-Abde99784", "score": 23.781539550966603}
{"docno": "S5beb1ab2-A3004f4af", "score": 23.760896381796904}
{"docno": "S4aed9441-A5d365f93", "score": 23.6763649104727}
{"docno": "S4755284a-Abea2e373", "score": 23.65991321797085}
{"docno": "Sb567d77e-A2daa6d96", "score": 23.634836705878683}
{"docno": "Sab411006-Ac9850d07", "score": 23.46172221028793}
{"docno": "Sad1940fe-A6b09705d", "score": 23.428412079970244}
{"docno": "Sd1472a3-Ab1e6ed0f", "score": 23.405876607010562}
{"docno": "Sd1472a3-A3e8d9665", "score": 23.38751726374836}
{"docno": "Sf196d85c-A5821fac9", "score": 23.385806262913277}
{"docno": "S9c07825d-A323a4c1a", "score": 23.242161839098856}
{"docno": "S797b35ea-Ac49f5afe", "score": 23.145924597307655}
{"docno": "S54b376ad-A63346a5f", "score": 22.98080320276104}
{"docno": "Sfb47c4dc-A59379d46", "score": 22.786616594811715}
{"docno": "S588c0e26-A52650c10", "score": 22.776694457202918}
{"docno": "S6483f6a7-Afa983dbc", "score": 22.761213623991175}
{"docno": "Sf16410ab-Af438c420", "score": 22.72303029661392}
{"docno": "Sb567d838-Af45e2d26", "score": 22.69085136023935}
{"docno": "S6e876e1e-A18039c23", "score": 22.672399317755687}
{"docno": "Sa3d6bdee-A43dc2cbc", "score": 22.645887108501416}
{"docno": "Sff5b0936-A35d04297", "score": 22.571534711740092}
{"docno": "S1ad132ba-Acdd7e3de", "score": 22.571534711740092}
{"docno": "Sc3303005-Afe9d4722", "score": 22.51860863336965}
{"docno": "S4733bf42-Acb57dc7b", "score": 22.503859104731564}
{"docno": "S5f3b3fcb-A9a3983c9", "score": 22.485663952746485}
{"docno": "Sc09112b2-Af68f60c6", "score": 22.459450806706986}
{"docno": "Saa7e4d86-A41d6abea", "score": 22.406046856572466}
{"docno": "Sd490026a-Adbef8f8a", "score": 22.399935369207682}
{"docno": "Sb235f67a-A31bf7052", "score": 22.392812939470062}
{"docno": "S3793e2aa-Afb13f13d", "score": 22.367206861200906}
{"docno": "S224f83e1-A1ffaf30", "score": 22.366020636730212}
{"docno": "S8a33ec31-A82039748", "score": 22.36139081698795}
{"docno": "Sff5b0936-Abff38d9d", "score": 22.355353941897178}
{"docno": "S9793293e-Ace945910", "score": 22.321337625122105}
{"docno": "Sb971c2e5-Aac4b7440", "score": 22.261276013871}
{"docno": "Sa2465b80-A742f9317", "score": 22.19598227313211}
{"docno": "Sa05d84f6-A8e59c216", "score": 22.12419777079685}
{"docno": "Sd6f37d3b-A6eef8c97", "score": 22.07496149141208}
{"docno": "S52e5537b-Acef2ec1d", "score": 22.04964917466923}
{"docno": "S4413a382-A912044a6", "score": 22.035984539581264}
{"docno": "Sfc0a3aff-A385c4e50", "score": 22.02578411233302}
{"docno": "S81972726-Acb2ebcda", "score": 21.980862756743832}
{"docno": "S7852a724-Afe31c611", "score": 21.965626887356102}
{"docno": "Sd8dafa86-Ac1235e6c", "score": 21.901011707677245}
{"docno": "S9c07825d-A80ec8f5a", "score": 21.88345302382142}
{"docno": "S7a9613b5-A32c48776", "score": 21.863492450983752}
{"docno": "Se3d91598-Afc890a15", "score": 21.850225463429854}
{"docno": "S89a0c1f4-A749276c4", "score": 21.844240411103073}
{"docno": "Sb0e43e88-Abed707c6", "score": 21.83782010681453}
{"docno": "Sbfd1ea05-Acd5f5a6c", "score": 21.774317936752233}
{"docno": "Sd147300-A474e17f0", "score": 21.772771543978294}
{"docno": "S82185ba9-A7ed8b2a4", "score": 21.766023581076897}
{"docno": "S462448b6-A382aeb92", "score": 21.689088486858687}
{"docno": "Sa2465b80-A5d16ca3f", "score": 21.495527358970616}
{"docno": "S7f312d2e-Ae45d161", "score": 21.423540975066043}
{"docno": "S3793e2aa-A631b9bf9", "score": 21.3128712773583}
{"docno": "Sd6db8b91-Af353012d", "score": 21.26073267605934}
{"docno": "S5d920354-Aeae01f04", "score": 21.23830406345695}
{"type": "toggleArgument", "timestamp": "2025-06-26T10:57:33.003Z", "sessionID": "12ea4197-164c-4e17-b58e-6720ebb24dab", "rank": "1", "doc": "Sad1940fe-A5d2f71a1", "action": "expand", "doclen": 608, "score": 25.310072604093055}
{"type": "StanceClicked", "timestamp": "2025-06-26T10:57:38.284Z", "sessionID": "12ea4197-164c-4e17-b58e-6720ebb24dab", "rank": "1", "stance": "con", "action": "chooseStance", "doc": "Sad1940fe-A5d2f71a1", "doclen": 608, "score": 25.310072604093055}
{"type": "StanceClicked", "timestamp": "2025-06-26T10:58:07.964Z", "sessionID": "12ea4197-164c-4e17-b58e-6720ebb24dab", "rank": "1", "stance": "pro", "action": "chooseStance", "doc": "Sad1940fe-A5d2f71a1", "doclen": 608, "score": 25.310072604093055}
{"type": "toggleArgument", "timestamp": "2025-06-26T10:58:16.867Z", "sessionID": "12ea4197-164c-4e17-b58e-6720ebb24dab", "rank": "5", "doc": "Sfb47c4dc-A17cfb6b2", "action": "expand", "doclen": 1983, "score": 24.13637839733797}
{"type": "toggleArgument", "timestamp": "2025-06-26T10:58:21.843Z", "sessionID": "12ea4197-164c-4e17-b58e-6720ebb24dab", "rank": "4", "doc": "S4b594354-Aa36b7e52", "action": "expand", "doclen": 1435, "score": 23.792784067345842}
{"type": "StanceClicked", "timestamp": "2025-06-26T10:58:53.052Z", "sessionID": "12ea4197-164c-4e17-b58e-6720ebb24dab", "rank": "4", "stance": "pro", "action": "chooseStance", "doc": "S4b594354-Aa36b7e52", "doclen": 1435, "score": 23.792784067345842}
{"type": "toggleArgument", "timestamp": "2025-06-26T10:58:55.908Z", "sessionID": "12ea4197-164c-4e17-b58e-6720ebb24dab", "rank": "6", "doc": "S9c07825d-A7ebb10f7", "action": "expand", "doclen": 688, "score": 24.07213761820216}
{"type": "StanceClicked", "timestamp": "2025-06-26T10:59:26.148Z", "sessionID": "12ea4197-164c-4e17-b58e-6720ebb24dab", "rank": "6", "stance": "pro", "action": "chooseStance", "doc": "S9c07825d-A7ebb10f7", "doclen": 688, "score": 24.07213761820216}
{"type": "StanceClicked", "timestamp": "2025-06-26T10:59:26.580Z", "sessionID": "12ea4197-164c-4e17-b58e-6720ebb24dab", "rank": "6", "stance": "con", "action": "chooseStance", "doc": "S9c07825d-A7ebb10f7", "doclen": 688, "score": 24.07213761820216}
{"type": "StanceClicked", "timestamp": "2025-06-26T10:59:33.148Z", "sessionID": "12ea4197-164c-4e17-b58e-6720ebb24dab", "rank": "8", "stance": "pro", "action": "chooseStance", "doc": "S9c07825d-A2cda98f1", "doclen": 1734, "score": 23.57098731603668}
{"type": "queryBoxFocused", "timestamp": "2025-06-26T10:59:34.342Z", "sessionID": "12ea4197-164c-4e17-b58e-6720ebb24dab"}
{"type": "querySubmitted", "timestamp": "2025-06-26T10:59:39.582Z", "sessionID": "12ea4197-164c-4e17-b58e-6720ebb24dab", "query": "humans climate change"}
{"docno": "S797b35ea-Abaa629f6", "score": 25.676597752370547}
{"docno": "Sad1940fe-A5d2f71a1", "score": 25.310072604093055}
{"docno": "Sfb47c4dc-A94839982", "score": 24.554950733659613}
{"docno": "S4733bf42-Aa2caea", "score": 24.413399199905335}
{"docno": "Sa5cb0429-Afd3a1107", "score": 24.355070211030615}
{"docno": "Sfb47c4dc-A17cfb6b2", "score": 24.13637839733797}
{"docno": "Sc952d8ae-Aa7b89e4b", "score": 24.13131187102749}
{"docno": "S9c07825d-A7ebb10f7", "score": 24.07213761820216}
{"docno": "Sb58ff37e-A58f42ca9", "score": 23.80016213400606}
{"docno": "S4b594354-Aa36b7e52", "score": 23.792784067345842}
{"docno": "S9c07825d-A2cda98f1", "score": 23.57098731603668}
{"docno": "S29d685d9-A2003667e", "score": 23.167206475893718}
{"docno": "S797b35ea-Ac49f5afe", "score": 23.14592459730766}
{"docno": "S7ae7b591-A27464ebe", "score": 23.029808730253315}
{"docno": "S54b376ad-A63346a5f", "score": 22.98080320276104}
{"docno": "S588c0e26-A99d5cea6", "score": 22.88062977639109}
{"docno": "Sc7c3b95f-Ac5b07878", "score": 22.832492999822843}
{"docno": "S588c0ec1-A5ac7cc30", "score": 22.825248258329058}
{"docno": "Sa3d6bdee-A43dc2cbc", "score": 22.645887108501416}
{"docno": "S797b35ea-A16360e96", "score": 22.617886756594977}
{"docno": "S588c0ea2-Aa15595cc", "score": 22.60671660544214}
{"docno": "S588c0e64-Aae020458", "score": 22.60671660544214}
{"docno": "Sc09112b2-Ad0ff12f2", "score": 22.45371840367796}
{"docno": "S356ae6f2-A937d4400", "score": 22.424316989302945}
{"docno": "Saa7e4d86-A41d6abea", "score": 22.406046856572466}
{"docno": "S3793e2aa-Afb13f13d", "score": 22.367206861200906}
{"docno": "S224f83e1-A1ffaf30", "score": 22.366020636730212}
{"docno": "S8a33ec31-A82039748", "score": 22.36139081698795}
{"docno": "Sa2465b80-A742f9317", "score": 22.19598227313211}
{"docno": "Sd6f37d3b-A6eef8c97", "score": 22.07496149141208}
{"docno": "S9416a94c-Ab8de98ef", "score": 21.97528031250035}
{"docno": "Seb9023f6-A30c2a558", "score": 21.908518448067515}
{"docno": "S9c07825d-A80ec8f5a", "score": 21.88345302382142}
{"docno": "Sd14731f-A73396c22", "score": 21.860739122244542}
{"docno": "S2c7b65bb-A8f4f92d4", "score": 21.347923756810772}
{"docno": "Sd19576b8-A5a5317ca", "score": 21.316525260807403}
{"docno": "S3793e2aa-A631b9bf9", "score": 21.3128712773583}
{"docno": "S61b465af-A6157770d", "score": 21.27591613251515}
{"docno": "Sa5cb0429-A5a580bd2", "score": 21.1915807355983}
{"docno": "Sd14731f-A714bffeb", "score": 21.093724471473163}
{"docno": "S2ec11424-A402d45be", "score": 21.00145672640582}
{"docno": "S588c0ec1-Ac1d23959", "score": 20.961088552393587}
{"docno": "S4aed909f-A4e712059", "score": 20.94648969261042}
{"docno": "S2be9e844-Aeb861fe4", "score": 20.84052860299088}
{"docno": "Sd490026a-A168cc69a", "score": 20.84052860299088}
{"docno": "S22348c0b-Af2a846a2", "score": 20.82209865906571}
{"docno": "Sb567d77e-A2daa6d96", "score": 20.75362960976798}
{"docno": "S94d1f64-A78cd0eaf", "score": 20.706825858502974}
{"docno": "Sb235f67a-A9e0b73cd", "score": 20.706825858502974}
{"docno": "Sbde3d11-Af6c03f16", "score": 20.70490898311938}
{"docno": "Sab411006-Ac9850d07", "score": 20.605848408007414}
{"docno": "S83ff45f2-A4287f1f1", "score": 20.51088471101078}
{"docno": "Sb3622b08-A51d84a00", "score": 20.479129121411884}
{"docno": "S1cddb464-Ad4920739", "score": 20.396057674046737}
{"docno": "Sb67bc631-A368d0649", "score": 20.325392133133402}
{"docno": "Sd490026a-Adbef8f8a", "score": 20.307760078712896}
{"docno": "S8f18b48f-A35409a72", "score": 20.306946823505704}
{"docno": "S22b33081-Aef2c4044", "score": 20.24712204449592}
{"docno": "Sd24f411a-A610f7b54", "score": 20.236503162699993}
{"docno": "S72b717aa-A5b71474b", "score": 20.182016960310065}
{"docno": "Sbdaef866-A6de366d6", "score": 20.15424231623801}
{"docno": "Sab411082-Aef70853", "score": 19.9528943914991}
{"docno": "S4733bf42-A9663db5", "score": 19.863956935625875}
{"docno": "S842a72e0-A1d511c20", "score": 19.832735755040325}
{"docno": "Sdbed694f-Ae83e8597", "score": 19.787071233906566}
{"docno": "S7e4a33fd-A3081a80c", "score": 19.77099871332113}
{"docno": "S2ec11424-Ab17eaf2a", "score": 19.76447399751494}
{"docno": "Sbdaef866-A933a1f26", "score": 19.703593184662655}
{"docno": "S6483f6a7-Afa983dbc", "score": 19.699131533525538}
{"docno": "Secc4434-A6fb9e1b9", "score": 19.6555425051385}
{"docno": "Sfb47c4dc-A59379d46", "score": 19.64024210910524}
{"docno": "S2ec11424-A984b353b", "score": 19.620118038716157}
{"docno": "Sd14731f-Ab73daf39", "score": 19.618835096685046}
{"docno": "S4aed909f-Acc3fc465", "score": 19.60042315762671}
{"docno": "S72b717aa-A4e5bfef", "score": 19.55555887341082}
{"docno": "Sf64877e9-Ac38403f4", "score": 19.509410259744836}
{"docno": "S7852a724-Abde99784", "score": 19.468445260764206}
{"docno": "S4755284a-Abea2e373", "score": 19.434864400703027}
{"docno": "S2ec11424-A4c09bf00", "score": 19.432000721596125}
{"docno": "S6e876e1e-A18039c23", "score": 19.42947710208727}
{"docno": "Sa657588d-Ae737538e", "score": 19.408879569187285}
{"docno": "Sb567d75f-Aa76a4a58", "score": 19.375074129025936}
{"docno": "S96383afe-A5bcdadee", "score": 19.36208138851027}
{"docno": "Saac8b02a-A8d24639b", "score": 19.357555326536975}
{"docno": "Sf1e6a226-Af7a57e41", "score": 19.35716842552521}
{"docno": "Se1435c7e-Ab2ebe2ee", "score": 19.35716842552521}
{"docno": "S4733bf42-Acb57dc7b", "score": 19.34965909339605}
{"docno": "Sd1472a3-Ab1e6ed0f", "score": 19.347883245792765}
{"docno": "Sa05d84f6-A8e59c216", "score": 19.3440499599374}
{"docno": "S5beb1ab2-A3004f4af", "score": 19.332968227939144}
{"docno": "S2ec11424-A2e1b14cd", "score": 19.315650611892313}
{"docno": "Sb829557a-A2faff0dc", "score": 19.28119259627873}
{"docno": "Sc9ba19f5-A1c189db", "score": 19.2328087066237}
{"docno": "S7852a724-A532aa088", "score": 19.223556253554083}
{"docno": "Sc66981d5-A1bff89cd", "score": 19.19346165955899}
{"docno": "Sf196d85c-A5821fac9", "score": 19.188722984436478}
{"docno": "S6ad185ff-Acaf0319a", "score": 19.181327316656862}
{"docno": "Sb58ff37e-Ab988d80e", "score": 19.139547150232605}
{"docno": "S9c07825d-A1103d847", "score": 19.138373254617445}
{"docno": "Sc09112b2-A1a3d1579", "score": 19.106131168741395}
{"type": "queryBoxFocused", "timestamp": "2025-06-26T10:59:45.467Z", "sessionID": "12ea4197-164c-4e17-b58e-6720ebb24dab"}
{"type": "querySubmitted", "timestamp": "2025-06-26T10:59:48.078Z", "sessionID": "12ea4197-164c-4e17-b58e-6720ebb24dab", "query": "climate change"}
{"docno": "S83ff45f2-A4287f1f1", "score": 20.51088471101078}
{"docno": "Sb3622b08-A51d84a00", "score": 20.479129121411884}
{"docno": "S797b35ea-Abaa629f6", "score": 20.37984998469074}
{"docno": "S797b35ea-Ac49f5afe", "score": 20.24966121962668}
{"docno": "S22b33081-Aef2c4044", "score": 20.24712204449592}
{"docno": "Sfb47c4dc-A94839982", "score": 20.210391500062823}
{"docno": "S29d685d9-A2003667e", "score": 20.20359954746507}
{"docno": "S72b717aa-A5b71474b", "score": 20.182016960310065}
{"docno": "Sc952d8ae-Aa7b89e4b", "score": 20.135325181709284}
{"docno": "S4733bf42-Aa2caea", "score": 19.968365354205723}
{"docno": "Sab411082-Aef70853", "score": 19.9528943914991}
{"docno": "Sad1940fe-A5d2f71a1", "score": 19.878892194880564}
{"docno": "S4733bf42-A9663db5", "score": 19.863956935625875}
{"docno": "S842a72e0-A1d511c20", "score": 19.832735755040325}
{"docno": "S2ec11424-Ab17eaf2a", "score": 19.76447399751494}
{"docno": "Secc4434-A6fb9e1b9", "score": 19.6555425051385}
{"docno": "S2ec11424-A984b353b", "score": 19.620118038716157}
{"docno": "S72b717aa-A4e5bfef", "score": 19.55555887341082}
{"docno": "Sf64877e9-Ac38403f4", "score": 19.509410259744836}
{"docno": "Sa5cb0429-Afd3a1107", "score": 19.453263099367582}
{"docno": "S4755284a-Abea2e373", "score": 19.434864400703027}
{"docno": "S2ec11424-A4c09bf00", "score": 19.432000721596125}
{"docno": "S6e876e1e-A18039c23", "score": 19.42947710208727}
{"docno": "Sa657588d-Ae737538e", "score": 19.408879569187285}
{"docno": "Sb567d75f-Aa76a4a58", "score": 19.375074129025936}
{"docno": "Saac8b02a-A8d24639b", "score": 19.357555326536975}
{"docno": "Sa05d84f6-A8e59c216", "score": 19.3440499599374}
{"docno": "Saa7e4d86-A41d6abea", "score": 19.340227708240896}
{"docno": "S2ec11424-A2e1b14cd", "score": 19.315650611892313}
{"docno": "Sc9ba19f5-A1c189db", "score": 19.2328087066237}
{"docno": "S588c0e26-A99d5cea6", "score": 19.14857672504291}
{"docno": "Sb58ff37e-Ab988d80e", "score": 19.139547150232605}
{"docno": "S588c0ec1-A5ac7cc30", "score": 19.109314624403407}
{"docno": "S7e4a33fd-Ad7f4bea7", "score": 19.078796901309172}
{"docno": "Sb567d819-Aa73fb6e6", "score": 19.039669502680997}
{"docno": "Sfb47c4dc-A17cfb6b2", "score": 19.026618191017715}
{"docno": "Sb567d838-Af45e2d26", "score": 18.961584616730356}
{"docno": "S588c0ea2-Aa15595cc", "score": 18.95389183564628}
{"docno": "S588c0e64-Aae020458", "score": 18.95389183564628}
{"docno": "Sb58ff37e-A58f42ca9", "score": 18.94087583605665}
{"docno": "S54b376ad-A63346a5f", "score": 18.91329350846835}
{"docno": "Sd19576b8-A5a5317ca", "score": 18.85576597001694}
{"docno": "Sc4f73aa6-A596f038c", "score": 18.82110388119167}
{"docno": "Sad1940fe-A6b09705d", "score": 18.784123847538222}
{"docno": "S2c7e2b00-A302d787b", "score": 18.747297095170325}
{"docno": "S9c07825d-A7ebb10f7", "score": 18.737183459316213}
{"docno": "S5f3b3fcb-A9a3983c9", "score": 18.66765126022682}
{"docno": "S5beb1ab2-A1154bb36", "score": 18.665186764081543}
{"docno": "Sc09112b2-Ad0ff12f2", "score": 18.613381403223677}
{"docno": "Sd490026a-Afd4dae79", "score": 18.58063263141997}
{"docno": "S61b46571-A4fff3073", "score": 18.572427101946364}
{"docno": "S7983ff18-Af727e11", "score": 18.572427101946364}
{"docno": "Sf64877e9-Aa67de67c", "score": 18.535347081089164}
{"docno": "Sa3d6bdee-A43dc2cbc", "score": 18.535347081089164}
{"docno": "S62c89a27-A42753987", "score": 18.51888209583356}
{"docno": "Sb971c2e5-Aac4b7440", "score": 18.46611465160369}
{"docno": "S2ec11424-A402d45be", "score": 18.441863180710737}
{"docno": "Sd490026a-Adbef8f8a", "score": 18.41534195562496}
{"docno": "S9c07825d-A2cda98f1", "score": 18.392018533430985}
{"docno": "S588c0ec1-Ac1d23959", "score": 18.372058201808407}
{"docno": "Sd147300-A474e17f0", "score": 18.365120150700754}
{"docno": "Sb3622b08-A7f55bdc6", "score": 18.358456399408368}
{"docno": "Sd14731f-A73396c22", "score": 18.3423602446366}
{"docno": "S224f83e1-A1ffaf30", "score": 18.32918985182617}
{"docno": "Saa7e4d86-Ab01bf0b8", "score": 18.32918985182617}
{"docno": "S1ad132ba-Aef31088c", "score": 18.317860486134137}
{"docno": "S797b35ea-A16360e96", "score": 18.29023985018407}
{"docno": "Sde87cee3-A28bc3a48", "score": 18.29023985018407}
{"docno": "Sc8d31d0c-A6f0d479d", "score": 18.28353440583297}
{"docno": "S7ae7b591-A27464ebe", "score": 18.27725401468939}
{"docno": "Sb567d7fa-Ae9dfb25b", "score": 18.25204617574509}
{"docno": "Sb567d77e-Ae9dfb25b", "score": 18.25204617574509}
{"docno": "Sb567d7db-Ae9dfb25b", "score": 18.25204617574509}
{"docno": "Sb567d7bc-Ae9dfb25b", "score": 18.25204617574509}
{"docno": "S4b594354-Aa36b7e52", "score": 18.25102666697514}
{"docno": "S2f68d50f-A4135f308", "score": 18.2503224018725}
{"docno": "Saa7e4d86-A1fa48cf2", "score": 18.249520437540266}
{"docno": "Sff5b0936-A35d04297", "score": 18.17054060596895}
{"docno": "S1ad132ba-Acdd7e3de", "score": 18.17054060596895}
{"docno": "Sbdaef866-Af74319b5", "score": 18.17054060596895}
{"docno": "Sb567d77e-A2daa6d96", "score": 18.147515031404907}
{"docno": "S2ec11424-A8520fb52", "score": 18.147036493521192}
{"docno": "S356ae6f2-A937d4400", "score": 18.087708529377927}
{"docno": "Sff5b0936-Abff38d9d", "score": 18.01461418597342}
{"docno": "S2c8c7446-A23eabfaa", "score": 17.97630175052937}
{"docno": "S22b33081-A69353932", "score": 17.93765022427149}
{"docno": "Sc1c5306-Ac946cfd6", "score": 17.92609046315947}
{"docno": "Sa2465b80-A742f9317", "score": 17.883671905953744}
{"docno": "Sa657588d-A9739d33b", "score": 17.861341092275673}
{"docno": "Sbdaef866-A6de366d6", "score": 17.85155297342812}
{"docno": "S2ec11424-Ae52cd025", "score": 17.775708163197997}
{"docno": "S3793e2aa-Afb13f13d", "score": 17.74800646737484}
{"docno": "Sbdaef866-Ae0f2d132", "score": 17.72710219688913}
{"docno": "S7dc0c769-Ac25c4a5", "score": 17.71065417063965}
{"docno": "Sc7c3b95f-Ac5b07878", "score": 17.696222344676496}
{"docno": "S9416a94c-Ab8de98ef", "score": 17.675900010302545}
{"docno": "S8b68ae4-A55faccdd", "score": 17.636260155702434}
{"docno": "S8b68ae4-Adbc01d1d", "score": 17.636260155702434}
{"docno": "S797b35ea-Af9c31bd2", "score": 17.614317440457505}
{"docno": "S7f312d2e-A4703e946", "score": 17.614317440457505}
{"type": "toggleArgument", "timestamp": "2025-06-26T11:00:03.420Z", "sessionID": "12ea4197-164c-4e17-b58e-6720ebb24dab", "rank": "2", "doc": "Sb3622b08-A51d84a00", "action": "expand", "doclen": 267, "score": 20.479129121411884}
{"type": "toggleArgument", "timestamp": "2025-06-26T11:00:11.036Z", "sessionID": "12ea4197-164c-4e17-b58e-6720ebb24dab", "rank": "5", "doc": "S22b33081-Aef2c4044", "action": "expand", "doclen": 332, "score": 20.24712204449592}
{"type": "queryBoxFocused", "timestamp": "2025-06-26T11:00:12.629Z", "sessionID": "12ea4197-164c-4e17-b58e-6720ebb24dab"}
{"type": "querySubmitted", "timestamp": "2025-06-26T11:00:17.509Z", "sessionID": "12ea4197-164c-4e17-b58e-6720ebb24dab", "query": "climate change cause"}
{"docno": "Sad1940fe-A5d2f71a1", "score": 26.065153016706766}
{"docno": "S4733bf42-A9663db5", "score": 25.863922885212734}
{"docno": "S4733bf42-Aa2caea", "score": 25.481448971918823}
{"docno": "Sfb47c4dc-A94839982", "score": 25.4613300654827}
{"docno": "S72b717aa-A4e5bfef", "score": 24.950628884633332}
{"docno": "S842a72e0-A1d511c20", "score": 24.494094460942218}
{"docno": "Sfb47c4dc-A17cfb6b2", "score": 24.28152941615281}
{"docno": "S4b594354-Aa36b7e52", "score": 24.241227477796393}
{"docno": "S9c07825d-A7ebb10f7", "score": 23.689802473838572}
{"docno": "S4755284a-Abea2e373", "score": 23.65991321797085}
{"docno": "Sd19576b8-A5a5317ca", "score": 23.529123091280653}
{"docno": "S29d685d9-A2003667e", "score": 23.480034660166353}
{"docno": "Sad1940fe-A6b09705d", "score": 23.428412079970244}
{"docno": "Sc952d8ae-Aa7b89e4b", "score": 23.304537001990024}
{"docno": "S9c07825d-A2cda98f1", "score": 23.106186676160814}
{"docno": "S797b35ea-A16360e96", "score": 23.074698323243403}
{"docno": "S797b35ea-Abaa629f6", "score": 23.065787649731494}
{"docno": "Sc09112b2-Ad0ff12f2", "score": 22.85909120778465}
{"docno": "Sc7c3b95f-Ac5b07878", "score": 22.809545394138986}
{"docno": "Sb567d838-Af45e2d26", "score": 22.69085136023935}
{"docno": "S6e876e1e-A18039c23", "score": 22.672399317755687}
{"docno": "Sff5b0936-A35d04297", "score": 22.571534711740092}
{"docno": "S1ad132ba-Acdd7e3de", "score": 22.571534711740092}
{"docno": "S588c0e26-A99d5cea6", "score": 22.53887865405323}
{"docno": "Sa5cb0429-Afd3a1107", "score": 22.51534518983322}
{"docno": "S5f3b3fcb-A9a3983c9", "score": 22.485663952746485}
{"docno": "S588c0ec1-A5ac7cc30", "score": 22.48158617718812}
{"docno": "S356ae6f2-A937d4400", "score": 22.391045804946593}
{"docno": "Seb9023f6-A30c2a558", "score": 22.374112637353782}
{"docno": "Sff5b0936-Abff38d9d", "score": 22.355353941897178}
{"docno": "Sb971c2e5-Aac4b7440", "score": 22.261276013871}
{"docno": "S588c0ea2-Aa15595cc", "score": 22.255919727027738}
{"docno": "S588c0e64-Aae020458", "score": 22.255919727027738}
{"docno": "Sa05d84f6-A8e59c216", "score": 22.12419777079685}
{"docno": "Sfc0a3aff-A385c4e50", "score": 22.02578411233302}
{"docno": "S81972726-Acb2ebcda", "score": 21.980862756743832}
{"docno": "Sd1472a3-A3e8d9665", "score": 21.866475875129304}
{"docno": "Sbfd1ea05-Acd5f5a6c", "score": 21.774317936752233}
{"docno": "Sd147300-A474e17f0", "score": 21.772771543978294}
{"docno": "S4aed9441-A5d365f93", "score": 21.712676722422366}
{"docno": "S7ae7b591-A27464ebe", "score": 21.64866932188849}
{"docno": "S9416a94c-Ab8de98ef", "score": 21.53411016157735}
{"docno": "Sd14731f-A73396c22", "score": 21.496560255972113}
{"docno": "S2c7b65bb-A8f4f92d4", "score": 21.472386534395937}
{"docno": "S588c0e26-A52650c10", "score": 21.294948285347118}
{"docno": "S2be9e844-Aeb861fe4", "score": 21.225951962248857}
{"docno": "Sd490026a-A168cc69a", "score": 21.225951962248857}
{"docno": "Sa5cb0429-A5a580bd2", "score": 21.22319241125342}
{"docno": "Sa05d84f6-Ac536054e", "score": 21.20333185603125}
{"docno": "S22348c0b-Af2a846a2", "score": 21.190473686999795}
{"docno": "Sb235f67a-A9e0b73cd", "score": 21.175854800093013}
{"docno": "Sb567d77e-A2daa6d96", "score": 21.02872212751561}
{"docno": "S5beb1ab2-A1154bb36", "score": 20.98720361621593}
{"docno": "Sd1472a3-Ab1e6ed0f", "score": 20.862764729950918}
{"docno": "S966ee04-A64bd1817", "score": 20.852757960030065}
{"docno": "S1cddb464-Ad4920739", "score": 20.769591162088492}
{"docno": "S5f0172d-A305d18ff", "score": 20.692229672398884}
{"docno": "Sf3e7da07-Aca1451fa", "score": 20.69221412095026}
{"docno": "S8f18b48f-A35409a72", "score": 20.678189826866724}
{"docno": "S4aed909f-A4e712059", "score": 20.606702911179458}
{"docno": "S83ff45f2-A4287f1f1", "score": 20.51088471101078}
{"docno": "Sd490026a-Adbef8f8a", "score": 20.507517246119747}
{"docno": "S61b465af-A6157770d", "score": 20.49511686990473}
{"docno": "Sb3622b08-A51d84a00", "score": 20.479129121411884}
{"docno": "S19247fa3-A9357b481", "score": 20.46182166540519}
{"docno": "Sb235f67a-A31bf7052", "score": 20.435824917047988}
{"docno": "S797b35ea-Af9c31bd2", "score": 20.431520623939406}
{"docno": "Sbde3d11-Af6c03f16", "score": 20.350042669346546}
{"docno": "S588c0e26-Abc2e9a92", "score": 20.311473645899845}
{"docno": "S797b35ea-Ac49f5afe", "score": 20.24966121962668}
{"docno": "S22b33081-Aef2c4044", "score": 20.24712204449592}
{"docno": "Sdbed694f-Ae83e8597", "score": 20.235266874388806}
{"docno": "S72b717aa-A5b71474b", "score": 20.182016960310065}
{"docno": "Sf6cb505e-Ad6d22c03", "score": 20.142071225537464}
{"docno": "S5beb1ab2-A3004f4af", "score": 20.1136937588632}
{"docno": "Sc09112b2-A1a3d1579", "score": 20.07678862619735}
{"docno": "Sbdaef866-A843981ba", "score": 20.0200323984495}
{"docno": "Sd19576b8-Adfc0be02", "score": 20.010368415998073}
{"docno": "Se1435c7e-Aefaefef", "score": 19.99514910046242}
{"docno": "Sa05d84f6-A9627291b", "score": 19.970133257054176}
{"docno": "Sab411082-Aef70853", "score": 19.9528943914991}
{"docno": "S2ec11424-A681d957c", "score": 19.94841794108154}
{"docno": "S1f99f50b-A45ab7049", "score": 19.94055014269736}
{"docno": "Sc9ba19f5-A80b1262b", "score": 19.903852745837913}
{"docno": "S81972726-A8de24e7", "score": 19.795626365957254}
{"docno": "S62c89a27-Aa19c707", "score": 19.795055648793912}
{"docno": "S2ec11424-Ab17eaf2a", "score": 19.76447399751494}
{"docno": "S7852a724-A532aa088", "score": 19.69106255302609}
{"docno": "Secc4434-A6fb9e1b9", "score": 19.6555425051385}
{"docno": "S2ec11424-A984b353b", "score": 19.620118038716157}
{"docno": "Sa2465b80-A5d16ca3f", "score": 19.615515258879142}
{"docno": "Sf64877e9-Ac38403f4", "score": 19.509410259744836}
{"docno": "Sbe8a8dc9-A5a8b410b", "score": 19.43231127890403}
{"docno": "S2ec11424-A4c09bf00", "score": 19.432000721596125}
{"docno": "Sa657588d-Ae737538e", "score": 19.408879569187285}
{"docno": "S9793293e-Ace945910", "score": 19.381243742202273}
{"docno": "Sb567d75f-Aa76a4a58", "score": 19.375074129025936}
{"docno": "Saac8b02a-A8d24639b", "score": 19.357555326536975}
{"docno": "Saa7e4d86-A41d6abea", "score": 19.340227708240896}
{"docno": "S2ec11424-A2e1b14cd", "score": 19.315650611892313}
{"type": "toggleArgument", "timestamp": "2025-06-26T11:00:25.132Z", "sessionID": "12ea4197-164c-4e17-b58e-6720ebb24dab", "rank": "2", "doc": "S4733bf42-A9663db5", "action": "expand", "doclen": 398, "score": 19.863956935625875}
{"type": "StanceClicked", "timestamp": "2025-06-26T11:00:42.797Z", "sessionID": "12ea4197-164c-4e17-b58e-6720ebb24dab", "rank": "2", "stance": "con", "action": "chooseStance", "doc": "S4733bf42-A9663db5", "doclen": 398, "score": 19.863956935625875}
{"type": "toggleArgument", "timestamp": "2025-06-26T11:00:49.933Z", "sessionID": "12ea4197-164c-4e17-b58e-6720ebb24dab", "rank": "5", "doc": "S72b717aa-A4e5bfef", "action": "expand", "doclen": 383, "score": 19.55555887341082}
{"type": "StanceClicked", "timestamp": "2025-06-26T11:01:02.733Z", "sessionID": "12ea4197-164c-4e17-b58e-6720ebb24dab", "rank": "5", "stance": "pro", "action": "chooseStance", "doc": "S72b717aa-A4e5bfef", "doclen": 383, "score": 19.55555887341082}
{"type": "toggleArgument", "timestamp": "2025-06-26T11:01:04.741Z", "sessionID": "12ea4197-164c-4e17-b58e-6720ebb24dab", "rank": "6", "doc": "S842a72e0-A1d511c20", "action": "expand", "doclen": 780, "score": 19.832735755040325}
{"type": "StanceClicked", "timestamp": "2025-06-26T11:01:35.501Z", "sessionID": "12ea4197-164c-4e17-b58e-6720ebb24dab", "rank": "6", "stance": "con", "action": "chooseStance", "doc": "S842a72e0-A1d511c20", "doclen": 780, "score": 19.832735755040325}
{"type": "pageNavigationClicked", "timestamp": "2025-06-26T11:01:38.109Z", "sessionID": "12ea4197-164c-4e17-b58e-6720ebb24dab", "clicked": "10", "fromPage": 1, "toPage": 10}
{"type": "toggleArgument", "timestamp": "2025-06-26T11:01:43.158Z", "sessionID": "12ea4197-164c-4e17-b58e-6720ebb24dab", "rank": "100", "doc": "S2ec11424-A2e1b14cd", "action": "expand", "doclen": 591, "score": 19.315650611892313}
{"type": "toggleArgument", "timestamp": "2025-06-26T11:01:50.206Z", "sessionID": "12ea4197-164c-4e17-b58e-6720ebb24dab", "rank": "99", "doc": "Saa7e4d86-A41d6abea", "action": "expand", "doclen": 848, "score": 22.406046856572466}
{"type": "toggleArgument", "timestamp": "2025-06-26T11:02:05.302Z", "sessionID": "12ea4197-164c-4e17-b58e-6720ebb24dab", "rank": "97", "doc": "Sb567d75f-Aa76a4a58", "action": "expand", "doclen": 341, "score": 19.375074129025936}
{"type": "StanceClicked", "timestamp": "2025-06-26T11:02:17.454Z", "sessionID": "12ea4197-164c-4e17-b58e-6720ebb24dab", "rank": "97", "stance": "pro", "action": "chooseStance", "doc": "Sb567d75f-Aa76a4a58", "doclen": 341, "score": 19.375074129025936}
{"type": "toggleArgument", "timestamp": "2025-06-26T11:02:29.102Z", "sessionID": "12ea4197-164c-4e17-b58e-6720ebb24dab", "rank": "91", "doc": "Sa2465b80-A5d16ca3f", "action": "expand", "doclen": 2216, "score": 21.495527358970616}
{"type": "pageNavigationClicked", "timestamp": "2025-06-26T11:02:32.446Z", "sessionID": "12ea4197-164c-4e17-b58e-6720ebb24dab", "clicked": "5", "fromPage": 10, "toPage": 5}
{"type": "queryBoxFocused", "timestamp": "2025-06-26T11:02:34.823Z", "sessionID": "12ea4197-164c-4e17-b58e-6720ebb24dab"}
{"type": "querySubmitted", "timestamp": "2025-06-26T11:02:43.047Z", "sessionID": "12ea4197-164c-4e17-b58e-6720ebb24dab", "query": "non human climate change"}
{"docno": "Sad1940fe-A5d2f71a1", "score": 30.24184495785906}
{"docno": "S797b35ea-Abaa629f6", "score": 25.676597752370547}
{"docno": "S588c0ec1-Ac1d23959", "score": 24.97004927030549}
{"docno": "Sfb47c4dc-A94839982", "score": 24.554950733659613}
{"docno": "S4733bf42-Aa2caea", "score": 24.413399199905335}
{"docno": "Sa5cb0429-Afd3a1107", "score": 24.355070211030615}
{"docno": "Sbdaef866-Af74319b5", "score": 24.33456680646402}
{"docno": "Sfb47c4dc-A17cfb6b2", "score": 24.13637839733797}
{"docno": "Sc952d8ae-Aa7b89e4b", "score": 24.13131187102749}
{"docno": "S9c07825d-A7ebb10f7", "score": 24.07213761820216}
{"docno": "Sb58ff37e-A58f42ca9", "score": 23.80016213400606}
{"docno": "S4b594354-Aa36b7e52", "score": 23.792784067345842}
{"docno": "S9c07825d-A2cda98f1", "score": 23.57098731603668}
{"docno": "Sd14731f-A714bffeb", "score": 23.52638286222036}
{"docno": "S1ad132ba-Aba187498", "score": 23.402264101900826}
{"docno": "S29d685d9-A2003667e", "score": 23.167206475893718}
{"docno": "S797b35ea-Ac49f5afe", "score": 23.14592459730766}
{"docno": "S7ae7b591-A27464ebe", "score": 23.029808730253315}
{"docno": "S54b376ad-A63346a5f", "score": 22.98080320276104}
{"docno": "S588c0e26-A99d5cea6", "score": 22.88062977639109}
{"docno": "Sc7c3b95f-Ac5b07878", "score": 22.832492999822843}
{"docno": "S588c0ec1-A5ac7cc30", "score": 22.825248258329058}
{"docno": "Sa3d6bdee-A43dc2cbc", "score": 22.645887108501416}
{"docno": "S797b35ea-A16360e96", "score": 22.617886756594977}
{"docno": "S588c0ea2-Aa15595cc", "score": 22.60671660544214}
{"docno": "S588c0e64-Aae020458", "score": 22.60671660544214}
{"docno": "Sc09112b2-Ad0ff12f2", "score": 22.45371840367796}
{"docno": "S356ae6f2-A937d4400", "score": 22.424316989302945}
{"docno": "Saa7e4d86-A41d6abea", "score": 22.406046856572466}
{"docno": "Sc8d31d0c-A6f0d479d", "score": 22.393651087380206}
{"docno": "S3793e2aa-Afb13f13d", "score": 22.367206861200906}
{"docno": "S224f83e1-A1ffaf30", "score": 22.366020636730212}
{"docno": "S8a33ec31-A82039748", "score": 22.36139081698795}
{"docno": "Sa2465b80-A742f9317", "score": 22.19598227313211}
{"docno": "Sd6f37d3b-A6eef8c97", "score": 22.07496149141208}
{"docno": "S9416a94c-Ab8de98ef", "score": 21.97528031250035}
{"docno": "Seb9023f6-A30c2a558", "score": 21.908518448067515}
{"docno": "S1ad132ba-A25524134", "score": 21.8995575263098}
{"docno": "S9c07825d-A80ec8f5a", "score": 21.88345302382142}
{"docno": "Sd14731f-A73396c22", "score": 21.860739122244542}
{"docno": "S2c7b65bb-A8f4f92d4", "score": 21.347923756810772}
{"docno": "Sd19576b8-A5a5317ca", "score": 21.316525260807403}
{"docno": "S3793e2aa-A631b9bf9", "score": 21.3128712773583}
{"docno": "S61b465af-A6157770d", "score": 21.27591613251515}
{"docno": "Sa5cb0429-A5a580bd2", "score": 21.1915807355983}
{"docno": "S412c152b-A64dc2eca", "score": 21.124662126666415}
{"docno": "S2ec11424-A402d45be", "score": 21.00145672640582}
{"docno": "S4aed909f-A4e712059", "score": 20.94648969261042}
{"docno": "S2be9e844-Aeb861fe4", "score": 20.84052860299088}
{"docno": "Sd490026a-A168cc69a", "score": 20.84052860299088}
{"docno": "S22348c0b-Af2a846a2", "score": 20.82209865906571}
{"docno": "Sb567d77e-A2daa6d96", "score": 20.75362960976798}
{"docno": "S94d1f64-A78cd0eaf", "score": 20.706825858502974}
{"docno": "Sb235f67a-A9e0b73cd", "score": 20.706825858502974}
{"docno": "Sbde3d11-Af6c03f16", "score": 20.70490898311938}
{"docno": "Sab411006-Ac9850d07", "score": 20.605848408007414}
{"docno": "S83ff45f2-A4287f1f1", "score": 20.51088471101078}
{"docno": "Sb3622b08-A51d84a00", "score": 20.479129121411884}
{"docno": "S52e5537b-A97686aee", "score": 20.45584482618382}
{"docno": "Sc1c5306-Ac946cfd6", "score": 20.434322738838482}
{"docno": "S1cddb464-Ad4920739", "score": 20.396057674046737}
{"docno": "Sb67bc631-A368d0649", "score": 20.325392133133402}
{"docno": "Sd490026a-Adbef8f8a", "score": 20.307760078712896}
{"docno": "S8f18b48f-A35409a72", "score": 20.306946823505704}
{"docno": "S22b33081-Aef2c4044", "score": 20.24712204449592}
{"docno": "Sd24f411a-A610f7b54", "score": 20.236503162699993}
{"docno": "S72b717aa-A5b71474b", "score": 20.182016960310065}
{"docno": "Sbdaef866-A6de366d6", "score": 20.15424231623801}
{"docno": "Sab411082-Aef70853", "score": 19.9528943914991}
{"docno": "S4733bf42-A9663db5", "score": 19.863956935625875}
{"docno": "S842a72e0-A1d511c20", "score": 19.832735755040325}
{"docno": "S588c0e26-A52650c10", "score": 19.80139094842899}
{"docno": "Sdbed694f-Ae83e8597", "score": 19.787071233906566}
{"docno": "S7e4a33fd-A3081a80c", "score": 19.77099871332113}
{"docno": "S2ec11424-Ab17eaf2a", "score": 19.76447399751494}
{"docno": "Sbdaef866-A933a1f26", "score": 19.703593184662655}
{"docno": "S6483f6a7-Afa983dbc", "score": 19.699131533525538}
{"docno": "Secc4434-A6fb9e1b9", "score": 19.6555425051385}
{"docno": "Sfb47c4dc-A59379d46", "score": 19.64024210910524}
{"docno": "S2ec11424-A984b353b", "score": 19.620118038716157}
{"docno": "Sd14731f-Ab73daf39", "score": 19.618835096685046}
{"docno": "S4aed909f-Acc3fc465", "score": 19.60042315762671}
{"docno": "S72b717aa-A4e5bfef", "score": 19.55555887341082}
{"docno": "Sf64877e9-Ac38403f4", "score": 19.509410259744836}
{"docno": "S7852a724-Abde99784", "score": 19.468445260764206}
{"docno": "S4755284a-Abea2e373", "score": 19.434864400703027}
{"docno": "S2ec11424-A4c09bf00", "score": 19.432000721596125}
{"docno": "S6e876e1e-A18039c23", "score": 19.42947710208727}
{"docno": "Sa657588d-Ae737538e", "score": 19.408879569187285}
{"docno": "Sb567d75f-Aa76a4a58", "score": 19.375074129025936}
{"docno": "S96383afe-A5bcdadee", "score": 19.36208138851027}
{"docno": "Saac8b02a-A8d24639b", "score": 19.357555326536975}
{"docno": "Sf1e6a226-Af7a57e41", "score": 19.35716842552521}
{"docno": "Se1435c7e-Ab2ebe2ee", "score": 19.35716842552521}
{"docno": "S4733bf42-Acb57dc7b", "score": 19.34965909339605}
{"docno": "Sd1472a3-Ab1e6ed0f", "score": 19.347883245792765}
{"docno": "Sa05d84f6-A8e59c216", "score": 19.3440499599374}
{"docno": "S5beb1ab2-A3004f4af", "score": 19.332968227939144}
{"docno": "S2ec11424-A2e1b14cd", "score": 19.315650611892313}
{"docno": "Sb829557a-A2faff0dc", "score": 19.28119259627873}
{"type": "toggleArgument", "timestamp": "2025-06-26T11:02:56.694Z", "sessionID": "12ea4197-164c-4e17-b58e-6720ebb24dab", "rank": "4", "doc": "Sfb47c4dc-A94839982", "action": "expand", "doclen": 1207, "score": 24.554950733659613}
{"type": "StanceClicked", "timestamp": "2025-06-26T11:03:20.823Z", "sessionID": "12ea4197-164c-4e17-b58e-6720ebb24dab", "rank": "4", "stance": "pro", "action": "chooseStance", "doc": "Sfb47c4dc-A94839982", "doclen": 1207, "score": 24.554950733659613}
{"type": "toggleArgument", "timestamp": "2025-06-26T11:03:27.878Z", "sessionID": "12ea4197-164c-4e17-b58e-6720ebb24dab", "rank": "6", "doc": "Sa5cb0429-Afd3a1107", "action": "expand", "doclen": 1098, "score": 24.355070211030615}
{"type": "StanceClicked", "timestamp": "2025-06-26T11:04:12.783Z", "sessionID": "12ea4197-164c-4e17-b58e-6720ebb24dab", "rank": "6", "stance": "pro", "action": "chooseStance", "doc": "Sa5cb0429-Afd3a1107", "doclen": 1098, "score": 24.355070211030615}
{"type": "toggleArgument", "timestamp": "2025-06-26T11:04:17.206Z", "sessionID": "12ea4197-164c-4e17-b58e-6720ebb24dab", "rank": "8", "doc": "Sfb47c4dc-A17cfb6b2", "action": "expand", "doclen": 1983, "score": 24.13637839733797}
{"type": "StanceClicked", "timestamp": "2025-06-26T11:04:24.687Z", "sessionID": "12ea4197-164c-4e17-b58e-6720ebb24dab", "rank": "8", "stance": "pro", "action": "chooseStance", "doc": "Sfb47c4dc-A17cfb6b2", "doclen": 1983, "score": 24.13637839733797}
{"type": "pageNavigationClicked", "timestamp": "2025-06-26T11:04:27.487Z", "sessionID": "12ea4197-164c-4e17-b58e-6720ebb24dab", "clicked": "6", "fromPage": 1, "toPage": 6}
{"type": "pageNavigationClicked", "timestamp": "2025-06-26T11:04:29.319Z", "sessionID": "12ea4197-164c-4e17-b58e-6720ebb24dab", "clicked": "7", "fromPage": 6, "toPage": 7}
{"type": "toggleArgument", "timestamp": "2025-06-26T11:04:36.487Z", "sessionID": "12ea4197-164c-4e17-b58e-6720ebb24dab", "rank": "61", "doc": "S1cddb464-Ad4920739", "action": "expand", "doclen": 629, "score": 20.396057674046737}
{"type": "toggleArgument", "timestamp": "2025-06-26T11:04:44.911Z", "sessionID": "12ea4197-164c-4e17-b58e-6720ebb24dab", "rank": "63", "doc": "Sd490026a-Adbef8f8a", "action": "expand", "doclen": 2095, "score": 20.307760078712896}
{"type": "toggleArgument", "timestamp": "2025-06-26T11:05:04.271Z", "sessionID": "12ea4197-164c-4e17-b58e-6720ebb24dab", "rank": "67", "doc": "S72b717aa-A5b71474b", "action": "expand", "doclen": 672, "score": 20.182016960310065}
{"type": "pageNavigationClicked", "timestamp": "2025-06-26T11:05:14.727Z", "sessionID": "12ea4197-164c-4e17-b58e-6720ebb24dab", "clicked": "4", "fromPage": 7, "toPage": 4}
{"type": "toggleArgument", "timestamp": "2025-06-26T11:05:25.159Z", "sessionID": "12ea4197-164c-4e17-b58e-6720ebb24dab", "rank": "31", "doc": "S3793e2aa-Afb13f13d", "action": "expand", "doclen": 2070, "score": 27.800720635570432}
{"type": "StanceClicked", "timestamp": "2025-06-26T11:05:30.335Z", "sessionID": "12ea4197-164c-4e17-b58e-6720ebb24dab", "rank": "31", "stance": "con", "action": "chooseStance", "doc": "S3793e2aa-Afb13f13d", "doclen": 2070, "score": 27.800720635570432}
{"type": "ClickedEndTask", "timestamp": "2025-06-26T11:05:42.248Z", "sessionID": "12ea4197-164c-4e17-b58e-6720ebb24dab"}
{"type": "toggleSavedDocumentsClicked", "timestamp": "2025-06-26T11:05:43.999Z", "sessionID": "12ea4197-164c-4e17-b58e-6720ebb24dab", "clicked": "shown"}
{"type": "TaskEndConfirmed", "timestamp": "2025-06-26T11:05:47.751Z", "sessionID": "12ea4197-164c-4e17-b58e-6720ebb24dab"}
{"type": "TaskEnded", "timestamp": "2025-06-26T11:05:55.295Z", "sessionID": "12ea4197-164c-4e17-b58e-6720ebb24dab", "reason": "Time limit", "translated_reason": "Time limit"}
