{"type": "TaskStarted", "timestamp": "2025-06-26T10:20:45.603Z", "sessionID": "55f4a07b-e525-42e0-ae5d-60af9eebe517", "task": "2", "uid": "Participant52", "topic": "Should people become vegetarian?"}
{"type": "queryBoxFocused", "timestamp": "2025-06-26T10:20:48.158Z", "sessionID": "55f4a07b-e525-42e0-ae5d-60af9eebe517"}
{"type": "querySubmitted", "timestamp": "2025-06-26T10:21:00.091Z", "sessionID": "55f4a07b-e525-42e0-ae5d-60af9eebe517", "query": "should people become vegetarian"}
{"docno": "S2e8edb11-A9f31fa1e", "score": 18.536281573742585}
{"docno": "S7eabc63c-Ac2eceb01", "score": 18.505404995885165}
{"docno": "S2e8eda57-A72f79d22", "score": 18.482851116178164}
{"docno": "Seb7cbdce-Aa7ea8a86", "score": 18.188339504521842}
{"docno": "S2e8eda76-Ae6cc60b0", "score": 17.75996321746854}
{"docno": "S2e8eda57-Ac1fb986c", "score": 17.6806321581839}
{"docno": "Sfad42a17-A459fa583", "score": 17.516226999125397}
{"docno": "S828ec24d-A3bf1d572", "score": 17.448314525389723}
{"docno": "S2e8edb11-A178cf32f", "score": 17.080566677576556}
{"docno": "Se3d235e2-A69eb3019", "score": 17.080566677576556}
{"docno": "S8e65f903-A22f4376a", "score": 17.02545691882937}
{"docno": "S7648964d-A161ad842", "score": 17.024735366278865}
{"docno": "S8aed976f-A6bc9256a", "score": 16.94403896961973}
{"docno": "S2e8edb4f-Ae57c3dd2", "score": 16.897248456632614}
{"docno": "Sf3baef00-Ace9b7ea", "score": 16.86043703216094}
{"docno": "Sfad42a17-A8600f866", "score": 16.810310362321918}
{"docno": "Sfad42a17-Ae8e50596", "score": 16.727704762636947}
{"docno": "S8eeab760-A787404a4", "score": 16.71880661452255}
{"docno": "S7eabc63c-Ad3acf60c", "score": 16.71784569932515}
{"docno": "Sdcbaec56-Aff55aaca", "score": 16.67617021855928}
{"docno": "S129ce23f-A9ba3f2b9", "score": 16.62562560005546}
{"docno": "Sebd53e8-Aaad46fd5", "score": 16.623350512205995}
{"docno": "Sb801a11e-Af81d3042", "score": 16.60205589867872}
{"docno": "Sf3baef00-Aea6c02c0", "score": 16.566249344006536}
{"docno": "S4930d310-A2ebf4937", "score": 16.359750530008974}
{"docno": "S8d6f8754-A96a0c0ad", "score": 16.3387007470438}
{"docno": "S828ec24d-Acf329894", "score": 16.33595903259676}
{"docno": "Sebd53e8-A4780650", "score": 16.28851577161898}
{"docno": "S1d882e9c-A510bec2b", "score": 16.177303685915465}
{"docno": "S64d7e0c5-A2845f549", "score": 16.171664340905213}
{"docno": "S1d882e9c-Af1742e73", "score": 16.127635746414345}
{"docno": "S828ec24d-A1c006255", "score": 16.122307789535014}
{"docno": "S8d6f8754-Afb0b1e96", "score": 16.10619321116564}
{"docno": "S90ec04d-Ad357f63b", "score": 16.06834772869847}
{"docno": "Sda18aa91-Ae821625d", "score": 16.040281513438988}
{"docno": "Sd0e3a01f-A6cf5e204", "score": 15.991155486183219}
{"docno": "Sd188b434-A6e7d8bc7", "score": 15.98016073394417}
{"docno": "Sa82d5442-Afaeb2c36", "score": 15.928730189844515}
{"docno": "S58007153-Abe8b632a", "score": 15.918787021651072}
{"docno": "S95769c7a-A828bcdb4", "score": 15.90713709118424}
{"docno": "S2e8edb4f-Af1ef8e01", "score": 15.899874722502059}
{"docno": "S129ce23f-Ac96c02af", "score": 15.839803100868764}
{"docno": "Sd05cb2be-Ac2f89498", "score": 15.832555292449936}
{"docno": "Sd05cb29f-Ac2f89498", "score": 15.832555292449936}
{"docno": "S2626df18-A77da1803", "score": 15.755147075262713}
{"docno": "S7ff8bc0b-A1102375f", "score": 15.665623390951579}
{"docno": "S64748291-A85c5da7f", "score": 15.642143962585005}
{"docno": "S8eeab760-A4555e543", "score": 15.635919915566081}
{"docno": "S180c0226-A3d03c63a", "score": 15.625300338902205}
{"docno": "S5941421a-A5edd57e", "score": 15.608070294255464}
{"docno": "S1d882e9c-Abf5d99bb", "score": 15.608028290017284}
{"docno": "S79228a3b-A3e9d4fb7", "score": 15.550361710410883}
{"docno": "Sdd59ecf8-Abc922906", "score": 15.501269043421601}
{"docno": "Sd98175c5-Afa1e1d7b", "score": 15.496037635852767}
{"docno": "S8aed976f-Aaad313e4", "score": 15.46051892933442}
{"docno": "S64748291-A4aa936aa", "score": 15.370959487076073}
{"docno": "S2e8eda57-A958880c6", "score": 15.333628124135323}
{"docno": "S129ce23f-A1df92f0e", "score": 15.32103412781859}
{"docno": "S49fc1d88-A8c0e6c7b", "score": 15.296515240000808}
{"docno": "S8eeab760-Adddd4366", "score": 15.276940069989617}
{"docno": "S69d892e-Ad8ce8cc4", "score": 15.24766062770111}
{"docno": "S8e65f903-A29810858", "score": 15.238506432579555}
{"docno": "Sb18701de-Abb73ac2d", "score": 15.156889507624427}
{"docno": "S180c0226-Ad13a8204", "score": 15.151092786187894}
{"docno": "Sf3baef00-Ae90b75c8", "score": 15.101603237474752}
{"docno": "S8d6f8754-Ada17ba6d", "score": 15.093548657733816}
{"docno": "Sfad42a17-A744d113b", "score": 15.042163452862992}
{"docno": "Se3d235e2-Aaa11cf2d", "score": 15.033564371620608}
{"docno": "Se3d235e2-A55ad3fa8", "score": 15.033564371620608}
{"docno": "S129ce23f-A4af46b02", "score": 14.969660370842814}
{"docno": "Sc97ab4d9-Ac8a905c4", "score": 14.89997162500125}
{"docno": "Sebf0ab1b-A5f42b715", "score": 14.87166637918181}
{"docno": "S2e8edb4f-A9ce63f3d", "score": 14.857322794446818}
{"docno": "S5941421a-A53d56682", "score": 14.79389949055892}
{"docno": "S384991a9-Ac892620", "score": 14.771838981648973}
{"docno": "Sadf9214a-A9b80fbb1", "score": 14.768015224552176}
{"docno": "S2abb75b-A4dc8b6fe", "score": 14.753185735997446}
{"docno": "S159f151d-A2203dba4", "score": 14.748652006740574}
{"docno": "S69d892e-Ac8373b84", "score": 14.739459758757032}
{"docno": "S33b817a-A4918fdbc", "score": 14.703975739720526}
{"docno": "S180c0226-A44ff56", "score": 14.661023207156989}
{"docno": "S61b66cc4-Ad4ea20a8", "score": 14.539142722303298}
{"docno": "Sf2b66258-A6136d67e", "score": 14.482700147377821}
{"docno": "S8234348d-A1f1ef2e2", "score": 14.467293341175742}
{"docno": "Sb66b3ad1-Ac6b550fe", "score": 14.467293341175742}
{"docno": "S8d3d280d-A46dea061", "score": 14.379724607593483}
{"docno": "Scb5bebe9-A56a9485e", "score": 14.371646422678445}
{"docno": "Sa82d5442-A4d5560b4", "score": 14.369939425530115}
{"docno": "Sa82d5461-Aeb67d910", "score": 14.369939425530115}
{"docno": "S7b65bdc-A79145b84", "score": 14.330589596586366}
{"docno": "Sb66b3ad1-A87bee2c3", "score": 14.304968673992972}
{"docno": "S828ec24d-Ae22b571c", "score": 14.238713166547742}
{"docno": "Se3d235e2-A9043d473", "score": 14.205674348718341}
{"docno": "S16f3dc63-A288dde5e", "score": 14.150027001216829}
{"docno": "S8234348d-A2f351260", "score": 14.105840358688091}
{"docno": "S69d892e-A53cbb404", "score": 14.089853758429596}
{"docno": "S9bfb3349-Ac46fc0e", "score": 14.051954064591163}
{"docno": "Sc4b5058-A8320f2a8", "score": 14.042036565953083}
{"docno": "S79228a3b-Aef4fdb53", "score": 14.01770523278534}
{"docno": "S129ce23f-A3a8077f1", "score": 14.000923544218413}
{"type": "toggleArgument", "timestamp": "2025-06-26T10:21:02.618Z", "sessionID": "55f4a07b-e525-42e0-ae5d-60af9eebe517", "rank": "1", "doc": "S2e8edb11-A9f31fa1e", "action": "expand", "doclen": 697, "score": 18.536281573742585}
{"type": "StanceClicked", "timestamp": "2025-06-26T10:21:21.195Z", "sessionID": "55f4a07b-e525-42e0-ae5d-60af9eebe517", "rank": "1", "stance": "pro", "action": "chooseStance", "doc": "S2e8edb11-A9f31fa1e", "doclen": 697, "score": 18.536281573742585}
{"type": "toggleArgument", "timestamp": "2025-06-26T10:21:23.483Z", "sessionID": "55f4a07b-e525-42e0-ae5d-60af9eebe517", "rank": "2", "doc": "S7eabc63c-Ac2eceb01", "action": "expand", "doclen": 658, "score": 18.505404995885165}
{"type": "StanceClicked", "timestamp": "2025-06-26T10:21:40.771Z", "sessionID": "55f4a07b-e525-42e0-ae5d-60af9eebe517", "rank": "2", "stance": "con", "action": "chooseStance", "doc": "S7eabc63c-Ac2eceb01", "doclen": 658, "score": 18.505404995885165}
{"type": "toggleArgument", "timestamp": "2025-06-26T10:21:42.635Z", "sessionID": "55f4a07b-e525-42e0-ae5d-60af9eebe517", "rank": "3", "doc": "S2e8eda57-A72f79d22", "action": "expand", "doclen": 493, "score": 18.482851116178164}
{"type": "StanceClicked", "timestamp": "2025-06-26T10:21:56.932Z", "sessionID": "55f4a07b-e525-42e0-ae5d-60af9eebe517", "rank": "3", "stance": "con", "action": "chooseStance", "doc": "S2e8eda57-A72f79d22", "doclen": 493, "score": 18.482851116178164}
{"type": "toggleArgument", "timestamp": "2025-06-26T10:21:58.395Z", "sessionID": "55f4a07b-e525-42e0-ae5d-60af9eebe517", "rank": "4", "doc": "Seb7cbdce-Aa7ea8a86", "action": "expand", "doclen": 690, "score": 18.188339504521842}
{"type": "StanceClicked", "timestamp": "2025-06-26T10:22:13.099Z", "sessionID": "55f4a07b-e525-42e0-ae5d-60af9eebe517", "rank": "4", "stance": "pro", "action": "chooseStance", "doc": "Seb7cbdce-Aa7ea8a86", "doclen": 690, "score": 18.188339504521842}
{"type": "toggleArgument", "timestamp": "2025-06-26T10:22:19.147Z", "sessionID": "55f4a07b-e525-42e0-ae5d-60af9eebe517", "rank": "5", "doc": "S2e8eda76-Ae6cc60b0", "action": "expand", "doclen": 641, "score": 17.75996321746854}
{"type": "toggleArgument", "timestamp": "2025-06-26T10:22:46.938Z", "sessionID": "55f4a07b-e525-42e0-ae5d-60af9eebe517", "rank": "6", "doc": "S2e8eda57-Ac1fb986c", "action": "expand", "doclen": 271, "score": 17.6806321581839}
{"type": "toggleArgument", "timestamp": "2025-06-26T10:22:52.627Z", "sessionID": "55f4a07b-e525-42e0-ae5d-60af9eebe517", "rank": "7", "doc": "Sfad42a17-A459fa583", "action": "expand", "doclen": 2545, "score": 17.516226999125397}
{"type": "StanceClicked", "timestamp": "2025-06-26T10:23:19.443Z", "sessionID": "55f4a07b-e525-42e0-ae5d-60af9eebe517", "rank": "7", "stance": "pro", "action": "chooseStance", "doc": "Sfad42a17-A459fa583", "doclen": 2545, "score": 17.516226999125397}
{"type": "toggleArgument", "timestamp": "2025-06-26T10:23:21.075Z", "sessionID": "55f4a07b-e525-42e0-ae5d-60af9eebe517", "rank": "8", "doc": "S828ec24d-A3bf1d572", "action": "expand", "doclen": 1453, "score": 17.448314525389723}
{"type": "StanceClicked", "timestamp": "2025-06-26T10:23:33.187Z", "sessionID": "55f4a07b-e525-42e0-ae5d-60af9eebe517", "rank": "8", "stance": "pro", "action": "chooseStance", "doc": "S828ec24d-A3bf1d572", "doclen": 1453, "score": 17.448314525389723}
{"type": "toggleArgument", "timestamp": "2025-06-26T10:23:34.851Z", "sessionID": "55f4a07b-e525-42e0-ae5d-60af9eebe517", "rank": "9", "doc": "S2e8edb11-A178cf32f", "action": "expand", "doclen": 245, "score": 17.080566677576556}
{"type": "toggleArgument", "timestamp": "2025-06-26T10:23:47.595Z", "sessionID": "55f4a07b-e525-42e0-ae5d-60af9eebe517", "rank": "10", "doc": "Se3d235e2-A69eb3019", "action": "expand", "doclen": 259, "score": 17.080566677576556}
{"type": "pageNavigationClicked", "timestamp": "2025-06-26T10:24:07.451Z", "sessionID": "55f4a07b-e525-42e0-ae5d-60af9eebe517", "clicked": "2", "fromPage": 1, "toPage": 2}
{"type": "toggleArgument", "timestamp": "2025-06-26T10:24:09.483Z", "sessionID": "55f4a07b-e525-42e0-ae5d-60af9eebe517", "rank": "11", "doc": "S8e65f903-A22f4376a", "action": "expand", "doclen": 733, "score": 17.02545691882937}
{"type": "toggleArgument", "timestamp": "2025-06-26T10:24:31.973Z", "sessionID": "55f4a07b-e525-42e0-ae5d-60af9eebe517", "rank": "12", "doc": "S7648964d-A161ad842", "action": "expand", "doclen": 506, "score": 17.024735366278865}
{"type": "toggleArgument", "timestamp": "2025-06-26T10:24:44.333Z", "sessionID": "55f4a07b-e525-42e0-ae5d-60af9eebe517", "rank": "13", "doc": "S8aed976f-A6bc9256a", "action": "expand", "doclen": 2989, "score": 16.94403896961973}
{"type": "StanceClicked", "timestamp": "2025-06-26T10:25:09.405Z", "sessionID": "55f4a07b-e525-42e0-ae5d-60af9eebe517", "rank": "13", "stance": "pro", "action": "chooseStance", "doc": "S8aed976f-A6bc9256a", "doclen": 2989, "score": 16.94403896961973}
{"type": "toggleArgument", "timestamp": "2025-06-26T10:25:11.541Z", "sessionID": "55f4a07b-e525-42e0-ae5d-60af9eebe517", "rank": "14", "doc": "S2e8edb4f-Ae57c3dd2", "action": "expand", "doclen": 2296, "score": 16.897248456632614}
{"type": "StanceClicked", "timestamp": "2025-06-26T10:25:40.439Z", "sessionID": "55f4a07b-e525-42e0-ae5d-60af9eebe517", "rank": "14", "stance": "con", "action": "chooseStance", "doc": "S2e8edb4f-Ae57c3dd2", "doclen": 2296, "score": 16.897248456632614}
{"type": "toggleArgument", "timestamp": "2025-06-26T10:25:42.990Z", "sessionID": "55f4a07b-e525-42e0-ae5d-60af9eebe517", "rank": "15", "doc": "Sf3baef00-Ace9b7ea", "action": "expand", "doclen": 1933, "score": 16.86043703216094}
{"type": "StanceClicked", "timestamp": "2025-06-26T10:26:07.543Z", "sessionID": "55f4a07b-e525-42e0-ae5d-60af9eebe517", "rank": "15", "stance": "con", "action": "chooseStance", "doc": "Sf3baef00-Ace9b7ea", "doclen": 1933, "score": 16.86043703216094}
{"type": "toggleArgument", "timestamp": "2025-06-26T10:26:09.518Z", "sessionID": "55f4a07b-e525-42e0-ae5d-60af9eebe517", "rank": "16", "doc": "Sfad42a17-A8600f866", "action": "expand", "doclen": 1601, "score": 16.810310362321918}
{"type": "StanceClicked", "timestamp": "2025-06-26T10:26:37.545Z", "sessionID": "55f4a07b-e525-42e0-ae5d-60af9eebe517", "rank": "16", "stance": "pro", "action": "chooseStance", "doc": "Sfad42a17-A8600f866", "doclen": 1601, "score": 16.810310362321918}
{"type": "toggleArgument", "timestamp": "2025-06-26T10:26:49.248Z", "sessionID": "55f4a07b-e525-42e0-ae5d-60af9eebe517", "rank": "17", "doc": "Sfad42a17-Ae8e50596", "action": "expand", "doclen": 2148, "score": 16.727704762636947}
{"type": "StanceClicked", "timestamp": "2025-06-26T10:27:34.810Z", "sessionID": "55f4a07b-e525-42e0-ae5d-60af9eebe517", "rank": "17", "stance": "con", "action": "chooseStance", "doc": "Sfad42a17-Ae8e50596", "doclen": 2148, "score": 16.727704762636947}
{"type": "toggleArgument", "timestamp": "2025-06-26T10:27:36.946Z", "sessionID": "55f4a07b-e525-42e0-ae5d-60af9eebe517", "rank": "18", "doc": "S8eeab760-A787404a4", "action": "expand", "doclen": 749, "score": 16.71880661452255}
{"type": "StanceClicked", "timestamp": "2025-06-26T10:27:56.522Z", "sessionID": "55f4a07b-e525-42e0-ae5d-60af9eebe517", "rank": "18", "stance": "pro", "action": "chooseStance", "doc": "S8eeab760-A787404a4", "doclen": 749, "score": 16.71880661452255}
{"type": "toggleArgument", "timestamp": "2025-06-26T10:28:01.890Z", "sessionID": "55f4a07b-e525-42e0-ae5d-60af9eebe517", "rank": "19", "doc": "S7eabc63c-Ad3acf60c", "action": "expand", "doclen": 951, "score": 16.71784569932515}
{"type": "StanceClicked", "timestamp": "2025-06-26T10:28:11.962Z", "sessionID": "55f4a07b-e525-42e0-ae5d-60af9eebe517", "rank": "19", "stance": "pro", "action": "chooseStance", "doc": "S7eabc63c-Ad3acf60c", "doclen": 951, "score": 16.71784569932515}
{"type": "toggleArgument", "timestamp": "2025-06-26T10:28:14.498Z", "sessionID": "55f4a07b-e525-42e0-ae5d-60af9eebe517", "rank": "20", "doc": "Sdcbaec56-Aff55aaca", "action": "expand", "doclen": 1250, "score": 16.67617021855928}
{"type": "StanceClicked", "timestamp": "2025-06-26T10:28:33.451Z", "sessionID": "55f4a07b-e525-42e0-ae5d-60af9eebe517", "rank": "20", "stance": "pro", "action": "chooseStance", "doc": "Sdcbaec56-Aff55aaca", "doclen": 1250, "score": 16.67617021855928}
{"type": "pageNavigationClicked", "timestamp": "2025-06-26T10:28:34.427Z", "sessionID": "55f4a07b-e525-42e0-ae5d-60af9eebe517", "clicked": "3", "fromPage": 2, "toPage": 3}
{"type": "toggleArgument", "timestamp": "2025-06-26T10:28:36.643Z", "sessionID": "55f4a07b-e525-42e0-ae5d-60af9eebe517", "rank": "21", "doc": "S129ce23f-A9ba3f2b9", "action": "expand", "doclen": 1354, "score": 16.62562560005546}
{"type": "toggleArgument", "timestamp": "2025-06-26T10:29:10.034Z", "sessionID": "55f4a07b-e525-42e0-ae5d-60af9eebe517", "rank": "22", "doc": "Sebd53e8-Aaad46fd5", "action": "expand", "doclen": 2553, "score": 16.623350512205995}
{"type": "toggleArgument", "timestamp": "2025-06-26T10:29:17.299Z", "sessionID": "55f4a07b-e525-42e0-ae5d-60af9eebe517", "rank": "23", "doc": "Sb801a11e-Af81d3042", "action": "expand", "doclen": 1189, "score": 16.60205589867872}
{"type": "StanceClicked", "timestamp": "2025-06-26T10:29:32.227Z", "sessionID": "55f4a07b-e525-42e0-ae5d-60af9eebe517", "rank": "23", "stance": "pro", "action": "chooseStance", "doc": "Sb801a11e-Af81d3042", "doclen": 1189, "score": 16.60205589867872}
{"type": "toggleArgument", "timestamp": "2025-06-26T10:29:34.066Z", "sessionID": "55f4a07b-e525-42e0-ae5d-60af9eebe517", "rank": "24", "doc": "Sf3baef00-Aea6c02c0", "action": "expand", "doclen": 2852, "score": 16.566249344006536}
{"type": "toggleArgument", "timestamp": "2025-06-26T10:29:45.506Z", "sessionID": "55f4a07b-e525-42e0-ae5d-60af9eebe517", "rank": "25", "doc": "S4930d310-A2ebf4937", "action": "expand", "doclen": 486, "score": 16.359750530008974}
{"type": "toggleArgument", "timestamp": "2025-06-26T10:30:01.850Z", "sessionID": "55f4a07b-e525-42e0-ae5d-60af9eebe517", "rank": "26", "doc": "S8d6f8754-A96a0c0ad", "action": "expand", "doclen": 1227, "score": 16.3387007470438}
{"type": "StanceClicked", "timestamp": "2025-06-26T10:30:33.563Z", "sessionID": "55f4a07b-e525-42e0-ae5d-60af9eebe517", "rank": "26", "stance": "con", "action": "chooseStance", "doc": "S8d6f8754-A96a0c0ad", "doclen": 1227, "score": 16.3387007470438}
{"type": "toggleArgument", "timestamp": "2025-06-26T10:30:35.410Z", "sessionID": "55f4a07b-e525-42e0-ae5d-60af9eebe517", "rank": "27", "doc": "S828ec24d-Acf329894", "action": "expand", "doclen": 1854, "score": 16.33595903259676}
{"type": "StanceClicked", "timestamp": "2025-06-26T10:30:45.883Z", "sessionID": "55f4a07b-e525-42e0-ae5d-60af9eebe517", "rank": "27", "stance": "pro", "action": "chooseStance", "doc": "S828ec24d-Acf329894", "doclen": 1854, "score": 16.33595903259676}
{"type": "toggleArgument", "timestamp": "2025-06-26T10:30:53.690Z", "sessionID": "55f4a07b-e525-42e0-ae5d-60af9eebe517", "rank": "28", "doc": "Sebd53e8-A4780650", "action": "expand", "doclen": 2078, "score": 16.28851577161898}
{"type": "StanceClicked", "timestamp": "2025-06-26T10:31:19.059Z", "sessionID": "55f4a07b-e525-42e0-ae5d-60af9eebe517", "rank": "28", "stance": "con", "action": "chooseStance", "doc": "Sebd53e8-A4780650", "doclen": 2078, "score": 16.28851577161898}
{"type": "toggleArgument", "timestamp": "2025-06-26T10:31:23.946Z", "sessionID": "55f4a07b-e525-42e0-ae5d-60af9eebe517", "rank": "29", "doc": "S1d882e9c-A510bec2b", "action": "expand", "doclen": 2911, "score": 16.177303685915465}
{"type": "StanceClicked", "timestamp": "2025-06-26T10:31:51.818Z", "sessionID": "55f4a07b-e525-42e0-ae5d-60af9eebe517", "rank": "29", "stance": "pro", "action": "chooseStance", "doc": "S1d882e9c-A510bec2b", "doclen": 2911, "score": 16.177303685915465}
{"type": "ClickedEndTask", "timestamp": "2025-06-26T10:31:55.914Z", "sessionID": "55f4a07b-e525-42e0-ae5d-60af9eebe517"}
{"type": "TaskEndConfirmed", "timestamp": "2025-06-26T10:31:57.386Z", "sessionID": "55f4a07b-e525-42e0-ae5d-60af9eebe517"}
{"type": "TaskEnded", "timestamp": "2025-06-26T10:32:12.698Z", "sessionID": "55f4a07b-e525-42e0-ae5d-60af9eebe517", "reason": "the same arguments keep repeating", "translated_reason": "The same arguments keep repeating"}
