{"type": "idSubmitted", "timestamp": "2025-06-26T10:53:31.909Z", "sessionID": "a48e1944-1231-4112-8eb0-f8768c512356", "uid": "Participant49"}
{"type": "TaskStarted", "timestamp": "2025-06-26T10:53:48.004Z", "sessionID": "a48e1944-1231-4112-8eb0-f8768c512356", "task": "1", "uid": "Participant49", "topic": "Are social networking sites good for our society?"}
{"type": "queryBoxFocused", "timestamp": "2025-06-26T10:53:53.783Z", "sessionID": "a48e1944-1231-4112-8eb0-f8768c512356"}
{"type": "querySubmitted", "timestamp": "2025-06-26T10:54:34.766Z", "sessionID": "a48e1944-1231-4112-8eb0-f8768c512356", "query": "social networking sites"}
{"docno": "Sab9f69d4-Ae3fe4b27", "score": 33.052438996333606}
{"docno": "Scc128cdd-A935674fa", "score": 32.22100682911919}
{"docno": "S5d621fc6-A77ece12d", "score": 31.894034355468833}
{"docno": "S4c26d828-A32ba6905", "score": 31.257425179580174}
{"docno": "Sb656fdc4-Aa99be28f", "score": 30.67955970827677}
{"docno": "S629412b6-Aa96c6482", "score": 29.794282965425285}
{"docno": "S7a949437-A79573de", "score": 29.586173212010383}
{"docno": "S570da76a-Aad3730ad", "score": 29.28879505339406}
{"docno": "S5d621fc6-A5fcfa9b3", "score": 29.275819698099156}
{"docno": "S58177ad2-Ae59c7668", "score": 29.108347207839017}
{"docno": "S5d5ca6ac-A43a37373", "score": 28.949995946953685}
{"docno": "Sec88ad82-Afa183ec6", "score": 28.879359193064943}
{"docno": "Sf359b0bb-A55844efc", "score": 28.701568047928454}
{"docno": "S2fff3cb-A67fae08a", "score": 28.4573675292125}
{"docno": "S5c1e1da6-A804af081", "score": 28.345010501376215}
{"docno": "S58177ab3-A4e7b25c8", "score": 28.331696822070846}
{"docno": "S8fd1f0f9-Ac5d8527", "score": 28.211769309712892}
{"docno": "S6d8da8ae-A7c1156f2", "score": 28.185149416777328}
{"docno": "S7a949437-Aa5fc0e10", "score": 28.130740691799474}
{"docno": "Sd6443c53-Aa2efe2a5", "score": 28.118566801067594}
{"docno": "Sd441d419-Ad99811a9", "score": 27.98019824620287}
{"docno": "Se40f4670-A6a599048", "score": 27.599874084632546}
{"docno": "S8fd1f0f9-A29ff0f3", "score": 27.42347985179288}
{"docno": "Sdf3b86f3-A401acb11", "score": 27.395021704324854}
{"docno": "Scb221fd3-Aeb22d29f", "score": 27.36516267435301}
{"docno": "Sb742544a-A6a974838", "score": 27.240516741497053}
{"docno": "S562197e9-A778630b3", "score": 27.174674909377355}
{"docno": "Sb656fdc4-Af7f28c21", "score": 27.13250039904493}
{"docno": "Sca3fc859-A8ee2e007", "score": 27.131559736065885}
{"docno": "S528fb34-Ad3389723", "score": 27.114696836044548}
{"docno": "S58177ab3-A9e5d86e6", "score": 27.095680615557693}
{"docno": "Sd6443c53-Ae8409725", "score": 26.589058067799694}
{"docno": "S5d621fc6-A6d062c6c", "score": 26.46299360187703}
{"docno": "S5c1e1da6-Aa922ad04", "score": 26.31932210626476}
{"docno": "S9e189cf7-Ab8ba3047", "score": 26.218575850479255}
{"docno": "Sca3fc859-Af3caa23a", "score": 26.110601562025547}
{"docno": "S58177ab3-A6d1321d3", "score": 26.033334362577364}
{"docno": "S19ef6a93-A8eab81af", "score": 26.00110933759451}
{"docno": "S58177ad2-Ababd1f3b", "score": 25.95353707837965}
{"docno": "S3c5fdcf2-Ab48dcc6c", "score": 25.656134191813806}
{"docno": "Sab890be6-A2ea2042c", "score": 25.53946303626338}
{"docno": "S2fff3cb-A452f3220", "score": 25.477030147599596}
{"docno": "S7116d1f5-A900f9269", "score": 25.472575875188085}
{"docno": "S3ee2acca-A62cbd5dc", "score": 25.45983863849135}
{"docno": "Sff6dab30-A981ccf7f", "score": 25.452723202861634}
{"docno": "S7ddea8c9-A85c1aa9e", "score": 25.393287448592247}
{"docno": "Scb221f76-A37b2f31d", "score": 25.167972062355012}
{"docno": "Sdb7b77a1-A92b3b715", "score": 25.058595784379865}
{"docno": "Sff77b2d5-A6e2117b4", "score": 25.033391149664663}
{"docno": "Sc4b5d675-A39285b4e", "score": 24.952692702673755}
{"docno": "S573b89ce-A79b8d389", "score": 24.886705306546045}
{"docno": "Sff6f8975-Abe4e6b7", "score": 24.51391092338369}
{"docno": "Sb8c44fe4-A9cb3635d", "score": 24.445348128720074}
{"docno": "S5d621fc6-A540b4905", "score": 24.403367705130815}
{"docno": "Sbc2b2a0d-Af3c87dd3", "score": 24.35630646793522}
{"docno": "Sab3e066e-A36793dc4", "score": 24.2743329265897}
{"docno": "Sd441d419-A861c8b73", "score": 23.86123481688878}
{"docno": "S5d621fc6-A6edbf9f6", "score": 23.796187262436302}
{"docno": "S52d515f6-A4b6e531c", "score": 23.7430160131848}
{"docno": "S868b43c1-Ad414f3c3", "score": 23.699524222930737}
{"docno": "Se8771d03-Abf051958", "score": 23.68563683996334}
{"docno": "S4c26d847-A2e352db9", "score": 23.548603086763993}
{"docno": "S58177ad2-A5644e698", "score": 23.540688099560004}
{"docno": "S9ec14422-A195f3cd0", "score": 23.540688099560004}
{"docno": "S37f600fc-Adca3a99a", "score": 23.500616543945412}
{"docno": "S237e05a6-Acec664ca", "score": 23.465995417165406}
{"docno": "Sd3b9ccca-Af7b6ef0a", "score": 23.457934350463177}
{"docno": "Sff77b2d5-A1ffbbbee", "score": 23.423728068860918}
{"docno": "S93a85b43-A5bc97f1", "score": 23.417234126353573}
{"docno": "Sdfff5834-Aeba045b1", "score": 23.386235357724303}
{"docno": "S51e725c1-A8e0281a6", "score": 23.297174531481765}
{"docno": "S2fff3cb-Ade737b71", "score": 23.213916872498217}
{"docno": "S991d8ad-A11a88da7", "score": 23.16007893502255}
{"docno": "Se635989e-A6caaded3", "score": 23.053909774284804}
{"docno": "Sca3fc859-A2e4cdba", "score": 23.053671464352252}
{"docno": "Sbc2b2a0d-Ae0e77042", "score": 22.846313544395834}
{"docno": "S4cb138a2-A385fb01b", "score": 22.82453309539961}
{"docno": "S8fd1f0f9-A5fa72849", "score": 22.69663746636167}
{"docno": "S52a090e5-Aa917dd9e", "score": 22.625307065988917}
{"docno": "S5d621fc6-A84379010", "score": 22.537811269471135}
{"docno": "Sc7bc79f5-A842f05b7", "score": 22.472497224279067}
{"docno": "Sd441d419-A33c5338c", "score": 22.472497224279067}
{"docno": "S10f1d75d-Abadc6910", "score": 22.28585852857363}
{"docno": "S91581604-A47512730", "score": 22.28585852857363}
{"docno": "Sa5716d54-A73bb0549", "score": 22.2215233618583}
{"docno": "S58177ab3-Af699a33b", "score": 22.196676779543928}
{"docno": "S8ccfcb07-Af86ee46e", "score": 22.039017675779785}
{"docno": "S5f25194b-A4756ea4e", "score": 22.027055675869704}
{"docno": "S6f0b6a9f-Acfc40024", "score": 21.99277884955292}
{"docno": "Sc3e4e21e-A2f5823e2", "score": 21.964180861430446}
{"docno": "Sa2ea9045-Aecfbc473", "score": 21.92706115336841}
{"docno": "S38441d06-A6b706cf4", "score": 21.84911082841143}
{"docno": "Scb221fd3-Ad5235c9f", "score": 21.81825878325858}
{"docno": "Scb221f76-A4e50d0d8", "score": 21.763177286582817}
{"docno": "Sf15835fc-A42fdc7e4", "score": 21.646080741123072}
{"docno": "S17f474bd-A9bcf2dc5", "score": 21.53553120322504}
{"docno": "S7116d1f5-A57e1683a", "score": 21.4291524482486}
{"docno": "S5c2b6729-A2f5ce689", "score": 21.411367489567198}
{"docno": "S4a484e4e-A421d7994", "score": 21.39433436003258}
{"docno": "Sb8c44fe4-A29f8bcef", "score": 21.39219322149536}
{"type": "StanceClicked", "timestamp": "2025-06-26T10:54:46.533Z", "sessionID": "a48e1944-1231-4112-8eb0-f8768c512356", "rank": "1", "stance": "pro", "action": "chooseStance", "doc": "Sab9f69d4-Ae3fe4b27", "doclen": 1044, "score": 33.052438996333606}
{"type": "queryBoxFocused", "timestamp": "2025-06-26T10:55:16.414Z", "sessionID": "a48e1944-1231-4112-8eb0-f8768c512356"}
{"type": "querySubmitted", "timestamp": "2025-06-26T10:55:23.973Z", "sessionID": "a48e1944-1231-4112-8eb0-f8768c512356", "query": "social networking definition"}
{"docno": "Sca3fc859-A8ee2e007", "score": 27.37779083929414}
{"docno": "Sca3fc859-Af3caa23a", "score": 26.95908404270455}
{"docno": "Sca3fc859-A2e4cdba", "score": 25.976999838943776}
{"docno": "S19d242fe-A438f0cba", "score": 24.506506874691937}
{"docno": "S2ae82627-Ae3ee9eec", "score": 23.06886112203428}
{"docno": "Sab9f69d4-Ae3fe4b27", "score": 22.796293762763327}
{"docno": "Sab890be6-A2ea2042c", "score": 22.627112737953382}
{"docno": "S8fd1f0f9-A29ff0f3", "score": 22.38244218295072}
{"docno": "Scc128cdd-A935674fa", "score": 22.180465561083068}
{"docno": "S5d621fc6-A77ece12d", "score": 22.141714036033676}
{"docno": "S7a949437-A79573de", "score": 21.761718637626227}
{"docno": "S19ef6a93-A8eab81af", "score": 21.606919384765366}
{"docno": "S4c26d828-A32ba6905", "score": 21.517150174750185}
{"docno": "S5c2b6729-A2f5ce689", "score": 21.411367489567198}
{"docno": "S4a484e4e-A421d7994", "score": 21.39433436003258}
{"docno": "S4c26d847-A7a1f7029", "score": 21.372975560923873}
{"docno": "Sf0c04fae-Ac7955932", "score": 21.3143567151278}
{"docno": "Sa394d5db-A61fcd117", "score": 21.302315457800358}
{"docno": "S58177ab3-A9e5d86e6", "score": 21.275675342631487}
{"docno": "S573b89ce-A79b8d389", "score": 21.268794509239715}
{"docno": "Sd6443c53-Aa2efe2a5", "score": 21.2322218638389}
{"docno": "Sb656fdc4-Aa99be28f", "score": 21.228995697495755}
{"docno": "Sb742544a-A6a974838", "score": 21.21875550683464}
{"docno": "S4befcae3-A455dbd78", "score": 21.116804252954893}
{"docno": "S573b89ce-A8ceadb11", "score": 20.97710365347552}
{"docno": "S8fd1f0f9-Acf20e010", "score": 20.97573547992109}
{"docno": "Sca3fc859-A4f8efe29", "score": 20.924890511254937}
{"docno": "Sdf3b86f3-A401acb11", "score": 20.801865558160227}
{"docno": "S570da76a-Aad3730ad", "score": 20.72242612231054}
{"docno": "S58177ab3-A6d1321d3", "score": 20.679025259453667}
{"docno": "S58177ad2-Ae59c7668", "score": 20.59513047064738}
{"docno": "S629412b6-Aa96c6482", "score": 20.509944668598827}
{"docno": "Sd441d419-Ad99811a9", "score": 20.410304769838753}
{"docno": "S58177ab3-A4e7b25c8", "score": 20.347115179380552}
{"docno": "S868b43c1-A547f6db7", "score": 20.312482746927827}
{"docno": "S4c26d847-Aa47117db", "score": 20.195636737476683}
{"docno": "S5d621fc6-A5fcfa9b3", "score": 20.15304220721388}
{"docno": "S93a85b43-A7da35302", "score": 20.102750335538705}
{"docno": "Saef01efd-Aaa3b971c", "score": 20.097889485197175}
{"docno": "S6d8da8ae-A7c1156f2", "score": 20.07632583235719}
{"docno": "Sbc2b2a0d-Af3c87dd3", "score": 19.978587511877684}
{"docno": "S5d5ca6ac-A43a37373", "score": 19.928749945659415}
{"docno": "Sd6443c53-Ae8409725", "score": 19.919040331461833}
{"docno": "S4cb138a2-A385fb01b", "score": 19.80606134558186}
{"docno": "S573b89ce-A4dfb1f2e", "score": 19.802438322950913}
{"docno": "Sf359b0bb-A55844efc", "score": 19.75773584644258}
{"docno": "S5d621fc6-A540b4905", "score": 19.731289666353938}
{"docno": "S5c2b6729-Ac37787ed", "score": 19.66021232226886}
{"docno": "S2fff3cb-A452f3220", "score": 19.622773093364977}
{"docno": "Sec88ad82-Afa183ec6", "score": 19.620687059948523}
{"docno": "S573b89ce-Aee3d8200", "score": 19.605039663829924}
{"docno": "S2fff3cb-A67fae08a", "score": 19.589631813440022}
{"docno": "S5c1e1da6-A804af081", "score": 19.512286893720873}
{"docno": "Sbc2b2a0d-Af142eeb6", "score": 19.458075236639395}
{"docno": "S7a949437-Aa5fc0e10", "score": 19.436050119184287}
{"docno": "Se0e31c74-Ad32d10f9", "score": 19.399691944185264}
{"docno": "S4c26d847-A2e352db9", "score": 19.385294651169346}
{"docno": "S5c2b6729-A2e47116b", "score": 19.34535877322348}
{"docno": "Sc4b5d675-A39285b4e", "score": 19.29077054767355}
{"docno": "Se8771d03-Abf051958", "score": 19.289452771248698}
{"docno": "Se5ccda7-A76ef80ba", "score": 19.23330298894716}
{"docno": "Se40f4670-A6a599048", "score": 19.228989634423993}
{"docno": "S3be6cca3-Abb8d28d6", "score": 19.153086253214095}
{"docno": "S2e54c887-A90bb8f47", "score": 19.102055810993445}
{"docno": "Sbbaa1a64-Abb4b70a9", "score": 19.097536061457113}
{"docno": "Sbc2b2a0d-A6c1388b7", "score": 19.09588215261933}
{"docno": "S557d3b7c-A52cfa308", "score": 19.07819503793818}
{"docno": "Se0e31c74-A564e0e47", "score": 18.902675550967214}
{"docno": "Sf0c04fae-Abc3954f5", "score": 18.859877138326773}
{"docno": "Sb8c44fe4-A9cb3635d", "score": 18.800377229014863}
{"docno": "S8fd1f0f9-Ac5d8527", "score": 18.793931275767168}
{"docno": "S1deb845c-Ae765f05c", "score": 18.79026896664292}
{"docno": "S3ee2acca-A9c846ae5", "score": 18.71390611607939}
{"docno": "S562197e9-A778630b3", "score": 18.706645144817458}
{"docno": "S58177ad2-Ababd1f3b", "score": 18.615444809842053}
{"docno": "S718e766f-A6d90146d", "score": 18.58269061388163}
{"docno": "Sff77b2d5-A6e2117b4", "score": 18.563027414874508}
{"docno": "S10f1d75d-A5a8855eb", "score": 18.555883030765735}
{"docno": "S528fb34-Ad3389723", "score": 18.483866214562095}
{"docno": "Scb221fd3-Aeb22d29f", "score": 18.39321575572076}
{"docno": "Sc63d8abf-Afc813955", "score": 18.26153336469004}
{"docno": "Sab9f69d4-Af48acdf0", "score": 18.26153336469004}
{"docno": "Sc035131e-Af49e2775", "score": 18.20289281964078}
{"docno": "S5c1e1da6-Aa922ad04", "score": 18.117832899047748}
{"docno": "S3c5fdcf2-Ab48dcc6c", "score": 18.10800554202907}
{"docno": "S61cdfe05-A6b8d859e", "score": 18.10800554202907}
{"docno": "S10f1d75d-Af8e49fbd", "score": 17.976376341199963}
{"docno": "Sef6a56ee-A28b2907a", "score": 17.913126140689464}
{"docno": "Sdfff5834-Aeba045b1", "score": 17.872643158122006}
{"docno": "Sc4b5d675-A7cdf899c", "score": 17.83711153980638}
{"docno": "Sc47c3c35-Aac2191c", "score": 17.83711153980638}
{"docno": "Sc035131e-A98f5b5ea", "score": 17.785786153301792}
{"docno": "S2e54c887-Ac92144ed", "score": 17.716237611411817}
{"docno": "S2e54c887-A876b1434", "score": 17.699987947189737}
{"docno": "Sc86547b-A3df07235", "score": 17.699987947189737}
{"docno": "S4befcae3-A57293170", "score": 17.699987947189737}
{"docno": "S5a0d829e-A5c0d38d4", "score": 17.64426652574208}
{"docno": "S9e189cf7-Ab8ba3047", "score": 17.60727539702902}
{"docno": "Sb656fdc4-Af7f28c21", "score": 17.57135813222149}
{"docno": "Sbc2b2a0d-Ae0e77042", "score": 17.51600696903436}
{"type": "toggleArgument", "timestamp": "2025-06-26T10:56:40.708Z", "sessionID": "a48e1944-1231-4112-8eb0-f8768c512356", "rank": "10", "doc": "S5d621fc6-A77ece12d", "action": "expand", "doclen": 1645, "score": 31.894034355468833}
{"type": "toggleArgument", "timestamp": "2025-06-26T10:56:43.212Z", "sessionID": "a48e1944-1231-4112-8eb0-f8768c512356", "rank": "10", "doc": "S5d621fc6-A77ece12d", "action": "reduce", "doclen": 1645, "score": 31.894034355468833}
{"type": "queryBoxFocused", "timestamp": "2025-06-26T10:56:46.111Z", "sessionID": "a48e1944-1231-4112-8eb0-f8768c512356"}
{"type": "querySubmitted", "timestamp": "2025-06-26T10:56:53.517Z", "sessionID": "a48e1944-1231-4112-8eb0-f8768c512356", "query": "social networking downsides"}
{"docno": "Sdb7b77a1-A92b3b715", "score": 24.612522133801914}
{"docno": "Sca3fc859-A2e4cdba", "score": 23.053671464352252}
{"docno": "Sca3fc859-A8ee2e007", "score": 22.93030439473946}
{"docno": "Sab9f69d4-Ae3fe4b27", "score": 22.796293762763327}
{"docno": "Sca3fc859-Af3caa23a", "score": 22.237227087950558}
{"docno": "Scc128cdd-A935674fa", "score": 22.180465561083068}
{"docno": "S5d621fc6-A77ece12d", "score": 22.141714036033676}
{"docno": "S7a949437-A79573de", "score": 21.761718637626227}
{"docno": "S4c26d828-A32ba6905", "score": 21.517150174750185}
{"docno": "S5c2b6729-A2f5ce689", "score": 21.411367489567198}
{"docno": "S4a484e4e-A421d7994", "score": 21.39433436003258}
{"docno": "Sf0c04fae-Ac7955932", "score": 21.3143567151278}
{"docno": "S58177ab3-A9e5d86e6", "score": 21.275675342631487}
{"docno": "S573b89ce-A79b8d389", "score": 21.268794509239715}
{"docno": "Sd6443c53-Aa2efe2a5", "score": 21.2322218638389}
{"docno": "Sb656fdc4-Aa99be28f", "score": 21.228995697495755}
{"docno": "Sb742544a-A6a974838", "score": 21.21875550683464}
{"docno": "S4befcae3-A455dbd78", "score": 21.116804252954893}
{"docno": "Seaa7b9c5-A2808f64d", "score": 21.100294320380712}
{"docno": "S573b89ce-A8ceadb11", "score": 20.97710365347552}
{"docno": "Sca3fc859-A4f8efe29", "score": 20.924890511254937}
{"docno": "Sdf3b86f3-A401acb11", "score": 20.801865558160227}
{"docno": "S570da76a-Aad3730ad", "score": 20.72242612231054}
{"docno": "S58177ad2-Ae59c7668", "score": 20.59513047064738}
{"docno": "S629412b6-Aa96c6482", "score": 20.509944668598827}
{"docno": "S2ae82627-Ae3ee9eec", "score": 20.440808806484387}
{"docno": "Sd441d419-Ad99811a9", "score": 20.410304769838753}
{"docno": "S58177ab3-A4e7b25c8", "score": 20.347115179380552}
{"docno": "S868b43c1-A547f6db7", "score": 20.312482746927827}
{"docno": "S4c26d847-Aa47117db", "score": 20.195636737476683}
{"docno": "Sd9b44a55-A87551b4", "score": 20.18100553105738}
{"docno": "S5d621fc6-A5fcfa9b3", "score": 20.15304220721388}
{"docno": "S93a85b43-A7da35302", "score": 20.102750335538705}
{"docno": "S19d242fe-A438f0cba", "score": 20.102750335538705}
{"docno": "Saef01efd-Aaa3b971c", "score": 20.097889485197175}
{"docno": "S6d8da8ae-A7c1156f2", "score": 20.07632583235719}
{"docno": "Sbc2b2a0d-Af3c87dd3", "score": 19.978587511877684}
{"docno": "S608ae8f8-Aa8ad0a72", "score": 19.964227766075343}
{"docno": "S5d5ca6ac-A43a37373", "score": 19.928749945659415}
{"docno": "Sd6443c53-Ae8409725", "score": 19.919040331461833}
{"docno": "S573b89ce-A4dfb1f2e", "score": 19.802438322950913}
{"docno": "Sf359b0bb-A55844efc", "score": 19.75773584644258}
{"docno": "S5d621fc6-A540b4905", "score": 19.731289666353938}
{"docno": "S5c2b6729-Ac37787ed", "score": 19.66021232226886}
{"docno": "S19ef6a93-A8eab81af", "score": 19.633641185054223}
{"docno": "S8fd1f0f9-A29ff0f3", "score": 19.627084485151666}
{"docno": "S2fff3cb-A452f3220", "score": 19.622773093364977}
{"docno": "Sec88ad82-Afa183ec6", "score": 19.620687059948523}
{"docno": "S573b89ce-Aee3d8200", "score": 19.605039663829924}
{"docno": "S2fff3cb-A67fae08a", "score": 19.589631813440022}
{"docno": "S5c1e1da6-A804af081", "score": 19.512286893720873}
{"docno": "Sbc2b2a0d-Af142eeb6", "score": 19.458075236639395}
{"docno": "S7a949437-Aa5fc0e10", "score": 19.436050119184287}
{"docno": "Se0e31c74-Ad32d10f9", "score": 19.399691944185264}
{"docno": "S88834c69-Abe5a7121", "score": 19.394083668512472}
{"docno": "S5c2b6729-A2e47116b", "score": 19.34535877322348}
{"docno": "Sc4b5d675-A39285b4e", "score": 19.29077054767355}
{"docno": "Se8771d03-Abf051958", "score": 19.289452771248698}
{"docno": "Se5ccda7-A76ef80ba", "score": 19.23330298894716}
{"docno": "Se40f4670-A6a599048", "score": 19.228989634423993}
{"docno": "S3be6cca3-Abb8d28d6", "score": 19.153086253214095}
{"docno": "S2e54c887-A90bb8f47", "score": 19.102055810993445}
{"docno": "Sbbaa1a64-Abb4b70a9", "score": 19.097536061457113}
{"docno": "Sbc2b2a0d-A6c1388b7", "score": 19.09588215261933}
{"docno": "S557d3b7c-A52cfa308", "score": 19.07819503793818}
{"docno": "Se0e31c74-A564e0e47", "score": 18.902675550967214}
{"docno": "Sf0c04fae-Abc3954f5", "score": 18.859877138326773}
{"docno": "S8fd1f0f9-Ac5d8527", "score": 18.793931275767168}
{"docno": "S1deb845c-Ae765f05c", "score": 18.79026896664292}
{"docno": "S3ee2acca-A9c846ae5", "score": 18.71390611607939}
{"docno": "S562197e9-A778630b3", "score": 18.706645144817458}
{"docno": "S58177ad2-Ababd1f3b", "score": 18.615444809842053}
{"docno": "S718e766f-A6d90146d", "score": 18.58269061388163}
{"docno": "Sff77b2d5-A6e2117b4", "score": 18.563027414874508}
{"docno": "S10f1d75d-A5a8855eb", "score": 18.555883030765735}
{"docno": "S528fb34-Ad3389723", "score": 18.483866214562095}
{"docno": "Scb221fd3-Aeb22d29f", "score": 18.39321575572076}
{"docno": "Sc63d8abf-Afc813955", "score": 18.26153336469004}
{"docno": "Sab9f69d4-Af48acdf0", "score": 18.26153336469004}
{"docno": "Sab890be6-A2ea2042c", "score": 18.25267433467824}
{"docno": "Sc035131e-Af49e2775", "score": 18.20289281964078}
{"docno": "S5c1e1da6-Aa922ad04", "score": 18.117832899047748}
{"docno": "S3c5fdcf2-Ab48dcc6c", "score": 18.10800554202907}
{"docno": "S61cdfe05-A6b8d859e", "score": 18.10800554202907}
{"docno": "S10f1d75d-Af8e49fbd", "score": 17.976376341199963}
{"docno": "Sef6a56ee-A28b2907a", "score": 17.913126140689464}
{"docno": "Sdfff5834-Aeba045b1", "score": 17.872643158122006}
{"docno": "Sc4b5d675-A7cdf899c", "score": 17.83711153980638}
{"docno": "Sc47c3c35-Aac2191c", "score": 17.83711153980638}
{"docno": "Sca713976-A45e7818c", "score": 17.788218440606492}
{"docno": "Sb4e53fbf-Ae7cea0c1", "score": 17.788218440606492}
{"docno": "Sc035131e-A98f5b5ea", "score": 17.785786153301792}
{"docno": "S2e54c887-Ac92144ed", "score": 17.716237611411817}
{"docno": "S2e54c887-A876b1434", "score": 17.699987947189737}
{"docno": "Sc86547b-A3df07235", "score": 17.699987947189737}
{"docno": "S4befcae3-A57293170", "score": 17.699987947189737}
{"docno": "S9e189cf7-Ab8ba3047", "score": 17.60727539702902}
{"docno": "Sb656fdc4-Af7f28c21", "score": 17.57135813222149}
{"docno": "Sbc2b2a0d-Ae0e77042", "score": 17.51600696903436}
{"docno": "Sa2ea9045-Aa7ad3ad5", "score": 17.51122137897004}
{"type": "StanceClicked", "timestamp": "2025-06-26T10:57:18.318Z", "sessionID": "a48e1944-1231-4112-8eb0-f8768c512356", "rank": "6", "stance": "pro", "action": "chooseStance", "doc": "Scc128cdd-A935674fa", "doclen": 620, "score": 32.22100682911919}
{"type": "toggleArgument", "timestamp": "2025-06-26T10:57:29.453Z", "sessionID": "a48e1944-1231-4112-8eb0-f8768c512356", "rank": "9", "doc": "S4c26d828-A32ba6905", "action": "expand", "doclen": 773, "score": 31.257425179580174}
{"type": "toggleArgument", "timestamp": "2025-06-26T10:58:15.878Z", "sessionID": "a48e1944-1231-4112-8eb0-f8768c512356", "rank": "9", "doc": "S4c26d828-A32ba6905", "action": "reduce", "doclen": 773, "score": 31.257425179580174}
{"type": "toggleArgument", "timestamp": "2025-06-26T10:58:18.575Z", "sessionID": "a48e1944-1231-4112-8eb0-f8768c512356", "rank": "10", "doc": "S5c2b6729-A2f5ce689", "action": "expand", "doclen": 185, "score": 21.411367489567198}
{"type": "toggleArgument", "timestamp": "2025-06-26T10:58:19.567Z", "sessionID": "a48e1944-1231-4112-8eb0-f8768c512356", "rank": "10", "doc": "S5c2b6729-A2f5ce689", "action": "reduce", "doclen": 185, "score": 21.411367489567198}
{"type": "toggleArgument", "timestamp": "2025-06-26T10:58:20.159Z", "sessionID": "a48e1944-1231-4112-8eb0-f8768c512356", "rank": "10", "doc": "S5c2b6729-A2f5ce689", "action": "expand", "doclen": 185, "score": 21.411367489567198}
{"type": "toggleArgument", "timestamp": "2025-06-26T10:58:21.039Z", "sessionID": "a48e1944-1231-4112-8eb0-f8768c512356", "rank": "10", "doc": "S5c2b6729-A2f5ce689", "action": "reduce", "doclen": 185, "score": 21.411367489567198}
{"type": "toggleArgument", "timestamp": "2025-06-26T10:59:03.289Z", "sessionID": "a48e1944-1231-4112-8eb0-f8768c512356", "rank": "7", "doc": "S5d621fc6-A77ece12d", "action": "expand", "doclen": 1645, "score": 31.894034355468833}
{"type": "StanceClicked", "timestamp": "2025-06-26T10:59:10.617Z", "sessionID": "a48e1944-1231-4112-8eb0-f8768c512356", "rank": "7", "stance": "pro", "action": "chooseStance", "doc": "S5d621fc6-A77ece12d", "doclen": 1645, "score": 31.894034355468833}
{"type": "queryBoxFocused", "timestamp": "2025-06-26T10:59:12.691Z", "sessionID": "a48e1944-1231-4112-8eb0-f8768c512356"}
{"type": "querySubmitted", "timestamp": "2025-06-26T10:59:22.241Z", "sessionID": "a48e1944-1231-4112-8eb0-f8768c512356", "query": "Social networking bad"}
{"docno": "Sdf3b86f3-A401acb11", "score": 26.6605426690385}
{"docno": "S629412b6-Aa96c6482", "score": 25.729645741244838}
{"docno": "S19d242fe-A438f0cba", "score": 25.15537770872663}
{"docno": "Sbc2b2a0d-Af3c87dd3", "score": 24.39541965209023}
{"docno": "S5d621fc6-A540b4905", "score": 24.361794290034467}
{"docno": "Sb656fdc4-Aa99be28f", "score": 24.09959104489844}
{"docno": "Sab9f69d4-Af48acdf0", "score": 23.955354337831977}
{"docno": "S5c1e1da6-Aa922ad04", "score": 23.766849051653285}
{"docno": "S573b89ce-A79b8d389", "score": 23.760736645149017}
{"docno": "Sf0c04fae-Ac7955932", "score": 23.382695199067097}
{"docno": "S61cdfe05-A6b8d859e", "score": 23.307000454691686}
{"docno": "Sc4b5d675-A39285b4e", "score": 23.190585434980395}
{"docno": "Sca3fc859-A2e4cdba", "score": 23.053671464352252}
{"docno": "Sca3fc859-A8ee2e007", "score": 22.93030439473946}
{"docno": "Sab9f69d4-Ae3fe4b27", "score": 22.796293762763327}
{"docno": "Se8771d03-Abf051958", "score": 22.31745344119325}
{"docno": "S58177ad2-Ababd1f3b", "score": 22.258016681303054}
{"docno": "Sca3fc859-Af3caa23a", "score": 22.237227087950558}
{"docno": "Scc128cdd-A935674fa", "score": 22.180465561083068}
{"docno": "S5d621fc6-A77ece12d", "score": 22.141714036033676}
{"docno": "Sbc2b2a0d-Ae0e77042", "score": 22.021053265854224}
{"docno": "Sd6443c53-Ae8409725", "score": 21.890801959553002}
{"docno": "S4befcae3-A57460925", "score": 21.78817935599564}
{"docno": "S7a949437-A79573de", "score": 21.761718637626227}
{"docno": "S5d621fc6-A6edbf9f6", "score": 21.73712599250362}
{"docno": "Se0e31c74-A564e0e47", "score": 21.652325276292306}
{"docno": "S4c26d828-A32ba6905", "score": 21.517150174750185}
{"docno": "S5c2b6729-A2f5ce689", "score": 21.411367489567198}
{"docno": "S4a484e4e-A421d7994", "score": 21.39433436003258}
{"docno": "S58177ab3-A9e5d86e6", "score": 21.275675342631487}
{"docno": "Sd6443c53-Aa2efe2a5", "score": 21.2322218638389}
{"docno": "Sb742544a-A6a974838", "score": 21.21875550683464}
{"docno": "S4befcae3-A455dbd78", "score": 21.116804252954893}
{"docno": "Sbc2b2a0d-A4f2f0d01", "score": 21.060636960652314}
{"docno": "S573b89ce-A8ceadb11", "score": 20.97710365347552}
{"docno": "Sca3fc859-A4f8efe29", "score": 20.924890511254937}
{"docno": "S570da76a-Aad3730ad", "score": 20.72242612231054}
{"docno": "S28fd1222-Af4ea907c", "score": 20.682411288400292}
{"docno": "S4298b678-A70afa02e", "score": 20.62795909077668}
{"docno": "Sc035131e-A16bd196f", "score": 20.623049513079287}
{"docno": "S58177ad2-Ae59c7668", "score": 20.59513047064738}
{"docno": "S2ae82627-Ae3ee9eec", "score": 20.440808806484387}
{"docno": "Sd441d419-Ad99811a9", "score": 20.410304769838753}
{"docno": "S58177ab3-A4e7b25c8", "score": 20.347115179380552}
{"docno": "S868b43c1-A547f6db7", "score": 20.312482746927827}
{"docno": "Sa2ea9045-Aecfbc473", "score": 20.238344234530206}
{"docno": "S4c26d847-Aa47117db", "score": 20.195636737476683}
{"docno": "S5d621fc6-A5fcfa9b3", "score": 20.15304220721388}
{"docno": "S93a85b43-A7da35302", "score": 20.102750335538705}
{"docno": "Saef01efd-Aaa3b971c", "score": 20.097889485197175}
{"docno": "S6d8da8ae-A7c1156f2", "score": 20.07632583235719}
{"docno": "Sbc2b2a0d-Ade2f2cf6", "score": 20.064094533845328}
{"docno": "S5d5ca6ac-A43a37373", "score": 19.928749945659415}
{"docno": "S58177ab3-A6d1321d3", "score": 19.83246886560931}
{"docno": "Sdb7b77a1-A92b3b715", "score": 19.8174480831624}
{"docno": "S573b89ce-A4dfb1f2e", "score": 19.802438322950913}
{"docno": "Sdb7b77a1-A952ecbe8", "score": 19.77844677754878}
{"docno": "Sf359b0bb-A55844efc", "score": 19.75773584644258}
{"docno": "S612baac2-A2a92d941", "score": 19.709454383900486}
{"docno": "S5c2b6729-Ac37787ed", "score": 19.66021232226886}
{"docno": "S19ef6a93-A8eab81af", "score": 19.633641185054223}
{"docno": "S8fd1f0f9-A29ff0f3", "score": 19.627084485151666}
{"docno": "S2fff3cb-A452f3220", "score": 19.622773093364977}
{"docno": "Sec88ad82-Afa183ec6", "score": 19.620687059948523}
{"docno": "S573b89ce-Aee3d8200", "score": 19.605039663829924}
{"docno": "S2fff3cb-A67fae08a", "score": 19.589631813440022}
{"docno": "S5c1e1da6-A804af081", "score": 19.512286893720873}
{"docno": "Sbc2b2a0d-Af142eeb6", "score": 19.458075236639395}
{"docno": "S7a949437-Aa5fc0e10", "score": 19.436050119184287}
{"docno": "Se0e31c74-Ad32d10f9", "score": 19.399691944185264}
{"docno": "S5c2b6729-A2e47116b", "score": 19.34535877322348}
{"docno": "Se5ccda7-A76ef80ba", "score": 19.23330298894716}
{"docno": "Se40f4670-A6a599048", "score": 19.228989634423993}
{"docno": "S58177ab3-Af699a33b", "score": 19.212747391521543}
{"docno": "S3be6cca3-Abb8d28d6", "score": 19.153086253214095}
{"docno": "Sff6f8975-Abe4e6b7", "score": 19.106109017614234}
{"docno": "S2e54c887-A90bb8f47", "score": 19.102055810993445}
{"docno": "Sbbaa1a64-Abb4b70a9", "score": 19.097536061457113}
{"docno": "Sbc2b2a0d-A6c1388b7", "score": 19.09588215261933}
{"docno": "S557d3b7c-A52cfa308", "score": 19.07819503793818}
{"docno": "Sf0c04fae-Abc3954f5", "score": 18.859877138326773}
{"docno": "S8fd1f0f9-Ac5d8527", "score": 18.793931275767168}
{"docno": "S1deb845c-Ae765f05c", "score": 18.79026896664292}
{"docno": "S9958a5b4-A19d49db7", "score": 18.731155909712427}
{"docno": "S3ee2acca-A9c846ae5", "score": 18.71390611607939}
{"docno": "S562197e9-A778630b3", "score": 18.706645144817458}
{"docno": "S718e766f-A6d90146d", "score": 18.58269061388163}
{"docno": "Sff77b2d5-A6e2117b4", "score": 18.563027414874508}
{"docno": "S10f1d75d-A5a8855eb", "score": 18.555883030765735}
{"docno": "S528fb34-Ad3389723", "score": 18.483866214562095}
{"docno": "Scb221fd3-Aeb22d29f", "score": 18.39321575572076}
{"docno": "Sc63d8abf-Afc813955", "score": 18.26153336469004}
{"docno": "Sab890be6-A2ea2042c", "score": 18.25267433467824}
{"docno": "Sfca1d19b-Ad43e95c5", "score": 18.23467860568673}
{"docno": "Sc035131e-Af49e2775", "score": 18.20289281964078}
{"docno": "Sec88ad82-Af3ae43ef", "score": 18.168411572158877}
{"docno": "S3c5fdcf2-Ab48dcc6c", "score": 18.10800554202907}
{"docno": "S10f1d75d-Af8e49fbd", "score": 17.976376341199963}
{"docno": "Sef6a56ee-A28b2907a", "score": 17.913126140689464}
{"docno": "S5a0d829e-A5c0d38d4", "score": 17.903174019249292}
{"type": "queryBoxFocused", "timestamp": "2025-06-26T10:59:24.585Z", "sessionID": "a48e1944-1231-4112-8eb0-f8768c512356"}
{"type": "querySubmitted", "timestamp": "2025-06-26T10:59:33.409Z", "sessionID": "a48e1944-1231-4112-8eb0-f8768c512356", "query": "social netwroking negative"}
{"docno": "S7c664d48-A47cd88ee", "score": 24.25709398153737}
{"docno": "Scb221fd3-Ad5235c9f", "score": 20.79063218427556}
{"docno": "S4da47715-Abe8fd136", "score": 17.833844821823842}
{"docno": "S70068293-A8ba345c3", "score": 17.261537819459544}
{"docno": "Se8b687aa-A47446e8d", "score": 15.567243869530063}
{"docno": "S74547446-A10d91c41", "score": 15.428511958978781}
{"docno": "Sf0c04fae-Abc3954f5", "score": 15.292475737385013}
{"docno": "S3840237e-A31771c90", "score": 15.201114673717402}
{"docno": "S3d24e714-Abc531a67", "score": 14.92569265746264}
{"docno": "Saef01efd-Ab8daae59", "score": 14.871921299666335}
{"docno": "S93a85b43-Abc157dd2", "score": 14.86788934918674}
{"docno": "S70068293-A89e63653", "score": 14.701707838691163}
{"docno": "Sc8a274ac-A8998c7ef", "score": 14.599542299271251}
{"docno": "S89e52114-Af0be1762", "score": 14.533770051544415}
{"docno": "S92ba1040-A33137f24", "score": 14.242493205222948}
{"docno": "S8e67b3f0-Ab7273a51", "score": 14.215462138052835}
{"docno": "Sd3a60001-A663b26c3", "score": 14.134661326578843}
{"docno": "S90f04eb0-A7707221b", "score": 14.134661326578843}
{"docno": "Se8b687aa-A53a23227", "score": 14.066960036932224}
{"docno": "Sb2035130-Afc7c060f", "score": 13.94689025165545}
{"docno": "Sbbaa1a64-Abb4b70a9", "score": 13.836037715656145}
{"docno": "S15ec114a-A49cdb2eb", "score": 13.834021829255892}
{"docno": "S3d9e8a34-A6abf5a10", "score": 13.820745031269716}
{"docno": "S1b07a2bb-Aefc9cc96", "score": 13.776772318162074}
{"docno": "S43b23dfd-A198aac30", "score": 13.773453760959885}
{"docno": "S93a85b43-A5bc97f1", "score": 13.763753838101916}
{"docno": "S4da47715-A92c3f226", "score": 13.730949427226513}
{"docno": "S1f24c05f-A5e0ab8a", "score": 13.722376119132996}
{"docno": "S9decd4de-A57079fee", "score": 13.719182055311308}
{"docno": "S1e41344d-A8434cf5", "score": 13.568289787122708}
{"docno": "S328e4b62-Af9719e42", "score": 13.56727939719018}
{"docno": "S573b89ce-A8ceadb11", "score": 13.531150841411431}
{"docno": "Sa5646b02-A8add15df", "score": 13.520469309176786}
{"docno": "S4c26d828-A32ba6905", "score": 13.466852953395557}
{"docno": "S995a3db0-A864eec4a", "score": 13.423256076410558}
{"docno": "Sab5320d3-A138efa00", "score": 13.411322995248447}
{"docno": "S37bfee71-A5342b8e3", "score": 13.304492463333329}
{"docno": "S71a2595a-A789b9382", "score": 13.240879355042583}
{"docno": "S5e021afe-Abf84f6bb", "score": 13.221142246164511}
{"docno": "S41ed0b25-A84d95fb2", "score": 13.206680435035562}
{"docno": "S58177ab3-A6d1321d3", "score": 13.180716719045805}
{"docno": "S55c96689-A4227a1f", "score": 13.16978961452639}
{"docno": "Sa1cc8249-A110033b1", "score": 13.143497053882381}
{"docno": "Sa2ea9045-Ac33e7de4", "score": 13.139826923759681}
{"docno": "Sfe78c1c3-Aa1c68570", "score": 13.100059091597888}
{"docno": "Sd01db0ce-A1fa4ecf5", "score": 13.070002393544314}
{"docno": "S284ea85-A9d2c58c2", "score": 13.052348147914486}
{"docno": "Sfd1afcbc-A9805fa6b", "score": 12.95743134767893}
{"docno": "Sdb7b77a1-A92b3b715", "score": 12.903810203947083}
{"docno": "Sbc2b2a0d-A4f2f0d01", "score": 12.894987249411226}
{"docno": "S3563205b-A107287e5", "score": 12.878418599860078}
{"docno": "Se0e31c74-Ad32d10f9", "score": 12.811067351543977}
{"docno": "S2eaeb6d5-A67dcb7ed", "score": 12.745341236549606}
{"docno": "S4a009e8b-Ac5af6c6", "score": 12.742658989351991}
{"docno": "Sf0c04fae-Ac7955932", "score": 12.73372128394363}
{"docno": "S59c52b64-A42b85e93", "score": 12.699323735799597}
{"docno": "Sa724a386-Ad73c68ab", "score": 12.693138784209264}
{"docno": "Sb194a952-Ae937b59a", "score": 12.661106894348555}
{"docno": "S1cc75d8f-Ac43c8bb2", "score": 12.661106894348555}
{"docno": "S5c2b6729-Ac37787ed", "score": 12.65184163513711}
{"docno": "S76877aa-A628a94b0", "score": 12.641312584349128}
{"docno": "S3abf1c0a-Ae164113", "score": 12.601962150250875}
{"docno": "Sac032197-A46346cbd", "score": 12.573650787144357}
{"docno": "S7e88448f-Aca0e7c6", "score": 12.573218983914055}
{"docno": "S9e69ad73-A30fc628d", "score": 12.573218983914055}
{"docno": "S12714893-A49a82041", "score": 12.573218983914055}
{"docno": "S3563205b-A2b132705", "score": 12.563278222543799}
{"docno": "S862bd0ff-Abdd59f3f", "score": 12.51498945444244}
{"docno": "S58177ad2-Ae59c7668", "score": 12.514025722857529}
{"docno": "S42477eff-A59505a8", "score": 12.513337511212427}
{"docno": "Sbc2b2a0d-Ae0e77042", "score": 12.477739176400034}
{"docno": "S206541d8-Afee7af02", "score": 12.459892212172146}
{"docno": "Sb04f583f-A852c82a9", "score": 12.450474015189842}
{"docno": "S334ae285-Ab6692a55", "score": 12.43941224973472}
{"docno": "S8b52b2b1-A5dfa58e", "score": 12.42500938174597}
{"docno": "S573b89ce-A4dfb1f2e", "score": 12.4046072460884}
{"docno": "Sfdd170a-A6b2406f4", "score": 12.357075954734832}
{"docno": "Sc5fc2e5c-A442900b4", "score": 12.350351560113214}
{"docno": "Se2b4ba8d-A2664d376", "score": 12.339967326382437}
{"docno": "S5bde5492-A748c985e", "score": 12.338110703054456}
{"docno": "S612baac2-Ade56a245", "score": 12.337203991320088}
{"docno": "S8fd1f0f9-A29ff0f3", "score": 12.284034615096598}
{"docno": "S57da2875-A83b0446c", "score": 12.222619368830513}
{"docno": "S52b93c8f-Ab36b5da4", "score": 12.188122169949036}
{"docno": "S6a5d0143-A88415b79", "score": 12.166152918003403}
{"docno": "S322dcc7f-A146b244e", "score": 12.142956506969828}
{"docno": "Sb8535687-A8183a127", "score": 12.116479531124213}
{"docno": "S58177ad2-Ababd1f3b", "score": 12.098158061539223}
{"docno": "S8fd1007e-A4b10ae5d", "score": 12.094835477194616}
{"docno": "S8e67b3f0-A16f413b0", "score": 12.064420406461416}
{"docno": "S5b95b352-A9128b4e8", "score": 12.026848725491032}
{"docno": "S71a2595a-A16fb935b", "score": 11.990461848261294}
{"docno": "Sb6ccf777-Af558db04", "score": 11.915187713837636}
{"docno": "S4da47715-A453e3ed8", "score": 11.891758533152213}
{"docno": "Sfffbcdf0-A3cf7e553", "score": 11.891758533152213}
{"docno": "Sfafef7d2-A8bed9efb", "score": 11.879508108739559}
{"docno": "S8e5d598f-A4ebb6d61", "score": 11.840787895757279}
{"docno": "Sa84a9078-Ab9325246", "score": 11.837630675454882}
{"docno": "S6d652fc7-A39a2966f", "score": 11.833708785061884}
{"docno": "Sd6b8a20-Acb1e7f38", "score": 11.809889505178393}
{"type": "toggleArgument", "timestamp": "2025-06-26T10:59:41.937Z", "sessionID": "a48e1944-1231-4112-8eb0-f8768c512356", "rank": "4", "doc": "S70068293-A8ba345c3", "action": "expand", "doclen": 1349, "score": 17.261537819459544}
{"type": "toggleArgument", "timestamp": "2025-06-26T10:59:44.697Z", "sessionID": "a48e1944-1231-4112-8eb0-f8768c512356", "rank": "4", "doc": "S70068293-A8ba345c3", "action": "reduce", "doclen": 1349, "score": 17.261537819459544}
{"type": "StanceClicked", "timestamp": "2025-06-26T10:59:47.913Z", "sessionID": "a48e1944-1231-4112-8eb0-f8768c512356", "rank": "4", "stance": "con", "action": "chooseStance", "doc": "S70068293-A8ba345c3", "doclen": 1349, "score": 17.261537819459544}
{"type": "toggleArgument", "timestamp": "2025-06-26T10:59:52.561Z", "sessionID": "a48e1944-1231-4112-8eb0-f8768c512356", "rank": "5", "doc": "Se8b687aa-A47446e8d", "action": "expand", "doclen": 1785, "score": 15.567243869530063}
{"type": "StanceClicked", "timestamp": "2025-06-26T11:00:12.323Z", "sessionID": "a48e1944-1231-4112-8eb0-f8768c512356", "rank": "5", "stance": "pro", "action": "chooseStance", "doc": "Se8b687aa-A47446e8d", "doclen": 1785, "score": 15.567243869530063}
{"type": "toggleArgument", "timestamp": "2025-06-26T11:00:13.730Z", "sessionID": "a48e1944-1231-4112-8eb0-f8768c512356", "rank": "6", "doc": "S74547446-A10d91c41", "action": "expand", "doclen": 1729, "score": 15.428511958978781}
{"type": "toggleArgument", "timestamp": "2025-06-26T11:00:31.890Z", "sessionID": "a48e1944-1231-4112-8eb0-f8768c512356", "rank": "7", "doc": "Sf0c04fae-Abc3954f5", "action": "expand", "doclen": 104, "score": 18.859877138326773}
{"type": "toggleArgument", "timestamp": "2025-06-26T11:00:44.042Z", "sessionID": "a48e1944-1231-4112-8eb0-f8768c512356", "rank": "9", "doc": "S3d24e714-Abc531a67", "action": "expand", "doclen": 133, "score": 14.92569265746264}
{"type": "toggleArgument", "timestamp": "2025-06-26T11:00:44.570Z", "sessionID": "a48e1944-1231-4112-8eb0-f8768c512356", "rank": "9", "doc": "S3d24e714-Abc531a67", "action": "reduce", "doclen": 133, "score": 14.92569265746264}
{"type": "pageNavigationClicked", "timestamp": "2025-06-26T11:00:48.699Z", "sessionID": "a48e1944-1231-4112-8eb0-f8768c512356", "clicked": "2", "fromPage": 1, "toPage": 2}
{"type": "toggleArgument", "timestamp": "2025-06-26T11:00:56.075Z", "sessionID": "a48e1944-1231-4112-8eb0-f8768c512356", "rank": "12", "doc": "S70068293-A89e63653", "action": "expand", "doclen": 437, "score": 14.701707838691163}
{"type": "toggleArgument", "timestamp": "2025-06-26T11:00:56.891Z", "sessionID": "a48e1944-1231-4112-8eb0-f8768c512356", "rank": "12", "doc": "S70068293-A89e63653", "action": "reduce", "doclen": 437, "score": 14.701707838691163}
{"type": "toggleArgument", "timestamp": "2025-06-26T11:01:00.362Z", "sessionID": "a48e1944-1231-4112-8eb0-f8768c512356", "rank": "14", "doc": "S89e52114-Af0be1762", "action": "expand", "doclen": 418, "score": 14.533770051544415}
{"type": "toggleArgument", "timestamp": "2025-06-26T11:01:49.253Z", "sessionID": "a48e1944-1231-4112-8eb0-f8768c512356", "rank": "20", "doc": "Sb2035130-Afc7c060f", "action": "expand", "doclen": 2196, "score": 13.94689025165545}
{"type": "StanceClicked", "timestamp": "2025-06-26T11:02:26.726Z", "sessionID": "a48e1944-1231-4112-8eb0-f8768c512356", "rank": "20", "stance": "con", "action": "chooseStance", "doc": "Sb2035130-Afc7c060f", "doclen": 2196, "score": 13.94689025165545}
{"type": "pageNavigationClicked", "timestamp": "2025-06-26T11:02:51.637Z", "sessionID": "a48e1944-1231-4112-8eb0-f8768c512356", "clicked": "3", "fromPage": 2, "toPage": 3}
{"type": "queryBoxFocused", "timestamp": "2025-06-26T11:03:03.879Z", "sessionID": "a48e1944-1231-4112-8eb0-f8768c512356"}
{"type": "querySubmitted", "timestamp": "2025-06-26T11:03:16.278Z", "sessionID": "a48e1944-1231-4112-8eb0-f8768c512356", "query": "social network positives"}
{"docno": "S4c26d828-A32ba6905", "score": 27.027346450155466}
{"docno": "Sca3fc859-Af3caa23a", "score": 26.47845460474099}
{"docno": "S7a949437-A79573de", "score": 25.489893059865295}
{"docno": "Sbbaa1a64-Abb4b70a9", "score": 24.92677489260551}
{"docno": "S58177ab3-A4e7b25c8", "score": 24.68463358234977}
{"docno": "S570da76a-Aad3730ad", "score": 24.67503325096003}
{"docno": "S573b89ce-Aee3d8200", "score": 24.070825882160236}
{"docno": "S2e54c887-A876b1434", "score": 23.504680484584192}
{"docno": "Sf0c04fae-Ac7955932", "score": 23.489867778827502}
{"docno": "S5c2b6729-Ac37787ed", "score": 23.388386744507926}
{"docno": "S19ef6a93-A8eab81af", "score": 23.37104226411491}
{"docno": "S573b89ce-A4dfb1f2e", "score": 23.32951065372452}
{"docno": "Sbc2b2a0d-Af3c87dd3", "score": 23.150109009003625}
{"docno": "S93a85b43-A705c1eb5", "score": 23.14876613488976}
{"docno": "Sca3fc859-A2e4cdba", "score": 23.053671464352252}
{"docno": "Sca3fc859-A8ee2e007", "score": 22.93030439473946}
{"docno": "Sab9f69d4-Ae3fe4b27", "score": 22.796293762763327}
{"docno": "Sec88ad82-Afa183ec6", "score": 22.458465245582463}
{"docno": "S58177ab3-A6d1321d3", "score": 22.26899044312779}
{"docno": "Scc128cdd-A935674fa", "score": 22.180465561083068}
{"docno": "S5d621fc6-A77ece12d", "score": 22.141714036033676}
{"docno": "Sbc2b2a0d-Af142eeb6", "score": 22.097463266499286}
{"docno": "Sab890be6-A2ea2042c", "score": 22.045498827193274}
{"docno": "Sd6443c53-Ae8409725", "score": 21.9929703338283}
{"docno": "S5c2b6729-A2f5ce689", "score": 21.411367489567198}
{"docno": "S4a484e4e-A421d7994", "score": 21.39433436003258}
{"docno": "S58177ab3-A9e5d86e6", "score": 21.275675342631487}
{"docno": "S573b89ce-A79b8d389", "score": 21.268794509239715}
{"docno": "Sd6443c53-Aa2efe2a5", "score": 21.2322218638389}
{"docno": "Sb656fdc4-Aa99be28f", "score": 21.228995697495755}
{"docno": "Sb742544a-A6a974838", "score": 21.21875550683464}
{"docno": "S4befcae3-A455dbd78", "score": 21.116804252954893}
{"docno": "S573b89ce-A8ceadb11", "score": 20.97710365347552}
{"docno": "Sca3fc859-A4f8efe29", "score": 20.924890511254937}
{"docno": "Sdf3b86f3-A401acb11", "score": 20.801865558160227}
{"docno": "S58177ad2-Ae59c7668", "score": 20.59513047064738}
{"docno": "S629412b6-Aa96c6482", "score": 20.509944668598827}
{"docno": "S2ae82627-Ae3ee9eec", "score": 20.440808806484387}
{"docno": "Sa2ea9045-Aecfbc473", "score": 20.43200006504683}
{"docno": "Sd441d419-Ad99811a9", "score": 20.410304769838753}
{"docno": "S868b43c1-A547f6db7", "score": 20.312482746927827}
{"docno": "Sbc2b2a0d-Ade2f2cf6", "score": 20.31120028095482}
{"docno": "S4c26d847-Aa47117db", "score": 20.195636737476683}
{"docno": "S5d621fc6-A5fcfa9b3", "score": 20.15304220721388}
{"docno": "S93a85b43-A7da35302", "score": 20.102750335538705}
{"docno": "S19d242fe-A438f0cba", "score": 20.102750335538705}
{"docno": "Saef01efd-Aaa3b971c", "score": 20.097889485197175}
{"docno": "S6d8da8ae-A7c1156f2", "score": 20.07632583235719}
{"docno": "Sdb7b77a1-A92b3b715", "score": 19.96047115097281}
{"docno": "Sff6dab30-A981ccf7f", "score": 19.93134736603593}
{"docno": "S5d5ca6ac-A43a37373", "score": 19.928749945659415}
{"docno": "Sf359b0bb-A55844efc", "score": 19.75773584644258}
{"docno": "S5d621fc6-A540b4905", "score": 19.731289666353938}
{"docno": "S8fd1f0f9-A29ff0f3", "score": 19.627084485151666}
{"docno": "S2fff3cb-A452f3220", "score": 19.622773093364977}
{"docno": "Sece797c7-A391d71fa", "score": 19.612752872024643}
{"docno": "S2fff3cb-A67fae08a", "score": 19.589631813440022}
{"docno": "S5c1e1da6-A804af081", "score": 19.512286893720873}
{"docno": "S7a949437-Aa5fc0e10", "score": 19.436050119184287}
{"docno": "S58177ab3-Af699a33b", "score": 19.416532790821712}
{"docno": "Se0e31c74-Ad32d10f9", "score": 19.399691944185264}
{"docno": "Sc035131e-A16bd196f", "score": 19.390986346914275}
{"docno": "S5c2b6729-A2e47116b", "score": 19.34535877322348}
{"docno": "Sc4b5d675-A39285b4e", "score": 19.29077054767355}
{"docno": "Se8771d03-Abf051958", "score": 19.289452771248698}
{"docno": "Se5ccda7-A76ef80ba", "score": 19.23330298894716}
{"docno": "Se40f4670-A6a599048", "score": 19.228989634423993}
{"docno": "S3be6cca3-Abb8d28d6", "score": 19.153086253214095}
{"docno": "S2e54c887-A90bb8f47", "score": 19.102055810993445}
{"docno": "Sbc2b2a0d-A6c1388b7", "score": 19.09588215261933}
{"docno": "S557d3b7c-A52cfa308", "score": 19.07819503793818}
{"docno": "Se0e31c74-A564e0e47", "score": 18.902675550967214}
{"docno": "Sf0c04fae-Abc3954f5", "score": 18.859877138326773}
{"docno": "S8fd1f0f9-Ac5d8527", "score": 18.793931275767168}
{"docno": "S1deb845c-Ae765f05c", "score": 18.79026896664292}
{"docno": "S3ee2acca-A9c846ae5", "score": 18.71390611607939}
{"docno": "S562197e9-A778630b3", "score": 18.706645144817458}
{"docno": "S58177ad2-Ababd1f3b", "score": 18.615444809842053}
{"docno": "S718e766f-A6d90146d", "score": 18.58269061388163}
{"docno": "Sff77b2d5-A6e2117b4", "score": 18.563027414874508}
{"docno": "S10f1d75d-A5a8855eb", "score": 18.555883030765735}
{"docno": "S528fb34-Ad3389723", "score": 18.483866214562095}
{"docno": "Scb221fd3-Aeb22d29f", "score": 18.39321575572076}
{"docno": "Sa7383e42-Aff5d4d5c", "score": 18.270620223785844}
{"docno": "Sc63d8abf-Afc813955", "score": 18.26153336469004}
{"docno": "Sab9f69d4-Af48acdf0", "score": 18.26153336469004}
{"docno": "Sc035131e-Af49e2775", "score": 18.20289281964078}
{"docno": "S5c1e1da6-Aa922ad04", "score": 18.117832899047748}
{"docno": "S3c5fdcf2-Ab48dcc6c", "score": 18.10800554202907}
{"docno": "S61cdfe05-A6b8d859e", "score": 18.10800554202907}
{"docno": "S10f1d75d-Af8e49fbd", "score": 17.976376341199963}
{"docno": "Sef6a56ee-A28b2907a", "score": 17.913126140689464}
{"docno": "Sdfff5834-Aeba045b1", "score": 17.872643158122006}
{"docno": "Sc4b5d675-A7cdf899c", "score": 17.83711153980638}
{"docno": "Sc47c3c35-Aac2191c", "score": 17.83711153980638}
{"docno": "Sc035131e-A98f5b5ea", "score": 17.785786153301792}
{"docno": "S2e54c887-Ac92144ed", "score": 17.716237611411817}
{"docno": "Sc86547b-A3df07235", "score": 17.699987947189737}
{"docno": "S4befcae3-A57293170", "score": 17.699987947189737}
{"docno": "S9e189cf7-Ab8ba3047", "score": 17.60727539702902}
{"type": "toggleArgument", "timestamp": "2025-06-26T11:03:22.518Z", "sessionID": "a48e1944-1231-4112-8eb0-f8768c512356", "rank": "6", "doc": "S570da76a-Aad3730ad", "action": "expand", "doclen": 2127, "score": 29.28879505339406}
{"type": "toggleArgument", "timestamp": "2025-06-26T11:03:51.958Z", "sessionID": "a48e1944-1231-4112-8eb0-f8768c512356", "rank": "6", "doc": "S570da76a-Aad3730ad", "action": "reduce", "doclen": 2127, "score": 29.28879505339406}
{"type": "toggleArgument", "timestamp": "2025-06-26T11:04:01.134Z", "sessionID": "a48e1944-1231-4112-8eb0-f8768c512356", "rank": "5", "doc": "S58177ab3-A4e7b25c8", "action": "expand", "doclen": 782, "score": 28.331696822070846}
{"type": "StanceClicked", "timestamp": "2025-06-26T11:04:11.438Z", "sessionID": "a48e1944-1231-4112-8eb0-f8768c512356", "rank": "5", "stance": "pro", "action": "chooseStance", "doc": "S58177ab3-A4e7b25c8", "doclen": 782, "score": 28.331696822070846}
{"type": "toggleArgument", "timestamp": "2025-06-26T11:04:16.374Z", "sessionID": "a48e1944-1231-4112-8eb0-f8768c512356", "rank": "5", "doc": "S58177ab3-A4e7b25c8", "action": "reduce", "doclen": 782, "score": 28.331696822070846}
{"type": "pageNavigationClicked", "timestamp": "2025-06-26T11:04:26.575Z", "sessionID": "a48e1944-1231-4112-8eb0-f8768c512356", "clicked": "2", "fromPage": 1, "toPage": 2}
{"type": "toggleArgument", "timestamp": "2025-06-26T11:04:46.119Z", "sessionID": "a48e1944-1231-4112-8eb0-f8768c512356", "rank": "19", "doc": "S58177ab3-A6d1321d3", "action": "expand", "doclen": 2137, "score": 26.033334362577364}
{"type": "ClickedEndTask", "timestamp": "2025-06-26T11:05:40.384Z", "sessionID": "a48e1944-1231-4112-8eb0-f8768c512356"}
{"type": "TaskEndConfirmed", "timestamp": "2025-06-26T11:05:42.112Z", "sessionID": "a48e1944-1231-4112-8eb0-f8768c512356"}
{"type": "TaskEnded", "timestamp": "2025-06-26T11:05:51.416Z", "sessionID": "a48e1944-1231-4112-8eb0-f8768c512356", "reason": "Time limit", "translated_reason": "Time limit"}
