{"type": "TaskStarted", "timestamp": "2025-06-26T11:40:28.189Z", "sessionID": "18277097-52c7-45fa-8503-e5ce68e8491f", "task": "2", "uid": "Participant12", "topic": "Should students have to wear school uniforms?"}
{"type": "queryBoxFocused", "timestamp": "2025-06-26T11:40:31.000Z", "sessionID": "18277097-52c7-45fa-8503-e5ce68e8491f"}
{"type": "querySubmitted", "timestamp": "2025-06-26T11:40:38.390Z", "sessionID": "18277097-52c7-45fa-8503-e5ce68e8491f", "query": "school uniforms "}
{"docno": "Sc618f3a4-Ac9b3e765", "score": 22.399721036947533}
{"docno": "S273d903e-A5bfe1e6a", "score": 22.385185900884515}
{"docno": "S720383e6-A16d3af3c", "score": 22.255763836992138}
{"docno": "Sdf002939-A16fb02cb", "score": 22.220039659525117}
{"docno": "S887e6e0-Af1364e9e", "score": 22.20939805412722}
{"docno": "S6a52a743-A7624067e", "score": 22.174522913413824}
{"docno": "S2403606c-A56c58a86", "score": 22.11965073632539}
{"docno": "S359fde49-Aff3c3e2e", "score": 22.078762845231644}
{"docno": "Sb5339025-A3c6e9b3f", "score": 22.001804325998908}
{"docno": "S273d903e-A52ec20d0", "score": 21.93941781161695}
{"docno": "Sdf002939-A4ef9cc8b", "score": 21.85479848707372}
{"docno": "Se185ae98-A6a8662fe", "score": 21.762622511325716}
{"docno": "Sfa922cd8-A64be56e9", "score": 21.70001823584657}
{"docno": "S2403510b-A97301e4", "score": 21.692333109612463}
{"docno": "S292904b-Aec518638", "score": 21.664957317059237}
{"docno": "Scfdae7-A485637a2", "score": 21.613725705890598}
{"docno": "Sf84713e2-Aed865cae", "score": 21.576076062642464}
{"docno": "S563c9db1-Aea328b67", "score": 21.561423405691915}
{"docno": "S24034d4a-Ae2db6818", "score": 21.553404408482933}
{"docno": "S720383e6-A397202ee", "score": 21.550064107864458}
{"docno": "Se2027ef-Ae88be93a", "score": 21.527767978268432}
{"docno": "S24035ce9-Adff53a23", "score": 21.52658988294106}
{"docno": "Scf8440ca-A21ca2745", "score": 21.52658988294106}
{"docno": "S8897f051-Afc319111", "score": 21.5175745997916}
{"docno": "See90c5c6-A5240b29a", "score": 21.417513887658693}
{"docno": "Sb959db22-A5fdcbadc", "score": 21.406705809283785}
{"docno": "S24035fd1-A2c969fa6", "score": 21.392081842949132}
{"docno": "S3e9161d2-A624aa6a1", "score": 21.381820063712322}
{"docno": "Se185aed6-Afe329e72", "score": 21.379811731101512}
{"docno": "S6a52a7bf-Aef6dcdf2", "score": 21.37949441251075}
{"docno": "S2668f48-Afe58916d", "score": 21.371865739940606}
{"docno": "S2ee9faf4-Ae0e8945f", "score": 21.363215475564612}
{"docno": "S4430de8b-Af36b4048", "score": 21.358012932538376}
{"docno": "S94533937-Ad086d150", "score": 21.35116354456258}
{"docno": "S653654bc-A20e53402", "score": 21.328956341224757}
{"docno": "S9389d854-Abfba3ae0", "score": 21.326150973344433}
{"docno": "Sfdd5b3a4-Ac1b9965b", "score": 21.29662510892463}
{"docno": "Sea9e1cc0-A31d6941b", "score": 21.262673108378777}
{"docno": "S24034625-Aa0da653b", "score": 21.252826365527294}
{"docno": "S1f6b2834-A7e5e2a25", "score": 21.251123916079237}
{"docno": "S684780b9-A25b2a1a5", "score": 21.24546196626611}
{"docno": "S4430de8b-Ab3ebb383", "score": 21.236472748095487}
{"docno": "S887e6e0-Ae00b4174", "score": 21.21211617368004}
{"docno": "S1f6b2834-A52ba360f", "score": 21.201339568224338}
{"docno": "S24035fd1-A3c3daa20", "score": 21.191053003161134}
{"docno": "S8ae1260a-Afefa03d5", "score": 21.18950582533243}
{"docno": "S46c53f41-Ab8999033", "score": 21.18112683047082}
{"docno": "S24034663-A6358d56", "score": 21.155904840174575}
{"docno": "S8156d8db-A1bbc352a", "score": 21.154877041060676}
{"docno": "Se02123c0-A4a0bc817", "score": 21.152361623127682}
{"docno": "Sc617f5ab-Aa49d13a4", "score": 21.13079367335253}
{"docno": "Sa6993c62-Adb214d53", "score": 21.12720401308369}
{"docno": "Sb5339025-Aa854af0b", "score": 21.123707200424295}
{"docno": "Sb959db22-A56fb457c", "score": 21.093560350462}
{"docno": "S563c9db1-A80fdab75", "score": 21.083464182671598}
{"docno": "S5417872f-Afc163de", "score": 21.07904557087364}
{"docno": "Sa7f5e454-Aa1f0762e", "score": 21.07904557087364}
{"docno": "S89208796-A49877b40", "score": 21.077628141562613}
{"docno": "Sf4e9fcc1-A104ac2a2", "score": 21.073175309342787}
{"docno": "Sef3bf44-A967dc034", "score": 21.063298566640235}
{"docno": "S4430de8b-Af1b6d6e1", "score": 21.0548899596117}
{"docno": "S5f1c7022-A7c2edd58", "score": 21.053889481690227}
{"docno": "S4430de8b-A69be20d9", "score": 21.04511621000069}
{"docno": "Sf0deef6e-A4b4d5a43", "score": 21.009942144804356}
{"docno": "S4c9720fc-A829ffe20", "score": 21.00866609132482}
{"docno": "S54d229b5-A9481ec40", "score": 20.99762868042276}
{"docno": "Se9900875-Aef18f8e1", "score": 20.980938840058805}
{"docno": "S6f5c7d0-Aad982034", "score": 20.963210827448734}
{"docno": "Se6f906f4-Aed2315b2", "score": 20.963210827448734}
{"docno": "S16833a0f-Aed0f369c", "score": 20.9502758663238}
{"docno": "S2f43719d-A693db4cb", "score": 20.949601520185848}
{"docno": "S2f076d70-A97b03b79", "score": 20.920068760276937}
{"docno": "S720383e6-A3e03cc9f", "score": 20.91791941850467}
{"docno": "Sb4694402-Ac2036980", "score": 20.917497402662082}
{"docno": "Sa54d8ac8-A355b69ac", "score": 20.917104610417216}
{"docno": "S16833a0f-A1dca1094", "score": 20.917104610417216}
{"docno": "S1f6b2853-Afc932920", "score": 20.9033499397325}
{"docno": "S46c53f41-A16abe10d", "score": 20.901381027011244}
{"docno": "Sdb524bb6-Aff89791a", "score": 20.89433758678877}
{"docno": "S24034625-A33e9db3d", "score": 20.892174824326922}
{"docno": "S55bb92f4-A60e7f28d", "score": 20.866919076334973}
{"docno": "Sb5339025-A777f03f4", "score": 20.861811810045456}
{"docno": "S7ba06a9e-A5ade6fe2", "score": 20.850319087057088}
{"docno": "Sf0deef6e-Aa78c7b73", "score": 20.849455089291848}
{"docno": "Sdf0028fb-A12fa55ed", "score": 20.83963300203761}
{"docno": "Sdf00291a-A12fa55ed", "score": 20.83963300203761}
{"docno": "Sc1687cb3-Ac476c4e9", "score": 20.83933069459766}
{"docno": "Sf0896680-Ad6eeaabf", "score": 20.832229450346446}
{"docno": "Scf8429e7-A6ba2b9cd", "score": 20.80140133281428}
{"docno": "S573179be-Ac268c903", "score": 20.80045364065097}
{"docno": "Se2027ef-A48c76b41", "score": 20.78517667042339}
{"docno": "S5f1c7022-Ab3781c99", "score": 20.76492171655952}
{"docno": "S65c91b2f-A4e505ca1", "score": 20.74959197625977}
{"docno": "Se2027ef-A827b6c2c", "score": 20.746566723729885}
{"docno": "Se2027ef-Aae38d937", "score": 20.745902669653734}
{"docno": "S80d73cf6-Aad39702a", "score": 20.743313590792187}
{"docno": "S6f5c7d0-Ad14456f8", "score": 20.7356507476877}
{"docno": "S8156d8db-A9ac6ceac", "score": 20.72515310115771}
{"docno": "S38c6731a-A5ccce450", "score": 20.71665116319919}
{"docno": "S7ba06a9e-Ae4602508", "score": 20.716414780819676}
{"type": "queryBoxFocused", "timestamp": "2025-06-26T11:40:39.734Z", "sessionID": "18277097-52c7-45fa-8503-e5ce68e8491f"}
{"type": "querySubmitted", "timestamp": "2025-06-26T11:40:42.934Z", "sessionID": "18277097-52c7-45fa-8503-e5ce68e8491f", "query": "school uniform"}
{"docno": "Sc618f3a4-Ac9b3e765", "score": 22.399721036947533}
{"docno": "S273d903e-A5bfe1e6a", "score": 22.385185900884515}
{"docno": "S720383e6-A16d3af3c", "score": 22.255763836992138}
{"docno": "Sdf002939-A16fb02cb", "score": 22.220039659525117}
{"docno": "S887e6e0-Af1364e9e", "score": 22.20939805412722}
{"docno": "S6a52a743-A7624067e", "score": 22.174522913413824}
{"docno": "S2403606c-A56c58a86", "score": 22.11965073632539}
{"docno": "S359fde49-Aff3c3e2e", "score": 22.078762845231644}
{"docno": "Sb5339025-A3c6e9b3f", "score": 22.001804325998908}
{"docno": "S273d903e-A52ec20d0", "score": 21.93941781161695}
{"docno": "Sdf002939-A4ef9cc8b", "score": 21.85479848707372}
{"docno": "Se185ae98-A6a8662fe", "score": 21.762622511325716}
{"docno": "Sfa922cd8-A64be56e9", "score": 21.70001823584657}
{"docno": "S2403510b-A97301e4", "score": 21.692333109612463}
{"docno": "S292904b-Aec518638", "score": 21.664957317059237}
{"docno": "Scfdae7-A485637a2", "score": 21.613725705890598}
{"docno": "Sf84713e2-Aed865cae", "score": 21.576076062642464}
{"docno": "S563c9db1-Aea328b67", "score": 21.561423405691915}
{"docno": "S24034d4a-Ae2db6818", "score": 21.553404408482933}
{"docno": "S720383e6-A397202ee", "score": 21.550064107864458}
{"docno": "Se2027ef-Ae88be93a", "score": 21.527767978268432}
{"docno": "S24035ce9-Adff53a23", "score": 21.52658988294106}
{"docno": "Scf8440ca-A21ca2745", "score": 21.52658988294106}
{"docno": "S8897f051-Afc319111", "score": 21.5175745997916}
{"docno": "See90c5c6-A5240b29a", "score": 21.417513887658693}
{"docno": "Sb959db22-A5fdcbadc", "score": 21.406705809283785}
{"docno": "S24035fd1-A2c969fa6", "score": 21.392081842949132}
{"docno": "S3e9161d2-A624aa6a1", "score": 21.381820063712322}
{"docno": "Se185aed6-Afe329e72", "score": 21.379811731101512}
{"docno": "S6a52a7bf-Aef6dcdf2", "score": 21.37949441251075}
{"docno": "S2668f48-Afe58916d", "score": 21.371865739940606}
{"docno": "S2ee9faf4-Ae0e8945f", "score": 21.363215475564612}
{"docno": "S4430de8b-Af36b4048", "score": 21.358012932538376}
{"docno": "S94533937-Ad086d150", "score": 21.35116354456258}
{"docno": "S653654bc-A20e53402", "score": 21.328956341224757}
{"docno": "S9389d854-Abfba3ae0", "score": 21.326150973344433}
{"docno": "Sfdd5b3a4-Ac1b9965b", "score": 21.29662510892463}
{"docno": "Sea9e1cc0-A31d6941b", "score": 21.262673108378777}
{"docno": "S24034625-Aa0da653b", "score": 21.252826365527294}
{"docno": "S1f6b2834-A7e5e2a25", "score": 21.251123916079237}
{"docno": "S684780b9-A25b2a1a5", "score": 21.24546196626611}
{"docno": "S4430de8b-Ab3ebb383", "score": 21.236472748095487}
{"docno": "S887e6e0-Ae00b4174", "score": 21.21211617368004}
{"docno": "S1f6b2834-A52ba360f", "score": 21.201339568224338}
{"docno": "S24035fd1-A3c3daa20", "score": 21.191053003161134}
{"docno": "S8ae1260a-Afefa03d5", "score": 21.18950582533243}
{"docno": "S46c53f41-Ab8999033", "score": 21.18112683047082}
{"docno": "S24034663-A6358d56", "score": 21.155904840174575}
{"docno": "S8156d8db-A1bbc352a", "score": 21.154877041060676}
{"docno": "Se02123c0-A4a0bc817", "score": 21.152361623127682}
{"docno": "Sc617f5ab-Aa49d13a4", "score": 21.13079367335253}
{"docno": "Sa6993c62-Adb214d53", "score": 21.12720401308369}
{"docno": "Sb5339025-Aa854af0b", "score": 21.123707200424295}
{"docno": "Sb959db22-A56fb457c", "score": 21.093560350462}
{"docno": "S563c9db1-A80fdab75", "score": 21.083464182671598}
{"docno": "S5417872f-Afc163de", "score": 21.07904557087364}
{"docno": "Sa7f5e454-Aa1f0762e", "score": 21.07904557087364}
{"docno": "S89208796-A49877b40", "score": 21.077628141562613}
{"docno": "Sf4e9fcc1-A104ac2a2", "score": 21.073175309342787}
{"docno": "Sef3bf44-A967dc034", "score": 21.063298566640235}
{"docno": "S4430de8b-Af1b6d6e1", "score": 21.0548899596117}
{"docno": "S5f1c7022-A7c2edd58", "score": 21.053889481690227}
{"docno": "S4430de8b-A69be20d9", "score": 21.04511621000069}
{"docno": "Sf0deef6e-A4b4d5a43", "score": 21.009942144804356}
{"docno": "S4c9720fc-A829ffe20", "score": 21.00866609132482}
{"docno": "S54d229b5-A9481ec40", "score": 20.99762868042276}
{"docno": "Se9900875-Aef18f8e1", "score": 20.980938840058805}
{"docno": "S6f5c7d0-Aad982034", "score": 20.963210827448734}
{"docno": "Se6f906f4-Aed2315b2", "score": 20.963210827448734}
{"docno": "S16833a0f-Aed0f369c", "score": 20.9502758663238}
{"docno": "S2f43719d-A693db4cb", "score": 20.949601520185848}
{"docno": "S2f076d70-A97b03b79", "score": 20.920068760276937}
{"docno": "S720383e6-A3e03cc9f", "score": 20.91791941850467}
{"docno": "Sb4694402-Ac2036980", "score": 20.917497402662082}
{"docno": "Sa54d8ac8-A355b69ac", "score": 20.917104610417216}
{"docno": "S16833a0f-A1dca1094", "score": 20.917104610417216}
{"docno": "S1f6b2853-Afc932920", "score": 20.9033499397325}
{"docno": "S46c53f41-A16abe10d", "score": 20.901381027011244}
{"docno": "Sdb524bb6-Aff89791a", "score": 20.89433758678877}
{"docno": "S24034625-A33e9db3d", "score": 20.892174824326922}
{"docno": "S55bb92f4-A60e7f28d", "score": 20.866919076334973}
{"docno": "Sb5339025-A777f03f4", "score": 20.861811810045456}
{"docno": "S7ba06a9e-A5ade6fe2", "score": 20.850319087057088}
{"docno": "Sf0deef6e-Aa78c7b73", "score": 20.849455089291848}
{"docno": "Sdf0028fb-A12fa55ed", "score": 20.83963300203761}
{"docno": "Sdf00291a-A12fa55ed", "score": 20.83963300203761}
{"docno": "Sc1687cb3-Ac476c4e9", "score": 20.83933069459766}
{"docno": "Sf0896680-Ad6eeaabf", "score": 20.832229450346446}
{"docno": "Scf8429e7-A6ba2b9cd", "score": 20.80140133281428}
{"docno": "S573179be-Ac268c903", "score": 20.80045364065097}
{"docno": "Se2027ef-A48c76b41", "score": 20.78517667042339}
{"docno": "S5f1c7022-Ab3781c99", "score": 20.76492171655952}
{"docno": "S65c91b2f-A4e505ca1", "score": 20.74959197625977}
{"docno": "Se2027ef-A827b6c2c", "score": 20.746566723729885}
{"docno": "Se2027ef-Aae38d937", "score": 20.745902669653734}
{"docno": "S80d73cf6-Aad39702a", "score": 20.743313590792187}
{"docno": "S6f5c7d0-Ad14456f8", "score": 20.7356507476877}
{"docno": "S8156d8db-A9ac6ceac", "score": 20.72515310115771}
{"docno": "S38c6731a-A5ccce450", "score": 20.71665116319919}
{"docno": "S7ba06a9e-Ae4602508", "score": 20.716414780819676}
{"type": "toggleArgument", "timestamp": "2025-06-26T11:40:45.045Z", "sessionID": "18277097-52c7-45fa-8503-e5ce68e8491f", "rank": "1", "doc": "Sc618f3a4-Ac9b3e765", "action": "expand", "doclen": 822, "score": 22.399721036947533}
{"type": "StanceClicked", "timestamp": "2025-06-26T11:40:51.830Z", "sessionID": "18277097-52c7-45fa-8503-e5ce68e8491f", "rank": "1", "stance": "con", "action": "chooseStance", "doc": "Sc618f3a4-Ac9b3e765", "doclen": 822, "score": 22.399721036947533}
{"type": "StanceClicked", "timestamp": "2025-06-26T11:41:04.775Z", "sessionID": "18277097-52c7-45fa-8503-e5ce68e8491f", "rank": "1", "stance": "pro", "action": "chooseStance", "doc": "Sc618f3a4-Ac9b3e765", "doclen": 822, "score": 22.399721036947533}
{"type": "toggleArgument", "timestamp": "2025-06-26T11:41:11.854Z", "sessionID": "18277097-52c7-45fa-8503-e5ce68e8491f", "rank": "2", "doc": "S273d903e-A5bfe1e6a", "action": "expand", "doclen": 2601, "score": 22.385185900884515}
{"type": "StanceClicked", "timestamp": "2025-06-26T11:41:24.695Z", "sessionID": "18277097-52c7-45fa-8503-e5ce68e8491f", "rank": "2", "stance": "con", "action": "chooseStance", "doc": "S273d903e-A5bfe1e6a", "doclen": 2601, "score": 22.385185900884515}
{"type": "toggleArgument", "timestamp": "2025-06-26T11:42:03.159Z", "sessionID": "18277097-52c7-45fa-8503-e5ce68e8491f", "rank": "3", "doc": "S720383e6-A16d3af3c", "action": "expand", "doclen": 2258, "score": 22.255763836992138}
{"type": "StanceClicked", "timestamp": "2025-06-26T11:42:26.511Z", "sessionID": "18277097-52c7-45fa-8503-e5ce68e8491f", "rank": "3", "stance": "con", "action": "chooseStance", "doc": "S720383e6-A16d3af3c", "doclen": 2258, "score": 22.255763836992138}
{"type": "toggleArgument", "timestamp": "2025-06-26T11:42:37.895Z", "sessionID": "18277097-52c7-45fa-8503-e5ce68e8491f", "rank": "4", "doc": "Sdf002939-A16fb02cb", "action": "expand", "doclen": 1686, "score": 22.220039659525117}
{"type": "StanceClicked", "timestamp": "2025-06-26T11:42:58.487Z", "sessionID": "18277097-52c7-45fa-8503-e5ce68e8491f", "rank": "4", "stance": "con", "action": "chooseStance", "doc": "Sdf002939-A16fb02cb", "doclen": 1686, "score": 22.220039659525117}
{"type": "toggleArgument", "timestamp": "2025-06-26T11:43:13.279Z", "sessionID": "18277097-52c7-45fa-8503-e5ce68e8491f", "rank": "5", "doc": "S887e6e0-Af1364e9e", "action": "expand", "doclen": 549, "score": 22.20939805412722}
{"type": "toggleArgument", "timestamp": "2025-06-26T11:43:33.287Z", "sessionID": "18277097-52c7-45fa-8503-e5ce68e8491f", "rank": "6", "doc": "S6a52a743-A7624067e", "action": "expand", "doclen": 828, "score": 22.174522913413824}
{"type": "StanceClicked", "timestamp": "2025-06-26T11:44:05.895Z", "sessionID": "18277097-52c7-45fa-8503-e5ce68e8491f", "rank": "6", "stance": "con", "action": "chooseStance", "doc": "S6a52a743-A7624067e", "doclen": 828, "score": 22.174522913413824}
{"type": "toggleArgument", "timestamp": "2025-06-26T11:44:11.999Z", "sessionID": "18277097-52c7-45fa-8503-e5ce68e8491f", "rank": "7", "doc": "S2403606c-A56c58a86", "action": "expand", "doclen": 559, "score": 22.11965073632539}
{"type": "toggleArgument", "timestamp": "2025-06-26T11:44:46.871Z", "sessionID": "18277097-52c7-45fa-8503-e5ce68e8491f", "rank": "8", "doc": "S359fde49-Aff3c3e2e", "action": "expand", "doclen": 612, "score": 22.078762845231644}
{"type": "toggleArgument", "timestamp": "2025-06-26T11:45:15.903Z", "sessionID": "18277097-52c7-45fa-8503-e5ce68e8491f", "rank": "9", "doc": "Sb5339025-A3c6e9b3f", "action": "expand", "doclen": 1176, "score": 22.001804325998908}
{"type": "StanceClicked", "timestamp": "2025-06-26T11:45:56.575Z", "sessionID": "18277097-52c7-45fa-8503-e5ce68e8491f", "rank": "9", "stance": "pro", "action": "chooseStance", "doc": "Sb5339025-A3c6e9b3f", "doclen": 1176, "score": 22.001804325998908}
{"type": "toggleArgument", "timestamp": "2025-06-26T11:46:12.855Z", "sessionID": "18277097-52c7-45fa-8503-e5ce68e8491f", "rank": "10", "doc": "S273d903e-A52ec20d0", "action": "expand", "doclen": 2839, "score": 21.93941781161695}
{"type": "StanceClicked", "timestamp": "2025-06-26T11:46:27.031Z", "sessionID": "18277097-52c7-45fa-8503-e5ce68e8491f", "rank": "9", "stance": "pro", "action": "removeStance", "doc": "Sb5339025-A3c6e9b3f", "doclen": 1176, "score": 22.001804325998908}
{"type": "StanceClicked", "timestamp": "2025-06-26T11:46:50.615Z", "sessionID": "18277097-52c7-45fa-8503-e5ce68e8491f", "rank": "10", "stance": "pro", "action": "chooseStance", "doc": "S273d903e-A52ec20d0", "doclen": 2839, "score": 21.93941781161695}
{"type": "pageNavigationClicked", "timestamp": "2025-06-26T11:47:25.407Z", "sessionID": "18277097-52c7-45fa-8503-e5ce68e8491f", "clicked": "2", "fromPage": 1, "toPage": 2}
{"type": "toggleArgument", "timestamp": "2025-06-26T11:47:27.095Z", "sessionID": "18277097-52c7-45fa-8503-e5ce68e8491f", "rank": "11", "doc": "Sdf002939-A4ef9cc8b", "action": "expand", "doclen": 2227, "score": 21.85479848707372}
{"type": "StanceClicked", "timestamp": "2025-06-26T11:47:47.400Z", "sessionID": "18277097-52c7-45fa-8503-e5ce68e8491f", "rank": "11", "stance": "pro", "action": "chooseStance", "doc": "Sdf002939-A4ef9cc8b", "doclen": 2227, "score": 21.85479848707372}
{"type": "toggleArgument", "timestamp": "2025-06-26T11:48:12.071Z", "sessionID": "18277097-52c7-45fa-8503-e5ce68e8491f", "rank": "12", "doc": "Se185ae98-A6a8662fe", "action": "expand", "doclen": 574, "score": 21.762622511325716}
{"type": "StanceClicked", "timestamp": "2025-06-26T11:48:33.015Z", "sessionID": "18277097-52c7-45fa-8503-e5ce68e8491f", "rank": "12", "stance": "pro", "action": "chooseStance", "doc": "Se185ae98-A6a8662fe", "doclen": 574, "score": 21.762622511325716}
{"type": "toggleArgument", "timestamp": "2025-06-26T11:48:42.007Z", "sessionID": "18277097-52c7-45fa-8503-e5ce68e8491f", "rank": "13", "doc": "Sfa922cd8-A64be56e9", "action": "expand", "doclen": 652, "score": 21.70001823584657}
{"type": "StanceClicked", "timestamp": "2025-06-26T11:49:16.119Z", "sessionID": "18277097-52c7-45fa-8503-e5ce68e8491f", "rank": "13", "stance": "con", "action": "chooseStance", "doc": "Sfa922cd8-A64be56e9", "doclen": 652, "score": 21.70001823584657}
{"type": "toggleArgument", "timestamp": "2025-06-26T11:49:18.927Z", "sessionID": "18277097-52c7-45fa-8503-e5ce68e8491f", "rank": "14", "doc": "S2403510b-A97301e4", "action": "expand", "doclen": 709, "score": 21.692333109612463}
{"type": "StanceClicked", "timestamp": "2025-06-26T11:49:32.319Z", "sessionID": "18277097-52c7-45fa-8503-e5ce68e8491f", "rank": "14", "stance": "pro", "action": "chooseStance", "doc": "S2403510b-A97301e4", "doclen": 709, "score": 21.692333109612463}
{"type": "toggleArgument", "timestamp": "2025-06-26T11:49:37.839Z", "sessionID": "18277097-52c7-45fa-8503-e5ce68e8491f", "rank": "15", "doc": "S292904b-Aec518638", "action": "expand", "doclen": 521, "score": 21.664957317059237}
{"type": "toggleArgument", "timestamp": "2025-06-26T11:50:04.231Z", "sessionID": "18277097-52c7-45fa-8503-e5ce68e8491f", "rank": "16", "doc": "Scfdae7-A485637a2", "action": "expand", "doclen": 1922, "score": 21.613725705890598}
{"type": "StanceClicked", "timestamp": "2025-06-26T11:50:25.751Z", "sessionID": "18277097-52c7-45fa-8503-e5ce68e8491f", "rank": "16", "stance": "pro", "action": "chooseStance", "doc": "Scfdae7-A485637a2", "doclen": 1922, "score": 21.613725705890598}
{"type": "toggleArgument", "timestamp": "2025-06-26T11:50:40.935Z", "sessionID": "18277097-52c7-45fa-8503-e5ce68e8491f", "rank": "17", "doc": "Sf84713e2-Aed865cae", "action": "expand", "doclen": 444, "score": 21.576076062642464}
{"type": "toggleArgument", "timestamp": "2025-06-26T11:50:53.071Z", "sessionID": "18277097-52c7-45fa-8503-e5ce68e8491f", "rank": "18", "doc": "S563c9db1-Aea328b67", "action": "expand", "doclen": 1663, "score": 21.561423405691915}
{"type": "ClickedEndTask", "timestamp": "2025-06-26T11:51:14.991Z", "sessionID": "18277097-52c7-45fa-8503-e5ce68e8491f"}
{"type": "TaskEndConfirmed", "timestamp": "2025-06-26T11:51:16.823Z", "sessionID": "18277097-52c7-45fa-8503-e5ce68e8491f"}
{"type": "TaskEnded", "timestamp": "2025-06-26T11:51:25.919Z", "sessionID": "18277097-52c7-45fa-8503-e5ce68e8491f", "reason": "enough arguments", "translated_reason": "Enough arguments"}
