{"type": "TaskStarted", "timestamp": "2025-06-26T10:37:22.886Z", "sessionID": "6d7ce6d9-a168-430e-af9c-70c4d323e28f", "task": "2", "uid": "Participant23", "topic": "Is cell phone radiation safe?"}
{"type": "queryBoxFocused", "timestamp": "2025-06-26T10:37:25.161Z", "sessionID": "6d7ce6d9-a168-430e-af9c-70c4d323e28f"}
{"type": "querySubmitted", "timestamp": "2025-06-26T10:37:33.591Z", "sessionID": "6d7ce6d9-a168-430e-af9c-70c4d323e28f", "query": "cell phone radiation"}
{"docno": "Sb2b3385f-A822a0aa7", "score": 36.37169244653196}
{"docno": "Sb2b3385f-Abca9ed6a", "score": 35.86825577149797}
{"docno": "Sb61f3301-A3215c02d", "score": 35.325866772982025}
{"docno": "S1a94f253-A5d4b2c6b", "score": 34.53896575761505}
{"docno": "S1a94f253-Ace6f4c21", "score": 33.935898261225006}
{"docno": "S1a94f253-Ae467a168", "score": 33.90658517303439}
{"docno": "Sb2b3385f-Ace282daf", "score": 31.831042538351547}
{"docno": "S9e69ad73-A41bb290e", "score": 31.02598693775857}
{"docno": "Sb2b3385f-A3ec43864", "score": 29.40460751910491}
{"docno": "Se4f285c5-Ad1701d71", "score": 29.113703472716303}
{"docno": "S1a94f253-Af84dc467", "score": 28.9138431362126}
{"docno": "S1a94f253-Acdd10265", "score": 28.767332029001615}
{"docno": "S6c1e3b72-A50e01712", "score": 26.366560604384354}
{"docno": "S691fdd5d-A97180196", "score": 26.30288787987825}
{"docno": "Sb986bc28-Ae448685f", "score": 26.2890674087514}
{"docno": "Sb2b3385f-A3bf270bb", "score": 25.12875155874544}
{"docno": "Sb8254595-A185f2e70", "score": 25.06632716844588}
{"docno": "S7cb4f197-A327fa24a", "score": 24.9017147580957}
{"docno": "Sabec10c3-A906e3e8f", "score": 24.860545841641766}
{"docno": "S9793293e-Afb170a31", "score": 24.633316854810936}
{"docno": "S3904e0eb-Ab9a162af", "score": 24.56435082102716}
{"docno": "Sabec10c3-Ab9c0d9c6", "score": 24.53666539979834}
{"docno": "S57e140e8-A37defee6", "score": 24.501801354767494}
{"docno": "Sfc0d5532-A6ac682f2", "score": 24.473189646608567}
{"docno": "Sabec10c3-Aa43ad241", "score": 24.459729555623802}
{"docno": "Scba64daf-A96e03af7", "score": 24.43903585591901}
{"docno": "S7cb4f178-Afd62e6dd", "score": 24.417723082874918}
{"docno": "Scba64daf-A2fd97c85", "score": 24.398466703777956}
{"docno": "Sb8254595-Aeebdbae7", "score": 24.39392165117362}
{"docno": "Sb8254595-A5c3dc9ef", "score": 24.380215080198134}
{"docno": "Se4f285c5-Aec02c727", "score": 24.379024883686206}
{"docno": "S7cb4f0fc-A11a4648c", "score": 24.319873337273542}
{"docno": "Sf66b190-Afda53712", "score": 24.3157349017058}
{"docno": "S9efcef79-A9fc8ca91", "score": 24.287983405443903}
{"docno": "S1ecb131d-A494eed6c", "score": 24.26003164929631}
{"docno": "S1ecb133c-Ab151e87c", "score": 24.25372628222793}
{"docno": "Scba64d71-A30105e5f", "score": 24.220481416861688}
{"docno": "Sf7b7b428-A2872ee38", "score": 24.15852160211182}
{"docno": "Sfa5da6ff-A35883742", "score": 24.14570499584677}
{"docno": "S6b3c3162-A1925ca69", "score": 24.107896152679054}
{"docno": "S3e6f0260-A19d62c63", "score": 24.04909123586026}
{"docno": "S3e6f0260-A8a0d4a2b", "score": 24.02480191672852}
{"docno": "Sf7b7b428-Aa33c9baa", "score": 24.022590281650373}
{"docno": "Sf66b190-Abaa08c2f", "score": 24.019938056336237}
{"docno": "Se598cf79-A9f81ba6e", "score": 24.002499604174602}
{"docno": "S6c1e3b91-Ab161efab", "score": 23.96586449252767}
{"docno": "S6c53d3c6-A338532ca", "score": 23.94970629698844}
{"docno": "S71ce2845-A85d09368", "score": 23.8951858301537}
{"docno": "Sca117743-Ae220d4d0", "score": 23.878823574571854}
{"docno": "S2296aa5c-A647b9a7b", "score": 23.872557077961574}
{"docno": "Sb2e78cd1-Acb3da7a6", "score": 23.865569946873666}
{"docno": "Se836048-A67d71450", "score": 23.812543804566474}
{"docno": "S240561fd-A4da9b554", "score": 23.810997653937868}
{"docno": "S35c427c4-Abcf18474", "score": 23.799767331906242}
{"docno": "Sf882a5d0-Ae509da02", "score": 23.725551442036306}
{"docno": "Scba64daf-Ab5066604", "score": 23.64438853338005}
{"docno": "S839921bc-Aefab072c", "score": 23.603099926133464}
{"docno": "S160682d8-A894d63b1", "score": 23.596200641799875}
{"docno": "Scf666047-Aad1c6777", "score": 23.59208254559347}
{"docno": "S292dc31f-Adaf97dc5", "score": 23.56779620693987}
{"docno": "S3a2444f6-Afedf6f3d", "score": 23.515066413774584}
{"docno": "S3a2444f6-A3573f3a0", "score": 23.506742694785117}
{"docno": "Sb8254595-Af389bdec", "score": 23.50540158104496}
{"docno": "Sca117743-Acb4a4af0", "score": 23.393480596205848}
{"docno": "S8b81b11a-A90d26629", "score": 23.37662541171887}
{"docno": "Sbb6232d4-Abf727aa4", "score": 23.371703176089408}
{"docno": "Sfcff2e33-Ae1282627", "score": 23.276183936787355}
{"docno": "S6bd346c-A94e5327a", "score": 23.244149422256363}
{"docno": "S7cb4f197-A5be6a1de", "score": 23.2405121027201}
{"docno": "Sf66b190-Ad1f6f27c", "score": 23.212711043842774}
{"docno": "Se147af9f-Abee6292", "score": 23.208571636019315}
{"docno": "Sa6bcbd59-Aeec9bea8", "score": 23.186513679956576}
{"docno": "S6c1e3b91-A3743c3d4", "score": 23.186513679956576}
{"docno": "S71ce2845-Ab428da1c", "score": 23.184170406134022}
{"docno": "S4681bb43-A33143bc5", "score": 23.183323795424243}
{"docno": "S77e5d95f-A79d19253", "score": 23.173849875183436}
{"docno": "Sb986bc28-Ae4a7ba9", "score": 23.167587646348565}
{"docno": "S27d99f1c-A4efc1002", "score": 23.10919717899602}
{"docno": "S8f540882-A42b31187", "score": 23.09738228209335}
{"docno": "S5cd4f357-Ae44525d5", "score": 23.070999118139582}
{"docno": "S71ce2845-A39e25775", "score": 23.04506580280954}
{"docno": "S8b81b0bd-A80cd4a90", "score": 22.991048121957174}
{"docno": "S7cb4f1d5-Aafbefe70", "score": 22.991048121957174}
{"docno": "S7cb4f159-Aafbefe70", "score": 22.991048121957174}
{"docno": "S8b81b11a-A80cd4a90", "score": 22.991048121957174}
{"docno": "S7cb4f0fc-Aafbefe70", "score": 22.991048121957174}
{"docno": "S57cce9d6-Ab5c6fa50", "score": 22.991048121957174}
{"docno": "S66ebcd55-A98324f05", "score": 22.991048121957174}
{"docno": "S7cb4f197-Aafbefe70", "score": 22.991048121957174}
{"docno": "S5fe1936c-A9cab1405", "score": 22.991048121957174}
{"docno": "S19e92b30-Aafbefe70", "score": 22.991048121957174}
{"docno": "S32f9177d-A8f1d0bd2", "score": 22.991048121957174}
{"docno": "S19e92b11-Aafbefe70", "score": 22.991048121957174}
{"docno": "Sa6bcbd59-A90bc6c9b", "score": 22.98979711531682}
{"docno": "S240561fd-A3489ffcc", "score": 22.98795091152109}
{"docno": "S626e3202-Afb6fc3de", "score": 22.954879612309387}
{"docno": "S240561fd-A2e2326b4", "score": 22.90053906945455}
{"docno": "S4063284d-A594055d7", "score": 22.885090500946486}
{"docno": "S292dc31f-Ac006fc70", "score": 22.87934370261062}
{"docno": "Sd1a8761c-Aa14a29f8", "score": 22.859192288009744}
{"type": "toggleArgument", "timestamp": "2025-06-26T10:37:49.191Z", "sessionID": "6d7ce6d9-a168-430e-af9c-70c4d323e28f", "rank": "1", "doc": "Sb2b3385f-A822a0aa7", "action": "expand", "doclen": 427, "score": 36.37169244653196}
{"type": "toggleArgument", "timestamp": "2025-06-26T10:38:04.750Z", "sessionID": "6d7ce6d9-a168-430e-af9c-70c4d323e28f", "rank": "2", "doc": "Sb2b3385f-Abca9ed6a", "action": "expand", "doclen": 2720, "score": 35.86825577149797}
{"type": "StanceClicked", "timestamp": "2025-06-26T10:38:12.366Z", "sessionID": "6d7ce6d9-a168-430e-af9c-70c4d323e28f", "rank": "1", "stance": "con", "action": "chooseStance", "doc": "Sb2b3385f-A822a0aa7", "doclen": 427, "score": 36.37169244653196}
{"type": "toggleArgument", "timestamp": "2025-06-26T10:38:13.462Z", "sessionID": "6d7ce6d9-a168-430e-af9c-70c4d323e28f", "rank": "1", "doc": "Sb2b3385f-A822a0aa7", "action": "reduce", "doclen": 427, "score": 36.37169244653196}
{"type": "StanceClicked", "timestamp": "2025-06-26T10:38:20.614Z", "sessionID": "6d7ce6d9-a168-430e-af9c-70c4d323e28f", "rank": "3", "stance": "con", "action": "chooseStance", "doc": "Sb61f3301-A3215c02d", "doclen": 473, "score": 35.325866772982025}
{"type": "StanceClicked", "timestamp": "2025-06-26T10:38:32.279Z", "sessionID": "6d7ce6d9-a168-430e-af9c-70c4d323e28f", "rank": "2", "stance": "con", "action": "chooseStance", "doc": "Sb2b3385f-Abca9ed6a", "doclen": 2720, "score": 35.86825577149797}
{"type": "toggleArgument", "timestamp": "2025-06-26T10:38:35.535Z", "sessionID": "6d7ce6d9-a168-430e-af9c-70c4d323e28f", "rank": "4", "doc": "S1a94f253-A5d4b2c6b", "action": "expand", "doclen": 960, "score": 34.53896575761505}
{"type": "StanceClicked", "timestamp": "2025-06-26T10:38:37.495Z", "sessionID": "6d7ce6d9-a168-430e-af9c-70c4d323e28f", "rank": "4", "stance": "pro", "action": "chooseStance", "doc": "S1a94f253-A5d4b2c6b", "doclen": 960, "score": 34.53896575761505}
{"type": "toggleArgument", "timestamp": "2025-06-26T10:38:40.046Z", "sessionID": "6d7ce6d9-a168-430e-af9c-70c4d323e28f", "rank": "5", "doc": "S1a94f253-Ace6f4c21", "action": "expand", "doclen": 956, "score": 33.935898261225006}
{"type": "toggleArgument", "timestamp": "2025-06-26T10:38:52.671Z", "sessionID": "6d7ce6d9-a168-430e-af9c-70c4d323e28f", "rank": "6", "doc": "S1a94f253-Ae467a168", "action": "expand", "doclen": 867, "score": 33.90658517303439}
{"type": "StanceClicked", "timestamp": "2025-06-26T10:39:08.111Z", "sessionID": "6d7ce6d9-a168-430e-af9c-70c4d323e28f", "rank": "6", "stance": "con", "action": "chooseStance", "doc": "S1a94f253-Ae467a168", "doclen": 867, "score": 33.90658517303439}
{"type": "StanceClicked", "timestamp": "2025-06-26T10:39:09.239Z", "sessionID": "6d7ce6d9-a168-430e-af9c-70c4d323e28f", "rank": "5", "stance": "con", "action": "chooseStance", "doc": "S1a94f253-Ace6f4c21", "doclen": 956, "score": 33.935898261225006}
{"type": "toggleArgument", "timestamp": "2025-06-26T10:39:13.543Z", "sessionID": "6d7ce6d9-a168-430e-af9c-70c4d323e28f", "rank": "7", "doc": "Sb2b3385f-Ace282daf", "action": "expand", "doclen": 1555, "score": 31.831042538351547}
{"type": "StanceClicked", "timestamp": "2025-06-26T10:39:34.025Z", "sessionID": "6d7ce6d9-a168-430e-af9c-70c4d323e28f", "rank": "7", "stance": "con", "action": "chooseStance", "doc": "Sb2b3385f-Ace282daf", "doclen": 1555, "score": 31.831042538351547}
{"type": "toggleArgument", "timestamp": "2025-06-26T10:39:45.889Z", "sessionID": "6d7ce6d9-a168-430e-af9c-70c4d323e28f", "rank": "9", "doc": "Sb2b3385f-A3ec43864", "action": "expand", "doclen": 574, "score": 29.40460751910491}
{"type": "StanceClicked", "timestamp": "2025-06-26T10:40:18.737Z", "sessionID": "6d7ce6d9-a168-430e-af9c-70c4d323e28f", "rank": "9", "stance": "con", "action": "chooseStance", "doc": "Sb2b3385f-A3ec43864", "doclen": 574, "score": 29.40460751910491}
{"type": "queryBoxFocused", "timestamp": "2025-06-26T10:40:21.659Z", "sessionID": "6d7ce6d9-a168-430e-af9c-70c4d323e28f"}
{"type": "querySubmitted", "timestamp": "2025-06-26T10:40:47.539Z", "sessionID": "6d7ce6d9-a168-430e-af9c-70c4d323e28f", "query": "are mobile phones safe"}
{"docno": "S57e140e8-A1bea53cd", "score": 34.447288699765224}
{"docno": "S1fdda57c-A9aa80939", "score": 31.500464061341912}
{"docno": "Sbd1562f-A39bd02b4", "score": 30.455849943344266}
{"docno": "S24bee32e-Ac16954fd", "score": 30.23413566905021}
{"docno": "S57e140e8-A2063fc22", "score": 29.937140926351706}
{"docno": "S24bee32e-A6ac1b056", "score": 28.88243785632974}
{"docno": "Sfea6e8c3-Ab5e05a65", "score": 27.981810915933913}
{"docno": "Sbbf7ce35-A795b8191", "score": 27.767435192110284}
{"docno": "S1fdda57c-A7a412bbe", "score": 27.403381311501782}
{"docno": "S1fdda57c-A2ecd094c", "score": 27.033263036220028}
{"docno": "S7ec4fcca-A3e47276a", "score": 26.77379590946493}
{"docno": "S40a0f0f1-Ab4156c7", "score": 26.689387561770495}
{"docno": "Se4f285c5-Aec02c727", "score": 26.624906650702243}
{"docno": "S8fa3dac7-A9ee04d0f", "score": 26.60490302677985}
{"docno": "S3fb6ba05-A5f537484", "score": 26.55842211929299}
{"docno": "Sf0fb0296-A48c04be9", "score": 26.055843680425916}
{"docno": "Sf5f3c668-Af83baa23", "score": 25.648599669647734}
{"docno": "S1fdda57c-A6c0c21d2", "score": 25.55329449575074}
{"docno": "Sbe7528d2-A1ee4c23b", "score": 25.50719078853637}
{"docno": "S1fdda57c-A6170581a", "score": 25.498824390259962}
{"docno": "S1fdda57c-Afa06452c", "score": 25.323152618577723}
{"docno": "S1a94f253-A15c1c08b", "score": 25.24753624896801}
{"docno": "Sfea6e8c3-A4246dec0", "score": 25.211126300168782}
{"docno": "Sd81a6b3b-A917c651e", "score": 25.10326945369201}
{"docno": "Se4f285c5-A9f3385a8", "score": 25.09711921498927}
{"docno": "S5c015b19-A927be0d0", "score": 25.02222431348069}
{"docno": "S6b7ea9e3-A5ffff455", "score": 24.916573933871938}
{"docno": "S1fdda57c-A392d4c0c", "score": 24.904543990434977}
{"docno": "S1fdda57c-Ac86b446f", "score": 24.904543990434977}
{"docno": "S6b50fd3c-A3704071e", "score": 24.856651550658597}
{"docno": "Se4f285c5-Ad1701d71", "score": 24.80848468316299}
{"docno": "Se4f285c5-A32441360", "score": 24.80288702780622}
{"docno": "S1fdda57c-Ad4137d21", "score": 24.775029405055168}
{"docno": "S8ed294ed-A9e2e1f48", "score": 24.725226361523088}
{"docno": "S1fdda57c-Ae2ac0cde", "score": 24.656945482015264}
{"docno": "S7cafa95f-A7550edd3", "score": 24.455823661778958}
{"docno": "S3fb6ba05-Ad58fc527", "score": 24.451759313021643}
{"docno": "S7ec4fcca-A9c504570", "score": 24.44449035813246}
{"docno": "Sb1d99552-Aa3d628c6", "score": 24.152788876838393}
{"docno": "S6b7ea9e3-Ad35c7664", "score": 24.0867339017816}
{"docno": "S1fdda57c-Ae9245866", "score": 23.835870104988935}
{"docno": "S53a28266-Aa851eed", "score": 23.72086479434646}
{"docno": "S1a94f253-Ace6f4c21", "score": 23.706382469476708}
{"docno": "S240561fd-A635dc02", "score": 23.687823833901625}
{"docno": "S3064bbce-A7018b66d", "score": 23.628895689759084}
{"docno": "S2f68d50f-A5dca556c", "score": 23.39488009547925}
{"docno": "Sbe7528d2-Aea9b4ce5", "score": 23.233952810041764}
{"docno": "Sd81a6b3b-A885d565c", "score": 23.221734612157753}
{"docno": "S6d91243d-A1b0827bf", "score": 23.170132143234053}
{"docno": "S3fb6ba05-Ae920749e", "score": 23.166665772232186}
{"docno": "S1fdda57c-A8c6f36ab", "score": 22.95747081597421}
{"docno": "S1fdda57c-Aa43a8d77", "score": 22.838960497006948}
{"docno": "S8ed294ed-A8df89e28", "score": 22.760760801710973}
{"docno": "S8693a260-A3c573a21", "score": 22.752868271269143}
{"docno": "Sd81a6b3b-A6e1ebd0d", "score": 22.711487661982495}
{"docno": "S8968075a-Ae63e7097", "score": 22.667522306001548}
{"docno": "S125c2f7e-A8bbda8ab", "score": 22.66573758061201}
{"docno": "Sf1141773-Aa487ef2f", "score": 22.66028314264396}
{"docno": "S18fc0687-Ae391850a", "score": 22.66028314264396}
{"docno": "S9e69ad73-A41bb290e", "score": 22.587339518658442}
{"docno": "S6b7ea9e3-A8bf254d0", "score": 22.57333887854192}
{"docno": "S6b50fd3c-A219098c", "score": 22.556194672595815}
{"docno": "S3fb6ba05-Aa3c3064d", "score": 22.53597774237551}
{"docno": "S1a94f253-Ae467a168", "score": 22.447416967716897}
{"docno": "S9932def6-A9a2db6a1", "score": 22.2918067327061}
{"docno": "S8ed294ed-A7ca7dab4", "score": 22.29145467522379}
{"docno": "S2296aa5c-A647b9a7b", "score": 22.27425804633694}
{"docno": "S61faf587-A9b056afe", "score": 22.254361773930206}
{"docno": "S2b71538e-A6ade8360", "score": 22.2253138477801}
{"docno": "S2b71538e-A530a0234", "score": 22.07746817918691}
{"docno": "S240561fd-Abc7df01b", "score": 22.053753575026516}
{"docno": "S4d1020a9-A99b8cc75", "score": 22.046881305329286}
{"docno": "S3fb6ba05-Aa2c4e8e0", "score": 21.92643593070833}
{"docno": "Sd3db1f68-A4f13fe85", "score": 21.905727512465862}
{"docno": "S7cb4f178-Ab5763f09", "score": 21.875354012789845}
{"docno": "Sc035131e-A599f298", "score": 21.875354012789845}
{"docno": "Sdb4b771-A5553f6c8", "score": 21.782525642610437}
{"docno": "S4631b223-A931c5f41", "score": 21.782525642610437}
{"docno": "Sf0ba99c6-Ab454b703", "score": 21.782525642610437}
{"docno": "Sbe7528d2-Ae42478e0", "score": 21.65579701325985}
{"docno": "S240561fd-Afb45e938", "score": 21.61507150264427}
{"docno": "S9e69ad73-A69d215a3", "score": 21.601394721493513}
{"docno": "S240561fd-A6ff9b00f", "score": 21.54018375901854}
{"docno": "S9e69ad73-Aed98f690", "score": 21.531068252668284}
{"docno": "S24bee32e-A72215c00", "score": 21.515336358859713}
{"docno": "Sb1323f04-A32c15e1e", "score": 21.36712473460703}
{"docno": "S6c53d3c6-Ac4530a7d", "score": 21.351047979937334}
{"docno": "S580fcbb-A4499c271", "score": 21.320287671474112}
{"docno": "S53a28266-A4bdc7866", "score": 21.30285352187198}
{"docno": "S8fa3dac7-Add3782e9", "score": 21.28484662226714}
{"docno": "S240561fd-Aab69a253", "score": 21.127808582772765}
{"docno": "S6b50fd3c-Aee0f3c48", "score": 21.11466915948243}
{"docno": "S1fdda57c-A14d4a0e9", "score": 21.087583529034394}
{"docno": "S4fed345b-A2aebb79f", "score": 20.97322212584269}
{"docno": "S8ed294ed-A1728b35b", "score": 20.97023308424825}
{"docno": "S229b1240-Ab0cf9469", "score": 20.97023308424825}
{"docno": "S3851c67d-A391bc25f", "score": 20.91562132168848}
{"docno": "S9e69ad73-A30fc628d", "score": 20.849374698211985}
{"docno": "S27b33913-A2a992a60", "score": 20.81499064559621}
{"docno": "S57e140e8-Ab6e1a5df", "score": 20.73253625916506}
{"type": "queryBoxFocused", "timestamp": "2025-06-26T10:40:57.496Z", "sessionID": "6d7ce6d9-a168-430e-af9c-70c4d323e28f"}
{"type": "querySubmitted", "timestamp": "2025-06-26T10:41:10.139Z", "sessionID": "6d7ce6d9-a168-430e-af9c-70c4d323e28f", "query": "mobile phone radiation safe?"}
{"docno": "Se4f285c5-Aec02c727", "score": 39.05049936389187}
{"docno": "S1a94f253-Ace6f4c21", "score": 38.984106797702594}
{"docno": "S1a94f253-Ae467a168", "score": 36.586498058229054}
{"docno": "Sb2b3385f-A822a0aa7", "score": 36.51965533298375}
{"docno": "S1a94f253-A15c1c08b", "score": 35.87809920407447}
{"docno": "Se4f285c5-Ad1701d71", "score": 34.98572608485367}
{"docno": "S57e140e8-A1bea53cd", "score": 34.447288699765224}
{"docno": "S9e69ad73-A41bb290e", "score": 33.324375074430186}
{"docno": "S1fdda57c-A9aa80939", "score": 31.500464061341912}
{"docno": "Sbd1562f-A39bd02b4", "score": 30.455849943344266}
{"docno": "S24bee32e-Ac16954fd", "score": 30.23413566905021}
{"docno": "S57e140e8-A2063fc22", "score": 29.937140926351706}
{"docno": "S24bee32e-A6ac1b056", "score": 28.88243785632974}
{"docno": "Sfea6e8c3-Ab5e05a65", "score": 27.981810915933913}
{"docno": "Sbbf7ce35-A795b8191", "score": 27.767435192110284}
{"docno": "Sb2b3385f-Ace282daf", "score": 27.52972036110459}
{"docno": "S1fdda57c-A7a412bbe", "score": 27.403381311501782}
{"docno": "S1fdda57c-A2ecd094c", "score": 27.033263036220028}
{"docno": "S7ec4fcca-A3e47276a", "score": 26.77379590946493}
{"docno": "Sb2b3385f-A3ec43864", "score": 26.723288239502445}
{"docno": "S40a0f0f1-Ab4156c7", "score": 26.689387561770495}
{"docno": "S8fa3dac7-A9ee04d0f", "score": 26.60490302677985}
{"docno": "S3fb6ba05-A5f537484", "score": 26.55842211929299}
{"docno": "S8fa3dac7-Add3782e9", "score": 26.534217648806365}
{"docno": "Sf0fb0296-A48c04be9", "score": 26.055843680425916}
{"docno": "Sb61f3301-A3215c02d", "score": 25.850617783168694}
{"docno": "Sb2b3385f-Abca9ed6a", "score": 25.65140324929689}
{"docno": "Sf5f3c668-Af83baa23", "score": 25.648599669647734}
{"docno": "S1fdda57c-A6c0c21d2", "score": 25.55329449575074}
{"docno": "Sbe7528d2-A1ee4c23b", "score": 25.50719078853637}
{"docno": "S1fdda57c-A6170581a", "score": 25.498824390259962}
{"docno": "S1fdda57c-Afa06452c", "score": 25.323152618577723}
{"docno": "Sfea6e8c3-A4246dec0", "score": 25.211126300168782}
{"docno": "Sd81a6b3b-A917c651e", "score": 25.10326945369201}
{"docno": "Se4f285c5-A9f3385a8", "score": 25.09711921498927}
{"docno": "S5c015b19-A927be0d0", "score": 25.02222431348069}
{"docno": "S6b7ea9e3-A5ffff455", "score": 24.916573933871938}
{"docno": "S1fdda57c-A392d4c0c", "score": 24.904543990434977}
{"docno": "S1fdda57c-Ac86b446f", "score": 24.904543990434977}
{"docno": "Sfa5da6ff-A72a08078", "score": 24.894001878200392}
{"docno": "S6b50fd3c-A3704071e", "score": 24.856651550658597}
{"docno": "Se4f285c5-A32441360", "score": 24.80288702780622}
{"docno": "S1fdda57c-Ad4137d21", "score": 24.775029405055168}
{"docno": "S8ed294ed-A9e2e1f48", "score": 24.725226361523088}
{"docno": "S1fdda57c-Ae2ac0cde", "score": 24.656945482015264}
{"docno": "S7cafa95f-A7550edd3", "score": 24.455823661778958}
{"docno": "S3fb6ba05-Ad58fc527", "score": 24.451759313021643}
{"docno": "S7ec4fcca-A9c504570", "score": 24.44449035813246}
{"docno": "S1a94f253-A5d4b2c6b", "score": 24.2004382657434}
{"docno": "Sb1d99552-Aa3d628c6", "score": 24.152788876838393}
{"docno": "Sfa5da6ff-A35883742", "score": 24.14570499584677}
{"docno": "S6b7ea9e3-Ad35c7664", "score": 24.0867339017816}
{"docno": "S1fdda57c-Ae9245866", "score": 23.835870104988935}
{"docno": "S53a28266-Aa851eed", "score": 23.72086479434646}
{"docno": "S240561fd-A635dc02", "score": 23.687823833901625}
{"docno": "S3064bbce-A7018b66d", "score": 23.628895689759084}
{"docno": "S2f68d50f-A5dca556c", "score": 23.39488009547925}
{"docno": "Sbe7528d2-Aea9b4ce5", "score": 23.233952810041764}
{"docno": "Sd81a6b3b-A885d565c", "score": 23.221734612157753}
{"docno": "S6d91243d-A1b0827bf", "score": 23.170132143234053}
{"docno": "S3fb6ba05-Ae920749e", "score": 23.166665772232186}
{"docno": "Sb986bc28-Ae448685f", "score": 23.11237310507248}
{"docno": "Sa6bcbd59-A90bc6c9b", "score": 22.98979711531682}
{"docno": "S1fdda57c-A8c6f36ab", "score": 22.95747081597421}
{"docno": "S1fdda57c-Aa43a8d77", "score": 22.838960497006948}
{"docno": "S8ed294ed-A8df89e28", "score": 22.760760801710973}
{"docno": "S8693a260-A3c573a21", "score": 22.752868271269143}
{"docno": "Sd81a6b3b-A6e1ebd0d", "score": 22.711487661982495}
{"docno": "S8968075a-Ae63e7097", "score": 22.667522306001548}
{"docno": "S125c2f7e-A8bbda8ab", "score": 22.66573758061201}
{"docno": "Sf1141773-Aa487ef2f", "score": 22.66028314264396}
{"docno": "S18fc0687-Ae391850a", "score": 22.66028314264396}
{"docno": "S6b7ea9e3-A8bf254d0", "score": 22.57333887854192}
{"docno": "S6b50fd3c-A219098c", "score": 22.556194672595815}
{"docno": "S3fb6ba05-Aa3c3064d", "score": 22.53597774237551}
{"docno": "S1a94f253-Acdd10265", "score": 22.451547068160384}
{"docno": "S9932def6-A9a2db6a1", "score": 22.2918067327061}
{"docno": "S8ed294ed-A7ca7dab4", "score": 22.29145467522379}
{"docno": "S2296aa5c-A647b9a7b", "score": 22.27425804633694}
{"docno": "Se07687cb-Af93f364e", "score": 22.270914482482087}
{"docno": "S61faf587-A9b056afe", "score": 22.254361773930206}
{"docno": "S2b71538e-A6ade8360", "score": 22.2253138477801}
{"docno": "S2b71538e-A530a0234", "score": 22.07746817918691}
{"docno": "S240561fd-Abc7df01b", "score": 22.053753575026516}
{"docno": "S4d1020a9-A99b8cc75", "score": 22.046881305329286}
{"docno": "S3fb6ba05-Aa2c4e8e0", "score": 21.92643593070833}
{"docno": "Sd3db1f68-A4f13fe85", "score": 21.905727512465862}
{"docno": "S7cb4f178-Ab5763f09", "score": 21.875354012789845}
{"docno": "Sc035131e-A599f298", "score": 21.875354012789845}
{"docno": "Sdb4b771-A5553f6c8", "score": 21.782525642610437}
{"docno": "S4631b223-A931c5f41", "score": 21.782525642610437}
{"docno": "Sf0ba99c6-Ab454b703", "score": 21.782525642610437}
{"docno": "Sbe7528d2-Ae42478e0", "score": 21.65579701325985}
{"docno": "Se4620c33-A82ba7899", "score": 21.640617186506603}
{"docno": "Sfa5da6ff-A60bc6918", "score": 21.62825109760351}
{"docno": "S240561fd-Afb45e938", "score": 21.61507150264427}
{"docno": "S9e69ad73-A69d215a3", "score": 21.601394721493513}
{"docno": "S240561fd-A6ff9b00f", "score": 21.54018375901854}
{"docno": "S9e69ad73-Aed98f690", "score": 21.531068252668284}
{"docno": "S24bee32e-A72215c00", "score": 21.515336358859713}
{"type": "toggleArgument", "timestamp": "2025-06-26T10:41:14.467Z", "sessionID": "6d7ce6d9-a168-430e-af9c-70c4d323e28f", "rank": "1", "doc": "Se4f285c5-Aec02c727", "action": "expand", "doclen": 737, "score": 24.379024883686206}
{"type": "StanceClicked", "timestamp": "2025-06-26T10:41:29.132Z", "sessionID": "6d7ce6d9-a168-430e-af9c-70c4d323e28f", "rank": "1", "stance": "con", "action": "chooseStance", "doc": "Se4f285c5-Aec02c727", "doclen": 737, "score": 24.379024883686206}
{"type": "queryBoxFocused", "timestamp": "2025-06-26T10:41:41.480Z", "sessionID": "6d7ce6d9-a168-430e-af9c-70c4d323e28f"}
{"type": "pageNavigationClicked", "timestamp": "2025-06-26T10:41:44.541Z", "sessionID": "6d7ce6d9-a168-430e-af9c-70c4d323e28f", "clicked": "2", "fromPage": 1, "toPage": 2}
{"type": "queryBoxFocused", "timestamp": "2025-06-26T10:41:50.153Z", "sessionID": "6d7ce6d9-a168-430e-af9c-70c4d323e28f"}
{"type": "querySubmitted", "timestamp": "2025-06-26T10:42:08.734Z", "sessionID": "6d7ce6d9-a168-430e-af9c-70c4d323e28f", "query": "scientific phone radiation"}
{"docno": "Sb2b3385f-Abca9ed6a", "score": 28.51228677530448}
{"docno": "Sb2b3385f-A822a0aa7", "score": 26.464080861758532}
{"docno": "Sb61f3301-A3215c02d", "score": 25.850617783168694}
{"docno": "S1a94f253-Ae467a168", "score": 24.896044719752126}
{"docno": "Se4f285c5-Aec02c727", "score": 24.379024883686206}
{"docno": "S1a94f253-Ace6f4c21", "score": 24.228351235589418}
{"docno": "S1a94f253-A5d4b2c6b", "score": 24.2004382657434}
{"docno": "Sfa5da6ff-A35883742", "score": 24.14570499584677}
{"docno": "S9e69ad73-A41bb290e", "score": 23.298228547836416}
{"docno": "Sa6bcbd59-A90bc6c9b", "score": 22.98979711531682}
{"docno": "S1a94f253-Acdd10265", "score": 22.451547068160384}
{"docno": "Se4f285c5-Ad1701d71", "score": 21.788845301235156}
{"docno": "Se4620c33-A82ba7899", "score": 21.640617186506603}
{"docno": "Sfa5da6ff-A60bc6918", "score": 21.62825109760351}
{"docno": "Sb2b3385f-Ace282daf", "score": 21.431778500394813}
{"docno": "S1a94f253-A15c1c08b", "score": 21.01732266319564}
{"docno": "Sfa5da6ff-A72a08078", "score": 20.546052363677543}
{"docno": "S27983569-A24e1a6cd", "score": 20.12435144185426}
{"docno": "Sb2b3385f-A3ec43864", "score": 19.966800401324292}
{"docno": "S58b78f40-Aca1427e6", "score": 19.953362396384883}
{"docno": "S1a94f253-Af84dc467", "score": 19.31038436791463}
{"docno": "S11a0a266-A1108d80b", "score": 19.154409927235008}
{"docno": "S57e140e8-A3bc7e12e", "score": 19.018138106741027}
{"docno": "S4063284d-A34865bd1", "score": 18.997382868790016}
{"docno": "S800e330a-Ae43b54ce", "score": 18.155603672712793}
{"docno": "S57e140e8-A1bea53cd", "score": 17.774336592382948}
{"docno": "Sf1e6a207-A8ab4e327", "score": 17.539081552099063}
{"docno": "S9793293e-Afb170a31", "score": 17.485913408005153}
{"docno": "S90118de4-A1990e4c0", "score": 17.368482948614545}
{"docno": "Sb986bc28-Ae448685f", "score": 17.0144312443627}
{"docno": "Sb4dd79ec-Ae5dbb839", "score": 16.975192362299545}
{"docno": "S6c1e3b72-A50e01712", "score": 16.691289867623365}
{"docno": "Sb2b3385f-A3bf270bb", "score": 16.200807665595853}
{"docno": "Sa56ddab0-A4dc3fac4", "score": 16.171122485089725}
{"docno": "S691fdd5d-A97180196", "score": 15.815741407393778}
{"docno": "Sa56dda72-A62edb096", "score": 15.799595244147048}
{"docno": "S8fa3dac7-Add3782e9", "score": 15.794025794913736}
{"docno": "S1cf220fb-A333e4a1a", "score": 15.699929167843758}
{"docno": "S8df146e9-A8106ab80", "score": 15.305910936034516}
{"docno": "S115e5bd5-A857d9d65", "score": 15.210056489784447}
{"docno": "S30ea3b12-A22d64218", "score": 15.14819502935463}
{"docno": "Se07687cb-Af93f364e", "score": 15.081541951589651}
{"docno": "S229f75d5-Ade4c772b", "score": 15.066461669018612}
{"docno": "Sa56ddab0-A2fcfaea8", "score": 15.035985346633817}
{"docno": "Sb81e8a66-A2767e853", "score": 15.008846656091183}
{"docno": "S1dbbe3ed-A74bd4385", "score": 14.943550142542573}
{"docno": "Sb0dc1038-Ac01707c4", "score": 14.943550142542573}
{"docno": "S8df146e9-A9922fb86", "score": 14.900952048030081}
{"docno": "S115e5bd5-A6fad6120", "score": 14.774981803654196}
{"docno": "S6b39278a-A2bbaee0a", "score": 14.765461620891022}
{"docno": "Sa56ddab0-Aff7ba1", "score": 14.735018709270287}
{"docno": "S4e73d83-Abfbd9af9", "score": 14.61756639755356}
{"docno": "S8b68ae4-Ad3e35c68", "score": 14.547593966202953}
{"docno": "Saecf7370-Af462a777", "score": 14.460696796544319}
{"docno": "Sa56dda72-A672bac2d", "score": 14.38423160780515}
{"docno": "Sa56dda91-A5cea45d", "score": 14.36446789269608}
{"docno": "S74be2e10-A38b82e49", "score": 14.361499140360113}
{"docno": "Sd5824862-A92723005", "score": 14.263204725609755}
{"docno": "S5bf1ee98-Aa5c6da7b", "score": 14.262554166806428}
{"docno": "S430c0344-A8089414e", "score": 14.20324195903482}
{"docno": "S7610c205-A8226efc", "score": 13.989376221033346}
{"docno": "Sa56ddab0-A45d66079", "score": 13.980237593394566}
{"docno": "Sa56dda15-A7da93df3", "score": 13.88091137003957}
{"docno": "Se96e0da1-Ac733993e", "score": 13.826390539416323}
{"docno": "S91a1b22c-A77ad52ac", "score": 13.765748421588514}
{"docno": "Sf2f807ce-Aedcb6e79", "score": 13.710683817922959}
{"docno": "Sb2b3385f-Aca0e4897", "score": 13.70347368672479}
{"docno": "Sc25c7b05-A37ac2912", "score": 13.67302234073896}
{"docno": "S6c36767f-A84281c9", "score": 13.652480648083538}
{"docno": "S592cd65a-A98d7937b", "score": 13.606869168755896}
{"docno": "Sf932d81d-Af56945c", "score": 13.598316702271251}
{"docno": "S92418529-Af56981d", "score": 13.598316702271251}
{"docno": "Sa56ddab0-Afb56f43a", "score": 13.59654289251679}
{"docno": "Sfdda407d-A4d3c2016", "score": 13.502605197766421}
{"docno": "S4681bb43-A33143bc5", "score": 13.480798790635241}
{"docno": "Sddbc0081-A3478c999", "score": 13.451485300972651}
{"docno": "S1d46dcc9-Af09b0bb0", "score": 13.43144652823597}
{"docno": "S30ea3b12-A976a6470", "score": 13.379018849827203}
{"docno": "S458aa2e-A15bcc21a", "score": 13.37730178702286}
{"docno": "Sebde4558-A3f241122", "score": 13.351721179739313}
{"docno": "S92418529-Ad91aba86", "score": 13.323591828822591}
{"docno": "S3b9e766e-A57b2ffe5", "score": 13.294623911098055}
{"docno": "S36a81c46-Aedf0f1fd", "score": 13.255634741076719}
{"docno": "Seddfacd5-A1c60aae3", "score": 13.222869971318177}
{"docno": "Sb09e52c4-A146174e", "score": 13.165018905882338}
{"docno": "Sc4c16da0-Aec545424", "score": 13.165018905882338}
{"docno": "S7a01164-A91115b72", "score": 13.162695756478366}
{"docno": "Sa406b769-A2f667079", "score": 13.105606997431552}
{"docno": "Sabec10c3-A906e3e8f", "score": 13.074940868822228}
{"docno": "S2ad5f003-Adcb235f2", "score": 13.06705829473378}
{"docno": "S4681bb43-A8342f184", "score": 13.0564758107939}
{"docno": "S19b45e30-Aa64fd576", "score": 13.0564758107939}
{"docno": "S61faf587-A406aa97b", "score": 13.05235435406726}
{"docno": "Sd1a8761c-Aa14a29f8", "score": 13.033102831244952}
{"docno": "S82f74dcf-Abee55689", "score": 13.028829151673225}
{"docno": "S7cb4f197-A327fa24a", "score": 13.023836291959444}
{"docno": "S99ea8c11-Aa3be6750", "score": 13.010176151257456}
{"docno": "S1fdda57c-A6170581a", "score": 12.956661308401406}
{"docno": "S4d805b9f-A2a5f492f", "score": 12.95453623909629}
{"docno": "S3b9e766e-A8184c1fb", "score": 12.936520598365133}
{"type": "pageNavigationClicked", "timestamp": "2025-06-26T10:42:15.821Z", "sessionID": "6d7ce6d9-a168-430e-af9c-70c4d323e28f", "clicked": "4", "fromPage": 1, "toPage": 4}
{"type": "pageNavigationClicked", "timestamp": "2025-06-26T10:42:43.639Z", "sessionID": "6d7ce6d9-a168-430e-af9c-70c4d323e28f", "clicked": "3", "fromPage": 4, "toPage": 3}
{"type": "toggleArgument", "timestamp": "2025-06-26T10:42:49.207Z", "sessionID": "6d7ce6d9-a168-430e-af9c-70c4d323e28f", "rank": "23", "doc": "S57e140e8-A3bc7e12e", "action": "expand", "doclen": 227, "score": 19.018138106741027}
{"type": "queryBoxFocused", "timestamp": "2025-06-26T10:43:26.586Z", "sessionID": "6d7ce6d9-a168-430e-af9c-70c4d323e28f"}
{"type": "querySubmitted", "timestamp": "2025-06-26T10:43:28.408Z", "sessionID": "6d7ce6d9-a168-430e-af9c-70c4d323e28f", "query": "SCIENTIFIC PROOF THAT PHONES ARE HARMFUL"}
{"docno": "S57e140e8-A3bc7e12e", "score": 31.547934855188718}
{"docno": "S57e140e8-A1bea53cd", "score": 28.33503699132929}
{"docno": "S1a94f253-Acdd10265", "score": 19.316153292602987}
{"docno": "S11a0a266-A1108d80b", "score": 19.154409927235008}
{"docno": "Sb986bc28-Ae4a7ba9", "score": 19.12354898403617}
{"docno": "S8f540882-A42b31187", "score": 19.027331173249323}
{"docno": "S4063284d-A34865bd1", "score": 18.997382868790016}
{"docno": "Se4620c33-A82ba7899", "score": 18.848657913433094}
{"docno": "S555d7f20-A5a46799b", "score": 18.601439253665113}
{"docno": "S125c2f7e-Ad76c1bda", "score": 17.760940228997782}
{"docno": "S36f17df0-A38b929ec", "score": 17.492765766376458}
{"docno": "S8e939d6d-A2de10999", "score": 17.312712850538414}
{"docno": "S8e939d6d-Ad17bb62a", "score": 17.310592413323118}
{"docno": "S5a0d829e-A5c0d38d4", "score": 17.179676415973187}
{"docno": "S899e103b-Abec2267d", "score": 17.107299767225363}
{"docno": "Sdf3d78f-Aee4f9ce6", "score": 16.993515279432224}
{"docno": "Se4620c33-A5dc9d249", "score": 16.705154259447887}
{"docno": "S8f503a71-Aca597a55", "score": 16.65037449771941}
{"docno": "Sd5645e5b-A27bdb034", "score": 16.603335498462215}
{"docno": "S8e939d6d-Aae5b36b5", "score": 16.524248122549444}
{"docno": "S805824cd-Aa4757b92", "score": 16.481384139334082}
{"docno": "Sb2b3385f-Abca9ed6a", "score": 16.479843038422548}
{"docno": "S125c2f7e-A8bbda8ab", "score": 16.39885735701534}
{"docno": "Sad39d13-A23e35b88", "score": 16.32255469001412}
{"docno": "S5c732a72-A8ba4d060", "score": 16.320775855700653}
{"docno": "S5a0d829e-A1f6f3a2e", "score": 16.25171702699992}
{"docno": "S61faf587-A98e957e1", "score": 16.191120650650436}
{"docno": "S5236f2d9-Ab09e9dbd", "score": 16.116903250123567}
{"docno": "S4d8d42cd-Abe4c628", "score": 16.101278396739374}
{"docno": "S9138be79-Afbeac0e8", "score": 16.10008546578375}
{"docno": "Sa3e9a970-A619d66e5", "score": 16.030444549131513}
{"docno": "S4b8b2d4-A30cfd397", "score": 16.001817839317738}
{"docno": "Sb3c389fe-Af9bb7bce", "score": 15.94131011790071}
{"docno": "S2e50d9b1-A4c71ba9a", "score": 15.921645089429973}
{"docno": "Sa3e9a970-Ace666908", "score": 15.908254907825722}
{"docno": "S5d621fc6-A6edbf9f6", "score": 15.890388422139889}
{"docno": "S73df9671-A87310aa", "score": 15.871062186749928}
{"docno": "Scba64daf-Ab5066604", "score": 15.675912801378995}
{"docno": "S35c427c4-Abcf18474", "score": 15.58944278788444}
{"docno": "Se3d235e2-A8c9eeb94", "score": 15.555661892190596}
{"docno": "Sfd3161b0-A8c9eeb94", "score": 15.555661892190596}
{"docno": "Sdb4846ba-Ae217bbad", "score": 15.55421102051298}
{"docno": "S805824cd-Aa5f57f8c", "score": 15.485269702646216}
{"docno": "Sa6cfc7c6-A7801ae77", "score": 15.469768778894267}
{"docno": "Sa3e9a970-A5e42155c", "score": 15.420409240805514}
{"docno": "S3904e0eb-Ab9a162af", "score": 15.400956895397112}
{"docno": "S64058085-Ada5b0d9c", "score": 15.376648583435347}
{"docno": "S1da2b4df-A3664486c", "score": 15.37440862714874}
{"docno": "Sbccaa7ca-A34322759", "score": 15.35965534618031}
{"docno": "Sa98b3fc6-A93fbe1de", "score": 15.344592754074803}
{"docno": "Sca72c23c-A373d26fd", "score": 15.259742587944105}
{"docno": "Sb2b3385f-Ace282daf", "score": 15.255674453973697}
{"docno": "Sd06ff6bd-A481bf6fd", "score": 15.244448685349152}
{"docno": "S125c2f7e-Ae75198fc", "score": 15.217939188932519}
{"docno": "Sedd595e0-Ae5483d6f", "score": 15.114652212754748}
{"docno": "S4c06ccb4-A82c8c6e8", "score": 15.098009957897304}
{"docno": "Sce9a7780-A70ab57a", "score": 15.085785584294378}
{"docno": "S4bd1de4b-Ac0df1a9e", "score": 15.023664227303122}
{"docno": "S5f33ebdf-A734a762", "score": 15.01220046428354}
{"docno": "Sfeff80ff-A88a57ea2", "score": 15.011241411414435}
{"docno": "Sb81e8a66-A2767e853", "score": 15.008846656091183}
{"docno": "Sac06d9b1-Aa6e351b3", "score": 14.978745461871723}
{"docno": "S78918858-A2d06d9e2", "score": 14.97854421743489}
{"docno": "S65dc68d9-Acde22cfd", "score": 14.955132820908972}
{"docno": "S3fb6ba05-A94bbcdfb", "score": 14.885335324821158}
{"docno": "Sf7b76647-A301196d9", "score": 14.87947159191306}
{"docno": "S1a94f253-Af84dc467", "score": 14.87947159191306}
{"docno": "S1a94f253-A5d4b2c6b", "score": 14.79313486069995}
{"docno": "S115e5bd5-A6fad6120", "score": 14.774981803654196}
{"docno": "S307cb1cf-A2635393b", "score": 14.772319852955864}
{"docno": "S794e7833-A212118f3", "score": 14.751860248961535}
{"docno": "S2a685189-A979e4286", "score": 14.701816014535598}
{"docno": "S17f62c3f-A4c8a4b5d", "score": 14.677707333832753}
{"docno": "Sa3e9a970-Ae4b3c10e", "score": 14.655470702441566}
{"docno": "S6702411f-Afd90514a", "score": 14.632568614415659}
{"docno": "S912b86a7-A6cba57bb", "score": 14.626613011309253}
{"docno": "Sfc0d5532-A15829d1a", "score": 14.621514295846877}
{"docno": "S6f266d23-A9b8ae701", "score": 14.61203727324936}
{"docno": "S40a0f0f1-Ab4156c7", "score": 14.606436805209455}
{"docno": "S99b4b77-A140d9ff2", "score": 14.56054927635777}
{"docno": "S858ef280-A2849c804", "score": 14.51785507112134}
{"docno": "S6be85b51-A2648c3e5", "score": 14.505684184642206}
{"docno": "Sc72049be-A3c2045ed", "score": 14.492173335877581}
{"docno": "S912b86a7-A1c8bcc7", "score": 14.47988987681224}
{"docno": "Sfe1b6881-A74d81b4b", "score": 14.47302233609461}
{"docno": "S7a0638c0-Af9a617c2", "score": 14.47302233609461}
{"docno": "S9138be79-A84fa028", "score": 14.47302233609461}
{"docno": "Sbe8a8dc9-Acf48f599", "score": 14.47302233609461}
{"docno": "Sfea6e8c3-A12ff3e0a", "score": 14.459016442883259}
{"docno": "Sa98b3fc6-A21da4f40", "score": 14.445486207924722}
{"docno": "S71ce2845-A4aa2631d", "score": 14.394440558425622}
{"docno": "S269c9ca9-A9f915dc", "score": 14.393650632373095}
{"docno": "S488542ed-Afe5d696c", "score": 14.38563221277452}
{"docno": "Sbf22b3e8-A2f41a7d3", "score": 14.369447209518597}
{"docno": "S1ecb131d-A3156eadb", "score": 14.361119572142146}
{"docno": "Sb18524a3-A1af07790", "score": 14.359075795513498}
{"docno": "S58c07412-A979d0cda", "score": 14.357312715246218}
{"docno": "Sf66b190-Ae7a399a2", "score": 14.344952223711223}
{"docno": "S19d74fc0-A80cb7cea", "score": 14.326426517403615}
{"docno": "S67030cfd-A9d911a22", "score": 14.244305486858828}
{"type": "toggleArgument", "timestamp": "2025-06-26T10:43:36.072Z", "sessionID": "6d7ce6d9-a168-430e-af9c-70c4d323e28f", "rank": "3", "doc": "S1a94f253-Acdd10265", "action": "expand", "doclen": 950, "score": 28.767332029001615}
{"type": "StanceClicked", "timestamp": "2025-06-26T10:43:59.496Z", "sessionID": "6d7ce6d9-a168-430e-af9c-70c4d323e28f", "rank": "2", "stance": "con", "action": "chooseStance", "doc": "S57e140e8-A1bea53cd", "doclen": 530, "score": 34.447288699765224}
{"type": "toggleArgument", "timestamp": "2025-06-26T10:44:08.383Z", "sessionID": "6d7ce6d9-a168-430e-af9c-70c4d323e28f", "rank": "5", "doc": "Sb986bc28-Ae4a7ba9", "action": "expand", "doclen": 174, "score": 23.167587646348565}
{"type": "StanceClicked", "timestamp": "2025-06-26T10:44:18.720Z", "sessionID": "6d7ce6d9-a168-430e-af9c-70c4d323e28f", "rank": "5", "stance": "pro", "action": "chooseStance", "doc": "Sb986bc28-Ae4a7ba9", "doclen": 174, "score": 23.167587646348565}
{"type": "queryBoxFocused", "timestamp": "2025-06-26T10:44:31.066Z", "sessionID": "6d7ce6d9-a168-430e-af9c-70c4d323e28f"}
{"type": "querySubmitted", "timestamp": "2025-06-26T10:44:47.168Z", "sessionID": "6d7ce6d9-a168-430e-af9c-70c4d323e28f", "query": "radiation harm"}
{"docno": "Sa56dda72-A62edb096", "score": 22.199389400287686}
{"docno": "Sc25c7b05-A37ac2912", "score": 22.063837745959727}
{"docno": "S1a94f253-Ace6f4c21", "score": 19.905999515196626}
{"docno": "Se96e0da1-Ac733993e", "score": 19.152123968218355}
{"docno": "S691fdd5d-A97180196", "score": 18.804634467183764}
{"docno": "S24252c7c-A3329adfe", "score": 17.366380104413487}
{"docno": "Sb2b3385f-Abca9ed6a", "score": 17.103692120030736}
{"docno": "S57f55ae0-A970fa0de", "score": 17.00469539848055}
{"docno": "Se4620c33-A82ba7899", "score": 16.951242523719234}
{"docno": "Sd9969f42-A20195ae5", "score": 16.798934620252872}
{"docno": "S1a94f253-Acdd10265", "score": 16.795648560580997}
{"docno": "S3b9e766e-A57b2ffe5", "score": 16.564997217173143}
{"docno": "Se96e0da1-Ad6eac46", "score": 16.207626981582237}
{"docno": "Sa56ddab0-A4dc3fac4", "score": 16.171122485089725}
{"docno": "Sfdbb8e69-A4711e987", "score": 16.10574383131496}
{"docno": "Sb2b3385f-A822a0aa7", "score": 15.991147426242643}
{"docno": "S1cf220fb-A333e4a1a", "score": 15.699929167843758}
{"docno": "S9793293e-Afb170a31", "score": 15.334583123609097}
{"docno": "S8df146e9-A8106ab80", "score": 15.305910936034516}
{"docno": "S30ea3b12-A22d64218", "score": 15.14819502935463}
{"docno": "Se07687cb-Af93f364e", "score": 15.081541951589651}
{"docno": "Sa56dda15-Ac4e07e1b", "score": 15.064100984645005}
{"docno": "Sa56ddab0-A2fcfaea8", "score": 15.035985346633817}
{"docno": "S89d1bea-Ab89d1614", "score": 15.020580027726652}
{"docno": "S38a10eae-A179f678a", "score": 14.976048301262555}
{"docno": "S1dbbe3ed-A74bd4385", "score": 14.943550142542573}
{"docno": "Sb0dc1038-Ac01707c4", "score": 14.943550142542573}
{"docno": "S8df146e9-A9922fb86", "score": 14.900952048030081}
{"docno": "S6b39278a-A2bbaee0a", "score": 14.765461620891022}
{"docno": "Sa56ddab0-Aff7ba1", "score": 14.735018709270287}
{"docno": "Sb61f3301-A3215c02d", "score": 14.681206801740382}
{"docno": "S58b78f40-Aca1427e6", "score": 14.649832217093985}
{"docno": "S4e73d83-Abfbd9af9", "score": 14.61756639755356}
{"docno": "S23734551-Aac5a05ad", "score": 14.49544640053032}
{"docno": "S20bec82c-Afd3e57c4", "score": 14.468616554584216}
{"docno": "Sa56dda72-A672bac2d", "score": 14.38423160780515}
{"docno": "Sa56dda91-A5cea45d", "score": 14.36446789269608}
{"docno": "S74be2e10-A38b82e49", "score": 14.361499140360113}
{"docno": "Sd5824862-A92723005", "score": 14.263204725609755}
{"docno": "S5bf1ee98-Aa5c6da7b", "score": 14.262554166806428}
{"docno": "Sfdda407d-A122f0a60", "score": 14.231354776939416}
{"docno": "S9a8cdf5-A528dbd27", "score": 14.144394600040155}
{"docno": "S1a94f253-Ae467a168", "score": 14.139081090512153}
{"docno": "Sa56ddab0-A45d66079", "score": 13.980237593394566}
{"docno": "Sa56dda15-A7da93df3", "score": 13.88091137003957}
{"docno": "S90118de4-A1990e4c0", "score": 13.807580316331235}
{"docno": "S91a1b22c-A77ad52ac", "score": 13.765748421588514}
{"docno": "Sf2f807ce-Aedcb6e79", "score": 13.710683817922959}
{"docno": "Sb2b3385f-Aca0e4897", "score": 13.70347368672479}
{"docno": "S6c36767f-A84281c9", "score": 13.652480648083538}
{"docno": "Sf932d81d-Af56945c", "score": 13.598316702271251}
{"docno": "S92418529-Af56981d", "score": 13.598316702271251}
{"docno": "Sa56ddab0-Afb56f43a", "score": 13.59654289251679}
{"docno": "S4681bb43-A33143bc5", "score": 13.480798790635241}
{"docno": "S1d46dcc9-Af09b0bb0", "score": 13.43144652823597}
{"docno": "S30ea3b12-A976a6470", "score": 13.379018849827203}
{"docno": "S458aa2e-A15bcc21a", "score": 13.37730178702286}
{"docno": "S3b9e766e-Abc5800b6", "score": 13.368777102980635}
{"docno": "S92418529-Ad91aba86", "score": 13.323591828822591}
{"docno": "Sb2b3385f-Ace282daf", "score": 13.28319243008881}
{"docno": "S1a94f253-A5d4b2c6b", "score": 13.272001142711098}
{"docno": "Sb09e52c4-A146174e", "score": 13.165018905882338}
{"docno": "Sc4c16da0-Aec545424", "score": 13.165018905882338}
{"docno": "Sa406b769-A2f667079", "score": 13.105606997431552}
{"docno": "S79194c69-A42953f36", "score": 13.0983368319489}
{"docno": "Sa6bcbd59-A90bc6c9b", "score": 13.0564758107939}
{"docno": "S4681bb43-A8342f184", "score": 13.0564758107939}
{"docno": "S19b45e30-Aa64fd576", "score": 13.0564758107939}
{"docno": "S82f74dcf-Abee55689", "score": 13.028829151673225}
{"docno": "S99ea8c11-Aa3be6750", "score": 13.010176151257456}
{"docno": "S4d805b9f-A2a5f492f", "score": 12.95453623909629}
{"docno": "S3b9e766e-A8184c1fb", "score": 12.936520598365133}
{"docno": "S1dbbe3ed-A93f5d79d", "score": 12.908955472478413}
{"docno": "Sb4dd79ec-Ae5dbb839", "score": 12.782520663735006}
{"docno": "S1d308fcd-A52273f7e", "score": 12.746826464844593}
{"docno": "Sfdda407d-A4d3c2016", "score": 12.698404132652588}
{"docno": "Sa51c880-A19ed44fb", "score": 12.658049762197523}
{"docno": "S9c5b35ee-A9fef5a47", "score": 12.638636855696287}
{"docno": "Sfa5da6ff-A35883742", "score": 12.600087178306143}
{"docno": "S4a8e83a1-Af352c8d5", "score": 12.562213923193733}
{"docno": "Sc30d4dcc-Ad1879695", "score": 12.562213923193733}
{"docno": "Se91f47c0-Ae409b1cf", "score": 12.554408374423375}
{"docno": "Se874bf71-A3aae68c6", "score": 12.53661875993693}
{"docno": "Sa3f57279-A32374d63", "score": 12.519347570413077}
{"docno": "S8b68ae4-A3986e3a6", "score": 12.467818352406978}
{"docno": "Se4f285c5-Aec02c727", "score": 12.425592713189634}
{"docno": "S37b55961-A739a5bcb", "score": 12.379239903541858}
{"docno": "S4a8e83a1-Aac5da3dc", "score": 12.374830824396357}
{"docno": "S913cf17d-A1e532ca1", "score": 12.374830824396357}
{"docno": "S76af77fa-A7cb3b482", "score": 12.319427327201174}
{"docno": "Sd14731f-A2a5aceef", "score": 12.289012788963198}
{"docno": "Se71b590f-A1ee65d25", "score": 12.283220067979505}
{"docno": "Sfa5da6ff-A60bc6918", "score": 12.283220067979505}
{"docno": "S9b3d820f-Aac2de0d5", "score": 12.264144626152259}
{"docno": "Se16d400c-A8f2c3a5b", "score": 12.217772591593581}
{"docno": "S8e728e0f-Aa7447cf0", "score": 12.217772591593581}
{"docno": "Sbc230252-Aa1774064", "score": 12.192955731170345}
{"docno": "Sa5b9daae-Aff76bf4", "score": 12.170820685195968}
{"docno": "S19b45e6e-A7e0480d7", "score": 12.138070341064171}
{"docno": "Sae458399-A94306bc1", "score": 12.109633231847921}
{"type": "pageNavigationClicked", "timestamp": "2025-06-26T10:45:07.727Z", "sessionID": "6d7ce6d9-a168-430e-af9c-70c4d323e28f", "clicked": "2", "fromPage": 1, "toPage": 2}
{"type": "pageNavigationClicked", "timestamp": "2025-06-26T10:45:22.471Z", "sessionID": "6d7ce6d9-a168-430e-af9c-70c4d323e28f", "clicked": "3", "fromPage": 2, "toPage": 3}
{"type": "pageNavigationClicked", "timestamp": "2025-06-26T10:45:29.263Z", "sessionID": "6d7ce6d9-a168-430e-af9c-70c4d323e28f", "clicked": "4", "fromPage": 3, "toPage": 4}
{"type": "queryBoxFocused", "timestamp": "2025-06-26T10:45:32.010Z", "sessionID": "6d7ce6d9-a168-430e-af9c-70c4d323e28f"}
{"type": "querySubmitted", "timestamp": "2025-06-26T10:45:39.647Z", "sessionID": "6d7ce6d9-a168-430e-af9c-70c4d323e28f", "query": "benefits of phones"}
{"docno": "S211c585b-A63fd465a", "score": 19.717276568603904}
{"docno": "S141ee85f-Af74526e", "score": 19.14307570447309}
{"docno": "S240561fd-A17a6fae6", "score": 19.00844173161846}
{"docno": "Sabec10c3-Afde3cc5f", "score": 18.352767101581286}
{"docno": "S4fed345b-Af3fc96bd", "score": 18.319673013598024}
{"docno": "Sb1ab3114-A2221c219", "score": 18.252619133937806}
{"docno": "S7cb4f178-Afd62e6dd", "score": 18.18578932317146}
{"docno": "S292dc31f-Ab3b4cf9d", "score": 18.185069527740815}
{"docno": "S522ecd93-Aeaa6f508", "score": 18.177895631261933}
{"docno": "Sf9d4eb15-A8b36b173", "score": 17.73220490976671}
{"docno": "S240561fd-Ae3b67eed", "score": 17.65404720434664}
{"docno": "S27b33913-A2a992a60", "score": 17.22006237971398}
{"docno": "S3fb6ba05-Ab3ca4c62", "score": 17.114938675361888}
{"docno": "Sa2dd679-Aae89f9bc", "score": 17.08482028042917}
{"docno": "Se0bd1a72-Aa2eb5370", "score": 17.082741251429347}
{"docno": "Sf9d4eb15-A7959e400", "score": 17.03150328779158}
{"docno": "Sf66b190-Abaa08c2f", "score": 16.746372262854933}
{"docno": "S8b81b0bd-A80cd4a90", "score": 16.70809009761231}
{"docno": "S7cb4f1d5-Aafbefe70", "score": 16.70809009761231}
{"docno": "S7cb4f159-Aafbefe70", "score": 16.70809009761231}
{"docno": "S8b81b11a-A80cd4a90", "score": 16.70809009761231}
{"docno": "S7cb4f0fc-Aafbefe70", "score": 16.70809009761231}
{"docno": "S57cce9d6-Ab5c6fa50", "score": 16.70809009761231}
{"docno": "S66ebcd55-A98324f05", "score": 16.70809009761231}
{"docno": "S7cb4f197-Aafbefe70", "score": 16.70809009761231}
{"docno": "S5fe1936c-A9cab1405", "score": 16.70809009761231}
{"docno": "S19e92b30-Aafbefe70", "score": 16.70809009761231}
{"docno": "S32f9177d-A8f1d0bd2", "score": 16.70809009761231}
{"docno": "S19e92b11-Aafbefe70", "score": 16.70809009761231}
{"docno": "S8b81b11a-A90d26629", "score": 16.700103104989633}
{"docno": "S3fb6ba05-A94bbcdfb", "score": 16.469244830746586}
{"docno": "S240561fd-A3489ffcc", "score": 16.45591675630103}
{"docno": "Sabec10c3-A906e3e8f", "score": 16.449901723089894}
{"docno": "S1fdda57c-A392d4c0c", "score": 16.392462089671064}
{"docno": "Sf0a808a4-A7ac7c659", "score": 16.32959211924306}
{"docno": "S7cb4f11b-Aa2a1f744", "score": 16.28933407605866}
{"docno": "S141ee85f-A40495c7d", "score": 16.206653558836187}
{"docno": "Sf66b190-Ae7a399a2", "score": 16.163350173189567}
{"docno": "S8032a0c5-A338a9274", "score": 16.129636856144458}
{"docno": "Sb1ab3114-A3a3e3b42", "score": 15.963846819667564}
{"docno": "S19e92b30-Af35e080d", "score": 15.910885575374571}
{"docno": "S4c4ce076-Ae01fa7ed", "score": 15.880309038033456}
{"docno": "Sae6800c0-A8d106c65", "score": 15.681001650889486}
{"docno": "S77e062f2-Ab1799ee7", "score": 15.66636202326001}
{"docno": "Sf9d4eb15-A8e5d4c62", "score": 15.507319035997034}
{"docno": "S240561fd-Ae87ac816", "score": 15.145380846987612}
{"docno": "S57c9a8b5-Acf644345", "score": 15.124795266616369}
{"docno": "Se836048-A6b1b8be0", "score": 14.845977434839625}
{"docno": "Se4f285c5-A32441360", "score": 14.82781244187582}
{"docno": "S7cafa95f-A2b992e7c", "score": 14.727809188749378}
{"docno": "S6b50fd3c-Aee0f3c48", "score": 14.642840241867258}
{"docno": "Sfc0d5532-A15829d1a", "score": 14.491694292946534}
{"docno": "Se0bd1a72-A2101faf3", "score": 14.445732291892561}
{"docno": "Sfa5da6ff-A72a08078", "score": 14.317228218074044}
{"docno": "Se7db427e-A829712b2", "score": 14.316913735512413}
{"docno": "Sf66b190-A720df754", "score": 14.185842371963655}
{"docno": "Sca07a94-A9cfd1b80", "score": 14.126268727072567}
{"docno": "S4f9c4143-Ac376a6dc", "score": 13.969103132740017}
{"docno": "S794e7833-A212118f3", "score": 13.848155124070757}
{"docno": "S96cf8dd5-Acf1f9877", "score": 13.82740803119093}
{"docno": "S8c6fa87-A74ed05db", "score": 13.583459917627447}
{"docno": "S77e062f2-Ae331c101", "score": 13.518040623883149}
{"docno": "Sc9fc2a0a-A69f3faea", "score": 13.424628397814926}
{"docno": "S3064bbce-A1511606f", "score": 13.217597311191227}
{"docno": "S7a01164-A91115b72", "score": 13.162695756478366}
{"docno": "S2ad5f003-Adcb235f2", "score": 13.06705829473378}
{"docno": "S61faf587-A406aa97b", "score": 13.05235435406726}
{"docno": "Sd1a8761c-Aa14a29f8", "score": 13.033102831244952}
{"docno": "S7cb4f197-A327fa24a", "score": 13.023836291959444}
{"docno": "S1fdda57c-A6170581a", "score": 12.956661308401406}
{"docno": "Sb8254595-A185f2e70", "score": 12.880812345629339}
{"docno": "Sba768d85-Aa9438981", "score": 12.854162034679552}
{"docno": "S577f5ccd-Af9a9eeb9", "score": 12.81439270092768}
{"docno": "S62d1a67d-A6ccebf7a", "score": 12.802017520021275}
{"docno": "S6b3c3162-A1925ca69", "score": 12.799702151503164}
{"docno": "Scba64d71-A30105e5f", "score": 12.793780669787813}
{"docno": "S2f68d50f-Abb6635f0", "score": 12.78855405972561}
{"docno": "S6b7ea9e3-A8bf254d0", "score": 12.772206205374772}
{"docno": "Sa2dd679-Af611a7c0", "score": 12.764418565997577}
{"docno": "Sf66b190-Afda53712", "score": 12.763357350915394}
{"docno": "S11a0a266-A1108d80b", "score": 12.750704381557304}
{"docno": "Se8478fc7-A862bcace", "score": 12.74967937104427}
{"docno": "S6c52407a-A3afb2453", "score": 12.748654525316187}
{"docno": "S3904e0eb-Ab9a162af", "score": 12.746037472836482}
{"docno": "S8f1639e4-A8e1efbb6", "score": 12.729274832083822}
{"docno": "S4063284d-A594055d7", "score": 12.724589190685128}
{"docno": "Sabec10c3-Ab9c0d9c6", "score": 12.698096146884636}
{"docno": "S6b7ea9e3-Ad35c7664", "score": 12.695073284394743}
{"docno": "Sbccaa7ca-A65fe41db", "score": 12.692630765202903}
{"docno": "Sb8254595-Aeebdbae7", "score": 12.686631103432088}
{"docno": "S3064bbce-A7018b66d", "score": 12.677529050816053}
{"docno": "S27983569-Acc3c4c55", "score": 12.673488544850521}
{"docno": "S6b3c3162-A65f089e4", "score": 12.673488544850521}
{"docno": "S706aab6b-A7f6b9d3c", "score": 12.67121943024439}
{"docno": "Sedd595e0-A3f2bfbc4", "score": 12.665416203958724}
{"docno": "Sfc0d5532-A6ac682f2", "score": 12.661990386403671}
{"docno": "Sabec10c3-Aa43ad241", "score": 12.647108163081517}
{"docno": "S6b3c3162-A9a043e08", "score": 12.641545202867}
{"docno": "Sf66b190-Ad669a0e2", "score": 12.637877897552196}
{"docno": "Scba64daf-A96e03af7", "score": 12.624280622633027}
{"type": "queryBoxFocused", "timestamp": "2025-06-26T10:45:46.921Z", "sessionID": "6d7ce6d9-a168-430e-af9c-70c4d323e28f"}
{"type": "ClickedEndTask", "timestamp": "2025-06-26T10:46:03.894Z", "sessionID": "6d7ce6d9-a168-430e-af9c-70c4d323e28f"}
{"type": "toggleSavedDocumentsClicked", "timestamp": "2025-06-26T10:46:06.710Z", "sessionID": "6d7ce6d9-a168-430e-af9c-70c4d323e28f", "clicked": "shown"}
{"type": "toggleSavedDocumentsClicked", "timestamp": "2025-06-26T10:46:16.790Z", "sessionID": "6d7ce6d9-a168-430e-af9c-70c4d323e28f", "clicked": "hidden"}
{"type": "ClickedEndTask", "timestamp": "2025-06-26T10:46:27.774Z", "sessionID": "6d7ce6d9-a168-430e-af9c-70c4d323e28f"}
{"type": "TaskEndConfirmed", "timestamp": "2025-06-26T10:46:28.494Z", "sessionID": "6d7ce6d9-a168-430e-af9c-70c4d323e28f"}
{"type": "TaskEnded", "timestamp": "2025-06-26T10:47:15.261Z", "sessionID": "6d7ce6d9-a168-430e-af9c-70c4d323e28f", "reason": "I found all Pro Arguments and the Contra all say the same ", "translated_reason": "I found all pro arguments and the contra all sex the same"}
