{"type": "TaskStarted", "timestamp": "2025-06-26T10:19:38.172Z", "sessionID": "493bd24d-1d8d-4bd1-9086-1aeb4c5a13b5", "task": "2", "uid": "Participant42", "topic": "Is golf a sport?"}
{"type": "queryBoxFocused", "timestamp": "2025-06-26T10:19:59.222Z", "sessionID": "493bd24d-1d8d-4bd1-9086-1aeb4c5a13b5"}
{"type": "querySubmitted", "timestamp": "2025-06-26T10:20:01.212Z", "sessionID": "493bd24d-1d8d-4bd1-9086-1aeb4c5a13b5", "query": "Is golf a sport?"}
{"docno": "Sf6c3ab3f-A5270390c", "score": 29.978330681414043}
{"docno": "Sedab086a-A37f9df85", "score": 29.71757419080075}
{"docno": "S331dbe36-A48e81bc", "score": 29.145102985237955}
{"docno": "Sedab086a-A1b2b69e2", "score": 28.920567414368705}
{"docno": "Sbb04abe6-A43a15a87", "score": 28.443367140073505}
{"docno": "Sa452c48c-Ab569c84b", "score": 28.211150561792344}
{"docno": "S331dbe36-A1ab1fd44", "score": 28.03281319144245}
{"docno": "Sbb04abe6-A259c1dbe", "score": 28.0199431461304}
{"docno": "Sa2449587-A25a1c8d9", "score": 27.65088449546055}
{"docno": "Sedab086a-Aaf256b9f", "score": 27.55053640744842}
{"docno": "S8b62fc9c-Ac812f68d", "score": 27.401732498118616}
{"docno": "Sedab08a8-A58c94516", "score": 27.29211087248064}
{"docno": "S331dbe36-Aec018aad", "score": 27.153319709893687}
{"docno": "S2c13cc23-A46f62d8e", "score": 27.02320270406765}
{"docno": "S2c13cc23-Add292560", "score": 26.90063496454727}
{"docno": "S2e6a0d7e-A29ba3240", "score": 26.80123269368318}
{"docno": "S953298b6-Abb3af4da", "score": 26.766751370571804}
{"docno": "S2c13cc23-A7e1fbc18", "score": 26.707333804794153}
{"docno": "Sedab08a8-Adbc335b1", "score": 26.602538768156485}
{"docno": "S6b8ef422-A839e2339", "score": 26.601875105716417}
{"docno": "S7768222e-Aaf80531e", "score": 26.579599923009674}
{"docno": "Sa452c48c-Acc9c056b", "score": 26.35315915157225}
{"docno": "Sa2449587-A91a8f588", "score": 26.30690806821252}
{"docno": "Sedab08a8-A537c0a9", "score": 26.191826887777815}
{"docno": "Sf6c3ab3f-Aa5065996", "score": 26.097122253945834}
{"docno": "S331dbe36-A2e2c0f7b", "score": 25.633592405927683}
{"docno": "Sedab08a8-Aeb15fa1e", "score": 25.52524433454655}
{"docno": "S7768222e-Adc0338c6", "score": 25.499759261826973}
{"docno": "Sbb04abe6-A1fdac81c", "score": 25.35083133345848}
{"docno": "S3bbff083-A973e1dc1", "score": 25.015873637765917}
{"docno": "S2e6a0d7e-Aa4f9459c", "score": 24.94255739540531}
{"docno": "S953298b6-A4a07f2b0", "score": 24.835875245754053}
{"docno": "Sbb04abe6-Ae1a368b3", "score": 24.75988652655137}
{"docno": "S4b7e0d28-A4dac6729", "score": 24.558961014946256}
{"docno": "Sbb04abe6-Af6db3e8c", "score": 24.283799527142847}
{"docno": "Sc788fb1e-Aa1263f4b", "score": 24.164080293650954}
{"docno": "Se6368605-A5e129da8", "score": 24.02986448573475}
{"docno": "S2c13cc23-A74c4a0a9", "score": 23.74002250562861}
{"docno": "Sc788fb1e-Afd64b6f5", "score": 23.720530234211772}
{"docno": "Sb032fa0a-A75c4305e", "score": 23.593151778588844}
{"docno": "Se0aece74-A7d49da2e", "score": 23.5589444801658}
{"docno": "Sa452c48c-A29b70081", "score": 23.51862735595489}
{"docno": "S2a05382b-A15703c24", "score": 23.362484202856024}
{"docno": "S90199824-A7b633475", "score": 23.169336274264715}
{"docno": "Sedab086a-Af53202c8", "score": 23.062825759951657}
{"docno": "S331dbe36-A3a12ced6", "score": 23.012483127286778}
{"docno": "Sd6baaaf1-Aaba8db06", "score": 23.012483127286778}
{"docno": "S3bbff083-A1a7b35e0", "score": 22.957288115608087}
{"docno": "S1329642e-A82164ba7", "score": 22.904370180073514}
{"docno": "S126ee163-Acaa0b143", "score": 22.272767627715833}
{"docno": "Sc788fb1e-A6fea4bae", "score": 21.989538067396467}
{"docno": "S1979ed8c-Ac75bf086", "score": 21.896701595253006}
{"docno": "S8d55788c-A5f25e10c", "score": 21.79431233626059}
{"docno": "S49f41610-A8cc85730", "score": 20.85304885252627}
{"docno": "S414e4d8a-A270215e4", "score": 20.801162642592985}
{"docno": "Sa452c48c-A1e0098da", "score": 20.529063825494454}
{"docno": "Sbb04abe6-A1f2d303c", "score": 20.308694675025272}
{"docno": "Se183e945-A75e1f251", "score": 20.093679132452316}
{"docno": "S6b1404b6-A482bb169", "score": 20.071585044712684}
{"docno": "Sf81067da-A3a444651", "score": 20.043064150725485}
{"docno": "S4a6f90c3-Af5da9913", "score": 19.224884138334634}
{"docno": "Sc1132701-Abfda72fd", "score": 19.178461366831087}
{"docno": "S181c69f4-A45d96941", "score": 19.153867775345542}
{"docno": "S6e6e5f05-A61a28d73", "score": 19.106681523084625}
{"docno": "S703f21a3-A8613642c", "score": 18.536856926967538}
{"docno": "S895fbbe-A73ed9401", "score": 18.196635729741935}
{"docno": "S46ffef62-Adbed43d1", "score": 18.040076841360865}
{"docno": "Sc82afe8b-A23f0e7af", "score": 17.882381747157584}
{"docno": "S3c6a4e0b-A26d4a53c", "score": 17.67144983548323}
{"docno": "S1d13f9d6-A3fe8d2d7", "score": 17.460315903718374}
{"docno": "Sa7e99083-Abf0948fb", "score": 17.403527815344212}
{"docno": "S31ff7b7c-Adac937e1", "score": 17.31215079759271}
{"docno": "Sa452c48c-Ac303d3e9", "score": 17.260709820824452}
{"docno": "S66d8c001-A1cba39ed", "score": 17.083738637487674}
{"docno": "S8b8b07a3-A25b80870", "score": 17.068126717873035}
{"docno": "S5300fb1f-A18c42bf1", "score": 16.774028229094544}
{"docno": "Sdf011769-A8f1cd34f", "score": 16.747755134043498}
{"docno": "Se2ff8b36-A3b7d140c", "score": 16.643454586940884}
{"docno": "S2c83497d-Abed0b1c3", "score": 16.52024387716689}
{"docno": "S7c6ed51a-Ae1dbdf41", "score": 16.42669208549927}
{"docno": "Sa023e538-A4fdad5a0", "score": 16.42668884809746}
{"docno": "S600a7bc8-A3325400f", "score": 16.377896766600543}
{"docno": "Se45937fc-Aace09536", "score": 16.3343314982502}
{"docno": "Se45937fc-A8b0d666d", "score": 16.164637020803653}
{"docno": "S7a067c79-A41b493d8", "score": 16.070652915734193}
{"docno": "S5c626591-A70b988b9", "score": 16.06112609871988}
{"docno": "Sb5eb4943-A85a43376", "score": 16.03334993387821}
{"docno": "S600a7bc8-Aefdad0d5", "score": 15.907279084425783}
{"docno": "Sd38a910d-Aefa3eb7d", "score": 15.756034043383671}
{"docno": "S4b7e0d28-A24615a3b", "score": 15.402093599016561}
{"docno": "S91ff9f85-A50ab6d43", "score": 15.348036843097017}
{"docno": "Sa8e02fd0-A91dba982", "score": 15.177762838835008}
{"docno": "Sdf011769-A15b1244c", "score": 15.172812596876936}
{"docno": "Sb88bdc7a-A92a9fbff", "score": 15.031546787447361}
{"docno": "Sd6ef599d-Ab32f3ffe", "score": 15.024015260697233}
{"docno": "S126ee163-A51cb1220", "score": 14.907975840511774}
{"docno": "Se44eb5a8-A75788a93", "score": 14.861895960331413}
{"docno": "S2e6a0d7e-Abd7a09b", "score": 14.677521893179199}
{"docno": "S3bb42b3a-A9a43090b", "score": 14.677521893179199}
{"docno": "Sec460533-A1147d39b", "score": 14.515468335282941}
{"type": "toggleArgument", "timestamp": "2025-06-26T10:20:24.739Z", "sessionID": "493bd24d-1d8d-4bd1-9086-1aeb4c5a13b5", "rank": "1", "doc": "Sf6c3ab3f-A5270390c", "action": "expand", "doclen": 420, "score": 29.978330681414043}
{"type": "toggleArgument", "timestamp": "2025-06-26T10:20:58.355Z", "sessionID": "493bd24d-1d8d-4bd1-9086-1aeb4c5a13b5", "rank": "2", "doc": "Sedab086a-A37f9df85", "action": "expand", "doclen": 478, "score": 29.71757419080075}
{"type": "toggleArgument", "timestamp": "2025-06-26T10:21:05.146Z", "sessionID": "493bd24d-1d8d-4bd1-9086-1aeb4c5a13b5", "rank": "4", "doc": "Sedab086a-A1b2b69e2", "action": "expand", "doclen": 499, "score": 28.920567414368705}
{"type": "StanceClicked", "timestamp": "2025-06-26T10:21:39.074Z", "sessionID": "493bd24d-1d8d-4bd1-9086-1aeb4c5a13b5", "rank": "4", "stance": "con", "action": "chooseStance", "doc": "Sedab086a-A1b2b69e2", "doclen": 499, "score": 28.920567414368705}
{"type": "toggleArgument", "timestamp": "2025-06-26T10:21:47.682Z", "sessionID": "493bd24d-1d8d-4bd1-9086-1aeb4c5a13b5", "rank": "5", "doc": "Sbb04abe6-A43a15a87", "action": "expand", "doclen": 1081, "score": 28.443367140073505}
{"type": "toggleArgument", "timestamp": "2025-06-26T10:21:56.506Z", "sessionID": "493bd24d-1d8d-4bd1-9086-1aeb4c5a13b5", "rank": "6", "doc": "Sa452c48c-Ab569c84b", "action": "expand", "doclen": 1120, "score": 28.211150561792344}
{"type": "toggleArgument", "timestamp": "2025-06-26T10:22:06.678Z", "sessionID": "493bd24d-1d8d-4bd1-9086-1aeb4c5a13b5", "rank": "7", "doc": "S331dbe36-A1ab1fd44", "action": "expand", "doclen": 789, "score": 28.03281319144245}
{"type": "StanceClicked", "timestamp": "2025-06-26T10:22:58.791Z", "sessionID": "493bd24d-1d8d-4bd1-9086-1aeb4c5a13b5", "rank": "7", "stance": "pro", "action": "chooseStance", "doc": "S331dbe36-A1ab1fd44", "doclen": 789, "score": 28.03281319144245}
{"type": "toggleArgument", "timestamp": "2025-06-26T10:23:23.423Z", "sessionID": "493bd24d-1d8d-4bd1-9086-1aeb4c5a13b5", "rank": "10", "doc": "Sedab086a-Aaf256b9f", "action": "expand", "doclen": 724, "score": 27.55053640744842}
{"type": "StanceClicked", "timestamp": "2025-06-26T10:23:49.192Z", "sessionID": "493bd24d-1d8d-4bd1-9086-1aeb4c5a13b5", "rank": "10", "stance": "pro", "action": "chooseStance", "doc": "Sedab086a-Aaf256b9f", "doclen": 724, "score": 27.55053640744842}
{"type": "pageNavigationClicked", "timestamp": "2025-06-26T10:23:50.791Z", "sessionID": "493bd24d-1d8d-4bd1-9086-1aeb4c5a13b5", "clicked": "2", "fromPage": 1, "toPage": 2}
{"type": "StanceClicked", "timestamp": "2025-06-26T10:24:33.169Z", "sessionID": "493bd24d-1d8d-4bd1-9086-1aeb4c5a13b5", "rank": "11", "stance": "con", "action": "chooseStance", "doc": "S8b62fc9c-Ac812f68d", "doclen": 396, "score": 27.401732498118616}
{"type": "StanceClicked", "timestamp": "2025-06-26T10:24:38.184Z", "sessionID": "493bd24d-1d8d-4bd1-9086-1aeb4c5a13b5", "rank": "12", "stance": "pro", "action": "chooseStance", "doc": "Sedab08a8-A58c94516", "doclen": 332, "score": 27.29211087248064}
{"type": "toggleArgument", "timestamp": "2025-06-26T10:25:01.505Z", "sessionID": "493bd24d-1d8d-4bd1-9086-1aeb4c5a13b5", "rank": "14", "doc": "S2c13cc23-A46f62d8e", "action": "expand", "doclen": 222, "score": 27.02320270406765}
{"type": "toggleArgument", "timestamp": "2025-06-26T10:26:30.844Z", "sessionID": "493bd24d-1d8d-4bd1-9086-1aeb4c5a13b5", "rank": "19", "doc": "Sedab08a8-Adbc335b1", "action": "expand", "doclen": 136, "score": 26.602538768156485}
{"type": "toggleArgument", "timestamp": "2025-06-26T10:26:32.060Z", "sessionID": "493bd24d-1d8d-4bd1-9086-1aeb4c5a13b5", "rank": "19", "doc": "Sedab08a8-Adbc335b1", "action": "reduce", "doclen": 136, "score": 26.602538768156485}
{"type": "toggleArgument", "timestamp": "2025-06-26T10:26:32.924Z", "sessionID": "493bd24d-1d8d-4bd1-9086-1aeb4c5a13b5", "rank": "19", "doc": "Sedab08a8-Adbc335b1", "action": "expand", "doclen": 136, "score": 26.602538768156485}
{"type": "toggleArgument", "timestamp": "2025-06-26T10:26:33.388Z", "sessionID": "493bd24d-1d8d-4bd1-9086-1aeb4c5a13b5", "rank": "19", "doc": "Sedab08a8-Adbc335b1", "action": "reduce", "doclen": 136, "score": 26.602538768156485}
{"type": "toggleArgument", "timestamp": "2025-06-26T10:26:56.004Z", "sessionID": "493bd24d-1d8d-4bd1-9086-1aeb4c5a13b5", "rank": "20", "doc": "S6b8ef422-A839e2339", "action": "expand", "doclen": 948, "score": 26.601875105716417}
{"type": "StanceClicked", "timestamp": "2025-06-26T10:26:59.020Z", "sessionID": "493bd24d-1d8d-4bd1-9086-1aeb4c5a13b5", "rank": "20", "stance": "pro", "action": "chooseStance", "doc": "S6b8ef422-A839e2339", "doclen": 948, "score": 26.601875105716417}
{"type": "pageNavigationClicked", "timestamp": "2025-06-26T10:27:00.260Z", "sessionID": "493bd24d-1d8d-4bd1-9086-1aeb4c5a13b5", "clicked": "3", "fromPage": 2, "toPage": 3}
{"type": "StanceClicked", "timestamp": "2025-06-26T10:27:21.981Z", "sessionID": "493bd24d-1d8d-4bd1-9086-1aeb4c5a13b5", "rank": "22", "stance": "con", "action": "chooseStance", "doc": "Sa452c48c-Acc9c056b", "doclen": 2805, "score": 26.35315915157225}
{"type": "StanceClicked", "timestamp": "2025-06-26T10:27:24.428Z", "sessionID": "493bd24d-1d8d-4bd1-9086-1aeb4c5a13b5", "rank": "22", "stance": "con", "action": "removeStance", "doc": "Sa452c48c-Acc9c056b", "doclen": 2805, "score": 26.35315915157225}
{"type": "StanceClicked", "timestamp": "2025-06-26T10:27:24.852Z", "sessionID": "493bd24d-1d8d-4bd1-9086-1aeb4c5a13b5", "rank": "22", "stance": "con", "action": "chooseStance", "doc": "Sa452c48c-Acc9c056b", "doclen": 2805, "score": 26.35315915157225}
{"type": "toggleArgument", "timestamp": "2025-06-26T10:27:47.884Z", "sessionID": "493bd24d-1d8d-4bd1-9086-1aeb4c5a13b5", "rank": "25", "doc": "Sf6c3ab3f-Aa5065996", "action": "expand", "doclen": 111, "score": 26.097122253945834}
{"type": "toggleArgument", "timestamp": "2025-06-26T10:27:48.772Z", "sessionID": "493bd24d-1d8d-4bd1-9086-1aeb4c5a13b5", "rank": "25", "doc": "Sf6c3ab3f-Aa5065996", "action": "reduce", "doclen": 111, "score": 26.097122253945834}
{"type": "toggleArgument", "timestamp": "2025-06-26T10:27:50.484Z", "sessionID": "493bd24d-1d8d-4bd1-9086-1aeb4c5a13b5", "rank": "26", "doc": "S331dbe36-A2e2c0f7b", "action": "expand", "doclen": 420, "score": 25.633592405927683}
{"type": "toggleArgument", "timestamp": "2025-06-26T10:28:09.728Z", "sessionID": "493bd24d-1d8d-4bd1-9086-1aeb4c5a13b5", "rank": "27", "doc": "Sedab08a8-Aeb15fa1e", "action": "expand", "doclen": 357, "score": 25.52524433454655}
{"type": "StanceClicked", "timestamp": "2025-06-26T10:28:17.376Z", "sessionID": "493bd24d-1d8d-4bd1-9086-1aeb4c5a13b5", "rank": "28", "stance": "con", "action": "chooseStance", "doc": "S7768222e-Adc0338c6", "doclen": 767, "score": 25.499759261826973}
{"type": "pageNavigationClicked", "timestamp": "2025-06-26T10:28:25.048Z", "sessionID": "493bd24d-1d8d-4bd1-9086-1aeb4c5a13b5", "clicked": "4", "fromPage": 3, "toPage": 4}
{"type": "toggleArgument", "timestamp": "2025-06-26T10:28:37.848Z", "sessionID": "493bd24d-1d8d-4bd1-9086-1aeb4c5a13b5", "rank": "37", "doc": "Se6368605-A5e129da8", "action": "expand", "doclen": 1272, "score": 24.02986448573475}
{"type": "pageNavigationClicked", "timestamp": "2025-06-26T10:28:48.944Z", "sessionID": "493bd24d-1d8d-4bd1-9086-1aeb4c5a13b5", "clicked": "5", "fromPage": 4, "toPage": 5}
{"type": "pageNavigationClicked", "timestamp": "2025-06-26T10:28:59.640Z", "sessionID": "493bd24d-1d8d-4bd1-9086-1aeb4c5a13b5", "clicked": "6", "fromPage": 5, "toPage": 6}
{"type": "toggleArgument", "timestamp": "2025-06-26T10:29:06.064Z", "sessionID": "493bd24d-1d8d-4bd1-9086-1aeb4c5a13b5", "rank": "51", "doc": "Sc788fb1e-A6fea4bae", "action": "expand", "doclen": 904, "score": 21.989538067396467}
{"type": "StanceClicked", "timestamp": "2025-06-26T10:29:16.105Z", "sessionID": "493bd24d-1d8d-4bd1-9086-1aeb4c5a13b5", "rank": "51", "stance": "pro", "action": "chooseStance", "doc": "Sc788fb1e-A6fea4bae", "doclen": 904, "score": 21.989538067396467}
{"type": "StanceClicked", "timestamp": "2025-06-26T10:29:29.433Z", "sessionID": "493bd24d-1d8d-4bd1-9086-1aeb4c5a13b5", "rank": "51", "stance": "pro", "action": "removeStance", "doc": "Sc788fb1e-A6fea4bae", "doclen": 904, "score": 21.989538067396467}
{"type": "ClickedEndTask", "timestamp": "2025-06-26T10:29:31.681Z", "sessionID": "493bd24d-1d8d-4bd1-9086-1aeb4c5a13b5"}
{"type": "TaskEndConfirmed", "timestamp": "2025-06-26T10:29:35.008Z", "sessionID": "493bd24d-1d8d-4bd1-9086-1aeb4c5a13b5"}
{"type": "TaskEndConfirmed", "timestamp": "2025-06-26T10:29:40.152Z", "sessionID": "493bd24d-1d8d-4bd1-9086-1aeb4c5a13b5"}
{"type": "TaskEnded", "timestamp": "2025-06-26T10:30:16.284Z", "sessionID": "493bd24d-1d8d-4bd1-9086-1aeb4c5a13b5", "reason": "für mich keine guten Argumente", "translated_reason": "No good arguments for me"}
