{"type": "idSubmitted", "timestamp": "2025-06-26T10:53:37.139Z", "sessionID": "e00dd523-9dae-4b39-a7cd-d6ea50087749", "uid": "Participant36"}
{"type": "TaskStarted", "timestamp": "2025-06-26T10:54:56.122Z", "sessionID": "e00dd523-9dae-4b39-a7cd-d6ea50087749", "task": "1", "uid": "Participant36", "topic": "Should prostitution be legal?"}
{"type": "queryBoxFocused", "timestamp": "2025-06-26T10:54:59.563Z", "sessionID": "e00dd523-9dae-4b39-a7cd-d6ea50087749"}
{"type": "queryBoxFocused", "timestamp": "2025-06-26T10:55:06.925Z", "sessionID": "e00dd523-9dae-4b39-a7cd-d6ea50087749"}
{"type": "querySubmitted", "timestamp": "2025-06-26T10:55:09.123Z", "sessionID": "e00dd523-9dae-4b39-a7cd-d6ea50087749", "query": "Should prostitution be legal?"}
{"docno": "S10dba703-A5e4daff7", "score": 24.35110465649268}
{"docno": "S7c83e847-A110c745d", "score": 23.965227349642987}
{"docno": "S10dba703-A4021086d", "score": 23.417010340560438}
{"docno": "S286347c6-Ae3570a67", "score": 23.22619701110327}
{"docno": "S436cc21d-Ad0da327d", "score": 23.10612723305406}
{"docno": "Se410cf7a-A280a848f", "score": 23.104369429927274}
{"docno": "S318b36b2-Ab5da3b58", "score": 22.941439260446273}
{"docno": "Sf26ab52f-A484804b5", "score": 22.931850712789192}
{"docno": "S29e66283-A3372a973", "score": 22.831056645039535}
{"docno": "Sddcd2e78-Acf5b3d3f", "score": 22.76089323224847}
{"docno": "Sab52fe3f-A519eb99", "score": 22.64672846507664}
{"docno": "S2a95f892-A888dda76", "score": 22.614478631089256}
{"docno": "S9b3bf6ac-A8be67471", "score": 22.6112054836731}
{"docno": "S94b6b4c-A994a13eb", "score": 22.504236859028012}
{"docno": "S286347c6-A58ad6172", "score": 22.489935736325965}
{"docno": "S94aebaa-Aa54d1476", "score": 22.476433257930676}
{"docno": "Sf2b77005-Aea3c019e", "score": 22.415518970592725}
{"docno": "S10dba703-Ac7c9a8a", "score": 22.367397707509387}
{"docno": "Sb2564ac-A1bdac8d", "score": 22.301053235948086}
{"docno": "S94b6b4c-A580dd0b7", "score": 22.20899987115434}
{"docno": "S94b6b4c-A21a85343", "score": 22.164879474646483}
{"docno": "S7c83e847-A82f46229", "score": 22.16184455763045}
{"docno": "Sd262e675-A181332ba", "score": 22.136460477000362}
{"docno": "S29e66283-A50b104ff", "score": 22.085415658022054}
{"docno": "Sbbe2f561-Ad1a1e8ad", "score": 22.07887455661691}
{"docno": "S87d0ccd3-A9ce68c1e", "score": 22.045022964982135}
{"docno": "Sab52fe3f-Ac51fbaf1", "score": 21.99114669536925}
{"docno": "Sf4fc3e13-Ae03ce8d7", "score": 21.958430207347995}
{"docno": "S2709758f-A7432039c", "score": 21.944983890347462}
{"docno": "Sbe3c3e1a-A2aa64998", "score": 21.937320652452804}
{"docno": "S2fc94acb-A8f0dde1", "score": 21.930646134041083}
{"docno": "S318b36b2-Ad681510f", "score": 21.908047887850977}
{"docno": "S94b6b4c-A379a3f61", "score": 21.80728520211021}
{"docno": "S94b676c-A97d91864", "score": 21.783475625020042}
{"docno": "Sb5591233-Af195ff62", "score": 21.768001567065255}
{"docno": "S94b6b4c-Aceeaab49", "score": 21.759344235837265}
{"docno": "S94b6b4c-A15f19060", "score": 21.728940206649412}
{"docno": "Sbe3c3dbd-A69834559", "score": 21.715451154476476}
{"docno": "S87d0ccd3-Aacd72ab2", "score": 21.654092336148533}
{"docno": "S87d0ccd3-A9ec8a1a1", "score": 21.640531423152296}
{"docno": "Sb24a50c9-A6e9f187", "score": 21.63613575913334}
{"docno": "S2d75e907-A98218df7", "score": 21.50976431586799}
{"docno": "S105d8c2a-A674dd505", "score": 21.50505380279074}
{"docno": "Sb5591233-Ae45f813d", "score": 21.482023483444017}
{"docno": "S286347c6-A721cf638", "score": 21.431972956452718}
{"docno": "Sbe3c3d22-Ab7def6e4", "score": 21.42665260103322}
{"docno": "S2d215538-Af3ef5e40", "score": 21.42665260103322}
{"docno": "S6b369348-Aed037f52", "score": 21.41259668181375}
{"docno": "S35ff4ca-A9d5c3d41", "score": 21.40818456699825}
{"docno": "S9b3bf6ac-A170be0fe", "score": 21.37370694401876}
{"docno": "Se315eb8e-A901d438e", "score": 21.312691456289517}
{"docno": "S936e7b82-A58d5f657", "score": 21.284441095921668}
{"docno": "Sbbe2f561-A5318a530", "score": 21.267190109256006}
{"docno": "S87d0ccd3-A66b99a31", "score": 21.226035310383235}
{"docno": "S66ec5f0a-A1319a2d4", "score": 21.204523255751017}
{"docno": "S626e386a-A3f4c2b83", "score": 21.196401801922452}
{"docno": "S9b3bf6ac-A9ba7b541", "score": 21.180191371099642}
{"docno": "Se410cf7a-Ae3273c0b", "score": 21.12660210976952}
{"docno": "Scf3ad40b-A82a4232e", "score": 21.107720389463516}
{"docno": "S436cc21d-A8bb359e2", "score": 21.099318764447155}
{"docno": "Sb62b0bc1-A866c8f77", "score": 21.047297515779544}
{"docno": "Sab52fe3f-A65cb75b4", "score": 21.043238439296292}
{"docno": "S626e386a-Ab159d832", "score": 20.993062447864396}
{"docno": "Sbe3c3ddc-Ab3f1f132", "score": 20.957374648077636}
{"docno": "S58074cce-A50021d52", "score": 20.950218244609935}
{"docno": "S94b67e8-A4fe16040", "score": 20.90503996558273}
{"docno": "S2fc94acb-Adef29a3f", "score": 20.857856331670625}
{"docno": "S3d2c9c3b-A8b97b333", "score": 20.850660495243673}
{"docno": "S66ec5f0a-Af21bb718", "score": 20.834355801494432}
{"docno": "S2d75e907-Ab6367c30", "score": 20.79085137639094}
{"docno": "S36de12d5-A71886e1e", "score": 20.78828142084066}
{"docno": "S318b36b2-A982a604b", "score": 20.773589209360328}
{"docno": "S3180697a-A26af1705", "score": 20.745319438710652}
{"docno": "S181f935c-Ad6e52952", "score": 20.744033784199083}
{"docno": "S7c83e847-A38020a9b", "score": 20.69991424500265}
{"docno": "Sab52fe3f-Afb0f1532", "score": 20.690336072014617}
{"docno": "S58074cce-A7a2e065c", "score": 20.685944194411746}
{"docno": "Sbe3c3d9e-Ade9384ea", "score": 20.677376558351433}
{"docno": "Se70d8e5c-Afc3a9162", "score": 20.625290603812154}
{"docno": "S53ea1c8-A34affebe", "score": 20.562120897912987}
{"docno": "Scf3ad40b-A291c89c1", "score": 20.562120897912987}
{"docno": "S53ea1c8-A41dfdf02", "score": 20.411906742897894}
{"docno": "Sb72509d-A5b17e156", "score": 20.404872011915273}
{"docno": "S58074c90-A30927e08", "score": 20.40081200058296}
{"docno": "S94b6b4c-A4a7acced", "score": 20.386533489668327}
{"docno": "S2709758f-A9aa5cb30", "score": 20.35427239698312}
{"docno": "S87d0ccd3-A846a102a", "score": 20.35427239698312}
{"docno": "S8f7cc685-Ac9924e35", "score": 20.332668662897312}
{"docno": "Sf2b76fe6-Af918e794", "score": 20.33173326277297}
{"docno": "S9b3bf6ac-A7d1bdb9f", "score": 20.282630673902077}
{"docno": "Sdaa1bf82-A4c8a0cd0", "score": 20.27512135716272}
{"docno": "Scf3ad38f-Ac06067d9", "score": 20.234889822091496}
{"docno": "S2709758f-A401e1ae9", "score": 20.195351591582444}
{"docno": "Sfc16d928-Ac54ae68e", "score": 20.15091832002971}
{"docno": "Sbe3c3d9e-Ae6c07c2c", "score": 20.13321036791818}
{"docno": "Sd262e637-A9363dfd9", "score": 20.130731149175297}
{"docno": "S87d0ccd3-A1ce15c8b", "score": 20.1305930938745}
{"docno": "S951b2ce-A9916884f", "score": 20.12427862620945}
{"docno": "S8f7cc685-Afcd4a3c5", "score": 20.09077587179261}
{"docno": "Sf26ab52f-A1840e359", "score": 20.076206625031936}
{"type": "toggleArgument", "timestamp": "2025-06-26T10:55:15.107Z", "sessionID": "e00dd523-9dae-4b39-a7cd-d6ea50087749", "rank": "1", "doc": "S10dba703-A5e4daff7", "action": "expand", "doclen": 1034, "score": 24.35110465649268}
{"type": "toggleArgument", "timestamp": "2025-06-26T10:56:36.235Z", "sessionID": "e00dd523-9dae-4b39-a7cd-d6ea50087749", "rank": "2", "doc": "S7c83e847-A110c745d", "action": "expand", "doclen": 1908, "score": 23.965227349642987}
{"type": "StanceClicked", "timestamp": "2025-06-26T10:56:45.331Z", "sessionID": "e00dd523-9dae-4b39-a7cd-d6ea50087749", "rank": "1", "stance": "con", "action": "chooseStance", "doc": "S10dba703-A5e4daff7", "doclen": 1034, "score": 24.35110465649268}
{"type": "StanceClicked", "timestamp": "2025-06-26T10:57:44.613Z", "sessionID": "e00dd523-9dae-4b39-a7cd-d6ea50087749", "rank": "2", "stance": "pro", "action": "chooseStance", "doc": "S7c83e847-A110c745d", "doclen": 1908, "score": 23.965227349642987}
{"type": "toggleArgument", "timestamp": "2025-06-26T10:57:47.183Z", "sessionID": "e00dd523-9dae-4b39-a7cd-d6ea50087749", "rank": "3", "doc": "S10dba703-A4021086d", "action": "expand", "doclen": 2001, "score": 23.417010340560438}
{"type": "StanceClicked", "timestamp": "2025-06-26T10:59:36.370Z", "sessionID": "e00dd523-9dae-4b39-a7cd-d6ea50087749", "rank": "3", "stance": "pro", "action": "chooseStance", "doc": "S10dba703-A4021086d", "doclen": 2001, "score": 23.417010340560438}
{"type": "toggleArgument", "timestamp": "2025-06-26T10:59:38.466Z", "sessionID": "e00dd523-9dae-4b39-a7cd-d6ea50087749", "rank": "4", "doc": "S286347c6-Ae3570a67", "action": "expand", "doclen": 878, "score": 23.22619701110327}
{"type": "StanceClicked", "timestamp": "2025-06-26T11:00:14.884Z", "sessionID": "e00dd523-9dae-4b39-a7cd-d6ea50087749", "rank": "4", "stance": "pro", "action": "chooseStance", "doc": "S286347c6-Ae3570a67", "doclen": 878, "score": 23.22619701110327}
{"type": "toggleArgument", "timestamp": "2025-06-26T11:00:17.732Z", "sessionID": "e00dd523-9dae-4b39-a7cd-d6ea50087749", "rank": "5", "doc": "S436cc21d-Ad0da327d", "action": "expand", "doclen": 747, "score": 23.10612723305406}
{"type": "toggleArgument", "timestamp": "2025-06-26T11:01:02.087Z", "sessionID": "e00dd523-9dae-4b39-a7cd-d6ea50087749", "rank": "6", "doc": "Se410cf7a-A280a848f", "action": "expand", "doclen": 920, "score": 23.104369429927274}
{"type": "StanceClicked", "timestamp": "2025-06-26T11:02:03.040Z", "sessionID": "e00dd523-9dae-4b39-a7cd-d6ea50087749", "rank": "6", "stance": "pro", "action": "chooseStance", "doc": "Se410cf7a-A280a848f", "doclen": 920, "score": 23.104369429927274}
{"type": "toggleArgument", "timestamp": "2025-06-26T11:02:06.384Z", "sessionID": "e00dd523-9dae-4b39-a7cd-d6ea50087749", "rank": "7", "doc": "S318b36b2-Ab5da3b58", "action": "expand", "doclen": 2606, "score": 22.941439260446273}
{"type": "toggleArgument", "timestamp": "2025-06-26T11:02:22.504Z", "sessionID": "e00dd523-9dae-4b39-a7cd-d6ea50087749", "rank": "8", "doc": "Sf26ab52f-A484804b5", "action": "expand", "doclen": 266, "score": 22.931850712789192}
{"type": "toggleArgument", "timestamp": "2025-06-26T11:02:39.472Z", "sessionID": "e00dd523-9dae-4b39-a7cd-d6ea50087749", "rank": "9", "doc": "S29e66283-A3372a973", "action": "expand", "doclen": 2111, "score": 22.831056645039535}
{"type": "toggleArgument", "timestamp": "2025-06-26T11:03:17.881Z", "sessionID": "e00dd523-9dae-4b39-a7cd-d6ea50087749", "rank": "10", "doc": "Sddcd2e78-Acf5b3d3f", "action": "expand", "doclen": 242, "score": 22.76089323224847}
{"type": "StanceClicked", "timestamp": "2025-06-26T11:03:34.026Z", "sessionID": "e00dd523-9dae-4b39-a7cd-d6ea50087749", "rank": "10", "stance": "con", "action": "chooseStance", "doc": "Sddcd2e78-Acf5b3d3f", "doclen": 242, "score": 22.76089323224847}
{"type": "queryBoxFocused", "timestamp": "2025-06-26T11:03:35.378Z", "sessionID": "e00dd523-9dae-4b39-a7cd-d6ea50087749"}
{"type": "querySubmitted", "timestamp": "2025-06-26T11:03:45.498Z", "sessionID": "e00dd523-9dae-4b39-a7cd-d6ea50087749", "query": "why is sex work illegal?"}
{"docno": "Sa2fd8d2f-Ab7596733", "score": 20.612092621921683}
{"docno": "S2a95f892-A888dda76", "score": 20.063176943985525}
{"docno": "S2a95f892-Aed9e91a0", "score": 19.256365359637016}
{"docno": "Sa2fd8d2f-Af81563f9", "score": 19.092320707249286}
{"docno": "Sa2fd8d2f-Aa25764c7", "score": 19.01764527210432}
{"docno": "S916a7c2f-Ac4b27971", "score": 18.13331383505198}
{"docno": "S94b6b4c-A4a7acced", "score": 17.750108261739257}
{"docno": "Sf0ede654-A8a4486b", "score": 17.189336473872164}
{"docno": "S79171e03-Abd4a9559", "score": 17.189336473872164}
{"docno": "Sf0ede692-Afd9b5fe8", "score": 16.752831043601553}
{"docno": "Sf0ede673-Afd9b5fe8", "score": 16.752831043601553}
{"docno": "Sb7acc005-A620a1a7", "score": 16.690266250258052}
{"docno": "S33964227-A544516b2", "score": 16.54431712173615}
{"docno": "S137594e-A57e49aff", "score": 16.47240581166165}
{"docno": "S6c53db90-A61491b4f", "score": 16.462830300031477}
{"docno": "S6565a68-A2f09ece2", "score": 16.33044244123009}
{"docno": "Sb54275ec-A9fae87b8", "score": 16.260374426138462}
{"docno": "S87d0ccd3-Ab452f62c", "score": 16.10879087658684}
{"docno": "S916a7c2f-A3a7de8d7", "score": 15.87652738790079}
{"docno": "S2709758f-A7432039c", "score": 15.843052811841693}
{"docno": "Sc5ec2bd2-Aa39602e2", "score": 15.791558346621912}
{"docno": "S916a7c2f-A34233d65", "score": 15.786243057950717}
{"docno": "S9536fd54-Ad7747b", "score": 15.764047658067724}
{"docno": "S2d75e907-Ac8adc3ce", "score": 15.754679457560652}
{"docno": "S20e6aeeb-A82ef5b22", "score": 15.691200178067723}
{"docno": "S7c83e847-A7d44dba0", "score": 15.642002804459946}
{"docno": "S916a7c2f-A938bcb15", "score": 15.641046048707596}
{"docno": "S61c76495-A1164104d", "score": 15.533684961282109}
{"docno": "S936e7b82-A58d5f657", "score": 15.495413216706492}
{"docno": "Sc25ba3ea-A219fbe1", "score": 15.432944473489218}
{"docno": "S3a4b0592-A412c41b0", "score": 15.401315352530258}
{"docno": "Sc7bb7d3f-A69673113", "score": 15.37550554483594}
{"docno": "Scf3ad38f-Ac06067d9", "score": 15.332347827389633}
{"docno": "S1637a779-A546e9161", "score": 15.27819154802349}
{"docno": "S87d0ccd3-A8734139e", "score": 15.14917284591085}
{"docno": "Se7c4495d-A82b9d80f", "score": 15.08561872369043}
{"docno": "S2d28827a-A8de8c652", "score": 15.05646026242258}
{"docno": "S3268b939-A21bb143b", "score": 15.024633711235824}
{"docno": "S28f9e395-A6b07272", "score": 14.916359760519732}
{"docno": "S7d9eb46d-A9a397017", "score": 14.877302581313247}
{"docno": "S96a0ae29-A9101d9b", "score": 14.857879271409239}
{"docno": "S59ad9eee-A5bb8a8b3", "score": 14.799368487048485}
{"docno": "S2a95f892-A8b34eda8", "score": 14.791632671700928}
{"docno": "Sb93de574-A6dc923dc", "score": 14.719255190848664}
{"docno": "S57a9cc60-A29c3c125", "score": 14.700653442995204}
{"docno": "S70b955d9-A6339485a", "score": 14.688403823984304}
{"docno": "S4db51b6c-Afd88099b", "score": 14.67972416334683}
{"docno": "S1d68919c-Acc03cfea", "score": 14.67972416334683}
{"docno": "Sa5425c5-Afa85b96f", "score": 14.678934235658176}
{"docno": "Sf2b76fe6-A994e930", "score": 14.624206820636665}
{"docno": "Sf2b76fc7-Aaa72c47c", "score": 14.624206820636665}
{"docno": "S6de19528-A79e6d4ab", "score": 14.565985811951045}
{"docno": "S6340764-A20908108", "score": 14.530212418835557}
{"docno": "Sda3e1d49-A90eb1c8", "score": 14.488754202748753}
{"docno": "Scdd0a9b4-A7414a81b", "score": 14.460201615426652}
{"docno": "S4a009e8b-Afcc56325", "score": 14.437725588812587}
{"docno": "Sc95f87de-A3ecd0420", "score": 14.425548748268996}
{"docno": "S7869df62-A100be3c1", "score": 14.40604123526113}
{"docno": "S201214b2-A6afbdce5", "score": 14.346297519913968}
{"docno": "S12fb1301-A2aab086e", "score": 14.339447184276452}
{"docno": "S6de19528-Af85a70b8", "score": 14.309562376553686}
{"docno": "Se7c4495d-Ab1bce1f5", "score": 14.304735176791175}
{"docno": "S6565a68-A884e22bd", "score": 14.23849590537781}
{"docno": "Sb145154d-A64ff7b7", "score": 14.23849590537781}
{"docno": "S415c5843-A5ce6503e", "score": 14.22991040281327}
{"docno": "S37e9fe07-A942742d1", "score": 14.195201296095206}
{"docno": "S999d9ae6-A27cb4052", "score": 14.17427171931244}
{"docno": "S45ff3670-Afbc1204e", "score": 14.157066475416539}
{"docno": "S30fb5f89-Ac6a55617", "score": 14.151668661451634}
{"docno": "S95037c39-Aaa0c87da", "score": 14.146006667651623}
{"docno": "Sd9e8eb04-A6ccfe556", "score": 14.121397411303585}
{"docno": "S4366841b-A21b6a48d", "score": 14.11789808363957}
{"docno": "Sa2fd8d2f-Ac0d18b4d", "score": 14.114894588044146}
{"docno": "S20e6aeeb-Affaf524b", "score": 14.109780754915075}
{"docno": "S597d60a9-Ac4e54c9a", "score": 14.081118310126545}
{"docno": "S99e1f2b0-A9395c4d7", "score": 14.081118310126545}
{"docno": "S3268b939-Af7bbd5bb", "score": 14.081118310126545}
{"docno": "S68a8a68-Accebfe3e", "score": 14.06453441118208}
{"docno": "Sb2564ac-A1bdac8d", "score": 14.047411950304529}
{"docno": "Sbd2b110c-Aca56c011", "score": 14.008129449413405}
{"docno": "S181f179a-Aedaa45fc", "score": 13.985619771637934}
{"docno": "Sa2fd8d2f-A7c6e0e18", "score": 13.982616426905974}
{"docno": "S41574d40-A250a46ca", "score": 13.928388588037041}
{"docno": "Sa0ae451e-A8e8796d3", "score": 13.924597338972752}
{"docno": "Sf48be0a0-Adfeef37d", "score": 13.852255737621267}
{"docno": "Sbd2b110c-A96ba4b00", "score": 13.82741573765463}
{"docno": "S7856cf0a-Adcd5c0b9", "score": 13.823017662382178}
{"docno": "Sc5ec2bd2-A758674d0", "score": 13.812816903249864}
{"docno": "S7d9eb46d-A3a86a700", "score": 13.719629262985102}
{"docno": "S46e8b33d-Aa3d015d7", "score": 13.702151050244963}
{"docno": "S38b0f403-Ad43b2c96", "score": 13.695094398056769}
{"docno": "S430da9da-Af9bf8bca", "score": 13.691721112838582}
{"docno": "S88b57bbb-Ae6f4dd19", "score": 13.690077971764765}
{"docno": "S2e6744c4-A7783d850", "score": 13.68568989378965}
{"docno": "S68a8a87-Ae24dc113", "score": 13.656628976536444}
{"docno": "S99edf3f2-A455d36e1", "score": 13.626718009861168}
{"docno": "S12b889b8-A55547e3b", "score": 13.60136223248934}
{"docno": "S38c6266c-A6fd7edb2", "score": 13.59229350779244}
{"docno": "S90a1c80d-Af9bc7535", "score": 13.590727460165297}
{"docno": "S222851ba-A95255aab", "score": 13.540016230768828}
{"type": "toggleArgument", "timestamp": "2025-06-26T11:03:49.873Z", "sessionID": "e00dd523-9dae-4b39-a7cd-d6ea50087749", "rank": "1", "doc": "Sa2fd8d2f-Ab7596733", "action": "expand", "doclen": 1274, "score": 20.612092621921683}
{"type": "StanceClicked", "timestamp": "2025-06-26T11:04:13.531Z", "sessionID": "e00dd523-9dae-4b39-a7cd-d6ea50087749", "rank": "1", "stance": "pro", "action": "chooseStance", "doc": "Sa2fd8d2f-Ab7596733", "doclen": 1274, "score": 20.612092621921683}
{"type": "toggleArgument", "timestamp": "2025-06-26T11:04:29.914Z", "sessionID": "e00dd523-9dae-4b39-a7cd-d6ea50087749", "rank": "2", "doc": "S2a95f892-A888dda76", "action": "expand", "doclen": 2386, "score": 22.614478631089256}
{"type": "StanceClicked", "timestamp": "2025-06-26T11:05:36.076Z", "sessionID": "e00dd523-9dae-4b39-a7cd-d6ea50087749", "rank": "2", "stance": "pro", "action": "chooseStance", "doc": "S2a95f892-A888dda76", "doclen": 2386, "score": 22.614478631089256}
{"type": "toggleArgument", "timestamp": "2025-06-26T11:05:44.635Z", "sessionID": "e00dd523-9dae-4b39-a7cd-d6ea50087749", "rank": "3", "doc": "S2a95f892-Aed9e91a0", "action": "expand", "doclen": 1425, "score": 19.256365359637016}
{"type": "ClickedEndTask", "timestamp": "2025-06-26T11:06:09.357Z", "sessionID": "e00dd523-9dae-4b39-a7cd-d6ea50087749"}
{"type": "TaskEndConfirmed", "timestamp": "2025-06-26T11:06:11.276Z", "sessionID": "e00dd523-9dae-4b39-a7cd-d6ea50087749"}
{"type": "TaskEnded", "timestamp": "2025-06-26T11:06:22.757Z", "sessionID": "e00dd523-9dae-4b39-a7cd-d6ea50087749", "reason": "time is over TT", "translated_reason": "Time is over TT"}
