{"type": "TaskStarted", "timestamp": "2025-06-26T11:06:13.777Z", "sessionID": "6388acc8-ebb5-4a49-8951-30454401d627", "task": "2", "uid": "Participant40", "topic": "Should prostitution be legal?"}
{"type": "queryBoxFocused", "timestamp": "2025-06-26T11:06:16.115Z", "sessionID": "6388acc8-ebb5-4a49-8951-30454401d627"}
{"type": "querySubmitted", "timestamp": "2025-06-26T11:06:24.970Z", "sessionID": "6388acc8-ebb5-4a49-8951-30454401d627", "query": "legalisation of prostitution"}
{"docno": "S9010a352-Aefe844ec", "score": 30.810986555033647}
{"docno": "Sb24a50c9-A611f0d42", "score": 30.598685713267372}
{"docno": "S7a081757-Ad21f3ecb", "score": 29.525701480379873}
{"docno": "S87d0ccd3-A99b8e5cb", "score": 28.061317419558264}
{"docno": "Sb72509d-A400f9e46", "score": 27.564490358238885}
{"docno": "Sb72509d-A5b17e156", "score": 27.083411825007023}
{"docno": "Sa2fd8d2f-A4c77577f", "score": 27.031534619178615}
{"docno": "S87d0ccd3-A1c439f8d", "score": 26.95264807881465}
{"docno": "S436cc21d-A8bb359e2", "score": 26.49441123589454}
{"docno": "S7c83e847-A110c745d", "score": 26.3149579582931}
{"docno": "Scf3ad40b-A291c89c1", "score": 26.132685876745747}
{"docno": "S87d0ccd3-Aacd72ab2", "score": 25.975200302377388}
{"docno": "S66ec5f48-Aba1e740d", "score": 25.52650985739668}
{"docno": "S87d0ccd3-A111238d0", "score": 24.61413854432544}
{"docno": "S87d0ccd3-A593782cb", "score": 24.433259354704454}
{"docno": "Se70d8e5c-Afc3a9162", "score": 24.18943712799099}
{"docno": "S7a081757-Adfca9920", "score": 23.983821520826595}
{"docno": "S6bbe373b-Aaff9c37e", "score": 23.49202082735091}
{"docno": "Saae93639-Afa22c796", "score": 23.486520714824714}
{"docno": "Sd34ff27b-Aa1e7b6a4", "score": 23.334298149831866}
{"docno": "S29e66283-A987b4812", "score": 23.202330481405667}
{"docno": "Saca8ce26-Aa48edda2", "score": 22.77898811096138}
{"docno": "S924ff298-A50a632c2", "score": 22.605921452859207}
{"docno": "Sa2fd8d2f-Af81563f9", "score": 22.06945177611024}
{"docno": "Sd34ff27b-A41309eeb", "score": 21.71606448904652}
{"docno": "Sd34ff27b-A6bbf9f35", "score": 21.59282127647556}
{"docno": "Sa2fd8d2f-A6330519d", "score": 21.532164601695005}
{"docno": "Sa2fd8d2f-Ae76113c1", "score": 21.464557305598156}
{"docno": "S58074c90-A30927e08", "score": 21.071617262508116}
{"docno": "S35ff4ca-A574e6ff2", "score": 19.3794956895846}
{"docno": "Sa2fd8d2f-A56caa7c6", "score": 18.720695970754356}
{"docno": "S6857a58c-Aa758d1aa", "score": 17.78018909492077}
{"docno": "S924ff298-A764e4d27", "score": 17.705335472261215}
{"docno": "Sccf0a250-A88960fb6", "score": 17.679376010003676}
{"docno": "S6857a58c-A5514bff1", "score": 17.66061982176369}
{"docno": "S3fbd2d93-Ab0cde82b", "score": 17.634672057200316}
{"docno": "Sa33194f5-Aca7c573c", "score": 16.65512106958251}
{"docno": "S8c165121-Abd5f0cbf", "score": 16.652666978766828}
{"docno": "S8c165102-A46fbc483", "score": 16.652666978766828}
{"docno": "S8c16515f-Abd5f0cbf", "score": 16.652666978766828}
{"docno": "S8c165140-Abd5f0cbf", "score": 16.652666978766828}
{"docno": "Sa2fd8d2f-Ab7596733", "score": 16.60964914307511}
{"docno": "S8c1650c4-A9364f97a", "score": 16.575949762121155}
{"docno": "S8c1650a5-A5da60130", "score": 16.575949762121155}
{"docno": "Sc3a7159b-Af3fe3f4f", "score": 16.202727808801733}
{"docno": "S10dba703-A5e4daff7", "score": 15.97892460697597}
{"docno": "S7c83e847-A7d44dba0", "score": 15.823920875009499}
{"docno": "Sc65961ef-Adbb42f0c", "score": 15.7764628385356}
{"docno": "Sa2fd8d2f-Ac7e7bc74", "score": 15.732670302126612}
{"docno": "S436cc21d-Ad0da327d", "score": 15.707566932497544}
{"docno": "S38e1cb02-A6aaa4f66", "score": 15.69781093149103}
{"docno": "Se410cf7a-A280a848f", "score": 15.677316013456506}
{"docno": "S10dba703-A4021086d", "score": 15.66922623630766}
{"docno": "S5092b681-Adc4d6ecd", "score": 15.644868139612006}
{"docno": "Sab52fe3f-A65cb75b4", "score": 15.622958614351553}
{"docno": "Sb34a9339-A16045fcd", "score": 15.62022863033045}
{"docno": "S2d75e907-Ab6367c30", "score": 15.619409821160877}
{"docno": "Sdddbe3de-A59edeae5", "score": 15.60318339934945}
{"docno": "S94aebaa-Aa54d1476", "score": 15.548597624419532}
{"docno": "S87d0ccd3-A9ce68c1e", "score": 15.547516787886561}
{"docno": "S94b6b4c-A21a85343", "score": 15.534598182416275}
{"docno": "S94b6b4c-A15f19060", "score": 15.528944357993483}
{"docno": "S2709758f-A7432039c", "score": 15.527489512281443}
{"docno": "Scf3ad3ec-Abb81cdd4", "score": 15.502385509017756}
{"docno": "Saae93639-A50c99d2c", "score": 15.490785961459023}
{"docno": "Sf26ab52f-A484804b5", "score": 15.48953435913256}
{"docno": "S286347c6-Ae3570a67", "score": 15.471777000248974}
{"docno": "S38e1cb40-A13d6b8f3", "score": 15.462233813647206}
{"docno": "S38e1cb21-A13d6b8f3", "score": 15.462233813647206}
{"docno": "S94b6b4c-Aceeaab49", "score": 15.412904455720376}
{"docno": "S94b6b4c-A580dd0b7", "score": 15.399535066174186}
{"docno": "S286347c6-A58ad6172", "score": 15.390695363588845}
{"docno": "Sfb69d67d-A8046c35", "score": 15.374142619472966}
{"docno": "Sf26ab52f-A38724e49", "score": 15.366123308868282}
{"docno": "Sab52fe20-Ab7cf312f", "score": 15.358369763637262}
{"docno": "S9b3bf6ac-A8be67471", "score": 15.316472135481675}
{"docno": "S3180697a-A26af1705", "score": 15.305316429939545}
{"docno": "S66ec5f0a-A87c910a", "score": 15.301263837712256}
{"docno": "S87d0ccd3-A66b99a31", "score": 15.295447257937452}
{"docno": "S10dba703-Ac7c9a8a", "score": 15.29322246919194}
{"docno": "S9288ec5d-Af1c1ccba", "score": 15.287049482701015}
{"docno": "S94b6b4c-A379a3f61", "score": 15.28389930774252}
{"docno": "S94b6b4c-A994a13eb", "score": 15.258426384809598}
{"docno": "S66ec5f29-Ad818562d", "score": 15.216680727838837}
{"docno": "Sf6a9b53a-Aef99a5e4", "score": 15.200937537160137}
{"docno": "Sab52fe3f-Ac51fbaf1", "score": 15.197154522547496}
{"docno": "Se21a5027-A93f5d3e1", "score": 15.17274553196668}
{"docno": "Sbbe2f561-Ad1a1e8ad", "score": 15.155739494763635}
{"docno": "S94b6b4c-A4a7acced", "score": 15.138285154602135}
{"docno": "S94b67aa-Afebbe4e1", "score": 15.124787640226979}
{"docno": "Sacb337d5-Abdf58f13", "score": 15.11579029457895}
{"docno": "Sd1002c17-A28f7eab3", "score": 15.108306745045557}
{"docno": "Se315eb8e-A901d438e", "score": 15.093251690834041}
{"docno": "Sab52fe3f-A519eb99", "score": 15.082465957650735}
{"docno": "Sbe3c3ddc-Ae3be1715", "score": 15.07377530026025}
{"docno": "S20e6aeeb-A387176ca", "score": 15.057659503345226}
{"docno": "Sa2fd8d2f-Aa25764c7", "score": 15.053555723695007}
{"docno": "Sbe3c3ddc-Ab3f1f132", "score": 15.023708362091467}
{"docno": "S936e7b82-A58d5f657", "score": 15.021779408519706}
{"docno": "Sbe3c3d9e-Ae6c07c2c", "score": 15.017667878115965}
{"type": "toggleArgument", "timestamp": "2025-06-26T11:06:26.977Z", "sessionID": "6388acc8-ebb5-4a49-8951-30454401d627", "rank": "1", "doc": "S9010a352-Aefe844ec", "action": "expand", "doclen": 829, "score": 17.003437927262155}
{"type": "toggleArgument", "timestamp": "2025-06-26T11:06:29.880Z", "sessionID": "6388acc8-ebb5-4a49-8951-30454401d627", "rank": "2", "doc": "Sb24a50c9-A611f0d42", "action": "expand", "doclen": 2553, "score": 16.281649089000986}
{"type": "toggleArgument", "timestamp": "2025-06-26T11:06:33.864Z", "sessionID": "6388acc8-ebb5-4a49-8951-30454401d627", "rank": "3", "doc": "S7a081757-Ad21f3ecb", "action": "expand", "doclen": 1275, "score": 15.30976702772609}
{"type": "StanceClicked", "timestamp": "2025-06-26T11:07:07.745Z", "sessionID": "6388acc8-ebb5-4a49-8951-30454401d627", "rank": "3", "stance": "pro", "action": "chooseStance", "doc": "S7a081757-Ad21f3ecb", "doclen": 1275, "score": 15.30976702772609}
{"type": "toggleArgument", "timestamp": "2025-06-26T11:07:10.840Z", "sessionID": "6388acc8-ebb5-4a49-8951-30454401d627", "rank": "4", "doc": "S87d0ccd3-A99b8e5cb", "action": "expand", "doclen": 196, "score": 28.061317419558264}
{"type": "toggleArgument", "timestamp": "2025-06-26T11:07:19.360Z", "sessionID": "6388acc8-ebb5-4a49-8951-30454401d627", "rank": "5", "doc": "Sb72509d-A400f9e46", "action": "expand", "doclen": 2726, "score": 27.564490358238885}
{"type": "StanceClicked", "timestamp": "2025-06-26T11:08:25.328Z", "sessionID": "6388acc8-ebb5-4a49-8951-30454401d627", "rank": "5", "stance": "pro", "action": "chooseStance", "doc": "Sb72509d-A400f9e46", "doclen": 2726, "score": 27.564490358238885}
{"type": "toggleArgument", "timestamp": "2025-06-26T11:08:30.968Z", "sessionID": "6388acc8-ebb5-4a49-8951-30454401d627", "rank": "6", "doc": "Sb72509d-A5b17e156", "action": "expand", "doclen": 2722, "score": 20.404872011915273}
{"type": "toggleArgument", "timestamp": "2025-06-26T11:08:46.464Z", "sessionID": "6388acc8-ebb5-4a49-8951-30454401d627", "rank": "7", "doc": "Sa2fd8d2f-A4c77577f", "action": "expand", "doclen": 467, "score": 17.25544639674979}
{"type": "StanceClicked", "timestamp": "2025-06-26T11:08:59.568Z", "sessionID": "6388acc8-ebb5-4a49-8951-30454401d627", "rank": "7", "stance": "con", "action": "chooseStance", "doc": "Sa2fd8d2f-A4c77577f", "doclen": 467, "score": 17.25544639674979}
{"type": "toggleArgument", "timestamp": "2025-06-26T11:09:03.232Z", "sessionID": "6388acc8-ebb5-4a49-8951-30454401d627", "rank": "8", "doc": "S87d0ccd3-A1c439f8d", "action": "expand", "doclen": 443, "score": 26.95264807881465}
{"type": "StanceClicked", "timestamp": "2025-06-26T11:09:17.384Z", "sessionID": "6388acc8-ebb5-4a49-8951-30454401d627", "rank": "8", "stance": "con", "action": "chooseStance", "doc": "S87d0ccd3-A1c439f8d", "doclen": 443, "score": 26.95264807881465}
{"type": "toggleArgument", "timestamp": "2025-06-26T11:09:23.392Z", "sessionID": "6388acc8-ebb5-4a49-8951-30454401d627", "rank": "9", "doc": "S436cc21d-A8bb359e2", "action": "expand", "doclen": 1439, "score": 21.099318764447155}
{"type": "StanceClicked", "timestamp": "2025-06-26T11:09:53.977Z", "sessionID": "6388acc8-ebb5-4a49-8951-30454401d627", "rank": "9", "stance": "pro", "action": "chooseStance", "doc": "S436cc21d-A8bb359e2", "doclen": 1439, "score": 21.099318764447155}
{"type": "toggleArgument", "timestamp": "2025-06-26T11:09:57.304Z", "sessionID": "6388acc8-ebb5-4a49-8951-30454401d627", "rank": "10", "doc": "S7c83e847-A110c745d", "action": "expand", "doclen": 1908, "score": 23.965227349642987}
{"type": "StanceClicked", "timestamp": "2025-06-26T11:10:18.665Z", "sessionID": "6388acc8-ebb5-4a49-8951-30454401d627", "rank": "10", "stance": "pro", "action": "chooseStance", "doc": "S7c83e847-A110c745d", "doclen": 1908, "score": 23.965227349642987}
{"type": "pageNavigationClicked", "timestamp": "2025-06-26T11:10:20.856Z", "sessionID": "6388acc8-ebb5-4a49-8951-30454401d627", "clicked": "2", "fromPage": 1, "toPage": 2}
{"type": "toggleArgument", "timestamp": "2025-06-26T11:10:28.760Z", "sessionID": "6388acc8-ebb5-4a49-8951-30454401d627", "rank": "11", "doc": "Scf3ad40b-A291c89c1", "action": "expand", "doclen": 377, "score": 20.562120897912987}
{"type": "StanceClicked", "timestamp": "2025-06-26T11:10:42.409Z", "sessionID": "6388acc8-ebb5-4a49-8951-30454401d627", "rank": "11", "stance": "pro", "action": "chooseStance", "doc": "Scf3ad40b-A291c89c1", "doclen": 377, "score": 20.562120897912987}
{"type": "toggleArgument", "timestamp": "2025-06-26T11:10:46.593Z", "sessionID": "6388acc8-ebb5-4a49-8951-30454401d627", "rank": "12", "doc": "S87d0ccd3-Aacd72ab2", "action": "expand", "doclen": 730, "score": 21.654092336148533}
{"type": "StanceClicked", "timestamp": "2025-06-26T11:11:07.169Z", "sessionID": "6388acc8-ebb5-4a49-8951-30454401d627", "rank": "12", "stance": "con", "action": "chooseStance", "doc": "S87d0ccd3-Aacd72ab2", "doclen": 730, "score": 21.654092336148533}
{"type": "toggleArgument", "timestamp": "2025-06-26T11:11:12.944Z", "sessionID": "6388acc8-ebb5-4a49-8951-30454401d627", "rank": "13", "doc": "S66ec5f48-Aba1e740d", "action": "expand", "doclen": 1584, "score": 25.52650985739668}
{"type": "toggleArgument", "timestamp": "2025-06-26T11:11:43.488Z", "sessionID": "6388acc8-ebb5-4a49-8951-30454401d627", "rank": "14", "doc": "S87d0ccd3-A111238d0", "action": "expand", "doclen": 203, "score": 24.61413854432544}
{"type": "toggleArgument", "timestamp": "2025-06-26T11:11:49.472Z", "sessionID": "6388acc8-ebb5-4a49-8951-30454401d627", "rank": "15", "doc": "S87d0ccd3-A593782cb", "action": "expand", "doclen": 234, "score": 24.433259354704454}
{"type": "StanceClicked", "timestamp": "2025-06-26T11:11:57.161Z", "sessionID": "6388acc8-ebb5-4a49-8951-30454401d627", "rank": "15", "stance": "pro", "action": "chooseStance", "doc": "S87d0ccd3-A593782cb", "doclen": 234, "score": 24.433259354704454}
{"type": "toggleArgument", "timestamp": "2025-06-26T11:12:12.824Z", "sessionID": "6388acc8-ebb5-4a49-8951-30454401d627", "rank": "17", "doc": "S7a081757-Adfca9920", "action": "expand", "doclen": 913, "score": 23.983821520826595}
{"type": "toggleArgument", "timestamp": "2025-06-26T11:12:48.208Z", "sessionID": "6388acc8-ebb5-4a49-8951-30454401d627", "rank": "19", "doc": "Saae93639-Afa22c796", "action": "expand", "doclen": 801, "score": 23.486520714824714}
{"type": "toggleArgument", "timestamp": "2025-06-26T11:13:18.672Z", "sessionID": "6388acc8-ebb5-4a49-8951-30454401d627", "rank": "20", "doc": "Sd34ff27b-Aa1e7b6a4", "action": "expand", "doclen": 1449, "score": 23.334298149831866}
{"type": "StanceClicked", "timestamp": "2025-06-26T11:14:02.033Z", "sessionID": "6388acc8-ebb5-4a49-8951-30454401d627", "rank": "20", "stance": "pro", "action": "chooseStance", "doc": "Sd34ff27b-Aa1e7b6a4", "doclen": 1449, "score": 23.334298149831866}
{"type": "queryBoxFocused", "timestamp": "2025-06-26T11:14:06.532Z", "sessionID": "6388acc8-ebb5-4a49-8951-30454401d627"}
{"type": "querySubmitted", "timestamp": "2025-06-26T11:14:28.681Z", "sessionID": "6388acc8-ebb5-4a49-8951-30454401d627", "query": "legalizatin of prostitution contra"}
{"docno": "S44d104e5-Acf38c6b2", "score": 21.7487098581554}
{"docno": "S7a047bef-A759e9d3c", "score": 20.39083061159704}
{"docno": "S8c7cc650-A275f636b", "score": 19.745158790908157}
{"docno": "S1027b7f8-Ab934ce80", "score": 17.877438921284547}
{"docno": "Sc7294cab-Aecbac4da", "score": 17.44865667429737}
{"docno": "Sed146d2b-A9884e271", "score": 17.44865667429737}
{"docno": "S8d5f34b3-A57dd7693", "score": 16.777970031963346}
{"docno": "S7e7c3d53-Af4c140d1", "score": 16.39974862907366}
{"docno": "S7c83e847-A110c745d", "score": 16.00724404092643}
{"docno": "S10dba703-A5e4daff7", "score": 15.97892460697597}
{"docno": "S7c83e847-A7d44dba0", "score": 15.823920875009499}
{"docno": "S436cc21d-Ad0da327d", "score": 15.707566932497544}
{"docno": "Se410cf7a-A280a848f", "score": 15.677316013456506}
{"docno": "S10dba703-A4021086d", "score": 15.66922623630766}
{"docno": "S5092b681-Adc4d6ecd", "score": 15.644868139612006}
{"docno": "Sab52fe3f-A65cb75b4", "score": 15.622958614351553}
{"docno": "Sb34a9339-A16045fcd", "score": 15.62022863033045}
{"docno": "S2d75e907-Ab6367c30", "score": 15.619409821160877}
{"docno": "Sdddbe3de-A59edeae5", "score": 15.60318339934945}
{"docno": "S94aebaa-Aa54d1476", "score": 15.548597624419532}
{"docno": "S87d0ccd3-A9ce68c1e", "score": 15.547516787886561}
{"docno": "S94b6b4c-A21a85343", "score": 15.534598182416275}
{"docno": "S942ef4cb-A38d307f8", "score": 15.532733461203744}
{"docno": "S94b6b4c-A15f19060", "score": 15.528944357993483}
{"docno": "S2709758f-A7432039c", "score": 15.527489512281443}
{"docno": "Scf3ad3ec-Abb81cdd4", "score": 15.502385509017756}
{"docno": "Saae93639-A50c99d2c", "score": 15.490785961459023}
{"docno": "Sf26ab52f-A484804b5", "score": 15.48953435913256}
{"docno": "S286347c6-Ae3570a67", "score": 15.471777000248974}
{"docno": "S94b6b4c-Aceeaab49", "score": 15.412904455720376}
{"docno": "S94b6b4c-A580dd0b7", "score": 15.399535066174186}
{"docno": "S58074c90-A30927e08", "score": 15.397872556663785}
{"docno": "S286347c6-A58ad6172", "score": 15.390695363588845}
{"docno": "Sf26ab52f-A38724e49", "score": 15.366123308868282}
{"docno": "Sab52fe20-Ab7cf312f", "score": 15.358369763637262}
{"docno": "S9b3bf6ac-A8be67471", "score": 15.316472135481675}
{"docno": "S3180697a-A26af1705", "score": 15.305316429939545}
{"docno": "S66ec5f0a-A87c910a", "score": 15.301263837712256}
{"docno": "S87d0ccd3-A66b99a31", "score": 15.295447257937452}
{"docno": "S10dba703-Ac7c9a8a", "score": 15.29322246919194}
{"docno": "S94b6b4c-A379a3f61", "score": 15.28389930774252}
{"docno": "S94b6b4c-A994a13eb", "score": 15.258426384809598}
{"docno": "S66ec5f29-Ad818562d", "score": 15.216680727838837}
{"docno": "S87d0ccd3-Aacd72ab2", "score": 15.207734419486894}
{"docno": "Sab52fe3f-Ac51fbaf1", "score": 15.197154522547496}
{"docno": "Sbbe2f561-Ad1a1e8ad", "score": 15.155739494763635}
{"docno": "S94b6b4c-A4a7acced", "score": 15.138285154602135}
{"docno": "S94b67aa-Afebbe4e1", "score": 15.124787640226979}
{"docno": "Sd1002c17-A28f7eab3", "score": 15.108306745045557}
{"docno": "Se315eb8e-A901d438e", "score": 15.093251690834041}
{"docno": "Sab52fe3f-A519eb99", "score": 15.082465957650735}
{"docno": "Sbe3c3ddc-Ae3be1715", "score": 15.07377530026025}
{"docno": "S20e6aeeb-A387176ca", "score": 15.057659503345226}
{"docno": "S956ab616-Adcf8563e", "score": 15.048234855090087}
{"docno": "Sf4f605d1-A8bcb9856", "score": 15.043281538760526}
{"docno": "Sbe3c3ddc-Ab3f1f132", "score": 15.023708362091467}
{"docno": "S936e7b82-A58d5f657", "score": 15.021779408519706}
{"docno": "Sbe3c3d9e-Ae6c07c2c", "score": 15.017667878115965}
{"docno": "S7c83e847-A82f46229", "score": 15.009700655100927}
{"docno": "Sf4fc3e13-Aec4ee7c0", "score": 14.994825975056054}
{"docno": "S2a95f892-A888dda76", "score": 14.98022885977505}
{"docno": "Sf4fc3e13-Ae03ce8d7", "score": 14.959828008173552}
{"docno": "Scf3ad40b-Ad211571b", "score": 14.95924434699595}
{"docno": "S87d0ccd3-Ac4e2b870", "score": 14.958777450844057}
{"docno": "Sbe3c3e1a-A2aa64998", "score": 14.948198295591974}
{"docno": "S2fc94acb-A8f0dde1", "score": 14.944519902681574}
{"docno": "S318b36b2-Ab5da3b58", "score": 14.929212101283893}
{"docno": "S942ef4cb-Ade554d73", "score": 14.927672575430817}
{"docno": "S436cc21d-A8bb359e2", "score": 14.927499398604112}
{"docno": "S1fbfac08-A579cac07", "score": 14.8969846783924}
{"docno": "S87d0ccd3-A1c439f8d", "score": 14.885117274435384}
{"docno": "S35179721-A37e02b58", "score": 14.87130274638935}
{"docno": "S6b36928e-Ab6cbf04a", "score": 14.866872240278823}
{"docno": "S94b676c-A97d91864", "score": 14.863259553763605}
{"docno": "Sbe3c3dbd-A69834559", "score": 14.825600765946238}
{"docno": "Sb72509d-A5b17e156", "score": 14.82498035859891}
{"docno": "Sb2564ac-A1bdac8d", "score": 14.815318676435393}
{"docno": "Sd31537ce-Aed713ae", "score": 14.814926141571139}
{"docno": "Sddcd2e78-Acf5b3d3f", "score": 14.811721218588639}
{"docno": "Scf3ad40b-Ac8cc1729", "score": 14.811721218588639}
{"docno": "S66ec5f0a-Af21bb718", "score": 14.791219477322809}
{"docno": "S29e66283-A3372a973", "score": 14.78894363014163}
{"docno": "S36de12d5-A71886e1e", "score": 14.767361053910717}
{"docno": "Sbe3c3ddc-A1578c466", "score": 14.743579474423647}
{"docno": "S8f7cc685-Afcd4a3c5", "score": 14.741312098044492}
{"docno": "Sab52fe3f-Afb0f1532", "score": 14.716484490886874}
{"docno": "S924ff298-A14619b8f", "score": 14.705793914866865}
{"docno": "Scf3ad40b-A916d5088", "score": 14.705793914866865}
{"docno": "Sb07b0b7c-A2094b813", "score": 14.693640948008694}
{"docno": "S94b6883-A402c8fa0", "score": 14.68445929130732}
{"docno": "S626e386a-Ab159d832", "score": 14.671120093563426}
{"docno": "Sd262e675-A181332ba", "score": 14.670446477554515}
{"docno": "S66ec5f48-Aba1e740d", "score": 14.625439415009053}
{"docno": "Sb24a50c9-A651ef717", "score": 14.62146293078183}
{"docno": "Sf4fc3e13-A1ae20755", "score": 14.619414862810656}
{"docno": "Sf2b77005-Aea3c019e", "score": 14.58696785642828}
{"docno": "Sa4429b52-A1d668c9a", "score": 14.56707654284311}
{"docno": "Sb58881a1-Ad7117727", "score": 14.565416416608171}
{"docno": "S372de414-Aed5c384", "score": 14.551954798518526}
{"docno": "S8895e6b4-Aa4fe713b", "score": 14.542107931396249}
{"type": "queryBoxFocused", "timestamp": "2025-06-26T11:14:32.733Z", "sessionID": "6388acc8-ebb5-4a49-8951-30454401d627"}
{"type": "querySubmitted", "timestamp": "2025-06-26T11:14:43.257Z", "sessionID": "6388acc8-ebb5-4a49-8951-30454401d627", "query": "should prostitution be illegal"}
{"docno": "S35ff4ca-A9d5c3d41", "score": 22.5409764695913}
{"docno": "S7c83e847-A110c745d", "score": 22.529809451941933}
{"docno": "Sbe3c3d9e-A8ad30830", "score": 22.483657109061898}
{"docno": "S2709758f-A7432039c", "score": 22.409485042554245}
{"docno": "S66ec5f0a-A87c910a", "score": 22.393058624150235}
{"docno": "S936e7b82-A58d5f657", "score": 22.272193183973847}
{"docno": "S7c83e847-A7d44dba0", "score": 22.01710642014253}
{"docno": "S87d0ccd3-Afe11f1a0", "score": 21.980422635555968}
{"docno": "S7c83e847-A38020a9b", "score": 21.71625698057393}
{"docno": "S3f7340ce-A68cd6674", "score": 21.605082568655355}
{"docno": "S3180697a-A26af1705", "score": 21.603321131781975}
{"docno": "S87d0ccd3-Ab452f62c", "score": 21.468706184338522}
{"docno": "S6b369348-Aed037f52", "score": 21.38911066957221}
{"docno": "Se315eb8e-A901d438e", "score": 21.24910464736181}
{"docno": "Sdddbe3de-A59edeae5", "score": 21.245273961358333}
{"docno": "S94b6b4c-A4a7acced", "score": 21.214291479854214}
{"docno": "Scf3ad40b-A87592d5a", "score": 21.13863475968403}
{"docno": "S6c53db90-A61491b4f", "score": 21.11409510063854}
{"docno": "S94b6883-A71213ef6", "score": 21.070596882129493}
{"docno": "S8f7cc685-Aa36677d7", "score": 20.96378443877201}
{"docno": "Se410cf7a-A280a848f", "score": 20.941939228149884}
{"docno": "S29e66283-A50b104ff", "score": 20.931606332425297}
{"docno": "Sc7bb7d3f-A69673113", "score": 20.886465955987966}
{"docno": "Sfc16d928-Afd0f731f", "score": 20.87536217328244}
{"docno": "S2a95f892-A888dda76", "score": 20.85599591548919}
{"docno": "Sbe3c3d9e-A3bc86d0f", "score": 20.757684817999746}
{"docno": "S10dba703-A5e4daff7", "score": 20.579340512998385}
{"docno": "Sa4429b52-A1d668c9a", "score": 20.566187353405596}
{"docno": "Scf3ad40b-Aef887f8b", "score": 20.535789725570474}
{"docno": "Sd31537ce-Aed713ae", "score": 20.490795044914563}
{"docno": "S9b3bf6ac-A8be67471", "score": 20.35716476812725}
{"docno": "S318b36b2-A982a604b", "score": 20.35087576634157}
{"docno": "S87d0ccd3-Ac74122f8", "score": 20.273359352393758}
{"docno": "Sab52fe20-A29b89eb6", "score": 20.272530046056094}
{"docno": "Scf3ad38f-Ac06067d9", "score": 20.240685446540997}
{"docno": "Sab52fe20-A2203a09d", "score": 20.189708833656663}
{"docno": "S626e386a-Ab159d832", "score": 20.18049489206866}
{"docno": "Sbe3c3d22-Ab7def6e4", "score": 20.056076951945688}
{"docno": "S2d215538-Af3ef5e40", "score": 20.056076951945688}
{"docno": "S622af56b-A78e47014", "score": 19.943448963237124}
{"docno": "S66ec5f0a-Af21bb718", "score": 19.94278088163859}
{"docno": "S36de12d5-A71886e1e", "score": 19.89108111490975}
{"docno": "Sb5591233-Ae45f813d", "score": 19.82752502316018}
{"docno": "S3d547f70-A74a4cded", "score": 19.778562682125504}
{"docno": "S2d288299-Af8edfde2", "score": 19.689771190806752}
{"docno": "S9b3bf6ac-A9ba7b541", "score": 19.671334528895294}
{"docno": "S87d0ccd3-Aad24c3bf", "score": 19.625597430356112}
{"docno": "S94b6b4c-A21a85343", "score": 19.6021029013233}
{"docno": "Sdcd732cb-Ac9931ee1", "score": 19.593409646663957}
{"docno": "S2d75e907-Ac8adc3ce", "score": 19.438789422743458}
{"docno": "S66ec5f29-Ad818562d", "score": 19.401753525281123}
{"docno": "S2d28827a-A8de8c652", "score": 19.16985400886688}
{"docno": "S87d0ccd3-A19865eb9", "score": 19.165656598831326}
{"docno": "S436cc21d-A8bb359e2", "score": 19.15837190391704}
{"docno": "S94b676c-A80d4f7d3", "score": 19.09396784718494}
{"docno": "S94b67e8-A4fe16040", "score": 19.06362905294508}
{"docno": "S372de414-Aed5c384", "score": 19.022219702004847}
{"docno": "S6bbe373b-A366ab7ae", "score": 18.984369626266272}
{"docno": "S9b3bf6ac-A170be0fe", "score": 18.900631976307555}
{"docno": "S29e66283-A987b4812", "score": 18.86133298992061}
{"docno": "Sab52fe3f-A6bf39675", "score": 18.730339117533486}
{"docno": "S6857a58c-Aac30927b", "score": 18.68966933259018}
{"docno": "S1fbfac08-Aacab97c1", "score": 18.625574051648044}
{"docno": "S936e7b82-Acc5e173a", "score": 18.589594734191575}
{"docno": "S66ec5f48-Aba1e740d", "score": 18.52561257171451}
{"docno": "Scf3ad40b-Aa0d8b069", "score": 18.449942265776208}
{"docno": "Se410cf7a-Ae3273c0b", "score": 18.431663064665194}
{"docno": "S29e66283-A3372a973", "score": 18.36542720890736}
{"docno": "S1fbfac08-Ab033edbb", "score": 18.32792898900447}
{"docno": "Sbe3c3ddc-Ab3f1f132", "score": 18.280732001245752}
{"docno": "Sbbe2f561-Ad1a1e8ad", "score": 18.253147125892507}
{"docno": "S66ec5f0a-A6ec143bd", "score": 18.222843385900592}
{"docno": "S2be7daca-A95a1703a", "score": 18.187650242319492}
{"docno": "S476e6892-A6641eb47", "score": 18.135727686258566}
{"docno": "S1b50be00-Abbe47d2d", "score": 18.123230071887818}
{"docno": "S318b36b2-Ab5da3b58", "score": 18.08855125763386}
{"docno": "Sbe3c3ddc-A1578c466", "score": 18.06915265944392}
{"docno": "S53ea1c8-A41dfdf02", "score": 18.05842406560032}
{"docno": "Sb24a50c9-A651ef717", "score": 18.030749316121373}
{"docno": "S45ff3670-Afbc1204e", "score": 17.96456600148141}
{"docno": "Sbe3c3ddc-Ae3be1715", "score": 17.95469983389817}
{"docno": "Sdddbe3de-Addae4651", "score": 17.952784519158524}
{"docno": "S6857a58c-Aa758d1aa", "score": 17.910520019149644}
{"docno": "Sb2564ac-A1bdac8d", "score": 17.862941650670155}
{"docno": "Sb24a50c9-A6e9f187", "score": 17.85841588581757}
{"docno": "Sb72509d-A5b17e156", "score": 17.732409919159345}
{"docno": "S94b67aa-Afb564d9a", "score": 17.689894164298572}
{"docno": "S7d9eb46d-A9a397017", "score": 17.60491785956395}
{"docno": "S2fc94acb-A8f0dde1", "score": 17.58475265442418}
{"docno": "S9b3bf6ac-A1e8cc87a", "score": 17.548609121148367}
{"docno": "S6857a58c-A5514bff1", "score": 17.51042280502968}
{"docno": "S8f7cc685-A40700467", "score": 17.41204890172526}
{"docno": "S3f7340ce-Aa9bfb339", "score": 17.367354607724415}
{"docno": "S29e66283-Abfe3005a", "score": 17.35642269923012}
{"docno": "S90a1c80d-Af9bc7535", "score": 17.32025856125939}
{"docno": "S9b3bf6ac-A7d1bdb9f", "score": 17.31952479823185}
{"docno": "Sb24a50c9-A611f0d42", "score": 17.2605742902508}
{"docno": "S439060df-Ad07ab24c", "score": 17.08984151140852}
{"docno": "S2fc94acb-Adef29a3f", "score": 16.992879322911296}
{"docno": "Sf38018b3-A2f134a63", "score": 16.952749424740198}
{"type": "toggleArgument", "timestamp": "2025-06-26T11:14:46.184Z", "sessionID": "6388acc8-ebb5-4a49-8951-30454401d627", "rank": "1", "doc": "S35ff4ca-A9d5c3d41", "action": "expand", "doclen": 666, "score": 21.40818456699825}
{"type": "toggleArgument", "timestamp": "2025-06-26T11:15:07.392Z", "sessionID": "6388acc8-ebb5-4a49-8951-30454401d627", "rank": "4", "doc": "S2709758f-A7432039c", "action": "expand", "doclen": 1968, "score": 21.944983890347462}
{"type": "StanceClicked", "timestamp": "2025-06-26T11:16:02.178Z", "sessionID": "6388acc8-ebb5-4a49-8951-30454401d627", "rank": "4", "stance": "con", "action": "chooseStance", "doc": "S2709758f-A7432039c", "doclen": 1968, "score": 21.944983890347462}
{"type": "toggleArgument", "timestamp": "2025-06-26T11:16:07.745Z", "sessionID": "6388acc8-ebb5-4a49-8951-30454401d627", "rank": "5", "doc": "S66ec5f0a-A87c910a", "action": "expand", "doclen": 1438, "score": 15.301263837712256}
{"type": "toggleArgument", "timestamp": "2025-06-26T11:16:56.459Z", "sessionID": "6388acc8-ebb5-4a49-8951-30454401d627", "rank": "8", "doc": "S87d0ccd3-Afe11f1a0", "action": "expand", "doclen": 490, "score": 21.980422635555968}
{"type": "toggleArgument", "timestamp": "2025-06-26T11:17:12.851Z", "sessionID": "6388acc8-ebb5-4a49-8951-30454401d627", "rank": "10", "doc": "S3f7340ce-A68cd6674", "action": "expand", "doclen": 889, "score": 21.605082568655355}
{"type": "pageNavigationClicked", "timestamp": "2025-06-26T11:17:20.995Z", "sessionID": "6388acc8-ebb5-4a49-8951-30454401d627", "clicked": "2", "fromPage": 1, "toPage": 2}
{"type": "toggleArgument", "timestamp": "2025-06-26T11:17:31.651Z", "sessionID": "6388acc8-ebb5-4a49-8951-30454401d627", "rank": "13", "doc": "S6b369348-Aed037f52", "action": "expand", "doclen": 1453, "score": 21.41259668181375}
{"type": "ClickedEndTask", "timestamp": "2025-06-26T11:18:03.813Z", "sessionID": "6388acc8-ebb5-4a49-8951-30454401d627"}
{"type": "TaskEndConfirmed", "timestamp": "2025-06-26T11:18:05.301Z", "sessionID": "6388acc8-ebb5-4a49-8951-30454401d627"}
{"type": "TaskEnded", "timestamp": "2025-06-26T11:18:17.221Z", "sessionID": "6388acc8-ebb5-4a49-8951-30454401d627", "reason": "time limit", "translated_reason": "Time limit"}
