{"type": "idSubmitted", "timestamp": "2025-06-26T10:50:43.730Z", "sessionID": "209db7fb-957d-4a68-b241-ce8ece4a9876", "uid": "Participant2"}
{"type": "TaskStarted", "timestamp": "2025-06-26T10:51:40.221Z", "sessionID": "209db7fb-957d-4a68-b241-ce8ece4a9876", "task": "1", "uid": "Participant2", "topic": "Should the death penalty be allowed?"}
{"type": "queryBoxFocused", "timestamp": "2025-06-26T10:51:44.677Z", "sessionID": "209db7fb-957d-4a68-b241-ce8ece4a9876"}
{"type": "querySubmitted", "timestamp": "2025-06-26T10:52:03.949Z", "sessionID": "209db7fb-957d-4a68-b241-ce8ece4a9876", "query": "death penalty"}
{"docno": "Sbea71e7b-Abd60bf75", "score": 20.601460382733954}
{"docno": "S41272f07-A41be4b07", "score": 20.59909556162657}
{"docno": "Sc1373988-A36ccfa6f", "score": 20.257381423685324}
{"docno": "S53f92967-A7a1722af", "score": 20.257381423685324}
{"docno": "S12bc8799-A87d80bd4", "score": 20.139565931667338}
{"docno": "Sf2cac0b5-A6784823", "score": 20.055074979717155}
{"docno": "Sfc074141-A793f1cd0", "score": 19.979595210668975}
{"docno": "Se3bc0ab2-A41f13adf", "score": 19.97716596096548}
{"docno": "Sabe4e80b-Af9ac8615", "score": 19.94934085411012}
{"docno": "Sa03f5d1-A80dcb16f", "score": 19.8933366755939}
{"docno": "Scd96e4d9-Aa65a4175", "score": 19.83937405292379}
{"docno": "S1f7cca71-A745b453c", "score": 19.833889949415834}
{"docno": "Sc1373988-A47b3f132", "score": 19.821382305668102}
{"docno": "S97ab35bd-A9ce90243", "score": 19.78861999970551}
{"docno": "Sa490cfc2-A73ff9d39", "score": 19.752852649554292}
{"docno": "Sa490cc01-A12ca097c", "score": 19.733933791274133}
{"docno": "Sa490cbe2-A12ca097c", "score": 19.733933791274133}
{"docno": "Sb44adae-Ab12adfb9", "score": 19.719563804316227}
{"docno": "Sa490dae6-Aa951b5ca", "score": 19.716302522235626}
{"docno": "S8e56b3f-Aa2289b81", "score": 19.667129903410153}
{"docno": "Se3bc0428-A56772e6a", "score": 19.659880004779946}
{"docno": "Sf0268876-A37840bd2", "score": 19.65941749868837}
{"docno": "S6a11307c-A609c3aeb", "score": 19.648919237421634}
{"docno": "Sed8762f0-A35a0cc9c", "score": 19.623347237192743}
{"docno": "Sa490dae6-A6b1bc3b2", "score": 19.561671125512753}
{"docno": "S61c0373c-Affe1e841", "score": 19.56075535317921}
{"docno": "Sa23f06c3-Afd1c8048", "score": 19.523391517866106}
{"docno": "Se3bc0029-Ae49aead2", "score": 19.501541302397573}
{"docno": "Se3bbffad-Acc28a9a0", "score": 19.500893784967055}
{"docno": "S98cd11a9-Aae17e291", "score": 19.481212196517646}
{"docno": "Sa490da89-A408c09b1", "score": 19.466856810280472}
{"docno": "S3908ce09-Ad57962ed", "score": 19.45633627667167}
{"docno": "Sf23a0adc-A117989ef", "score": 19.44836964756724}
{"docno": "Seab845d-A33436cf2", "score": 19.409731770508824}
{"docno": "S67db7502-Acaae78f0", "score": 19.40944634630972}
{"docno": "Sa490da89-A8b9f222", "score": 19.393107225240556}
{"docno": "Sf0d2eb87-A556f3a17", "score": 19.38599413115732}
{"docno": "Sa0b4281b-A1d77756", "score": 19.372786090874094}
{"docno": "S650e9d58-Ab2021c57", "score": 19.36464343035042}
{"docno": "Sed874ca8-A4c51d5c5", "score": 19.344648944712382}
{"docno": "Sa4350c15-Ab0b5d439", "score": 19.339578554279086}
{"docno": "S310487f5-Ab4cd0cd0", "score": 19.335671451971052}
{"docno": "Sed87bdc2-A7752da66", "score": 19.331646664032014}
{"docno": "Sa490c0fc-A8ebf78e", "score": 19.306893302298555}
{"docno": "S20bc77e0-A6e9b2ab", "score": 19.306893302298555}
{"docno": "Sbe38f705-Acc127caa", "score": 19.305557878379986}
{"docno": "S11800e-Ac446fd58", "score": 19.299858389879795}
{"docno": "S33caf0a6-Aade8fb2d", "score": 19.296823502961722}
{"docno": "S6761e57f-Af948b174", "score": 19.284662707683907}
{"docno": "Sa490c460-A6250a490", "score": 19.284229451929985}
{"docno": "Sd3ab5fe5-A9785e0d9", "score": 19.265900389778558}
{"docno": "Sabe4dd06-Aaee744a4", "score": 19.264027625816528}
{"docno": "S1ef0d677-Aec238a57", "score": 19.244823360761632}
{"docno": "Sfefb65c7-A776bf5cf", "score": 19.241186699201812}
{"docno": "S1d058f16-A44dec1de", "score": 19.22913732056881}
{"docno": "Sabe4d584-Af8fb8dee", "score": 19.18550010228249}
{"docno": "Sec00b32a-Aff2c7f1d", "score": 19.18550010228249}
{"docno": "S61658bd7-A7d63d408", "score": 19.1846192111218}
{"docno": "Sa490c13a-A32f780f1", "score": 19.176023932401655}
{"docno": "S35a517e3-Ac05b3843", "score": 19.16820603510801}
{"docno": "Sa490cfc2-Aa9419ed6", "score": 19.132770821652734}
{"docno": "S4a5fb04d-A11c581ba", "score": 19.129510238715355}
{"docno": "Sed87cc4a-Ad46ee8cd", "score": 19.121873124457146}
{"docno": "Sed875bea-Ab38c338c", "score": 19.11838514309784}
{"docno": "S7ad5a1f-Aeeba3d00", "score": 19.100360644367804}
{"docno": "Sf0268876-Ac7df5225", "score": 19.0829062778915}
{"docno": "Sf6f47599-A4cc6d905", "score": 19.061024648412918}
{"docno": "Sbc0aeb49-A497dbc67", "score": 19.06098525354279}
{"docno": "Sa490df04-A6091c4a8", "score": 19.033576174904688}
{"docno": "S8e56b5e-Adb079160", "score": 19.01885006511813}
{"docno": "S8d075a55-A872591b", "score": 19.00048391018047}
{"docno": "Sa490cfc2-Ae6cad0d1", "score": 18.997604270241858}
{"docno": "Se9f1259e-A49d96498", "score": 18.997604270241858}
{"docno": "Sabe4dd25-A6f9b3542", "score": 18.99702181617966}
{"docno": "Saa32ee2d-Af2881613", "score": 18.984862470209947}
{"docno": "Sc3fe10be-Aac008e76", "score": 18.966662697187004}
{"docno": "Sd7b2d64c-Abcdd3ee9", "score": 18.95440828264061}
{"docno": "S59adeaa5-A66f71f04", "score": 18.952876229622703}
{"docno": "Sa490c061-A4cff59d3", "score": 18.94519711461653}
{"docno": "Se3bc744a-A2cd21f94", "score": 18.93108895565677}
{"docno": "Sa490c11b-Afa8e5a32", "score": 18.924780624687976}
{"docno": "Scbf9e451-Ae9feea78", "score": 18.917937764370627}
{"docno": "Se3bc0af0-Ab11fa57d", "score": 18.899266891353292}
{"docno": "Sa490df04-A838e28ac", "score": 18.89654337359927}
{"docno": "Sb57c59d8-A261183cc", "score": 18.880626176489923}
{"docno": "Sa4350c72-A25ee2e2a", "score": 18.880626176489923}
{"docno": "Sed87c8c7-Abb05db72", "score": 18.880626176489923}
{"docno": "Sf345611f-A8cd36602", "score": 18.875370499078752}
{"docno": "Se3bc0428-A5e3bf25e", "score": 18.853732978911452}
{"docno": "S11800e-A5f17b950", "score": 18.841534108186504}
{"docno": "S49d55862-Abd71bd86", "score": 18.824795749796237}
{"docno": "Sa04d44e3-A68ed6b2", "score": 18.822675692562957}
{"docno": "Sb57ce95f-A8187b888", "score": 18.82126258634511}
{"docno": "Sa03f5d1-A93e9ffb2", "score": 18.82126258634511}
{"docno": "S30be7e46-Ae6158445", "score": 18.818437010344773}
{"docno": "S3670e50c-Aa2f5f45b", "score": 18.818437010344773}
{"docno": "Sd9d193ff-A91c0733e", "score": 18.818437010344773}
{"docno": "Se3bc0eb1-A6f1bf84d", "score": 18.818437010344773}
{"docno": "S1e632fc2-Aaf422f23", "score": 18.8158878518973}
{"docno": "S2bbae687-Aff9e32ec", "score": 18.810179884893532}
{"type": "toggleArgument", "timestamp": "2025-06-26T10:52:14.100Z", "sessionID": "209db7fb-957d-4a68-b241-ce8ece4a9876", "rank": "1", "doc": "Sbea71e7b-Abd60bf75", "action": "expand", "doclen": 521, "score": 20.601460382733954}
{"type": "toggleArgument", "timestamp": "2025-06-26T10:52:53.296Z", "sessionID": "209db7fb-957d-4a68-b241-ce8ece4a9876", "rank": "2", "doc": "S41272f07-A41be4b07", "action": "expand", "doclen": 2440, "score": 20.59909556162657}
{"type": "StanceClicked", "timestamp": "2025-06-26T10:54:21.114Z", "sessionID": "209db7fb-957d-4a68-b241-ce8ece4a9876", "rank": "2", "stance": "pro", "action": "chooseStance", "doc": "S41272f07-A41be4b07", "doclen": 2440, "score": 20.59909556162657}
{"type": "toggleArgument", "timestamp": "2025-06-26T10:54:27.010Z", "sessionID": "209db7fb-957d-4a68-b241-ce8ece4a9876", "rank": "3", "doc": "Sc1373988-A36ccfa6f", "action": "expand", "doclen": 558, "score": 20.257381423685324}
{"type": "toggleArgument", "timestamp": "2025-06-26T10:54:58.562Z", "sessionID": "209db7fb-957d-4a68-b241-ce8ece4a9876", "rank": "4", "doc": "S53f92967-A7a1722af", "action": "expand", "doclen": 558, "score": 20.257381423685324}
{"type": "toggleArgument", "timestamp": "2025-06-26T10:55:06.657Z", "sessionID": "209db7fb-957d-4a68-b241-ce8ece4a9876", "rank": "5", "doc": "S12bc8799-A87d80bd4", "action": "expand", "doclen": 2098, "score": 20.139565931667338}
{"type": "toggleArgument", "timestamp": "2025-06-26T10:55:22.569Z", "sessionID": "209db7fb-957d-4a68-b241-ce8ece4a9876", "rank": "6", "doc": "Sf2cac0b5-A6784823", "action": "expand", "doclen": 1248, "score": 20.055074979717155}
{"type": "toggleArgument", "timestamp": "2025-06-26T10:55:33.849Z", "sessionID": "209db7fb-957d-4a68-b241-ce8ece4a9876", "rank": "7", "doc": "Sfc074141-A793f1cd0", "action": "expand", "doclen": 2557, "score": 19.979595210668975}
{"type": "StanceClicked", "timestamp": "2025-06-26T10:55:47.605Z", "sessionID": "209db7fb-957d-4a68-b241-ce8ece4a9876", "rank": "7", "stance": "con", "action": "chooseStance", "doc": "Sfc074141-A793f1cd0", "doclen": 2557, "score": 19.979595210668975}
{"type": "toggleArgument", "timestamp": "2025-06-26T10:55:50.949Z", "sessionID": "209db7fb-957d-4a68-b241-ce8ece4a9876", "rank": "8", "doc": "Se3bc0ab2-A41f13adf", "action": "expand", "doclen": 317, "score": 19.97716596096548}
{"type": "toggleArgument", "timestamp": "2025-06-26T10:56:19.653Z", "sessionID": "209db7fb-957d-4a68-b241-ce8ece4a9876", "rank": "9", "doc": "Sabe4e80b-Af9ac8615", "action": "expand", "doclen": 1981, "score": 19.94934085411012}
{"type": "StanceClicked", "timestamp": "2025-06-26T10:56:30.813Z", "sessionID": "209db7fb-957d-4a68-b241-ce8ece4a9876", "rank": "8", "stance": "con", "action": "chooseStance", "doc": "Se3bc0ab2-A41f13adf", "doclen": 317, "score": 19.97716596096548}
{"type": "StanceClicked", "timestamp": "2025-06-26T10:56:51.772Z", "sessionID": "209db7fb-957d-4a68-b241-ce8ece4a9876", "rank": "9", "stance": "con", "action": "chooseStance", "doc": "Sabe4e80b-Af9ac8615", "doclen": 1981, "score": 19.94934085411012}
{"type": "toggleArgument", "timestamp": "2025-06-26T10:56:57.980Z", "sessionID": "209db7fb-957d-4a68-b241-ce8ece4a9876", "rank": "10", "doc": "Sa03f5d1-A80dcb16f", "action": "expand", "doclen": 2271, "score": 19.8933366755939}
{"type": "StanceClicked", "timestamp": "2025-06-26T10:56:55.006Z", "sessionID": "209db7fb-957d-4a68-b241-ce8ece4a9876", "rank": "10", "stance": "con", "action": "chooseStance", "doc": "Sa03f5d1-A80dcb16f", "doclen": 2271, "score": 19.8933366755939}
{"type": "pageNavigationClicked", "timestamp": "2025-06-26T10:57:43.463Z", "sessionID": "209db7fb-957d-4a68-b241-ce8ece4a9876", "clicked": "2", "fromPage": 1, "toPage": 2}
{"type": "toggleArgument", "timestamp": "2025-06-26T10:57:46.783Z", "sessionID": "209db7fb-957d-4a68-b241-ce8ece4a9876", "rank": "11", "doc": "Scd96e4d9-Aa65a4175", "action": "expand", "doclen": 1689, "score": 19.83937405292379}
{"type": "StanceClicked", "timestamp": "2025-06-26T10:58:40.439Z", "sessionID": "209db7fb-957d-4a68-b241-ce8ece4a9876", "rank": "11", "stance": "con", "action": "chooseStance", "doc": "Scd96e4d9-Aa65a4175", "doclen": 1689, "score": 19.83937405292379}
{"type": "toggleArgument", "timestamp": "2025-06-26T10:58:45.871Z", "sessionID": "209db7fb-957d-4a68-b241-ce8ece4a9876", "rank": "12", "doc": "S1f7cca71-A745b453c", "action": "expand", "doclen": 515, "score": 19.833889949415834}
{"type": "toggleArgument", "timestamp": "2025-06-26T10:59:02.855Z", "sessionID": "209db7fb-957d-4a68-b241-ce8ece4a9876", "rank": "12", "doc": "S1f7cca71-A745b453c", "action": "reduce", "doclen": 515, "score": 19.833889949415834}
{"type": "toggleArgument", "timestamp": "2025-06-26T10:59:08.311Z", "sessionID": "209db7fb-957d-4a68-b241-ce8ece4a9876", "rank": "13", "doc": "Sc1373988-A47b3f132", "action": "expand", "doclen": 634, "score": 19.821382305668102}
{"type": "toggleArgument", "timestamp": "2025-06-26T10:59:09.991Z", "sessionID": "209db7fb-957d-4a68-b241-ce8ece4a9876", "rank": "12", "doc": "S1f7cca71-A745b453c", "action": "expand", "doclen": 515, "score": 19.833889949415834}
{"type": "ClickedEndTask", "timestamp": "2025-06-26T10:59:35.263Z", "sessionID": "209db7fb-957d-4a68-b241-ce8ece4a9876"}
{"type": "TaskEndConfirmed", "timestamp": "2025-06-26T10:59:41.383Z", "sessionID": "209db7fb-957d-4a68-b241-ce8ece4a9876"}
{"type": "TaskEnded", "timestamp": "2025-06-26T11:00:03.743Z", "sessionID": "209db7fb-957d-4a68-b241-ce8ece4a9876", "reason": "the time is up", "translated_reason": "The Time Is Up"}
