{"type": "idSubmitted", "timestamp": "2025-06-26T10:08:14.178Z", "sessionID": "6db01bfe-b37c-45e3-9a11-ddf4a410e61e", "uid": "Participant15"}
{"type": "TaskStarted", "timestamp": "2025-06-26T10:09:08.315Z", "sessionID": "6db01bfe-b37c-45e3-9a11-ddf4a410e61e", "task": "1", "uid": "Participant15", "topic": "Should recreational marijuana be legal?"}
{"type": "queryBoxFocused", "timestamp": "2025-06-26T10:09:12.063Z", "sessionID": "6db01bfe-b37c-45e3-9a11-ddf4a410e61e"}
{"type": "querySubmitted", "timestamp": "2025-06-26T10:09:25.916Z", "sessionID": "6db01bfe-b37c-45e3-9a11-ddf4a410e61e", "query": "marijuana legalized"}
{"docno": "S54c0f2f9-Ac298ee4c", "score": 21.30662592066715}
{"docno": "S6231abc3-A4835258", "score": 21.247575814038882}
{"docno": "S8a17f4cc-A7c639d66", "score": 21.188447903194255}
{"docno": "S1d872123-Aaf9302e1", "score": 20.94187150743722}
{"docno": "Sd9e09240-Adda7f7e7", "score": 20.90526980217969}
{"docno": "S946d6366-A10382a7b", "score": 20.84266961653362}
{"docno": "Sd0a9155a-A80583af3", "score": 20.807064700414294}
{"docno": "S59d1f8b8-Ac1d4ed08", "score": 20.78209949062267}
{"docno": "S3f13792b-Aca7a01b6", "score": 20.637657500057607}
{"docno": "S370e2932-Ab8811890", "score": 20.63087901338738}
{"docno": "S5811e650-A5d39832", "score": 20.610597295073816}
{"docno": "S575d7a7e-A6aeee4fa", "score": 20.58563188893591}
{"docno": "S6c7100de-A1031b6c6", "score": 20.57296748667033}
{"docno": "S86fcab18-Ae80eab16", "score": 20.52945879181311}
{"docno": "Se5ccda7-A1a305ef0", "score": 20.480010493700103}
{"docno": "S8b8ff60f-A2d8b1d5e", "score": 20.459675806082142}
{"docno": "S6231a7a5-Afd4d0577", "score": 20.292187679223865}
{"docno": "S575d7a7e-Abeb20d4a", "score": 20.291953920355454}
{"docno": "Sd4e0c5d8-A87acc9a4", "score": 20.271900652213418}
{"docno": "S86fcaef8-A523fc164", "score": 20.252156750593507}
{"docno": "S4ab35585-Abf82dc54", "score": 20.250390564329166}
{"docno": "S59d1f8b8-A55d38144", "score": 20.211967435680503}
{"docno": "S59d17cd7-Af8d1e0cf", "score": 20.19298521939908}
{"docno": "S59d17c99-A2af027ab", "score": 20.188098240783265}
{"docno": "S90bdd4aa-Aabb531c1", "score": 20.172318755044667}
{"docno": "S819bc15b-A87af54ff", "score": 20.172318755044667}
{"docno": "Scd0c01b4-A68a519fe", "score": 20.169541284567096}
{"docno": "Sd9e092bc-Aa189dffb", "score": 20.132405312158347}
{"docno": "Sd4e0c5d8-A956078f7", "score": 20.105757150331158}
{"docno": "S8b8ff60f-A4b86ce69", "score": 20.10229158290025}
{"docno": "S86fcab18-A3e0a3c2d", "score": 20.100782409938194}
{"docno": "S2b92e4a-A77a23a37", "score": 20.097764743716017}
{"docno": "Se3b7cf32-Ac46d5f55", "score": 20.094913965636522}
{"docno": "S6231a821-A4c7b0357", "score": 20.081502471370435}
{"docno": "Sd9c294ad-Ae75a47f8", "score": 20.037780548623797}
{"docno": "Sd9c294ad-A765708ea", "score": 20.023274635680373}
{"docno": "S9821cb64-A7d435239", "score": 20.01812741816019}
{"docno": "Sd3fcb9ba-Abfc0bba0", "score": 20.00341826628224}
{"docno": "S59d1fc3b-A20e9dd13", "score": 19.95949811127353}
{"docno": "Se5ccda7-A2b3cc22a", "score": 19.958212197426562}
{"docno": "S59d1f8b8-A137928fe", "score": 19.955214879243975}
{"docno": "S6c710062-A4612d797", "score": 19.93586416427355}
{"docno": "S1e41346c-A8aae6dc", "score": 19.916794390065718}
{"docno": "S1e41344d-A8434cf5", "score": 19.909582150475966}
{"docno": "S4d3852ce-A7a9cb25c", "score": 19.892152254230638}
{"docno": "S6231aba4-A96cf47d4", "score": 19.89150289216733}
{"docno": "Sfad1e94f-Afdcde751", "score": 19.878890592245547}
{"docno": "Sb075eec1-A3d85bb54", "score": 19.878305131150288}
{"docno": "Sd9e092bc-A4ce2898d", "score": 19.87817008792762}
{"docno": "S34ee1a0c-A9939ab07", "score": 19.87169693697591}
{"docno": "S54c0f27d-Ac24a505d", "score": 19.85112249114876}
{"docno": "Sd9e09240-Abcba1810", "score": 19.849008274417088}
{"docno": "Sb9e1a102-Aa7de52df", "score": 19.757495896966095}
{"docno": "S8c493086-Adc897dc2", "score": 19.730332928342847}
{"docno": "Sd267a533-A8a9f4481", "score": 19.730057638383627}
{"docno": "S68b39dd8-A88146bad", "score": 19.7200254544987}
{"docno": "Seec21427-Ab61404e", "score": 19.6875453429801}
{"docno": "Scb307ee3-Af12a925d", "score": 19.61815496109863}
{"docno": "S87b8c230-A6a2e950b", "score": 19.617508150736327}
{"docno": "S21af0c6a-A41964788", "score": 19.595313656355337}
{"docno": "S7c8b175c-Ace723459", "score": 19.591157089530444}
{"docno": "Sdff8f1b4-A45f6d106", "score": 19.587029309085377}
{"docno": "S1d872123-Ab5669adb", "score": 19.571106357286276}
{"docno": "S86da9e6a-A53cdcfb6", "score": 19.56518549667241}
{"docno": "S90bdd4aa-A14f54ab9", "score": 19.561983195028066}
{"docno": "S370e2913-Ac02896f", "score": 19.55105472101463}
{"docno": "S6c7100fd-Aaabc1276", "score": 19.54763548084584}
{"docno": "S59d1f8b8-A16aae563", "score": 19.54478160198383}
{"docno": "S86fca3d4-A539b2d72", "score": 19.541792915618007}
{"docno": "Sd7c339a6-A8f5e1583", "score": 19.519474689780772}
{"docno": "S59d1f8b8-Ad391c12e", "score": 19.50307373784606}
{"docno": "S4d3852ce-A5cf38a0d", "score": 19.50060003719146}
{"docno": "Sc0ff09ad-Adb818ea9", "score": 19.50031837158295}
{"docno": "S941c9e91-A65021bd7", "score": 19.498720354376808}
{"docno": "S657ed6a0-Acb78d40a", "score": 19.49789365996932}
{"docno": "S5703a6b0-Add1fbbfd", "score": 19.463192306771944}
{"docno": "S3e291606-A65141fa5", "score": 19.45510208200197}
{"docno": "Sd3fcb99b-Abad39fda", "score": 19.441274504971823}
{"docno": "Sa87b0d37-Afccae6a1", "score": 19.433482948053975}
{"docno": "S6231ab47-A2648fac7", "score": 19.395237086473376}
{"docno": "Sd4e0c5b9-Afdc7d8ac", "score": 19.375849870275136}
{"docno": "S86fca776-A351d1c9", "score": 19.369956954252785}
{"docno": "Sb070007d-A714eebcc", "score": 19.36715471663633}
{"docno": "S86da9e6a-A6f519bfe", "score": 19.36455716027843}
{"docno": "S56442e59-A1ac0fa6c", "score": 19.353916902046947}
{"docno": "S3b0c7250-A272dae67", "score": 19.327284573596117}
{"docno": "Sd4e0c5b9-Aa18446bb", "score": 19.32332771593818}
{"docno": "S6231a767-A2555b801", "score": 19.305888251931215}
{"docno": "S6c71011c-A54dad177", "score": 19.283712240241638}
{"docno": "S815a073a-A917c59cb", "score": 19.268101571484273}
{"docno": "Sd9e0929d-Afb989c19", "score": 19.260121507738017}
{"docno": "S111ea869-A84001f7b", "score": 19.253288252230668}
{"docno": "S72a6f1e7-A79c9272a", "score": 19.23652677703152}
{"docno": "S21ae906a-A888a31c1", "score": 19.23383258498192}
{"docno": "S815a0e5f-A8449bfed", "score": 19.21974677490038}
{"docno": "Sfa1a69b6-A4927216b", "score": 19.20826999628477}
{"docno": "S678a1efc-A20e82ee6", "score": 19.20826999628477}
{"docno": "S6231af27-A68201b32", "score": 19.205035585786504}
{"docno": "Se10704a3-A328249e9", "score": 19.197562915277906}
{"docno": "S4d3852ce-Ab0de595d", "score": 19.196708493036386}
{"type": "toggleArgument", "timestamp": "2025-06-26T10:09:30.020Z", "sessionID": "6db01bfe-b37c-45e3-9a11-ddf4a410e61e", "rank": "1", "doc": "S54c0f2f9-Ac298ee4c", "action": "expand", "doclen": 190, "score": 21.30662592066715}
{"type": "toggleArgument", "timestamp": "2025-06-26T10:09:30.811Z", "sessionID": "6db01bfe-b37c-45e3-9a11-ddf4a410e61e", "rank": "1", "doc": "S54c0f2f9-Ac298ee4c", "action": "reduce", "doclen": 190, "score": 21.30662592066715}
{"type": "toggleArgument", "timestamp": "2025-06-26T10:09:32.339Z", "sessionID": "6db01bfe-b37c-45e3-9a11-ddf4a410e61e", "rank": "1", "doc": "S54c0f2f9-Ac298ee4c", "action": "expand", "doclen": 190, "score": 21.30662592066715}
{"type": "toggleArgument", "timestamp": "2025-06-26T10:10:07.590Z", "sessionID": "6db01bfe-b37c-45e3-9a11-ddf4a410e61e", "rank": "2", "doc": "S6231abc3-A4835258", "action": "expand", "doclen": 617, "score": 21.247575814038882}
{"type": "toggleArgument", "timestamp": "2025-06-26T10:10:43.542Z", "sessionID": "6db01bfe-b37c-45e3-9a11-ddf4a410e61e", "rank": "3", "doc": "S8a17f4cc-A7c639d66", "action": "expand", "doclen": 437, "score": 21.188447903194255}
{"type": "toggleArgument", "timestamp": "2025-06-26T10:11:12.392Z", "sessionID": "6db01bfe-b37c-45e3-9a11-ddf4a410e61e", "rank": "4", "doc": "S1d872123-Aaf9302e1", "action": "expand", "doclen": 449, "score": 20.94187150743722}
{"type": "StanceClicked", "timestamp": "2025-06-26T10:12:02.784Z", "sessionID": "6db01bfe-b37c-45e3-9a11-ddf4a410e61e", "rank": "4", "stance": "con", "action": "chooseStance", "doc": "S1d872123-Aaf9302e1", "doclen": 449, "score": 20.94187150743722}
{"type": "toggleArgument", "timestamp": "2025-06-26T10:12:07.735Z", "sessionID": "6db01bfe-b37c-45e3-9a11-ddf4a410e61e", "rank": "5", "doc": "Sd9e09240-Adda7f7e7", "action": "expand", "doclen": 445, "score": 20.90526980217969}
{"type": "toggleArgument", "timestamp": "2025-06-26T10:12:19.111Z", "sessionID": "6db01bfe-b37c-45e3-9a11-ddf4a410e61e", "rank": "6", "doc": "S946d6366-A10382a7b", "action": "expand", "doclen": 1134, "score": 20.84266961653362}
{"type": "StanceClicked", "timestamp": "2025-06-26T10:12:31.696Z", "sessionID": "6db01bfe-b37c-45e3-9a11-ddf4a410e61e", "rank": "6", "stance": "pro", "action": "chooseStance", "doc": "S946d6366-A10382a7b", "doclen": 1134, "score": 20.84266961653362}
{"type": "toggleArgument", "timestamp": "2025-06-26T10:12:35.303Z", "sessionID": "6db01bfe-b37c-45e3-9a11-ddf4a410e61e", "rank": "7", "doc": "Sd0a9155a-A80583af3", "action": "expand", "doclen": 804, "score": 20.807064700414294}
{"type": "toggleArgument", "timestamp": "2025-06-26T10:13:03.119Z", "sessionID": "6db01bfe-b37c-45e3-9a11-ddf4a410e61e", "rank": "8", "doc": "S59d1f8b8-Ac1d4ed08", "action": "expand", "doclen": 560, "score": 20.78209949062267}
{"type": "StanceClicked", "timestamp": "2025-06-26T10:13:22.552Z", "sessionID": "6db01bfe-b37c-45e3-9a11-ddf4a410e61e", "rank": "8", "stance": "pro", "action": "chooseStance", "doc": "S59d1f8b8-Ac1d4ed08", "doclen": 560, "score": 20.78209949062267}
{"type": "toggleArgument", "timestamp": "2025-06-26T10:13:33.263Z", "sessionID": "6db01bfe-b37c-45e3-9a11-ddf4a410e61e", "rank": "9", "doc": "S3f13792b-Aca7a01b6", "action": "expand", "doclen": 501, "score": 20.637657500057607}
{"type": "toggleArgument", "timestamp": "2025-06-26T10:14:00.943Z", "sessionID": "6db01bfe-b37c-45e3-9a11-ddf4a410e61e", "rank": "10", "doc": "S370e2932-Ab8811890", "action": "expand", "doclen": 2639, "score": 20.63087901338738}
{"type": "StanceClicked", "timestamp": "2025-06-26T10:14:48.751Z", "sessionID": "6db01bfe-b37c-45e3-9a11-ddf4a410e61e", "rank": "10", "stance": "pro", "action": "chooseStance", "doc": "S370e2932-Ab8811890", "doclen": 2639, "score": 20.63087901338738}
{"type": "StanceClicked", "timestamp": "2025-06-26T10:14:59.952Z", "sessionID": "6db01bfe-b37c-45e3-9a11-ddf4a410e61e", "rank": "10", "stance": "con", "action": "chooseStance", "doc": "S370e2932-Ab8811890", "doclen": 2639, "score": 20.63087901338738}
{"type": "StanceClicked", "timestamp": "2025-06-26T10:15:05.960Z", "sessionID": "6db01bfe-b37c-45e3-9a11-ddf4a410e61e", "rank": "10", "stance": "con", "action": "removeStance", "doc": "S370e2932-Ab8811890", "doclen": 2639, "score": 20.63087901338738}
{"type": "StanceClicked", "timestamp": "2025-06-26T10:16:03.247Z", "sessionID": "6db01bfe-b37c-45e3-9a11-ddf4a410e61e", "rank": "10", "stance": "con", "action": "chooseStance", "doc": "S370e2932-Ab8811890", "doclen": 2639, "score": 20.63087901338738}
{"type": "queryBoxFocused", "timestamp": "2025-06-26T10:16:09.897Z", "sessionID": "6db01bfe-b37c-45e3-9a11-ddf4a410e61e"}
{"type": "querySubmitted", "timestamp": "2025-06-26T10:16:23.215Z", "sessionID": "6db01bfe-b37c-45e3-9a11-ddf4a410e61e", "query": "should marijuana be legal"}
{"docno": "S54c0f2f9-Ac298ee4c", "score": 21.30662592066715}
{"docno": "S6231abc3-A4835258", "score": 21.247575814038882}
{"docno": "S8a17f4cc-A7c639d66", "score": 21.188447903194255}
{"docno": "S1d872123-Aaf9302e1", "score": 20.94187150743722}
{"docno": "Sd9e09240-Adda7f7e7", "score": 20.90526980217969}
{"docno": "S946d6366-A10382a7b", "score": 20.84266961653362}
{"docno": "Sd0a9155a-A80583af3", "score": 20.807064700414294}
{"docno": "S59d1f8b8-Ac1d4ed08", "score": 20.78209949062267}
{"docno": "S3f13792b-Aca7a01b6", "score": 20.637657500057607}
{"docno": "S370e2932-Ab8811890", "score": 20.63087901338738}
{"docno": "S5811e650-A5d39832", "score": 20.610597295073816}
{"docno": "S575d7a7e-A6aeee4fa", "score": 20.58563188893591}
{"docno": "S6c7100de-A1031b6c6", "score": 20.57296748667033}
{"docno": "S86fcab18-Ae80eab16", "score": 20.52945879181311}
{"docno": "Se5ccda7-A1a305ef0", "score": 20.480010493700103}
{"docno": "S8b8ff60f-A2d8b1d5e", "score": 20.459675806082142}
{"docno": "S6231a7a5-Afd4d0577", "score": 20.292187679223865}
{"docno": "S575d7a7e-Abeb20d4a", "score": 20.291953920355454}
{"docno": "Sd4e0c5d8-A87acc9a4", "score": 20.271900652213418}
{"docno": "S86fcaef8-A523fc164", "score": 20.252156750593507}
{"docno": "S4ab35585-Abf82dc54", "score": 20.250390564329166}
{"docno": "S59d1f8b8-A55d38144", "score": 20.211967435680503}
{"docno": "S59d17cd7-Af8d1e0cf", "score": 20.19298521939908}
{"docno": "S59d17c99-A2af027ab", "score": 20.188098240783265}
{"docno": "S90bdd4aa-Aabb531c1", "score": 20.172318755044667}
{"docno": "S819bc15b-A87af54ff", "score": 20.172318755044667}
{"docno": "Scd0c01b4-A68a519fe", "score": 20.169541284567096}
{"docno": "Sd9e092bc-Aa189dffb", "score": 20.132405312158347}
{"docno": "Sd4e0c5d8-A956078f7", "score": 20.105757150331158}
{"docno": "S8b8ff60f-A4b86ce69", "score": 20.10229158290025}
{"docno": "S86fcab18-A3e0a3c2d", "score": 20.100782409938194}
{"docno": "S2b92e4a-A77a23a37", "score": 20.097764743716017}
{"docno": "Se3b7cf32-Ac46d5f55", "score": 20.094913965636522}
{"docno": "S6231a821-A4c7b0357", "score": 20.081502471370435}
{"docno": "Sd9c294ad-Ae75a47f8", "score": 20.037780548623797}
{"docno": "Sd9c294ad-A765708ea", "score": 20.023274635680373}
{"docno": "S9821cb64-A7d435239", "score": 20.01812741816019}
{"docno": "Sd3fcb9ba-Abfc0bba0", "score": 20.00341826628224}
{"docno": "S59d1fc3b-A20e9dd13", "score": 19.95949811127353}
{"docno": "Se5ccda7-A2b3cc22a", "score": 19.958212197426562}
{"docno": "S59d1f8b8-A137928fe", "score": 19.955214879243975}
{"docno": "S6c710062-A4612d797", "score": 19.93586416427355}
{"docno": "S1e41346c-A8aae6dc", "score": 19.916794390065718}
{"docno": "S1e41344d-A8434cf5", "score": 19.909582150475966}
{"docno": "S4d3852ce-A7a9cb25c", "score": 19.892152254230638}
{"docno": "S6231aba4-A96cf47d4", "score": 19.89150289216733}
{"docno": "Sfad1e94f-Afdcde751", "score": 19.878890592245547}
{"docno": "Sb075eec1-A3d85bb54", "score": 19.878305131150288}
{"docno": "Sd9e092bc-A4ce2898d", "score": 19.87817008792762}
{"docno": "S34ee1a0c-A9939ab07", "score": 19.87169693697591}
{"docno": "S54c0f27d-Ac24a505d", "score": 19.85112249114876}
{"docno": "Sd9e09240-Abcba1810", "score": 19.849008274417088}
{"docno": "Sb9e1a102-Aa7de52df", "score": 19.757495896966095}
{"docno": "S8c493086-Adc897dc2", "score": 19.730332928342847}
{"docno": "Sd267a533-A8a9f4481", "score": 19.730057638383627}
{"docno": "S68b39dd8-A88146bad", "score": 19.7200254544987}
{"docno": "Seec21427-Ab61404e", "score": 19.6875453429801}
{"docno": "Scb307ee3-Af12a925d", "score": 19.61815496109863}
{"docno": "S87b8c230-A6a2e950b", "score": 19.617508150736327}
{"docno": "S21af0c6a-A41964788", "score": 19.595313656355337}
{"docno": "S7c8b175c-Ace723459", "score": 19.591157089530444}
{"docno": "Sdff8f1b4-A45f6d106", "score": 19.587029309085377}
{"docno": "S1d872123-Ab5669adb", "score": 19.571106357286276}
{"docno": "S86da9e6a-A53cdcfb6", "score": 19.56518549667241}
{"docno": "S90bdd4aa-A14f54ab9", "score": 19.561983195028066}
{"docno": "S370e2913-Ac02896f", "score": 19.55105472101463}
{"docno": "S6c7100fd-Aaabc1276", "score": 19.54763548084584}
{"docno": "S59d1f8b8-A16aae563", "score": 19.54478160198383}
{"docno": "S86fca3d4-A539b2d72", "score": 19.541792915618007}
{"docno": "Sd7c339a6-A8f5e1583", "score": 19.519474689780772}
{"docno": "S59d1f8b8-Ad391c12e", "score": 19.50307373784606}
{"docno": "S4d3852ce-A5cf38a0d", "score": 19.50060003719146}
{"docno": "Sc0ff09ad-Adb818ea9", "score": 19.50031837158295}
{"docno": "S941c9e91-A65021bd7", "score": 19.498720354376808}
{"docno": "S657ed6a0-Acb78d40a", "score": 19.49789365996932}
{"docno": "S5703a6b0-Add1fbbfd", "score": 19.463192306771944}
{"docno": "S3e291606-A65141fa5", "score": 19.45510208200197}
{"docno": "Sd3fcb99b-Abad39fda", "score": 19.441274504971823}
{"docno": "Sa87b0d37-Afccae6a1", "score": 19.433482948053975}
{"docno": "S6231ab47-A2648fac7", "score": 19.395237086473376}
{"docno": "Sd4e0c5b9-Afdc7d8ac", "score": 19.375849870275136}
{"docno": "S86fca776-A351d1c9", "score": 19.369956954252785}
{"docno": "Sb070007d-A714eebcc", "score": 19.36715471663633}
{"docno": "S86da9e6a-A6f519bfe", "score": 19.36455716027843}
{"docno": "S56442e59-A1ac0fa6c", "score": 19.353916902046947}
{"docno": "S3b0c7250-A272dae67", "score": 19.327284573596117}
{"docno": "Sd4e0c5b9-Aa18446bb", "score": 19.32332771593818}
{"docno": "S6231a767-A2555b801", "score": 19.305888251931215}
{"docno": "S6c71011c-A54dad177", "score": 19.283712240241638}
{"docno": "S815a073a-A917c59cb", "score": 19.268101571484273}
{"docno": "Sd9e0929d-Afb989c19", "score": 19.260121507738017}
{"docno": "S111ea869-A84001f7b", "score": 19.253288252230668}
{"docno": "S72a6f1e7-A79c9272a", "score": 19.23652677703152}
{"docno": "S21ae906a-A888a31c1", "score": 19.23383258498192}
{"docno": "S815a0e5f-A8449bfed", "score": 19.21974677490038}
{"docno": "Sfa1a69b6-A4927216b", "score": 19.20826999628477}
{"docno": "S678a1efc-A20e82ee6", "score": 19.20826999628477}
{"docno": "S6231af27-A68201b32", "score": 19.205035585786504}
{"docno": "Se10704a3-A328249e9", "score": 19.197562915277906}
{"docno": "S4d3852ce-Ab0de595d", "score": 19.196708493036386}
{"type": "toggleArgument", "timestamp": "2025-06-26T10:16:28.255Z", "sessionID": "6db01bfe-b37c-45e3-9a11-ddf4a410e61e", "rank": "2", "doc": "S6231abc3-A4835258", "action": "expand", "doclen": 617, "score": 21.247575814038882}
{"type": "toggleArgument", "timestamp": "2025-06-26T10:16:35.343Z", "sessionID": "6db01bfe-b37c-45e3-9a11-ddf4a410e61e", "rank": "3", "doc": "S8a17f4cc-A7c639d66", "action": "expand", "doclen": 437, "score": 21.188447903194255}
{"type": "pageNavigationClicked", "timestamp": "2025-06-26T10:16:39.431Z", "sessionID": "6db01bfe-b37c-45e3-9a11-ddf4a410e61e", "clicked": "2", "fromPage": 1, "toPage": 2}
{"type": "toggleArgument", "timestamp": "2025-06-26T10:16:41.887Z", "sessionID": "6db01bfe-b37c-45e3-9a11-ddf4a410e61e", "rank": "11", "doc": "S5811e650-A5d39832", "action": "expand", "doclen": 1926, "score": 20.610597295073816}
{"type": "StanceClicked", "timestamp": "2025-06-26T10:16:58.448Z", "sessionID": "6db01bfe-b37c-45e3-9a11-ddf4a410e61e", "rank": "11", "stance": "con", "action": "chooseStance", "doc": "S5811e650-A5d39832", "doclen": 1926, "score": 20.610597295073816}
{"type": "toggleArgument", "timestamp": "2025-06-26T10:17:01.447Z", "sessionID": "6db01bfe-b37c-45e3-9a11-ddf4a410e61e", "rank": "12", "doc": "S575d7a7e-A6aeee4fa", "action": "expand", "doclen": 496, "score": 20.58563188893591}
{"type": "toggleArgument", "timestamp": "2025-06-26T10:17:15.671Z", "sessionID": "6db01bfe-b37c-45e3-9a11-ddf4a410e61e", "rank": "13", "doc": "S6c7100de-A1031b6c6", "action": "expand", "doclen": 752, "score": 20.57296748667033}
{"type": "toggleArgument", "timestamp": "2025-06-26T10:17:46.799Z", "sessionID": "6db01bfe-b37c-45e3-9a11-ddf4a410e61e", "rank": "14", "doc": "S86fcab18-Ae80eab16", "action": "expand", "doclen": 1090, "score": 20.52945879181311}
{"type": "StanceClicked", "timestamp": "2025-06-26T10:17:49.935Z", "sessionID": "6db01bfe-b37c-45e3-9a11-ddf4a410e61e", "rank": "14", "stance": "con", "action": "chooseStance", "doc": "S86fcab18-Ae80eab16", "doclen": 1090, "score": 20.52945879181311}
{"type": "toggleArgument", "timestamp": "2025-06-26T10:17:50.431Z", "sessionID": "6db01bfe-b37c-45e3-9a11-ddf4a410e61e", "rank": "14", "doc": "S86fcab18-Ae80eab16", "action": "reduce", "doclen": 1090, "score": 20.52945879181311}
{"type": "toggleArgument", "timestamp": "2025-06-26T10:17:53.015Z", "sessionID": "6db01bfe-b37c-45e3-9a11-ddf4a410e61e", "rank": "15", "doc": "Se5ccda7-A1a305ef0", "action": "expand", "doclen": 381, "score": 20.480010493700103}
{"type": "toggleArgument", "timestamp": "2025-06-26T10:18:00.631Z", "sessionID": "6db01bfe-b37c-45e3-9a11-ddf4a410e61e", "rank": "16", "doc": "S8b8ff60f-A2d8b1d5e", "action": "expand", "doclen": 481, "score": 20.459675806082142}
{"type": "StanceClicked", "timestamp": "2025-06-26T10:18:17.424Z", "sessionID": "6db01bfe-b37c-45e3-9a11-ddf4a410e61e", "rank": "16", "stance": "pro", "action": "chooseStance", "doc": "S8b8ff60f-A2d8b1d5e", "doclen": 481, "score": 20.459675806082142}
{"type": "toggleArgument", "timestamp": "2025-06-26T10:18:21.927Z", "sessionID": "6db01bfe-b37c-45e3-9a11-ddf4a410e61e", "rank": "17", "doc": "S6231a7a5-Afd4d0577", "action": "expand", "doclen": 331, "score": 20.292187679223865}
{"type": "toggleArgument", "timestamp": "2025-06-26T10:18:26.159Z", "sessionID": "6db01bfe-b37c-45e3-9a11-ddf4a410e61e", "rank": "18", "doc": "S575d7a7e-Abeb20d4a", "action": "expand", "doclen": 1757, "score": 20.291953920355454}
{"type": "toggleArgument", "timestamp": "2025-06-26T10:18:30.255Z", "sessionID": "6db01bfe-b37c-45e3-9a11-ddf4a410e61e", "rank": "19", "doc": "Sd4e0c5d8-A87acc9a4", "action": "expand", "doclen": 1114, "score": 20.271900652213418}
{"type": "StanceClicked", "timestamp": "2025-06-26T10:19:08.487Z", "sessionID": "6db01bfe-b37c-45e3-9a11-ddf4a410e61e", "rank": "19", "stance": "pro", "action": "chooseStance", "doc": "Sd4e0c5d8-A87acc9a4", "doclen": 1114, "score": 20.271900652213418}
{"type": "toggleArgument", "timestamp": "2025-06-26T10:19:09.111Z", "sessionID": "6db01bfe-b37c-45e3-9a11-ddf4a410e61e", "rank": "19", "doc": "Sd4e0c5d8-A87acc9a4", "action": "reduce", "doclen": 1114, "score": 20.271900652213418}
{"type": "toggleArgument", "timestamp": "2025-06-26T10:19:11.575Z", "sessionID": "6db01bfe-b37c-45e3-9a11-ddf4a410e61e", "rank": "20", "doc": "S86fcaef8-A523fc164", "action": "expand", "doclen": 275, "score": 20.252156750593507}
{"type": "pageNavigationClicked", "timestamp": "2025-06-26T10:19:17.535Z", "sessionID": "6db01bfe-b37c-45e3-9a11-ddf4a410e61e", "clicked": "3", "fromPage": 2, "toPage": 3}
{"type": "toggleArgument", "timestamp": "2025-06-26T10:19:25.351Z", "sessionID": "6db01bfe-b37c-45e3-9a11-ddf4a410e61e", "rank": "21", "doc": "S4ab35585-Abf82dc54", "action": "expand", "doclen": 501, "score": 20.250390564329166}
{"type": "toggleArgument", "timestamp": "2025-06-26T10:19:43.143Z", "sessionID": "6db01bfe-b37c-45e3-9a11-ddf4a410e61e", "rank": "22", "doc": "S59d1f8b8-A55d38144", "action": "expand", "doclen": 757, "score": 20.211967435680503}
{"type": "toggleArgument", "timestamp": "2025-06-26T10:20:01.239Z", "sessionID": "6db01bfe-b37c-45e3-9a11-ddf4a410e61e", "rank": "22", "doc": "S59d1f8b8-A55d38144", "action": "reduce", "doclen": 757, "score": 20.211967435680503}
{"type": "toggleArgument", "timestamp": "2025-06-26T10:20:02.567Z", "sessionID": "6db01bfe-b37c-45e3-9a11-ddf4a410e61e", "rank": "22", "doc": "S59d1f8b8-A55d38144", "action": "expand", "doclen": 757, "score": 20.211967435680503}
{"type": "StanceClicked", "timestamp": "2025-06-26T10:20:06.127Z", "sessionID": "6db01bfe-b37c-45e3-9a11-ddf4a410e61e", "rank": "22", "stance": "con", "action": "chooseStance", "doc": "S59d1f8b8-A55d38144", "doclen": 757, "score": 20.211967435680503}
{"type": "ClickedEndTask", "timestamp": "2025-06-26T10:20:12.863Z", "sessionID": "6db01bfe-b37c-45e3-9a11-ddf4a410e61e"}
{"type": "TaskEndConfirmed", "timestamp": "2025-06-26T10:20:17.279Z", "sessionID": "6db01bfe-b37c-45e3-9a11-ddf4a410e61e"}
{"type": "TaskEnded", "timestamp": "2025-06-26T10:20:34.823Z", "sessionID": "6db01bfe-b37c-45e3-9a11-ddf4a410e61e", "reason": "the time is up", "translated_reason": "The Time Is Up"}
