{"type": "TaskStarted", "timestamp": "2025-06-26T10:19:58.056Z", "sessionID": "21ca177d-cec8-419a-913a-9f84fb40922a", "task": "2", "uid": "Participant44", "topic": "Should euthanasia or physician-assisted suicide be legal?"}
{"type": "queryBoxFocused", "timestamp": "2025-06-26T10:20:00.454Z", "sessionID": "21ca177d-cec8-419a-913a-9f84fb40922a"}
{"type": "querySubmitted", "timestamp": "2025-06-26T10:20:17.449Z", "sessionID": "21ca177d-cec8-419a-913a-9f84fb40922a", "query": "euthanasia legalizd"}
{"docno": "S9386f5ef-A142b6bd6", "score": 16.439114959053967}
{"docno": "Sfb69d67d-A8046c35", "score": 16.23458423534693}
{"docno": "S89c45bda-Aaf9cc706", "score": 16.040767871599044}
{"docno": "S9386dc62-A969fbcbd", "score": 15.667108171178173}
{"docno": "S782073eb-A65a21666", "score": 15.635427723309805}
{"docno": "S9386f24d-A7956dc81", "score": 15.6231976967179}
{"docno": "Se21a50a3-Adb2fc3c1", "score": 15.591397901502829}
{"docno": "S89c45bda-Ae3092718", "score": 15.588326761734244}
{"docno": "S9386ee10-A3a6999a1", "score": 15.528794493922394}
{"docno": "S9386f9b0-Afd072d41", "score": 15.486125185024234}
{"docno": "S85c302ef-A2e30aac8", "score": 15.48594985702027}
{"docno": "S89c45bda-A518cb170", "score": 15.467780098604399}
{"docno": "S9386ee6d-A1a19e999", "score": 15.459931217174775}
{"docno": "Scc77eee8-Ad6af2fb2", "score": 15.439440117804688}
{"docno": "Sd2cf3d6f-Ab3b4d965", "score": 15.437934184414981}
{"docno": "Sc5ef2ca1-A113dff96", "score": 15.423775796305561}
{"docno": "Scf4017a5-A4f3e858a", "score": 15.423775796305561}
{"docno": "S89c45bda-Af9606ef1", "score": 15.398990323052894}
{"docno": "S9386ea4f-A1d715d2e", "score": 15.395154132001846}
{"docno": "Scf4017a5-A8a528103", "score": 15.388845109203164}
{"docno": "S89c45bda-Ad6e9de37", "score": 15.385255005454805}
{"docno": "Se21a50a3-A44388d6d", "score": 15.373682231311609}
{"docno": "S9386df88-Aadbacba3", "score": 15.344510992980105}
{"docno": "Sba1566fe-A58a762bf", "score": 15.344510992980105}
{"docno": "S89c45bda-A8f1ac835", "score": 15.324062562043173}
{"docno": "S89c45bda-A78784322", "score": 15.312830527849576}
{"docno": "Scf4022e8-A86e23300", "score": 15.267214923532867}
{"docno": "S2a7a3832-A59095d28", "score": 15.239519404833679}
{"docno": "S2c491c0b-A9f90bf86", "score": 15.236389745303914}
{"docno": "Sd9807bbe-A440c8b1e", "score": 15.189738165614482}
{"docno": "Scf4017a5-A9d712ffb", "score": 15.17811987413139}
{"docno": "S41ed75c9-Ac43d6085", "score": 15.154356116821361}
{"docno": "Sb0c6e7eb-Aded11a42", "score": 15.14059007008355}
{"docno": "Sb0c6e7eb-A82e8e68a", "score": 15.116828088972966}
{"docno": "Sfb69d67d-Ac24b4916", "score": 15.112915791586977}
{"docno": "S89c45bda-Aa49038bd", "score": 15.090377670953167}
{"docno": "S9386ee4e-A5d4ed025", "score": 15.069182843613582}
{"docno": "S9386eb66-Af048ec2c", "score": 15.064019653613062}
{"docno": "S64b2721c-A83ce0e36", "score": 15.05374499500965}
{"docno": "S782073eb-A6866fff6", "score": 14.998078672552229}
{"docno": "S9386f5ef-A706b1cb0", "score": 14.996399653876942}
{"docno": "S9386f5b1-A6a15c82d", "score": 14.950149480722251}
{"docno": "S1e884b3e-A5950e2a1", "score": 14.949396380197278}
{"docno": "S89c45bda-Af1c149cb", "score": 14.947137533794825}
{"docno": "S9386eb09-Adba585b4", "score": 14.93948955442124}
{"docno": "S2d207525-Af913bf38", "score": 14.903360389056068}
{"docno": "S89c45bda-Aab829ef7", "score": 14.899993207407388}
{"docno": "S6626ac2e-Ad4283145", "score": 14.875742986239567}
{"docno": "Sb0114b5-A1159bb1c", "score": 14.856268261572264}
{"docno": "S4d198342-Abae37d7e", "score": 14.855375863996969}
{"docno": "Sb0c6e7eb-A2aa6c69c", "score": 14.853145339033912}
{"docno": "Sd9f50d86-A18ffd494", "score": 14.850915483794022}
{"docno": "S9386dc62-A33e8c532", "score": 14.850915483794022}
{"docno": "S2d902d00-A4282e952", "score": 14.83205523195013}
{"docno": "S46de25-A8d272c46", "score": 14.806591141110266}
{"docno": "Sd11cf82c-Ad4acb267", "score": 14.77264524300797}
{"docno": "S6626ac2e-Ac172cfb6", "score": 14.77132171270631}
{"docno": "S64b2721c-A93b21d9", "score": 14.749906743158078}
{"docno": "S9386f64c-A5dd997e3", "score": 14.714352780008573}
{"docno": "S89c45bda-A6229259f", "score": 14.712164399962587}
{"docno": "S89c45bda-Ac73b3246", "score": 14.712164399962587}
{"docno": "S89c45bda-A62794cc5", "score": 14.668663213737267}
{"docno": "S89c45bda-Ac0f8337e", "score": 14.668663213737267}
{"docno": "S5a6ff38d-A2912aa87", "score": 14.656391103407866}
{"docno": "S9386f24d-Aca2efd07", "score": 14.655276475162049}
{"docno": "S9386e349-Aaa3e331a", "score": 14.643756593691132}
{"docno": "S2a7a37b6-Ab9310030", "score": 14.623256510674219}
{"docno": "S9386e2cd-A4d8ad4b1", "score": 14.578130052124717}
{"docno": "S89c45bda-Ae88ad17b", "score": 14.575982000788356}
{"docno": "S2056de8f-Adfc6f3d0", "score": 14.55781317369053}
{"docno": "Sdcca0397-A4956d566", "score": 14.54000853468613}
{"docno": "S5a468c00-Af56789db", "score": 14.533281251619117}
{"docno": "S9386f26c-Ae97bff70", "score": 14.508831869797104}
{"docno": "S9386e349-A870f7c10", "score": 14.508831869797104}
{"docno": "S6626ac2e-A538c1199", "score": 14.503844884102469}
{"docno": "S64b2721c-Afab20849", "score": 14.503844884102469}
{"docno": "Se21a5046-Ace81c754", "score": 14.500575595180093}
{"docno": "S638e3853-A6c171bff", "score": 14.472648252585977}
{"docno": "Sdae1f9c4-A9e1244d2", "score": 14.465776587534588}
{"docno": "S4d198342-A52dd7ae5", "score": 14.446093942288051}
{"docno": "S4d198342-A38ca16c4", "score": 14.4454610816121}
{"docno": "S9386e349-Ad5ce6a13", "score": 14.442297609789135}
{"docno": "S94c429fc-Ad416f8c5", "score": 14.412407802742223}
{"docno": "Sb0c6e7eb-A1e8fed10", "score": 14.409047365790485}
{"docno": "S9386dc62-A8d6947d3", "score": 14.400375406730989}
{"docno": "S9386eb47-A81813750", "score": 14.376370786701154}
{"docno": "S9386ee10-Ac6aeb092", "score": 14.376370786701154}
{"docno": "S9386e2cd-A127659cb", "score": 14.356612001098956}
{"docno": "S782073eb-Ab0a93fca", "score": 14.351711526351803}
{"docno": "S2d207525-A20c73f62", "score": 14.342091543160645}
{"docno": "S4eb026c3-Aca134b1f", "score": 14.327968710742132}
{"docno": "S782073eb-A2bd086c4", "score": 14.316126737861143}
{"docno": "Sdf37aacb-Ade8cc517", "score": 14.31518505463841}
{"docno": "S66a791f0-A251d3588", "score": 14.314149346168715}
{"docno": "S72c3a1c0-A27a5ff76", "score": 14.311043119770783}
{"docno": "Sc3062aa1-A702d5c47", "score": 14.311043119770783}
{"docno": "S88e3523c-A4194227", "score": 14.290030576468322}
{"docno": "S9386dfc6-A2596194d", "score": 14.28169358102215}
{"docno": "S9386e387-A77994d35", "score": 14.280717976491106}
{"docno": "S9386e387-Aef15e84", "score": 14.267063908624722}
{"type": "toggleArgument", "timestamp": "2025-06-26T10:20:20.610Z", "sessionID": "21ca177d-cec8-419a-913a-9f84fb40922a", "rank": "1", "doc": "S9386f5ef-A142b6bd6", "action": "expand", "doclen": 2135, "score": 16.439114959053967}
{"type": "StanceClicked", "timestamp": "2025-06-26T10:20:36.009Z", "sessionID": "21ca177d-cec8-419a-913a-9f84fb40922a", "rank": "1", "stance": "con", "action": "chooseStance", "doc": "S9386f5ef-A142b6bd6", "doclen": 2135, "score": 16.439114959053967}
{"type": "StanceClicked", "timestamp": "2025-06-26T10:20:45.289Z", "sessionID": "21ca177d-cec8-419a-913a-9f84fb40922a", "rank": "2", "stance": "con", "action": "chooseStance", "doc": "Sfb69d67d-A8046c35", "doclen": 709, "score": 16.23458423534693}
{"type": "toggleArgument", "timestamp": "2025-06-26T10:20:53.897Z", "sessionID": "21ca177d-cec8-419a-913a-9f84fb40922a", "rank": "3", "doc": "S89c45bda-Aaf9cc706", "action": "expand", "doclen": 540, "score": 16.040767871599044}
{"type": "StanceClicked", "timestamp": "2025-06-26T10:21:05.921Z", "sessionID": "21ca177d-cec8-419a-913a-9f84fb40922a", "rank": "3", "stance": "pro", "action": "chooseStance", "doc": "S89c45bda-Aaf9cc706", "doclen": 540, "score": 16.040767871599044}
{"type": "StanceClicked", "timestamp": "2025-06-26T10:21:11.890Z", "sessionID": "21ca177d-cec8-419a-913a-9f84fb40922a", "rank": "4", "stance": "con", "action": "chooseStance", "doc": "S9386dc62-A969fbcbd", "doclen": 352, "score": 15.667108171178173}
{"type": "toggleArgument", "timestamp": "2025-06-26T10:21:19.650Z", "sessionID": "21ca177d-cec8-419a-913a-9f84fb40922a", "rank": "5", "doc": "S782073eb-A65a21666", "action": "expand", "doclen": 2984, "score": 15.635427723309805}
{"type": "toggleArgument", "timestamp": "2025-06-26T10:21:46.626Z", "sessionID": "21ca177d-cec8-419a-913a-9f84fb40922a", "rank": "6", "doc": "S9386f24d-A7956dc81", "action": "expand", "doclen": 2473, "score": 15.6231976967179}
{"type": "StanceClicked", "timestamp": "2025-06-26T10:21:56.988Z", "sessionID": "21ca177d-cec8-419a-913a-9f84fb40922a", "rank": "6", "stance": "pro", "action": "chooseStance", "doc": "S9386f24d-A7956dc81", "doclen": 2473, "score": 15.6231976967179}
{"type": "toggleArgument", "timestamp": "2025-06-26T10:22:01.555Z", "sessionID": "21ca177d-cec8-419a-913a-9f84fb40922a", "rank": "7", "doc": "Se21a50a3-Adb2fc3c1", "action": "expand", "doclen": 972, "score": 15.591397901502829}
{"type": "StanceClicked", "timestamp": "2025-06-26T10:22:05.163Z", "sessionID": "21ca177d-cec8-419a-913a-9f84fb40922a", "rank": "7", "stance": "pro", "action": "chooseStance", "doc": "Se21a50a3-Adb2fc3c1", "doclen": 972, "score": 15.591397901502829}
{"type": "toggleArgument", "timestamp": "2025-06-26T10:22:10.075Z", "sessionID": "21ca177d-cec8-419a-913a-9f84fb40922a", "rank": "8", "doc": "S89c45bda-Ae3092718", "action": "expand", "doclen": 142, "score": 15.588326761734244}
{"type": "toggleArgument", "timestamp": "2025-06-26T10:22:11.219Z", "sessionID": "21ca177d-cec8-419a-913a-9f84fb40922a", "rank": "8", "doc": "S89c45bda-Ae3092718", "action": "reduce", "doclen": 142, "score": 15.588326761734244}
{"type": "StanceClicked", "timestamp": "2025-06-26T10:22:21.579Z", "sessionID": "21ca177d-cec8-419a-913a-9f84fb40922a", "rank": "9", "stance": "con", "action": "chooseStance", "doc": "S9386ee10-A3a6999a1", "doclen": 524, "score": 15.528794493922394}
{"type": "toggleArgument", "timestamp": "2025-06-26T10:22:35.835Z", "sessionID": "21ca177d-cec8-419a-913a-9f84fb40922a", "rank": "10", "doc": "S9386f9b0-Afd072d41", "action": "expand", "doclen": 236, "score": 15.486125185024234}
{"type": "pageNavigationClicked", "timestamp": "2025-06-26T10:22:42.715Z", "sessionID": "21ca177d-cec8-419a-913a-9f84fb40922a", "clicked": "2", "fromPage": 1, "toPage": 2}
{"type": "toggleArgument", "timestamp": "2025-06-26T10:22:45.027Z", "sessionID": "21ca177d-cec8-419a-913a-9f84fb40922a", "rank": "11", "doc": "S85c302ef-A2e30aac8", "action": "expand", "doclen": 2017, "score": 15.48594985702027}
{"type": "toggleArgument", "timestamp": "2025-06-26T10:23:10.029Z", "sessionID": "21ca177d-cec8-419a-913a-9f84fb40922a", "rank": "12", "doc": "S89c45bda-A518cb170", "action": "expand", "doclen": 528, "score": 15.467780098604399}
{"type": "StanceClicked", "timestamp": "2025-06-26T10:23:33.477Z", "sessionID": "21ca177d-cec8-419a-913a-9f84fb40922a", "rank": "12", "stance": "con", "action": "chooseStance", "doc": "S89c45bda-A518cb170", "doclen": 528, "score": 15.467780098604399}
{"type": "toggleArgument", "timestamp": "2025-06-26T10:23:37.516Z", "sessionID": "21ca177d-cec8-419a-913a-9f84fb40922a", "rank": "13", "doc": "S9386ee6d-A1a19e999", "action": "expand", "doclen": 1089, "score": 15.459931217174775}
{"type": "StanceClicked", "timestamp": "2025-06-26T10:24:01.623Z", "sessionID": "21ca177d-cec8-419a-913a-9f84fb40922a", "rank": "13", "stance": "pro", "action": "chooseStance", "doc": "S9386ee6d-A1a19e999", "doclen": 1089, "score": 15.459931217174775}
{"type": "toggleArgument", "timestamp": "2025-06-26T10:24:06.246Z", "sessionID": "21ca177d-cec8-419a-913a-9f84fb40922a", "rank": "14", "doc": "Scc77eee8-Ad6af2fb2", "action": "expand", "doclen": 2916, "score": 15.439440117804688}
{"type": "toggleArgument", "timestamp": "2025-06-26T10:24:21.334Z", "sessionID": "21ca177d-cec8-419a-913a-9f84fb40922a", "rank": "15", "doc": "Sd2cf3d6f-Ab3b4d965", "action": "expand", "doclen": 757, "score": 15.437934184414981}
{"type": "StanceClicked", "timestamp": "2025-06-26T10:24:27.886Z", "sessionID": "21ca177d-cec8-419a-913a-9f84fb40922a", "rank": "15", "stance": "pro", "action": "chooseStance", "doc": "Sd2cf3d6f-Ab3b4d965", "doclen": 757, "score": 15.437934184414981}
{"type": "StanceClicked", "timestamp": "2025-06-26T10:24:35.503Z", "sessionID": "21ca177d-cec8-419a-913a-9f84fb40922a", "rank": "16", "stance": "con", "action": "chooseStance", "doc": "Sc5ef2ca1-A113dff96", "doclen": 1418, "score": 15.423775796305561}
{"type": "StanceClicked", "timestamp": "2025-06-26T10:24:41.231Z", "sessionID": "21ca177d-cec8-419a-913a-9f84fb40922a", "rank": "17", "stance": "pro", "action": "chooseStance", "doc": "Scf4017a5-A4f3e858a", "doclen": 1710, "score": 15.423775796305561}
{"type": "toggleArgument", "timestamp": "2025-06-26T10:24:45.310Z", "sessionID": "21ca177d-cec8-419a-913a-9f84fb40922a", "rank": "18", "doc": "S89c45bda-Af9606ef1", "action": "expand", "doclen": 440, "score": 15.398990323052894}
{"type": "StanceClicked", "timestamp": "2025-06-26T10:25:09.904Z", "sessionID": "21ca177d-cec8-419a-913a-9f84fb40922a", "rank": "19", "stance": "pro", "action": "chooseStance", "doc": "S9386ea4f-A1d715d2e", "doclen": 946, "score": 15.395154132001846}
{"type": "StanceClicked", "timestamp": "2025-06-26T10:25:23.224Z", "sessionID": "21ca177d-cec8-419a-913a-9f84fb40922a", "rank": "20", "stance": "pro", "action": "chooseStance", "doc": "Scf4017a5-A8a528103", "doclen": 2135, "score": 15.388845109203164}
{"type": "pageNavigationClicked", "timestamp": "2025-06-26T10:25:24.072Z", "sessionID": "21ca177d-cec8-419a-913a-9f84fb40922a", "clicked": "3", "fromPage": 2, "toPage": 3}
{"type": "StanceClicked", "timestamp": "2025-06-26T10:25:45.344Z", "sessionID": "21ca177d-cec8-419a-913a-9f84fb40922a", "rank": "22", "stance": "pro", "action": "chooseStance", "doc": "Se21a50a3-A44388d6d", "doclen": 1021, "score": 15.373682231311609}
{"type": "toggleArgument", "timestamp": "2025-06-26T10:25:53.632Z", "sessionID": "21ca177d-cec8-419a-913a-9f84fb40922a", "rank": "23", "doc": "S9386df88-Aadbacba3", "action": "expand", "doclen": 1214, "score": 15.344510992980105}
{"type": "StanceClicked", "timestamp": "2025-06-26T10:26:21.240Z", "sessionID": "21ca177d-cec8-419a-913a-9f84fb40922a", "rank": "25", "stance": "pro", "action": "chooseStance", "doc": "S89c45bda-A8f1ac835", "doclen": 473, "score": 15.324062562043173}
{"type": "StanceClicked", "timestamp": "2025-06-26T10:26:29.296Z", "sessionID": "21ca177d-cec8-419a-913a-9f84fb40922a", "rank": "26", "stance": "pro", "action": "chooseStance", "doc": "S89c45bda-A78784322", "doclen": 892, "score": 15.312830527849576}
{"type": "toggleArgument", "timestamp": "2025-06-26T10:26:38.080Z", "sessionID": "21ca177d-cec8-419a-913a-9f84fb40922a", "rank": "27", "doc": "Scf4022e8-A86e23300", "action": "expand", "doclen": 1039, "score": 15.267214923532867}
{"type": "StanceClicked", "timestamp": "2025-06-26T10:27:04.984Z", "sessionID": "21ca177d-cec8-419a-913a-9f84fb40922a", "rank": "29", "stance": "con", "action": "chooseStance", "doc": "S2c491c0b-A9f90bf86", "doclen": 247, "score": 15.236389745303914}
{"type": "toggleArgument", "timestamp": "2025-06-26T10:27:09.847Z", "sessionID": "21ca177d-cec8-419a-913a-9f84fb40922a", "rank": "29", "doc": "S2c491c0b-A9f90bf86", "action": "expand", "doclen": 247, "score": 15.236389745303914}
{"type": "StanceClicked", "timestamp": "2025-06-26T10:27:23.240Z", "sessionID": "21ca177d-cec8-419a-913a-9f84fb40922a", "rank": "29", "stance": "con", "action": "removeStance", "doc": "S2c491c0b-A9f90bf86", "doclen": 247, "score": 15.236389745303914}
{"type": "toggleArgument", "timestamp": "2025-06-26T10:27:25.760Z", "sessionID": "21ca177d-cec8-419a-913a-9f84fb40922a", "rank": "30", "doc": "Sd9807bbe-A440c8b1e", "action": "expand", "doclen": 872, "score": 15.189738165614482}
{"type": "pageNavigationClicked", "timestamp": "2025-06-26T10:27:35.784Z", "sessionID": "21ca177d-cec8-419a-913a-9f84fb40922a", "clicked": "4", "fromPage": 3, "toPage": 4}
{"type": "toggleArgument", "timestamp": "2025-06-26T10:27:40.112Z", "sessionID": "21ca177d-cec8-419a-913a-9f84fb40922a", "rank": "31", "doc": "Scf4017a5-A9d712ffb", "action": "expand", "doclen": 1365, "score": 15.17811987413139}
{"type": "toggleArgument", "timestamp": "2025-06-26T10:27:50.392Z", "sessionID": "21ca177d-cec8-419a-913a-9f84fb40922a", "rank": "32", "doc": "S41ed75c9-Ac43d6085", "action": "expand", "doclen": 2404, "score": 15.154356116821361}
{"type": "StanceClicked", "timestamp": "2025-06-26T10:28:13.720Z", "sessionID": "21ca177d-cec8-419a-913a-9f84fb40922a", "rank": "32", "stance": "pro", "action": "chooseStance", "doc": "S41ed75c9-Ac43d6085", "doclen": 2404, "score": 15.154356116821361}
{"type": "toggleArgument", "timestamp": "2025-06-26T10:28:16.959Z", "sessionID": "21ca177d-cec8-419a-913a-9f84fb40922a", "rank": "33", "doc": "Sb0c6e7eb-Aded11a42", "action": "expand", "doclen": 685, "score": 15.14059007008355}
{"type": "toggleArgument", "timestamp": "2025-06-26T10:28:59.495Z", "sessionID": "21ca177d-cec8-419a-913a-9f84fb40922a", "rank": "35", "doc": "Sfb69d67d-Ac24b4916", "action": "expand", "doclen": 1863, "score": 15.112915791586977}
{"type": "ClickedEndTask", "timestamp": "2025-06-26T10:29:29.704Z", "sessionID": "21ca177d-cec8-419a-913a-9f84fb40922a"}
{"type": "TaskEndConfirmed", "timestamp": "2025-06-26T10:29:31.055Z", "sessionID": "21ca177d-cec8-419a-913a-9f84fb40922a"}
{"type": "TaskEnded", "timestamp": "2025-06-26T10:29:44.688Z", "sessionID": "21ca177d-cec8-419a-913a-9f84fb40922a", "reason": "Enough answers found", "translated_reason": "Enough Answers Found"}
