{"type": "TaskStarted", "timestamp": "2025-06-26T11:06:03.549Z", "sessionID": "d538afae-af51-4bb0-8d85-5e05d3d21646", "task": "2", "uid": "Participant56", "topic": "Should the federal minimum wage be increased?"}
{"type": "queryBoxFocused", "timestamp": "2025-06-26T11:06:07.030Z", "sessionID": "d538afae-af51-4bb0-8d85-5e05d3d21646"}
{"type": "querySubmitted", "timestamp": "2025-06-26T11:06:27.966Z", "sessionID": "d538afae-af51-4bb0-8d85-5e05d3d21646", "query": "federal minimum wage"}
{"docno": "Sb6f6e654-A9919a595", "score": 35.76887822519787}
{"docno": "S51c34db5-A7345e66f", "score": 35.51503307456724}
{"docno": "Sb6f6e654-A5aa453ef", "score": 34.472623572042735}
{"docno": "S51c34db5-A1cd13b2b", "score": 34.371965821946674}
{"docno": "S148740e7-Ad729a9aa", "score": 34.2044812175829}
{"docno": "S5194bbe-Ad4e82f54", "score": 33.95314273111692}
{"docno": "S9443a255-Aa0880433", "score": 33.841213966329875}
{"docno": "Sd449ee59-A19cf8da4", "score": 32.54048794741194}
{"docno": "S6ac98ba6-Aecc81e50", "score": 32.2918986505639}
{"docno": "S5c3ed70-Ab3c45d8a", "score": 32.2717173390746}
{"docno": "S148740e7-A29cec1d9", "score": 32.257576401431805}
{"docno": "S7a99c7b0-A3350363a", "score": 31.874290018407358}
{"docno": "S3d4f60b6-A96a2dcdd", "score": 31.809662721207225}
{"docno": "S93fbabb6-A70bbd698", "score": 31.73277206150063}
{"docno": "S6ac98ba6-A5a97aeb5", "score": 31.503471845038177}
{"docno": "Sb6f6e654-A2251c028", "score": 31.466475097057007}
{"docno": "Sa929fd9e-Af0c649f5", "score": 31.117345393477034}
{"docno": "Se11b032f-A35ec413c", "score": 30.942365498873343}
{"docno": "S4505ff06-Ab6b4839b", "score": 30.77516669238544}
{"docno": "S7a99c7cf-Acae87491", "score": 30.755874764845224}
{"docno": "S7245daba-Af2afe0ee", "score": 30.75502708240891}
{"docno": "S6c6b40ff-A222807b", "score": 30.67302403175864}
{"docno": "S51c34db5-Abc8609ec", "score": 30.607329191509706}
{"docno": "Sbf184b88-A46e4fcc0", "score": 30.532626192766607}
{"docno": "Sbf184b88-A8ffb5bfa", "score": 30.459424875428372}
{"docno": "S74df972a-Ada5a26ec", "score": 30.439522651168378}
{"docno": "S5339b784-Afc4c1a44", "score": 30.38549425289217}
{"docno": "S9329eedd-Ad0c828d3", "score": 30.330905375884292}
{"docno": "S7245daba-Aa5e73354", "score": 30.24824247951303}
{"docno": "Sce0a06c8-A4ae94bba", "score": 30.244169385508854}
{"docno": "Sfe453fc6-A439b12b9", "score": 30.17605639903929}
{"docno": "Se1beae30-A4c8d96e2", "score": 30.138619375394974}
{"docno": "Sb3c6f9b8-Abcb2a900", "score": 30.138619375394974}
{"docno": "S40f0bed0-A22d70e03", "score": 30.087654947998573}
{"docno": "S51c34db5-Ab2bcb2ee", "score": 30.075224834185164}
{"docno": "S3e34e0d7-Ae3f6530", "score": 30.02828399580312}
{"docno": "Sdbdd46b7-Abbc3682a", "score": 29.893699178433778}
{"docno": "S441845a5-Ad4f4326c", "score": 29.844100585897024}
{"docno": "S9c4ebe55-Acf042959", "score": 29.76048017743223}
{"docno": "Sb3c6f9b8-A63b80751", "score": 29.714656033299093}
{"docno": "Sce0a06a9-A1cff8a09", "score": 29.503538598382924}
{"docno": "S4505ff06-A6d5b9990", "score": 29.48310026070915}
{"docno": "S3774807f-Ae2a814c8", "score": 29.278555822231212}
{"docno": "S5c3ed70-A34b812fe", "score": 29.189973157890755}
{"docno": "S7021d6d5-Aa95a8520", "score": 29.12589462111151}
{"docno": "S72d1888a-A3b2d68d8", "score": 29.053568997069007}
{"docno": "S1d5f1558-A5733da2d", "score": 29.04893789697045}
{"docno": "S5194bbe-A5e6c2eb8", "score": 29.005072384430775}
{"docno": "Sb2b9b1f9-A4049c9f", "score": 28.872942529669867}
{"docno": "S7a5dcb0b-Abad03bc4", "score": 28.84715094035796}
{"docno": "Sbe617355-A6389a86a", "score": 28.837988009442242}
{"docno": "Sb6f6e654-A34d89dbf", "score": 28.596421850043527}
{"docno": "S6d5f9faf-A513e89e0", "score": 28.465644577026815}
{"docno": "S32f15628-Af68b38ad", "score": 28.440945938385468}
{"docno": "Sbdba3f34-A6cf24bb0", "score": 28.345525954973873}
{"docno": "Sa071780f-Aa7282763", "score": 28.247066084256666}
{"docno": "S40f0bed0-A62b1d4c1", "score": 28.194852328923275}
{"docno": "S4ed78f80-A190684c2", "score": 28.16612018694695}
{"docno": "Sdca59db5-A1155ff93", "score": 28.055800481988346}
{"docno": "Sda0b362d-A6219c43a", "score": 27.93168932931289}
{"docno": "S6ac98ba6-A3ceec157", "score": 27.680684579467982}
{"docno": "Sf5589b65-Aad704790", "score": 27.57903774497402}
{"docno": "S72d1888a-A49edd66c", "score": 27.578302980197158}
{"docno": "S4505ff06-Accb1f012", "score": 27.49976169891016}
{"docno": "S72d1888a-A2ba7cf3d", "score": 27.409752865275188}
{"docno": "S6ac98ba6-Ac7fbb75a", "score": 27.368528430041177}
{"docno": "S35c255fa-A256813ce", "score": 26.859654952462897}
{"docno": "Se4c4f298-A16c61b81", "score": 26.837148700793165}
{"docno": "Sc879277c-Afce59efa", "score": 26.68059597794034}
{"docno": "S8c866652-A1f0a1f38", "score": 26.671434852615846}
{"docno": "Sfb307db5-Aefc3f99a", "score": 26.57450725728009}
{"docno": "S1cab55-A7065a4e7", "score": 26.511197302251425}
{"docno": "S5194bbe-A567ada0", "score": 26.43338163307444}
{"docno": "S5c3ed32-Ad3a26007", "score": 26.31195697992001}
{"docno": "S441845a5-Acc38c481", "score": 26.264056853677353}
{"docno": "S147e45bd-Abf45fa40", "score": 26.224389718581143}
{"docno": "S88d4f7ff-A74bb5cd9", "score": 26.188540551946396}
{"docno": "S855ce88e-A2b3e5240", "score": 26.10954616731456}
{"docno": "S5c3ed32-Aa2f2be54", "score": 26.073569909139913}
{"docno": "Se3b9f8b-A4d504fd4", "score": 26.061183496294454}
{"docno": "Se6c8a508-Acd788bcd", "score": 25.782015430937662}
{"docno": "S7245daba-A7aebf934", "score": 25.752233940502308}
{"docno": "Sdca59db5-Abaa219c7", "score": 25.73969873914656}
{"docno": "Sbd8467d7-Aa86ebaab", "score": 25.679751973853445}
{"docno": "S5c3ed32-A6642821", "score": 25.65426342155635}
{"docno": "S6ac98ba6-Ae4357426", "score": 25.6206823864618}
{"docno": "S2d5cd7d8-Ab10a1e01", "score": 25.587112982071645}
{"docno": "S5c3ed32-A623a0534", "score": 25.560543090006984}
{"docno": "Sfda29737-A5462fa90", "score": 25.5490899141942}
{"docno": "S5c3ed32-Aebef0e2f", "score": 25.501047584225297}
{"docno": "Sdca59d96-A9ecaaaa7", "score": 25.49826036863881}
{"docno": "S6c6b40ff-A4876946b", "score": 25.493769244734082}
{"docno": "Sa39c565c-Ad91a1545", "score": 25.296789137618948}
{"docno": "S3bbb9546-A7cf4fb87", "score": 25.25489297628522}
{"docno": "Sdca59d77-Ab1197bc8", "score": 25.19358208309969}
{"docno": "S855ce88e-A277fd07a", "score": 25.15696012682887}
{"docno": "S7b8b3bd1-A909f6ae3", "score": 25.1501379359261}
{"docno": "Sf077d020-A4e659df7", "score": 25.122271801970868}
{"docno": "S49479255-A44c02274", "score": 25.120061429856207}
{"docno": "Sb2b9a732-A21bb158e", "score": 25.099303237508266}
{"type": "toggleArgument", "timestamp": "2025-06-26T11:06:30.468Z", "sessionID": "d538afae-af51-4bb0-8d85-5e05d3d21646", "rank": "1", "doc": "Sb6f6e654-A9919a595", "action": "expand", "doclen": 2045, "score": 35.76887822519787}
{"type": "StanceClicked", "timestamp": "2025-06-26T11:09:38.438Z", "sessionID": "d538afae-af51-4bb0-8d85-5e05d3d21646", "rank": "1", "stance": "con", "action": "chooseStance", "doc": "Sb6f6e654-A9919a595", "doclen": 2045, "score": 35.76887822519787}
{"type": "toggleArgument", "timestamp": "2025-06-26T11:09:41.933Z", "sessionID": "d538afae-af51-4bb0-8d85-5e05d3d21646", "rank": "2", "doc": "S51c34db5-A7345e66f", "action": "expand", "doclen": 1439, "score": 35.51503307456724}
{"type": "toggleArgument", "timestamp": "2025-06-26T11:10:11.622Z", "sessionID": "d538afae-af51-4bb0-8d85-5e05d3d21646", "rank": "3", "doc": "Sb6f6e654-A5aa453ef", "action": "expand", "doclen": 371, "score": 34.472623572042735}
{"type": "StanceClicked", "timestamp": "2025-06-26T11:10:27.766Z", "sessionID": "d538afae-af51-4bb0-8d85-5e05d3d21646", "rank": "3", "stance": "con", "action": "chooseStance", "doc": "Sb6f6e654-A5aa453ef", "doclen": 371, "score": 34.472623572042735}
{"type": "queryBoxFocused", "timestamp": "2025-06-26T11:10:30.354Z", "sessionID": "d538afae-af51-4bb0-8d85-5e05d3d21646"}
{"type": "querySubmitted", "timestamp": "2025-06-26T11:10:41.223Z", "sessionID": "d538afae-af51-4bb0-8d85-5e05d3d21646", "query": "federal minmum wage pros"}
{"docno": "S51c34db5-A7345e66f", "score": 23.565448573244883}
{"docno": "Sb6f6e654-A9919a595", "score": 22.93037874910498}
{"docno": "S7091718d-Ac0bb1199", "score": 21.719107315571883}
{"docno": "Sb6f6e654-A5aa453ef", "score": 21.641079314360063}
{"docno": "S9443a255-Aa0880433", "score": 21.553805760233715}
{"docno": "S51c34db5-A1cd13b2b", "score": 21.4467714692155}
{"docno": "S148740e7-Ad729a9aa", "score": 21.43347117831023}
{"docno": "S5194bbe-Ad4e82f54", "score": 21.42879038190786}
{"docno": "Sd449ee59-A19cf8da4", "score": 21.14989969564366}
{"docno": "S74df972a-Ada5a26ec", "score": 20.76288024465936}
{"docno": "S148740e7-A29cec1d9", "score": 20.311481085965358}
{"docno": "S7245daba-Aa5e73354", "score": 20.311481085965358}
{"docno": "S7a99c7b0-A3350363a", "score": 20.16721799256817}
{"docno": "S5c3ed70-Ab3c45d8a", "score": 19.947034392862264}
{"docno": "Sb6f6e654-A2251c028", "score": 19.889471346155965}
{"docno": "S93fbabb6-A70bbd698", "score": 19.861605958562226}
{"docno": "S6ac98ba6-A5a97aeb5", "score": 19.82905360375657}
{"docno": "S6ac98ba6-Aecc81e50", "score": 19.81684516494405}
{"docno": "S5339b784-Afc4c1a44", "score": 19.716176716318824}
{"docno": "S40f0bed0-A22d70e03", "score": 19.6264271150741}
{"docno": "Se11b032f-A35ec413c", "score": 19.592344194058406}
{"docno": "Se1beae30-A4c8d96e2", "score": 19.55598749342702}
{"docno": "Sb3c6f9b8-Abcb2a900", "score": 19.55598749342702}
{"docno": "S7a99c7cf-Acae87491", "score": 19.527688120334254}
{"docno": "S3e34e0d7-Ae3f6530", "score": 19.484394389691737}
{"docno": "S51c34db5-Abc8609ec", "score": 19.185034767734003}
{"docno": "S3d4f60b6-A96a2dcdd", "score": 19.10704308169259}
{"docno": "S4505ff06-Ab6b4839b", "score": 19.087128007645667}
{"docno": "Sbf184b88-A8ffb5bfa", "score": 19.084623793307436}
{"docno": "Sa071780f-Aa7282763", "score": 19.079617449207824}
{"docno": "S9329eedd-Ad0c828d3", "score": 19.033617730060527}
{"docno": "S5c3ed70-A34b812fe", "score": 18.94044126238948}
{"docno": "S6c6b40ff-A222807b", "score": 18.8848006025881}
{"docno": "Sa929fd9e-Af0c649f5", "score": 18.859398534553495}
{"docno": "Sfe453fc6-A439b12b9", "score": 18.775175838700385}
{"docno": "Saedf46d3-A55ab1f13", "score": 18.77084392887492}
{"docno": "Sbf184b88-A46e4fcc0", "score": 18.72914923436658}
{"docno": "S3774807f-Ae2a814c8", "score": 18.648616680404995}
{"docno": "Sfb4be9cd-Ada27d34f", "score": 18.53425694188961}
{"docno": "Sf5589b65-Aad704790", "score": 18.4716080815825}
{"docno": "S441845a5-Ad4f4326c", "score": 18.438943678557635}
{"docno": "S9c4ebe55-Acf042959", "score": 18.417908722809422}
{"docno": "S51c34db5-Ab2bcb2ee", "score": 18.2068693061761}
{"docno": "S32f15628-Af68b38ad", "score": 18.106206064003267}
{"docno": "S7245daba-Af2afe0ee", "score": 18.08187198211847}
{"docno": "S7648964d-A161ad842", "score": 18.061400187557673}
{"docno": "S7a5dcb0b-Abad03bc4", "score": 17.995815227905386}
{"docno": "S7021d6d5-Aa95a8520", "score": 17.994883486993526}
{"docno": "Sb3c6f9b8-A63b80751", "score": 17.87327478293409}
{"docno": "Se9139e64-A52978fa1", "score": 17.776375809085522}
{"docno": "S40f0bed0-A62b1d4c1", "score": 17.775466424340053}
{"docno": "Sce0a06a9-A1cff8a09", "score": 17.683392528846767}
{"docno": "S8c9c7325-A89056762", "score": 17.633084448456362}
{"docno": "Sdbdd46b7-Abbc3682a", "score": 17.60592192766581}
{"docno": "S6d5f9faf-A513e89e0", "score": 17.543893958526002}
{"docno": "Sbe617355-A6389a86a", "score": 17.511630958386576}
{"docno": "S4ed78f80-A190684c2", "score": 17.460592279831033}
{"docno": "Sfe453fc6-Af5c255f1", "score": 17.421914349903194}
{"docno": "S1d5f1558-A5733da2d", "score": 17.352215097506868}
{"docno": "Sc879277c-Afce59efa", "score": 17.312186559141036}
{"docno": "Sf5589b65-A5220beee", "score": 17.30624219752181}
{"docno": "S8c866652-A1f0a1f38", "score": 17.30624219752181}
{"docno": "Sce0a06c8-A4ae94bba", "score": 17.250582006358538}
{"docno": "Sdca59db5-A1155ff93", "score": 17.064930057549855}
{"docno": "S7785529c-A3af67127", "score": 17.06090373069091}
{"docno": "S72d1888a-A2ba7cf3d", "score": 17.03384948311939}
{"docno": "S5194bbe-A5e6c2eb8", "score": 16.98106923671316}
{"docno": "S3d4f60b6-Af09e3e80", "score": 16.710157730642237}
{"docno": "Scb143430-Ad0092d47", "score": 16.672124907933625}
{"docno": "S4505ff06-A6d5b9990", "score": 16.634859157628103}
{"docno": "S72d1888a-A3b2d68d8", "score": 16.561380323024625}
{"docno": "S6ac98ba6-A3ceec157", "score": 16.5322782432884}
{"docno": "S1e7edd3d-Ac39372bf", "score": 16.47694835754373}
{"docno": "Sd917958a-A5f519c03", "score": 16.390279595401577}
{"docno": "S72d1888a-A49edd66c", "score": 16.330724650666156}
{"docno": "Sb6f6e654-A34d89dbf", "score": 16.3208974301094}
{"docno": "Sfb307db5-Aefc3f99a", "score": 16.319837279694376}
{"docno": "S35c255fa-A256813ce", "score": 16.292337144920065}
{"docno": "Sb2b9b1f9-A4049c9f", "score": 16.267093323931682}
{"docno": "Sbdba3f34-A6cf24bb0", "score": 16.146646852226088}
{"docno": "Sda0b362d-A6219c43a", "score": 15.967948268846744}
{"docno": "Sf1166b20-A19b7e53a", "score": 15.936682338897457}
{"docno": "Sa39c565c-Ad91a1545", "score": 15.87594185706201}
{"docno": "Sf20526be-A7178a874", "score": 15.833516181328477}
{"docno": "S6ac98ba6-Ac7fbb75a", "score": 15.828762986294217}
{"docno": "Sba641c09-A97a6396d", "score": 15.826886965965098}
{"docno": "S855ce88e-A2b3e5240", "score": 15.81370159016158}
{"docno": "Sbe83ff08-A24a02355", "score": 15.67157943797116}
{"docno": "Sba641bea-A7a94f8b8", "score": 15.621450425538143}
{"docno": "S441845a5-Acc38c481", "score": 15.522445583032397}
{"docno": "S41e8d87f-A75f2e105", "score": 15.521441773504737}
{"docno": "S88b57bbb-Af0a9b6bb", "score": 15.475589401703731}
{"docno": "Sd0461c26-Af43a3cba", "score": 15.460604395074348}
{"docno": "S7e7132f5-A909cc671", "score": 15.323104430252892}
{"docno": "S5194bbe-A567ada0", "score": 15.300639710328774}
{"docno": "S4505ff06-Accb1f012", "score": 15.130599713480237}
{"docno": "S1d5f1558-Abb123f99", "score": 15.130458566302208}
{"docno": "S6ac98ba6-Ae4357426", "score": 15.048666439458195}
{"docno": "Se4c4f298-A16c61b81", "score": 15.01495884833314}
{"docno": "S6c6b40ff-A4876946b", "score": 15.01149417320973}
{"type": "toggleArgument", "timestamp": "2025-06-26T11:10:43.870Z", "sessionID": "d538afae-af51-4bb0-8d85-5e05d3d21646", "rank": "1", "doc": "S51c34db5-A7345e66f", "action": "expand", "doclen": 1439, "score": 35.51503307456724}
{"type": "toggleArgument", "timestamp": "2025-06-26T11:11:26.310Z", "sessionID": "d538afae-af51-4bb0-8d85-5e05d3d21646", "rank": "3", "doc": "S7091718d-Ac0bb1199", "action": "expand", "doclen": 785, "score": 21.719107315571883}
{"type": "StanceClicked", "timestamp": "2025-06-26T11:12:12.502Z", "sessionID": "d538afae-af51-4bb0-8d85-5e05d3d21646", "rank": "3", "stance": "con", "action": "chooseStance", "doc": "S7091718d-Ac0bb1199", "doclen": 785, "score": 21.719107315571883}
{"type": "toggleArgument", "timestamp": "2025-06-26T11:12:15.831Z", "sessionID": "d538afae-af51-4bb0-8d85-5e05d3d21646", "rank": "5", "doc": "S9443a255-Aa0880433", "action": "expand", "doclen": 762, "score": 33.841213966329875}
{"type": "StanceClicked", "timestamp": "2025-06-26T11:13:00.031Z", "sessionID": "d538afae-af51-4bb0-8d85-5e05d3d21646", "rank": "5", "stance": "con", "action": "chooseStance", "doc": "S9443a255-Aa0880433", "doclen": 762, "score": 33.841213966329875}
{"type": "toggleArgument", "timestamp": "2025-06-26T11:13:04.503Z", "sessionID": "d538afae-af51-4bb0-8d85-5e05d3d21646", "rank": "6", "doc": "S51c34db5-A1cd13b2b", "action": "expand", "doclen": 1099, "score": 34.371965821946674}
{"type": "toggleArgument", "timestamp": "2025-06-26T11:13:11.534Z", "sessionID": "d538afae-af51-4bb0-8d85-5e05d3d21646", "rank": "7", "doc": "S148740e7-Ad729a9aa", "action": "expand", "doclen": 2514, "score": 34.2044812175829}
{"type": "toggleArgument", "timestamp": "2025-06-26T11:13:13.551Z", "sessionID": "d538afae-af51-4bb0-8d85-5e05d3d21646", "rank": "8", "doc": "S5194bbe-Ad4e82f54", "action": "expand", "doclen": 976, "score": 33.95314273111692}
{"type": "toggleArgument", "timestamp": "2025-06-26T11:13:17.791Z", "sessionID": "d538afae-af51-4bb0-8d85-5e05d3d21646", "rank": "9", "doc": "Sd449ee59-A19cf8da4", "action": "expand", "doclen": 648, "score": 32.54048794741194}
{"type": "toggleArgument", "timestamp": "2025-06-26T11:13:24.775Z", "sessionID": "d538afae-af51-4bb0-8d85-5e05d3d21646", "rank": "10", "doc": "S74df972a-Ada5a26ec", "action": "expand", "doclen": 2432, "score": 30.439522651168378}
{"type": "pageNavigationClicked", "timestamp": "2025-06-26T11:14:12.487Z", "sessionID": "d538afae-af51-4bb0-8d85-5e05d3d21646", "clicked": "2", "fromPage": 1, "toPage": 2}
{"type": "toggleArgument", "timestamp": "2025-06-26T11:14:16.800Z", "sessionID": "d538afae-af51-4bb0-8d85-5e05d3d21646", "rank": "11", "doc": "S148740e7-A29cec1d9", "action": "expand", "doclen": 190, "score": 32.257576401431805}
{"type": "toggleArgument", "timestamp": "2025-06-26T11:14:25.912Z", "sessionID": "d538afae-af51-4bb0-8d85-5e05d3d21646", "rank": "12", "doc": "S7245daba-Aa5e73354", "action": "expand", "doclen": 207, "score": 30.24824247951303}
{"type": "StanceClicked", "timestamp": "2025-06-26T11:14:35.241Z", "sessionID": "d538afae-af51-4bb0-8d85-5e05d3d21646", "rank": "12", "stance": "pro", "action": "chooseStance", "doc": "S7245daba-Aa5e73354", "doclen": 207, "score": 30.24824247951303}
{"type": "toggleArgument", "timestamp": "2025-06-26T11:14:37.384Z", "sessionID": "d538afae-af51-4bb0-8d85-5e05d3d21646", "rank": "13", "doc": "S7a99c7b0-A3350363a", "action": "expand", "doclen": 724, "score": 31.874290018407358}
{"type": "toggleArgument", "timestamp": "2025-06-26T11:14:41.463Z", "sessionID": "d538afae-af51-4bb0-8d85-5e05d3d21646", "rank": "14", "doc": "S5c3ed70-Ab3c45d8a", "action": "expand", "doclen": 307, "score": 32.2717173390746}
{"type": "toggleArgument", "timestamp": "2025-06-26T11:14:59.992Z", "sessionID": "d538afae-af51-4bb0-8d85-5e05d3d21646", "rank": "15", "doc": "Sb6f6e654-A2251c028", "action": "expand", "doclen": 911, "score": 31.466475097057007}
{"type": "queryBoxFocused", "timestamp": "2025-06-26T11:15:03.219Z", "sessionID": "d538afae-af51-4bb0-8d85-5e05d3d21646"}
{"type": "querySubmitted", "timestamp": "2025-06-26T11:15:20.234Z", "sessionID": "d538afae-af51-4bb0-8d85-5e05d3d21646", "query": "federal minimum wage increased"}
{"docno": "S51c34db5-A7345e66f", "score": 42.66818820073296}
{"docno": "Sb6f6e654-A9919a595", "score": 42.17473848376861}
{"docno": "Sb6f6e654-A5aa453ef", "score": 41.87089752155099}
{"docno": "S5194bbe-Ad4e82f54", "score": 40.72941673201692}
{"docno": "S148740e7-Ad729a9aa", "score": 40.16571527908813}
{"docno": "S6ac98ba6-Aecc81e50", "score": 39.63806551013723}
{"docno": "S93fbabb6-A70bbd698", "score": 38.728303198834396}
{"docno": "S7a99c7b0-A3350363a", "score": 38.208125295584}
{"docno": "S51c34db5-Abc8609ec", "score": 38.13536009973593}
{"docno": "S4505ff06-Ab6b4839b", "score": 36.82015606241894}
{"docno": "S7245daba-Af2afe0ee", "score": 36.78939323505159}
{"docno": "S3774807f-Ae2a814c8", "score": 36.28437334394237}
{"docno": "S7a99c7cf-Acae87491", "score": 36.13685234064335}
{"docno": "Sb6f6e654-A2251c028", "score": 36.006563366672346}
{"docno": "S6ac98ba6-A3ceec157", "score": 35.529517686208806}
{"docno": "S40f0bed0-A62b1d4c1", "score": 35.50671023953845}
{"docno": "Sce0a06a9-A1cff8a09", "score": 35.42346690889864}
{"docno": "Sce0a06c8-A4ae94bba", "score": 35.398964218260616}
{"docno": "S32f15628-Af68b38ad", "score": 35.25220804706345}
{"docno": "S4505ff06-A6d5b9990", "score": 35.23094885672653}
{"docno": "S5194bbe-A5e6c2eb8", "score": 35.216480996155205}
{"docno": "S6ac98ba6-A5a97aeb5", "score": 34.81689070206726}
{"docno": "Sbf184b88-A8ffb5bfa", "score": 34.81521942737427}
{"docno": "Se4c4f298-A16c61b81", "score": 34.767845511913166}
{"docno": "Sb6f6e654-A34d89dbf", "score": 34.54336433150926}
{"docno": "Sb3c6f9b8-A63b80751", "score": 34.5095450870172}
{"docno": "S6c6b40ff-A222807b", "score": 34.43758071692227}
{"docno": "S6ac98ba6-Ac7fbb75a", "score": 34.43384227410869}
{"docno": "S51c34db5-A1cd13b2b", "score": 34.371965821946674}
{"docno": "Sbdba3f34-A6cf24bb0", "score": 34.211198409902835}
{"docno": "S4505ff06-Accb1f012", "score": 34.16179957187505}
{"docno": "S1cab55-A7065a4e7", "score": 33.96330419329662}
{"docno": "S1d5f1558-A5733da2d", "score": 33.916765327316725}
{"docno": "Sbd8467d7-Aa86ebaab", "score": 33.855815155766344}
{"docno": "S9443a255-Aa0880433", "score": 33.841213966329875}
{"docno": "S40f0bed0-A22d70e03", "score": 33.708544057907304}
{"docno": "Sdca59d39-Af1ea663a", "score": 33.10516499566731}
{"docno": "Sfe453fc6-A439b12b9", "score": 32.98987844349221}
{"docno": "S147e45bd-Abf45fa40", "score": 32.95680042131369}
{"docno": "S6ac98ba6-Ae4357426", "score": 32.94730016637439}
{"docno": "S88d4f7ff-A74bb5cd9", "score": 32.89465460617018}
{"docno": "Sf077d020-A4e659df7", "score": 32.68600147853723}
{"docno": "S4ed78f80-A190684c2", "score": 32.659811373346294}
{"docno": "S9329eedd-Ad0c828d3", "score": 32.65051491499628}
{"docno": "S630f7c6f-A578dfae8", "score": 32.64358923464332}
{"docno": "Sa41ee870-Af7b90eb9", "score": 32.633333240215705}
{"docno": "Sd449ee59-A19cf8da4", "score": 32.54048794741194}
{"docno": "Sfb307db5-Aefc3f99a", "score": 32.41294891398128}
{"docno": "S5c3ed70-Ab3c45d8a", "score": 32.2717173390746}
{"docno": "S148740e7-A29cec1d9", "score": 32.257576401431805}
{"docno": "Sdca59db5-A1155ff93", "score": 32.08452287857787}
{"docno": "S630f7c6f-A166862a7", "score": 32.024646883227405}
{"docno": "S855ce88e-A277fd07a", "score": 31.91545099397347}
{"docno": "Sbe617355-A6389a86a", "score": 31.870490165485077}
{"docno": "S70ffe88-A3f4890b", "score": 31.851396598023758}
{"docno": "S3d4f60b6-A96a2dcdd", "score": 31.809662721207225}
{"docno": "S5c3ed32-A623a0534", "score": 31.762975945959624}
{"docno": "Sdb76a53d-Af95d8d36", "score": 31.742237001811425}
{"docno": "S7245daba-A7aebf934", "score": 31.49032637209072}
{"docno": "S630f7c6f-Ad939113f", "score": 31.404474643452133}
{"docno": "Se6c8a508-Acd788bcd", "score": 31.37993664646248}
{"docno": "Sa233c82f-Afdf6e569", "score": 31.348419403569956}
{"docno": "S72d1888a-A49edd66c", "score": 31.293208376686025}
{"docno": "S855ce88e-A2b3e5240", "score": 31.27986442427302}
{"docno": "Sb2b9a697-A4cfa28", "score": 31.264516253031292}
{"docno": "Se72f1d33-A3d58c1d6", "score": 31.133609169306677}
{"docno": "Sa929fd9e-Af0c649f5", "score": 31.117345393477034}
{"docno": "S855ce88e-Ac58442f8", "score": 31.102707110087348}
{"docno": "S6ac98ba6-A3a9e38f7", "score": 31.096160195466222}
{"docno": "Se3b9f8b-A4d504fd4", "score": 31.022337767623224}
{"docno": "Saedf4638-A5ce76be1", "score": 30.979688721332366}
{"docno": "Sdca59db5-Abaa219c7", "score": 30.973564968201316}
{"docno": "Se11b032f-A35ec413c", "score": 30.942365498873343}
{"docno": "S7a5dcb0b-A7b580cfe", "score": 30.877064294297114}
{"docno": "S855ce88e-A885f53d6", "score": 30.842230360228896}
{"docno": "Sb2b9aa96-A343b737b", "score": 30.82941181196241}
{"docno": "Saedf4296-A7621c204", "score": 30.761906099012464}
{"docno": "S2d5cd7d8-Ab66c6d78", "score": 30.761906099012464}
{"docno": "S91b9a76b-Abdbaf5b5", "score": 30.728447649887585}
{"docno": "Sbd8467d7-Ab20dde86", "score": 30.704714036738874}
{"docno": "Sbf184b88-A46e4fcc0", "score": 30.532626192766607}
{"docno": "S74df972a-Ada5a26ec", "score": 30.439522651168378}
{"docno": "S7a99c7b0-Ae4d8d3fe", "score": 30.4393528984926}
{"docno": "S5339b784-Afc4c1a44", "score": 30.38549425289217}
{"docno": "Sa3568bcf-A768f6120", "score": 30.34038651016835}
{"docno": "S7245daba-Aa5e73354", "score": 30.24824247951303}
{"docno": "Se9139e64-A52978fa1", "score": 30.140409491965457}
{"docno": "Se1beae30-A4c8d96e2", "score": 30.138619375394974}
{"docno": "Sb3c6f9b8-Abcb2a900", "score": 30.138619375394974}
{"docno": "S441845a5-Acc38c481", "score": 30.095011315813952}
{"docno": "S51c34db5-Ab2bcb2ee", "score": 30.075224834185164}
{"docno": "Sbe6172ba-A93bb38eb", "score": 30.057695845475457}
{"docno": "S3e34e0d7-Ae3f6530", "score": 30.02828399580312}
{"docno": "Sd2226ec-Aaed3e80", "score": 29.998238454517008}
{"docno": "Sdbdd46b7-Abbc3682a", "score": 29.893699178433778}
{"docno": "S8a961be4-A812e7f03", "score": 29.86834193186595}
{"docno": "S15101cce-A56da7228", "score": 29.845270369545638}
{"docno": "S441845a5-Ad4f4326c", "score": 29.844100585897024}
{"docno": "Se9139e64-A41ee8d3d", "score": 29.82707342190976}
{"docno": "Sa39c565c-Ad91a1545", "score": 29.826044285346555}
{"type": "toggleArgument", "timestamp": "2025-06-26T11:15:23.769Z", "sessionID": "d538afae-af51-4bb0-8d85-5e05d3d21646", "rank": "1", "doc": "S51c34db5-A7345e66f", "action": "expand", "doclen": 1439, "score": 35.51503307456724}
{"type": "toggleArgument", "timestamp": "2025-06-26T11:15:26.721Z", "sessionID": "d538afae-af51-4bb0-8d85-5e05d3d21646", "rank": "4", "doc": "S5194bbe-Ad4e82f54", "action": "expand", "doclen": 976, "score": 33.95314273111692}
{"type": "toggleArgument", "timestamp": "2025-06-26T11:15:30.753Z", "sessionID": "d538afae-af51-4bb0-8d85-5e05d3d21646", "rank": "5", "doc": "S148740e7-Ad729a9aa", "action": "expand", "doclen": 2514, "score": 34.2044812175829}
{"type": "StanceClicked", "timestamp": "2025-06-26T11:16:28.531Z", "sessionID": "d538afae-af51-4bb0-8d85-5e05d3d21646", "rank": "4", "stance": "con", "action": "chooseStance", "doc": "S5194bbe-Ad4e82f54", "doclen": 976, "score": 33.95314273111692}
{"type": "toggleArgument", "timestamp": "2025-06-26T11:16:32.739Z", "sessionID": "d538afae-af51-4bb0-8d85-5e05d3d21646", "rank": "6", "doc": "S6ac98ba6-Aecc81e50", "action": "expand", "doclen": 2044, "score": 32.2918986505639}
{"type": "toggleArgument", "timestamp": "2025-06-26T11:16:39.938Z", "sessionID": "d538afae-af51-4bb0-8d85-5e05d3d21646", "rank": "7", "doc": "S93fbabb6-A70bbd698", "action": "expand", "doclen": 2031, "score": 31.73277206150063}
{"type": "ClickedEndTask", "timestamp": "2025-06-26T11:18:01.677Z", "sessionID": "d538afae-af51-4bb0-8d85-5e05d3d21646"}
{"type": "TaskEndConfirmed", "timestamp": "2025-06-26T11:18:03.220Z", "sessionID": "d538afae-af51-4bb0-8d85-5e05d3d21646"}
{"type": "TaskEnded", "timestamp": "2025-06-26T11:18:17.092Z", "sessionID": "d538afae-af51-4bb0-8d85-5e05d3d21646", "reason": "the time is up", "translated_reason": "The Time Is Up"}
