{"type": "idSubmitted", "timestamp": "2025-06-26T11:00:35.458Z", "sessionID": "be086f8b-4414-48f2-acd3-d3daf9946c40", "uid": "Participant24"}
{"type": "TaskStarted", "timestamp": "2025-06-26T11:01:12.218Z", "sessionID": "be086f8b-4414-48f2-acd3-d3daf9946c40", "task": "1", "uid": "Participant24", "topic": "Do standardized tests improve education?"}
{"type": "queryBoxFocused", "timestamp": "2025-06-26T11:01:16.964Z", "sessionID": "be086f8b-4414-48f2-acd3-d3daf9946c40"}
{"type": "querySubmitted", "timestamp": "2025-06-26T11:01:29.492Z", "sessionID": "be086f8b-4414-48f2-acd3-d3daf9946c40", "query": "stand test"}
{"docno": "S28fe4cd4-A527fa69e", "score": 17.014264255826866}
{"docno": "S8ed1a49-Adb4985ef", "score": 15.987135282488133}
{"docno": "Scbfd88a8-A4abf5af3", "score": 15.964150833215307}
{"docno": "S7ef1e9dc-A977c33f2", "score": 15.767328296726882}
{"docno": "S53a03141-Ac543f90c", "score": 15.693133737187562}
{"docno": "Sb8329ce7-Ab640e1d2", "score": 15.535499498454609}
{"docno": "S75a1769a-A6a8c36d8", "score": 15.274929466507235}
{"docno": "S5003a180-A21c2a9", "score": 14.942051242802508}
{"docno": "Sfc1e411a-A374bb08", "score": 14.687201068657853}
{"docno": "S3eced554-Ae92060a8", "score": 14.615118416158111}
{"docno": "S952e7fd8-Aa9358300", "score": 14.46746202120261}
{"docno": "Sdaececd7-A6fdd01bf", "score": 14.384739740291145}
{"docno": "S3c682384-A6f505b70", "score": 14.295291212452984}
{"docno": "S36a81c46-Af0a602b9", "score": 14.294096678387184}
{"docno": "S7700f55-A7f728e47", "score": 14.258103002764479}
{"docno": "Sb57b834d-Af4c61e04", "score": 14.234846120139888}
{"docno": "Se47410e0-Ae04ae246", "score": 13.939083496334481}
{"docno": "Sc9674a41-Acba90ed0", "score": 13.86450631200794}
{"docno": "S4ee2f33b-Acad91a5c", "score": 13.739039779064736}
{"docno": "S53a03141-A87196c89", "score": 13.602556331039047}
{"docno": "S952e7fd8-Aa7507fd5", "score": 13.544826992626678}
{"docno": "S1ebd118-A660daccd", "score": 13.535287767261451}
{"docno": "S2bce8c52-A4453a6fd", "score": 13.528963876732838}
{"docno": "Sb99bced-Aff702b88", "score": 13.437967988621551}
{"docno": "S2bce8c52-A5866ed60", "score": 13.42367257033004}
{"docno": "Secfb3bfd-A962d0930", "score": 13.414864365822751}
{"docno": "Scee6cda7-A4702954a", "score": 13.247467334232047}
{"docno": "Sd67f6b84-Aaaa49785", "score": 13.247467334232047}
{"docno": "S90ffc286-A6ac1d04", "score": 13.187754702856818}
{"docno": "S952e7fd8-A40246316", "score": 12.921084312215454}
{"docno": "Sbfdc6e44-A1bdcb2ff", "score": 12.920354722297121}
{"docno": "S38a10eae-A179f678a", "score": 12.838240084643889}
{"docno": "Sc51056b2-A2bfa4822", "score": 12.826269706939378}
{"docno": "S9256bb3c-A459096e", "score": 12.719985360209375}
{"docno": "Sb4646b1b-Aa53eb72c", "score": 12.707050486587004}
{"docno": "S5ef4ba1a-Aa9ca7a48", "score": 12.691433492830441}
{"docno": "S97409bf1-A6d2424cc", "score": 12.673863800257095}
{"docno": "S1e4f8724-Adc8864e3", "score": 12.661705039621916}
{"docno": "S83ce6375-A862692f4", "score": 12.597563076379195}
{"docno": "S963436c-A12dbc374", "score": 12.570583979629909}
{"docno": "Sab3b5067-A7c72fa8f", "score": 12.538018848561169}
{"docno": "Sb2dc6f50-Ac4093305", "score": 12.531913524974915}
{"docno": "S8703c5ca-A43122a89", "score": 12.526039998029718}
{"docno": "Sa3575f52-Ae90ff4ee", "score": 12.472387991930812}
{"docno": "S8d467205-A5e8c7cf9", "score": 12.370619331661842}
{"docno": "S406b2063-A51610ba6", "score": 12.325986127378687}
{"docno": "Sd79efb67-A9bde34c3", "score": 12.249632470432303}
{"docno": "Sc51056b2-Ab058e919", "score": 12.203294507124356}
{"docno": "Se10704a3-Aaf5eb393", "score": 12.142642170339702}
{"docno": "S45545e68-Aa81787ae", "score": 12.127385179430068}
{"docno": "S3086328b-A6df4e525", "score": 12.051543346945849}
{"docno": "S5d788b11-A30e11a95", "score": 12.034809199064574}
{"docno": "Sf2c24f2c-A9256f488", "score": 12.034348180706928}
{"docno": "S4d46948e-A599ec1f2", "score": 11.962250173704119}
{"docno": "Sbcdafdff-Ab091c56c", "score": 11.946586785244996}
{"docno": "Sa3575f52-A60e8effe", "score": 11.882795445089407}
{"docno": "Sfc1e411a-Aafd60c09", "score": 11.74655596969317}
{"docno": "S2a3eee28-A2775ce57", "score": 11.72477309653462}
{"docno": "S4224615f-A200d5328", "score": 11.675122108097074}
{"docno": "S467e1565-Ac91a3968", "score": 11.675122108097074}
{"docno": "Se39fd920-A53827160", "score": 11.602642081588648}
{"docno": "Sad53c4eb-A127f8674", "score": 11.460284722858038}
{"docno": "Sc0f6896f-A20c0b491", "score": 11.429879891068794}
{"docno": "Sfb036b7f-Ae173045f", "score": 11.390502815287412}
{"docno": "S11ace9a4-A20469eda", "score": 11.365598625829724}
{"docno": "S6335cfc1-A4dbfd46b", "score": 11.303614237234282}
{"docno": "Sae3e8fd5-Aa8923a76", "score": 11.185981644824214}
{"docno": "Sdd18e758-Ab96d9997", "score": 11.108455684404946}
{"docno": "S5d788b11-A18ca1a94", "score": 11.08185254925209}
{"docno": "S8f55d10c-A2ba16ed4", "score": 11.053666224350728}
{"docno": "Sfd3161b0-A80d52377", "score": 11.053666224350728}
{"docno": "S2d4307d7-A2837720c", "score": 11.024179513834373}
{"docno": "S287c0261-A8f889c58", "score": 10.978222540681632}
{"docno": "Sd1c414e8-A5f9aafa", "score": 10.924444444271035}
{"docno": "S703c5ab7-A5c6f3a97", "score": 10.924444444271035}
{"docno": "S7a65e354-A343329e9", "score": 10.906285971402774}
{"docno": "Sa6f25f2a-A2765c1ad", "score": 10.900797834633853}
{"docno": "S31a1c577-A29eddea7", "score": 10.87355567338023}
{"docno": "Scaa02030-A7c8fbb58", "score": 10.83249108911861}
{"docno": "S356ffa3b-A36c88ded", "score": 10.814806454504357}
{"docno": "S8e6e6464-Af83b5168", "score": 10.794154906545298}
{"docno": "S916e0a55-Ac1422f63", "score": 10.752638444418592}
{"docno": "Sd261fa94-A56a26466", "score": 10.696853604210512}
{"docno": "Sbe914324-A765209fd", "score": 10.674857729792109}
{"docno": "Sba4cec04-A34251101", "score": 10.63003774557175}
{"docno": "Sfc26b479-Af1bcbed3", "score": 10.625469446479173}
{"docno": "S5003a180-A55f2653b", "score": 10.617028519022162}
{"docno": "S236f4ebb-A362109d8", "score": 10.61423287323625}
{"docno": "Sb8329ce7-A66af7629", "score": 10.577245510196814}
{"docno": "S5003a180-Af3520f8", "score": 10.553304967957137}
{"docno": "Sda638ba9-A8bdc3b1", "score": 10.536445525480223}
{"docno": "S5003a180-A31cd5d57", "score": 10.492090014692444}
{"docno": "Sd261fa94-Adaff50d4", "score": 10.466799884757048}
{"docno": "Sdd5367d8-Afa6a5780", "score": 10.45161714240204}
{"docno": "Sb4a4f60-A3afe52af", "score": 10.435122690879362}
{"docno": "Sb8329ce7-Ac0f0bec8", "score": 10.407583124563711}
{"docno": "Sd31f899b-A5cf1f5ec", "score": 10.380646459695491}
{"docno": "S4d52035f-A9995185c", "score": 10.380120435239576}
{"docno": "S1b7abc04-Acc8bbfaf", "score": 10.367692334025387}
{"docno": "S5ef4ba1a-A4ca0ece3", "score": 10.358603596034163}
{"type": "toggleArgument", "timestamp": "2025-06-26T11:01:40.204Z", "sessionID": "be086f8b-4414-48f2-acd3-d3daf9946c40", "rank": "2", "doc": "S8ed1a49-Adb4985ef", "action": "expand", "doclen": 340, "score": 16.908991562321955}
{"type": "StanceClicked", "timestamp": "2025-06-26T11:02:48.069Z", "sessionID": "be086f8b-4414-48f2-acd3-d3daf9946c40", "rank": "2", "stance": "pro", "action": "chooseStance", "doc": "S8ed1a49-Adb4985ef", "doclen": 340, "score": 16.908991562321955}
{"type": "toggleArgument", "timestamp": "2025-06-26T11:02:56.269Z", "sessionID": "be086f8b-4414-48f2-acd3-d3daf9946c40", "rank": "3", "doc": "Scbfd88a8-A4abf5af3", "action": "expand", "doclen": 472, "score": 15.964150833215307}
{"type": "queryBoxFocused", "timestamp": "2025-06-26T11:03:08.447Z", "sessionID": "be086f8b-4414-48f2-acd3-d3daf9946c40"}
{"type": "querySubmitted", "timestamp": "2025-06-26T11:03:15.485Z", "sessionID": "be086f8b-4414-48f2-acd3-d3daf9946c40", "query": "standardized test"}
{"docno": "Sb760077b-Abbd52d8e", "score": 19.568917696256648}
{"docno": "S96a4cec1-Af2fa29c3", "score": 19.23591418422676}
{"docno": "Sb760075c-A5bb776ef", "score": 19.1770637670271}
{"docno": "S2e0cb8e2-A4948454a", "score": 19.051924377642656}
{"docno": "S8703c5ca-A99818ef9", "score": 19.042671414096617}
{"docno": "Sffd7fc64-A3b56b587", "score": 18.881144551806386}
{"docno": "Sbe50aaf1-Adb0fbda1", "score": 18.873030162790506}
{"docno": "S9bab90c3-A3e9c68e", "score": 18.852902454821752}
{"docno": "Sda13af75-A70a66399", "score": 18.813205264438746}
{"docno": "S9d663199-Aad0107a4", "score": 18.78928907503645}
{"docno": "S8be21055-A15f3c978", "score": 18.782156855614687}
{"docno": "Sc7f1464d-A311d5549", "score": 18.652169848267352}
{"docno": "Sbe50aaf1-A2e42f1b9", "score": 18.638619427842045}
{"docno": "S7182eb4d-Ad6382690", "score": 18.612581062173398}
{"docno": "Sdb293567-Ab9b35edf", "score": 18.585951955570124}
{"docno": "S97409bf1-Aa7b8d557", "score": 18.562365077759836}
{"docno": "S440fb971-A5c279a34", "score": 18.530151257297476}
{"docno": "Sda13af75-A21ff6213", "score": 18.50252829058489}
{"docno": "Sa3eb04e5-Ae60153e4", "score": 18.429873413730725}
{"docno": "S440fb971-A3ce5e9d7", "score": 18.386819535495295}
{"docno": "Sfc1e411a-A374bb08", "score": 18.322665800353413}
{"docno": "S440fb971-A2a7b51a5", "score": 18.271807684400002}
{"docno": "S40f19507-A223bb157", "score": 18.267220396465795}
{"docno": "S952e7fd8-A40246316", "score": 18.15091447312568}
{"docno": "S952e7fd8-Aa9358300", "score": 18.131358935808066}
{"docno": "Sa3eb04e5-A7e948140", "score": 18.03227746111138}
{"docno": "Sa3eb04e5-A7f852315", "score": 18.01490072448182}
{"docno": "Sbe50aaf1-A4ecd9be4", "score": 17.859589278955916}
{"docno": "Sb760077b-Ac9af882f", "score": 17.809131862894887}
{"docno": "Sd261fa94-Ae30ffa17", "score": 17.808011103833614}
{"docno": "S440fb971-Af5a00379", "score": 17.731954264792265}
{"docno": "S440fb971-A2ff21247", "score": 17.723063475691234}
{"docno": "S440fb971-A8bb32095", "score": 17.720385862893508}
{"docno": "Sbe50aaf1-A32a60f32", "score": 17.705441912440264}
{"docno": "Sb760073d-Ad6589f49", "score": 17.698362631466335}
{"docno": "S440fb971-Ac684cad", "score": 17.596744615974938}
{"docno": "S40f19507-Acd1dd64e", "score": 17.595801470549297}
{"docno": "S440fb971-A38a840c6", "score": 17.575629271439794}
{"docno": "S215c5d68-A6eda9f4e", "score": 17.48081555288774}
{"docno": "Se100392e-Aab2b52d0", "score": 17.469753550912777}
{"docno": "S8703c5ca-Ad679a484", "score": 17.369506422489252}
{"docno": "Sb760075c-A9ad4c619", "score": 17.348819285121323}
{"docno": "S76a5e356-Ae16cb744", "score": 17.336618347125423}
{"docno": "S97409bf1-Adb09fc7f", "score": 17.335122055847553}
{"docno": "Seb991d36-A8a5e7e35", "score": 17.324506300241065}
{"docno": "S932a69f7-Ab3a3305f", "score": 17.31238675563482}
{"docno": "S2e0cb8e2-Abed6c9e1", "score": 17.30785478368491}
{"docno": "Sa3eb04e5-Ac65c4a32", "score": 17.225706217404152}
{"docno": "S952e7fd8-Aa7507fd5", "score": 17.2108579596994}
{"docno": "S4ab880b6-A1c861cd0", "score": 17.08684783110408}
{"docno": "S91988e1b-A196cf4ab", "score": 17.08684783110408}
{"docno": "Se4d12b1a-Ad4b0ca1f", "score": 17.08474643217158}
{"docno": "S51fb112a-Ae6ba2146", "score": 17.039993461473006}
{"docno": "S8703c5ca-Aeb117cc", "score": 17.027300930447772}
{"docno": "S96a4cec1-A98c571e9", "score": 16.98267190572883}
{"docno": "Sd261fa94-Ab08bbef6", "score": 16.98101224517967}
{"docno": "S96a4cec1-A80cdc5cc", "score": 16.95712120593835}
{"docno": "S2bc7fd5c-A576ef6e8", "score": 16.935828004880854}
{"docno": "S8ed1a49-Adb4985ef", "score": 16.908991562321955}
{"docno": "Se79cf3ec-A48a165f6", "score": 16.81910737556289}
{"docno": "S40f19507-A212fec04", "score": 16.814319322257948}
{"docno": "Sf4c47f89-Af4f7d4b3", "score": 16.809314594404043}
{"docno": "Sb760075c-A41d59ade", "score": 16.787353612449554}
{"docno": "S259f65bb-A43ecac34", "score": 16.78595469977902}
{"docno": "Sf4c47f89-A2973ab36", "score": 16.73900202690509}
{"docno": "Sfd6dc6e8-A58dba47c", "score": 16.736455623365295}
{"docno": "S40f19507-A94423ac1", "score": 16.736455623365295}
{"docno": "Sfc1e411a-A6039a529", "score": 16.662645997298576}
{"docno": "S99eaec17-A9d4b61fa", "score": 16.63506671377427}
{"docno": "S259f65bb-A78a17aa5", "score": 16.622898217856417}
{"docno": "S8009082f-A7bd135eb", "score": 16.616365368152007}
{"docno": "S952e7fd8-Aa719ac9c", "score": 16.59005364911251}
{"docno": "S952e7fd8-A55861611", "score": 16.56723488367357}
{"docno": "S9168d27e-A6beb6cb3", "score": 16.537603802521446}
{"docno": "Sffd7fc64-A90e3aff", "score": 16.46353723818218}
{"docno": "Sf0c8d782-Ab7934a87", "score": 16.32414688034778}
{"docno": "Sab3b5067-Aa2beb3fc", "score": 16.311764839230204}
{"docno": "S69794a99-Aefe0215b", "score": 16.256505950163685}
{"docno": "S6a4ef9ae-A2c61b4b9", "score": 16.256505950163685}
{"docno": "S3763e11f-A2512ade1", "score": 16.240866393226735}
{"docno": "Sa64c3b09-A9e19c926", "score": 16.18609423397108}
{"docno": "S8703c5ca-Aa36b1a41", "score": 16.18397707324349}
{"docno": "Sb760073d-A1ea65fbd", "score": 16.139285781755916}
{"docno": "S40f19507-Ad99fae44", "score": 16.086336087284653}
{"docno": "Sab3b5048-A1688f7f9", "score": 16.083104140809255}
{"docno": "Sd261fa94-A4e4e2e23", "score": 16.018779196751396}
{"docno": "S8703c5ca-A43122a89", "score": 15.990127749678905}
{"docno": "S961ba92b-A8b7ddb76", "score": 15.938499462388311}
{"docno": "S8be21055-A919c0275", "score": 15.938499462388311}
{"docno": "Sb075d8db-Aac99a65f", "score": 15.906023525939187}
{"docno": "Sb5a3d064-A35746c20", "score": 15.890505802145537}
{"docno": "Sbe50aaf1-A17082a46", "score": 15.875706736767397}
{"docno": "Sb760077b-A3ebd6d19", "score": 15.869693550285884}
{"docno": "Sfd6dc6e8-A23be274e", "score": 15.866379180350783}
{"docno": "Sab3b5048-A7abdec2b", "score": 15.849221232196783}
{"docno": "Sb075d8db-A1c385229", "score": 15.839426963001632}
{"docno": "S9168d27e-A8caaf8b9", "score": 15.826533673689852}
{"docno": "Sdb293567-Acd0c2db1", "score": 15.821019488930318}
{"docno": "Seb991d36-Ae1fde89c", "score": 15.799389457762338}
{"docno": "Sa3eb04e5-A9c57af70", "score": 15.78345879355965}
{"type": "toggleArgument", "timestamp": "2025-06-26T11:03:19.133Z", "sessionID": "be086f8b-4414-48f2-acd3-d3daf9946c40", "rank": "1", "doc": "Sb760077b-Abbd52d8e", "action": "expand", "doclen": 1549, "score": 19.568917696256648}
{"type": "StanceClicked", "timestamp": "2025-06-26T11:04:14.703Z", "sessionID": "be086f8b-4414-48f2-acd3-d3daf9946c40", "rank": "1", "stance": "pro", "action": "chooseStance", "doc": "Sb760077b-Abbd52d8e", "doclen": 1549, "score": 19.568917696256648}
{"type": "toggleArgument", "timestamp": "2025-06-26T11:04:16.838Z", "sessionID": "be086f8b-4414-48f2-acd3-d3daf9946c40", "rank": "2", "doc": "S96a4cec1-Af2fa29c3", "action": "expand", "doclen": 337, "score": 19.23591418422676}
{"type": "toggleArgument", "timestamp": "2025-06-26T11:04:35.262Z", "sessionID": "be086f8b-4414-48f2-acd3-d3daf9946c40", "rank": "3", "doc": "Sb760075c-A5bb776ef", "action": "expand", "doclen": 1515, "score": 19.1770637670271}
{"type": "toggleArgument", "timestamp": "2025-06-26T11:04:51.534Z", "sessionID": "be086f8b-4414-48f2-acd3-d3daf9946c40", "rank": "5", "doc": "S8703c5ca-A99818ef9", "action": "expand", "doclen": 995, "score": 19.042671414096617}
{"type": "toggleArgument", "timestamp": "2025-06-26T11:05:14.167Z", "sessionID": "be086f8b-4414-48f2-acd3-d3daf9946c40", "rank": "6", "doc": "Sffd7fc64-A3b56b587", "action": "expand", "doclen": 961, "score": 18.881144551806386}
{"type": "StanceClicked", "timestamp": "2025-06-26T11:05:46.423Z", "sessionID": "be086f8b-4414-48f2-acd3-d3daf9946c40", "rank": "6", "stance": "con", "action": "chooseStance", "doc": "Sffd7fc64-A3b56b587", "doclen": 961, "score": 18.881144551806386}
{"type": "toggleArgument", "timestamp": "2025-06-26T11:05:56.695Z", "sessionID": "be086f8b-4414-48f2-acd3-d3daf9946c40", "rank": "8", "doc": "S9bab90c3-A3e9c68e", "action": "expand", "doclen": 1198, "score": 18.852902454821752}
{"type": "StanceClicked", "timestamp": "2025-06-26T11:06:20.623Z", "sessionID": "be086f8b-4414-48f2-acd3-d3daf9946c40", "rank": "8", "stance": "con", "action": "chooseStance", "doc": "S9bab90c3-A3e9c68e", "doclen": 1198, "score": 18.852902454821752}
{"type": "toggleArgument", "timestamp": "2025-06-26T11:06:28.279Z", "sessionID": "be086f8b-4414-48f2-acd3-d3daf9946c40", "rank": "10", "doc": "S9d663199-Aad0107a4", "action": "expand", "doclen": 2278, "score": 21.573245964055452}
{"type": "queryBoxFocused", "timestamp": "2025-06-26T11:06:47.889Z", "sessionID": "be086f8b-4414-48f2-acd3-d3daf9946c40"}
{"type": "querySubmitted", "timestamp": "2025-06-26T11:07:07.199Z", "sessionID": "be086f8b-4414-48f2-acd3-d3daf9946c40", "query": "benefits of standardized tests"}
{"docno": "Sffd7fc64-A90e3aff", "score": 23.65819393519257}
{"docno": "S9d663199-Aad0107a4", "score": 21.573245964055452}
{"docno": "S932a69f7-Ab3a3305f", "score": 21.304422369946685}
{"docno": "Sdb293567-Ab9b35edf", "score": 21.24301178524929}
{"docno": "S440fb971-Af5a00379", "score": 21.133171177181858}
{"docno": "S952e7fd8-A40246316", "score": 20.943763504889645}
{"docno": "S440fb971-Aa499f76e", "score": 20.910821779721687}
{"docno": "S1e4f8724-Adc8864e3", "score": 20.117996662150887}
{"docno": "Sb075d8db-Aac99a65f", "score": 19.990405402390447}
{"docno": "S8be21055-A919c0275", "score": 19.911529872692235}
{"docno": "S99eaec17-A9d4b61fa", "score": 19.884601894281115}
{"docno": "S41fa4d5d-Aa4082c9e", "score": 19.58280885238891}
{"docno": "Sb760077b-Abbd52d8e", "score": 19.568917696256648}
{"docno": "Sb075d8db-Aff8daee8", "score": 19.44331110240955}
{"docno": "S5ef4ba1a-Ad5cf74fe", "score": 19.247401423500634}
{"docno": "S96a4cec1-Af2fa29c3", "score": 19.23591418422676}
{"docno": "Sb760075c-A5bb776ef", "score": 19.1770637670271}
{"docno": "Seb991d36-Acbad378a", "score": 19.102216842799336}
{"docno": "S2e0cb8e2-A4948454a", "score": 19.051924377642656}
{"docno": "S8703c5ca-A99818ef9", "score": 19.042671414096617}
{"docno": "S4c11bb9f-Aaec9a01b", "score": 19.031214833739064}
{"docno": "Sffd7fc64-A3b56b587", "score": 18.881144551806386}
{"docno": "Sbe50aaf1-Adb0fbda1", "score": 18.873030162790506}
{"docno": "S9bab90c3-A3e9c68e", "score": 18.852902454821752}
{"docno": "Sda13af75-A70a66399", "score": 18.813205264438746}
{"docno": "S8be21055-A15f3c978", "score": 18.782156855614687}
{"docno": "S12990d7e-Ace4248fb", "score": 18.733016646291848}
{"docno": "Sc7f1464d-A311d5549", "score": 18.652169848267352}
{"docno": "Sbe50aaf1-A2e42f1b9", "score": 18.638619427842045}
{"docno": "S7182eb4d-Ad6382690", "score": 18.612581062173398}
{"docno": "S97409bf1-Aa7b8d557", "score": 18.562365077759836}
{"docno": "S440fb971-A5c279a34", "score": 18.530151257297476}
{"docno": "Sda13af75-A21ff6213", "score": 18.50252829058489}
{"docno": "Sa3eb04e5-Ae60153e4", "score": 18.429873413730725}
{"docno": "S440fb971-A3ce5e9d7", "score": 18.386819535495295}
{"docno": "Sfc1e411a-A374bb08", "score": 18.322665800353413}
{"docno": "S440fb971-A2a7b51a5", "score": 18.271807684400002}
{"docno": "S40f19507-A223bb157", "score": 18.267220396465795}
{"docno": "Sb760073d-A60465179", "score": 18.245139023795552}
{"docno": "S952e7fd8-Aa9358300", "score": 18.131358935808066}
{"docno": "S8763b6a7-A20317e76", "score": 18.09202564238079}
{"docno": "Sa3eb04e5-A7e948140", "score": 18.03227746111138}
{"docno": "Sa3eb04e5-A7f852315", "score": 18.01490072448182}
{"docno": "Sbe50aaf1-A4ecd9be4", "score": 17.859589278955916}
{"docno": "Sb760077b-Ac9af882f", "score": 17.809131862894887}
{"docno": "Sd261fa94-Ae30ffa17", "score": 17.808011103833614}
{"docno": "S9168d27e-A5a715c08", "score": 17.79035129730764}
{"docno": "S1e4f8705-Ac450473d", "score": 17.752555221309045}
{"docno": "S440fb971-A2ff21247", "score": 17.723063475691234}
{"docno": "S440fb971-A8bb32095", "score": 17.720385862893508}
{"docno": "Sbe50aaf1-A32a60f32", "score": 17.705441912440264}
{"docno": "Sb760073d-Ad6589f49", "score": 17.698362631466335}
{"docno": "S440fb971-Ac684cad", "score": 17.596744615974938}
{"docno": "S40f19507-Acd1dd64e", "score": 17.595801470549297}
{"docno": "S440fb971-A38a840c6", "score": 17.575629271439794}
{"docno": "S215c5d68-A6eda9f4e", "score": 17.48081555288774}
{"docno": "Se100392e-Aab2b52d0", "score": 17.469753550912777}
{"docno": "S8703c5ca-Ad679a484", "score": 17.369506422489252}
{"docno": "Sb760075c-A9ad4c619", "score": 17.348819285121323}
{"docno": "S76a5e356-Ae16cb744", "score": 17.336618347125423}
{"docno": "S97409bf1-Adb09fc7f", "score": 17.335122055847553}
{"docno": "Seb991d36-A8a5e7e35", "score": 17.324506300241065}
{"docno": "S2e0cb8e2-Abed6c9e1", "score": 17.30785478368491}
{"docno": "Sa3eb04e5-Ac65c4a32", "score": 17.225706217404152}
{"docno": "S952e7fd8-Aa7507fd5", "score": 17.2108579596994}
{"docno": "Sf692f828-Ad11b32ac", "score": 17.1367636194964}
{"docno": "S4ab880b6-A1c861cd0", "score": 17.08684783110408}
{"docno": "S91988e1b-A196cf4ab", "score": 17.08684783110408}
{"docno": "Se4d12b1a-Ad4b0ca1f", "score": 17.08474643217158}
{"docno": "S51fb112a-Ae6ba2146", "score": 17.039993461473006}
{"docno": "S8703c5ca-Aeb117cc", "score": 17.027300930447772}
{"docno": "S96a4cec1-A98c571e9", "score": 16.98267190572883}
{"docno": "Sd261fa94-Ab08bbef6", "score": 16.98101224517967}
{"docno": "S96a4cec1-A80cdc5cc", "score": 16.95712120593835}
{"docno": "Sf6e16c0b-Af292f815", "score": 16.945511191802662}
{"docno": "S2bc7fd5c-A576ef6e8", "score": 16.935828004880854}
{"docno": "S8ed1a49-Adb4985ef", "score": 16.908991562321955}
{"docno": "Sd65bbcdb-A6cedb3cc", "score": 16.84582120942837}
{"docno": "Se79cf3ec-A48a165f6", "score": 16.81910737556289}
{"docno": "S40f19507-A212fec04", "score": 16.814319322257948}
{"docno": "Sf4c47f89-Af4f7d4b3", "score": 16.809314594404043}
{"docno": "Sfd3161b0-Afdee0eed", "score": 16.798968278107004}
{"docno": "Sb760075c-A41d59ade", "score": 16.787353612449554}
{"docno": "S259f65bb-A43ecac34", "score": 16.78595469977902}
{"docno": "Sf4c47f89-A2973ab36", "score": 16.73900202690509}
{"docno": "Sfd6dc6e8-A58dba47c", "score": 16.736455623365295}
{"docno": "S40f19507-A94423ac1", "score": 16.736455623365295}
{"docno": "Sa56a8385-Ac235d2b5", "score": 16.730158931418735}
{"docno": "Sfc1e411a-A6039a529", "score": 16.662645997298576}
{"docno": "S90399d99-A67007d47", "score": 16.638469252294698}
{"docno": "S259f65bb-A78a17aa5", "score": 16.622898217856417}
{"docno": "S8009082f-A7bd135eb", "score": 16.616365368152007}
{"docno": "S952e7fd8-Aa719ac9c", "score": 16.59005364911251}
{"docno": "S952e7fd8-A55861611", "score": 16.56723488367357}
{"docno": "S1e525626-Abf4785ff", "score": 16.559669639710638}
{"docno": "S9168d27e-A6beb6cb3", "score": 16.537603802521446}
{"docno": "S72a67f66-A67b1edb3", "score": 16.43123605934634}
{"docno": "S4d52035f-A9d8f3c75", "score": 16.416320636555856}
{"docno": "Sf0c8d782-Ab7934a87", "score": 16.32414688034778}
{"docno": "S11ace9a4-Afaa1d04d", "score": 16.32050332537618}
{"type": "toggleArgument", "timestamp": "2025-06-26T11:07:14.687Z", "sessionID": "be086f8b-4414-48f2-acd3-d3daf9946c40", "rank": "1", "doc": "Sffd7fc64-A90e3aff", "action": "expand", "doclen": 463, "score": 23.65819393519257}
{"type": "toggleArgument", "timestamp": "2025-06-26T11:07:30.911Z", "sessionID": "be086f8b-4414-48f2-acd3-d3daf9946c40", "rank": "2", "doc": "S9d663199-Aad0107a4", "action": "expand", "doclen": 2278, "score": 21.573245964055452}
{"type": "toggleArgument", "timestamp": "2025-06-26T11:07:43.878Z", "sessionID": "be086f8b-4414-48f2-acd3-d3daf9946c40", "rank": "4", "doc": "Sdb293567-Ab9b35edf", "action": "expand", "doclen": 2764, "score": 21.24301178524929}
{"type": "toggleArgument", "timestamp": "2025-06-26T11:07:48.486Z", "sessionID": "be086f8b-4414-48f2-acd3-d3daf9946c40", "rank": "4", "doc": "Sdb293567-Ab9b35edf", "action": "reduce", "doclen": 2764, "score": 21.24301178524929}
{"type": "toggleArgument", "timestamp": "2025-06-26T11:08:03.743Z", "sessionID": "be086f8b-4414-48f2-acd3-d3daf9946c40", "rank": "4", "doc": "Sdb293567-Ab9b35edf", "action": "expand", "doclen": 2764, "score": 21.24301178524929}
{"type": "toggleArgument", "timestamp": "2025-06-26T11:08:13.959Z", "sessionID": "be086f8b-4414-48f2-acd3-d3daf9946c40", "rank": "5", "doc": "S440fb971-Af5a00379", "action": "expand", "doclen": 1660, "score": 21.133171177181858}
{"type": "StanceClicked", "timestamp": "2025-06-26T11:08:37.287Z", "sessionID": "be086f8b-4414-48f2-acd3-d3daf9946c40", "rank": "5", "stance": "con", "action": "chooseStance", "doc": "S440fb971-Af5a00379", "doclen": 1660, "score": 21.133171177181858}
{"type": "toggleArgument", "timestamp": "2025-06-26T11:08:39.735Z", "sessionID": "be086f8b-4414-48f2-acd3-d3daf9946c40", "rank": "6", "doc": "S952e7fd8-A40246316", "action": "expand", "doclen": 2431, "score": 20.943763504889645}
{"type": "StanceClicked", "timestamp": "2025-06-26T11:09:28.127Z", "sessionID": "be086f8b-4414-48f2-acd3-d3daf9946c40", "rank": "6", "stance": "pro", "action": "chooseStance", "doc": "S952e7fd8-A40246316", "doclen": 2431, "score": 20.943763504889645}
{"type": "toggleArgument", "timestamp": "2025-06-26T11:09:38.247Z", "sessionID": "be086f8b-4414-48f2-acd3-d3daf9946c40", "rank": "7", "doc": "S440fb971-Aa499f76e", "action": "expand", "doclen": 1590, "score": 20.910821779721687}
{"type": "queryBoxFocused", "timestamp": "2025-06-26T11:09:48.735Z", "sessionID": "be086f8b-4414-48f2-acd3-d3daf9946c40"}
{"type": "querySubmitted", "timestamp": "2025-06-26T11:10:06.872Z", "sessionID": "be086f8b-4414-48f2-acd3-d3daf9946c40", "query": "problems of standardized test"}
{"docno": "S7182eb4d-Ad6382690", "score": 22.536485854522887}
{"docno": "Sb760077b-Abbd52d8e", "score": 22.47756429511261}
{"docno": "Sb760077b-Ac9af882f", "score": 21.948437927594302}
{"docno": "S932a69f7-Ab3a3305f", "score": 21.72415780064099}
{"docno": "S8703c5ca-Ad679a484", "score": 21.23386763032127}
{"docno": "S215c5d68-A6eda9f4e", "score": 21.01356813333294}
{"docno": "Sda13af75-A21ff6213", "score": 20.4701137363014}
{"docno": "S952e7fd8-Aa9358300", "score": 20.41128005431352}
{"docno": "Se4d12b1a-Ad4b0ca1f", "score": 20.3611195206296}
{"docno": "S2bc7fd5c-A576ef6e8", "score": 20.33597308225393}
{"docno": "Sd261fa94-A4e4e2e23", "score": 20.26344024704491}
{"docno": "S952e7fd8-Aa719ac9c", "score": 19.575893443255396}
{"docno": "Sd261fa94-Ab08bbef6", "score": 19.49906251075457}
{"docno": "S96a4cec1-Af2fa29c3", "score": 19.23591418422676}
{"docno": "Sb760075c-A5bb776ef", "score": 19.1770637670271}
{"docno": "S1e4f8705-Ac450473d", "score": 19.11800580388939}
{"docno": "S3763e11f-A2512ade1", "score": 19.088169987122008}
{"docno": "S2e0cb8e2-A4948454a", "score": 19.051924377642656}
{"docno": "S8703c5ca-A99818ef9", "score": 19.042671414096617}
{"docno": "Sab3b5048-A7abdec2b", "score": 18.88266312748307}
{"docno": "Sffd7fc64-A3b56b587", "score": 18.881144551806386}
{"docno": "Sbe50aaf1-Adb0fbda1", "score": 18.873030162790506}
{"docno": "S9bab90c3-A3e9c68e", "score": 18.852902454821752}
{"docno": "Sda13af75-A70a66399", "score": 18.813205264438746}
{"docno": "S9d663199-Aad0107a4", "score": 18.78928907503645}
{"docno": "S8be21055-A15f3c978", "score": 18.782156855614687}
{"docno": "Sc7f1464d-A311d5549", "score": 18.652169848267352}
{"docno": "Sbe50aaf1-A2e42f1b9", "score": 18.638619427842045}
{"docno": "Sdb293567-Ab9b35edf", "score": 18.585951955570124}
{"docno": "S97409bf1-Aa7b8d557", "score": 18.562365077759836}
{"docno": "S440fb971-A5c279a34", "score": 18.530151257297476}
{"docno": "Sa3eb04e5-Ae60153e4", "score": 18.429873413730725}
{"docno": "S440fb971-Aa499f76e", "score": 18.412677299388097}
{"docno": "S440fb971-A3ce5e9d7", "score": 18.386819535495295}
{"docno": "S8703c5ca-A43122a89", "score": 18.325256484725628}
{"docno": "Sfc1e411a-A374bb08", "score": 18.322665800353413}
{"docno": "Sfd859ca2-Af0722d27", "score": 18.32256464557603}
{"docno": "S440fb971-A2a7b51a5", "score": 18.271807684400002}
{"docno": "S40f19507-A223bb157", "score": 18.267220396465795}
{"docno": "S4e2b4436-A49cb7fdc", "score": 18.206687034992235}
{"docno": "S952e7fd8-A40246316", "score": 18.15091447312568}
{"docno": "Sa3eb04e5-A7e948140", "score": 18.03227746111138}
{"docno": "Sa3eb04e5-A7f852315", "score": 18.01490072448182}
{"docno": "Sbe50aaf1-A4ecd9be4", "score": 17.859589278955916}
{"docno": "Sd261fa94-Ae30ffa17", "score": 17.808011103833614}
{"docno": "Sfc1e411a-Aafd60c09", "score": 17.737792483739035}
{"docno": "S440fb971-Af5a00379", "score": 17.731954264792265}
{"docno": "S440fb971-A2ff21247", "score": 17.723063475691234}
{"docno": "S440fb971-A8bb32095", "score": 17.720385862893508}
{"docno": "Sbe50aaf1-A32a60f32", "score": 17.705441912440264}
{"docno": "Sb760073d-Ad6589f49", "score": 17.698362631466335}
{"docno": "S440fb971-Ac684cad", "score": 17.596744615974938}
{"docno": "S40f19507-Acd1dd64e", "score": 17.595801470549297}
{"docno": "S440fb971-A38a840c6", "score": 17.575629271439794}
{"docno": "Se100392e-Aab2b52d0", "score": 17.469753550912777}
{"docno": "Sb760075c-A9ad4c619", "score": 17.348819285121323}
{"docno": "S76a5e356-Ae16cb744", "score": 17.336618347125423}
{"docno": "S97409bf1-Adb09fc7f", "score": 17.335122055847553}
{"docno": "Seb991d36-A8a5e7e35", "score": 17.324506300241065}
{"docno": "S2e0cb8e2-Abed6c9e1", "score": 17.30785478368491}
{"docno": "S1e4f8724-Adc8864e3", "score": 17.29714541873111}
{"docno": "S41fa4d5d-Aa4082c9e", "score": 17.250526901438217}
{"docno": "S29c6f0cd-Ae372ae69", "score": 17.23290424440819}
{"docno": "Sa3eb04e5-Ac65c4a32", "score": 17.225706217404152}
{"docno": "S952e7fd8-Aa7507fd5", "score": 17.2108579596994}
{"docno": "S4ab880b6-A1c861cd0", "score": 17.08684783110408}
{"docno": "S91988e1b-A196cf4ab", "score": 17.08684783110408}
{"docno": "S7e01e803-Ac19f8944", "score": 17.07458323830064}
{"docno": "S51fb112a-Ae6ba2146", "score": 17.039993461473006}
{"docno": "S8703c5ca-Aeb117cc", "score": 17.027300930447772}
{"docno": "S5b62c166-Af6b913ec", "score": 16.983587830979744}
{"docno": "S96a4cec1-A98c571e9", "score": 16.98267190572883}
{"docno": "S96a4cec1-A80cdc5cc", "score": 16.95712120593835}
{"docno": "S8ed1a49-Adb4985ef", "score": 16.908991562321955}
{"docno": "Se79cf3ec-A48a165f6", "score": 16.81910737556289}
{"docno": "S40f19507-A212fec04", "score": 16.814319322257948}
{"docno": "Sf4c47f89-Af4f7d4b3", "score": 16.809314594404043}
{"docno": "Sb760075c-A41d59ade", "score": 16.787353612449554}
{"docno": "S259f65bb-A43ecac34", "score": 16.78595469977902}
{"docno": "Sf4c47f89-A2973ab36", "score": 16.73900202690509}
{"docno": "Sfd6dc6e8-A58dba47c", "score": 16.736455623365295}
{"docno": "S40f19507-A94423ac1", "score": 16.736455623365295}
{"docno": "S71a255b8-Af257616a", "score": 16.733818553894185}
{"docno": "S71e51e54-A32fb107d", "score": 16.725045101742065}
{"docno": "Sfc1e411a-A6039a529", "score": 16.662645997298576}
{"docno": "S99eaec17-A9d4b61fa", "score": 16.63506671377427}
{"docno": "S259f65bb-A78a17aa5", "score": 16.622898217856417}
{"docno": "S8009082f-A7bd135eb", "score": 16.616365368152007}
{"docno": "S952e7fd8-A55861611", "score": 16.56723488367357}
{"docno": "Sc413d3b1-Aa5c4a6ba", "score": 16.543228203192527}
{"docno": "S9168d27e-A6beb6cb3", "score": 16.537603802521446}
{"docno": "Sffd7fc64-A90e3aff", "score": 16.46353723818218}
{"docno": "Sf0c8d782-Ab7934a87", "score": 16.32414688034778}
{"docno": "Sab3b5067-Aa2beb3fc", "score": 16.311764839230204}
{"docno": "S69794a99-Aefe0215b", "score": 16.256505950163685}
{"docno": "S6a4ef9ae-A2c61b4b9", "score": 16.256505950163685}
{"docno": "S59ad9f4b-A544aa203", "score": 16.190798424885326}
{"docno": "Sa64c3b09-A9e19c926", "score": 16.18609423397108}
{"docno": "S8703c5ca-Aa36b1a41", "score": 16.18397707324349}
{"docno": "Sb760073d-A1ea65fbd", "score": 16.139285781755916}
{"type": "toggleArgument", "timestamp": "2025-06-26T11:10:11.823Z", "sessionID": "be086f8b-4414-48f2-acd3-d3daf9946c40", "rank": "1", "doc": "S7182eb4d-Ad6382690", "action": "expand", "doclen": 1598, "score": 18.612581062173398}
{"type": "StanceClicked", "timestamp": "2025-06-26T11:10:15.583Z", "sessionID": "be086f8b-4414-48f2-acd3-d3daf9946c40", "rank": "1", "stance": "pro", "action": "chooseStance", "doc": "S7182eb4d-Ad6382690", "doclen": 1598, "score": 18.612581062173398}
{"type": "toggleArgument", "timestamp": "2025-06-26T11:10:23.551Z", "sessionID": "be086f8b-4414-48f2-acd3-d3daf9946c40", "rank": "3", "doc": "Sb760077b-Ac9af882f", "action": "expand", "doclen": 567, "score": 17.809131862894887}
{"type": "queryBoxFocused", "timestamp": "2025-06-26T11:10:36.833Z", "sessionID": "be086f8b-4414-48f2-acd3-d3daf9946c40"}
{"type": "querySubmitted", "timestamp": "2025-06-26T11:10:58.647Z", "sessionID": "be086f8b-4414-48f2-acd3-d3daf9946c40", "query": "improve education with standardized tests"}
{"docno": "Sb760073d-Ad6589f49", "score": 32.01717755737184}
{"docno": "S440fb971-A2ff21247", "score": 31.45314817675422}
{"docno": "Seb991d36-A8a5e7e35", "score": 31.3726741510671}
{"docno": "S9bab90c3-A3e9c68e", "score": 31.15958008931122}
{"docno": "S440fb971-A38a840c6", "score": 30.639517866233305}
{"docno": "S952e7fd8-Aa719ac9c", "score": 29.98875435885715}
{"docno": "Sb760077b-Abbd52d8e", "score": 29.866926951091585}
{"docno": "S1eba8643-Afabec903", "score": 29.795494070353698}
{"docno": "S7182eb4d-Ad6382690", "score": 29.264470380733044}
{"docno": "S952e7fd8-Aa7507fd5", "score": 29.15670629168389}
{"docno": "Seb991d36-A3c225544", "score": 28.270975502036883}
{"docno": "S440fb971-A3ce5e9d7", "score": 28.207488668160323}
{"docno": "Sa64c3b09-A99c1ddaf", "score": 28.178737572493237}
{"docno": "Seb991d36-A995db491", "score": 27.961911111524355}
{"docno": "Seb991d36-Abd4f1347", "score": 27.88414708238957}
{"docno": "S2e0cb8e2-Abed6c9e1", "score": 27.679808076776553}
{"docno": "Sb760075c-A5bb776ef", "score": 26.24306802547646}
{"docno": "S8703c5ca-Aeb117cc", "score": 26.192336145386186}
{"docno": "S288c2167-A44d4cc5b", "score": 25.410188644253928}
{"docno": "S7e01e803-Aa56f2990", "score": 25.395043317199487}
{"docno": "Se100392e-Aab2b52d0", "score": 24.80185915684717}
{"docno": "Sb075d8db-Aff8daee8", "score": 24.771663667111945}
{"docno": "S4c11bb9f-Abfd4fc1a", "score": 24.607878768852352}
{"docno": "S356ffa3b-A36c88ded", "score": 24.556019028206144}
{"docno": "S40f19507-A94423ac1", "score": 24.45131598277947}
{"docno": "S321cce17-Ad4eb5238", "score": 24.436558559809974}
{"docno": "Sab3b5048-A7abdec2b", "score": 24.409083527922824}
{"docno": "Seb991d36-Ae1fde89c", "score": 24.312922056116314}
{"docno": "Se4d12b1a-Ad4b0ca1f", "score": 24.311941044649103}
{"docno": "Sb760073d-A1ea65fbd", "score": 24.310716978747806}
{"docno": "S952e7fd8-A40246316", "score": 24.27148180194665}
{"docno": "S91988e1b-A196cf4ab", "score": 24.16578616347938}
{"docno": "Sf4c47f89-Af4f7d4b3", "score": 24.155870133387232}
{"docno": "S8763b6a7-A20317e76", "score": 24.147921522326428}
{"docno": "Sf4c47f89-A2973ab36", "score": 24.054827271722004}
{"docno": "S770b8b0a-Ab6b177c6", "score": 23.938935779755795}
{"docno": "S440fb971-Af5a00379", "score": 23.818114250860724}
{"docno": "Seb991d36-A9c551936", "score": 23.724506127417868}
{"docno": "S8703c5ca-Ad679a484", "score": 23.633511349441264}
{"docno": "Sb760075c-A9ad4c619", "score": 23.549370246260494}
{"docno": "Sbe50aaf1-A32a60f32", "score": 23.532186482787573}
{"docno": "S69794a99-Aefe0215b", "score": 23.36145500456756}
{"docno": "Sb760077b-Ac9af882f", "score": 23.171396259832086}
{"docno": "S68d82bb6-Ad1058782", "score": 23.130044132866253}
{"docno": "Sab3b5048-A1688f7f9", "score": 23.079026080216337}
{"docno": "Sab3b5048-Ab04b3e50", "score": 23.040216958163036}
{"docno": "S40f19507-Acf1222ac", "score": 22.98619597209263}
{"docno": "Sda86b00e-A953c97", "score": 22.835809815974333}
{"docno": "Sc4ee4551-A1cf7a615", "score": 22.809285934773996}
{"docno": "S3d4ee487-A72cdee52", "score": 22.808445891387922}
{"docno": "S9168d27e-A5a715c08", "score": 22.70284272568167}
{"docno": "S2f7a62f6-A8e02b086", "score": 22.66850088538822}
{"docno": "Sb075d8db-Aac99a65f", "score": 22.666592651700554}
{"docno": "S8be21055-A15f3c978", "score": 22.53399722854599}
{"docno": "S4c11bb9f-A73d55189", "score": 22.5244069876852}
{"docno": "Seb991d36-A6af635bf", "score": 22.32339950123666}
{"docno": "Sb5a3d064-A35746c20", "score": 22.254804732194373}
{"docno": "S41fa4d3e-Ad961e68e", "score": 22.050734626115457}
{"docno": "S40f19507-Ad99fae44", "score": 21.99177762089365}
{"docno": "Seb991d36-Acbad378a", "score": 21.97587681128393}
{"docno": "Sf4164377-Ae1878c43", "score": 21.884120758336124}
{"docno": "S4c11bb9f-Ae5268db5", "score": 21.844829946444385}
{"docno": "S5e2b5c35-A6e64dbf9", "score": 21.640069149501038}
{"docno": "S51229cfa-A690d8fae", "score": 21.574844823596496}
{"docno": "S9d663199-Aad0107a4", "score": 21.573546208913356}
{"docno": "S5633144a-Aea4021c9", "score": 21.427218593524763}
{"docno": "S440fb971-Ac684cad", "score": 21.36475110221442}
{"docno": "S440fb971-Aa0f01162", "score": 21.3437369485334}
{"docno": "S2bc7fd5c-A576ef6e8", "score": 21.340546237317938}
{"docno": "S69c8cd12-A1043e13f", "score": 21.28611941961806}
{"docno": "S97409bf1-A6d2424cc", "score": 21.260154272285572}
{"docno": "S2d7a6fbd-Ae648398f", "score": 21.16829231674732}
{"docno": "S952e7fd8-Aa9358300", "score": 21.08488294454184}
{"docno": "S97409bf1-Adb09fc7f", "score": 21.07093443983611}
{"docno": "Sda13af75-A21ff6213", "score": 21.05143702518546}
{"docno": "S4db6375b-Ac5bf8011", "score": 21.044754821360765}
{"docno": "S894cd8c5-A990a68bc", "score": 21.043054445039978}
{"docno": "S770b8b0a-A7a20e046", "score": 21.019277498865133}
{"docno": "Seb991d36-A84505ad1", "score": 21.003150144084707}
{"docno": "S961ba94a-A87c81fc9", "score": 20.960136639490393}
{"docno": "Sbe19aa3c-Af975ff7a", "score": 20.955313671041974}
{"docno": "S4e44ac5b-A6dc3ebce", "score": 20.95242932621551}
{"docno": "Seb991d36-A364b84ec", "score": 20.947716625890465}
{"docno": "S710ccb9c-A4de815d1", "score": 20.79969118113989}
{"docno": "S13a822a6-Ac680fff8", "score": 20.74149325759849}
{"docno": "S952e7fd8-A60b3d632", "score": 20.70198971025969}
{"docno": "Seb991d36-Aeca828ff", "score": 20.674125828984547}
{"docno": "Sae75cce-Ad67476db", "score": 20.616416295646907}
{"docno": "S770b8b0a-Ac7d0132", "score": 20.533196241938377}
{"docno": "S99eaec17-A9d4b61fa", "score": 20.506582424644872}
{"docno": "Sf0c8d782-A3480a86b", "score": 20.45466116397265}
{"docno": "Sf0c8d763-A3480a86b", "score": 20.45466116397265}
{"docno": "S770b8b0a-A4ee6fc13", "score": 20.425488488438976}
{"docno": "S6d80f423-Ad288ba3d", "score": 20.415264631470627}
{"docno": "S71e51e54-A32fb107d", "score": 20.386126448368003}
{"docno": "S981e702e-A973ff790", "score": 20.266514269425535}
{"docno": "S5b62c166-Af6b913ec", "score": 20.24431539864093}
{"docno": "S50e33842-Aa7feed22", "score": 20.18515092967955}
{"docno": "S1e4f8705-Ac450473d", "score": 20.163507150395926}
{"docno": "S2e4d06a-A62980b3b", "score": 20.130675453134828}
{"type": "toggleArgument", "timestamp": "2025-06-26T11:11:01.431Z", "sessionID": "be086f8b-4414-48f2-acd3-d3daf9946c40", "rank": "1", "doc": "Sb760073d-Ad6589f49", "action": "expand", "doclen": 382, "score": 17.698362631466335}
{"type": "toggleArgument", "timestamp": "2025-06-26T11:11:17.871Z", "sessionID": "be086f8b-4414-48f2-acd3-d3daf9946c40", "rank": "2", "doc": "S440fb971-A2ff21247", "action": "expand", "doclen": 1318, "score": 17.723063475691234}
{"type": "toggleArgument", "timestamp": "2025-06-26T11:11:28.583Z", "sessionID": "be086f8b-4414-48f2-acd3-d3daf9946c40", "rank": "3", "doc": "Seb991d36-A8a5e7e35", "action": "expand", "doclen": 638, "score": 17.324506300241065}
{"type": "StanceClicked", "timestamp": "2025-06-26T11:11:53.407Z", "sessionID": "be086f8b-4414-48f2-acd3-d3daf9946c40", "rank": "3", "stance": "pro", "action": "chooseStance", "doc": "Seb991d36-A8a5e7e35", "doclen": 638, "score": 17.324506300241065}
{"type": "toggleArgument", "timestamp": "2025-06-26T11:11:57.366Z", "sessionID": "be086f8b-4414-48f2-acd3-d3daf9946c40", "rank": "5", "doc": "S440fb971-A38a840c6", "action": "expand", "doclen": 645, "score": 17.575629271439794}
{"type": "StanceClicked", "timestamp": "2025-06-26T11:12:05.510Z", "sessionID": "be086f8b-4414-48f2-acd3-d3daf9946c40", "rank": "5", "stance": "con", "action": "chooseStance", "doc": "S440fb971-A38a840c6", "doclen": 645, "score": 17.575629271439794}
{"type": "toggleArgument", "timestamp": "2025-06-26T11:12:14.126Z", "sessionID": "be086f8b-4414-48f2-acd3-d3daf9946c40", "rank": "6", "doc": "S952e7fd8-Aa719ac9c", "action": "expand", "doclen": 1360, "score": 16.59005364911251}
{"type": "ClickedEndTask", "timestamp": "2025-06-26T11:12:27.791Z", "sessionID": "be086f8b-4414-48f2-acd3-d3daf9946c40"}
{"type": "TaskEndConfirmed", "timestamp": "2025-06-26T11:12:32.910Z", "sessionID": "be086f8b-4414-48f2-acd3-d3daf9946c40"}
{"type": "TaskEnded", "timestamp": "2025-06-26T11:12:44.526Z", "sessionID": "be086f8b-4414-48f2-acd3-d3daf9946c40", "reason": "time limit", "translated_reason": "Time limit"}
