{"type": "TaskStarted", "timestamp": "2025-06-26T10:20:45.913Z", "sessionID": "60339f3c-f251-4f84-b24a-3eaae4e22bd3", "task": "2", "uid": "Participant45", "topic": "Should birth control pills be available over the counter?"}
{"type": "queryBoxFocused", "timestamp": "2025-06-26T10:20:51.676Z", "sessionID": "60339f3c-f251-4f84-b24a-3eaae4e22bd3"}
{"type": "querySubmitted", "timestamp": "2025-06-26T10:21:04.186Z", "sessionID": "60339f3c-f251-4f84-b24a-3eaae4e22bd3", "query": "birth control "}
{"docno": "S7c48bf09-A91b9ecbc", "score": 19.15014992328647}
{"docno": "S6bf018ce-Af00ca858", "score": 19.11392484147585}
{"docno": "S284f3543-A4eed23cc", "score": 18.937133419020892}
{"docno": "S6b19ea3e-Aab875997", "score": 18.847625708667923}
{"docno": "Sdeb2a1a4-A75985df6", "score": 18.75706721989855}
{"docno": "Sb186fa3d-A139ab956", "score": 18.724558885233595}
{"docno": "S8d834d48-A604418bc", "score": 18.47748418314371}
{"docno": "S3d1a752c-A95ae2a3", "score": 18.43431608637878}
{"docno": "S3d1a752c-Aa7cac87", "score": 18.391349222761598}
{"docno": "S6b3f6ff2-Acf4628af", "score": 18.344507904583594}
{"docno": "S3d1a752c-A1947fe3e", "score": 18.263642057425386}
{"docno": "S3d1a752c-Aaed75b23", "score": 18.22146621756485}
{"docno": "S6702c8de-A774cf475", "score": 18.214689387295216}
{"docno": "S739d0c9a-A1a26ba53", "score": 18.163544883894183}
{"docno": "S8d834d48-Ad3873c6b", "score": 18.150275071749082}
{"docno": "S8d834d48-A969c2c91", "score": 18.039619737435228}
{"docno": "S2218331a-Abdd93fcb", "score": 18.009548700740073}
{"docno": "S6b3f6ff2-A2e326b76", "score": 17.98479650028212}
{"docno": "S136c9048-A5196e9a1", "score": 17.965043673839222}
{"docno": "S88b831f5-Ad7884e03", "score": 17.899837251178553}
{"docno": "S3d9819c3-A3bd57627", "score": 17.852399481686227}
{"docno": "S88b831f5-A34c34d2b", "score": 17.850470806988422}
{"docno": "Sb67fc3fb-A3f92ad47", "score": 17.686602437906934}
{"docno": "S3d1a752c-Acb5c823c", "score": 17.66458751808021}
{"docno": "S7c48bf09-A6e6aecd7", "score": 17.52943400202323}
{"docno": "Se048883c-A59764bb0", "score": 17.526240680844346}
{"docno": "Sd64195b7-Aa077b7c3", "score": 17.35199435771051}
{"docno": "S6b19ea3e-A96597d4", "score": 17.250831475323015}
{"docno": "Scfc73d47-A80ba56f2", "score": 17.15355453101956}
{"docno": "Safb01fa7-A16ba6928", "score": 17.098981226004582}
{"docno": "S3d1a752c-Ab63bbb2b", "score": 17.07425324817536}
{"docno": "Sf3fff4a7-Afc6f95bc", "score": 17.07425324817536}
{"docno": "S6b3f6ff2-A785469ab", "score": 17.040900549867345}
{"docno": "Sd9f365ef-A62d87696", "score": 17.003010743506913}
{"docno": "S641065db-Afbfc86f4", "score": 16.80291745786858}
{"docno": "S6b19ea3e-A5b2f84a2", "score": 16.78370873904406}
{"docno": "S6b229b30-Aa83bee", "score": 16.66778790152459}
{"docno": "S224936ac-Ab5fef090", "score": 16.57220766179347}
{"docno": "S5504cb87-Aa4ec971f", "score": 16.530338182836}
{"docno": "S6bf018ce-A3a097be", "score": 16.490583240288586}
{"docno": "Sb1876a40-A4a4f3601", "score": 16.482100565598813}
{"docno": "S6b19ea3e-A84b5e8f", "score": 16.436323388679924}
{"docno": "S606a81ac-Af25fafce", "score": 16.390799789378114}
{"docno": "S37c0c6de-A91380511", "score": 16.257862219494957}
{"docno": "Sd4e75281-Aff28f439", "score": 16.255729560826513}
{"docno": "Sb76f82a2-A25ea6cc0", "score": 16.21119949012904}
{"docno": "S224936ac-A93b35437", "score": 16.21119949012904}
{"docno": "S37beca49-A76dd2c7a", "score": 16.1673634890853}
{"docno": "S1a14ba21-A6f276267", "score": 16.164803853526486}
{"docno": "Sa22ad1b6-A6ad9eee5", "score": 16.0271967633339}
{"docno": "S3d1a752c-Abc80526", "score": 15.968522315886599}
{"docno": "S8791f9a4-A5b3f1426", "score": 15.898029077324072}
{"docno": "S6702c8de-Ae1150c43", "score": 15.824987823725653}
{"docno": "Sf3fff4a7-Af09bb52d", "score": 15.71411034210783}
{"docno": "S81e67f4b-Ac7ee9c59", "score": 15.645840618148444}
{"docno": "Sb0cd83f7-Adea9ca20", "score": 15.645840618148444}
{"docno": "S3d1a752c-A535d6447", "score": 15.587797510794704}
{"docno": "S4c7e2b8-A14959a1e", "score": 15.528558519679631}
{"docno": "Sf3fff504-A53781e8d", "score": 15.522723104558905}
{"docno": "S2218331a-A6edb46f9", "score": 15.513868801078868}
{"docno": "S136c9048-A26174e3", "score": 15.282210900184385}
{"docno": "S5199e2e0-A5ba0ffab", "score": 15.282210900184385}
{"docno": "S47ca8cc4-A9524ab7f", "score": 15.21115277189871}
{"docno": "S3403ee9e-A43c693f9", "score": 15.202316941512933}
{"docno": "S8791f9a4-A17fae88", "score": 15.172154877000843}
{"docno": "Sd7945f58-Aa4e56d1e", "score": 15.164728220486948}
{"docno": "S2218331a-A817bb3f", "score": 15.164728220486948}
{"docno": "Sb1860d23-Ad360fefe", "score": 15.16124069236825}
{"docno": "S3418c277-Ad9adb256", "score": 15.138954254047107}
{"docno": "S2a4ff294-Ae217aeb6", "score": 15.09475591670165}
{"docno": "S6bece754-A1f4c4017", "score": 14.997295449441197}
{"docno": "Sd8150fb5-A2b731d75", "score": 14.88413631683035}
{"docno": "Sb1853e4f-Aed866696", "score": 14.786418756750582}
{"docno": "S6b19ea3e-Af4c2ab11", "score": 14.772672035850036}
{"docno": "S3d9819c3-A88275e4b", "score": 14.756013625372233}
{"docno": "Sb884a1c8-Ab486ce31", "score": 14.519522577630717}
{"docno": "S7586c763-A9df44bc9", "score": 14.438425531198005}
{"docno": "Sb18710e2-Acf1754e6", "score": 14.39034336360011}
{"docno": "Sb77c1666-A5aa562a0", "score": 14.39034336360011}
{"docno": "S136c9048-A268337e7", "score": 14.343024032933922}
{"docno": "S88b831f5-Ab26ac929", "score": 14.327320001982883}
{"docno": "S3d1a752c-Ab454d43a", "score": 14.29106889918113}
{"docno": "Sf7991e72-A622f021e", "score": 14.286126339725403}
{"docno": "S5199e2e0-A8f06105", "score": 14.286126339725403}
{"docno": "Sb186ee5f-Adbce446d", "score": 14.268021384976004}
{"docno": "S52ebc4c-A87985538", "score": 14.183407972971013}
{"docno": "Sb79ecf35-Aca7efb7a", "score": 14.183407972971013}
{"docno": "Sb67fc3fb-Ae4017b1c", "score": 14.183407972971013}
{"docno": "S12bcfa90-A95003849", "score": 14.16470938227696}
{"docno": "S47ca01fe-A247c98db", "score": 14.16470938227696}
{"docno": "S54a4f280-A130e15e4", "score": 14.14642241532831}
{"docno": "S7a271b49-Abda5897d", "score": 14.087568762982542}
{"docno": "Sc64898ed-Ad5168fd7", "score": 14.086958576193279}
{"docno": "S8e214b94-A6744a4c8", "score": 14.082156167720894}
{"docno": "S7f136cdf-A4bf78f10", "score": 14.082156167720894}
{"docno": "Sb185a806-A5407dbd", "score": 14.082156167720894}
{"docno": "Sb1876a40-A428c5807", "score": 14.073239329120007}
{"docno": "S404e495e-A9a8ea74", "score": 14.045043314343129}
{"docno": "S29bcc23d-A6a56a29c", "score": 14.036838747670874}
{"docno": "S740c0ab5-A695b006d", "score": 14.035020252890689}
{"type": "toggleArgument", "timestamp": "2025-06-26T10:21:14.737Z", "sessionID": "60339f3c-f251-4f84-b24a-3eaae4e22bd3", "rank": "3", "doc": "S284f3543-A4eed23cc", "action": "expand", "doclen": 878, "score": 15.970447672554274}
{"type": "StanceClicked", "timestamp": "2025-06-26T10:21:36.104Z", "sessionID": "60339f3c-f251-4f84-b24a-3eaae4e22bd3", "rank": "3", "stance": "pro", "action": "chooseStance", "doc": "S284f3543-A4eed23cc", "doclen": 878, "score": 15.970447672554274}
{"type": "toggleArgument", "timestamp": "2025-06-26T10:21:38.576Z", "sessionID": "60339f3c-f251-4f84-b24a-3eaae4e22bd3", "rank": "4", "doc": "S6b19ea3e-Aab875997", "action": "expand", "doclen": 1532, "score": 15.19862755891267}
{"type": "toggleArgument", "timestamp": "2025-06-26T10:22:47.614Z", "sessionID": "60339f3c-f251-4f84-b24a-3eaae4e22bd3", "rank": "5", "doc": "Sdeb2a1a4-A75985df6", "action": "expand", "doclen": 1099, "score": 15.713533970317261}
{"type": "StanceClicked", "timestamp": "2025-06-26T10:23:40.714Z", "sessionID": "60339f3c-f251-4f84-b24a-3eaae4e22bd3", "rank": "5", "stance": "pro", "action": "chooseStance", "doc": "Sdeb2a1a4-A75985df6", "doclen": 1099, "score": 15.713533970317261}
{"type": "toggleArgument", "timestamp": "2025-06-26T10:23:46.961Z", "sessionID": "60339f3c-f251-4f84-b24a-3eaae4e22bd3", "rank": "6", "doc": "Sb186fa3d-A139ab956", "action": "expand", "doclen": 391, "score": 18.724558885233595}
{"type": "queryBoxFocused", "timestamp": "2025-06-26T10:24:36.576Z", "sessionID": "60339f3c-f251-4f84-b24a-3eaae4e22bd3"}
{"type": "querySubmitted", "timestamp": "2025-06-26T10:24:52.142Z", "sessionID": "60339f3c-f251-4f84-b24a-3eaae4e22bd3", "query": "birth control perscription"}
{"docno": "S7e7e5efd-Aa9f7c4df", "score": 23.95199565256077}
{"docno": "S575d7397-Ac1b26347", "score": 20.19322972802824}
{"docno": "S7c48bf09-A91b9ecbc", "score": 19.15014992328647}
{"docno": "S6bf018ce-Af00ca858", "score": 19.11392484147585}
{"docno": "S284f3543-A4eed23cc", "score": 18.937133419020892}
{"docno": "S6b19ea3e-Aab875997", "score": 18.847625708667923}
{"docno": "Sdeb2a1a4-A75985df6", "score": 18.75706721989855}
{"docno": "Sb186fa3d-A139ab956", "score": 18.724558885233595}
{"docno": "S8d834d48-A604418bc", "score": 18.47748418314371}
{"docno": "S3d1a752c-A95ae2a3", "score": 18.43431608637878}
{"docno": "S3d1a752c-Aa7cac87", "score": 18.391349222761598}
{"docno": "S6b3f6ff2-Acf4628af", "score": 18.344507904583594}
{"docno": "S3d1a752c-A1947fe3e", "score": 18.263642057425386}
{"docno": "S3d1a752c-Aaed75b23", "score": 18.22146621756485}
{"docno": "S6702c8de-A774cf475", "score": 18.214689387295216}
{"docno": "S739d0c9a-A1a26ba53", "score": 18.163544883894183}
{"docno": "S8d834d48-Ad3873c6b", "score": 18.150275071749082}
{"docno": "S8d834d48-A969c2c91", "score": 18.039619737435228}
{"docno": "S2218331a-Abdd93fcb", "score": 18.009548700740073}
{"docno": "S6b3f6ff2-A2e326b76", "score": 17.98479650028212}
{"docno": "S136c9048-A5196e9a1", "score": 17.965043673839222}
{"docno": "S88b831f5-Ad7884e03", "score": 17.899837251178553}
{"docno": "S3d9819c3-A3bd57627", "score": 17.852399481686227}
{"docno": "S88b831f5-A34c34d2b", "score": 17.850470806988422}
{"docno": "Sb67fc3fb-A3f92ad47", "score": 17.686602437906934}
{"docno": "S3d1a752c-Acb5c823c", "score": 17.66458751808021}
{"docno": "Sbbce1e09-Ad8014bef", "score": 17.571065186508257}
{"docno": "S7c48bf09-A6e6aecd7", "score": 17.52943400202323}
{"docno": "Se048883c-A59764bb0", "score": 17.526240680844346}
{"docno": "Sd64195b7-Aa077b7c3", "score": 17.35199435771051}
{"docno": "S6b19ea3e-A96597d4", "score": 17.250831475323015}
{"docno": "Scfc73d47-A80ba56f2", "score": 17.15355453101956}
{"docno": "Safb01fa7-A16ba6928", "score": 17.098981226004582}
{"docno": "S3d1a752c-Ab63bbb2b", "score": 17.07425324817536}
{"docno": "Sf3fff4a7-Afc6f95bc", "score": 17.07425324817536}
{"docno": "S6b3f6ff2-A785469ab", "score": 17.040900549867345}
{"docno": "Sd9f365ef-A62d87696", "score": 17.003010743506913}
{"docno": "S641065db-Afbfc86f4", "score": 16.80291745786858}
{"docno": "S6b19ea3e-A5b2f84a2", "score": 16.78370873904406}
{"docno": "Seec21427-A9a109867", "score": 16.702203012099503}
{"docno": "S6b229b30-Aa83bee", "score": 16.66778790152459}
{"docno": "S224936ac-Ab5fef090", "score": 16.57220766179347}
{"docno": "S5504cb87-Aa4ec971f", "score": 16.530338182836}
{"docno": "S6bf018ce-A3a097be", "score": 16.490583240288586}
{"docno": "Sb1876a40-A4a4f3601", "score": 16.482100565598813}
{"docno": "S6b19ea3e-A84b5e8f", "score": 16.436323388679924}
{"docno": "S606a81ac-Af25fafce", "score": 16.390799789378114}
{"docno": "S37c0c6de-A91380511", "score": 16.257862219494957}
{"docno": "Sd4e75281-Aff28f439", "score": 16.255729560826513}
{"docno": "Sb76f82a2-A25ea6cc0", "score": 16.21119949012904}
{"docno": "S224936ac-A93b35437", "score": 16.21119949012904}
{"docno": "S37beca49-A76dd2c7a", "score": 16.1673634890853}
{"docno": "S1a14ba21-A6f276267", "score": 16.164803853526486}
{"docno": "Sa22ad1b6-A6ad9eee5", "score": 16.0271967633339}
{"docno": "S3d1a752c-Abc80526", "score": 15.968522315886599}
{"docno": "S8791f9a4-A5b3f1426", "score": 15.898029077324072}
{"docno": "S6702c8de-Ae1150c43", "score": 15.824987823725653}
{"docno": "Sf3fff4a7-Af09bb52d", "score": 15.71411034210783}
{"docno": "S81e67f4b-Ac7ee9c59", "score": 15.645840618148444}
{"docno": "Sb0cd83f7-Adea9ca20", "score": 15.645840618148444}
{"docno": "S3d1a752c-A535d6447", "score": 15.587797510794704}
{"docno": "S4c7e2b8-A14959a1e", "score": 15.528558519679631}
{"docno": "Sf3fff504-A53781e8d", "score": 15.522723104558905}
{"docno": "S2218331a-A6edb46f9", "score": 15.513868801078868}
{"docno": "S136c9048-A26174e3", "score": 15.282210900184385}
{"docno": "S5199e2e0-A5ba0ffab", "score": 15.282210900184385}
{"docno": "S47ca8cc4-A9524ab7f", "score": 15.21115277189871}
{"docno": "S3403ee9e-A43c693f9", "score": 15.202316941512933}
{"docno": "S8791f9a4-A17fae88", "score": 15.172154877000843}
{"docno": "Sd7945f58-Aa4e56d1e", "score": 15.164728220486948}
{"docno": "S2218331a-A817bb3f", "score": 15.164728220486948}
{"docno": "Sb1860d23-Ad360fefe", "score": 15.16124069236825}
{"docno": "S3418c277-Ad9adb256", "score": 15.138954254047107}
{"docno": "S2a4ff294-Ae217aeb6", "score": 15.09475591670165}
{"docno": "S6bece754-A1f4c4017", "score": 14.997295449441197}
{"docno": "Sd8150fb5-A2b731d75", "score": 14.88413631683035}
{"docno": "Sb1853e4f-Aed866696", "score": 14.786418756750582}
{"docno": "S6b19ea3e-Af4c2ab11", "score": 14.772672035850036}
{"docno": "S3d9819c3-A88275e4b", "score": 14.756013625372233}
{"docno": "Sb884a1c8-Ab486ce31", "score": 14.519522577630717}
{"docno": "S7586c763-A9df44bc9", "score": 14.438425531198005}
{"docno": "Sb18710e2-Acf1754e6", "score": 14.39034336360011}
{"docno": "Sb77c1666-A5aa562a0", "score": 14.39034336360011}
{"docno": "S136c9048-A268337e7", "score": 14.343024032933922}
{"docno": "S88b831f5-Ab26ac929", "score": 14.327320001982883}
{"docno": "S3d1a752c-Ab454d43a", "score": 14.29106889918113}
{"docno": "Sf7991e72-A622f021e", "score": 14.286126339725403}
{"docno": "S5199e2e0-A8f06105", "score": 14.286126339725403}
{"docno": "Sb186ee5f-Adbce446d", "score": 14.268021384976004}
{"docno": "S52ebc4c-A87985538", "score": 14.183407972971013}
{"docno": "Sb79ecf35-Aca7efb7a", "score": 14.183407972971013}
{"docno": "Sb67fc3fb-Ae4017b1c", "score": 14.183407972971013}
{"docno": "S12bcfa90-A95003849", "score": 14.16470938227696}
{"docno": "S47ca01fe-A247c98db", "score": 14.16470938227696}
{"docno": "S54a4f280-A130e15e4", "score": 14.14642241532831}
{"docno": "S7a271b49-Abda5897d", "score": 14.087568762982542}
{"docno": "Sc64898ed-Ad5168fd7", "score": 14.086958576193279}
{"docno": "S8e214b94-A6744a4c8", "score": 14.082156167720894}
{"docno": "S7f136cdf-A4bf78f10", "score": 14.082156167720894}
{"docno": "Sb185a806-A5407dbd", "score": 14.082156167720894}
{"type": "toggleArgument", "timestamp": "2025-06-26T10:24:58.157Z", "sessionID": "60339f3c-f251-4f84-b24a-3eaae4e22bd3", "rank": "1", "doc": "S7e7e5efd-Aa9f7c4df", "action": "expand", "doclen": 700, "score": 23.95199565256077}
{"type": "toggleArgument", "timestamp": "2025-06-26T10:25:13.933Z", "sessionID": "60339f3c-f251-4f84-b24a-3eaae4e22bd3", "rank": "3", "doc": "S7c48bf09-A91b9ecbc", "action": "expand", "doclen": 497, "score": 17.379886491963436}
{"type": "toggleArgument", "timestamp": "2025-06-26T10:25:41.008Z", "sessionID": "60339f3c-f251-4f84-b24a-3eaae4e22bd3", "rank": "4", "doc": "S6bf018ce-Af00ca858", "action": "expand", "doclen": 540, "score": 11.091938969889112}
{"type": "StanceClicked", "timestamp": "2025-06-26T10:25:55.312Z", "sessionID": "60339f3c-f251-4f84-b24a-3eaae4e22bd3", "rank": "4", "stance": "pro", "action": "chooseStance", "doc": "S6bf018ce-Af00ca858", "doclen": 540, "score": 11.091938969889112}
{"type": "toggleArgument", "timestamp": "2025-06-26T10:26:31.944Z", "sessionID": "60339f3c-f251-4f84-b24a-3eaae4e22bd3", "rank": "9", "doc": "S8d834d48-A604418bc", "action": "expand", "doclen": 600, "score": 18.205337177369955}
{"type": "StanceClicked", "timestamp": "2025-06-26T10:27:13.868Z", "sessionID": "60339f3c-f251-4f84-b24a-3eaae4e22bd3", "rank": "9", "stance": "con", "action": "chooseStance", "doc": "S8d834d48-A604418bc", "doclen": 600, "score": 18.205337177369955}
{"type": "toggleArgument", "timestamp": "2025-06-26T10:27:28.099Z", "sessionID": "60339f3c-f251-4f84-b24a-3eaae4e22bd3", "rank": "10", "doc": "S3d1a752c-A95ae2a3", "action": "expand", "doclen": 642, "score": 18.43431608637878}
{"type": "pageNavigationClicked", "timestamp": "2025-06-26T10:28:04.415Z", "sessionID": "60339f3c-f251-4f84-b24a-3eaae4e22bd3", "clicked": "6", "fromPage": 1, "toPage": 6}
{"type": "toggleArgument", "timestamp": "2025-06-26T10:28:15.951Z", "sessionID": "60339f3c-f251-4f84-b24a-3eaae4e22bd3", "rank": "51", "doc": "S224936ac-A93b35437", "action": "expand", "doclen": 1040, "score": 16.21119949012904}
{"type": "toggleArgument", "timestamp": "2025-06-26T10:29:03.614Z", "sessionID": "60339f3c-f251-4f84-b24a-3eaae4e22bd3", "rank": "52", "doc": "S37beca49-A76dd2c7a", "action": "expand", "doclen": 1262, "score": 16.1673634890853}
{"type": "toggleArgument", "timestamp": "2025-06-26T10:29:42.853Z", "sessionID": "60339f3c-f251-4f84-b24a-3eaae4e22bd3", "rank": "55", "doc": "S3d1a752c-Abc80526", "action": "expand", "doclen": 560, "score": 26.459531135186662}
{"type": "StanceClicked", "timestamp": "2025-06-26T10:29:52.838Z", "sessionID": "60339f3c-f251-4f84-b24a-3eaae4e22bd3", "rank": "55", "stance": "con", "action": "chooseStance", "doc": "S3d1a752c-Abc80526", "doclen": 560, "score": 26.459531135186662}
{"type": "toggleArgument", "timestamp": "2025-06-26T10:29:56.509Z", "sessionID": "60339f3c-f251-4f84-b24a-3eaae4e22bd3", "rank": "56", "doc": "S8791f9a4-A5b3f1426", "action": "expand", "doclen": 110, "score": 15.898029077324072}
{"type": "toggleArgument", "timestamp": "2025-06-26T10:29:57.917Z", "sessionID": "60339f3c-f251-4f84-b24a-3eaae4e22bd3", "rank": "56", "doc": "S8791f9a4-A5b3f1426", "action": "reduce", "doclen": 110, "score": 15.898029077324072}
{"type": "toggleArgument", "timestamp": "2025-06-26T10:29:58.917Z", "sessionID": "60339f3c-f251-4f84-b24a-3eaae4e22bd3", "rank": "56", "doc": "S8791f9a4-A5b3f1426", "action": "expand", "doclen": 110, "score": 15.898029077324072}
{"type": "toggleArgument", "timestamp": "2025-06-26T10:30:22.229Z", "sessionID": "60339f3c-f251-4f84-b24a-3eaae4e22bd3", "rank": "58", "doc": "Sf3fff4a7-Af09bb52d", "action": "expand", "doclen": 734, "score": 16.661340541454617}
{"type": "toggleArgument", "timestamp": "2025-06-26T10:31:21.244Z", "sessionID": "60339f3c-f251-4f84-b24a-3eaae4e22bd3", "rank": "60", "doc": "Sb0cd83f7-Adea9ca20", "action": "expand", "doclen": 140, "score": 15.645840618148444}
{"type": "pageNavigationClicked", "timestamp": "2025-06-26T10:31:26.236Z", "sessionID": "60339f3c-f251-4f84-b24a-3eaae4e22bd3", "clicked": "8", "fromPage": 6, "toPage": 8}
{"type": "toggleArgument", "timestamp": "2025-06-26T10:31:44.419Z", "sessionID": "60339f3c-f251-4f84-b24a-3eaae4e22bd3", "rank": "77", "doc": "Sb1853e4f-Aed866696", "action": "expand", "doclen": 813, "score": 14.786418756750582}
{"type": "ClickedEndTask", "timestamp": "2025-06-26T10:31:54.331Z", "sessionID": "60339f3c-f251-4f84-b24a-3eaae4e22bd3"}
{"type": "TaskEndConfirmed", "timestamp": "2025-06-26T10:31:55.915Z", "sessionID": "60339f3c-f251-4f84-b24a-3eaae4e22bd3"}
{"type": "TaskEnded", "timestamp": "2025-06-26T10:32:07.003Z", "sessionID": "60339f3c-f251-4f84-b24a-3eaae4e22bd3", "reason": "the time is up\n", "translated_reason": "The Time Is Up"}
