{"type": "idSubmitted", "timestamp": "2025-06-26T11:27:44.064Z", "sessionID": "e80a0012-73e1-4c63-a804-c858b39d172f", "uid": "Participant16"}
{"type": "TaskStarted", "timestamp": "2025-06-26T11:29:03.504Z", "sessionID": "e80a0012-73e1-4c63-a804-c858b39d172f", "task": "1", "uid": "Participant16", "topic": "Should the government allow illegal immigrants to become citizens?"}
{"type": "queryBoxFocused", "timestamp": "2025-06-26T11:29:22.139Z", "sessionID": "e80a0012-73e1-4c63-a804-c858b39d172f"}
{"type": "querySubmitted", "timestamp": "2025-06-26T11:29:51.568Z", "sessionID": "e80a0012-73e1-4c63-a804-c858b39d172f", "query": "Immigration AND Citizen AND Illegal"}
{"docno": "S9f5ade2f-A89216550", "score": 30.435844058681788}
{"docno": "Sd0461c26-A1d80c53d", "score": 29.146208215550953}
{"docno": "S3dfdaea9-Ae5471e32", "score": 29.099673545460046}
{"docno": "S9f5ade2f-A1671de9e", "score": 29.087595639545683}
{"docno": "Scd8abfbd-Ad6acf87f", "score": 29.081686196153548}
{"docno": "Scd8abfdc-Ab0ce6b77", "score": 29.081686196153548}
{"docno": "S9e36ecf4-Abff4b0d8", "score": 28.862042235851433}
{"docno": "S8e58c781-Ad7e1287b", "score": 28.824588822948723}
{"docno": "Sf44bcd7f-A5317de4e", "score": 28.643775412219814}
{"docno": "S68a8a87-Ae24dc113", "score": 28.54467844601836}
{"docno": "S341863b5-Ad16e0deb", "score": 28.53483576142446}
{"docno": "S31f5da82-Af1ad2911", "score": 28.429944023964065}
{"docno": "S8e58c781-A63bec42f", "score": 28.34457214843949}
{"docno": "Scd8abfbd-A72b5d293", "score": 28.077615126297136}
{"docno": "Scd8abfdc-Ad2c1d2a3", "score": 28.077615126297136}
{"docno": "Sd0461c26-A14e5f340", "score": 28.07027125047594}
{"docno": "S58603726-A79f1d51a", "score": 28.06180902581923}
{"docno": "S8e58c781-Aacefdde3", "score": 28.041706494729148}
{"docno": "S4d289846-A608434b", "score": 28.039027903810393}
{"docno": "Sc8662773-A4cb8d748", "score": 27.970933688436297}
{"docno": "Sc3e0c9c1-A849d97ce", "score": 27.76198783331227}
{"docno": "Sc8662773-Ae6eb8ca", "score": 27.753096476083265}
{"docno": "S341863b5-A677df0e", "score": 27.644559588274326}
{"docno": "S6340764-A437fb09a", "score": 27.610023488518884}
{"docno": "S6340764-Adaa06665", "score": 27.44220019947013}
{"docno": "S9f5ade2f-Af1f596ec", "score": 27.376286859170875}
{"docno": "S3cdc63cb-A549d684", "score": 27.33880351734586}
{"docno": "S2d0f2532-A94f5ae53", "score": 27.282032825697772}
{"docno": "S6340764-A20908108", "score": 27.24787742743282}
{"docno": "Sc8662773-Ade81a9da", "score": 27.222619013796677}
{"docno": "S8e58c781-A89b46335", "score": 27.208296780710462}
{"docno": "Sc3e0c9c1-A3df2445c", "score": 27.113639689832688}
{"docno": "S3dfdaea9-A55c2bd2e", "score": 27.083615536173568}
{"docno": "Sc8662773-A94e2fd17", "score": 26.999167373324738}
{"docno": "S7b43bc48-Accdec81e", "score": 26.944538796006373}
{"docno": "Scd8abfdc-A9bd28429", "score": 26.93854842683863}
{"docno": "S6d359933-Ab127c11c", "score": 26.843167247839034}
{"docno": "Scd8abfbd-Ac13c980f", "score": 26.837598568156956}
{"docno": "Scd8abfdc-A4c8de52d", "score": 26.837598568156956}
{"docno": "S1e41d536-A1f11f0ab", "score": 26.77225558034351}
{"docno": "S68a8a49-A15e76f1b", "score": 26.754802379254578}
{"docno": "S5e48a4d6-A92a33fb0", "score": 26.614522220570173}
{"docno": "Sf238c9cb-A12353dbc", "score": 26.461901643983335}
{"docno": "Scd8abfbd-Aac315f9f", "score": 26.447346412741293}
{"docno": "Scd8abfdc-A3069be57", "score": 26.447346412741293}
{"docno": "S9e36ecf4-A82cc4a5", "score": 26.40420720308746}
{"docno": "S341863b5-A536df7d2", "score": 26.35671794312769}
{"docno": "S5e48a4d6-Ad22876ee", "score": 26.318079982504692}
{"docno": "Sed2ba9d8-A6550c552", "score": 26.315006891304222}
{"docno": "S59ad9eee-A526df2a1", "score": 26.244928067724807}
{"docno": "Sedbdc40b-A852b1c0e", "score": 26.234147357409693}
{"docno": "S188b21d7-A7fc826be", "score": 26.183909404147595}
{"docno": "Sd0461c26-A850af313", "score": 26.1466432979627}
{"docno": "S7b43bc48-A1794db48", "score": 26.03492395915023}
{"docno": "S9da75b55-A4e146755", "score": 26.02777280538281}
{"docno": "Sb6b0ac06-Aea2c3e31", "score": 26.011129257281212}
{"docno": "S4243bec4-A263c522a", "score": 25.861760289385707}
{"docno": "S9f5ade2f-A1c9808ca", "score": 25.819562156314714}
{"docno": "Sf48be0a0-A7dd5841c", "score": 25.783540494449888}
{"docno": "Sd082c316-Aadbc9f0e", "score": 25.722941180699863}
{"docno": "S823ab1d2-A3a0bdbbe", "score": 25.721421500268633}
{"docno": "S88b57bbb-Ae6f4dd19", "score": 25.69541442116452}
{"docno": "S4cf9e3c5-A143aa2d3", "score": 25.681090715742627}
{"docno": "S69d5e356-Aae47e14", "score": 25.680269766877036}
{"docno": "Scd8abfbd-A6f67e85c", "score": 25.67391259012866}
{"docno": "Scd8abfdc-A6f67e85c", "score": 25.67391259012866}
{"docno": "S88b57bbb-A48f9c13d", "score": 25.67133572457248}
{"docno": "S2bb12d9b-A6c8b0d68", "score": 25.664457762333555}
{"docno": "S1c270f65-Ac87fc5f0", "score": 25.624569180574305}
{"docno": "Sc1e8634f-Acc76a20a", "score": 25.585360607230577}
{"docno": "S2d0f2532-A8b0c0314", "score": 25.554588064872817}
{"docno": "Sbd5f8f32-Aa48b4e5b", "score": 25.390356258816727}
{"docno": "Sc7a8d000-A6593ad3d", "score": 25.33005630309401}
{"docno": "Sc1e8634f-A9c65572f", "score": 25.30093497303281}
{"docno": "S5e48a4d6-Ae7bd9181", "score": 25.24165279957458}
{"docno": "S3dfdaea9-A2b4a22d6", "score": 25.187762084603673}
{"docno": "Sfe00ca55-A4be60779", "score": 25.126862319589527}
{"docno": "Scd8abfbd-A35194a66", "score": 25.123341271032803}
{"docno": "Scd8abfdc-A35194a66", "score": 25.123341271032803}
{"docno": "S59e1a9d3-A2f9efde9", "score": 25.084544487146726}
{"docno": "Sd0461c26-Af43a3cba", "score": 25.07137439637571}
{"docno": "S16286dc2-Aec92f84f", "score": 24.992824000963303}
{"docno": "S46817e30-A8d342f9d", "score": 24.992398945075205}
{"docno": "Sc6b8da5a-A4600cb62", "score": 24.989051676304662}
{"docno": "S68a8a87-A204817cb", "score": 24.96679047264292}
{"docno": "Sdee26282-Abccd697d", "score": 24.94533239483416}
{"docno": "Sd0461c26-Aedbc09a1", "score": 24.94150511364749}
{"docno": "S2cf2c469-Ac3a55f31", "score": 24.851140300749165}
{"docno": "S2cf2c469-Add973f8b", "score": 24.847807861858826}
{"docno": "Sbdce9337-A1f6b6c43", "score": 24.793447718289613}
{"docno": "Sa6458ad5-A54360c15", "score": 24.767149394784113}
{"docno": "S54ca684b-Af5bade33", "score": 24.754639650522016}
{"docno": "S67bd18e2-A662dd61b", "score": 24.729202424960143}
{"docno": "Sc1e8634f-A16ff5b44", "score": 24.72394828279735}
{"docno": "Sed2ba9d8-A4d940cba", "score": 24.666495246002032}
{"docno": "Sd082c316-A67b3c561", "score": 24.624551801939827}
{"docno": "Sf238c9cb-Ae98f63e0", "score": 24.451401498548904}
{"docno": "Sf48be0a0-Adfeef37d", "score": 24.418370665669244}
{"docno": "Sccb9674d-A35951bd0", "score": 24.417918828188448}
{"docno": "S403d99e5-Abbbc75b5", "score": 24.38957286983191}
{"type": "toggleArgument", "timestamp": "2025-06-26T11:30:02.136Z", "sessionID": "e80a0012-73e1-4c63-a804-c858b39d172f", "rank": "1", "doc": "S9f5ade2f-A89216550", "action": "expand", "doclen": 1040, "score": 27.63429158198178}
{"type": "toggleArgument", "timestamp": "2025-06-26T11:30:09.624Z", "sessionID": "e80a0012-73e1-4c63-a804-c858b39d172f", "rank": "1", "doc": "S9f5ade2f-A89216550", "action": "reduce", "doclen": 1040, "score": 27.63429158198178}
{"type": "StanceClicked", "timestamp": "2025-06-26T11:30:11.015Z", "sessionID": "e80a0012-73e1-4c63-a804-c858b39d172f", "rank": "1", "stance": "pro", "action": "chooseStance", "doc": "S9f5ade2f-A89216550", "doclen": 1040, "score": 27.63429158198178}
{"type": "toggleArgument", "timestamp": "2025-06-26T11:30:39.800Z", "sessionID": "e80a0012-73e1-4c63-a804-c858b39d172f", "rank": "2", "doc": "Sd0461c26-A1d80c53d", "action": "expand", "doclen": 1626, "score": 20.082104051129782}
{"type": "toggleArgument", "timestamp": "2025-06-26T11:30:41.328Z", "sessionID": "e80a0012-73e1-4c63-a804-c858b39d172f", "rank": "2", "doc": "Sd0461c26-A1d80c53d", "action": "reduce", "doclen": 1626, "score": 20.082104051129782}
{"type": "toggleArgument", "timestamp": "2025-06-26T11:30:53.335Z", "sessionID": "e80a0012-73e1-4c63-a804-c858b39d172f", "rank": "2", "doc": "Sd0461c26-A1d80c53d", "action": "expand", "doclen": 1626, "score": 20.082104051129782}
{"type": "StanceClicked", "timestamp": "2025-06-26T11:31:03.024Z", "sessionID": "e80a0012-73e1-4c63-a804-c858b39d172f", "rank": "2", "stance": "pro", "action": "chooseStance", "doc": "Sd0461c26-A1d80c53d", "doclen": 1626, "score": 20.082104051129782}
{"type": "toggleArgument", "timestamp": "2025-06-26T11:31:14.111Z", "sessionID": "e80a0012-73e1-4c63-a804-c858b39d172f", "rank": "3", "doc": "S3dfdaea9-Ae5471e32", "action": "expand", "doclen": 429, "score": 20.403256125919683}
{"type": "StanceClicked", "timestamp": "2025-06-26T11:31:20.544Z", "sessionID": "e80a0012-73e1-4c63-a804-c858b39d172f", "rank": "3", "stance": "pro", "action": "chooseStance", "doc": "S3dfdaea9-Ae5471e32", "doclen": 429, "score": 20.403256125919683}
{"type": "StanceClicked", "timestamp": "2025-06-26T11:31:23.808Z", "sessionID": "e80a0012-73e1-4c63-a804-c858b39d172f", "rank": "3", "stance": "con", "action": "chooseStance", "doc": "S3dfdaea9-Ae5471e32", "doclen": 429, "score": 20.403256125919683}
{"type": "StanceClicked", "timestamp": "2025-06-26T11:31:39.688Z", "sessionID": "e80a0012-73e1-4c63-a804-c858b39d172f", "rank": "3", "stance": "pro", "action": "chooseStance", "doc": "S3dfdaea9-Ae5471e32", "doclen": 429, "score": 20.403256125919683}
{"type": "StanceClicked", "timestamp": "2025-06-26T11:31:40.312Z", "sessionID": "e80a0012-73e1-4c63-a804-c858b39d172f", "rank": "2", "stance": "con", "action": "chooseStance", "doc": "Sd0461c26-A1d80c53d", "doclen": 1626, "score": 20.082104051129782}
{"type": "StanceClicked", "timestamp": "2025-06-26T11:31:41.368Z", "sessionID": "e80a0012-73e1-4c63-a804-c858b39d172f", "rank": "1", "stance": "con", "action": "chooseStance", "doc": "S9f5ade2f-A89216550", "doclen": 1040, "score": 27.63429158198178}
{"type": "StanceClicked", "timestamp": "2025-06-26T11:31:53.376Z", "sessionID": "e80a0012-73e1-4c63-a804-c858b39d172f", "rank": "4", "stance": "con", "action": "chooseStance", "doc": "S9f5ade2f-A1671de9e", "doclen": 770, "score": 24.741097455916687}
{"type": "StanceClicked", "timestamp": "2025-06-26T11:32:15.504Z", "sessionID": "e80a0012-73e1-4c63-a804-c858b39d172f", "rank": "4", "stance": "con", "action": "removeStance", "doc": "S9f5ade2f-A1671de9e", "doclen": 770, "score": 24.741097455916687}
{"type": "StanceClicked", "timestamp": "2025-06-26T11:32:16.112Z", "sessionID": "e80a0012-73e1-4c63-a804-c858b39d172f", "rank": "4", "stance": "con", "action": "chooseStance", "doc": "S9f5ade2f-A1671de9e", "doclen": 770, "score": 24.741097455916687}
{"type": "toggleArgument", "timestamp": "2025-06-26T11:32:25.975Z", "sessionID": "e80a0012-73e1-4c63-a804-c858b39d172f", "rank": "5", "doc": "Scd8abfbd-Ad6acf87f", "action": "expand", "doclen": 1433, "score": 22.842628859941506}
{"type": "StanceClicked", "timestamp": "2025-06-26T11:32:39.744Z", "sessionID": "e80a0012-73e1-4c63-a804-c858b39d172f", "rank": "5", "stance": "con", "action": "chooseStance", "doc": "Scd8abfbd-Ad6acf87f", "doclen": 1433, "score": 22.842628859941506}
{"type": "StanceClicked", "timestamp": "2025-06-26T11:33:00.304Z", "sessionID": "e80a0012-73e1-4c63-a804-c858b39d172f", "rank": "5", "stance": "pro", "action": "chooseStance", "doc": "Scd8abfbd-Ad6acf87f", "doclen": 1433, "score": 22.842628859941506}
{"type": "StanceClicked", "timestamp": "2025-06-26T11:33:01.343Z", "sessionID": "e80a0012-73e1-4c63-a804-c858b39d172f", "rank": "4", "stance": "pro", "action": "chooseStance", "doc": "S9f5ade2f-A1671de9e", "doclen": 770, "score": 24.741097455916687}
{"type": "StanceClicked", "timestamp": "2025-06-26T11:33:02.264Z", "sessionID": "e80a0012-73e1-4c63-a804-c858b39d172f", "rank": "2", "stance": "pro", "action": "chooseStance", "doc": "Sd0461c26-A1d80c53d", "doclen": 1626, "score": 20.082104051129782}
{"type": "StanceClicked", "timestamp": "2025-06-26T11:33:03.407Z", "sessionID": "e80a0012-73e1-4c63-a804-c858b39d172f", "rank": "1", "stance": "pro", "action": "chooseStance", "doc": "S9f5ade2f-A89216550", "doclen": 1040, "score": 27.63429158198178}
{"type": "toggleArgument", "timestamp": "2025-06-26T11:33:16.783Z", "sessionID": "e80a0012-73e1-4c63-a804-c858b39d172f", "rank": "6", "doc": "Scd8abfdc-Ab0ce6b77", "action": "expand", "doclen": 1444, "score": 22.842628859941506}
{"type": "StanceClicked", "timestamp": "2025-06-26T11:33:26.600Z", "sessionID": "e80a0012-73e1-4c63-a804-c858b39d172f", "rank": "6", "stance": "pro", "action": "chooseStance", "doc": "Scd8abfdc-Ab0ce6b77", "doclen": 1444, "score": 22.842628859941506}
{"type": "StanceClicked", "timestamp": "2025-06-26T11:33:29.520Z", "sessionID": "e80a0012-73e1-4c63-a804-c858b39d172f", "rank": "7", "stance": "pro", "action": "chooseStance", "doc": "S9e36ecf4-Abff4b0d8", "doclen": 1789, "score": 25.79808338114378}
{"type": "toggleArgument", "timestamp": "2025-06-26T11:33:31.015Z", "sessionID": "e80a0012-73e1-4c63-a804-c858b39d172f", "rank": "7", "doc": "S9e36ecf4-Abff4b0d8", "action": "expand", "doclen": 1789, "score": 25.79808338114378}
{"type": "toggleArgument", "timestamp": "2025-06-26T11:33:53.743Z", "sessionID": "e80a0012-73e1-4c63-a804-c858b39d172f", "rank": "8", "doc": "S8e58c781-Ad7e1287b", "action": "expand", "doclen": 1539, "score": 23.52085828320162}
{"type": "StanceClicked", "timestamp": "2025-06-26T11:34:06.160Z", "sessionID": "e80a0012-73e1-4c63-a804-c858b39d172f", "rank": "8", "stance": "pro", "action": "chooseStance", "doc": "S8e58c781-Ad7e1287b", "doclen": 1539, "score": 23.52085828320162}
{"type": "toggleArgument", "timestamp": "2025-06-26T11:34:19.575Z", "sessionID": "e80a0012-73e1-4c63-a804-c858b39d172f", "rank": "9", "doc": "Sf44bcd7f-A5317de4e", "action": "expand", "doclen": 949, "score": 26.607770047785763}
{"type": "StanceClicked", "timestamp": "2025-06-26T11:34:28.184Z", "sessionID": "e80a0012-73e1-4c63-a804-c858b39d172f", "rank": "9", "stance": "con", "action": "chooseStance", "doc": "Sf44bcd7f-A5317de4e", "doclen": 949, "score": 26.607770047785763}
{"type": "toggleArgument", "timestamp": "2025-06-26T11:34:41.727Z", "sessionID": "e80a0012-73e1-4c63-a804-c858b39d172f", "rank": "10", "doc": "S68a8a87-Ae24dc113", "action": "expand", "doclen": 1696, "score": 13.656628976536444}
{"type": "StanceClicked", "timestamp": "2025-06-26T11:34:48.296Z", "sessionID": "e80a0012-73e1-4c63-a804-c858b39d172f", "rank": "10", "stance": "con", "action": "chooseStance", "doc": "S68a8a87-Ae24dc113", "doclen": 1696, "score": 13.656628976536444}
{"type": "pageNavigationClicked", "timestamp": "2025-06-26T11:34:49.479Z", "sessionID": "e80a0012-73e1-4c63-a804-c858b39d172f", "clicked": "2", "fromPage": 1, "toPage": 2}
{"type": "queryBoxFocused", "timestamp": "2025-06-26T11:35:05.860Z", "sessionID": "e80a0012-73e1-4c63-a804-c858b39d172f"}
{"type": "querySubmitted", "timestamp": "2025-06-26T11:35:25.832Z", "sessionID": "e80a0012-73e1-4c63-a804-c858b39d172f", "query": "Immigration AND  citizenship AND legal"}
{"docno": "S3cdc63cb-A549d684", "score": 34.400823229923155}
{"docno": "S46817eac-A3f3f318d", "score": 32.06365725182708}
{"docno": "Sed2ba9d8-A1f6f7e0", "score": 31.841513541438474}
{"docno": "Sf40414eb-Ad2472713", "score": 31.25853860482346}
{"docno": "Sf44bcd7f-A5317de4e", "score": 31.242836251835058}
{"docno": "S46817eac-A135e1957", "score": 31.242250321999002}
{"docno": "Sc1e8634f-A9c65572f", "score": 30.734704928663245}
{"docno": "S2cf2c469-A164a5119", "score": 30.56400700257064}
{"docno": "Sb6b0ac06-Aea2c3e31", "score": 30.078934579806802}
{"docno": "Sba4cec04-A7cc172b9", "score": 29.916319814487693}
{"docno": "S46817eac-A93b42692", "score": 29.63858698602644}
{"docno": "S9e36ecf4-Abff4b0d8", "score": 29.476876981446377}
{"docno": "Sf84eab7b-Afe39313c", "score": 29.382918822020812}
{"docno": "S4cf9e3c5-Aa0064ba9", "score": 29.088990684375485}
{"docno": "S68a8a68-Af250392d", "score": 28.701317420088806}
{"docno": "Scd8abfbd-A72b5d293", "score": 28.627697618910148}
{"docno": "Scd8abfdc-Ad2c1d2a3", "score": 28.627697618910148}
{"docno": "S8e58c781-A89b46335", "score": 28.5416708578554}
{"docno": "Sdee26282-A2d6f902d", "score": 28.483488726461182}
{"docno": "S4cf9e3c5-A497bccc6", "score": 28.091406967249107}
{"docno": "S68a8a68-Aa2c09f4b", "score": 28.07694064641053}
{"docno": "S4cf9e3c5-A8dfd2a7b", "score": 27.44396689291704}
{"docno": "Sed2ba9d8-Abd43ab42", "score": 27.413961293463935}
{"docno": "Sce123bc7-A9725d9ab", "score": 26.832885762585175}
{"docno": "Se770fced-A722833f5", "score": 26.83019510957273}
{"docno": "S3fc36285-Aea86b5b4", "score": 26.80423685159554}
{"docno": "S403d99e5-Aaa034c8f", "score": 26.525575551921207}
{"docno": "S2cf2c469-Add973f8b", "score": 26.120191421777264}
{"docno": "S26411aee-Af3a87153", "score": 25.97959655824222}
{"docno": "Sed2ba9d8-A5d80cca9", "score": 25.917698769211555}
{"docno": "S4cf9e3c5-A1a33d20", "score": 25.735684808320702}
{"docno": "S4cf9e3c5-Aa202d501", "score": 25.733548157867126}
{"docno": "S152a53f-Ad19089f9", "score": 25.62339742140248}
{"docno": "Sed2ba9d8-Ac4bad762", "score": 25.564495385152938}
{"docno": "Sa6458ad5-A54360c15", "score": 25.520250695195863}
{"docno": "S4cf9e3c5-Ad0c9c715", "score": 25.45480739262591}
{"docno": "S9a95d91-Adfa96f51", "score": 25.34946240560954}
{"docno": "S403d99e5-A222a8af2", "score": 25.34605664164832}
{"docno": "S3cdc63cb-Aea969171", "score": 25.214734162320358}
{"docno": "S4cf9e3c5-Afb45290b", "score": 25.12026069331674}
{"docno": "Sdd869c53-A2a264ef3", "score": 25.0934559289015}
{"docno": "Seb83b1d7-Ac9b5b431", "score": 25.036890991832475}
{"docno": "S45ac225-A8d6e3850", "score": 24.972354046427647}
{"docno": "S397892cd-Afdd386a3", "score": 24.97009886327519}
{"docno": "S1e41d536-A1f11f0ab", "score": 24.920448813156437}
{"docno": "S12a78a66-A375f35b9", "score": 24.877284946230176}
{"docno": "Sed2ba9d8-A7f806408", "score": 24.799801513512868}
{"docno": "S6335cfff-A84ec0446", "score": 24.726973285026943}
{"docno": "S8b340e19-A4a9a0878", "score": 24.725730903209783}
{"docno": "S93bfd17d-A28c9a1be", "score": 24.51754234674397}
{"docno": "Sa6458ad5-Afe1974e9", "score": 24.47042934349485}
{"docno": "S4cf9e3c5-A861bbd7f", "score": 24.40756707191837}
{"docno": "S46817eac-Aaf1c3d8e", "score": 24.29805437909704}
{"docno": "S152a53f-Ac8f8621d", "score": 24.22405887761424}
{"docno": "Sdee26282-Abccd697d", "score": 24.195924329023345}
{"docno": "S59ad9eee-A526df2a1", "score": 24.15136592571049}
{"docno": "Sdd869c53-A965e5001", "score": 24.1013539187431}
{"docno": "Sed2ba9d8-A4d940cba", "score": 24.01669377830598}
{"docno": "S8e58c781-Aacefdde3", "score": 23.982381527200445}
{"docno": "S3cdc63cb-A32e68486", "score": 23.90640467203546}
{"docno": "Sed2ba9d8-Acb46cf2b", "score": 23.76153479711895}
{"docno": "Sed2ba9d8-A70cefb87", "score": 23.692716283049073}
{"docno": "S32ee7a8e-A5d5371a6", "score": 23.64801834763522}
{"docno": "Sed2ba9d8-A883c1809", "score": 23.5587862177995}
{"docno": "S54ed30b6-Af571903", "score": 23.536577484369023}
{"docno": "S59ad9eee-A5bb8a8b3", "score": 23.43459907169425}
{"docno": "S34c71db7-A9ed06247", "score": 23.29403204575599}
{"docno": "S82e2c442-A97f21048", "score": 23.205216049266305}
{"docno": "S403d99e5-Ae059fedd", "score": 23.183920224137214}
{"docno": "Scac6bfdf-Aad6124c7", "score": 23.14883373115132}
{"docno": "Scac6bfdf-Af8c601ac", "score": 23.056480640290058}
{"docno": "S1f1ca537-A7ff43bb9", "score": 22.975459777854606}
{"docno": "Sed2ba9d8-A6b8b50ff", "score": 22.917330695105125}
{"docno": "S8e58c781-Ad7e1287b", "score": 22.912332493657484}
{"docno": "Sf17d1307-A4f7e25bd", "score": 22.903161479127}
{"docno": "Scd8abfbd-Ad6acf87f", "score": 22.874990427634344}
{"docno": "Scd8abfdc-Ab0ce6b77", "score": 22.874990427634344}
{"docno": "Scd8abfbd-Ac13c980f", "score": 22.717709919515023}
{"docno": "Scd8abfdc-A4c8de52d", "score": 22.717709919515023}
{"docno": "Seb83b1d7-A8ac15019", "score": 22.71182246310208}
{"docno": "Sed2ba9d8-A6cdce8a8", "score": 22.71182246310208}
{"docno": "Sdd869c53-Acd9beae0", "score": 22.650766815922896}
{"docno": "Sf17d1307-A2bc706b2", "score": 22.650766815922896}
{"docno": "S4cf9e3c5-A143aa2d3", "score": 22.625044059686623}
{"docno": "Sed2ba9d8-A86e15559", "score": 22.611683917317496}
{"docno": "S7eba7db9-A3c8157f7", "score": 22.572393220275835}
{"docno": "S9dc4ffdd-A2c06c8bb", "score": 22.504003407361722}
{"docno": "Sed2ba9d8-A9c7f725f", "score": 22.45841519981781}
{"docno": "S40f44a1b-A21b49fc9", "score": 22.38582026783232}
{"docno": "S6340764-A41b082e0", "score": 22.333351769283684}
{"docno": "Scac6bf82-Ab51ed0a7", "score": 22.304134371639464}
{"docno": "Sc33557a8-A7b577cf3", "score": 22.29882502657371}
{"docno": "S52228028-Ac5153b15", "score": 22.283589818547796}
{"docno": "S8f749fc0-A8ea6ffe6", "score": 22.123416332583897}
{"docno": "S4cf9e3c5-A11f4623b", "score": 22.123416332583897}
{"docno": "S8b340e19-A9ae2e5be", "score": 22.122803017803104}
{"docno": "S8d3ad28a-A6b8837b6", "score": 22.111024242945057}
{"docno": "Sed2ba9d8-A1024f534", "score": 22.106625943502912}
{"docno": "S45ac225-Aab0b88a0", "score": 22.101386521558908}
{"docno": "Sf48be0a0-A7dd5841c", "score": 22.04904634090372}
{"type": "toggleArgument", "timestamp": "2025-06-26T11:35:39.415Z", "sessionID": "e80a0012-73e1-4c63-a804-c858b39d172f", "rank": "1", "doc": "S3cdc63cb-A549d684", "action": "expand", "doclen": 298, "score": 27.657191881750215}
{"type": "StanceClicked", "timestamp": "2025-06-26T11:35:42.384Z", "sessionID": "e80a0012-73e1-4c63-a804-c858b39d172f", "rank": "1", "stance": "con", "action": "chooseStance", "doc": "S3cdc63cb-A549d684", "doclen": 298, "score": 27.657191881750215}
{"type": "toggleArgument", "timestamp": "2025-06-26T11:35:49.375Z", "sessionID": "e80a0012-73e1-4c63-a804-c858b39d172f", "rank": "2", "doc": "S46817eac-A3f3f318d", "action": "expand", "doclen": 421, "score": 32.06365725182708}
{"type": "StanceClicked", "timestamp": "2025-06-26T11:35:59.352Z", "sessionID": "e80a0012-73e1-4c63-a804-c858b39d172f", "rank": "2", "stance": "con", "action": "chooseStance", "doc": "S46817eac-A3f3f318d", "doclen": 421, "score": 32.06365725182708}
{"type": "toggleArgument", "timestamp": "2025-06-26T11:36:09.215Z", "sessionID": "e80a0012-73e1-4c63-a804-c858b39d172f", "rank": "3", "doc": "Sed2ba9d8-A1f6f7e0", "action": "expand", "doclen": 635, "score": 31.841513541438474}
{"type": "StanceClicked", "timestamp": "2025-06-26T11:36:39.032Z", "sessionID": "e80a0012-73e1-4c63-a804-c858b39d172f", "rank": "3", "stance": "pro", "action": "chooseStance", "doc": "Sed2ba9d8-A1f6f7e0", "doclen": 635, "score": 31.841513541438474}
{"type": "queryBoxFocused", "timestamp": "2025-06-26T11:36:43.937Z", "sessionID": "e80a0012-73e1-4c63-a804-c858b39d172f"}
{"type": "querySubmitted", "timestamp": "2025-06-26T11:37:05.592Z", "sessionID": "e80a0012-73e1-4c63-a804-c858b39d172f", "query": "Immigration AND  citizenship AND statistic"}
{"docno": "S3cdc63cb-A549d684", "score": 26.958506876266526}
{"docno": "Sba4cec04-A7cc172b9", "score": 26.92851625523022}
{"docno": "S3fc36285-Aea86b5b4", "score": 26.80423685159554}
{"docno": "Sed2ba9d8-A5d80cca9", "score": 25.917698769211555}
{"docno": "Scd8abfbd-A72b5d293", "score": 25.788245967699726}
{"docno": "Scd8abfdc-Ad2c1d2a3", "score": 25.788245967699726}
{"docno": "S152a53f-Ad19089f9", "score": 25.62339742140248}
{"docno": "Sed2ba9d8-A1f6f7e0", "score": 25.568003021017304}
{"docno": "Sed2ba9d8-Ac4bad762", "score": 25.564495385152938}
{"docno": "S4cf9e3c5-Ad0c9c715", "score": 25.45480739262591}
{"docno": "Sb6b0ac06-Aea2c3e31", "score": 25.42654630506714}
{"docno": "S403d99e5-A222a8af2", "score": 25.34605664164832}
{"docno": "Sf40414eb-Ad2472713", "score": 25.24078764322524}
{"docno": "S4cf9e3c5-Afb45290b", "score": 25.12026069331674}
{"docno": "Sdd869c53-A2a264ef3", "score": 25.0934559289015}
{"docno": "S45ac225-A8d6e3850", "score": 24.972354046427647}
{"docno": "S8e58c781-A89b46335", "score": 24.966950759348627}
{"docno": "S46817eac-A3f3f318d", "score": 24.94482763687494}
{"docno": "Sb6b0ac06-A8cca0655", "score": 24.94039707656831}
{"docno": "S2cf2c469-A164a5119", "score": 24.778076895114197}
{"docno": "S9e36ecf4-Abff4b0d8", "score": 24.574253789922583}
{"docno": "S93bfd17d-A28c9a1be", "score": 24.51754234674397}
{"docno": "S1e41d536-A1f11f0ab", "score": 24.516862946033275}
{"docno": "Sc1e8634f-A9c65572f", "score": 24.43707160595856}
{"docno": "S4cf9e3c5-A861bbd7f", "score": 24.40756707191837}
{"docno": "S68a8a68-Af250392d", "score": 24.300541244846855}
{"docno": "S46817eac-Aaf1c3d8e", "score": 24.29805437909704}
{"docno": "Sf44bcd7f-A5317de4e", "score": 24.284353835376955}
{"docno": "S152a53f-Ac8f8621d", "score": 24.22405887761424}
{"docno": "Sdee26282-Abccd697d", "score": 24.195924329023345}
{"docno": "Scd8abfbd-Ad6acf87f", "score": 24.14779977392652}
{"docno": "Scd8abfdc-Ab0ce6b77", "score": 24.14779977392652}
{"docno": "Sed2ba9d8-A4d940cba", "score": 24.01669377830598}
{"docno": "S8e58c781-Aacefdde3", "score": 23.982381527200445}
{"docno": "S3cdc63cb-A32e68486", "score": 23.90640467203546}
{"docno": "S68a8a68-Aa2c09f4b", "score": 23.83571153152343}
{"docno": "S4cf9e3c5-Aa0064ba9", "score": 23.774245530062174}
{"docno": "Sed2ba9d8-Acb46cf2b", "score": 23.76153479711895}
{"docno": "S46817eac-A135e1957", "score": 23.73057969495274}
{"docno": "Seb83b1d7-Ac9b5b431", "score": 23.602040747006896}
{"docno": "S8d3ad28a-A6b8837b6", "score": 23.558926147549357}
{"docno": "Sed2ba9d8-A883c1809", "score": 23.5587862177995}
{"docno": "S34c71db7-A9ed06247", "score": 23.29403204575599}
{"docno": "Sdee26282-A2d6f902d", "score": 23.167095831161774}
{"docno": "Scac6bfdf-Aad6124c7", "score": 23.14883373115132}
{"docno": "S46817eac-A93b42692", "score": 22.928105059426287}
{"docno": "Sed2ba9d8-A6b8b50ff", "score": 22.917330695105125}
{"docno": "Sf17d1307-A4f7e25bd", "score": 22.903161479127}
{"docno": "Sed2ba9d8-Abd43ab42", "score": 22.763255394461954}
{"docno": "Scd8abfbd-Ac13c980f", "score": 22.717709919515023}
{"docno": "Scd8abfdc-A4c8de52d", "score": 22.717709919515023}
{"docno": "Seb83b1d7-A8ac15019", "score": 22.71182246310208}
{"docno": "Sed2ba9d8-A6cdce8a8", "score": 22.71182246310208}
{"docno": "Sdd869c53-Acd9beae0", "score": 22.650766815922896}
{"docno": "Sf17d1307-A2bc706b2", "score": 22.650766815922896}
{"docno": "S4cf9e3c5-A143aa2d3", "score": 22.625044059686623}
{"docno": "Sed2ba9d8-A86e15559", "score": 22.611683917317496}
{"docno": "S4cf9e3c5-A8dfd2a7b", "score": 22.542744972971516}
{"docno": "S9dc4ffdd-A2c06c8bb", "score": 22.504003407361722}
{"docno": "Sed2ba9d8-A9c7f725f", "score": 22.45841519981781}
{"docno": "S6340764-A41b082e0", "score": 22.333351769283684}
{"docno": "Scac6bf82-Ab51ed0a7", "score": 22.304134371639464}
{"docno": "Sf84eab7b-Afe39313c", "score": 22.304134371639464}
{"docno": "Sc33557a8-A7b577cf3", "score": 22.29882502657371}
{"docno": "S8f749fc0-A8ea6ffe6", "score": 22.123416332583897}
{"docno": "S4cf9e3c5-A11f4623b", "score": 22.123416332583897}
{"docno": "S8b340e19-A9ae2e5be", "score": 22.122803017803104}
{"docno": "Sed2ba9d8-A1024f534", "score": 22.106625943502912}
{"docno": "Sf48be0a0-A7dd5841c", "score": 22.04904634090372}
{"docno": "Sfceeb70-Adbdcd8fc", "score": 22.029067414895252}
{"docno": "Scd8abfdc-A9bd28429", "score": 22.017152393788443}
{"docno": "S419baef6-Ab25b7d95", "score": 21.894701093725832}
{"docno": "S9dc4ffdd-Adb4573bf", "score": 21.805916947273516}
{"docno": "S1e41d536-A47ca6137", "score": 21.742124053633795}
{"docno": "Sc1e8634f-A16ff5b44", "score": 21.648741189523005}
{"docno": "S4cf9e3c5-Ac9b6cf91", "score": 21.57396081305402}
{"docno": "S557d3b7c-A51e525b0", "score": 21.489964236325953}
{"docno": "S2a4abfb9-A32259c72", "score": 21.482531942304504}
{"docno": "Sed2ba9d8-A1b44c8b0", "score": 21.482531942304504}
{"docno": "S4cf9e3c5-A497bccc6", "score": 21.287107530906226}
{"docno": "S403d99e5-Aaa034c8f", "score": 21.28492196318635}
{"docno": "Sed2ba9d8-A7f806408", "score": 21.145317236628138}
{"docno": "Sc727fa75-Af21d165a", "score": 21.041132982355162}
{"docno": "Se770fced-A722833f5", "score": 21.025717742819396}
{"docno": "Sc3355789-A31b1d3c6", "score": 20.97432688947638}
{"docno": "S2cf2c469-Add973f8b", "score": 20.97249199840424}
{"docno": "Sce123bc7-A9725d9ab", "score": 20.95633300746245}
{"docno": "S59ad9eee-A526df2a1", "score": 20.94101200370053}
{"docno": "S26411aee-Af3a87153", "score": 20.86405406844}
{"docno": "Sf238c9cb-Afa59aa54", "score": 20.83470664823004}
{"docno": "Sc2876a88-Ade139744", "score": 20.78506467353622}
{"docno": "Sed2ba9d8-A365243ed", "score": 20.75530637834827}
{"docno": "Sed2ba9d8-A30ab3286", "score": 20.678271807914335}
{"docno": "S44faa354-A6b672e82", "score": 20.583400622937347}
{"docno": "Sdd869c53-A965e5001", "score": 20.55757299005747}
{"docno": "Seb83b1d7-A16b81a4b", "score": 20.493435127124094}
{"docno": "Sd82d8130-A5f2ed8d7", "score": 20.489659830897015}
{"docno": "S2862c133-A1b9499f", "score": 20.461455092691942}
{"docno": "Sc1e8634f-A2ec49dc3", "score": 20.379961888239926}
{"docno": "S37620e1a-Aea5662a4", "score": 20.30459840742871}
{"type": "queryBoxFocused", "timestamp": "2025-06-26T11:37:35.389Z", "sessionID": "e80a0012-73e1-4c63-a804-c858b39d172f"}
{"type": "queryBoxFocused", "timestamp": "2025-06-26T11:38:01.464Z", "sessionID": "e80a0012-73e1-4c63-a804-c858b39d172f"}
{"type": "querySubmitted", "timestamp": "2025-06-26T11:38:09.650Z", "sessionID": "e80a0012-73e1-4c63-a804-c858b39d172f", "query": "Immigra* AND Citizenship AND Statistics"}
{"docno": "Sb6b0ac06-A8cca0655", "score": 20.332941462439738}
{"docno": "Sdd869c53-A2a264ef3", "score": 16.62005923584247}
{"docno": "S93bfd17d-A28c9a1be", "score": 16.60931359118432}
{"docno": "Sdd869c53-Aa728d4b3", "score": 16.485387666631087}
{"docno": "S3fc36285-Aea86b5b4", "score": 16.37470045593429}
{"docno": "Sed2ba9d8-A5d80cca9", "score": 16.18004071567776}
{"docno": "S3993da7b-A5ed41728", "score": 16.145610204824965}
{"docno": "Sf9dc364b-A7f65f405", "score": 16.12832741359668}
{"docno": "S46817eac-A3f3f318d", "score": 16.11893205841486}
{"docno": "Sed2ba9d8-A9b699717", "score": 15.841733236249135}
{"docno": "Sed2ba9d8-A6843e7fe", "score": 15.722220125860355}
{"docno": "Sed2ba9d8-A6b8b50ff", "score": 15.663137252050957}
{"docno": "Sed2ba9d8-Abd43ab42", "score": 15.591458260200957}
{"docno": "S4cf9e3c5-Aa0064ba9", "score": 15.57844151776992}
{"docno": "Sed2ba9d8-Aa32f8b11", "score": 15.555864220299389}
{"docno": "S4cf9e3c5-Afb45290b", "score": 15.555864220299389}
{"docno": "Sed2ba9d8-A7dfbf84a", "score": 15.531097914842846}
{"docno": "Sed2ba9d8-A86e15559", "score": 15.520432326866928}
{"docno": "Sed2ba9d8-A7f806408", "score": 15.509781377482936}
{"docno": "S3cdc63cb-A549d684", "score": 15.481801133838838}
{"docno": "Sed2ba9d8-Adc3d597a", "score": 15.34236663643759}
{"docno": "Sfceeb70-Adbdcd8fc", "score": 15.242683874947645}
{"docno": "Seb83b1d7-Ac9b5b431", "score": 15.026573707392256}
{"docno": "Sed2ba9d8-A5e772be1", "score": 15.004526643974858}
{"docno": "S4cf9e3c5-A8dfd2a7b", "score": 14.984630122624687}
{"docno": "Sba4cec04-A7cc172b9", "score": 14.980752401214627}
{"docno": "S93bfd17d-Adf1a8c60", "score": 14.974701636445431}
{"docno": "Sdee26282-A2d6f902d", "score": 14.968750857488866}
{"docno": "Sed2ba9d8-Acb46cf2b", "score": 14.873520259072404}
{"docno": "Sfceeb70-Aca07fc2d", "score": 14.81092076404142}
{"docno": "Sed2ba9d8-A1024f534", "score": 14.768120895322385}
{"docno": "Sc1e8634f-A9c65572f", "score": 14.725567675750407}
{"docno": "Sed2ba9d8-A1f6f7e0", "score": 14.683258979348935}
{"docno": "Sed2ba9d8-Ac4bad762", "score": 14.681244605142261}
{"docno": "Sc1e8634f-A49f883e8", "score": 14.641192704504373}
{"docno": "S4cf9e3c5-Ad0c9c715", "score": 14.618252700773533}
{"docno": "Sb6b0ac06-Aea2c3e31", "score": 14.602022850232514}
{"docno": "S403d99e5-A222a8af2", "score": 14.555799037908663}
{"docno": "Sc1e8634f-Afca438c3", "score": 14.493876747296406}
{"docno": "Sf17d1307-A4f7e25bd", "score": 14.43247907608118}
{"docno": "Scbe4c6f1-A2b67cce3", "score": 14.411557970556325}
{"docno": "S34c71db7-A9bcd1ad", "score": 14.37159938534812}
{"docno": "S1e41d536-A3e69cca5", "score": 14.37159938534812}
{"docno": "S152a53f-Ad19089f9", "score": 14.27317005652754}
{"docno": "Sed2ba9d8-Acebe4cda", "score": 14.251367945074339}
{"docno": "Sfceeb70-A2b6b4b1c", "score": 14.193885813809743}
{"docno": "Sc33557a8-A7b577cf3", "score": 14.117339618700118}
{"docno": "S7f980df5-A32b9864d", "score": 14.077523192891059}
{"docno": "Sed2ba9d8-A365243ed", "score": 14.076597325557284}
{"docno": "S5609f55e-A37d0c328", "score": 14.059084204677452}
{"docno": "Sa310c01d-Aea90a27f", "score": 14.037930731239662}
{"docno": "S9dc4ffdd-Ad0573e7", "score": 14.019595247439984}
{"docno": "S4cf9e3c5-A861bbd7f", "score": 14.01684081772873}
{"docno": "Sdd869c53-Acd9beae0", "score": 13.962688595357543}
{"docno": "Sf17d1307-A2bc706b2", "score": 13.962688595357543}
{"docno": "S46817eac-Aaf1c3d8e", "score": 13.953949584928903}
{"docno": "Sfceeb70-Afc22adfb", "score": 13.923195076765621}
{"docno": "Sfceeb70-A753c2bf1", "score": 13.810319746000037}
{"docno": "S34c71db7-A9ed06247", "score": 13.7819478654798}
{"docno": "S4cf9e3c5-Ac9b6cf91", "score": 13.734317927470478}
{"docno": "S3cdc63cb-A32e68486", "score": 13.729031977040474}
{"docno": "Sdee26282-Abccd697d", "score": 13.584127387196574}
{"docno": "Sdee26282-Aaa44191c", "score": 13.511250049266724}
{"docno": "Sdee26282-Ac8fa8447", "score": 13.511250049266724}
{"docno": "S1e41d536-A1f11f0ab", "score": 13.453283528036549}
{"docno": "Sc3355789-A31b1d3c6", "score": 13.413330585994615}
{"docno": "Sfceeb70-A47e1c2fc", "score": 13.41164956303964}
{"docno": "Sdd869c53-Ac58cbd62", "score": 13.306884859036547}
{"docno": "S593d1e2e-A52eaa3c1", "score": 13.300269526944934}
{"docno": "S387cff7b-Af1e7e1d3", "score": 13.300269526944934}
{"docno": "S45ac225-A8d6e3850", "score": 13.253472291592507}
{"docno": "Sed2ba9d8-A30ab3286", "score": 13.253472291592507}
{"docno": "S34c71db7-A64938f7e", "score": 13.197230996876675}
{"docno": "S7f980df5-A2492191c", "score": 13.197230996876675}
{"docno": "Scd8abfbd-A72b5d293", "score": 13.175838588686275}
{"docno": "Scd8abfdc-Ad2c1d2a3", "score": 13.175838588686275}
{"docno": "Sd82d8130-A5f2ed8d7", "score": 13.151154782716489}
{"docno": "S93bfd17d-A2521b800", "score": 13.137480054873214}
{"docno": "Sed2ba9d8-A4d940cba", "score": 13.100586172750717}
{"docno": "S37620e1a-Aea5662a4", "score": 13.050404964374541}
{"docno": "S8d3ad28a-A6b8837b6", "score": 13.014291714368753}
{"docno": "S593d1e2e-A4131c9c", "score": 13.000606722801917}
{"docno": "Se36c15f5-A193bb675", "score": 12.995870358880001}
{"docno": "S1246b58c-A4d62498b", "score": 12.9511870806792}
{"docno": "S55472afc-A447c4818", "score": 12.903697454529723}
{"docno": "Sed2ba9d8-A9c7f725f", "score": 12.897476833587719}
{"docno": "Sdee26282-Acfc43e16", "score": 12.853466454898964}
{"docno": "Sf44bcd7f-A5317de4e", "score": 12.805157062348622}
{"docno": "Sfa0482cc-A1499f09e", "score": 12.800562014682459}
{"docno": "S983650a3-Ae21b8e6", "score": 12.757209449050405}
{"docno": "S8f749fc0-A8ea6ffe6", "score": 12.705092816684221}
{"docno": "S9acf5a44-A91db837f", "score": 12.705092816684221}
{"docno": "Sed2ba9d8-Aa0a7fdb0", "score": 12.705092816684221}
{"docno": "Sed2ba9d8-Af9aebb61", "score": 12.705092816684221}
{"docno": "S4cf9e3c5-A11f4623b", "score": 12.705092816684221}
{"docno": "S1e41d536-A47ca6137", "score": 12.690272610696317}
{"docno": "S8e58c781-A89b46335", "score": 12.679591896838271}
{"docno": "S4df8132d-A2bc4963c", "score": 12.664631206755125}
{"docno": "Sf48be0a0-A7dd5841c", "score": 12.662383425292392}
{"docno": "S4cf9e3c5-Ae5772ea4", "score": 12.662383425292392}
{"type": "toggleArgument", "timestamp": "2025-06-26T11:38:13.547Z", "sessionID": "e80a0012-73e1-4c63-a804-c858b39d172f", "rank": "1", "doc": "Sb6b0ac06-A8cca0655", "action": "expand", "doclen": 2143, "score": 24.94039707656831}
{"type": "StanceClicked", "timestamp": "2025-06-26T11:38:22.868Z", "sessionID": "e80a0012-73e1-4c63-a804-c858b39d172f", "rank": "1", "stance": "pro", "action": "chooseStance", "doc": "Sb6b0ac06-A8cca0655", "doclen": 2143, "score": 24.94039707656831}
{"type": "toggleArgument", "timestamp": "2025-06-26T11:38:31.059Z", "sessionID": "e80a0012-73e1-4c63-a804-c858b39d172f", "rank": "2", "doc": "Sdd869c53-A2a264ef3", "action": "expand", "doclen": 1424, "score": 25.0934559289015}
{"type": "StanceClicked", "timestamp": "2025-06-26T11:38:41.676Z", "sessionID": "e80a0012-73e1-4c63-a804-c858b39d172f", "rank": "2", "stance": "pro", "action": "chooseStance", "doc": "Sdd869c53-A2a264ef3", "doclen": 1424, "score": 25.0934559289015}
{"type": "toggleArgument", "timestamp": "2025-06-26T11:38:46.027Z", "sessionID": "e80a0012-73e1-4c63-a804-c858b39d172f", "rank": "3", "doc": "S93bfd17d-A28c9a1be", "action": "expand", "doclen": 2584, "score": 24.51754234674397}
{"type": "StanceClicked", "timestamp": "2025-06-26T11:38:55.428Z", "sessionID": "e80a0012-73e1-4c63-a804-c858b39d172f", "rank": "3", "stance": "pro", "action": "chooseStance", "doc": "S93bfd17d-A28c9a1be", "doclen": 2584, "score": 24.51754234674397}
{"type": "toggleArgument", "timestamp": "2025-06-26T11:39:06.451Z", "sessionID": "e80a0012-73e1-4c63-a804-c858b39d172f", "rank": "4", "doc": "Sdd869c53-Aa728d4b3", "action": "expand", "doclen": 908, "score": 16.485387666631087}
{"type": "toggleArgument", "timestamp": "2025-06-26T11:39:18.621Z", "sessionID": "e80a0012-73e1-4c63-a804-c858b39d172f", "rank": "6", "doc": "Sed2ba9d8-A5d80cca9", "action": "expand", "doclen": 1186, "score": 25.917698769211555}
{"type": "StanceClicked", "timestamp": "2025-06-26T11:39:21.694Z", "sessionID": "e80a0012-73e1-4c63-a804-c858b39d172f", "rank": "6", "stance": "pro", "action": "chooseStance", "doc": "Sed2ba9d8-A5d80cca9", "doclen": 1186, "score": 25.917698769211555}
{"type": "queryBoxFocused", "timestamp": "2025-06-26T11:39:32.167Z", "sessionID": "e80a0012-73e1-4c63-a804-c858b39d172f"}
{"type": "querySubmitted", "timestamp": "2025-06-26T11:39:40.862Z", "sessionID": "e80a0012-73e1-4c63-a804-c858b39d172f", "query": "Immigra AND Citizenship AND Statistics AND human right*"}
{"docno": "Sb6b0ac06-A8cca0655", "score": 22.42559315462307}
{"docno": "S93bfd17d-A28c9a1be", "score": 20.683130533644658}
{"docno": "S3cdc63cb-A549d684", "score": 19.599494056107773}
{"docno": "S46817eac-A3f3f318d", "score": 19.28554873150403}
{"docno": "S55472afc-A447c4818", "score": 18.918337012346672}
{"docno": "Sed2ba9d8-A86e15559", "score": 18.74119469188014}
{"docno": "Sffdebe69-Ad19adb3e", "score": 18.620598130922776}
{"docno": "S4cf9e3c5-A8dfd2a7b", "score": 18.55127807287045}
{"docno": "S40f44a1b-A92d1078", "score": 18.4291877971025}
{"docno": "Sfceeb70-Aca07fc2d", "score": 18.322285898547364}
{"docno": "S93bfd17d-Adf1a8c60", "score": 18.198726717966228}
{"docno": "Sdee26282-A2d6f902d", "score": 17.910210526321592}
{"docno": "S3cdc63cb-Aea969171", "score": 17.80260554774986}
{"docno": "S403d99e5-A222a8af2", "score": 17.636296457307278}
{"docno": "Sed2ba9d8-A7f806408", "score": 17.53173843042087}
{"docno": "S6afdb9e4-A6939b01b", "score": 17.53095098786286}
{"docno": "S3cdc63cb-A32e68486", "score": 17.380541082005053}
{"docno": "Scbe4c6f1-A2b67cce3", "score": 17.15695928912545}
{"docno": "S5609f55e-A89cd0598", "score": 17.13797242923457}
{"docno": "Sdee26282-Ac8fa8447", "score": 17.10483571917102}
{"docno": "Sfceeb70-A753c2bf1", "score": 17.011565476505748}
{"docno": "Sc727fa75-Af21d165a", "score": 17.006442900075836}
{"docno": "S7eba7db9-A3c8157f7", "score": 16.945631662862624}
{"docno": "S6d4d22a1-Aa74baa8d", "score": 16.64820601952239}
{"docno": "Sdd869c53-A2a264ef3", "score": 16.62005923584247}
{"docno": "Scd8abfbd-A72b5d293", "score": 16.500987980184465}
{"docno": "Scd8abfdc-Ad2c1d2a3", "score": 16.500987980184465}
{"docno": "Sdd869c53-Aa728d4b3", "score": 16.485387666631087}
{"docno": "S88b57bbb-Af487776b", "score": 16.47824712507004}
{"docno": "Sd52a3f60-Adc0b96e1", "score": 16.42409533650647}
{"docno": "S1246b58c-A4d62498b", "score": 16.39581286524192}
{"docno": "S3fc36285-Aea86b5b4", "score": 16.37470045593429}
{"docno": "S22bd3f25-A7e004199", "score": 16.253800522974185}
{"docno": "Sed2ba9d8-A5d80cca9", "score": 16.18004071567776}
{"docno": "S3993da7b-A5ed41728", "score": 16.145610204824965}
{"docno": "Sf9dc364b-A7f65f405", "score": 16.12832741359668}
{"docno": "S9acf5a44-A91db837f", "score": 16.08426493727704}
{"docno": "S5609f55e-A37d0c328", "score": 16.022772392727784}
{"docno": "Sba4cec04-Ab6c24239", "score": 15.970839453677169}
{"docno": "Sed2ba9d8-A9b699717", "score": 15.841733236249135}
{"docno": "S93bfd17d-A2521b800", "score": 15.766320787846741}
{"docno": "S9acf5a44-A3d4e203b", "score": 15.732261703556329}
{"docno": "Sa9dc46b3-A7db9377", "score": 15.732261703556329}
{"docno": "Sed2ba9d8-A6843e7fe", "score": 15.722220125860355}
{"docno": "Sf17d1307-A2bc706b2", "score": 15.691474828353583}
{"docno": "Sc33557a8-A7b577cf3", "score": 15.68465795204091}
{"docno": "Sed2ba9d8-A6b8b50ff", "score": 15.663137252050957}
{"docno": "S37620e1a-Aea5662a4", "score": 15.653115329841773}
{"docno": "S7eba7db9-Aeeafa2c6", "score": 15.633757380132868}
{"docno": "S2cf2c469-Abef6d239", "score": 15.632676064217568}
{"docno": "Sa9dc46b3-Ab9e7d66e", "score": 15.618326305898623}
{"docno": "Sed2ba9d8-Abd43ab42", "score": 15.591458260200957}
{"docno": "S4cf9e3c5-Aa0064ba9", "score": 15.57844151776992}
{"docno": "Sed2ba9d8-Aa32f8b11", "score": 15.555864220299389}
{"docno": "S4cf9e3c5-Afb45290b", "score": 15.555864220299389}
{"docno": "Sed2ba9d8-A7dfbf84a", "score": 15.531097914842846}
{"docno": "Sed2ba9d8-Adc3d597a", "score": 15.34236663643759}
{"docno": "Sf44bcd7f-A5317de4e", "score": 15.335198719492478}
{"docno": "Sea8bf526-Afd56c5cb", "score": 15.333829064707164}
{"docno": "Sfceeb70-Adbdcd8fc", "score": 15.242683874947645}
{"docno": "S7f91b4a3-Ae4fe36a5", "score": 15.194654794167242}
{"docno": "S54a53d73-A725cad62", "score": 15.178622857345628}
{"docno": "Sfba0e165-Aace32f25", "score": 15.161952553811266}
{"docno": "Sf48be0a0-A7dd5841c", "score": 15.150739547015924}
{"docno": "Sbdcf90af-A7d7cd61d", "score": 15.030277316124653}
{"docno": "Seb83b1d7-Ac9b5b431", "score": 15.026573707392256}
{"docno": "Sed2ba9d8-A5e772be1", "score": 15.004526643974858}
{"docno": "Sba4cec04-A7cc172b9", "score": 14.980752401214627}
{"docno": "Sed2ba9d8-Acb46cf2b", "score": 14.873520259072404}
{"docno": "S4cf9e3c5-A143aa2d3", "score": 14.864756729761163}
{"docno": "Sc3355789-A31b1d3c6", "score": 14.798558918150938}
{"docno": "Sed2ba9d8-A1024f534", "score": 14.768120895322385}
{"docno": "S9386dfc6-Af3039deb", "score": 14.762999464145102}
{"docno": "S22348c0b-Af2a846a2", "score": 14.75044276150189}
{"docno": "Sc1e8634f-A9c65572f", "score": 14.725567675750407}
{"docno": "Sed2ba9d8-A1f6f7e0", "score": 14.683258979348935}
{"docno": "Sed2ba9d8-Ac4bad762", "score": 14.681244605142261}
{"docno": "S1e5c16e0-A2280bfc2", "score": 14.643284475861591}
{"docno": "Sc1e8634f-A49f883e8", "score": 14.641192704504373}
{"docno": "S403d99e5-Aaa034c8f", "score": 14.627138940444606}
{"docno": "S4cf9e3c5-Ad0c9c715", "score": 14.618252700773533}
{"docno": "Sc9e430fc-A7c2cf14f", "score": 14.61522958836155}
{"docno": "Sb6b0ac06-Aea2c3e31", "score": 14.602022850232514}
{"docno": "Sb1877d62-Ac90c2963", "score": 14.590058430418289}
{"docno": "Sdd869c53-A965e5001", "score": 14.577691435646}
{"docno": "S45ac225-Ad3f8999a", "score": 14.529620011363663}
{"docno": "S68a8a68-Aa2c09f4b", "score": 14.511641005109798}
{"docno": "Sc1e8634f-Afca438c3", "score": 14.493876747296406}
{"docno": "Sfceeb70-A983e42df", "score": 14.45626830158907}
{"docno": "Sf17d1307-A4f7e25bd", "score": 14.43247907608118}
{"docno": "S34c71db7-A9bcd1ad", "score": 14.37159938534812}
{"docno": "S1e41d536-A3e69cca5", "score": 14.37159938534812}
{"docno": "Sc7a8d000-Ae9c62866", "score": 14.32734342084887}
{"docno": "S152a53f-Ad19089f9", "score": 14.27317005652754}
{"docno": "S80769d50-A49abe89b", "score": 14.270379448439543}
{"docno": "Sed2ba9d8-Acebe4cda", "score": 14.251367945074339}
{"docno": "S54a53d73-A3fbc5760", "score": 14.217673404146588}
{"docno": "Sfceeb70-A2b6b4b1c", "score": 14.193885813809743}
{"docno": "Sc1b474c5-A850b2397", "score": 14.192151669386561}
{"docno": "Sb7ad6501-A81c35ccb", "score": 14.110980333097785}
{"type": "StanceClicked", "timestamp": "2025-06-26T11:39:57.310Z", "sessionID": "e80a0012-73e1-4c63-a804-c858b39d172f", "rank": "5", "stance": "pro", "action": "chooseStance", "doc": "S55472afc-A447c4818", "doclen": 1602, "score": 12.903697454529723}
{"type": "ClickedEndTask", "timestamp": "2025-06-26T11:40:04.510Z", "sessionID": "e80a0012-73e1-4c63-a804-c858b39d172f"}
{"type": "TaskEndConfirmed", "timestamp": "2025-06-26T11:40:10.749Z", "sessionID": "e80a0012-73e1-4c63-a804-c858b39d172f"}
{"type": "TaskEnded", "timestamp": "2025-06-26T11:40:18.535Z", "sessionID": "e80a0012-73e1-4c63-a804-c858b39d172f", "reason": "Zeit ist um", "translated_reason": "Time is around"}
