{"type": "TaskStarted", "timestamp": "2025-06-26T10:37:33.656Z", "sessionID": "bc17df54-e071-4615-a652-38e03ff78962", "task": "2", "uid": "Participant4", "topic": "Can alternative energy effectively replace fossil fuels?"}
{"type": "queryBoxFocused", "timestamp": "2025-06-26T10:37:39.355Z", "sessionID": "bc17df54-e071-4615-a652-38e03ff78962"}
{"type": "querySubmitted", "timestamp": "2025-06-26T10:37:47.393Z", "sessionID": "bc17df54-e071-4615-a652-38e03ff78962", "query": "alternative energy fossil fuels"}
{"docno": "S1baa36a6-Aa4b2f901", "score": 47.56652040163249}
{"docno": "S8fdcc598-Acdae4e26", "score": 43.26591479967707}
{"docno": "S6e782a7f-Af9399e46", "score": 39.34170309277287}
{"docno": "S8706d0e3-Aae31b6bf", "score": 39.26057562758774}
{"docno": "S8fdcc598-A43e16fea", "score": 39.0209523440474}
{"docno": "S1baa36a6-Ac0bf4bed", "score": 38.89486908974413}
{"docno": "Sdee205c0-Ae44e39f6", "score": 38.894181074936995}
{"docno": "S74a77292-A5a2ce3bf", "score": 38.47192593432565}
{"docno": "S8b68ae4-Ad09a0795", "score": 37.46413562406864}
{"docno": "S4c6aab06-A82a12ec6", "score": 37.35729526470278}
{"docno": "Sb4dd79cd-A7edad33b", "score": 37.061228295938015}
{"docno": "Sbb33e2d6-A77bfb204", "score": 36.84105205802208}
{"docno": "S4911d42e-A73664204", "score": 36.08061407375615}
{"docno": "S43533c49-Ae2964e60", "score": 36.038059370862044}
{"docno": "S9d6aeb41-A5e7380a5", "score": 35.566420641503896}
{"docno": "Se31bfa66-A29dccb3f", "score": 35.26064793549496}
{"docno": "S4c6aab06-Ab78242a9", "score": 35.11632216601869}
{"docno": "S148bb110-Ae875f471", "score": 34.96222595254285}
{"docno": "S4911d42e-A54a3d4e3", "score": 34.94577462221479}
{"docno": "Sd7bf3b30-Aeba3469a", "score": 34.79535260797237}
{"docno": "S9bc8d269-Aa2f5b865", "score": 34.687960475406214}
{"docno": "Sb4dd79cd-A414ad7e1", "score": 34.54143694510505}
{"docno": "Sa0c49422-Ad734ffa5", "score": 34.29121416636307}
{"docno": "S6e782a7f-A1f7e6056", "score": 34.20110965554467}
{"docno": "Sbb33e2d6-A4507e919", "score": 33.95485458526156}
{"docno": "Sd258aeb1-A4c0071e6", "score": 33.89551449876713}
{"docno": "S4c6aab06-Aaa46022a", "score": 33.747828724305116}
{"docno": "S7983ff18-A9ce614c1", "score": 33.66395239150808}
{"docno": "Se91be287-Ad7caa1c3", "score": 33.65369116879985}
{"docno": "S8bd07da7-Aa91fdc94", "score": 33.61429974423295}
{"docno": "S2c6ce6a7-Ac789a2c2", "score": 33.52273453122394}
{"docno": "Sde8ec542-A24bed0cf", "score": 33.48098637451718}
{"docno": "S16850e2-A8225cd78", "score": 33.31395737837426}
{"docno": "S3af9364a-A34579f2e", "score": 33.17909443989415}
{"docno": "Sdfa2550c-A2cc92922", "score": 33.00031777593967}
{"docno": "S33af2d02-A4b1f9da2", "score": 33.00031777593967}
{"docno": "Sf8fc8c9e-A2a62c1f9", "score": 32.97219236597635}
{"docno": "S29e8ec75-Abe481205", "score": 32.914643287168886}
{"docno": "S31698916-A9824005f", "score": 32.863690922369415}
{"docno": "Sdee205c0-A7e51810", "score": 32.775538357193966}
{"docno": "Sff095b00-Ac57f7384", "score": 32.77438184852845}
{"docno": "S8b68ae4-A25e6503e", "score": 32.68166732644501}
{"docno": "Sa0c49403-Aeb3168ef", "score": 32.625241599100704}
{"docno": "S83ae40a2-Ad3cfd561", "score": 32.55166259431835}
{"docno": "S4bb40bff-Ae5335e37", "score": 32.40446424124814}
{"docno": "Se31bfa66-A11d1f42e", "score": 32.27743963497598}
{"docno": "Scf368ef2-A3a6d9bb4", "score": 32.25673654523759}
{"docno": "S148bb110-A54da8965", "score": 32.128174742145845}
{"docno": "S4c6aab06-Af7945601", "score": 32.125864071483925}
{"docno": "S653f0284-Afaeb6f0f", "score": 31.922744299396317}
{"docno": "S5f3b3fcb-A67ed79a7", "score": 31.76517490016095}
{"docno": "Sdee205c0-A22706607", "score": 31.626961048079437}
{"docno": "S4bb40bff-Af5231436", "score": 31.595474064332418}
{"docno": "Sea61b0fc-Ac2a79108", "score": 31.530608955133186}
{"docno": "Sc98fe9a7-A816d2826", "score": 31.431397152589092}
{"docno": "S74a77292-Ae85a9c8e", "score": 31.3411246177334}
{"docno": "Sc66981d5-A783c22ba", "score": 31.302287502764024}
{"docno": "S4c6aab06-Aaa5ecb0b", "score": 31.214846314193863}
{"docno": "Sc98fe988-Ab8259242", "score": 31.173498062352074}
{"docno": "S31698916-A7c39d7ed", "score": 31.15646951677557}
{"docno": "S2e721803-A663a41f", "score": 31.077028804761525}
{"docno": "Sc98fe9c6-A1932a660", "score": 31.024470674447592}
{"docno": "S53b7edd-Abfcc4f21", "score": 30.76602220953353}
{"docno": "Se2550a31-A93a2cc25", "score": 30.646585233758458}
{"docno": "S8da25347-Ae90edff7", "score": 30.597774913130976}
{"docno": "S2e721803-Acf10ec84", "score": 30.45855773815265}
{"docno": "S9bc8d269-Ac2420b41", "score": 30.418081673977206}
{"docno": "S7983ff18-Aa229a4fb", "score": 30.399681790250234}
{"docno": "S7983ff18-Abc9e38fe", "score": 30.294358817992965}
{"docno": "S4d2e82ff-Aee0235bc", "score": 30.1592567527208}
{"docno": "S40e61a27-A2185ab8", "score": 30.09264418778785}
{"docno": "Sd3c3ea6f-Aeaaaf8fa", "score": 29.934423017583114}
{"docno": "Se9b4aa83-A22c16120", "score": 29.837198608220135}
{"docno": "S9bc8d269-Aba221d1e", "score": 29.747602728989335}
{"docno": "S148bb110-A10521943", "score": 29.747602728989335}
{"docno": "S3d677ded-Adc5c2d83", "score": 29.70765467246777}
{"docno": "S148bb110-A73673e85", "score": 29.70765467246777}
{"docno": "Sf3f89575-Aca1ad1e9", "score": 29.429261036352237}
{"docno": "Sff095b00-A10418c78", "score": 29.42441922370903}
{"docno": "S8706d0e3-Ac554444", "score": 29.422266863537786}
{"docno": "Sf59a1cd-Aa94eddbd", "score": 29.39034630601152}
{"docno": "S8706d0e3-Aa446c0fc", "score": 29.361247006799452}
{"docno": "S661b8688-A1c627232", "score": 29.345292117826368}
{"docno": "S2d219ef-A11b44848", "score": 29.156747265065338}
{"docno": "S8b68ae4-A3b4029ee", "score": 28.92149149073137}
{"docno": "S148bb110-A6bce813e", "score": 28.847326028229702}
{"docno": "S7a83d88a-Add079b08", "score": 28.806644115385584}
{"docno": "Sd5e7199e-Af7b99bbf", "score": 28.709618368035073}
{"docno": "S57476c75-Ade05781a", "score": 28.693858686303408}
{"docno": "S412c152b-Ac7d13674", "score": 28.547779820052}
{"docno": "Se2550a31-A51017628", "score": 28.3930587321506}
{"docno": "S8b68ae4-A91b52207", "score": 28.342322064768233}
{"docno": "S8b68ae4-A86bc961b", "score": 28.276526367859958}
{"docno": "S27109bef-Addd32283", "score": 28.22284005894302}
{"docno": "S83ae40a2-Aafcd3727", "score": 28.177663254233387}
{"docno": "Sd6155d38-A57009a92", "score": 28.134885774635528}
{"docno": "S4c6aab06-A83429d8c", "score": 28.091764128769917}
{"docno": "Sfc220308-Aa6f28129", "score": 28.033426827435925}
{"docno": "Sdb5f720b-Ad53d5a64", "score": 28.014979219063463}
{"docno": "Sbb33e2b7-Af35d3bc5", "score": 27.9015870619997}
{"type": "toggleArgument", "timestamp": "2025-06-26T10:37:50.776Z", "sessionID": "bc17df54-e071-4615-a652-38e03ff78962", "rank": "1", "doc": "S1baa36a6-Aa4b2f901", "action": "expand", "doclen": 517, "score": 47.56652040163249}
{"type": "StanceClicked", "timestamp": "2025-06-26T10:38:10.552Z", "sessionID": "bc17df54-e071-4615-a652-38e03ff78962", "rank": "1", "stance": "pro", "action": "chooseStance", "doc": "S1baa36a6-Aa4b2f901", "doclen": 517, "score": 47.56652040163249}
{"type": "toggleArgument", "timestamp": "2025-06-26T10:38:15.639Z", "sessionID": "bc17df54-e071-4615-a652-38e03ff78962", "rank": "2", "doc": "S8fdcc598-Acdae4e26", "action": "expand", "doclen": 1418, "score": 43.26591479967707}
{"type": "toggleArgument", "timestamp": "2025-06-26T10:39:12.081Z", "sessionID": "bc17df54-e071-4615-a652-38e03ff78962", "rank": "3", "doc": "S6e782a7f-Af9399e46", "action": "expand", "doclen": 345, "score": 39.34170309277287}
{"type": "StanceClicked", "timestamp": "2025-06-26T10:39:23.466Z", "sessionID": "bc17df54-e071-4615-a652-38e03ff78962", "rank": "3", "stance": "pro", "action": "chooseStance", "doc": "S6e782a7f-Af9399e46", "doclen": 345, "score": 39.34170309277287}
{"type": "toggleArgument", "timestamp": "2025-06-26T10:39:26.722Z", "sessionID": "bc17df54-e071-4615-a652-38e03ff78962", "rank": "4", "doc": "S8706d0e3-Aae31b6bf", "action": "expand", "doclen": 2377, "score": 39.26057562758774}
{"type": "StanceClicked", "timestamp": "2025-06-26T10:40:05.531Z", "sessionID": "bc17df54-e071-4615-a652-38e03ff78962", "rank": "4", "stance": "pro", "action": "chooseStance", "doc": "S8706d0e3-Aae31b6bf", "doclen": 2377, "score": 39.26057562758774}
{"type": "toggleArgument", "timestamp": "2025-06-26T10:40:09.843Z", "sessionID": "bc17df54-e071-4615-a652-38e03ff78962", "rank": "5", "doc": "S8fdcc598-A43e16fea", "action": "expand", "doclen": 1626, "score": 39.0209523440474}
{"type": "toggleArgument", "timestamp": "2025-06-26T10:41:12.718Z", "sessionID": "bc17df54-e071-4615-a652-38e03ff78962", "rank": "6", "doc": "S1baa36a6-Ac0bf4bed", "action": "expand", "doclen": 213, "score": 38.89486908974413}
{"type": "toggleArgument", "timestamp": "2025-06-26T10:41:23.870Z", "sessionID": "bc17df54-e071-4615-a652-38e03ff78962", "rank": "7", "doc": "Sdee205c0-Ae44e39f6", "action": "expand", "doclen": 369, "score": 38.894181074936995}
{"type": "StanceClicked", "timestamp": "2025-06-26T10:41:56.960Z", "sessionID": "bc17df54-e071-4615-a652-38e03ff78962", "rank": "7", "stance": "pro", "action": "chooseStance", "doc": "Sdee205c0-Ae44e39f6", "doclen": 369, "score": 38.894181074936995}
{"type": "toggleArgument", "timestamp": "2025-06-26T10:42:01.263Z", "sessionID": "bc17df54-e071-4615-a652-38e03ff78962", "rank": "8", "doc": "S74a77292-A5a2ce3bf", "action": "expand", "doclen": 782, "score": 38.47192593432565}
{"type": "toggleArgument", "timestamp": "2025-06-26T10:42:26.656Z", "sessionID": "bc17df54-e071-4615-a652-38e03ff78962", "rank": "9", "doc": "S8b68ae4-Ad09a0795", "action": "expand", "doclen": 270, "score": 37.46413562406864}
{"type": "toggleArgument", "timestamp": "2025-06-26T10:42:39.160Z", "sessionID": "bc17df54-e071-4615-a652-38e03ff78962", "rank": "10", "doc": "S4c6aab06-A82a12ec6", "action": "expand", "doclen": 1264, "score": 37.35729526470278}
{"type": "queryBoxFocused", "timestamp": "2025-06-26T10:42:42.538Z", "sessionID": "bc17df54-e071-4615-a652-38e03ff78962"}
{"type": "querySubmitted", "timestamp": "2025-06-26T10:42:52.729Z", "sessionID": "bc17df54-e071-4615-a652-38e03ff78962", "query": "fossil fuel alternative energy replace"}
{"docno": "S1baa36a6-Aa4b2f901", "score": 55.97674769706261}
{"docno": "S6e782a7f-Af9399e46", "score": 48.163388084484914}
{"docno": "S1baa36a6-Ac0bf4bed", "score": 48.102678241442035}
{"docno": "S8706d0e3-Aae31b6bf", "score": 43.2665719108993}
{"docno": "S8fdcc598-Acdae4e26", "score": 43.26591479967708}
{"docno": "S8b68ae4-A25e6503e", "score": 40.66627729662935}
{"docno": "Se9b4aa83-A22c16120", "score": 39.360966257843685}
{"docno": "Sd258aeb1-A4c0071e6", "score": 39.3577289551571}
{"docno": "S8fdcc598-A43e16fea", "score": 39.020952344047394}
{"docno": "Sdee205c0-Ae44e39f6", "score": 38.89418107493699}
{"docno": "S74a77292-A5a2ce3bf", "score": 38.47192593432565}
{"docno": "S661b8688-A1c627232", "score": 38.3766409976483}
{"docno": "S148bb110-A10521943", "score": 38.32937332429347}
{"docno": "S3af9364a-A34579f2e", "score": 37.88742376990594}
{"docno": "S8b68ae4-Ad09a0795", "score": 37.46413562406863}
{"docno": "S4c6aab06-A82a12ec6", "score": 37.357295264702785}
{"docno": "Sb4dd79cd-A7edad33b", "score": 37.061228295938015}
{"docno": "Sbb33e2d6-A77bfb204", "score": 36.84105205802208}
{"docno": "S4911d42e-A73664204", "score": 36.08061407375615}
{"docno": "S43533c49-Ae2964e60", "score": 36.038059370862044}
{"docno": "S9d6aeb41-A5e7380a5", "score": 35.56642064150389}
{"docno": "Se91be287-Aa86dc068", "score": 35.272138378995535}
{"docno": "Se31bfa66-A29dccb3f", "score": 35.26064793549496}
{"docno": "S4c6aab06-Ab78242a9", "score": 35.11632216601869}
{"docno": "S148bb110-Ae875f471", "score": 34.96222595254285}
{"docno": "S4911d42e-A54a3d4e3", "score": 34.94577462221479}
{"docno": "Sd7bf3b30-Aeba3469a", "score": 34.79535260797237}
{"docno": "S9bc8d269-Aa2f5b865", "score": 34.687960475406214}
{"docno": "Sb4dd79cd-A414ad7e1", "score": 34.54143694510505}
{"docno": "Sa0c49422-Ad734ffa5", "score": 34.29121416636307}
{"docno": "S6e782a7f-A1f7e6056", "score": 34.20110965554467}
{"docno": "Sbb33e2d6-A4507e919", "score": 33.95485458526156}
{"docno": "S4c6aab06-Aaa46022a", "score": 33.74782872430512}
{"docno": "S7983ff18-A9ce614c1", "score": 33.66395239150808}
{"docno": "Se91be287-Ad7caa1c3", "score": 33.65369116879986}
{"docno": "S8bd07da7-Aa91fdc94", "score": 33.61429974423295}
{"docno": "S2c6ce6a7-Ac789a2c2", "score": 33.522734531223946}
{"docno": "Sde8ec542-A24bed0cf", "score": 33.48098637451717}
{"docno": "S16850e2-A8225cd78", "score": 33.31395737837426}
{"docno": "S9ff82f9f-A6a2e3dc2", "score": 33.23352424655258}
{"docno": "Sdfa2550c-A2cc92922", "score": 33.00031777593967}
{"docno": "S33af2d02-A4b1f9da2", "score": 33.00031777593967}
{"docno": "Sf8fc8c9e-A2a62c1f9", "score": 32.972192365976355}
{"docno": "S29e8ec75-Abe481205", "score": 32.914643287168886}
{"docno": "S31698916-A9824005f", "score": 32.863690922369415}
{"docno": "Sdee205c0-A7e51810", "score": 32.775538357193966}
{"docno": "Sff095b00-Ac57f7384", "score": 32.77438184852845}
{"docno": "S29e8ec75-A58883887", "score": 32.68936193625537}
{"docno": "Sa0c49403-Aeb3168ef", "score": 32.625241599100704}
{"docno": "Sf59a1cd-Aa94eddbd", "score": 32.60142227395953}
{"docno": "S83ae40a2-Ad3cfd561", "score": 32.55166259431835}
{"docno": "S4bb40bff-Ae5335e37", "score": 32.40446424124814}
{"docno": "Se31bfa66-A11d1f42e", "score": 32.27743963497598}
{"docno": "Scf368ef2-A3a6d9bb4", "score": 32.25673654523759}
{"docno": "S148bb110-A54da8965", "score": 32.12817474214584}
{"docno": "S4c6aab06-Af7945601", "score": 32.12586407148393}
{"docno": "S653f0284-Afaeb6f0f", "score": 31.922744299396317}
{"docno": "S7d4c004e-A4dcd33a6", "score": 31.885495282593396}
{"docno": "S5f3b3fcb-A67ed79a7", "score": 31.765174900160947}
{"docno": "Sdee205c0-A22706607", "score": 31.626961048079437}
{"docno": "S4bb40bff-Af5231436", "score": 31.595474064332418}
{"docno": "Sea61b0fc-Ac2a79108", "score": 31.53060895513319}
{"docno": "Sc98fe9a7-A816d2826", "score": 31.431397152589092}
{"docno": "S74a77292-Ae85a9c8e", "score": 31.3411246177334}
{"docno": "Sc66981d5-A783c22ba", "score": 31.302287502764024}
{"docno": "Sde8ec542-A7a65be95", "score": 31.29614058813798}
{"docno": "S4c6aab06-Aaa5ecb0b", "score": 31.214846314193863}
{"docno": "Sc98fe988-Ab8259242", "score": 31.173498062352074}
{"docno": "S31698916-A7c39d7ed", "score": 31.15646951677557}
{"docno": "S2e721803-A663a41f", "score": 31.077028804761532}
{"docno": "Sc98fe9c6-A1932a660", "score": 31.024470674447592}
{"docno": "S53b7edd-Abfcc4f21", "score": 30.76602220953353}
{"docno": "Se2550a31-A93a2cc25", "score": 30.64658523375846}
{"docno": "S8da25347-Ae90edff7", "score": 30.597774913130976}
{"docno": "S2e721803-Acf10ec84", "score": 30.458557738152653}
{"docno": "S9bc8d269-Ac2420b41", "score": 30.418081673977206}
{"docno": "S7983ff18-Aa229a4fb", "score": 30.399681790250234}
{"docno": "S31fade72-Ad2fc740c", "score": 30.362849319626218}
{"docno": "S7983ff18-Abc9e38fe", "score": 30.294358817992965}
{"docno": "Scb08147e-A3301c535", "score": 30.274962373208176}
{"docno": "S7c26a4c3-A988acf1f", "score": 30.180696703096633}
{"docno": "S4d2e82ff-Aee0235bc", "score": 30.1592567527208}
{"docno": "S7f65d0b8-A2469aedd", "score": 30.112210735736184}
{"docno": "S40e61a27-A2185ab8", "score": 30.092644187787847}
{"docno": "Sd3c3ea6f-Aeaaaf8fa", "score": 29.934423017583114}
{"docno": "S9bc8d269-Aba221d1e", "score": 29.747602728989335}
{"docno": "S3d677ded-Adc5c2d83", "score": 29.70765467246777}
{"docno": "S148bb110-A73673e85", "score": 29.70765467246777}
{"docno": "Sf3f89575-Aca1ad1e9", "score": 29.429261036352237}
{"docno": "Sff095b00-A10418c78", "score": 29.42441922370903}
{"docno": "S8706d0e3-Ac554444", "score": 29.422266863537786}
{"docno": "S8706d0e3-Aa446c0fc", "score": 29.361247006799452}
{"docno": "S2d219ef-A11b44848", "score": 29.15674726506534}
{"docno": "S8b68ae4-A3b4029ee", "score": 28.92149149073137}
{"docno": "S148bb110-A6bce813e", "score": 28.8473260282297}
{"docno": "S7a83d88a-Add079b08", "score": 28.806644115385584}
{"docno": "Sd5e7199e-Af7b99bbf", "score": 28.709618368035073}
{"docno": "S57476c75-Ade05781a", "score": 28.693858686303408}
{"docno": "S412c152b-Ac7d13674", "score": 28.547779820052}
{"docno": "Se2550a31-A51017628", "score": 28.393058732150596}
{"type": "toggleArgument", "timestamp": "2025-06-26T10:43:01.265Z", "sessionID": "bc17df54-e071-4615-a652-38e03ff78962", "rank": "5", "doc": "S8fdcc598-Acdae4e26", "action": "expand", "doclen": 1418, "score": 43.26591479967707}
{"type": "toggleArgument", "timestamp": "2025-06-26T10:43:25.881Z", "sessionID": "bc17df54-e071-4615-a652-38e03ff78962", "rank": "6", "doc": "S8b68ae4-A25e6503e", "action": "expand", "doclen": 470, "score": 32.68166732644501}
{"type": "toggleArgument", "timestamp": "2025-06-26T10:43:45.266Z", "sessionID": "bc17df54-e071-4615-a652-38e03ff78962", "rank": "7", "doc": "Se9b4aa83-A22c16120", "action": "expand", "doclen": 642, "score": 29.837198608220135}
{"type": "toggleArgument", "timestamp": "2025-06-26T10:44:14.666Z", "sessionID": "bc17df54-e071-4615-a652-38e03ff78962", "rank": "8", "doc": "Sd258aeb1-A4c0071e6", "action": "expand", "doclen": 1454, "score": 33.89551449876713}
{"type": "toggleArgument", "timestamp": "2025-06-26T10:44:59.074Z", "sessionID": "bc17df54-e071-4615-a652-38e03ff78962", "rank": "9", "doc": "S8fdcc598-A43e16fea", "action": "expand", "doclen": 1626, "score": 39.0209523440474}
{"type": "toggleArgument", "timestamp": "2025-06-26T10:45:03.393Z", "sessionID": "bc17df54-e071-4615-a652-38e03ff78962", "rank": "10", "doc": "Sdee205c0-Ae44e39f6", "action": "expand", "doclen": 369, "score": 38.894181074936995}
{"type": "pageNavigationClicked", "timestamp": "2025-06-26T10:45:05.938Z", "sessionID": "bc17df54-e071-4615-a652-38e03ff78962", "clicked": "2", "fromPage": 1, "toPage": 2}
{"type": "queryBoxFocused", "timestamp": "2025-06-26T10:45:12.420Z", "sessionID": "bc17df54-e071-4615-a652-38e03ff78962"}
{"type": "querySubmitted", "timestamp": "2025-06-26T10:45:19.363Z", "sessionID": "bc17df54-e071-4615-a652-38e03ff78962", "query": "fossil fuel future"}
{"docno": "Sdee205c0-A7e51810", "score": 31.313306028506968}
{"docno": "S4911d42e-A73664204", "score": 30.45287851018344}
{"docno": "S7983ff18-A20bd5778", "score": 30.050758558188804}
{"docno": "S40e61a27-A2185ab8", "score": 29.015821167385955}
{"docno": "Sf3f89575-Aca1ad1e9", "score": 28.04872919113898}
{"docno": "Sdee205c0-Ae44e39f6", "score": 27.80106061846846}
{"docno": "S7983ff18-A46313e0c", "score": 27.741960756858155}
{"docno": "S40e61a27-A27f7adc9", "score": 27.681269241186243}
{"docno": "S74a77292-A5a2ce3bf", "score": 27.61061549424015}
{"docno": "S8b68ae4-Ad09a0795", "score": 27.38405840566096}
{"docno": "S5f3b3fcb-A67ed79a7", "score": 27.349960832996025}
{"docno": "Sbb33e2d6-Aefcaf2e", "score": 26.691253228875603}
{"docno": "Sbb33e2b7-A3ddc5380", "score": 26.625407550419837}
{"docno": "Sbb33e2b7-Ab140363f", "score": 26.200981431033988}
{"docno": "S1baa36a6-Aa4b2f901", "score": 26.200981431033988}
{"docno": "S6e782a7f-Af9399e46", "score": 26.1242995159777}
{"docno": "S8fdcc598-Acdae4e26", "score": 26.0566854296153}
{"docno": "Sbb33e2d6-A4507e919", "score": 26.011401103437464}
{"docno": "Sbb33e2d6-A77bfb204", "score": 25.997667565988944}
{"docno": "Se31bfa66-A29dccb3f", "score": 25.94298218632145}
{"docno": "S3d507ec5-Aedfcf27f", "score": 25.81224827966818}
{"docno": "S7983ff18-A9ce614c1", "score": 25.751122856920553}
{"docno": "S31698916-Af2e93644", "score": 25.60460156124816}
{"docno": "S2fce3dfc-Aba98e48d", "score": 25.60460156124816}
{"docno": "S8b68ae4-A25e6503e", "score": 25.569728712716888}
{"docno": "S74a77292-Ae85a9c8e", "score": 25.172531928041767}
{"docno": "Sbb33e2d6-Aeee2fade", "score": 25.09910733716086}
{"docno": "S653f0284-Afaeb6f0f", "score": 24.78487495007484}
{"docno": "S4ea27d13-A3d9d765b", "score": 24.753275072561546}
{"docno": "S4c6aab06-Ab78242a9", "score": 24.6090977386945}
{"docno": "Sa90a81e7-A76643c24", "score": 24.496491829992898}
{"docno": "S44cd306b-Aa03fff85", "score": 24.390933340732246}
{"docno": "S148bb110-Ae875f471", "score": 24.390933340732246}
{"docno": "Sde8ec542-A24bed0cf", "score": 24.2918852275769}
{"docno": "S81972726-Ad325bef1", "score": 24.254904224366307}
{"docno": "Scf368ef2-A3a6d9bb4", "score": 24.226368841858825}
{"docno": "S9bc8d269-Aa2f5b865", "score": 24.182522231825757}
{"docno": "S29e8ec75-Abe481205", "score": 24.136892274913343}
{"docno": "S4bb40bff-Af5231436", "score": 23.916452693608086}
{"docno": "S8706d0e3-Aae31b6bf", "score": 23.875211304887415}
{"docno": "Sdee205c0-Ae302c7d2", "score": 23.84414218599686}
{"docno": "Se31bfa66-A11d1f42e", "score": 23.700582303874683}
{"docno": "S2e721803-Ae6bd3d56", "score": 23.55884882108868}
{"docno": "Sea61b0fc-Ac2a79108", "score": 23.50480399509921}
{"docno": "Sa0c49422-Ad734ffa5", "score": 23.311540521743765}
{"docno": "S4bb40bff-Ae5335e37", "score": 23.191701550617786}
{"docno": "S8fdcc598-A43e16fea", "score": 23.160207605077883}
{"docno": "S4911d42e-A54a3d4e3", "score": 23.097066874733514}
{"docno": "S7a83d88a-Add079b08", "score": 23.044940498567154}
{"docno": "S29e8ec75-A58883887", "score": 22.951866766782995}
{"docno": "Sb0e5eab1-A9cd65d4e", "score": 22.94768132208919}
{"docno": "S412c152b-Ac7d13674", "score": 22.768169035929787}
{"docno": "S4c6aab06-Aaa46022a", "score": 22.726127348619457}
{"docno": "S4c6aab06-A82a12ec6", "score": 22.639570163190008}
{"docno": "Sdee205c0-A22706607", "score": 22.63524667833916}
{"docno": "S68f43582-Aba23f0f0", "score": 22.62660466068853}
{"docno": "Sdfa2550c-A2cc92922", "score": 22.447143152032275}
{"docno": "S33af2d02-A4b1f9da2", "score": 22.447143152032275}
{"docno": "Sf6cb505e-A1ffaff2", "score": 22.40167650544393}
{"docno": "S4c6aab06-Aaa5ecb0b", "score": 22.340298369929222}
{"docno": "S31698916-A9824005f", "score": 22.340298369929222}
{"docno": "Sff095b00-Ac57f7384", "score": 22.270506017632417}
{"docno": "Sd6155d38-A1faa90e", "score": 22.270506017632417}
{"docno": "Sa0c49422-A265545a7", "score": 22.23861785482277}
{"docno": "S4d2e82ff-Aee0235bc", "score": 22.234412438666627}
{"docno": "S37a0a3e6-A81cbce03", "score": 22.17107828891118}
{"docno": "Saa7e4d86-A41a3aaed", "score": 22.09884887064147}
{"docno": "S83ae40a2-Ad3cfd561", "score": 22.096627102845197}
{"docno": "Scb3a59ce-Ac71b3de1", "score": 22.050202760763906}
{"docno": "Sd258aeb1-A4c0071e6", "score": 21.950199942358893}
{"docno": "S66bd91a4-A594bc508", "score": 21.848892807530582}
{"docno": "S7c26a4c3-A988acf1f", "score": 21.823494953807753}
{"docno": "S4c6aab06-Af7945601", "score": 21.764879794466513}
{"docno": "S7983ff18-Aa229a4fb", "score": 21.75688948486926}
{"docno": "S7983ff18-Abc9e38fe", "score": 21.681510397567287}
{"docno": "S58afcb6-A721c06cf", "score": 21.546582619594446}
{"docno": "Sbb33e2b7-Af35d3bc5", "score": 21.516673093066963}
{"docno": "Sffc14fd7-A3a830870", "score": 21.512537384173196}
{"docno": "S2fce3dfc-Afe9701f9", "score": 21.427440668176793}
{"docno": "S5f3b3fcb-Aa3851cab", "score": 21.427440668176793}
{"docno": "S77d1660c-Ad3ed81ba", "score": 21.354323283256864}
{"docno": "Se9b4aa83-A22c16120", "score": 21.354323283256864}
{"docno": "S1ec27540-A21c1d085", "score": 21.27660956390575}
{"docno": "S31698916-A7c39d7ed", "score": 21.147603729932616}
{"docno": "S7983ff18-A6f495a98", "score": 21.107820236917718}
{"docno": "S87da1933-A29a94c00", "score": 21.079988271271567}
{"docno": "S24a48570-A2e79122d", "score": 21.001564879122476}
{"docno": "S2fce3dfc-Acb335b59", "score": 20.951559241866157}
{"docno": "S656580a0-Ab5b0390a", "score": 20.951559241866157}
{"docno": "S2e721803-A663a41f", "score": 20.951559241866157}
{"docno": "Sd6155d38-A57009a92", "score": 20.838318046202147}
{"docno": "S29878310-A58eabd9b", "score": 20.797594842497062}
{"docno": "S7983ff18-Ae92bd7e1", "score": 20.797594842497062}
{"docno": "S2e721803-Ac9913c9a", "score": 20.797594842497062}
{"docno": "S383ef591-A19f07d44", "score": 20.645876777943066}
{"docno": "S1baa36a6-Ac0bf4bed", "score": 20.645876777943066}
{"docno": "Sb4dd79cd-A7edad33b", "score": 20.645876777943066}
{"docno": "S29878310-A9403d462", "score": 20.645876777943066}
{"docno": "S98ed94cf-A5b644cad", "score": 20.645876777943066}
{"docno": "S148bb110-A6bce813e", "score": 20.645876777943066}
{"type": "toggleArgument", "timestamp": "2025-06-26T10:45:23.329Z", "sessionID": "bc17df54-e071-4615-a652-38e03ff78962", "rank": "1", "doc": "Sdee205c0-A7e51810", "action": "expand", "doclen": 425, "score": 32.775538357193966}
{"type": "toggleArgument", "timestamp": "2025-06-26T10:45:46.041Z", "sessionID": "bc17df54-e071-4615-a652-38e03ff78962", "rank": "2", "doc": "S4911d42e-A73664204", "action": "expand", "doclen": 705, "score": 36.08061407375615}
{"type": "StanceClicked", "timestamp": "2025-06-26T10:45:55.250Z", "sessionID": "bc17df54-e071-4615-a652-38e03ff78962", "rank": "2", "stance": "pro", "action": "chooseStance", "doc": "S4911d42e-A73664204", "doclen": 705, "score": 36.08061407375615}
{"type": "toggleArgument", "timestamp": "2025-06-26T10:46:00.665Z", "sessionID": "bc17df54-e071-4615-a652-38e03ff78962", "rank": "3", "doc": "S7983ff18-A20bd5778", "action": "expand", "doclen": 284, "score": 30.050758558188804}
{"type": "toggleArgument", "timestamp": "2025-06-26T10:46:20.953Z", "sessionID": "bc17df54-e071-4615-a652-38e03ff78962", "rank": "4", "doc": "S40e61a27-A2185ab8", "action": "expand", "doclen": 1094, "score": 30.09264418778785}
{"type": "toggleArgument", "timestamp": "2025-06-26T10:46:47.768Z", "sessionID": "bc17df54-e071-4615-a652-38e03ff78962", "rank": "5", "doc": "Sf3f89575-Aca1ad1e9", "action": "expand", "doclen": 489, "score": 29.429261036352237}
{"type": "StanceClicked", "timestamp": "2025-06-26T10:47:05.185Z", "sessionID": "bc17df54-e071-4615-a652-38e03ff78962", "rank": "5", "stance": "pro", "action": "chooseStance", "doc": "Sf3f89575-Aca1ad1e9", "doclen": 489, "score": 29.429261036352237}
{"type": "toggleArgument", "timestamp": "2025-06-26T10:47:09.208Z", "sessionID": "bc17df54-e071-4615-a652-38e03ff78962", "rank": "7", "doc": "S7983ff18-A46313e0c", "action": "expand", "doclen": 200, "score": 27.741960756858155}
{"type": "toggleArgument", "timestamp": "2025-06-26T10:47:18.552Z", "sessionID": "bc17df54-e071-4615-a652-38e03ff78962", "rank": "8", "doc": "S40e61a27-A27f7adc9", "action": "expand", "doclen": 882, "score": 27.681269241186243}
{"type": "StanceClicked", "timestamp": "2025-06-26T10:47:28.825Z", "sessionID": "bc17df54-e071-4615-a652-38e03ff78962", "rank": "8", "stance": "pro", "action": "chooseStance", "doc": "S40e61a27-A27f7adc9", "doclen": 882, "score": 27.681269241186243}
{"type": "toggleArgument", "timestamp": "2025-06-26T10:47:32.953Z", "sessionID": "bc17df54-e071-4615-a652-38e03ff78962", "rank": "10", "doc": "S8b68ae4-Ad09a0795", "action": "expand", "doclen": 270, "score": 37.46413562406864}
{"type": "pageNavigationClicked", "timestamp": "2025-06-26T10:47:37.282Z", "sessionID": "bc17df54-e071-4615-a652-38e03ff78962", "clicked": "2", "fromPage": 1, "toPage": 2}
{"type": "toggleArgument", "timestamp": "2025-06-26T10:47:40.377Z", "sessionID": "bc17df54-e071-4615-a652-38e03ff78962", "rank": "11", "doc": "S5f3b3fcb-A67ed79a7", "action": "expand", "doclen": 551, "score": 31.76517490016095}
{"type": "toggleArgument", "timestamp": "2025-06-26T10:48:00.424Z", "sessionID": "bc17df54-e071-4615-a652-38e03ff78962", "rank": "12", "doc": "Sbb33e2d6-Aefcaf2e", "action": "expand", "doclen": 119, "score": 26.691253228875603}
{"type": "toggleArgument", "timestamp": "2025-06-26T10:48:04.976Z", "sessionID": "bc17df54-e071-4615-a652-38e03ff78962", "rank": "13", "doc": "Sbb33e2b7-A3ddc5380", "action": "expand", "doclen": 2224, "score": 26.625407550419837}
{"type": "ClickedEndTask", "timestamp": "2025-06-26T10:48:23.625Z", "sessionID": "bc17df54-e071-4615-a652-38e03ff78962"}
{"type": "TaskEndConfirmed", "timestamp": "2025-06-26T10:48:25.489Z", "sessionID": "bc17df54-e071-4615-a652-38e03ff78962"}
{"type": "TaskEnded", "timestamp": "2025-06-26T10:48:38.209Z", "sessionID": "bc17df54-e071-4615-a652-38e03ff78962", "reason": "time is up ", "translated_reason": "Time is up"}
