{"type": "TaskStarted", "timestamp": "2025-06-26T12:51:04.959Z", "sessionID": "9eba6962-80a2-4801-b770-4af22e573a3a", "task": "2", "uid": "Participant51", "topic": "Should the federal minimum wage be increased?"}
{"type": "queryBoxFocused", "timestamp": "2025-06-26T12:51:12.298Z", "sessionID": "9eba6962-80a2-4801-b770-4af22e573a3a"}
{"type": "querySubmitted", "timestamp": "2025-06-26T12:51:15.352Z", "sessionID": "9eba6962-80a2-4801-b770-4af22e573a3a", "query": "minimum wage"}
{"docno": "S5c3ed32-Ad3a26007", "score": 26.31195697992001}
{"docno": "S147e45bd-Abf45fa40", "score": 26.224389718581143}
{"docno": "S88d4f7ff-A74bb5cd9", "score": 26.188540551946396}
{"docno": "S5c3ed32-Aa2f2be54", "score": 26.073569909139913}
{"docno": "Se3b9f8b-A4d504fd4", "score": 26.061183496294454}
{"docno": "Sbd8467d7-Aa86ebaab", "score": 25.679751973853445}
{"docno": "S5c3ed32-A6642821", "score": 25.65426342155635}
{"docno": "Sce0a06c8-A4ae94bba", "score": 25.597138470048606}
{"docno": "S2d5cd7d8-Ab10a1e01", "score": 25.587112982071645}
{"docno": "S5c3ed32-A623a0534", "score": 25.560543090006984}
{"docno": "Sfda29737-A5462fa90", "score": 25.5490899141942}
{"docno": "S5c3ed32-Aebef0e2f", "score": 25.501047584225297}
{"docno": "Sdca59d96-A9ecaaaa7", "score": 25.49826036863881}
{"docno": "S51c34db5-A1cd13b2b", "score": 25.46240541161351}
{"docno": "Sb6f6e654-A9919a595", "score": 25.419781158132647}
{"docno": "S4505ff06-A6d5b9990", "score": 25.310808864059965}
{"docno": "S3bbb9546-A7cf4fb87", "score": 25.25489297628522}
{"docno": "S148740e7-Ad729a9aa", "score": 25.25046542535948}
{"docno": "Sdca59d77-Ab1197bc8", "score": 25.19358208309969}
{"docno": "S3d4f60b6-A96a2dcdd", "score": 25.18168259842399}
{"docno": "S855ce88e-A277fd07a", "score": 25.15696012682887}
{"docno": "S7b8b3bd1-A909f6ae3", "score": 25.1501379359261}
{"docno": "Sf077d020-A4e659df7", "score": 25.122271801970868}
{"docno": "S49479255-A44c02274", "score": 25.120061429856207}
{"docno": "Sb2b9a732-A21bb158e", "score": 25.099303237508266}
{"docno": "Sd2226ec-Ae551c903", "score": 25.00120230023143}
{"docno": "S6ac98ba6-Aecc81e50", "score": 24.993468223967575}
{"docno": "S7b8b3bd1-A510e30a5", "score": 24.967478787182554}
{"docno": "S7245daba-Af2afe0ee", "score": 24.96589251980311}
{"docno": "S2d5cd7d8-Ace43139d", "score": 24.932390220458473}
{"docno": "Se3b9f8b-A59050136", "score": 24.931238990275574}
{"docno": "S72d1888a-A3b2d68d8", "score": 24.926451736444136}
{"docno": "S5194bbe-Ad4e82f54", "score": 24.9263668746188}
{"docno": "Sbd8467d7-Ab20dde86", "score": 24.89199871398366}
{"docno": "S2879f0f7-Acdfa2c59", "score": 24.850104308251197}
{"docno": "S4c1ced18-A6200abb2", "score": 24.84978671237421}
{"docno": "Sdd3e0a35-A354c5fd5", "score": 24.84947421508724}
{"docno": "Sdb76a53d-Af95d8d36", "score": 24.841804362325146}
{"docno": "Sb2b9b1f9-A4049c9f", "score": 24.833301092013972}
{"docno": "Sa3568b53-Acef1ce62", "score": 24.827563722791698}
{"docno": "S84bee0b1-Ab5080f0f", "score": 24.81384930935905}
{"docno": "S3bbb9546-A9145906f", "score": 24.805215355059325}
{"docno": "Sa41ee870-Af7b90eb9", "score": 24.801125516211698}
{"docno": "S51c34db5-A7345e66f", "score": 24.712189317450285}
{"docno": "Sb2b9a732-A55b9acde", "score": 24.71137072368687}
{"docno": "Sb2b9a732-Ad1ccd1e5", "score": 24.709629971599853}
{"docno": "Sd2226ec-Aaed3e80", "score": 24.701844831028616}
{"docno": "Sb2b9aa96-A343b737b", "score": 24.632739050347624}
{"docno": "Sda0b362d-A211c195", "score": 24.629336279872277}
{"docno": "Saedf4296-A7621c204", "score": 24.589638325710183}
{"docno": "Sd93e6b4a-A1fd63287", "score": 24.589638325710183}
{"docno": "S2d5cd7d8-Ab66c6d78", "score": 24.589638325710183}
{"docno": "S188a011e-Aaca0dc92", "score": 24.53810030735236}
{"docno": "Sfe453fc6-Af5c255f1", "score": 24.52801324941519}
{"docno": "Sfda29737-A54338c2a", "score": 24.49467584609718}
{"docno": "S4505ff06-Accb1f012", "score": 24.491073372405403}
{"docno": "S49479255-A7b10c3b0", "score": 24.476288186448052}
{"docno": "Sdd3e0a35-A27849150", "score": 24.473124623480942}
{"docno": "Sdca59d39-Af1ea663a", "score": 24.449377441415386}
{"docno": "S630f7c6f-Ad939113f", "score": 24.429835666189554}
{"docno": "S4dc41c70-A48a9fec7", "score": 24.411957138144082}
{"docno": "S4c1ced18-Ab5f48661", "score": 24.402193102099996}
{"docno": "Sadd94a29-Adaec28a4", "score": 24.402193102099996}
{"docno": "Sa233c82f-Afdf6e569", "score": 24.397522715195368}
{"docno": "S7b8b3bd1-Aa6c23d6c", "score": 24.390046567825838}
{"docno": "Sb2b9a6f4-Ac8296956", "score": 24.361137717174437}
{"docno": "S70ffe88-A3f4890b", "score": 24.356229776020367}
{"docno": "S2f9bf209-A76ef132", "score": 24.314708780974378}
{"docno": "S15101cce-Ad4c622f6", "score": 24.31409042771864}
{"docno": "Sdd3e0a35-Ab0e685f5", "score": 24.299749556896074}
{"docno": "S15101cce-A56da7228", "score": 24.28932960129272}
{"docno": "S6d69680-A53604b73", "score": 24.288801503113888}
{"docno": "Sc41b0f13-A1c9acd8d", "score": 24.28729109294575}
{"docno": "S5c3ec97-A861ae86c", "score": 24.286483321909454}
{"docno": "Sbaa5c71f-A41a88448", "score": 24.284285535729815}
{"docno": "S5c3ed70-Ab3c45d8a", "score": 24.2794085088358}
{"docno": "Sf3de1edf-Aef0f77d0", "score": 24.264843803740668}
{"docno": "Sdbdd46b7-Abbc3682a", "score": 24.206704938293093}
{"docno": "S630f7c6f-A166862a7", "score": 24.206704938293093}
{"docno": "S9443a255-Aa0880433", "score": 24.20597792678424}
{"docno": "Sb6f6e654-A34d89dbf", "score": 24.18256707718114}
{"docno": "Sa929fd9e-Af0c649f5", "score": 24.147939591327955}
{"docno": "S9225fb53-Ac8fc2c45", "score": 24.092395478026972}
{"docno": "S6d69680-A4ccc3f04", "score": 24.085859376523256}
{"docno": "Sbe6172ba-A93bb38eb", "score": 24.079857153411623}
{"docno": "S630f7c6f-A578dfae8", "score": 24.06571281987526}
{"docno": "Sba6cb247-Aedb0fa53", "score": 24.063690267309696}
{"docno": "Sbdba3f34-A6cf24bb0", "score": 24.031577151162125}
{"docno": "Sa3568bcf-A768f6120", "score": 24.028723906567844}
{"docno": "Sa3568c0d-A397ed372", "score": 24.019769251879254}
{"docno": "S9443a255-A7141efc2", "score": 24.017886770092993}
{"docno": "S441845a5-Add9fc5b", "score": 24.017886770092993}
{"docno": "Se9139e64-A52978fa1", "score": 24.00941716019795}
{"docno": "Saedf4638-A5ce76be1", "score": 24.000988153938536}
{"docno": "S91b9a76b-Abdbaf5b5", "score": 23.973343111207793}
{"docno": "S1831e588-A912fc8b8", "score": 23.94998733627557}
{"docno": "Sdca59d58-Aab109d43", "score": 23.939630464283724}
{"docno": "S93fbabb6-Aa4f322", "score": 23.922802684226056}
{"docno": "Saedf4638-Ada07efe8", "score": 23.922802684226056}
{"docno": "S1d5f1558-A5733da2d", "score": 23.875298722250676}
{"type": "toggleArgument", "timestamp": "2025-06-26T12:51:21.623Z", "sessionID": "9eba6962-80a2-4801-b770-4af22e573a3a", "rank": "1", "doc": "S5c3ed32-Ad3a26007", "action": "expand", "doclen": 1656, "score": 26.31195697992001}
{"type": "toggleArgument", "timestamp": "2025-06-26T12:51:44.111Z", "sessionID": "9eba6962-80a2-4801-b770-4af22e573a3a", "rank": "2", "doc": "S147e45bd-Abf45fa40", "action": "expand", "doclen": 1708, "score": 26.224389718581143}
{"type": "StanceClicked", "timestamp": "2025-06-26T12:51:47.592Z", "sessionID": "9eba6962-80a2-4801-b770-4af22e573a3a", "rank": "2", "stance": "con", "action": "chooseStance", "doc": "S147e45bd-Abf45fa40", "doclen": 1708, "score": 26.224389718581143}
{"type": "toggleArgument", "timestamp": "2025-06-26T12:51:50.127Z", "sessionID": "9eba6962-80a2-4801-b770-4af22e573a3a", "rank": "3", "doc": "S88d4f7ff-A74bb5cd9", "action": "expand", "doclen": 1728, "score": 26.188540551946396}
{"type": "StanceClicked", "timestamp": "2025-06-26T12:51:57.056Z", "sessionID": "9eba6962-80a2-4801-b770-4af22e573a3a", "rank": "3", "stance": "pro", "action": "chooseStance", "doc": "S88d4f7ff-A74bb5cd9", "doclen": 1728, "score": 26.188540551946396}
{"type": "queryBoxFocused", "timestamp": "2025-06-26T12:51:59.594Z", "sessionID": "9eba6962-80a2-4801-b770-4af22e573a3a"}
{"type": "querySubmitted", "timestamp": "2025-06-26T12:52:05.296Z", "sessionID": "9eba6962-80a2-4801-b770-4af22e573a3a", "query": "minimum wage life"}
{"docno": "S2f9bf209-A76ef132", "score": 26.987290038797518}
{"docno": "Sdb76a53d-Af95d8d36", "score": 26.861063273440013}
{"docno": "S3bbb9546-A7cf4fb87", "score": 26.83578511775068}
{"docno": "S6e49786a-A384474ef", "score": 26.65384105170971}
{"docno": "S188a011e-Aaca0dc92", "score": 26.602552925105954}
{"docno": "S1d5f1558-A5733da2d", "score": 26.379178728051784}
{"docno": "S5c3ed32-Ad3a26007", "score": 26.31195697992001}
{"docno": "S147e45bd-Abf45fa40", "score": 26.224389718581143}
{"docno": "S88d4f7ff-A74bb5cd9", "score": 26.188540551946396}
{"docno": "S5c3ed32-Aa2f2be54", "score": 26.073569909139913}
{"docno": "Se3b9f8b-A4d504fd4", "score": 26.061183496294454}
{"docno": "Sdd3e0a35-A986aedd", "score": 25.968983843311854}
{"docno": "Sba6cb247-Afeb5a5bf", "score": 25.777849417967563}
{"docno": "Sda0b362d-A6219c43a", "score": 25.680074974938314}
{"docno": "Sbd8467d7-Aa86ebaab", "score": 25.679751973853445}
{"docno": "Sb51a8b96-A679f1c49", "score": 25.66618574947522}
{"docno": "S5c3ed32-A6642821", "score": 25.65426342155635}
{"docno": "Sce0a06c8-A4ae94bba", "score": 25.597138470048606}
{"docno": "S2d5cd7d8-Ab10a1e01", "score": 25.587112982071645}
{"docno": "S5c3ed32-A623a0534", "score": 25.560543090006984}
{"docno": "Sba6cb247-Ae5111ce1", "score": 25.553297833922073}
{"docno": "Sfda29737-A5462fa90", "score": 25.5490899141942}
{"docno": "S5c3ed32-Aebef0e2f", "score": 25.501047584225297}
{"docno": "Sbcb6a7c3-A4701cd93", "score": 25.49845582191579}
{"docno": "Sdca59d96-A9ecaaaa7", "score": 25.49826036863881}
{"docno": "S6ac98ba6-A3ceec157", "score": 25.462918838291156}
{"docno": "S51c34db5-A1cd13b2b", "score": 25.46240541161351}
{"docno": "Sb6f6e654-A9919a595", "score": 25.419781158132647}
{"docno": "S4505ff06-A6d5b9990", "score": 25.310808864059965}
{"docno": "S148740e7-Ad729a9aa", "score": 25.25046542535948}
{"docno": "Sdca59d77-Ab1197bc8", "score": 25.19358208309969}
{"docno": "S3d4f60b6-A96a2dcdd", "score": 25.18168259842399}
{"docno": "S855ce88e-A277fd07a", "score": 25.15696012682887}
{"docno": "S7b8b3bd1-A909f6ae3", "score": 25.1501379359261}
{"docno": "Sf077d020-A4e659df7", "score": 25.122271801970868}
{"docno": "S49479255-A44c02274", "score": 25.120061429856207}
{"docno": "Sb2b9a732-A21bb158e", "score": 25.099303237508266}
{"docno": "S84bee0b1-A1d627527", "score": 25.056719588616982}
{"docno": "Sd2226ec-Ae551c903", "score": 25.00120230023143}
{"docno": "S6ac98ba6-Aecc81e50", "score": 24.993468223967575}
{"docno": "S7b8b3bd1-A510e30a5", "score": 24.967478787182554}
{"docno": "S7245daba-Af2afe0ee", "score": 24.96589251980311}
{"docno": "S2d5cd7d8-Ace43139d", "score": 24.932390220458473}
{"docno": "Se3b9f8b-A59050136", "score": 24.931238990275574}
{"docno": "S72d1888a-A3b2d68d8", "score": 24.926451736444136}
{"docno": "S5194bbe-Ad4e82f54", "score": 24.9263668746188}
{"docno": "S1cab55-A7065a4e7", "score": 24.912347607932077}
{"docno": "Sbd8467d7-Ab20dde86", "score": 24.89199871398366}
{"docno": "S2879f0f7-Acdfa2c59", "score": 24.850104308251197}
{"docno": "S4c1ced18-A6200abb2", "score": 24.84978671237421}
{"docno": "Sdd3e0a35-A354c5fd5", "score": 24.84947421508724}
{"docno": "Sb51a8b96-Ac6179d6d", "score": 24.848188266062145}
{"docno": "Sb2b9b1f9-A4049c9f", "score": 24.833301092013972}
{"docno": "Sa3568b53-Acef1ce62", "score": 24.827563722791698}
{"docno": "S84bee0b1-Ab5080f0f", "score": 24.81384930935905}
{"docno": "S3bbb9546-A9145906f", "score": 24.805215355059325}
{"docno": "Sa41ee870-Af7b90eb9", "score": 24.801125516211698}
{"docno": "S51c34db5-A7345e66f", "score": 24.712189317450285}
{"docno": "Sb2b9a732-A55b9acde", "score": 24.71137072368687}
{"docno": "Sb2b9a732-Ad1ccd1e5", "score": 24.709629971599853}
{"docno": "Sd2226ec-Aaed3e80", "score": 24.701844831028616}
{"docno": "Sdca59db5-A78510ad9", "score": 24.701420076265645}
{"docno": "Sb2b9aa96-A343b737b", "score": 24.632739050347624}
{"docno": "Sda0b362d-A211c195", "score": 24.629336279872277}
{"docno": "Saedf4296-A7621c204", "score": 24.589638325710183}
{"docno": "Sd93e6b4a-A1fd63287", "score": 24.589638325710183}
{"docno": "S2d5cd7d8-Ab66c6d78", "score": 24.589638325710183}
{"docno": "Sfe453fc6-Af5c255f1", "score": 24.52801324941519}
{"docno": "Sfda29737-A54338c2a", "score": 24.49467584609718}
{"docno": "S4505ff06-Accb1f012", "score": 24.491073372405403}
{"docno": "S49479255-A7b10c3b0", "score": 24.476288186448052}
{"docno": "Sdd3e0a35-A27849150", "score": 24.473124623480942}
{"docno": "Sdca59d39-Af1ea663a", "score": 24.449377441415386}
{"docno": "S5194bbe-A567ada0", "score": 24.447037098490643}
{"docno": "S630f7c6f-Ad939113f", "score": 24.429835666189554}
{"docno": "Se92323d6-A287ee910", "score": 24.427380593288206}
{"docno": "S4dc41c70-A48a9fec7", "score": 24.411957138144082}
{"docno": "S4c1ced18-Ab5f48661", "score": 24.402193102099996}
{"docno": "Sadd94a29-Adaec28a4", "score": 24.402193102099996}
{"docno": "Sa233c82f-Afdf6e569", "score": 24.397522715195368}
{"docno": "S7b8b3bd1-Aa6c23d6c", "score": 24.390046567825838}
{"docno": "Sb2b9a6f4-Ac8296956", "score": 24.361137717174437}
{"docno": "S70ffe88-A3f4890b", "score": 24.356229776020367}
{"docno": "S15101cce-Ad4c622f6", "score": 24.31409042771864}
{"docno": "Sdd3e0a35-Ab0e685f5", "score": 24.299749556896074}
{"docno": "S15101cce-A56da7228", "score": 24.28932960129272}
{"docno": "S6d69680-A53604b73", "score": 24.288801503113888}
{"docno": "Sc41b0f13-A1c9acd8d", "score": 24.28729109294575}
{"docno": "S5c3ec97-A861ae86c", "score": 24.286483321909454}
{"docno": "Sbaa5c71f-A41a88448", "score": 24.284285535729815}
{"docno": "S5c3ed70-Ab3c45d8a", "score": 24.2794085088358}
{"docno": "Sf3de1edf-Aef0f77d0", "score": 24.264843803740668}
{"docno": "Sdbdd46b7-Abbc3682a", "score": 24.206704938293093}
{"docno": "S630f7c6f-A166862a7", "score": 24.206704938293093}
{"docno": "S9443a255-Aa0880433", "score": 24.20597792678424}
{"docno": "Sb6f6e654-A34d89dbf", "score": 24.18256707718114}
{"docno": "Sa929fd9e-Af0c649f5", "score": 24.147939591327955}
{"docno": "S9225fb53-Ac8fc2c45", "score": 24.092395478026972}
{"docno": "S6d69680-A4ccc3f04", "score": 24.085859376523256}
{"docno": "Sbe6172ba-A93bb38eb", "score": 24.079857153411623}
{"type": "toggleArgument", "timestamp": "2025-06-26T12:52:08.127Z", "sessionID": "9eba6962-80a2-4801-b770-4af22e573a3a", "rank": "1", "doc": "S2f9bf209-A76ef132", "action": "expand", "doclen": 1074, "score": 24.314708780974378}
{"type": "toggleArgument", "timestamp": "2025-06-26T12:52:56.783Z", "sessionID": "9eba6962-80a2-4801-b770-4af22e573a3a", "rank": "2", "doc": "Sdb76a53d-Af95d8d36", "action": "expand", "doclen": 1829, "score": 19.217287112416177}
{"type": "StanceClicked", "timestamp": "2025-06-26T12:53:19.368Z", "sessionID": "9eba6962-80a2-4801-b770-4af22e573a3a", "rank": "2", "stance": "con", "action": "chooseStance", "doc": "Sdb76a53d-Af95d8d36", "doclen": 1829, "score": 19.217287112416177}
{"type": "toggleArgument", "timestamp": "2025-06-26T12:53:23.936Z", "sessionID": "9eba6962-80a2-4801-b770-4af22e573a3a", "rank": "3", "doc": "S3bbb9546-A7cf4fb87", "action": "expand", "doclen": 2657, "score": 25.25489297628522}
{"type": "toggleArgument", "timestamp": "2025-06-26T12:53:29.000Z", "sessionID": "9eba6962-80a2-4801-b770-4af22e573a3a", "rank": "4", "doc": "S6e49786a-A384474ef", "action": "expand", "doclen": 378, "score": 26.65384105170971}
{"type": "StanceClicked", "timestamp": "2025-06-26T12:53:43.160Z", "sessionID": "9eba6962-80a2-4801-b770-4af22e573a3a", "rank": "4", "stance": "pro", "action": "chooseStance", "doc": "S6e49786a-A384474ef", "doclen": 378, "score": 26.65384105170971}
{"type": "queryBoxFocused", "timestamp": "2025-06-26T12:53:47.818Z", "sessionID": "9eba6962-80a2-4801-b770-4af22e573a3a"}
{"type": "querySubmitted", "timestamp": "2025-06-26T12:53:51.496Z", "sessionID": "9eba6962-80a2-4801-b770-4af22e573a3a", "query": "wage fairness"}
{"docno": "S7b8b3bd1-Af036e455", "score": 20.62840731025978}
{"docno": "Sfdc31592-Af1d1cbfa", "score": 20.34911409662149}
{"docno": "S3e7ed8cd-Afa1fb512", "score": 19.125038509832407}
{"docno": "S70ffe88-A3f4890b", "score": 19.092223146205605}
{"docno": "S7b8b3bd1-A909f6ae3", "score": 19.039935766596678}
{"docno": "Sfdc31592-A501dac4e", "score": 18.9524975718349}
{"docno": "S4ed78f80-A3b1becd9", "score": 18.543142591260747}
{"docno": "S224060ff-A165e961a", "score": 18.337239768875122}
{"docno": "S1e94668a-A67dd1971", "score": 18.334052990398703}
{"docno": "Sce0a06a9-Adc556525", "score": 17.79576914511439}
{"docno": "Sd21a6c90-A4320d6e8", "score": 17.746570986264672}
{"docno": "Sa071780f-A8148d87d", "score": 17.728496231727835}
{"docno": "Sd13faac7-A40689ee2", "score": 17.56587728080554}
{"docno": "S9443a255-Aa0880433", "score": 17.458564664447998}
{"docno": "S26db4206-Afbf697c4", "score": 17.406495238284606}
{"docno": "S5c3ed51-A25b32182", "score": 17.185069876509104}
{"docno": "S4dc41c70-A48a9fec7", "score": 17.12464877001207}
{"docno": "Sdf3b033d-A8638502f", "score": 16.764194306058904}
{"docno": "Sd449ee78-Aab8f1de7", "score": 16.74939518341202}
{"docno": "S1d5f1558-A5733da2d", "score": 16.742266668481918}
{"docno": "S2f9bf209-A76ef132", "score": 16.678710499903357}
{"docno": "S3704822a-A8ebd8f8f", "score": 16.635169591773522}
{"docno": "S36935c1f-A720361ed", "score": 16.44840045732085}
{"docno": "S7a5dcb0b-A7b580cfe", "score": 16.413114393239113}
{"docno": "Sb2b9a713-A541de19f", "score": 16.398150413011557}
{"docno": "S5c3ed32-A6642821", "score": 16.307145163585503}
{"docno": "S60135b1f-A2be4cb2a", "score": 16.290133185309426}
{"docno": "Se9139e64-A41ee8d3d", "score": 16.21178748398215}
{"docno": "S188a011e-Aaca0dc92", "score": 16.13995556013557}
{"docno": "S325e6c51-Acae3c911", "score": 15.786478898833}
{"docno": "S88b57bbb-Af0a9b6bb", "score": 15.725649920597597}
{"docno": "S40f44a1b-Ac0e47cf4", "score": 15.687647877407077}
{"docno": "S55d6f602-A63fdef73", "score": 15.657014432206367}
{"docno": "S188a011e-A97ec6ae8", "score": 15.614831703980823}
{"docno": "S6099e56d-A60998d52", "score": 15.545080886914132}
{"docno": "S51c34db5-Ab2bcb2ee", "score": 15.532434295671202}
{"docno": "Saedf4638-A68d3fe2b", "score": 15.427993234572561}
{"docno": "Sc41b0f13-A4d162084", "score": 15.34115401406633}
{"docno": "Sc3928ca-Aa5932720", "score": 15.220602139913568}
{"docno": "Sb2b9aab5-A3d9bc873", "score": 15.1323143051335}
{"docno": "Sbe83ff08-A24a02355", "score": 14.931145565246496}
{"docno": "S5194bbe-A567ada0", "score": 14.846828092233496}
{"docno": "Sdca59d39-Ae72ae461", "score": 14.819443079452574}
{"docno": "Sc3928ca-Ad4b63c2d", "score": 14.755097908452555}
{"docno": "S429a99d8-A5007bc05", "score": 14.569987110348869}
{"docno": "Sf26931b3-A2c8eab94", "score": 14.487309234914388}
{"docno": "Sc879277c-Afce59efa", "score": 14.366250364711494}
{"docno": "S4505ff06-Ab6b4839b", "score": 14.319395659351317}
{"docno": "S4da47715-Adb7b3b59", "score": 14.306203872036324}
{"docno": "S95f5b83d-A4a528d98", "score": 14.187655672697602}
{"docno": "Sfda29737-A8774f008", "score": 13.880610171858823}
{"docno": "S74df972a-Ada5a26ec", "score": 13.544583656737375}
{"docno": "S4da47715-A6cd97607", "score": 13.438228454440472}
{"docno": "S459cbbd8-A6620f668", "score": 13.359292660640492}
{"docno": "Sdca59d58-Aaca4a7b", "score": 13.288249753560985}
{"docno": "Se34df64a-A261e34de", "score": 13.269562682552522}
{"docno": "S5c3ed32-Ad3a26007", "score": 13.18481791146446}
{"docno": "S1d5f1558-Ac7e5a422", "score": 13.171814801818368}
{"docno": "Se3b9f8b-Ab8c812f2", "score": 13.09488115482058}
{"docno": "S147e45bd-Abf45fa40", "score": 13.009366551763394}
{"docno": "Sba6cb247-Aedb0fa53", "score": 12.995735311289472}
{"docno": "S88d4f7ff-A74bb5cd9", "score": 12.992643453859042}
{"docno": "S5e5198bc-A166c5441", "score": 12.98124192441432}
{"docno": "S44faa354-Af67995a6", "score": 12.977701151820533}
{"docno": "S5c3ed32-Aa2f2be54", "score": 12.903912525529181}
{"docno": "S5c3ed32-Aebef0e2f", "score": 12.876774863246645}
{"docno": "Se3b9f8b-A4d504fd4", "score": 12.8320381619672}
{"docno": "Sf077d020-A4e659df7", "score": 12.82515291074612}
{"docno": "S5c3ed32-A623a0534", "score": 12.804321510470215}
{"docno": "S2d5cd7d8-Ab10a1e01", "score": 12.787093099183673}
{"docno": "Sc3928ca-Aef98605f", "score": 12.778502434534818}
{"docno": "Sbd8467d7-Aa86ebaab", "score": 12.762903332099096}
{"docno": "S51c34db5-A7345e66f", "score": 12.762604816127926}
{"docno": "S2d5cd7d8-Ace43139d", "score": 12.761261667046284}
{"docno": "S42f8393e-Ab93a43b6", "score": 12.75907477886673}
{"docno": "Sfda29737-A5462fa90", "score": 12.750895261871893}
{"docno": "Sb2b9a732-A55b9acde", "score": 12.698559422856409}
{"docno": "S1e94668a-A42100c26", "score": 12.687827090619628}
{"docno": "S7c667121-Aec2098b0", "score": 12.648620187269394}
{"docno": "Sdca59d77-Ab1197bc8", "score": 12.634726946113718}
{"docno": "Sc3928ca-Af81fb6ad", "score": 12.610794798572558}
{"docno": "Sce0a06c8-A4ae94bba", "score": 12.603551090898288}
{"docno": "Sdd3e0a35-Ab0e685f5", "score": 12.600603307155351}
{"docno": "Sdd3e0a35-A986aedd", "score": 12.596378499028773}
{"docno": "Sd2226ec-Ae551c903", "score": 12.58263087412955}
{"docno": "Sb6f6e654-A9919a595", "score": 12.581281682039762}
{"docno": "S9da00243-A3c2d0c35", "score": 12.55830759891793}
{"docno": "S49479255-A44c02274", "score": 12.555069828978759}
{"docno": "S1831e588-A912fc8b8", "score": 12.553856095632318}
{"docno": "S51c34db5-A1cd13b2b", "score": 12.53721105888234}
{"docno": "S6ac98ba6-Aecc81e50", "score": 12.518414738347722}
{"docno": "Sbd8467d7-Ab20dde86", "score": 12.510029710593166}
{"docno": "Sdca59d96-A9ecaaaa7", "score": 12.502462989683552}
{"docno": "S84bee0b1-Ab5080f0f", "score": 12.499639921877787}
{"docno": "Sa41ee870-Af7b90eb9", "score": 12.49399760924786}
{"docno": "Sdd3e0a35-A354c5fd5", "score": 12.491001616200105}
{"docno": "S148740e7-Ad729a9aa", "score": 12.47945538608681}
{"docno": "S3d4f60b6-A96a2dcdd", "score": 12.479062958909358}
{"docno": "Sb2b9a732-A21bb158e", "score": 12.46847339579611}
{"docno": "Sdd3e0a35-A27849150", "score": 12.46847339579611}
{"type": "toggleArgument", "timestamp": "2025-06-26T12:53:54.576Z", "sessionID": "9eba6962-80a2-4801-b770-4af22e573a3a", "rank": "1", "doc": "S7b8b3bd1-Af036e455", "action": "expand", "doclen": 683, "score": 20.477072998153844}
{"type": "StanceClicked", "timestamp": "2025-06-26T12:54:01.800Z", "sessionID": "9eba6962-80a2-4801-b770-4af22e573a3a", "rank": "1", "stance": "pro", "action": "chooseStance", "doc": "S7b8b3bd1-Af036e455", "doclen": 683, "score": 20.477072998153844}
{"type": "toggleArgument", "timestamp": "2025-06-26T12:54:09.160Z", "sessionID": "9eba6962-80a2-4801-b770-4af22e573a3a", "rank": "5", "doc": "S7b8b3bd1-A909f6ae3", "action": "expand", "doclen": 596, "score": 25.1501379359261}
{"type": "toggleArgument", "timestamp": "2025-06-26T12:54:42.768Z", "sessionID": "9eba6962-80a2-4801-b770-4af22e573a3a", "rank": "9", "doc": "S1e94668a-A67dd1971", "action": "expand", "doclen": 1122, "score": 18.334052990398703}
{"type": "StanceClicked", "timestamp": "2025-06-26T12:55:36.504Z", "sessionID": "9eba6962-80a2-4801-b770-4af22e573a3a", "rank": "9", "stance": "pro", "action": "chooseStance", "doc": "S1e94668a-A67dd1971", "doclen": 1122, "score": 18.334052990398703}
{"type": "pageNavigationClicked", "timestamp": "2025-06-26T12:55:39.376Z", "sessionID": "9eba6962-80a2-4801-b770-4af22e573a3a", "clicked": "2", "fromPage": 1, "toPage": 2}
{"type": "queryBoxFocused", "timestamp": "2025-06-26T12:55:45.117Z", "sessionID": "9eba6962-80a2-4801-b770-4af22e573a3a"}
{"type": "querySubmitted", "timestamp": "2025-06-26T12:55:58.720Z", "sessionID": "9eba6962-80a2-4801-b770-4af22e573a3a", "query": "wage worklife balance"}
{"docno": "Sc41b0f13-Ace027621", "score": 21.728380380858482}
{"docno": "Sbe617317-A99186f99", "score": 20.80086381586549}
{"docno": "Sdca59d96-A71ad77d1", "score": 20.334928355923775}
{"docno": "Scca27418-A94a3c7a7", "score": 19.97313265487844}
{"docno": "Sa39c565c-Acad9b2ee", "score": 18.144594859300145}
{"docno": "S147e45bd-Abf45fa40", "score": 17.923006973588716}
{"docno": "S88d4f7ff-A74bb5cd9", "score": 17.867143922097206}
{"docno": "Sdbdd46b7-Adc5ca2d3", "score": 17.821678020524438}
{"docno": "Sb2b9a732-Ad1ccd1e5", "score": 17.77650179378462}
{"docno": "Sfe453fc6-A439b12b9", "score": 16.937406132007}
{"docno": "Sda0b362d-A211c195", "score": 16.806265019293104}
{"docno": "Sffce53d3-A84ca7c01", "score": 16.48715174492031}
{"docno": "Sa3568bcf-A768f6120", "score": 16.37762072242868}
{"docno": "S5c3ed32-A623a0534", "score": 16.361314926107283}
{"docno": "Sa3568bee-Ad146cac6", "score": 15.751814641412723}
{"docno": "S16ee4347-Ad90f5d53", "score": 15.186466502752978}
{"docno": "Sdb76a53d-A5a9a34be", "score": 15.032975563245866}
{"docno": "S8b2eaf6e-A2e610f64", "score": 14.886891398841902}
{"docno": "S233ea44a-Ac68c4cd1", "score": 14.621200380792386}
{"docno": "S49479255-A6b8a5029", "score": 14.40440101551983}
{"docno": "S4e909451-Ad32d29bd", "score": 14.370823293988497}
{"docno": "S8b2eaf6e-A641326c1", "score": 14.370823293988497}
{"docno": "S12289143-A45bf77b1", "score": 14.25384721362599}
{"docno": "S74df972a-Ada5a26ec", "score": 14.206471733348586}
{"docno": "Sdbdd46b7-A223bcbc8", "score": 14.090228898492981}
{"docno": "Sf3f6a5f-Adca0760c", "score": 13.889336373196915}
{"docno": "Sef64ae9c-A2ab5da20", "score": 13.826726694380003}
{"docno": "Sa849ae5d-A6787be17", "score": 13.624703195181251}
{"docno": "S5811bdf5-A996f1e9b", "score": 13.505636804418764}
{"docno": "S5811be14-A49875e08", "score": 13.505636804418764}
{"docno": "S5c3ed32-Ad3a26007", "score": 13.18481791146446}
{"docno": "Sba6cb247-Aedb0fa53", "score": 12.995735311289472}
{"docno": "Sba6cb247-Ac078c603", "score": 12.95037606170069}
{"docno": "S72fcd3db-Ac118be99", "score": 12.912707460010592}
{"docno": "S5c3ed32-Aa2f2be54", "score": 12.903912525529181}
{"docno": "S7b8b3bd1-A909f6ae3", "score": 12.892191077002561}
{"docno": "S5c3ed32-Aebef0e2f", "score": 12.876774863246645}
{"docno": "S2be5cb95-A4c5fea6d", "score": 12.852608396700656}
{"docno": "Se3b9f8b-A4d504fd4", "score": 12.8320381619672}
{"docno": "Sf077d020-A4e659df7", "score": 12.82515291074612}
{"docno": "S5c3ed32-A6642821", "score": 12.793408985879761}
{"docno": "S2d5cd7d8-Ab10a1e01", "score": 12.787093099183673}
{"docno": "S7b8b3bd1-Af036e455", "score": 12.780407578869166}
{"docno": "Sbd8467d7-Aa86ebaab", "score": 12.762903332099096}
{"docno": "S51c34db5-A7345e66f", "score": 12.762604816127926}
{"docno": "S2d5cd7d8-Ace43139d", "score": 12.761261667046284}
{"docno": "Sfda29737-A5462fa90", "score": 12.750895261871893}
{"docno": "Sb2b9a732-A55b9acde", "score": 12.698559422856409}
{"docno": "Sa849ae3e-Ae67bc685", "score": 12.64984013414507}
{"docno": "Sdca59d77-Ab1197bc8", "score": 12.634726946113718}
{"docno": "Sce0a06c8-A4ae94bba", "score": 12.603551090898288}
{"docno": "Sdd3e0a35-Ab0e685f5", "score": 12.600603307155351}
{"docno": "Sdd3e0a35-A986aedd", "score": 12.596378499028773}
{"docno": "Sd2226ec-Ae551c903", "score": 12.58263087412955}
{"docno": "Sb6f6e654-A9919a595", "score": 12.581281682039762}
{"docno": "S9da00243-A3c2d0c35", "score": 12.55830759891793}
{"docno": "S49479255-A44c02274", "score": 12.555069828978759}
{"docno": "S1831e588-A912fc8b8", "score": 12.553856095632318}
{"docno": "S51c34db5-A1cd13b2b", "score": 12.53721105888234}
{"docno": "S6ac98ba6-Aecc81e50", "score": 12.518414738347722}
{"docno": "Sbd8467d7-Ab20dde86", "score": 12.510029710593166}
{"docno": "Sdca59d96-A9ecaaaa7", "score": 12.502462989683552}
{"docno": "S84bee0b1-Ab5080f0f", "score": 12.499639921877787}
{"docno": "Sa41ee870-Af7b90eb9", "score": 12.49399760924786}
{"docno": "Sdd3e0a35-A354c5fd5", "score": 12.491001616200105}
{"docno": "S7a5dcb0b-A7b580cfe", "score": 12.489342964945365}
{"docno": "S148740e7-Ad729a9aa", "score": 12.47945538608681}
{"docno": "S3d4f60b6-A96a2dcdd", "score": 12.479062958909358}
{"docno": "Sb2b9a732-A21bb158e", "score": 12.46847339579611}
{"docno": "Sdd3e0a35-A27849150", "score": 12.46847339579611}
{"docno": "S7b8b3bd1-A510e30a5", "score": 12.46782051477769}
{"docno": "S4505ff06-A6d5b9990", "score": 12.462567760978919}
{"docno": "Sa0cadd23-A87e8a9cb", "score": 12.438873255449213}
{"docno": "Sa233c82f-Afdf6e569", "score": 12.436265956857964}
{"docno": "S3bbb9546-A7cf4fb87", "score": 12.435035826142277}
{"docno": "S72d1888a-A3b2d68d8", "score": 12.434263062399754}
{"docno": "S4c829b55-A3c61ea80", "score": 12.432516306751403}
{"docno": "S2879f0f7-Acdfa2c59", "score": 12.431532882149314}
{"docno": "Sfe453fc6-Af5c255f1", "score": 12.422235892837136}
{"docno": "S5194bbe-Ad4e82f54", "score": 12.402014525409738}
{"docno": "S855ce88e-A277fd07a", "score": 12.38681552710203}
{"docno": "Sa233c82f-A905a9300", "score": 12.38633225260627}
{"docno": "Sd2226ec-Aaed3e80", "score": 12.385945660160111}
{"docno": "S3926fe2b-A5cb5fd23", "score": 12.384399531665728}
{"docno": "S3bbb9546-A9145906f", "score": 12.378037631033202}
{"docno": "S188a011e-Aaca0dc92", "score": 12.377186064497076}
{"docno": "S5c3ec97-Ab728c039", "score": 12.356529017882558}
{"docno": "Sc3be22c5-A7e5f181c", "score": 12.355086387695327}
{"docno": "Sdd3e0a35-Ae9ede6d", "score": 12.346946568726326}
{"docno": "S6d69680-A53604b73", "score": 12.317601340653358}
{"docno": "Sdb76a53d-Af95d8d36", "score": 12.316854472929895}
{"docno": "S1e1aee36-Af2a0c677", "score": 12.308507610248029}
{"docno": "Sbe6172ba-A93bb38eb", "score": 12.300517650700833}
{"docno": "Sffce53d3-A76499339", "score": 12.294969526739461}
{"docno": "S7245daba-Af2afe0ee", "score": 12.292737419512674}
{"docno": "Se3b9f8b-A59050136", "score": 12.275674671253087}
{"docno": "S49479255-A7b10c3b0", "score": 12.26726262013879}
{"docno": "Saedf4638-A5ce76be1", "score": 12.26670963428849}
{"docno": "S5c3ec97-A861ae86c", "score": 12.2651299493931}
{"docno": "S8d302e4b-A6947424a", "score": 12.264182333732608}
{"type": "toggleArgument", "timestamp": "2025-06-26T12:56:01.783Z", "sessionID": "9eba6962-80a2-4801-b770-4af22e573a3a", "rank": "1", "doc": "Sc41b0f13-Ace027621", "action": "expand", "doclen": 903, "score": 21.728380380858482}
{"type": "toggleArgument", "timestamp": "2025-06-26T12:56:32.224Z", "sessionID": "9eba6962-80a2-4801-b770-4af22e573a3a", "rank": "3", "doc": "Sdca59d96-A71ad77d1", "action": "expand", "doclen": 2313, "score": 20.334928355923775}
{"type": "toggleArgument", "timestamp": "2025-06-26T12:56:45.640Z", "sessionID": "9eba6962-80a2-4801-b770-4af22e573a3a", "rank": "4", "doc": "Scca27418-A94a3c7a7", "action": "expand", "doclen": 557, "score": 19.97313265487844}
{"type": "queryBoxFocused", "timestamp": "2025-06-26T12:56:51.946Z", "sessionID": "9eba6962-80a2-4801-b770-4af22e573a3a"}
{"type": "querySubmitted", "timestamp": "2025-06-26T12:56:59.017Z", "sessionID": "9eba6962-80a2-4801-b770-4af22e573a3a", "query": "wage society"}
{"docno": "Sdca59d77-Ab1197bc8", "score": 18.556431817222613}
{"docno": "S15101cce-Ad4c622f6", "score": 17.985917734612283}
{"docno": "Sdd3e0a35-Ae9ede6d", "score": 17.95735799559323}
{"docno": "Sa0cadd23-A87e8a9cb", "score": 17.84508667844615}
{"docno": "Sb2b9a732-Ad1ccd1e5", "score": 17.816709664833006}
{"docno": "S15101cce-A76a90958", "score": 17.475916995846987}
{"docno": "Sbe617317-A99186f99", "score": 17.184452964567445}
{"docno": "S15101cce-A56da7228", "score": 16.863254432028562}
{"docno": "Sda676268-Aea365cb2", "score": 16.78083877859019}
{"docno": "S7b8b3bd1-A510e30a5", "score": 16.779308675734832}
{"docno": "Sba6cb247-A8bf29ab5", "score": 16.53292827319635}
{"docno": "Sb2b9b1f9-A4049c9f", "score": 16.260438260114988}
{"docno": "S36935c1f-A720361ed", "score": 16.202589798147404}
{"docno": "Sdd3e0a35-Acff2d120", "score": 16.132281603966128}
{"docno": "Sdca59d39-A68117d45", "score": 16.071335463040548}
{"docno": "Sfb307db5-A967c3a22", "score": 15.882914156974298}
{"docno": "Sda0b362d-A6219c43a", "score": 15.880231601552875}
{"docno": "S6e49786a-A384474ef", "score": 15.869063056578502}
{"docno": "S8c44c819-A4128849d", "score": 15.844393436428003}
{"docno": "Se3b9f8b-A4d504fd4", "score": 15.71235755995889}
{"docno": "Sdca59d77-Ad7a89fe8", "score": 15.690848024152814}
{"docno": "Sdbdd46b7-Abbc3682a", "score": 15.630051108906201}
{"docno": "Sdd3e0a35-A986aedd", "score": 15.465623176273116}
{"docno": "Sc73501cc-Af8b41241", "score": 15.44929271131}
{"docno": "S72d1888a-Af8b9a3fd", "score": 15.44929271131}
{"docno": "Sdd3e0a35-A354c5fd5", "score": 15.243817091372112}
{"docno": "Sf266897a-A4b99fde5", "score": 15.215355263311457}
{"docno": "Sdf3b033d-A8638502f", "score": 15.178462690859629}
{"docno": "S9443a255-A194d649c", "score": 15.16595009745887}
{"docno": "Sf3de1edf-A6aa5056d", "score": 15.151429628038109}
{"docno": "S72d1888a-A3b2d68d8", "score": 15.12746809865317}
{"docno": "S15101cce-Aee93dd34", "score": 15.116385486314792}
{"docno": "S6d69680-A5add786a", "score": 15.10938143775688}
{"docno": "Sf26931b3-A2c8eab94", "score": 14.93222264340649}
{"docno": "S3d6d8b76-Ae3652606", "score": 14.889007679147774}
{"docno": "Se34df64a-Aa59afb7e", "score": 14.803504907482118}
{"docno": "Saedf46d3-A55ab1f13", "score": 14.798780251342755}
{"docno": "Sb51a8b96-Ac6179d6d", "score": 14.762117182124715}
{"docno": "S365ac6d2-A9bf145a7", "score": 14.749359349833188}
{"docno": "Scca27418-A94a3c7a7", "score": 14.749359349833188}
{"docno": "Sbe617317-A33653cb1", "score": 14.70534915036495}
{"docno": "Sbe617355-Afab8ef78", "score": 14.674389226070167}
{"docno": "S1d5f1558-A9e27be2f", "score": 14.62841284564054}
{"docno": "S31a6ac80-A77c58cb2", "score": 14.565270242748344}
{"docno": "Sbd77b6f0-Ac6aee798", "score": 14.554203960938926}
{"docno": "Se34df64a-A4da5e0b9", "score": 14.47912174796826}
{"docno": "S2e67d663-Adf2a82f6", "score": 14.350511608566016}
{"docno": "Sf57178d4-Ae997a7c6", "score": 14.317099760488725}
{"docno": "Sd512744e-A4afe3712", "score": 14.312406715644396}
{"docno": "S90e648e3-A29ef6ff0", "score": 14.251953163975141}
{"docno": "Se7a54d-A5f6ee9b5", "score": 14.221456913691345}
{"docno": "S24156517-A8fcc46ca", "score": 14.153337951837027}
{"docno": "Sc3928ca-Aa5932720", "score": 14.011150894822073}
{"docno": "Sfda29737-Aff8f9023", "score": 14.009338291444696}
{"docno": "S24156517-Aed718e1b", "score": 14.001367375596272}
{"docno": "Sc20f09d-Ab9b43c7", "score": 13.963261052542757}
{"docno": "Se4c4f298-A16c61b81", "score": 13.853509633580755}
{"docno": "S2c7557ae-A5e1d3660", "score": 13.85197728856362}
{"docno": "Sefd423bc-A7b102a81", "score": 13.794893969207754}
{"docno": "Sd917958a-A5f519c03", "score": 13.785699949845645}
{"docno": "Se9139e64-A41ee8d3d", "score": 13.771547790731283}
{"docno": "S188a011e-Afd8954d1", "score": 13.664640773080363}
{"docno": "Sf26931b3-Ad228a93a", "score": 13.644330485606375}
{"docno": "Sb50e5709-Ac1eec0fd", "score": 13.606399495503528}
{"docno": "S7d28cd24-A1d7b98ae", "score": 13.605373215370005}
{"docno": "S9d08a3e3-Ad47efb16", "score": 13.576978596500151}
{"docno": "Sf252295-Aced67574", "score": 13.576766683148309}
{"docno": "Se6c8a508-Acd788bcd", "score": 13.5540532695458}
{"docno": "S4fe46875-A57c1fcd8", "score": 13.479610588802352}
{"docno": "Se3b9f8b-A99a16e5b", "score": 13.464040075829448}
{"docno": "S143776af-Ae6c52506", "score": 13.400343680988884}
{"docno": "Sa451fc52-Aefd52167", "score": 13.380847999960272}
{"docno": "S4e0e2cdd-A85018f4e", "score": 13.349836410896117}
{"docno": "See4594f5-A8846658", "score": 13.33487477577308}
{"docno": "Sba6cb247-Ad705ebaf", "score": 13.326754052379899}
{"docno": "S8a961be4-A812e7f03", "score": 13.315362552939565}
{"docno": "S3d6d8b76-Aa0b9322a", "score": 13.301861029628352}
{"docno": "Se15975a0-A463a5f2e", "score": 13.281011827277663}
{"docno": "Sf26931b3-Ac94d0b5e", "score": 13.2638624146103}
{"docno": "S8be21055-A87552682", "score": 13.226385559896478}
{"docno": "S1490c6f6-Ab3e54daa", "score": 13.214395133801563}
{"docno": "S90e648e3-Ae0ec02bf", "score": 13.193858210755023}
{"docno": "S5c3ed32-Ad3a26007", "score": 13.18481791146446}
{"docno": "Sffce53d3-A5c26d375", "score": 13.175215735328138}
{"docno": "S95fe7ee8-A72f223a6", "score": 13.132168700053533}
{"docno": "S85ffe5ab-A8d71ae4b", "score": 13.042869322948118}
{"docno": "S147e45bd-Abf45fa40", "score": 13.009366551763394}
{"docno": "Sba6cb247-Aedb0fa53", "score": 12.995735311289472}
{"docno": "S88d4f7ff-A74bb5cd9", "score": 12.992643453859042}
{"docno": "Sfda29737-A8774f008", "score": 12.981917731701223}
{"docno": "Sc638dfd3-Aa3a05f09", "score": 12.962790496902214}
{"docno": "S5c3ed32-Aa2f2be54", "score": 12.903912525529181}
{"docno": "S7b8b3bd1-A909f6ae3", "score": 12.892191077002561}
{"docno": "S84bee0b1-Ad05d170b", "score": 12.891155742412785}
{"docno": "S5c3ed32-Aebef0e2f", "score": 12.876774863246645}
{"docno": "Sbcb6a7c3-Ab2a12760", "score": 12.862784463584424}
{"docno": "S9d08a3e3-A8e8061c3", "score": 12.845140674451528}
{"docno": "S3d6d8b76-A2fa9e149", "score": 12.835172979977697}
{"docno": "Sf077d020-A4e659df7", "score": 12.82515291074612}
{"docno": "S9eca1c07-Ad8765092", "score": 12.812816128173035}
{"type": "toggleArgument", "timestamp": "2025-06-26T12:57:02.168Z", "sessionID": "9eba6962-80a2-4801-b770-4af22e573a3a", "rank": "2", "doc": "S15101cce-Ad4c622f6", "action": "expand", "doclen": 127, "score": 19.944638639858983}
{"type": "toggleArgument", "timestamp": "2025-06-26T12:57:03.256Z", "sessionID": "9eba6962-80a2-4801-b770-4af22e573a3a", "rank": "2", "doc": "S15101cce-Ad4c622f6", "action": "reduce", "doclen": 127, "score": 19.944638639858983}
{"type": "StanceClicked", "timestamp": "2025-06-26T12:57:08.240Z", "sessionID": "9eba6962-80a2-4801-b770-4af22e573a3a", "rank": "2", "stance": "con", "action": "chooseStance", "doc": "S15101cce-Ad4c622f6", "doclen": 127, "score": 19.944638639858983}
{"type": "toggleArgument", "timestamp": "2025-06-26T12:57:15.863Z", "sessionID": "9eba6962-80a2-4801-b770-4af22e573a3a", "rank": "6", "doc": "S15101cce-A76a90958", "action": "expand", "doclen": 187, "score": 17.475916995846987}
{"type": "toggleArgument", "timestamp": "2025-06-26T12:57:17.296Z", "sessionID": "9eba6962-80a2-4801-b770-4af22e573a3a", "rank": "7", "doc": "Sbe617317-A99186f99", "action": "expand", "doclen": 220, "score": 20.80086381586549}
{"type": "toggleArgument", "timestamp": "2025-06-26T12:57:18.864Z", "sessionID": "9eba6962-80a2-4801-b770-4af22e573a3a", "rank": "8", "doc": "S15101cce-A56da7228", "action": "expand", "doclen": 2794, "score": 20.359925830291772}
{"type": "toggleArgument", "timestamp": "2025-06-26T12:57:26.967Z", "sessionID": "9eba6962-80a2-4801-b770-4af22e573a3a", "rank": "9", "doc": "Sda676268-Aea365cb2", "action": "expand", "doclen": 518, "score": 16.78083877859019}
{"type": "queryBoxFocused", "timestamp": "2025-06-26T12:57:33.394Z", "sessionID": "9eba6962-80a2-4801-b770-4af22e573a3a"}
{"type": "querySubmitted", "timestamp": "2025-06-26T12:57:39.560Z", "sessionID": "9eba6962-80a2-4801-b770-4af22e573a3a", "query": "employment wage"}
{"docno": "Sf077d020-A4e659df7", "score": 24.956626318143453}
{"docno": "S5c3ec97-Ab728c039", "score": 24.453209017642394}
{"docno": "Sadd94a29-Adaec28a4", "score": 24.26510127329003}
{"docno": "Sda676268-Aea365cb2", "score": 24.235675396021712}
{"docno": "Sa41ee870-Af2da928b", "score": 23.94780684655055}
{"docno": "S4c1ced18-A6200abb2", "score": 23.669821709619363}
{"docno": "S3d4f60b6-A96a2dcdd", "score": 23.597661946490202}
{"docno": "Sd6044911-A12fb84e2", "score": 23.4939186725668}
{"docno": "S9eb29eef-A2b575c16", "score": 23.360618169506793}
{"docno": "S32155510-A22401665", "score": 23.243885835822915}
{"docno": "S15101cce-A56da7228", "score": 23.1942302457444}
{"docno": "S32f15628-Af68b38ad", "score": 23.103080570669455}
{"docno": "S9d08a3e3-A2a036068", "score": 22.99459190721648}
{"docno": "Sdd3e0a35-A27849150", "score": 22.833437393479702}
{"docno": "Sb2b9a713-A3b6e4bdf", "score": 22.616520894534844}
{"docno": "Sb2b9b1f9-Adca80144", "score": 22.587996398928382}
{"docno": "Sf26931b3-Afaa6c8ef", "score": 22.57281931926885}
{"docno": "Sdd3e0a35-A475a4b5e", "score": 22.48800367666711}
{"docno": "Sd6044911-A21b270a0", "score": 22.408481839574982}
{"docno": "Sfdc31592-A501dac4e", "score": 22.337649637556083}
{"docno": "S9443a255-A39698330", "score": 22.241801215087754}
{"docno": "S6c6b40ff-A222807b", "score": 22.212089121188267}
{"docno": "Sdbdd46b7-A651a3a84", "score": 21.998253576343508}
{"docno": "Sc20f09d-Ab9b43c7", "score": 21.897700615537815}
{"docno": "S7245daba-Aa5e73354", "score": 21.868358109189263}
{"docno": "S9d08a3e3-Ad47efb16", "score": 21.867231377912894}
{"docno": "S2f9bf209-Aebad260f", "score": 21.84683954857615}
{"docno": "S5c3ed32-Aa2f2be54", "score": 21.738866584399688}
{"docno": "Sdd3e0a35-Acc06a471", "score": 21.614670103172866}
{"docno": "Sdd3e0a35-A9f746d4", "score": 21.606197963664624}
{"docno": "S5e621ee7-Ad9467537", "score": 21.586792269702205}
{"docno": "Sff045079-Aa14bddae", "score": 21.484225694906}
{"docno": "Sb2b9a6f4-Ac8296956", "score": 21.48412309236707}
{"docno": "S15101cce-Aee93dd34", "score": 21.39095524911923}
{"docno": "Sbe617336-A9bc0eb64", "score": 21.36795387663163}
{"docno": "S4b4ec7a8-A94f3f9", "score": 21.30810100187012}
{"docno": "Sddb9f050-Ac73921ab", "score": 21.238746432550776}
{"docno": "S5c3ec97-A861ae86c", "score": 21.185009020452533}
{"docno": "Sf3de1edf-A6aa5056d", "score": 21.181960407591447}
{"docno": "S7b8b3bd1-A909f6ae3", "score": 21.105353647681774}
{"docno": "Sfe453fc6-Af5c255f1", "score": 21.07838673986012}
{"docno": "S91b9a76b-A2bd012ca", "score": 21.060841565735807}
{"docno": "S6c6b40ff-A4876946b", "score": 21.012882196230187}
{"docno": "S148740e7-Ad729a9aa", "score": 20.994743219879773}
{"docno": "S72fed033-A4f678c2b", "score": 20.852247990918617}
{"docno": "S42f8393e-A8205ad6a", "score": 20.79964835505887}
{"docno": "Sba6cb247-Afeb5a5bf", "score": 20.744709952495427}
{"docno": "Sdd3e0a35-Aee2996b6", "score": 20.709284585126117}
{"docno": "Sdd3e0a35-A2acb29ef", "score": 20.707044011550693}
{"docno": "S7b8b3bd1-Af036e455", "score": 20.703831098689296}
{"docno": "Sce0a06c8-A4ae94bba", "score": 20.695772397002195}
{"docno": "Sb2b9ab50-A523e9634", "score": 20.675967619441764}
{"docno": "S80cf6227-A6e140d17", "score": 20.537558396350935}
{"docno": "S89ffb3d0-A32d3a59f", "score": 20.50713980280687}
{"docno": "S2f9bf209-A7b93774a", "score": 20.294705009937008}
{"docno": "Sdca59db5-A78510ad9", "score": 20.27530301842784}
{"docno": "Scb1a6cb0-Ae73e72cb", "score": 20.24554738170184}
{"docno": "Sd6cf79d9-A82ab9dc3", "score": 20.235460215064204}
{"docno": "S9d08a3e3-A2d3d95ad", "score": 20.161067210964298}
{"docno": "Sdca59d39-Ae72ae461", "score": 20.08128496006446}
{"docno": "Sbd8467d7-Ab20dde86", "score": 20.079535254472614}
{"docno": "S188a011e-Aaca0dc92", "score": 19.968010221082157}
{"docno": "Sbe61729b-A50ee513b", "score": 19.928257766962638}
{"docno": "Sf3de1edf-Ae8034388", "score": 19.898639296345852}
{"docno": "S5dc04c43-A373df1e5", "score": 19.836435858746025}
{"docno": "S8a961be4-A812e7f03", "score": 19.781259821292576}
{"docno": "Sb2b9a697-A4cfa28", "score": 19.767237121269787}
{"docno": "Sd449eef4-A69a477a2", "score": 19.72203381173523}
{"docno": "S6099e56d-A60998d52", "score": 19.70800234241912}
{"docno": "Sbe6172d9-A152f0e7", "score": 19.686839099094264}
{"docno": "S4c1ced18-A12b6149", "score": 19.638116338372853}
{"docno": "S42f8393e-Add86f1ba", "score": 19.619981914700865}
{"docno": "S188a011e-A97ec6ae8", "score": 19.607885815072063}
{"docno": "S196eabe7-A94654158", "score": 19.594199918756054}
{"docno": "Sdca59d96-A71ad77d1", "score": 19.56873752108836}
{"docno": "S4c1ced18-Ab5f48661", "score": 19.44895556447719}
{"docno": "S93fbabb6-A70bbd698", "score": 19.425703155279326}
{"docno": "S9d08a3e3-Ab466fd0c", "score": 19.38624409660015}
{"docno": "Sdd3e0a35-A2d6ce51a", "score": 19.38320289625279}
{"docno": "Sdd3e0a35-Aa5f0b11c", "score": 19.342428590535775}
{"docno": "Sdd3e0a35-A3ee9fdc5", "score": 19.342428590535775}
{"docno": "S188a011e-Afd8954d1", "score": 19.326229191891002}
{"docno": "Scace2559-A5c863c3e", "score": 19.322816436820464}
{"docno": "S49479255-Aacb5e719", "score": 19.319800808058613}
{"docno": "S9443a255-Aa0880433", "score": 19.319800808058613}
{"docno": "S6d69680-A5add786a", "score": 19.2275351118493}
{"docno": "Seb948bcd-A85b25528", "score": 19.179122001471896}
{"docno": "Sbcb6a7c3-A4701cd93", "score": 19.130849223739823}
{"docno": "Sa39c565c-Ad91a1545", "score": 19.070997461129476}
{"docno": "Se3274ae4-A7efed517", "score": 19.029827040767223}
{"docno": "S72fcd3db-Ac118be99", "score": 19.026571764810505}
{"docno": "S9c51f1b0-Ab710373a", "score": 18.990277530826805}
{"docno": "Sb51a8b96-Aa20ab469", "score": 18.984839086548448}
{"docno": "Sffce53d3-Afb8e7c09", "score": 18.945300756581773}
{"docno": "Sb2b9aed3-A9f6dc072", "score": 18.937864992841583}
{"docno": "S51c34db5-A7345e66f", "score": 18.913859319189108}
{"docno": "Sdd3e0a35-A2ace9641", "score": 18.890440783643974}
{"docno": "S4ed78f80-A3b1becd9", "score": 18.835749804197782}
{"docno": "S8c9c7325-A5e9b3095", "score": 18.711319665823176}
{"docno": "Sa41ee870-A8797d007", "score": 18.64577568605451}
{"type": "toggleArgument", "timestamp": "2025-06-26T12:57:42.616Z", "sessionID": "9eba6962-80a2-4801-b770-4af22e573a3a", "rank": "1", "doc": "Sf077d020-A4e659df7", "action": "expand", "doclen": 2577, "score": 25.122271801970868}
{"type": "toggleArgument", "timestamp": "2025-06-26T12:58:08.472Z", "sessionID": "9eba6962-80a2-4801-b770-4af22e573a3a", "rank": "2", "doc": "S5c3ec97-Ab728c039", "action": "expand", "doclen": 1223, "score": 12.356529017882558}
{"type": "toggleArgument", "timestamp": "2025-06-26T12:58:33.840Z", "sessionID": "9eba6962-80a2-4801-b770-4af22e573a3a", "rank": "4", "doc": "Sda676268-Aea365cb2", "action": "expand", "doclen": 518, "score": 16.78083877859019}
{"type": "toggleArgument", "timestamp": "2025-06-26T12:58:47.176Z", "sessionID": "9eba6962-80a2-4801-b770-4af22e573a3a", "rank": "6", "doc": "S4c1ced18-A6200abb2", "action": "expand", "doclen": 355, "score": 24.84978671237421}
{"type": "toggleArgument", "timestamp": "2025-06-26T12:58:57.832Z", "sessionID": "9eba6962-80a2-4801-b770-4af22e573a3a", "rank": "9", "doc": "S9eb29eef-A2b575c16", "action": "expand", "doclen": 1503, "score": 23.360618169506793}
{"type": "queryBoxFocused", "timestamp": "2025-06-26T12:59:05.866Z", "sessionID": "9eba6962-80a2-4801-b770-4af22e573a3a"}
{"type": "querySubmitted", "timestamp": "2025-06-26T12:59:17.712Z", "sessionID": "9eba6962-80a2-4801-b770-4af22e573a3a", "query": "employer wage "}
{"docno": "Sf077d020-A4e659df7", "score": 24.956626318143453}
{"docno": "S5c3ec97-Ab728c039", "score": 24.453209017642394}
{"docno": "Sadd94a29-Adaec28a4", "score": 24.26510127329003}
{"docno": "Sda676268-Aea365cb2", "score": 24.235675396021712}
{"docno": "Sa41ee870-Af2da928b", "score": 23.94780684655055}
{"docno": "S4c1ced18-A6200abb2", "score": 23.669821709619363}
{"docno": "S3d4f60b6-A96a2dcdd", "score": 23.597661946490202}
{"docno": "Sd6044911-A12fb84e2", "score": 23.4939186725668}
{"docno": "S9eb29eef-A2b575c16", "score": 23.360618169506793}
{"docno": "S32155510-A22401665", "score": 23.243885835822915}
{"docno": "S15101cce-A56da7228", "score": 23.1942302457444}
{"docno": "S32f15628-Af68b38ad", "score": 23.103080570669455}
{"docno": "S9d08a3e3-A2a036068", "score": 22.99459190721648}
{"docno": "Sdd3e0a35-A27849150", "score": 22.833437393479702}
{"docno": "Sb2b9a713-A3b6e4bdf", "score": 22.616520894534844}
{"docno": "Sb2b9b1f9-Adca80144", "score": 22.587996398928382}
{"docno": "Sf26931b3-Afaa6c8ef", "score": 22.57281931926885}
{"docno": "Sdd3e0a35-A475a4b5e", "score": 22.48800367666711}
{"docno": "Sd6044911-A21b270a0", "score": 22.408481839574982}
{"docno": "Sfdc31592-A501dac4e", "score": 22.337649637556083}
{"docno": "S9443a255-A39698330", "score": 22.241801215087754}
{"docno": "S6c6b40ff-A222807b", "score": 22.212089121188267}
{"docno": "Sdbdd46b7-A651a3a84", "score": 21.998253576343508}
{"docno": "Sc20f09d-Ab9b43c7", "score": 21.897700615537815}
{"docno": "S7245daba-Aa5e73354", "score": 21.868358109189263}
{"docno": "S9d08a3e3-Ad47efb16", "score": 21.867231377912894}
{"docno": "S2f9bf209-Aebad260f", "score": 21.84683954857615}
{"docno": "S5c3ed32-Aa2f2be54", "score": 21.738866584399688}
{"docno": "Sdd3e0a35-Acc06a471", "score": 21.614670103172866}
{"docno": "Sdd3e0a35-A9f746d4", "score": 21.606197963664624}
{"docno": "S5e621ee7-Ad9467537", "score": 21.586792269702205}
{"docno": "Sff045079-Aa14bddae", "score": 21.484225694906}
{"docno": "Sb2b9a6f4-Ac8296956", "score": 21.48412309236707}
{"docno": "S15101cce-Aee93dd34", "score": 21.39095524911923}
{"docno": "Sbe617336-A9bc0eb64", "score": 21.36795387663163}
{"docno": "S4b4ec7a8-A94f3f9", "score": 21.30810100187012}
{"docno": "Sddb9f050-Ac73921ab", "score": 21.238746432550776}
{"docno": "S5c3ec97-A861ae86c", "score": 21.185009020452533}
{"docno": "Sf3de1edf-A6aa5056d", "score": 21.181960407591447}
{"docno": "S7b8b3bd1-A909f6ae3", "score": 21.105353647681774}
{"docno": "Sfe453fc6-Af5c255f1", "score": 21.07838673986012}
{"docno": "S91b9a76b-A2bd012ca", "score": 21.060841565735807}
{"docno": "S6c6b40ff-A4876946b", "score": 21.012882196230187}
{"docno": "S148740e7-Ad729a9aa", "score": 20.994743219879773}
{"docno": "S72fed033-A4f678c2b", "score": 20.852247990918617}
{"docno": "S42f8393e-A8205ad6a", "score": 20.79964835505887}
{"docno": "Sba6cb247-Afeb5a5bf", "score": 20.744709952495427}
{"docno": "Sdd3e0a35-Aee2996b6", "score": 20.709284585126117}
{"docno": "Sdd3e0a35-A2acb29ef", "score": 20.707044011550693}
{"docno": "S7b8b3bd1-Af036e455", "score": 20.703831098689296}
{"docno": "Sce0a06c8-A4ae94bba", "score": 20.695772397002195}
{"docno": "Sb2b9ab50-A523e9634", "score": 20.675967619441764}
{"docno": "S80cf6227-A6e140d17", "score": 20.537558396350935}
{"docno": "S89ffb3d0-A32d3a59f", "score": 20.50713980280687}
{"docno": "S2f9bf209-A7b93774a", "score": 20.294705009937008}
{"docno": "Sdca59db5-A78510ad9", "score": 20.27530301842784}
{"docno": "Scb1a6cb0-Ae73e72cb", "score": 20.24554738170184}
{"docno": "Sd6cf79d9-A82ab9dc3", "score": 20.235460215064204}
{"docno": "S9d08a3e3-A2d3d95ad", "score": 20.161067210964298}
{"docno": "Sdca59d39-Ae72ae461", "score": 20.08128496006446}
{"docno": "Sbd8467d7-Ab20dde86", "score": 20.079535254472614}
{"docno": "S188a011e-Aaca0dc92", "score": 19.968010221082157}
{"docno": "Sbe61729b-A50ee513b", "score": 19.928257766962638}
{"docno": "Sf3de1edf-Ae8034388", "score": 19.898639296345852}
{"docno": "S5dc04c43-A373df1e5", "score": 19.836435858746025}
{"docno": "S8a961be4-A812e7f03", "score": 19.781259821292576}
{"docno": "Sb2b9a697-A4cfa28", "score": 19.767237121269787}
{"docno": "Sd449eef4-A69a477a2", "score": 19.72203381173523}
{"docno": "S6099e56d-A60998d52", "score": 19.70800234241912}
{"docno": "Sbe6172d9-A152f0e7", "score": 19.686839099094264}
{"docno": "S4c1ced18-A12b6149", "score": 19.638116338372853}
{"docno": "S42f8393e-Add86f1ba", "score": 19.619981914700865}
{"docno": "S188a011e-A97ec6ae8", "score": 19.607885815072063}
{"docno": "S196eabe7-A94654158", "score": 19.594199918756054}
{"docno": "Sdca59d96-A71ad77d1", "score": 19.56873752108836}
{"docno": "S4c1ced18-Ab5f48661", "score": 19.44895556447719}
{"docno": "S93fbabb6-A70bbd698", "score": 19.425703155279326}
{"docno": "S9d08a3e3-Ab466fd0c", "score": 19.38624409660015}
{"docno": "Sdd3e0a35-A2d6ce51a", "score": 19.38320289625279}
{"docno": "Sdd3e0a35-Aa5f0b11c", "score": 19.342428590535775}
{"docno": "Sdd3e0a35-A3ee9fdc5", "score": 19.342428590535775}
{"docno": "S188a011e-Afd8954d1", "score": 19.326229191891002}
{"docno": "Scace2559-A5c863c3e", "score": 19.322816436820464}
{"docno": "S49479255-Aacb5e719", "score": 19.319800808058613}
{"docno": "S9443a255-Aa0880433", "score": 19.319800808058613}
{"docno": "S6d69680-A5add786a", "score": 19.2275351118493}
{"docno": "Seb948bcd-A85b25528", "score": 19.179122001471896}
{"docno": "Sbcb6a7c3-A4701cd93", "score": 19.130849223739823}
{"docno": "Sa39c565c-Ad91a1545", "score": 19.070997461129476}
{"docno": "Se3274ae4-A7efed517", "score": 19.029827040767223}
{"docno": "S72fcd3db-Ac118be99", "score": 19.026571764810505}
{"docno": "S9c51f1b0-Ab710373a", "score": 18.990277530826805}
{"docno": "Sb51a8b96-Aa20ab469", "score": 18.984839086548448}
{"docno": "Sffce53d3-Afb8e7c09", "score": 18.945300756581773}
{"docno": "Sb2b9aed3-A9f6dc072", "score": 18.937864992841583}
{"docno": "S51c34db5-A7345e66f", "score": 18.913859319189108}
{"docno": "Sdd3e0a35-A2ace9641", "score": 18.890440783643974}
{"docno": "S4ed78f80-A3b1becd9", "score": 18.835749804197782}
{"docno": "S8c9c7325-A5e9b3095", "score": 18.711319665823176}
{"docno": "Sa41ee870-A8797d007", "score": 18.64577568605451}
{"type": "queryBoxFocused", "timestamp": "2025-06-26T12:59:22.068Z", "sessionID": "9eba6962-80a2-4801-b770-4af22e573a3a"}
{"type": "querySubmitted", "timestamp": "2025-06-26T12:59:29.808Z", "sessionID": "9eba6962-80a2-4801-b770-4af22e573a3a", "query": "wage policies"}
{"docno": "Sdca59db5-Abaa219c7", "score": 19.325027995316944}
{"docno": "Sce0a06c8-A4ae94bba", "score": 18.671811471142675}
{"docno": "Sb2b9ae38-A98429f16", "score": 17.94946149405142}
{"docno": "S4505ff06-Ae403f944", "score": 17.807402657039173}
{"docno": "Sddb9f050-Ac73921ab", "score": 17.62606844145252}
{"docno": "Scafa7193-Ac3b0e93f", "score": 17.580041937878445}
{"docno": "S5c3ed32-Ad3a26007", "score": 17.291458399019163}
{"docno": "Se11afe95-Ad5932a7c", "score": 17.087261147022776}
{"docno": "S147e45bd-Abf45fa40", "score": 17.066545442443903}
{"docno": "S88d4f7ff-A74bb5cd9", "score": 17.017504596425404}
{"docno": "Sbe6172ba-A93bb38eb", "score": 16.722484100137542}
{"docno": "Sffce53d3-A5c26d375", "score": 16.721247790659618}
{"docno": "Secc4434-Ad0cb31e3", "score": 16.67235607243304}
{"docno": "S418d4b4f-A66901c2b", "score": 16.540236504380722}
{"docno": "Sdd3e0a35-A986aedd", "score": 16.481960671670222}
{"docno": "S7a5dcb0b-A7b580cfe", "score": 16.42026791744457}
{"docno": "S365ac6d2-A9bf145a7", "score": 16.380212764381803}
{"docno": "S2837d80e-A430d25c1", "score": 16.32827524308945}
{"docno": "S50a8021e-A9d543f09", "score": 16.17928189180143}
{"docno": "Sf1166b20-A19b7e53a", "score": 16.157729411426562}
{"docno": "S1b93e28c-A3700a611", "score": 16.061547616783947}
{"docno": "S31a6ac80-A77c58cb2", "score": 15.866870107751236}
{"docno": "Sb6f6e654-A34d89dbf", "score": 15.807622413693071}
{"docno": "Sa233c82f-Afdf6e569", "score": 15.73789471144382}
{"docno": "S9c4ebe55-Acf042959", "score": 15.68953446355156}
{"docno": "Sa813d0b6-A4ba8e63", "score": 15.629703959748706}
{"docno": "S7245daba-Af2afe0ee", "score": 15.572932631360711}
{"docno": "S2c7557ae-A7f28d285", "score": 15.566631577606689}
{"docno": "S6099e56d-A60998d52", "score": 15.55328789971987}
{"docno": "S12289143-A45bf77b1", "score": 15.414483176712775}
{"docno": "Se7a54d-Ad26ad33", "score": 15.365294944751883}
{"docno": "S775a7f6f-A6271352d", "score": 15.322123746516425}
{"docno": "S15dc7bf2-A23529bca", "score": 15.294107550726523}
{"docno": "S9c4ebe55-A47c32be3", "score": 15.252100786143203}
{"docno": "S148740e7-Ad729a9aa", "score": 15.195438099126175}
{"docno": "S1725330c-A2966383c", "score": 15.029723992813407}
{"docno": "S1d5f1558-A5733da2d", "score": 15.024590277620804}
{"docno": "S40f0bed0-A62b1d4c1", "score": 14.988148812717238}
{"docno": "S3bd40508-A76dde43a", "score": 14.956257331802792}
{"docno": "Sbe83ff08-A24a02355", "score": 14.941245666297874}
{"docno": "Sbfdbc507-Af9b1835d", "score": 14.932356249610645}
{"docno": "Sa611f9b5-A3e2a343f", "score": 14.876157027222702}
{"docno": "S4505ff06-Accb1f012", "score": 14.78072763348498}
{"docno": "S5339b784-A991795d7", "score": 14.702450345712476}
{"docno": "S15e10fb1-A413fca95", "score": 14.66323208936097}
{"docno": "Sbcb6a7c3-Aa5c386ac", "score": 14.58710528863612}
{"docno": "Se72f1d33-A1dd54d0c", "score": 14.5842118371473}
{"docno": "Sbe617336-A9bc0eb64", "score": 14.573642938253196}
{"docno": "S9710a566-A39dd9f00", "score": 14.519597015165967}
{"docno": "S93fbabb6-A70bbd698", "score": 14.512812873988228}
{"docno": "Se9139e64-A41ee8d3d", "score": 14.505632464646538}
{"docno": "Sf946650-A70c7a624", "score": 14.411574628578116}
{"docno": "S6c6b40ff-A222807b", "score": 14.362674278167216}
{"docno": "Sfcce1a7a-Ad02ef4bf", "score": 14.228251501549854}
{"docno": "S3d9e8a34-Afad44430", "score": 14.20523664183158}
{"docno": "S3d6d8b76-A2fa9e149", "score": 14.197131284503222}
{"docno": "Sfe66689b-A4038f5aa", "score": 14.181347789249191}
{"docno": "Sf946650-A462ec1f6", "score": 14.148555014887593}
{"docno": "S1d5f1558-A9e27be2f", "score": 14.092874372396043}
{"docno": "S2f9bf209-Aebad260f", "score": 13.988523647489734}
{"docno": "S41e7c85b-A1f2ae706", "score": 13.943919694709425}
{"docno": "S24156517-Aca5cdc0", "score": 13.773654620385004}
{"docno": "S9ce77a30-A47866313", "score": 13.714222337524209}
{"docno": "S26db4206-Afbf697c4", "score": 13.687430524200126}
{"docno": "S95f5b83d-Ad3612b4c", "score": 13.57924880560962}
{"docno": "S1f79096e-Ac74e272a", "score": 13.57924880560962}
{"docno": "S4e8e8a62-A3ba2b1f1", "score": 13.535140604066946}
{"docno": "S400c5484-A68b724f8", "score": 13.464577666203365}
{"docno": "Sfbfe2e1c-A59493b4f", "score": 13.21370289371902}
{"docno": "S2c36b9d3-A2f06a899", "score": 13.190588700535638}
{"docno": "Seb354fad-Ab07cc69e", "score": 13.168073149249377}
{"docno": "Sf1013bc8-A64b0d405", "score": 13.163583870190195}
{"docno": "S2837d80e-Ab9529f4c", "score": 13.089004683916187}
{"docno": "Scb1a6cb0-Ae73e72cb", "score": 13.016516020637825}
{"docno": "Sffce53d3-Afebc35b8", "score": 13.011822877896035}
{"docno": "Sba6cb247-Aedb0fa53", "score": 12.995735311289472}
{"docno": "S3c757716-A17b7d300", "score": 12.988205071055784}
{"docno": "S4ed78f80-Ae4ac75d", "score": 12.934982408961464}
{"docno": "S91369277-A5c35db6e", "score": 12.905145276242326}
{"docno": "S5c3ed32-Aa2f2be54", "score": 12.903912525529181}
{"docno": "S7b8b3bd1-A909f6ae3", "score": 12.892191077002561}
{"docno": "S5c3ed32-Aebef0e2f", "score": 12.876774863246645}
{"docno": "Se3b9f8b-A4d504fd4", "score": 12.8320381619672}
{"docno": "Sf077d020-A4e659df7", "score": 12.82515291074612}
{"docno": "Sf1166b5e-Af976d9c7", "score": 12.817612793010799}
{"docno": "S5c3ed32-A623a0534", "score": 12.804321510470215}
{"docno": "S5c3ed32-A6642821", "score": 12.793408985879761}
{"docno": "S23d27120-A7494aa2e", "score": 12.792892732549845}
{"docno": "S2d5cd7d8-Ab10a1e01", "score": 12.787093099183673}
{"docno": "S7b8b3bd1-Af036e455", "score": 12.780407578869166}
{"docno": "Sbd8467d7-Aa86ebaab", "score": 12.762903332099096}
{"docno": "S51c34db5-A7345e66f", "score": 12.762604816127926}
{"docno": "S2d5cd7d8-Ace43139d", "score": 12.761261667046284}
{"docno": "Sfda29737-A5462fa90", "score": 12.750895261871893}
{"docno": "Sf3ea9b74-A6267960b", "score": 12.720642450799005}
{"docno": "Sb2b9a732-A55b9acde", "score": 12.698559422856409}
{"docno": "Sdca59d77-Ab1197bc8", "score": 12.634726946113718}
{"docno": "Sdd3e0a35-Ab0e685f5", "score": 12.600603307155351}
{"docno": "S15dc7bf2-Aaaf4d9fc", "score": 12.595950149652442}
{"docno": "Sd2226ec-Ae551c903", "score": 12.58263087412955}
{"type": "toggleArgument", "timestamp": "2025-06-26T12:59:33.200Z", "sessionID": "9eba6962-80a2-4801-b770-4af22e573a3a", "rank": "1", "doc": "Sdca59db5-Abaa219c7", "action": "expand", "doclen": 2321, "score": 25.73969873914656}
{"type": "toggleArgument", "timestamp": "2025-06-26T12:59:37.264Z", "sessionID": "9eba6962-80a2-4801-b770-4af22e573a3a", "rank": "2", "doc": "Sce0a06c8-A4ae94bba", "action": "expand", "doclen": 1604, "score": 30.244169385508854}
{"type": "toggleArgument", "timestamp": "2025-06-26T12:59:50.976Z", "sessionID": "9eba6962-80a2-4801-b770-4af22e573a3a", "rank": "4", "doc": "S4505ff06-Ae403f944", "action": "expand", "doclen": 600, "score": 17.807402657039173}
{"type": "toggleArgument", "timestamp": "2025-06-26T12:59:55.672Z", "sessionID": "9eba6962-80a2-4801-b770-4af22e573a3a", "rank": "6", "doc": "Scafa7193-Ac3b0e93f", "action": "expand", "doclen": 1061, "score": 17.580041937878445}
{"type": "queryBoxFocused", "timestamp": "2025-06-26T13:00:03.675Z", "sessionID": "9eba6962-80a2-4801-b770-4af22e573a3a"}
{"type": "querySubmitted", "timestamp": "2025-06-26T13:00:10.089Z", "sessionID": "9eba6962-80a2-4801-b770-4af22e573a3a", "query": "employer profit "}
{"docno": "Sf26931b3-Afaa6c8ef", "score": 21.105960972927335}
{"docno": "Sb342d74f-Adffada6b", "score": 19.831787262018544}
{"docno": "Sfc51f655-Ab64e3970", "score": 19.4867353868012}
{"docno": "S7b8b3bd1-A909f6ae3", "score": 19.16081596867817}
{"docno": "S9443a255-A39698330", "score": 19.142495301182887}
{"docno": "S8c0ffb6a-A85ad9f61", "score": 18.991703478975474}
{"docno": "S5e621ee7-Ad9467537", "score": 18.793372021318444}
{"docno": "Sf65bf3-Ad9bff8ba", "score": 17.588615041149623}
{"docno": "S944cb898-Ab3937b78", "score": 17.32553441754723}
{"docno": "S277a399d-A4028f79d", "score": 17.03388673303691}
{"docno": "Sba6cb247-Afeb5a5bf", "score": 16.964674950229313}
{"docno": "S8bd3b0ad-Ab3ed7d55", "score": 16.942545355740275}
{"docno": "Sc20f09d-Ab9b43c7", "score": 16.870341876535992}
{"docno": "Sc05f3992-A2e0ca125", "score": 16.644628014539848}
{"docno": "Sb2b9a713-A3b6e4bdf", "score": 16.618830447817878}
{"docno": "Se3fe80a5-A9750c831", "score": 16.496514322894686}
{"docno": "Sd859945c-Af3e93cde", "score": 16.32864125241599}
{"docno": "S92cb50f9-A5c078ac7", "score": 16.32864125241599}
{"docno": "S92cb50da-A5c078ac7", "score": 16.32864125241599}
{"docno": "S9d1d1e37-A9a18e241", "score": 16.225997391456527}
{"docno": "S6c6b40ff-A4876946b", "score": 16.070681176633425}
{"docno": "S50689d14-Aad30a6ad", "score": 16.024532993881998}
{"docno": "Se5cd332f-Af4235a87", "score": 15.698834942719666}
{"docno": "S188386ff-Aa76f8b15", "score": 15.588933874278036}
{"docno": "S15101cce-Aee93dd34", "score": 15.460434410958221}
{"docno": "Sf0c766c4-A246dc3c5", "score": 15.393958774960712}
{"docno": "S7b8b3bd1-Af036e455", "score": 15.176577116931021}
{"docno": "Sbe6172ba-A93bb38eb", "score": 15.091455431916089}
{"docno": "Sb2b9ab50-A523e9634", "score": 15.08483973241129}
{"docno": "S72fcd3db-Ac118be99", "score": 15.009818739391402}
{"docno": "Sd2b2bce1-A4c5a1e6f", "score": 14.970889412095083}
{"docno": "S4e63160a-A7f805883", "score": 14.913521950440542}
{"docno": "S89ffb3d0-A32d3a59f", "score": 14.902530157742829}
{"docno": "Sed3ffebf-Afeaed707", "score": 14.897813718553266}
{"docno": "Sad266774-Adecddd94", "score": 14.82785171069324}
{"docno": "S90def71c-A1eacadff", "score": 14.778885637791126}
{"docno": "S9443a255-A8dd79ce4", "score": 14.659430471601045}
{"docno": "Sb2b9a732-Ad1ccd1e5", "score": 14.546801832856868}
{"docno": "S5c3ed32-Aa2f2be54", "score": 14.491672843055506}
{"docno": "S48854045-A7fef37fb", "score": 14.3829101523377}
{"docno": "Sf26931b3-A2c8eab94", "score": 14.281881962389871}
{"docno": "Sdd3e0a35-A2d6ce51a", "score": 14.254653952331115}
{"docno": "Scbe875cd-Ae2a18c8b", "score": 14.222417255825412}
{"docno": "Sa0587216-A1c58fb6e", "score": 14.098933921887257}
{"docno": "Sec2c990d-Aba63243c", "score": 14.060547309067621}
{"docno": "Sd381e8f3-A324753c", "score": 14.053601694513532}
{"docno": "S825c062c-A8c3ef6d5", "score": 14.003877696347171}
{"docno": "Sb432cf8f-Ac31ea0c4", "score": 13.96324240263353}
{"docno": "S2476225d-A65468d2c", "score": 13.96324240263353}
{"docno": "Sbc393d16-Aa7fc85d2", "score": 13.871630191855795}
{"docno": "S4d287c99-A372ad135", "score": 13.830697132764147}
{"docno": "S18e018e1-A310c354e", "score": 13.797482288038154}
{"docno": "Sd5b19b8c-Acea9f542", "score": 13.707884399991359}
{"docno": "S442da727-Ac1fb035f", "score": 13.616256905468891}
{"docno": "S37271d8d-A154a86c9", "score": 13.612506826886134}
{"docno": "Sc76bb1bb-A7ee069f9", "score": 13.584497282102538}
{"docno": "S555b8419-Adf587652", "score": 13.53438523419424}
{"docno": "S54684f07-A28ef9d26", "score": 13.37203128505373}
{"docno": "Sc08244da-A7898e931", "score": 13.36872394729577}
{"docno": "S4b4ec7a8-A94f3f9", "score": 13.315860765498176}
{"docno": "S64222825-A143f511a", "score": 13.296669669699417}
{"docno": "Sbe6172d9-A152f0e7", "score": 13.195259792053431}
{"docno": "S675cad8d-A322e5360", "score": 13.176793632707213}
{"docno": "S50af85f7-A901059c", "score": 13.16739157119208}
{"docno": "Sd0461c26-Abcb64581", "score": 13.15012081285764}
{"docno": "S188a011e-A97ec6ae8", "score": 13.10529665833441}
{"docno": "Sff045079-A34025781", "score": 13.03255591113212}
{"docno": "Se671615f-A1d73c221", "score": 13.01892578504675}
{"docno": "S719c5b13-A9903ceb6", "score": 12.996051665558285}
{"docno": "S1b93e28c-A3700a611", "score": 12.965809920529667}
{"docno": "Sb7958305-Ab81d253c", "score": 12.956776148382653}
{"docno": "Saa025805-Ad035cd50", "score": 12.932501871711782}
{"docno": "Sdbdd46b7-A223bcbc8", "score": 12.931449574212028}
{"docno": "Sff045079-A5a76b575", "score": 12.891841842597008}
{"docno": "S718e766f-Ab5a812b6", "score": 12.889571436324173}
{"docno": "S89e52114-Ae87ba5db", "score": 12.873277096613036}
{"docno": "S204eb731-Ab044be5", "score": 12.800066682871762}
{"docno": "S10dba703-Ac7c9a8a", "score": 12.773325137146823}
{"docno": "Sbdb6ea71-Aeee666e3", "score": 12.730651744520394}
{"docno": "S2d22f779-A257b40e2", "score": 12.721239948227904}
{"docno": "S719c5b13-Ab5ab1e04", "score": 12.709466532654679}
{"docno": "Sf3ea9b74-Ad55b10fc", "score": 12.708509013480892}
{"docno": "Sf64a4cb3-Aa18c31ab", "score": 12.64753901681123}
{"docno": "Sb50edb07-Afdb605b9", "score": 12.63445492188313}
{"docno": "S1725330c-A1cbe054d", "score": 12.590788056128819}
{"docno": "S37fd60c0-A1c9f2cc", "score": 12.59072285936063}
{"docno": "Sf332401d-Ae90947a", "score": 12.59072285936063}
{"docno": "S15fb2015-Ada97dc7a", "score": 12.547190769744974}
{"docno": "S824a5a69-Af0598dbd", "score": 12.474177475574002}
{"docno": "S4ed78f80-A190684c2", "score": 12.457067106362485}
{"docno": "S15fb2015-A12e5658d", "score": 12.437634021867197}
{"docno": "Sff045079-A79c100db", "score": 12.39948769254333}
{"docno": "Sdf5d8b61-A218da270", "score": 12.39948769254333}
{"docno": "Sdd3e0a35-A2acb29ef", "score": 12.39948769254333}
{"docno": "S5c02dbdc-A593b0fd4", "score": 12.382312941812764}
{"docno": "S21b27698-Afd976e1a", "score": 12.375366518719712}
{"docno": "S8865dda1-Aa97db99c", "score": 12.363637845626267}
{"docno": "Sdbdd46b7-A651a3a84", "score": 12.359769896108817}
{"docno": "See4594f5-A8846658", "score": 12.300522926397678}
{"docno": "Sa44198ad-Ae838d113", "score": 12.295340605085324}
{"type": "toggleArgument", "timestamp": "2025-06-26T13:00:17.088Z", "sessionID": "9eba6962-80a2-4801-b770-4af22e573a3a", "rank": "2", "doc": "Sb342d74f-Adffada6b", "action": "expand", "doclen": 2705, "score": 19.831787262018544}
{"type": "queryBoxFocused", "timestamp": "2025-06-26T13:00:18.915Z", "sessionID": "9eba6962-80a2-4801-b770-4af22e573a3a"}
{"type": "querySubmitted", "timestamp": "2025-06-26T13:00:25.472Z", "sessionID": "9eba6962-80a2-4801-b770-4af22e573a3a", "query": "profit minimum wage"}
{"docno": "S7b8b3bd1-A909f6ae3", "score": 36.09779133392506}
{"docno": "Sfda29737-A5462fa90", "score": 33.58398798504385}
{"docno": "Sb2b9aa96-A343b737b", "score": 33.5376367213227}
{"docno": "Sbe6172ba-A93bb38eb", "score": 33.27447743410316}
{"docno": "Sb2b9a732-Ad1ccd1e5", "score": 32.931968024264656}
{"docno": "S5c3ed32-Aa2f2be54", "score": 31.730288693324916}
{"docno": "S5e621ee7-Ad9467537", "score": 31.397621295037062}
{"docno": "Sb2b9aa96-Aff9a6f2a", "score": 31.05158060684206}
{"docno": "Sb2b9a732-A21bb158e", "score": 30.80837952391188}
{"docno": "Sb2b9aeb4-A9929e732", "score": 30.420804807367464}
{"docno": "S49479255-A44c02274", "score": 30.32344205718547}
{"docno": "S7b8b3bd1-Af036e455", "score": 30.167287364435204}
{"docno": "S4ed78f80-A190684c2", "score": 30.070117021743975}
{"docno": "S2879f0f7-Acdfa2c59", "score": 29.822764759184757}
{"docno": "Sba6cb247-Afeb5a5bf", "score": 29.739677907066973}
{"docno": "Sdd3e0a35-Ab0e685f5", "score": 29.592427738371455}
{"docno": "S1831e588-A912fc8b8", "score": 29.46873165897378}
{"docno": "Sc20f09d-Ab9b43c7", "score": 29.376929448479643}
{"docno": "Saedf4638-A5ce76be1", "score": 29.339474416760964}
{"docno": "S15101cce-Aee93dd34", "score": 29.180403825908527}
{"docno": "Se11b032f-A35ec413c", "score": 29.147214318361854}
{"docno": "S9443a255-A39698330", "score": 28.931397646921376}
{"docno": "S855ce88e-A885f53d6", "score": 28.867140294465578}
{"docno": "S148740e7-Ad729a9aa", "score": 28.565931202576586}
{"docno": "S1b93e28c-A3700a611", "score": 28.507327731345626}
{"docno": "S188a011e-A97ec6ae8", "score": 28.400774333635063}
{"docno": "Sdd3e0a35-Ae9ede6d", "score": 28.395452615985917}
{"docno": "S49479255-A7b10c3b0", "score": 28.072004503038656}
{"docno": "S775a7f6f-A2735a58d", "score": 27.967927772267164}
{"docno": "Sb50e5709-A97a9ca9f", "score": 27.81120457109548}
{"docno": "S5c3ed51-A25b32182", "score": 27.807865785216595}
{"docno": "S2f9bf209-Abd4e7d35", "score": 27.785138373220914}
{"docno": "Sf26931b3-A2c8eab94", "score": 27.34025712829521}
{"docno": "Se7a54d-A5f6ee9b5", "score": 27.21887592226532}
{"docno": "Sf26931b3-Afaa6c8ef", "score": 27.181710496554054}
{"docno": "S89ffb3d0-A32d3a59f", "score": 26.956757598710112}
{"docno": "S24156517-Aca5cdc0", "score": 26.525337679602828}
{"docno": "Sfda29737-A8774f008", "score": 26.356614907783072}
{"docno": "S5c3ed32-Ad3a26007", "score": 26.31195697992001}
{"docno": "S147e45bd-Abf45fa40", "score": 26.224389718581143}
{"docno": "S4b9d92ec-Aab0f3e56", "score": 26.18927375124896}
{"docno": "S88d4f7ff-A74bb5cd9", "score": 26.188540551946396}
{"docno": "Se3b9f8b-A4d504fd4", "score": 26.061183496294454}
{"docno": "Sdd279955-Afc1e6313", "score": 26.009994067508025}
{"docno": "Sf26931b3-A58151f53", "score": 25.97662238691411}
{"docno": "Sbe6172d9-A152f0e7", "score": 25.94695430466509}
{"docno": "Sdd3e0a35-A2d6ce51a", "score": 25.946670125058382}
{"docno": "S6c6b40ff-A4876946b", "score": 25.875318747291466}
{"docno": "Sbd8467d7-Aa86ebaab", "score": 25.679751973853445}
{"docno": "S5c3ed32-A6642821", "score": 25.65426342155635}
{"docno": "S9d08a3e3-A8e8061c3", "score": 25.599386122177307}
{"docno": "Sce0a06c8-A4ae94bba", "score": 25.597138470048606}
{"docno": "S2d5cd7d8-Ab10a1e01", "score": 25.587112982071645}
{"docno": "Sb2b9ab50-A523e9634", "score": 25.57139973186433}
{"docno": "S5c3ed32-A623a0534", "score": 25.560543090006984}
{"docno": "S5c3ed32-Aebef0e2f", "score": 25.501047584225297}
{"docno": "Sdca59d96-A9ecaaaa7", "score": 25.49826036863881}
{"docno": "S51c34db5-A1cd13b2b", "score": 25.46240541161351}
{"docno": "Sb6f6e654-A9919a595", "score": 25.419781158132647}
{"docno": "S4505ff06-A6d5b9990", "score": 25.310808864059965}
{"docno": "S960c1df4-A4d07e2de", "score": 25.307832739188655}
{"docno": "Sdca59d58-Aaca4a7b", "score": 25.304020713505913}
{"docno": "S3bbb9546-A7cf4fb87", "score": 25.25489297628522}
{"docno": "Sdca59d77-Ab1197bc8", "score": 25.19358208309969}
{"docno": "S3d4f60b6-A96a2dcdd", "score": 25.18168259842399}
{"docno": "S855ce88e-A277fd07a", "score": 25.15696012682887}
{"docno": "Sf077d020-A4e659df7", "score": 25.122271801970868}
{"docno": "Sa929fdbd-Ab6209c04", "score": 25.113617354351913}
{"docno": "Sd2226ec-Ae551c903", "score": 25.00120230023143}
{"docno": "S6ac98ba6-Aecc81e50", "score": 24.993468223967575}
{"docno": "S7b8b3bd1-A510e30a5", "score": 24.967478787182554}
{"docno": "S7245daba-Af2afe0ee", "score": 24.96589251980311}
{"docno": "S2d5cd7d8-Ace43139d", "score": 24.932390220458473}
{"docno": "Se3b9f8b-A59050136", "score": 24.931238990275574}
{"docno": "S72d1888a-A3b2d68d8", "score": 24.926451736444136}
{"docno": "S5194bbe-Ad4e82f54", "score": 24.9263668746188}
{"docno": "Sb53f691e-Abdda7be2", "score": 24.920074220110834}
{"docno": "Sbd8467d7-Ab20dde86", "score": 24.89199871398366}
{"docno": "S4c1ced18-A6200abb2", "score": 24.84978671237421}
{"docno": "Sdd3e0a35-A354c5fd5", "score": 24.84947421508724}
{"docno": "Sdb76a53d-Af95d8d36", "score": 24.841804362325146}
{"docno": "Sb2b9b1f9-A4049c9f", "score": 24.833301092013972}
{"docno": "Sf252295-Aced67574", "score": 24.82802789844036}
{"docno": "Sa3568b53-Acef1ce62", "score": 24.827563722791698}
{"docno": "S84bee0b1-Ab5080f0f", "score": 24.81384930935905}
{"docno": "S3bbb9546-A9145906f", "score": 24.805215355059325}
{"docno": "Sa41ee870-Af7b90eb9", "score": 24.801125516211698}
{"docno": "S51c34db5-A7345e66f", "score": 24.712189317450285}
{"docno": "Sb2b9a732-A55b9acde", "score": 24.71137072368687}
{"docno": "Sd2226ec-Aaed3e80", "score": 24.701844831028616}
{"docno": "Sda0b362d-A211c195", "score": 24.629336279872277}
{"docno": "S95f5b83d-A4a528d98", "score": 24.614841390788172}
{"docno": "Sdca59d58-Addbef763", "score": 24.614595438164404}
{"docno": "Saedf4296-A7621c204", "score": 24.589638325710183}
{"docno": "Sd93e6b4a-A1fd63287", "score": 24.589638325710183}
{"docno": "S2d5cd7d8-Ab66c6d78", "score": 24.589638325710183}
{"docno": "S188a011e-Aaca0dc92", "score": 24.53810030735236}
{"docno": "Sfe453fc6-Af5c255f1", "score": 24.52801324941519}
{"docno": "Sfda29737-A54338c2a", "score": 24.49467584609718}
{"docno": "S4505ff06-Accb1f012", "score": 24.491073372405403}
{"type": "toggleArgument", "timestamp": "2025-06-26T13:00:36.361Z", "sessionID": "9eba6962-80a2-4801-b770-4af22e573a3a", "rank": "5", "doc": "Sb2b9a732-Ad1ccd1e5", "action": "expand", "doclen": 1152, "score": 24.709629971599853}
{"type": "toggleArgument", "timestamp": "2025-06-26T13:00:39.945Z", "sessionID": "9eba6962-80a2-4801-b770-4af22e573a3a", "rank": "6", "doc": "S5c3ed32-Aa2f2be54", "action": "expand", "doclen": 1190, "score": 26.073569909139913}
{"type": "toggleArgument", "timestamp": "2025-06-26T13:00:51.673Z", "sessionID": "9eba6962-80a2-4801-b770-4af22e573a3a", "rank": "8", "doc": "Sb2b9aa96-Aff9a6f2a", "action": "expand", "doclen": 2005, "score": 31.05158060684206}
{"type": "pageNavigationClicked", "timestamp": "2025-06-26T13:01:01.769Z", "sessionID": "9eba6962-80a2-4801-b770-4af22e573a3a", "clicked": "2", "fromPage": 1, "toPage": 2}
{"type": "toggleArgument", "timestamp": "2025-06-26T13:01:03.729Z", "sessionID": "9eba6962-80a2-4801-b770-4af22e573a3a", "rank": "11", "doc": "S49479255-A44c02274", "action": "expand", "doclen": 1299, "score": 25.120061429856207}
{"type": "ClickedEndTask", "timestamp": "2025-06-26T13:01:12.017Z", "sessionID": "9eba6962-80a2-4801-b770-4af22e573a3a"}
{"type": "TaskEndConfirmed", "timestamp": "2025-06-26T13:01:14.337Z", "sessionID": "9eba6962-80a2-4801-b770-4af22e573a3a"}
{"type": "TaskEnded", "timestamp": "2025-06-26T13:01:19.129Z", "sessionID": "9eba6962-80a2-4801-b770-4af22e573a3a", "reason": "Zeit ist um", "translated_reason": "Time is around"}
