{"type": "TaskStarted", "timestamp": "2025-06-26T10:20:45.726Z", "sessionID": "1f6711b4-2632-4d3b-9605-f3a6bf26a74a", "task": "2", "uid": "Participant38", "topic": "Should the government allow illegal immigrants to become citizens?"}
{"type": "queryBoxFocused", "timestamp": "2025-06-26T10:20:48.265Z", "sessionID": "1f6711b4-2632-4d3b-9605-f3a6bf26a74a"}
{"type": "querySubmitted", "timestamp": "2025-06-26T10:20:52.951Z", "sessionID": "1f6711b4-2632-4d3b-9605-f3a6bf26a74a", "query": "Should the government allow illegal immigrants to become citizens?"}
{"docno": "S3dfdaea9-Ae5471e32", "score": 39.04751395355969}
{"docno": "S1c270f65-Ac87fc5f0", "score": 35.56824993471416}
{"docno": "Sf44bcd7f-A5317de4e", "score": 34.60509630041466}
{"docno": "S8e58c781-Ad7e1287b", "score": 34.05156841725234}
{"docno": "S31f5da82-Af1ad2911", "score": 33.99168919917319}
{"docno": "S8e58c781-A89b46335", "score": 33.96504785787292}
{"docno": "S9e36ecf4-A82cc4a5", "score": 32.637536133606346}
{"docno": "Scd8abfbd-A72b5d293", "score": 32.53180986256785}
{"docno": "Scd8abfdc-Ad2c1d2a3", "score": 32.53180986256785}
{"docno": "S4d289846-A608434b", "score": 32.118761992540236}
{"docno": "S188b21d7-A7fc826be", "score": 31.917004085308044}
{"docno": "S341863b5-A677df0e", "score": 31.80708051488311}
{"docno": "Sc8662773-A4cb8d748", "score": 31.479678206617102}
{"docno": "S68a8a49-A15e76f1b", "score": 31.340185789627107}
{"docno": "S1e41d536-A1f11f0ab", "score": 31.338978474274928}
{"docno": "S8e58c781-Aacefdde3", "score": 31.273898640522102}
{"docno": "S5e48a4d6-Ae7bd9181", "score": 30.99290277353379}
{"docno": "S7b43bc48-A1794db48", "score": 30.723496930382584}
{"docno": "S341863b5-A536df7d2", "score": 30.464275021963356}
{"docno": "S9f5ade2f-A89216550", "score": 30.435844058681784}
{"docno": "Sd0461c26-A850af313", "score": 30.327813851540306}
{"docno": "Sd0461c26-Aedbc09a1", "score": 30.235589762579288}
{"docno": "Sd082c316-Aadbc9f0e", "score": 29.93924971003243}
{"docno": "S3dfdaea9-A2b4a22d6", "score": 29.938654102293675}
{"docno": "S59ad9eee-A526df2a1", "score": 29.918772603976414}
{"docno": "S3dfdaea9-A77c922c8", "score": 29.86237137499702}
{"docno": "S6d359933-Ab127c11c", "score": 29.820656577283106}
{"docno": "S5e48a4d6-A92a33fb0", "score": 29.751219482998426}
{"docno": "Seb83b1d7-Ac9b5b431", "score": 29.534636022680274}
{"docno": "S16286dc2-Aec92f84f", "score": 29.531486351575257}
{"docno": "S5e48a4d6-Ad22876ee", "score": 29.424187339139326}
{"docno": "S68a8a87-A204817cb", "score": 29.240775319745968}
{"docno": "Sf48be0a0-A7dd5841c", "score": 29.23447414873424}
{"docno": "Sd0461c26-Af43a3cba", "score": 29.163022092128323}
{"docno": "Sd0461c26-A1d80c53d", "score": 29.146208215550953}
{"docno": "S9f5ade2f-A1671de9e", "score": 29.087595639545686}
{"docno": "Scd8abfbd-Ad6acf87f", "score": 29.081686196153548}
{"docno": "Scd8abfdc-Ab0ce6b77", "score": 29.081686196153548}
{"docno": "S9e36ecf4-Abff4b0d8", "score": 28.862042235851433}
{"docno": "S7b43bc48-A2e97ea55", "score": 28.82056372414282}
{"docno": "S2cf2c469-Ac3a55f31", "score": 28.810894967540193}
{"docno": "S2cf2c469-Add973f8b", "score": 28.79768043092768}
{"docno": "Scd8abfbd-Ac13c980f", "score": 28.5923654434281}
{"docno": "Scd8abfdc-A4c8de52d", "score": 28.5923654434281}
{"docno": "S68a8a87-Ae24dc113", "score": 28.54467844601836}
{"docno": "S341863b5-Ad16e0deb", "score": 28.534835761424457}
{"docno": "Sdee26282-Abccd697d", "score": 28.425595085319326}
{"docno": "S8e58c781-A63bec42f", "score": 28.344572148439493}
{"docno": "S40f44a1b-Ad0cf677b", "score": 28.215164225214743}
{"docno": "S166b6d89-A822966a8", "score": 28.167740855765903}
{"docno": "S4243bec4-A263c522a", "score": 28.10521450529044}
{"docno": "Sd0461c26-A14e5f340", "score": 28.07027125047594}
{"docno": "S58603726-A79f1d51a", "score": 28.06180902581923}
{"docno": "S2bb12d9b-A6c8b0d68", "score": 27.938811337297135}
{"docno": "Sb6b0ac06-Aea2c3e31", "score": 27.78571949652298}
{"docno": "Sc3e0c9c1-A849d97ce", "score": 27.76198783331227}
{"docno": "Sc8662773-Ae6eb8ca", "score": 27.753096476083265}
{"docno": "Scd8abfbd-A6f67e85c", "score": 27.733525664807335}
{"docno": "Scd8abfdc-A6f67e85c", "score": 27.733525664807335}
{"docno": "S6340764-A437fb09a", "score": 27.610023488518884}
{"docno": "Scd8abfbd-A86e4dfeb", "score": 27.603094471675377}
{"docno": "Scd8abfdc-A86e4dfeb", "score": 27.603094471675377}
{"docno": "S9ddd7dd8-A96b7910d", "score": 27.452170630369366}
{"docno": "S6340764-Adaa06665", "score": 27.44220019947013}
{"docno": "S9f5ade2f-Af1f596ec", "score": 27.376286859170875}
{"docno": "S59ad9eee-A5bb8a8b3", "score": 27.34485995107287}
{"docno": "S3cdc63cb-A549d684", "score": 27.33880351734586}
{"docno": "Sd082c316-A67b3c561", "score": 27.300126108735785}
{"docno": "S2d0f2532-A94f5ae53", "score": 27.282032825697772}
{"docno": "S31f5da82-A6e68ea8c", "score": 27.25030253461291}
{"docno": "S6340764-A20908108", "score": 27.24787742743282}
{"docno": "S31f5da82-Ac00a7747", "score": 27.22750546109078}
{"docno": "Sc8662773-Ade81a9da", "score": 27.222619013796677}
{"docno": "Sd4a35c5a-A1ca7fe4c", "score": 27.216498150484114}
{"docno": "Sc3e0c9c1-A3df2445c", "score": 27.113639689832684}
{"docno": "Sf48be0a0-Adfeef37d", "score": 27.093944972465206}
{"docno": "S3dfdaea9-A55c2bd2e", "score": 27.083615536173568}
{"docno": "S9839c497-A3e19d326", "score": 27.012266069894473}
{"docno": "Sc8662773-A94e2fd17", "score": 26.999167373324738}
{"docno": "S7b43bc48-Accdec81e", "score": 26.944538796006377}
{"docno": "Scd8abfdc-A9bd28429", "score": 26.93854842683863}
{"docno": "S9da75b55-A76fb4535", "score": 26.91403789000259}
{"docno": "S4d289846-A1646bb4d", "score": 26.8980005413713}
{"docno": "S2b8563c2-A5240e088", "score": 26.8967277198305}
{"docno": "S8b340e19-A9ae2e5be", "score": 26.875673455502557}
{"docno": "S521bb49f-A53f8203f", "score": 26.66125744243667}
{"docno": "S67bd18e2-A662dd61b", "score": 26.582295704408473}
{"docno": "Sf40414eb-Ad2472713", "score": 26.576731031874886}
{"docno": "Sd4a35c5a-A9f78ff33", "score": 26.534668729448867}
{"docno": "Sf238c9cb-A12353dbc", "score": 26.461901643983335}
{"docno": "Scd8abfbd-Aac315f9f", "score": 26.447346412741293}
{"docno": "Scd8abfdc-A3069be57", "score": 26.447346412741293}
{"docno": "Sd0461c26-Af52713a0", "score": 26.43882719095615}
{"docno": "Sed2ba9d8-A6550c552", "score": 26.315006891304225}
{"docno": "Scd8abfbd-A6e35f995", "score": 26.240198397012847}
{"docno": "Scd8abfdc-A6e35f995", "score": 26.240198397012847}
{"docno": "Sedbdc40b-A852b1c0e", "score": 26.234147357409693}
{"docno": "S46817eac-A135e1957", "score": 26.224884061300337}
{"docno": "Scc7e5f3a-A19b1a267", "score": 26.097695139707575}
{"docno": "Sfe87277-A19a8de33", "score": 26.077588943290706}
{"type": "toggleArgument", "timestamp": "2025-06-26T10:20:54.814Z", "sessionID": "1f6711b4-2632-4d3b-9605-f3a6bf26a74a", "rank": "1", "doc": "S3dfdaea9-Ae5471e32", "action": "expand", "doclen": 429, "score": 20.403256125919683}
{"type": "StanceClicked", "timestamp": "2025-06-26T10:21:08.894Z", "sessionID": "1f6711b4-2632-4d3b-9605-f3a6bf26a74a", "rank": "1", "stance": "pro", "action": "chooseStance", "doc": "S3dfdaea9-Ae5471e32", "doclen": 429, "score": 20.403256125919683}
{"type": "toggleArgument", "timestamp": "2025-06-26T10:21:17.494Z", "sessionID": "1f6711b4-2632-4d3b-9605-f3a6bf26a74a", "rank": "2", "doc": "S1c270f65-Ac87fc5f0", "action": "expand", "doclen": 1525, "score": 25.624569180574305}
{"type": "StanceClicked", "timestamp": "2025-06-26T10:22:05.030Z", "sessionID": "1f6711b4-2632-4d3b-9605-f3a6bf26a74a", "rank": "2", "stance": "con", "action": "chooseStance", "doc": "S1c270f65-Ac87fc5f0", "doclen": 1525, "score": 25.624569180574305}
{"type": "toggleArgument", "timestamp": "2025-06-26T10:22:10.902Z", "sessionID": "1f6711b4-2632-4d3b-9605-f3a6bf26a74a", "rank": "3", "doc": "Sf44bcd7f-A5317de4e", "action": "expand", "doclen": 949, "score": 26.607770047785763}
{"type": "StanceClicked", "timestamp": "2025-06-26T10:22:23.247Z", "sessionID": "1f6711b4-2632-4d3b-9605-f3a6bf26a74a", "rank": "2", "stance": "con", "action": "removeStance", "doc": "S1c270f65-Ac87fc5f0", "doclen": 1525, "score": 25.624569180574305}
{"type": "StanceClicked", "timestamp": "2025-06-26T10:22:45.967Z", "sessionID": "1f6711b4-2632-4d3b-9605-f3a6bf26a74a", "rank": "3", "stance": "con", "action": "chooseStance", "doc": "Sf44bcd7f-A5317de4e", "doclen": 949, "score": 26.607770047785763}
{"type": "toggleArgument", "timestamp": "2025-06-26T10:22:48.558Z", "sessionID": "1f6711b4-2632-4d3b-9605-f3a6bf26a74a", "rank": "4", "doc": "S8e58c781-Ad7e1287b", "action": "expand", "doclen": 1539, "score": 23.52085828320162}
{"type": "StanceClicked", "timestamp": "2025-06-26T10:23:16.177Z", "sessionID": "1f6711b4-2632-4d3b-9605-f3a6bf26a74a", "rank": "4", "stance": "pro", "action": "chooseStance", "doc": "S8e58c781-Ad7e1287b", "doclen": 1539, "score": 23.52085828320162}
{"type": "toggleArgument", "timestamp": "2025-06-26T10:23:18.569Z", "sessionID": "1f6711b4-2632-4d3b-9605-f3a6bf26a74a", "rank": "5", "doc": "S31f5da82-Af1ad2911", "action": "expand", "doclen": 341, "score": 20.152347528530413}
{"type": "toggleArgument", "timestamp": "2025-06-26T10:23:30.385Z", "sessionID": "1f6711b4-2632-4d3b-9605-f3a6bf26a74a", "rank": "6", "doc": "S8e58c781-A89b46335", "action": "expand", "doclen": 1367, "score": 21.94616567772531}
{"type": "StanceClicked", "timestamp": "2025-06-26T10:24:03.770Z", "sessionID": "1f6711b4-2632-4d3b-9605-f3a6bf26a74a", "rank": "6", "stance": "pro", "action": "chooseStance", "doc": "S8e58c781-A89b46335", "doclen": 1367, "score": 21.94616567772531}
{"type": "toggleArgument", "timestamp": "2025-06-26T10:24:06.401Z", "sessionID": "1f6711b4-2632-4d3b-9605-f3a6bf26a74a", "rank": "7", "doc": "S9e36ecf4-A82cc4a5", "action": "expand", "doclen": 1700, "score": 21.752571262091703}
{"type": "StanceClicked", "timestamp": "2025-06-26T10:24:19.228Z", "sessionID": "1f6711b4-2632-4d3b-9605-f3a6bf26a74a", "rank": "7", "stance": "con", "action": "chooseStance", "doc": "S9e36ecf4-A82cc4a5", "doclen": 1700, "score": 21.752571262091703}
{"type": "toggleArgument", "timestamp": "2025-06-26T10:24:21.764Z", "sessionID": "1f6711b4-2632-4d3b-9605-f3a6bf26a74a", "rank": "8", "doc": "Scd8abfbd-A72b5d293", "action": "expand", "doclen": 1900, "score": 25.743243183953286}
{"type": "toggleArgument", "timestamp": "2025-06-26T10:24:38.156Z", "sessionID": "1f6711b4-2632-4d3b-9605-f3a6bf26a74a", "rank": "10", "doc": "S4d289846-A608434b", "action": "expand", "doclen": 2272, "score": 26.552086714310626}
{"type": "toggleArgument", "timestamp": "2025-06-26T10:24:42.460Z", "sessionID": "1f6711b4-2632-4d3b-9605-f3a6bf26a74a", "rank": "9", "doc": "Scd8abfdc-Ad2c1d2a3", "action": "expand", "doclen": 1906, "score": 25.743243183953286}
{"type": "pageNavigationClicked", "timestamp": "2025-06-26T10:25:13.340Z", "sessionID": "1f6711b4-2632-4d3b-9605-f3a6bf26a74a", "clicked": "2", "fromPage": 1, "toPage": 2}
{"type": "toggleArgument", "timestamp": "2025-06-26T10:25:15.212Z", "sessionID": "1f6711b4-2632-4d3b-9605-f3a6bf26a74a", "rank": "11", "doc": "S188b21d7-A7fc826be", "action": "expand", "doclen": 2100, "score": 24.74645006484605}
{"type": "StanceClicked", "timestamp": "2025-06-26T10:25:20.454Z", "sessionID": "1f6711b4-2632-4d3b-9605-f3a6bf26a74a", "rank": "11", "stance": "pro", "action": "chooseStance", "doc": "S188b21d7-A7fc826be", "doclen": 2100, "score": 24.74645006484605}
{"type": "toggleArgument", "timestamp": "2025-06-26T10:25:55.070Z", "sessionID": "1f6711b4-2632-4d3b-9605-f3a6bf26a74a", "rank": "12", "doc": "S341863b5-A677df0e", "action": "expand", "doclen": 1247, "score": 21.361689109107026}
{"type": "toggleArgument", "timestamp": "2025-06-26T10:26:14.006Z", "sessionID": "1f6711b4-2632-4d3b-9605-f3a6bf26a74a", "rank": "14", "doc": "S68a8a49-A15e76f1b", "action": "expand", "doclen": 986, "score": 25.094987661442737}
{"type": "pageNavigationClicked", "timestamp": "2025-06-26T10:26:20.624Z", "sessionID": "1f6711b4-2632-4d3b-9605-f3a6bf26a74a", "clicked": "1", "fromPage": 2, "toPage": 1}
{"type": "toggleArgument", "timestamp": "2025-06-26T10:26:26.128Z", "sessionID": "1f6711b4-2632-4d3b-9605-f3a6bf26a74a", "rank": "5", "doc": "S31f5da82-Af1ad2911", "action": "expand", "doclen": 341, "score": 20.152347528530413}
{"type": "toggleArgument", "timestamp": "2025-06-26T10:26:30.960Z", "sessionID": "1f6711b4-2632-4d3b-9605-f3a6bf26a74a", "rank": "8", "doc": "Scd8abfbd-A72b5d293", "action": "expand", "doclen": 1900, "score": 25.743243183953286}
{"type": "StanceClicked", "timestamp": "2025-06-26T10:26:46.944Z", "sessionID": "1f6711b4-2632-4d3b-9605-f3a6bf26a74a", "rank": "8", "stance": "con", "action": "chooseStance", "doc": "Scd8abfbd-A72b5d293", "doclen": 1900, "score": 25.743243183953286}
{"type": "pageNavigationClicked", "timestamp": "2025-06-26T10:26:48.264Z", "sessionID": "1f6711b4-2632-4d3b-9605-f3a6bf26a74a", "clicked": "2", "fromPage": 1, "toPage": 2}
{"type": "toggleArgument", "timestamp": "2025-06-26T10:26:54.680Z", "sessionID": "1f6711b4-2632-4d3b-9605-f3a6bf26a74a", "rank": "16", "doc": "S8e58c781-Aacefdde3", "action": "expand", "doclen": 1001, "score": 19.762383944219756}
{"type": "toggleArgument", "timestamp": "2025-06-26T10:27:23.065Z", "sessionID": "1f6711b4-2632-4d3b-9605-f3a6bf26a74a", "rank": "17", "doc": "S5e48a4d6-Ae7bd9181", "action": "expand", "doclen": 794, "score": 21.179468315362453}
{"type": "toggleArgument", "timestamp": "2025-06-26T10:27:36.025Z", "sessionID": "1f6711b4-2632-4d3b-9605-f3a6bf26a74a", "rank": "18", "doc": "S7b43bc48-A1794db48", "action": "expand", "doclen": 1452, "score": 24.159043653676033}
{"type": "StanceClicked", "timestamp": "2025-06-26T10:28:01.898Z", "sessionID": "1f6711b4-2632-4d3b-9605-f3a6bf26a74a", "rank": "16", "stance": "pro", "action": "chooseStance", "doc": "S8e58c781-Aacefdde3", "doclen": 1001, "score": 19.762383944219756}
{"type": "toggleArgument", "timestamp": "2025-06-26T10:28:06.937Z", "sessionID": "1f6711b4-2632-4d3b-9605-f3a6bf26a74a", "rank": "19", "doc": "S341863b5-A536df7d2", "action": "expand", "doclen": 559, "score": 25.179172151022364}
{"type": "toggleArgument", "timestamp": "2025-06-26T10:28:09.425Z", "sessionID": "1f6711b4-2632-4d3b-9605-f3a6bf26a74a", "rank": "20", "doc": "S9f5ade2f-A89216550", "action": "expand", "doclen": 1040, "score": 27.63429158198178}
{"type": "StanceClicked", "timestamp": "2025-06-26T10:28:20.754Z", "sessionID": "1f6711b4-2632-4d3b-9605-f3a6bf26a74a", "rank": "20", "stance": "con", "action": "chooseStance", "doc": "S9f5ade2f-A89216550", "doclen": 1040, "score": 27.63429158198178}
{"type": "pageNavigationClicked", "timestamp": "2025-06-26T10:28:21.609Z", "sessionID": "1f6711b4-2632-4d3b-9605-f3a6bf26a74a", "clicked": "3", "fromPage": 2, "toPage": 3}
{"type": "toggleArgument", "timestamp": "2025-06-26T10:28:30.194Z", "sessionID": "1f6711b4-2632-4d3b-9605-f3a6bf26a74a", "rank": "21", "doc": "Sd0461c26-A850af313", "action": "expand", "doclen": 1887, "score": 22.06891058724937}
{"type": "toggleArgument", "timestamp": "2025-06-26T10:29:03.162Z", "sessionID": "1f6711b4-2632-4d3b-9605-f3a6bf26a74a", "rank": "22", "doc": "Sd0461c26-Aedbc09a1", "action": "expand", "doclen": 2037, "score": 22.012022705174182}
{"type": "toggleArgument", "timestamp": "2025-06-26T10:29:09.241Z", "sessionID": "1f6711b4-2632-4d3b-9605-f3a6bf26a74a", "rank": "23", "doc": "Sd082c316-Aadbc9f0e", "action": "expand", "doclen": 479, "score": 25.722941180699863}
{"type": "toggleArgument", "timestamp": "2025-06-26T10:29:28.345Z", "sessionID": "1f6711b4-2632-4d3b-9605-f3a6bf26a74a", "rank": "27", "doc": "S6d359933-Ab127c11c", "action": "expand", "doclen": 2479, "score": 21.010787796027483}
{"type": "StanceClicked", "timestamp": "2025-06-26T10:30:39.530Z", "sessionID": "1f6711b4-2632-4d3b-9605-f3a6bf26a74a", "rank": "27", "stance": "pro", "action": "chooseStance", "doc": "S6d359933-Ab127c11c", "doclen": 2479, "score": 21.010787796027483}
{"type": "toggleArgument", "timestamp": "2025-06-26T10:30:50.625Z", "sessionID": "1f6711b4-2632-4d3b-9605-f3a6bf26a74a", "rank": "29", "doc": "Seb83b1d7-Ac9b5b431", "action": "expand", "doclen": 2463, "score": 19.998007042775484}
{"type": "toggleArgument", "timestamp": "2025-06-26T10:31:22.785Z", "sessionID": "1f6711b4-2632-4d3b-9605-f3a6bf26a74a", "rank": "30", "doc": "S16286dc2-Aec92f84f", "action": "expand", "doclen": 1490, "score": 21.101440339139906}
{"type": "pageNavigationClicked", "timestamp": "2025-06-26T10:31:33.905Z", "sessionID": "1f6711b4-2632-4d3b-9605-f3a6bf26a74a", "clicked": "4", "fromPage": 3, "toPage": 4}
{"type": "toggleArgument", "timestamp": "2025-06-26T10:31:38.033Z", "sessionID": "1f6711b4-2632-4d3b-9605-f3a6bf26a74a", "rank": "31", "doc": "S5e48a4d6-Ad22876ee", "action": "expand", "doclen": 975, "score": 21.62975034760163}
{"type": "ClickedEndTask", "timestamp": "2025-06-26T10:31:44.418Z", "sessionID": "1f6711b4-2632-4d3b-9605-f3a6bf26a74a"}
{"type": "TaskEndConfirmed", "timestamp": "2025-06-26T10:31:49.025Z", "sessionID": "1f6711b4-2632-4d3b-9605-f3a6bf26a74a"}
{"type": "TaskEnded", "timestamp": "2025-06-26T10:31:57.657Z", "sessionID": "1f6711b4-2632-4d3b-9605-f3a6bf26a74a", "reason": "the time is up", "translated_reason": "The Time Is Up"}
