{"type": "idSubmitted", "timestamp": "2025-06-26T10:52:14.424Z", "sessionID": "9bf5ad01-cfde-4199-8e00-36cb1be94e0b", "uid": "Participant56"}
{"type": "TaskStarted", "timestamp": "2025-06-26T10:53:31.878Z", "sessionID": "9bf5ad01-cfde-4199-8e00-36cb1be94e0b", "task": "1", "uid": "Participant56", "topic": "Should people become vegetarian?"}
{"type": "queryBoxFocused", "timestamp": "2025-06-26T10:53:36.128Z", "sessionID": "9bf5ad01-cfde-4199-8e00-36cb1be94e0b"}
{"type": "querySubmitted", "timestamp": "2025-06-26T10:53:49.919Z", "sessionID": "9bf5ad01-cfde-4199-8e00-36cb1be94e0b", "query": "vegetarian"}
{"docno": "S2e8edb11-A9f31fa1e", "score": 17.175798817105072}
{"docno": "S2e8eda57-A72f79d22", "score": 16.90186953336153}
{"docno": "Sb801a11e-Af81d3042", "score": 16.60205589867872}
{"docno": "S828ec24d-A3bf1d572", "score": 16.403544601482626}
{"docno": "S2e8eda76-Ae6cc60b0", "score": 16.341791171357208}
{"docno": "S7eabc63c-Ac2eceb01", "score": 16.23816617202206}
{"docno": "S64d7e0c5-A2845f549", "score": 16.171664340905213}
{"docno": "Seb7cbdce-Aa7ea8a86", "score": 16.152876257506534}
{"docno": "S828ec24d-A1c006255", "score": 16.122307789535014}
{"docno": "S90ec04d-Ad357f63b", "score": 16.06834772869847}
{"docno": "Sda18aa91-Ae821625d", "score": 16.040281513438988}
{"docno": "Sf3baef00-Aea6c02c0", "score": 15.91967328010926}
{"docno": "S129ce23f-Ac96c02af", "score": 15.839803100868764}
{"docno": "S7ff8bc0b-A1102375f", "score": 15.665623390951579}
{"docno": "S8aed976f-A6bc9256a", "score": 15.650719666461796}
{"docno": "Sdcbaec56-Aff55aaca", "score": 15.649723118774162}
{"docno": "S8e65f903-A22f4376a", "score": 15.632597238051627}
{"docno": "S129ce23f-A9ba3f2b9", "score": 15.608101002637444}
{"docno": "Sfad42a17-Ae8e50596", "score": 15.511742462347165}
{"docno": "Sdd59ecf8-Abc922906", "score": 15.501269043421601}
{"docno": "Sfad42a17-A459fa583", "score": 15.500134716492418}
{"docno": "Sd98175c5-Afa1e1d7b", "score": 15.496037635852767}
{"docno": "S828ec24d-Acf329894", "score": 15.494071248713931}
{"docno": "S7648964d-A161ad842", "score": 15.475147268149168}
{"docno": "Sfad42a17-A8600f866", "score": 15.38307977986361}
{"docno": "S8eeab760-A787404a4", "score": 15.381635690106798}
{"docno": "S2e8eda57-Ac1fb986c", "score": 15.378267201498378}
{"docno": "S64748291-A4aa936aa", "score": 15.370959487076073}
{"docno": "S2e8eda57-A958880c6", "score": 15.333628124135323}
{"docno": "S129ce23f-A1df92f0e", "score": 15.32103412781859}
{"docno": "S2e8edb11-A178cf32f", "score": 15.308067824045743}
{"docno": "Se3d235e2-A69eb3019", "score": 15.308067824045743}
{"docno": "S8d6f8754-A96a0c0ad", "score": 15.28924744777553}
{"docno": "S2e8edb4f-Ae57c3dd2", "score": 15.27156702750532}
{"docno": "S1d882e9c-Af1742e73", "score": 15.26081057841557}
{"docno": "S8e65f903-A29810858", "score": 15.238506432579555}
{"docno": "S180c0226-Ad13a8204", "score": 15.151092786187894}
{"docno": "Sf3baef00-Ace9b7ea", "score": 15.123167040514991}
{"docno": "Sebd53e8-A4780650", "score": 15.091209610378378}
{"docno": "Se3d235e2-Aaa11cf2d", "score": 15.033564371620608}
{"docno": "Se3d235e2-A55ad3fa8", "score": 15.033564371620608}
{"docno": "S7eabc63c-Ad3acf60c", "score": 15.003146873555771}
{"docno": "S8d6f8754-Afb0b1e96", "score": 14.997078138504255}
{"docno": "Sebd53e8-Aaad46fd5", "score": 14.986301389889361}
{"docno": "S129ce23f-A4af46b02", "score": 14.969660370842814}
{"docno": "S4930d310-A2ebf4937", "score": 14.924186194048117}
{"docno": "Sc97ab4d9-Ac8a905c4", "score": 14.89997162500125}
{"docno": "Sebf0ab1b-A5f42b715", "score": 14.87166637918181}
{"docno": "S2e8edb4f-A9ce63f3d", "score": 14.857322794446818}
{"docno": "S384991a9-Ac892620", "score": 14.771838981648973}
{"docno": "S2e8edb4f-Af1ef8e01", "score": 14.766337456434606}
{"docno": "S95769c7a-A828bcdb4", "score": 14.70705527838856}
{"docno": "S33b817a-A4918fdbc", "score": 14.703975739720526}
{"docno": "Sd05cb2be-Ac2f89498", "score": 14.644364158462807}
{"docno": "Sd05cb29f-Ac2f89498", "score": 14.644364158462807}
{"docno": "S69d892e-Ad8ce8cc4", "score": 14.606397715169779}
{"docno": "S64748291-A85c5da7f", "score": 14.606397715169779}
{"docno": "S2626df18-A77da1803", "score": 14.579177750567293}
{"docno": "S5941421a-A5edd57e", "score": 14.45499243846289}
{"docno": "Sd0e3a01f-A6cf5e204", "score": 14.388528562540431}
{"docno": "S8d3d280d-A46dea061", "score": 14.379724607593483}
{"docno": "Sa82d5442-A4d5560b4", "score": 14.369939425530115}
{"docno": "Sa82d5461-Aeb67d910", "score": 14.369939425530115}
{"docno": "S79228a3b-A3e9d4fb7", "score": 14.331233382313}
{"docno": "S8aed976f-Aaad313e4", "score": 14.329980017415643}
{"docno": "S58007153-Abe8b632a", "score": 14.327056351711915}
{"docno": "S1d882e9c-A510bec2b", "score": 14.250402893218885}
{"docno": "S180c0226-A3d03c63a", "score": 14.240156878922145}
{"docno": "S828ec24d-Ae22b571c", "score": 14.238713166547742}
{"docno": "Se3d235e2-A9043d473", "score": 14.205674348718341}
{"docno": "S16f3dc63-A288dde5e", "score": 14.150027001216829}
{"docno": "Sa82d5442-Afaeb2c36", "score": 14.118817211050615}
{"docno": "S8eeab760-A4555e543", "score": 14.086331817436385}
{"docno": "S69d892e-Ac8373b84", "score": 14.061030861446161}
{"docno": "S129ce23f-A3a8077f1", "score": 14.000923544218413}
{"docno": "S90ec04d-Aac4bf600", "score": 13.992117151905827}
{"docno": "S5941421a-A53d56682", "score": 13.972683810082126}
{"docno": "Sf0feb825-A171cfb3c", "score": 13.925895068724177}
{"docno": "S180c0226-A6635eab2", "score": 13.902801507370254}
{"docno": "S8d6f8754-Ada17ba6d", "score": 13.855385238445333}
{"docno": "S57f0866c-A212a2551", "score": 13.853562963144745}
{"docno": "S70942f13-A3e348502", "score": 13.848099012120153}
{"docno": "S12209678-A24ba2586", "score": 13.848099012120153}
{"docno": "S49fc1d88-A8c0e6c7b", "score": 13.796567797175943}
{"docno": "Sac45b77d-A34d51a2", "score": 13.796567797175943}
{"docno": "Sab4d5c9d-Aa01bee57", "score": 13.77947584515726}
{"docno": "S64748291-A6717e8f8", "score": 13.744073530385782}
{"docno": "Sd188b434-A6e7d8bc7", "score": 13.74003967917368}
{"docno": "Sc852a521-Aef006a5c", "score": 13.734664892773026}
{"docno": "S5465d130-Ae973fbb", "score": 13.734664892773026}
{"docno": "S1d882e9c-Abf5d99bb", "score": 13.69576926564308}
{"docno": "Sadf9214a-A9b80fbb1", "score": 13.663881217253387}
{"docno": "Sebd53e8-A359fcd72", "score": 13.630125318190556}
{"docno": "S8f660b04-A9b89bf87", "score": 13.630125318190556}
{"docno": "S2e8eda76-A425f4f0c", "score": 13.623074023635013}
{"docno": "Sac45b77d-A97413618", "score": 13.623074023635013}
{"docno": "Sf2b66258-A6136d67e", "score": 13.609408078389784}
{"docno": "S48ef73d-A8097e66e", "score": 13.593292180030708}
{"docno": "Sa82d5461-A39c5b9c2", "score": 13.57320090154924}
{"docno": "S2e8eda57-A131cb2ad", "score": 13.513281838890691}
{"type": "toggleArgument", "timestamp": "2025-06-26T10:54:03.206Z", "sessionID": "9bf5ad01-cfde-4199-8e00-36cb1be94e0b", "rank": "1", "doc": "S2e8edb11-A9f31fa1e", "action": "expand", "doclen": 697, "score": 18.536281573742585}
{"type": "StanceClicked", "timestamp": "2025-06-26T10:54:41.422Z", "sessionID": "9bf5ad01-cfde-4199-8e00-36cb1be94e0b", "rank": "1", "stance": "pro", "action": "chooseStance", "doc": "S2e8edb11-A9f31fa1e", "doclen": 697, "score": 18.536281573742585}
{"type": "toggleArgument", "timestamp": "2025-06-26T10:54:46.070Z", "sessionID": "9bf5ad01-cfde-4199-8e00-36cb1be94e0b", "rank": "2", "doc": "S2e8eda57-A72f79d22", "action": "expand", "doclen": 493, "score": 18.482851116178164}
{"type": "toggleArgument", "timestamp": "2025-06-26T10:55:40.598Z", "sessionID": "9bf5ad01-cfde-4199-8e00-36cb1be94e0b", "rank": "3", "doc": "Sb801a11e-Af81d3042", "action": "expand", "doclen": 1189, "score": 16.60205589867872}
{"type": "StanceClicked", "timestamp": "2025-06-26T10:56:34.575Z", "sessionID": "9bf5ad01-cfde-4199-8e00-36cb1be94e0b", "rank": "3", "stance": "pro", "action": "chooseStance", "doc": "Sb801a11e-Af81d3042", "doclen": 1189, "score": 16.60205589867872}
{"type": "toggleArgument", "timestamp": "2025-06-26T10:56:37.566Z", "sessionID": "9bf5ad01-cfde-4199-8e00-36cb1be94e0b", "rank": "4", "doc": "S828ec24d-A3bf1d572", "action": "expand", "doclen": 1453, "score": 17.448314525389723}
{"type": "toggleArgument", "timestamp": "2025-06-26T10:57:05.663Z", "sessionID": "9bf5ad01-cfde-4199-8e00-36cb1be94e0b", "rank": "5", "doc": "S2e8eda76-Ae6cc60b0", "action": "expand", "doclen": 641, "score": 17.75996321746854}
{"type": "StanceClicked", "timestamp": "2025-06-26T10:57:30.752Z", "sessionID": "9bf5ad01-cfde-4199-8e00-36cb1be94e0b", "rank": "5", "stance": "con", "action": "chooseStance", "doc": "S2e8eda76-Ae6cc60b0", "doclen": 641, "score": 17.75996321746854}
{"type": "StanceClicked", "timestamp": "2025-06-26T10:57:40.217Z", "sessionID": "9bf5ad01-cfde-4199-8e00-36cb1be94e0b", "rank": "9", "stance": "pro", "action": "chooseStance", "doc": "S828ec24d-A1c006255", "doclen": 887, "score": 16.122307789535014}
{"type": "queryBoxFocused", "timestamp": "2025-06-26T10:57:42.387Z", "sessionID": "9bf5ad01-cfde-4199-8e00-36cb1be94e0b"}
{"type": "querySubmitted", "timestamp": "2025-06-26T10:57:53.433Z", "sessionID": "9bf5ad01-cfde-4199-8e00-36cb1be94e0b", "query": "vegetarian pros cons"}
{"docno": "S7648964d-A161ad842", "score": 28.957097673799037}
{"docno": "S2e8eda76-Ae6cc60b0", "score": 19.80405211512367}
{"docno": "S8082a97c-A67af90c5", "score": 19.80306395056597}
{"docno": "S8e65f903-A29810858", "score": 19.53328839532623}
{"docno": "Sc97ab4d9-Ac8a905c4", "score": 19.039236313754174}
{"docno": "S8e65f903-A22f4376a", "score": 19.03306172057128}
{"docno": "S66744a91-Ab903190c", "score": 18.964450340674624}
{"docno": "S4792c73e-A6f3555e9", "score": 18.90129393777672}
{"docno": "Sa82d5442-A4d5560b4", "score": 18.71525837374964}
{"docno": "Sa82d5461-Aeb67d910", "score": 18.71525837374964}
{"docno": "S3471cae0-Aca4d33d0", "score": 18.645870235335988}
{"docno": "Sf3baef00-Ace9b7ea", "score": 18.254395810561398}
{"docno": "S66744a91-A45dd128b", "score": 18.237785547713663}
{"docno": "Sdcbaec56-Aff55aaca", "score": 18.155644536540844}
{"docno": "Sa025d617-A865158ed", "score": 18.119579502488115}
{"docno": "S3e0f1978-A6e1818a0", "score": 18.100150370798318}
{"docno": "Sfd7a58fe-Ae24a86f7", "score": 18.071616505332553}
{"docno": "S5bfe1abd-A7d354d5", "score": 17.70510508212167}
{"docno": "Sf3baef00-Aea6c02c0", "score": 17.49819477145027}
{"docno": "S1d882e9c-Af1742e73", "score": 17.377038248016923}
{"docno": "Sd0cac989-Ad6325165", "score": 17.35279186129375}
{"docno": "S352bd967-A2a01531a", "score": 17.337134258550087}
{"docno": "S2e8edb11-A9f31fa1e", "score": 17.175798817105072}
{"docno": "S93673dd9-A697e1491", "score": 17.162114046004625}
{"docno": "S5941421a-A53d56682", "score": 17.045001993709096}
{"docno": "S2e8eda57-A72f79d22", "score": 16.90186953336153}
{"docno": "S41449c82-A1d87870c", "score": 16.894184636575304}
{"docno": "S4b711cfa-A5364ae4", "score": 16.828996666241718}
{"docno": "S116c74b9-A11abb582", "score": 16.8223591814429}
{"docno": "Sf1af71c3-A4e6a053f", "score": 16.8223591814429}
{"docno": "S83ae40a2-Aadec876e", "score": 16.691091134461022}
{"docno": "Sfad42a17-A744d113b", "score": 16.620049590749176}
{"docno": "Sb801a11e-Af81d3042", "score": 16.60205589867872}
{"docno": "S3a55f4cb-Acbc94eec", "score": 16.589875692223472}
{"docno": "Sd0cac989-Abf9a14b1", "score": 16.549003887132542}
{"docno": "Sf359b0bb-A55844efc", "score": 16.486796910962383}
{"docno": "S3d32707d-Ab1139575", "score": 16.44476629928927}
{"docno": "S7473e3cf-A155ed032", "score": 16.421951155192232}
{"docno": "Se946a9d3-A78103690", "score": 16.41563081076532}
{"docno": "Scb3dce5b-Ae787986", "score": 16.41563081076532}
{"docno": "S9b10de30-A71fce49d", "score": 16.41563081076532}
{"docno": "S33ca0165-Add1cc370", "score": 16.41563081076532}
{"docno": "S828ec24d-A3bf1d572", "score": 16.403544601482626}
{"docno": "S4a7f2af4-A607c6120", "score": 16.284390329475954}
{"docno": "Sace0dbfe-Ab152eb30", "score": 16.284390329475954}
{"docno": "S824a5a69-Af327599a", "score": 16.284390329475954}
{"docno": "S7eabc63c-Ac2eceb01", "score": 16.23816617202206}
{"docno": "S973999da-Ae27964f", "score": 16.216507420540836}
{"docno": "S64d7e0c5-A2845f549", "score": 16.171664340905213}
{"docno": "Seb7cbdce-Aa7ea8a86", "score": 16.152876257506534}
{"docno": "S1112d557-A914c4346", "score": 16.133172326310348}
{"docno": "S828ec24d-A1c006255", "score": 16.122307789535014}
{"docno": "S90ec04d-Ad357f63b", "score": 16.06834772869847}
{"docno": "Sf67363ae-A81904273", "score": 16.049961099355386}
{"docno": "Sda18aa91-Ae821625d", "score": 16.040281513438988}
{"docno": "Scd0dd91b-Acfd09493", "score": 16.028105774798718}
{"docno": "S2a5141f4-A7bf5211a", "score": 16.028105774798718}
{"docno": "S4a2faaa3-Ad52976d6", "score": 15.994401400740486}
{"docno": "S77c39fca-A65b8a2e5", "score": 15.993629302627136}
{"docno": "Sc98fd736-A5398fb97", "score": 15.902964943422443}
{"docno": "S3dd37fe1-A509af3dd", "score": 15.902964943422443}
{"docno": "S50689d14-Ad4bf95e5", "score": 15.902964943422443}
{"docno": "S83ae40a2-Ad3cfd561", "score": 15.902964943422443}
{"docno": "S129ce23f-Ac96c02af", "score": 15.839803100868764}
{"docno": "S1d882e9c-A510bec2b", "score": 15.824576805167695}
{"docno": "Sd983d954-Aca14d436", "score": 15.79222334425376}
{"docno": "Sf57c9f7b-A756e7f52", "score": 15.779763069341797}
{"docno": "Sb039a384-A694e3c2c", "score": 15.779763069341797}
{"docno": "S27fc2f81-A1df44d45", "score": 15.779763069341797}
{"docno": "S6141cdc3-A6e1e8db6", "score": 15.779763069341797}
{"docno": "Sf10a2350-A253aa26f", "score": 15.779763069341797}
{"docno": "S9bc547a0-Aa3baad75", "score": 15.745620664323258}
{"docno": "S7ff8bc0b-A1102375f", "score": 15.665623390951579}
{"docno": "S262be040-Aff51d3f2", "score": 15.658455435094023}
{"docno": "Se686ffb5-A5b74cf8c", "score": 15.658455435094023}
{"docno": "S824a5a69-A7df3662c", "score": 15.658455435094023}
{"docno": "S148bb110-A129d2fa5", "score": 15.658455435094023}
{"docno": "S8aed976f-A6bc9256a", "score": 15.650719666461796}
{"docno": "S129ce23f-A9ba3f2b9", "score": 15.608101002637444}
{"docno": "S65108303-A6499f979", "score": 15.544661898549585}
{"docno": "Sf61c692c-A2b484694", "score": 15.538998687796077}
{"docno": "S824a5a69-A4633d2bc", "score": 15.538998687796077}
{"docno": "Sfad42a17-Ae8e50596", "score": 15.511742462347165}
{"docno": "Sd50ebe56-A9fdd8fb1", "score": 15.502748332679058}
{"docno": "Sdd59ecf8-Abc922906", "score": 15.501269043421601}
{"docno": "Sfad42a17-A459fa583", "score": 15.500134716492418}
{"docno": "S33b817a-Adc05482a", "score": 15.496821421107377}
{"docno": "Sd98175c5-Afa1e1d7b", "score": 15.496037635852767}
{"docno": "S828ec24d-Acf329894", "score": 15.494071248713931}
{"docno": "S4ff06b90-Af0ff5029", "score": 15.485571454209197}
{"docno": "S69d892e-A53cbb404", "score": 15.44459348187715}
{"docno": "S35eb6a6-A1ff29110", "score": 15.432098913559928}
{"docno": "S4f3bd866-A63752762", "score": 15.421350787487524}
{"docno": "Se3bbf4c7-Aaaa7d29b", "score": 15.421350787487524}
{"docno": "S74915a3a-A757a6e20", "score": 15.421350787487524}
{"docno": "Sea61b0fc-A88652959", "score": 15.421350787487524}
{"docno": "S824a5a69-Affb91db0", "score": 15.421350787487524}
{"docno": "S1d882e9c-Abf5d99bb", "score": 15.401484296011049}
{"docno": "S3471cac1-A86f43d11", "score": 15.394390204245392}
{"docno": "Sfad42a17-A8600f866", "score": 15.38307977986361}
{"type": "toggleArgument", "timestamp": "2025-06-26T10:57:57.800Z", "sessionID": "9bf5ad01-cfde-4199-8e00-36cb1be94e0b", "rank": "1", "doc": "S7648964d-A161ad842", "action": "expand", "doclen": 506, "score": 17.024735366278865}
{"type": "StanceClicked", "timestamp": "2025-06-26T10:58:16.721Z", "sessionID": "9bf5ad01-cfde-4199-8e00-36cb1be94e0b", "rank": "1", "stance": "pro", "action": "chooseStance", "doc": "S7648964d-A161ad842", "doclen": 506, "score": 17.024735366278865}
{"type": "toggleArgument", "timestamp": "2025-06-26T10:58:20.536Z", "sessionID": "9bf5ad01-cfde-4199-8e00-36cb1be94e0b", "rank": "3", "doc": "S8082a97c-A67af90c5", "action": "expand", "doclen": 824, "score": 19.80306395056597}
{"type": "toggleArgument", "timestamp": "2025-06-26T10:58:28.832Z", "sessionID": "9bf5ad01-cfde-4199-8e00-36cb1be94e0b", "rank": "4", "doc": "S8e65f903-A29810858", "action": "expand", "doclen": 284, "score": 15.238506432579555}
{"type": "StanceClicked", "timestamp": "2025-06-26T10:58:42.425Z", "sessionID": "9bf5ad01-cfde-4199-8e00-36cb1be94e0b", "rank": "4", "stance": "pro", "action": "chooseStance", "doc": "S8e65f903-A29810858", "doclen": 284, "score": 15.238506432579555}
{"type": "toggleArgument", "timestamp": "2025-06-26T10:58:45.041Z", "sessionID": "9bf5ad01-cfde-4199-8e00-36cb1be94e0b", "rank": "5", "doc": "Sc97ab4d9-Ac8a905c4", "action": "expand", "doclen": 249, "score": 14.89997162500125}
{"type": "queryBoxFocused", "timestamp": "2025-06-26T10:58:59.940Z", "sessionID": "9bf5ad01-cfde-4199-8e00-36cb1be94e0b"}
{"type": "querySubmitted", "timestamp": "2025-06-26T10:59:09.610Z", "sessionID": "9bf5ad01-cfde-4199-8e00-36cb1be94e0b", "query": "eating meat moral"}
{"docno": "S823434ac-Aaa209da8", "score": 30.212855936418016}
{"docno": "Sb28f7fe6-A7ddd9124", "score": 29.176207804775316}
{"docno": "S40330c65-Ae7f1dd7b", "score": 28.91655064786269}
{"docno": "Seaf6ed0b-A3a5600dd", "score": 28.697555965495766}
{"docno": "S49fa67c7-A72373952", "score": 28.326258920840925}
{"docno": "S384991a9-Ab2e22cd4", "score": 28.218213558829007}
{"docno": "Se3d235e2-A55ad3fa8", "score": 28.115814472622894}
{"docno": "Se546d08b-Af01d715c", "score": 27.869311687846825}
{"docno": "Sab4d5c9d-Aa01bee57", "score": 27.811340588495653}
{"docno": "S49fa67c7-A34ae9f23", "score": 27.543677203159763}
{"docno": "S8f660ae5-A252f5719", "score": 27.53571539922644}
{"docno": "Sb8a4c5ba-A425e5029", "score": 27.5174820946727}
{"docno": "S69711cdf-A11d7d640", "score": 27.112044075326747}
{"docno": "Se8324049-A5968178d", "score": 26.930286714829556}
{"docno": "S40330c65-A132210cc", "score": 26.758136584721285}
{"docno": "S927e203a-A60d750cf", "score": 26.4885292474353}
{"docno": "Sd05cb2be-Ac2f89498", "score": 26.35136057946213}
{"docno": "Sd05cb29f-Ac2f89498", "score": 26.35136057946213}
{"docno": "S23396f29-Ab8666f4", "score": 26.10883733535761}
{"docno": "Sf0feb825-Ab2b13051", "score": 26.094639883955573}
{"docno": "S2ebca8b-Ae07e4c34", "score": 26.0447834361794}
{"docno": "S95769c7a-A2d5bda87", "score": 25.385921450129118}
{"docno": "Sf456f71b-Ac6c83ca1", "score": 25.313227586651657}
{"docno": "S872fb369-Aa57e8535", "score": 25.2267005609942}
{"docno": "S509ed386-A2147f070", "score": 25.051180799775885}
{"docno": "S1237dca7-A92e4eec3", "score": 24.995172857192493}
{"docno": "Sb801a11e-Aa0292473", "score": 24.883776091629446}
{"docno": "S8f5fb7d2-A3be2a63e", "score": 24.83366387855005}
{"docno": "S57f0866c-Ad3c95468", "score": 24.776825495854872}
{"docno": "Se3d235e2-A6351a1ca", "score": 24.658384695440464}
{"docno": "S64748291-A6717e8f8", "score": 24.465717130515866}
{"docno": "S2ebca8b-A66697b0c", "score": 24.446583520235627}
{"docno": "S49fa67c7-Af686295a", "score": 24.333758294921203}
{"docno": "S40330c65-Afef473a9", "score": 24.333758294921203}
{"docno": "Seaf6ed0b-Ad8746f65", "score": 24.25604581165995}
{"docno": "S61b66cc4-Ad4ea20a8", "score": 24.245680103695594}
{"docno": "Se3d235e2-A3224f329", "score": 24.20077651357399}
{"docno": "Sb28f7fe6-Aba92ad4a", "score": 24.163204878128344}
{"docno": "S40330c65-A31d19899", "score": 24.136666374698404}
{"docno": "S64748291-A4aa936aa", "score": 24.107478634190414}
{"docno": "S823434ac-Ade922dad", "score": 24.057002657261915}
{"docno": "S9dc003c2-A8bdd3ca7", "score": 23.858903156239204}
{"docno": "Sfa87725b-A6ff324dd", "score": 23.769082590436998}
{"docno": "S443f4807-Ad6626964", "score": 23.684015262155953}
{"docno": "Sb0defb6a-A24ea6810", "score": 23.611798642056847}
{"docno": "Sf62839d-A34043a7b", "score": 23.60074430313303}
{"docno": "S91a31cf-A2e10e911", "score": 23.557017646154023}
{"docno": "Sfad42a17-Ae8e50596", "score": 23.511012820634264}
{"docno": "Sfb6befd5-Ade1d6f96", "score": 23.481128518957874}
{"docno": "S23396f29-A30c53c78", "score": 23.285132565661293}
{"docno": "S19063552-A9b4f3b41", "score": 23.265943186903293}
{"docno": "S8234348d-A2f351260", "score": 23.255210314225444}
{"docno": "S7648964d-A6edfa492", "score": 23.24591969677881}
{"docno": "S55bd013d-A1ae2edc7", "score": 23.229770189289958}
{"docno": "Sf4a16d9-A2c481b13", "score": 23.19903740773329}
{"docno": "S95769c7a-A828bcdb4", "score": 23.136900506217852}
{"docno": "Sa78f9082-A2e83626d", "score": 23.081577791150043}
{"docno": "Se063fec5-A4ddfd910", "score": 23.034830439108873}
{"docno": "S2ebca8b-A12cf5e32", "score": 23.01045375155491}
{"docno": "Sb28f7fe6-Ac24b753a", "score": 22.97658471979159}
{"docno": "Se700e467-Ae451058e", "score": 22.941195787648176}
{"docno": "S412a7a43-Af2c76c9b", "score": 22.895003538071045}
{"docno": "Sa4c647b7-Adda1288e", "score": 22.809231191310438}
{"docno": "S2ebca8b-A27e4c363", "score": 22.79833296638047}
{"docno": "S8c247bc3-A1b59799a", "score": 22.7798985619804}
{"docno": "S2e8edaf2-Acdccb1e7", "score": 22.74136970671318}
{"docno": "S64748291-A85c5da7f", "score": 22.695608106240034}
{"docno": "S36f32e8e-Aeef77704", "score": 22.678545450928134}
{"docno": "Sfad42a17-Af1bd0d2b", "score": 22.667603169381064}
{"docno": "S5c4f68aa-Ae54b6abc", "score": 22.607246357594846}
{"docno": "S828ec24d-Acf329894", "score": 22.59711944920827}
{"docno": "Sc7aaf0f2-Ac3ffc88f", "score": 22.584511006026407}
{"docno": "S180c0226-A99b0ba6e", "score": 22.542275854021003}
{"docno": "S78a82aa9-A520f85d", "score": 22.537558239702964}
{"docno": "S35bb557d-A7be5ecc7", "score": 22.488420559908548}
{"docno": "Sd188b434-Ae0ef45c", "score": 22.477930724145054}
{"docno": "S563972d-A71b05210", "score": 22.468788369004002}
{"docno": "S7e9b6293-Adecb0d4a", "score": 22.468788369004002}
{"docno": "S55bd013d-Ae551036f", "score": 22.397546895318325}
{"docno": "S18b0a241-A55f33335", "score": 22.344130465923495}
{"docno": "S412a7a43-A4a728ba", "score": 22.31626737493111}
{"docno": "S55bd013d-Af8114044", "score": 22.28609114086423}
{"docno": "Sbb68b526-A345e3e0a", "score": 22.249594046560965}
{"docno": "S18b0a241-A2a476895", "score": 22.174252123942402}
{"docno": "S2e8edaf2-Ad69a25bd", "score": 22.16872506403638}
{"docno": "S9f3c02d7-A86b46faf", "score": 22.160363323248365}
{"docno": "S16f3dc63-A122550d9", "score": 22.158365123767325}
{"docno": "Seaa7c132-A74db2c89", "score": 22.145470388906364}
{"docno": "S7709a1ed-A92d20b81", "score": 22.144225008404668}
{"docno": "Sb8a4c5ba-A5afe53cb", "score": 22.143511129049745}
{"docno": "S1ec27540-A97c23702", "score": 22.11525103876137}
{"docno": "Sb801a11e-Ac33a9688", "score": 22.05981695341897}
{"docno": "S2cb0eff1-A33834414", "score": 22.05260939972931}
{"docno": "Sa0984118-A1bdbc5ca", "score": 22.040383408412374}
{"docno": "S90ec04d-Af96a199c", "score": 22.01127126514958}
{"docno": "S49fc1d88-A8c0e6c7b", "score": 21.98141230907118}
{"docno": "Sfa87725b-A1a3fd9ae", "score": 21.96304306914555}
{"docno": "Se3d235e2-A9e30478c", "score": 21.930685939165052}
{"docno": "S2dc3cb7a-A3dcfca3", "score": 21.92760310971859}
{"docno": "Se700e467-A6c916591", "score": 21.898985655574485}
{"type": "toggleArgument", "timestamp": "2025-06-26T10:59:12.257Z", "sessionID": "9bf5ad01-cfde-4199-8e00-36cb1be94e0b", "rank": "1", "doc": "S823434ac-Aaa209da8", "action": "expand", "doclen": 920, "score": 30.212855936418016}
{"type": "StanceClicked", "timestamp": "2025-06-26T10:59:46.602Z", "sessionID": "9bf5ad01-cfde-4199-8e00-36cb1be94e0b", "rank": "1", "stance": "con", "action": "chooseStance", "doc": "S823434ac-Aaa209da8", "doclen": 920, "score": 30.212855936418016}
{"type": "toggleArgument", "timestamp": "2025-06-26T10:59:56.010Z", "sessionID": "9bf5ad01-cfde-4199-8e00-36cb1be94e0b", "rank": "2", "doc": "Sb28f7fe6-A7ddd9124", "action": "expand", "doclen": 2239, "score": 29.176207804775316}
{"type": "toggleArgument", "timestamp": "2025-06-26T11:00:07.297Z", "sessionID": "9bf5ad01-cfde-4199-8e00-36cb1be94e0b", "rank": "3", "doc": "S40330c65-Ae7f1dd7b", "action": "expand", "doclen": 2717, "score": 28.91655064786269}
{"type": "StanceClicked", "timestamp": "2025-06-26T11:00:11.322Z", "sessionID": "9bf5ad01-cfde-4199-8e00-36cb1be94e0b", "rank": "1", "stance": "pro", "action": "chooseStance", "doc": "S823434ac-Aaa209da8", "doclen": 920, "score": 30.212855936418016}
{"type": "toggleArgument", "timestamp": "2025-06-26T11:00:29.802Z", "sessionID": "9bf5ad01-cfde-4199-8e00-36cb1be94e0b", "rank": "4", "doc": "Seaf6ed0b-A3a5600dd", "action": "expand", "doclen": 623, "score": 28.697555965495766}
{"type": "StanceClicked", "timestamp": "2025-06-26T11:01:03.042Z", "sessionID": "9bf5ad01-cfde-4199-8e00-36cb1be94e0b", "rank": "4", "stance": "con", "action": "chooseStance", "doc": "Seaf6ed0b-A3a5600dd", "doclen": 623, "score": 28.697555965495766}
{"type": "toggleArgument", "timestamp": "2025-06-26T11:01:08.650Z", "sessionID": "9bf5ad01-cfde-4199-8e00-36cb1be94e0b", "rank": "6", "doc": "S384991a9-Ab2e22cd4", "action": "expand", "doclen": 1272, "score": 28.218213558829007}
{"type": "queryBoxFocused", "timestamp": "2025-06-26T11:01:19.051Z", "sessionID": "9bf5ad01-cfde-4199-8e00-36cb1be94e0b"}
{"type": "querySubmitted", "timestamp": "2025-06-26T11:01:28.042Z", "sessionID": "9bf5ad01-cfde-4199-8e00-36cb1be94e0b", "query": "vegetarian morals"}
{"docno": "Se3d235e2-A55ad3fa8", "score": 22.133144137818505}
{"docno": "Sab4d5c9d-Aa01bee57", "score": 21.698074886616713}
{"docno": "Sd05cb2be-Ac2f89498", "score": 21.56014466787559}
{"docno": "Sd05cb29f-Ac2f89498", "score": 21.56014466787559}
{"docno": "S2e8eda76-Ae6cc60b0", "score": 21.138455348147374}
{"docno": "S7648964d-A161ad842", "score": 20.716298184542023}
{"docno": "S64748291-A85c5da7f", "score": 19.66576414204313}
{"docno": "S7648964d-A6edfa492", "score": 19.434987515851855}
{"docno": "S16f3dc63-A288dde5e", "score": 19.428619615712364}
{"docno": "S64748291-A4aa936aa", "score": 19.16813659268771}
{"docno": "Sab4d5c9d-Ac6832a0d", "score": 19.06657258149901}
{"docno": "S57f0866c-A212a2551", "score": 18.95952861961993}
{"docno": "S5465d130-A370d213e", "score": 18.832476720724728}
{"docno": "S180c0226-Ad13a8204", "score": 18.607675864041767}
{"docno": "S2626df18-A77da1803", "score": 18.556642930647307}
{"docno": "Sd52eef7-A1d4c1be5", "score": 18.311014059559344}
{"docno": "S61b66cc4-Aff11d25", "score": 18.14051605720884}
{"docno": "S64748291-A6717e8f8", "score": 18.13461989358383}
{"docno": "S95769c7a-A2d5bda87", "score": 17.969096535164965}
{"docno": "Sfe5315b2-Aeea9376d", "score": 17.877763383799287}
{"docno": "S57f0866c-Ad3c95468", "score": 17.749220865531136}
{"docno": "S2e8eda76-Aabdeb98e", "score": 17.632518917191266}
{"docno": "S39ecbe5b-Aa72176eb", "score": 17.457899953085004}
{"docno": "S3de07bbf-A90c632ea", "score": 17.451665374762527}
{"docno": "S872fb369-Aa57e8535", "score": 17.294824596551596}
{"docno": "S2e8edb11-A9f31fa1e", "score": 17.175798817105072}
{"docno": "Se3d235e2-A9a9450e9", "score": 17.13327299507267}
{"docno": "S2e8eda57-A72f79d22", "score": 16.90186953336153}
{"docno": "Sb187e260-Ae5e10970", "score": 16.898700032631712}
{"docno": "S2784f2ae-Ad8a237a1", "score": 16.76988259436159}
{"docno": "S61b66cc4-Ad4ea20a8", "score": 16.689345198554342}
{"docno": "S7b65bdc-A79145b84", "score": 16.644021073513073}
{"docno": "Sb801a11e-Af81d3042", "score": 16.60205589867872}
{"docno": "S3fcf3197-Aeb01877e", "score": 16.439851559813125}
{"docno": "S828ec24d-A3bf1d572", "score": 16.403544601482626}
{"docno": "S1e95ac04-A98fae6f4", "score": 16.31032684776904}
{"docno": "S7eabc63c-Ac2eceb01", "score": 16.23816617202206}
{"docno": "Sda18aa91-A1126d78", "score": 16.231999365693405}
{"docno": "S64d7e0c5-A2845f549", "score": 16.171664340905213}
{"docno": "Seb7cbdce-Aa7ea8a86", "score": 16.152876257506534}
{"docno": "S828ec24d-A1c006255", "score": 16.122307789535014}
{"docno": "Sd52eef7-A7bf8320c", "score": 16.07637482447597}
{"docno": "S90ec04d-Ad357f63b", "score": 16.06834772869847}
{"docno": "Sda18aa91-Ae821625d", "score": 16.040281513438988}
{"docno": "Sf3baef00-Aea6c02c0", "score": 15.91967328010926}
{"docno": "S16f3dc63-A122550d9", "score": 15.877874849553121}
{"docno": "S129ce23f-Ac96c02af", "score": 15.839803100868764}
{"docno": "S180c0226-A99b0ba6e", "score": 15.816009033091767}
{"docno": "S7ff8bc0b-A1102375f", "score": 15.665623390951579}
{"docno": "S8aed976f-A6bc9256a", "score": 15.650719666461796}
{"docno": "Sdcbaec56-Aff55aaca", "score": 15.649723118774162}
{"docno": "S8e65f903-A22f4376a", "score": 15.632597238051627}
{"docno": "S129ce23f-A9ba3f2b9", "score": 15.608101002637444}
{"docno": "S8f5fb7d2-A7069a078", "score": 15.604922784149442}
{"docno": "Sfad42a17-Ae8e50596", "score": 15.511742462347165}
{"docno": "Sdd59ecf8-Abc922906", "score": 15.501269043421601}
{"docno": "Sfad42a17-A459fa583", "score": 15.500134716492418}
{"docno": "Sd98175c5-Afa1e1d7b", "score": 15.496037635852767}
{"docno": "S828ec24d-Acf329894", "score": 15.494071248713931}
{"docno": "Sfad42a17-A8600f866", "score": 15.38307977986361}
{"docno": "S8eeab760-A787404a4", "score": 15.381635690106798}
{"docno": "S2e8eda57-Ac1fb986c", "score": 15.378267201498378}
{"docno": "S2e8eda57-A958880c6", "score": 15.333628124135323}
{"docno": "S129ce23f-A1df92f0e", "score": 15.32103412781859}
{"docno": "S2e8edb11-A178cf32f", "score": 15.308067824045743}
{"docno": "Se3d235e2-A69eb3019", "score": 15.308067824045743}
{"docno": "S8d6f8754-A96a0c0ad", "score": 15.28924744777553}
{"docno": "S2e8edb4f-Ae57c3dd2", "score": 15.27156702750532}
{"docno": "S1d882e9c-Af1742e73", "score": 15.26081057841557}
{"docno": "S8e65f903-A29810858", "score": 15.238506432579555}
{"docno": "Sf0feb825-Ab2b13051", "score": 15.23052201667375}
{"docno": "S3750ddab-A8cf74d45", "score": 15.156004645639769}
{"docno": "Sf3baef00-Ace9b7ea", "score": 15.123167040514991}
{"docno": "S2e8edaf2-Aadfad61a", "score": 15.094577460479481}
{"docno": "Sebd53e8-A4780650", "score": 15.091209610378378}
{"docno": "Se3d235e2-Aaa11cf2d", "score": 15.033564371620608}
{"docno": "S7eabc63c-Ad3acf60c", "score": 15.003146873555771}
{"docno": "S8d6f8754-Afb0b1e96", "score": 14.997078138504255}
{"docno": "Sebd53e8-Aaad46fd5", "score": 14.986301389889361}
{"docno": "S129ce23f-A4af46b02", "score": 14.969660370842814}
{"docno": "S4930d310-A2ebf4937", "score": 14.924186194048117}
{"docno": "S34048585-A9e5de7e6", "score": 14.90998114744564}
{"docno": "Sc97ab4d9-Ac8a905c4", "score": 14.89997162500125}
{"docno": "Sebf0ab1b-A5f42b715", "score": 14.87166637918181}
{"docno": "S2e8edb4f-A9ce63f3d", "score": 14.857322794446818}
{"docno": "S7b65bdc-A6c36f854", "score": 14.831580103210072}
{"docno": "S384991a9-Ac892620", "score": 14.771838981648973}
{"docno": "S2e8edb4f-Af1ef8e01", "score": 14.766337456434606}
{"docno": "S95769c7a-A828bcdb4", "score": 14.70705527838856}
{"docno": "S33b817a-A4918fdbc", "score": 14.703975739720526}
{"docno": "S69d892e-Ad8ce8cc4", "score": 14.606397715169779}
{"docno": "S5941421a-A5edd57e", "score": 14.45499243846289}
{"docno": "Sd0e3a01f-A6cf5e204", "score": 14.388528562540431}
{"docno": "S8d3d280d-A46dea061", "score": 14.379724607593483}
{"docno": "Sa82d5442-A4d5560b4", "score": 14.369939425530115}
{"docno": "Sa82d5461-Aeb67d910", "score": 14.369939425530115}
{"docno": "S384991a9-Ab2e22cd4", "score": 14.35880419589389}
{"docno": "S79228a3b-A3e9d4fb7", "score": 14.331233382313}
{"docno": "S8aed976f-Aaad313e4", "score": 14.329980017415643}
{"docno": "S58007153-Abe8b632a", "score": 14.327056351711915}
{"type": "toggleArgument", "timestamp": "2025-06-26T11:01:30.826Z", "sessionID": "9bf5ad01-cfde-4199-8e00-36cb1be94e0b", "rank": "1", "doc": "Se3d235e2-A55ad3fa8", "action": "expand", "doclen": 283, "score": 15.033564371620608}
{"type": "StanceClicked", "timestamp": "2025-06-26T11:01:58.923Z", "sessionID": "9bf5ad01-cfde-4199-8e00-36cb1be94e0b", "rank": "1", "stance": "pro", "action": "chooseStance", "doc": "Se3d235e2-A55ad3fa8", "doclen": 283, "score": 15.033564371620608}
{"type": "toggleArgument", "timestamp": "2025-06-26T11:02:02.475Z", "sessionID": "9bf5ad01-cfde-4199-8e00-36cb1be94e0b", "rank": "2", "doc": "Sab4d5c9d-Aa01bee57", "action": "expand", "doclen": 1041, "score": 13.77947584515726}
{"type": "toggleArgument", "timestamp": "2025-06-26T11:02:12.379Z", "sessionID": "9bf5ad01-cfde-4199-8e00-36cb1be94e0b", "rank": "3", "doc": "Sd05cb2be-Ac2f89498", "action": "expand", "doclen": 2162, "score": 15.832555292449936}
{"type": "toggleArgument", "timestamp": "2025-06-26T11:02:20.187Z", "sessionID": "9bf5ad01-cfde-4199-8e00-36cb1be94e0b", "rank": "5", "doc": "S2e8eda76-Ae6cc60b0", "action": "expand", "doclen": 641, "score": 17.75996321746854}
{"type": "toggleArgument", "timestamp": "2025-06-26T11:02:25.571Z", "sessionID": "9bf5ad01-cfde-4199-8e00-36cb1be94e0b", "rank": "7", "doc": "S64748291-A85c5da7f", "action": "expand", "doclen": 2740, "score": 15.642143962585005}
{"type": "queryBoxFocused", "timestamp": "2025-06-26T11:02:30.148Z", "sessionID": "9bf5ad01-cfde-4199-8e00-36cb1be94e0b"}
{"type": "querySubmitted", "timestamp": "2025-06-26T11:02:35.844Z", "sessionID": "9bf5ad01-cfde-4199-8e00-36cb1be94e0b", "query": "vegetarian helath"}
{"docno": "S2e8edb11-A9f31fa1e", "score": 17.175798817105072}
{"docno": "S2e8eda57-A72f79d22", "score": 16.90186953336153}
{"docno": "Sb801a11e-Af81d3042", "score": 16.60205589867872}
{"docno": "S828ec24d-A3bf1d572", "score": 16.403544601482626}
{"docno": "S2e8eda76-Ae6cc60b0", "score": 16.341791171357208}
{"docno": "S7eabc63c-Ac2eceb01", "score": 16.23816617202206}
{"docno": "S64d7e0c5-A2845f549", "score": 16.171664340905213}
{"docno": "Seb7cbdce-Aa7ea8a86", "score": 16.152876257506534}
{"docno": "S828ec24d-A1c006255", "score": 16.122307789535014}
{"docno": "S90ec04d-Ad357f63b", "score": 16.06834772869847}
{"docno": "Sda18aa91-Ae821625d", "score": 16.040281513438988}
{"docno": "Sf3baef00-Aea6c02c0", "score": 15.91967328010926}
{"docno": "S129ce23f-Ac96c02af", "score": 15.839803100868764}
{"docno": "S7ff8bc0b-A1102375f", "score": 15.665623390951579}
{"docno": "S8aed976f-A6bc9256a", "score": 15.650719666461796}
{"docno": "Sdcbaec56-Aff55aaca", "score": 15.649723118774162}
{"docno": "S8e65f903-A22f4376a", "score": 15.632597238051627}
{"docno": "S129ce23f-A9ba3f2b9", "score": 15.608101002637444}
{"docno": "Sfad42a17-Ae8e50596", "score": 15.511742462347165}
{"docno": "Sdd59ecf8-Abc922906", "score": 15.501269043421601}
{"docno": "Sfad42a17-A459fa583", "score": 15.500134716492418}
{"docno": "Sd98175c5-Afa1e1d7b", "score": 15.496037635852767}
{"docno": "S828ec24d-Acf329894", "score": 15.494071248713931}
{"docno": "S7648964d-A161ad842", "score": 15.475147268149168}
{"docno": "Sfad42a17-A8600f866", "score": 15.38307977986361}
{"docno": "S8eeab760-A787404a4", "score": 15.381635690106798}
{"docno": "S2e8eda57-Ac1fb986c", "score": 15.378267201498378}
{"docno": "S64748291-A4aa936aa", "score": 15.370959487076073}
{"docno": "S2e8eda57-A958880c6", "score": 15.333628124135323}
{"docno": "S129ce23f-A1df92f0e", "score": 15.32103412781859}
{"docno": "S2e8edb11-A178cf32f", "score": 15.308067824045743}
{"docno": "Se3d235e2-A69eb3019", "score": 15.308067824045743}
{"docno": "S8d6f8754-A96a0c0ad", "score": 15.28924744777553}
{"docno": "S2e8edb4f-Ae57c3dd2", "score": 15.27156702750532}
{"docno": "S1d882e9c-Af1742e73", "score": 15.26081057841557}
{"docno": "S8e65f903-A29810858", "score": 15.238506432579555}
{"docno": "S180c0226-Ad13a8204", "score": 15.151092786187894}
{"docno": "Sf3baef00-Ace9b7ea", "score": 15.123167040514991}
{"docno": "Sebd53e8-A4780650", "score": 15.091209610378378}
{"docno": "Se3d235e2-Aaa11cf2d", "score": 15.033564371620608}
{"docno": "Se3d235e2-A55ad3fa8", "score": 15.033564371620608}
{"docno": "S7eabc63c-Ad3acf60c", "score": 15.003146873555771}
{"docno": "S8d6f8754-Afb0b1e96", "score": 14.997078138504255}
{"docno": "Sebd53e8-Aaad46fd5", "score": 14.986301389889361}
{"docno": "S129ce23f-A4af46b02", "score": 14.969660370842814}
{"docno": "S4930d310-A2ebf4937", "score": 14.924186194048117}
{"docno": "Sc97ab4d9-Ac8a905c4", "score": 14.89997162500125}
{"docno": "Sebf0ab1b-A5f42b715", "score": 14.87166637918181}
{"docno": "S2e8edb4f-A9ce63f3d", "score": 14.857322794446818}
{"docno": "S384991a9-Ac892620", "score": 14.771838981648973}
{"docno": "S2e8edb4f-Af1ef8e01", "score": 14.766337456434606}
{"docno": "S95769c7a-A828bcdb4", "score": 14.70705527838856}
{"docno": "S33b817a-A4918fdbc", "score": 14.703975739720526}
{"docno": "Sd05cb2be-Ac2f89498", "score": 14.644364158462807}
{"docno": "Sd05cb29f-Ac2f89498", "score": 14.644364158462807}
{"docno": "S69d892e-Ad8ce8cc4", "score": 14.606397715169779}
{"docno": "S64748291-A85c5da7f", "score": 14.606397715169779}
{"docno": "S2626df18-A77da1803", "score": 14.579177750567293}
{"docno": "S5941421a-A5edd57e", "score": 14.45499243846289}
{"docno": "Sd0e3a01f-A6cf5e204", "score": 14.388528562540431}
{"docno": "S8d3d280d-A46dea061", "score": 14.379724607593483}
{"docno": "Sa82d5442-A4d5560b4", "score": 14.369939425530115}
{"docno": "Sa82d5461-Aeb67d910", "score": 14.369939425530115}
{"docno": "S79228a3b-A3e9d4fb7", "score": 14.331233382313}
{"docno": "S8aed976f-Aaad313e4", "score": 14.329980017415643}
{"docno": "S58007153-Abe8b632a", "score": 14.327056351711915}
{"docno": "S1d882e9c-A510bec2b", "score": 14.250402893218885}
{"docno": "S180c0226-A3d03c63a", "score": 14.240156878922145}
{"docno": "S828ec24d-Ae22b571c", "score": 14.238713166547742}
{"docno": "Se3d235e2-A9043d473", "score": 14.205674348718341}
{"docno": "S16f3dc63-A288dde5e", "score": 14.150027001216829}
{"docno": "Sa82d5442-Afaeb2c36", "score": 14.118817211050615}
{"docno": "S8eeab760-A4555e543", "score": 14.086331817436385}
{"docno": "S69d892e-Ac8373b84", "score": 14.061030861446161}
{"docno": "S129ce23f-A3a8077f1", "score": 14.000923544218413}
{"docno": "S90ec04d-Aac4bf600", "score": 13.992117151905827}
{"docno": "S5941421a-A53d56682", "score": 13.972683810082126}
{"docno": "Sf0feb825-A171cfb3c", "score": 13.925895068724177}
{"docno": "S180c0226-A6635eab2", "score": 13.902801507370254}
{"docno": "S8d6f8754-Ada17ba6d", "score": 13.855385238445333}
{"docno": "S57f0866c-A212a2551", "score": 13.853562963144745}
{"docno": "S70942f13-A3e348502", "score": 13.848099012120153}
{"docno": "S12209678-A24ba2586", "score": 13.848099012120153}
{"docno": "S49fc1d88-A8c0e6c7b", "score": 13.796567797175943}
{"docno": "Sac45b77d-A34d51a2", "score": 13.796567797175943}
{"docno": "Sab4d5c9d-Aa01bee57", "score": 13.77947584515726}
{"docno": "S64748291-A6717e8f8", "score": 13.744073530385782}
{"docno": "Sd188b434-A6e7d8bc7", "score": 13.74003967917368}
{"docno": "Sc852a521-Aef006a5c", "score": 13.734664892773026}
{"docno": "S5465d130-Ae973fbb", "score": 13.734664892773026}
{"docno": "S1d882e9c-Abf5d99bb", "score": 13.69576926564308}
{"docno": "Sadf9214a-A9b80fbb1", "score": 13.663881217253387}
{"docno": "Sebd53e8-A359fcd72", "score": 13.630125318190556}
{"docno": "S8f660b04-A9b89bf87", "score": 13.630125318190556}
{"docno": "S2e8eda76-A425f4f0c", "score": 13.623074023635013}
{"docno": "Sac45b77d-A97413618", "score": 13.623074023635013}
{"docno": "Sf2b66258-A6136d67e", "score": 13.609408078389784}
{"docno": "S48ef73d-A8097e66e", "score": 13.593292180030708}
{"docno": "Sa82d5461-A39c5b9c2", "score": 13.57320090154924}
{"docno": "S2e8eda57-A131cb2ad", "score": 13.513281838890691}
{"type": "toggleArgument", "timestamp": "2025-06-26T11:02:38.876Z", "sessionID": "9bf5ad01-cfde-4199-8e00-36cb1be94e0b", "rank": "2", "doc": "S2e8eda57-A72f79d22", "action": "expand", "doclen": 493, "score": 18.482851116178164}
{"type": "toggleArgument", "timestamp": "2025-06-26T11:02:44.444Z", "sessionID": "9bf5ad01-cfde-4199-8e00-36cb1be94e0b", "rank": "4", "doc": "S828ec24d-A3bf1d572", "action": "expand", "doclen": 1453, "score": 17.448314525389723}
{"type": "StanceClicked", "timestamp": "2025-06-26T11:03:03.365Z", "sessionID": "9bf5ad01-cfde-4199-8e00-36cb1be94e0b", "rank": "4", "stance": "pro", "action": "chooseStance", "doc": "S828ec24d-A3bf1d572", "doclen": 1453, "score": 17.448314525389723}
{"type": "toggleArgument", "timestamp": "2025-06-26T11:03:06.420Z", "sessionID": "9bf5ad01-cfde-4199-8e00-36cb1be94e0b", "rank": "6", "doc": "S7eabc63c-Ac2eceb01", "action": "expand", "doclen": 658, "score": 18.505404995885165}
{"type": "StanceClicked", "timestamp": "2025-06-26T11:03:37.916Z", "sessionID": "9bf5ad01-cfde-4199-8e00-36cb1be94e0b", "rank": "6", "stance": "con", "action": "chooseStance", "doc": "S7eabc63c-Ac2eceb01", "doclen": 658, "score": 18.505404995885165}
{"type": "toggleArgument", "timestamp": "2025-06-26T11:03:56.099Z", "sessionID": "9bf5ad01-cfde-4199-8e00-36cb1be94e0b", "rank": "7", "doc": "S64d7e0c5-A2845f549", "action": "expand", "doclen": 284, "score": 16.171664340905213}
{"type": "toggleArgument", "timestamp": "2025-06-26T11:04:09.644Z", "sessionID": "9bf5ad01-cfde-4199-8e00-36cb1be94e0b", "rank": "8", "doc": "Seb7cbdce-Aa7ea8a86", "action": "expand", "doclen": 690, "score": 18.188339504521842}
{"type": "StanceClicked", "timestamp": "2025-06-26T11:04:41.405Z", "sessionID": "9bf5ad01-cfde-4199-8e00-36cb1be94e0b", "rank": "8", "stance": "pro", "action": "chooseStance", "doc": "Seb7cbdce-Aa7ea8a86", "doclen": 690, "score": 18.188339504521842}
{"type": "toggleArgument", "timestamp": "2025-06-26T11:05:07.764Z", "sessionID": "9bf5ad01-cfde-4199-8e00-36cb1be94e0b", "rank": "10", "doc": "S90ec04d-Ad357f63b", "action": "expand", "doclen": 274, "score": 16.06834772869847}
{"type": "pageNavigationClicked", "timestamp": "2025-06-26T11:05:22.157Z", "sessionID": "9bf5ad01-cfde-4199-8e00-36cb1be94e0b", "clicked": "2", "fromPage": 1, "toPage": 2}
{"type": "toggleArgument", "timestamp": "2025-06-26T11:05:25.084Z", "sessionID": "9bf5ad01-cfde-4199-8e00-36cb1be94e0b", "rank": "11", "doc": "Sda18aa91-Ae821625d", "action": "expand", "doclen": 168, "score": 16.040281513438988}
{"type": "toggleArgument", "timestamp": "2025-06-26T11:05:32.317Z", "sessionID": "9bf5ad01-cfde-4199-8e00-36cb1be94e0b", "rank": "11", "doc": "Sda18aa91-Ae821625d", "action": "reduce", "doclen": 168, "score": 16.040281513438988}
{"type": "ClickedEndTask", "timestamp": "2025-06-26T11:05:41.341Z", "sessionID": "9bf5ad01-cfde-4199-8e00-36cb1be94e0b"}
{"type": "TaskEndConfirmed", "timestamp": "2025-06-26T11:05:46.181Z", "sessionID": "9bf5ad01-cfde-4199-8e00-36cb1be94e0b"}
{"type": "TaskEnded", "timestamp": "2025-06-26T11:05:52.765Z", "sessionID": "9bf5ad01-cfde-4199-8e00-36cb1be94e0b", "reason": "the time is up", "translated_reason": "The Time Is Up"}
