{"type": "idSubmitted", "timestamp": "2025-06-26T11:29:07.639Z", "sessionID": "e1ca6f24-7be1-48c4-a399-01c0cdf731f0", "uid": "Participant28"}
{"type": "TaskStarted", "timestamp": "2025-06-26T11:30:32.753Z", "sessionID": "e1ca6f24-7be1-48c4-a399-01c0cdf731f0", "task": "1", "uid": "Participant28", "topic": "Are social networking sites good for our society?"}
{"type": "queryBoxFocused", "timestamp": "2025-06-26T11:30:47.935Z", "sessionID": "e1ca6f24-7be1-48c4-a399-01c0cdf731f0"}
{"type": "querySubmitted", "timestamp": "2025-06-26T11:31:08.653Z", "sessionID": "e1ca6f24-7be1-48c4-a399-01c0cdf731f0", "query": "social network* AND society"}
{"docno": "S5d621fc6-A77ece12d", "score": 25.174195614530905}
{"docno": "S562197e9-A778630b3", "score": 24.76962384054774}
{"docno": "S2fff3cb-A67fae08a", "score": 24.629015760177726}
{"docno": "S2e54c887-A90bb8f47", "score": 23.945202758099974}
{"docno": "Sbbaa1a64-Abb4b70a9", "score": 23.434079281270016}
{"docno": "S5c2b6729-A2e47116b", "score": 23.421350137861417}
{"docno": "S5d621fc6-A540b4905", "score": 23.07642547733626}
{"docno": "Sc035131e-A98f5b5ea", "score": 23.07520945058359}
{"docno": "Sca3fc859-A2e4cdba", "score": 23.053671464352252}
{"docno": "Sca3fc859-A8ee2e007", "score": 22.93030439473946}
{"docno": "Sab9f69d4-Ae3fe4b27", "score": 22.796293762763327}
{"docno": "S58177ad2-Ababd1f3b", "score": 22.40189019540538}
{"docno": "S2fff3cb-A452f3220", "score": 22.396049471677596}
{"docno": "Sca3fc859-Af3caa23a", "score": 22.237227087950558}
{"docno": "Scc128cdd-A935674fa", "score": 22.180465561083068}
{"docno": "S5c2b6729-Ac37787ed", "score": 22.00626815833933}
{"docno": "Sab890be6-A2ea2042c", "score": 22.001080388952563}
{"docno": "S528fb34-Ad3389723", "score": 21.84406473994913}
{"docno": "S7a949437-A79573de", "score": 21.761718637626227}
{"docno": "S4c26d828-A32ba6905", "score": 21.517150174750185}
{"docno": "S2f034874-A3bc1cc1a", "score": 21.508865125603887}
{"docno": "S58177ad2-A5644e698", "score": 21.457257211660245}
{"docno": "S5c2b6729-A2f5ce689", "score": 21.411367489567198}
{"docno": "S4a484e4e-A421d7994", "score": 21.39433436003258}
{"docno": "Sf0c04fae-Ac7955932", "score": 21.3143567151278}
{"docno": "S58177ab3-A9e5d86e6", "score": 21.275675342631487}
{"docno": "S573b89ce-A79b8d389", "score": 21.268794509239715}
{"docno": "Sd6443c53-Aa2efe2a5", "score": 21.2322218638389}
{"docno": "Sb656fdc4-Aa99be28f", "score": 21.228995697495755}
{"docno": "Sb742544a-A6a974838", "score": 21.21875550683464}
{"docno": "S4befcae3-A455dbd78", "score": 21.116804252954893}
{"docno": "S573b89ce-A8ceadb11", "score": 20.97710365347552}
{"docno": "Sca3fc859-A4f8efe29", "score": 20.924890511254937}
{"docno": "Sdf3b86f3-A401acb11", "score": 20.801865558160227}
{"docno": "S570da76a-Aad3730ad", "score": 20.72242612231054}
{"docno": "S58177ad2-Ae59c7668", "score": 20.59513047064738}
{"docno": "Scb221f76-A37b2f31d", "score": 20.54602795755019}
{"docno": "S629412b6-Aa96c6482", "score": 20.509944668598827}
{"docno": "S2ae82627-Ae3ee9eec", "score": 20.440808806484387}
{"docno": "Sd441d419-Ad99811a9", "score": 20.410304769838753}
{"docno": "S58177ab3-A4e7b25c8", "score": 20.347115179380552}
{"docno": "S868b43c1-A547f6db7", "score": 20.312482746927827}
{"docno": "S4c26d847-Aa47117db", "score": 20.195636737476683}
{"docno": "S5d621fc6-A5fcfa9b3", "score": 20.15304220721388}
{"docno": "S93a85b43-A7da35302", "score": 20.102750335538705}
{"docno": "S19d242fe-A438f0cba", "score": 20.102750335538705}
{"docno": "Saef01efd-Aaa3b971c", "score": 20.097889485197175}
{"docno": "S6d8da8ae-A7c1156f2", "score": 20.07632583235719}
{"docno": "Scb257512-A935a3b9", "score": 20.061651149584133}
{"docno": "S9f6ecaf2-A928a92fe", "score": 20.056243286719134}
{"docno": "S700681d9-Ab4159bb5", "score": 20.019556739512534}
{"docno": "Sbc2b2a0d-Af3c87dd3", "score": 19.978587511877684}
{"docno": "S5d5ca6ac-A43a37373", "score": 19.928749945659415}
{"docno": "Sd6443c53-Ae8409725", "score": 19.919040331461833}
{"docno": "S580fcbb-Ac6c450d6", "score": 19.91539027697571}
{"docno": "S573b89ce-A4dfb1f2e", "score": 19.802438322950913}
{"docno": "Sf359b0bb-A55844efc", "score": 19.75773584644258}
{"docno": "S19ef6a93-A8eab81af", "score": 19.633641185054223}
{"docno": "S8fd1f0f9-A29ff0f3", "score": 19.627084485151666}
{"docno": "Sec88ad82-Afa183ec6", "score": 19.620687059948523}
{"docno": "S573b89ce-Aee3d8200", "score": 19.605039663829924}
{"docno": "S5c1e1da6-A804af081", "score": 19.512286893720873}
{"docno": "Sbc2b2a0d-Af142eeb6", "score": 19.458075236639395}
{"docno": "S7a949437-Aa5fc0e10", "score": 19.436050119184287}
{"docno": "Se0e31c74-Ad32d10f9", "score": 19.399691944185264}
{"docno": "Sc4b5d675-A39285b4e", "score": 19.29077054767355}
{"docno": "Se8771d03-Abf051958", "score": 19.289452771248698}
{"docno": "Se5ccda7-A76ef80ba", "score": 19.23330298894716}
{"docno": "Se40f4670-A6a599048", "score": 19.228989634423993}
{"docno": "S3be6cca3-Abb8d28d6", "score": 19.153086253214095}
{"docno": "Sbc2b2a0d-A6c1388b7", "score": 19.09588215261933}
{"docno": "S557d3b7c-A52cfa308", "score": 19.07819503793818}
{"docno": "Se0e31c74-A564e0e47", "score": 18.902675550967214}
{"docno": "Sf0c04fae-Abc3954f5", "score": 18.859877138326773}
{"docno": "S8fd1f0f9-Ac5d8527", "score": 18.793931275767168}
{"docno": "S1deb845c-Ae765f05c", "score": 18.79026896664292}
{"docno": "S3ee2acca-A9c846ae5", "score": 18.71390611607939}
{"docno": "Sc61cb529-A49e8a7ff", "score": 18.682171371778217}
{"docno": "S718e766f-A6d90146d", "score": 18.58269061388163}
{"docno": "Sff77b2d5-A6e2117b4", "score": 18.563027414874508}
{"docno": "S10f1d75d-A5a8855eb", "score": 18.555883030765735}
{"docno": "Sdb73d6b5-A107548ba", "score": 18.49054468633321}
{"docno": "Scb221fd3-Aeb22d29f", "score": 18.39321575572076}
{"docno": "Sc63d8abf-Afc813955", "score": 18.26153336469004}
{"docno": "Sab9f69d4-Af48acdf0", "score": 18.26153336469004}
{"docno": "Sa7383e42-Aff5d4d5c", "score": 18.246265168145413}
{"docno": "S6b3ddf28-A35ae4ae7", "score": 18.211599363266217}
{"docno": "Sc035131e-Af49e2775", "score": 18.20289281964078}
{"docno": "S5c1e1da6-Aa922ad04", "score": 18.117832899047748}
{"docno": "S3c5fdcf2-Ab48dcc6c", "score": 18.10800554202907}
{"docno": "S61cdfe05-A6b8d859e", "score": 18.10800554202907}
{"docno": "S10f1d75d-Af8e49fbd", "score": 17.976376341199963}
{"docno": "S498726d8-A91cf4aac", "score": 17.922824587821758}
{"docno": "Sef6a56ee-A28b2907a", "score": 17.913126140689464}
{"docno": "Sdfff5834-Aeba045b1", "score": 17.872643158122006}
{"docno": "Sc4b5d675-A7cdf899c", "score": 17.83711153980638}
{"docno": "Sc47c3c35-Aac2191c", "score": 17.83711153980638}
{"docno": "S2e54c887-Ac92144ed", "score": 17.716237611411817}
{"docno": "S2e54c887-A876b1434", "score": 17.699987947189737}
{"docno": "Sc86547b-A3df07235", "score": 17.699987947189737}
{"type": "toggleArgument", "timestamp": "2025-06-26T11:31:15.573Z", "sessionID": "e1ca6f24-7be1-48c4-a399-01c0cdf731f0", "rank": "1", "doc": "S5d621fc6-A77ece12d", "action": "expand", "doclen": 1645, "score": 31.894034355468833}
{"type": "StanceClicked", "timestamp": "2025-06-26T11:31:58.585Z", "sessionID": "e1ca6f24-7be1-48c4-a399-01c0cdf731f0", "rank": "1", "stance": "pro", "action": "chooseStance", "doc": "S5d621fc6-A77ece12d", "doclen": 1645, "score": 31.894034355468833}
{"type": "toggleArgument", "timestamp": "2025-06-26T11:32:02.408Z", "sessionID": "e1ca6f24-7be1-48c4-a399-01c0cdf731f0", "rank": "2", "doc": "S562197e9-A778630b3", "action": "expand", "doclen": 122, "score": 27.174674909377355}
{"type": "toggleArgument", "timestamp": "2025-06-26T11:32:14.624Z", "sessionID": "e1ca6f24-7be1-48c4-a399-01c0cdf731f0", "rank": "3", "doc": "S2fff3cb-A67fae08a", "action": "expand", "doclen": 399, "score": 28.4573675292125}
{"type": "toggleArgument", "timestamp": "2025-06-26T11:33:24.954Z", "sessionID": "e1ca6f24-7be1-48c4-a399-01c0cdf731f0", "rank": "4", "doc": "S2e54c887-A90bb8f47", "action": "expand", "doclen": 452, "score": 19.102055810993445}
{"type": "StanceClicked", "timestamp": "2025-06-26T11:33:51.906Z", "sessionID": "e1ca6f24-7be1-48c4-a399-01c0cdf731f0", "rank": "3", "stance": "con", "action": "chooseStance", "doc": "S2fff3cb-A67fae08a", "doclen": 399, "score": 28.4573675292125}
{"type": "toggleArgument", "timestamp": "2025-06-26T11:34:05.396Z", "sessionID": "e1ca6f24-7be1-48c4-a399-01c0cdf731f0", "rank": "7", "doc": "S5d621fc6-A540b4905", "action": "expand", "doclen": 1280, "score": 24.403367705130815}
{"type": "toggleArgument", "timestamp": "2025-06-26T11:35:00.710Z", "sessionID": "e1ca6f24-7be1-48c4-a399-01c0cdf731f0", "rank": "5", "doc": "Sbbaa1a64-Abb4b70a9", "action": "expand", "doclen": 685, "score": 19.097536061457113}
{"type": "toggleArgument", "timestamp": "2025-06-26T11:35:22.150Z", "sessionID": "e1ca6f24-7be1-48c4-a399-01c0cdf731f0", "rank": "8", "doc": "Sc035131e-A98f5b5ea", "action": "expand", "doclen": 370, "score": 17.785786153301792}
{"type": "toggleArgument", "timestamp": "2025-06-26T11:35:43.222Z", "sessionID": "e1ca6f24-7be1-48c4-a399-01c0cdf731f0", "rank": "9", "doc": "Sca3fc859-A2e4cdba", "action": "expand", "doclen": 2779, "score": 23.053671464352252}
{"type": "queryBoxFocused", "timestamp": "2025-06-26T11:35:52.753Z", "sessionID": "e1ca6f24-7be1-48c4-a399-01c0cdf731f0"}
{"type": "querySubmitted", "timestamp": "2025-06-26T11:36:01.672Z", "sessionID": "e1ca6f24-7be1-48c4-a399-01c0cdf731f0", "query": "social media AND society"}
{"docno": "S3840237e-A93acd6f7", "score": 25.270453512015376}
{"docno": "Sfb0073bc-Ac9081ffa", "score": 24.375073571318314}
{"docno": "S3fe9d307-Acb875ca4", "score": 24.34171541853371}
{"docno": "S55c96689-A575d75a9", "score": 24.309386255909974}
{"docno": "S612baac2-Afa2351df", "score": 23.516514843618417}
{"docno": "Sfb0073bc-A84bfa6b5", "score": 23.281533747896983}
{"docno": "S8913dcfc-Af6928519", "score": 23.21845111449991}
{"docno": "S5e021afe-Abf84f6bb", "score": 23.106775905149846}
{"docno": "S3840237e-A20623361", "score": 23.07986396801101}
{"docno": "S3fe9d383-A5adb0865", "score": 22.992393267460944}
{"docno": "S3c5fdcf2-A61ba0a3a", "score": 22.575430494817624}
{"docno": "S3fe9d326-A7aa11dbd", "score": 22.460508552025388}
{"docno": "S17203bb8-Ab7918a28", "score": 22.406508558263212}
{"docno": "Se4620c33-A82ba7899", "score": 22.236510196580262}
{"docno": "S612baac2-Ab825918c", "score": 21.981945760532636}
{"docno": "S3563205b-A107287e5", "score": 21.80087556611442}
{"docno": "S15263802-A8ebc0e5", "score": 21.390929397217747}
{"docno": "S554b18a0-A1ba80693", "score": 21.34836506288515}
{"docno": "Sc2d5b14-Ae57fab16", "score": 21.332203721994688}
{"docno": "Sab890be6-A2ea2042c", "score": 21.305956092002415}
{"docno": "S7aaa68d7-Aba022a51", "score": 21.16478459322048}
{"docno": "S5b95b352-A40875bec", "score": 21.112719134276507}
{"docno": "S12714893-A4cd2db2c", "score": 21.040404715914807}
{"docno": "S991d8ad-A5cac5a7f", "score": 20.969867327802724}
{"docno": "Sa9a3f1c3-Ade613440", "score": 20.81325022249223}
{"docno": "S862bd0ff-Abdd59f3f", "score": 20.781289929837666}
{"docno": "S700681d9-Ab4159bb5", "score": 20.667437675053957}
{"docno": "S3563205b-Af4427dad", "score": 20.580822069077712}
{"docno": "S3fe9d383-A270e94e3", "score": 20.41488929322121}
{"docno": "Sa5716d54-Ab13594a2", "score": 20.397880245251994}
{"docno": "S1d28ed22-A4e230039", "score": 20.34035327376093}
{"docno": "Sa5716d54-A57672186", "score": 20.29112178512088}
{"docno": "S3840237e-A31771c90", "score": 20.249977528865905}
{"docno": "Sb2035130-A2116d348", "score": 20.225314466481564}
{"docno": "S7f8d09f3-Abfdc1bab", "score": 20.215104828725615}
{"docno": "S60a2bf9d-A75af7fc", "score": 20.20860390352332}
{"docno": "Se8771d03-Abf051958", "score": 20.19500915651065}
{"docno": "Sf8510ac-A73f120a7", "score": 20.169464029765653}
{"docno": "Se8e5f96c-A61e36a63", "score": 20.16155555395277}
{"docno": "Sa5716d54-A97c13b49", "score": 20.107964330378312}
{"docno": "Sdf0327fb-Af1042e95", "score": 20.090941706055315}
{"docno": "Se8b687aa-A47446e8d", "score": 20.07523990024417}
{"docno": "S70068293-A8ba345c3", "score": 20.071614148885565}
{"docno": "Saef01efd-A55eeedcf", "score": 20.06034153254402}
{"docno": "S7fca3709-A616e6051", "score": 20.049887114248193}
{"docno": "Sdebe8f3f-A84e797a0", "score": 20.027941355871008}
{"docno": "S2eaeb6d5-A67dcb7ed", "score": 19.894502268474227}
{"docno": "Sc42a6c4a-A768f344e", "score": 19.89015629030309}
{"docno": "Scb8d8013-A724c3d58", "score": 19.85135560292958}
{"docno": "Sc1e3d8f8-A1b082de5", "score": 19.825516434850506}
{"docno": "S3fe9d345-Ae9f46ea6", "score": 19.623389439483546}
{"docno": "S9587f11c-Af0f998c5", "score": 19.5941775009944}
{"docno": "S38dbedb8-Aaef2a880", "score": 19.57776798093323}
{"docno": "Sf8510ac-A1a5ccdaa", "score": 19.511994433616678}
{"docno": "Saef01efd-A706f4b29", "score": 19.472657997781635}
{"docno": "Se8b687aa-A53a23227", "score": 19.43535553305575}
{"docno": "Sff6f8975-A9a59666", "score": 19.38348238412748}
{"docno": "S612baac2-Af90b26fa", "score": 19.371743633948498}
{"docno": "Sdb9e2cd8-A1cf70f83", "score": 19.348265488647982}
{"docno": "Sc1e3d8f8-A73374b58", "score": 19.324886653932204}
{"docno": "S862bd0ff-A45be89f5", "score": 19.266466217057676}
{"docno": "S93a85b43-Aab3f9214", "score": 19.260821761760457}
{"docno": "S991d8ad-A11a88da7", "score": 19.237439380934916}
{"docno": "S17203b7a-Ad3c9baa9", "score": 19.237439380934916}
{"docno": "S37f600fc-Adca3a99a", "score": 19.18638792061506}
{"docno": "S93a85b43-A5b790a38", "score": 19.139703794778924}
{"docno": "S38dbedb8-Aa9cfd9f3", "score": 19.09717504911437}
{"docno": "Sa5deb511-Aaec8b4d3", "score": 19.096106608431}
{"docno": "Sff6f8975-Af360998f", "score": 19.08257049613008}
{"docno": "Se8b687aa-A98fb04c2", "score": 19.07971424116428}
{"docno": "Sf8510ac-A677f3513", "score": 19.077397947889352}
{"docno": "Sdb5cffb-A3d10c552", "score": 19.077397947889352}
{"docno": "Sb2035130-A82cbb310", "score": 19.026373522324796}
{"docno": "Sc3e4e21e-A2f5823e2", "score": 19.018921532709502}
{"docno": "Sa9a3f1c3-A1cbb3737", "score": 18.98656355186862}
{"docno": "S17203b7a-A29cb9f12", "score": 18.985926685897066}
{"docno": "S3840237e-Ac4a2a2fb", "score": 18.96085625723526}
{"docno": "S70068293-A51eab652", "score": 18.917600620334262}
{"docno": "Sb62ca38e-A9dd1a473", "score": 18.888382900814356}
{"docno": "Scb8d8013-Afc34dd40", "score": 18.876637713263996}
{"docno": "Sa9a3f1c3-Aee4e16cf", "score": 18.84346996819876}
{"docno": "S70068293-A89e63653", "score": 18.78532019384255}
{"docno": "Sc3e4e21e-Afd5be9fb", "score": 18.750429404477014}
{"docno": "S612baac2-A8a8f172d", "score": 18.743320748198112}
{"docno": "Seb1c0188-Add67300c", "score": 18.69602283271181}
{"docno": "Sf8510ac-A41de164b", "score": 18.69602283271181}
{"docno": "Sc2d5b14-Af27816e3", "score": 18.663867949998604}
{"docno": "Sc2d5b14-Ae6ec4c98", "score": 18.657151621954068}
{"docno": "S3840237e-A2d518697", "score": 18.657151621954068}
{"docno": "Sbc2b2a0d-A867734cf", "score": 18.646492793413266}
{"docno": "Sd1ab7b5c-A365d6454", "score": 18.643557509591382}
{"docno": "S9e189cf7-Abdcd319e", "score": 18.62828514355992}
{"docno": "Sfb0073bc-A336ff9ad", "score": 18.62400840744528}
{"docno": "S1b07a2bb-Aefc9cc96", "score": 18.614595570555508}
{"docno": "Sa8aabd34-A8b5df0c7", "score": 18.61028705084945}
{"docno": "S68207d29-Ae04714bb", "score": 18.57177116479954}
{"docno": "Sa5117580-A8e7e83c9", "score": 18.52715540613002}
{"docno": "S93a85b43-Ac7e6a356", "score": 18.52533400977749}
{"docno": "Sa977ed0e-Ab60ea55c", "score": 18.492511703875792}
{"docno": "Sa5716d54-A2d753868", "score": 18.4871685985333}
{"type": "toggleArgument", "timestamp": "2025-06-26T11:36:12.272Z", "sessionID": "e1ca6f24-7be1-48c4-a399-01c0cdf731f0", "rank": "1", "doc": "S3840237e-A93acd6f7", "action": "expand", "doclen": 435, "score": 25.270453512015376}
{"type": "StanceClicked", "timestamp": "2025-06-26T11:36:34.576Z", "sessionID": "e1ca6f24-7be1-48c4-a399-01c0cdf731f0", "rank": "1", "stance": "con", "action": "chooseStance", "doc": "S3840237e-A93acd6f7", "doclen": 435, "score": 25.270453512015376}
{"type": "toggleArgument", "timestamp": "2025-06-26T11:36:44.088Z", "sessionID": "e1ca6f24-7be1-48c4-a399-01c0cdf731f0", "rank": "3", "doc": "S3fe9d307-Acb875ca4", "action": "expand", "doclen": 580, "score": 24.34171541853371}
{"type": "toggleArgument", "timestamp": "2025-06-26T11:37:05.972Z", "sessionID": "e1ca6f24-7be1-48c4-a399-01c0cdf731f0", "rank": "6", "doc": "Sfb0073bc-A84bfa6b5", "action": "expand", "doclen": 174, "score": 23.281533747896983}
{"type": "toggleArgument", "timestamp": "2025-06-26T11:37:10.228Z", "sessionID": "e1ca6f24-7be1-48c4-a399-01c0cdf731f0", "rank": "7", "doc": "S8913dcfc-Af6928519", "action": "expand", "doclen": 442, "score": 23.21845111449991}
{"type": "toggleArgument", "timestamp": "2025-06-26T11:37:19.892Z", "sessionID": "e1ca6f24-7be1-48c4-a399-01c0cdf731f0", "rank": "8", "doc": "S5e021afe-Abf84f6bb", "action": "expand", "doclen": 1408, "score": 13.221142246164511}
{"type": "toggleArgument", "timestamp": "2025-06-26T11:37:43.436Z", "sessionID": "e1ca6f24-7be1-48c4-a399-01c0cdf731f0", "rank": "9", "doc": "S3840237e-A20623361", "action": "expand", "doclen": 681, "score": 23.07986396801101}
{"type": "queryBoxFocused", "timestamp": "2025-06-26T11:37:51.422Z", "sessionID": "e1ca6f24-7be1-48c4-a399-01c0cdf731f0"}
{"type": "querySubmitted", "timestamp": "2025-06-26T11:38:09.079Z", "sessionID": "e1ca6f24-7be1-48c4-a399-01c0cdf731f0", "query": "social* network* AND society"}
{"docno": "S5d621fc6-A77ece12d", "score": 25.174195614530905}
{"docno": "S562197e9-A778630b3", "score": 24.76962384054774}
{"docno": "S2fff3cb-A67fae08a", "score": 24.629015760177726}
{"docno": "S2e54c887-A90bb8f47", "score": 23.945202758099974}
{"docno": "Sbbaa1a64-Abb4b70a9", "score": 23.434079281270016}
{"docno": "S5c2b6729-A2e47116b", "score": 23.421350137861417}
{"docno": "S5d621fc6-A540b4905", "score": 23.07642547733626}
{"docno": "Sc035131e-A98f5b5ea", "score": 23.07520945058359}
{"docno": "Sca3fc859-A2e4cdba", "score": 23.053671464352252}
{"docno": "Sca3fc859-A8ee2e007", "score": 22.93030439473946}
{"docno": "Sab9f69d4-Ae3fe4b27", "score": 22.796293762763327}
{"docno": "S58177ad2-Ababd1f3b", "score": 22.40189019540538}
{"docno": "S2fff3cb-A452f3220", "score": 22.396049471677596}
{"docno": "Sca3fc859-Af3caa23a", "score": 22.237227087950558}
{"docno": "Scc128cdd-A935674fa", "score": 22.180465561083068}
{"docno": "S5c2b6729-Ac37787ed", "score": 22.00626815833933}
{"docno": "Sab890be6-A2ea2042c", "score": 22.001080388952563}
{"docno": "S528fb34-Ad3389723", "score": 21.84406473994913}
{"docno": "S7a949437-A79573de", "score": 21.761718637626227}
{"docno": "S4c26d828-A32ba6905", "score": 21.517150174750185}
{"docno": "S2f034874-A3bc1cc1a", "score": 21.508865125603887}
{"docno": "S58177ad2-A5644e698", "score": 21.457257211660245}
{"docno": "S5c2b6729-A2f5ce689", "score": 21.411367489567198}
{"docno": "S4a484e4e-A421d7994", "score": 21.39433436003258}
{"docno": "Sf0c04fae-Ac7955932", "score": 21.3143567151278}
{"docno": "S58177ab3-A9e5d86e6", "score": 21.275675342631487}
{"docno": "S573b89ce-A79b8d389", "score": 21.268794509239715}
{"docno": "Sd6443c53-Aa2efe2a5", "score": 21.2322218638389}
{"docno": "Sb656fdc4-Aa99be28f", "score": 21.228995697495755}
{"docno": "Sb742544a-A6a974838", "score": 21.21875550683464}
{"docno": "S4befcae3-A455dbd78", "score": 21.116804252954893}
{"docno": "S573b89ce-A8ceadb11", "score": 20.97710365347552}
{"docno": "Sca3fc859-A4f8efe29", "score": 20.924890511254937}
{"docno": "Sdf3b86f3-A401acb11", "score": 20.801865558160227}
{"docno": "S570da76a-Aad3730ad", "score": 20.72242612231054}
{"docno": "S58177ad2-Ae59c7668", "score": 20.59513047064738}
{"docno": "Scb221f76-A37b2f31d", "score": 20.54602795755019}
{"docno": "S629412b6-Aa96c6482", "score": 20.509944668598827}
{"docno": "S2ae82627-Ae3ee9eec", "score": 20.440808806484387}
{"docno": "Sd441d419-Ad99811a9", "score": 20.410304769838753}
{"docno": "S58177ab3-A4e7b25c8", "score": 20.347115179380552}
{"docno": "S868b43c1-A547f6db7", "score": 20.312482746927827}
{"docno": "S4c26d847-Aa47117db", "score": 20.195636737476683}
{"docno": "S5d621fc6-A5fcfa9b3", "score": 20.15304220721388}
{"docno": "S93a85b43-A7da35302", "score": 20.102750335538705}
{"docno": "S19d242fe-A438f0cba", "score": 20.102750335538705}
{"docno": "Saef01efd-Aaa3b971c", "score": 20.097889485197175}
{"docno": "S6d8da8ae-A7c1156f2", "score": 20.07632583235719}
{"docno": "Scb257512-A935a3b9", "score": 20.061651149584133}
{"docno": "S9f6ecaf2-A928a92fe", "score": 20.056243286719134}
{"docno": "S700681d9-Ab4159bb5", "score": 20.019556739512534}
{"docno": "Sbc2b2a0d-Af3c87dd3", "score": 19.978587511877684}
{"docno": "S5d5ca6ac-A43a37373", "score": 19.928749945659415}
{"docno": "Sd6443c53-Ae8409725", "score": 19.919040331461833}
{"docno": "S580fcbb-Ac6c450d6", "score": 19.91539027697571}
{"docno": "S573b89ce-A4dfb1f2e", "score": 19.802438322950913}
{"docno": "Sf359b0bb-A55844efc", "score": 19.75773584644258}
{"docno": "S19ef6a93-A8eab81af", "score": 19.633641185054223}
{"docno": "S8fd1f0f9-A29ff0f3", "score": 19.627084485151666}
{"docno": "Sec88ad82-Afa183ec6", "score": 19.620687059948523}
{"docno": "S573b89ce-Aee3d8200", "score": 19.605039663829924}
{"docno": "S5c1e1da6-A804af081", "score": 19.512286893720873}
{"docno": "Sbc2b2a0d-Af142eeb6", "score": 19.458075236639395}
{"docno": "S7a949437-Aa5fc0e10", "score": 19.436050119184287}
{"docno": "Se0e31c74-Ad32d10f9", "score": 19.399691944185264}
{"docno": "Sc4b5d675-A39285b4e", "score": 19.29077054767355}
{"docno": "Se8771d03-Abf051958", "score": 19.289452771248698}
{"docno": "Se5ccda7-A76ef80ba", "score": 19.23330298894716}
{"docno": "Se40f4670-A6a599048", "score": 19.228989634423993}
{"docno": "S3be6cca3-Abb8d28d6", "score": 19.153086253214095}
{"docno": "Sbc2b2a0d-A6c1388b7", "score": 19.09588215261933}
{"docno": "S557d3b7c-A52cfa308", "score": 19.07819503793818}
{"docno": "Se0e31c74-A564e0e47", "score": 18.902675550967214}
{"docno": "Sf0c04fae-Abc3954f5", "score": 18.859877138326773}
{"docno": "S8fd1f0f9-Ac5d8527", "score": 18.793931275767168}
{"docno": "S1deb845c-Ae765f05c", "score": 18.79026896664292}
{"docno": "S3ee2acca-A9c846ae5", "score": 18.71390611607939}
{"docno": "Sc61cb529-A49e8a7ff", "score": 18.682171371778217}
{"docno": "S718e766f-A6d90146d", "score": 18.58269061388163}
{"docno": "Sff77b2d5-A6e2117b4", "score": 18.563027414874508}
{"docno": "S10f1d75d-A5a8855eb", "score": 18.555883030765735}
{"docno": "Sdb73d6b5-A107548ba", "score": 18.49054468633321}
{"docno": "Scb221fd3-Aeb22d29f", "score": 18.39321575572076}
{"docno": "Sc63d8abf-Afc813955", "score": 18.26153336469004}
{"docno": "Sab9f69d4-Af48acdf0", "score": 18.26153336469004}
{"docno": "Sa7383e42-Aff5d4d5c", "score": 18.246265168145413}
{"docno": "S6b3ddf28-A35ae4ae7", "score": 18.211599363266217}
{"docno": "Sc035131e-Af49e2775", "score": 18.20289281964078}
{"docno": "S5c1e1da6-Aa922ad04", "score": 18.117832899047748}
{"docno": "S3c5fdcf2-Ab48dcc6c", "score": 18.10800554202907}
{"docno": "S61cdfe05-A6b8d859e", "score": 18.10800554202907}
{"docno": "S10f1d75d-Af8e49fbd", "score": 17.976376341199963}
{"docno": "S498726d8-A91cf4aac", "score": 17.922824587821758}
{"docno": "Sef6a56ee-A28b2907a", "score": 17.913126140689464}
{"docno": "Sdfff5834-Aeba045b1", "score": 17.872643158122006}
{"docno": "Sc4b5d675-A7cdf899c", "score": 17.83711153980638}
{"docno": "Sc47c3c35-Aac2191c", "score": 17.83711153980638}
{"docno": "S2e54c887-Ac92144ed", "score": 17.716237611411817}
{"docno": "S2e54c887-A876b1434", "score": 17.699987947189737}
{"docno": "Sc86547b-A3df07235", "score": 17.699987947189737}
{"type": "pageNavigationClicked", "timestamp": "2025-06-26T11:38:22.742Z", "sessionID": "e1ca6f24-7be1-48c4-a399-01c0cdf731f0", "clicked": "2", "fromPage": 1, "toPage": 2}
{"type": "toggleArgument", "timestamp": "2025-06-26T11:38:26.966Z", "sessionID": "e1ca6f24-7be1-48c4-a399-01c0cdf731f0", "rank": "11", "doc": "Sab9f69d4-Ae3fe4b27", "action": "expand", "doclen": 1044, "score": 33.052438996333606}
{"type": "StanceClicked", "timestamp": "2025-06-26T11:39:01.367Z", "sessionID": "e1ca6f24-7be1-48c4-a399-01c0cdf731f0", "rank": "11", "stance": "pro", "action": "chooseStance", "doc": "Sab9f69d4-Ae3fe4b27", "doclen": 1044, "score": 33.052438996333606}
{"type": "toggleArgument", "timestamp": "2025-06-26T11:39:05.360Z", "sessionID": "e1ca6f24-7be1-48c4-a399-01c0cdf731f0", "rank": "12", "doc": "S58177ad2-Ababd1f3b", "action": "expand", "doclen": 1021, "score": 25.95353707837965}
{"type": "StanceClicked", "timestamp": "2025-06-26T11:39:28.993Z", "sessionID": "e1ca6f24-7be1-48c4-a399-01c0cdf731f0", "rank": "12", "stance": "con", "action": "chooseStance", "doc": "S58177ad2-Ababd1f3b", "doclen": 1021, "score": 25.95353707837965}
{"type": "toggleArgument", "timestamp": "2025-06-26T11:39:34.736Z", "sessionID": "e1ca6f24-7be1-48c4-a399-01c0cdf731f0", "rank": "15", "doc": "Scc128cdd-A935674fa", "action": "expand", "doclen": 620, "score": 32.22100682911919}
{"type": "StanceClicked", "timestamp": "2025-06-26T11:39:55.472Z", "sessionID": "e1ca6f24-7be1-48c4-a399-01c0cdf731f0", "rank": "15", "stance": "pro", "action": "chooseStance", "doc": "Scc128cdd-A935674fa", "doclen": 620, "score": 32.22100682911919}
{"type": "ClickedEndTask", "timestamp": "2025-06-26T11:40:04.998Z", "sessionID": "e1ca6f24-7be1-48c4-a399-01c0cdf731f0"}
{"type": "TaskEndConfirmed", "timestamp": "2025-06-26T11:40:12.669Z", "sessionID": "e1ca6f24-7be1-48c4-a399-01c0cdf731f0"}
{"type": "TaskEnded", "timestamp": "2025-06-26T11:40:19.789Z", "sessionID": "e1ca6f24-7be1-48c4-a399-01c0cdf731f0", "reason": "time is up", "translated_reason": "Time is up"}
