{"type": "idSubmitted", "timestamp": "2025-06-26T10:44:43.375Z", "sessionID": "be00ef11-487c-41be-9365-456de59b8776", "uid": "Participant48"}
{"type": "idSubmitted", "timestamp": "2025-06-26T10:46:12.423Z", "sessionID": "be00ef11-487c-41be-9365-456de59b8776", "uid": "Participant48"}
{"type": "TaskStarted", "timestamp": "2025-06-26T10:46:39.591Z", "sessionID": "be00ef11-487c-41be-9365-456de59b8776", "task": "1", "uid": "Participant52", "topic": "Should the death penalty be allowed?"}
{"type": "queryBoxFocused", "timestamp": "2025-06-26T10:46:42.484Z", "sessionID": "be00ef11-487c-41be-9365-456de59b8776"}
{"type": "querySubmitted", "timestamp": "2025-06-26T10:46:47.320Z", "sessionID": "be00ef11-487c-41be-9365-456de59b8776", "query": "death penalty"}
{"docno": "Sbea71e7b-Abd60bf75", "score": 20.601460382733954}
{"docno": "S41272f07-A41be4b07", "score": 20.59909556162657}
{"docno": "Sc1373988-A36ccfa6f", "score": 20.257381423685324}
{"docno": "S53f92967-A7a1722af", "score": 20.257381423685324}
{"docno": "S12bc8799-A87d80bd4", "score": 20.139565931667338}
{"docno": "Sf2cac0b5-A6784823", "score": 20.055074979717155}
{"docno": "Sfc074141-A793f1cd0", "score": 19.979595210668975}
{"docno": "Se3bc0ab2-A41f13adf", "score": 19.97716596096548}
{"docno": "Sabe4e80b-Af9ac8615", "score": 19.94934085411012}
{"docno": "Sa03f5d1-A80dcb16f", "score": 19.8933366755939}
{"docno": "Scd96e4d9-Aa65a4175", "score": 19.83937405292379}
{"docno": "S1f7cca71-A745b453c", "score": 19.833889949415834}
{"docno": "Sc1373988-A47b3f132", "score": 19.821382305668102}
{"docno": "S97ab35bd-A9ce90243", "score": 19.78861999970551}
{"docno": "Sa490cfc2-A73ff9d39", "score": 19.752852649554292}
{"docno": "Sa490cc01-A12ca097c", "score": 19.733933791274133}
{"docno": "Sa490cbe2-A12ca097c", "score": 19.733933791274133}
{"docno": "Sb44adae-Ab12adfb9", "score": 19.719563804316227}
{"docno": "Sa490dae6-Aa951b5ca", "score": 19.716302522235626}
{"docno": "S8e56b3f-Aa2289b81", "score": 19.667129903410153}
{"docno": "Se3bc0428-A56772e6a", "score": 19.659880004779946}
{"docno": "Sf0268876-A37840bd2", "score": 19.65941749868837}
{"docno": "S6a11307c-A609c3aeb", "score": 19.648919237421634}
{"docno": "Sed8762f0-A35a0cc9c", "score": 19.623347237192743}
{"docno": "Sa490dae6-A6b1bc3b2", "score": 19.561671125512753}
{"docno": "S61c0373c-Affe1e841", "score": 19.56075535317921}
{"docno": "Sa23f06c3-Afd1c8048", "score": 19.523391517866106}
{"docno": "Se3bc0029-Ae49aead2", "score": 19.501541302397573}
{"docno": "Se3bbffad-Acc28a9a0", "score": 19.500893784967055}
{"docno": "S98cd11a9-Aae17e291", "score": 19.481212196517646}
{"docno": "Sa490da89-A408c09b1", "score": 19.466856810280472}
{"docno": "S3908ce09-Ad57962ed", "score": 19.45633627667167}
{"docno": "Sf23a0adc-A117989ef", "score": 19.44836964756724}
{"docno": "Seab845d-A33436cf2", "score": 19.409731770508824}
{"docno": "S67db7502-Acaae78f0", "score": 19.40944634630972}
{"docno": "Sa490da89-A8b9f222", "score": 19.393107225240556}
{"docno": "Sf0d2eb87-A556f3a17", "score": 19.38599413115732}
{"docno": "Sa0b4281b-A1d77756", "score": 19.372786090874094}
{"docno": "S650e9d58-Ab2021c57", "score": 19.36464343035042}
{"docno": "Sed874ca8-A4c51d5c5", "score": 19.344648944712382}
{"docno": "Sa4350c15-Ab0b5d439", "score": 19.339578554279086}
{"docno": "S310487f5-Ab4cd0cd0", "score": 19.335671451971052}
{"docno": "Sed87bdc2-A7752da66", "score": 19.331646664032014}
{"docno": "Sa490c0fc-A8ebf78e", "score": 19.306893302298555}
{"docno": "S20bc77e0-A6e9b2ab", "score": 19.306893302298555}
{"docno": "Sbe38f705-Acc127caa", "score": 19.305557878379986}
{"docno": "S11800e-Ac446fd58", "score": 19.299858389879795}
{"docno": "S33caf0a6-Aade8fb2d", "score": 19.296823502961722}
{"docno": "S6761e57f-Af948b174", "score": 19.284662707683907}
{"docno": "Sa490c460-A6250a490", "score": 19.284229451929985}
{"docno": "Sd3ab5fe5-A9785e0d9", "score": 19.265900389778558}
{"docno": "Sabe4dd06-Aaee744a4", "score": 19.264027625816528}
{"docno": "S1ef0d677-Aec238a57", "score": 19.244823360761632}
{"docno": "Sfefb65c7-A776bf5cf", "score": 19.241186699201812}
{"docno": "S1d058f16-A44dec1de", "score": 19.22913732056881}
{"docno": "Sabe4d584-Af8fb8dee", "score": 19.18550010228249}
{"docno": "Sec00b32a-Aff2c7f1d", "score": 19.18550010228249}
{"docno": "S61658bd7-A7d63d408", "score": 19.1846192111218}
{"docno": "Sa490c13a-A32f780f1", "score": 19.176023932401655}
{"docno": "S35a517e3-Ac05b3843", "score": 19.16820603510801}
{"docno": "Sa490cfc2-Aa9419ed6", "score": 19.132770821652734}
{"docno": "S4a5fb04d-A11c581ba", "score": 19.129510238715355}
{"docno": "Sed87cc4a-Ad46ee8cd", "score": 19.121873124457146}
{"docno": "Sed875bea-Ab38c338c", "score": 19.11838514309784}
{"docno": "S7ad5a1f-Aeeba3d00", "score": 19.100360644367804}
{"docno": "Sf0268876-Ac7df5225", "score": 19.0829062778915}
{"docno": "Sf6f47599-A4cc6d905", "score": 19.061024648412918}
{"docno": "Sbc0aeb49-A497dbc67", "score": 19.06098525354279}
{"docno": "Sa490df04-A6091c4a8", "score": 19.033576174904688}
{"docno": "S8e56b5e-Adb079160", "score": 19.01885006511813}
{"docno": "S8d075a55-A872591b", "score": 19.00048391018047}
{"docno": "Sa490cfc2-Ae6cad0d1", "score": 18.997604270241858}
{"docno": "Se9f1259e-A49d96498", "score": 18.997604270241858}
{"docno": "Sabe4dd25-A6f9b3542", "score": 18.99702181617966}
{"docno": "Saa32ee2d-Af2881613", "score": 18.984862470209947}
{"docno": "Sc3fe10be-Aac008e76", "score": 18.966662697187004}
{"docno": "Sd7b2d64c-Abcdd3ee9", "score": 18.95440828264061}
{"docno": "S59adeaa5-A66f71f04", "score": 18.952876229622703}
{"docno": "Sa490c061-A4cff59d3", "score": 18.94519711461653}
{"docno": "Se3bc744a-A2cd21f94", "score": 18.93108895565677}
{"docno": "Sa490c11b-Afa8e5a32", "score": 18.924780624687976}
{"docno": "Scbf9e451-Ae9feea78", "score": 18.917937764370627}
{"docno": "Se3bc0af0-Ab11fa57d", "score": 18.899266891353292}
{"docno": "Sa490df04-A838e28ac", "score": 18.89654337359927}
{"docno": "Sb57c59d8-A261183cc", "score": 18.880626176489923}
{"docno": "Sa4350c72-A25ee2e2a", "score": 18.880626176489923}
{"docno": "Sed87c8c7-Abb05db72", "score": 18.880626176489923}
{"docno": "Sf345611f-A8cd36602", "score": 18.875370499078752}
{"docno": "Se3bc0428-A5e3bf25e", "score": 18.853732978911452}
{"docno": "S11800e-A5f17b950", "score": 18.841534108186504}
{"docno": "S49d55862-Abd71bd86", "score": 18.824795749796237}
{"docno": "Sa04d44e3-A68ed6b2", "score": 18.822675692562957}
{"docno": "Sb57ce95f-A8187b888", "score": 18.82126258634511}
{"docno": "Sa03f5d1-A93e9ffb2", "score": 18.82126258634511}
{"docno": "S30be7e46-Ae6158445", "score": 18.818437010344773}
{"docno": "S3670e50c-Aa2f5f45b", "score": 18.818437010344773}
{"docno": "Sd9d193ff-A91c0733e", "score": 18.818437010344773}
{"docno": "Se3bc0eb1-A6f1bf84d", "score": 18.818437010344773}
{"docno": "S1e632fc2-Aaf422f23", "score": 18.8158878518973}
{"docno": "S2bbae687-Aff9e32ec", "score": 18.810179884893532}
{"type": "queryBoxFocused", "timestamp": "2025-06-26T10:46:53.870Z", "sessionID": "be00ef11-487c-41be-9365-456de59b8776"}
{"type": "querySubmitted", "timestamp": "2025-06-26T10:46:59.550Z", "sessionID": "be00ef11-487c-41be-9365-456de59b8776", "query": "death penalty just"}
{"docno": "Sed8762f0-A35a0cc9c", "score": 21.710184684494724}
{"docno": "Sec00b32a-Aff2c7f1d", "score": 21.556920165701587}
{"docno": "Scd96e4d9-Aa65a4175", "score": 21.46246348056908}
{"docno": "Sa490c0fc-A8ebf78e", "score": 21.317054195257803}
{"docno": "S35a517e3-Ac05b3843", "score": 21.288423233620062}
{"docno": "S1ef0d677-Aec238a57", "score": 21.240320167684416}
{"docno": "Sfefb65c7-A776bf5cf", "score": 21.101009762271644}
{"docno": "S716aad24-Aea057e6", "score": 21.044703641142025}
{"docno": "Sbc0aeb49-A497dbc67", "score": 21.013746001306135}
{"docno": "Sb75cb67f-A46466aca", "score": 20.982716729199154}
{"docno": "Sabe4e80b-Af9ac8615", "score": 20.92950157777958}
{"docno": "Scbf9e451-Ae9feea78", "score": 20.92144029316625}
{"docno": "Seab845d-A33436cf2", "score": 20.90983312541116}
{"docno": "Sa4350c15-Ae47c1bca", "score": 20.83652518208394}
{"docno": "S59adeaa5-A66f71f04", "score": 20.800139755758956}
{"docno": "S34f8da4-Af6229c84", "score": 20.795140598140474}
{"docno": "S9d15a4c4-Afdd70fd0", "score": 20.795140598140474}
{"docno": "Sa4350c72-A25ee2e2a", "score": 20.79244297705794}
{"docno": "Sfc531382-A6234be00", "score": 20.723330726313158}
{"docno": "Sf0268876-Ac7df5225", "score": 20.70134701110281}
{"docno": "S781939db-A4f12050f", "score": 20.672342408965843}
{"docno": "Sf345611f-A8cd36602", "score": 20.668714670028777}
{"docno": "Sabe4dd06-Aaee744a4", "score": 20.65908591328065}
{"docno": "Sf0d59e60-A7e4b44e7", "score": 20.62035480041588}
{"docno": "Sbea71e7b-Abd60bf75", "score": 20.601460382733954}
{"docno": "S41272f07-A41be4b07", "score": 20.59909556162657}
{"docno": "S11800e-A5f17b950", "score": 20.59109235044205}
{"docno": "Se3bc744a-A58a23bd0", "score": 20.582490773779735}
{"docno": "S4127285e-A24388f14", "score": 20.531576253920004}
{"docno": "Sed87578e-Adf19e80a", "score": 20.33531362514667}
{"docno": "S10e19d20-Aa2586693", "score": 20.335166464306262}
{"docno": "S9ef66e59-A8ed0133d", "score": 20.29542168792103}
{"docno": "Sd167f0eb-A4795e044", "score": 20.29542168792103}
{"docno": "Sb3543e78-Ad7152763", "score": 20.27565693612073}
{"docno": "S9341a98d-Aa26d1bb3", "score": 20.27183694271448}
{"docno": "Sc1373988-A36ccfa6f", "score": 20.257381423685324}
{"docno": "S53f92967-A7a1722af", "score": 20.257381423685324}
{"docno": "Sa490c7c4-A418fcb6a", "score": 20.226527157999175}
{"docno": "Sa6c1e892-A54ce5a95", "score": 20.224259340760298}
{"docno": "Se3bc0428-A5e3bf25e", "score": 20.220901332477755}
{"docno": "Sc6c19d9c-A777eae09", "score": 20.22024054797273}
{"docno": "Sabe4d907-A81241563", "score": 20.19448348894088}
{"docno": "Sf0d2eb87-A556f3a17", "score": 20.185641444602556}
{"docno": "S12bc8799-A87d80bd4", "score": 20.139565931667338}
{"docno": "S3ac6f872-Af9e91eb9", "score": 20.115991406713835}
{"docno": "Sed874ca8-Ab4e91877", "score": 20.098171205422403}
{"docno": "S9a30ace1-A343677e4", "score": 20.07639997286532}
{"docno": "Sf2cac0b5-A6784823", "score": 20.055074979717155}
{"docno": "Sa490c460-A6250a490", "score": 20.050285717363614}
{"docno": "S9f07d6c3-Af6b0cd2a", "score": 20.035389531852697}
{"docno": "Sa630c057-Ad7e1dcd5", "score": 20.024866393442355}
{"docno": "S8914f22f-A11fc056a", "score": 20.00969287914384}
{"docno": "S9d15a4c4-A54d0599f", "score": 19.99605208985128}
{"docno": "Sfc074141-A793f1cd0", "score": 19.979595210668975}
{"docno": "Se3bc0ab2-A41f13adf", "score": 19.97716596096548}
{"docno": "Sabe4e0a8-A875b88c1", "score": 19.96856961127985}
{"docno": "Se3bc7b6f-A27dedf1e", "score": 19.956741634007223}
{"docno": "S11800e-A84ccafc0", "score": 19.952866274973513}
{"docno": "S21316472-Ab017bdc2", "score": 19.930868561966548}
{"docno": "Sed875867-A81e6a3ea", "score": 19.92077508935868}
{"docno": "S6849c089-A9e16d687", "score": 19.918102342244}
{"docno": "Sed87c48a-Ad9ff0599", "score": 19.905143673034658}
{"docno": "Sa03f5d1-A80dcb16f", "score": 19.8933366755939}
{"docno": "S5924c4f2-Ad7e337f8", "score": 19.865207423976212}
{"docno": "Sa490dae6-A937d89e6", "score": 19.842602719161512}
{"docno": "Sa490d345-A9f85a901", "score": 19.83601436095244}
{"docno": "S1f7cca71-A745b453c", "score": 19.833889949415834}
{"docno": "Sc1373988-A47b3f132", "score": 19.821382305668102}
{"docno": "S9f07d6c3-Aa8cacb8", "score": 19.814290490695054}
{"docno": "S44c570f5-A57191529", "score": 19.79299132282327}
{"docno": "S97ab35bd-A9ce90243", "score": 19.78861999970551}
{"docno": "Sf6d26e83-A2cf17640", "score": 19.759255538406244}
{"docno": "Sa490cfc2-A73ff9d39", "score": 19.752852649554292}
{"docno": "Sc34aad49-A7e538d02", "score": 19.738479774041576}
{"docno": "Sa490cc01-A12ca097c", "score": 19.733933791274133}
{"docno": "Sa490cbe2-A12ca097c", "score": 19.733933791274133}
{"docno": "Sb44adae-Ab12adfb9", "score": 19.719563804316227}
{"docno": "Sa490dae6-Aa951b5ca", "score": 19.716302522235626}
{"docno": "Sedb37505-A5ca3b963", "score": 19.712511464911945}
{"docno": "Sa4350c15-Afb2e74ff", "score": 19.701053772900877}
{"docno": "Sabe4d9ff-A47012a4a", "score": 19.693444350409784}
{"docno": "Sed876b2c-A9daeeaaa", "score": 19.679760390332532}
{"docno": "S11800e-A6cece273", "score": 19.670861510417748}
{"docno": "S8e56b3f-Aa2289b81", "score": 19.667129903410153}
{"docno": "Se3bc0428-A56772e6a", "score": 19.659880004779946}
{"docno": "Sf0268876-A37840bd2", "score": 19.65941749868837}
{"docno": "Sb9e586a6-A5bf946b5", "score": 19.65248318231265}
{"docno": "Sb3b94ce8-Ab3546a14", "score": 19.65129871364489}
{"docno": "S6a11307c-A609c3aeb", "score": 19.648919237421634}
{"docno": "S8077af98-A747cb5a1", "score": 19.637357302947166}
{"docno": "S7a5e9703-Add61277f", "score": 19.62773601105156}
{"docno": "Sd1abdd08-Af87714f2", "score": 19.619832539107534}
{"docno": "Sabe4d9ff-A835180a1", "score": 19.56447819951195}
{"docno": "Sa490dae6-A6b1bc3b2", "score": 19.561671125512753}
{"docno": "S61c0373c-Affe1e841", "score": 19.56075535317921}
{"docno": "S90f227f7-Ac89fbd23", "score": 19.52713694639743}
{"docno": "Sa23f06c3-Afd1c8048", "score": 19.523391517866106}
{"docno": "Se3bc0029-Ae49aead2", "score": 19.501541302397573}
{"docno": "Se3bbffad-Acc28a9a0", "score": 19.500893784967055}
{"docno": "Sbea71e7b-A8aed953", "score": 19.492695053013747}
{"type": "toggleArgument", "timestamp": "2025-06-26T10:47:03.375Z", "sessionID": "be00ef11-487c-41be-9365-456de59b8776", "rank": "1", "doc": "Sed8762f0-A35a0cc9c", "action": "expand", "doclen": 236, "score": 19.623347237192743}
{"type": "StanceClicked", "timestamp": "2025-06-26T10:47:11.287Z", "sessionID": "be00ef11-487c-41be-9365-456de59b8776", "rank": "1", "stance": "pro", "action": "chooseStance", "doc": "Sed8762f0-A35a0cc9c", "doclen": 236, "score": 19.623347237192743}
{"type": "toggleArgument", "timestamp": "2025-06-26T10:47:16.750Z", "sessionID": "be00ef11-487c-41be-9365-456de59b8776", "rank": "2", "doc": "Sec00b32a-Aff2c7f1d", "action": "expand", "doclen": 705, "score": 19.18550010228249}
{"type": "StanceClicked", "timestamp": "2025-06-26T10:47:36.134Z", "sessionID": "be00ef11-487c-41be-9365-456de59b8776", "rank": "2", "stance": "pro", "action": "chooseStance", "doc": "Sec00b32a-Aff2c7f1d", "doclen": 705, "score": 19.18550010228249}
{"type": "toggleArgument", "timestamp": "2025-06-26T10:47:46.958Z", "sessionID": "be00ef11-487c-41be-9365-456de59b8776", "rank": "3", "doc": "Scd96e4d9-Aa65a4175", "action": "expand", "doclen": 1689, "score": 19.83937405292379}
{"type": "StanceClicked", "timestamp": "2025-06-26T10:48:42.799Z", "sessionID": "be00ef11-487c-41be-9365-456de59b8776", "rank": "3", "stance": "con", "action": "chooseStance", "doc": "Scd96e4d9-Aa65a4175", "doclen": 1689, "score": 19.83937405292379}
{"type": "toggleArgument", "timestamp": "2025-06-26T10:48:47.753Z", "sessionID": "be00ef11-487c-41be-9365-456de59b8776", "rank": "4", "doc": "Sa490c0fc-A8ebf78e", "action": "expand", "doclen": 281, "score": 19.306893302298555}
{"type": "toggleArgument", "timestamp": "2025-06-26T10:49:00.102Z", "sessionID": "be00ef11-487c-41be-9365-456de59b8776", "rank": "4", "doc": "Sa490c0fc-A8ebf78e", "action": "reduce", "doclen": 281, "score": 19.306893302298555}
{"type": "toggleArgument", "timestamp": "2025-06-26T10:49:01.252Z", "sessionID": "be00ef11-487c-41be-9365-456de59b8776", "rank": "4", "doc": "Sa490c0fc-A8ebf78e", "action": "expand", "doclen": 281, "score": 19.306893302298555}
{"type": "toggleArgument", "timestamp": "2025-06-26T10:49:13.617Z", "sessionID": "be00ef11-487c-41be-9365-456de59b8776", "rank": "5", "doc": "S35a517e3-Ac05b3843", "action": "expand", "doclen": 1289, "score": 19.16820603510801}
{"type": "StanceClicked", "timestamp": "2025-06-26T10:49:28.532Z", "sessionID": "be00ef11-487c-41be-9365-456de59b8776", "rank": "5", "stance": "con", "action": "chooseStance", "doc": "S35a517e3-Ac05b3843", "doclen": 1289, "score": 19.16820603510801}
{"type": "toggleArgument", "timestamp": "2025-06-26T10:49:36.040Z", "sessionID": "be00ef11-487c-41be-9365-456de59b8776", "rank": "8", "doc": "S716aad24-Aea057e6", "action": "expand", "doclen": 775, "score": 21.044703641142025}
{"type": "StanceClicked", "timestamp": "2025-06-26T10:50:12.179Z", "sessionID": "be00ef11-487c-41be-9365-456de59b8776", "rank": "8", "stance": "pro", "action": "chooseStance", "doc": "S716aad24-Aea057e6", "doclen": 775, "score": 21.044703641142025}
{"type": "toggleArgument", "timestamp": "2025-06-26T10:50:14.695Z", "sessionID": "be00ef11-487c-41be-9365-456de59b8776", "rank": "9", "doc": "Sbc0aeb49-A497dbc67", "action": "expand", "doclen": 340, "score": 19.06098525354279}
{"type": "queryBoxFocused", "timestamp": "2025-06-26T10:50:22.814Z", "sessionID": "be00ef11-487c-41be-9365-456de59b8776"}
{"type": "querySubmitted", "timestamp": "2025-06-26T10:50:24.633Z", "sessionID": "be00ef11-487c-41be-9365-456de59b8776", "query": "Death Penalty fair"}
{"docno": "Sed8762f0-A35a0cc9c", "score": 27.318808837122074}
{"docno": "Sb57ce95f-A8187b888", "score": 25.82238338261253}
{"docno": "Sa490df04-A9e08881f", "score": 25.311469003488245}
{"docno": "Se82389ba-Acded52ef", "score": 25.050651311954912}
{"docno": "Sc6c19d9c-A777eae09", "score": 24.44346669546039}
{"docno": "Sabe4dd06-Aaee744a4", "score": 24.408471192670824}
{"docno": "Sa490df04-A6091c4a8", "score": 24.231033232524634}
{"docno": "Sabe4d9ff-A835180a1", "score": 24.128539673922067}
{"docno": "Sa6c1e892-A54ce5a95", "score": 24.09199608941852}
{"docno": "S1d4dd2b5-Afc924719", "score": 24.041103552082717}
{"docno": "Sa490df04-A83a901d4", "score": 23.707368163211665}
{"docno": "S36456a89-A8ba4a141", "score": 23.55544250145568}
{"docno": "Sed87c126-A70fb96c4", "score": 23.3311540081544}
{"docno": "Sabe4d9ff-A42af9174", "score": 23.329802780950416}
{"docno": "Sa490c0be-A1ce51e97", "score": 23.198136535303533}
{"docno": "Sabf0fc05-A8e36065d", "score": 23.101334005292195}
{"docno": "Sa490d000-A1de3aee6", "score": 22.760173723698582}
{"docno": "Sabe4e523-A7247cc37", "score": 22.589628949501467}
{"docno": "S7754db25-A6dbe1f2a", "score": 22.50431601469101}
{"docno": "Sa490df04-A838e28ac", "score": 22.498097694192698}
{"docno": "S447458de-A8531abab", "score": 22.478455822501864}
{"docno": "S3f1d7284-Ae7b16ec8", "score": 22.400939166240722}
{"docno": "S11800e-A5f17b950", "score": 22.260008534545342}
{"docno": "Sabf0fc05-Add9cc23a", "score": 22.22900160494786}
{"docno": "S3ac6f872-Af9e91eb9", "score": 22.176793261021313}
{"docno": "Seab845d-A33436cf2", "score": 22.113505284542978}
{"docno": "S75f83923-Ac12e7d27", "score": 22.05468715216845}
{"docno": "S1d4dd2b5-Aa694d155", "score": 21.98641170450383}
{"docno": "S20bc7764-Af074752", "score": 21.843563728587835}
{"docno": "S5866798f-A60d960db", "score": 21.599690123227997}
{"docno": "Se3bbf904-Aff51f79e", "score": 21.42767443184423}
{"docno": "S73a8cab4-A544cb55a", "score": 21.208504539330256}
{"docno": "Sabe4dd06-A44852584", "score": 21.128141178833552}
{"docno": "S44d10580-Ad789808e", "score": 21.113306428521383}
{"docno": "Seab845d-A573f37d6", "score": 21.08715861757594}
{"docno": "Seaf9851d-Ad0448f3e", "score": 21.08095070266164}
{"docno": "Sa490d6c8-A9eb86ad5", "score": 21.011518526996937}
{"docno": "S8e5e9e9-A315e5044", "score": 20.970630008676505}
{"docno": "S3f1d7284-A9d3d6e3d", "score": 20.884452162763232}
{"docno": "Sabe4e143-A608c465d", "score": 20.83555647103573}
{"docno": "S9dba5ea1-Ae17246b0", "score": 20.80911648189643}
{"docno": "Seb972906-Abf3a8893", "score": 20.80911648189643}
{"docno": "Se6e1353a-Abaea67c", "score": 20.765696810706366}
{"docno": "S5924c4f2-Ad7e337f8", "score": 20.744109693506893}
{"docno": "Seab845d-A7d8dfbe0", "score": 20.720113661081317}
{"docno": "Sbea71e7b-Abd60bf75", "score": 20.601460382733954}
{"docno": "S41272f07-A41be4b07", "score": 20.59909556162657}
{"docno": "Sf5157375-Acb75ada1", "score": 20.588055932042852}
{"docno": "S6ea5169f-A597d23f5", "score": 20.500412725433616}
{"docno": "S77b604ee-A85c78a18", "score": 20.461342572634713}
{"docno": "Sabe4e143-A32116abe", "score": 20.43358240976594}
{"docno": "Sb835c0fa-A55989cae", "score": 20.43305075812612}
{"docno": "Sdffaeb79-Aa70679e3", "score": 20.37925377787625}
{"docno": "S9a30ac84-A2eec9c2d", "score": 20.325168938396114}
{"docno": "Sc1373988-A36ccfa6f", "score": 20.257381423685324}
{"docno": "S53f92967-A7a1722af", "score": 20.257381423685324}
{"docno": "Seaf9851d-A62ac6832", "score": 20.242820080344902}
{"docno": "S12bc8799-A87d80bd4", "score": 20.139565931667338}
{"docno": "Sb3543e78-A3e5e9ae5", "score": 20.12140464514529}
{"docno": "Sf2cac0b5-A6784823", "score": 20.055074979717155}
{"docno": "Sb835c0fa-A72908b09", "score": 20.01656292481345}
{"docno": "Sfc074141-A793f1cd0", "score": 19.979595210668975}
{"docno": "Se3bc0ab2-A41f13adf", "score": 19.97716596096548}
{"docno": "Sabe4e80b-Af9ac8615", "score": 19.94934085411012}
{"docno": "Sa03f5d1-A80dcb16f", "score": 19.8933366755939}
{"docno": "Scd96e4d9-Aa65a4175", "score": 19.83937405292379}
{"docno": "S1f7cca71-A745b453c", "score": 19.833889949415834}
{"docno": "S6a11307c-A1c59dfb9", "score": 19.82216237628092}
{"docno": "Sc1373988-A47b3f132", "score": 19.821382305668102}
{"docno": "S97ab35bd-A9ce90243", "score": 19.78861999970551}
{"docno": "Sed876293-A382e0fd", "score": 19.77716547826434}
{"docno": "S70ffe88-A1c8ff9df", "score": 19.75332658462128}
{"docno": "Sa490cfc2-A73ff9d39", "score": 19.752852649554292}
{"docno": "Sed87bdc2-A309189d2", "score": 19.736322656068943}
{"docno": "Sa490cc01-A12ca097c", "score": 19.733933791274133}
{"docno": "Sa490cbe2-A12ca097c", "score": 19.733933791274133}
{"docno": "Sb44adae-Ab12adfb9", "score": 19.719563804316227}
{"docno": "Sa490dae6-Aa951b5ca", "score": 19.716302522235626}
{"docno": "S8e56b3f-Aa2289b81", "score": 19.667129903410153}
{"docno": "Se3bc0428-A56772e6a", "score": 19.659880004779946}
{"docno": "Sf0268876-A37840bd2", "score": 19.65941749868837}
{"docno": "S6a11307c-A609c3aeb", "score": 19.648919237421634}
{"docno": "Sa490dae6-A6b1bc3b2", "score": 19.561671125512753}
{"docno": "S61c0373c-Affe1e841", "score": 19.56075535317921}
{"docno": "Sa23f06c3-Afd1c8048", "score": 19.523391517866106}
{"docno": "S53d5d09b-A65af0f1d", "score": 19.50244383351616}
{"docno": "Se3bc0029-Ae49aead2", "score": 19.501541302397573}
{"docno": "Se3bbffad-Acc28a9a0", "score": 19.500893784967055}
{"docno": "S98cd11a9-Aae17e291", "score": 19.481212196517646}
{"docno": "Sabe4e4e5-A40ef0b0d", "score": 19.468128090449294}
{"docno": "Sa490da89-A408c09b1", "score": 19.466856810280472}
{"docno": "S1e632fc2-Acbac0149", "score": 19.462729333566053}
{"docno": "S3908ce09-Ad57962ed", "score": 19.45633627667167}
{"docno": "Sf23a0adc-A117989ef", "score": 19.44836964756724}
{"docno": "S67db7502-Acaae78f0", "score": 19.40944634630972}
{"docno": "Saa1e7195-A22ef8d40", "score": 19.393272429785608}
{"docno": "Sa490da89-A8b9f222", "score": 19.393107225240556}
{"docno": "Sf0d2eb87-A556f3a17", "score": 19.38599413115732}
{"docno": "Sa0b4281b-A1d77756", "score": 19.372786090874094}
{"docno": "Sd7fe4744-A829c6e4", "score": 19.371202701263655}
{"type": "toggleArgument", "timestamp": "2025-06-26T10:50:29.384Z", "sessionID": "be00ef11-487c-41be-9365-456de59b8776", "rank": "2", "doc": "Sb57ce95f-A8187b888", "action": "expand", "doclen": 350, "score": 18.82126258634511}
{"type": "StanceClicked", "timestamp": "2025-06-26T10:50:32.852Z", "sessionID": "be00ef11-487c-41be-9365-456de59b8776", "rank": "2", "stance": "con", "action": "chooseStance", "doc": "Sb57ce95f-A8187b888", "doclen": 350, "score": 18.82126258634511}
{"type": "toggleArgument", "timestamp": "2025-06-26T10:50:35.663Z", "sessionID": "be00ef11-487c-41be-9365-456de59b8776", "rank": "3", "doc": "Sa490df04-A9e08881f", "action": "expand", "doclen": 1564, "score": 25.311469003488245}
{"type": "StanceClicked", "timestamp": "2025-06-26T10:50:41.135Z", "sessionID": "be00ef11-487c-41be-9365-456de59b8776", "rank": "3", "stance": "pro", "action": "chooseStance", "doc": "Sa490df04-A9e08881f", "doclen": 1564, "score": 25.311469003488245}
{"type": "toggleArgument", "timestamp": "2025-06-26T10:50:48.308Z", "sessionID": "be00ef11-487c-41be-9365-456de59b8776", "rank": "4", "doc": "Se82389ba-Acded52ef", "action": "expand", "doclen": 1661, "score": 25.050651311954912}
{"type": "StanceClicked", "timestamp": "2025-06-26T10:51:16.227Z", "sessionID": "be00ef11-487c-41be-9365-456de59b8776", "rank": "4", "stance": "pro", "action": "chooseStance", "doc": "Se82389ba-Acded52ef", "doclen": 1661, "score": 25.050651311954912}
{"type": "StanceClicked", "timestamp": "2025-06-26T10:51:26.116Z", "sessionID": "be00ef11-487c-41be-9365-456de59b8776", "rank": "5", "stance": "con", "action": "chooseStance", "doc": "Sc6c19d9c-A777eae09", "doclen": 762, "score": 20.22024054797273}
{"type": "toggleArgument", "timestamp": "2025-06-26T10:51:27.586Z", "sessionID": "be00ef11-487c-41be-9365-456de59b8776", "rank": "5", "doc": "Sc6c19d9c-A777eae09", "action": "expand", "doclen": 762, "score": 20.22024054797273}
{"type": "toggleArgument", "timestamp": "2025-06-26T10:51:50.528Z", "sessionID": "be00ef11-487c-41be-9365-456de59b8776", "rank": "7", "doc": "Sa490df04-A6091c4a8", "action": "expand", "doclen": 833, "score": 19.033576174904688}
{"type": "StanceClicked", "timestamp": "2025-06-26T10:52:01.352Z", "sessionID": "be00ef11-487c-41be-9365-456de59b8776", "rank": "7", "stance": "con", "action": "chooseStance", "doc": "Sa490df04-A6091c4a8", "doclen": 833, "score": 19.033576174904688}
{"type": "toggleArgument", "timestamp": "2025-06-26T10:52:07.630Z", "sessionID": "be00ef11-487c-41be-9365-456de59b8776", "rank": "8", "doc": "Sabe4d9ff-A835180a1", "action": "expand", "doclen": 604, "score": 19.56447819951195}
{"type": "StanceClicked", "timestamp": "2025-06-26T10:52:25.076Z", "sessionID": "be00ef11-487c-41be-9365-456de59b8776", "rank": "8", "stance": "pro", "action": "chooseStance", "doc": "Sabe4d9ff-A835180a1", "doclen": 604, "score": 19.56447819951195}
{"type": "toggleArgument", "timestamp": "2025-06-26T10:52:32.025Z", "sessionID": "be00ef11-487c-41be-9365-456de59b8776", "rank": "9", "doc": "Sa6c1e892-A54ce5a95", "action": "expand", "doclen": 977, "score": 20.224259340760298}
{"type": "StanceClicked", "timestamp": "2025-06-26T10:52:55.304Z", "sessionID": "be00ef11-487c-41be-9365-456de59b8776", "rank": "9", "stance": "con", "action": "chooseStance", "doc": "Sa6c1e892-A54ce5a95", "doclen": 977, "score": 20.224259340760298}
{"type": "toggleArgument", "timestamp": "2025-06-26T10:52:58.207Z", "sessionID": "be00ef11-487c-41be-9365-456de59b8776", "rank": "10", "doc": "S1d4dd2b5-Afc924719", "action": "expand", "doclen": 1432, "score": 24.041103552082717}
{"type": "StanceClicked", "timestamp": "2025-06-26T10:53:01.872Z", "sessionID": "be00ef11-487c-41be-9365-456de59b8776", "rank": "10", "stance": "con", "action": "chooseStance", "doc": "S1d4dd2b5-Afc924719", "doclen": 1432, "score": 24.041103552082717}
{"type": "pageNavigationClicked", "timestamp": "2025-06-26T10:53:03.440Z", "sessionID": "be00ef11-487c-41be-9365-456de59b8776", "clicked": "2", "fromPage": 1, "toPage": 2}
{"type": "StanceClicked", "timestamp": "2025-06-26T10:53:06.808Z", "sessionID": "be00ef11-487c-41be-9365-456de59b8776", "rank": "11", "stance": "pro", "action": "chooseStance", "doc": "Sa490df04-A83a901d4", "doclen": 244, "score": 23.707368163211665}
{"type": "StanceClicked", "timestamp": "2025-06-26T10:53:10.304Z", "sessionID": "be00ef11-487c-41be-9365-456de59b8776", "rank": "12", "stance": "pro", "action": "chooseStance", "doc": "S36456a89-A8ba4a141", "doclen": 871, "score": 23.55544250145568}
{"type": "StanceClicked", "timestamp": "2025-06-26T10:53:13.864Z", "sessionID": "be00ef11-487c-41be-9365-456de59b8776", "rank": "13", "stance": "con", "action": "chooseStance", "doc": "Sed87c126-A70fb96c4", "doclen": 2415, "score": 23.3311540081544}
{"type": "toggleArgument", "timestamp": "2025-06-26T10:53:19.176Z", "sessionID": "be00ef11-487c-41be-9365-456de59b8776", "rank": "14", "doc": "Sabe4d9ff-A42af9174", "action": "expand", "doclen": 748, "score": 23.329802780950416}
{"type": "StanceClicked", "timestamp": "2025-06-26T10:53:20.225Z", "sessionID": "be00ef11-487c-41be-9365-456de59b8776", "rank": "14", "stance": "pro", "action": "chooseStance", "doc": "Sabe4d9ff-A42af9174", "doclen": 748, "score": 23.329802780950416}
{"type": "toggleArgument", "timestamp": "2025-06-26T10:53:23.136Z", "sessionID": "be00ef11-487c-41be-9365-456de59b8776", "rank": "15", "doc": "Sa490c0be-A1ce51e97", "action": "expand", "doclen": 2138, "score": 23.198136535303533}
{"type": "toggleArgument", "timestamp": "2025-06-26T10:53:45.208Z", "sessionID": "be00ef11-487c-41be-9365-456de59b8776", "rank": "16", "doc": "Sabf0fc05-A8e36065d", "action": "expand", "doclen": 486, "score": 23.101334005292195}
{"type": "StanceClicked", "timestamp": "2025-06-26T10:53:53.128Z", "sessionID": "be00ef11-487c-41be-9365-456de59b8776", "rank": "16", "stance": "pro", "action": "chooseStance", "doc": "Sabf0fc05-A8e36065d", "doclen": 486, "score": 23.101334005292195}
{"type": "toggleArgument", "timestamp": "2025-06-26T10:53:55.992Z", "sessionID": "be00ef11-487c-41be-9365-456de59b8776", "rank": "17", "doc": "Sa490d000-A1de3aee6", "action": "expand", "doclen": 1699, "score": 22.760173723698582}
{"type": "StanceClicked", "timestamp": "2025-06-26T10:54:02.241Z", "sessionID": "be00ef11-487c-41be-9365-456de59b8776", "rank": "17", "stance": "pro", "action": "chooseStance", "doc": "Sa490d000-A1de3aee6", "doclen": 1699, "score": 22.760173723698582}
{"type": "StanceClicked", "timestamp": "2025-06-26T10:54:08.553Z", "sessionID": "be00ef11-487c-41be-9365-456de59b8776", "rank": "17", "stance": "con", "action": "chooseStance", "doc": "Sa490d000-A1de3aee6", "doclen": 1699, "score": 22.760173723698582}
{"type": "StanceClicked", "timestamp": "2025-06-26T10:54:09.305Z", "sessionID": "be00ef11-487c-41be-9365-456de59b8776", "rank": "17", "stance": "pro", "action": "chooseStance", "doc": "Sa490d000-A1de3aee6", "doclen": 1699, "score": 22.760173723698582}
{"type": "StanceClicked", "timestamp": "2025-06-26T10:54:10.785Z", "sessionID": "be00ef11-487c-41be-9365-456de59b8776", "rank": "17", "stance": "con", "action": "chooseStance", "doc": "Sa490d000-A1de3aee6", "doclen": 1699, "score": 22.760173723698582}
{"type": "StanceClicked", "timestamp": "2025-06-26T10:54:11.720Z", "sessionID": "be00ef11-487c-41be-9365-456de59b8776", "rank": "17", "stance": "pro", "action": "chooseStance", "doc": "Sa490d000-A1de3aee6", "doclen": 1699, "score": 22.760173723698582}
{"type": "toggleArgument", "timestamp": "2025-06-26T10:54:15.287Z", "sessionID": "be00ef11-487c-41be-9365-456de59b8776", "rank": "18", "doc": "Sabe4e523-A7247cc37", "action": "expand", "doclen": 701, "score": 22.589628949501467}
{"type": "StanceClicked", "timestamp": "2025-06-26T10:54:21.953Z", "sessionID": "be00ef11-487c-41be-9365-456de59b8776", "rank": "18", "stance": "con", "action": "chooseStance", "doc": "Sabe4e523-A7247cc37", "doclen": 701, "score": 22.589628949501467}
{"type": "toggleArgument", "timestamp": "2025-06-26T10:54:24.767Z", "sessionID": "be00ef11-487c-41be-9365-456de59b8776", "rank": "19", "doc": "S7754db25-A6dbe1f2a", "action": "expand", "doclen": 2129, "score": 22.50431601469101}
{"type": "StanceClicked", "timestamp": "2025-06-26T10:54:35.841Z", "sessionID": "be00ef11-487c-41be-9365-456de59b8776", "rank": "19", "stance": "con", "action": "chooseStance", "doc": "S7754db25-A6dbe1f2a", "doclen": 2129, "score": 22.50431601469101}
{"type": "toggleArgument", "timestamp": "2025-06-26T10:54:38.280Z", "sessionID": "be00ef11-487c-41be-9365-456de59b8776", "rank": "20", "doc": "Sa490df04-A838e28ac", "action": "expand", "doclen": 2085, "score": 18.89654337359927}
{"type": "StanceClicked", "timestamp": "2025-06-26T10:55:02.665Z", "sessionID": "be00ef11-487c-41be-9365-456de59b8776", "rank": "20", "stance": "pro", "action": "chooseStance", "doc": "Sa490df04-A838e28ac", "doclen": 2085, "score": 18.89654337359927}
{"type": "pageNavigationClicked", "timestamp": "2025-06-26T10:55:03.824Z", "sessionID": "be00ef11-487c-41be-9365-456de59b8776", "clicked": "3", "fromPage": 2, "toPage": 3}
{"type": "toggleArgument", "timestamp": "2025-06-26T10:55:06.720Z", "sessionID": "be00ef11-487c-41be-9365-456de59b8776", "rank": "22", "doc": "S3f1d7284-Ae7b16ec8", "action": "expand", "doclen": 1321, "score": 22.400939166240722}
{"type": "StanceClicked", "timestamp": "2025-06-26T10:55:10.904Z", "sessionID": "be00ef11-487c-41be-9365-456de59b8776", "rank": "22", "stance": "pro", "action": "chooseStance", "doc": "S3f1d7284-Ae7b16ec8", "doclen": 1321, "score": 22.400939166240722}
{"type": "StanceClicked", "timestamp": "2025-06-26T10:55:11.296Z", "sessionID": "be00ef11-487c-41be-9365-456de59b8776", "rank": "22", "stance": "pro", "action": "removeStance", "doc": "S3f1d7284-Ae7b16ec8", "doclen": 1321, "score": 22.400939166240722}
{"type": "StanceClicked", "timestamp": "2025-06-26T10:55:12.616Z", "sessionID": "be00ef11-487c-41be-9365-456de59b8776", "rank": "22", "stance": "con", "action": "chooseStance", "doc": "S3f1d7284-Ae7b16ec8", "doclen": 1321, "score": 22.400939166240722}
{"type": "toggleArgument", "timestamp": "2025-06-26T10:55:18.904Z", "sessionID": "be00ef11-487c-41be-9365-456de59b8776", "rank": "21", "doc": "S447458de-A8531abab", "action": "expand", "doclen": 1766, "score": 22.478455822501864}
{"type": "StanceClicked", "timestamp": "2025-06-26T10:55:21.648Z", "sessionID": "be00ef11-487c-41be-9365-456de59b8776", "rank": "21", "stance": "pro", "action": "chooseStance", "doc": "S447458de-A8531abab", "doclen": 1766, "score": 22.478455822501864}
{"type": "StanceClicked", "timestamp": "2025-06-26T10:55:31.017Z", "sessionID": "be00ef11-487c-41be-9365-456de59b8776", "rank": "23", "stance": "pro", "action": "chooseStance", "doc": "S11800e-A5f17b950", "doclen": 2230, "score": 18.841534108186504}
{"type": "toggleArgument", "timestamp": "2025-06-26T10:55:32.136Z", "sessionID": "be00ef11-487c-41be-9365-456de59b8776", "rank": "24", "doc": "Sabf0fc05-Add9cc23a", "action": "expand", "doclen": 1051, "score": 22.22900160494786}
{"type": "toggleArgument", "timestamp": "2025-06-26T10:55:49.072Z", "sessionID": "be00ef11-487c-41be-9365-456de59b8776", "rank": "25", "doc": "S3ac6f872-Af9e91eb9", "action": "expand", "doclen": 1454, "score": 20.115991406713835}
{"type": "toggleArgument", "timestamp": "2025-06-26T10:56:20.440Z", "sessionID": "be00ef11-487c-41be-9365-456de59b8776", "rank": "26", "doc": "Seab845d-A33436cf2", "action": "expand", "doclen": 2980, "score": 19.409731770508824}
{"type": "StanceClicked", "timestamp": "2025-06-26T10:56:41.201Z", "sessionID": "be00ef11-487c-41be-9365-456de59b8776", "rank": "26", "stance": "con", "action": "chooseStance", "doc": "Seab845d-A33436cf2", "doclen": 2980, "score": 19.409731770508824}
{"type": "toggleArgument", "timestamp": "2025-06-26T10:56:45.720Z", "sessionID": "be00ef11-487c-41be-9365-456de59b8776", "rank": "27", "doc": "S75f83923-Ac12e7d27", "action": "expand", "doclen": 1351, "score": 22.05468715216845}
{"type": "StanceClicked", "timestamp": "2025-06-26T10:57:01.945Z", "sessionID": "be00ef11-487c-41be-9365-456de59b8776", "rank": "27", "stance": "con", "action": "chooseStance", "doc": "S75f83923-Ac12e7d27", "doclen": 1351, "score": 22.05468715216845}
{"type": "StanceClicked", "timestamp": "2025-06-26T10:57:06.688Z", "sessionID": "be00ef11-487c-41be-9365-456de59b8776", "rank": "29", "stance": "con", "action": "chooseStance", "doc": "S20bc7764-Af074752", "doclen": 2025, "score": 21.843563728587835}
{"type": "StanceClicked", "timestamp": "2025-06-26T10:57:08.544Z", "sessionID": "be00ef11-487c-41be-9365-456de59b8776", "rank": "30", "stance": "con", "action": "chooseStance", "doc": "S5866798f-A60d960db", "doclen": 303, "score": 21.599690123227997}
{"type": "pageNavigationClicked", "timestamp": "2025-06-26T10:57:10.032Z", "sessionID": "be00ef11-487c-41be-9365-456de59b8776", "clicked": "4", "fromPage": 3, "toPage": 4}
{"type": "StanceClicked", "timestamp": "2025-06-26T10:57:12.913Z", "sessionID": "be00ef11-487c-41be-9365-456de59b8776", "rank": "32", "stance": "con", "action": "chooseStance", "doc": "S73a8cab4-A544cb55a", "doclen": 1054, "score": 21.208504539330256}
{"type": "StanceClicked", "timestamp": "2025-06-26T10:57:15.224Z", "sessionID": "be00ef11-487c-41be-9365-456de59b8776", "rank": "33", "stance": "con", "action": "chooseStance", "doc": "Sabe4dd06-A44852584", "doclen": 2375, "score": 21.128141178833552}
{"type": "StanceClicked", "timestamp": "2025-06-26T10:57:21.689Z", "sessionID": "be00ef11-487c-41be-9365-456de59b8776", "rank": "35", "stance": "con", "action": "chooseStance", "doc": "Seab845d-A573f37d6", "doclen": 2174, "score": 21.08715861757594}
{"type": "StanceClicked", "timestamp": "2025-06-26T10:57:24.920Z", "sessionID": "be00ef11-487c-41be-9365-456de59b8776", "rank": "36", "stance": "pro", "action": "chooseStance", "doc": "Seaf9851d-Ad0448f3e", "doclen": 784, "score": 21.08095070266164}
{"type": "ClickedEndTask", "timestamp": "2025-06-26T10:57:27.400Z", "sessionID": "be00ef11-487c-41be-9365-456de59b8776"}
{"type": "TaskEndConfirmed", "timestamp": "2025-06-26T10:57:30.944Z", "sessionID": "be00ef11-487c-41be-9365-456de59b8776"}
{"type": "TaskEnded", "timestamp": "2025-06-26T10:57:37.585Z", "sessionID": "be00ef11-487c-41be-9365-456de59b8776", "reason": "Zeit abgelaufen", "translated_reason": "Time expired"}
