{"type": "TaskStarted", "timestamp": "2025-06-26T10:58:18.648Z", "sessionID": "db69a9bf-5e3e-4d17-97e6-600e31e6c5a4", "task": "2", "uid": "Participant11", "topic": "Placeholder Topic"}
{"type": "ClickedEndTask", "timestamp": "2025-06-26T10:58:24.676Z", "sessionID": "db69a9bf-5e3e-4d17-97e6-600e31e6c5a4"}
{"type": "queryBoxFocused", "timestamp": "2025-06-26T10:58:30.299Z", "sessionID": "db69a9bf-5e3e-4d17-97e6-600e31e6c5a4"}
{"type": "querySubmitted", "timestamp": "2025-06-26T10:58:51.068Z", "sessionID": "db69a9bf-5e3e-4d17-97e6-600e31e6c5a4", "query": "alternative energy vs. fossil fuels"}
{"docno": "S1baa36a6-Aa4b2f901", "score": 47.56652040163249}
{"docno": "S8fdcc598-Acdae4e26", "score": 43.26591479967707}
{"docno": "S6e782a7f-Af9399e46", "score": 39.34170309277287}
{"docno": "S8706d0e3-Aae31b6bf", "score": 39.26057562758774}
{"docno": "S8fdcc598-A43e16fea", "score": 39.0209523440474}
{"docno": "S1baa36a6-Ac0bf4bed", "score": 38.89486908974413}
{"docno": "Sdee205c0-Ae44e39f6", "score": 38.894181074936995}
{"docno": "S74a77292-A5a2ce3bf", "score": 38.47192593432565}
{"docno": "S8b68ae4-Ad09a0795", "score": 37.46413562406864}
{"docno": "S4c6aab06-A82a12ec6", "score": 37.35729526470278}
{"docno": "Sb4dd79cd-A7edad33b", "score": 37.061228295938015}
{"docno": "Sbb33e2d6-A77bfb204", "score": 36.84105205802208}
{"docno": "S4911d42e-A73664204", "score": 36.08061407375615}
{"docno": "S43533c49-Ae2964e60", "score": 36.038059370862044}
{"docno": "S9d6aeb41-A5e7380a5", "score": 35.566420641503896}
{"docno": "Se31bfa66-A29dccb3f", "score": 35.26064793549496}
{"docno": "S4c6aab06-Ab78242a9", "score": 35.11632216601869}
{"docno": "S148bb110-Ae875f471", "score": 34.96222595254285}
{"docno": "S4911d42e-A54a3d4e3", "score": 34.94577462221479}
{"docno": "Sd7bf3b30-Aeba3469a", "score": 34.79535260797237}
{"docno": "S9bc8d269-Aa2f5b865", "score": 34.687960475406214}
{"docno": "Sb4dd79cd-A414ad7e1", "score": 34.54143694510505}
{"docno": "Sa0c49422-Ad734ffa5", "score": 34.29121416636307}
{"docno": "S6e782a7f-A1f7e6056", "score": 34.20110965554467}
{"docno": "Sbb33e2d6-A4507e919", "score": 33.95485458526156}
{"docno": "Sd258aeb1-A4c0071e6", "score": 33.89551449876713}
{"docno": "S4c6aab06-Aaa46022a", "score": 33.747828724305116}
{"docno": "S7983ff18-A9ce614c1", "score": 33.66395239150808}
{"docno": "Se91be287-Ad7caa1c3", "score": 33.65369116879985}
{"docno": "S8bd07da7-Aa91fdc94", "score": 33.61429974423295}
{"docno": "S2c6ce6a7-Ac789a2c2", "score": 33.52273453122394}
{"docno": "Sde8ec542-A24bed0cf", "score": 33.48098637451718}
{"docno": "S16850e2-A8225cd78", "score": 33.31395737837426}
{"docno": "S3af9364a-A34579f2e", "score": 33.17909443989415}
{"docno": "Sdfa2550c-A2cc92922", "score": 33.00031777593967}
{"docno": "S33af2d02-A4b1f9da2", "score": 33.00031777593967}
{"docno": "Sf8fc8c9e-A2a62c1f9", "score": 32.97219236597635}
{"docno": "S29e8ec75-Abe481205", "score": 32.914643287168886}
{"docno": "S31698916-A9824005f", "score": 32.863690922369415}
{"docno": "Sdee205c0-A7e51810", "score": 32.775538357193966}
{"docno": "Sff095b00-Ac57f7384", "score": 32.77438184852845}
{"docno": "S8b68ae4-A25e6503e", "score": 32.68166732644501}
{"docno": "Sa0c49403-Aeb3168ef", "score": 32.625241599100704}
{"docno": "S83ae40a2-Ad3cfd561", "score": 32.55166259431835}
{"docno": "S4bb40bff-Ae5335e37", "score": 32.40446424124814}
{"docno": "Se31bfa66-A11d1f42e", "score": 32.27743963497598}
{"docno": "Scf368ef2-A3a6d9bb4", "score": 32.25673654523759}
{"docno": "S148bb110-A54da8965", "score": 32.128174742145845}
{"docno": "S4c6aab06-Af7945601", "score": 32.125864071483925}
{"docno": "S653f0284-Afaeb6f0f", "score": 31.922744299396317}
{"docno": "S5f3b3fcb-A67ed79a7", "score": 31.76517490016095}
{"docno": "Sdee205c0-A22706607", "score": 31.626961048079437}
{"docno": "S4bb40bff-Af5231436", "score": 31.595474064332418}
{"docno": "Sea61b0fc-Ac2a79108", "score": 31.530608955133186}
{"docno": "Sc98fe9a7-A816d2826", "score": 31.431397152589092}
{"docno": "S74a77292-Ae85a9c8e", "score": 31.3411246177334}
{"docno": "Sc66981d5-A783c22ba", "score": 31.302287502764024}
{"docno": "S4c6aab06-Aaa5ecb0b", "score": 31.214846314193863}
{"docno": "Sc98fe988-Ab8259242", "score": 31.173498062352074}
{"docno": "S31698916-A7c39d7ed", "score": 31.15646951677557}
{"docno": "S2e721803-A663a41f", "score": 31.077028804761525}
{"docno": "Sc98fe9c6-A1932a660", "score": 31.024470674447592}
{"docno": "S53b7edd-Abfcc4f21", "score": 30.76602220953353}
{"docno": "Se2550a31-A93a2cc25", "score": 30.646585233758458}
{"docno": "S8da25347-Ae90edff7", "score": 30.597774913130976}
{"docno": "S2e721803-Acf10ec84", "score": 30.45855773815265}
{"docno": "S9bc8d269-Ac2420b41", "score": 30.418081673977206}
{"docno": "S7983ff18-Aa229a4fb", "score": 30.399681790250234}
{"docno": "S7983ff18-Abc9e38fe", "score": 30.294358817992965}
{"docno": "S4d2e82ff-Aee0235bc", "score": 30.1592567527208}
{"docno": "S40e61a27-A2185ab8", "score": 30.09264418778785}
{"docno": "Sd3c3ea6f-Aeaaaf8fa", "score": 29.934423017583114}
{"docno": "Se9b4aa83-A22c16120", "score": 29.837198608220135}
{"docno": "S9bc8d269-Aba221d1e", "score": 29.747602728989335}
{"docno": "S148bb110-A10521943", "score": 29.747602728989335}
{"docno": "S3d677ded-Adc5c2d83", "score": 29.70765467246777}
{"docno": "S148bb110-A73673e85", "score": 29.70765467246777}
{"docno": "Sf3f89575-Aca1ad1e9", "score": 29.429261036352237}
{"docno": "Sff095b00-A10418c78", "score": 29.42441922370903}
{"docno": "S8706d0e3-Ac554444", "score": 29.422266863537786}
{"docno": "Sf59a1cd-Aa94eddbd", "score": 29.39034630601152}
{"docno": "S8706d0e3-Aa446c0fc", "score": 29.361247006799452}
{"docno": "S661b8688-A1c627232", "score": 29.345292117826368}
{"docno": "S2d219ef-A11b44848", "score": 29.156747265065338}
{"docno": "S8b68ae4-A3b4029ee", "score": 28.92149149073137}
{"docno": "S148bb110-A6bce813e", "score": 28.847326028229702}
{"docno": "S7a83d88a-Add079b08", "score": 28.806644115385584}
{"docno": "Sd5e7199e-Af7b99bbf", "score": 28.709618368035073}
{"docno": "S57476c75-Ade05781a", "score": 28.693858686303408}
{"docno": "S412c152b-Ac7d13674", "score": 28.547779820052}
{"docno": "Se2550a31-A51017628", "score": 28.3930587321506}
{"docno": "S8b68ae4-A91b52207", "score": 28.342322064768233}
{"docno": "S8b68ae4-A86bc961b", "score": 28.276526367859958}
{"docno": "S27109bef-Addd32283", "score": 28.22284005894302}
{"docno": "S83ae40a2-Aafcd3727", "score": 28.177663254233387}
{"docno": "Sd6155d38-A57009a92", "score": 28.134885774635528}
{"docno": "S4c6aab06-A83429d8c", "score": 28.091764128769917}
{"docno": "Sfc220308-Aa6f28129", "score": 28.033426827435925}
{"docno": "Sdb5f720b-Ad53d5a64", "score": 28.014979219063463}
{"docno": "Sbb33e2b7-Af35d3bc5", "score": 27.9015870619997}
{"type": "toggleArgument", "timestamp": "2025-06-26T10:58:57.688Z", "sessionID": "db69a9bf-5e3e-4d17-97e6-600e31e6c5a4", "rank": "1", "doc": "S1baa36a6-Aa4b2f901", "action": "expand", "doclen": 517, "score": 47.56652040163249}
{"type": "queryBoxFocused", "timestamp": "2025-06-26T10:59:21.123Z", "sessionID": "db69a9bf-5e3e-4d17-97e6-600e31e6c5a4"}
{"type": "querySubmitted", "timestamp": "2025-06-26T10:59:33.887Z", "sessionID": "db69a9bf-5e3e-4d17-97e6-600e31e6c5a4", "query": "alternative energy vs conservative energy"}
{"docno": "S691fdd7c-Ab3967e04", "score": 17.19578705407634}
{"docno": "S6d052e9c-Ae44ca1e9", "score": 17.079801814592727}
{"docno": "S1baa36a6-A376a00ad", "score": 16.967693742607164}
{"docno": "S2aa5711e-Aca6d975b", "score": 16.556089679616715}
{"docno": "Sd5e7199e-A2c372895", "score": 16.54510588284311}
{"docno": "Sd5e7199e-Af7b99bbf", "score": 16.474851018254196}
{"docno": "S57476c75-A5a062ea8", "score": 16.46136056903125}
{"docno": "S9d6aeb41-A5e7380a5", "score": 16.404852880076845}
{"docno": "S8da25347-Ae90edff7", "score": 16.25550101450882}
{"docno": "S1baa36a6-Aa4b2f901", "score": 16.20913515376016}
{"docno": "S3e2d22e5-A600ebe64", "score": 16.13064299019916}
{"docno": "S3b9e766e-Af848ea57", "score": 16.044832520308617}
{"docno": "Sd7f29ce6-A24970596", "score": 16.02911290273776}
{"docno": "S601acc39-Ad5f3cc56", "score": 16.002315545921054}
{"docno": "S35052009-A60772d51", "score": 15.74746435898469}
{"docno": "S412c152b-Aa6e77523", "score": 15.730605835068245}
{"docno": "Sffc14fd7-Ad7a37b4c", "score": 15.70633679520692}
{"docno": "Scfc28390-A8da5a9c1", "score": 15.59431148214506}
{"docno": "S8b68ae4-A86bc961b", "score": 15.54900245105737}
{"docno": "Sd3da8e7b-Ae3e8c77c", "score": 15.446776234722142}
{"docno": "S43533c49-Aafb7551a", "score": 15.440705022940518}
{"docno": "S5a72d9c5-Aa747be0e", "score": 15.227020164169344}
{"docno": "S5a72d9a6-Af214aa0a", "score": 15.227020164169344}
{"docno": "Se413bd69-A82d7e0e6", "score": 15.183311009344958}
{"docno": "S9f718cba-A9fcaea30", "score": 15.141979675917051}
{"docno": "S148bb110-A225b4be9", "score": 15.12888593277526}
{"docno": "S7ed93b20-A999af7f", "score": 15.115492111656097}
{"docno": "Se96e0da1-Ae23d21b8", "score": 15.11004650624196}
{"docno": "S5f390efd-A6f8e7911", "score": 15.020547824103588}
{"docno": "S6e782a7f-Af9399e46", "score": 14.955378280682412}
{"docno": "S31698916-Af7f3f2c3", "score": 14.94821504747253}
{"docno": "S661b8688-A83df292e", "score": 14.864007616722635}
{"docno": "Sdcf792dd-A78437f2d", "score": 14.698953221895067}
{"docno": "S8bd07da7-Aa91fdc94", "score": 14.692975352199237}
{"docno": "S8e5d598f-Ade337ba0", "score": 14.637229198978417}
{"docno": "Sffc14fd7-A81f9d85d", "score": 14.618886372276604}
{"docno": "S1d43f1df-Accae8102", "score": 14.585889345029315}
{"docno": "S162373a9-Ae5ddca85", "score": 14.57438427744569}
{"docno": "Se91be287-Aa86dc068", "score": 14.55241000373822}
{"docno": "S3e2d22e5-Af02fa479", "score": 14.531745161176866}
{"docno": "Sde8ec542-Af1a359f0", "score": 14.45474801174295}
{"docno": "S60de3116-A2b48e8ca", "score": 14.434534533678173}
{"docno": "S2a73d06b-A1fabb996", "score": 14.42493688179338}
{"docno": "S5a72d9c5-Adb33fae7", "score": 14.400114925920693}
{"docno": "S1baa36a6-Ac0bf4bed", "score": 14.383626538761856}
{"docno": "S2d219ef-Acb486c6d", "score": 14.332407740665918}
{"docno": "Sffc14fd7-Aa781a22a", "score": 14.27295334715324}
{"docno": "S969b9bbe-A7ddb9f13", "score": 14.207281996259319}
{"docno": "S27109bef-Addd32283", "score": 14.188500374461924}
{"docno": "S83ae40a2-Accc40ee0", "score": 14.108857633969329}
{"docno": "Sea61b0fc-Af04bdb57", "score": 14.105121518682708}
{"docno": "S87445fc2-A189f1195", "score": 14.066785255875233}
{"docno": "S661b8688-A4651a22a", "score": 14.060965184932332}
{"docno": "Sd7bf3b30-Aeba3469a", "score": 14.015009306837975}
{"docno": "S5a72d9a6-A760db34b", "score": 14.001482273030515}
{"docno": "S661b8688-A1c627232", "score": 13.96817324923638}
{"docno": "Sf3288200-A76e78d9e", "score": 13.874693610436797}
{"docno": "S2d219ef-A11b44848", "score": 13.864855983769523}
{"docno": "Sc3ec10ad-A713b9c4b", "score": 13.839773649045076}
{"docno": "See29301f-A18b189d9", "score": 13.826735891819395}
{"docno": "S2a73d06b-A18e8912d", "score": 13.805044103899057}
{"docno": "S8706d0e3-Af034da44", "score": 13.769635334564757}
{"docno": "S7b0d1dd3-Ad1fe43f8", "score": 13.761443411679878}
{"docno": "S2d219ef-A879f8f68", "score": 13.754008560768002}
{"docno": "Sdcd6bb5f-Acf49578b", "score": 13.733523137184829}
{"docno": "S76c92ab0-A4dd65056", "score": 13.658681658986122}
{"docno": "Sb4dd79ae-A6a7cfc84", "score": 13.637147635686292}
{"docno": "Sb4dd79cd-Ae87a8038", "score": 13.637147635686292}
{"docno": "S8da25347-A9737a131", "score": 13.615798156011081}
{"docno": "Sffc14fd7-A2a3f4477", "score": 13.610107653006962}
{"docno": "Sffc14fd7-Ac76b28b4", "score": 13.610107653006962}
{"docno": "S661b8688-A8d0e9384", "score": 13.59235969938534}
{"docno": "S7ae7b591-A29f371e9", "score": 13.568986327364794}
{"docno": "Sc98fe9a7-A816d2826", "score": 13.533447658767408}
{"docno": "S95627a9d-A126cb3f5", "score": 13.523480979540919}
{"docno": "S2e721803-Acf10ec84", "score": 13.522210734301527}
{"docno": "S7e1f9994-A2a95ade3", "score": 13.456659923516197}
{"docno": "Sc51e1d6e-Ab34d8c91", "score": 13.446496837322456}
{"docno": "S3b46cdea-Abf120463", "score": 13.431851702639985}
{"docno": "Sc025bef8-A8ad6c8d8", "score": 13.417378259647101}
{"docno": "Sc98fe988-Ab8259242", "score": 13.386535784290501}
{"docno": "S8fdcc598-Acdae4e26", "score": 13.351452475916203}
{"docno": "S45c09d2f-Ae0378e29", "score": 13.32779379217952}
{"docno": "Se91be287-A754b372b", "score": 13.32779379217952}
{"docno": "S8b68ae4-Ae96cdaec", "score": 13.32779379217952}
{"docno": "S22acf825-Ab1a0bb92", "score": 13.32611089511759}
{"docno": "Sb44bf40-Ad9fc2e9d", "score": 13.260293640414831}
{"docno": "Sea61b0fc-Abcf48fd3", "score": 13.225335781399078}
{"docno": "S2a73d06b-A9c84552c", "score": 13.21328075784064}
{"docno": "S87445fc2-Ace698977", "score": 13.210314288672338}
{"docno": "S182a8bdf-A446e92a7", "score": 13.210314288672338}
{"docno": "S31fade72-Ad2fc740c", "score": 13.206857430060602}
{"docno": "S16f720c9-Ab16c8f2c", "score": 13.132688035512441}
{"docno": "Sd335e567-A9b2a57b4", "score": 13.129139973805593}
{"docno": "Sd335e567-A679e2098", "score": 13.091600737689646}
{"docno": "S6140b8cc-Aa3dce0f4", "score": 13.079315715249873}
{"docno": "S60a928b1-A6bfbfcfd", "score": 13.05613754346924}
{"docno": "Sc98fe9c6-A1932a660", "score": 13.044457664362806}
{"docno": "S96ec38c7-Ab5d6a6c8", "score": 13.042592433316173}
{"docno": "Sdee205c0-A92f5629f", "score": 13.025074102146966}
{"type": "toggleArgument", "timestamp": "2025-06-26T10:59:38.688Z", "sessionID": "db69a9bf-5e3e-4d17-97e6-600e31e6c5a4", "rank": "1", "doc": "S691fdd7c-Ab3967e04", "action": "expand", "doclen": 772, "score": 11.551124150377852}
{"type": "toggleArgument", "timestamp": "2025-06-26T11:00:00.493Z", "sessionID": "db69a9bf-5e3e-4d17-97e6-600e31e6c5a4", "rank": "2", "doc": "S6d052e9c-Ae44ca1e9", "action": "expand", "doclen": 1433, "score": 11.05876006859834}
{"type": "toggleArgument", "timestamp": "2025-06-26T11:00:10.644Z", "sessionID": "db69a9bf-5e3e-4d17-97e6-600e31e6c5a4", "rank": "3", "doc": "S1baa36a6-A376a00ad", "action": "expand", "doclen": 603, "score": 11.317936386282799}
{"type": "toggleArgument", "timestamp": "2025-06-26T11:00:19.905Z", "sessionID": "db69a9bf-5e3e-4d17-97e6-600e31e6c5a4", "rank": "7", "doc": "S57476c75-A5a062ea8", "action": "expand", "doclen": 570, "score": 16.12771583042484}
{"type": "queryBoxFocused", "timestamp": "2025-06-26T11:00:41.936Z", "sessionID": "db69a9bf-5e3e-4d17-97e6-600e31e6c5a4"}
{"type": "querySubmitted", "timestamp": "2025-06-26T11:00:51.642Z", "sessionID": "db69a9bf-5e3e-4d17-97e6-600e31e6c5a4", "query": "thats a good argument for alternative energy"}
{"docno": "Se8b51f74-Aee52ab08", "score": 24.171285949255928}
{"docno": "S1baa36a6-A376a00ad", "score": 23.54865947724304}
{"docno": "S2aa5711e-Aca6d975b", "score": 22.933793534372107}
{"docno": "S691fdd7c-Ab3967e04", "score": 22.21326519069722}
{"docno": "S57476c75-A5a062ea8", "score": 21.53142048896106}
{"docno": "S8da25347-Ae90edff7", "score": 21.424480332691466}
{"docno": "S1baa36a6-Aa4b2f901", "score": 21.3655389705985}
{"docno": "Sffc14fd7-Ad7a37b4c", "score": 20.543851187796633}
{"docno": "S2d219ef-Acb486c6d", "score": 20.387185763711372}
{"docno": "S412c152b-Aa6e77523", "score": 20.304954789570317}
{"docno": "S35052009-A60772d51", "score": 19.85239316140357}
{"docno": "S6e782a7f-Af9399e46", "score": 19.561599236131602}
{"docno": "S45c09d2f-Ae0378e29", "score": 19.37815904446468}
{"docno": "S8b68ae4-A86bc961b", "score": 19.103231787420444}
{"docno": "Se96e0da1-Ae23d21b8", "score": 19.07810893678446}
{"docno": "Sc3ec10ad-Ac8bbcf07", "score": 19.058905130854065}
{"docno": "S8da25347-A9737a131", "score": 19.03391635172411}
{"docno": "S6140b8cc-Aa3dce0f4", "score": 19.01688036857229}
{"docno": "S27109bef-Addd32283", "score": 18.95330915379708}
{"docno": "S661b8688-A83df292e", "score": 18.908268792407657}
{"docno": "Sde8ec542-Af1a359f0", "score": 18.90677603456002}
{"docno": "Sb7d46e5a-Aac9bfedf", "score": 18.85420226863016}
{"docno": "S16f720c9-Ab16c8f2c", "score": 18.83888329971629}
{"docno": "Sb4dd79cd-A7edad33b", "score": 18.8373174535742}
{"docno": "S148bb110-A225b4be9", "score": 18.756107111228136}
{"docno": "Sd5e7199e-Af7b99bbf", "score": 18.67313904689677}
{"docno": "Sffc14fd7-Aa781a22a", "score": 18.668989045476348}
{"docno": "S60de3116-A2b48e8ca", "score": 18.46853240548178}
{"docno": "Se2550a31-A93a2cc25", "score": 18.44195547534703}
{"docno": "S57476c75-Ade05781a", "score": 18.323173430917674}
{"docno": "Sc3ec10ad-A2f3cfc1e", "score": 18.316681241476317}
{"docno": "S2e721803-Acf10ec84", "score": 18.25177649787032}
{"docno": "S1baa36a6-Ac0bf4bed", "score": 18.24899231180106}
{"docno": "Sffc14fd7-A81f9d85d", "score": 18.24610755072948}
{"docno": "S8bd07da7-Aa91fdc94", "score": 18.193905178486176}
{"docno": "S9d6aeb41-A5e7380a5", "score": 18.171280128736495}
{"docno": "S2d219ef-A11b44848", "score": 18.135198664383424}
{"docno": "S8706d0e3-Af034da44", "score": 18.128282224679772}
{"docno": "Sc98fe9a7-A816d2826", "score": 18.12484673572394}
{"docno": "S661b8688-A4651a22a", "score": 18.090073787440055}
{"docno": "S2d219ef-A879f8f68", "score": 17.990210498626727}
{"docno": "Sc98fe988-Ab8259242", "score": 17.938491253523125}
{"docno": "Se91be287-Aa86dc068", "score": 17.9256249767409}
{"docno": "Sd7bf3b30-Aeba3469a", "score": 17.74560170747184}
{"docno": "Sb4dd79ae-A6a7cfc84", "score": 17.73261129736648}
{"docno": "Sb4dd79cd-Ae87a8038", "score": 17.73261129736648}
{"docno": "Sc98fe9c6-A1932a660", "score": 17.651953800567924}
{"docno": "Sd5e7199e-A2c372895", "score": 17.624342781116802}
{"docno": "S8da25347-A236c50aa", "score": 17.568887258822695}
{"docno": "S3b46cdea-Abf120463", "score": 17.568830094092817}
{"docno": "Se91be287-A754b372b", "score": 17.432722594598395}
{"docno": "S8b68ae4-Ae96cdaec", "score": 17.432722594598395}
{"docno": "S87445fc2-A189f1195", "score": 17.385013623352854}
{"docno": "S43533c49-Aaac992c7", "score": 17.3486331051975}
{"docno": "S661b8688-A1c627232", "score": 17.33560735436486}
{"docno": "Sea61b0fc-Abcf48fd3", "score": 17.298707760081832}
{"docno": "Sdee205c0-Ae44e39f6", "score": 17.264779477539903}
{"docno": "S8fdcc598-Acdae4e26", "score": 17.209229370061774}
{"docno": "S95627a9d-A126cb3f5", "score": 17.077710315903992}
{"docno": "S87445fc2-Ace698977", "score": 17.07305545313729}
{"docno": "S182a8bdf-A446e92a7", "score": 17.07305545313729}
{"docno": "S22acf825-Ab1a0bb92", "score": 17.069882547097134}
{"docno": "Sdee205c0-A92f5629f", "score": 17.036765959723322}
{"docno": "Se31bfa66-A92f5629f", "score": 17.036765959723322}
{"docno": "Sf9ecc418-A92f5629f", "score": 17.036765959723322}
{"docno": "Sb44bf40-A4e60d381", "score": 17.036765959723322}
{"docno": "Sb1ddd96f-A642fef12", "score": 17.036765959723322}
{"docno": "S2be06ca5-A64ed3fd0", "score": 16.990099169930204}
{"docno": "S7e1f9994-A2a95ade3", "score": 16.987207114021462}
{"docno": "S219c8376-A7df7c38b", "score": 16.908747502390796}
{"docno": "S8fdcc598-A43e16fea", "score": 16.906718690851566}
{"docno": "Sf3288200-A76e78d9e", "score": 16.867734878675424}
{"docno": "S2a73d06b-A18e8912d", "score": 16.866430616682738}
{"docno": "Sffc14fd7-A2a3f4477", "score": 16.8394146146297}
{"docno": "Sffc14fd7-Ac76b28b4", "score": 16.8394146146297}
{"docno": "S9ff82f9f-A6a2e3dc2", "score": 16.829633830092433}
{"docno": "S32d5516f-Ae64359b", "score": 16.81372989260457}
{"docno": "S7b0d1dd3-Ad1fe43f8", "score": 16.805243889630145}
{"docno": "Sb44bf40-Ad9fc2e9d", "score": 16.72165083925833}
{"docno": "S4ff965f-Ac4eaafe8", "score": 16.68189604882887}
{"docno": "Sce48c431-Aef46a9ef", "score": 16.658396904352443}
{"docno": "S41e8d87f-A3ad970d5", "score": 16.658396904352443}
{"docno": "S661b8688-A8d0e9384", "score": 16.568589225896503}
{"docno": "S251db9fe-Aa6e374b5", "score": 16.535981190838122}
{"docno": "S53275be8-A4eed5d28", "score": 16.530870430984017}
{"docno": "S2f65a233-Af4bf192c", "score": 16.497847096970016}
{"docno": "S8706d0e3-Ac554444", "score": 16.49141711352709}
{"docno": "S251db9fe-A75403376", "score": 16.41535151799495}
{"docno": "S2a73d06b-A9c84552c", "score": 16.398527488280166}
{"docno": "Se96e0da1-Ad6eac46", "score": 16.29790696655718}
{"docno": "S6e782a7f-A1f7e6056", "score": 16.29790696655718}
{"docno": "S8706d0e3-Aa446c0fc", "score": 16.222006958892965}
{"docno": "S7579b99e-Aeab9a06", "score": 16.17929619305513}
{"docno": "S8b68ae4-Aeb04ba2f", "score": 16.063796240551113}
{"docno": "Sdee205c0-Abd8ce297", "score": 16.05745633284134}
{"docno": "S712ab9ff-A443312b4", "score": 16.03209374026851}
{"docno": "Sc51e1d6e-Ab34d8c91", "score": 16.030196064715184}
{"docno": "S2aa5711e-Af60cbd38", "score": 16.025977661851197}
{"docno": "S34e314fc-A387a96e8", "score": 16.01174077212699}
{"docno": "S2c6ce6a7-Ac789a2c2", "score": 16.006998946350045}
{"type": "toggleArgument", "timestamp": "2025-06-26T11:00:54.345Z", "sessionID": "db69a9bf-5e3e-4d17-97e6-600e31e6c5a4", "rank": "1", "doc": "Se8b51f74-Aee52ab08", "action": "expand", "doclen": 1124, "score": 16.71049876695641}
{"type": "toggleArgument", "timestamp": "2025-06-26T11:01:49.244Z", "sessionID": "db69a9bf-5e3e-4d17-97e6-600e31e6c5a4", "rank": "2", "doc": "S1baa36a6-A376a00ad", "action": "expand", "doclen": 603, "score": 11.317936386282799}
{"type": "queryBoxFocused", "timestamp": "2025-06-26T11:01:51.647Z", "sessionID": "db69a9bf-5e3e-4d17-97e6-600e31e6c5a4"}
{"type": "querySubmitted", "timestamp": "2025-06-26T11:02:06.700Z", "sessionID": "db69a9bf-5e3e-4d17-97e6-600e31e6c5a4", "query": "i dont agree alternative energy"}
{"docno": "S691fdd7c-Ab3967e04", "score": 22.21326519069722}
{"docno": "Sd5e7199e-Af7b99bbf", "score": 22.15667708466472}
{"docno": "S1baa36a6-A376a00ad", "score": 21.98970028156215}
{"docno": "S8bd07da7-Aa91fdc94", "score": 21.715404150168194}
{"docno": "S2aa5711e-Aca6d975b", "score": 21.554634675222562}
{"docno": "S57476c75-A5a062ea8", "score": 21.53142048896106}
{"docno": "S94a9181c-Ae40e7d88", "score": 21.488122084450033}
{"docno": "S8da25347-Ae90edff7", "score": 21.424480332691466}
{"docno": "S1baa36a6-Aa4b2f901", "score": 21.3655389705985}
{"docno": "Sd7bf3b30-Aeba3469a", "score": 21.025025004792283}
{"docno": "Sffc14fd7-Ad7a37b4c", "score": 20.543851187796633}
{"docno": "Sfea8815e-A7f39e849", "score": 20.511309018561512}
{"docno": "S16531c2c-A94deadf", "score": 20.474621058974424}
{"docno": "S22acf825-Ab1a0bb92", "score": 20.366030723022803}
{"docno": "S412c152b-Aa6e77523", "score": 20.304954789570317}
{"docno": "S8da25347-A236c50aa", "score": 20.059331692925735}
{"docno": "S8fdcc598-Acdae4e26", "score": 19.923901122123112}
{"docno": "Se8b51f74-Aee52ab08", "score": 19.893031739953557}
{"docno": "S35052009-A60772d51", "score": 19.85239316140357}
{"docno": "S8706d0e3-Af034da44", "score": 19.809376395250464}
{"docno": "Sd5e7199e-A2c372895", "score": 19.756813968658193}
{"docno": "S6e782a7f-Af9399e46", "score": 19.561599236131602}
{"docno": "Sb4dd79ae-A6a7cfc84", "score": 19.287994192597417}
{"docno": "Sb4dd79cd-Ae87a8038", "score": 19.287994192597417}
{"docno": "S8b68ae4-A86bc961b", "score": 19.103231787420444}
{"docno": "Se96e0da1-Ae23d21b8", "score": 19.07810893678446}
{"docno": "S27109bef-Addd32283", "score": 18.95330915379708}
{"docno": "S661b8688-A83df292e", "score": 18.908268792407657}
{"docno": "Sde8ec542-Af1a359f0", "score": 18.90677603456002}
{"docno": "Scf63c6bb-A2a52cce8", "score": 18.841123540438574}
{"docno": "S148bb110-A225b4be9", "score": 18.756107111228136}
{"docno": "S2d219ef-Acb486c6d", "score": 18.746755250843716}
{"docno": "Sffc14fd7-Aa781a22a", "score": 18.668989045476348}
{"docno": "S8fdcc598-A43e16fea", "score": 18.55280181592699}
{"docno": "Sd6a2e5d7-A615005bf", "score": 18.523307977842357}
{"docno": "S3a0c8e14-A8c2c8969", "score": 18.523307977842357}
{"docno": "S87445fc2-Ace698977", "score": 18.520220184733795}
{"docno": "S182a8bdf-A446e92a7", "score": 18.520220184733795}
{"docno": "S60de3116-A2b48e8ca", "score": 18.46853240548178}
{"docno": "Sd4f7ee8f-Aa13e8c9a", "score": 18.40719476007981}
{"docno": "Seb11f38e-A4bf19e74", "score": 18.40719476007981}
{"docno": "S2e721803-Acf10ec84", "score": 18.25177649787032}
{"docno": "S1baa36a6-Ac0bf4bed", "score": 18.24899231180106}
{"docno": "Sffc14fd7-A81f9d85d", "score": 18.24610755072948}
{"docno": "S2d219ef-A11b44848", "score": 18.135198664383424}
{"docno": "Sc98fe9a7-A816d2826", "score": 18.12484673572394}
{"docno": "S2d219ef-A879f8f68", "score": 17.990210498626727}
{"docno": "Sc98fe988-Ab8259242", "score": 17.938491253523125}
{"docno": "Se91be287-Aa86dc068", "score": 17.9256249767409}
{"docno": "Sf307b5ea-Afb44bf86", "score": 17.896285463902913}
{"docno": "S8da25347-A9737a131", "score": 17.809431617786874}
{"docno": "Sc98fe9c6-A1932a660", "score": 17.651953800567924}
{"docno": "S3b46cdea-Abf120463", "score": 17.568830094092817}
{"docno": "S514c62bf-A106cac57", "score": 17.499256963951023}
{"docno": "S9d6aeb41-A5e7380a5", "score": 17.48343740594799}
{"docno": "S45c09d2f-Ae0378e29", "score": 17.432722594598395}
{"docno": "Se91be287-A754b372b", "score": 17.432722594598395}
{"docno": "S8b68ae4-Ae96cdaec", "score": 17.432722594598395}
{"docno": "S87445fc2-A189f1195", "score": 17.385013623352854}
{"docno": "S661b8688-A1c627232", "score": 17.33560735436486}
{"docno": "Sea61b0fc-Abcf48fd3", "score": 17.298707760081832}
{"docno": "S661b8688-A4651a22a", "score": 17.298104680028782}
{"docno": "Sdee205c0-Ae44e39f6", "score": 17.264779477539903}
{"docno": "S70f5bd3f-A89a47af5", "score": 17.213110757882504}
{"docno": "S2be06ca5-A501ab4b7", "score": 17.20423196675359}
{"docno": "S6140b8cc-Aa3dce0f4", "score": 17.107713860707605}
{"docno": "S95627a9d-A126cb3f5", "score": 17.077710315903992}
{"docno": "Sdee205c0-A92f5629f", "score": 17.036765959723322}
{"docno": "Se31bfa66-A92f5629f", "score": 17.036765959723322}
{"docno": "Sf9ecc418-A92f5629f", "score": 17.036765959723322}
{"docno": "Sb44bf40-A4e60d381", "score": 17.036765959723322}
{"docno": "Sb1ddd96f-A642fef12", "score": 17.036765959723322}
{"docno": "S7e1f9994-A2a95ade3", "score": 16.987207114021462}
{"docno": "S219c8376-A7df7c38b", "score": 16.908747502390796}
{"docno": "S57476c75-Ade05781a", "score": 16.87229981148025}
{"docno": "Sf3288200-A76e78d9e", "score": 16.867734878675424}
{"docno": "S2a73d06b-A18e8912d", "score": 16.866430616682738}
{"docno": "S3b9e766e-Abc5800b6", "score": 16.84937234183257}
{"docno": "Sffc14fd7-A2a3f4477", "score": 16.8394146146297}
{"docno": "Sffc14fd7-Ac76b28b4", "score": 16.8394146146297}
{"docno": "S7b0d1dd3-Ad1fe43f8", "score": 16.805243889630145}
{"docno": "Sb8a12e00-A5093e7c7", "score": 16.789771560195707}
{"docno": "Sf1c23394-Ada190f29", "score": 16.758453958269424}
{"docno": "Sb44bf40-Ad9fc2e9d", "score": 16.72165083925833}
{"docno": "Se2550a31-A93a2cc25", "score": 16.71049876695641}
{"docno": "Sce48c431-Aef46a9ef", "score": 16.658396904352443}
{"docno": "S41e8d87f-A3ad970d5", "score": 16.658396904352443}
{"docno": "Sd8fd1d70-A6d75a41c", "score": 16.65077291781621}
{"docno": "S80e2f8a0-A8727ccea", "score": 16.59744044011993}
{"docno": "S661b8688-A8d0e9384", "score": 16.568589225896503}
{"docno": "S16f720c9-Ab16c8f2c", "score": 16.54940575725846}
{"docno": "Sf1399828-Abbad5f48", "score": 16.539319711750387}
{"docno": "S251db9fe-Aa6e374b5", "score": 16.535981190838122}
{"docno": "S2ae498f9-A8fbe75ee", "score": 16.46829708502022}
{"docno": "Sb4dd79cd-A7edad33b", "score": 16.41535151799495}
{"docno": "S251db9fe-A75403376", "score": 16.41535151799495}
{"docno": "S2a73d06b-A9c84552c", "score": 16.398527488280166}
{"docno": "Se96e0da1-Ad6eac46", "score": 16.29790696655718}
{"docno": "S6e782a7f-A1f7e6056", "score": 16.29790696655718}
{"docno": "S7579b99e-Aeab9a06", "score": 16.17929619305513}
{"type": "toggleArgument", "timestamp": "2025-06-26T11:02:09.482Z", "sessionID": "db69a9bf-5e3e-4d17-97e6-600e31e6c5a4", "rank": "1", "doc": "S691fdd7c-Ab3967e04", "action": "expand", "doclen": 772, "score": 11.551124150377852}
{"type": "toggleArgument", "timestamp": "2025-06-26T11:02:13.122Z", "sessionID": "db69a9bf-5e3e-4d17-97e6-600e31e6c5a4", "rank": "2", "doc": "Sd5e7199e-Af7b99bbf", "action": "expand", "doclen": 2070, "score": 28.709618368035073}
{"type": "toggleArgument", "timestamp": "2025-06-26T11:02:21.217Z", "sessionID": "db69a9bf-5e3e-4d17-97e6-600e31e6c5a4", "rank": "3", "doc": "S1baa36a6-A376a00ad", "action": "expand", "doclen": 603, "score": 11.317936386282799}
{"type": "toggleArgument", "timestamp": "2025-06-26T11:02:25.761Z", "sessionID": "db69a9bf-5e3e-4d17-97e6-600e31e6c5a4", "rank": "4", "doc": "S8bd07da7-Aa91fdc94", "action": "expand", "doclen": 2012, "score": 33.61429974423295}
{"type": "StanceClicked", "timestamp": "2025-06-26T11:03:16.492Z", "sessionID": "db69a9bf-5e3e-4d17-97e6-600e31e6c5a4", "rank": "4", "stance": "con", "action": "chooseStance", "doc": "S8bd07da7-Aa91fdc94", "doclen": 2012, "score": 33.61429974423295}
{"type": "queryBoxFocused", "timestamp": "2025-06-26T11:03:24.285Z", "sessionID": "db69a9bf-5e3e-4d17-97e6-600e31e6c5a4"}
{"type": "querySubmitted", "timestamp": "2025-06-26T11:03:34.282Z", "sessionID": "db69a9bf-5e3e-4d17-97e6-600e31e6c5a4", "query": "dont agree conservative energy"}
{"docno": "S7ed93b20-A999af7f", "score": 23.637606360513313}
{"docno": "S6d052e9c-Ae44ca1e9", "score": 22.431838922143292}
{"docno": "Sd5a8c63f-A47132a6f", "score": 21.95631726342365}
{"docno": "S94a9181c-Ae40e7d88", "score": 21.488122084450033}
{"docno": "S601acc39-Ad5f3cc56", "score": 20.93645516691515}
{"docno": "S3b9e766e-Af848ea57", "score": 20.573150913770753}
{"docno": "Sfea8815e-A7f39e849", "score": 20.511309018561512}
{"docno": "Sd7f29ce6-A24970596", "score": 20.469612144526252}
{"docno": "Se413bd69-A82d7e0e6", "score": 20.282950585586036}
{"docno": "S3e2d22e5-A600ebe64", "score": 20.20188613913271}
{"docno": "Sfea8815e-Ab842ebd5", "score": 20.123046324614002}
{"docno": "Scfc28390-A8da5a9c1", "score": 19.79365716671841}
{"docno": "S1bbbb069-A87d810a5", "score": 19.588353686191347}
{"docno": "S5f390efd-A6f8e7911", "score": 19.091790973037142}
{"docno": "Sdcf792dd-A78437f2d", "score": 19.001057014255466}
{"docno": "Sd3da8e7b-Ae3e8c77c", "score": 18.953485477959042}
{"docno": "S83ae40a2-Accc40ee0", "score": 18.84761907549269}
{"docno": "Scf63c6bb-A2a52cce8", "score": 18.841123540438574}
{"docno": "Sb2e930c8-Ae7086ece", "score": 18.74817166976413}
{"docno": "S8e5d598f-Ade337ba0", "score": 18.709776910412923}
{"docno": "S5a72d9c5-Aa747be0e", "score": 18.61623894766732}
{"docno": "S5a72d9a6-Af214aa0a", "score": 18.61623894766732}
{"docno": "S8e3f714a-A6793937c", "score": 18.59962054855165}
{"docno": "Sd4f7ee8f-Aa13e8c9a", "score": 18.40719476007981}
{"docno": "Seb11f38e-A4bf19e74", "score": 18.40719476007981}
{"docno": "S9f718cba-A9fcaea30", "score": 18.403702424855496}
{"docno": "S31698916-Af7f3f2c3", "score": 18.34783226732498}
{"docno": "Sea61b0fc-Af04bdb57", "score": 18.176364667616262}
{"docno": "S1d43f1df-Accae8102", "score": 18.02402198446449}
{"docno": "S5a72d9c5-Adb33fae7", "score": 17.94781900303766}
{"docno": "Sdcd6bb5f-Acf49578b", "score": 17.947446563787523}
{"docno": "Sf307b5ea-Afb44bf86", "score": 17.896285463902913}
{"docno": "S3e2d22e5-Af02fa479", "score": 17.79346791011531}
{"docno": "See29301f-A18b189d9", "score": 17.791597314133618}
{"docno": "Sa703a7c-A29f0ee14", "score": 17.755201298936363}
{"docno": "S76c92ab0-A4dd65056", "score": 17.74079562250965}
{"docno": "S2173d180-A4d754890", "score": 17.658145561689675}
{"docno": "S514c62bf-A106cac57", "score": 17.499256963951023}
{"docno": "Sd335e567-A679e2098", "score": 17.488694704689223}
{"docno": "S969b9bbe-A7ddb9f13", "score": 17.31852585007129}
{"docno": "Sc11ac96d-Ae850e6a8", "score": 17.293166175712827}
{"docno": "S162373a9-Ae5ddca85", "score": 17.282977949764742}
{"docno": "S2be06ca5-A501ab4b7", "score": 17.20423196675359}
{"docno": "Sc53a911f-Aa344b4ca", "score": 16.990456515454422}
{"docno": "Sd0a889fc-Abf186184", "score": 16.985392155399403}
{"docno": "Sd5e7199e-A2c372895", "score": 16.931500152803068}
{"docno": "Sd5e7199e-Af7b99bbf", "score": 16.917802478733357}
{"docno": "S5a72d9a6-A760db34b", "score": 16.890579625833613}
{"docno": "Sb8a12e00-A5093e7c7", "score": 16.789771560195707}
{"docno": "Sf1c23394-Ada190f29", "score": 16.758453958269424}
{"docno": "Sf5e4bd06-Ae74b1d83", "score": 16.71980089987337}
{"docno": "S76c92ab0-A9ac8e86c", "score": 16.7021844855117}
{"docno": "Sc3ec10ad-A713b9c4b", "score": 16.655786686447897}
{"docno": "Sb0ac989e-A1787fc3f", "score": 16.650956352134827}
{"docno": "Sffe8de8d-A99ed36c8", "score": 16.650956352134827}
{"docno": "Sd8fd1d70-A6d75a41c", "score": 16.65077291781621}
{"docno": "S6c7ed6e-A1674a98c", "score": 16.54016415904582}
{"docno": "S2ae498f9-A8fbe75ee", "score": 16.46829708502022}
{"docno": "Sd335e567-A9b2a57b4", "score": 16.426300718263455}
{"docno": "Sabebaa9d-Af15c49c7", "score": 16.381314179203088}
{"docno": "S2efd6a7e-A66745623", "score": 16.351391075344928}
{"docno": "Sac3f30dc-Ac18fb2f2", "score": 16.28837815992257}
{"docno": "S653f0284-Afaeb6f0f", "score": 16.271347197198573}
{"docno": "S7ae7b591-A29f371e9", "score": 16.26554611340167}
{"docno": "Se18466b-A83a886e2", "score": 16.227688697757596}
{"docno": "See0bdc3e-A9ea0c8ba", "score": 16.227115185362763}
{"docno": "Sf91d76ca-A5889fcb0", "score": 16.192678399557003}
{"docno": "Sc025bef8-A8ad6c8d8", "score": 16.182082095361917}
{"docno": "Sc0832c0b-A2c2542e", "score": 16.097723549253736}
{"docno": "S5ad44a61-Ab8294c69", "score": 16.036461704734187}
{"docno": "S23824c40-A4e6f7b92", "score": 15.970295574165377}
{"docno": "Sce48c431-Abc3aaaaf", "score": 15.961340084100254}
{"docno": "S1f15704e-Aec1df5f9", "score": 15.920311660137852}
{"docno": "Sac3f30dc-Ab6e29782", "score": 15.907181974613106}
{"docno": "Sf6c4ffdf-A7f6e65f1", "score": 15.818712968637506}
{"docno": "S11298fa2-Af4e1df66", "score": 15.813053815477897}
{"docno": "Se638a5c7-Ac5535e00", "score": 15.798431895727417}
{"docno": "Sffc14fd7-Aa19733bc", "score": 15.769563143670695}
{"docno": "S7cde63ff-A13092993", "score": 15.762380184407856}
{"docno": "S7ed93b20-Af83439e6", "score": 15.692043234035113}
{"docno": "S2be5cb95-Ab55a9dac", "score": 15.680329095882922}
{"docno": "Sb2fea2fb-A2dc0a440", "score": 15.680183796935223}
{"docno": "S691fdd5d-A19052718", "score": 15.664212737157811}
{"docno": "Sfba069a-A176d54e", "score": 15.624132526457444}
{"docno": "S581c91c3-A9f910216", "score": 15.60614237436231}
{"docno": "S4bb40bff-A5c8deb67", "score": 15.603289962287754}
{"docno": "S691fdd7c-A9f2cc5a8", "score": 15.595227323910187}
{"docno": "Safb272ca-Acdf6c510", "score": 15.524247770614133}
{"docno": "S7983ff18-A7eef8e5", "score": 15.510485203597597}
{"docno": "S43533c49-Aafb7551a", "score": 15.491356029626758}
{"docno": "Sb25c65cf-Ac0ae3d44", "score": 15.488267022368063}
{"docno": "S4ae9efd8-Ab5beb0d6", "score": 15.458771445239488}
{"docno": "Sd5a8c63f-Aed76ede0", "score": 15.427429546993988}
{"docno": "Sc11a5fc7-Acee0fce6", "score": 15.373108939275134}
{"docno": "S6d052e9c-A7b8947ed", "score": 15.370559627085733}
{"docno": "S8bb07817-A55b29392", "score": 15.346263883771176}
{"docno": "S60e9d7bb-A44f78667", "score": 15.34336059531589}
{"docno": "S67a9729b-A6e04daf4", "score": 15.316702534227975}
{"docno": "Sd8e20644-A995b362", "score": 15.30787129258973}
{"docno": "S2fa34b39-A38dc7bbe", "score": 15.270780601168052}
{"type": "toggleArgument", "timestamp": "2025-06-26T11:03:36.409Z", "sessionID": "db69a9bf-5e3e-4d17-97e6-600e31e6c5a4", "rank": "1", "doc": "S7ed93b20-A999af7f", "action": "expand", "doclen": 653, "score": 15.115492111656097}
{"type": "toggleArgument", "timestamp": "2025-06-26T11:03:38.985Z", "sessionID": "db69a9bf-5e3e-4d17-97e6-600e31e6c5a4", "rank": "2", "doc": "S6d052e9c-Ae44ca1e9", "action": "expand", "doclen": 1433, "score": 11.05876006859834}
{"type": "toggleArgument", "timestamp": "2025-06-26T11:03:50.432Z", "sessionID": "db69a9bf-5e3e-4d17-97e6-600e31e6c5a4", "rank": "3", "doc": "Sd5a8c63f-A47132a6f", "action": "expand", "doclen": 739, "score": 21.95631726342365}
{"type": "toggleArgument", "timestamp": "2025-06-26T11:03:52.895Z", "sessionID": "db69a9bf-5e3e-4d17-97e6-600e31e6c5a4", "rank": "4", "doc": "S94a9181c-Ae40e7d88", "action": "expand", "doclen": 366, "score": 21.488122084450033}
{"type": "toggleArgument", "timestamp": "2025-06-26T11:03:59.696Z", "sessionID": "db69a9bf-5e3e-4d17-97e6-600e31e6c5a4", "rank": "6", "doc": "S3b9e766e-Af848ea57", "action": "expand", "doclen": 799, "score": 10.950474327663713}
{"type": "toggleArgument", "timestamp": "2025-06-26T11:04:02.592Z", "sessionID": "db69a9bf-5e3e-4d17-97e6-600e31e6c5a4", "rank": "7", "doc": "Sfea8815e-A7f39e849", "action": "expand", "doclen": 196, "score": 20.511309018561512}
{"type": "toggleArgument", "timestamp": "2025-06-26T11:04:03.575Z", "sessionID": "db69a9bf-5e3e-4d17-97e6-600e31e6c5a4", "rank": "7", "doc": "Sfea8815e-A7f39e849", "action": "reduce", "doclen": 196, "score": 20.511309018561512}
{"type": "toggleArgument", "timestamp": "2025-06-26T11:04:04.184Z", "sessionID": "db69a9bf-5e3e-4d17-97e6-600e31e6c5a4", "rank": "7", "doc": "Sfea8815e-A7f39e849", "action": "expand", "doclen": 196, "score": 20.511309018561512}
{"type": "queryBoxFocused", "timestamp": "2025-06-26T11:04:13.566Z", "sessionID": "db69a9bf-5e3e-4d17-97e6-600e31e6c5a4"}
{"type": "querySubmitted", "timestamp": "2025-06-26T11:04:19.070Z", "sessionID": "db69a9bf-5e3e-4d17-97e6-600e31e6c5a4", "query": " dont agree fossil fuels"}
{"docno": "S74a77292-A5a2ce3bf", "score": 31.065333518902598}
{"docno": "S8fdcc598-Acdae4e26", "score": 28.77135718167664}
{"docno": "S7983ff18-A46313e0c", "score": 27.741960756858155}
{"docno": "S8b68ae4-Ad09a0795", "score": 27.38405840566096}
{"docno": "Sbb33e2d6-Aefcaf2e", "score": 26.691253228875603}
{"docno": "Sbb33e2b7-Ab140363f", "score": 26.200981431033988}
{"docno": "S1baa36a6-Aa4b2f901", "score": 26.200981431033988}
{"docno": "Sbb33e2d6-A4507e919", "score": 26.011401103437464}
{"docno": "Sbb33e2d6-A77bfb204", "score": 25.997667565988944}
{"docno": "S8fdcc598-A43e16fea", "score": 25.852264682035358}
{"docno": "S7983ff18-A9ce614c1", "score": 25.751122856920553}
{"docno": "S31698916-Af2e93644", "score": 25.60460156124816}
{"docno": "S2fce3dfc-Aba98e48d", "score": 25.60460156124816}
{"docno": "S8b68ae4-A25e6503e", "score": 25.569728712716888}
{"docno": "S4911d42e-A73664204", "score": 25.494782218137644}
{"docno": "S31698916-A9824005f", "score": 25.47650188975272}
{"docno": "Sbb33e2b7-Af35d3bc5", "score": 25.187212226531365}
{"docno": "Sdee205c0-A7e51810", "score": 25.183324724502224}
{"docno": "Sbb33e2d6-Aeee2fade", "score": 25.09910733716086}
{"docno": "S4ea27d13-A3d9d765b", "score": 24.753275072561546}
{"docno": "S4c6aab06-Ab78242a9", "score": 24.6090977386945}
{"docno": "S40e61a27-A2185ab8", "score": 24.501555647957343}
{"docno": "Sa90a81e7-A76643c24", "score": 24.496491829992898}
{"docno": "S44cd306b-Aa03fff85", "score": 24.390933340732246}
{"docno": "S148bb110-Ae875f471", "score": 24.390933340732246}
{"docno": "Sde8ec542-A24bed0cf", "score": 24.2918852275769}
{"docno": "S81972726-Ad325bef1", "score": 24.254904224366307}
{"docno": "Scf368ef2-A3a6d9bb4", "score": 24.226368841858825}
{"docno": "S9bc8d269-Aa2f5b865", "score": 24.182522231825757}
{"docno": "S29e8ec75-Abe481205", "score": 24.136892274913343}
{"docno": "S8706d0e3-Aae31b6bf", "score": 23.875211304887415}
{"docno": "Sdee205c0-Ae302c7d2", "score": 23.84414218599686}
{"docno": "Sbb33e2b7-A3ddc5380", "score": 23.726054703353924}
{"docno": "Se31bfa66-A11d1f42e", "score": 23.700582303874683}
{"docno": "S2e721803-Ae6bd3d56", "score": 23.55884882108868}
{"docno": "Sea61b0fc-Ac2a79108", "score": 23.50480399509921}
{"docno": "S72b717aa-A4e5bfef", "score": 23.476808321120075}
{"docno": "S653f0284-Afaeb6f0f", "score": 23.39493618561798}
{"docno": "Sa0c49422-Ad734ffa5", "score": 23.311540521743765}
{"docno": "S7983ff18-A20bd5778", "score": 23.28071617137163}
{"docno": "S4bb40bff-Ae5335e37", "score": 23.191701550617786}
{"docno": "S4911d42e-A54a3d4e3", "score": 23.097066874733514}
{"docno": "S29e8ec75-A58883887", "score": 22.951866766782995}
{"docno": "S4c6aab06-Aaa46022a", "score": 22.726127348619457}
{"docno": "S4c6aab06-A82a12ec6", "score": 22.639570163190008}
{"docno": "Sdee205c0-A22706607", "score": 22.63524667833916}
{"docno": "S68f43582-Aba23f0f0", "score": 22.62660466068853}
{"docno": "Sdfa2550c-A2cc92922", "score": 22.447143152032275}
{"docno": "S33af2d02-A4b1f9da2", "score": 22.447143152032275}
{"docno": "S4c6aab06-Aaa5ecb0b", "score": 22.340298369929222}
{"docno": "Sf3f89575-Aca1ad1e9", "score": 22.306523709767895}
{"docno": "Sff095b00-Ac57f7384", "score": 22.270506017632417}
{"docno": "Sd6155d38-A1faa90e", "score": 22.270506017632417}
{"docno": "S4d2e82ff-Aee0235bc", "score": 22.234412438666627}
{"docno": "Saa7e4d86-A41a3aaed", "score": 22.09884887064147}
{"docno": "S83ae40a2-Ad3cfd561", "score": 22.096627102845197}
{"docno": "S74a77292-Ae85a9c8e", "score": 22.07532542571312}
{"docno": "Scb3a59ce-Ac71b3de1", "score": 22.050202760763906}
{"docno": "Sd258aeb1-A4c0071e6", "score": 21.950199942358893}
{"docno": "S3d507ec5-Aedfcf27f", "score": 21.90097269044042}
{"docno": "S66bd91a4-A594bc508", "score": 21.848892807530582}
{"docno": "S7c26a4c3-A988acf1f", "score": 21.823494953807753}
{"docno": "S4c6aab06-Af7945601", "score": 21.764879794466513}
{"docno": "S7983ff18-Aa229a4fb", "score": 21.75688948486926}
{"docno": "S7983ff18-Abc9e38fe", "score": 21.681510397567287}
{"docno": "Sdee205c0-Ae44e39f6", "score": 21.629401597397084}
{"docno": "S5f3b3fcb-A67ed79a7", "score": 21.607755351624938}
{"docno": "S58afcb6-A721c06cf", "score": 21.546582619594446}
{"docno": "Sffc14fd7-A3a830870", "score": 21.512537384173196}
{"docno": "S11aa3029-A8df59742", "score": 21.448956562155754}
{"docno": "S2fce3dfc-Afe9701f9", "score": 21.427440668176793}
{"docno": "S5f3b3fcb-Aa3851cab", "score": 21.427440668176793}
{"docno": "S77d1660c-Ad3ed81ba", "score": 21.354323283256864}
{"docno": "Se9b4aa83-A22c16120", "score": 21.354323283256864}
{"docno": "S1ec27540-A21c1d085", "score": 21.27660956390575}
{"docno": "S7d4c004e-A4dcd33a6", "score": 21.257075647474352}
{"docno": "S31698916-A7c39d7ed", "score": 21.147603729932616}
{"docno": "S7983ff18-A6f495a98", "score": 21.107820236917718}
{"docno": "Sbb33e2b7-A460a8399", "score": 21.05160465492741}
{"docno": "S24a48570-A2e79122d", "score": 21.001564879122476}
{"docno": "S40e61a27-A27f7adc9", "score": 20.95896887644536}
{"docno": "S2fce3dfc-Acb335b59", "score": 20.951559241866157}
{"docno": "S656580a0-Ab5b0390a", "score": 20.951559241866157}
{"docno": "S2e721803-A663a41f", "score": 20.951559241866157}
{"docno": "Sd6155d38-A57009a92", "score": 20.838318046202147}
{"docno": "S29878310-A58eabd9b", "score": 20.797594842497062}
{"docno": "S7983ff18-Ae92bd7e1", "score": 20.797594842497062}
{"docno": "S2e721803-Ac9913c9a", "score": 20.797594842497062}
{"docno": "S4bb40bff-Af5231436", "score": 20.732331624398807}
{"docno": "S383ef591-A19f07d44", "score": 20.645876777943066}
{"docno": "S1baa36a6-Ac0bf4bed", "score": 20.645876777943066}
{"docno": "Sb4dd79cd-A7edad33b", "score": 20.645876777943066}
{"docno": "S29878310-A9403d462", "score": 20.645876777943066}
{"docno": "S98ed94cf-A5b644cad", "score": 20.645876777943066}
{"docno": "S148bb110-A6bce813e", "score": 20.645876777943066}
{"docno": "S9c9e4034-Ac6a1db68", "score": 20.49635624332374}
{"docno": "Sb0e5eab1-A9cd65d4e", "score": 20.475239038288702}
{"docno": "S148bb110-A54da8965", "score": 20.355160321399822}
{"docno": "S2c6ce6a7-Acc260f6a", "score": 20.348985837402296}
{"docno": "S8f0a98e5-A4212f37a", "score": 20.348985837402296}
{"type": "toggleArgument", "timestamp": "2025-06-26T11:04:21.813Z", "sessionID": "db69a9bf-5e3e-4d17-97e6-600e31e6c5a4", "rank": "1", "doc": "S74a77292-A5a2ce3bf", "action": "expand", "doclen": 782, "score": 38.47192593432565}
{"type": "toggleArgument", "timestamp": "2025-06-26T11:04:24.541Z", "sessionID": "db69a9bf-5e3e-4d17-97e6-600e31e6c5a4", "rank": "2", "doc": "S8fdcc598-Acdae4e26", "action": "expand", "doclen": 1418, "score": 43.26591479967707}
{"type": "StanceClicked", "timestamp": "2025-06-26T11:05:07.833Z", "sessionID": "db69a9bf-5e3e-4d17-97e6-600e31e6c5a4", "rank": "2", "stance": "pro", "action": "chooseStance", "doc": "S8fdcc598-Acdae4e26", "doclen": 1418, "score": 43.26591479967707}
{"type": "toggleArgument", "timestamp": "2025-06-26T11:05:09.928Z", "sessionID": "db69a9bf-5e3e-4d17-97e6-600e31e6c5a4", "rank": "3", "doc": "S7983ff18-A46313e0c", "action": "expand", "doclen": 200, "score": 27.741960756858155}
{"type": "toggleArgument", "timestamp": "2025-06-26T11:05:12.360Z", "sessionID": "db69a9bf-5e3e-4d17-97e6-600e31e6c5a4", "rank": "4", "doc": "S8b68ae4-Ad09a0795", "action": "expand", "doclen": 270, "score": 37.46413562406864}
{"type": "queryBoxFocused", "timestamp": "2025-06-26T11:05:24.519Z", "sessionID": "db69a9bf-5e3e-4d17-97e6-600e31e6c5a4"}
{"type": "querySubmitted", "timestamp": "2025-06-26T11:05:25.489Z", "sessionID": "db69a9bf-5e3e-4d17-97e6-600e31e6c5a4", "query": " The United States should change towards the use of alternative fuel and away from fossil fuels."}
{"docno": "S8fdcc598-Acdae4e26", "score": 50.69314593639123}
{"docno": "S8fdcc598-A43e16fea", "score": 45.020791999346876}
{"docno": "S74a77292-A5a2ce3bf", "score": 38.47192593432565}
{"docno": "Sf8fc8c9e-A2a62c1f9", "score": 37.937473553157034}
{"docno": "S1baa36a6-Aa4b2f901", "score": 37.158339541815465}
{"docno": "S43533c49-Ae2964e60", "score": 36.97023641719036}
{"docno": "Scf368ef2-A3a6d9bb4", "score": 34.99292785860878}
{"docno": "S4d2e82ff-Aee0235bc", "score": 34.94925079359504}
{"docno": "Sd258aeb1-A4c0071e6", "score": 34.26113709019568}
{"docno": "Sde8ec542-A24bed0cf", "score": 33.48098637451718}
{"docno": "Sbb33e2d6-A77bfb204", "score": 32.970522891829674}
{"docno": "S5f3b3fcb-Aa3851cab", "score": 32.8005870156517}
{"docno": "S8706d0e3-Aae31b6bf", "score": 32.08111771078078}
{"docno": "Sc98fe9c6-A1932a660", "score": 31.88128430808348}
{"docno": "S1baa36a6-Ac0bf4bed", "score": 31.845201878656198}
{"docno": "Sf8fc8c9e-A760ccf3", "score": 31.515814622557475}
{"docno": "Sc98fe9a7-A816d2826", "score": 31.310644964439117}
{"docno": "Sdee205c0-Ae44e39f6", "score": 31.250348013734758}
{"docno": "Sc98fe988-Ab8259242", "score": 30.979118440120033}
{"docno": "S4c6aab06-A82a12ec6", "score": 30.195731449906013}
{"docno": "S2c6ce6a7-Ac789a2c2", "score": 30.179960421689024}
{"docno": "S4c6aab06-Ab78242a9", "score": 29.932087420037895}
{"docno": "S2e721803-A663a41f", "score": 29.89990484592604}
{"docno": "S8b68ae4-A25e6503e", "score": 29.87490721175009}
{"docno": "S6e782a7f-Af9399e46", "score": 29.568323386970796}
{"docno": "Sde8ec542-A7a65be95", "score": 29.5449175999267}
{"docno": "S4d2e82ff-A723b1a41", "score": 29.517845131056387}
{"docno": "Sbb33e2d6-A4507e919", "score": 29.482244999340274}
{"docno": "Sf3f89575-Aca1ad1e9", "score": 29.429261036352237}
{"docno": "S412c152b-Adf8db68a", "score": 29.254361111810223}
{"docno": "S27109bef-Addd32283", "score": 28.886272583713676}
{"docno": "Sb4dd79cd-A7edad33b", "score": 28.85977904565138}
{"docno": "S8da25347-Ae90edff7", "score": 28.26539133750766}
{"docno": "S16850e2-A8225cd78", "score": 27.936799352767615}
{"docno": "Sa0c49403-Aeb3168ef", "score": 27.874492907926342}
{"docno": "Sd258aeb1-A989e3177", "score": 27.74949588794959}
{"docno": "S7983ff18-A46313e0c", "score": 27.741960756858155}
{"docno": "S4911d42e-A73664204", "score": 27.730101041044954}
{"docno": "S7f65d0b8-A2469aedd", "score": 27.570709960584576}
{"docno": "Se31bfa66-A29dccb3f", "score": 27.457657374416286}
{"docno": "S7c26a4c3-A988acf1f", "score": 27.443470475670985}
{"docno": "S8b68ae4-Ad09a0795", "score": 27.38405840566096}
{"docno": "Sb4dd79cd-A414ad7e1", "score": 26.89760388390281}
{"docno": "Sd8dafa86-Ac1235e6c", "score": 26.730984011366708}
{"docno": "S4890087f-A76514d0", "score": 26.693429794526143}
{"docno": "Sbb33e2d6-Aefcaf2e", "score": 26.691253228875603}
{"docno": "Sc98fe988-Aaff1e3de", "score": 26.630444661194456}
{"docno": "Sc98fe9c6-Af2ccf3bb", "score": 26.630444661194456}
{"docno": "Se8f9908f-A6245fa3b", "score": 26.58512629655547}
{"docno": "S2fce3dfc-Afe9701f9", "score": 26.580091758402563}
{"docno": "S9d6aeb41-A5e7380a5", "score": 26.53930674903384}
{"docno": "Se2550a31-A93a2cc25", "score": 26.246034027796124}
{"docno": "Sc66981d5-A783c22ba", "score": 26.23996548366698}
{"docno": "Sbb33e2b7-Ab140363f", "score": 26.200981431033988}
{"docno": "Sa0c49422-Ad734ffa5", "score": 26.134518054630107}
{"docno": "Sffc14fd7-A3a830870", "score": 26.1084481008993}
{"docno": "S66212ba4-Afcd5282c", "score": 26.107249165425145}
{"docno": "S83657a1f-Aed56d25c", "score": 25.99513069223931}
{"docno": "S653f0284-Afaeb6f0f", "score": 25.945203501272214}
{"docno": "Sa5cb0429-Afd3a1107", "score": 25.920817707914935}
{"docno": "S4c6aab06-A3a6c8537", "score": 25.910535028597202}
{"docno": "Sbb33e2b7-A3ddc5380", "score": 25.89982427304171}
{"docno": "S7983ff18-A9ce614c1", "score": 25.751122856920553}
{"docno": "S31698916-Af2e93644", "score": 25.60460156124816}
{"docno": "S2fce3dfc-Aba98e48d", "score": 25.60460156124816}
{"docno": "S3af9364a-A34579f2e", "score": 25.549250060332866}
{"docno": "S72b717aa-A4e5bfef", "score": 25.45189143399976}
{"docno": "S29e8ec75-A58883887", "score": 25.41670150679159}
{"docno": "Se8b51f74-A9244fa5c", "score": 25.254435874467696}
{"docno": "Sdee205c0-A7e51810", "score": 25.183324724502224}
{"docno": "S6be2a613-A1d22d724", "score": 25.11495837424665}
{"docno": "Sbb33e2d6-Aeee2fade", "score": 25.09910733716086}
{"docno": "S6e782a7f-A1f7e6056", "score": 25.02594001557183}
{"docno": "Sd7bf3b30-Aeba3469a", "score": 24.977259751847495}
{"docno": "S4ea27d13-A3d9d765b", "score": 24.753275072561546}
{"docno": "S882db426-A11b11da7", "score": 24.743207103574754}
{"docno": "S9ff82f9f-A1865552e", "score": 24.66857616032849}
{"docno": "Sc98fea23-Af2d1f3ee", "score": 24.629297709486895}
{"docno": "S1dbcd392-A32cb9e12", "score": 24.615321928668415}
{"docno": "S40e61a27-A2185ab8", "score": 24.501555647957343}
{"docno": "Sa90a81e7-A76643c24", "score": 24.496491829992898}
{"docno": "Sfc16d928-Ab51e8a6", "score": 24.46910856582743}
{"docno": "S44cd306b-Aa03fff85", "score": 24.390933340732246}
{"docno": "S148bb110-Ae875f471", "score": 24.390933340732246}
{"docno": "Sfc763f79-A9c1d06ac", "score": 24.366322348797926}
{"docno": "S8bd07da7-Aa91fdc94", "score": 24.321033654741672}
{"docno": "S81972726-Ad325bef1", "score": 24.254904224366307}
{"docno": "S9bc8d269-Aa2f5b865", "score": 24.182522231825757}
{"docno": "S29e8ec75-Abe481205", "score": 24.136892274913343}
{"docno": "Sf16410ab-Af438c420", "score": 24.123175303985896}
{"docno": "Sa05d84f6-A5046cb41", "score": 24.06898857102694}
{"docno": "Se91be287-Ad7caa1c3", "score": 24.003477126869857}
{"docno": "Sdee205c0-Ae302c7d2", "score": 23.84414218599686}
{"docno": "Sb8c86c70-Ab6309e04", "score": 23.791096675821365}
{"docno": "S7983ff18-A1f9d38d2", "score": 23.746957282184443}
{"docno": "Se31bfa66-A11d1f42e", "score": 23.700582303874683}
{"docno": "S2e721803-Ae6bd3d56", "score": 23.55884882108868}
{"docno": "Sea61b0fc-Ac2a79108", "score": 23.50480399509921}
{"docno": "Sc98fe9e5-Abc5eb5fe", "score": 23.489938427588513}
{"docno": "S58afcb6-A721c06cf", "score": 23.40609904353557}
{"type": "toggleArgument", "timestamp": "2025-06-26T11:05:31.518Z", "sessionID": "db69a9bf-5e3e-4d17-97e6-600e31e6c5a4", "rank": "2", "doc": "S8fdcc598-A43e16fea", "action": "expand", "doclen": 1626, "score": 39.0209523440474}
{"type": "StanceClicked", "timestamp": "2025-06-26T11:06:18.342Z", "sessionID": "db69a9bf-5e3e-4d17-97e6-600e31e6c5a4", "rank": "2", "stance": "con", "action": "chooseStance", "doc": "S8fdcc598-A43e16fea", "doclen": 1626, "score": 39.0209523440474}
{"type": "queryBoxFocused", "timestamp": "2025-06-26T11:06:31.525Z", "sessionID": "db69a9bf-5e3e-4d17-97e6-600e31e6c5a4"}
{"type": "querySubmitted", "timestamp": "2025-06-26T11:06:32.210Z", "sessionID": "db69a9bf-5e3e-4d17-97e6-600e31e6c5a4", "query": "Online Debate: The United States should change towards the use of alternative fuel and away from fossil fuels. | Debate.org"}
{"docno": "S8fdcc598-Acdae4e26", "score": 50.69314593639123}
{"docno": "S8fdcc598-A43e16fea", "score": 45.020791999346876}
{"docno": "S74a77292-A5a2ce3bf", "score": 38.47192593432565}
{"docno": "Sf8fc8c9e-A2a62c1f9", "score": 37.937473553157034}
{"docno": "S1baa36a6-Aa4b2f901", "score": 37.158339541815465}
{"docno": "S43533c49-Ae2964e60", "score": 36.97023641719036}
{"docno": "Scf368ef2-A3a6d9bb4", "score": 34.99292785860878}
{"docno": "S4d2e82ff-Aee0235bc", "score": 34.94925079359504}
{"docno": "Sd258aeb1-A4c0071e6", "score": 34.26113709019568}
{"docno": "Sde8ec542-A24bed0cf", "score": 33.48098637451718}
{"docno": "Sbb33e2d6-A77bfb204", "score": 32.970522891829674}
{"docno": "S5f3b3fcb-Aa3851cab", "score": 32.8005870156517}
{"docno": "S8706d0e3-Aae31b6bf", "score": 32.08111771078078}
{"docno": "Sc98fe9c6-A1932a660", "score": 31.88128430808348}
{"docno": "S1baa36a6-Ac0bf4bed", "score": 31.845201878656198}
{"docno": "Sf8fc8c9e-A760ccf3", "score": 31.515814622557475}
{"docno": "Sc98fe9a7-A816d2826", "score": 31.310644964439117}
{"docno": "Sdee205c0-Ae44e39f6", "score": 31.250348013734758}
{"docno": "Sc98fe988-Ab8259242", "score": 30.979118440120033}
{"docno": "S4c6aab06-A82a12ec6", "score": 30.195731449906013}
{"docno": "S2c6ce6a7-Ac789a2c2", "score": 30.179960421689024}
{"docno": "S4c6aab06-Ab78242a9", "score": 29.932087420037895}
{"docno": "S2e721803-A663a41f", "score": 29.89990484592604}
{"docno": "S8b68ae4-A25e6503e", "score": 29.87490721175009}
{"docno": "S6e782a7f-Af9399e46", "score": 29.568323386970796}
{"docno": "Sde8ec542-A7a65be95", "score": 29.5449175999267}
{"docno": "S4d2e82ff-A723b1a41", "score": 29.517845131056387}
{"docno": "Sbb33e2d6-A4507e919", "score": 29.482244999340274}
{"docno": "Sf3f89575-Aca1ad1e9", "score": 29.429261036352237}
{"docno": "S412c152b-Adf8db68a", "score": 29.254361111810223}
{"docno": "S27109bef-Addd32283", "score": 28.886272583713676}
{"docno": "Sb4dd79cd-A7edad33b", "score": 28.85977904565138}
{"docno": "S8da25347-Ae90edff7", "score": 28.26539133750766}
{"docno": "S16850e2-A8225cd78", "score": 27.936799352767615}
{"docno": "Sa0c49403-Aeb3168ef", "score": 27.874492907926342}
{"docno": "Sd258aeb1-A989e3177", "score": 27.74949588794959}
{"docno": "S7983ff18-A46313e0c", "score": 27.741960756858155}
{"docno": "S4911d42e-A73664204", "score": 27.730101041044954}
{"docno": "S7f65d0b8-A2469aedd", "score": 27.570709960584576}
{"docno": "Se31bfa66-A29dccb3f", "score": 27.457657374416286}
{"docno": "S7c26a4c3-A988acf1f", "score": 27.443470475670985}
{"docno": "S8b68ae4-Ad09a0795", "score": 27.38405840566096}
{"docno": "Sb4dd79cd-A414ad7e1", "score": 26.89760388390281}
{"docno": "Sd8dafa86-Ac1235e6c", "score": 26.730984011366708}
{"docno": "S4890087f-A76514d0", "score": 26.693429794526143}
{"docno": "Sbb33e2d6-Aefcaf2e", "score": 26.691253228875603}
{"docno": "Sc98fe988-Aaff1e3de", "score": 26.630444661194456}
{"docno": "Sc98fe9c6-Af2ccf3bb", "score": 26.630444661194456}
{"docno": "Se8f9908f-A6245fa3b", "score": 26.58512629655547}
{"docno": "S2fce3dfc-Afe9701f9", "score": 26.580091758402563}
{"docno": "S9d6aeb41-A5e7380a5", "score": 26.53930674903384}
{"docno": "Se2550a31-A93a2cc25", "score": 26.246034027796124}
{"docno": "Sc66981d5-A783c22ba", "score": 26.23996548366698}
{"docno": "Sbb33e2b7-Ab140363f", "score": 26.200981431033988}
{"docno": "Sa0c49422-Ad734ffa5", "score": 26.134518054630107}
{"docno": "Sffc14fd7-A3a830870", "score": 26.1084481008993}
{"docno": "S66212ba4-Afcd5282c", "score": 26.107249165425145}
{"docno": "S83657a1f-Aed56d25c", "score": 25.99513069223931}
{"docno": "S653f0284-Afaeb6f0f", "score": 25.945203501272214}
{"docno": "Sa5cb0429-Afd3a1107", "score": 25.920817707914935}
{"docno": "S4c6aab06-A3a6c8537", "score": 25.910535028597202}
{"docno": "Sbb33e2b7-A3ddc5380", "score": 25.89982427304171}
{"docno": "S7983ff18-A9ce614c1", "score": 25.751122856920553}
{"docno": "S31698916-Af2e93644", "score": 25.60460156124816}
{"docno": "S2fce3dfc-Aba98e48d", "score": 25.60460156124816}
{"docno": "S3af9364a-A34579f2e", "score": 25.549250060332866}
{"docno": "S72b717aa-A4e5bfef", "score": 25.45189143399976}
{"docno": "S29e8ec75-A58883887", "score": 25.41670150679159}
{"docno": "Se8b51f74-A9244fa5c", "score": 25.254435874467696}
{"docno": "Sdee205c0-A7e51810", "score": 25.183324724502224}
{"docno": "S6be2a613-A1d22d724", "score": 25.11495837424665}
{"docno": "Sbb33e2d6-Aeee2fade", "score": 25.09910733716086}
{"docno": "S6e782a7f-A1f7e6056", "score": 25.02594001557183}
{"docno": "Sd7bf3b30-Aeba3469a", "score": 24.977259751847495}
{"docno": "S4ea27d13-A3d9d765b", "score": 24.753275072561546}
{"docno": "S882db426-A11b11da7", "score": 24.743207103574754}
{"docno": "S9ff82f9f-A1865552e", "score": 24.66857616032849}
{"docno": "Sc98fea23-Af2d1f3ee", "score": 24.629297709486895}
{"docno": "S1dbcd392-A32cb9e12", "score": 24.615321928668415}
{"docno": "S40e61a27-A2185ab8", "score": 24.501555647957343}
{"docno": "Sa90a81e7-A76643c24", "score": 24.496491829992898}
{"docno": "Sfc16d928-Ab51e8a6", "score": 24.46910856582743}
{"docno": "S44cd306b-Aa03fff85", "score": 24.390933340732246}
{"docno": "S148bb110-Ae875f471", "score": 24.390933340732246}
{"docno": "Sfc763f79-A9c1d06ac", "score": 24.366322348797926}
{"docno": "S8bd07da7-Aa91fdc94", "score": 24.321033654741672}
{"docno": "S81972726-Ad325bef1", "score": 24.254904224366307}
{"docno": "S9bc8d269-Aa2f5b865", "score": 24.182522231825757}
{"docno": "S29e8ec75-Abe481205", "score": 24.136892274913343}
{"docno": "Sf16410ab-Af438c420", "score": 24.123175303985896}
{"docno": "Sa05d84f6-A5046cb41", "score": 24.06898857102694}
{"docno": "Se91be287-Ad7caa1c3", "score": 24.003477126869857}
{"docno": "Sdee205c0-Ae302c7d2", "score": 23.84414218599686}
{"docno": "Sb8c86c70-Ab6309e04", "score": 23.791096675821365}
{"docno": "S7983ff18-A1f9d38d2", "score": 23.746957282184443}
{"docno": "Se31bfa66-A11d1f42e", "score": 23.700582303874683}
{"docno": "S2e721803-Ae6bd3d56", "score": 23.55884882108868}
{"docno": "Sea61b0fc-Ac2a79108", "score": 23.50480399509921}
{"docno": "Sc98fe9e5-Abc5eb5fe", "score": 23.489938427588513}
{"docno": "S58afcb6-A721c06cf", "score": 23.40609904353557}
{"type": "toggleArgument", "timestamp": "2025-06-26T11:06:37.670Z", "sessionID": "db69a9bf-5e3e-4d17-97e6-600e31e6c5a4", "rank": "6", "doc": "S43533c49-Ae2964e60", "action": "expand", "doclen": 994, "score": 36.038059370862044}
{"type": "StanceClicked", "timestamp": "2025-06-26T11:07:07.165Z", "sessionID": "db69a9bf-5e3e-4d17-97e6-600e31e6c5a4", "rank": "6", "stance": "con", "action": "chooseStance", "doc": "S43533c49-Ae2964e60", "doclen": 994, "score": 36.038059370862044}
{"type": "queryBoxFocused", "timestamp": "2025-06-26T11:07:18.236Z", "sessionID": "db69a9bf-5e3e-4d17-97e6-600e31e6c5a4"}
{"type": "querySubmitted", "timestamp": "2025-06-26T11:07:24.990Z", "sessionID": "db69a9bf-5e3e-4d17-97e6-600e31e6c5a4", "query": "alternative energy benefits"}
{"docno": "S35052009-A60772d51", "score": 26.626355112485882}
{"docno": "S60de3116-A2b48e8ca", "score": 22.441562815785705}
{"docno": "S691fdd7c-Ab3967e04", "score": 22.21326519069722}
{"docno": "S1baa36a6-A376a00ad", "score": 21.98970028156215}
{"docno": "S661b8688-A4651a22a", "score": 21.62604916224379}
{"docno": "S2aa5711e-Aca6d975b", "score": 21.554634675222562}
{"docno": "S57476c75-A5a062ea8", "score": 21.53142048896106}
{"docno": "S8da25347-A236c50aa", "score": 21.496633699809898}
{"docno": "S8da25347-Ae90edff7", "score": 21.424480332691466}
{"docno": "S1baa36a6-Aa4b2f901", "score": 21.3655389705985}
{"docno": "Sffc14fd7-Ad7a37b4c", "score": 20.543851187796633}
{"docno": "Sf86c5a92-A23d92f75", "score": 20.380329705671752}
{"docno": "S412c152b-Aa6e77523", "score": 20.304954789570317}
{"docno": "S661b8688-A1c627232", "score": 20.268998049455355}
{"docno": "Se6216237-A5785a1ab", "score": 20.148847083046}
{"docno": "S4c6aab06-A82a12ec6", "score": 20.080981779561515}
{"docno": "S6e782a7f-Af9399e46", "score": 19.561599236131602}
{"docno": "S87445fc2-Ace698977", "score": 19.355417607544304}
{"docno": "S182a8bdf-A446e92a7", "score": 19.355417607544304}
{"docno": "Sb4dd79ae-A5b665004", "score": 19.3331152487296}
{"docno": "Sd3c3ea6f-Aeaaaf8fa", "score": 19.251904361795322}
{"docno": "S8b68ae4-A86bc961b", "score": 19.103231787420444}
{"docno": "Se96e0da1-Ae23d21b8", "score": 19.07810893678446}
{"docno": "S27109bef-Addd32283", "score": 18.95330915379708}
{"docno": "S661b8688-A83df292e", "score": 18.908268792407657}
{"docno": "Sde8ec542-Af1a359f0", "score": 18.90677603456002}
{"docno": "S148bb110-A225b4be9", "score": 18.756107111228136}
{"docno": "S2d219ef-Acb486c6d", "score": 18.746755250843716}
{"docno": "Sd268fbf7-Ac5a48086", "score": 18.720622233433787}
{"docno": "Sd5e7199e-Af7b99bbf", "score": 18.67313904689677}
{"docno": "Sffc14fd7-Aa781a22a", "score": 18.668989045476348}
{"docno": "S16850e2-A14fd168b", "score": 18.562032860236943}
{"docno": "S2e721803-Acf10ec84", "score": 18.25177649787032}
{"docno": "S1baa36a6-Ac0bf4bed", "score": 18.24899231180106}
{"docno": "Sffc14fd7-A81f9d85d", "score": 18.24610755072948}
{"docno": "S8bd07da7-Aa91fdc94", "score": 18.193905178486176}
{"docno": "S3a7473b8-Ad5febf24", "score": 18.150039769118912}
{"docno": "S2d219ef-A11b44848", "score": 18.135198664383424}
{"docno": "Sc98fe9a7-A816d2826", "score": 18.12484673572394}
{"docno": "S2d219ef-A879f8f68", "score": 17.990210498626727}
{"docno": "Sc98fe988-Ab8259242", "score": 17.938491253523125}
{"docno": "Se91be287-Aa86dc068", "score": 17.9256249767409}
{"docno": "S8da25347-A9737a131", "score": 17.809431617786874}
{"docno": "Sd7bf3b30-Aeba3469a", "score": 17.74560170747184}
{"docno": "S2c6ce6a7-Ac789a2c2", "score": 17.677599863041955}
{"docno": "Sc98fe9c6-A1932a660", "score": 17.651953800567924}
{"docno": "Sd5e7199e-A2c372895", "score": 17.624342781116802}
{"docno": "S3b46cdea-Abf120463", "score": 17.568830094092817}
{"docno": "S9d6aeb41-A5e7380a5", "score": 17.48343740594799}
{"docno": "S45c09d2f-Ae0378e29", "score": 17.432722594598395}
{"docno": "Se91be287-A754b372b", "score": 17.432722594598395}
{"docno": "S8b68ae4-Ae96cdaec", "score": 17.432722594598395}
{"docno": "S87445fc2-A189f1195", "score": 17.385013623352854}
{"docno": "S27109bef-A9e403c52", "score": 17.378858758897238}
{"docno": "Sea61b0fc-Abcf48fd3", "score": 17.298707760081832}
{"docno": "Sdee205c0-Ae44e39f6", "score": 17.264779477539903}
{"docno": "S8fdcc598-Acdae4e26", "score": 17.209229370061774}
{"docno": "S6140b8cc-Aa3dce0f4", "score": 17.107713860707605}
{"docno": "S95627a9d-A126cb3f5", "score": 17.077710315903992}
{"docno": "S22acf825-Ab1a0bb92", "score": 17.069882547097134}
{"docno": "S8706d0e3-Af034da44", "score": 17.06006113287}
{"docno": "Sa7f78219-Ae0198726", "score": 17.052547829811516}
{"docno": "Sdee205c0-A92f5629f", "score": 17.036765959723322}
{"docno": "Se31bfa66-A92f5629f", "score": 17.036765959723322}
{"docno": "Sf9ecc418-A92f5629f", "score": 17.036765959723322}
{"docno": "Sb44bf40-A4e60d381", "score": 17.036765959723322}
{"docno": "Sb1ddd96f-A642fef12", "score": 17.036765959723322}
{"docno": "S2d219ef-A466867d3", "score": 16.997464805662716}
{"docno": "S7e1f9994-A2a95ade3", "score": 16.987207114021462}
{"docno": "S3aa2ad07-A607088f", "score": 16.957463977165446}
{"docno": "S219c8376-A7df7c38b", "score": 16.908747502390796}
{"docno": "S57476c75-Ade05781a", "score": 16.87229981148025}
{"docno": "Sf3288200-A76e78d9e", "score": 16.867734878675424}
{"docno": "S2a73d06b-A18e8912d", "score": 16.866430616682738}
{"docno": "Sffc14fd7-A2a3f4477", "score": 16.8394146146297}
{"docno": "Sffc14fd7-Ac76b28b4", "score": 16.8394146146297}
{"docno": "S7b0d1dd3-Ad1fe43f8", "score": 16.805243889630145}
{"docno": "Sb4dd79ae-A6a7cfc84", "score": 16.744271177216163}
{"docno": "Sb4dd79cd-Ae87a8038", "score": 16.744271177216163}
{"docno": "Sb44bf40-Ad9fc2e9d", "score": 16.72165083925833}
{"docno": "Se2550a31-A93a2cc25", "score": 16.71049876695641}
{"docno": "Se8b51f74-Aee52ab08", "score": 16.71049876695641}
{"docno": "Sce48c431-Aef46a9ef", "score": 16.658396904352443}
{"docno": "S41e8d87f-A3ad970d5", "score": 16.658396904352443}
{"docno": "S661b8688-A8d0e9384", "score": 16.568589225896503}
{"docno": "S16f720c9-Ab16c8f2c", "score": 16.54940575725846}
{"docno": "S251db9fe-Aa6e374b5", "score": 16.535981190838122}
{"docno": "Sc55873e2-A4ed2b9f4", "score": 16.45751384902807}
{"docno": "S5c1dc20b-A8fdc8301", "score": 16.431981287636834}
{"docno": "Sb4dd79cd-A7edad33b", "score": 16.41535151799495}
{"docno": "S251db9fe-A75403376", "score": 16.41535151799495}
{"docno": "Sc530b04b-A123bdec8", "score": 16.415101183349652}
{"docno": "S2a73d06b-A9c84552c", "score": 16.398527488280166}
{"docno": "S4d2e82ff-A880609db", "score": 16.305595841298008}
{"docno": "S4d2e82ff-A75483af5", "score": 16.305595841298008}
{"docno": "Se96e0da1-Ad6eac46", "score": 16.29790696655718}
{"docno": "S6e782a7f-A1f7e6056", "score": 16.29790696655718}
{"docno": "Sce8fc716-A9c682d74", "score": 16.23321848264841}
{"docno": "Sdd19cf15-Adef6763d", "score": 16.182945965739258}
{"docno": "S7579b99e-Aeab9a06", "score": 16.17929619305513}
{"type": "toggleArgument", "timestamp": "2025-06-26T11:07:27.715Z", "sessionID": "db69a9bf-5e3e-4d17-97e6-600e31e6c5a4", "rank": "1", "doc": "S35052009-A60772d51", "action": "expand", "doclen": 186, "score": 11.129419456263454}
{"type": "toggleArgument", "timestamp": "2025-06-26T11:07:29.250Z", "sessionID": "db69a9bf-5e3e-4d17-97e6-600e31e6c5a4", "rank": "2", "doc": "S60de3116-A2b48e8ca", "action": "expand", "doclen": 1324, "score": 18.46853240548178}
{"type": "toggleArgument", "timestamp": "2025-06-26T11:07:59.079Z", "sessionID": "db69a9bf-5e3e-4d17-97e6-600e31e6c5a4", "rank": "4", "doc": "S1baa36a6-A376a00ad", "action": "expand", "doclen": 603, "score": 11.317936386282799}
{"type": "StanceClicked", "timestamp": "2025-06-26T11:08:08.164Z", "sessionID": "db69a9bf-5e3e-4d17-97e6-600e31e6c5a4", "rank": "2", "stance": "con", "action": "chooseStance", "doc": "S60de3116-A2b48e8ca", "doclen": 1324, "score": 18.46853240548178}
{"type": "toggleArgument", "timestamp": "2025-06-26T11:08:11.115Z", "sessionID": "db69a9bf-5e3e-4d17-97e6-600e31e6c5a4", "rank": "7", "doc": "S57476c75-A5a062ea8", "action": "expand", "doclen": 570, "score": 16.12771583042484}
{"type": "toggleArgument", "timestamp": "2025-06-26T11:08:13.322Z", "sessionID": "db69a9bf-5e3e-4d17-97e6-600e31e6c5a4", "rank": "9", "doc": "S8da25347-Ae90edff7", "action": "expand", "doclen": 399, "score": 30.597774913130976}
{"type": "toggleArgument", "timestamp": "2025-06-26T11:08:14.993Z", "sessionID": "db69a9bf-5e3e-4d17-97e6-600e31e6c5a4", "rank": "8", "doc": "S8da25347-A236c50aa", "action": "expand", "doclen": 2033, "score": 15.986379081076773}
{"type": "ClickedEndTask", "timestamp": "2025-06-26T11:08:18.192Z", "sessionID": "db69a9bf-5e3e-4d17-97e6-600e31e6c5a4"}
{"type": "TaskEndConfirmed", "timestamp": "2025-06-26T11:08:19.839Z", "sessionID": "db69a9bf-5e3e-4d17-97e6-600e31e6c5a4"}
{"type": "TaskEnded", "timestamp": "2025-06-26T11:09:45.662Z", "sessionID": "db69a9bf-5e3e-4d17-97e6-600e31e6c5a4", "reason": "Topic 6\nWould continue\nHighly opinionated. Very hard to find positive facts to switch to alternative energy. (Depending on the culture this sites operates, maybe reasonable why its so hard to find balanced sources/arguments?)", "translated_reason": "Topic 6\nCould continy\nHighly Opinionated. Very hard to find positive facts to switch to alternative energy. (Depending on the Culture This Sites Operates, Maybe Reasonable Why Its So Hard to Find Balanced Sources/Argents?)"}
