{"type": "TaskStarted", "timestamp": "2025-06-26T12:52:39.036Z", "sessionID": "d0c3eafd-4a82-48ed-b1e4-dfa40a6da2e8", "task": "2", "uid": "Participant9", "topic": "Placeholder Topic"}
{"type": "queryBoxFocused", "timestamp": "2025-06-26T12:52:46.047Z", "sessionID": "d0c3eafd-4a82-48ed-b1e4-dfa40a6da2e8"}
{"type": "querySubmitted", "timestamp": "2025-06-26T12:52:57.101Z", "sessionID": "d0c3eafd-4a82-48ed-b1e4-dfa40a6da2e8", "query": "marijuana legal"}
{"docno": "S54c0f2f9-Ac298ee4c", "score": 21.30662592066715}
{"docno": "S6231abc3-A4835258", "score": 21.247575814038882}
{"docno": "S8a17f4cc-A7c639d66", "score": 21.188447903194255}
{"docno": "S1d872123-Aaf9302e1", "score": 20.94187150743722}
{"docno": "Sd9e09240-Adda7f7e7", "score": 20.90526980217969}
{"docno": "S946d6366-A10382a7b", "score": 20.84266961653362}
{"docno": "Sd0a9155a-A80583af3", "score": 20.807064700414294}
{"docno": "S59d1f8b8-Ac1d4ed08", "score": 20.78209949062267}
{"docno": "S3f13792b-Aca7a01b6", "score": 20.637657500057607}
{"docno": "S370e2932-Ab8811890", "score": 20.63087901338738}
{"docno": "S5811e650-A5d39832", "score": 20.610597295073816}
{"docno": "S575d7a7e-A6aeee4fa", "score": 20.58563188893591}
{"docno": "S6c7100de-A1031b6c6", "score": 20.57296748667033}
{"docno": "S86fcab18-Ae80eab16", "score": 20.52945879181311}
{"docno": "Se5ccda7-A1a305ef0", "score": 20.480010493700103}
{"docno": "S8b8ff60f-A2d8b1d5e", "score": 20.459675806082142}
{"docno": "S6231a7a5-Afd4d0577", "score": 20.292187679223865}
{"docno": "S575d7a7e-Abeb20d4a", "score": 20.291953920355454}
{"docno": "Sd4e0c5d8-A87acc9a4", "score": 20.271900652213418}
{"docno": "S86fcaef8-A523fc164", "score": 20.252156750593507}
{"docno": "S4ab35585-Abf82dc54", "score": 20.250390564329166}
{"docno": "S59d1f8b8-A55d38144", "score": 20.211967435680503}
{"docno": "S59d17cd7-Af8d1e0cf", "score": 20.19298521939908}
{"docno": "S59d17c99-A2af027ab", "score": 20.188098240783265}
{"docno": "S90bdd4aa-Aabb531c1", "score": 20.172318755044667}
{"docno": "S819bc15b-A87af54ff", "score": 20.172318755044667}
{"docno": "Scd0c01b4-A68a519fe", "score": 20.169541284567096}
{"docno": "Sd9e092bc-Aa189dffb", "score": 20.132405312158347}
{"docno": "Sd4e0c5d8-A956078f7", "score": 20.105757150331158}
{"docno": "S8b8ff60f-A4b86ce69", "score": 20.10229158290025}
{"docno": "S86fcab18-A3e0a3c2d", "score": 20.100782409938194}
{"docno": "S2b92e4a-A77a23a37", "score": 20.097764743716017}
{"docno": "Se3b7cf32-Ac46d5f55", "score": 20.094913965636522}
{"docno": "S6231a821-A4c7b0357", "score": 20.081502471370435}
{"docno": "Sd9c294ad-Ae75a47f8", "score": 20.037780548623797}
{"docno": "Sd9c294ad-A765708ea", "score": 20.023274635680373}
{"docno": "S9821cb64-A7d435239", "score": 20.01812741816019}
{"docno": "Sd3fcb9ba-Abfc0bba0", "score": 20.00341826628224}
{"docno": "S59d1fc3b-A20e9dd13", "score": 19.95949811127353}
{"docno": "Se5ccda7-A2b3cc22a", "score": 19.958212197426562}
{"docno": "S59d1f8b8-A137928fe", "score": 19.955214879243975}
{"docno": "S6c710062-A4612d797", "score": 19.93586416427355}
{"docno": "S1e41346c-A8aae6dc", "score": 19.916794390065718}
{"docno": "S1e41344d-A8434cf5", "score": 19.909582150475966}
{"docno": "S4d3852ce-A7a9cb25c", "score": 19.892152254230638}
{"docno": "S6231aba4-A96cf47d4", "score": 19.89150289216733}
{"docno": "Sfad1e94f-Afdcde751", "score": 19.878890592245547}
{"docno": "Sb075eec1-A3d85bb54", "score": 19.878305131150288}
{"docno": "Sd9e092bc-A4ce2898d", "score": 19.87817008792762}
{"docno": "S34ee1a0c-A9939ab07", "score": 19.87169693697591}
{"docno": "S54c0f27d-Ac24a505d", "score": 19.85112249114876}
{"docno": "Sd9e09240-Abcba1810", "score": 19.849008274417088}
{"docno": "Sb9e1a102-Aa7de52df", "score": 19.757495896966095}
{"docno": "S8c493086-Adc897dc2", "score": 19.730332928342847}
{"docno": "Sd267a533-A8a9f4481", "score": 19.730057638383627}
{"docno": "S68b39dd8-A88146bad", "score": 19.7200254544987}
{"docno": "Seec21427-Ab61404e", "score": 19.6875453429801}
{"docno": "Scb307ee3-Af12a925d", "score": 19.61815496109863}
{"docno": "S87b8c230-A6a2e950b", "score": 19.617508150736327}
{"docno": "S21af0c6a-A41964788", "score": 19.595313656355337}
{"docno": "S7c8b175c-Ace723459", "score": 19.591157089530444}
{"docno": "Sdff8f1b4-A45f6d106", "score": 19.587029309085377}
{"docno": "S1d872123-Ab5669adb", "score": 19.571106357286276}
{"docno": "S86da9e6a-A53cdcfb6", "score": 19.56518549667241}
{"docno": "S90bdd4aa-A14f54ab9", "score": 19.561983195028066}
{"docno": "S370e2913-Ac02896f", "score": 19.55105472101463}
{"docno": "S6c7100fd-Aaabc1276", "score": 19.54763548084584}
{"docno": "S59d1f8b8-A16aae563", "score": 19.54478160198383}
{"docno": "S86fca3d4-A539b2d72", "score": 19.541792915618007}
{"docno": "Sd7c339a6-A8f5e1583", "score": 19.519474689780772}
{"docno": "S59d1f8b8-Ad391c12e", "score": 19.50307373784606}
{"docno": "S4d3852ce-A5cf38a0d", "score": 19.50060003719146}
{"docno": "Sc0ff09ad-Adb818ea9", "score": 19.50031837158295}
{"docno": "S941c9e91-A65021bd7", "score": 19.498720354376808}
{"docno": "S657ed6a0-Acb78d40a", "score": 19.49789365996932}
{"docno": "S5703a6b0-Add1fbbfd", "score": 19.463192306771944}
{"docno": "S3e291606-A65141fa5", "score": 19.45510208200197}
{"docno": "Sd3fcb99b-Abad39fda", "score": 19.441274504971823}
{"docno": "Sa87b0d37-Afccae6a1", "score": 19.433482948053975}
{"docno": "S6231ab47-A2648fac7", "score": 19.395237086473376}
{"docno": "Sd4e0c5b9-Afdc7d8ac", "score": 19.375849870275136}
{"docno": "S86fca776-A351d1c9", "score": 19.369956954252785}
{"docno": "Sb070007d-A714eebcc", "score": 19.36715471663633}
{"docno": "S86da9e6a-A6f519bfe", "score": 19.36455716027843}
{"docno": "S56442e59-A1ac0fa6c", "score": 19.353916902046947}
{"docno": "S3b0c7250-A272dae67", "score": 19.327284573596117}
{"docno": "Sd4e0c5b9-Aa18446bb", "score": 19.32332771593818}
{"docno": "S6231a767-A2555b801", "score": 19.305888251931215}
{"docno": "S6c71011c-A54dad177", "score": 19.283712240241638}
{"docno": "S815a073a-A917c59cb", "score": 19.268101571484273}
{"docno": "Sd9e0929d-Afb989c19", "score": 19.260121507738017}
{"docno": "S111ea869-A84001f7b", "score": 19.253288252230668}
{"docno": "S72a6f1e7-A79c9272a", "score": 19.23652677703152}
{"docno": "S21ae906a-A888a31c1", "score": 19.23383258498192}
{"docno": "S815a0e5f-A8449bfed", "score": 19.21974677490038}
{"docno": "Sfa1a69b6-A4927216b", "score": 19.20826999628477}
{"docno": "S678a1efc-A20e82ee6", "score": 19.20826999628477}
{"docno": "S6231af27-A68201b32", "score": 19.205035585786504}
{"docno": "Se10704a3-A328249e9", "score": 19.197562915277906}
{"docno": "S4d3852ce-Ab0de595d", "score": 19.196708493036386}
{"type": "toggleArgument", "timestamp": "2025-06-26T12:52:59.732Z", "sessionID": "d0c3eafd-4a82-48ed-b1e4-dfa40a6da2e8", "rank": "1", "doc": "S54c0f2f9-Ac298ee4c", "action": "expand", "doclen": 190, "score": 21.30662592066715}
{"type": "toggleArgument", "timestamp": "2025-06-26T12:53:01.084Z", "sessionID": "d0c3eafd-4a82-48ed-b1e4-dfa40a6da2e8", "rank": "1", "doc": "S54c0f2f9-Ac298ee4c", "action": "reduce", "doclen": 190, "score": 21.30662592066715}
{"type": "toggleArgument", "timestamp": "2025-06-26T12:53:04.068Z", "sessionID": "d0c3eafd-4a82-48ed-b1e4-dfa40a6da2e8", "rank": "2", "doc": "S6231abc3-A4835258", "action": "expand", "doclen": 617, "score": 21.247575814038882}
{"type": "toggleArgument", "timestamp": "2025-06-26T12:53:41.301Z", "sessionID": "d0c3eafd-4a82-48ed-b1e4-dfa40a6da2e8", "rank": "3", "doc": "S8a17f4cc-A7c639d66", "action": "expand", "doclen": 437, "score": 21.188447903194255}
{"type": "toggleArgument", "timestamp": "2025-06-26T12:53:55.285Z", "sessionID": "d0c3eafd-4a82-48ed-b1e4-dfa40a6da2e8", "rank": "4", "doc": "S1d872123-Aaf9302e1", "action": "expand", "doclen": 449, "score": 20.94187150743722}
{"type": "toggleArgument", "timestamp": "2025-06-26T12:54:12.821Z", "sessionID": "d0c3eafd-4a82-48ed-b1e4-dfa40a6da2e8", "rank": "5", "doc": "Sd9e09240-Adda7f7e7", "action": "expand", "doclen": 445, "score": 20.90526980217969}
{"type": "queryBoxFocused", "timestamp": "2025-06-26T12:54:15.991Z", "sessionID": "d0c3eafd-4a82-48ed-b1e4-dfa40a6da2e8"}
{"type": "querySubmitted", "timestamp": "2025-06-26T12:54:25.830Z", "sessionID": "d0c3eafd-4a82-48ed-b1e4-dfa40a6da2e8", "query": "marijuana legalization"}
{"docno": "S54c0f2f9-Ac298ee4c", "score": 21.30662592066715}
{"docno": "S6231abc3-A4835258", "score": 21.247575814038882}
{"docno": "S8a17f4cc-A7c639d66", "score": 21.188447903194255}
{"docno": "S1d872123-Aaf9302e1", "score": 20.94187150743722}
{"docno": "Sd9e09240-Adda7f7e7", "score": 20.90526980217969}
{"docno": "S946d6366-A10382a7b", "score": 20.84266961653362}
{"docno": "Sd0a9155a-A80583af3", "score": 20.807064700414294}
{"docno": "S59d1f8b8-Ac1d4ed08", "score": 20.78209949062267}
{"docno": "S3f13792b-Aca7a01b6", "score": 20.637657500057607}
{"docno": "S370e2932-Ab8811890", "score": 20.63087901338738}
{"docno": "S5811e650-A5d39832", "score": 20.610597295073816}
{"docno": "S575d7a7e-A6aeee4fa", "score": 20.58563188893591}
{"docno": "S6c7100de-A1031b6c6", "score": 20.57296748667033}
{"docno": "S86fcab18-Ae80eab16", "score": 20.52945879181311}
{"docno": "Se5ccda7-A1a305ef0", "score": 20.480010493700103}
{"docno": "S8b8ff60f-A2d8b1d5e", "score": 20.459675806082142}
{"docno": "S6231a7a5-Afd4d0577", "score": 20.292187679223865}
{"docno": "S575d7a7e-Abeb20d4a", "score": 20.291953920355454}
{"docno": "Sd4e0c5d8-A87acc9a4", "score": 20.271900652213418}
{"docno": "S86fcaef8-A523fc164", "score": 20.252156750593507}
{"docno": "S4ab35585-Abf82dc54", "score": 20.250390564329166}
{"docno": "S59d1f8b8-A55d38144", "score": 20.211967435680503}
{"docno": "S59d17cd7-Af8d1e0cf", "score": 20.19298521939908}
{"docno": "S59d17c99-A2af027ab", "score": 20.188098240783265}
{"docno": "S90bdd4aa-Aabb531c1", "score": 20.172318755044667}
{"docno": "S819bc15b-A87af54ff", "score": 20.172318755044667}
{"docno": "Scd0c01b4-A68a519fe", "score": 20.169541284567096}
{"docno": "Sd9e092bc-Aa189dffb", "score": 20.132405312158347}
{"docno": "Sd4e0c5d8-A956078f7", "score": 20.105757150331158}
{"docno": "S8b8ff60f-A4b86ce69", "score": 20.10229158290025}
{"docno": "S86fcab18-A3e0a3c2d", "score": 20.100782409938194}
{"docno": "S2b92e4a-A77a23a37", "score": 20.097764743716017}
{"docno": "Se3b7cf32-Ac46d5f55", "score": 20.094913965636522}
{"docno": "S6231a821-A4c7b0357", "score": 20.081502471370435}
{"docno": "Sd9c294ad-Ae75a47f8", "score": 20.037780548623797}
{"docno": "Sd9c294ad-A765708ea", "score": 20.023274635680373}
{"docno": "S9821cb64-A7d435239", "score": 20.01812741816019}
{"docno": "Sd3fcb9ba-Abfc0bba0", "score": 20.00341826628224}
{"docno": "S59d1fc3b-A20e9dd13", "score": 19.95949811127353}
{"docno": "Se5ccda7-A2b3cc22a", "score": 19.958212197426562}
{"docno": "S59d1f8b8-A137928fe", "score": 19.955214879243975}
{"docno": "S6c710062-A4612d797", "score": 19.93586416427355}
{"docno": "S1e41346c-A8aae6dc", "score": 19.916794390065718}
{"docno": "S1e41344d-A8434cf5", "score": 19.909582150475966}
{"docno": "S4d3852ce-A7a9cb25c", "score": 19.892152254230638}
{"docno": "S6231aba4-A96cf47d4", "score": 19.89150289216733}
{"docno": "Sfad1e94f-Afdcde751", "score": 19.878890592245547}
{"docno": "Sb075eec1-A3d85bb54", "score": 19.878305131150288}
{"docno": "Sd9e092bc-A4ce2898d", "score": 19.87817008792762}
{"docno": "S34ee1a0c-A9939ab07", "score": 19.87169693697591}
{"docno": "S54c0f27d-Ac24a505d", "score": 19.85112249114876}
{"docno": "Sd9e09240-Abcba1810", "score": 19.849008274417088}
{"docno": "Sb9e1a102-Aa7de52df", "score": 19.757495896966095}
{"docno": "S8c493086-Adc897dc2", "score": 19.730332928342847}
{"docno": "Sd267a533-A8a9f4481", "score": 19.730057638383627}
{"docno": "S68b39dd8-A88146bad", "score": 19.7200254544987}
{"docno": "Seec21427-Ab61404e", "score": 19.6875453429801}
{"docno": "Scb307ee3-Af12a925d", "score": 19.61815496109863}
{"docno": "S87b8c230-A6a2e950b", "score": 19.617508150736327}
{"docno": "S21af0c6a-A41964788", "score": 19.595313656355337}
{"docno": "S7c8b175c-Ace723459", "score": 19.591157089530444}
{"docno": "Sdff8f1b4-A45f6d106", "score": 19.587029309085377}
{"docno": "S1d872123-Ab5669adb", "score": 19.571106357286276}
{"docno": "S86da9e6a-A53cdcfb6", "score": 19.56518549667241}
{"docno": "S90bdd4aa-A14f54ab9", "score": 19.561983195028066}
{"docno": "S370e2913-Ac02896f", "score": 19.55105472101463}
{"docno": "S6c7100fd-Aaabc1276", "score": 19.54763548084584}
{"docno": "S59d1f8b8-A16aae563", "score": 19.54478160198383}
{"docno": "S86fca3d4-A539b2d72", "score": 19.541792915618007}
{"docno": "Sd7c339a6-A8f5e1583", "score": 19.519474689780772}
{"docno": "S59d1f8b8-Ad391c12e", "score": 19.50307373784606}
{"docno": "S4d3852ce-A5cf38a0d", "score": 19.50060003719146}
{"docno": "Sc0ff09ad-Adb818ea9", "score": 19.50031837158295}
{"docno": "S941c9e91-A65021bd7", "score": 19.498720354376808}
{"docno": "S657ed6a0-Acb78d40a", "score": 19.49789365996932}
{"docno": "S5703a6b0-Add1fbbfd", "score": 19.463192306771944}
{"docno": "S3e291606-A65141fa5", "score": 19.45510208200197}
{"docno": "Sd3fcb99b-Abad39fda", "score": 19.441274504971823}
{"docno": "Sa87b0d37-Afccae6a1", "score": 19.433482948053975}
{"docno": "S6231ab47-A2648fac7", "score": 19.395237086473376}
{"docno": "Sd4e0c5b9-Afdc7d8ac", "score": 19.375849870275136}
{"docno": "S86fca776-A351d1c9", "score": 19.369956954252785}
{"docno": "Sb070007d-A714eebcc", "score": 19.36715471663633}
{"docno": "S86da9e6a-A6f519bfe", "score": 19.36455716027843}
{"docno": "S56442e59-A1ac0fa6c", "score": 19.353916902046947}
{"docno": "S3b0c7250-A272dae67", "score": 19.327284573596117}
{"docno": "Sd4e0c5b9-Aa18446bb", "score": 19.32332771593818}
{"docno": "S6231a767-A2555b801", "score": 19.305888251931215}
{"docno": "S6c71011c-A54dad177", "score": 19.283712240241638}
{"docno": "S815a073a-A917c59cb", "score": 19.268101571484273}
{"docno": "Sd9e0929d-Afb989c19", "score": 19.260121507738017}
{"docno": "S111ea869-A84001f7b", "score": 19.253288252230668}
{"docno": "S72a6f1e7-A79c9272a", "score": 19.23652677703152}
{"docno": "S21ae906a-A888a31c1", "score": 19.23383258498192}
{"docno": "S815a0e5f-A8449bfed", "score": 19.21974677490038}
{"docno": "Sfa1a69b6-A4927216b", "score": 19.20826999628477}
{"docno": "S678a1efc-A20e82ee6", "score": 19.20826999628477}
{"docno": "S6231af27-A68201b32", "score": 19.205035585786504}
{"docno": "Se10704a3-A328249e9", "score": 19.197562915277906}
{"docno": "S4d3852ce-Ab0de595d", "score": 19.196708493036386}
{"type": "toggleArgument", "timestamp": "2025-06-26T12:54:32.837Z", "sessionID": "d0c3eafd-4a82-48ed-b1e4-dfa40a6da2e8", "rank": "6", "doc": "S946d6366-A10382a7b", "action": "expand", "doclen": 1134, "score": 20.84266961653362}
{"type": "StanceClicked", "timestamp": "2025-06-26T12:54:39.782Z", "sessionID": "d0c3eafd-4a82-48ed-b1e4-dfa40a6da2e8", "rank": "6", "stance": "pro", "action": "chooseStance", "doc": "S946d6366-A10382a7b", "doclen": 1134, "score": 20.84266961653362}
{"type": "toggleArgument", "timestamp": "2025-06-26T12:54:49.973Z", "sessionID": "d0c3eafd-4a82-48ed-b1e4-dfa40a6da2e8", "rank": "8", "doc": "S59d1f8b8-Ac1d4ed08", "action": "expand", "doclen": 560, "score": 20.78209949062267}
{"type": "StanceClicked", "timestamp": "2025-06-26T12:55:07.982Z", "sessionID": "d0c3eafd-4a82-48ed-b1e4-dfa40a6da2e8", "rank": "8", "stance": "pro", "action": "chooseStance", "doc": "S59d1f8b8-Ac1d4ed08", "doclen": 560, "score": 20.78209949062267}
{"type": "toggleArgument", "timestamp": "2025-06-26T12:55:10.021Z", "sessionID": "d0c3eafd-4a82-48ed-b1e4-dfa40a6da2e8", "rank": "9", "doc": "S3f13792b-Aca7a01b6", "action": "expand", "doclen": 501, "score": 20.637657500057607}
{"type": "toggleArgument", "timestamp": "2025-06-26T12:55:20.453Z", "sessionID": "d0c3eafd-4a82-48ed-b1e4-dfa40a6da2e8", "rank": "9", "doc": "S3f13792b-Aca7a01b6", "action": "reduce", "doclen": 501, "score": 20.637657500057607}
{"type": "toggleArgument", "timestamp": "2025-06-26T12:55:21.029Z", "sessionID": "d0c3eafd-4a82-48ed-b1e4-dfa40a6da2e8", "rank": "9", "doc": "S3f13792b-Aca7a01b6", "action": "expand", "doclen": 501, "score": 20.637657500057607}
{"type": "toggleArgument", "timestamp": "2025-06-26T12:55:33.606Z", "sessionID": "d0c3eafd-4a82-48ed-b1e4-dfa40a6da2e8", "rank": "10", "doc": "S370e2932-Ab8811890", "action": "expand", "doclen": 2639, "score": 20.63087901338738}
{"type": "StanceClicked", "timestamp": "2025-06-26T12:56:04.438Z", "sessionID": "d0c3eafd-4a82-48ed-b1e4-dfa40a6da2e8", "rank": "10", "stance": "con", "action": "chooseStance", "doc": "S370e2932-Ab8811890", "doclen": 2639, "score": 20.63087901338738}
{"type": "pageNavigationClicked", "timestamp": "2025-06-26T12:56:20.198Z", "sessionID": "d0c3eafd-4a82-48ed-b1e4-dfa40a6da2e8", "clicked": "2", "fromPage": 1, "toPage": 2}
{"type": "toggleArgument", "timestamp": "2025-06-26T12:56:22.454Z", "sessionID": "d0c3eafd-4a82-48ed-b1e4-dfa40a6da2e8", "rank": "11", "doc": "S5811e650-A5d39832", "action": "expand", "doclen": 1926, "score": 20.610597295073816}
{"type": "StanceClicked", "timestamp": "2025-06-26T12:56:58.070Z", "sessionID": "d0c3eafd-4a82-48ed-b1e4-dfa40a6da2e8", "rank": "11", "stance": "con", "action": "chooseStance", "doc": "S5811e650-A5d39832", "doclen": 1926, "score": 20.610597295073816}
{"type": "toggleArgument", "timestamp": "2025-06-26T12:57:03.950Z", "sessionID": "d0c3eafd-4a82-48ed-b1e4-dfa40a6da2e8", "rank": "12", "doc": "S575d7a7e-A6aeee4fa", "action": "expand", "doclen": 496, "score": 20.58563188893591}
{"type": "toggleArgument", "timestamp": "2025-06-26T12:57:09.654Z", "sessionID": "d0c3eafd-4a82-48ed-b1e4-dfa40a6da2e8", "rank": "13", "doc": "S6c7100de-A1031b6c6", "action": "expand", "doclen": 752, "score": 20.57296748667033}
{"type": "StanceClicked", "timestamp": "2025-06-26T12:57:27.710Z", "sessionID": "d0c3eafd-4a82-48ed-b1e4-dfa40a6da2e8", "rank": "13", "stance": "con", "action": "chooseStance", "doc": "S6c7100de-A1031b6c6", "doclen": 752, "score": 20.57296748667033}
{"type": "toggleArgument", "timestamp": "2025-06-26T12:57:30.382Z", "sessionID": "d0c3eafd-4a82-48ed-b1e4-dfa40a6da2e8", "rank": "14", "doc": "S86fcab18-Ae80eab16", "action": "expand", "doclen": 1090, "score": 20.52945879181311}
{"type": "StanceClicked", "timestamp": "2025-06-26T12:57:54.694Z", "sessionID": "d0c3eafd-4a82-48ed-b1e4-dfa40a6da2e8", "rank": "14", "stance": "con", "action": "chooseStance", "doc": "S86fcab18-Ae80eab16", "doclen": 1090, "score": 20.52945879181311}
{"type": "toggleArgument", "timestamp": "2025-06-26T12:57:57.726Z", "sessionID": "d0c3eafd-4a82-48ed-b1e4-dfa40a6da2e8", "rank": "15", "doc": "Se5ccda7-A1a305ef0", "action": "expand", "doclen": 381, "score": 20.480010493700103}
{"type": "toggleArgument", "timestamp": "2025-06-26T12:58:04.646Z", "sessionID": "d0c3eafd-4a82-48ed-b1e4-dfa40a6da2e8", "rank": "16", "doc": "S8b8ff60f-A2d8b1d5e", "action": "expand", "doclen": 481, "score": 20.459675806082142}
{"type": "StanceClicked", "timestamp": "2025-06-26T12:58:28.686Z", "sessionID": "d0c3eafd-4a82-48ed-b1e4-dfa40a6da2e8", "rank": "16", "stance": "pro", "action": "chooseStance", "doc": "S8b8ff60f-A2d8b1d5e", "doclen": 481, "score": 20.459675806082142}
{"type": "toggleArgument", "timestamp": "2025-06-26T12:58:42.462Z", "sessionID": "d0c3eafd-4a82-48ed-b1e4-dfa40a6da2e8", "rank": "19", "doc": "Sd4e0c5d8-A87acc9a4", "action": "expand", "doclen": 1114, "score": 20.271900652213418}
{"type": "StanceClicked", "timestamp": "2025-06-26T12:59:00.086Z", "sessionID": "d0c3eafd-4a82-48ed-b1e4-dfa40a6da2e8", "rank": "19", "stance": "pro", "action": "chooseStance", "doc": "Sd4e0c5d8-A87acc9a4", "doclen": 1114, "score": 20.271900652213418}
{"type": "toggleArgument", "timestamp": "2025-06-26T12:59:09.086Z", "sessionID": "d0c3eafd-4a82-48ed-b1e4-dfa40a6da2e8", "rank": "20", "doc": "S86fcaef8-A523fc164", "action": "expand", "doclen": 275, "score": 20.252156750593507}
{"type": "pageNavigationClicked", "timestamp": "2025-06-26T12:59:10.750Z", "sessionID": "d0c3eafd-4a82-48ed-b1e4-dfa40a6da2e8", "clicked": "3", "fromPage": 2, "toPage": 3}
{"type": "queryBoxFocused", "timestamp": "2025-06-26T12:59:19.236Z", "sessionID": "d0c3eafd-4a82-48ed-b1e4-dfa40a6da2e8"}
{"type": "querySubmitted", "timestamp": "2025-06-26T12:59:22.879Z", "sessionID": "d0c3eafd-4a82-48ed-b1e4-dfa40a6da2e8", "query": "wwed legal"}
{"docno": "S3fdbc7fb-Acdea333f", "score": 8.463601826218937}
{"docno": "Sa0ae451e-A8e8796d3", "score": 8.459337165540981}
{"docno": "S10dba703-A5e4daff7", "score": 8.372180049516713}
{"docno": "Sd267acd4-Adbc6ed05", "score": 8.35622316395171}
{"docno": "S210b22c2-Acae0031c", "score": 8.298231370359073}
{"docno": "S4ab35585-A6f0c05a7", "score": 8.25468431516184}
{"docno": "S363193e9-Aa85439c6", "score": 8.250129010965615}
{"docno": "Sc015ffd5-Aa4c18eda", "score": 8.244749688134435}
{"docno": "S11a47e3f-Ad5510f58", "score": 8.216297667224374}
{"docno": "Sb5591233-Af195ff62", "score": 8.208778675000742}
{"docno": "S4aee985a-Ac3bada24", "score": 8.208778675000742}
{"docno": "S23722bca-Aa149af41", "score": 8.200627571091117}
{"docno": "S173a3f88-A185aaa98", "score": 8.199485831718192}
{"docno": "S54c0f2f9-Ac298ee4c", "score": 8.187606948500994}
{"docno": "S1d966a98-Aa76947c9", "score": 8.167840774552587}
{"docno": "S215e6408-A1188fa5", "score": 8.162136495321068}
{"docno": "S4e10f154-Ae33ba556", "score": 8.154149674027146}
{"docno": "S429c4751-A7f49f9f", "score": 8.133393471533688}
{"docno": "Sf4649d91-A4c4dd26d", "score": 8.107577153426138}
{"docno": "Sb9730bc0-A6e008330", "score": 8.107577153426138}
{"docno": "S86fcaef8-A523fc164", "score": 8.106555071777063}
{"docno": "S14b9fbff-Acca86bef", "score": 8.106555071777063}
{"docno": "S8b66605a-A257f60e5", "score": 8.082008851530455}
{"docno": "Scd0c01b4-A68a519fe", "score": 8.07989321104846}
{"docno": "S1378c40-Adb863519", "score": 8.07989321104846}
{"docno": "Sa0ae451e-A827a781b", "score": 8.078158127242734}
{"docno": "S59d1fc3b-A19ae8066", "score": 8.075595905027415}
{"docno": "Sd9e092bc-Aa189dffb", "score": 8.067893026205738}
{"docno": "S5ea83b6d-Ad1b9e0f6", "score": 8.067260433195214}
{"docno": "S541f2011-Abd5e5f2f", "score": 8.051076217952353}
{"docno": "S1d872123-Aaf9302e1", "score": 8.047440890328406}
{"docno": "Sc19aa035-A21b9d60b", "score": 8.044620699426586}
{"docno": "S29e66283-A3372a973", "score": 8.042113014897906}
{"docno": "S9386ee6d-A1a19e999", "score": 8.039784239419534}
{"docno": "Sdb68a818-A3358724f", "score": 8.028523891488561}
{"docno": "S86fcab18-A3d9356e3", "score": 8.028094325835948}
{"docno": "S84b97490-A6be139b0", "score": 8.027718493596078}
{"docno": "S74e915ac-A2540ac96", "score": 8.027092184721063}
{"docno": "S3b0c7250-A70fa6b4f", "score": 8.027092184721063}
{"docno": "S40f91664-A745b3f20", "score": 8.027092184721063}
{"docno": "S23d69a69-A931369c4", "score": 8.012384405197189}
{"docno": "S318b36b2-Ab5da3b58", "score": 8.012227159162382}
{"docno": "Sb33122ae-A823f55c5", "score": 8.008092530496992}
{"docno": "S40f91664-Aac91c45a", "score": 8.008092530496992}
{"docno": "S8a17f4cc-A7c639d66", "score": 7.98856229548054}
{"docno": "S32da7098-Ab49b1237", "score": 7.983796162523305}
{"docno": "S50dd09ef-A7df69977", "score": 7.981891301358788}
{"docno": "S65665e9-Ab77e504b", "score": 7.9749767733448405}
{"docno": "S54a472bf-Add5f1644", "score": 7.969127089862189}
{"docno": "S65576197-A8e1ce473", "score": 7.965621397100445}
{"docno": "S1cac962b-A1ae9fdb1", "score": 7.965621397100445}
{"docno": "S2d0fc6c1-A9a367b50", "score": 7.965621397100445}
{"docno": "S7c83e847-A110c745d", "score": 7.957983308716557}
{"docno": "S59d1f8b8-A55d38144", "score": 7.9501547921501325}
{"docno": "Sd1b6b68-Acff8bbf6", "score": 7.949172013659832}
{"docno": "Sddcd2e78-Acf5b3d3f", "score": 7.949172013659832}
{"docno": "Sedbdc40b-Affdcd01f", "score": 7.939564038013962}
{"docno": "S4c56b707-Ab0854028", "score": 7.931456039129314}
{"docno": "S73e2c498-Aebb5d6ce", "score": 7.930539005913351}
{"docno": "S3f13792b-Aca7a01b6", "score": 7.930539005913351}
{"docno": "Sd3fcb9ba-Abfc0bba0", "score": 7.930539005913351}
{"docno": "S36da01fa-A9ddf2e8b", "score": 7.930539005913351}
{"docno": "Sbfb053f-A7070df69", "score": 7.923533709119152}
{"docno": "S47288945-Ab90e2dcf", "score": 7.923533709119152}
{"docno": "S946d6366-A10382a7b", "score": 7.921865122182888}
{"docno": "S99243b0c-A5ac356d8", "score": 7.916023027522855}
{"docno": "S9324770-A99ecd78d", "score": 7.911384763800342}
{"docno": "Se866cf50-A7f311346", "score": 7.911384763800342}
{"docno": "S57d65aee-A3c4c397a", "score": 7.909560178059646}
{"docno": "S6c71011c-Ae5bd5ef6", "score": 7.909560178059646}
{"docno": "S6141ed46-A31608fd6", "score": 7.898060254307428}
{"docno": "S3dff2ca7-A741b6872", "score": 7.898060254307428}
{"docno": "S3dff2c88-A741b6872", "score": 7.898060254307428}
{"docno": "S6335cb84-A2f24bf77", "score": 7.8923228233597325}
{"docno": "S286347c6-A721cf638", "score": 7.872750064388203}
{"docno": "S98ff8aac-Ac5047338", "score": 7.872750064388203}
{"docno": "S3f13792b-Aa0fcb7b8", "score": 7.871545431691698}
{"docno": "S946ce747-Ae5b8deec", "score": 7.871545431691698}
{"docno": "S657ed6a0-Acb78d40a", "score": 7.861356852915511}
{"docno": "Sd0a9155a-A80583af3", "score": 7.8586019409984855}
{"docno": "S72a540d2-Ad42b5d4d", "score": 7.849198075599849}
{"docno": "S4ad3be12-A13dad485", "score": 7.847601574775245}
{"docno": "S74e88ac7-Ad54d7c04", "score": 7.847063971354617}
{"docno": "S8b66605a-Ac68495da", "score": 7.84450457758834}
{"docno": "Se0866765-A3b2889e4", "score": 7.843547744404867}
{"docno": "S1acb616e-Aac60cc20", "score": 7.836963145658648}
{"docno": "S590b30db-A22a3b31b", "score": 7.835684188115226}
{"docno": "Sb38c2a52-A46bf90c3", "score": 7.835684188115226}
{"docno": "S8f7cc685-Ac9924e35", "score": 7.833894348694064}
{"docno": "S42468ac1-Af71393df", "score": 7.833894348694064}
{"docno": "Sf2b77005-Aea3c019e", "score": 7.828551114164445}
{"docno": "Sc015ffd5-A9369c2c4", "score": 7.823802942116105}
{"docno": "Se0501068-A6807ff47", "score": 7.823802942116105}
{"docno": "S47805333-A299cba32", "score": 7.822613240810144}
{"docno": "Sa490da89-A8b9f222", "score": 7.822613240810144}
{"docno": "S87b8c230-Ad1114014", "score": 7.822613240810144}
{"docno": "S318b36b2-Ad681510f", "score": 7.818172851831456}
{"docno": "S59d1f8b8-Ac1d4ed08", "score": 7.816984862022386}
{"docno": "S4aee985a-Aa28a796b", "score": 7.816984862022386}
{"docno": "Sce6b504-A980488aa", "score": 7.811364576660794}
{"type": "queryBoxFocused", "timestamp": "2025-06-26T12:59:24.385Z", "sessionID": "d0c3eafd-4a82-48ed-b1e4-dfa40a6da2e8"}
{"type": "querySubmitted", "timestamp": "2025-06-26T12:59:49.823Z", "sessionID": "d0c3eafd-4a82-48ed-b1e4-dfa40a6da2e8", "query": "recreational marijuana legal"}
{"docno": "S4ab35585-Abf82dc54", "score": 35.27881533313677}
{"docno": "S6c7100fd-Aaabc1276", "score": 35.08537968794504}
{"docno": "Sd3fcb9ba-Abfc0bba0", "score": 34.801381502196215}
{"docno": "S86fcaef8-A6f5fad27", "score": 33.68242156718041}
{"docno": "S14b9fbff-Acca86bef", "score": 33.15880660516221}
{"docno": "Seec21427-Ab61404e", "score": 33.00577560885739}
{"docno": "S5992fb47-Af28b1906", "score": 32.7904848264218}
{"docno": "Scdf789bc-Adba79f3f", "score": 31.882297227945344}
{"docno": "Sd9e092bc-A4ce2898d", "score": 31.57207232864629}
{"docno": "Sc0ff09ad-Adb818ea9", "score": 31.232800177227116}
{"docno": "Sfad1e94f-Afdcde751", "score": 30.85455686092554}
{"docno": "S6231ab28-Ac81293cf", "score": 30.631759928822543}
{"docno": "Sac6030a1-Aa020fe07", "score": 30.62991786099206}
{"docno": "Sbc00ee1b-Af5c22e58", "score": 30.473868308984578}
{"docno": "S590b30db-A96099273", "score": 30.395595889489}
{"docno": "Sb14ffcd0-A1b7465f2", "score": 30.381057100105746}
{"docno": "S6231a767-A293a5a69", "score": 30.381057100105746}
{"docno": "Sd9e092bc-A9d8faf3a", "score": 30.343407478616527}
{"docno": "Sfad1e94f-A3fdeba2d", "score": 30.26080149459569}
{"docno": "Scdf789bc-Aee5bcf79", "score": 30.184050314723443}
{"docno": "S6c7100de-A1031b6c6", "score": 29.97377339407297}
{"docno": "S4ac9893e-Acb9929e0", "score": 29.895273202811616}
{"docno": "S6c7100fd-A5c39deef", "score": 29.585920630756124}
{"docno": "Sb14ffcd0-A74260f0c", "score": 29.42477988837241}
{"docno": "S2a5141f4-A7bf5211a", "score": 29.42477988837241}
{"docno": "S986b9b3c-A6f77b544", "score": 29.41829053049544}
{"docno": "Sfad1e94f-Aa12d0c5e", "score": 29.412994023231068}
{"docno": "Sfa1a69b6-A4927216b", "score": 29.38216583371951}
{"docno": "Sd9e092bc-Aa189dffb", "score": 29.371203352087154}
{"docno": "Scdf789bc-Ae34a519b", "score": 29.306093382530968}
{"docno": "Sbc00ee1b-Aa9c6daa0", "score": 29.189724406641222}
{"docno": "S37c282ea-Aaa621169", "score": 29.188461405670655}
{"docno": "Se3b7cf32-A604f6687", "score": 29.109357653303}
{"docno": "S6231a821-A41e4a8a6", "score": 29.022828377459376}
{"docno": "S79e24979-Aa56eea99", "score": 28.968866410658634}
{"docno": "S8b859a7-Aeab99013", "score": 28.80317832225842}
{"docno": "S40e4b6f7-A720f5c68", "score": 28.710856121469945}
{"docno": "S819bc15b-A87af54ff", "score": 28.589162014601413}
{"docno": "S8b8ff60f-Aa6e00513", "score": 28.398644517144657}
{"docno": "Sd3fcb97c-Aa29e857c", "score": 28.37107872366452}
{"docno": "S87b8c230-A16ba701b", "score": 28.370343435459255}
{"docno": "Sdc68ec3e-A3574da4a", "score": 28.319999610540194}
{"docno": "Scdf789bc-Ae359f02b", "score": 28.214171820836206}
{"docno": "Seda04888-A81bef4d7", "score": 28.098149609751253}
{"docno": "S657ed6a0-Acb78d40a", "score": 27.95901732338512}
{"docno": "S87b8c230-A8936fc22", "score": 27.891629784892835}
{"docno": "S893155f6-A321ace15", "score": 27.85027316296902}
{"docno": "Seec21427-Ae7e5b3e6", "score": 27.715928129370567}
{"docno": "Sd3fcb97c-Abb91ab8f", "score": 27.71331156358886}
{"docno": "Sd9e092bc-Ab709f805", "score": 27.704573899580822}
{"docno": "S1acb616e-Aac60cc20", "score": 27.635606501667876}
{"docno": "S86fca3d4-A539b2d72", "score": 27.424324921707353}
{"docno": "Sb4affe28-A2d1b66a6", "score": 27.293517187485318}
{"docno": "S89fd39b5-Ac5a76507", "score": 27.154521744272543}
{"docno": "Se5ccda7-A9e10dca0", "score": 27.044524135269548}
{"docno": "S87b8c230-A9e10dca0", "score": 27.044524135269548}
{"docno": "Seec21427-Ab70c799d", "score": 27.02701001536177}
{"docno": "Sd3fcb99b-Aab69d4af", "score": 27.022463311746048}
{"docno": "S59d1f83c-A5b6191a7", "score": 26.99228872132648}
{"docno": "S90bdd46c-Adcc6e051", "score": 26.882372447078595}
{"docno": "S21af0c6a-Ab0c96fed", "score": 26.80348724398967}
{"docno": "Sd9c294ad-A4396aad1", "score": 26.712961760599924}
{"docno": "Sae9c57ab-A7f34614f", "score": 26.689229955986498}
{"docno": "S4ac9891f-A7de33832", "score": 26.689229955986498}
{"docno": "Scb307ee3-A70174e1d", "score": 26.565407580329747}
{"docno": "Sf3406593-A7a49a159", "score": 26.50483851023854}
{"docno": "Se3b7cf32-A1effdd3c", "score": 26.498057844046222}
{"docno": "S9dfd7dc-Af6d14320", "score": 26.49350248529384}
{"docno": "S4291ee7-Ae3a29722", "score": 26.464498039669813}
{"docno": "S4f2bd943-Abb0f9a83", "score": 26.41782335653525}
{"docno": "Sd7c339a6-A8f5e1583", "score": 26.390165271354732}
{"docno": "S7c8b175c-Ace723459", "score": 26.346412945316874}
{"docno": "S4291ec8-A11c9ac8f", "score": 26.322504973224337}
{"docno": "S4291ee7-A11c9ac8f", "score": 26.322504973224337}
{"docno": "S7ce7243f-Ad4c4f356", "score": 26.297636174765387}
{"docno": "S90bdd46c-A291a5d3", "score": 26.276984227094548}
{"docno": "S74e915ac-A9b3bf5f8", "score": 26.20530827493739}
{"docno": "Saca376a0-A312e7271", "score": 26.133881569313893}
{"docno": "S58da0abd-Af3edef88", "score": 26.132895846584766}
{"docno": "S2bdac55a-Af9835cec", "score": 25.91661253040416}
{"docno": "S3e291606-A65141fa5", "score": 25.638936383254652}
{"docno": "S2d0fc75c-A2dbfa52e", "score": 25.597694335274173}
{"docno": "S37c282ea-A1238bad1", "score": 25.597639037879446}
{"docno": "S146d5b6c-A85811354", "score": 25.59552691724442}
{"docno": "S1cac962b-A1ae9fdb1", "score": 25.54997017853049}
{"docno": "S92816c1a-Ae5e523db", "score": 25.51159983796901}
{"docno": "S74e91666-A3a94c1d3", "score": 25.506220663142646}
{"docno": "S447b51d1-A40a7e2ff", "score": 25.493756493657997}
{"docno": "S174daa99-A6923aa79", "score": 25.24513150973332}
{"docno": "S74e915ac-Acf8c95cc", "score": 25.156129513695454}
{"docno": "Sd9e092bc-A4bf54c17", "score": 25.144559750650878}
{"docno": "S14b9fbe0-A450062a7", "score": 25.000112065799833}
{"docno": "Sdc68ec3e-Aa05871ec", "score": 24.872429809609724}
{"docno": "S58da0adc-A7b08659f", "score": 24.763720955421306}
{"docno": "S575d733a-Ad6a5af95", "score": 24.738460774573053}
{"docno": "S40e4b6f7-Aa10248d3", "score": 24.60358940367017}
{"docno": "Sf6df37b-Ab9c347ee", "score": 24.593442345134704}
{"docno": "S68c97443-A1ab28ad5", "score": 24.58774105841087}
{"docno": "Sfe4bca00-A828995bc", "score": 24.506910339621236}
{"docno": "Sd3fcb9ba-A731f79c9", "score": 24.45729985537011}
{"type": "toggleArgument", "timestamp": "2025-06-26T12:59:52.166Z", "sessionID": "d0c3eafd-4a82-48ed-b1e4-dfa40a6da2e8", "rank": "1", "doc": "S4ab35585-Abf82dc54", "action": "expand", "doclen": 501, "score": 20.250390564329166}
{"type": "toggleArgument", "timestamp": "2025-06-26T13:00:13.694Z", "sessionID": "d0c3eafd-4a82-48ed-b1e4-dfa40a6da2e8", "rank": "4", "doc": "S86fcaef8-A6f5fad27", "action": "expand", "doclen": 646, "score": 20.778780012836712}
{"type": "toggleArgument", "timestamp": "2025-06-26T13:00:44.286Z", "sessionID": "d0c3eafd-4a82-48ed-b1e4-dfa40a6da2e8", "rank": "6", "doc": "Seec21427-Ab61404e", "action": "expand", "doclen": 1394, "score": 19.6875453429801}
{"type": "StanceClicked", "timestamp": "2025-06-26T13:01:09.255Z", "sessionID": "d0c3eafd-4a82-48ed-b1e4-dfa40a6da2e8", "rank": "6", "stance": "pro", "action": "chooseStance", "doc": "Seec21427-Ab61404e", "doclen": 1394, "score": 19.6875453429801}
{"type": "ClickedEndTask", "timestamp": "2025-06-26T13:01:11.471Z", "sessionID": "d0c3eafd-4a82-48ed-b1e4-dfa40a6da2e8"}
{"type": "TaskEndConfirmed", "timestamp": "2025-06-26T13:01:16.814Z", "sessionID": "d0c3eafd-4a82-48ed-b1e4-dfa40a6da2e8"}
{"type": "TaskEnded", "timestamp": "2025-06-26T13:01:36.703Z", "sessionID": "d0c3eafd-4a82-48ed-b1e4-dfa40a6da2e8", "reason": "Topic 9\nTime was up", "translated_reason": "Topic 9\nTime was up"}
