{"type": "idSubmitted", "timestamp": "2025-06-26T10:53:09.190Z", "sessionID": "2c5cd1e2-6312-4bc7-bb65-0ebfe75d8778", "uid": "Participant39"}
{"type": "idSubmitted", "timestamp": "2025-06-26T10:53:34.406Z", "sessionID": "2c5cd1e2-6312-4bc7-bb65-0ebfe75d8778", "uid": "Participant39"}
{"type": "TaskStarted", "timestamp": "2025-06-26T10:53:39.493Z", "sessionID": "2c5cd1e2-6312-4bc7-bb65-0ebfe75d8778", "task": "1", "uid": "Participant43", "topic": "Should performance-enhancing drugs be accepted in sports?"}
{"type": "queryBoxFocused", "timestamp": "2025-06-26T10:53:42.368Z", "sessionID": "2c5cd1e2-6312-4bc7-bb65-0ebfe75d8778"}
{"type": "querySubmitted", "timestamp": "2025-06-26T10:54:56.766Z", "sessionID": "2c5cd1e2-6312-4bc7-bb65-0ebfe75d8778", "query": "performance enhancing drug"}
{"docno": "S87b43e8a-A38ded627", "score": 34.20649257440647}
{"docno": "S1cbf91f8-A1d8d67df", "score": 31.775988616458154}
{"docno": "S87b43e8a-A2ddb9615", "score": 31.178069236815844}
{"docno": "Sffd45b01-Ab80af398", "score": 30.732077159044458}
{"docno": "S6143b928-Af425e90f", "score": 29.851972613820735}
{"docno": "Sac709939-A271ae36a", "score": 29.78142016400856}
{"docno": "Sffd45b01-Ade1d2d03", "score": 29.7123740355746}
{"docno": "Sdfa0f2e4-A80d3f11e", "score": 29.457367872294377}
{"docno": "S6143b928-Ac7b59d94", "score": 29.456440523080232}
{"docno": "Sad998274-A271df109", "score": 29.41439159376312}
{"docno": "S1109cf85-A376b5598", "score": 29.04726461601002}
{"docno": "S6143b928-A54754041", "score": 28.726167179805763}
{"docno": "Sadd356d0-A697e260", "score": 28.718887730959874}
{"docno": "Sac709939-Ac3ba7a1a", "score": 28.014984114755045}
{"docno": "S1cbf91f8-Ae1e11f42", "score": 27.859903463498373}
{"docno": "S1cbf91f8-A9eb1b705", "score": 27.69115736275352}
{"docno": "Sffd45b01-Af092a5a8", "score": 27.668885266755023}
{"docno": "Sdc7efda-A50418ec6", "score": 27.64572920976103}
{"docno": "Sfd2a6336-Afba8851b", "score": 27.611542636429}
{"docno": "Sffe83842-A3787fc81", "score": 27.51157944806406}
{"docno": "S5cb32e8d-Abf12d390", "score": 27.267348790099458}
{"docno": "S1cbf91f8-Af6a2991f", "score": 27.022518745938275}
{"docno": "S1c1c7401-Ab09e3d15", "score": 27.006741644248578}
{"docno": "S5d238bd8-A6bc96468", "score": 26.965298767662148}
{"docno": "S6143b928-A1e1655ee", "score": 26.128575415066443}
{"docno": "S98d8337d-A4f17f9b6", "score": 25.490201506095836}
{"docno": "S6143b928-A9e643f73", "score": 25.213289667753017}
{"docno": "S6143b928-A89d148c6", "score": 25.032280105964972}
{"docno": "Sdc7efda-A16e36ee8", "score": 24.959452507449}
{"docno": "S440ada50-Ab9ad2610", "score": 23.699317493084514}
{"docno": "Sde10c9ca-A4f3d6973", "score": 23.530792035156452}
{"docno": "Sc9c4e300-A5def1bff", "score": 23.508809663871354}
{"docno": "S3a5d6f0-Ae39398d5", "score": 23.189056490767065}
{"docno": "S3a5d6f0-A33a9ef1f", "score": 22.893805966647843}
{"docno": "Sffe83842-Ae682c5e0", "score": 22.655063430624367}
{"docno": "S6143b928-Aa48bf37d", "score": 22.542930526692672}
{"docno": "S8868e5d6-A2079b15e", "score": 22.463616331878434}
{"docno": "S6143b928-Aa4d8cb9", "score": 21.801501375981687}
{"docno": "S6143b928-Aa5563000", "score": 21.07847130864716}
{"docno": "S5d238bd8-A27d183a3", "score": 20.627610052551574}
{"docno": "S7dc30001-A2f4d943f", "score": 20.457368181544215}
{"docno": "S6143b928-A3779e6b1", "score": 20.43120106302046}
{"docno": "Safc1d41b-A4cc1d34a", "score": 20.232822667481003}
{"docno": "Sfc4fa3b4-A774796a5", "score": 20.14336664302451}
{"docno": "S1109cf85-Ad088bdf2", "score": 19.487981063742176}
{"docno": "S22c0034a-Afd699393", "score": 19.48162017854033}
{"docno": "Sde10c9ca-A847720d5", "score": 19.43030541287392}
{"docno": "S98d8337d-A75c97bf9", "score": 19.291531708047934}
{"docno": "S24d3de67-A95247edc", "score": 19.222584128933264}
{"docno": "S5ef4ba1a-Aa42ef235", "score": 19.175941369231253}
{"docno": "S46ffef62-A29579cd8", "score": 19.12038012788431}
{"docno": "S68019420-A30a2bbd4", "score": 18.93253072992373}
{"docno": "Se8bee87e-A7399815e", "score": 18.85279382820488}
{"docno": "Sac709939-Aaa3c9db4", "score": 18.695365044974416}
{"docno": "S499b0dcf-Ac6c726fe", "score": 18.436602594232568}
{"docno": "S5cb32e8d-A23d21cbf", "score": 18.38844230082975}
{"docno": "S8609a756-Addfeb1ac", "score": 18.340277024302722}
{"docno": "Scb2b7396-A24426c5e", "score": 18.09165412706232}
{"docno": "Sbf133c3b-A7bec97c8", "score": 17.922177718796455}
{"docno": "Sc297a6b3-A46eb9fd3", "score": 17.805146560704912}
{"docno": "S4b857259-Af79a2c34", "score": 17.75972107393098}
{"docno": "S370f00ff-Ad5ea8cd6", "score": 17.756856092044046}
{"docno": "S6143b928-Ab0506b44", "score": 17.7081045051482}
{"docno": "S5d238bd8-Ae6d4c939", "score": 17.433769926140535}
{"docno": "Seac827cc-A3613b826", "score": 17.286382676136757}
{"docno": "S7b8b69bb-A4edfef9c", "score": 17.220683560654308}
{"docno": "S6cf56bc9-Ad883fc48", "score": 17.071123498764255}
{"docno": "S698c4d0e-Ab2cccd5c", "score": 16.953897492899298}
{"docno": "S117d2319-Ac4bea3a9", "score": 16.944405802164013}
{"docno": "S4753e344-A6c6c009e", "score": 16.837620432352654}
{"docno": "S144bc519-A8da16fda", "score": 16.729047042134905}
{"docno": "S8d812949-Aa62ac5da", "score": 16.62186490014514}
{"docno": "S13e81a9c-A1be0dce5", "score": 16.49010695913038}
{"docno": "S49398667-A6c476250", "score": 16.384003811807}
{"docno": "S6143b928-A4809aff", "score": 16.33619514046481}
{"docno": "Sf9861c02-A6d9623c1", "score": 16.261390703075918}
{"docno": "Sa56a8385-A542bbf26", "score": 16.143842327028665}
{"docno": "Sae9b7ec5-Ad78fd7eb", "score": 16.048566431185012}
{"docno": "Sffe83842-A80753db4", "score": 15.991094467580993}
{"docno": "Sfc90616d-Aa81380f1", "score": 15.939696538514243}
{"docno": "S2c397b27-Af8966adb", "score": 15.932630532562726}
{"docno": "S40ff981c-A1d50896", "score": 15.805781553541916}
{"docno": "S40ff97fd-A1d50896", "score": 15.805781553541916}
{"docno": "Se0fc61c0-A5e17064c", "score": 15.625526337801524}
{"docno": "Sf9861c02-A14bc101c", "score": 15.55611275383626}
{"docno": "S4753e344-Ac5d77b04", "score": 15.52753931687474}
{"docno": "Sec5a2259-A47a9cbf6", "score": 15.459529128963677}
{"docno": "S8b2982b4-A8f723030", "score": 15.411561766040531}
{"docno": "S6a9cc0cb-Ab07a45b3", "score": 15.388966987746468}
{"docno": "S3a5d6f0-Aa583dc76", "score": 15.36296624637487}
{"docno": "S49398667-A56af63c", "score": 15.343931867714861}
{"docno": "S46ffef62-A867d5adb", "score": 15.232816035959331}
{"docno": "Se7c8515a-A1494dcb2", "score": 15.214341584151402}
{"docno": "S14b9fbe0-Ab147abe6", "score": 15.051783881559997}
{"docno": "S2c2c9a3a-A91906739", "score": 14.993399415638146}
{"docno": "S1e4b352a-Afc6879f7", "score": 14.911631854220413}
{"docno": "Sf1ea4b4-A8fa411a4", "score": 14.883611278690644}
{"docno": "S40f19507-A52d56489", "score": 14.818035498751795}
{"docno": "S61bc36ea-A8251941d", "score": 14.784046258316643}
{"docno": "S2d0fc75c-Ac6754b81", "score": 14.709465998215629}
{"type": "toggleArgument", "timestamp": "2025-06-26T10:55:07.942Z", "sessionID": "2c5cd1e2-6312-4bc7-bb65-0ebfe75d8778", "rank": "2", "doc": "S1cbf91f8-A1d8d67df", "action": "expand", "doclen": 1696, "score": 17.860375150439353}
{"type": "StanceClicked", "timestamp": "2025-06-26T10:56:17.830Z", "sessionID": "2c5cd1e2-6312-4bc7-bb65-0ebfe75d8778", "rank": "2", "stance": "con", "action": "chooseStance", "doc": "S1cbf91f8-A1d8d67df", "doclen": 1696, "score": 17.860375150439353}
{"type": "toggleArgument", "timestamp": "2025-06-26T10:56:37.541Z", "sessionID": "2c5cd1e2-6312-4bc7-bb65-0ebfe75d8778", "rank": "5", "doc": "S6143b928-Af425e90f", "action": "expand", "doclen": 360, "score": 29.851972613820735}
{"type": "toggleArgument", "timestamp": "2025-06-26T10:56:48.455Z", "sessionID": "2c5cd1e2-6312-4bc7-bb65-0ebfe75d8778", "rank": "6", "doc": "Sac709939-A271ae36a", "action": "expand", "doclen": 1586, "score": 18.02235455462331}
{"type": "StanceClicked", "timestamp": "2025-06-26T10:58:17.682Z", "sessionID": "2c5cd1e2-6312-4bc7-bb65-0ebfe75d8778", "rank": "6", "stance": "pro", "action": "chooseStance", "doc": "Sac709939-A271ae36a", "doclen": 1586, "score": 18.02235455462331}
{"type": "toggleArgument", "timestamp": "2025-06-26T10:58:18.601Z", "sessionID": "2c5cd1e2-6312-4bc7-bb65-0ebfe75d8778", "rank": "6", "doc": "Sac709939-A271ae36a", "action": "reduce", "doclen": 1586, "score": 18.02235455462331}
{"type": "StanceClicked", "timestamp": "2025-06-26T10:58:28.018Z", "sessionID": "2c5cd1e2-6312-4bc7-bb65-0ebfe75d8778", "rank": "7", "stance": "con", "action": "chooseStance", "doc": "Sffd45b01-Ade1d2d03", "doclen": 565, "score": 29.7123740355746}
{"type": "toggleArgument", "timestamp": "2025-06-26T10:58:38.122Z", "sessionID": "2c5cd1e2-6312-4bc7-bb65-0ebfe75d8778", "rank": "8", "doc": "Sdfa0f2e4-A80d3f11e", "action": "expand", "doclen": 108, "score": 29.457367872294377}
{"type": "toggleArgument", "timestamp": "2025-06-26T10:58:38.881Z", "sessionID": "2c5cd1e2-6312-4bc7-bb65-0ebfe75d8778", "rank": "8", "doc": "Sdfa0f2e4-A80d3f11e", "action": "reduce", "doclen": 108, "score": 29.457367872294377}
{"type": "toggleArgument", "timestamp": "2025-06-26T10:58:39.233Z", "sessionID": "2c5cd1e2-6312-4bc7-bb65-0ebfe75d8778", "rank": "8", "doc": "Sdfa0f2e4-A80d3f11e", "action": "expand", "doclen": 108, "score": 29.457367872294377}
{"type": "toggleArgument", "timestamp": "2025-06-26T10:58:39.529Z", "sessionID": "2c5cd1e2-6312-4bc7-bb65-0ebfe75d8778", "rank": "8", "doc": "Sdfa0f2e4-A80d3f11e", "action": "reduce", "doclen": 108, "score": 29.457367872294377}
{"type": "toggleArgument", "timestamp": "2025-06-26T10:58:39.673Z", "sessionID": "2c5cd1e2-6312-4bc7-bb65-0ebfe75d8778", "rank": "8", "doc": "Sdfa0f2e4-A80d3f11e", "action": "expand", "doclen": 108, "score": 29.457367872294377}
{"type": "toggleArgument", "timestamp": "2025-06-26T10:58:39.937Z", "sessionID": "2c5cd1e2-6312-4bc7-bb65-0ebfe75d8778", "rank": "8", "doc": "Sdfa0f2e4-A80d3f11e", "action": "reduce", "doclen": 108, "score": 29.457367872294377}
{"type": "StanceClicked", "timestamp": "2025-06-26T10:58:41.082Z", "sessionID": "2c5cd1e2-6312-4bc7-bb65-0ebfe75d8778", "rank": "8", "stance": "pro", "action": "chooseStance", "doc": "Sdfa0f2e4-A80d3f11e", "doclen": 108, "score": 29.457367872294377}
{"type": "StanceClicked", "timestamp": "2025-06-26T10:58:57.189Z", "sessionID": "2c5cd1e2-6312-4bc7-bb65-0ebfe75d8778", "rank": "9", "stance": "pro", "action": "chooseStance", "doc": "S6143b928-Ac7b59d94", "doclen": 1043, "score": 29.456440523080232}
{"type": "toggleArgument", "timestamp": "2025-06-26T10:59:19.180Z", "sessionID": "2c5cd1e2-6312-4bc7-bb65-0ebfe75d8778", "rank": "10", "doc": "Sad998274-A271df109", "action": "expand", "doclen": 1408, "score": 19.37430144165561}
{"type": "queryBoxFocused", "timestamp": "2025-06-26T11:00:19.895Z", "sessionID": "2c5cd1e2-6312-4bc7-bb65-0ebfe75d8778"}
{"type": "queryBoxFocused", "timestamp": "2025-06-26T11:00:34.367Z", "sessionID": "2c5cd1e2-6312-4bc7-bb65-0ebfe75d8778"}
{"type": "querySubmitted", "timestamp": "2025-06-26T11:00:40.191Z", "sessionID": "2c5cd1e2-6312-4bc7-bb65-0ebfe75d8778", "query": "performance-enhancing drugs in sport"}
{"docno": "S6143b928-A6b9d8811", "score": 23.348402440735534}
{"docno": "Sbb621258-A447412f", "score": 22.429198009033694}
{"docno": "Sf5b0db6a-Aff212c1f", "score": 20.458264751048432}
{"docno": "S44db19b-Aab2d1b2f", "score": 20.121107916714287}
{"docno": "Sb92c7df0-A97aa8dfa", "score": 19.603943778966652}
{"docno": "Sf5b0db6a-Ac1583031", "score": 19.24958462080146}
{"docno": "Sad998274-A6656c64", "score": 19.19997887439702}
{"docno": "S18fd4547-Ab6aab0d2", "score": 18.808465848262504}
{"docno": "Se9b63a9a-Abe55e800", "score": 18.779813369946208}
{"docno": "S18fd4547-A29432e96", "score": 18.480556209968878}
{"docno": "S18fd4547-A99a33bf3", "score": 18.435336828218546}
{"docno": "S54792661-A236fddf0", "score": 18.11756311093996}
{"docno": "Scc0b197d-A2fe8ac11", "score": 17.715314725263703}
{"docno": "S3e1ad519-A94e6703d", "score": 17.564928051392656}
{"docno": "S5ff35ceb-Ac2144e", "score": 17.49062558175804}
{"docno": "S87b43e8a-Ae0961456", "score": 17.313285987819278}
{"docno": "Sbb7b9e0f-A51cc0edc", "score": 17.287985825064194}
{"docno": "S5ddca51f-Adf3fe654", "score": 17.28674676329583}
{"docno": "S14c97916-A9c733f74", "score": 17.17969783428032}
{"docno": "S5ddca51f-A30ca5db9", "score": 17.0934051576184}
{"docno": "Se9b63a9a-A9001443d", "score": 17.042722830803392}
{"docno": "S5ddca51f-Ad5486377", "score": 17.028923927553166}
{"docno": "Sa9510197-A298c77bf", "score": 17.012608852316134}
{"docno": "Sa81751a9-A41fd1022", "score": 16.990702880981566}
{"docno": "Sbb7b9e0f-A77229037", "score": 16.910325490687754}
{"docno": "S3b723cb2-A6b2ea9f5", "score": 16.772487234092686}
{"docno": "S3b723cb2-Ab6b096b5", "score": 16.75413432390273}
{"docno": "S6c7956fa-Aa4fdd96d", "score": 16.745947443153714}
{"docno": "S3bad8f8-Ad091873b", "score": 16.537134528689812}
{"docno": "S6fc6b895-A695b9558", "score": 16.51730749702837}
{"docno": "S54792661-A4fa3fee2", "score": 16.50410680973446}
{"docno": "S7cea5ee7-A465ba032", "score": 16.5028728216681}
{"docno": "Sdf18134f-A119eb53", "score": 16.467288983212967}
{"docno": "Se0aece74-A98c3fdf1", "score": 16.403231105806356}
{"docno": "S8b1ecb36-Ab8cbf53b", "score": 16.390329957010646}
{"docno": "S1acaa7cf-Aba56bc53", "score": 16.387291142653556}
{"docno": "Sd4cf84c8-Ae32a328", "score": 16.381775281460538}
{"docno": "Sd4cf84c8-A840e59f4", "score": 16.28356984234528}
{"docno": "Sf9861c02-A6d9623c1", "score": 16.261390703075918}
{"docno": "Sa81751a9-A7e1eb73c", "score": 16.1521886630037}
{"docno": "Sa56a8385-A542bbf26", "score": 16.143842327028665}
{"docno": "S414e4d8a-A270215e4", "score": 16.13662519898471}
{"docno": "S68e6178d-Aaaa383f7", "score": 16.06932670671753}
{"docno": "Sbb7b9e0f-A5f442d19", "score": 16.042933510142042}
{"docno": "S18fd4547-Abea90638", "score": 16.026022595897764}
{"docno": "Se476977-Aff4d62b1", "score": 15.980509301436296}
{"docno": "S66b6583e-A2948b86d", "score": 15.934836834256703}
{"docno": "S6b1404b6-A482bb169", "score": 15.823156744861526}
{"docno": "Sf84db23d-Ac76003ea", "score": 15.765409682369722}
{"docno": "Se2a520e8-A1111e703", "score": 15.756935577102526}
{"docno": "S3bbff083-A4b7c610b", "score": 15.681909133945126}
{"docno": "Sf9861c02-A14bc101c", "score": 15.55611275383626}
{"docno": "S8b1ecb36-A91343726", "score": 15.553359908253636}
{"docno": "S683560ad-A30277bbb", "score": 15.52308467375742}
{"docno": "S5da59615-Aab965d50", "score": 15.49244991987786}
{"docno": "Sec5a2259-A47a9cbf6", "score": 15.459529128963677}
{"docno": "Scfde127a-Ab3de7fa3", "score": 15.418258892840747}
{"docno": "S567387b-A4e34762d", "score": 15.393265085418399}
{"docno": "S17a6e6e7-A5eacd26c", "score": 15.346751760195644}
{"docno": "S7acefaa0-A8426224c", "score": 15.329700157621794}
{"docno": "S899b8f0a-Ae5110211", "score": 15.294614822806189}
{"docno": "S4e2a557f-Ab02298fc", "score": 15.250023117066586}
{"docno": "Se7c8515a-A1494dcb2", "score": 15.214341584151402}
{"docno": "S26f1a2c3-Aaf03082e", "score": 15.203692379975905}
{"docno": "S4658246-A75d949be", "score": 15.183806310092336}
{"docno": "S6143b928-A4827cac2", "score": 15.112381742062642}
{"docno": "Saf2a5142-Ab4c517d0", "score": 15.077854237291774}
{"docno": "Sc8d9002d-A506c87a5", "score": 15.063813870232357}
{"docno": "S58791dc3-Aa016b880", "score": 15.036907717968349}
{"docno": "S698c4d0e-Aa4bd11bc", "score": 15.027160876164984}
{"docno": "S2831ac87-Ae6f91d08", "score": 14.992974884423127}
{"docno": "S19bc7160-Af2adc353", "score": 14.981678382381066}
{"docno": "Sd38a910d-A3cdfed21", "score": 14.972849927440379}
{"docno": "S8a2f8dc8-A49279cc1", "score": 14.961853600935324}
{"docno": "Sc2987ed8-A16aa75f", "score": 14.93433943728171}
{"docno": "S1e4b352a-Afc6879f7", "score": 14.911631854220413}
{"docno": "Sf1ea4b4-A8fa411a4", "score": 14.883611278690644}
{"docno": "Sa81751a9-A282a4d74", "score": 14.875837823545705}
{"docno": "S90f04eb0-A506169a6", "score": 14.868890586574436}
{"docno": "Sbd14a941-A63bf1f49", "score": 14.85088948385044}
{"docno": "S44db19b-A76c625d4", "score": 14.843272905679036}
{"docno": "S61bc36ea-A8251941d", "score": 14.784046258316643}
{"docno": "S2d0fc75c-Ac6754b81", "score": 14.709465998215629}
{"docno": "Sffe83842-A6bc6120f", "score": 14.704623668853372}
{"docno": "S1f6a3f53-A323c4afc", "score": 14.695719898579355}
{"docno": "S5e7364b2-A26dc5dd2", "score": 14.67495709548011}
{"docno": "S1979edab-A60c7d3ac", "score": 14.58160883241748}
{"docno": "S4e63160a-A8a6e3d2a", "score": 14.550137056258347}
{"docno": "S703f21a3-A534bb3f4", "score": 14.468785098141392}
{"docno": "S8a2f8dc8-A23ed27aa", "score": 14.428606844646373}
{"docno": "Sf1ea4b4-Aa6494ec1", "score": 14.401241098776417}
{"docno": "S395c6156-A306b6cb7", "score": 14.39355676031795}
{"docno": "S395c6175-A56d9d086", "score": 14.39355676031795}
{"docno": "S8103a5f9-Adb03b5dd", "score": 14.388892713968762}
{"docno": "Sf1ea4b4-A4922ac90", "score": 14.380039699515073}
{"docno": "S197ac9b-Adee41239", "score": 14.370798335834584}
{"docno": "S703f225d-A8eaddf27", "score": 14.341937332553336}
{"docno": "Se084b6c5-Ae8de3825", "score": 14.318411449964824}
{"docno": "Sf8a86b1-A77e6fce2", "score": 14.283287759409873}
{"docno": "S54792661-A33c7a950", "score": 14.262323067618926}
{"type": "toggleArgument", "timestamp": "2025-06-26T11:00:43.706Z", "sessionID": "2c5cd1e2-6312-4bc7-bb65-0ebfe75d8778", "rank": "1", "doc": "Sad998274-A271df109", "action": "expand", "doclen": 1408, "score": 19.37430144165561}
{"type": "toggleArgument", "timestamp": "2025-06-26T11:01:10.954Z", "sessionID": "2c5cd1e2-6312-4bc7-bb65-0ebfe75d8778", "rank": "2", "doc": "Sf5b0db6a-Ac1583031", "action": "expand", "doclen": 788, "score": 19.24958462080146}
{"type": "StanceClicked", "timestamp": "2025-06-26T11:01:12.586Z", "sessionID": "2c5cd1e2-6312-4bc7-bb65-0ebfe75d8778", "rank": "2", "stance": "con", "action": "chooseStance", "doc": "Sf5b0db6a-Ac1583031", "doclen": 788, "score": 19.24958462080146}
{"type": "toggleArgument", "timestamp": "2025-06-26T11:01:19.442Z", "sessionID": "2c5cd1e2-6312-4bc7-bb65-0ebfe75d8778", "rank": "3", "doc": "Sad998274-A6656c64", "action": "expand", "doclen": 1062, "score": 19.19997887439702}
{"type": "StanceClicked", "timestamp": "2025-06-26T11:01:49.700Z", "sessionID": "2c5cd1e2-6312-4bc7-bb65-0ebfe75d8778", "rank": "5", "stance": "con", "action": "chooseStance", "doc": "Sac709939-Ac3ba7a1a", "doclen": 2361, "score": 17.91662011020793}
{"type": "toggleArgument", "timestamp": "2025-06-26T11:02:17.852Z", "sessionID": "2c5cd1e2-6312-4bc7-bb65-0ebfe75d8778", "rank": "8", "doc": "Sfd2a6336-Afba8851b", "action": "expand", "doclen": 366, "score": 17.37878549887061}
{"type": "StanceClicked", "timestamp": "2025-06-26T11:02:36.972Z", "sessionID": "2c5cd1e2-6312-4bc7-bb65-0ebfe75d8778", "rank": "8", "stance": "pro", "action": "chooseStance", "doc": "Sfd2a6336-Afba8851b", "doclen": 366, "score": 17.37878549887061}
{"type": "toggleArgument", "timestamp": "2025-06-26T11:02:52.933Z", "sessionID": "2c5cd1e2-6312-4bc7-bb65-0ebfe75d8778", "rank": "9", "doc": "S87b43e8a-Ae0961456", "action": "expand", "doclen": 495, "score": 17.313285987819278}
{"type": "toggleArgument", "timestamp": "2025-06-26T11:03:04.285Z", "sessionID": "2c5cd1e2-6312-4bc7-bb65-0ebfe75d8778", "rank": "10", "doc": "Sbb7b9e0f-A51cc0edc", "action": "expand", "doclen": 266, "score": 17.287985825064194}
{"type": "pageNavigationClicked", "timestamp": "2025-06-26T11:03:08.645Z", "sessionID": "2c5cd1e2-6312-4bc7-bb65-0ebfe75d8778", "clicked": "2", "fromPage": 1, "toPage": 2}
{"type": "toggleArgument", "timestamp": "2025-06-26T11:03:52.126Z", "sessionID": "2c5cd1e2-6312-4bc7-bb65-0ebfe75d8778", "rank": "14", "doc": "S87b43e8a-A2ddb9615", "action": "expand", "doclen": 534, "score": 17.113918936798854}
{"type": "StanceClicked", "timestamp": "2025-06-26T11:04:07.703Z", "sessionID": "2c5cd1e2-6312-4bc7-bb65-0ebfe75d8778", "rank": "14", "stance": "con", "action": "chooseStance", "doc": "S87b43e8a-A2ddb9615", "doclen": 534, "score": 17.113918936798854}
{"type": "StanceClicked", "timestamp": "2025-06-26T11:04:18.078Z", "sessionID": "2c5cd1e2-6312-4bc7-bb65-0ebfe75d8778", "rank": "15", "stance": "pro", "action": "chooseStance", "doc": "S1cbf91f8-A9eb1b705", "doclen": 302, "score": 17.08786441935518}
{"type": "StanceClicked", "timestamp": "2025-06-26T11:04:19.190Z", "sessionID": "2c5cd1e2-6312-4bc7-bb65-0ebfe75d8778", "rank": "15", "stance": "con", "action": "chooseStance", "doc": "S1cbf91f8-A9eb1b705", "doclen": 302, "score": 17.08786441935518}
{"type": "StanceClicked", "timestamp": "2025-06-26T11:04:24.486Z", "sessionID": "2c5cd1e2-6312-4bc7-bb65-0ebfe75d8778", "rank": "14", "stance": "pro", "action": "chooseStance", "doc": "S87b43e8a-A2ddb9615", "doclen": 534, "score": 17.113918936798854}
{"type": "StanceClicked", "timestamp": "2025-06-26T11:04:29.438Z", "sessionID": "2c5cd1e2-6312-4bc7-bb65-0ebfe75d8778", "rank": "14", "stance": "pro", "action": "removeStance", "doc": "S87b43e8a-A2ddb9615", "doclen": 534, "score": 17.113918936798854}
{"type": "toggleArgument", "timestamp": "2025-06-26T11:04:40.502Z", "sessionID": "2c5cd1e2-6312-4bc7-bb65-0ebfe75d8778", "rank": "16", "doc": "S6143b928-Aa4d8cb9", "action": "expand", "doclen": 815, "score": 17.024426038297435}
{"type": "StanceClicked", "timestamp": "2025-06-26T11:04:53.215Z", "sessionID": "2c5cd1e2-6312-4bc7-bb65-0ebfe75d8778", "rank": "16", "stance": "pro", "action": "chooseStance", "doc": "S6143b928-Aa4d8cb9", "doclen": 815, "score": 17.024426038297435}
{"type": "StanceClicked", "timestamp": "2025-06-26T11:05:27.775Z", "sessionID": "2c5cd1e2-6312-4bc7-bb65-0ebfe75d8778", "rank": "19", "stance": "con", "action": "chooseStance", "doc": "S6a9cc0cb-Ab07a45b3", "doclen": 649, "score": 16.867971971693038}
{"type": "StanceClicked", "timestamp": "2025-06-26T11:05:30.768Z", "sessionID": "2c5cd1e2-6312-4bc7-bb65-0ebfe75d8778", "rank": "20", "stance": "con", "action": "chooseStance", "doc": "S1c1c7401-Ab09e3d15", "doclen": 399, "score": 16.701963687790236}
{"type": "pageNavigationClicked", "timestamp": "2025-06-26T11:05:32.223Z", "sessionID": "2c5cd1e2-6312-4bc7-bb65-0ebfe75d8778", "clicked": "3", "fromPage": 2, "toPage": 3}
{"type": "ClickedEndTask", "timestamp": "2025-06-26T11:05:39.551Z", "sessionID": "2c5cd1e2-6312-4bc7-bb65-0ebfe75d8778"}
{"type": "TaskEndConfirmed", "timestamp": "2025-06-26T11:05:50.401Z", "sessionID": "2c5cd1e2-6312-4bc7-bb65-0ebfe75d8778"}
{"type": "TaskEnded", "timestamp": "2025-06-26T11:05:56.456Z", "sessionID": "2c5cd1e2-6312-4bc7-bb65-0ebfe75d8778", "reason": "time limit", "translated_reason": "Time limit"}
