{"type": "TaskStarted", "timestamp": "2025-06-26T11:06:27.584Z", "sessionID": "0b358b57-f549-470a-8ffd-a476b72d84d6", "task": "2", "uid": "Participant39", "topic": "Should the penny/cent stay in circulation?"}
{"type": "queryBoxFocused", "timestamp": "2025-06-26T11:06:28.665Z", "sessionID": "0b358b57-f549-470a-8ffd-a476b72d84d6"}
{"type": "queryBoxFocused", "timestamp": "2025-06-26T11:06:38.649Z", "sessionID": "0b358b57-f549-470a-8ffd-a476b72d84d6"}
{"type": "querySubmitted", "timestamp": "2025-06-26T11:06:42.209Z", "sessionID": "0b358b57-f549-470a-8ffd-a476b72d84d6", "query": "Should the penny/cent stay in circulation?"}
{"docno": "S8bcc4a46-A683b6775", "score": 41.2680760364733}
{"docno": "S3207095a-A83bd6c08", "score": 40.77554699068215}
{"docno": "S35161051-A81501437", "score": 40.280998970670595}
{"docno": "S87bd157b-A1433c3c4", "score": 38.44273098568651}
{"docno": "S8ce6be05-A7e62c8d8", "score": 36.99540279995667}
{"docno": "S261deb04-A5ed849d0", "score": 32.88906178028636}
{"docno": "S19444029-A99bfb9ca", "score": 32.401269535961006}
{"docno": "S21311659-Afe0947c5", "score": 32.397197519536135}
{"docno": "S8ce6be05-Aec61401a", "score": 32.100867699661904}
{"docno": "S922d439b-Ab101b0b4", "score": 32.09086886486605}
{"docno": "S7c26af48-A4afc389a", "score": 32.05634882989691}
{"docno": "S922d439b-A8e9355eb", "score": 31.60057314891999}
{"docno": "S652f23f4-A212f7771", "score": 31.542703000453233}
{"docno": "S8ce6be05-Ab3dc774d", "score": 31.430689053306192}
{"docno": "S953ebef5-Ab2aaac6b", "score": 31.286121261248663}
{"docno": "S2fa2d5d5-Adc5dfe71", "score": 31.152797288265724}
{"docno": "Sf143e2ae-A9058c0a1", "score": 31.152797288265724}
{"docno": "Sce686c60-A35d2b91", "score": 30.98175314921035}
{"docno": "S953ebf14-A93a5f98d", "score": 30.8302367509811}
{"docno": "S953ebf14-A523d2cf0", "score": 29.841363634253522}
{"docno": "S5461fdf6-A2f19b140", "score": 29.696412456143968}
{"docno": "S42633cc5-Abdf36238", "score": 29.624362630947974}
{"docno": "Sf143e2ae-Ad24c6ed6", "score": 29.401662367000394}
{"docno": "S141e3960-A994e8cc2", "score": 29.19539350094617}
{"docno": "Sc5a30943-Aaf14ddec", "score": 29.07983840329485}
{"docno": "S2e7d8f78-A6120a48e", "score": 29.079123934984867}
{"docno": "S953ebef5-A6609c38a", "score": 28.819380433841303}
{"docno": "S3207095a-A40bf30c", "score": 28.73144126577119}
{"docno": "S47443599-A8fc4c58f", "score": 28.526711220631693}
{"docno": "S42633cc5-A79a73ae3", "score": 28.280444073859307}
{"docno": "S35161051-Ab4db26fc", "score": 27.94369117120021}
{"docno": "S3a3f4e49-Abd5c47b6", "score": 27.590142031874684}
{"docno": "S7c26af48-Aa8f4e0ba", "score": 27.529452092994905}
{"docno": "Sab7e692e-A4ca647b2", "score": 27.4029966359481}
{"docno": "S87bd157b-A535fbc54", "score": 27.39104686417044}
{"docno": "S2fa2d5d5-A5077b1d5", "score": 27.224596226895077}
{"docno": "S652f23f4-Ae0220128", "score": 27.19820200273425}
{"docno": "S19444029-Acc7f15b2", "score": 27.026375026194096}
{"docno": "S42633cc5-Ac24ab54e", "score": 26.815608191566724}
{"docno": "Sc714f34f-A17fab670", "score": 26.524005128989216}
{"docno": "Sbb3f63e1-A1b5de0ea", "score": 26.442770275619505}
{"docno": "Sc5a30943-A56cc2aad", "score": 26.36734856689463}
{"docno": "S261deb04-A27eaea5", "score": 25.8589583450635}
{"docno": "Sbb3f63e1-Aa7a066ed", "score": 25.738577285149695}
{"docno": "S35161051-A25c4a846", "score": 25.560843523663575}
{"docno": "S2fa2d5d5-Afcfd82ba", "score": 25.13071460251814}
{"docno": "S35161051-Add27837", "score": 25.115947919796422}
{"docno": "S35161051-Abe61ebcc", "score": 24.963194157209987}
{"docno": "S2fa2d5d5-A7fcff6dc", "score": 24.133406690210585}
{"docno": "S19444029-A201b8152", "score": 23.9777736060446}
{"docno": "S540788cc-A8978d85f", "score": 23.261504896734884}
{"docno": "S2fa2d5d5-A1afd500f", "score": 22.948547017954365}
{"docno": "S42633cc5-A6cc55047", "score": 22.86144519459856}
{"docno": "S652f23f4-A6c2ea7d6", "score": 22.706162172421255}
{"docno": "S3a3f4e49-A2b4ff185", "score": 22.39284957258758}
{"docno": "S540788cc-A806939a3", "score": 20.730887137249425}
{"docno": "Sb58ff37e-Adf85a11c", "score": 20.382714336630286}
{"docno": "S64d27e41-A767f7fd2", "score": 20.06095383886582}
{"docno": "Sa0619794-A6362f453", "score": 19.96432460366637}
{"docno": "S2684c983-A21155554", "score": 19.55797791710995}
{"docno": "Se7d0961f-Aadedd973", "score": 19.11352360170265}
{"docno": "S953ebf14-A945651f8", "score": 18.72710118584365}
{"docno": "S261deb04-A5522b232", "score": 18.3668443925896}
{"docno": "S35161051-Ac727df0f", "score": 18.346003925868434}
{"docno": "S3a3f4e49-A8bcf602f", "score": 18.053394705059176}
{"docno": "S652f23f4-A5e6065bf", "score": 17.986130798394264}
{"docno": "S8bcc4a46-A3713f9f0", "score": 17.74406279649968}
{"docno": "S652f23f4-Aa80161bd", "score": 17.659996251894533}
{"docno": "Se6f6b594-A804ff687", "score": 17.641421887225192}
{"docno": "S261deb04-A5982d236", "score": 17.634520747548443}
{"docno": "Sb59a9ba7-A78b7723e", "score": 17.612757305537144}
{"docno": "S2e7d8f78-A44ca8343", "score": 17.591097362557598}
{"docno": "S261deb04-Ae0b01071", "score": 17.46737040091911}
{"docno": "S2fa2d5d5-A9d155a7f", "score": 17.417317333877293}
{"docno": "Se52fcb79-Adfc140fa", "score": 17.40064361505418}
{"docno": "S157a946c-Afd5ca711", "score": 17.23489930587855}
{"docno": "S8a961be4-A4e879707", "score": 16.970196089127313}
{"docno": "S717f527d-Ae6ace9e3", "score": 16.86940410076972}
{"docno": "S19444029-A14952972", "score": 16.829910141658154}
{"docno": "S141e3960-Aa12a2f1e", "score": 16.82440689988059}
{"docno": "Safb33354-Ad0aa1142", "score": 16.699780741018554}
{"docno": "S64d27e41-Ae2bcb31e", "score": 16.699780741018554}
{"docno": "S35eeec39-A864087d", "score": 16.672194990210084}
{"docno": "S141e3960-A6226e9be", "score": 16.59711719051033}
{"docno": "Safb33354-A9540f751", "score": 16.56516277793856}
{"docno": "Sf028f24f-A665ec384", "score": 16.5193002619739}
{"docno": "S886881ab-A9f7e1031", "score": 16.468758039947666}
{"docno": "Safb33354-Abd209659", "score": 16.379362196357715}
{"docno": "S64d27e41-A5fa1839e", "score": 16.260838308207067}
{"docno": "S6340764-A41b082e0", "score": 16.172365491168794}
{"docno": "S64d27e41-A422cf719", "score": 16.164989627728257}
{"docno": "S2fa2d5d5-Ada49c3d0", "score": 16.124898340222806}
{"docno": "S953ebef5-A24d2786c", "score": 16.02782909597535}
{"docno": "S261deb04-Acf33df12", "score": 16.01999070926727}
{"docno": "S88308cf4-A4902c2cc", "score": 15.98497993983655}
{"docno": "S7c26af48-Ae5a2104c", "score": 15.95065978233566}
{"docno": "S4cf458a-A5d81b1ff", "score": 15.942646505313379}
{"docno": "Se52fcb79-A8c0ff0f8", "score": 15.826691236040535}
{"docno": "S5dbc32e9-Ad784f3ef", "score": 15.81378277188451}
{"docno": "S8bc322f7-Ac231185c", "score": 15.546957315385443}
{"type": "toggleArgument", "timestamp": "2025-06-26T11:06:53.178Z", "sessionID": "0b358b57-f549-470a-8ffd-a476b72d84d6", "rank": "1", "doc": "S2684c983-A21155554", "action": "expand", "doclen": 472, "score": 12.511299507486905}
{"type": "StanceClicked", "timestamp": "2025-06-26T11:07:17.587Z", "sessionID": "0b358b57-f549-470a-8ffd-a476b72d84d6", "rank": "4", "stance": "con", "action": "chooseStance", "doc": "S8ce6be05-Aec61401a", "doclen": 974, "score": 32.100867699661904}
{"type": "StanceClicked", "timestamp": "2025-06-26T11:07:49.299Z", "sessionID": "0b358b57-f549-470a-8ffd-a476b72d84d6", "rank": "9", "stance": "pro", "action": "chooseStance", "doc": "S8bcc4a46-A683b6775", "doclen": 1292, "score": 41.2680760364733}
{"type": "StanceClicked", "timestamp": "2025-06-26T11:07:51.378Z", "sessionID": "0b358b57-f549-470a-8ffd-a476b72d84d6", "rank": "9", "stance": "con", "action": "chooseStance", "doc": "S8bcc4a46-A683b6775", "doclen": 1292, "score": 41.2680760364733}
{"type": "queryBoxFocused", "timestamp": "2025-06-26T11:07:55.139Z", "sessionID": "0b358b57-f549-470a-8ffd-a476b72d84d6"}
{"type": "querySubmitted", "timestamp": "2025-06-26T11:08:04.323Z", "sessionID": "0b358b57-f549-470a-8ffd-a476b72d84d6", "query": "penny/cent"}
{"docno": "S261deb04-A5ed849d0", "score": 32.88906178028636}
{"docno": "S19444029-A99bfb9ca", "score": 32.401269535961006}
{"docno": "S21311659-Afe0947c5", "score": 32.397197519536135}
{"docno": "S922d439b-A8e9355eb", "score": 31.60057314891999}
{"docno": "S953ebef5-Ab2aaac6b", "score": 31.286121261248663}
{"docno": "S2fa2d5d5-Adc5dfe71", "score": 31.152797288265724}
{"docno": "Sf143e2ae-A9058c0a1", "score": 31.152797288265724}
{"docno": "S953ebf14-A93a5f98d", "score": 30.8302367509811}
{"docno": "S5461fdf6-A2f19b140", "score": 29.696412456143968}
{"docno": "S8ce6be05-A7e62c8d8", "score": 29.61657523993732}
{"docno": "Sf143e2ae-Ad24c6ed6", "score": 29.401662367000394}
{"docno": "Sc5a30943-Aaf14ddec", "score": 29.07983840329485}
{"docno": "S2e7d8f78-A6120a48e", "score": 29.079123934984867}
{"docno": "S953ebef5-A6609c38a", "score": 28.819380433841303}
{"docno": "S3207095a-A83bd6c08", "score": 28.784782050752167}
{"docno": "S3207095a-A40bf30c", "score": 28.73144126577119}
{"docno": "S47443599-A8fc4c58f", "score": 28.526711220631693}
{"docno": "S42633cc5-A79a73ae3", "score": 28.280444073859307}
{"docno": "S35161051-Ab4db26fc", "score": 27.94369117120021}
{"docno": "S3a3f4e49-Abd5c47b6", "score": 27.590142031874684}
{"docno": "S652f23f4-A212f7771", "score": 27.54594415859895}
{"docno": "S7c26af48-Aa8f4e0ba", "score": 27.529452092994905}
{"docno": "S87bd157b-A1433c3c4", "score": 27.48534941132732}
{"docno": "S35161051-A81501437", "score": 27.41553489087797}
{"docno": "Sab7e692e-A4ca647b2", "score": 27.4029966359481}
{"docno": "S87bd157b-A535fbc54", "score": 27.39104686417044}
{"docno": "S2fa2d5d5-A5077b1d5", "score": 27.224596226895077}
{"docno": "S652f23f4-Ae0220128", "score": 27.19820200273425}
{"docno": "S922d439b-Ab101b0b4", "score": 27.17764788956825}
{"docno": "S8bcc4a46-A683b6775", "score": 27.05497945602261}
{"docno": "S19444029-Acc7f15b2", "score": 27.026375026194096}
{"docno": "S42633cc5-Ac24ab54e", "score": 26.815608191566724}
{"docno": "Sc714f34f-A17fab670", "score": 26.524005128989216}
{"docno": "S7c26af48-A4afc389a", "score": 26.47734075023365}
{"docno": "Sbb3f63e1-A1b5de0ea", "score": 26.442770275619505}
{"docno": "Sc5a30943-A56cc2aad", "score": 26.36734856689463}
{"docno": "S953ebf14-A523d2cf0", "score": 26.21919617293908}
{"docno": "S261deb04-A27eaea5", "score": 25.8589583450635}
{"docno": "Sbb3f63e1-Aa7a066ed", "score": 25.738577285149695}
{"docno": "S35161051-A25c4a846", "score": 25.560843523663575}
{"docno": "S2fa2d5d5-Afcfd82ba", "score": 25.13071460251814}
{"docno": "S35161051-Add27837", "score": 25.115947919796422}
{"docno": "S35161051-Abe61ebcc", "score": 24.963194157209987}
{"docno": "Sce686c60-A35d2b91", "score": 24.366941525784746}
{"docno": "S2fa2d5d5-A7fcff6dc", "score": 24.133406690210585}
{"docno": "S19444029-A201b8152", "score": 23.9777736060446}
{"docno": "S2fa2d5d5-A1afd500f", "score": 22.948547017954365}
{"docno": "S42633cc5-A6cc55047", "score": 22.86144519459856}
{"docno": "S652f23f4-A6c2ea7d6", "score": 22.706162172421255}
{"docno": "S8ce6be05-Ab3dc774d", "score": 19.1678258930677}
{"docno": "S953ebf14-A945651f8", "score": 18.72710118584365}
{"docno": "S261deb04-A5522b232", "score": 18.3668443925896}
{"docno": "S35161051-Ac727df0f", "score": 18.346003925868434}
{"docno": "S3a3f4e49-A8bcf602f", "score": 18.053394705059176}
{"docno": "S652f23f4-A5e6065bf", "score": 17.986130798394264}
{"docno": "S8bcc4a46-A3713f9f0", "score": 17.74406279649968}
{"docno": "S540788cc-A806939a3", "score": 17.698236814574848}
{"docno": "S652f23f4-Aa80161bd", "score": 17.659996251894533}
{"docno": "Se6f6b594-A804ff687", "score": 17.641421887225192}
{"docno": "S261deb04-A5982d236", "score": 17.634520747548443}
{"docno": "Sb59a9ba7-A78b7723e", "score": 17.612757305537144}
{"docno": "S2e7d8f78-A44ca8343", "score": 17.591097362557598}
{"docno": "S141e3960-A994e8cc2", "score": 17.549217351819856}
{"docno": "S261deb04-Ae0b01071", "score": 17.46737040091911}
{"docno": "S2fa2d5d5-A9d155a7f", "score": 17.417317333877293}
{"docno": "S157a946c-Afd5ca711", "score": 17.23489930587855}
{"docno": "S8ce6be05-Aec61401a", "score": 16.999574738915143}
{"docno": "S19444029-A14952972", "score": 16.829910141658154}
{"docno": "S141e3960-Aa12a2f1e", "score": 16.82440689988059}
{"docno": "Safb33354-Ad0aa1142", "score": 16.699780741018554}
{"docno": "S64d27e41-Ae2bcb31e", "score": 16.699780741018554}
{"docno": "S35eeec39-A864087d", "score": 16.672194990210084}
{"docno": "S141e3960-A6226e9be", "score": 16.59711719051033}
{"docno": "Safb33354-A9540f751", "score": 16.56516277793856}
{"docno": "Safb33354-Abd209659", "score": 16.379362196357715}
{"docno": "S42633cc5-Abdf36238", "score": 16.303448117446887}
{"docno": "S64d27e41-A5fa1839e", "score": 16.260838308207067}
{"docno": "S3a3f4e49-A2b4ff185", "score": 16.218907026011752}
{"docno": "S64d27e41-A422cf719", "score": 16.164989627728257}
{"docno": "S2fa2d5d5-Ada49c3d0", "score": 16.124898340222806}
{"docno": "S261deb04-Acf33df12", "score": 16.01999070926727}
{"docno": "S7c26af48-Ae5a2104c", "score": 15.95065978233566}
{"docno": "S4cf458a-A5d81b1ff", "score": 15.942646505313379}
{"docno": "Se52fcb79-A8c0ff0f8", "score": 15.826691236040535}
{"docno": "S5dbc32e9-Ad784f3ef", "score": 15.81378277188451}
{"docno": "S64d27e41-A767f7fd2", "score": 15.696416452575894}
{"docno": "S8bc322f7-Ac231185c", "score": 15.546957315385443}
{"docno": "Sa0619794-A6362f453", "score": 15.506559960864715}
{"docno": "S19444029-A5e6e2be4", "score": 15.312181868257605}
{"docno": "Sf143e2ae-A5ec56188", "score": 15.312181868257605}
{"docno": "S7c26af48-A7e3e88e", "score": 15.219821028214414}
{"docno": "Sbb3f63e1-A6ae1c89a", "score": 15.095150703901643}
{"docno": "S35be6163-Ac8cc8695", "score": 14.972506212756905}
{"docno": "S87bd157b-Ab5176aa6", "score": 14.972506212756905}
{"docno": "Saa45f9c6-A8bd78b45", "score": 14.857556827809141}
{"docno": "S652f23f4-A41445004", "score": 14.851838574502533}
{"docno": "S540788cc-A8978d85f", "score": 14.851838574502533}
{"docno": "S6dfe1317-A7d7bb5a6", "score": 14.800741485529201}
{"docno": "S1f6a202a-A432bb827", "score": 14.797903635492444}
{"docno": "S9ca7424d-Aec1c8bc3", "score": 14.771082799610289}
{"type": "queryBoxFocused", "timestamp": "2025-06-26T11:08:06.076Z", "sessionID": "0b358b57-f549-470a-8ffd-a476b72d84d6"}
{"type": "querySubmitted", "timestamp": "2025-06-26T11:08:10.819Z", "sessionID": "0b358b57-f549-470a-8ffd-a476b72d84d6", "query": "cent"}
{"docno": "S922d439b-A8e9355eb", "score": 15.957453352941984}
{"docno": "S19444029-A99bfb9ca", "score": 15.837884302960369}
{"docno": "Sa0619794-A6362f453", "score": 15.506559960864715}
{"docno": "S2fa2d5d5-A1afd500f", "score": 15.109428649256836}
{"docno": "Sbb3f63e1-A1b5de0ea", "score": 15.069614122680354}
{"docno": "S19444029-Acc7f15b2", "score": 14.98810966653317}
{"docno": "S47443599-A8fc4c58f", "score": 14.78255300882003}
{"docno": "S5461fdf6-A2f19b140", "score": 14.718094675546421}
{"docno": "S2fa2d5d5-Adc5dfe71", "score": 14.640647488290567}
{"docno": "Sf143e2ae-A9058c0a1", "score": 14.640647488290567}
{"docno": "S9443a255-A39698330", "score": 14.332434512765918}
{"docno": "S13a078fc-A5227c58c", "score": 14.331834167837847}
{"docno": "S87bd157b-A535fbc54", "score": 14.328833197441785}
{"docno": "S6952f0f3-Ac7ddda31", "score": 14.317635545781059}
{"docno": "Sc51f941a-A75743e89", "score": 14.254171405124373}
{"docno": "S261deb04-A5ed849d0", "score": 14.247527160823562}
{"docno": "Sb58ff37e-Adf85a11c", "score": 14.247527160823562}
{"docno": "S480d5f00-A45b03709", "score": 14.207219179464168}
{"docno": "Se52fcb79-Afcc90b8b", "score": 14.164305697921353}
{"docno": "Sb58ff37e-Aac529aac", "score": 14.083786294761962}
{"docno": "Sba6d2797-Abe7df212", "score": 14.043437457629773}
{"docno": "Scf4c9cbf-A7d5096a1", "score": 14.024307602167775}
{"docno": "S953ebef5-A6609c38a", "score": 13.98886092010391}
{"docno": "S42f8393e-A9da66240", "score": 13.845112176139333}
{"docno": "S21311659-Afe0947c5", "score": 13.821572281057056}
{"docno": "Sb477d5a-Aa1845f1a", "score": 13.728783187666394}
{"docno": "S240561fd-A115d1b34", "score": 13.726947224934639}
{"docno": "S50fea1d1-A67191d95", "score": 13.652310497028568}
{"docno": "S72d43567-A7fb88ce5", "score": 13.464804830965216}
{"docno": "Sff045079-Aa14bddae", "score": 13.444575954305018}
{"docno": "Se52fcb79-Ac383fb10", "score": 13.419607592845129}
{"docno": "S42f8393e-Acb2cbb7d", "score": 13.354753483353987}
{"docno": "Se52fcb79-A24ceacec", "score": 13.337452706539644}
{"docno": "S9896d40f-A59533163", "score": 13.176124147003934}
{"docno": "S36935c1f-A720361ed", "score": 13.173587612045859}
{"docno": "S7586c730-Ad93b80a5", "score": 13.168517470851347}
{"docno": "Sa86f5da2-Afeb74ae7", "score": 13.068226548648349}
{"docno": "Sfaa4d872-Aaf62e675", "score": 13.063237168762157}
{"docno": "S2fa2d5d5-A7fcff6dc", "score": 12.966994110223164}
{"docno": "Se6756185-Aea439b0b", "score": 12.95962691501898}
{"docno": "Sef6663ee-Aaafed77d", "score": 12.916557411728832}
{"docno": "S57a3df7d-A6a880a13", "score": 12.913307495865118}
{"docno": "S953ebef5-Ab2aaac6b", "score": 12.897941180469427}
{"docno": "Sfd3161b0-A9382a8a4", "score": 12.857647284664417}
{"docno": "Sbd4972ff-A84f2ae91", "score": 12.75726008399622}
{"docno": "S405348e6-A5231a38c", "score": 12.751188036243109}
{"docno": "S42633cc5-A79a73ae3", "score": 12.697481332263267}
{"docno": "S281ab12-A7ac109c6", "score": 12.614233240019336}
{"docno": "Sc51f941a-A6839f97e", "score": 12.56572919217936}
{"docno": "Sfaa4d872-A76250178", "score": 12.561116069225827}
{"docno": "S7c667121-A3a619bab", "score": 12.517596729503536}
{"docno": "S6b7fbea6-A123f1fa7", "score": 12.503157217824134}
{"docno": "Sc714f34f-A17fab670", "score": 12.465288605637133}
{"docno": "S9443a255-A8dd79ce4", "score": 12.42242960941466}
{"docno": "Se7651763-Abca2cab0", "score": 12.375386637360446}
{"docno": "S953ebf14-A93a5f98d", "score": 12.375386637360446}
{"docno": "S71dc1b90-A47871b4c", "score": 12.370912187911767}
{"docno": "S458224f5-A13e2043", "score": 12.328698618766408}
{"docno": "S83ad9731-A288c5600", "score": 12.282361551384726}
{"docno": "Sd3db1f68-A9871d61", "score": 12.277954105501253}
{"docno": "Sfc90616d-A84f4f365", "score": 12.19072455986928}
{"docno": "S938c7b53-A946e5cc2", "score": 12.102584896738497}
{"docno": "Sbb3f63e1-Aa7a066ed", "score": 12.096166947548536}
{"docno": "Sd67f6b84-A9755b17d", "score": 12.096166947548536}
{"docno": "Sd67f6b84-A4834497e", "score": 12.096166947548536}
{"docno": "Se13e21bf-Ac1d63a30", "score": 12.055804538151241}
{"docno": "Sf028f24f-A665ec384", "score": 12.042410193411996}
{"docno": "Sc0e5eb3c-A5b3fc6d", "score": 12.007277187256799}
{"docno": "S8d1f9b0e-A491d663b", "score": 12.007277187256799}
{"docno": "Sf143e2ae-Ad24c6ed6", "score": 11.954305872817496}
{"docno": "S57552ee-A56a5be47", "score": 11.94376764567936}
{"docno": "Sbc386587-A5dfa90ab", "score": 11.91968432523549}
{"docno": "S8b52b2b1-A595b78d5", "score": 11.8804891879291}
{"docno": "S19ff41b8-Adc5f5b3e", "score": 11.8804891879291}
{"docno": "Sbd4972ff-Aebae03d8", "score": 11.833360184489534}
{"docno": "S5e2b5f7a-A2d303554", "score": 11.810295654220155}
{"docno": "Sf68c4c2d-A279b7cba", "score": 11.748277398403062}
{"docno": "S531c212f-Ad4418adb", "score": 11.748277398403062}
{"docno": "Sc8eb85ca-A13fcb1a2", "score": 11.748277398403062}
{"docno": "Se7d0961f-Aadedd973", "score": 11.664409381813934}
{"docno": "Sc604ec66-Af748ef49", "score": 11.664409381813934}
{"docno": "S807965d0-A1219aedb", "score": 11.626872449735115}
{"docno": "Se13e21bf-Af804e06b", "score": 11.626872449735115}
{"docno": "S8cef1611-Ae43041c8", "score": 11.58173030331843}
{"docno": "S1de285fd-A2b22ab3d", "score": 11.58173030331843}
{"docno": "Sb1ddd96f-A7a41469f", "score": 11.58173030331843}
{"docno": "S8ce6be05-A7e62c8d8", "score": 11.532439433793732}
{"docno": "S3a3f4e49-Abd5c47b6", "score": 11.500215058745512}
{"docno": "Sb58ff37e-Ad95bc669", "score": 11.500215058745512}
{"docno": "S6b7fbea6-A89476848", "score": 11.423652046071698}
{"docno": "S82c81407-Aee7268b7", "score": 11.423652046071698}
{"docno": "S76f3d4ca-A140602be", "score": 11.419839245743422}
{"docno": "S24e7e456-A5fae482b", "score": 11.4056207472722}
{"docno": "S3207095a-A40bf30c", "score": 11.345593092663565}
{"docno": "S2fa2d5d5-A5077b1d5", "score": 11.305094325129733}
{"docno": "S886881ab-A9f7e1031", "score": 11.305094325129733}
{"docno": "Sa0619794-A8cc5607b", "score": 11.305094325129733}
{"docno": "Se00774d1-A57130f0d", "score": 11.188972174755047}
{"docno": "S1ddd6762-Ace850db0", "score": 11.115039738294781}
{"docno": "S12428339-A362a3f7c", "score": 11.10926549001627}
{"type": "queryBoxFocused", "timestamp": "2025-06-26T11:08:28.805Z", "sessionID": "0b358b57-f549-470a-8ffd-a476b72d84d6"}
{"type": "querySubmitted", "timestamp": "2025-06-26T11:08:40.434Z", "sessionID": "0b358b57-f549-470a-8ffd-a476b72d84d6", "query": "cent in circulation"}
{"docno": "S8bcc4a46-A683b6775", "score": 24.96049405625002}
{"docno": "S3207095a-A83bd6c08", "score": 22.565927222562088}
{"docno": "S35161051-A81501437", "score": 21.84241663964954}
{"docno": "S87bd157b-A1433c3c4", "score": 20.621159400217216}
{"docno": "S8ce6be05-A7e62c8d8", "score": 18.911266993813086}
{"docno": "Se52fcb79-Adfc140fa", "score": 17.40064361505418}
{"docno": "S922d439b-A8e9355eb", "score": 15.957453352941984}
{"docno": "S19444029-A99bfb9ca", "score": 15.837884302960369}
{"docno": "Sce686c60-A35d2b91", "score": 15.517617610849054}
{"docno": "Sa0619794-A6362f453", "score": 15.506559960864715}
{"docno": "S2fa2d5d5-A1afd500f", "score": 15.109428649256836}
{"docno": "S8ce6be05-Aec61401a", "score": 15.10129296074676}
{"docno": "Sc4e8d546-A6840b489", "score": 15.10129296074676}
{"docno": "Sbb3f63e1-A1b5de0ea", "score": 15.069614122680354}
{"docno": "S19444029-Acc7f15b2", "score": 14.98810966653317}
{"docno": "S2e829d23-A6c0e1f9b", "score": 14.931269457648375}
{"docno": "S47443599-A8fc4c58f", "score": 14.78255300882003}
{"docno": "S5461fdf6-A2f19b140", "score": 14.718094675546421}
{"docno": "S2fa2d5d5-Adc5dfe71", "score": 14.640647488290567}
{"docno": "Sf143e2ae-A9058c0a1", "score": 14.640647488290567}
{"docno": "S1e511d1-A6903c5a8", "score": 14.578785852217406}
{"docno": "S9443a255-A39698330", "score": 14.332434512765918}
{"docno": "S13a078fc-A5227c58c", "score": 14.331834167837847}
{"docno": "S87bd157b-A535fbc54", "score": 14.328833197441785}
{"docno": "S6952f0f3-Ac7ddda31", "score": 14.317635545781059}
{"docno": "Sc51f941a-A75743e89", "score": 14.254171405124373}
{"docno": "S261deb04-A5ed849d0", "score": 14.247527160823562}
{"docno": "Sb58ff37e-Adf85a11c", "score": 14.247527160823562}
{"docno": "S480d5f00-A45b03709", "score": 14.207219179464168}
{"docno": "Se52fcb79-Afcc90b8b", "score": 14.164305697921353}
{"docno": "Sb58ff37e-Aac529aac", "score": 14.083786294761962}
{"docno": "Sba6d2797-Abe7df212", "score": 14.043437457629773}
{"docno": "S569d18df-Ab2d0d6b3", "score": 14.026895869142606}
{"docno": "Scf4c9cbf-A7d5096a1", "score": 14.024307602167775}
{"docno": "S953ebef5-A6609c38a", "score": 13.98886092010391}
{"docno": "S42f8393e-A9da66240", "score": 13.845112176139333}
{"docno": "S21311659-Afe0947c5", "score": 13.821572281057056}
{"docno": "S922d439b-Ab101b0b4", "score": 13.808720467466781}
{"docno": "Sb477d5a-Aa1845f1a", "score": 13.728783187666394}
{"docno": "S240561fd-A115d1b34", "score": 13.726947224934639}
{"docno": "S89cb1ab3-A588410b4", "score": 13.715372933842543}
{"docno": "S50fea1d1-A67191d95", "score": 13.652310497028568}
{"docno": "S72d43567-A7fb88ce5", "score": 13.464804830965216}
{"docno": "Sff045079-Aa14bddae", "score": 13.444575954305018}
{"docno": "Se52fcb79-Ac383fb10", "score": 13.419607592845129}
{"docno": "S7c26af48-A4afc389a", "score": 13.377104122922123}
{"docno": "S42f8393e-Acb2cbb7d", "score": 13.354753483353987}
{"docno": "Se52fcb79-A24ceacec", "score": 13.337452706539644}
{"docno": "S369e6f20-A359526cd", "score": 13.320914513501087}
{"docno": "S42633cc5-Abdf36238", "score": 13.320914513501087}
{"docno": "S926ab420-A11569547", "score": 13.185498479477754}
{"docno": "S9896d40f-A59533163", "score": 13.176124147003934}
{"docno": "S36935c1f-A720361ed", "score": 13.173587612045859}
{"docno": "S7586c730-Ad93b80a5", "score": 13.168517470851347}
{"docno": "Sdd3dc93e-Ad0a496c", "score": 13.13207324419331}
{"docno": "S3fb53ecd-A664ae622", "score": 13.090111849191432}
{"docno": "Sa86f5da2-Afeb74ae7", "score": 13.068226548648349}
{"docno": "Sfaa4d872-Aaf62e675", "score": 13.063237168762157}
{"docno": "S63cad73d-Ab154fe01", "score": 13.039646280845425}
{"docno": "S7b1ebcce-Ad42c87c0", "score": 12.984539585727639}
{"docno": "S2fa2d5d5-A7fcff6dc", "score": 12.966994110223164}
{"docno": "Se6756185-Aea439b0b", "score": 12.95962691501898}
{"docno": "Sbbc02f11-Ab6ff4bb3", "score": 12.952834460513143}
{"docno": "Sef6663ee-Aaafed77d", "score": 12.916557411728832}
{"docno": "S57a3df7d-A6a880a13", "score": 12.913307495865118}
{"docno": "S953ebef5-Ab2aaac6b", "score": 12.897941180469427}
{"docno": "Sfd3161b0-A9382a8a4", "score": 12.857647284664417}
{"docno": "S4da47715-Aaf26bbc6", "score": 12.77001027224933}
{"docno": "Sbd4972ff-A84f2ae91", "score": 12.75726008399622}
{"docno": "S405348e6-A5231a38c", "score": 12.751188036243109}
{"docno": "S42633cc5-A79a73ae3", "score": 12.697481332263267}
{"docno": "S281ab12-A7ac109c6", "score": 12.614233240019336}
{"docno": "Sc51f941a-A6839f97e", "score": 12.56572919217936}
{"docno": "Sfaa4d872-A76250178", "score": 12.561116069225827}
{"docno": "S7c667121-A3a619bab", "score": 12.517596729503536}
{"docno": "Sba131e59-A6518566f", "score": 12.511299507486905}
{"docno": "S2684c983-A21155554", "score": 12.511299507486905}
{"docno": "S48f7851c-Ac3154106", "score": 12.511299507486905}
{"docno": "S6b7fbea6-A123f1fa7", "score": 12.503157217824134}
{"docno": "S92b49ca0-Ae2ef227e", "score": 12.473205753634696}
{"docno": "Sc714f34f-A17fab670", "score": 12.465288605637133}
{"docno": "Se888ea60-A5ca45c11", "score": 12.433350598139508}
{"docno": "S9443a255-A8dd79ce4", "score": 12.42242960941466}
{"docno": "Se7651763-Abca2cab0", "score": 12.375386637360446}
{"docno": "S953ebf14-A93a5f98d", "score": 12.375386637360446}
{"docno": "S71dc1b90-A47871b4c", "score": 12.370912187911767}
{"docno": "S7577f702-A6e1742fc", "score": 12.344571707017943}
{"docno": "S7b30716f-Ab519ba96", "score": 12.344571707017943}
{"docno": "S458224f5-A13e2043", "score": 12.328698618766408}
{"docno": "S83ad9731-A288c5600", "score": 12.282361551384726}
{"docno": "Sd3db1f68-A9871d61", "score": 12.277954105501253}
{"docno": "S8ce6be05-Ab3dc774d", "score": 12.262863160238492}
{"docno": "S3664614b-Aeb761dea", "score": 12.262863160238492}
{"docno": "Sfc90616d-A84f4f365", "score": 12.19072455986928}
{"docno": "S9f70dcbe-A6a18503f", "score": 12.182229156521078}
{"docno": "S717f527d-Ae6ace9e3", "score": 12.10642536463357}
{"docno": "S2cf34093-A30cb6af7", "score": 12.102648637479705}
{"docno": "S938c7b53-A946e5cc2", "score": 12.102584896738497}
{"docno": "Sbb3f63e1-Aa7a066ed", "score": 12.096166947548536}
{"docno": "Sd67f6b84-A9755b17d", "score": 12.096166947548536}
{"type": "StanceClicked", "timestamp": "2025-06-26T11:08:46.987Z", "sessionID": "0b358b57-f549-470a-8ffd-a476b72d84d6", "rank": "2", "stance": "pro", "action": "chooseStance", "doc": "S3207095a-A83bd6c08", "doclen": 2518, "score": 40.77554699068215}
{"type": "StanceClicked", "timestamp": "2025-06-26T11:09:10.771Z", "sessionID": "0b358b57-f549-470a-8ffd-a476b72d84d6", "rank": "3", "stance": "con", "action": "chooseStance", "doc": "S35161051-A81501437", "doclen": 2971, "score": 40.280998970670595}
{"type": "StanceClicked", "timestamp": "2025-06-26T11:09:13.139Z", "sessionID": "0b358b57-f549-470a-8ffd-a476b72d84d6", "rank": "4", "stance": "con", "action": "chooseStance", "doc": "S87bd157b-A1433c3c4", "doclen": 660, "score": 38.44273098568651}
{"type": "toggleArgument", "timestamp": "2025-06-26T11:09:18.083Z", "sessionID": "0b358b57-f549-470a-8ffd-a476b72d84d6", "rank": "5", "doc": "S8ce6be05-A7e62c8d8", "action": "expand", "doclen": 1406, "score": 36.99540279995667}
{"type": "StanceClicked", "timestamp": "2025-06-26T11:09:28.115Z", "sessionID": "0b358b57-f549-470a-8ffd-a476b72d84d6", "rank": "5", "stance": "con", "action": "chooseStance", "doc": "S8ce6be05-A7e62c8d8", "doclen": 1406, "score": 36.99540279995667}
{"type": "StanceClicked", "timestamp": "2025-06-26T11:09:33.043Z", "sessionID": "0b358b57-f549-470a-8ffd-a476b72d84d6", "rank": "6", "stance": "con", "action": "chooseStance", "doc": "Se52fcb79-Adfc140fa", "doclen": 1377, "score": 17.40064361505418}
{"type": "toggleArgument", "timestamp": "2025-06-26T11:09:56.507Z", "sessionID": "0b358b57-f549-470a-8ffd-a476b72d84d6", "rank": "9", "doc": "Sce686c60-A35d2b91", "action": "expand", "doclen": 1793, "score": 30.98175314921035}
{"type": "StanceClicked", "timestamp": "2025-06-26T11:09:59.851Z", "sessionID": "0b358b57-f549-470a-8ffd-a476b72d84d6", "rank": "9", "stance": "con", "action": "chooseStance", "doc": "Sce686c60-A35d2b91", "doclen": 1793, "score": 30.98175314921035}
{"type": "pageNavigationClicked", "timestamp": "2025-06-26T11:10:03.395Z", "sessionID": "0b358b57-f549-470a-8ffd-a476b72d84d6", "clicked": "2", "fromPage": 1, "toPage": 2}
{"type": "toggleArgument", "timestamp": "2025-06-26T11:10:22.963Z", "sessionID": "0b358b57-f549-470a-8ffd-a476b72d84d6", "rank": "11", "doc": "S2fa2d5d5-A1afd500f", "action": "expand", "doclen": 1423, "score": 22.948547017954365}
{"type": "StanceClicked", "timestamp": "2025-06-26T11:11:11.956Z", "sessionID": "0b358b57-f549-470a-8ffd-a476b72d84d6", "rank": "14", "stance": "con", "action": "chooseStance", "doc": "Sbb3f63e1-A1b5de0ea", "doclen": 1284, "score": 26.442770275619505}
{"type": "toggleArgument", "timestamp": "2025-06-26T11:11:38.259Z", "sessionID": "0b358b57-f549-470a-8ffd-a476b72d84d6", "rank": "17", "doc": "S47443599-A8fc4c58f", "action": "expand", "doclen": 328, "score": 28.526711220631693}
{"type": "toggleArgument", "timestamp": "2025-06-26T11:12:06.244Z", "sessionID": "0b358b57-f549-470a-8ffd-a476b72d84d6", "rank": "18", "doc": "S5461fdf6-A2f19b140", "action": "expand", "doclen": 488, "score": 29.696412456143968}
{"type": "pageNavigationClicked", "timestamp": "2025-06-26T11:12:54.108Z", "sessionID": "0b358b57-f549-470a-8ffd-a476b72d84d6", "clicked": "3", "fromPage": 2, "toPage": 3}
{"type": "StanceClicked", "timestamp": "2025-06-26T11:13:10.997Z", "sessionID": "0b358b57-f549-470a-8ffd-a476b72d84d6", "rank": "24", "stance": "pro", "action": "chooseStance", "doc": "S87bd157b-A535fbc54", "doclen": 280, "score": 27.39104686417044}
{"type": "StanceClicked", "timestamp": "2025-06-26T11:13:22.916Z", "sessionID": "0b358b57-f549-470a-8ffd-a476b72d84d6", "rank": "27", "stance": "con", "action": "chooseStance", "doc": "S261deb04-A5ed849d0", "doclen": 593, "score": 32.88906178028636}
{"type": "StanceClicked", "timestamp": "2025-06-26T11:13:29.172Z", "sessionID": "0b358b57-f549-470a-8ffd-a476b72d84d6", "rank": "30", "stance": "con", "action": "chooseStance", "doc": "Se52fcb79-Afcc90b8b", "doclen": 2922, "score": 14.164305697921353}
{"type": "pageNavigationClicked", "timestamp": "2025-06-26T11:13:34.444Z", "sessionID": "0b358b57-f549-470a-8ffd-a476b72d84d6", "clicked": "4", "fromPage": 3, "toPage": 4}
{"type": "pageNavigationClicked", "timestamp": "2025-06-26T11:13:54.412Z", "sessionID": "0b358b57-f549-470a-8ffd-a476b72d84d6", "clicked": "4", "fromPage": 3, "toPage": 4}
{"type": "toggleArgument", "timestamp": "2025-06-26T11:14:30.924Z", "sessionID": "0b358b57-f549-470a-8ffd-a476b72d84d6", "rank": "37", "doc": "S21311659-Afe0947c5", "action": "expand", "doclen": 2651, "score": 32.397197519536135}
{"type": "StanceClicked", "timestamp": "2025-06-26T11:14:51.661Z", "sessionID": "0b358b57-f549-470a-8ffd-a476b72d84d6", "rank": "37", "stance": "con", "action": "chooseStance", "doc": "S21311659-Afe0947c5", "doclen": 2651, "score": 32.397197519536135}
{"type": "StanceClicked", "timestamp": "2025-06-26T11:14:54.502Z", "sessionID": "0b358b57-f549-470a-8ffd-a476b72d84d6", "rank": "38", "stance": "pro", "action": "chooseStance", "doc": "S922d439b-Ab101b0b4", "doclen": 2996, "score": 32.09086886486605}
{"type": "pageNavigationClicked", "timestamp": "2025-06-26T11:15:00.437Z", "sessionID": "0b358b57-f549-470a-8ffd-a476b72d84d6", "clicked": "5", "fromPage": 4, "toPage": 5}
{"type": "StanceClicked", "timestamp": "2025-06-26T11:15:17.806Z", "sessionID": "0b358b57-f549-470a-8ffd-a476b72d84d6", "rank": "45", "stance": "con", "action": "chooseStance", "doc": "Se52fcb79-Ac383fb10", "doclen": 1093, "score": 13.419607592845129}
{"type": "StanceClicked", "timestamp": "2025-06-26T11:15:20.942Z", "sessionID": "0b358b57-f549-470a-8ffd-a476b72d84d6", "rank": "45", "stance": "con", "action": "removeStance", "doc": "Se52fcb79-Ac383fb10", "doclen": 1093, "score": 13.419607592845129}
{"type": "StanceClicked", "timestamp": "2025-06-26T11:15:23.662Z", "sessionID": "0b358b57-f549-470a-8ffd-a476b72d84d6", "rank": "45", "stance": "pro", "action": "chooseStance", "doc": "Se52fcb79-Ac383fb10", "doclen": 1093, "score": 13.419607592845129}
{"type": "StanceClicked", "timestamp": "2025-06-26T11:15:23.974Z", "sessionID": "0b358b57-f549-470a-8ffd-a476b72d84d6", "rank": "45", "stance": "con", "action": "chooseStance", "doc": "Se52fcb79-Ac383fb10", "doclen": 1093, "score": 13.419607592845129}
{"type": "StanceClicked", "timestamp": "2025-06-26T11:15:25.342Z", "sessionID": "0b358b57-f549-470a-8ffd-a476b72d84d6", "rank": "45", "stance": "con", "action": "removeStance", "doc": "Se52fcb79-Ac383fb10", "doclen": 1093, "score": 13.419607592845129}
{"type": "StanceClicked", "timestamp": "2025-06-26T11:15:33.230Z", "sessionID": "0b358b57-f549-470a-8ffd-a476b72d84d6", "rank": "46", "stance": "con", "action": "chooseStance", "doc": "S7c26af48-A4afc389a", "doclen": 2463, "score": 32.05634882989691}
{"type": "StanceClicked", "timestamp": "2025-06-26T11:15:44.734Z", "sessionID": "0b358b57-f549-470a-8ffd-a476b72d84d6", "rank": "50", "stance": "con", "action": "chooseStance", "doc": "S42633cc5-Abdf36238", "doclen": 297, "score": 29.624362630947974}
{"type": "pageNavigationClicked", "timestamp": "2025-06-26T11:15:46.221Z", "sessionID": "0b358b57-f549-470a-8ffd-a476b72d84d6", "clicked": "6", "fromPage": 5, "toPage": 6}
{"type": "queryBoxFocused", "timestamp": "2025-06-26T11:16:30.219Z", "sessionID": "0b358b57-f549-470a-8ffd-a476b72d84d6"}
{"type": "querySubmitted", "timestamp": "2025-06-26T11:16:38.423Z", "sessionID": "0b358b57-f549-470a-8ffd-a476b72d84d6", "query": "shoul penny go?"}
{"docno": "S178b61b0-Ae83b381d", "score": 27.9637744130354}
{"docno": "S92dda478-A7b117914", "score": 19.60857840662341}
{"docno": "Scfb71920-A12bc56e1", "score": 19.60857840662341}
{"docno": "S7856cf0a-A488caae3", "score": 19.31389102710146}
{"docno": "Sc5a30943-Aaf14ddec", "score": 19.241498688622595}
{"docno": "S559b5071-A15645224", "score": 19.169844095063027}
{"docno": "S8ce6be05-Ab3dc774d", "score": 19.1678258930677}
{"docno": "S652f23f4-Ae0220128", "score": 19.090554503131795}
{"docno": "S953ebf14-A945651f8", "score": 18.72710118584365}
{"docno": "S7c26af48-A4afc389a", "score": 18.67924470697479}
{"docno": "S2e7d8f78-A6120a48e", "score": 18.677092148032987}
{"docno": "S261deb04-A5ed849d0", "score": 18.6415346194628}
{"docno": "S21311659-Afe0947c5", "score": 18.575625238479077}
{"docno": "Sfeeac7f3-A5f1be9c7", "score": 18.480680696407628}
{"docno": "S953ebf14-A93a5f98d", "score": 18.454850113620655}
{"docno": "S35161051-A81501437", "score": 18.43858233102106}
{"docno": "S953ebef5-Ab2aaac6b", "score": 18.388180080779236}
{"docno": "S261deb04-A5522b232", "score": 18.3668443925896}
{"docno": "S35161051-Ac727df0f", "score": 18.346003925868434}
{"docno": "S922d439b-Ab101b0b4", "score": 18.282148397399276}
{"docno": "S261deb04-A27eaea5", "score": 18.22651878930904}
{"docno": "S3207095a-A83bd6c08", "score": 18.209619768120064}
{"docno": "S652f23f4-A212f7771", "score": 18.157157010093197}
{"docno": "S35161051-A25c4a846", "score": 18.117960752992246}
{"docno": "S8ce6be05-A7e62c8d8", "score": 18.084135806143586}
{"docno": "S3a3f4e49-A8bcf602f", "score": 18.053394705059176}
{"docno": "S7c26af48-Aa8f4e0ba", "score": 18.003828319820357}
{"docno": "Sc5a30943-A56cc2aad", "score": 17.991542458568013}
{"docno": "S652f23f4-A5e6065bf", "score": 17.986130798394264}
{"docno": "S35161051-Abe61ebcc", "score": 17.892253506262584}
{"docno": "Seb9d9054-A3c8e0508", "score": 17.83934911313339}
{"docno": "S87bd157b-A1433c3c4", "score": 17.82157158546929}
{"docno": "S8bcc4a46-A3713f9f0", "score": 17.74406279649968}
{"docno": "S540788cc-A806939a3", "score": 17.698236814574848}
{"docno": "S652f23f4-Aa80161bd", "score": 17.659996251894533}
{"docno": "S261deb04-A5982d236", "score": 17.634520747548443}
{"docno": "Sb59a9ba7-A78b7723e", "score": 17.612757305537144}
{"docno": "S2e7d8f78-A44ca8343", "score": 17.591097362557598}
{"docno": "S141e3960-A994e8cc2", "score": 17.549217351819856}
{"docno": "S953ebf14-A523d2cf0", "score": 17.5062835056831}
{"docno": "S19444029-A201b8152", "score": 17.49588973528596}
{"docno": "S261deb04-Ae0b01071", "score": 17.46737040091911}
{"docno": "Sf143e2ae-Ad24c6ed6", "score": 17.4473564941829}
{"docno": "S2fa2d5d5-A9d155a7f", "score": 17.417317333877293}
{"docno": "S3207095a-A40bf30c", "score": 17.385848173107625}
{"docno": "Sab7e692e-A4ca647b2", "score": 17.38367261500826}
{"docno": "S35161051-Ab4db26fc", "score": 17.3513902315844}
{"docno": "S652f23f4-A6c2ea7d6", "score": 17.297151744994768}
{"docno": "S8ce6be05-Aec61401a", "score": 16.999574738915143}
{"docno": "S42633cc5-Ac24ab54e", "score": 16.88471950551847}
{"docno": "S19444029-A14952972", "score": 16.829910141658154}
{"docno": "S141e3960-Aa12a2f1e", "score": 16.82440689988059}
{"docno": "Safb33354-Ad0aa1142", "score": 16.699780741018554}
{"docno": "S64d27e41-Ae2bcb31e", "score": 16.699780741018554}
{"docno": "S35eeec39-A864087d", "score": 16.672194990210084}
{"docno": "S141e3960-A6226e9be", "score": 16.59711719051033}
{"docno": "Safb33354-A9540f751", "score": 16.56516277793856}
{"docno": "S19444029-A99bfb9ca", "score": 16.563385233000638}
{"docno": "S2fa2d5d5-Adc5dfe71", "score": 16.51214979997516}
{"docno": "Sf143e2ae-A9058c0a1", "score": 16.51214979997516}
{"docno": "Se9186192-Aae62da63", "score": 16.46779963168378}
{"docno": "Safb33354-Abd209659", "score": 16.379362196357715}
{"docno": "S8bcc4a46-A683b6775", "score": 16.30758198022328}
{"docno": "S42633cc5-Abdf36238", "score": 16.303448117446887}
{"docno": "S64d27e41-A5fa1839e", "score": 16.260838308207067}
{"docno": "S3a3f4e49-A2b4ff185", "score": 16.218907026011752}
{"docno": "S64d27e41-A422cf719", "score": 16.164989627728257}
{"docno": "S2fa2d5d5-Ada49c3d0", "score": 16.124898340222806}
{"docno": "S3a3f4e49-Abd5c47b6", "score": 16.08992697312917}
{"docno": "S35161051-Add27837", "score": 16.039260790323944}
{"docno": "S261deb04-Acf33df12", "score": 16.01999070926727}
{"docno": "S7c26af48-Ae5a2104c", "score": 15.95065978233566}
{"docno": "S2fa2d5d5-A5077b1d5", "score": 15.919501901765344}
{"docno": "S5dbc32e9-Ad784f3ef", "score": 15.81378277188451}
{"docno": "S64d27e41-A767f7fd2", "score": 15.696416452575894}
{"docno": "S922d439b-A8e9355eb", "score": 15.64311979597801}
{"docno": "S42633cc5-A79a73ae3", "score": 15.58296274159604}
{"docno": "S8bc322f7-Ac231185c", "score": 15.546957315385443}
{"docno": "Sce686c60-A35d2b91", "score": 15.464135538361296}
{"docno": "S19444029-A5e6e2be4", "score": 15.312181868257605}
{"docno": "Sf143e2ae-A5ec56188", "score": 15.312181868257605}
{"docno": "S7c26af48-A7e3e88e", "score": 15.219821028214414}
{"docno": "Sbb3f63e1-A6ae1c89a", "score": 15.095150703901643}
{"docno": "S5461fdf6-A2f19b140", "score": 14.978317780597548}
{"docno": "S35be6163-Ac8cc8695", "score": 14.972506212756905}
{"docno": "S87bd157b-Ab5176aa6", "score": 14.972506212756905}
{"docno": "S2fa2d5d5-Afcfd82ba", "score": 14.92057689908211}
{"docno": "Saa45f9c6-A8bd78b45", "score": 14.857556827809141}
{"docno": "S652f23f4-A41445004", "score": 14.851838574502533}
{"docno": "S540788cc-A8978d85f", "score": 14.851838574502533}
{"docno": "S953ebef5-A6609c38a", "score": 14.830519513737391}
{"docno": "S6dfe1317-A7d7bb5a6", "score": 14.800741485529201}
{"docno": "S1f6a202a-A432bb827", "score": 14.797903635492444}
{"docno": "S9ca7424d-Aec1c8bc3", "score": 14.771082799610289}
{"docno": "S6dfe12f8-Af8321b92", "score": 14.771082799610289}
{"docno": "S7bf53995-Ad43a6eca", "score": 14.337386012033015}
{"docno": "Sc714f34f-A3d9cf795", "score": 14.058716523352086}
{"docno": "Sc714f34f-A17fab670", "score": 14.058716523352086}
{"docno": "Sefaad119-Aea9a3525", "score": 13.986334516323401}
{"docno": "Sc8a7fe12-Ab5073fd0", "score": 13.952276043290489}
{"type": "StanceClicked", "timestamp": "2025-06-26T11:17:03.040Z", "sessionID": "0b358b57-f549-470a-8ffd-a476b72d84d6", "rank": "5", "stance": "pro", "action": "chooseStance", "doc": "Sc5a30943-Aaf14ddec", "doclen": 594, "score": 29.07983840329485}
{"type": "toggleArgument", "timestamp": "2025-06-26T11:17:06.840Z", "sessionID": "0b358b57-f549-470a-8ffd-a476b72d84d6", "rank": "5", "doc": "Sc5a30943-Aaf14ddec", "action": "expand", "doclen": 594, "score": 29.07983840329485}
{"type": "StanceClicked", "timestamp": "2025-06-26T11:17:30.032Z", "sessionID": "0b358b57-f549-470a-8ffd-a476b72d84d6", "rank": "7", "stance": "pro", "action": "chooseStance", "doc": "S8ce6be05-Ab3dc774d", "doclen": 445, "score": 31.430689053306192}
{"type": "StanceClicked", "timestamp": "2025-06-26T11:17:44.720Z", "sessionID": "0b358b57-f549-470a-8ffd-a476b72d84d6", "rank": "9", "stance": "pro", "action": "chooseStance", "doc": "S953ebf14-A945651f8", "doclen": 408, "score": 18.72710118584365}
{"type": "ClickedEndTask", "timestamp": "2025-06-26T11:17:57.961Z", "sessionID": "0b358b57-f549-470a-8ffd-a476b72d84d6"}
{"type": "TaskEndConfirmed", "timestamp": "2025-06-26T11:17:59.561Z", "sessionID": "0b358b57-f549-470a-8ffd-a476b72d84d6"}
{"type": "TaskEnded", "timestamp": "2025-06-26T11:18:05.969Z", "sessionID": "0b358b57-f549-470a-8ffd-a476b72d84d6", "reason": "time limit", "translated_reason": "Time limit"}
