{"type": "idSubmitted", "timestamp": "2025-06-26T11:00:35.085Z", "sessionID": "1b7709ac-b8ec-4008-b9b2-eea194ae7524", "uid": "Participant41"}
{"type": "TaskStarted", "timestamp": "2025-06-26T11:00:51.276Z", "sessionID": "1b7709ac-b8ec-4008-b9b2-eea194ae7524", "task": "1", "uid": "Participant41", "topic": "Should people become vegetarian?"}
{"type": "queryBoxFocused", "timestamp": "2025-06-26T11:00:57.135Z", "sessionID": "1b7709ac-b8ec-4008-b9b2-eea194ae7524"}
{"type": "querySubmitted", "timestamp": "2025-06-26T11:01:01.893Z", "sessionID": "1b7709ac-b8ec-4008-b9b2-eea194ae7524", "query": "vegetarianism"}
{"docno": "S2e8edb11-A9f31fa1e", "score": 17.175798817105072}
{"docno": "S2e8eda57-A72f79d22", "score": 16.90186953336153}
{"docno": "Sb801a11e-Af81d3042", "score": 16.60205589867872}
{"docno": "S828ec24d-A3bf1d572", "score": 16.403544601482626}
{"docno": "S2e8eda76-Ae6cc60b0", "score": 16.341791171357208}
{"docno": "S7eabc63c-Ac2eceb01", "score": 16.23816617202206}
{"docno": "S64d7e0c5-A2845f549", "score": 16.171664340905213}
{"docno": "Seb7cbdce-Aa7ea8a86", "score": 16.152876257506534}
{"docno": "S828ec24d-A1c006255", "score": 16.122307789535014}
{"docno": "S90ec04d-Ad357f63b", "score": 16.06834772869847}
{"docno": "Sda18aa91-Ae821625d", "score": 16.040281513438988}
{"docno": "Sf3baef00-Aea6c02c0", "score": 15.91967328010926}
{"docno": "S129ce23f-Ac96c02af", "score": 15.839803100868764}
{"docno": "S7ff8bc0b-A1102375f", "score": 15.665623390951579}
{"docno": "S8aed976f-A6bc9256a", "score": 15.650719666461796}
{"docno": "Sdcbaec56-Aff55aaca", "score": 15.649723118774162}
{"docno": "S8e65f903-A22f4376a", "score": 15.632597238051627}
{"docno": "S129ce23f-A9ba3f2b9", "score": 15.608101002637444}
{"docno": "Sfad42a17-Ae8e50596", "score": 15.511742462347165}
{"docno": "Sdd59ecf8-Abc922906", "score": 15.501269043421601}
{"docno": "Sfad42a17-A459fa583", "score": 15.500134716492418}
{"docno": "Sd98175c5-Afa1e1d7b", "score": 15.496037635852767}
{"docno": "S828ec24d-Acf329894", "score": 15.494071248713931}
{"docno": "S7648964d-A161ad842", "score": 15.475147268149168}
{"docno": "Sfad42a17-A8600f866", "score": 15.38307977986361}
{"docno": "S8eeab760-A787404a4", "score": 15.381635690106798}
{"docno": "S2e8eda57-Ac1fb986c", "score": 15.378267201498378}
{"docno": "S64748291-A4aa936aa", "score": 15.370959487076073}
{"docno": "S2e8eda57-A958880c6", "score": 15.333628124135323}
{"docno": "S129ce23f-A1df92f0e", "score": 15.32103412781859}
{"docno": "S2e8edb11-A178cf32f", "score": 15.308067824045743}
{"docno": "Se3d235e2-A69eb3019", "score": 15.308067824045743}
{"docno": "S8d6f8754-A96a0c0ad", "score": 15.28924744777553}
{"docno": "S2e8edb4f-Ae57c3dd2", "score": 15.27156702750532}
{"docno": "S1d882e9c-Af1742e73", "score": 15.26081057841557}
{"docno": "S8e65f903-A29810858", "score": 15.238506432579555}
{"docno": "S180c0226-Ad13a8204", "score": 15.151092786187894}
{"docno": "Sf3baef00-Ace9b7ea", "score": 15.123167040514991}
{"docno": "Sebd53e8-A4780650", "score": 15.091209610378378}
{"docno": "Se3d235e2-Aaa11cf2d", "score": 15.033564371620608}
{"docno": "Se3d235e2-A55ad3fa8", "score": 15.033564371620608}
{"docno": "S7eabc63c-Ad3acf60c", "score": 15.003146873555771}
{"docno": "S8d6f8754-Afb0b1e96", "score": 14.997078138504255}
{"docno": "Sebd53e8-Aaad46fd5", "score": 14.986301389889361}
{"docno": "S129ce23f-A4af46b02", "score": 14.969660370842814}
{"docno": "S4930d310-A2ebf4937", "score": 14.924186194048117}
{"docno": "Sc97ab4d9-Ac8a905c4", "score": 14.89997162500125}
{"docno": "Sebf0ab1b-A5f42b715", "score": 14.87166637918181}
{"docno": "S2e8edb4f-A9ce63f3d", "score": 14.857322794446818}
{"docno": "S384991a9-Ac892620", "score": 14.771838981648973}
{"docno": "S2e8edb4f-Af1ef8e01", "score": 14.766337456434606}
{"docno": "S95769c7a-A828bcdb4", "score": 14.70705527838856}
{"docno": "S33b817a-A4918fdbc", "score": 14.703975739720526}
{"docno": "Sd05cb2be-Ac2f89498", "score": 14.644364158462807}
{"docno": "Sd05cb29f-Ac2f89498", "score": 14.644364158462807}
{"docno": "S69d892e-Ad8ce8cc4", "score": 14.606397715169779}
{"docno": "S64748291-A85c5da7f", "score": 14.606397715169779}
{"docno": "S2626df18-A77da1803", "score": 14.579177750567293}
{"docno": "S5941421a-A5edd57e", "score": 14.45499243846289}
{"docno": "Sd0e3a01f-A6cf5e204", "score": 14.388528562540431}
{"docno": "S8d3d280d-A46dea061", "score": 14.379724607593483}
{"docno": "Sa82d5442-A4d5560b4", "score": 14.369939425530115}
{"docno": "Sa82d5461-Aeb67d910", "score": 14.369939425530115}
{"docno": "S79228a3b-A3e9d4fb7", "score": 14.331233382313}
{"docno": "S8aed976f-Aaad313e4", "score": 14.329980017415643}
{"docno": "S58007153-Abe8b632a", "score": 14.327056351711915}
{"docno": "S1d882e9c-A510bec2b", "score": 14.250402893218885}
{"docno": "S180c0226-A3d03c63a", "score": 14.240156878922145}
{"docno": "S828ec24d-Ae22b571c", "score": 14.238713166547742}
{"docno": "Se3d235e2-A9043d473", "score": 14.205674348718341}
{"docno": "S16f3dc63-A288dde5e", "score": 14.150027001216829}
{"docno": "Sa82d5442-Afaeb2c36", "score": 14.118817211050615}
{"docno": "S8eeab760-A4555e543", "score": 14.086331817436385}
{"docno": "S69d892e-Ac8373b84", "score": 14.061030861446161}
{"docno": "S129ce23f-A3a8077f1", "score": 14.000923544218413}
{"docno": "S90ec04d-Aac4bf600", "score": 13.992117151905827}
{"docno": "S5941421a-A53d56682", "score": 13.972683810082126}
{"docno": "Sf0feb825-A171cfb3c", "score": 13.925895068724177}
{"docno": "S180c0226-A6635eab2", "score": 13.902801507370254}
{"docno": "S8d6f8754-Ada17ba6d", "score": 13.855385238445333}
{"docno": "S57f0866c-A212a2551", "score": 13.853562963144745}
{"docno": "S70942f13-A3e348502", "score": 13.848099012120153}
{"docno": "S12209678-A24ba2586", "score": 13.848099012120153}
{"docno": "S49fc1d88-A8c0e6c7b", "score": 13.796567797175943}
{"docno": "Sac45b77d-A34d51a2", "score": 13.796567797175943}
{"docno": "Sab4d5c9d-Aa01bee57", "score": 13.77947584515726}
{"docno": "S64748291-A6717e8f8", "score": 13.744073530385782}
{"docno": "Sd188b434-A6e7d8bc7", "score": 13.74003967917368}
{"docno": "Sc852a521-Aef006a5c", "score": 13.734664892773026}
{"docno": "S5465d130-Ae973fbb", "score": 13.734664892773026}
{"docno": "S1d882e9c-Abf5d99bb", "score": 13.69576926564308}
{"docno": "Sadf9214a-A9b80fbb1", "score": 13.663881217253387}
{"docno": "Sebd53e8-A359fcd72", "score": 13.630125318190556}
{"docno": "S8f660b04-A9b89bf87", "score": 13.630125318190556}
{"docno": "S2e8eda76-A425f4f0c", "score": 13.623074023635013}
{"docno": "Sac45b77d-A97413618", "score": 13.623074023635013}
{"docno": "Sf2b66258-A6136d67e", "score": 13.609408078389784}
{"docno": "S48ef73d-A8097e66e", "score": 13.593292180030708}
{"docno": "Sa82d5461-A39c5b9c2", "score": 13.57320090154924}
{"docno": "S2e8eda57-A131cb2ad", "score": 13.513281838890691}
{"type": "toggleArgument", "timestamp": "2025-06-26T11:01:22.981Z", "sessionID": "1b7709ac-b8ec-4008-b9b2-eea194ae7524", "rank": "2", "doc": "S2e8eda57-A72f79d22", "action": "expand", "doclen": 493, "score": 18.482851116178164}
{"type": "toggleArgument", "timestamp": "2025-06-26T11:01:31.613Z", "sessionID": "1b7709ac-b8ec-4008-b9b2-eea194ae7524", "rank": "3", "doc": "Sb801a11e-Af81d3042", "action": "expand", "doclen": 1189, "score": 16.60205589867872}
{"type": "toggleArgument", "timestamp": "2025-06-26T11:01:37.454Z", "sessionID": "1b7709ac-b8ec-4008-b9b2-eea194ae7524", "rank": "4", "doc": "S828ec24d-A3bf1d572", "action": "expand", "doclen": 1453, "score": 17.448314525389723}
{"type": "StanceClicked", "timestamp": "2025-06-26T11:02:02.038Z", "sessionID": "1b7709ac-b8ec-4008-b9b2-eea194ae7524", "rank": "4", "stance": "pro", "action": "chooseStance", "doc": "S828ec24d-A3bf1d572", "doclen": 1453, "score": 17.448314525389723}
{"type": "toggleArgument", "timestamp": "2025-06-26T11:02:04.997Z", "sessionID": "1b7709ac-b8ec-4008-b9b2-eea194ae7524", "rank": "5", "doc": "S2e8eda76-Ae6cc60b0", "action": "expand", "doclen": 641, "score": 17.75996321746854}
{"type": "toggleArgument", "timestamp": "2025-06-26T11:02:29.821Z", "sessionID": "1b7709ac-b8ec-4008-b9b2-eea194ae7524", "rank": "6", "doc": "S7eabc63c-Ac2eceb01", "action": "expand", "doclen": 658, "score": 18.505404995885165}
{"type": "StanceClicked", "timestamp": "2025-06-26T11:02:49.869Z", "sessionID": "1b7709ac-b8ec-4008-b9b2-eea194ae7524", "rank": "6", "stance": "con", "action": "chooseStance", "doc": "S7eabc63c-Ac2eceb01", "doclen": 658, "score": 18.505404995885165}
{"type": "toggleArgument", "timestamp": "2025-06-26T11:02:53.109Z", "sessionID": "1b7709ac-b8ec-4008-b9b2-eea194ae7524", "rank": "8", "doc": "Seb7cbdce-Aa7ea8a86", "action": "expand", "doclen": 690, "score": 18.188339504521842}
{"type": "StanceClicked", "timestamp": "2025-06-26T11:03:05.398Z", "sessionID": "1b7709ac-b8ec-4008-b9b2-eea194ae7524", "rank": "8", "stance": "pro", "action": "chooseStance", "doc": "Seb7cbdce-Aa7ea8a86", "doclen": 690, "score": 18.188339504521842}
{"type": "toggleArgument", "timestamp": "2025-06-26T11:03:07.046Z", "sessionID": "1b7709ac-b8ec-4008-b9b2-eea194ae7524", "rank": "9", "doc": "S828ec24d-A1c006255", "action": "expand", "doclen": 887, "score": 16.122307789535014}
{"type": "StanceClicked", "timestamp": "2025-06-26T11:03:14.750Z", "sessionID": "1b7709ac-b8ec-4008-b9b2-eea194ae7524", "rank": "9", "stance": "pro", "action": "chooseStance", "doc": "S828ec24d-A1c006255", "doclen": 887, "score": 16.122307789535014}
{"type": "toggleArgument", "timestamp": "2025-06-26T11:03:17.150Z", "sessionID": "1b7709ac-b8ec-4008-b9b2-eea194ae7524", "rank": "10", "doc": "S90ec04d-Ad357f63b", "action": "expand", "doclen": 274, "score": 16.06834772869847}
{"type": "pageNavigationClicked", "timestamp": "2025-06-26T11:03:21.118Z", "sessionID": "1b7709ac-b8ec-4008-b9b2-eea194ae7524", "clicked": "2", "fromPage": 1, "toPage": 2}
{"type": "toggleArgument", "timestamp": "2025-06-26T11:03:24.774Z", "sessionID": "1b7709ac-b8ec-4008-b9b2-eea194ae7524", "rank": "11", "doc": "Sda18aa91-Ae821625d", "action": "expand", "doclen": 168, "score": 16.040281513438988}
{"type": "toggleArgument", "timestamp": "2025-06-26T11:03:34.357Z", "sessionID": "1b7709ac-b8ec-4008-b9b2-eea194ae7524", "rank": "13", "doc": "S129ce23f-Ac96c02af", "action": "expand", "doclen": 1251, "score": 15.839803100868764}
{"type": "StanceClicked", "timestamp": "2025-06-26T11:03:44.662Z", "sessionID": "1b7709ac-b8ec-4008-b9b2-eea194ae7524", "rank": "13", "stance": "pro", "action": "chooseStance", "doc": "S129ce23f-Ac96c02af", "doclen": 1251, "score": 15.839803100868764}
{"type": "toggleArgument", "timestamp": "2025-06-26T11:03:47.933Z", "sessionID": "1b7709ac-b8ec-4008-b9b2-eea194ae7524", "rank": "14", "doc": "S7ff8bc0b-A1102375f", "action": "expand", "doclen": 200, "score": 15.665623390951579}
{"type": "toggleArgument", "timestamp": "2025-06-26T11:03:53.654Z", "sessionID": "1b7709ac-b8ec-4008-b9b2-eea194ae7524", "rank": "17", "doc": "S8e65f903-A22f4376a", "action": "expand", "doclen": 733, "score": 17.02545691882937}
{"type": "toggleArgument", "timestamp": "2025-06-26T11:04:01.038Z", "sessionID": "1b7709ac-b8ec-4008-b9b2-eea194ae7524", "rank": "19", "doc": "Sfad42a17-Ae8e50596", "action": "expand", "doclen": 2148, "score": 16.727704762636947}
{"type": "toggleArgument", "timestamp": "2025-06-26T11:04:10.861Z", "sessionID": "1b7709ac-b8ec-4008-b9b2-eea194ae7524", "rank": "20", "doc": "Sdd59ecf8-Abc922906", "action": "expand", "doclen": 1041, "score": 15.501269043421601}
{"type": "StanceClicked", "timestamp": "2025-06-26T11:04:24.486Z", "sessionID": "1b7709ac-b8ec-4008-b9b2-eea194ae7524", "rank": "20", "stance": "pro", "action": "chooseStance", "doc": "Sdd59ecf8-Abc922906", "doclen": 1041, "score": 15.501269043421601}
{"type": "pageNavigationClicked", "timestamp": "2025-06-26T11:04:25.461Z", "sessionID": "1b7709ac-b8ec-4008-b9b2-eea194ae7524", "clicked": "3", "fromPage": 2, "toPage": 3}
{"type": "toggleArgument", "timestamp": "2025-06-26T11:04:28.462Z", "sessionID": "1b7709ac-b8ec-4008-b9b2-eea194ae7524", "rank": "21", "doc": "Sfad42a17-A459fa583", "action": "expand", "doclen": 2545, "score": 17.516226999125397}
{"type": "StanceClicked", "timestamp": "2025-06-26T11:05:02.502Z", "sessionID": "1b7709ac-b8ec-4008-b9b2-eea194ae7524", "rank": "21", "stance": "pro", "action": "chooseStance", "doc": "Sfad42a17-A459fa583", "doclen": 2545, "score": 17.516226999125397}
{"type": "toggleArgument", "timestamp": "2025-06-26T11:05:05.357Z", "sessionID": "1b7709ac-b8ec-4008-b9b2-eea194ae7524", "rank": "22", "doc": "Sd98175c5-Afa1e1d7b", "action": "expand", "doclen": 928, "score": 15.496037635852767}
{"type": "toggleArgument", "timestamp": "2025-06-26T11:05:21.837Z", "sessionID": "1b7709ac-b8ec-4008-b9b2-eea194ae7524", "rank": "24", "doc": "S7648964d-A161ad842", "action": "expand", "doclen": 506, "score": 17.024735366278865}
{"type": "toggleArgument", "timestamp": "2025-06-26T11:05:33.190Z", "sessionID": "1b7709ac-b8ec-4008-b9b2-eea194ae7524", "rank": "25", "doc": "Sfad42a17-A8600f866", "action": "expand", "doclen": 1601, "score": 16.810310362321918}
{"type": "StanceClicked", "timestamp": "2025-06-26T11:05:43.309Z", "sessionID": "1b7709ac-b8ec-4008-b9b2-eea194ae7524", "rank": "25", "stance": "pro", "action": "chooseStance", "doc": "Sfad42a17-A8600f866", "doclen": 1601, "score": 16.810310362321918}
{"type": "toggleArgument", "timestamp": "2025-06-26T11:05:51.277Z", "sessionID": "1b7709ac-b8ec-4008-b9b2-eea194ae7524", "rank": "26", "doc": "S8eeab760-A787404a4", "action": "expand", "doclen": 749, "score": 16.71880661452255}
{"type": "StanceClicked", "timestamp": "2025-06-26T11:06:09.597Z", "sessionID": "1b7709ac-b8ec-4008-b9b2-eea194ae7524", "rank": "26", "stance": "pro", "action": "chooseStance", "doc": "S8eeab760-A787404a4", "doclen": 749, "score": 16.71880661452255}
{"type": "toggleArgument", "timestamp": "2025-06-26T11:06:12.101Z", "sessionID": "1b7709ac-b8ec-4008-b9b2-eea194ae7524", "rank": "27", "doc": "S2e8eda57-Ac1fb986c", "action": "expand", "doclen": 271, "score": 17.6806321581839}
{"type": "toggleArgument", "timestamp": "2025-06-26T11:06:18.325Z", "sessionID": "1b7709ac-b8ec-4008-b9b2-eea194ae7524", "rank": "28", "doc": "S64748291-A4aa936aa", "action": "expand", "doclen": 2697, "score": 15.370959487076073}
{"type": "toggleArgument", "timestamp": "2025-06-26T11:06:55.445Z", "sessionID": "1b7709ac-b8ec-4008-b9b2-eea194ae7524", "rank": "29", "doc": "S2e8eda57-A958880c6", "action": "expand", "doclen": 693, "score": 15.333628124135323}
{"type": "StanceClicked", "timestamp": "2025-06-26T11:07:23.245Z", "sessionID": "1b7709ac-b8ec-4008-b9b2-eea194ae7524", "rank": "29", "stance": "con", "action": "chooseStance", "doc": "S2e8eda57-A958880c6", "doclen": 693, "score": 15.333628124135323}
{"type": "queryBoxFocused", "timestamp": "2025-06-26T11:07:24.160Z", "sessionID": "1b7709ac-b8ec-4008-b9b2-eea194ae7524"}
{"type": "querySubmitted", "timestamp": "2025-06-26T11:07:33.524Z", "sessionID": "1b7709ac-b8ec-4008-b9b2-eea194ae7524", "query": "vegetarian animal"}
{"docno": "S64d7e0c5-A2845f549", "score": 24.178238342624212}
{"docno": "Sfad42a17-Ae8e50596", "score": 23.423740415050233}
{"docno": "S180c0226-Ad13a8204", "score": 23.256434026403674}
{"docno": "Se3d235e2-A55ad3fa8", "score": 23.07603173739495}
{"docno": "S2e8eda57-A72f79d22", "score": 22.959375746052615}
{"docno": "S2e8eda57-A958880c6", "score": 22.77557668608187}
{"docno": "S58007153-Abe8b632a", "score": 22.708901292627967}
{"docno": "Sd05cb2be-Ac2f89498", "score": 22.478622084632597}
{"docno": "Sd05cb29f-Ac2f89498", "score": 22.478622084632597}
{"docno": "Sdd59ecf8-Abc922906", "score": 22.43592231999039}
{"docno": "S2e8edb11-A9f31fa1e", "score": 22.388467225239626}
{"docno": "Sebd53e8-A4780650", "score": 22.373958302744438}
{"docno": "Sdcbaec56-Aff55aaca", "score": 22.3429014591718}
{"docno": "S2e8eda57-Ac1fb986c", "score": 22.221378984443724}
{"docno": "S8d3d280d-A46dea061", "score": 22.07240899212351}
{"docno": "S8aed976f-A6bc9256a", "score": 21.905761125985624}
{"docno": "Sd188b434-A6e7d8bc7", "score": 21.8686953905003}
{"docno": "Sebf0ab1b-A5f42b715", "score": 21.868311293691477}
{"docno": "S64748291-A85c5da7f", "score": 21.685379911806912}
{"docno": "S8eeab760-A4555e543", "score": 21.622060613666523}
{"docno": "S5941421a-A5edd57e", "score": 21.592859960326443}
{"docno": "S7b65bdc-A79145b84", "score": 21.588939241238013}
{"docno": "S8f660b04-A9b89bf87", "score": 21.497920951963376}
{"docno": "Seb7cbdce-Aa7ea8a86", "score": 21.39601375512655}
{"docno": "S41449c82-A1d87870c", "score": 21.363418581302312}
{"docno": "Sdd59ecf8-A27cd73ff", "score": 21.363418581302312}
{"docno": "Sf2b66258-A6136d67e", "score": 21.265096773613354}
{"docno": "Sadf9214a-A9b80fbb1", "score": 21.249689085474433}
{"docno": "S384991a9-Ac892620", "score": 21.177473134946354}
{"docno": "S5465d130-Ae973fbb", "score": 21.08226333645907}
{"docno": "S2e8edaf2-Aee67d174", "score": 21.01851392454585}
{"docno": "Sd52eef7-A7bf8320c", "score": 20.968402027492736}
{"docno": "S2e8eda76-A425f4f0c", "score": 20.91097498632613}
{"docno": "S7b65bdc-A6c36f854", "score": 20.80604788840995}
{"docno": "Sfe5315b2-Aeea9376d", "score": 20.76675857346799}
{"docno": "Sbaba6582-Ae426487d", "score": 20.68421792871746}
{"docno": "S8f660b04-Aac758ca5", "score": 20.628941670663778}
{"docno": "S304074fb-A2dbc2b61", "score": 20.620662048437264}
{"docno": "Sc6d799ed-Aa71bbe72", "score": 20.604969439048425}
{"docno": "S8eeab760-A787404a4", "score": 20.504985177611708}
{"docno": "Seb02dec1-A9ea610c5", "score": 20.46667957115443}
{"docno": "Sbe732dfd-A2c2a1a88", "score": 20.4315722954422}
{"docno": "Sbaba6582-Aee4620f0", "score": 20.429258331978474}
{"docno": "S180c0226-A3d03c63a", "score": 20.28019048382378}
{"docno": "S2e8eda76-A57d407c3", "score": 20.252779032555985}
{"docno": "Sab4d5c9d-Aa01bee57", "score": 20.231182829172212}
{"docno": "S2abb75b-A4dc8b6fe", "score": 20.209894437488103}
{"docno": "Sd98175c5-Afa1e1d7b", "score": 20.14176110881797}
{"docno": "S33e02e28-Ae85c9ae7", "score": 20.098392702204265}
{"docno": "Sd188b434-A60804c81", "score": 20.086885168144722}
{"docno": "S1d882e9c-A510bec2b", "score": 20.000066854457568}
{"docno": "S96b3dd5b-Adaccb1c6", "score": 19.994928622244593}
{"docno": "Sfe5315b2-Ade17c6c8", "score": 19.90139510911456}
{"docno": "S5106197d-Af9887ba1", "score": 19.780004127996065}
{"docno": "Sd52eef7-A1d4c1be5", "score": 19.712201544271412}
{"docno": "S57f0866c-A212a2551", "score": 19.637646460379386}
{"docno": "Sd37a3269-A7dafb90b", "score": 19.634753553094985}
{"docno": "S872fb369-Aa57e8535", "score": 19.582603129244564}
{"docno": "S79228a3b-A2e8c28a3", "score": 19.555953032272825}
{"docno": "Sac45b77d-A34d51a2", "score": 19.54359296962258}
{"docno": "S3de07bbf-A90c632ea", "score": 19.52722959539333}
{"docno": "S272dfd04-A6f0c947a", "score": 19.47648409005707}
{"docno": "S43a5f7e-Af14190fa", "score": 19.41960324130723}
{"docno": "S3cc9c03f-Aa6aede9", "score": 19.40150574100616}
{"docno": "Se3d235e2-A9a9450e9", "score": 19.40150574100616}
{"docno": "S16f3dc63-A288dde5e", "score": 19.395116637699207}
{"docno": "S8f5fb7d2-A7069a078", "score": 19.36408186114142}
{"docno": "S78a82aa9-A642cdbb3", "score": 19.33967280057259}
{"docno": "S2e8eda76-Aabdeb98e", "score": 19.30056424536625}
{"docno": "S4022d5b6-Ae0b7608b", "score": 19.287835627510777}
{"docno": "Sa82d5461-A39c5b9c2", "score": 19.176622734716968}
{"docno": "S1e95ac04-A98fae6f4", "score": 19.150714313710523}
{"docno": "S2e8edb4f-Af1ef8e01", "score": 19.109467766205483}
{"docno": "S2626df18-A77da1803", "score": 19.084885829459463}
{"docno": "S8eeab760-A1d86ae73", "score": 19.053329968212896}
{"docno": "S61b66cc4-Aff11d25", "score": 18.913314875747837}
{"docno": "Sa78f9082-A998424d7", "score": 18.89604125944978}
{"docno": "S39ecbe5b-Aefe52c5b", "score": 18.876101841644992}
{"docno": "Sb801a11e-Acbcfb69", "score": 18.87311513922092}
{"docno": "S5cbff73e-Ab1d1416c", "score": 18.85066728449028}
{"docno": "S970346b5-A6bee1f9c", "score": 18.827284733500612}
{"docno": "Saeeb3794-Ad99b434b", "score": 18.816056222277467}
{"docno": "S5941421a-A53d56682", "score": 18.794408091449235}
{"docno": "Se3d235e2-A52cee72a", "score": 18.743868081903155}
{"docno": "Sd37a3269-Aeff2d4b9", "score": 18.710564845725912}
{"docno": "Sab4685e1-A50ad8ab", "score": 18.698041320822025}
{"docno": "S7eabc63c-Ae2937b61", "score": 18.681946239126788}
{"docno": "Sefcd9117-A42fe4ea6", "score": 18.66421884385386}
{"docno": "S8aed976f-Aaad313e4", "score": 18.661622180151255}
{"docno": "S39ecbe5b-Aa72176eb", "score": 18.63862950114158}
{"docno": "S272dfd04-Aff01df74", "score": 18.610360216236117}
{"docno": "S91a31cf-Abae02f2c", "score": 18.606845222034398}
{"docno": "Sbaba6582-A8944b878", "score": 18.578421835412986}
{"docno": "S2e8edaf2-Acdccb1e7", "score": 18.567893950604812}
{"docno": "Sc6d799ed-A1ae2242a", "score": 18.505350232061446}
{"docno": "S57f0866c-Ad3c95468", "score": 18.505350232061446}
{"docno": "S69d892e-A53cbb404", "score": 18.48818328129275}
{"docno": "S129ce23f-A1df92f0e", "score": 18.42397147259177}
{"docno": "Sf3baef00-Aea6c02c0", "score": 18.39701935839647}
{"docno": "S88ad86c0-Ad738fb55", "score": 18.385323867055728}
{"type": "toggleArgument", "timestamp": "2025-06-26T11:07:39.412Z", "sessionID": "1b7709ac-b8ec-4008-b9b2-eea194ae7524", "rank": "3", "doc": "S180c0226-Ad13a8204", "action": "expand", "doclen": 1477, "score": 15.151092786187894}
{"type": "StanceClicked", "timestamp": "2025-06-26T11:07:46.373Z", "sessionID": "1b7709ac-b8ec-4008-b9b2-eea194ae7524", "rank": "3", "stance": "pro", "action": "chooseStance", "doc": "S180c0226-Ad13a8204", "doclen": 1477, "score": 15.151092786187894}
{"type": "toggleArgument", "timestamp": "2025-06-26T11:07:49.052Z", "sessionID": "1b7709ac-b8ec-4008-b9b2-eea194ae7524", "rank": "4", "doc": "Se3d235e2-A55ad3fa8", "action": "expand", "doclen": 283, "score": 15.033564371620608}
{"type": "StanceClicked", "timestamp": "2025-06-26T11:07:56.620Z", "sessionID": "1b7709ac-b8ec-4008-b9b2-eea194ae7524", "rank": "4", "stance": "pro", "action": "chooseStance", "doc": "Se3d235e2-A55ad3fa8", "doclen": 283, "score": 15.033564371620608}
{"type": "toggleArgument", "timestamp": "2025-06-26T11:07:58.164Z", "sessionID": "1b7709ac-b8ec-4008-b9b2-eea194ae7524", "rank": "5", "doc": "S2e8eda57-A72f79d22", "action": "expand", "doclen": 493, "score": 18.482851116178164}
{"type": "toggleArgument", "timestamp": "2025-06-26T11:08:08.148Z", "sessionID": "1b7709ac-b8ec-4008-b9b2-eea194ae7524", "rank": "7", "doc": "S58007153-Abe8b632a", "action": "expand", "doclen": 455, "score": 15.918787021651072}
{"type": "StanceClicked", "timestamp": "2025-06-26T11:08:15.765Z", "sessionID": "1b7709ac-b8ec-4008-b9b2-eea194ae7524", "rank": "7", "stance": "pro", "action": "chooseStance", "doc": "S58007153-Abe8b632a", "doclen": 455, "score": 15.918787021651072}
{"type": "toggleArgument", "timestamp": "2025-06-26T11:08:27.252Z", "sessionID": "1b7709ac-b8ec-4008-b9b2-eea194ae7524", "rank": "8", "doc": "Sd05cb2be-Ac2f89498", "action": "expand", "doclen": 2162, "score": 15.832555292449936}
{"type": "toggleArgument", "timestamp": "2025-06-26T11:08:30.140Z", "sessionID": "1b7709ac-b8ec-4008-b9b2-eea194ae7524", "rank": "9", "doc": "Sd05cb29f-Ac2f89498", "action": "expand", "doclen": 2162, "score": 15.832555292449936}
{"type": "toggleArgument", "timestamp": "2025-06-26T11:08:32.844Z", "sessionID": "1b7709ac-b8ec-4008-b9b2-eea194ae7524", "rank": "10", "doc": "Sdd59ecf8-Abc922906", "action": "expand", "doclen": 1041, "score": 15.501269043421601}
{"type": "pageNavigationClicked", "timestamp": "2025-06-26T11:08:34.556Z", "sessionID": "1b7709ac-b8ec-4008-b9b2-eea194ae7524", "clicked": "2", "fromPage": 1, "toPage": 2}
{"type": "toggleArgument", "timestamp": "2025-06-26T11:08:39.692Z", "sessionID": "1b7709ac-b8ec-4008-b9b2-eea194ae7524", "rank": "12", "doc": "Sebd53e8-A4780650", "action": "expand", "doclen": 2078, "score": 16.28851577161898}
{"type": "toggleArgument", "timestamp": "2025-06-26T11:08:50.508Z", "sessionID": "1b7709ac-b8ec-4008-b9b2-eea194ae7524", "rank": "13", "doc": "Sdcbaec56-Aff55aaca", "action": "expand", "doclen": 1250, "score": 16.67617021855928}
{"type": "StanceClicked", "timestamp": "2025-06-26T11:09:05.980Z", "sessionID": "1b7709ac-b8ec-4008-b9b2-eea194ae7524", "rank": "13", "stance": "pro", "action": "chooseStance", "doc": "Sdcbaec56-Aff55aaca", "doclen": 1250, "score": 16.67617021855928}
{"type": "toggleArgument", "timestamp": "2025-06-26T11:09:10.971Z", "sessionID": "1b7709ac-b8ec-4008-b9b2-eea194ae7524", "rank": "15", "doc": "S8d3d280d-A46dea061", "action": "expand", "doclen": 1163, "score": 14.379724607593483}
{"type": "StanceClicked", "timestamp": "2025-06-26T11:09:41.051Z", "sessionID": "1b7709ac-b8ec-4008-b9b2-eea194ae7524", "rank": "15", "stance": "pro", "action": "chooseStance", "doc": "S8d3d280d-A46dea061", "doclen": 1163, "score": 14.379724607593483}
{"type": "toggleArgument", "timestamp": "2025-06-26T11:09:43.707Z", "sessionID": "1b7709ac-b8ec-4008-b9b2-eea194ae7524", "rank": "16", "doc": "S8aed976f-A6bc9256a", "action": "expand", "doclen": 2989, "score": 16.94403896961973}
{"type": "toggleArgument", "timestamp": "2025-06-26T11:09:50.867Z", "sessionID": "1b7709ac-b8ec-4008-b9b2-eea194ae7524", "rank": "17", "doc": "Sd188b434-A6e7d8bc7", "action": "expand", "doclen": 576, "score": 15.98016073394417}
{"type": "toggleArgument", "timestamp": "2025-06-26T11:10:17.931Z", "sessionID": "1b7709ac-b8ec-4008-b9b2-eea194ae7524", "rank": "18", "doc": "Sebf0ab1b-A5f42b715", "action": "expand", "doclen": 2228, "score": 14.87166637918181}
{"type": "toggleArgument", "timestamp": "2025-06-26T11:10:20.411Z", "sessionID": "1b7709ac-b8ec-4008-b9b2-eea194ae7524", "rank": "19", "doc": "S64748291-A85c5da7f", "action": "expand", "doclen": 2740, "score": 15.642143962585005}
{"type": "toggleArgument", "timestamp": "2025-06-26T11:11:04.633Z", "sessionID": "1b7709ac-b8ec-4008-b9b2-eea194ae7524", "rank": "20", "doc": "S8eeab760-A4555e543", "action": "expand", "doclen": 462, "score": 15.635919915566081}
{"type": "StanceClicked", "timestamp": "2025-06-26T11:11:13.219Z", "sessionID": "1b7709ac-b8ec-4008-b9b2-eea194ae7524", "rank": "20", "stance": "pro", "action": "chooseStance", "doc": "S8eeab760-A4555e543", "doclen": 462, "score": 15.635919915566081}
{"type": "pageNavigationClicked", "timestamp": "2025-06-26T11:11:14.914Z", "sessionID": "1b7709ac-b8ec-4008-b9b2-eea194ae7524", "clicked": "3", "fromPage": 2, "toPage": 3}
{"type": "toggleArgument", "timestamp": "2025-06-26T11:11:18.210Z", "sessionID": "1b7709ac-b8ec-4008-b9b2-eea194ae7524", "rank": "21", "doc": "S5941421a-A5edd57e", "action": "expand", "doclen": 2626, "score": 15.608070294255464}
{"type": "toggleArgument", "timestamp": "2025-06-26T11:11:43.729Z", "sessionID": "1b7709ac-b8ec-4008-b9b2-eea194ae7524", "rank": "23", "doc": "S8f660b04-A9b89bf87", "action": "expand", "doclen": 1020, "score": 13.630125318190556}
{"type": "toggleArgument", "timestamp": "2025-06-26T11:12:12.130Z", "sessionID": "1b7709ac-b8ec-4008-b9b2-eea194ae7524", "rank": "24", "doc": "Seb7cbdce-Aa7ea8a86", "action": "expand", "doclen": 690, "score": 18.188339504521842}
{"type": "ClickedEndTask", "timestamp": "2025-06-26T11:12:23.355Z", "sessionID": "1b7709ac-b8ec-4008-b9b2-eea194ae7524"}
{"type": "TaskEndConfirmed", "timestamp": "2025-06-26T11:12:26.754Z", "sessionID": "1b7709ac-b8ec-4008-b9b2-eea194ae7524"}
{"type": "TaskEnded", "timestamp": "2025-06-26T11:12:42.195Z", "sessionID": "1b7709ac-b8ec-4008-b9b2-eea194ae7524", "reason": "running out of time", "translated_reason": "Running out of time"}
