{"type": "idSubmitted", "timestamp": "2025-06-26T10:46:37.469Z", "sessionID": "a9954d7b-e245-4e29-ab01-712274928e82", "uid": "Participant11"}
{"type": "TaskStarted", "timestamp": "2025-06-26T10:47:09.578Z", "sessionID": "a9954d7b-e245-4e29-ab01-712274928e82", "task": "1", "uid": "Participant11", "topic": "Placeholder Topic"}
{"type": "queryBoxFocused", "timestamp": "2025-06-26T10:47:12.396Z", "sessionID": "a9954d7b-e245-4e29-ab01-712274928e82"}
{"type": "querySubmitted", "timestamp": "2025-06-26T10:47:17.942Z", "sessionID": "a9954d7b-e245-4e29-ab01-712274928e82", "query": "school uniform"}
{"docno": "Sc618f3a4-Ac9b3e765", "score": 22.399721036947533}
{"docno": "S273d903e-A5bfe1e6a", "score": 22.385185900884515}
{"docno": "S720383e6-A16d3af3c", "score": 22.255763836992138}
{"docno": "Sdf002939-A16fb02cb", "score": 22.220039659525117}
{"docno": "S887e6e0-Af1364e9e", "score": 22.20939805412722}
{"docno": "S6a52a743-A7624067e", "score": 22.174522913413824}
{"docno": "S2403606c-A56c58a86", "score": 22.11965073632539}
{"docno": "S359fde49-Aff3c3e2e", "score": 22.078762845231644}
{"docno": "Sb5339025-A3c6e9b3f", "score": 22.001804325998908}
{"docno": "S273d903e-A52ec20d0", "score": 21.93941781161695}
{"docno": "Sdf002939-A4ef9cc8b", "score": 21.85479848707372}
{"docno": "Se185ae98-A6a8662fe", "score": 21.762622511325716}
{"docno": "Sfa922cd8-A64be56e9", "score": 21.70001823584657}
{"docno": "S2403510b-A97301e4", "score": 21.692333109612463}
{"docno": "S292904b-Aec518638", "score": 21.664957317059237}
{"docno": "Scfdae7-A485637a2", "score": 21.613725705890598}
{"docno": "Sf84713e2-Aed865cae", "score": 21.576076062642464}
{"docno": "S563c9db1-Aea328b67", "score": 21.561423405691915}
{"docno": "S24034d4a-Ae2db6818", "score": 21.553404408482933}
{"docno": "S720383e6-A397202ee", "score": 21.550064107864458}
{"docno": "Se2027ef-Ae88be93a", "score": 21.527767978268432}
{"docno": "S24035ce9-Adff53a23", "score": 21.52658988294106}
{"docno": "Scf8440ca-A21ca2745", "score": 21.52658988294106}
{"docno": "S8897f051-Afc319111", "score": 21.5175745997916}
{"docno": "See90c5c6-A5240b29a", "score": 21.417513887658693}
{"docno": "Sb959db22-A5fdcbadc", "score": 21.406705809283785}
{"docno": "S24035fd1-A2c969fa6", "score": 21.392081842949132}
{"docno": "S3e9161d2-A624aa6a1", "score": 21.381820063712322}
{"docno": "Se185aed6-Afe329e72", "score": 21.379811731101512}
{"docno": "S6a52a7bf-Aef6dcdf2", "score": 21.37949441251075}
{"docno": "S2668f48-Afe58916d", "score": 21.371865739940606}
{"docno": "S2ee9faf4-Ae0e8945f", "score": 21.363215475564612}
{"docno": "S4430de8b-Af36b4048", "score": 21.358012932538376}
{"docno": "S94533937-Ad086d150", "score": 21.35116354456258}
{"docno": "S653654bc-A20e53402", "score": 21.328956341224757}
{"docno": "S9389d854-Abfba3ae0", "score": 21.326150973344433}
{"docno": "Sfdd5b3a4-Ac1b9965b", "score": 21.29662510892463}
{"docno": "Sea9e1cc0-A31d6941b", "score": 21.262673108378777}
{"docno": "S24034625-Aa0da653b", "score": 21.252826365527294}
{"docno": "S1f6b2834-A7e5e2a25", "score": 21.251123916079237}
{"docno": "S684780b9-A25b2a1a5", "score": 21.24546196626611}
{"docno": "S4430de8b-Ab3ebb383", "score": 21.236472748095487}
{"docno": "S887e6e0-Ae00b4174", "score": 21.21211617368004}
{"docno": "S1f6b2834-A52ba360f", "score": 21.201339568224338}
{"docno": "S24035fd1-A3c3daa20", "score": 21.191053003161134}
{"docno": "S8ae1260a-Afefa03d5", "score": 21.18950582533243}
{"docno": "S46c53f41-Ab8999033", "score": 21.18112683047082}
{"docno": "S24034663-A6358d56", "score": 21.155904840174575}
{"docno": "S8156d8db-A1bbc352a", "score": 21.154877041060676}
{"docno": "Se02123c0-A4a0bc817", "score": 21.152361623127682}
{"docno": "Sc617f5ab-Aa49d13a4", "score": 21.13079367335253}
{"docno": "Sa6993c62-Adb214d53", "score": 21.12720401308369}
{"docno": "Sb5339025-Aa854af0b", "score": 21.123707200424295}
{"docno": "Sb959db22-A56fb457c", "score": 21.093560350462}
{"docno": "S563c9db1-A80fdab75", "score": 21.083464182671598}
{"docno": "S5417872f-Afc163de", "score": 21.07904557087364}
{"docno": "Sa7f5e454-Aa1f0762e", "score": 21.07904557087364}
{"docno": "S89208796-A49877b40", "score": 21.077628141562613}
{"docno": "Sf4e9fcc1-A104ac2a2", "score": 21.073175309342787}
{"docno": "Sef3bf44-A967dc034", "score": 21.063298566640235}
{"docno": "S4430de8b-Af1b6d6e1", "score": 21.0548899596117}
{"docno": "S5f1c7022-A7c2edd58", "score": 21.053889481690227}
{"docno": "S4430de8b-A69be20d9", "score": 21.04511621000069}
{"docno": "Sf0deef6e-A4b4d5a43", "score": 21.009942144804356}
{"docno": "S4c9720fc-A829ffe20", "score": 21.00866609132482}
{"docno": "S54d229b5-A9481ec40", "score": 20.99762868042276}
{"docno": "Se9900875-Aef18f8e1", "score": 20.980938840058805}
{"docno": "S6f5c7d0-Aad982034", "score": 20.963210827448734}
{"docno": "Se6f906f4-Aed2315b2", "score": 20.963210827448734}
{"docno": "S16833a0f-Aed0f369c", "score": 20.9502758663238}
{"docno": "S2f43719d-A693db4cb", "score": 20.949601520185848}
{"docno": "S2f076d70-A97b03b79", "score": 20.920068760276937}
{"docno": "S720383e6-A3e03cc9f", "score": 20.91791941850467}
{"docno": "Sb4694402-Ac2036980", "score": 20.917497402662082}
{"docno": "Sa54d8ac8-A355b69ac", "score": 20.917104610417216}
{"docno": "S16833a0f-A1dca1094", "score": 20.917104610417216}
{"docno": "S1f6b2853-Afc932920", "score": 20.9033499397325}
{"docno": "S46c53f41-A16abe10d", "score": 20.901381027011244}
{"docno": "Sdb524bb6-Aff89791a", "score": 20.89433758678877}
{"docno": "S24034625-A33e9db3d", "score": 20.892174824326922}
{"docno": "S55bb92f4-A60e7f28d", "score": 20.866919076334973}
{"docno": "Sb5339025-A777f03f4", "score": 20.861811810045456}
{"docno": "S7ba06a9e-A5ade6fe2", "score": 20.850319087057088}
{"docno": "Sf0deef6e-Aa78c7b73", "score": 20.849455089291848}
{"docno": "Sdf0028fb-A12fa55ed", "score": 20.83963300203761}
{"docno": "Sdf00291a-A12fa55ed", "score": 20.83963300203761}
{"docno": "Sc1687cb3-Ac476c4e9", "score": 20.83933069459766}
{"docno": "Sf0896680-Ad6eeaabf", "score": 20.832229450346446}
{"docno": "Scf8429e7-A6ba2b9cd", "score": 20.80140133281428}
{"docno": "S573179be-Ac268c903", "score": 20.80045364065097}
{"docno": "Se2027ef-A48c76b41", "score": 20.78517667042339}
{"docno": "S5f1c7022-Ab3781c99", "score": 20.76492171655952}
{"docno": "S65c91b2f-A4e505ca1", "score": 20.74959197625977}
{"docno": "Se2027ef-A827b6c2c", "score": 20.746566723729885}
{"docno": "Se2027ef-Aae38d937", "score": 20.745902669653734}
{"docno": "S80d73cf6-Aad39702a", "score": 20.743313590792187}
{"docno": "S6f5c7d0-Ad14456f8", "score": 20.7356507476877}
{"docno": "S8156d8db-A9ac6ceac", "score": 20.72515310115771}
{"docno": "S38c6731a-A5ccce450", "score": 20.71665116319919}
{"docno": "S7ba06a9e-Ae4602508", "score": 20.716414780819676}
{"type": "toggleArgument", "timestamp": "2025-06-26T10:47:21.961Z", "sessionID": "a9954d7b-e245-4e29-ab01-712274928e82", "rank": "1", "doc": "Sc618f3a4-Ac9b3e765", "action": "expand", "doclen": 822, "score": 22.399721036947533}
{"type": "toggleArgument", "timestamp": "2025-06-26T10:48:24.421Z", "sessionID": "a9954d7b-e245-4e29-ab01-712274928e82", "rank": "1", "doc": "Sc618f3a4-Ac9b3e765", "action": "reduce", "doclen": 822, "score": 22.399721036947533}
{"type": "toggleArgument", "timestamp": "2025-06-26T10:48:25.419Z", "sessionID": "a9954d7b-e245-4e29-ab01-712274928e82", "rank": "2", "doc": "S273d903e-A5bfe1e6a", "action": "expand", "doclen": 2601, "score": 22.385185900884515}
{"type": "StanceClicked", "timestamp": "2025-06-26T10:49:33.620Z", "sessionID": "a9954d7b-e245-4e29-ab01-712274928e82", "rank": "2", "stance": "con", "action": "chooseStance", "doc": "S273d903e-A5bfe1e6a", "doclen": 2601, "score": 22.385185900884515}
{"type": "toggleArgument", "timestamp": "2025-06-26T10:49:42.166Z", "sessionID": "a9954d7b-e245-4e29-ab01-712274928e82", "rank": "3", "doc": "S720383e6-A16d3af3c", "action": "expand", "doclen": 2258, "score": 22.255763836992138}
{"type": "toggleArgument", "timestamp": "2025-06-26T10:50:06.336Z", "sessionID": "a9954d7b-e245-4e29-ab01-712274928e82", "rank": "3", "doc": "S720383e6-A16d3af3c", "action": "reduce", "doclen": 2258, "score": 22.255763836992138}
{"type": "toggleArgument", "timestamp": "2025-06-26T10:50:08.791Z", "sessionID": "a9954d7b-e245-4e29-ab01-712274928e82", "rank": "4", "doc": "Sdf002939-A16fb02cb", "action": "expand", "doclen": 1686, "score": 22.220039659525117}
{"type": "toggleArgument", "timestamp": "2025-06-26T10:50:10.533Z", "sessionID": "a9954d7b-e245-4e29-ab01-712274928e82", "rank": "4", "doc": "Sdf002939-A16fb02cb", "action": "reduce", "doclen": 1686, "score": 22.220039659525117}
{"type": "toggleArgument", "timestamp": "2025-06-26T10:50:13.939Z", "sessionID": "a9954d7b-e245-4e29-ab01-712274928e82", "rank": "7", "doc": "S2403606c-A56c58a86", "action": "expand", "doclen": 559, "score": 22.11965073632539}
{"type": "toggleArgument", "timestamp": "2025-06-26T10:50:36.534Z", "sessionID": "a9954d7b-e245-4e29-ab01-712274928e82", "rank": "10", "doc": "S273d903e-A52ec20d0", "action": "expand", "doclen": 2839, "score": 21.93941781161695}
{"type": "StanceClicked", "timestamp": "2025-06-26T10:51:25.874Z", "sessionID": "a9954d7b-e245-4e29-ab01-712274928e82", "rank": "10", "stance": "pro", "action": "chooseStance", "doc": "S273d903e-A52ec20d0", "doclen": 2839, "score": 21.93941781161695}
{"type": "pageNavigationClicked", "timestamp": "2025-06-26T10:51:56.878Z", "sessionID": "a9954d7b-e245-4e29-ab01-712274928e82", "clicked": "2", "fromPage": 1, "toPage": 2}
{"type": "queryBoxFocused", "timestamp": "2025-06-26T10:51:59.137Z", "sessionID": "a9954d7b-e245-4e29-ab01-712274928e82"}
{"type": "querySubmitted", "timestamp": "2025-06-26T10:52:06.699Z", "sessionID": "a9954d7b-e245-4e29-ab01-712274928e82", "query": "student uniforms"}
{"docno": "Sdf002939-A16fb02cb", "score": 23.8020933958975}
{"docno": "Scf842d6a-Ab97fdc6e", "score": 23.506930115979706}
{"docno": "Sf4a3ee69-A7e7d7cc9", "score": 23.352997403204974}
{"docno": "S466a544c-Aa9e8a409", "score": 23.352997403204974}
{"docno": "Sa7f5e454-Aa1f0762e", "score": 23.333452505699864}
{"docno": "Sf4a3ee69-Affbcb89", "score": 23.27160491069034}
{"docno": "S466a544c-A8d0a712e", "score": 23.27160491069034}
{"docno": "S4c9720fc-A829ffe20", "score": 23.181988235321107}
{"docno": "S28f316b1-Afc1bd496", "score": 23.12419534413967}
{"docno": "S28f316b1-A9f2c545d", "score": 23.11000191299791}
{"docno": "Sb959db22-A5fdcbadc", "score": 23.107088921600905}
{"docno": "Sf0deef6e-A4b4d5a43", "score": 23.038246133372944}
{"docno": "S94533937-Ad086d150", "score": 22.98531207985343}
{"docno": "S273d903e-A5bfe1e6a", "score": 22.97188977546801}
{"docno": "Sdf002939-A4ef9cc8b", "score": 22.852330413632004}
{"docno": "Sc617f5ab-Aa49d13a4", "score": 22.765398061661074}
{"docno": "Sf84713e2-Aed865cae", "score": 22.724590611064308}
{"docno": "Sf0deef6e-Aa78c7b73", "score": 22.5975081701147}
{"docno": "Se9900875-A561fe071", "score": 22.593301819093245}
{"docno": "Sa7f5e454-Aa0c35a66", "score": 22.558630995085778}
{"docno": "S94533937-A697a2d1d", "score": 22.539431584923403}
{"docno": "S24035fd1-A2c969fa6", "score": 22.53526946784815}
{"docno": "S1f6b2834-A36bd59af", "score": 22.471982548070024}
{"docno": "S6f5c7d0-Ad14456f8", "score": 22.432865906805848}
{"docno": "S1f6b2834-A97f0443c", "score": 22.333676273083704}
{"docno": "S4eed3412-A4f1000c6", "score": 22.253089126971002}
{"docno": "S563c9db1-Aea328b67", "score": 22.21508773960019}
{"docno": "S8897f051-Afc319111", "score": 22.198373456198567}
{"docno": "Sc7f51e34-A65d1843", "score": 22.19063469262337}
{"docno": "S1f6b2834-A7e5e2a25", "score": 22.180183051269317}
{"docno": "S23c2cf2-Ae172c109", "score": 22.16424340576544}
{"docno": "S46c53f41-A16abe10d", "score": 22.12534121928474}
{"docno": "Se2027ef-Aae38d937", "score": 22.101055393014903}
{"docno": "Sf4ca2630-Ac5cfb539", "score": 22.09189495991125}
{"docno": "S6b6cd8cd-A3ca96cbb", "score": 22.08413377618399}
{"docno": "Se185aed6-Afe329e72", "score": 22.008181692915763}
{"docno": "S5177bde4-Aad75c5c8", "score": 21.97413709008689}
{"docno": "S7ba06a9e-A5ade6fe2", "score": 21.967532026035492}
{"docno": "Sd03ac3d1-Aca31f7f4", "score": 21.946741457616458}
{"docno": "Sc7f51eb0-Acba39bec", "score": 21.928203797560784}
{"docno": "S38c67339-A9df6c2be", "score": 21.907064882587278}
{"docno": "S2f076d70-A97b03b79", "score": 21.90004464573139}
{"docno": "S9b531995-A8675fb9f", "score": 21.873618064543983}
{"docno": "S466a544c-Acd7ae810", "score": 21.86444089628681}
{"docno": "Sc618f3a4-Ae695bcb3", "score": 21.816317585393605}
{"docno": "Se2027ef-Ae88be93a", "score": 21.803027598952234}
{"docno": "S4430de8b-A69be20d9", "score": 21.774456001479205}
{"docno": "Sc618f3a4-Ac9b3e765", "score": 21.76656935036222}
{"docno": "Sf4a3ee69-A671b7877", "score": 21.763922968158802}
{"docno": "S2fd4b8f3-Aab26f9a2", "score": 21.738626507972057}
{"docno": "S573179be-Ac268c903", "score": 21.724538708922896}
{"docno": "Sd03ac3d1-Ab7418f54", "score": 21.71400979438418}
{"docno": "Se2027ef-A827b6c2c", "score": 21.704282177833424}
{"docno": "S24034663-A2dfcd14c", "score": 21.68114478053723}
{"docno": "Sf78f4149-A9b3b2aca", "score": 21.653905993469955}
{"docno": "Sc7f51e34-Ae7d0be27", "score": 21.649186318317902}
{"docno": "S720383e6-A397202ee", "score": 21.64892008315131}
{"docno": "S4154637f-A547dc5b5", "score": 21.646604952807238}
{"docno": "S6a52a743-A7624067e", "score": 21.622020831674273}
{"docno": "S720383e6-Af3023d76", "score": 21.59815582737227}
{"docno": "Sc5bfbdb9-Aaa2e0f1d", "score": 21.59786549175613}
{"docno": "Sca9c6b9f-Ac5c7b7ce", "score": 21.594772323838537}
{"docno": "S720383e6-A59c6986", "score": 21.56727262752513}
{"docno": "Sf0896680-A24b1ac77", "score": 21.52744584658806}
{"docno": "S96158d24-A6bebeb55", "score": 21.51506907361654}
{"docno": "S9084bde3-A34610ec0", "score": 21.48502522687887}
{"docno": "Se00774d1-A5379e54b", "score": 21.468835976026714}
{"docno": "S8156d8db-A1199658a", "score": 21.439367411377084}
{"docno": "Seb9a4d4d-Ae7f6b461", "score": 21.419273250034355}
{"docno": "S2f076d70-Ac85e2b9e", "score": 21.391806861317775}
{"docno": "S94533937-A54f9fc1e", "score": 21.391294454259487}
{"docno": "Sfa922cd8-A64be56e9", "score": 21.373370812020717}
{"docno": "S94533937-A94c26309", "score": 21.370448597128366}
{"docno": "Sbc9da67a-Ab3a18470", "score": 21.332164619758714}
{"docno": "S4430de8b-Af1b6d6e1", "score": 21.31391903976683}
{"docno": "S24035ce9-Aba9c219", "score": 21.277882812764286}
{"docno": "Sfdd5b3a4-A82c8a26b", "score": 21.270013860002475}
{"docno": "S9389d854-Abfba3ae0", "score": 21.253513047665827}
{"docno": "S2668f48-Afe58916d", "score": 21.250192228640174}
{"docno": "S9fff640f-A973c4a9c", "score": 21.225516892888564}
{"docno": "Sc1687cb3-Ac476c4e9", "score": 21.219885531239118}
{"docno": "Sa54d8ac8-A355b69ac", "score": 21.208728815265417}
{"docno": "S16833a0f-A1dca1094", "score": 21.208728815265417}
{"docno": "Sf1b2e4e-Af3b8a183", "score": 21.195657267051367}
{"docno": "Sbc9da734-A3fc8d540", "score": 21.179703168272894}
{"docno": "S2f076d70-A1a5de20e", "score": 21.170113541790446}
{"docno": "Sb4694402-Ac2036980", "score": 21.168588434123617}
{"docno": "Sf4ca2630-A1de21ac8", "score": 21.163489326998896}
{"docno": "S24035fd1-A3961e8a7", "score": 21.13818141871227}
{"docno": "Se02123fe-A923197a7", "score": 21.124419067149727}
{"docno": "S1f6b2834-A52ba360f", "score": 21.122161838328914}
{"docno": "S1f6b2853-A14271f51", "score": 21.04683314578179}
{"docno": "S7ba06a9e-Ae4602508", "score": 21.044748731021013}
{"docno": "S24034d4a-A71658ff", "score": 21.02843106945216}
{"docno": "Sf0896680-A5d0ea96", "score": 21.018613494369646}
{"docno": "Sc617f5ab-Ad89cc81", "score": 20.977639296832148}
{"docno": "S4430de8b-Ab3ebb383", "score": 20.958949592712777}
{"docno": "Sca9c6b9f-Ac4470c33", "score": 20.95146393245223}
{"docno": "Sddb0b6b8-A38cffd1c", "score": 20.946318037132396}
{"docno": "S720383e6-A16d3af3c", "score": 20.94140108254658}
{"type": "toggleArgument", "timestamp": "2025-06-26T10:52:22.471Z", "sessionID": "a9954d7b-e245-4e29-ab01-712274928e82", "rank": "6", "doc": "Sf4a3ee69-Affbcb89", "action": "expand", "doclen": 1502, "score": 23.27160491069034}
{"type": "StanceClicked", "timestamp": "2025-06-26T10:53:04.775Z", "sessionID": "a9954d7b-e245-4e29-ab01-712274928e82", "rank": "6", "stance": "con", "action": "chooseStance", "doc": "Sf4a3ee69-Affbcb89", "doclen": 1502, "score": 23.27160491069034}
{"type": "pageNavigationClicked", "timestamp": "2025-06-26T10:53:17.335Z", "sessionID": "a9954d7b-e245-4e29-ab01-712274928e82", "clicked": "3", "fromPage": 1, "toPage": 3}
{"type": "queryBoxFocused", "timestamp": "2025-06-26T10:53:27.075Z", "sessionID": "a9954d7b-e245-4e29-ab01-712274928e82"}
{"type": "querySubmitted", "timestamp": "2025-06-26T10:53:33.463Z", "sessionID": "a9954d7b-e245-4e29-ab01-712274928e82", "query": "student equality"}
{"docno": "S991f1842-Afa8af6fe", "score": 17.220149831652712}
{"docno": "S172814ea-A4dffc7b1", "score": 16.113927860834647}
{"docno": "S96a4cec1-A9014a16f", "score": 16.072635129934667}
{"docno": "S22223fad-A4ad504fa", "score": 15.503486305306614}
{"docno": "S37da26a1-Ae3f2757b", "score": 15.421720047735825}
{"docno": "S37392621-Adde8c498", "score": 15.41234462022351}
{"docno": "S89208796-A9ab48879", "score": 15.235934387954362}
{"docno": "S1f6b2834-A36bd59af", "score": 15.123200872027894}
{"docno": "S4ef11c55-A433b98dc", "score": 14.9457116390425}
{"docno": "Safeb0fe5-A9a80198a", "score": 14.940965472768406}
{"docno": "Safeb8c9f-Aaf7e7ee8", "score": 14.926904188301993}
{"docno": "S1f6b2834-A174cb61c", "score": 14.898580152616965}
{"docno": "S74266030-Ad7443deb", "score": 14.839560169725505}
{"docno": "S4cb908a0-A64ff0a15", "score": 14.829685410483165}
{"docno": "S55e04e6f-A204f859c", "score": 14.735091898703399}
{"docno": "S22223fad-A483956a7", "score": 14.614884344118673}
{"docno": "S991f1842-A180d5aff", "score": 14.52932558349834}
{"docno": "S3c6aaabd-A9a8dbad9", "score": 14.44635419325352}
{"docno": "Sfd3b07c-Ae5c7c62d", "score": 14.372686666458133}
{"docno": "S7b6efc4e-Ad19fedf5", "score": 14.286359781832351}
{"docno": "S4e8f0d6f-A8e8f3671", "score": 14.256080716110507}
{"docno": "S9b531995-A8675fb9f", "score": 14.153301412933748}
{"docno": "S4566fc90-A4a69cf4f", "score": 14.103978164865211}
{"docno": "S9101cb9d-A32e99cbc", "score": 14.071576645851476}
{"docno": "S76ad24d2-Afd38bb85", "score": 14.070688896198927}
{"docno": "S4ffa1617-Ae37d11ea", "score": 14.063234377245127}
{"docno": "Sbf9c8d4f-A88dcab65", "score": 14.044566503137633}
{"docno": "Se634e766-Af5feae7e", "score": 14.044566503137633}
{"docno": "Sdfe65525-A201a64df", "score": 14.000723324546549}
{"docno": "S16c38bfe-A5512693e", "score": 13.981160014106784}
{"docno": "S616b15e4-Ac695438b", "score": 13.919616869798844}
{"docno": "S13f4e445-A9a7f75ba", "score": 13.876279333549784}
{"docno": "S9c1c0573-Aaefab066", "score": 13.843584910339896}
{"docno": "Se4eff3c7-A751fc775", "score": 13.822692230938067}
{"docno": "Safeb0fe5-A16cde70a", "score": 13.81478797761109}
{"docno": "S8e9dc6b8-A3effd07c", "score": 13.803742398176539}
{"docno": "S878e2e96-Ab2bceaec", "score": 13.787240192327225}
{"docno": "Safeb8c9f-A86e7ea8c", "score": 13.66947585021984}
{"docno": "Sf63c635b-A371fa3c1", "score": 13.5751822907028}
{"docno": "S85a7173b-A26257c16", "score": 13.535443882359731}
{"docno": "Sce388946-Ac08dca8f", "score": 13.52318316316061}
{"docno": "Sfcecc305-A485ea673", "score": 13.496593651203145}
{"docno": "Sa10422fa-A39540d87", "score": 13.492018819475938}
{"docno": "S96a4cec1-A2e5255ba", "score": 13.466672927589638}
{"docno": "Safeb8c04-A6d832ba4", "score": 13.448954444912147}
{"docno": "Safeb8c04-A76c4eb27", "score": 13.448954444912147}
{"docno": "S9d7be551-A5aeef169", "score": 13.448954444912147}
{"docno": "Sfd6dc6e8-Aa85f7eac", "score": 13.42920438102588}
{"docno": "S8a86522c-A4fa1e305", "score": 13.404682181644684}
{"docno": "S7591eb7a-A27385528", "score": 13.3832632454012}
{"docno": "S7d87b663-Ad01cf745", "score": 13.318894658197785}
{"docno": "Sef15df6c-A356b16f9", "score": 13.271204288196067}
{"docno": "S94533937-Ad086d150", "score": 13.172186802402422}
{"docno": "Safeb8c9f-Ab4b67325", "score": 13.06789831456377}
{"docno": "S637bf47b-A3fb93256", "score": 13.06789831456377}
{"docno": "Sd04ae01f-A1737b9af", "score": 13.001660367588363}
{"docno": "Scb73bace-Ad58af195", "score": 12.971867699763619}
{"docno": "S4844ac-Acd0a5c3c", "score": 12.969727968460557}
{"docno": "Seb9a4d4d-Ae7f6b461", "score": 12.962710462695703}
{"docno": "Seb991d36-A995db491", "score": 12.915022056029127}
{"docno": "Sf4ca2630-A1de21ac8", "score": 12.902014134160469}
{"docno": "S3f1ddbda-A86668a20", "score": 12.892014975596943}
{"docno": "Sf6581659-Aee055e64", "score": 12.87856248403956}
{"docno": "S912e5771-Afdc9d71a", "score": 12.844542119660025}
{"docno": "Sd097261c-A43c3581f", "score": 12.844542119660025}
{"docno": "S961ba92b-A8b7ddb76", "score": 12.835178662469817}
{"docno": "Sb3e0391a-Ab7e94a3e", "score": 12.81168872268106}
{"docno": "S15c80a08-A85a057fb", "score": 12.760715752455061}
{"docno": "S58273601-A4facd4da", "score": 12.710196174907422}
{"docno": "Sc7f51e34-A39661f37", "score": 12.701046232200248}
{"docno": "Sa2ea9045-A4dbb72f", "score": 12.698101518462325}
{"docno": "Sbcfd52d-A8d120f8d", "score": 12.692061467019776}
{"docno": "Sc7f51e34-A65d1843", "score": 12.512329881878049}
{"docno": "S5417872f-Aee70930", "score": 12.464171979170215}
{"docno": "S991f1842-A72938c0f", "score": 12.464059221339696}
{"docno": "S8e9dc6b8-A145dee9b", "score": 12.451698951499342}
{"docno": "S375fc61d-Aa72bdcb8", "score": 12.451698951499342}
{"docno": "S5857acda-Abb3024e", "score": 12.441785800536838}
{"docno": "S95fdfdf8-A23746806", "score": 12.411269244840557}
{"docno": "S50e9b414-Ac6780bbf", "score": 12.393825660935438}
{"docno": "S4566fc90-Ab6ef84b1", "score": 12.351680701937287}
{"docno": "Sa10422fa-A72b75d09", "score": 12.337238621056231}
{"docno": "Sf7c81d18-A18921826", "score": 12.337238621056231}
{"docno": "S8e9dc6b8-Afe42b31a", "score": 12.284897733972091}
{"docno": "S7b6efc4e-A59bd8def", "score": 12.284897733972091}
{"docno": "Sc9466f76-A6280d44a", "score": 12.182603169952355}
{"docno": "S3869ded6-Ab565885e", "score": 12.171978713845425}
{"docno": "S7b6efc4e-A87b68f06", "score": 12.16841464233213}
{"docno": "Sc29734a-Adbc670ba", "score": 12.151441590953148}
{"docno": "Sda13af75-A70a66399", "score": 12.137044210637036}
{"docno": "S15cbc009-A30fe6ca2", "score": 12.1138802913529}
{"docno": "S4692357-A689856b0", "score": 12.11103315917154}
{"docno": "S76fe7ef5-Adbc91ca1", "score": 12.095466346135698}
{"docno": "S95bc0641-Aae149f39", "score": 12.083873492351893}
{"docno": "S2668f48-Ad5a2d497", "score": 12.04657897075542}
{"docno": "S71e51e54-A4ba51d14", "score": 12.04657897075542}
{"docno": "S85a7173b-A897ffea8", "score": 12.00062128445472}
{"docno": "Se2027ef-Ae88be93a", "score": 11.982628876586237}
{"docno": "S4844ac-A7cc11f81", "score": 11.95852770266736}
{"docno": "S4fccef6d-Ad3d33b6a", "score": 11.944233210072024}
{"type": "queryBoxFocused", "timestamp": "2025-06-26T10:53:37.664Z", "sessionID": "a9954d7b-e245-4e29-ab01-712274928e82"}
{"type": "querySubmitted", "timestamp": "2025-06-26T10:53:53.331Z", "sessionID": "a9954d7b-e245-4e29-ab01-712274928e82", "query": "student equality uniform"}
{"docno": "S1f6b2834-A36bd59af", "score": 28.525466399758834}
{"docno": "S89208796-A9ab48879", "score": 27.974909832779943}
{"docno": "S94533937-Ad086d150", "score": 27.51364752404011}
{"docno": "S9b531995-A8675fb9f", "score": 27.108698162874717}
{"docno": "S991f1842-Afa8af6fe", "score": 26.983606735704917}
{"docno": "S1f6b2834-A174cb61c", "score": 26.698653606565195}
{"docno": "Sc7f51e34-A65d1843", "score": 26.416382973660937}
{"docno": "Sf84713e2-Af9bbdb6a", "score": 26.3750731313072}
{"docno": "Se2027ef-Ae88be93a", "score": 26.283829645163955}
{"docno": "S637bf47b-A3fb93256", "score": 26.17701212199782}
{"docno": "Seb9a4d4d-Ae7f6b461", "score": 26.133969216398693}
{"docno": "S2668f48-Ad5a2d497", "score": 25.18274446620181}
{"docno": "Sf4ca2630-A1de21ac8", "score": 25.133766208067208}
{"docno": "Sc5bfbdb9-Aaa2e0f1d", "score": 24.893133045925783}
{"docno": "S9084bde3-A34610ec0", "score": 24.871798743792894}
{"docno": "S5417872f-Aee70930", "score": 24.797505845218623}
{"docno": "Se2027ef-A827b6c2c", "score": 24.6678273681707}
{"docno": "S2668f48-Afe58916d", "score": 24.483068447524204}
{"docno": "S8156d8db-Ae041e4cc", "score": 24.17524647495191}
{"docno": "Sc7f51e34-Ae7d0be27", "score": 24.15223061584908}
{"docno": "S1f6b2853-A14271f51", "score": 24.084182150598707}
{"docno": "S991f1842-A72938c0f", "score": 24.05896983395571}
{"docno": "Sfa922cd8-Aa57f05fa", "score": 24.041462374105723}
{"docno": "S563c9db1-A802cad31", "score": 24.041462374105723}
{"docno": "Sdf002939-A16fb02cb", "score": 23.8020933958975}
{"docno": "S89208796-Aefaf89b2", "score": 23.783594151302708}
{"docno": "S1f6b2834-A52ba360f", "score": 23.51305018275783}
{"docno": "Scf842d6a-Ab97fdc6e", "score": 23.506930115979706}
{"docno": "Sf4a3ee69-A7e7d7cc9", "score": 23.352997403204974}
{"docno": "S466a544c-Aa9e8a409", "score": 23.352997403204974}
{"docno": "Sa7f5e454-Aa1f0762e", "score": 23.333452505699864}
{"docno": "Sc7f51e34-A39661f37", "score": 23.322894317327126}
{"docno": "Sf4a3ee69-Affbcb89", "score": 23.27160491069034}
{"docno": "S466a544c-A8d0a712e", "score": 23.27160491069034}
{"docno": "Se2027ef-Ad0b51f31", "score": 23.247624193797265}
{"docno": "S4c9720fc-A829ffe20", "score": 23.181988235321107}
{"docno": "S28f316b1-Afc1bd496", "score": 23.12419534413967}
{"docno": "S28f316b1-A9f2c545d", "score": 23.11000191299791}
{"docno": "Sb959db22-A5fdcbadc", "score": 23.107088921600905}
{"docno": "Sf0deef6e-A4b4d5a43", "score": 23.038246133372944}
{"docno": "S89208796-A45a03a45", "score": 23.037812381202155}
{"docno": "S273d903e-A5bfe1e6a", "score": 22.97188977546801}
{"docno": "Sdf002939-A4ef9cc8b", "score": 22.852330413632004}
{"docno": "Sc617f5ab-Aa49d13a4", "score": 22.765398061661074}
{"docno": "S8be8fac1-A6a94ddc4", "score": 22.72715962054928}
{"docno": "Sf84713e2-Aed865cae", "score": 22.724590611064308}
{"docno": "Sf0deef6e-Aa78c7b73", "score": 22.5975081701147}
{"docno": "Se9900875-A561fe071", "score": 22.593301819093245}
{"docno": "Sa7f5e454-Aa0c35a66", "score": 22.558630995085778}
{"docno": "S94533937-A697a2d1d", "score": 22.539431584923403}
{"docno": "S24035fd1-A2c969fa6", "score": 22.53526946784815}
{"docno": "Sa10422fa-A72b75d09", "score": 22.5101204527461}
{"docno": "S6f5c7d0-Ad14456f8", "score": 22.432865906805848}
{"docno": "S54d229b5-A6e26f77f", "score": 22.35324988073773}
{"docno": "S1f6b2834-A97f0443c", "score": 22.333676273083704}
{"docno": "S4eed3412-A4f1000c6", "score": 22.253089126971002}
{"docno": "S563c9db1-Aea328b67", "score": 22.21508773960019}
{"docno": "S8897f051-Afc319111", "score": 22.198373456198567}
{"docno": "S1f6b2834-A7e5e2a25", "score": 22.180183051269317}
{"docno": "S23c2cf2-Ae172c109", "score": 22.16424340576544}
{"docno": "S46c53f41-A16abe10d", "score": 22.12534121928474}
{"docno": "Se2027ef-Aae38d937", "score": 22.101055393014903}
{"docno": "Sf4ca2630-Ac5cfb539", "score": 22.09189495991125}
{"docno": "S6b6cd8cd-A3ca96cbb", "score": 22.08413377618399}
{"docno": "Se185aed6-Afe329e72", "score": 22.008181692915763}
{"docno": "S5177bde4-Aad75c5c8", "score": 21.97413709008689}
{"docno": "S7ba06a9e-A5ade6fe2", "score": 21.967532026035492}
{"docno": "S8ae1260a-Afefa03d5", "score": 21.958447879945787}
{"docno": "Sd03ac3d1-Aca31f7f4", "score": 21.946741457616458}
{"docno": "Sc7f51eb0-Acba39bec", "score": 21.928203797560784}
{"docno": "S38c67339-A9df6c2be", "score": 21.907064882587278}
{"docno": "S2f076d70-A97b03b79", "score": 21.90004464573139}
{"docno": "S466a544c-Acd7ae810", "score": 21.86444089628681}
{"docno": "Sc618f3a4-Ae695bcb3", "score": 21.816317585393605}
{"docno": "S54d229b5-A48457593", "score": 21.80861158079616}
{"docno": "S4430de8b-A69be20d9", "score": 21.774456001479205}
{"docno": "Sc618f3a4-Ac9b3e765", "score": 21.76656935036222}
{"docno": "Sf4a3ee69-A671b7877", "score": 21.763922968158802}
{"docno": "S22223fad-A483956a7", "score": 21.747075577903555}
{"docno": "S2fd4b8f3-Aab26f9a2", "score": 21.738626507972057}
{"docno": "S573179be-Ac268c903", "score": 21.724538708922896}
{"docno": "Sd03ac3d1-Ab7418f54", "score": 21.71400979438418}
{"docno": "S24034663-A2dfcd14c", "score": 21.68114478053723}
{"docno": "Sf78f4149-A9b3b2aca", "score": 21.653905993469955}
{"docno": "S720383e6-A397202ee", "score": 21.64892008315131}
{"docno": "S4154637f-A547dc5b5", "score": 21.646604952807238}
{"docno": "S6a52a743-A7624067e", "score": 21.622020831674273}
{"docno": "S720383e6-Af3023d76", "score": 21.59815582737227}
{"docno": "Sca9c6b9f-Ac5c7b7ce", "score": 21.594772323838537}
{"docno": "S720383e6-A59c6986", "score": 21.56727262752513}
{"docno": "S1f6b2853-Acbf9b733", "score": 21.555232265901143}
{"docno": "Sf0896680-A24b1ac77", "score": 21.52744584658806}
{"docno": "S96158d24-A6bebeb55", "score": 21.51506907361654}
{"docno": "S375bf80d-A2f0e91e", "score": 21.504107447603158}
{"docno": "Se00774d1-A5379e54b", "score": 21.468835976026714}
{"docno": "S8156d8db-A1199658a", "score": 21.439367411377084}
{"docno": "S2f076d70-Ac85e2b9e", "score": 21.391806861317775}
{"docno": "S94533937-A54f9fc1e", "score": 21.391294454259487}
{"docno": "Sfa922cd8-A64be56e9", "score": 21.373370812020717}
{"docno": "S94533937-A94c26309", "score": 21.370448597128366}
{"type": "toggleArgument", "timestamp": "2025-06-26T10:54:06.274Z", "sessionID": "a9954d7b-e245-4e29-ab01-712274928e82", "rank": "1", "doc": "S1f6b2834-A36bd59af", "action": "expand", "doclen": 923, "score": 22.471982548070024}
{"type": "toggleArgument", "timestamp": "2025-06-26T10:54:34.522Z", "sessionID": "a9954d7b-e245-4e29-ab01-712274928e82", "rank": "2", "doc": "S89208796-A9ab48879", "action": "expand", "doclen": 968, "score": 15.235934387954362}
{"type": "StanceClicked", "timestamp": "2025-06-26T10:54:46.883Z", "sessionID": "a9954d7b-e245-4e29-ab01-712274928e82", "rank": "2", "stance": "con", "action": "chooseStance", "doc": "S89208796-A9ab48879", "doclen": 968, "score": 15.235934387954362}
{"type": "StanceClicked", "timestamp": "2025-06-26T10:54:47.514Z", "sessionID": "a9954d7b-e245-4e29-ab01-712274928e82", "rank": "1", "stance": "pro", "action": "chooseStance", "doc": "S1f6b2834-A36bd59af", "doclen": 923, "score": 22.471982548070024}
{"type": "toggleArgument", "timestamp": "2025-06-26T10:54:54.581Z", "sessionID": "a9954d7b-e245-4e29-ab01-712274928e82", "rank": "4", "doc": "S9b531995-A8675fb9f", "action": "expand", "doclen": 654, "score": 21.873618064543983}
{"type": "toggleArgument", "timestamp": "2025-06-26T10:55:03.088Z", "sessionID": "a9954d7b-e245-4e29-ab01-712274928e82", "rank": "6", "doc": "S1f6b2834-A174cb61c", "action": "expand", "doclen": 997, "score": 14.898580152616965}
{"type": "pageNavigationClicked", "timestamp": "2025-06-26T10:55:10.036Z", "sessionID": "a9954d7b-e245-4e29-ab01-712274928e82", "clicked": "2", "fromPage": 1, "toPage": 2}
{"type": "toggleArgument", "timestamp": "2025-06-26T10:55:16.625Z", "sessionID": "a9954d7b-e245-4e29-ab01-712274928e82", "rank": "12", "doc": "S2668f48-Ad5a2d497", "action": "expand", "doclen": 1053, "score": 12.04657897075542}
{"type": "StanceClicked", "timestamp": "2025-06-26T10:55:59.773Z", "sessionID": "a9954d7b-e245-4e29-ab01-712274928e82", "rank": "12", "stance": "con", "action": "chooseStance", "doc": "S2668f48-Ad5a2d497", "doclen": 1053, "score": 12.04657897075542}
{"type": "queryBoxFocused", "timestamp": "2025-06-26T10:56:00.774Z", "sessionID": "a9954d7b-e245-4e29-ab01-712274928e82"}
{"type": "querySubmitted", "timestamp": "2025-06-26T10:56:18.697Z", "sessionID": "a9954d7b-e245-4e29-ab01-712274928e82", "query": "student inequality uniform"}
{"docno": "Sc1687cb3-Ac476c4e9", "score": 25.80821314777041}
{"docno": "Sdf002939-A16fb02cb", "score": 23.8020933958975}
{"docno": "Scf842d6a-Ab97fdc6e", "score": 23.506930115979706}
{"docno": "Sf4a3ee69-A7e7d7cc9", "score": 23.352997403204974}
{"docno": "S466a544c-Aa9e8a409", "score": 23.352997403204974}
{"docno": "Sa7f5e454-Aa1f0762e", "score": 23.333452505699864}
{"docno": "Sf4a3ee69-Affbcb89", "score": 23.27160491069034}
{"docno": "S466a544c-A8d0a712e", "score": 23.27160491069034}
{"docno": "S4c9720fc-A829ffe20", "score": 23.181988235321107}
{"docno": "S28f316b1-Afc1bd496", "score": 23.12419534413967}
{"docno": "S28f316b1-A9f2c545d", "score": 23.11000191299791}
{"docno": "Sb959db22-A5fdcbadc", "score": 23.107088921600905}
{"docno": "Sf0deef6e-A4b4d5a43", "score": 23.038246133372944}
{"docno": "S94533937-Ad086d150", "score": 22.98531207985343}
{"docno": "S273d903e-A5bfe1e6a", "score": 22.97188977546801}
{"docno": "Sdf002939-A4ef9cc8b", "score": 22.852330413632004}
{"docno": "Sc617f5ab-Aa49d13a4", "score": 22.765398061661074}
{"docno": "Sf84713e2-Aed865cae", "score": 22.724590611064308}
{"docno": "Sf0deef6e-Aa78c7b73", "score": 22.5975081701147}
{"docno": "Se9900875-A561fe071", "score": 22.593301819093245}
{"docno": "Sa7f5e454-Aa0c35a66", "score": 22.558630995085778}
{"docno": "S94533937-A697a2d1d", "score": 22.539431584923403}
{"docno": "S24035fd1-A2c969fa6", "score": 22.53526946784815}
{"docno": "S1f6b2834-A36bd59af", "score": 22.471982548070024}
{"docno": "S6f5c7d0-Ad14456f8", "score": 22.432865906805848}
{"docno": "S1f6b2834-A97f0443c", "score": 22.333676273083704}
{"docno": "S4eed3412-A4f1000c6", "score": 22.253089126971002}
{"docno": "S563c9db1-Aea328b67", "score": 22.21508773960019}
{"docno": "S8897f051-Afc319111", "score": 22.198373456198567}
{"docno": "Sc7f51e34-A65d1843", "score": 22.19063469262337}
{"docno": "S1f6b2834-A7e5e2a25", "score": 22.180183051269317}
{"docno": "S23c2cf2-Ae172c109", "score": 22.16424340576544}
{"docno": "S240345c8-A2d90b629", "score": 22.16178886611523}
{"docno": "S46c53f41-A16abe10d", "score": 22.12534121928474}
{"docno": "Se2027ef-Aae38d937", "score": 22.101055393014903}
{"docno": "Sf4ca2630-Ac5cfb539", "score": 22.09189495991125}
{"docno": "S6b6cd8cd-A3ca96cbb", "score": 22.08413377618399}
{"docno": "Se185aed6-Afe329e72", "score": 22.008181692915763}
{"docno": "S5177bde4-Aad75c5c8", "score": 21.97413709008689}
{"docno": "S7ba06a9e-A5ade6fe2", "score": 21.967532026035492}
{"docno": "Sd03ac3d1-Aca31f7f4", "score": 21.946741457616458}
{"docno": "Sc7f51eb0-Acba39bec", "score": 21.928203797560784}
{"docno": "S38c67339-A9df6c2be", "score": 21.907064882587278}
{"docno": "S2f076d70-A97b03b79", "score": 21.90004464573139}
{"docno": "S9b531995-A8675fb9f", "score": 21.873618064543983}
{"docno": "S466a544c-Acd7ae810", "score": 21.86444089628681}
{"docno": "Sc618f3a4-Ae695bcb3", "score": 21.816317585393605}
{"docno": "Se2027ef-Ae88be93a", "score": 21.803027598952234}
{"docno": "S4430de8b-A69be20d9", "score": 21.774456001479205}
{"docno": "Sc618f3a4-Ac9b3e765", "score": 21.76656935036222}
{"docno": "Sf4a3ee69-A671b7877", "score": 21.763922968158802}
{"docno": "S2fd4b8f3-Aab26f9a2", "score": 21.738626507972057}
{"docno": "S573179be-Ac268c903", "score": 21.724538708922896}
{"docno": "Sd03ac3d1-Ab7418f54", "score": 21.71400979438418}
{"docno": "Se2027ef-A827b6c2c", "score": 21.704282177833424}
{"docno": "S24034663-A2dfcd14c", "score": 21.68114478053723}
{"docno": "Sf78f4149-A9b3b2aca", "score": 21.653905993469955}
{"docno": "Sc7f51e34-Ae7d0be27", "score": 21.649186318317902}
{"docno": "S720383e6-A397202ee", "score": 21.64892008315131}
{"docno": "S4154637f-A547dc5b5", "score": 21.646604952807238}
{"docno": "S6a52a743-A7624067e", "score": 21.622020831674273}
{"docno": "S720383e6-Af3023d76", "score": 21.59815582737227}
{"docno": "Sc5bfbdb9-Aaa2e0f1d", "score": 21.59786549175613}
{"docno": "Sca9c6b9f-Ac5c7b7ce", "score": 21.594772323838537}
{"docno": "S720383e6-A59c6986", "score": 21.56727262752513}
{"docno": "Sf0896680-A24b1ac77", "score": 21.52744584658806}
{"docno": "S96158d24-A6bebeb55", "score": 21.51506907361654}
{"docno": "S9084bde3-A34610ec0", "score": 21.48502522687887}
{"docno": "Se00774d1-A5379e54b", "score": 21.468835976026714}
{"docno": "S8156d8db-A1199658a", "score": 21.439367411377084}
{"docno": "Seb9a4d4d-Ae7f6b461", "score": 21.419273250034355}
{"docno": "S2f076d70-Ac85e2b9e", "score": 21.391806861317775}
{"docno": "S94533937-A54f9fc1e", "score": 21.391294454259487}
{"docno": "Sfa922cd8-A64be56e9", "score": 21.373370812020717}
{"docno": "S94533937-A94c26309", "score": 21.370448597128366}
{"docno": "Sbc9da67a-Ab3a18470", "score": 21.332164619758714}
{"docno": "S4430de8b-Af1b6d6e1", "score": 21.31391903976683}
{"docno": "S24035ce9-Aba9c219", "score": 21.277882812764286}
{"docno": "Sfdd5b3a4-A82c8a26b", "score": 21.270013860002475}
{"docno": "S9389d854-Abfba3ae0", "score": 21.253513047665827}
{"docno": "S2668f48-Afe58916d", "score": 21.250192228640174}
{"docno": "S9fff640f-A973c4a9c", "score": 21.225516892888564}
{"docno": "Sa54d8ac8-A355b69ac", "score": 21.208728815265417}
{"docno": "S16833a0f-A1dca1094", "score": 21.208728815265417}
{"docno": "Sf1b2e4e-Af3b8a183", "score": 21.195657267051367}
{"docno": "Sbc9da734-A3fc8d540", "score": 21.179703168272894}
{"docno": "S2f076d70-A1a5de20e", "score": 21.170113541790446}
{"docno": "Sb4694402-Ac2036980", "score": 21.168588434123617}
{"docno": "Sf4ca2630-A1de21ac8", "score": 21.163489326998896}
{"docno": "S24035fd1-A3961e8a7", "score": 21.13818141871227}
{"docno": "Se02123fe-A923197a7", "score": 21.124419067149727}
{"docno": "S1f6b2834-A52ba360f", "score": 21.122161838328914}
{"docno": "S1f6b2853-A14271f51", "score": 21.04683314578179}
{"docno": "S7ba06a9e-Ae4602508", "score": 21.044748731021013}
{"docno": "S24034d4a-A71658ff", "score": 21.02843106945216}
{"docno": "Sf0896680-A5d0ea96", "score": 21.018613494369646}
{"docno": "Sc617f5ab-Ad89cc81", "score": 20.977639296832148}
{"docno": "S4430de8b-Ab3ebb383", "score": 20.958949592712777}
{"docno": "Sca9c6b9f-Ac4470c33", "score": 20.95146393245223}
{"docno": "Sddb0b6b8-A38cffd1c", "score": 20.946318037132396}
{"type": "toggleArgument", "timestamp": "2025-06-26T10:56:22.689Z", "sessionID": "a9954d7b-e245-4e29-ab01-712274928e82", "rank": "1", "doc": "Sc1687cb3-Ac476c4e9", "action": "expand", "doclen": 2760, "score": 20.83933069459766}
{"type": "StanceClicked", "timestamp": "2025-06-26T10:57:08.526Z", "sessionID": "a9954d7b-e245-4e29-ab01-712274928e82", "rank": "1", "stance": "pro", "action": "chooseStance", "doc": "Sc1687cb3-Ac476c4e9", "doclen": 2760, "score": 20.83933069459766}
{"type": "ClickedEndTask", "timestamp": "2025-06-26T10:57:15.267Z", "sessionID": "a9954d7b-e245-4e29-ab01-712274928e82"}
{"type": "toggleSavedDocumentsClicked", "timestamp": "2025-06-26T10:57:17.659Z", "sessionID": "a9954d7b-e245-4e29-ab01-712274928e82", "clicked": "shown"}
{"type": "TaskEndConfirmed", "timestamp": "2025-06-26T10:57:27.449Z", "sessionID": "a9954d7b-e245-4e29-ab01-712274928e82"}
{"type": "TaskEnded", "timestamp": "2025-06-26T10:58:16.031Z", "sessionID": "a9954d7b-e245-4e29-ab01-712274928e82", "reason": "Topic 3\nCould've continued. Very imbalanced and emotional topic. very rare facts more expressed feelings of commentators.", "translated_reason": "Topic 3\nCould've continued. Very imbalanced and emotional topic. very rare facts more expressed feelings of commentators."}
