{"type": "TaskStarted", "timestamp": "2025-06-26T10:20:54.773Z", "sessionID": "a674357d-308b-496c-9006-f204e20f7d3a", "task": "2", "uid": "Participant6", "topic": "Can alternative energy effectively replace fossil fuels?"}
{"type": "queryBoxFocused", "timestamp": "2025-06-26T10:20:57.024Z", "sessionID": "a674357d-308b-496c-9006-f204e20f7d3a"}
{"type": "querySubmitted", "timestamp": "2025-06-26T10:21:14.046Z", "sessionID": "a674357d-308b-496c-9006-f204e20f7d3a", "query": "alternative energy replace fossils"}
{"docno": "S1baa36a6-Aa4b2f901", "score": 43.31613515578607}
{"docno": "S6e782a7f-Af9399e46", "score": 38.60541669267579}
{"docno": "S1baa36a6-Ac0bf4bed", "score": 38.12635551671879}
{"docno": "Se91be287-Aa86dc068", "score": 35.272138378995535}
{"docno": "S661b8688-A1c627232", "score": 31.27364438947675}
{"docno": "S8706d0e3-Aae31b6bf", "score": 31.091977666942547}
{"docno": "S8fdcc598-Acdae4e26", "score": 29.688211130995022}
{"docno": "Se9b4aa83-A22c16120", "score": 29.042314115666805}
{"docno": "S148bb110-A10521943", "score": 29.031340361424434}
{"docno": "S3af9364a-A34579f2e", "score": 28.606406775591324}
{"docno": "S8b68ae4-A25e6503e", "score": 28.310693256032337}
{"docno": "Sd258aeb1-A4c0071e6", "score": 28.240162504660702}
{"docno": "Sdee205c0-Ae44e39f6", "score": 27.208911000079738}
{"docno": "Sb4dd79cd-A7edad33b", "score": 27.08490557121477}
{"docno": "S9d6aeb41-A5e7380a5", "score": 26.82851725653372}
{"docno": "S8fdcc598-A43e16fea", "score": 26.457914984070484}
{"docno": "S4c6aab06-A82a12ec6", "score": 26.4175971968399}
{"docno": "S8bd07da7-Aa91fdc94", "score": 26.16298951967463}
{"docno": "Se91be287-Ad7caa1c3", "score": 25.862783527001454}
{"docno": "Sde8ec542-Af1a359f0", "score": 25.801072174786306}
{"docno": "Se31bfa66-A29dccb3f", "score": 25.769014240075883}
{"docno": "S43533c49-Ae2964e60", "score": 25.57339201227392}
{"docno": "S6e782a7f-A1f7e6056", "score": 25.5500782775851}
{"docno": "Sb4dd79cd-A414ad7e1", "score": 25.243403982236003}
{"docno": "Sd7bf3b30-Aeba3469a", "score": 25.166873460483945}
{"docno": "S74a77292-A5a2ce3bf", "score": 24.96974940762449}
{"docno": "Sa0c49403-Aeb3168ef", "score": 24.534741789643746}
{"docno": "S8b68ae4-Ad09a0795", "score": 24.23184681861535}
{"docno": "Sde8ec542-A7a65be95", "score": 24.099699624332782}
{"docno": "Sf8fc8c9e-A2a62c1f9", "score": 24.096576335174458}
{"docno": "S16850e2-A8225cd78", "score": 24.075735519574447}
{"docno": "Sbb33e2d6-A77bfb204", "score": 23.952525612362173}
{"docno": "Se2550a31-A93a2cc25", "score": 23.912509582343237}
{"docno": "S4911d42e-A54a3d4e3", "score": 23.78500893446116}
{"docno": "S4911d42e-A73664204", "score": 23.761245032650365}
{"docno": "Sa0c49422-Ad734ffa5", "score": 23.39509745833449}
{"docno": "Sf59a1cd-Aa94eddbd", "score": 23.373881231081135}
{"docno": "S4c6aab06-Ab78242a9", "score": 23.224925949425884}
{"docno": "S148bb110-Ae875f471", "score": 23.1762492569772}
{"docno": "S9ff82f9f-A6a2e3dc2", "score": 23.078449419347876}
{"docno": "S9bc8d269-Aa2f5b865", "score": 23.002690400548964}
{"docno": "S4c6aab06-Aaa46022a", "score": 22.766305238937548}
{"docno": "S7d4c004e-A4dcd33a6", "score": 22.749154895376222}
{"docno": "S53275be8-A2a8a5c2e", "score": 22.549042939162476}
{"docno": "Sd3c3ea6f-Aeaaaf8fa", "score": 22.464706593016654}
{"docno": "S691fdd7c-Ab3967e04", "score": 22.21326519069722}
{"docno": "Sdfa2550c-A2cc92922", "score": 22.153602630764503}
{"docno": "S33af2d02-A4b1f9da2", "score": 22.153602630764503}
{"docno": "S31698916-A9824005f", "score": 22.068604392398008}
{"docno": "S5f3b3fcb-A22da888a", "score": 22.057745120344364}
{"docno": "Sff095b00-Ac57f7384", "score": 22.013019777814424}
{"docno": "S1baa36a6-A376a00ad", "score": 21.98970028156215}
{"docno": "Se2550a31-A51017628", "score": 21.944755078883922}
{"docno": "Sc66981d5-A783c22ba", "score": 21.919946941156965}
{"docno": "S83ae40a2-Ad3cfd561", "score": 21.874320794944662}
{"docno": "S2c6ce6a7-Ac789a2c2", "score": 21.692078727256625}
{"docno": "S4c6aab06-Af7945601", "score": 21.60882634865979}
{"docno": "S4bb40bff-Af5231436", "score": 21.577375373461766}
{"docno": "S2aa5711e-Aca6d975b", "score": 21.554634675222562}
{"docno": "S57476c75-A5a062ea8", "score": 21.53142048896106}
{"docno": "S8706d0e3-Aa446c0fc", "score": 21.50247019852875}
{"docno": "Sd258aeb1-Ae10a017", "score": 21.47281753803361}
{"docno": "S8da25347-Ae90edff7", "score": 21.424480332691466}
{"docno": "Sbb33e2d6-A4507e919", "score": 21.385849416764756}
{"docno": "S31698916-A7c39d7ed", "score": 21.222690188898326}
{"docno": "S4bb40bff-Ae5335e37", "score": 21.197970000635003}
{"docno": "Sde8ec542-A24bed0cf", "score": 21.12540233392016}
{"docno": "S53b7edd-Abfcc4f21", "score": 21.072554155854284}
{"docno": "S7ddeed12-A26771963", "score": 21.037331403857785}
{"docno": "S2e721803-A663a41f", "score": 20.952996833093472}
{"docno": "S2a73d06b-A9c84552c", "score": 20.89768408689133}
{"docno": "S9bc8d269-Ac2420b41", "score": 20.860110282168083}
{"docno": "S3d677ded-Adc5c2d83", "score": 20.774058601931927}
{"docno": "S148bb110-A73673e85", "score": 20.774058601931927}
{"docno": "Sdee205c0-A22706607", "score": 20.68935213732194}
{"docno": "S7983ff18-A9ce614c1", "score": 20.682869341767628}
{"docno": "S74a77292-Ae85a9c8e", "score": 20.67407603128223}
{"docno": "Sc52672af-A8705837a", "score": 20.633757268386397}
{"docno": "S31fade72-Ad2fc740c", "score": 20.54901548097261}
{"docno": "Sffc14fd7-Ad7a37b4c", "score": 20.543851187796633}
{"docno": "S9bc8d269-Aba221d1e", "score": 20.44956976612029}
{"docno": "S4c6aab06-Aaa5ecb0b", "score": 20.41975978422246}
{"docno": "S412c152b-Aa6e77523", "score": 20.304954789570317}
{"docno": "S148bb110-A54da8965", "score": 20.272454509230407}
{"docno": "Sff095b00-A10418c78", "score": 20.25112464326952}
{"docno": "S29e8ec75-A58883887", "score": 20.208222809056707}
{"docno": "S29e8ec75-Abe481205", "score": 20.197036315727054}
{"docno": "S7f65d0b8-A2469aedd", "score": 20.11242547428292}
{"docno": "S3b9e766e-Abc5800b6", "score": 20.087534771874378}
{"docno": "Sf4c49f83-Aa377a1b5", "score": 20.060557946647737}
{"docno": "S148bb110-A55d41966", "score": 20.050987873453163}
{"docno": "Sdee205c0-A7e51810", "score": 20.036300829227432}
{"docno": "Scf368ef2-A3a6d9bb4", "score": 19.986555688811237}
{"docno": "S7983ff18-Aa229a4fb", "score": 19.88650507599793}
{"docno": "S35052009-A60772d51", "score": 19.85239316140357}
{"docno": "Scfe5ce1d-Ae8ff8e77", "score": 19.83227585788142}
{"docno": "S8706d0e3-Ac554444", "score": 19.818895879477342}
{"docno": "S7983ff18-Abc9e38fe", "score": 19.81760613696084}
{"docno": "S653f0284-Afaeb6f0f", "score": 19.740551105600865}
{"docno": "Se31bfa66-A11d1f42e", "score": 19.734792972505364}
{"type": "toggleArgument", "timestamp": "2025-06-26T10:21:22.909Z", "sessionID": "a674357d-308b-496c-9006-f204e20f7d3a", "rank": "1", "doc": "S1baa36a6-Aa4b2f901", "action": "expand", "doclen": 517, "score": 47.56652040163249}
{"type": "StanceClicked", "timestamp": "2025-06-26T10:21:40.333Z", "sessionID": "a674357d-308b-496c-9006-f204e20f7d3a", "rank": "1", "stance": "pro", "action": "chooseStance", "doc": "S1baa36a6-Aa4b2f901", "doclen": 517, "score": 47.56652040163249}
{"type": "toggleArgument", "timestamp": "2025-06-26T10:21:41.709Z", "sessionID": "a674357d-308b-496c-9006-f204e20f7d3a", "rank": "2", "doc": "S6e782a7f-Af9399e46", "action": "expand", "doclen": 345, "score": 39.34170309277287}
{"type": "toggleArgument", "timestamp": "2025-06-26T10:21:55.093Z", "sessionID": "a674357d-308b-496c-9006-f204e20f7d3a", "rank": "3", "doc": "S1baa36a6-Ac0bf4bed", "action": "expand", "doclen": 213, "score": 38.89486908974413}
{"type": "toggleArgument", "timestamp": "2025-06-26T10:22:06.613Z", "sessionID": "a674357d-308b-496c-9006-f204e20f7d3a", "rank": "4", "doc": "Se91be287-Aa86dc068", "action": "expand", "doclen": 491, "score": 35.272138378995535}
{"type": "toggleArgument", "timestamp": "2025-06-26T10:22:25.757Z", "sessionID": "a674357d-308b-496c-9006-f204e20f7d3a", "rank": "5", "doc": "S661b8688-A1c627232", "action": "expand", "doclen": 2018, "score": 29.345292117826368}
{"type": "StanceClicked", "timestamp": "2025-06-26T10:23:28.375Z", "sessionID": "a674357d-308b-496c-9006-f204e20f7d3a", "rank": "5", "stance": "con", "action": "chooseStance", "doc": "S661b8688-A1c627232", "doclen": 2018, "score": 29.345292117826368}
{"type": "toggleArgument", "timestamp": "2025-06-26T10:23:31.630Z", "sessionID": "a674357d-308b-496c-9006-f204e20f7d3a", "rank": "6", "doc": "S8706d0e3-Aae31b6bf", "action": "expand", "doclen": 2377, "score": 39.26057562758774}
{"type": "toggleArgument", "timestamp": "2025-06-26T10:24:35.984Z", "sessionID": "a674357d-308b-496c-9006-f204e20f7d3a", "rank": "7", "doc": "S8fdcc598-Acdae4e26", "action": "expand", "doclen": 1418, "score": 43.26591479967707}
{"type": "StanceClicked", "timestamp": "2025-06-26T10:25:17.904Z", "sessionID": "a674357d-308b-496c-9006-f204e20f7d3a", "rank": "7", "stance": "pro", "action": "chooseStance", "doc": "S8fdcc598-Acdae4e26", "doclen": 1418, "score": 43.26591479967707}
{"type": "toggleArgument", "timestamp": "2025-06-26T10:25:19.608Z", "sessionID": "a674357d-308b-496c-9006-f204e20f7d3a", "rank": "8", "doc": "Se9b4aa83-A22c16120", "action": "expand", "doclen": 642, "score": 29.837198608220135}
{"type": "StanceClicked", "timestamp": "2025-06-26T10:26:00.034Z", "sessionID": "a674357d-308b-496c-9006-f204e20f7d3a", "rank": "9", "stance": "pro", "action": "chooseStance", "doc": "S148bb110-A10521943", "doclen": 304, "score": 29.747602728989335}
{"type": "toggleArgument", "timestamp": "2025-06-26T10:26:04.426Z", "sessionID": "a674357d-308b-496c-9006-f204e20f7d3a", "rank": "10", "doc": "S3af9364a-A34579f2e", "action": "expand", "doclen": 1751, "score": 33.17909443989415}
{"type": "pageNavigationClicked", "timestamp": "2025-06-26T10:27:35.003Z", "sessionID": "a674357d-308b-496c-9006-f204e20f7d3a", "clicked": "2", "fromPage": 1, "toPage": 2}
{"type": "toggleArgument", "timestamp": "2025-06-26T10:27:37.235Z", "sessionID": "a674357d-308b-496c-9006-f204e20f7d3a", "rank": "11", "doc": "S8b68ae4-A25e6503e", "action": "expand", "doclen": 470, "score": 32.68166732644501}
{"type": "StanceClicked", "timestamp": "2025-06-26T10:28:10.349Z", "sessionID": "a674357d-308b-496c-9006-f204e20f7d3a", "rank": "11", "stance": "con", "action": "chooseStance", "doc": "S8b68ae4-A25e6503e", "doclen": 470, "score": 32.68166732644501}
{"type": "toggleArgument", "timestamp": "2025-06-26T10:28:12.556Z", "sessionID": "a674357d-308b-496c-9006-f204e20f7d3a", "rank": "12", "doc": "Sd258aeb1-A4c0071e6", "action": "expand", "doclen": 1454, "score": 33.89551449876713}
{"type": "StanceClicked", "timestamp": "2025-06-26T10:28:13.677Z", "sessionID": "a674357d-308b-496c-9006-f204e20f7d3a", "rank": "11", "stance": "con", "action": "removeStance", "doc": "S8b68ae4-A25e6503e", "doclen": 470, "score": 32.68166732644501}
{"type": "StanceClicked", "timestamp": "2025-06-26T10:28:25.341Z", "sessionID": "a674357d-308b-496c-9006-f204e20f7d3a", "rank": "12", "stance": "con", "action": "chooseStance", "doc": "Sd258aeb1-A4c0071e6", "doclen": 1454, "score": 33.89551449876713}
{"type": "toggleArgument", "timestamp": "2025-06-26T10:28:50.412Z", "sessionID": "a674357d-308b-496c-9006-f204e20f7d3a", "rank": "13", "doc": "Sdee205c0-Ae44e39f6", "action": "expand", "doclen": 369, "score": 38.894181074936995}
{"type": "toggleArgument", "timestamp": "2025-06-26T10:29:18.061Z", "sessionID": "a674357d-308b-496c-9006-f204e20f7d3a", "rank": "14", "doc": "Sb4dd79cd-A7edad33b", "action": "expand", "doclen": 296, "score": 37.061228295938015}
{"type": "toggleArgument", "timestamp": "2025-06-26T10:29:33.444Z", "sessionID": "a674357d-308b-496c-9006-f204e20f7d3a", "rank": "15", "doc": "S9d6aeb41-A5e7380a5", "action": "expand", "doclen": 2633, "score": 35.566420641503896}
{"type": "StanceClicked", "timestamp": "2025-06-26T10:30:40.637Z", "sessionID": "a674357d-308b-496c-9006-f204e20f7d3a", "rank": "15", "stance": "con", "action": "chooseStance", "doc": "S9d6aeb41-A5e7380a5", "doclen": 2633, "score": 35.566420641503896}
{"type": "toggleArgument", "timestamp": "2025-06-26T10:30:47.901Z", "sessionID": "a674357d-308b-496c-9006-f204e20f7d3a", "rank": "16", "doc": "S8fdcc598-A43e16fea", "action": "expand", "doclen": 1626, "score": 39.0209523440474}
{"type": "toggleArgument", "timestamp": "2025-06-26T10:31:10.300Z", "sessionID": "a674357d-308b-496c-9006-f204e20f7d3a", "rank": "17", "doc": "S4c6aab06-A82a12ec6", "action": "expand", "doclen": 1264, "score": 37.35729526470278}
{"type": "StanceClicked", "timestamp": "2025-06-26T10:31:25.117Z", "sessionID": "a674357d-308b-496c-9006-f204e20f7d3a", "rank": "17", "stance": "pro", "action": "chooseStance", "doc": "S4c6aab06-A82a12ec6", "doclen": 1264, "score": 37.35729526470278}
{"type": "toggleArgument", "timestamp": "2025-06-26T10:31:48.676Z", "sessionID": "a674357d-308b-496c-9006-f204e20f7d3a", "rank": "18", "doc": "S8bd07da7-Aa91fdc94", "action": "expand", "doclen": 2012, "score": 33.61429974423295}
{"type": "ClickedEndTask", "timestamp": "2025-06-26T10:31:52.421Z", "sessionID": "a674357d-308b-496c-9006-f204e20f7d3a"}
{"type": "TaskEndConfirmed", "timestamp": "2025-06-26T10:31:54.373Z", "sessionID": "a674357d-308b-496c-9006-f204e20f7d3a"}
{"type": "TaskEnded", "timestamp": "2025-06-26T10:32:04.205Z", "sessionID": "a674357d-308b-496c-9006-f204e20f7d3a", "reason": "the time is up", "translated_reason": "The Time Is Up"}
