{"type": "idSubmitted", "timestamp": "2025-06-26T10:08:16.471Z", "sessionID": "9829ed40-caa6-4b8d-9c35-58401e31a3ed", "uid": "Participant30"}
{"type": "TaskStarted", "timestamp": "2025-06-26T10:09:10.877Z", "sessionID": "9829ed40-caa6-4b8d-9c35-58401e31a3ed", "task": "1", "uid": "Participant30", "topic": "Is a university education worth it?"}
{"type": "queryBoxFocused", "timestamp": "2025-06-26T10:09:23.407Z", "sessionID": "9829ed40-caa6-4b8d-9c35-58401e31a3ed"}
{"type": "querySubmitted", "timestamp": "2025-06-26T10:09:42.766Z", "sessionID": "9829ed40-caa6-4b8d-9c35-58401e31a3ed", "query": "university education career"}
{"docno": "Se3f93a3a-A24919857", "score": 23.285258156088297}
{"docno": "S1d8d4ff1-A70bebe59", "score": 21.435430433864283}
{"docno": "S6841b2b8-Ab987c2ba", "score": 20.85111090014054}
{"docno": "S1d8d4ff1-Aa36b64cd", "score": 20.784927619116992}
{"docno": "Sa23436f0-A1cbf4427", "score": 20.66283991961786}
{"docno": "S18fd4547-A9525074f", "score": 20.574353281832714}
{"docno": "S3e0f1978-A634e5d28", "score": 20.42731882266323}
{"docno": "S9221b9ae-Affdc0f0b", "score": 20.188803324500565}
{"docno": "Sdd3992c9-Af7bd394f", "score": 18.693669057225}
{"docno": "Scafa7193-A67f68793", "score": 18.67370060995509}
{"docno": "S3d6d8b76-Aec5be95f", "score": 18.563071587521485}
{"docno": "S853326f2-A65edf445", "score": 18.07525131294579}
{"docno": "S7e280b9-A1b9ddded", "score": 17.979129279889115}
{"docno": "S824a5a69-A4c774a0b", "score": 17.89022209460083}
{"docno": "S92d305fb-Ae9169c1c", "score": 17.863563399397457}
{"docno": "S54c96a00-A94e0c7b0", "score": 17.764125565600743}
{"docno": "S6963151c-A1ca5b7e9", "score": 17.681078241496913}
{"docno": "Sa320c888-A48cdcb93", "score": 17.67878440934619}
{"docno": "S27ba4b1a-Aac237bd2", "score": 17.655090721319436}
{"docno": "S9807d902-Ac3ebd59", "score": 17.57832939018715}
{"docno": "S33e636ec-A5a54702a", "score": 17.47644912363551}
{"docno": "Sd35aa2c3-A4f749e3a", "score": 17.460923381649962}
{"docno": "S3f184387-A8790b543", "score": 16.998773860102077}
{"docno": "S4595ce6e-Ac8894508", "score": 16.835189001079108}
{"docno": "S5751f01f-Aea9ae896", "score": 16.77143518233298}
{"docno": "Sfbd09533-A83b0bff5", "score": 16.765371295918428}
{"docno": "S6979ccbf-A46667fbb", "score": 16.609242540422294}
{"docno": "S5cd1966b-A4084fa2b", "score": 16.592890531388353}
{"docno": "Sfacf9d7f-A54b2c20d", "score": 16.493121278480196}
{"docno": "S50689d14-Aaf4abfd8", "score": 16.37675869421801}
{"docno": "S2518c6cb-A4f4901af", "score": 16.2786961473084}
{"docno": "S2a70e688-A4dc1b5b", "score": 16.272563998480067}
{"docno": "Sff051f49-Ae2145a", "score": 16.253050845183033}
{"docno": "S754b841f-A8700484d", "score": 16.231618513460067}
{"docno": "S25780264-A6f385e25", "score": 16.21532401864074}
{"docno": "Se652cbf2-A6085f65f", "score": 16.153855949117755}
{"docno": "S41ceab48-A22d24884", "score": 16.10073771337616}
{"docno": "S16837731-Ac3f4c2b1", "score": 16.09219500227646}
{"docno": "S21d8adf9-A946f7271", "score": 16.073076117075708}
{"docno": "S3ffe2bf5-Af57bc504", "score": 15.913719629721552}
{"docno": "S8af69e8a-Ac9746296", "score": 15.913719629721552}
{"docno": "Sc8c3541d-Ac0851e05", "score": 15.904357483002403}
{"docno": "S5a5f6670-Ae4ff3280", "score": 15.87493635124768}
{"docno": "S56ad9029-A4394a36b", "score": 15.856598330192394}
{"docno": "S378f5f8b-A45707cdb", "score": 15.806048266131489}
{"docno": "Sd0bdb525-Aa1414d54", "score": 15.75702993192115}
{"docno": "S6979ccbf-A58332f7b", "score": 15.75208053148091}
{"docno": "Se75eba1-A3954655c", "score": 15.722190379947982}
{"docno": "Sa1f3d362-Af055c02f", "score": 15.591591446809673}
{"docno": "S1d8d4ff1-A64ce9b17", "score": 15.585737869333308}
{"docno": "Sf72877b8-A3745afa1", "score": 15.585380650521515}
{"docno": "S6963151c-A9143add1", "score": 15.573573411863299}
{"docno": "Se2c8913f-Af8290257", "score": 15.445232189933112}
{"docno": "Sd7e54181-A28c93294", "score": 15.435041154907028}
{"docno": "S6963151c-A30e5c520", "score": 15.427345758235411}
{"docno": "S1db3eaf8-Ac092d522", "score": 15.396992276112387}
{"docno": "Sc7831446-Ac092d522", "score": 15.396992276112387}
{"docno": "S27ba4775-Abc4dcc0a", "score": 15.342999941119793}
{"docno": "S3d4ee487-A5e16396c", "score": 15.334550741024035}
{"docno": "S47a98e5a-A249355ce", "score": 15.26980518190594}
{"docno": "S4ffa1617-A7f2719a8", "score": 15.26310351657575}
{"docno": "S6c1f1644-A5e6f93b9", "score": 15.252469513518731}
{"docno": "S1db3eaf8-A479a7253", "score": 15.239189829079542}
{"docno": "Sc7831446-A479a7253", "score": 15.239189829079542}
{"docno": "S472d8abe-Ac816cc0f", "score": 15.207993440283104}
{"docno": "S16837731-A1d8f3cef", "score": 15.123703297246848}
{"docno": "S20dc5881-Acde38a62", "score": 15.099787570681725}
{"docno": "S5b1634d1-A58f40158", "score": 15.058817286134097}
{"docno": "Se2e43e4f-A8396e59f", "score": 14.96696964644283}
{"docno": "S1db3eaf8-A4567d15", "score": 14.944288031174123}
{"docno": "Sc7831446-A4567d15", "score": 14.944288031174123}
{"docno": "Sea43a5f1-Aff1f4195", "score": 14.920134027202389}
{"docno": "S5cd1966b-A9951d97d", "score": 14.917630048023483}
{"docno": "Sf72877b8-Af8c6621b", "score": 14.912883460769091}
{"docno": "S679b6cfe-A99c60630", "score": 14.867312204991611}
{"docno": "Sa1f3d362-Ac3da7b8b", "score": 14.859277183014868}
{"docno": "S18d23014-Ae4945f1f", "score": 14.853577146618749}
{"docno": "S378f5f8b-Ada4b0769", "score": 14.84159461925978}
{"docno": "Sb7a98a20-A5c1f16c", "score": 14.828674715430136}
{"docno": "S4c11bb9f-A61d55041", "score": 14.826764565795546}
{"docno": "S2518c6cb-Ac5448764", "score": 14.802441940427085}
{"docno": "S13644e36-Aa10d7831", "score": 14.798840308545604}
{"docno": "S1db3eaf8-A4a1fe355", "score": 14.77681057580736}
{"docno": "Sc7831446-A4a1fe355", "score": 14.77681057580736}
{"docno": "S40949617-A65348328", "score": 14.762287127026141}
{"docno": "S51f51b62-Ab4c7d183", "score": 14.759433273537159}
{"docno": "Sdfe65563-A9700387f", "score": 14.754606442365773}
{"docno": "S4931da27-A77b0def0", "score": 14.754606442365773}
{"docno": "Sa3cff50e-Ae3991008", "score": 14.743961840061939}
{"docno": "Sea3e1397-A7425df3b", "score": 14.723976224526801}
{"docno": "S13644e36-A5541c5ea", "score": 14.69627934646894}
{"docno": "S3045b026-Ab05ea3bf", "score": 14.692519587234376}
{"docno": "S5346a370-A4b5ded85", "score": 14.68643824332915}
{"docno": "S472d8abe-Acdd3b6cc", "score": 14.685283684652841}
{"docno": "S1db3eaf8-A6b2e6ada", "score": 14.639683054546747}
{"docno": "Sc7831446-A6b2e6ada", "score": 14.639683054546747}
{"docno": "S378f5f8b-A7771b2e4", "score": 14.610287054756798}
{"docno": "S92a38756-A1deb281", "score": 14.607304124345472}
{"docno": "Scafa7193-Ad677425d", "score": 14.564688883723136}
{"docno": "Scff9e697-A1ae36819", "score": 14.560569703118727}
{"type": "StanceClicked", "timestamp": "2025-06-26T10:10:09.293Z", "sessionID": "9829ed40-caa6-4b8d-9c35-58401e31a3ed", "rank": "2", "stance": "pro", "action": "chooseStance", "doc": "S1d8d4ff1-A70bebe59", "doclen": 1461, "score": 21.435430433864283}
{"type": "StanceClicked", "timestamp": "2025-06-26T10:10:36.341Z", "sessionID": "9829ed40-caa6-4b8d-9c35-58401e31a3ed", "rank": "5", "stance": "pro", "action": "chooseStance", "doc": "Sa23436f0-A1cbf4427", "doclen": 555, "score": 20.66283991961786}
{"type": "StanceClicked", "timestamp": "2025-06-26T10:11:14.587Z", "sessionID": "9829ed40-caa6-4b8d-9c35-58401e31a3ed", "rank": "1", "stance": "con", "action": "chooseStance", "doc": "Se3f93a3a-A24919857", "doclen": 1031, "score": 13.85153248794494}
{"type": "pageNavigationClicked", "timestamp": "2025-06-26T10:11:38.556Z", "sessionID": "9829ed40-caa6-4b8d-9c35-58401e31a3ed", "clicked": "2", "fromPage": 1, "toPage": 2}
{"type": "queryBoxFocused", "timestamp": "2025-06-26T10:11:59.865Z", "sessionID": "9829ed40-caa6-4b8d-9c35-58401e31a3ed"}
{"type": "querySubmitted", "timestamp": "2025-06-26T10:12:18.441Z", "sessionID": "9829ed40-caa6-4b8d-9c35-58401e31a3ed", "query": "how to finance university education"}
{"docno": "S16837731-Ac3f4c2b1", "score": 24.21010043251767}
{"docno": "Sa23436f0-A7e36a2fe", "score": 23.898233058006788}
{"docno": "S1db3eaf8-Ac092d522", "score": 22.973911502717762}
{"docno": "Sc7831446-Ac092d522", "score": 22.973911502717762}
{"docno": "S4566fc90-A6d431631", "score": 22.514117129860004}
{"docno": "S1db3eaf8-A8eeea404", "score": 22.362794638070817}
{"docno": "Sc7831446-A8eeea404", "score": 22.362794638070817}
{"docno": "Sc16748c0-A6574b2a1", "score": 19.567136778140675}
{"docno": "Sd96933f0-Aabf96db9", "score": 18.959363416771687}
{"docno": "S9c2b0b0-A7e9b936d", "score": 18.861787491284133}
{"docno": "Sf8a2755c-Aeb970331", "score": 18.400639755932552}
{"docno": "Sb4f2e2af-Ace3cd902", "score": 18.271624011896304}
{"docno": "S5423017d-A2b1e8071", "score": 17.882414561323642}
{"docno": "Sbd9e66f5-A5024e11d", "score": 17.882414561323642}
{"docno": "S3045b026-A9bd376c5", "score": 17.77546092172733}
{"docno": "S37bfee71-Adb908df5", "score": 17.7020508053638}
{"docno": "S50591168-A3ec1a7f3", "score": 17.62477678032511}
{"docno": "S9e19aee1-A874a4faf", "score": 17.58585182266792}
{"docno": "Scc4ca7ac-A3ec3871f", "score": 17.426722851701054}
{"docno": "Se01428c-Af1e2d1b1", "score": 17.422027600494996}
{"docno": "Sbbaa1a64-A5a88cdc1", "score": 17.299372260755483}
{"docno": "Sab524035-Aa521403a", "score": 16.92092846194951}
{"docno": "Sfad66533-A64bd10d5", "score": 16.78502513089071}
{"docno": "Sb426d57f-A2cc74ede", "score": 16.75628981433106}
{"docno": "Scc4ca7ac-Ab1248006", "score": 16.54459842246097}
{"docno": "S1740be5-A438de8e3", "score": 16.46204161619755}
{"docno": "S2518c6cb-A4f4901af", "score": 16.2786961473084}
{"docno": "S9e19aee1-Ac77beb1e", "score": 16.24436422396674}
{"docno": "Sbbaa1a64-Aa6a3f4c2", "score": 16.09073698189263}
{"docno": "S472d8abe-Ac816cc0f", "score": 15.931575813800517}
{"docno": "Sa3e53c1b-A953354ff", "score": 15.882194265366431}
{"docno": "S5a5f6670-Ae4ff3280", "score": 15.87493635124768}
{"docno": "S3c509680-A7d67a05e", "score": 15.818358089443883}
{"docno": "S378f5f8b-A45707cdb", "score": 15.806048266131489}
{"docno": "Sf8a2755c-A6f85f083", "score": 15.700507807964762}
{"docno": "S6963151c-A3b59c39f", "score": 15.601188135863604}
{"docno": "Se2c8913f-Af8290257", "score": 15.445232189933112}
{"docno": "S6c1f1644-A5e6f93b9", "score": 15.252469513518731}
{"docno": "S1db3eaf8-A479a7253", "score": 15.239189829079542}
{"docno": "Sc7831446-A479a7253", "score": 15.239189829079542}
{"docno": "S4a550b3a-A45e903bc", "score": 15.196509161008562}
{"docno": "S16837731-A1d8f3cef", "score": 15.123703297246848}
{"docno": "S20dc5881-Acde38a62", "score": 15.099787570681725}
{"docno": "S82288983-Ad04048ae", "score": 15.021684235093012}
{"docno": "S1db3eaf8-A4567d15", "score": 14.944288031174123}
{"docno": "Sc7831446-A4567d15", "score": 14.944288031174123}
{"docno": "Sea43a5f1-Aff1f4195", "score": 14.920134027202389}
{"docno": "S76b548ad-A377c314", "score": 14.900096856959763}
{"docno": "Sa1f3d362-Ac3da7b8b", "score": 14.859277183014868}
{"docno": "S378f5f8b-Ada4b0769", "score": 14.84159461925978}
{"docno": "S4c11bb9f-A61d55041", "score": 14.826764565795546}
{"docno": "S2518c6cb-Ac5448764", "score": 14.802441940427085}
{"docno": "S13644e36-Aa10d7831", "score": 14.798840308545604}
{"docno": "S1db3eaf8-A4a1fe355", "score": 14.77681057580736}
{"docno": "Sc7831446-A4a1fe355", "score": 14.77681057580736}
{"docno": "S40949617-A65348328", "score": 14.762287127026141}
{"docno": "S13644e36-A5541c5ea", "score": 14.69627934646894}
{"docno": "S3045b026-Ab05ea3bf", "score": 14.692519587234376}
{"docno": "S1db3eaf8-A6b2e6ada", "score": 14.639683054546747}
{"docno": "Sc7831446-A6b2e6ada", "score": 14.639683054546747}
{"docno": "S378f5f8b-A7771b2e4", "score": 14.610287054756798}
{"docno": "S63f8279b-A7038939f", "score": 14.586209917147468}
{"docno": "Scafa7193-Ad677425d", "score": 14.564688883723136}
{"docno": "S2518c6cb-Aa5ef462e", "score": 14.545452718508141}
{"docno": "Sb7e5c696-A601b22de", "score": 14.514962447645221}
{"docno": "S6c1f1644-A29030ee1", "score": 14.490044743141237}
{"docno": "S1db3eaf8-A962bab80", "score": 14.408481196690946}
{"docno": "Sc7831446-A962bab80", "score": 14.408481196690946}
{"docno": "Sc17e0a4d-A87d5088d", "score": 14.400824658799822}
{"docno": "S56ad9029-Af475afe4", "score": 14.39533542625664}
{"docno": "Se3bb0258-Af62edfc3", "score": 14.388925724215538}
{"docno": "S16837731-A138adecf", "score": 14.379851086448577}
{"docno": "Sc8c0877b-Abe110778", "score": 14.33589679830361}
{"docno": "Se3f93a3a-A4e065e47", "score": 14.292184183670498}
{"docno": "Sf76890a8-Acf2f3cdd", "score": 14.259027560217529}
{"docno": "S1db3eaf8-Ae7cf20fd", "score": 14.249107123671594}
{"docno": "Sc7831446-Ae7cf20fd", "score": 14.249107123671594}
{"docno": "S1e44a13d-A52e68428", "score": 14.241999400737658}
{"docno": "Se3f93a3a-A690371e3", "score": 14.237323313818589}
{"docno": "Sa255dace-A84d0acef", "score": 14.207858446420527}
{"docno": "Sd1785a48-Ad70709ef", "score": 14.192896163681537}
{"docno": "Sab43f012-A56aff293", "score": 14.189882390750494}
{"docno": "S50e33842-A7665b17a", "score": 14.166828872696243}
{"docno": "S1e44a13d-A8c386b7f", "score": 14.16414030174217}
{"docno": "Se3f93a3a-Aba4ca2c5", "score": 14.146146951212621}
{"docno": "S24d7b2b-A46860496", "score": 14.139589595653721}
{"docno": "S6aa1492a-A9ea13336", "score": 14.13150522088899}
{"docno": "S6964b57b-Afaa0cb1e", "score": 14.125961533910846}
{"docno": "S87e36ea8-A109a7251", "score": 14.11009615284702}
{"docno": "S1e44a13d-Ab487abcd", "score": 14.093339842510462}
{"docno": "S16837731-Aa3bdb61a", "score": 14.025854851919151}
{"docno": "Sc08244da-A7898e931", "score": 14.023245338663381}
{"docno": "S1b21a2f2-A21240168", "score": 13.988477521211323}
{"docno": "S7255596f-Aa9714722", "score": 13.987475637857264}
{"docno": "S2f1dffb0-A28e64da9", "score": 13.9851710730556}
{"docno": "S6d905c81-A5139418e", "score": 13.958821207570299}
{"docno": "S2d7a6fbd-A8ec7e097", "score": 13.953591471005534}
{"docno": "S6eaf660d-Ab81bcbc9", "score": 13.95010700446295}
{"docno": "S8dc6266e-Ab6faf106", "score": 13.927246054604275}
{"docno": "S40949617-A8783749", "score": 13.884487044769788}
{"type": "queryBoxFocused", "timestamp": "2025-06-26T10:12:21.305Z", "sessionID": "9829ed40-caa6-4b8d-9c35-58401e31a3ed"}
{"type": "querySubmitted", "timestamp": "2025-06-26T10:13:07.362Z", "sessionID": "9829ed40-caa6-4b8d-9c35-58401e31a3ed", "query": "university education "}
{"docno": "S2518c6cb-A4f4901af", "score": 16.2786961473084}
{"docno": "S16837731-Ac3f4c2b1", "score": 16.09219500227646}
{"docno": "S5a5f6670-Ae4ff3280", "score": 15.87493635124768}
{"docno": "S378f5f8b-A45707cdb", "score": 15.806048266131489}
{"docno": "Se2c8913f-Af8290257", "score": 15.445232189933112}
{"docno": "S1db3eaf8-Ac092d522", "score": 15.396992276112387}
{"docno": "Sc7831446-Ac092d522", "score": 15.396992276112387}
{"docno": "S6c1f1644-A5e6f93b9", "score": 15.252469513518731}
{"docno": "S1db3eaf8-A479a7253", "score": 15.239189829079542}
{"docno": "Sc7831446-A479a7253", "score": 15.239189829079542}
{"docno": "S16837731-A1d8f3cef", "score": 15.123703297246848}
{"docno": "S20dc5881-Acde38a62", "score": 15.099787570681725}
{"docno": "S1db3eaf8-A4567d15", "score": 14.944288031174123}
{"docno": "Sc7831446-A4567d15", "score": 14.944288031174123}
{"docno": "Sea43a5f1-Aff1f4195", "score": 14.920134027202389}
{"docno": "Sa1f3d362-Ac3da7b8b", "score": 14.859277183014868}
{"docno": "S378f5f8b-Ada4b0769", "score": 14.84159461925978}
{"docno": "S4c11bb9f-A61d55041", "score": 14.826764565795546}
{"docno": "S2518c6cb-Ac5448764", "score": 14.802441940427085}
{"docno": "S13644e36-Aa10d7831", "score": 14.798840308545604}
{"docno": "S1db3eaf8-A4a1fe355", "score": 14.77681057580736}
{"docno": "Sc7831446-A4a1fe355", "score": 14.77681057580736}
{"docno": "S40949617-A65348328", "score": 14.762287127026141}
{"docno": "S13644e36-A5541c5ea", "score": 14.69627934646894}
{"docno": "S3045b026-Ab05ea3bf", "score": 14.692519587234376}
{"docno": "S1db3eaf8-A6b2e6ada", "score": 14.639683054546747}
{"docno": "Sc7831446-A6b2e6ada", "score": 14.639683054546747}
{"docno": "S378f5f8b-A7771b2e4", "score": 14.610287054756798}
{"docno": "Scafa7193-Ad677425d", "score": 14.564688883723136}
{"docno": "S2518c6cb-Aa5ef462e", "score": 14.545452718508141}
{"docno": "Sb7e5c696-A601b22de", "score": 14.514962447645221}
{"docno": "S6c1f1644-A29030ee1", "score": 14.490044743141237}
{"docno": "S1db3eaf8-A962bab80", "score": 14.408481196690946}
{"docno": "Sc7831446-A962bab80", "score": 14.408481196690946}
{"docno": "S56ad9029-Af475afe4", "score": 14.39533542625664}
{"docno": "Se3bb0258-Af62edfc3", "score": 14.388925724215538}
{"docno": "S16837731-A138adecf", "score": 14.379851086448577}
{"docno": "Se3f93a3a-A4e065e47", "score": 14.292184183670498}
{"docno": "Sf76890a8-Acf2f3cdd", "score": 14.259027560217529}
{"docno": "S1db3eaf8-Ae7cf20fd", "score": 14.249107123671594}
{"docno": "Sc7831446-Ae7cf20fd", "score": 14.249107123671594}
{"docno": "S1e44a13d-A52e68428", "score": 14.241999400737658}
{"docno": "Se3f93a3a-A690371e3", "score": 14.237323313818589}
{"docno": "Sd1785a48-Ad70709ef", "score": 14.192896163681537}
{"docno": "Sab43f012-A56aff293", "score": 14.189882390750494}
{"docno": "S50e33842-A7665b17a", "score": 14.166828872696243}
{"docno": "S1e44a13d-A8c386b7f", "score": 14.16414030174217}
{"docno": "Se3f93a3a-Aba4ca2c5", "score": 14.146146951212621}
{"docno": "S24d7b2b-A46860496", "score": 14.139589595653721}
{"docno": "S6aa1492a-A9ea13336", "score": 14.13150522088899}
{"docno": "S87e36ea8-A109a7251", "score": 14.11009615284702}
{"docno": "S1e44a13d-Ab487abcd", "score": 14.093339842510462}
{"docno": "S16837731-Aa3bdb61a", "score": 14.025854851919151}
{"docno": "S1b21a2f2-A21240168", "score": 13.988477521211323}
{"docno": "S2f1dffb0-A28e64da9", "score": 13.9851710730556}
{"docno": "S2d7a6fbd-A8ec7e097", "score": 13.953591471005534}
{"docno": "S40949617-A8783749", "score": 13.884487044769788}
{"docno": "S1db3eaf8-A5f21ef21", "score": 13.884487044769788}
{"docno": "Sc7831446-A5f21ef21", "score": 13.884487044769788}
{"docno": "Se3f93a3a-A24919857", "score": 13.85153248794494}
{"docno": "S1e44a13d-Ae2c4cd70", "score": 13.802282179595672}
{"docno": "S1e44a13d-Ac1256c10", "score": 13.792365292323261}
{"docno": "S3045b026-A7c322ff4", "score": 13.777672534024262}
{"docno": "S1db3eaf8-Acb8b6618", "score": 13.763403151181977}
{"docno": "Sc7831446-Acb8b6618", "score": 13.763403151181977}
{"docno": "S61bc6a94-A7b2601f7", "score": 13.701482966606864}
{"docno": "S4566fc90-A312b655e", "score": 13.690141936165372}
{"docno": "S1db3eaf8-A1be053d4", "score": 13.690141936165372}
{"docno": "Sc7831446-A1be053d4", "score": 13.690141936165372}
{"docno": "S3045b026-Ac5d2550", "score": 13.68727048082903}
{"docno": "S2ea519c-A923ad8d0", "score": 13.664515298291198}
{"docno": "S9f1c63ea-A2d454783", "score": 13.659259493242661}
{"docno": "S2a6de514-Adaefeb19", "score": 13.65649864405852}
{"docno": "Sa23436f0-A5b0373a7", "score": 13.63987392488798}
{"docno": "Sa23436f0-A7e36a2fe", "score": 13.63412595869076}
{"docno": "S4566fc90-Ab6ef84b1", "score": 13.630615924958938}
{"docno": "Se01428c-Ace3e30e7", "score": 13.61726112101151}
{"docno": "S1172bf14-A4a47b7e", "score": 13.585037728957296}
{"docno": "S1e44a13d-A4993dae9", "score": 13.583614806326803}
{"docno": "S5e977bfe-Adec5e6d1", "score": 13.542024818588434}
{"docno": "Sb7e5c696-A4ce03563", "score": 13.523368175831758}
{"docno": "S2ea519c-Ad0b1991d", "score": 13.48981535831965}
{"docno": "S1246b58c-A768ea905", "score": 13.471240714843582}
{"docno": "S1246b58c-A6eaaa3c", "score": 13.471240714843582}
{"docno": "Se3f93a3a-A4357c7d2", "score": 13.45943239449782}
{"docno": "Se01428c-A7f2c8bad", "score": 13.316177852736839}
{"docno": "S6e24b441-Ab2760010", "score": 13.316177852736839}
{"docno": "S419ce672-Aa9aad537", "score": 13.307187213527197}
{"docno": "S87e36ea8-Ae76d342f", "score": 13.306136919464493}
{"docno": "Sa23436f0-Aa74b7470", "score": 13.194504356376068}
{"docno": "S1e44a13d-Acb070df8", "score": 13.194504356376068}
{"docno": "S8803e297-A4316277a", "score": 13.15820889204376}
{"docno": "S442da727-Ae2c11bf2", "score": 13.155707060447057}
{"docno": "S1e44a13d-Ae67ae7e4", "score": 13.147267583287798}
{"docno": "S25fd8b59-A92cea455", "score": 13.13741165507005}
{"docno": "Sa1f3d362-A7c7c3de7", "score": 13.132420590229756}
{"docno": "S1e44a13d-A8eb52501", "score": 13.095400032984323}
{"docno": "S5495d3a1-A95780718", "score": 13.090367878841622}
{"docno": "Sa0587216-A339b6c2b", "score": 13.088255837758645}
{"docno": "Scafa7193-Ab35bc715", "score": 13.058619683172424}
{"type": "StanceClicked", "timestamp": "2025-06-26T10:13:25.673Z", "sessionID": "9829ed40-caa6-4b8d-9c35-58401e31a3ed", "rank": "8", "stance": "pro", "action": "chooseStance", "doc": "S6c1f1644-A5e6f93b9", "doclen": 143, "score": 15.252469513518731}
{"type": "pageNavigationClicked", "timestamp": "2025-06-26T10:13:35.080Z", "sessionID": "9829ed40-caa6-4b8d-9c35-58401e31a3ed", "clicked": "2", "fromPage": 1, "toPage": 2}
{"type": "pageNavigationClicked", "timestamp": "2025-06-26T10:14:11.361Z", "sessionID": "9829ed40-caa6-4b8d-9c35-58401e31a3ed", "clicked": "3", "fromPage": 2, "toPage": 3}
{"type": "queryBoxFocused", "timestamp": "2025-06-26T10:14:47.658Z", "sessionID": "9829ed40-caa6-4b8d-9c35-58401e31a3ed"}
{"type": "querySubmitted", "timestamp": "2025-06-26T10:14:58.954Z", "sessionID": "9829ed40-caa6-4b8d-9c35-58401e31a3ed", "query": "university education or full time job"}
{"docno": "S472d8abe-Ac816cc0f", "score": 26.88690468755909}
{"docno": "S3d6d8b76-A8fe0ecdf", "score": 23.444166426155924}
{"docno": "S472d8abe-A8d8336ee", "score": 23.217783513014766}
{"docno": "S472d8abe-Ab4c1c6e6", "score": 22.598919341633312}
{"docno": "S3045b026-Aa7786d14", "score": 22.558975737399926}
{"docno": "Se3f93a3a-A4357c7d2", "score": 22.46241803591332}
{"docno": "Sca5aab63-Aecf7b567", "score": 22.23025432924635}
{"docno": "Sfacf9d7f-A54b2c20d", "score": 21.479814646096997}
{"docno": "S1e44a13d-Ab487abcd", "score": 21.47764789169222}
{"docno": "S472d8abe-A2bdc4692", "score": 21.29162816574838}
{"docno": "S472d8abe-Acdd3b6cc", "score": 21.15986057768027}
{"docno": "S378f5f8b-A45707cdb", "score": 20.998273338839486}
{"docno": "S3045b026-Ab05ea3bf", "score": 20.34266520865518}
{"docno": "S4bf9d53d-A8509555b", "score": 20.28084896914136}
{"docno": "S2ea519c-A923ad8d0", "score": 20.269478809909213}
{"docno": "Sd1785a48-Ad70709ef", "score": 19.83439898595098}
{"docno": "S5de23673-Ae2c7982", "score": 19.778154977471093}
{"docno": "S1db3eaf8-A962bab80", "score": 19.69535216543384}
{"docno": "Sc7831446-A962bab80", "score": 19.69535216543384}
{"docno": "S2d3de5f8-A69097551", "score": 19.544754973269928}
{"docno": "S419ce672-Aa9aad537", "score": 19.512610391365428}
{"docno": "S13a822a6-Ad78857aa", "score": 19.493029832153027}
{"docno": "Sc8bae366-A8f540a18", "score": 19.437540725518172}
{"docno": "Sc50238c9-A120a28a3", "score": 19.424689902658525}
{"docno": "S2518c6cb-Ac5448764", "score": 19.37130235108752}
{"docno": "S9e19aee1-Ab9a30b6a", "score": 19.122092058937692}
{"docno": "S42c3e8e7-A9de7d365", "score": 19.12092172117612}
{"docno": "S50689d14-A2731669e", "score": 19.021314766936772}
{"docno": "Sea43a5f1-Aff1f4195", "score": 19.017170311262692}
{"docno": "S356ffa3b-A860cd812", "score": 18.996157690261047}
{"docno": "Sb7e5c696-A601b22de", "score": 18.986654691721686}
{"docno": "S50e33842-A35f57cf0", "score": 18.957126838186852}
{"docno": "Se3f93a3a-A690371e3", "score": 18.881877009466052}
{"docno": "S2d3de5f8-A3dcfe4cf", "score": 18.876401736145613}
{"docno": "S1d8d4ff1-Aa36b64cd", "score": 18.812262528599838}
{"docno": "Se01428c-A7f2c8bad", "score": 18.810268007915138}
{"docno": "S472d8abe-Aba8b1b82", "score": 18.796352896978867}
{"docno": "S230066f-A8e9cf1bd", "score": 18.70709476200441}
{"docno": "Sb7e5c696-A4ce03563", "score": 18.527149635514093}
{"docno": "Sa0f3ed1-Abdba504", "score": 18.510194150861025}
{"docno": "S9896d40f-Af84f7518", "score": 18.448367173160236}
{"docno": "S9d47b863-Afb747fdd", "score": 18.283025245374436}
{"docno": "Sbdb6ea71-Aeee666e3", "score": 18.206736133604046}
{"docno": "Se7a54d-A5f6ee9b5", "score": 18.20615054883949}
{"docno": "S5346a370-A4b5ded85", "score": 18.157290873799475}
{"docno": "Se3f93a3a-A24919857", "score": 18.119017714146658}
{"docno": "S3d6d8b76-Aec5be95f", "score": 18.08934918049811}
{"docno": "Sdc4826e6-A29e0bc51", "score": 18.062145498224275}
{"docno": "Scd042ebb-Ad4878e2c", "score": 17.973857458944764}
{"docno": "Sa55b74e3-A4d2b0725", "score": 17.917451013385854}
{"docno": "Se9944b2-Ad4071a87", "score": 17.814104787565284}
{"docno": "S16837731-Aa3bdb61a", "score": 17.812941711501733}
{"docno": "S40949617-A65348328", "score": 17.797643914995135}
{"docno": "S844ad89d-A11f2c19c", "score": 17.796037058754752}
{"docno": "S679b6cfe-Ae9f55179", "score": 17.793963211581612}
{"docno": "S666c8fce-A3930ae5e", "score": 17.763530082317843}
{"docno": "Sa23436f0-A1cbf4427", "score": 17.659116275607136}
{"docno": "S6713cf15-A91c5b9", "score": 17.65064314660095}
{"docno": "Se01428c-Ace3e30e7", "score": 17.564305248754685}
{"docno": "S33a3fb00-Aaef3f4d", "score": 17.540536783828355}
{"docno": "Se3bb0258-Af62edfc3", "score": 17.49146601584271}
{"docno": "Scb82493-Ac7d17783", "score": 17.489799152414182}
{"docno": "S792ae00e-A564282c1", "score": 17.477441436549512}
{"docno": "S4566fc90-Ac8e3a49c", "score": 17.476370582677873}
{"docno": "Sa1f3d362-Ac3da7b8b", "score": 17.418988090932583}
{"docno": "Sdfe5c6a-A21747f50", "score": 17.398477731323986}
{"docno": "Sa0587216-A339b6c2b", "score": 17.270850002126537}
{"docno": "S4595ce6e-A81f2ed15", "score": 17.26649587388423}
{"docno": "S7fa0e590-A17f3825f", "score": 17.17857659037982}
{"docno": "Sc7f642aa-A8b3f39dc", "score": 17.148738903127718}
{"docno": "Sf48730ac-A78c0cf90", "score": 17.10655871165735}
{"docno": "S54c96a00-A94e0c7b0", "score": 17.102954888903074}
{"docno": "S13a822a6-Aafaa2dd3", "score": 17.097788009689097}
{"docno": "S70e98e44-A67a96548", "score": 17.058476142171052}
{"docno": "Sa1f3d362-A7c7c3de7", "score": 17.042761778208487}
{"docno": "Sd5e208c9-A215fdf97", "score": 17.028907365942583}
{"docno": "S1db3eaf8-Abdcb2965", "score": 16.995788969833065}
{"docno": "Sc7831446-Abdcb2965", "score": 16.995788969833065}
{"docno": "Se01428c-A26ae420a", "score": 16.989091494500492}
{"docno": "S511c7c78-A42d96b34", "score": 16.987763265853282}
{"docno": "S50e33842-A7665b17a", "score": 16.976796895874294}
{"docno": "S2d3de5f8-A9acaffbc", "score": 16.969036568449418}
{"docno": "S6932702f-A5ad5b50c", "score": 16.954507679998027}
{"docno": "S1246b58c-A768ea905", "score": 16.86380745093246}
{"docno": "S1246b58c-A6eaaa3c", "score": 16.86380745093246}
{"docno": "Sa11869b8-Ac5af363f", "score": 16.853175060057882}
{"docno": "S4e970697-A4345bee1", "score": 16.82677766145288}
{"docno": "S4595ce6e-Ae406b184", "score": 16.81981786933334}
{"docno": "S4ba1d317-A707fa37f", "score": 16.805285324480465}
{"docno": "S71a25c42-A77be21de", "score": 16.77829412415523}
{"docno": "S40297317-A7d859ffe", "score": 16.76857446991786}
{"docno": "S878e2e96-A62b8526a", "score": 16.732034717820483}
{"docno": "S383f050c-A1f7801d8", "score": 16.632482103875823}
{"docno": "S4e6ff1bf-A42c4d762", "score": 16.55933246635929}
{"docno": "S8e901d6-A1be65665", "score": 16.55195025908993}
{"docno": "S88308cf4-A781e23ef", "score": 16.5502384626485}
{"docno": "S4595ce6e-Ac5f31c32", "score": 16.513947757667694}
{"docno": "S66b7665-Aa9114335", "score": 16.489842805435774}
{"docno": "Sea43a5f1-Aaeefc1dd", "score": 16.47118307494421}
{"docno": "S122b5875-A41b616b9", "score": 16.446488073484932}
{"type": "toggleArgument", "timestamp": "2025-06-26T10:15:17.056Z", "sessionID": "9829ed40-caa6-4b8d-9c35-58401e31a3ed", "rank": "4", "doc": "S472d8abe-Ab4c1c6e6", "action": "expand", "doclen": 2295, "score": 22.598919341633312}
{"type": "StanceClicked", "timestamp": "2025-06-26T10:15:29.009Z", "sessionID": "9829ed40-caa6-4b8d-9c35-58401e31a3ed", "rank": "4", "stance": "con", "action": "chooseStance", "doc": "S472d8abe-Ab4c1c6e6", "doclen": 2295, "score": 22.598919341633312}
{"type": "toggleArgument", "timestamp": "2025-06-26T10:15:55.272Z", "sessionID": "9829ed40-caa6-4b8d-9c35-58401e31a3ed", "rank": "10", "doc": "S472d8abe-A2bdc4692", "action": "expand", "doclen": 1978, "score": 21.29162816574838}
{"type": "queryBoxFocused", "timestamp": "2025-06-26T10:16:09.602Z", "sessionID": "9829ed40-caa6-4b8d-9c35-58401e31a3ed"}
{"type": "querySubmitted", "timestamp": "2025-06-26T10:16:17.418Z", "sessionID": "9829ed40-caa6-4b8d-9c35-58401e31a3ed", "query": "university education equality"}
{"docno": "S3045b026-A7c322ff4", "score": 21.774566648772456}
{"docno": "S442da727-Ae2c11bf2", "score": 19.821354187476793}
{"docno": "S2518c6cb-Ac5448764", "score": 19.440301498216012}
{"docno": "Sea43a5f1-Aff1f4195", "score": 19.412725623178172}
{"docno": "Sb7e5c696-A601b22de", "score": 19.054186400578985}
{"docno": "Sa1f3d362-A7c7c3de7", "score": 18.785098504978837}
{"docno": "S3045b026-Ac5d2550", "score": 18.12152666782661}
{"docno": "S71fa3bf3-A58585356", "score": 17.92534662141628}
{"docno": "S9f1c63ea-A6457a5bb", "score": 17.90985764633913}
{"docno": "S8803e297-A4316277a", "score": 17.74622057799178}
{"docno": "S4566fc90-Ab6ef84b1", "score": 17.581641291123006}
{"docno": "S1db3eaf8-Ae857df92", "score": 17.357029679805557}
{"docno": "Sc7831446-Ae857df92", "score": 17.357029679805557}
{"docno": "S13644e36-A5541c5ea", "score": 17.3469818696233}
{"docno": "S240345c8-A36d86e1c", "score": 17.291008380666113}
{"docno": "Sfd3b07c-Ae5c7c62d", "score": 16.670564480391178}
{"docno": "Sb8c9af14-Aa3a0d2ce", "score": 16.61796923263704}
{"docno": "Sa250d4b0-A4b973e45", "score": 16.492589537181995}
{"docno": "S2518c6cb-A4f4901af", "score": 16.2786961473084}
{"docno": "S5e977bfe-Adec5e6d1", "score": 16.226061068965308}
{"docno": "Sb1f857c7-A39f9b336", "score": 16.17210113333529}
{"docno": "Sd6cf79d9-Af8c65a39", "score": 16.17210113333529}
{"docno": "S16837731-Ac3f4c2b1", "score": 16.09219500227646}
{"docno": "Sc69eceb3-Af5715994", "score": 16.046618711149794}
{"docno": "Sbe4c5eb9-A25e4a3e7", "score": 15.984773987181221}
{"docno": "S5a5f6670-Ae4ff3280", "score": 15.87493635124768}
{"docno": "S378f5f8b-A45707cdb", "score": 15.806048266131489}
{"docno": "S2f68d50f-A75d99832", "score": 15.567337251929114}
{"docno": "S5b50ff9c-A75f2a93a", "score": 15.449720474628052}
{"docno": "Se2c8913f-Af8290257", "score": 15.445232189933112}
{"docno": "S4595ce6e-A1f7e48cd", "score": 15.42048219899}
{"docno": "S1db3eaf8-Ac092d522", "score": 15.396992276112387}
{"docno": "Sc7831446-Ac092d522", "score": 15.396992276112387}
{"docno": "Sba1e6729-Afb0810dd", "score": 15.331329780538512}
{"docno": "S56b51d1f-A7debef98", "score": 15.270580910999684}
{"docno": "S6c1f1644-A5e6f93b9", "score": 15.252469513518731}
{"docno": "S1db3eaf8-A479a7253", "score": 15.239189829079542}
{"docno": "Sc7831446-A479a7253", "score": 15.239189829079542}
{"docno": "S16837731-A1d8f3cef", "score": 15.123703297246848}
{"docno": "S20dc5881-Acde38a62", "score": 15.099787570681725}
{"docno": "Se3abf819-A19dd5e52", "score": 15.057813883378863}
{"docno": "S1db3eaf8-A4567d15", "score": 14.944288031174123}
{"docno": "Sc7831446-A4567d15", "score": 14.944288031174123}
{"docno": "Sead6ade4-A27624698", "score": 14.921484893934778}
{"docno": "S633553ff-A32410319", "score": 14.89086999144961}
{"docno": "Sa1f3d362-Ac3da7b8b", "score": 14.859277183014868}
{"docno": "S378f5f8b-Ada4b0769", "score": 14.84159461925978}
{"docno": "S4c11bb9f-A61d55041", "score": 14.826764565795546}
{"docno": "S13644e36-Aa10d7831", "score": 14.798840308545604}
{"docno": "S1db3eaf8-A4a1fe355", "score": 14.77681057580736}
{"docno": "Sc7831446-A4a1fe355", "score": 14.77681057580736}
{"docno": "S40949617-A65348328", "score": 14.762287127026141}
{"docno": "S3045b026-Ab05ea3bf", "score": 14.692519587234376}
{"docno": "S1db3eaf8-A6b2e6ada", "score": 14.639683054546747}
{"docno": "Sc7831446-A6b2e6ada", "score": 14.639683054546747}
{"docno": "S56b51d1f-Abc2f35d1", "score": 14.6199305285696}
{"docno": "S378f5f8b-A7771b2e4", "score": 14.610287054756798}
{"docno": "Scafa7193-Ad677425d", "score": 14.564688883723136}
{"docno": "S92cb50f9-Aba5c1cc", "score": 14.55708090240967}
{"docno": "S2518c6cb-Aa5ef462e", "score": 14.545452718508141}
{"docno": "Se01428c-A26ae420a", "score": 14.49261061873114}
{"docno": "S6c1f1644-A29030ee1", "score": 14.490044743141237}
{"docno": "S1db3eaf8-A962bab80", "score": 14.408481196690946}
{"docno": "Sc7831446-A962bab80", "score": 14.408481196690946}
{"docno": "S56ad9029-Af475afe4", "score": 14.39533542625664}
{"docno": "Se3bb0258-Af62edfc3", "score": 14.388925724215538}
{"docno": "S16837731-A138adecf", "score": 14.379851086448577}
{"docno": "Sbf9c8d4f-A88dcab65", "score": 14.378487277638587}
{"docno": "S89e52114-A858adb2b", "score": 14.364260412856796}
{"docno": "S4db6375b-A33501a60", "score": 14.362668789749502}
{"docno": "Se3f93a3a-A4e065e47", "score": 14.292184183670498}
{"docno": "S9e5e96bf-A187ddcda", "score": 14.278872161438823}
{"docno": "Sf5635870-A4716be8a", "score": 14.262632300211962}
{"docno": "Sf76890a8-Acf2f3cdd", "score": 14.259027560217529}
{"docno": "S1db3eaf8-Ae7cf20fd", "score": 14.249107123671594}
{"docno": "Sc7831446-Ae7cf20fd", "score": 14.249107123671594}
{"docno": "S1e44a13d-A52e68428", "score": 14.241999400737658}
{"docno": "Se3f93a3a-A690371e3", "score": 14.237323313818589}
{"docno": "S90106d87-A66fc2d20", "score": 14.231886579506014}
{"docno": "Sc158c234-Ae6168a2c", "score": 14.219628426277616}
{"docno": "Sd6e21d99-Ab7b5d2d4", "score": 14.199769947707388}
{"docno": "Sd1785a48-Ad70709ef", "score": 14.192896163681537}
{"docno": "Sab43f012-A56aff293", "score": 14.189882390750494}
{"docno": "S33962400-A913bd112", "score": 14.183680828261256}
{"docno": "S50e33842-A7665b17a", "score": 14.166828872696243}
{"docno": "S1e44a13d-A8c386b7f", "score": 14.16414030174217}
{"docno": "Se3f93a3a-Aba4ca2c5", "score": 14.146146951212621}
{"docno": "S24d7b2b-A46860496", "score": 14.139589595653721}
{"docno": "S6aa1492a-A9ea13336", "score": 14.13150522088899}
{"docno": "S87e36ea8-A109a7251", "score": 14.11009615284702}
{"docno": "S1e44a13d-Ab487abcd", "score": 14.093339842510462}
{"docno": "Sd246af75-A9ff3a3e3", "score": 14.084574557809038}
{"docno": "S4eb6ed89-A18108abe", "score": 14.072047139597245}
{"docno": "S344d3aec-A8e57c83c", "score": 14.068177276178451}
{"docno": "S7591eb7a-A58446e77", "score": 14.05998271216178}
{"docno": "S95bc0641-Aae149f39", "score": 14.041271006602127}
{"docno": "Sd7e2b2d7-A6d580476", "score": 14.041271006602127}
{"docno": "S16837731-Aa3bdb61a", "score": 14.025854851919151}
{"docno": "S45fbee88-A9265adfd", "score": 14.025426495354747}
{"docno": "S4be3f3b-Ae29e83b8", "score": 14.013745659406009}
{"type": "toggleArgument", "timestamp": "2025-06-26T10:16:31.480Z", "sessionID": "9829ed40-caa6-4b8d-9c35-58401e31a3ed", "rank": "1", "doc": "S3045b026-A7c322ff4", "action": "expand", "doclen": 769, "score": 13.777672534024262}
{"type": "StanceClicked", "timestamp": "2025-06-26T10:16:49.465Z", "sessionID": "9829ed40-caa6-4b8d-9c35-58401e31a3ed", "rank": "1", "stance": "pro", "action": "chooseStance", "doc": "S3045b026-A7c322ff4", "doclen": 769, "score": 13.777672534024262}
{"type": "StanceClicked", "timestamp": "2025-06-26T10:16:57.593Z", "sessionID": "9829ed40-caa6-4b8d-9c35-58401e31a3ed", "rank": "3", "stance": "pro", "action": "chooseStance", "doc": "S2518c6cb-Ac5448764", "doclen": 864, "score": 14.802441940427085}
{"type": "pageNavigationClicked", "timestamp": "2025-06-26T10:17:11.648Z", "sessionID": "9829ed40-caa6-4b8d-9c35-58401e31a3ed", "clicked": "5", "fromPage": 1, "toPage": 5}
{"type": "queryBoxFocused", "timestamp": "2025-06-26T10:17:46.404Z", "sessionID": "9829ed40-caa6-4b8d-9c35-58401e31a3ed"}
{"type": "querySubmitted", "timestamp": "2025-06-26T10:18:00.105Z", "sessionID": "9829ed40-caa6-4b8d-9c35-58401e31a3ed", "query": "finding a job after university"}
{"docno": "S1d8d4ff1-A8e65ea70", "score": 18.02240015067401}
{"docno": "Sf15a551d-A530d33a4", "score": 17.996359121079706}
{"docno": "Se9944b2-Ad4071a87", "score": 16.807112568662458}
{"docno": "S2d3de5f8-A69097551", "score": 16.806338324811822}
{"docno": "S622170cf-A33cbabf5", "score": 16.205684805815885}
{"docno": "Scd042ebb-Ad4878e2c", "score": 15.380679898921244}
{"docno": "S3839c56f-A529e6f2f", "score": 15.2394285173297}
{"docno": "S472d8abe-A8d8336ee", "score": 15.059851032811826}
{"docno": "Sab43f012-A1cf297", "score": 14.93022923285072}
{"docno": "S4f85f274-Ab50b2430", "score": 14.825156481749742}
{"docno": "Sa1f3d362-A7c7c3de7", "score": 14.81577811564672}
{"docno": "S1db3eaf8-A129fd4f7", "score": 14.527401136509269}
{"docno": "Sc7831446-A129fd4f7", "score": 14.527401136509269}
{"docno": "S16837731-Aa3bdb61a", "score": 14.423416861254509}
{"docno": "S6a601941-Ae6a5f363", "score": 14.32436356490843}
{"docno": "S1d8d4ff1-Ad1d37fb1", "score": 14.316366799371991}
{"docno": "Sa23436f0-A1cbf4427", "score": 14.26936273795814}
{"docno": "S2572429f-Ae18a93a6", "score": 14.25103786766402}
{"docno": "Sa393ab5c-Ab389ff5c", "score": 14.2499128754079}
{"docno": "S68402198-Af559decc", "score": 14.245317735599123}
{"docno": "Se01428c-Ace3e30e7", "score": 14.15737051323065}
{"docno": "S33a3fb00-Aaef3f4d", "score": 13.980337311158834}
{"docno": "S419ce672-Aebd37de1", "score": 13.971166009143321}
{"docno": "Sd1785a48-Ad70709ef", "score": 13.968569875064954}
{"docno": "S40cf458e-Aebd25284", "score": 13.933772025652859}
{"docno": "S1d8d4ff1-A81b8a1d3", "score": 13.933772025652859}
{"docno": "S6e9777b7-A18d2fa6e", "score": 13.9234302324018}
{"docno": "S824a5a69-A15fec400", "score": 13.918732348242854}
{"docno": "Sed3ffebf-A99815a55", "score": 13.731197169130787}
{"docno": "Sb77d5eb6-Ae1d1d964", "score": 13.67014654686255}
{"docno": "S40a0aac7-Aaab39c6a", "score": 13.658381472872517}
{"docno": "Sc50238c9-A120a28a3", "score": 13.653787108807386}
{"docno": "Sa37dca0-A2b8b9443", "score": 13.653045165121206}
{"docno": "Sd8f0bd3-Af00f0679", "score": 13.600058706850803}
{"docno": "S50689d14-Ad14f9987", "score": 13.591922208635378}
{"docno": "Scd042ebb-Aef27e42", "score": 13.574875607645216}
{"docno": "Sa55b74e3-A4d2b0725", "score": 13.544258486526717}
{"docno": "Sb6a17eb4-Ab2e1643f", "score": 13.510816351949192}
{"docno": "S5746c78a-A70b25835", "score": 13.499378157917898}
{"docno": "S89e52114-Aff93a822", "score": 13.388885834000796}
{"docno": "S3d9e8a34-A89f6ea89", "score": 13.349895475335707}
{"docno": "Sfbffb5a1-Ade1a8adb", "score": 13.326975076496664}
{"docno": "S472d8abe-Acdd3b6cc", "score": 13.241839314353593}
{"docno": "Sb3811325-A125bc9fd", "score": 13.224515756920546}
{"docno": "S7a949437-Aa5fc0e10", "score": 13.184191179282058}
{"docno": "S8c380d91-A7dcfb1af", "score": 13.183782042609923}
{"docno": "Sd85c8523-Adc073d70", "score": 13.110086855706438}
{"docno": "S8dc6266e-A1e21d107", "score": 13.101795898328234}
{"docno": "S415925a6-Ab44d7b20", "score": 13.038958678239613}
{"docno": "S9eb5509b-Ad0dd78af", "score": 13.00368676023834}
{"docno": "S65ee42b3-A6bb645c3", "score": 12.994095533360127}
{"docno": "S8b2eaf6e-Ad96c2726", "score": 12.991768542682998}
{"docno": "S9a432337-A509984e", "score": 12.959153063335698}
{"docno": "S6ef8b0be-A2e223c10", "score": 12.953991950281807}
{"docno": "S8716f4c8-Ac95d1a19", "score": 12.951290730514168}
{"docno": "S5e48a4d6-Ae7bd9181", "score": 12.932752831033113}
{"docno": "Sa782d249-A38a29a87", "score": 12.925617524780765}
{"docno": "S4f85f274-A732d3560", "score": 12.878653759412723}
{"docno": "Sab43f012-A8691389a", "score": 12.870482377383489}
{"docno": "Seb978a58-A4d89fd64", "score": 12.845449630862802}
{"docno": "S9079b069-A5cc65fa1", "score": 12.80353232461567}
{"docno": "S1d8d4ff1-Aa36b64cd", "score": 12.803437978467942}
{"docno": "Sd70aae8a-A5dcebf71", "score": 12.714428189985147}
{"docno": "Saa025805-Aec5136c7", "score": 12.668230951022306}
{"docno": "S106e9812-A239c9d4d", "score": 12.622863990455368}
{"docno": "S557d3b7c-A52cfa308", "score": 12.600258782005287}
{"docno": "S2ea519c-A923ad8d0", "score": 12.590815547778462}
{"docno": "S1db3eaf8-A962bab80", "score": 12.587645330011398}
{"docno": "Sc7831446-A962bab80", "score": 12.587645330011398}
{"docno": "S99ffdfb8-A1db54a4a", "score": 12.575625960099774}
{"docno": "S4566fc90-Ac8e3a49c", "score": 12.510001356936337}
{"docno": "S9eb5509b-Ac18aa611", "score": 12.49548564195606}
{"docno": "S106e9812-A68f49ffe", "score": 12.494960019838704}
{"docno": "S9d06cfdc-Abc158710", "score": 12.487616879488343}
{"docno": "S69aef9c7-A7d21b94", "score": 12.466802216885096}
{"docno": "S3c5c08fd-Ac8e79a6f", "score": 12.430433579665394}
{"docno": "S89e52114-A9775e9d5", "score": 12.410134361419928}
{"docno": "S18e018e1-Adb7d88d7", "score": 12.407159937327123}
{"docno": "Sd9a85746-A1e52b714", "score": 12.406990110481072}
{"docno": "S7330965e-A9b7d5431", "score": 12.383537274620341}
{"docno": "Scf17472e-A1d01e6e9", "score": 12.367922549895184}
{"docno": "Sb31d5d4-A865fe147", "score": 12.367922549895184}
{"docno": "Sf39fd24c-A59e6976e", "score": 12.347281746894147}
{"docno": "S88308cf4-A781e23ef", "score": 12.331653776191981}
{"docno": "S36120d24-Ab586e62", "score": 12.321232375271467}
{"docno": "Se1b9355-A93f47231", "score": 12.31757705235989}
{"docno": "S1973e5b6-A94ad67b8", "score": 12.310858955729712}
{"docno": "Sf843176f-A2160598a", "score": 12.300722216467618}
{"docno": "S84fceef6-A68fcc607", "score": 12.289745933093883}
{"docno": "Sfd336fc2-A4409c650", "score": 12.289745933093883}
{"docno": "Se9b7fc62-Ad1580207", "score": 12.270116753309505}
{"docno": "Sf04b2ad2-A3f7f74b0", "score": 12.265394436191185}
{"docno": "S84ac9b92-Adb9f9a33", "score": 12.257041503636236}
{"docno": "S378f5f8b-A6b1d160", "score": 12.247063170781157}
{"docno": "S472d8abe-Ac816cc0f", "score": 12.245033729099672}
{"docno": "S15e10fb1-A824bb89b", "score": 12.23905057564179}
{"docno": "S86f1b23a-A3046b89", "score": 12.237967405983392}
{"docno": "S50689d14-Aaf4abfd8", "score": 12.237967405983392}
{"docno": "S5339b784-Aa4602a5f", "score": 12.233591617083494}
{"docno": "S3045b026-Ab1732e54", "score": 12.20255743138963}
{"type": "StanceClicked", "timestamp": "2025-06-26T10:18:05.400Z", "sessionID": "9829ed40-caa6-4b8d-9c35-58401e31a3ed", "rank": "1", "stance": "con", "action": "chooseStance", "doc": "S1d8d4ff1-A8e65ea70", "doclen": 615, "score": 18.02240015067401}
{"type": "StanceClicked", "timestamp": "2025-06-26T10:18:22.520Z", "sessionID": "9829ed40-caa6-4b8d-9c35-58401e31a3ed", "rank": "8", "stance": "con", "action": "chooseStance", "doc": "S472d8abe-A8d8336ee", "doclen": 1154, "score": 18.106233914358}
{"type": "pageNavigationClicked", "timestamp": "2025-06-26T10:18:30.936Z", "sessionID": "9829ed40-caa6-4b8d-9c35-58401e31a3ed", "clicked": "2", "fromPage": 1, "toPage": 2}
{"type": "pageNavigationClicked", "timestamp": "2025-06-26T10:18:44.104Z", "sessionID": "9829ed40-caa6-4b8d-9c35-58401e31a3ed", "clicked": "3", "fromPage": 2, "toPage": 3}
{"type": "pageNavigationClicked", "timestamp": "2025-06-26T10:18:57.768Z", "sessionID": "9829ed40-caa6-4b8d-9c35-58401e31a3ed", "clicked": "4", "fromPage": 3, "toPage": 4}
{"type": "toggleArgument", "timestamp": "2025-06-26T10:19:15.976Z", "sessionID": "9829ed40-caa6-4b8d-9c35-58401e31a3ed", "rank": "36", "doc": "Scd042ebb-Aef27e42", "action": "expand", "doclen": 312, "score": 13.574875607645216}
{"type": "StanceClicked", "timestamp": "2025-06-26T10:19:23.456Z", "sessionID": "9829ed40-caa6-4b8d-9c35-58401e31a3ed", "rank": "36", "stance": "pro", "action": "chooseStance", "doc": "Scd042ebb-Aef27e42", "doclen": 312, "score": 13.574875607645216}
{"type": "ClickedEndTask", "timestamp": "2025-06-26T10:20:01.608Z", "sessionID": "9829ed40-caa6-4b8d-9c35-58401e31a3ed"}
{"type": "TaskEndConfirmed", "timestamp": "2025-06-26T10:20:07.064Z", "sessionID": "9829ed40-caa6-4b8d-9c35-58401e31a3ed"}
{"type": "TaskEnded", "timestamp": "2025-06-26T10:20:20.687Z", "sessionID": "9829ed40-caa6-4b8d-9c35-58401e31a3ed", "reason": "the time is up", "translated_reason": "The Time Is Up"}
