{"type": "TaskStarted", "timestamp": "2025-06-26T11:41:16.097Z", "sessionID": "3bedb5bb-13ed-4b5c-9a47-315da802a650", "task": "2", "uid": "Participant16", "topic": "Is obesity a disease?"}
{"type": "queryBoxFocused", "timestamp": "2025-06-26T11:41:23.540Z", "sessionID": "3bedb5bb-13ed-4b5c-9a47-315da802a650"}
{"type": "querySubmitted", "timestamp": "2025-06-26T11:41:38.234Z", "sessionID": "3bedb5bb-13ed-4b5c-9a47-315da802a650", "query": "obesity AND disease"}
{"docno": "S636669d7-A6a282c9d", "score": 25.042872477047453}
{"docno": "Sb5b096db-A6748ad96", "score": 24.889801711507054}
{"docno": "Sb5b096db-Ac5f4a991", "score": 23.3635125440244}
{"docno": "S21e2b85c-A56606e73", "score": 23.360057838049414}
{"docno": "S21e2b85c-A4f7b3e4c", "score": 23.13986557795817}
{"docno": "S21e2b85c-Aa1ed4daf", "score": 22.852839401598068}
{"docno": "S4365c705-A3ac49e58", "score": 22.823378392349312}
{"docno": "Scb509540-A3a7f4447", "score": 22.80679668958289}
{"docno": "S21e2b85c-A161deb9d", "score": 22.696160569947285}
{"docno": "S2245ae98-A87404e78", "score": 22.452319723911422}
{"docno": "Sefbdcc9f-A879cec18", "score": 22.181766898018125}
{"docno": "S720c8ec-Adaf0411a", "score": 22.131458408058585}
{"docno": "S7b734685-A7db0db3c", "score": 22.04375062417001}
{"docno": "Sb09f1711-A3a292c99", "score": 21.048323338873423}
{"docno": "Sb37c5615-A60772bd7", "score": 20.940487909835507}
{"docno": "Sfb2e263c-Ad8986c10", "score": 20.82084141767481}
{"docno": "Sa8af0abf-Aadd9eef2", "score": 20.809814276794253}
{"docno": "S97bcd2c0-Ae0779c7e", "score": 20.44171887213511}
{"docno": "Scb509540-Abece3217", "score": 20.307912787625007}
{"docno": "S2245ae98-A5fc572a7", "score": 20.035552075445498}
{"docno": "S445d9e6e-Aaa6a8b5e", "score": 19.74425196505761}
{"docno": "Sd4a2b65c-A615248e6", "score": 19.671929179938353}
{"docno": "S63392463-Ab81ff71e", "score": 19.401465311461994}
{"docno": "S1e7f4ed8-A48d5c75", "score": 19.38095892140919}
{"docno": "Sb5b096db-Af5f10dbb", "score": 19.335957781457047}
{"docno": "Sb5b096db-A37f18196", "score": 19.287354888074677}
{"docno": "S2f8534ff-A2d385d5a", "score": 19.284371873697165}
{"docno": "S2835af09-Aca35a6a", "score": 19.0278845553193}
{"docno": "S745edcc5-A18b06b0a", "score": 18.871725839045368}
{"docno": "Sb945ca11-A41ca93db", "score": 18.855633303978696}
{"docno": "Sb12a88b2-Af40538de", "score": 18.810891052070335}
{"docno": "S636669d7-A5b3d0e8d", "score": 18.78294605053562}
{"docno": "S636669d7-Abd228f33", "score": 18.459653083081832}
{"docno": "Sc9b434d4-A788e6fe2", "score": 18.33853588745321}
{"docno": "Sb5b096db-A7035c7b5", "score": 18.336019221796036}
{"docno": "S1e7f4ed8-Ae157ca48", "score": 18.288289218325012}
{"docno": "S2835af09-A65b7b8", "score": 18.228550545251803}
{"docno": "Sc4eaae9b-Ac65bf1ed", "score": 18.15209435957243}
{"docno": "S21e2b85c-A148fb2f7", "score": 17.905610482964395}
{"docno": "Se1952864-Acbe9a15b", "score": 17.8712656954305}
{"docno": "Sd766d928-A70da558a", "score": 17.74789511157047}
{"docno": "S199eda63-A1dd80f1", "score": 17.536692533366733}
{"docno": "S6327257c-A95ebc2fc", "score": 17.518245809726466}
{"docno": "S264c3a60-Af9f79eb9", "score": 17.50863752987819}
{"docno": "Scf3f8df7-Ab4272b47", "score": 17.438832986231958}
{"docno": "S95627a9d-A126cb3f5", "score": 17.296738457905278}
{"docno": "S2a10529c-Ac2eebdd0", "score": 17.263287521041743}
{"docno": "S3b7407bb-Afbefef6e", "score": 17.181488752762828}
{"docno": "S129ce23f-A4af46b02", "score": 17.0800421730066}
{"docno": "S98fa500a-Aa338f7a2", "score": 17.067764719980257}
{"docno": "Sfdb7b7d4-Aa0b66d7c", "score": 17.067764719980257}
{"docno": "S95a47-Ad48e5ee5", "score": 16.86376412883625}
{"docno": "Sab908431-A4b2b19f8", "score": 16.718910409956827}
{"docno": "Saabd82bf-A35cb1dd6", "score": 16.57545979151402}
{"docno": "S3a5f8370-Ab3f4eee3", "score": 16.46836813599182}
{"docno": "S3b7407bb-Af4626ac8", "score": 16.425318640697125}
{"docno": "S63392463-Aacab30c8", "score": 16.415827913350263}
{"docno": "S36aea26b-A1e80a903", "score": 16.26886248846719}
{"docno": "S37063803-Ad3c282bc", "score": 16.2319728693433}
{"docno": "S615af073-A977b289d", "score": 16.21648984140922}
{"docno": "Sd9ed1164-A983799a2", "score": 16.176433288107404}
{"docno": "S6327257c-A8d74df04", "score": 16.108186007148884}
{"docno": "Sbff0970b-A8f33d67e", "score": 15.976988319585015}
{"docno": "S9896d40f-A471e3585", "score": 15.9094183377261}
{"docno": "S63392463-Afd5004a9", "score": 15.9094183377261}
{"docno": "S3c486dec-Ab14927ea", "score": 15.851721557982792}
{"docno": "Sac0181e3-A13cd684", "score": 15.848488732230834}
{"docno": "S36aea26b-A69edce76", "score": 15.7149811555805}
{"docno": "S61b1ed2-Afc0632f0", "score": 15.711979160525475}
{"docno": "S59921373-A9a590852", "score": 15.674041725884422}
{"docno": "S104c1a05-Aa0c75140", "score": 15.526244777652721}
{"docno": "S2f8534ff-A95198396", "score": 15.470032298372587}
{"docno": "Sb37c5615-A5856978c", "score": 15.463050403181246}
{"docno": "S9a25340e-Aef417485", "score": 15.433318070602184}
{"docno": "Sae051343-A3d853f2a", "score": 15.341497103749415}
{"docno": "Sb818a298-A97445c89", "score": 15.271437743662268}
{"docno": "S7b734685-Aa935d367", "score": 15.257135049756162}
{"docno": "Sc3cbe7d1-A5fe5a7d5", "score": 15.250762257920545}
{"docno": "Sece797c7-Aab13334", "score": 15.079231657737981}
{"docno": "Sb1e91381-A46b816a7", "score": 15.079231657737981}
{"docno": "S636669d7-A8ee13dc4", "score": 14.898307570766399}
{"docno": "S821d0b5d-A4d8813b", "score": 14.880875448826801}
{"docno": "S8662c54-A6d8d3a7c", "score": 14.791027457708527}
{"docno": "Se1952864-A14ab8062", "score": 14.747509060548916}
{"docno": "S6e81aa86-Ac6b0724c", "score": 14.744006015613204}
{"docno": "S8d3d280d-Ad7510569", "score": 14.706012315956695}
{"docno": "S8662c54-A587c9d", "score": 14.687381756373043}
{"docno": "S8164800e-A7c63684", "score": 14.62146031326272}
{"docno": "S8164800e-A17b98d12", "score": 14.61418951873018}
{"docno": "S1e7f4ed8-A7770e0a", "score": 14.604502722026462}
{"docno": "Sda94a2ff-Aae72a94c", "score": 14.59087836559455}
{"docno": "S5efbb5ee-A83ed4e56", "score": 14.55996914630517}
{"docno": "Sab908431-A14b721cc", "score": 14.55753912954559}
{"docno": "S63e2eca-Ae93a74be", "score": 14.53176673876171}
{"docno": "S720c8ec-A3bc92fbe", "score": 14.446211904879073}
{"docno": "S4365c705-A9a62db62", "score": 14.32493554994381}
{"docno": "S590c815-A6125df16", "score": 14.306544162447876}
{"docno": "S672e8c7b-Aba2381ba", "score": 14.304163845627093}
{"docno": "Sebf02ef3-Aa7d67990", "score": 14.28331769918444}
{"docno": "Sc095d706-Aba86f804", "score": 14.267348590954407}
{"type": "toggleArgument", "timestamp": "2025-06-26T11:41:45.137Z", "sessionID": "3bedb5bb-13ed-4b5c-9a47-315da802a650", "rank": "1", "doc": "S636669d7-A6a282c9d", "action": "expand", "doclen": 566, "score": 25.042872477047453}
{"type": "StanceClicked", "timestamp": "2025-06-26T11:41:49.058Z", "sessionID": "3bedb5bb-13ed-4b5c-9a47-315da802a650", "rank": "1", "stance": "con", "action": "chooseStance", "doc": "S636669d7-A6a282c9d", "doclen": 566, "score": 25.042872477047453}
{"type": "toggleArgument", "timestamp": "2025-06-26T11:41:52.377Z", "sessionID": "3bedb5bb-13ed-4b5c-9a47-315da802a650", "rank": "2", "doc": "Sb5b096db-A6748ad96", "action": "expand", "doclen": 1025, "score": 24.889801711507054}
{"type": "toggleArgument", "timestamp": "2025-06-26T11:42:10.793Z", "sessionID": "3bedb5bb-13ed-4b5c-9a47-315da802a650", "rank": "3", "doc": "Sb5b096db-Ac5f4a991", "action": "expand", "doclen": 1286, "score": 23.3635125440244}
{"type": "toggleArgument", "timestamp": "2025-06-26T11:42:25.633Z", "sessionID": "3bedb5bb-13ed-4b5c-9a47-315da802a650", "rank": "4", "doc": "S21e2b85c-A56606e73", "action": "expand", "doclen": 467, "score": 23.360057838049414}
{"type": "StanceClicked", "timestamp": "2025-06-26T11:42:36.841Z", "sessionID": "3bedb5bb-13ed-4b5c-9a47-315da802a650", "rank": "4", "stance": "pro", "action": "chooseStance", "doc": "S21e2b85c-A56606e73", "doclen": 467, "score": 23.360057838049414}
{"type": "toggleArgument", "timestamp": "2025-06-26T11:42:39.945Z", "sessionID": "3bedb5bb-13ed-4b5c-9a47-315da802a650", "rank": "5", "doc": "S21e2b85c-A4f7b3e4c", "action": "expand", "doclen": 1153, "score": 23.13986557795817}
{"type": "StanceClicked", "timestamp": "2025-06-26T11:42:44.697Z", "sessionID": "3bedb5bb-13ed-4b5c-9a47-315da802a650", "rank": "5", "stance": "pro", "action": "chooseStance", "doc": "S21e2b85c-A4f7b3e4c", "doclen": 1153, "score": 23.13986557795817}
{"type": "toggleArgument", "timestamp": "2025-06-26T11:42:55.881Z", "sessionID": "3bedb5bb-13ed-4b5c-9a47-315da802a650", "rank": "6", "doc": "S21e2b85c-Aa1ed4daf", "action": "expand", "doclen": 1278, "score": 22.852839401598068}
{"type": "toggleArgument", "timestamp": "2025-06-26T11:43:03.001Z", "sessionID": "3bedb5bb-13ed-4b5c-9a47-315da802a650", "rank": "7", "doc": "S4365c705-A3ac49e58", "action": "expand", "doclen": 1610, "score": 22.823378392349312}
{"type": "queryBoxFocused", "timestamp": "2025-06-26T11:43:14.786Z", "sessionID": "3bedb5bb-13ed-4b5c-9a47-315da802a650"}
{"type": "queryBoxFocused", "timestamp": "2025-06-26T11:43:49.117Z", "sessionID": "3bedb5bb-13ed-4b5c-9a47-315da802a650"}
{"type": "querySubmitted", "timestamp": "2025-06-26T11:44:07.250Z", "sessionID": "3bedb5bb-13ed-4b5c-9a47-315da802a650", "query": "obesity AND disease and social* AND recogni*"}
{"docno": "S636669d7-A6a282c9d", "score": 25.042872477047453}
{"docno": "Sb5b096db-A6748ad96", "score": 24.889801711507054}
{"docno": "Scf3f8df7-Ab4272b47", "score": 23.555901642849292}
{"docno": "Sb5b096db-Ac5f4a991", "score": 23.3635125440244}
{"docno": "S21e2b85c-A56606e73", "score": 23.360057838049414}
{"docno": "S21e2b85c-A4f7b3e4c", "score": 23.13986557795817}
{"docno": "S21e2b85c-Aa1ed4daf", "score": 22.852839401598068}
{"docno": "S4365c705-A3ac49e58", "score": 22.823378392349312}
{"docno": "Scb509540-A3a7f4447", "score": 22.80679668958289}
{"docno": "S21e2b85c-A161deb9d", "score": 22.696160569947285}
{"docno": "S2245ae98-A87404e78", "score": 22.452319723911422}
{"docno": "Sefbdcc9f-A879cec18", "score": 22.181766898018125}
{"docno": "S720c8ec-Adaf0411a", "score": 22.131458408058585}
{"docno": "S7b734685-A7db0db3c", "score": 22.04375062417001}
{"docno": "Sc4eaae9b-Ac65bf1ed", "score": 22.02574261169422}
{"docno": "Sb5b096db-A7035c7b5", "score": 21.688376312824133}
{"docno": "Sb09f1711-A3a292c99", "score": 21.048323338873423}
{"docno": "Sb37c5615-A60772bd7", "score": 20.940487909835507}
{"docno": "Sfb2e263c-Ad8986c10", "score": 20.82084141767481}
{"docno": "Sa8af0abf-Aadd9eef2", "score": 20.809814276794253}
{"docno": "S97bcd2c0-Ae0779c7e", "score": 20.44171887213511}
{"docno": "Scb509540-Abece3217", "score": 20.307912787625007}
{"docno": "Sb37c5615-A5856978c", "score": 20.2779401559729}
{"docno": "S2245ae98-A5fc572a7", "score": 20.035552075445498}
{"docno": "S8164800e-A17b98d12", "score": 19.83252814040431}
{"docno": "S445d9e6e-Aaa6a8b5e", "score": 19.74425196505761}
{"docno": "Sd4a2b65c-A615248e6", "score": 19.671929179938353}
{"docno": "S63392463-Ab81ff71e", "score": 19.401465311461994}
{"docno": "S1e7f4ed8-A48d5c75", "score": 19.38095892140919}
{"docno": "S52af44db-Addd07cdc", "score": 19.34432433814152}
{"docno": "Sb5b096db-Af5f10dbb", "score": 19.335957781457047}
{"docno": "Sb5b096db-A37f18196", "score": 19.287354888074677}
{"docno": "S2f8534ff-A2d385d5a", "score": 19.284371873697165}
{"docno": "Sf0c04fae-Abc3954f5", "score": 19.15282356136003}
{"docno": "S2835af09-Aca35a6a", "score": 19.0278845553193}
{"docno": "S745edcc5-A18b06b0a", "score": 18.871725839045368}
{"docno": "Sb945ca11-A41ca93db", "score": 18.855633303978696}
{"docno": "Sb12a88b2-Af40538de", "score": 18.810891052070335}
{"docno": "S636669d7-A5b3d0e8d", "score": 18.78294605053562}
{"docno": "S636669d7-Abd228f33", "score": 18.459653083081832}
{"docno": "Sc9b434d4-A788e6fe2", "score": 18.33853588745321}
{"docno": "S1dd161fb-Ac37d8579", "score": 18.321560377005184}
{"docno": "S1e7f4ed8-Ae157ca48", "score": 18.288289218325012}
{"docno": "S2835af09-A65b7b8", "score": 18.228550545251803}
{"docno": "S21e2b85c-A148fb2f7", "score": 17.905610482964395}
{"docno": "Se1952864-Acbe9a15b", "score": 17.8712656954305}
{"docno": "Sa8af0abf-A64c2f9ba", "score": 17.854748312053367}
{"docno": "Sd766d928-A70da558a", "score": 17.74789511157047}
{"docno": "Sc572c88b-A3e62aca8", "score": 17.687514932366724}
{"docno": "Sb62ca38e-Ad02f2112", "score": 17.597309578177256}
{"docno": "S199eda63-A1dd80f1", "score": 17.536692533366733}
{"docno": "S6327257c-A95ebc2fc", "score": 17.518245809726466}
{"docno": "S264c3a60-Af9f79eb9", "score": 17.50863752987819}
{"docno": "S95627a9d-A126cb3f5", "score": 17.296738457905278}
{"docno": "S2a10529c-Ac2eebdd0", "score": 17.263287521041743}
{"docno": "S3b7407bb-Afbefef6e", "score": 17.181488752762828}
{"docno": "S129ce23f-A4af46b02", "score": 17.0800421730066}
{"docno": "S98fa500a-Aa338f7a2", "score": 17.067764719980257}
{"docno": "Sfdb7b7d4-Aa0b66d7c", "score": 17.067764719980257}
{"docno": "S95a47-Ad48e5ee5", "score": 16.86376412883625}
{"docno": "Sab908431-A4b2b19f8", "score": 16.718910409956827}
{"docno": "Saabd82bf-A35cb1dd6", "score": 16.57545979151402}
{"docno": "S9bed51cb-Adc2b5488", "score": 16.50316174402648}
{"docno": "S3a5f8370-Ab3f4eee3", "score": 16.46836813599182}
{"docno": "S3b7407bb-Af4626ac8", "score": 16.425318640697125}
{"docno": "S63392463-Aacab30c8", "score": 16.415827913350263}
{"docno": "S1f7903b2-A4cd2ac25", "score": 16.318071523662727}
{"docno": "S36aea26b-A1e80a903", "score": 16.26886248846719}
{"docno": "S37063803-Ad3c282bc", "score": 16.2319728693433}
{"docno": "S615af073-A977b289d", "score": 16.21648984140922}
{"docno": "Sd9ed1164-A983799a2", "score": 16.176433288107404}
{"docno": "S6327257c-A8d74df04", "score": 16.108186007148884}
{"docno": "S605392ad-Ade1b6176", "score": 16.006150140684955}
{"docno": "Sbff0970b-A8f33d67e", "score": 15.976988319585015}
{"docno": "S2399752d-Ab6bd02de", "score": 15.973110157823143}
{"docno": "S6c7c4329-A4411ebac", "score": 15.92495098672931}
{"docno": "S9896d40f-A471e3585", "score": 15.9094183377261}
{"docno": "S63392463-Afd5004a9", "score": 15.9094183377261}
{"docno": "S26130a2f-Ae655d6e8", "score": 15.898617131670115}
{"docno": "S3c486dec-Ab14927ea", "score": 15.851721557982792}
{"docno": "Sac0181e3-A13cd684", "score": 15.848488732230834}
{"docno": "S2cddceb-A91c316f9", "score": 15.79401782759575}
{"docno": "Sf7d2f477-A2c9155db", "score": 15.72697017029368}
{"docno": "S36aea26b-A69edce76", "score": 15.7149811555805}
{"docno": "S61b1ed2-Afc0632f0", "score": 15.711979160525475}
{"docno": "S59921373-A9a590852", "score": 15.674041725884422}
{"docno": "Se1952864-Aec2b05fb", "score": 15.62696596234139}
{"docno": "S5693cf31-A813da0ff", "score": 15.532742978492397}
{"docno": "S104c1a05-Aa0c75140", "score": 15.526244777652721}
{"docno": "Sdfff5834-A40d1ec85", "score": 15.482063861626207}
{"docno": "S2f8534ff-A95198396", "score": 15.470032298372587}
{"docno": "Sf15835fc-A7393cee0", "score": 15.467462887706773}
{"docno": "S9a25340e-Aef417485", "score": 15.433318070602184}
{"docno": "Sae051343-A3d853f2a", "score": 15.341497103749415}
{"docno": "S318bc762-A422cd7ee", "score": 15.330337345000048}
{"docno": "S87d0ccd3-A1c439f8d", "score": 15.272078661104516}
{"docno": "Sb818a298-A97445c89", "score": 15.271437743662268}
{"docno": "S7b734685-Aa935d367", "score": 15.257135049756162}
{"docno": "Sc3cbe7d1-A5fe5a7d5", "score": 15.250762257920545}
{"docno": "Scf3f8df7-A193e8d5b", "score": 15.125223723547215}
{"type": "toggleArgument", "timestamp": "2025-06-26T11:44:12.313Z", "sessionID": "3bedb5bb-13ed-4b5c-9a47-315da802a650", "rank": "2", "doc": "Sb5b096db-A6748ad96", "action": "expand", "doclen": 1025, "score": 24.889801711507054}
{"type": "StanceClicked", "timestamp": "2025-06-26T11:44:21.506Z", "sessionID": "3bedb5bb-13ed-4b5c-9a47-315da802a650", "rank": "2", "stance": "pro", "action": "chooseStance", "doc": "Sb5b096db-A6748ad96", "doclen": 1025, "score": 24.889801711507054}
{"type": "toggleArgument", "timestamp": "2025-06-26T11:44:23.705Z", "sessionID": "3bedb5bb-13ed-4b5c-9a47-315da802a650", "rank": "3", "doc": "Scf3f8df7-Ab4272b47", "action": "expand", "doclen": 911, "score": 17.438832986231958}
{"type": "StanceClicked", "timestamp": "2025-06-26T11:44:30.418Z", "sessionID": "3bedb5bb-13ed-4b5c-9a47-315da802a650", "rank": "3", "stance": "pro", "action": "chooseStance", "doc": "Scf3f8df7-Ab4272b47", "doclen": 911, "score": 17.438832986231958}
{"type": "queryBoxFocused", "timestamp": "2025-06-26T11:44:36.467Z", "sessionID": "3bedb5bb-13ed-4b5c-9a47-315da802a650"}
{"type": "queryBoxFocused", "timestamp": "2025-06-26T11:44:41.331Z", "sessionID": "3bedb5bb-13ed-4b5c-9a47-315da802a650"}
{"type": "querySubmitted", "timestamp": "2025-06-26T11:45:08.298Z", "sessionID": "3bedb5bb-13ed-4b5c-9a47-315da802a650", "query": " obesity AND fat AND Lifestyle AND disease AND death"}
{"docno": "S7b734685-A7db0db3c", "score": 33.534304494223704}
{"docno": "S97bcd2c0-Ae0779c7e", "score": 32.879735705719895}
{"docno": "S8164800e-A7c63684", "score": 32.82391486122518}
{"docno": "S4365c705-A3ac49e58", "score": 32.4983705233376}
{"docno": "Sb5b096db-A6748ad96", "score": 32.44113078830186}
{"docno": "Sdcf17c9-A9cbbc32", "score": 31.97720076053024}
{"docno": "S21e2b85c-A4f7b3e4c", "score": 31.910516026208384}
{"docno": "S21e2b85c-A56606e73", "score": 31.90029992937746}
{"docno": "S37063803-Ad3c282bc", "score": 30.833173951724792}
{"docno": "S1b884799-A659d6164", "score": 30.498568396767794}
{"docno": "S199eda63-A1dd80f1", "score": 29.97729527737584}
{"docno": "S4e64f8eb-Ab6292404", "score": 29.726317015767368}
{"docno": "Sd4a2b65c-A615248e6", "score": 29.710681743688443}
{"docno": "S615af073-A977b289d", "score": 29.10451436423974}
{"docno": "Sb5b096db-A37f18196", "score": 28.981173735303692}
{"docno": "S636669d7-A5b3d0e8d", "score": 28.564883189215575}
{"docno": "Sd9ed1164-A983799a2", "score": 28.166605917356918}
{"docno": "S63392463-Afd5004a9", "score": 27.981120201499614}
{"docno": "Sc854f494-Ab78ec3d2", "score": 27.75322040750392}
{"docno": "Sab908431-A14b721cc", "score": 27.73404669500244}
{"docno": "S1e7f4ed8-A48d5c75", "score": 27.7138535184291}
{"docno": "S23bdcde6-A5cb463a5", "score": 27.680955984358008}
{"docno": "S9896d40f-A471e3585", "score": 27.65662338392474}
{"docno": "S9896d40f-Aebfc531", "score": 27.444543258995814}
{"docno": "Sa8af0abf-Aadd9eef2", "score": 27.21212679624642}
{"docno": "S8ba277f3-A7a98c3df", "score": 27.181929354442953}
{"docno": "Sb5b096db-A7035c7b5", "score": 26.999066187426344}
{"docno": "S5693cf31-A813da0ff", "score": 26.93603543915404}
{"docno": "S1b8847b8-A45f5abfc", "score": 26.853826186497315}
{"docno": "S1b8847b8-A9d24340a", "score": 26.80595069332525}
{"docno": "Sb5b096db-Af5f10dbb", "score": 26.73855121034685}
{"docno": "S59921373-A9a590852", "score": 26.683518721356933}
{"docno": "S4e64f8eb-A802f5544", "score": 26.67341293961459}
{"docno": "Scf3f8df7-Ab4272b47", "score": 26.67099042391439}
{"docno": "Sc4eaae9b-Ac65bf1ed", "score": 26.58548298602403}
{"docno": "S36aea26b-A1e80a903", "score": 26.312493828943147}
{"docno": "S615af073-Ad2ee0fd5", "score": 26.30475428674002}
{"docno": "Sab908431-Ae80b6587", "score": 26.084952691013502}
{"docno": "S8d3d280d-Ad7510569", "score": 25.976116941138265}
{"docno": "S445d9e6e-Aaa6a8b5e", "score": 25.488454963240383}
{"docno": "Saea72628-A5303ddd0", "score": 25.485374211757787}
{"docno": "Sd9ed1164-A5c3a8b23", "score": 25.449237477852176}
{"docno": "Sebf02ef3-Aa7d67990", "score": 25.419068422019095}
{"docno": "S3c486dec-Ab14927ea", "score": 25.403808854383936}
{"docno": "S2835af09-Aca35a6a", "score": 25.35180664002067}
{"docno": "S3b7407bb-Af4626ac8", "score": 25.284541960688642}
{"docno": "S21e2b85c-A148fb2f7", "score": 25.12186316324881}
{"docno": "S69da63cf-Ab108daa6", "score": 25.096714594570578}
{"docno": "S636669d7-A6a282c9d", "score": 25.042872477047453}
{"docno": "S8164800e-A17b98d12", "score": 24.972815495548566}
{"docno": "S672e8c7b-Aca33c54e", "score": 24.945035787765264}
{"docno": "S36aea26b-A69edce76", "score": 24.852506985014067}
{"docno": "Se4feb1b5-A7367b82", "score": 24.81293903576564}
{"docno": "S63392463-Aacab30c8", "score": 24.792964341804083}
{"docno": "S62bec489-A5d31b0ec", "score": 24.6742904160417}
{"docno": "Sf7b921f9-Af4d70352", "score": 24.669681055278666}
{"docno": "S3a5f8370-Ab3f4eee3", "score": 24.58947224237331}
{"docno": "Saabd82bf-A35cb1dd6", "score": 24.568432740787166}
{"docno": "S8015cb4-A8fc68a1e", "score": 24.50914182433369}
{"docno": "Se99ff5b0-A4b287497", "score": 24.507242026294087}
{"docno": "S6327257c-A8d74df04", "score": 24.328330157603574}
{"docno": "Sae051343-A3d853f2a", "score": 24.285558472081696}
{"docno": "S459903f7-A983b6b72", "score": 24.200641959605832}
{"docno": "S6c3b36ba-A88c57e05", "score": 23.913422052655015}
{"docno": "S2206ff67-Ad588cb97", "score": 23.83766730604784}
{"docno": "S1fa9e53e-Ae78fe0d7", "score": 23.64759185245564}
{"docno": "S821d0b5d-A4d8813b", "score": 23.6136485947807}
{"docno": "S1b884799-A85d61590", "score": 23.598328983159902}
{"docno": "Sab908431-A4b2b19f8", "score": 23.589196980875496}
{"docno": "Sdff540b2-Ae5997141", "score": 23.44482973662921}
{"docno": "Sf7b92218-Ae4d550db", "score": 23.398548801695966}
{"docno": "Sb5b096db-Ac5f4a991", "score": 23.3635125440244}
{"docno": "Sdb0a1a31-A7cf60341", "score": 23.261583351272044}
{"docno": "S2f8534ff-A95198396", "score": 23.215902489808215}
{"docno": "Sb801a11e-A92dc5f94", "score": 22.958195601234998}
{"docno": "S816ff572-A2eda9fd1", "score": 22.888187439840806}
{"docno": "S51264a5f-Ac74442f3", "score": 22.886969069999054}
{"docno": "Sb37c5615-Ad766e61c", "score": 22.858129006413343}
{"docno": "S21e2b85c-Aa1ed4daf", "score": 22.852839401598068}
{"docno": "Se99ff5b0-Abe70a484", "score": 22.829404432027545}
{"docno": "S129ce23f-A3a8077f1", "score": 22.81255069913797}
{"docno": "Scb509540-A3a7f4447", "score": 22.80679668958289}
{"docno": "S21e2b85c-A161deb9d", "score": 22.696160569947285}
{"docno": "S7a2ece15-Aa815a5ff", "score": 22.641838333491936}
{"docno": "S6c3b36ba-A57fcffb1", "score": 22.519947666444946}
{"docno": "S80f4705b-A503dcfa4", "score": 22.50240864130285}
{"docno": "S2245ae98-A87404e78", "score": 22.452319723911422}
{"docno": "S129ce23f-Ac96c02af", "score": 22.44999705547721}
{"docno": "S404f85d2-A1bc8f834", "score": 22.442198058522546}
{"docno": "Sa9446476-A15df26ef", "score": 22.442198058522546}
{"docno": "S4e64f8eb-Adb05e26e", "score": 22.388325281508525}
{"docno": "S3c486e0b-Aa36081fe", "score": 22.203683497529596}
{"docno": "S8662c54-A7c46dd0f", "score": 22.185810448633614}
{"docno": "Sefbdcc9f-A879cec18", "score": 22.181766898018125}
{"docno": "S720c8ec-Adaf0411a", "score": 22.131458408058585}
{"docno": "S70a4fd6e-A88fc8f", "score": 22.095649903381194}
{"docno": "Se1952864-Acbe9a15b", "score": 21.99419568835456}
{"docno": "Sab908431-Ae7aef91a", "score": 21.975042253931257}
{"docno": "Se1952864-Ae6ce0ade", "score": 21.943651449659377}
{"docno": "Sc4eaae9b-A70531ff0", "score": 21.92585735168038}
{"type": "toggleArgument", "timestamp": "2025-06-26T11:45:14.417Z", "sessionID": "3bedb5bb-13ed-4b5c-9a47-315da802a650", "rank": "1", "doc": "S7b734685-A7db0db3c", "action": "expand", "doclen": 681, "score": 22.04375062417001}
{"type": "StanceClicked", "timestamp": "2025-06-26T11:45:16.442Z", "sessionID": "3bedb5bb-13ed-4b5c-9a47-315da802a650", "rank": "1", "stance": "pro", "action": "chooseStance", "doc": "S7b734685-A7db0db3c", "doclen": 681, "score": 22.04375062417001}
{"type": "toggleArgument", "timestamp": "2025-06-26T11:45:19.249Z", "sessionID": "3bedb5bb-13ed-4b5c-9a47-315da802a650", "rank": "2", "doc": "S97bcd2c0-Ae0779c7e", "action": "expand", "doclen": 2935, "score": 20.44171887213511}
{"type": "StanceClicked", "timestamp": "2025-06-26T11:45:26.674Z", "sessionID": "3bedb5bb-13ed-4b5c-9a47-315da802a650", "rank": "2", "stance": "pro", "action": "chooseStance", "doc": "S97bcd2c0-Ae0779c7e", "doclen": 2935, "score": 20.44171887213511}
{"type": "toggleArgument", "timestamp": "2025-06-26T11:45:36.945Z", "sessionID": "3bedb5bb-13ed-4b5c-9a47-315da802a650", "rank": "4", "doc": "S4365c705-A3ac49e58", "action": "expand", "doclen": 1610, "score": 22.823378392349312}
{"type": "StanceClicked", "timestamp": "2025-06-26T11:45:46.738Z", "sessionID": "3bedb5bb-13ed-4b5c-9a47-315da802a650", "rank": "4", "stance": "pro", "action": "chooseStance", "doc": "S4365c705-A3ac49e58", "doclen": 1610, "score": 22.823378392349312}
{"type": "queryBoxFocused", "timestamp": "2025-06-26T11:46:00.371Z", "sessionID": "3bedb5bb-13ed-4b5c-9a47-315da802a650"}
{"type": "querySubmitted", "timestamp": "2025-06-26T11:46:27.642Z", "sessionID": "3bedb5bb-13ed-4b5c-9a47-315da802a650", "query": "obesity AND Medic* AND Children AND Adults"}
{"docno": "Sb945ca11-A41ca93db", "score": 30.969640111864653}
{"docno": "S6ed8a6b0-Aa3ace448", "score": 30.454415512940344}
{"docno": "S720c8ec-A3bc92fbe", "score": 28.478396453324127}
{"docno": "Sba23d7e4-Ac115c308", "score": 25.76517233940996}
{"docno": "Se17f5669-Aac022fd7", "score": 25.045041636764783}
{"docno": "S2835af09-Aca35a6a", "score": 25.043306622722753}
{"docno": "Sc9b434d4-A788e6fe2", "score": 24.578932125693488}
{"docno": "S6327257c-A95ebc2fc", "score": 24.556661452256062}
{"docno": "S6cbb0592-A832bbd45", "score": 24.520321469138835}
{"docno": "S2835af09-A65b7b8", "score": 24.357701421030118}
{"docno": "Sd1be7710-Acca29ae0", "score": 24.25589665311204}
{"docno": "S3cce454e-A75f4d848", "score": 24.182643749834835}
{"docno": "S5bf79135-A758bc4d3", "score": 24.0122852203357}
{"docno": "S745edcc5-A2deb4d21", "score": 23.526444760434174}
{"docno": "Sd766d928-A70da558a", "score": 23.37978549808425}
{"docno": "S7b4f34d2-A14124bdb", "score": 22.920339562549618}
{"docno": "S71eb2418-Af2622b36", "score": 22.815928481474213}
{"docno": "S6e81aa86-A48591e03", "score": 22.77490112912072}
{"docno": "Sc095d706-A93195187", "score": 22.674695091196448}
{"docno": "S63392463-Ab81ff71e", "score": 22.462876892876473}
{"docno": "S90227f05-A2315a163", "score": 22.374054663300548}
{"docno": "S6327257c-A8d74df04", "score": 22.32067132669298}
{"docno": "Sd17ba6af-A84b27f65", "score": 22.298332594633244}
{"docno": "Sefbdcc9f-A879cec18", "score": 22.212697001709202}
{"docno": "S3b9029a2-A5c3f78a0", "score": 22.195509220469706}
{"docno": "S8662c54-A6d8d3a7c", "score": 22.11061052852706}
{"docno": "S57da2875-A985855f5", "score": 22.05780496695737}
{"docno": "S3b9029a2-Ad1e23311", "score": 21.954912805620143}
{"docno": "Sd1be7710-A9f2cd36f", "score": 21.68929102274419}
{"docno": "S334ce662-Ac160dc53", "score": 21.550815296405535}
{"docno": "S334ce662-A5f912649", "score": 21.466211014981756}
{"docno": "S21e2b85c-A56606e73", "score": 21.286086447593007}
{"docno": "Sd92cb04c-A5b877df8", "score": 21.11622959393052}
{"docno": "S4a134f2e-Afc453d61", "score": 20.967122064491022}
{"docno": "S6327257c-Ac17dfe9a", "score": 20.932749349586324}
{"docno": "S605392ad-A62b16a83", "score": 20.924601463859204}
{"docno": "Se1952864-A3bd3dfee", "score": 20.8982208448335}
{"docno": "Scb509540-A3a7f4447", "score": 20.786631753586136}
{"docno": "S8e0455fc-A201a1d24", "score": 20.749777039115244}
{"docno": "Sa8af0abf-Aadd9eef2", "score": 20.63329401322954}
{"docno": "Sa8af0abf-A6fdb1e40", "score": 20.616709563751442}
{"docno": "Scbf6033-A898c1f09", "score": 20.57353023124094}
{"docno": "Sd6428151-A3a9ace36", "score": 20.503342460968774}
{"docno": "Sfb2e263c-Ae18b9f89", "score": 20.415431934614293}
{"docno": "S8164800e-A7c63684", "score": 20.318742408754737}
{"docno": "S200af112-A2a5f7a7d", "score": 20.3001496672538}
{"docno": "S6e06d277-A26e89d39", "score": 20.272839862015623}
{"docno": "S2245ae98-A5fc572a7", "score": 20.081519164725307}
{"docno": "S21e2b85c-A3640d27f", "score": 20.066759288886914}
{"docno": "S2f8534ff-A2d385d5a", "score": 20.062157207300924}
{"docno": "S720c8ec-Adaf0411a", "score": 20.05851254050988}
{"docno": "S6431671e-Ac09a073f", "score": 20.00086435264376}
{"docno": "S69f186d6-A35194898", "score": 19.972828350120373}
{"docno": "Sfa9e2403-A5948cf34", "score": 19.930228163441228}
{"docno": "S6e06d277-A75826c3f", "score": 19.790482870002844}
{"docno": "Sd6428151-A3cce0893", "score": 19.790461153695766}
{"docno": "Se4feb1b5-A7367b82", "score": 19.760106739467805}
{"docno": "S21e2b85c-A4f7b3e4c", "score": 19.691793200595413}
{"docno": "S97bcd2c0-Ae0779c7e", "score": 19.683252894190943}
{"docno": "Sd1be7710-A6b995c45", "score": 19.663602664230307}
{"docno": "Sd267a533-A8a9f4481", "score": 19.54206839274606}
{"docno": "Se9e0691d-A196ba624", "score": 19.415999080632034}
{"docno": "S672e8c7b-Aba2381ba", "score": 19.407270844517072}
{"docno": "Se8f9908f-Abaaa257a", "score": 19.303071300927332}
{"docno": "Sefbdcc9f-A8fc0bae", "score": 19.287671450592004}
{"docno": "Sd6428151-A64779916", "score": 19.266863400038186}
{"docno": "S8a25f2d8-A7fb4463e", "score": 19.231657919324245}
{"docno": "S5bf79135-Af12617cc", "score": 19.210523383165185}
{"docno": "S672e8c7b-Adc93cbfd", "score": 19.19158417326538}
{"docno": "S26849c51-A106c7667", "score": 19.157172811771133}
{"docno": "S672e8c7b-Ac55f9c2f", "score": 19.111172504765033}
{"docno": "Sc095d706-Aba86f804", "score": 19.07932550434258}
{"docno": "Sbe29882a-A9ae6a2bc", "score": 19.07513486238939}
{"docno": "S6327257c-Ac6fd7d8f", "score": 19.00354143602174}
{"docno": "S81901837-Acec1c53f", "score": 18.990826459985946}
{"docno": "S3641b87d-Afba492c1", "score": 18.98061452260997}
{"docno": "Se1125e91-Ac18832ac", "score": 18.869297121036663}
{"docno": "S745edcc5-A18b06b0a", "score": 18.829483367384704}
{"docno": "S57da2875-A83b0446c", "score": 18.801661920387097}
{"docno": "Sa61315e2-A3b398c8e", "score": 18.798196325242706}
{"docno": "S672e8c7b-Aca33c54e", "score": 18.737460053666158}
{"docno": "S47a0de52-A4b8a9548", "score": 18.659147635381547}
{"docno": "S2f8534ff-A95198396", "score": 18.648387467722063}
{"docno": "Sed9c4f31-Abe191a7", "score": 18.627404278646196}
{"docno": "S61d2ef3a-A148892bc", "score": 18.530239483455603}
{"docno": "Scbf6033-Ab63c97a7", "score": 18.493368751863574}
{"docno": "S35044b75-A77043b4", "score": 18.489351626348096}
{"docno": "S636669d7-Abd228f33", "score": 18.432068271280315}
{"docno": "Sc095d706-Ab2876470", "score": 18.38561952453834}
{"docno": "S7cb4f178-A36fcbbd0", "score": 18.298029996571398}
{"docno": "S2c0c5a23-A275718e", "score": 18.296124466480766}
{"docno": "S636669d7-A6c726b49", "score": 18.287585195000744}
{"docno": "S6327257c-A80c760a0", "score": 18.28190292475931}
{"docno": "S1e7f4ed8-Ae157ca48", "score": 18.241487077210763}
{"docno": "Se99ff5b0-A4b564550", "score": 18.23408951840935}
{"docno": "S6c3b36ba-A88c57e05", "score": 18.15676617945196}
{"docno": "Sed9c4f31-Adbc6c8d4", "score": 18.138979592348154}
{"docno": "S1e7f4ed8-A48d5c75", "score": 18.055861425460666}
{"docno": "S5939e132-Aa101a7dc", "score": 18.041697879550163}
{"docno": "S24195d9e-Aaebb7275", "score": 17.994966586354586}
{"type": "toggleArgument", "timestamp": "2025-06-26T11:46:40.057Z", "sessionID": "3bedb5bb-13ed-4b5c-9a47-315da802a650", "rank": "2", "doc": "S6ed8a6b0-Aa3ace448", "action": "expand", "doclen": 621, "score": 30.454415512940344}
{"type": "queryBoxFocused", "timestamp": "2025-06-26T11:46:53.516Z", "sessionID": "3bedb5bb-13ed-4b5c-9a47-315da802a650"}
{"type": "querySubmitted", "timestamp": "2025-06-26T11:46:59.706Z", "sessionID": "3bedb5bb-13ed-4b5c-9a47-315da802a650", "query": "obesity AND Medic AND Children AND Adults AND disease"}
{"docno": "Sb945ca11-A41ca93db", "score": 36.821385330987646}
{"docno": "Sefbdcc9f-A879cec18", "score": 30.61693728007046}
{"docno": "S21e2b85c-A56606e73", "score": 30.514304961839677}
{"docno": "S6ed8a6b0-Aa3ace448", "score": 30.454415512940344}
{"docno": "S2835af09-Aca35a6a", "score": 30.388846831724948}
{"docno": "S2835af09-A65b7b8", "score": 29.890644184633583}
{"docno": "Sc9b434d4-A788e6fe2", "score": 29.82483263193062}
{"docno": "Scb509540-A3a7f4447", "score": 29.440477388588988}
{"docno": "S6327257c-A95ebc2fc", "score": 29.391068114326604}
{"docno": "Sd766d928-A70da558a", "score": 29.3380126197707}
{"docno": "S6327257c-A8d74df04", "score": 29.26906671985424}
{"docno": "S63392463-Ab81ff71e", "score": 29.041415666150105}
{"docno": "S720c8ec-Adaf0411a", "score": 28.645550028327577}
{"docno": "S720c8ec-A3bc92fbe", "score": 28.478396453324127}
{"docno": "S21e2b85c-A4f7b3e4c", "score": 28.31316891338429}
{"docno": "S81901837-Acec1c53f", "score": 27.6446720949888}
{"docno": "S97bcd2c0-Ae0779c7e", "score": 27.418099376602665}
{"docno": "Sa8af0abf-Aadd9eef2", "score": 27.333233066673188}
{"docno": "S2f8534ff-A95198396", "score": 26.563287065043696}
{"docno": "S2f8534ff-A2d385d5a", "score": 26.137641200687796}
{"docno": "S2245ae98-A5fc572a7", "score": 25.99549033333583}
{"docno": "Sba23d7e4-Ac115c308", "score": 25.76517233940996}
{"docno": "S27e4cfe1-Ac1218b46", "score": 25.689608257028496}
{"docno": "Se9e0691d-A196ba624", "score": 25.662065549024078}
{"docno": "S636669d7-Abd228f33", "score": 25.211073797281905}
{"docno": "S318bc762-A422cd7ee", "score": 25.171642513821705}
{"docno": "S129ce23f-A4af46b02", "score": 25.12432338053248}
{"docno": "Se17f5669-Aac022fd7", "score": 25.045041636764783}
{"docno": "S636669d7-A6a282c9d", "score": 25.042872477047453}
{"docno": "S8e0455fc-A201a1d24", "score": 25.026540297483173}
{"docno": "Sb5b096db-A6748ad96", "score": 24.889801711507054}
{"docno": "S636669d7-A5b3d0e8d", "score": 24.773097176394252}
{"docno": "Sb5b096db-Af5f10dbb", "score": 24.76400257218812}
{"docno": "S6cbb0592-A832bbd45", "score": 24.520321469138835}
{"docno": "S1e7f4ed8-A48d5c75", "score": 24.460054548128713}
{"docno": "Sd1be7710-Acca29ae0", "score": 24.25589665311204}
{"docno": "S3cce454e-A75f4d848", "score": 24.182643749834835}
{"docno": "S68dc44d0-Aa0f9b4e2", "score": 24.12698423657148}
{"docno": "S5bf79135-A758bc4d3", "score": 24.0122852203357}
{"docno": "Sfa9e2403-A5948cf34", "score": 23.95913544792655}
{"docno": "Se1952864-Acbe9a15b", "score": 23.640195727970983}
{"docno": "Sece797c7-Aab13334", "score": 23.590710612446287}
{"docno": "Sb1e91381-A46b816a7", "score": 23.590710612446287}
{"docno": "S745edcc5-A18b06b0a", "score": 23.541023318519542}
{"docno": "S745edcc5-A2deb4d21", "score": 23.526444760434174}
{"docno": "S1e7f4ed8-Ae157ca48", "score": 23.461592553751128}
{"docno": "Sb5b096db-Ac5f4a991", "score": 23.3635125440244}
{"docno": "Sb7958305-A30d42b23", "score": 23.249950080554513}
{"docno": "S264c3a60-Af9f79eb9", "score": 23.244187632768742}
{"docno": "Sc4eaae9b-Ac65bf1ed", "score": 23.027825754450664}
{"docno": "S1e7f4ed8-A7770e0a", "score": 22.996802513288046}
{"docno": "S750043eb-A90d24ea7", "score": 22.970344513569557}
{"docno": "S7b4f34d2-A14124bdb", "score": 22.920339562549618}
{"docno": "S21e2b85c-Aa1ed4daf", "score": 22.852839401598068}
{"docno": "S4365c705-A3ac49e58", "score": 22.823378392349312}
{"docno": "S71eb2418-Af2622b36", "score": 22.815928481474213}
{"docno": "S6e81aa86-A48591e03", "score": 22.77490112912072}
{"docno": "S3e5b589c-Af6226db3", "score": 22.748168316096532}
{"docno": "S21e2b85c-A161deb9d", "score": 22.696160569947285}
{"docno": "Sc095d706-A93195187", "score": 22.674695091196448}
{"docno": "Sb62ca38e-Ad02f2112", "score": 22.65248425572799}
{"docno": "S2a10529c-Ac2eebdd0", "score": 22.54611314801935}
{"docno": "Saabd82bf-A35cb1dd6", "score": 22.53539804940435}
{"docno": "S2245ae98-A87404e78", "score": 22.452319723911422}
{"docno": "Se8f9908f-Abaaa257a", "score": 22.418062956534214}
{"docno": "S90227f05-A2315a163", "score": 22.374054663300548}
{"docno": "Sd17ba6af-A84b27f65", "score": 22.298332594633244}
{"docno": "S8437ef15-A385a2362", "score": 22.207646196120663}
{"docno": "S3b9029a2-A5c3f78a0", "score": 22.195509220469706}
{"docno": "S8662c54-A6d8d3a7c", "score": 22.11061052852706}
{"docno": "S57da2875-A985855f5", "score": 22.05780496695737}
{"docno": "S7b734685-A7db0db3c", "score": 22.04375062417001}
{"docno": "S81662fca-A9dd622c4", "score": 22.03310613983355}
{"docno": "S199eda63-A1dd80f1", "score": 21.971844392129643}
{"docno": "S3b9029a2-Ad1e23311", "score": 21.954912805620143}
{"docno": "Sd1be7710-A9f2cd36f", "score": 21.68929102274419}
{"docno": "S334ce662-Ac160dc53", "score": 21.550815296405535}
{"docno": "S334ce662-A5f912649", "score": 21.466211014981756}
{"docno": "S784e8420-Ae9bd7a27", "score": 21.3396176292125}
{"docno": "Scf3f8df7-Ab4272b47", "score": 21.27956338952295}
{"docno": "Sb5b096db-A7035c7b5", "score": 21.261166778218872}
{"docno": "S3a5f8370-Ab3f4eee3", "score": 21.163553429405624}
{"docno": "Sd92cb04c-A5b877df8", "score": 21.11622959393052}
{"docno": "Sb189b2e0-A3aaa1473", "score": 21.101868577570638}
{"docno": "Se9e0691d-Af9f5f56c", "score": 21.084921602244616}
{"docno": "Sb09f1711-A3a292c99", "score": 21.048323338873423}
{"docno": "S4a134f2e-Afc453d61", "score": 20.967122064491022}
{"docno": "Sb37c5615-A60772bd7", "score": 20.940487909835507}
{"docno": "S6327257c-Ac17dfe9a", "score": 20.932749349586324}
{"docno": "S605392ad-A62b16a83", "score": 20.924601463859204}
{"docno": "Se1952864-A3bd3dfee", "score": 20.8982208448335}
{"docno": "S9386eee9-A32f7085e", "score": 20.84161587385668}
{"docno": "Sfb2e263c-Ad8986c10", "score": 20.82084141767481}
{"docno": "Sa8af0abf-A6fdb1e40", "score": 20.616709563751442}
{"docno": "Scbf6033-A898c1f09", "score": 20.57353023124094}
{"docno": "Sf6793f65-Af5862606", "score": 20.524127316570443}
{"docno": "Sd6428151-A3a9ace36", "score": 20.503342460968774}
{"docno": "S5e2cd37a-A17a29600", "score": 20.493508844540088}
{"docno": "Sfb2e263c-Ae18b9f89", "score": 20.415431934614293}
{"docno": "S615af073-A977b289d", "score": 20.397876574087995}
{"type": "StanceClicked", "timestamp": "2025-06-26T11:47:08.809Z", "sessionID": "3bedb5bb-13ed-4b5c-9a47-315da802a650", "rank": "2", "stance": "pro", "action": "chooseStance", "doc": "Sefbdcc9f-A879cec18", "doclen": 1097, "score": 22.181766898018125}
{"type": "toggleArgument", "timestamp": "2025-06-26T11:47:09.977Z", "sessionID": "3bedb5bb-13ed-4b5c-9a47-315da802a650", "rank": "2", "doc": "Sefbdcc9f-A879cec18", "action": "expand", "doclen": 1097, "score": 22.181766898018125}
{"type": "queryBoxFocused", "timestamp": "2025-06-26T11:47:16.659Z", "sessionID": "3bedb5bb-13ed-4b5c-9a47-315da802a650"}
{"type": "querySubmitted", "timestamp": "2025-06-26T11:47:34.682Z", "sessionID": "3bedb5bb-13ed-4b5c-9a47-315da802a650", "query": "obesity AND disease AND public health"}
{"docno": "Sefbdcc9f-A879cec18", "score": 33.156558780442296}
{"docno": "Sb945ca11-A41ca93db", "score": 31.14843552627657}
{"docno": "S21e2b85c-A56606e73", "score": 31.133485595864467}
{"docno": "Sb5b096db-Ac5f4a991", "score": 27.601573978632544}
{"docno": "S720c8ec-Adaf0411a", "score": 27.57630943850969}
{"docno": "S4365c705-A3ac49e58", "score": 26.133224114504124}
{"docno": "S6e06d277-A26e89d39", "score": 26.107136190921892}
{"docno": "Sfdb7b7d4-Aa0b66d7c", "score": 25.715214317526097}
{"docno": "Sb5b096db-A7035c7b5", "score": 25.52902365655647}
{"docno": "S8164800e-A17b98d12", "score": 25.42305452413069}
{"docno": "Sc9b434d4-A788e6fe2", "score": 25.177401891793377}
{"docno": "S636669d7-A6a282c9d", "score": 25.042872477047453}
{"docno": "S2245ae98-A5fc572a7", "score": 25.01720997290674}
{"docno": "Sb5b096db-A6748ad96", "score": 24.889801711507054}
{"docno": "Sb09f1711-A3a292c99", "score": 24.84174072311273}
{"docno": "Se1952864-Acbe9a15b", "score": 24.61034454519255}
{"docno": "S61b1ed2-Afc0632f0", "score": 24.551078315934802}
{"docno": "S2f8534ff-A2d385d5a", "score": 24.402080762302724}
{"docno": "S9896d40f-A471e3585", "score": 24.273809544141784}
{"docno": "S69f186d6-A2f4cf963", "score": 23.956706909483344}
{"docno": "Sbff0970b-A8f33d67e", "score": 23.879089052099676}
{"docno": "Sb818a298-A97445c89", "score": 23.867010008764545}
{"docno": "Sa8af0abf-Aadd9eef2", "score": 23.70092559150362}
{"docno": "S1e7f4ed8-A48d5c75", "score": 23.698062029053567}
{"docno": "S95627a9d-A126cb3f5", "score": 23.581615760303976}
{"docno": "S3b7407bb-Afbefef6e", "score": 23.424489359290757}
{"docno": "Saabd82bf-A35cb1dd6", "score": 23.388038337935583}
{"docno": "S615af073-A977b289d", "score": 23.30072271055064}
{"docno": "S1ecb0c67-Afb33e1a3", "score": 23.270427737948733}
{"docno": "S21e2b85c-A4f7b3e4c", "score": 23.13986557795817}
{"docno": "S264c3a60-Af9f79eb9", "score": 23.10739334604031}
{"docno": "Sc1ca8114-A564611d7", "score": 22.934610022128727}
{"docno": "S21e2b85c-Aa1ed4daf", "score": 22.852839401598068}
{"docno": "Scb509540-A3a7f4447", "score": 22.80679668958289}
{"docno": "S46687176-A9f546fe6", "score": 22.711377709899892}
{"docno": "S21e2b85c-A161deb9d", "score": 22.696160569947285}
{"docno": "S2ec6934e-A9d31a8eb", "score": 22.476925821661002}
{"docno": "S2245ae98-A87404e78", "score": 22.452319723911422}
{"docno": "Sb7844b08-A20b58db1", "score": 22.397078448561526}
{"docno": "S63392463-Aacab30c8", "score": 22.38062090040874}
{"docno": "Sc572c88b-Aa21649c5", "score": 22.33484513083411}
{"docno": "S3a5f8370-Ab3f4eee3", "score": 22.25085780112157}
{"docno": "S672e8c7b-A94d6b8fe", "score": 22.1061173145601}
{"docno": "S3c486dec-Ab14927ea", "score": 22.07740984713963}
{"docno": "S7b734685-A7db0db3c", "score": 22.04375062417001}
{"docno": "Sc1ac6b3c-Aeee7448", "score": 22.030021428836}
{"docno": "S8662c54-A6d8d3a7c", "score": 22.02568735280851}
{"docno": "Sbcc55d23-A8d5dbe5d", "score": 22.000425793755703}
{"docno": "S6327257c-A8d74df04", "score": 21.96119539764913}
{"docno": "Se3d235e2-A69eb3019", "score": 21.940984199940004}
{"docno": "S62216cd0-Afc68581a", "score": 21.81656302473258}
{"docno": "S1ecb0c67-A57c76127", "score": 21.813590246258485}
{"docno": "Sd766d928-A70da558a", "score": 21.709091915723825}
{"docno": "S63392463-Afd5004a9", "score": 21.690204261527917}
{"docno": "Sab908431-A4b2b19f8", "score": 21.610777399027867}
{"docno": "S652cecbd-A6d4a8c6d", "score": 21.55929464840964}
{"docno": "S821d0b5d-A4d8813b", "score": 21.37522064710051}
{"docno": "Sfdb7b7d4-A1c7847dd", "score": 21.204912964143546}
{"docno": "S37063803-Ad3c282bc", "score": 21.084626109187077}
{"docno": "Sbcc55d23-Ab4e91999", "score": 21.07208646497458}
{"docno": "Sb37c5615-A60772bd7", "score": 20.940487909835507}
{"docno": "Sae051343-A3d853f2a", "score": 20.915925321348013}
{"docno": "S6e81aa86-Ac6b0724c", "score": 20.907485923274862}
{"docno": "Saca5ecd8-Aa567502e", "score": 20.88275391516896}
{"docno": "S263b88a1-A7950acef", "score": 20.841151030132345}
{"docno": "Sc572c88b-A3e62aca8", "score": 20.834625654023807}
{"docno": "Sfb2e263c-Ad8986c10", "score": 20.82084141767481}
{"docno": "S1e7f4ed8-A7770e0a", "score": 20.707127014184458}
{"docno": "S672e8c7b-Aba2381ba", "score": 20.589041148025792}
{"docno": "Sc7f642aa-A33369b6a", "score": 20.53490490490146}
{"docno": "S563972d-A159a769d", "score": 20.475659649004395}
{"docno": "S7e9b6293-A82b531d7", "score": 20.475659649004395}
{"docno": "S97bcd2c0-Ae0779c7e", "score": 20.44171887213511}
{"docno": "S672e8c7b-Adc93cbfd", "score": 20.42291133207169}
{"docno": "S21e2b85c-A148fb2f7", "score": 20.417006326974526}
{"docno": "S47245b8a-A9467186f", "score": 20.351878485986685}
{"docno": "Scb509540-Abece3217", "score": 20.307912787625007}
{"docno": "S283df47e-A37b34164", "score": 20.26517718052323}
{"docno": "S2a10529c-Ac2eebdd0", "score": 20.23698090029822}
{"docno": "S59921373-A9a590852", "score": 20.221852296839657}
{"docno": "S893d0b87-A26866a1f", "score": 20.119864846329502}
{"docno": "Sd6428151-A64779916", "score": 20.10542222757355}
{"docno": "Sa40e7c70-A9580e0f5", "score": 20.07411379821546}
{"docno": "S3cce454e-A20e5f1bc", "score": 19.90464375228764}
{"docno": "S5f670626-Abefcfbbb", "score": 19.80305764822042}
{"docno": "Sf7b921f9-Af4d70352", "score": 19.760788771105755}
{"docno": "S445d9e6e-Aaa6a8b5e", "score": 19.74425196505761}
{"docno": "Sf27da082-A3bf440c7", "score": 19.730767275949695}
{"docno": "Sa01817fa-Ace335414", "score": 19.70109822687927}
{"docno": "S706bf6bf-A3c1983cd", "score": 19.68757373787519}
{"docno": "Sd4a2b65c-A615248e6", "score": 19.671929179938353}
{"docno": "Sd9ed1164-A983799a2", "score": 19.658487076293255}
{"docno": "S605392ad-Ab5ae9752", "score": 19.652402325695345}
{"docno": "S641065db-A65c3c18d", "score": 19.642875449317856}
{"docno": "S641065db-A56f45f2", "score": 19.642875449317856}
{"docno": "S561a86d1-A9c2581b4", "score": 19.621508068941736}
{"docno": "S5a0f171e-A414d4d1b", "score": 19.55388978739172}
{"docno": "Sebf02ef3-Aa7d67990", "score": 19.473249860616068}
{"docno": "S6c60e213-A53b82bc5", "score": 19.449650811691658}
{"docno": "S63392463-Ab81ff71e", "score": 19.401465311461994}
{"type": "toggleArgument", "timestamp": "2025-06-26T11:47:39.249Z", "sessionID": "3bedb5bb-13ed-4b5c-9a47-315da802a650", "rank": "2", "doc": "Sb945ca11-A41ca93db", "action": "expand", "doclen": 791, "score": 18.855633303978696}
{"type": "StanceClicked", "timestamp": "2025-06-26T11:47:42.250Z", "sessionID": "3bedb5bb-13ed-4b5c-9a47-315da802a650", "rank": "2", "stance": "pro", "action": "chooseStance", "doc": "Sb945ca11-A41ca93db", "doclen": 791, "score": 18.855633303978696}
{"type": "toggleArgument", "timestamp": "2025-06-26T11:47:46.241Z", "sessionID": "3bedb5bb-13ed-4b5c-9a47-315da802a650", "rank": "3", "doc": "S21e2b85c-A56606e73", "action": "expand", "doclen": 467, "score": 23.360057838049414}
{"type": "StanceClicked", "timestamp": "2025-06-26T11:47:52.697Z", "sessionID": "3bedb5bb-13ed-4b5c-9a47-315da802a650", "rank": "3", "stance": "con", "action": "chooseStance", "doc": "S21e2b85c-A56606e73", "doclen": 467, "score": 23.360057838049414}
{"type": "toggleArgument", "timestamp": "2025-06-26T11:47:58.081Z", "sessionID": "3bedb5bb-13ed-4b5c-9a47-315da802a650", "rank": "4", "doc": "Sb5b096db-Ac5f4a991", "action": "expand", "doclen": 1286, "score": 23.3635125440244}
{"type": "toggleArgument", "timestamp": "2025-06-26T11:48:04.481Z", "sessionID": "3bedb5bb-13ed-4b5c-9a47-315da802a650", "rank": "5", "doc": "S720c8ec-Adaf0411a", "action": "expand", "doclen": 585, "score": 22.131458408058585}
{"type": "StanceClicked", "timestamp": "2025-06-26T11:48:06.993Z", "sessionID": "3bedb5bb-13ed-4b5c-9a47-315da802a650", "rank": "5", "stance": "pro", "action": "chooseStance", "doc": "S720c8ec-Adaf0411a", "doclen": 585, "score": 22.131458408058585}
{"type": "toggleArgument", "timestamp": "2025-06-26T11:48:12.465Z", "sessionID": "3bedb5bb-13ed-4b5c-9a47-315da802a650", "rank": "7", "doc": "S6e06d277-A26e89d39", "action": "expand", "doclen": 405, "score": 13.744428636024958}
{"type": "StanceClicked", "timestamp": "2025-06-26T11:48:30.977Z", "sessionID": "3bedb5bb-13ed-4b5c-9a47-315da802a650", "rank": "7", "stance": "con", "action": "chooseStance", "doc": "S6e06d277-A26e89d39", "doclen": 405, "score": 13.744428636024958}
{"type": "toggleArgument", "timestamp": "2025-06-26T11:48:42.569Z", "sessionID": "3bedb5bb-13ed-4b5c-9a47-315da802a650", "rank": "8", "doc": "Sfdb7b7d4-Aa0b66d7c", "action": "expand", "doclen": 543, "score": 17.067764719980257}
{"type": "StanceClicked", "timestamp": "2025-06-26T11:48:46.290Z", "sessionID": "3bedb5bb-13ed-4b5c-9a47-315da802a650", "rank": "8", "stance": "pro", "action": "chooseStance", "doc": "Sfdb7b7d4-Aa0b66d7c", "doclen": 543, "score": 17.067764719980257}
{"type": "toggleArgument", "timestamp": "2025-06-26T11:48:50.169Z", "sessionID": "3bedb5bb-13ed-4b5c-9a47-315da802a650", "rank": "9", "doc": "Sb5b096db-A7035c7b5", "action": "expand", "doclen": 1685, "score": 18.336019221796036}
{"type": "StanceClicked", "timestamp": "2025-06-26T11:48:59.985Z", "sessionID": "3bedb5bb-13ed-4b5c-9a47-315da802a650", "rank": "9", "stance": "pro", "action": "chooseStance", "doc": "Sb5b096db-A7035c7b5", "doclen": 1685, "score": 18.336019221796036}
{"type": "queryBoxFocused", "timestamp": "2025-06-26T11:49:10.571Z", "sessionID": "3bedb5bb-13ed-4b5c-9a47-315da802a650"}
{"type": "querySubmitted", "timestamp": "2025-06-26T11:49:21.578Z", "sessionID": "3bedb5bb-13ed-4b5c-9a47-315da802a650", "query": " obesity AND disease AND public health  AND nutrition"}
{"docno": "Sb818a298-A97445c89", "score": 38.58051034494565}
{"docno": "Sb09f1711-A3a292c99", "score": 35.50298968273541}
{"docno": "Sefbdcc9f-A879cec18", "score": 33.156558780442296}
{"docno": "Sb945ca11-A41ca93db", "score": 31.14843552627657}
{"docno": "S21e2b85c-A56606e73", "score": 31.133485595864467}
{"docno": "Sfdb7b7d4-A1c7847dd", "score": 30.66595159668902}
{"docno": "S3a5f8370-Ab3f4eee3", "score": 29.357416940704923}
{"docno": "S59921373-A9a590852", "score": 29.039217326784872}
{"docno": "S63e2eca-A1d32d148", "score": 28.901277769398607}
{"docno": "Sc13596e5-A606c921b", "score": 28.691335480274127}
{"docno": "Sb818a298-A108c96b6", "score": 28.329077320290985}
{"docno": "S63e2eca-Ae93a74be", "score": 27.96999403483131}
{"docno": "S129ce23f-Ac96c02af", "score": 27.74260717764455}
{"docno": "Sb5b096db-Ac5f4a991", "score": 27.601573978632544}
{"docno": "S720c8ec-Adaf0411a", "score": 27.57630943850969}
{"docno": "S199eda63-A1dd80f1", "score": 27.35887823420083}
{"docno": "Scf236db6-A54360f62", "score": 26.90790232191857}
{"docno": "S36aea26b-A69edce76", "score": 26.8538563839752}
{"docno": "S5939e132-Aa101a7dc", "score": 26.822948083778925}
{"docno": "Se755cb10-Abc39766b", "score": 26.14335234833385}
{"docno": "S4365c705-A3ac49e58", "score": 26.133224114504124}
{"docno": "S6e06d277-A26e89d39", "score": 26.107136190921892}
{"docno": "Sd766d928-A70da558a", "score": 26.073017871859523}
{"docno": "Sfdb7b7d4-Aa0b66d7c", "score": 25.715214317526097}
{"docno": "Sb5b096db-A7035c7b5", "score": 25.52902365655647}
{"docno": "S8164800e-A17b98d12", "score": 25.42305452413069}
{"docno": "Sc9b434d4-A788e6fe2", "score": 25.177401891793377}
{"docno": "S636669d7-A6a282c9d", "score": 25.042872477047453}
{"docno": "Sf283044b-A81666cb0", "score": 25.025542922826077}
{"docno": "S2245ae98-A5fc572a7", "score": 25.01720997290674}
{"docno": "Sb5b096db-A6748ad96", "score": 24.889801711507054}
{"docno": "Sfdb7b7d4-Abe7234fb", "score": 24.803281068740617}
{"docno": "S95c7e197-A7adb43b4", "score": 24.610898768726706}
{"docno": "Se1952864-Acbe9a15b", "score": 24.61034454519255}
{"docno": "S3641b87d-Afba492c1", "score": 24.599402910473756}
{"docno": "S61b1ed2-Afc0632f0", "score": 24.551078315934802}
{"docno": "Sa9dd859d-A52db92e3", "score": 24.467898810160694}
{"docno": "S2f8534ff-A2d385d5a", "score": 24.402080762302724}
{"docno": "S36aea26b-A6251de9a", "score": 24.33686659093477}
{"docno": "S9896d40f-A471e3585", "score": 24.273809544141784}
{"docno": "S6d80f423-A17897201", "score": 24.12837709622255}
{"docno": "S36aea26b-A1e80a903", "score": 23.959307636842436}
{"docno": "S69f186d6-A2f4cf963", "score": 23.956706909483344}
{"docno": "Sd6428151-Aa1b63665", "score": 23.930495717760238}
{"docno": "Sbff0970b-A8f33d67e", "score": 23.879089052099676}
{"docno": "S433e0122-Ac1560", "score": 23.84904307201778}
{"docno": "S6d80f423-A94c587c", "score": 23.710402224719832}
{"docno": "Sa8af0abf-Aadd9eef2", "score": 23.70092559150362}
{"docno": "S1e7f4ed8-A48d5c75", "score": 23.698062029053567}
{"docno": "S95627a9d-A126cb3f5", "score": 23.581615760303976}
{"docno": "S3b7407bb-Afbefef6e", "score": 23.424489359290757}
{"docno": "Saabd82bf-A35cb1dd6", "score": 23.388038337935583}
{"docno": "S615af073-A977b289d", "score": 23.30072271055064}
{"docno": "S1ecb0c67-Afb33e1a3", "score": 23.270427737948733}
{"docno": "S21e2b85c-A4f7b3e4c", "score": 23.13986557795817}
{"docno": "S264c3a60-Af9f79eb9", "score": 23.10739334604031}
{"docno": "Sdd59ecf8-Abc922906", "score": 22.95816936639977}
{"docno": "Sc1ca8114-A564611d7", "score": 22.934610022128727}
{"docno": "S7f093e4b-A11c570c2", "score": 22.86323578253419}
{"docno": "S21e2b85c-Aa1ed4daf", "score": 22.852839401598068}
{"docno": "Scb509540-A3a7f4447", "score": 22.80679668958289}
{"docno": "Sc29734a-Adbc670ba", "score": 22.80465572295212}
{"docno": "S46687176-A9f546fe6", "score": 22.711377709899892}
{"docno": "S21e2b85c-A161deb9d", "score": 22.696160569947285}
{"docno": "S2ec6934e-A9d31a8eb", "score": 22.476925821661002}
{"docno": "S2245ae98-A87404e78", "score": 22.452319723911422}
{"docno": "S334ce662-A7226f6c3", "score": 22.422746996618656}
{"docno": "Sb7844b08-A20b58db1", "score": 22.397078448561526}
{"docno": "S63392463-Aacab30c8", "score": 22.38062090040874}
{"docno": "Sc572c88b-Aa21649c5", "score": 22.33484513083411}
{"docno": "S7f093e4b-Ac51e1369", "score": 22.264527188138}
{"docno": "S63e2eca-Aa4fd17d2", "score": 22.25647217424369}
{"docno": "S6c3b36ba-A3c19208e", "score": 22.16809392258586}
{"docno": "Sc5ca7d15-Ae691719c", "score": 22.15592589709184}
{"docno": "S672e8c7b-A94d6b8fe", "score": 22.1061173145601}
{"docno": "S3c486dec-Ab14927ea", "score": 22.07740984713963}
{"docno": "S7b734685-A7db0db3c", "score": 22.04375062417001}
{"docno": "Sc1ac6b3c-Aeee7448", "score": 22.030021428836}
{"docno": "S8662c54-A6d8d3a7c", "score": 22.02568735280851}
{"docno": "Sbcc55d23-A8d5dbe5d", "score": 22.000425793755703}
{"docno": "S6126b2de-Afd5fdf68", "score": 21.97756605519178}
{"docno": "S6327257c-A8d74df04", "score": 21.96119539764913}
{"docno": "S3ec93a8d-A5389523b", "score": 21.958738309277702}
{"docno": "Sfdb7b7d4-A45307ef", "score": 21.9434624978786}
{"docno": "Se3d235e2-A69eb3019", "score": 21.940984199940004}
{"docno": "Sdff540b2-Ae5997141", "score": 21.893343810370617}
{"docno": "S62216cd0-Afc68581a", "score": 21.81656302473258}
{"docno": "S1ecb0c67-A57c76127", "score": 21.813590246258485}
{"docno": "Sd6428151-A8cc78064", "score": 21.781379442187873}
{"docno": "Sefbdcc9f-A8fc0bae", "score": 21.735816005028994}
{"docno": "S63392463-Afd5004a9", "score": 21.690204261527917}
{"docno": "Scf236db6-Aeebb5843", "score": 21.661731970386395}
{"docno": "Sab908431-A4b2b19f8", "score": 21.610777399027867}
{"docno": "S603f6420-A21b128d5", "score": 21.58503404845026}
{"docno": "S652cecbd-A6d4a8c6d", "score": 21.55929464840964}
{"docno": "Sc1ac6b3c-A2f889021", "score": 21.50711489198028}
{"docno": "S821d0b5d-A4d8813b", "score": 21.37522064710051}
{"docno": "Seb1325a9-A3ce5d714", "score": 21.307688026181825}
{"docno": "Sfdb7b7d4-A3b033bbb", "score": 21.27984599092448}
{"docno": "S95a47-A2b5a832", "score": 21.11412176364654}
{"type": "toggleArgument", "timestamp": "2025-06-26T11:49:28.361Z", "sessionID": "3bedb5bb-13ed-4b5c-9a47-315da802a650", "rank": "1", "doc": "Sb818a298-A97445c89", "action": "expand", "doclen": 1010, "score": 15.271437743662268}
{"type": "StanceClicked", "timestamp": "2025-06-26T11:49:45.961Z", "sessionID": "3bedb5bb-13ed-4b5c-9a47-315da802a650", "rank": "1", "stance": "pro", "action": "chooseStance", "doc": "Sb818a298-A97445c89", "doclen": 1010, "score": 15.271437743662268}
{"type": "toggleArgument", "timestamp": "2025-06-26T11:49:58.617Z", "sessionID": "3bedb5bb-13ed-4b5c-9a47-315da802a650", "rank": "7", "doc": "S3a5f8370-Ab3f4eee3", "action": "expand", "doclen": 1292, "score": 16.46836813599182}
{"type": "StanceClicked", "timestamp": "2025-06-26T11:50:08.305Z", "sessionID": "3bedb5bb-13ed-4b5c-9a47-315da802a650", "rank": "7", "stance": "pro", "action": "chooseStance", "doc": "S3a5f8370-Ab3f4eee3", "doclen": 1292, "score": 16.46836813599182}
{"type": "toggleArgument", "timestamp": "2025-06-26T11:50:12.553Z", "sessionID": "3bedb5bb-13ed-4b5c-9a47-315da802a650", "rank": "8", "doc": "S59921373-A9a590852", "action": "expand", "doclen": 804, "score": 15.674041725884422}
{"type": "toggleArgument", "timestamp": "2025-06-26T11:50:25.169Z", "sessionID": "3bedb5bb-13ed-4b5c-9a47-315da802a650", "rank": "10", "doc": "Sc13596e5-A606c921b", "action": "expand", "doclen": 284, "score": 28.691335480274127}
{"type": "queryBoxFocused", "timestamp": "2025-06-26T11:50:35.155Z", "sessionID": "3bedb5bb-13ed-4b5c-9a47-315da802a650"}
{"type": "querySubmitted", "timestamp": "2025-06-26T11:50:47.450Z", "sessionID": "3bedb5bb-13ed-4b5c-9a47-315da802a650", "query": " obesity AND disease AND health AND nutrition"}
{"docno": "Sb818a298-A97445c89", "score": 38.58051034494565}
{"docno": "Sb09f1711-A3a292c99", "score": 31.709572298496106}
{"docno": "S21e2b85c-A56606e73", "score": 31.133485595864467}
{"docno": "S3a5f8370-Ab3f4eee3", "score": 29.357416940704923}
{"docno": "Sefbdcc9f-A879cec18", "score": 29.2611132054667}
{"docno": "S63e2eca-A1d32d148", "score": 28.901277769398607}
{"docno": "Sc13596e5-A606c921b", "score": 28.691335480274127}
{"docno": "Sb818a298-A108c96b6", "score": 28.329077320290985}
{"docno": "S63e2eca-Ae93a74be", "score": 27.96999403483131}
{"docno": "S129ce23f-Ac96c02af", "score": 27.74260717764455}
{"docno": "Sb5b096db-Ac5f4a991", "score": 27.601573978632544}
{"docno": "S720c8ec-Adaf0411a", "score": 27.57630943850969}
{"docno": "S199eda63-A1dd80f1", "score": 27.35887823420083}
{"docno": "Scf236db6-A54360f62", "score": 26.90790232191857}
{"docno": "S5939e132-Aa101a7dc", "score": 26.822948083778925}
{"docno": "Sb945ca11-A41ca93db", "score": 26.57669925270977}
{"docno": "Se755cb10-Abc39766b", "score": 26.14335234833385}
{"docno": "S4365c705-A3ac49e58", "score": 26.133224114504124}
{"docno": "Sd766d928-A70da558a", "score": 26.073017871859523}
{"docno": "Sfdb7b7d4-A1c7847dd", "score": 25.78614778237722}
{"docno": "Sfdb7b7d4-Aa0b66d7c", "score": 25.715214317526097}
{"docno": "Sb5b096db-A7035c7b5", "score": 25.52902365655647}
{"docno": "Sc9b434d4-A788e6fe2", "score": 25.177401891793377}
{"docno": "S636669d7-A6a282c9d", "score": 25.042872477047453}
{"docno": "Sf283044b-A81666cb0", "score": 25.025542922826077}
{"docno": "S2245ae98-A5fc572a7", "score": 25.01720997290674}
{"docno": "Sb5b096db-A6748ad96", "score": 24.889801711507054}
{"docno": "S95c7e197-A7adb43b4", "score": 24.610898768726706}
{"docno": "Se1952864-Acbe9a15b", "score": 24.61034454519255}
{"docno": "S3641b87d-Afba492c1", "score": 24.599402910473756}
{"docno": "S61b1ed2-Afc0632f0", "score": 24.551078315934802}
{"docno": "S59921373-A9a590852", "score": 24.491406755829637}
{"docno": "Sa9dd859d-A52db92e3", "score": 24.467898810160694}
{"docno": "S2f8534ff-A2d385d5a", "score": 24.402080762302724}
{"docno": "S9896d40f-A471e3585", "score": 24.273809544141784}
{"docno": "S36aea26b-A69edce76", "score": 24.095837411756612}
{"docno": "S36aea26b-A1e80a903", "score": 23.959307636842436}
{"docno": "Sd6428151-Aa1b63665", "score": 23.930495717760238}
{"docno": "Sbff0970b-A8f33d67e", "score": 23.879089052099676}
{"docno": "S6d80f423-A94c587c", "score": 23.710402224719832}
{"docno": "Sa8af0abf-Aadd9eef2", "score": 23.70092559150362}
{"docno": "S1e7f4ed8-A48d5c75", "score": 23.698062029053567}
{"docno": "S95627a9d-A126cb3f5", "score": 23.581615760303976}
{"docno": "S3b7407bb-Afbefef6e", "score": 23.424489359290757}
{"docno": "Saabd82bf-A35cb1dd6", "score": 23.388038337935583}
{"docno": "S615af073-A977b289d", "score": 23.30072271055064}
{"docno": "S21e2b85c-A4f7b3e4c", "score": 23.13986557795817}
{"docno": "S264c3a60-Af9f79eb9", "score": 23.10739334604031}
{"docno": "Sdd59ecf8-Abc922906", "score": 22.95816936639977}
{"docno": "S7f093e4b-A11c570c2", "score": 22.86323578253419}
{"docno": "S21e2b85c-Aa1ed4daf", "score": 22.852839401598068}
{"docno": "Scb509540-A3a7f4447", "score": 22.80679668958289}
{"docno": "Sc29734a-Adbc670ba", "score": 22.80465572295212}
{"docno": "S21e2b85c-A161deb9d", "score": 22.696160569947285}
{"docno": "S2245ae98-A87404e78", "score": 22.452319723911422}
{"docno": "S334ce662-A7226f6c3", "score": 22.422746996618656}
{"docno": "S63392463-Aacab30c8", "score": 22.38062090040874}
{"docno": "Sc572c88b-Aa21649c5", "score": 22.33484513083411}
{"docno": "S7f093e4b-Ac51e1369", "score": 22.264527188138}
{"docno": "S63e2eca-Aa4fd17d2", "score": 22.25647217424369}
{"docno": "S6c3b36ba-A3c19208e", "score": 22.16809392258586}
{"docno": "Sc5ca7d15-Ae691719c", "score": 22.15592589709184}
{"docno": "S672e8c7b-A94d6b8fe", "score": 22.1061173145601}
{"docno": "S7b734685-A7db0db3c", "score": 22.04375062417001}
{"docno": "S8662c54-A6d8d3a7c", "score": 22.02568735280851}
{"docno": "S6327257c-A8d74df04", "score": 21.96119539764913}
{"docno": "S3ec93a8d-A5389523b", "score": 21.958738309277702}
{"docno": "Se3d235e2-A69eb3019", "score": 21.940984199940004}
{"docno": "Sdff540b2-Ae5997141", "score": 21.893343810370617}
{"docno": "Sd6428151-A8cc78064", "score": 21.781379442187873}
{"docno": "Sefbdcc9f-A8fc0bae", "score": 21.735816005028994}
{"docno": "S63392463-Afd5004a9", "score": 21.690204261527917}
{"docno": "Scf236db6-Aeebb5843", "score": 21.661731970386395}
{"docno": "Sab908431-A4b2b19f8", "score": 21.610777399027867}
{"docno": "S603f6420-A21b128d5", "score": 21.58503404845026}
{"docno": "S652cecbd-A6d4a8c6d", "score": 21.55929464840964}
{"docno": "Sc1ac6b3c-A2f889021", "score": 21.50711489198028}
{"docno": "Seb1325a9-A3ce5d714", "score": 21.307688026181825}
{"docno": "Sfdb7b7d4-A3b033bbb", "score": 21.27984599092448}
{"docno": "S36aea26b-A6251de9a", "score": 21.119314873947758}
{"docno": "S37063803-Ad3c282bc", "score": 21.084626109187077}
{"docno": "Sce28e414-Aa60194e5", "score": 20.943616820250515}
{"docno": "Sb37c5615-A60772bd7", "score": 20.940487909835507}
{"docno": "S334ce662-Aaffe0e7f", "score": 20.93318800148559}
{"docno": "Sae051343-A3d853f2a", "score": 20.915925321348013}
{"docno": "S6e81aa86-Ac6b0724c", "score": 20.907485923274862}
{"docno": "Sa9dd859d-Acabf43cd", "score": 20.883161787824466}
{"docno": "Sc572c88b-A3e62aca8", "score": 20.834625654023807}
{"docno": "Sfb2e263c-Ad8986c10", "score": 20.82084141767481}
{"docno": "S5bf79135-A758bc4d3", "score": 20.72014662599905}
{"docno": "S1e7f4ed8-A7770e0a", "score": 20.707127014184458}
{"docno": "S672e8c7b-Aba2381ba", "score": 20.589041148025792}
{"docno": "Sc7f642aa-A33369b6a", "score": 20.53490490490146}
{"docno": "Sfdb7b7d4-Ae06f274e", "score": 20.524748045515857}
{"docno": "S97bcd2c0-Ae0779c7e", "score": 20.44171887213511}
{"docno": "S672e8c7b-Adc93cbfd", "score": 20.42291133207169}
{"docno": "S21e2b85c-A148fb2f7", "score": 20.417006326974526}
{"docno": "S37ee458a-A66f73556", "score": 20.359684384142092}
{"docno": "Scb509540-Abece3217", "score": 20.307912787625007}
{"docno": "S821ff0f4-A4910d24a", "score": 20.298327110792414}
{"type": "toggleArgument", "timestamp": "2025-06-26T11:50:50.761Z", "sessionID": "3bedb5bb-13ed-4b5c-9a47-315da802a650", "rank": "2", "doc": "Sb09f1711-A3a292c99", "action": "expand", "doclen": 1150, "score": 21.048323338873423}
{"type": "StanceClicked", "timestamp": "2025-06-26T11:51:02.890Z", "sessionID": "3bedb5bb-13ed-4b5c-9a47-315da802a650", "rank": "2", "stance": "pro", "action": "chooseStance", "doc": "Sb09f1711-A3a292c99", "doclen": 1150, "score": 21.048323338873423}
{"type": "toggleArgument", "timestamp": "2025-06-26T11:51:13.513Z", "sessionID": "3bedb5bb-13ed-4b5c-9a47-315da802a650", "rank": "6", "doc": "S63e2eca-A1d32d148", "action": "expand", "doclen": 1770, "score": 28.901277769398607}
{"type": "StanceClicked", "timestamp": "2025-06-26T11:51:17.393Z", "sessionID": "3bedb5bb-13ed-4b5c-9a47-315da802a650", "rank": "6", "stance": "con", "action": "chooseStance", "doc": "S63e2eca-A1d32d148", "doclen": 1770, "score": 28.901277769398607}
{"type": "ClickedEndTask", "timestamp": "2025-06-26T11:51:18.529Z", "sessionID": "3bedb5bb-13ed-4b5c-9a47-315da802a650"}
{"type": "TaskEndConfirmed", "timestamp": "2025-06-26T11:51:21.129Z", "sessionID": "3bedb5bb-13ed-4b5c-9a47-315da802a650"}
{"type": "TaskEnded", "timestamp": "2025-06-26T11:51:31.241Z", "sessionID": "3bedb5bb-13ed-4b5c-9a47-315da802a650", "reason": "keine Zeit mehr", "translated_reason": "no more time"}
