{"type": "idSubmitted", "timestamp": "2025-06-26T10:43:32.786Z", "sessionID": "8c707e74-179c-4d33-abc5-039d1dc4a185", "uid": "Participant37"}
{"type": "TaskStarted", "timestamp": "2025-06-26T10:46:38.215Z", "sessionID": "8c707e74-179c-4d33-abc5-039d1dc4a185", "task": "1", "uid": "Participant37", "topic": "Should the government allow illegal immigrants to become citizens?"}
{"type": "queryBoxFocused", "timestamp": "2025-06-26T10:46:43.045Z", "sessionID": "8c707e74-179c-4d33-abc5-039d1dc4a185"}
{"type": "querySubmitted", "timestamp": "2025-06-26T10:47:07.112Z", "sessionID": "8c707e74-179c-4d33-abc5-039d1dc4a185", "query": "immigrant become legal citizen"}
{"docno": "S3cdc63cb-A549d684", "score": 27.657191881750215}
{"docno": "S9f5ade2f-A89216550", "score": 27.63429158198178}
{"docno": "Sf44bcd7f-A5317de4e", "score": 26.607770047785763}
{"docno": "S4d289846-A608434b", "score": 26.552086714310626}
{"docno": "S40f91664-A745b3f20", "score": 26.36608871096975}
{"docno": "Sc8662773-A94e2fd17", "score": 25.97476357851047}
{"docno": "S9e36ecf4-Abff4b0d8", "score": 25.79808338114378}
{"docno": "Scd8abfbd-A72b5d293", "score": 25.743243183953286}
{"docno": "Scd8abfdc-Ad2c1d2a3", "score": 25.743243183953286}
{"docno": "Sc8662773-Ade81a9da", "score": 25.576875146993146}
{"docno": "Sedbdc40b-Ad17d561d", "score": 25.205206798260082}
{"docno": "S341863b5-A536df7d2", "score": 25.179172151022364}
{"docno": "S68a8a49-A15e76f1b", "score": 25.094987661442737}
{"docno": "S9da75b55-A4e146755", "score": 25.02717748926144}
{"docno": "S2d0f2532-A94f5ae53", "score": 24.75075905339187}
{"docno": "S188b21d7-A7fc826be", "score": 24.74645006484605}
{"docno": "S9f5ade2f-A1671de9e", "score": 24.741097455916687}
{"docno": "S8b340e19-A4a9a0878", "score": 24.738165468653}
{"docno": "Sedbdc40b-A852b1c0e", "score": 24.634537467820962}
{"docno": "Sc8662773-Ae6eb8ca", "score": 24.517628081296188}
{"docno": "S8e58c781-A63bec42f", "score": 24.232787602879096}
{"docno": "S7b43bc48-A1794db48", "score": 24.159043653676033}
{"docno": "Scd8abfbd-A35194a66", "score": 24.086799531554433}
{"docno": "Scd8abfdc-A35194a66", "score": 24.086799531554433}
{"docno": "Scd8abfbd-Aac315f9f", "score": 23.957689495812982}
{"docno": "Scd8abfdc-A3069be57", "score": 23.957689495812982}
{"docno": "S3cdc63cb-Aea969171", "score": 23.92276875036024}
{"docno": "S54ca684b-Af5bade33", "score": 23.832617333571715}
{"docno": "S6340764-A437fb09a", "score": 23.740400624215525}
{"docno": "S8e58c781-Ad7e1287b", "score": 23.52085828320162}
{"docno": "Se6493c1b-A61131eb", "score": 23.439265877061853}
{"docno": "Sc1e8634f-A9c65572f", "score": 23.403312212248313}
{"docno": "Sc8662773-A4cb8d748", "score": 23.2794231035214}
{"docno": "S69d5e356-Aae47e14", "score": 23.121281303942595}
{"docno": "Scd8abfbd-Ad6acf87f", "score": 22.842628859941506}
{"docno": "Scd8abfdc-Ab0ce6b77", "score": 22.842628859941506}
{"docno": "S68a8a87-A204817cb", "score": 22.763581654480515}
{"docno": "S1e41d536-A1f11f0ab", "score": 22.710328224944394}
{"docno": "S68a8a87-Ae24dc113", "score": 22.68770993326005}
{"docno": "S31f5da82-A44f86286", "score": 22.64127051577325}
{"docno": "Sa6458ad5-A54360c15", "score": 22.588296490590466}
{"docno": "S40f44a1b-Ad0cf677b", "score": 22.442856815923353}
{"docno": "Sb6b0ac06-Aea2c3e31", "score": 22.32489513021335}
{"docno": "S2bb12d9b-A6c8b0d68", "score": 22.17067148634271}
{"docno": "Sd0461c26-A850af313", "score": 22.06891058724937}
{"docno": "Sf40414eb-Aabb8c8fc", "score": 22.039295824547796}
{"docno": "Sd8e671d9-A65005656", "score": 22.03182470289213}
{"docno": "Sd0461c26-Aedbc09a1", "score": 22.012022705174182}
{"docno": "S8e58c781-A89b46335", "score": 21.94616567772531}
{"docno": "S341863b5-Ad16e0deb", "score": 21.92108161290179}
{"docno": "S403d99e5-Abbbc75b5", "score": 21.860452167451}
{"docno": "S88b57bbb-A48f9c13d", "score": 21.82354658919058}
{"docno": "S9f5ade2f-Af1f596ec", "score": 21.803395315110194}
{"docno": "S9e36ecf4-A82cc4a5", "score": 21.752571262091703}
{"docno": "S824ddf93-Afed95843", "score": 21.724629773493003}
{"docno": "S59e1a9d3-A2f9efde9", "score": 21.579003156855105}
{"docno": "S419baf15-A77e6ad87", "score": 21.551246674843533}
{"docno": "S2cf2c469-Add973f8b", "score": 21.455758259731688}
{"docno": "S68a8a68-Af250392d", "score": 21.391456597801223}
{"docno": "Scd8abfdc-A9bd28429", "score": 21.32361617652738}
{"docno": "S5e48a4d6-Ae7bd9181", "score": 21.179468315362453}
{"docno": "Sb7367ca1-A57eab9fe", "score": 21.1389431480231}
{"docno": "S6d359933-Ab127c11c", "score": 21.010787796027483}
{"docno": "S59ad9eee-A526df2a1", "score": 20.914133319961927}
{"docno": "S6340764-Aa0657820", "score": 20.91073757184724}
{"docno": "Sb9730c1d-A44b6fb87", "score": 20.82338644411118}
{"docno": "S45ac225-Aab0b88a0", "score": 20.813290686075717}
{"docno": "S1c270f65-A1e12a750", "score": 20.757042490635346}
{"docno": "Sd0461c26-Af66332bc", "score": 20.717031430179677}
{"docno": "S58a42b18-A5c8b295c", "score": 20.70405011113897}
{"docno": "S552adbae-Adb573ef4", "score": 20.65743646200127}
{"docno": "Scd8abfbd-A86e4dfeb", "score": 20.578192828863408}
{"docno": "Scd8abfdc-A86e4dfeb", "score": 20.578192828863408}
{"docno": "Sedbdc40b-Affdcd01f", "score": 20.42759119819372}
{"docno": "S7eba7db9-A3c8157f7", "score": 20.42561441794507}
{"docno": "S3dfdaea9-Ae5471e32", "score": 20.403256125919683}
{"docno": "S12a78a66-A375f35b9", "score": 20.299187251293063}
{"docno": "S2cf2c469-Ac3a55f31", "score": 20.26949473318401}
{"docno": "Sc8662773-A8dae44b1", "score": 20.244746136168697}
{"docno": "Sbec701fd-Aacbead2d", "score": 20.17676280828293}
{"docno": "S31f5da82-Af1ad2911", "score": 20.152347528530413}
{"docno": "S46817eac-A135e1957", "score": 20.11408398476022}
{"docno": "S16286dc2-A637c151b", "score": 20.113083608371248}
{"docno": "Sd0461c26-A1d80c53d", "score": 20.082104051129782}
{"docno": "S4243bec4-A263c522a", "score": 20.042885261285768}
{"docno": "Seb83b1d7-Ac9b5b431", "score": 19.998007042775484}
{"docno": "Sd4a35c5a-Ac6ba168e", "score": 19.95893109817826}
{"docno": "S9f5ade2f-Ab0b53453", "score": 19.929918177519276}
{"docno": "S980bc626-A320faa4", "score": 19.901662289963006}
{"docno": "Sd0461c26-Abcb64581", "score": 19.831963679523806}
{"docno": "S46817e30-A8d342f9d", "score": 19.78437887279163}
{"docno": "S31f5da82-A303c80c1", "score": 19.772831868218237}
{"docno": "S8e58c781-Aacefdde3", "score": 19.762383944219756}
{"docno": "S59e1a9d3-A5c09486d", "score": 19.723999039498256}
{"docno": "Sd100a5bc-A6ebda03a", "score": 19.71643114807414}
{"docno": "Sbdce9337-A588234a3", "score": 19.71194496115952}
{"docno": "S2b8563c2-A5240e088", "score": 19.710527389696125}
{"docno": "S552adbae-Aba04a47", "score": 19.69292252730888}
{"docno": "S68a8a49-A5346bddd", "score": 19.689145365068033}
{"docno": "Sbb249d0b-A893f9e77", "score": 19.684736423636433}
{"type": "toggleArgument", "timestamp": "2025-06-26T10:47:21.447Z", "sessionID": "8c707e74-179c-4d33-abc5-039d1dc4a185", "rank": "2", "doc": "S9f5ade2f-A89216550", "action": "expand", "doclen": 1040, "score": 27.63429158198178}
{"type": "StanceClicked", "timestamp": "2025-06-26T10:48:08.960Z", "sessionID": "8c707e74-179c-4d33-abc5-039d1dc4a185", "rank": "2", "stance": "con", "action": "chooseStance", "doc": "S9f5ade2f-A89216550", "doclen": 1040, "score": 27.63429158198178}
{"type": "toggleArgument", "timestamp": "2025-06-26T10:48:12.327Z", "sessionID": "8c707e74-179c-4d33-abc5-039d1dc4a185", "rank": "1", "doc": "S3cdc63cb-A549d684", "action": "expand", "doclen": 298, "score": 27.657191881750215}
{"type": "toggleArgument", "timestamp": "2025-06-26T10:48:23.223Z", "sessionID": "8c707e74-179c-4d33-abc5-039d1dc4a185", "rank": "3", "doc": "Sf44bcd7f-A5317de4e", "action": "expand", "doclen": 949, "score": 26.607770047785763}
{"type": "toggleArgument", "timestamp": "2025-06-26T10:48:42.071Z", "sessionID": "8c707e74-179c-4d33-abc5-039d1dc4a185", "rank": "4", "doc": "S4d289846-A608434b", "action": "expand", "doclen": 2272, "score": 26.552086714310626}
{"type": "toggleArgument", "timestamp": "2025-06-26T10:49:06.374Z", "sessionID": "8c707e74-179c-4d33-abc5-039d1dc4a185", "rank": "5", "doc": "S40f91664-A745b3f20", "action": "expand", "doclen": 185, "score": 26.36608871096975}
{"type": "toggleArgument", "timestamp": "2025-06-26T10:49:38.542Z", "sessionID": "8c707e74-179c-4d33-abc5-039d1dc4a185", "rank": "6", "doc": "Sc8662773-A94e2fd17", "action": "expand", "doclen": 165, "score": 25.97476357851047}
{"type": "toggleArgument", "timestamp": "2025-06-26T10:49:42.366Z", "sessionID": "8c707e74-179c-4d33-abc5-039d1dc4a185", "rank": "7", "doc": "S9e36ecf4-Abff4b0d8", "action": "expand", "doclen": 1789, "score": 25.79808338114378}
{"type": "toggleArgument", "timestamp": "2025-06-26T10:50:08.751Z", "sessionID": "8c707e74-179c-4d33-abc5-039d1dc4a185", "rank": "8", "doc": "Scd8abfbd-A72b5d293", "action": "expand", "doclen": 1900, "score": 25.743243183953286}
{"type": "toggleArgument", "timestamp": "2025-06-26T10:50:48.687Z", "sessionID": "8c707e74-179c-4d33-abc5-039d1dc4a185", "rank": "9", "doc": "Scd8abfdc-Ad2c1d2a3", "action": "expand", "doclen": 1906, "score": 25.743243183953286}
{"type": "toggleArgument", "timestamp": "2025-06-26T10:50:55.510Z", "sessionID": "8c707e74-179c-4d33-abc5-039d1dc4a185", "rank": "10", "doc": "Sc8662773-Ade81a9da", "action": "expand", "doclen": 498, "score": 25.576875146993146}
{"type": "pageNavigationClicked", "timestamp": "2025-06-26T10:50:58.847Z", "sessionID": "8c707e74-179c-4d33-abc5-039d1dc4a185", "clicked": "2", "fromPage": 1, "toPage": 2}
{"type": "toggleArgument", "timestamp": "2025-06-26T10:51:01.679Z", "sessionID": "8c707e74-179c-4d33-abc5-039d1dc4a185", "rank": "11", "doc": "Sedbdc40b-Ad17d561d", "action": "expand", "doclen": 1246, "score": 25.205206798260082}
{"type": "toggleArgument", "timestamp": "2025-06-26T10:51:12.768Z", "sessionID": "8c707e74-179c-4d33-abc5-039d1dc4a185", "rank": "12", "doc": "S341863b5-A536df7d2", "action": "expand", "doclen": 559, "score": 25.179172151022364}
{"type": "toggleArgument", "timestamp": "2025-06-26T10:51:18.199Z", "sessionID": "8c707e74-179c-4d33-abc5-039d1dc4a185", "rank": "13", "doc": "S68a8a49-A15e76f1b", "action": "expand", "doclen": 986, "score": 25.094987661442737}
{"type": "toggleArgument", "timestamp": "2025-06-26T10:51:38.175Z", "sessionID": "8c707e74-179c-4d33-abc5-039d1dc4a185", "rank": "14", "doc": "S9da75b55-A4e146755", "action": "expand", "doclen": 233, "score": 25.02717748926144}
{"type": "toggleArgument", "timestamp": "2025-06-26T10:51:43.823Z", "sessionID": "8c707e74-179c-4d33-abc5-039d1dc4a185", "rank": "15", "doc": "S2d0f2532-A94f5ae53", "action": "expand", "doclen": 1016, "score": 24.75075905339187}
{"type": "StanceClicked", "timestamp": "2025-06-26T10:52:41.271Z", "sessionID": "8c707e74-179c-4d33-abc5-039d1dc4a185", "rank": "15", "stance": "pro", "action": "chooseStance", "doc": "S2d0f2532-A94f5ae53", "doclen": 1016, "score": 24.75075905339187}
{"type": "toggleArgument", "timestamp": "2025-06-26T10:52:44.686Z", "sessionID": "8c707e74-179c-4d33-abc5-039d1dc4a185", "rank": "16", "doc": "S188b21d7-A7fc826be", "action": "expand", "doclen": 2100, "score": 24.74645006484605}
{"type": "toggleArgument", "timestamp": "2025-06-26T10:53:31.431Z", "sessionID": "8c707e74-179c-4d33-abc5-039d1dc4a185", "rank": "17", "doc": "S9f5ade2f-A1671de9e", "action": "expand", "doclen": 770, "score": 24.741097455916687}
{"type": "toggleArgument", "timestamp": "2025-06-26T10:53:45.071Z", "sessionID": "8c707e74-179c-4d33-abc5-039d1dc4a185", "rank": "18", "doc": "S8b340e19-A4a9a0878", "action": "expand", "doclen": 1760, "score": 24.738165468653}
{"type": "toggleArgument", "timestamp": "2025-06-26T10:54:06.726Z", "sessionID": "8c707e74-179c-4d33-abc5-039d1dc4a185", "rank": "19", "doc": "Sedbdc40b-A852b1c0e", "action": "expand", "doclen": 1939, "score": 24.634537467820962}
{"type": "StanceClicked", "timestamp": "2025-06-26T10:55:31.038Z", "sessionID": "8c707e74-179c-4d33-abc5-039d1dc4a185", "rank": "19", "stance": "con", "action": "chooseStance", "doc": "Sedbdc40b-A852b1c0e", "doclen": 1939, "score": 24.634537467820962}
{"type": "toggleArgument", "timestamp": "2025-06-26T10:55:34.326Z", "sessionID": "8c707e74-179c-4d33-abc5-039d1dc4a185", "rank": "20", "doc": "Sc8662773-Ae6eb8ca", "action": "expand", "doclen": 401, "score": 24.517628081296188}
{"type": "pageNavigationClicked", "timestamp": "2025-06-26T10:55:43.935Z", "sessionID": "8c707e74-179c-4d33-abc5-039d1dc4a185", "clicked": "3", "fromPage": 2, "toPage": 3}
{"type": "toggleArgument", "timestamp": "2025-06-26T10:55:47.623Z", "sessionID": "8c707e74-179c-4d33-abc5-039d1dc4a185", "rank": "21", "doc": "S8e58c781-A63bec42f", "action": "expand", "doclen": 605, "score": 24.232787602879096}
{"type": "toggleArgument", "timestamp": "2025-06-26T10:55:59.671Z", "sessionID": "8c707e74-179c-4d33-abc5-039d1dc4a185", "rank": "22", "doc": "S7b43bc48-A1794db48", "action": "expand", "doclen": 1452, "score": 24.159043653676033}
{"type": "toggleArgument", "timestamp": "2025-06-26T10:56:33.695Z", "sessionID": "8c707e74-179c-4d33-abc5-039d1dc4a185", "rank": "23", "doc": "Scd8abfbd-A35194a66", "action": "expand", "doclen": 2028, "score": 24.086799531554433}
{"type": "ClickedEndTask", "timestamp": "2025-06-26T10:57:05.984Z", "sessionID": "8c707e74-179c-4d33-abc5-039d1dc4a185"}
{"type": "TaskEndConfirmed", "timestamp": "2025-06-26T10:57:09.008Z", "sessionID": "8c707e74-179c-4d33-abc5-039d1dc4a185"}
{"type": "TaskEnded", "timestamp": "2025-06-26T10:57:18.944Z", "sessionID": "8c707e74-179c-4d33-abc5-039d1dc4a185", "reason": "time up", "translated_reason": "time up"}
