{"type": "idSubmitted", "timestamp": "2025-06-26T12:40:42.572Z", "sessionID": "10c52032-5a33-4260-8d06-9d7a42332196", "uid": "Participant51"}
{"type": "TaskStarted", "timestamp": "2025-06-26T12:40:55.899Z", "sessionID": "10c52032-5a33-4260-8d06-9d7a42332196", "task": "1", "uid": "Participant51", "topic": "Can alternative energy effectively replace fossil fuels?"}
{"type": "queryBoxFocused", "timestamp": "2025-06-26T12:40:58.462Z", "sessionID": "10c52032-5a33-4260-8d06-9d7a42332196"}
{"type": "querySubmitted", "timestamp": "2025-06-26T12:41:06.540Z", "sessionID": "10c52032-5a33-4260-8d06-9d7a42332196", "query": "energiewende"}
{"type": "queryBoxFocused", "timestamp": "2025-06-26T12:41:07.974Z", "sessionID": "10c52032-5a33-4260-8d06-9d7a42332196"}
{"type": "querySubmitted", "timestamp": "2025-06-26T12:41:14.252Z", "sessionID": "10c52032-5a33-4260-8d06-9d7a42332196", "query": "energie"}
{"docno": "S4911d42e-A54a3d4e3", "score": 11.84870774748128}
{"docno": "S148bb110-A54da8965", "score": 11.773014420746017}
{"docno": "S85df9e89-A23b6fb6", "score": 11.742468969876018}
{"docno": "S348b400f-A11140043", "score": 11.561574720112278}
{"docno": "S691fdd7c-Ab3967e04", "score": 11.551124150377852}
{"docno": "S3e2d22e5-A600ebe64", "score": 11.550494447648912}
{"docno": "S8b68ae4-A86bc961b", "score": 11.550494447648912}
{"docno": "S4c6aab06-A2c536887", "score": 11.530750205542287}
{"docno": "S162373a9-Ae5ddca85", "score": 11.527216396086754}
{"docno": "Sd3da8e7b-Ae3e8c77c", "score": 11.50172833608063}
{"docno": "S2f07394f-Afabedaef", "score": 11.493825409079399}
{"docno": "S9f718cba-A9fcaea30", "score": 11.4725415833613}
{"docno": "S12294441-A8e3288b", "score": 11.47098879862637}
{"docno": "S5f3b3fcb-A22da888a", "score": 11.440731241629672}
{"docno": "S5a72d9c5-Aa747be0e", "score": 11.41414903273412}
{"docno": "S5a72d9a6-Af214aa0a", "score": 11.41414903273412}
{"docno": "S8b68ae4-Ac5d679e6", "score": 11.412765696647797}
{"docno": "Secc4434-A6d9f08e", "score": 11.40568030258475}
{"docno": "S53b7edd-A4bcde4d9", "score": 11.400372027814013}
{"docno": "S8230ebbf-Ad688feb6", "score": 11.394408191347193}
{"docno": "S2d219ef-A9ba11f98", "score": 11.356043549640804}
{"docno": "Sd8fd1d70-Af4ecd8ce", "score": 11.339940634791285}
{"docno": "S1baa36a6-A376a00ad", "score": 11.317936386282799}
{"docno": "S9bc8d269-A5fb06a69", "score": 11.264654664032873}
{"docno": "S2d219ef-A55cb507a", "score": 11.261252771461061}
{"docno": "S3d677ded-Adc5c2d83", "score": 11.219687838845116}
{"docno": "S148bb110-A73673e85", "score": 11.219687838845116}
{"docno": "S9d6aeb41-A5e7380a5", "score": 11.217052577742264}
{"docno": "Sf3288200-A9a9c2cab", "score": 11.203356654942889}
{"docno": "S52144a20-Aace2f3be", "score": 11.196722787280967}
{"docno": "Sb8a12e00-Aebe21dcf", "score": 11.193330459977854}
{"docno": "S9bc8d269-A737f1459", "score": 11.185666118554975}
{"docno": "Sb4dd79ec-Ae45a7a59", "score": 11.171117393518577}
{"docno": "S37ac7e85-A746b2f1b", "score": 11.16300306876402}
{"docno": "Scf63c6bb-A2a52cce8", "score": 11.157912578065446}
{"docno": "S53275be8-A2a8a5c2e", "score": 11.152047947938948}
{"docno": "S148e7c0b-Abdc63628", "score": 11.132050759807395}
{"docno": "Se1435c7e-Aefaefef", "score": 11.130822663333584}
{"docno": "S35052009-A60772d51", "score": 11.129419456263454}
{"docno": "S31698916-Af7f3f2c3", "score": 11.123645675138526}
{"docno": "S35052009-Af63f9e47", "score": 11.10281662446395}
{"docno": "S9bc8d269-Aa8a70726", "score": 11.10281662446395}
{"docno": "S148bb110-A98470679", "score": 11.10281662446395}
{"docno": "S7785529c-A2938e0a8", "score": 11.092815617899836}
{"docno": "S148bb110-A129d2fa5", "score": 11.092815617899836}
{"docno": "S31698916-Afd820d74", "score": 11.090433536325762}
{"docno": "S7ae7b591-A932862f3", "score": 11.084389346657234}
{"docno": "S6d052e9c-Ae44ca1e9", "score": 11.05876006859834}
{"docno": "S7785529c-Ade042c9d", "score": 11.056451764882404}
{"docno": "S9bc8d269-A6a15d93b", "score": 11.056451764882404}
{"docno": "S9bc8d269-A77ea3a63", "score": 11.056451764882404}
{"docno": "S9bc8d269-A280bbf8d", "score": 11.056451764882404}
{"docno": "S148bb110-A225b4be9", "score": 11.048262107015773}
{"docno": "S5f3b3fcb-A39b01d8f", "score": 11.048262107015773}
{"docno": "Sec900d67-Aa8f32182", "score": 11.043354133247627}
{"docno": "Sd7f29ce6-A24970596", "score": 11.033551255725705}
{"docno": "Scf63c6bb-A31cbe737", "score": 11.023120561131556}
{"docno": "S4c6aab06-Aaa46022a", "score": 11.021701375685662}
{"docno": "S7785529c-A8cdf8e78", "score": 11.021185398848933}
{"docno": "S731905a6-A82f057ae", "score": 11.0146643727875}
{"docno": "S2d219ef-A3097ed26", "score": 10.98443463589762}
{"docno": "S2d219ef-Ae92fccaf", "score": 10.98443463589762}
{"docno": "S7785529c-A4c8d15b5", "score": 10.98443463589762}
{"docno": "S9bc8d269-A9d1fb4da", "score": 10.98443463589762}
{"docno": "Sdd09931a-Ab3184f73", "score": 10.982739281448467}
{"docno": "Sa0c49422-Ad734ffa5", "score": 10.979673644619306}
{"docno": "Sf3288200-A9b6fbe98", "score": 10.9682798115501}
{"docno": "S64475c0a-A8f0a2778", "score": 10.96742819257798}
{"docno": "S3b9e766e-Af848ea57", "score": 10.950474327663713}
{"docno": "S17ce7f71-A9764d3f2", "score": 10.940745766611565}
{"docno": "Scf368ef2-Ac82c4ca3", "score": 10.940745766611565}
{"docno": "S148bb110-A4c9a826c", "score": 10.935932831291346}
{"docno": "S2aa5711e-Aca6d975b", "score": 10.932726559560138}
{"docno": "S514c62bf-A41f6239c", "score": 10.916000239583463}
{"docno": "S1675cf65-Ac7718944", "score": 10.914698862912397}
{"docno": "S12294441-Ab82e447b", "score": 10.913349614809558}
{"docno": "S9bc8d269-A29f18d65", "score": 10.913349614809558}
{"docno": "S1058a8c0-A83406821", "score": 10.885082423366182}
{"docno": "S83ae40a2-A2c22cb73", "score": 10.878151007897719}
{"docno": "S148bb110-A7849a9a9", "score": 10.878151007897719}
{"docno": "Sf307b5ea-A2b1296f", "score": 10.872477345331186}
{"docno": "S148bb110-Aa5793a54", "score": 10.872477345331186}
{"docno": "Scfc28390-A8da5a9c1", "score": 10.870047587000043}
{"docno": "S4bb40bff-Af5231436", "score": 10.863142439933611}
{"docno": "Sffe8de8d-A879bdfcc", "score": 10.862724738216814}
{"docno": "S3e2d22e5-Af02fa479", "score": 10.862307068621115}
{"docno": "S966f9efe-A42c87ed4", "score": 10.86147182577818}
{"docno": "Sea61b0fc-Ace28b8a0", "score": 10.843178721755253}
{"docno": "S9bc8d269-Ad91c91e8", "score": 10.843178721755253}
{"docno": "S9bc8d269-A63f9d4fa", "score": 10.843178721755253}
{"docno": "S148bb110-A55d41966", "score": 10.843178721755253}
{"docno": "S148bb110-A52aab885", "score": 10.830581221471016}
{"docno": "S2e721803-A726f329b", "score": 10.809257685323866}
{"docno": "Se452ca97-A82203044", "score": 10.808430580573873}
{"docno": "Sffe8de8d-A9f0f1128", "score": 10.808430580573873}
{"docno": "S83ae40a2-A232a2e19", "score": 10.808430580573873}
{"docno": "S5f3b3fcb-A3e98c2b9", "score": 10.806776750747092}
{"docno": "S75d57fb8-Ad89b4e90", "score": 10.780703597749541}
{"docno": "Sa80bfaf1-A4922cb9b", "score": 10.77390443634665}
{"docno": "S9bc8d269-A3c13485a", "score": 10.77390443634665}
{"type": "toggleArgument", "timestamp": "2025-06-26T12:41:18.507Z", "sessionID": "10c52032-5a33-4260-8d06-9d7a42332196", "rank": "1", "doc": "S4911d42e-A54a3d4e3", "action": "expand", "doclen": 534, "score": 34.94577462221479}
{"type": "StanceClicked", "timestamp": "2025-06-26T12:41:35.051Z", "sessionID": "10c52032-5a33-4260-8d06-9d7a42332196", "rank": "1", "stance": "con", "action": "chooseStance", "doc": "S4911d42e-A54a3d4e3", "doclen": 534, "score": 34.94577462221479}
{"type": "pageNavigationClicked", "timestamp": "2025-06-26T12:41:55.875Z", "sessionID": "10c52032-5a33-4260-8d06-9d7a42332196", "clicked": "2", "fromPage": 1, "toPage": 2}
{"type": "queryBoxFocused", "timestamp": "2025-06-26T12:42:10.512Z", "sessionID": "10c52032-5a33-4260-8d06-9d7a42332196"}
{"type": "querySubmitted", "timestamp": "2025-06-26T12:42:18.452Z", "sessionID": "10c52032-5a33-4260-8d06-9d7a42332196", "query": "erneuerbare energie"}
{"docno": "S4911d42e-A54a3d4e3", "score": 11.84870774748128}
{"docno": "S148bb110-A54da8965", "score": 11.773014420746017}
{"docno": "S85df9e89-A23b6fb6", "score": 11.742468969876018}
{"docno": "S348b400f-A11140043", "score": 11.561574720112278}
{"docno": "S691fdd7c-Ab3967e04", "score": 11.551124150377852}
{"docno": "S3e2d22e5-A600ebe64", "score": 11.550494447648912}
{"docno": "S8b68ae4-A86bc961b", "score": 11.550494447648912}
{"docno": "S4c6aab06-A2c536887", "score": 11.530750205542287}
{"docno": "S162373a9-Ae5ddca85", "score": 11.527216396086754}
{"docno": "Sd3da8e7b-Ae3e8c77c", "score": 11.50172833608063}
{"docno": "S2f07394f-Afabedaef", "score": 11.493825409079399}
{"docno": "S9f718cba-A9fcaea30", "score": 11.4725415833613}
{"docno": "S12294441-A8e3288b", "score": 11.47098879862637}
{"docno": "S5f3b3fcb-A22da888a", "score": 11.440731241629672}
{"docno": "S5a72d9c5-Aa747be0e", "score": 11.41414903273412}
{"docno": "S5a72d9a6-Af214aa0a", "score": 11.41414903273412}
{"docno": "S8b68ae4-Ac5d679e6", "score": 11.412765696647797}
{"docno": "Secc4434-A6d9f08e", "score": 11.40568030258475}
{"docno": "S53b7edd-A4bcde4d9", "score": 11.400372027814013}
{"docno": "S8230ebbf-Ad688feb6", "score": 11.394408191347193}
{"docno": "S2d219ef-A9ba11f98", "score": 11.356043549640804}
{"docno": "Sd8fd1d70-Af4ecd8ce", "score": 11.339940634791285}
{"docno": "S1baa36a6-A376a00ad", "score": 11.317936386282799}
{"docno": "S9bc8d269-A5fb06a69", "score": 11.264654664032873}
{"docno": "S2d219ef-A55cb507a", "score": 11.261252771461061}
{"docno": "S3d677ded-Adc5c2d83", "score": 11.219687838845116}
{"docno": "S148bb110-A73673e85", "score": 11.219687838845116}
{"docno": "S9d6aeb41-A5e7380a5", "score": 11.217052577742264}
{"docno": "Sf3288200-A9a9c2cab", "score": 11.203356654942889}
{"docno": "S52144a20-Aace2f3be", "score": 11.196722787280967}
{"docno": "Sb8a12e00-Aebe21dcf", "score": 11.193330459977854}
{"docno": "S9bc8d269-A737f1459", "score": 11.185666118554975}
{"docno": "Sb4dd79ec-Ae45a7a59", "score": 11.171117393518577}
{"docno": "S37ac7e85-A746b2f1b", "score": 11.16300306876402}
{"docno": "Scf63c6bb-A2a52cce8", "score": 11.157912578065446}
{"docno": "S53275be8-A2a8a5c2e", "score": 11.152047947938948}
{"docno": "S148e7c0b-Abdc63628", "score": 11.132050759807395}
{"docno": "Se1435c7e-Aefaefef", "score": 11.130822663333584}
{"docno": "S35052009-A60772d51", "score": 11.129419456263454}
{"docno": "S31698916-Af7f3f2c3", "score": 11.123645675138526}
{"docno": "S35052009-Af63f9e47", "score": 11.10281662446395}
{"docno": "S9bc8d269-Aa8a70726", "score": 11.10281662446395}
{"docno": "S148bb110-A98470679", "score": 11.10281662446395}
{"docno": "S7785529c-A2938e0a8", "score": 11.092815617899836}
{"docno": "S148bb110-A129d2fa5", "score": 11.092815617899836}
{"docno": "S31698916-Afd820d74", "score": 11.090433536325762}
{"docno": "S7ae7b591-A932862f3", "score": 11.084389346657234}
{"docno": "S6d052e9c-Ae44ca1e9", "score": 11.05876006859834}
{"docno": "S7785529c-Ade042c9d", "score": 11.056451764882404}
{"docno": "S9bc8d269-A6a15d93b", "score": 11.056451764882404}
{"docno": "S9bc8d269-A77ea3a63", "score": 11.056451764882404}
{"docno": "S9bc8d269-A280bbf8d", "score": 11.056451764882404}
{"docno": "S148bb110-A225b4be9", "score": 11.048262107015773}
{"docno": "S5f3b3fcb-A39b01d8f", "score": 11.048262107015773}
{"docno": "Sec900d67-Aa8f32182", "score": 11.043354133247627}
{"docno": "Sd7f29ce6-A24970596", "score": 11.033551255725705}
{"docno": "Scf63c6bb-A31cbe737", "score": 11.023120561131556}
{"docno": "S4c6aab06-Aaa46022a", "score": 11.021701375685662}
{"docno": "S7785529c-A8cdf8e78", "score": 11.021185398848933}
{"docno": "S731905a6-A82f057ae", "score": 11.0146643727875}
{"docno": "S2d219ef-A3097ed26", "score": 10.98443463589762}
{"docno": "S2d219ef-Ae92fccaf", "score": 10.98443463589762}
{"docno": "S7785529c-A4c8d15b5", "score": 10.98443463589762}
{"docno": "S9bc8d269-A9d1fb4da", "score": 10.98443463589762}
{"docno": "Sdd09931a-Ab3184f73", "score": 10.982739281448467}
{"docno": "Sa0c49422-Ad734ffa5", "score": 10.979673644619306}
{"docno": "Sf3288200-A9b6fbe98", "score": 10.9682798115501}
{"docno": "S64475c0a-A8f0a2778", "score": 10.96742819257798}
{"docno": "S3b9e766e-Af848ea57", "score": 10.950474327663713}
{"docno": "S17ce7f71-A9764d3f2", "score": 10.940745766611565}
{"docno": "Scf368ef2-Ac82c4ca3", "score": 10.940745766611565}
{"docno": "S148bb110-A4c9a826c", "score": 10.935932831291346}
{"docno": "S2aa5711e-Aca6d975b", "score": 10.932726559560138}
{"docno": "S514c62bf-A41f6239c", "score": 10.916000239583463}
{"docno": "S1675cf65-Ac7718944", "score": 10.914698862912397}
{"docno": "S12294441-Ab82e447b", "score": 10.913349614809558}
{"docno": "S9bc8d269-A29f18d65", "score": 10.913349614809558}
{"docno": "S1058a8c0-A83406821", "score": 10.885082423366182}
{"docno": "S83ae40a2-A2c22cb73", "score": 10.878151007897719}
{"docno": "S148bb110-A7849a9a9", "score": 10.878151007897719}
{"docno": "Sf307b5ea-A2b1296f", "score": 10.872477345331186}
{"docno": "S148bb110-Aa5793a54", "score": 10.872477345331186}
{"docno": "Scfc28390-A8da5a9c1", "score": 10.870047587000043}
{"docno": "S4bb40bff-Af5231436", "score": 10.863142439933611}
{"docno": "Sffe8de8d-A879bdfcc", "score": 10.862724738216814}
{"docno": "S3e2d22e5-Af02fa479", "score": 10.862307068621115}
{"docno": "S966f9efe-A42c87ed4", "score": 10.86147182577818}
{"docno": "Sea61b0fc-Ace28b8a0", "score": 10.843178721755253}
{"docno": "S9bc8d269-Ad91c91e8", "score": 10.843178721755253}
{"docno": "S9bc8d269-A63f9d4fa", "score": 10.843178721755253}
{"docno": "S148bb110-A55d41966", "score": 10.843178721755253}
{"docno": "S148bb110-A52aab885", "score": 10.830581221471016}
{"docno": "S2e721803-A726f329b", "score": 10.809257685323866}
{"docno": "Se452ca97-A82203044", "score": 10.808430580573873}
{"docno": "Sffe8de8d-A9f0f1128", "score": 10.808430580573873}
{"docno": "S83ae40a2-A232a2e19", "score": 10.808430580573873}
{"docno": "S5f3b3fcb-A3e98c2b9", "score": 10.806776750747092}
{"docno": "S75d57fb8-Ad89b4e90", "score": 10.780703597749541}
{"docno": "Sa80bfaf1-A4922cb9b", "score": 10.77390443634665}
{"docno": "S9bc8d269-A3c13485a", "score": 10.77390443634665}
{"type": "StanceClicked", "timestamp": "2025-06-26T12:42:24.004Z", "sessionID": "10c52032-5a33-4260-8d06-9d7a42332196", "rank": "2", "stance": "pro", "action": "chooseStance", "doc": "S148bb110-A54da8965", "doclen": 622, "score": 32.128174742145845}
{"type": "toggleArgument", "timestamp": "2025-06-26T12:42:29.587Z", "sessionID": "10c52032-5a33-4260-8d06-9d7a42332196", "rank": "3", "doc": "S85df9e89-A23b6fb6", "action": "expand", "doclen": 912, "score": 11.742468969876018}
{"type": "toggleArgument", "timestamp": "2025-06-26T12:42:36.939Z", "sessionID": "10c52032-5a33-4260-8d06-9d7a42332196", "rank": "4", "doc": "S348b400f-A11140043", "action": "expand", "doclen": 1658, "score": 11.561574720112278}
{"type": "StanceClicked", "timestamp": "2025-06-26T12:43:02.803Z", "sessionID": "10c52032-5a33-4260-8d06-9d7a42332196", "rank": "4", "stance": "pro", "action": "chooseStance", "doc": "S348b400f-A11140043", "doclen": 1658, "score": 11.561574720112278}
{"type": "toggleArgument", "timestamp": "2025-06-26T12:43:04.123Z", "sessionID": "10c52032-5a33-4260-8d06-9d7a42332196", "rank": "5", "doc": "S691fdd7c-Ab3967e04", "action": "expand", "doclen": 772, "score": 11.551124150377852}
{"type": "StanceClicked", "timestamp": "2025-06-26T12:43:16.123Z", "sessionID": "10c52032-5a33-4260-8d06-9d7a42332196", "rank": "5", "stance": "pro", "action": "chooseStance", "doc": "S691fdd7c-Ab3967e04", "doclen": 772, "score": 11.551124150377852}
{"type": "queryBoxFocused", "timestamp": "2025-06-26T12:43:18.525Z", "sessionID": "10c52032-5a33-4260-8d06-9d7a42332196"}
{"type": "querySubmitted", "timestamp": "2025-06-26T12:43:27.292Z", "sessionID": "10c52032-5a33-4260-8d06-9d7a42332196", "query": "fossile energie"}
{"docno": "S8b68ae4-Ad09a0795", "score": 24.23184681861535}
{"docno": "S1baa36a6-Aa4b2f901", "score": 23.948549749574465}
{"docno": "S4911d42e-A54a3d4e3", "score": 23.78500893446116}
{"docno": "S4911d42e-A73664204", "score": 23.761245032650365}
{"docno": "Sa0c49422-Ad734ffa5", "score": 23.39509745833449}
{"docno": "S4c6aab06-Ab78242a9", "score": 23.224925949425884}
{"docno": "S148bb110-Ae875f471", "score": 23.1762492569772}
{"docno": "S9bc8d269-Aa2f5b865", "score": 23.002690400548964}
{"docno": "S4c6aab06-Aaa46022a", "score": 22.766305238937548}
{"docno": "Sdfa2550c-A2cc92922", "score": 22.153602630764503}
{"docno": "S33af2d02-A4b1f9da2", "score": 22.153602630764503}
{"docno": "S31698916-A9824005f", "score": 22.068604392398008}
{"docno": "S5f3b3fcb-A22da888a", "score": 22.057745120344364}
{"docno": "Sff095b00-Ac57f7384", "score": 22.013019777814424}
{"docno": "S83ae40a2-Ad3cfd561", "score": 21.874320794944662}
{"docno": "S4c6aab06-A82a12ec6", "score": 21.70802872750133}
{"docno": "S4c6aab06-Af7945601", "score": 21.60882634865979}
{"docno": "Se91be287-Ad7caa1c3", "score": 21.599060896567977}
{"docno": "S4bb40bff-Af5231436", "score": 21.577375373461766}
{"docno": "S8fdcc598-Acdae4e26", "score": 21.490435230935685}
{"docno": "Sbb33e2d6-A4507e919", "score": 21.385849416764756}
{"docno": "S31698916-A7c39d7ed", "score": 21.222690188898326}
{"docno": "S4bb40bff-Ae5335e37", "score": 21.197970000635003}
{"docno": "S53b7edd-Abfcc4f21", "score": 21.072554155854284}
{"docno": "S2e721803-A663a41f", "score": 20.952996833093472}
{"docno": "S9bc8d269-Ac2420b41", "score": 20.860110282168083}
{"docno": "S3d677ded-Adc5c2d83", "score": 20.774058601931927}
{"docno": "S148bb110-A73673e85", "score": 20.774058601931927}
{"docno": "S1baa36a6-Ac0bf4bed", "score": 20.704644097312567}
{"docno": "Sdee205c0-A22706607", "score": 20.68935213732194}
{"docno": "S7983ff18-A9ce614c1", "score": 20.682869341767628}
{"docno": "S74a77292-Ae85a9c8e", "score": 20.67407603128223}
{"docno": "S9d6aeb41-A5e7380a5", "score": 20.562132428327992}
{"docno": "S9bc8d269-Aba221d1e", "score": 20.44956976612029}
{"docno": "S148bb110-A10521943", "score": 20.44956976612029}
{"docno": "S4c6aab06-Aaa5ecb0b", "score": 20.41975978422246}
{"docno": "S8b68ae4-A25e6503e", "score": 20.326083285847993}
{"docno": "S148bb110-A54da8965", "score": 20.272454509230407}
{"docno": "Sff095b00-A10418c78", "score": 20.25112464326952}
{"docno": "S29e8ec75-Abe481205", "score": 20.197036315727054}
{"docno": "S8706d0e3-Aae31b6bf", "score": 20.17892822025139}
{"docno": "Se91be287-Aa86dc068", "score": 20.068615280309288}
{"docno": "Sdee205c0-A7e51810", "score": 20.036300829227432}
{"docno": "S6e782a7f-Af9399e46", "score": 19.995512170634214}
{"docno": "Scf368ef2-A3a6d9bb4", "score": 19.986555688811237}
{"docno": "S7983ff18-Aa229a4fb", "score": 19.88650507599793}
{"docno": "S7983ff18-Abc9e38fe", "score": 19.81760613696084}
{"docno": "Se31bfa66-A11d1f42e", "score": 19.734792972505364}
{"docno": "S7a83d88a-Add079b08", "score": 19.72040640395059}
{"docno": "S4c6aab06-A83429d8c", "score": 19.654232314862725}
{"docno": "Sbb33e2d6-A77bfb204", "score": 19.60651732352755}
{"docno": "S8fdcc598-A43e16fea", "score": 19.572652408299703}
{"docno": "Se9b4aa83-A22c16120", "score": 19.518546466043254}
{"docno": "S5f3b3fcb-A67ed79a7", "score": 19.40959085956393}
{"docno": "S8b68ae4-A3b4029ee", "score": 19.326788708712353}
{"docno": "S8b68ae4-A91b52207", "score": 19.23014996115598}
{"docno": "S37ac7e85-A746b2f1b", "score": 19.151772613741493}
{"docno": "S83ae40a2-Aafcd3727", "score": 19.125804489816783}
{"docno": "Sdb5f720b-Ad53d5a64", "score": 19.022640617574723}
{"docno": "S4c6aab06-A3a6c8537", "score": 18.958068855026916}
{"docno": "Sb4dd79cd-A7edad33b", "score": 18.871003303506455}
{"docno": "S148bb110-A6bce813e", "score": 18.871003303506455}
{"docno": "S43533c49-A857ab9a1", "score": 18.807557095246434}
{"docno": "S8bd07da7-Aa91fdc94", "score": 18.723513638814886}
{"docno": "S412c152b-Ac7d13674", "score": 18.591043625920463}
{"docno": "Sea61b0fc-Ac2a79108", "score": 18.466857172688897}
{"docno": "S6e782a7f-A1f7e6056", "score": 18.427340951000758}
{"docno": "Sc66981d5-A783c22ba", "score": 18.42403198205541}
{"docno": "S41527387-A8709e9ea", "score": 18.330740985252298}
{"docno": "S7983ff18-A340fdf5b", "score": 18.323853359866952}
{"docno": "S40e61a27-A2185ab8", "score": 18.25321353387009}
{"docno": "S43533c49-Ae2964e60", "score": 18.19159430583545}
{"docno": "S7d4c004e-A4dcd33a6", "score": 18.160638856468104}
{"docno": "S7ae7b591-A671ee205", "score": 18.142674449970972}
{"docno": "Sfc763f79-A9c1d06ac", "score": 17.954175678182608}
{"docno": "Se31bfa66-A29dccb3f", "score": 17.954175678182608}
{"docno": "Sffe8de8d-Ab950cf25", "score": 17.830422518952368}
{"docno": "S40e61a27-A43ccf8d0", "score": 17.653710258881794}
{"docno": "Sb4dd79cd-A414ad7e1", "score": 17.587964583742068}
{"docno": "Sdee205c0-Ae44e39f6", "score": 17.587964583742068}
{"docno": "S2e721803-Af8b0835f", "score": 17.587964583742068}
{"docno": "S3af9364a-A34579f2e", "score": 17.555777533697356}
{"docno": "Sa0c49422-A265545a7", "score": 17.517162309312226}
{"docno": "Sbb33e2b7-Af35d3bc5", "score": 17.50448564327316}
{"docno": "S16850e2-Ab07698e5", "score": 17.469191623473783}
{"docno": "S72b717aa-A4e5bfef", "score": 17.469191623473783}
{"docno": "S77d1660c-Ad3ed81ba", "score": 17.34887695120916}
{"docno": "Sf59a1cd-Aa94eddbd", "score": 17.29833840240892}
{"docno": "Sefd746e-A873fbd94", "score": 17.27180368750857}
{"docno": "S53275be8-A2a8a5c2e", "score": 17.269602517402692}
{"docno": "Sd7bf3b30-Aeba3469a", "score": 17.239364609136977}
{"docno": "Se3cfdbbf-A777216b2", "score": 17.12230662134261}
{"docno": "S7ae7b591-A231191a4", "score": 17.09629964718701}
{"docno": "S7ae7b591-A29f371e9", "score": 17.033422764189787}
{"docno": "S40e61a27-A27f7adc9", "score": 16.972146218891595}
{"docno": "S2f07394f-Afabedaef", "score": 16.889226543092917}
{"docno": "S53275be8-Ad0cefd47", "score": 16.86384489064623}
{"docno": "S412c152b-Ae67a33a", "score": 16.8537271580743}
{"docno": "Sf8fc8c9e-A2a62c1f9", "score": 16.78892955445803}
{"docno": "Sd6155d38-A57009a92", "score": 16.78892955445803}
{"type": "toggleArgument", "timestamp": "2025-06-26T12:43:31.476Z", "sessionID": "10c52032-5a33-4260-8d06-9d7a42332196", "rank": "1", "doc": "S8b68ae4-Ad09a0795", "action": "expand", "doclen": 270, "score": 37.46413562406864}
{"type": "toggleArgument", "timestamp": "2025-06-26T12:43:57.772Z", "sessionID": "10c52032-5a33-4260-8d06-9d7a42332196", "rank": "2", "doc": "S1baa36a6-Aa4b2f901", "action": "expand", "doclen": 517, "score": 47.56652040163249}
{"type": "toggleArgument", "timestamp": "2025-06-26T12:44:14.155Z", "sessionID": "10c52032-5a33-4260-8d06-9d7a42332196", "rank": "4", "doc": "S4911d42e-A73664204", "action": "expand", "doclen": 705, "score": 36.08061407375615}
{"type": "toggleArgument", "timestamp": "2025-06-26T12:44:21.436Z", "sessionID": "10c52032-5a33-4260-8d06-9d7a42332196", "rank": "6", "doc": "S4c6aab06-Ab78242a9", "action": "expand", "doclen": 1129, "score": 35.11632216601869}
{"type": "StanceClicked", "timestamp": "2025-06-26T12:44:42.701Z", "sessionID": "10c52032-5a33-4260-8d06-9d7a42332196", "rank": "6", "stance": "pro", "action": "chooseStance", "doc": "S4c6aab06-Ab78242a9", "doclen": 1129, "score": 35.11632216601869}
{"type": "toggleArgument", "timestamp": "2025-06-26T12:44:47.284Z", "sessionID": "10c52032-5a33-4260-8d06-9d7a42332196", "rank": "8", "doc": "S9bc8d269-Aa2f5b865", "action": "expand", "doclen": 365, "score": 34.687960475406214}
{"type": "StanceClicked", "timestamp": "2025-06-26T12:45:03.573Z", "sessionID": "10c52032-5a33-4260-8d06-9d7a42332196", "rank": "8", "stance": "pro", "action": "chooseStance", "doc": "S9bc8d269-Aa2f5b865", "doclen": 365, "score": 34.687960475406214}
{"type": "toggleArgument", "timestamp": "2025-06-26T12:45:08.484Z", "sessionID": "10c52032-5a33-4260-8d06-9d7a42332196", "rank": "10", "doc": "Sdfa2550c-A2cc92922", "action": "expand", "doclen": 130, "score": 33.00031777593967}
{"type": "toggleArgument", "timestamp": "2025-06-26T12:45:10.204Z", "sessionID": "10c52032-5a33-4260-8d06-9d7a42332196", "rank": "10", "doc": "Sdfa2550c-A2cc92922", "action": "reduce", "doclen": 130, "score": 33.00031777593967}
{"type": "toggleArgument", "timestamp": "2025-06-26T12:45:12.180Z", "sessionID": "10c52032-5a33-4260-8d06-9d7a42332196", "rank": "10", "doc": "Sdfa2550c-A2cc92922", "action": "expand", "doclen": 130, "score": 33.00031777593967}
{"type": "toggleArgument", "timestamp": "2025-06-26T12:45:13.516Z", "sessionID": "10c52032-5a33-4260-8d06-9d7a42332196", "rank": "10", "doc": "Sdfa2550c-A2cc92922", "action": "reduce", "doclen": 130, "score": 33.00031777593967}
{"type": "StanceClicked", "timestamp": "2025-06-26T12:45:21.133Z", "sessionID": "10c52032-5a33-4260-8d06-9d7a42332196", "rank": "10", "stance": "pro", "action": "chooseStance", "doc": "Sdfa2550c-A2cc92922", "doclen": 130, "score": 33.00031777593967}
{"type": "queryBoxFocused", "timestamp": "2025-06-26T12:45:26.184Z", "sessionID": "10c52032-5a33-4260-8d06-9d7a42332196"}
{"type": "querySubmitted", "timestamp": "2025-06-26T12:45:30.782Z", "sessionID": "10c52032-5a33-4260-8d06-9d7a42332196", "query": "nuclear energy"}
{"docno": "S4c6aab06-A2c536887", "score": 23.917074153971996}
{"docno": "Sb4dd79ec-Ae45a7a59", "score": 23.247911089076347}
{"docno": "S691fdd7c-Ab3967e04", "score": 23.23370725568322}
{"docno": "S2f07394f-Afabedaef", "score": 23.19963643625939}
{"docno": "S9bc8d269-A6a15d93b", "score": 23.189478675171465}
{"docno": "S8b68ae4-A86bc961b", "score": 23.0074833742041}
{"docno": "Scf368ef2-Ac82c4ca3", "score": 22.94680029728415}
{"docno": "Sb4dd79ec-Ae5dbb839", "score": 22.65036657392634}
{"docno": "Sb4dd79ec-Aecf60b63", "score": 22.644018999862467}
{"docno": "S8b68ae4-Ac5d679e6", "score": 22.62514253151931}
{"docno": "S5f3b3fcb-A39b01d8f", "score": 22.61264331932267}
{"docno": "Sae3e8fd5-A6d592fc8", "score": 22.49202028479538}
{"docno": "Sf4c49f83-A498fe8c5", "score": 22.424111519967493}
{"docno": "Sf4c49f83-Aad6d6be4", "score": 22.4142353904896}
{"docno": "Sdb2ec3b1-Ab3583fc", "score": 22.402555820275296}
{"docno": "S6d7a460b-Ad65ab981", "score": 22.35928396365314}
{"docno": "S8b68ae4-A55faccdd", "score": 22.35307681707046}
{"docno": "S8b68ae4-Adbc01d1d", "score": 22.35307681707046}
{"docno": "S8b68ae4-Afe7a860d", "score": 22.295882091679964}
{"docno": "S691fdd5d-A19052718", "score": 22.282501308904138}
{"docno": "Sb4dd79ae-A6a7cfc84", "score": 22.21623738542771}
{"docno": "Sb4dd79cd-Ae87a8038", "score": 22.21623738542771}
{"docno": "S691fdd7c-A9f2cc5a8", "score": 22.20793678538484}
{"docno": "S8b68ae4-A4c499216", "score": 22.133909419670445}
{"docno": "S5f3b3fcb-A22da888a", "score": 22.07644807396336}
{"docno": "S53275be8-A69740665", "score": 21.991609217693924}
{"docno": "S256280d-A91be2ec", "score": 21.983523596030846}
{"docno": "S148bb110-A55d41966", "score": 21.855393141111165}
{"docno": "S35052009-Af63f9e47", "score": 21.781422283999973}
{"docno": "Sdd09931a-Ab3184f73", "score": 21.77378368712226}
{"docno": "S8b68ae4-Ac98db4e", "score": 21.762656031645882}
{"docno": "S148bb110-Aa5793a54", "score": 21.661518830572867}
{"docno": "S53275be8-A2a8a5c2e", "score": 21.660443453342126}
{"docno": "S35052009-Af803e2d0", "score": 21.65797443646244}
{"docno": "Se96e0da1-A86f989f8", "score": 21.631150962734452}
{"docno": "Sf1c23394-A81c3f25a", "score": 21.598026509187893}
{"docno": "Sa80bfaf1-A879dee2", "score": 21.59044575028377}
{"docno": "S9bc8d269-Ada50c147", "score": 21.52769267982918}
{"docno": "S8b68ae4-Ab1130768", "score": 21.498105166368255}
{"docno": "S53275be8-A4eed5d28", "score": 21.478629718902916}
{"docno": "S148bb110-A367ace6c", "score": 21.427402050504426}
{"docno": "Sf59a1cd-Aa94eddbd", "score": 21.42434852685319}
{"docno": "Seaed4f92-Ab4b53acc", "score": 21.409314559856988}
{"docno": "Sefd746e-A6f670bfb", "score": 21.344780644065906}
{"docno": "S712ab9ff-A2abd9ec2", "score": 21.292525747245637}
{"docno": "Sd9969f42-A1d66cffb", "score": 21.222094547639486}
{"docno": "S89d1bea-A7a36ee09", "score": 21.185018267042953}
{"docno": "S53275be8-Ad0cefd47", "score": 21.16975234432802}
{"docno": "S8b68ae4-Ad09a0795", "score": 21.1416592475708}
{"docno": "Sf074f858-Ab49fe242", "score": 21.141118659263995}
{"docno": "S3b6ca60-A5972f555", "score": 21.108274765437113}
{"docno": "S8bd07da7-Aa91fdc94", "score": 21.1073179889553}
{"docno": "S3b9e766e-Abc5800b6", "score": 20.976665381224343}
{"docno": "S4c6aab06-Aaa46022a", "score": 20.928562889103212}
{"docno": "Sf4c49f83-A4018495a", "score": 20.802226401766013}
{"docno": "Sd067a3f3-A3bda123f", "score": 20.757018321601624}
{"docno": "S9a5af4e4-A9b508f38", "score": 20.72764118392732}
{"docno": "S35052009-A60772d51", "score": 20.68724324140449}
{"docno": "Se3984bdc-A3b6bfd1d", "score": 20.662433833550487}
{"docno": "S4c6aab06-Ab78242a9", "score": 20.61901937565608}
{"docno": "S79c03003-A53578e32", "score": 20.590975075565986}
{"docno": "S32d5516f-Ae64359b", "score": 20.59072821267011}
{"docno": "S85df9e89-A23b6fb6", "score": 20.584326882839527}
{"docno": "S8b68ae4-Ab715206b", "score": 20.49840085151959}
{"docno": "S9d6aeb41-A5e7380a5", "score": 20.469954702039857}
{"docno": "Sdd09931a-Aa2116605", "score": 20.436486756228962}
{"docno": "S8b68ae4-A925209d8", "score": 20.42970877054556}
{"docno": "Sce48c431-Abc3aaaaf", "score": 20.32452872641995}
{"docno": "S8b68ae4-Af5cb8d97", "score": 20.321740434904633}
{"docno": "Se96e0da1-Ad6eac46", "score": 20.32162488096799}
{"docno": "S32d5516f-A1294af6a", "score": 20.284297866889098}
{"docno": "Sd9969f42-A86fcafe9", "score": 20.251378518200937}
{"docno": "S5f3b3fcb-A7e2a3e68", "score": 20.234547205412817}
{"docno": "S89d1bea-Aa6959277", "score": 20.18119339426439}
{"docno": "S712ab9ff-A443312b4", "score": 20.174956207443426}
{"docno": "S4b391e77-Ab18684b2", "score": 20.164770187253563}
{"docno": "S3b9e766e-Af848ea57", "score": 20.15515553836088}
{"docno": "S8b68ae4-A50ad7566", "score": 20.13863564423002}
{"docno": "S8b68ae4-A62a292e7", "score": 20.08748281799992}
{"docno": "S412c152b-Aa6e77523", "score": 20.05582365220009}
{"docno": "S8b68ae4-A942e8b6a", "score": 20.036687153070442}
{"docno": "Scf368ef2-A3a6d9bb4", "score": 20.021147950852296}
{"docno": "S39cbe54-Acad16e25", "score": 19.99526626440045}
{"docno": "S4c6aab06-A3a6c8537", "score": 19.970308979036545}
{"docno": "S22acf825-Aac02b447", "score": 19.9045189591829}
{"docno": "S8b68ae4-Afda061cf", "score": 19.90310607337233}
{"docno": "Sf1c23394-Ada190f29", "score": 19.893130330461474}
{"docno": "Se96e0da1-Ae23d21b8", "score": 19.88512347882353}
{"docno": "S9bc8d269-A63f9d4fa", "score": 19.84320934398048}
{"docno": "S8b68ae4-A3b4029ee", "score": 19.815989388952985}
{"docno": "S7b0d1dd3-Ad1fe43f8", "score": 19.78865591748084}
{"docno": "Se452ca97-A82203044", "score": 19.7432816318514}
{"docno": "Sd24f411a-A9f5f8868", "score": 19.738159692485763}
{"docno": "S8b68ae4-A4f6019a3", "score": 19.723194598103536}
{"docno": "S256280d-A9f7c2554", "score": 19.715013727841583}
{"docno": "Sa5dc84d2-Aeabe8287", "score": 19.669084466491036}
{"docno": "S8b68ae4-A3986e3a6", "score": 19.660336927273335}
{"docno": "Scbc3ba16-A127dbd55", "score": 19.65697236017256}
{"docno": "Sa80bfaf1-A4922cb9b", "score": 19.644513209111707}
{"docno": "S9bc8d269-A3c13485a", "score": 19.644513209111707}
{"type": "toggleArgument", "timestamp": "2025-06-26T12:45:34.477Z", "sessionID": "10c52032-5a33-4260-8d06-9d7a42332196", "rank": "1", "doc": "S4c6aab06-A2c536887", "action": "expand", "doclen": 412, "score": 11.530750205542287}
{"type": "StanceClicked", "timestamp": "2025-06-26T12:45:45.317Z", "sessionID": "10c52032-5a33-4260-8d06-9d7a42332196", "rank": "1", "stance": "con", "action": "chooseStance", "doc": "S4c6aab06-A2c536887", "doclen": 412, "score": 11.530750205542287}
{"type": "toggleArgument", "timestamp": "2025-06-26T12:45:52.269Z", "sessionID": "10c52032-5a33-4260-8d06-9d7a42332196", "rank": "4", "doc": "S2f07394f-Afabedaef", "action": "expand", "doclen": 1609, "score": 11.493825409079399}
{"type": "toggleArgument", "timestamp": "2025-06-26T12:46:00.741Z", "sessionID": "10c52032-5a33-4260-8d06-9d7a42332196", "rank": "5", "doc": "S9bc8d269-A6a15d93b", "action": "expand", "doclen": 189, "score": 11.056451764882404}
{"type": "StanceClicked", "timestamp": "2025-06-26T12:46:02.597Z", "sessionID": "10c52032-5a33-4260-8d06-9d7a42332196", "rank": "5", "stance": "con", "action": "chooseStance", "doc": "S9bc8d269-A6a15d93b", "doclen": 189, "score": 11.056451764882404}
{"type": "queryBoxFocused", "timestamp": "2025-06-26T12:46:11.839Z", "sessionID": "10c52032-5a33-4260-8d06-9d7a42332196"}
{"type": "querySubmitted", "timestamp": "2025-06-26T12:46:17.629Z", "sessionID": "10c52032-5a33-4260-8d06-9d7a42332196", "query": "tidal energy"}
{"docno": "S148bb110-A98470679", "score": 31.12963748373945}
{"docno": "S148bb110-A899b9a8f", "score": 30.923031529086238}
{"docno": "S148bb110-A639cbd0a", "score": 30.72796468260809}
{"docno": "S148bb110-A129d2fa5", "score": 30.655391092750264}
{"docno": "S148bb110-Ad558fe6", "score": 30.41844430171976}
{"docno": "S148bb110-A10521943", "score": 30.345122058630302}
{"docno": "S148bb110-A54da8965", "score": 30.179404728526407}
{"docno": "S148bb110-Afae801ef", "score": 30.06419259019922}
{"docno": "S148bb110-A7849a9a9", "score": 29.9145338990827}
{"docno": "S148bb110-Aab398e10", "score": 29.591747444140864}
{"docno": "S148bb110-A225b4be9", "score": 29.267862741069813}
{"docno": "S148bb110-A73673e85", "score": 28.908028616879356}
{"docno": "S148bb110-Ae875f471", "score": 28.86940381510087}
{"docno": "S148bb110-A7f294e7d", "score": 28.8577225419925}
{"docno": "S148bb110-A550e7bed", "score": 28.730070544775863}
{"docno": "S148bb110-A82a523d", "score": 28.730070544775863}
{"docno": "S148bb110-A63b9848c", "score": 28.388258382987445}
{"docno": "S148bb110-A63ac559f", "score": 28.230559565578467}
{"docno": "S148bb110-Ae9be5723", "score": 27.8962365469473}
{"docno": "S148bb110-A89226ca7", "score": 27.86717824003179}
{"docno": "S148bb110-A4c9a826c", "score": 27.71562205792832}
{"docno": "S148bb110-Ac8954bf7", "score": 27.63007693009633}
{"docno": "S148bb110-Aa5793a54", "score": 27.455579947322192}
{"docno": "S148bb110-A3da53828", "score": 27.28189458696275}
{"docno": "S148bb110-A65356a36", "score": 27.03699647776257}
{"docno": "S148bb110-A55d41966", "score": 26.3317434230226}
{"docno": "S148bb110-Adfc2d0", "score": 26.314706071448608}
{"docno": "S83ae40a2-A232a2e19", "score": 26.184824774406362}
{"docno": "S148bb110-A6abb5af8", "score": 25.84335766231328}
{"docno": "S7785529c-Ad6e52a51", "score": 25.615138784103333}
{"docno": "S148bb110-A535b71f8", "score": 25.158245379447713}
{"docno": "S148bb110-A78a692c9", "score": 24.77438604246396}
{"docno": "S148bb110-A417845c5", "score": 24.77438604246396}
{"docno": "S148bb110-A34ea1ab8", "score": 24.586815751875125}
{"docno": "S2e721803-A726f329b", "score": 24.500084532383333}
{"docno": "S83ae40a2-Ade44f56e", "score": 24.467151968399445}
{"docno": "S148bb110-A6bce813e", "score": 23.690013951553983}
{"docno": "S148bb110-A78bf726a", "score": 23.690013951553983}
{"docno": "S148bb110-A52aab885", "score": 23.240998126683312}
{"docno": "S148bb110-Afca2760a", "score": 23.182662682331568}
{"docno": "S148bb110-A16115dd2", "score": 23.10709503424124}
{"docno": "S148bb110-A367ace6c", "score": 22.729273527729298}
{"docno": "S148bb110-Ad24d80f6", "score": 22.2304758122173}
{"docno": "S2e721803-A17ea17b3", "score": 21.494759776075135}
{"docno": "S7ae7b591-Ae4af8073", "score": 21.353421777188483}
{"docno": "S31698916-A9824005f", "score": 20.82606758648808}
{"docno": "Sc8525312-Aedb27280", "score": 20.604441058981394}
{"docno": "S348b400f-A11140043", "score": 20.01774914954443}
{"docno": "S148bb110-Adbbded8b", "score": 19.553404162497294}
{"docno": "S148bb110-Abb19fede", "score": 19.12210704103756}
{"docno": "Sadde6c2b-Ab30e9b41", "score": 19.051887924221862}
{"docno": "Scdb05471-Ae67ed340", "score": 19.041818325787737}
{"docno": "S7ae7b591-A6e9cb3fc", "score": 18.87162793048779}
{"docno": "S53275be8-Aa544b6cd", "score": 18.821300877723594}
{"docno": "Sdc1e7067-Ab11f3e26", "score": 18.297841393580992}
{"docno": "S87a1b178-A8d128c23", "score": 18.099655796902745}
{"docno": "S845a5d8a-A820c3c8b", "score": 17.614965139255858}
{"docno": "S5f3b3fcb-Ae66188d0", "score": 17.174902990834802}
{"docno": "S148bb110-Aabcc569c", "score": 17.111311784930265}
{"docno": "S148bb110-A4333704c", "score": 16.448496489989427}
{"docno": "S54058f42-Abbf1098c", "score": 16.33004137097161}
{"docno": "S3b6ca60-A51c7f9b8", "score": 16.287188409562702}
{"docno": "S766c81cc-A55e11454", "score": 15.64398833533339}
{"docno": "S148bb110-Ad394dda9", "score": 15.376394193832489}
{"docno": "Scdb05471-Ab493132", "score": 15.199936352176714}
{"docno": "S4ed63369-Ac2bbf0ad", "score": 14.79476678449657}
{"docno": "Scdb05471-Aabceede", "score": 14.248683892522951}
{"docno": "S4ed63369-A4b5894aa", "score": 13.966745056685339}
{"docno": "Sb73f7224-A1b54e1b5", "score": 13.662654014186423}
{"docno": "Sb7535c79-Aae589111", "score": 13.651017834587044}
{"docno": "Sa898077f-A66fa0c7e", "score": 13.435065532565737}
{"docno": "S845a5d8a-A40b07681", "score": 12.971254846448062}
{"docno": "S4ed63369-A18075112", "score": 12.904302476307695}
{"docno": "S23357902-Abacbc55d", "score": 12.483384786219114}
{"docno": "S34dc9cdb-Ac330910d", "score": 12.19654320150234}
{"docno": "Sbc16c41b-A94263be8", "score": 11.92258754258405}
{"docno": "S4911d42e-A54a3d4e3", "score": 11.84870774748128}
{"docno": "S85df9e89-A23b6fb6", "score": 11.742468969876018}
{"docno": "S691fdd7c-Ab3967e04", "score": 11.551124150377852}
{"docno": "S3e2d22e5-A600ebe64", "score": 11.550494447648912}
{"docno": "S8b68ae4-A86bc961b", "score": 11.550494447648912}
{"docno": "S4c6aab06-A2c536887", "score": 11.530750205542287}
{"docno": "S162373a9-Ae5ddca85", "score": 11.527216396086754}
{"docno": "Sd3da8e7b-Ae3e8c77c", "score": 11.50172833608063}
{"docno": "S2f07394f-Afabedaef", "score": 11.493825409079399}
{"docno": "S9f718cba-A9fcaea30", "score": 11.4725415833613}
{"docno": "S12294441-A8e3288b", "score": 11.47098879862637}
{"docno": "S5f3b3fcb-A22da888a", "score": 11.440731241629672}
{"docno": "S5a72d9c5-Aa747be0e", "score": 11.41414903273412}
{"docno": "S5a72d9a6-Af214aa0a", "score": 11.41414903273412}
{"docno": "S8b68ae4-Ac5d679e6", "score": 11.412765696647797}
{"docno": "Secc4434-A6d9f08e", "score": 11.40568030258475}
{"docno": "S53b7edd-A4bcde4d9", "score": 11.400372027814013}
{"docno": "S8230ebbf-Ad688feb6", "score": 11.394408191347193}
{"docno": "S2d219ef-A9ba11f98", "score": 11.356043549640804}
{"docno": "Sd8fd1d70-Af4ecd8ce", "score": 11.339940634791285}
{"docno": "S1baa36a6-A376a00ad", "score": 11.317936386282799}
{"docno": "S9bc8d269-A5fb06a69", "score": 11.264654664032873}
{"docno": "S2d219ef-A55cb507a", "score": 11.261252771461061}
{"docno": "S3d677ded-Adc5c2d83", "score": 11.219687838845116}
{"type": "toggleArgument", "timestamp": "2025-06-26T12:46:22.622Z", "sessionID": "10c52032-5a33-4260-8d06-9d7a42332196", "rank": "1", "doc": "S148bb110-A98470679", "action": "expand", "doclen": 313, "score": 11.10281662446395}
{"type": "StanceClicked", "timestamp": "2025-06-26T12:46:29.381Z", "sessionID": "10c52032-5a33-4260-8d06-9d7a42332196", "rank": "1", "stance": "pro", "action": "chooseStance", "doc": "S148bb110-A98470679", "doclen": 313, "score": 11.10281662446395}
{"type": "queryBoxFocused", "timestamp": "2025-06-26T12:46:40.096Z", "sessionID": "10c52032-5a33-4260-8d06-9d7a42332196"}
{"type": "querySubmitted", "timestamp": "2025-06-26T12:46:44.518Z", "sessionID": "10c52032-5a33-4260-8d06-9d7a42332196", "query": "energy sources"}
{"docno": "S1baa36a6-A376a00ad", "score": 17.755171400089296}
{"docno": "S8b68ae4-Ac5d679e6", "score": 17.368600811151076}
{"docno": "S35052009-Af63f9e47", "score": 17.28425873393722}
{"docno": "S7785529c-Ad6e52a51", "score": 17.175648707154885}
{"docno": "S148bb110-A54da8965", "score": 16.832251958681567}
{"docno": "S148bb110-A73673e85", "score": 16.67933893875562}
{"docno": "S31698916-A9824005f", "score": 16.657538952640536}
{"docno": "Scf63c6bb-A31cbe737", "score": 16.62443770177339}
{"docno": "S9d6aeb41-A5de78114", "score": 16.60936219522276}
{"docno": "Sff095b00-A57a89ee5", "score": 16.549336165367112}
{"docno": "Sffe8de8d-A11007391", "score": 16.514608861049204}
{"docno": "S661b8688-A83df292e", "score": 16.505060379492804}
{"docno": "S1baa36a6-Aa4b2f901", "score": 16.475169697848735}
{"docno": "S17ce7f71-A9764d3f2", "score": 16.469487256756654}
{"docno": "S9bc8d269-A2a4e7039", "score": 16.334937390153097}
{"docno": "S57476c75-A5a062ea8", "score": 16.12771583042484}
{"docno": "Se91be287-Aa86dc068", "score": 16.12771583042484}
{"docno": "S148bb110-A4c9a826c", "score": 16.115121195647703}
{"docno": "S9bc8d269-Aa2f5b865", "score": 16.105041176093614}
{"docno": "S9bc8d269-A280bbf8d", "score": 16.055951523200093}
{"docno": "S4911d42e-A54a3d4e3", "score": 15.99429791039221}
{"docno": "S661b8688-A9f3fb33a", "score": 15.93692234996211}
{"docno": "S8b68ae4-Afe7a860d", "score": 15.892762424381594}
{"docno": "S2e721803-Aa9bce981", "score": 15.842259573094367}
{"docno": "S3b9e766e-Af848ea57", "score": 15.839853660864385}
{"docno": "S661b8688-A8d0e9384", "score": 15.829315940914057}
{"docno": "S9bc8d269-A9f0786f6", "score": 15.750940490333011}
{"docno": "Sb2fea2fb-A2dc0a440", "score": 15.749072056780957}
{"docno": "Sa0c49422-Ad734ffa5", "score": 15.71647293879948}
{"docno": "S148e7c0b-Abdc63628", "score": 15.714287426030193}
{"docno": "S83ae40a2-A2c22cb73", "score": 15.693954419669234}
{"docno": "S7a83d88a-Add079b08", "score": 15.690595593220866}
{"docno": "S4bb40bff-Af5231436", "score": 15.663833775969401}
{"docno": "S9bc8d269-Aa8a70726", "score": 15.651224965454613}
{"docno": "S8b68ae4-A62a292e7", "score": 15.571637338773513}
{"docno": "S7785529c-Accab5a16", "score": 15.571637338773513}
{"docno": "S83ae40a2-A232a2e19", "score": 15.554480451869072}
{"docno": "S661b8688-A1c627232", "score": 15.544055776751561}
{"docno": "Sa80bfaf1-A879dee2", "score": 15.54148532575259}
{"docno": "S3d677ded-Adc5c2d83", "score": 15.500683522641634}
{"docno": "Sa80bfaf1-A4922cb9b", "score": 15.48582983752858}
{"docno": "S7785529c-A8cdf8e78", "score": 15.47681991238169}
{"docno": "S9bc8d269-A9e9ca4e9", "score": 15.470339278619228}
{"docno": "S9d6aeb41-A5e7380a5", "score": 15.404271966344485}
{"docno": "S64475c0a-A8f0a2778", "score": 15.36328784360651}
{"docno": "S969b9bbe-A7ddb9f13", "score": 15.35383328376385}
{"docno": "S53b7edd-Abfcc4f21", "score": 15.350637420133467}
{"docno": "S8b68ae4-Af5cb8d97", "score": 15.337011971677963}
{"docno": "Sbc393d16-Aa7fc85d2", "score": 15.32621495996581}
{"docno": "Sffc14fd7-Aa781a22a", "score": 15.320425770713385}
{"docno": "Sf9ecc418-A255473c4", "score": 15.251476901860968}
{"docno": "S85df9e89-A23b6fb6", "score": 15.154252040653748}
{"docno": "Sd8fd1d70-Af4ecd8ce", "score": 15.14825697876925}
{"docno": "S83ae40a2-Ab630836d", "score": 15.141856668160269}
{"docno": "S3384a2e3-A1b227ca4", "score": 15.106061485661215}
{"docno": "S8b68ae4-A6d458828", "score": 15.088350034120506}
{"docno": "S5a72d9c5-Aa747be0e", "score": 15.073603787429715}
{"docno": "S5a72d9a6-Af214aa0a", "score": 15.073603787429715}
{"docno": "S53b7edd-A4bcde4d9", "score": 15.040470879744527}
{"docno": "S2e721803-A726f329b", "score": 15.035043404414887}
{"docno": "Se1435c7e-Ab33537a5", "score": 15.024398277992706}
{"docno": "S9bc8d269-Aba221d1e", "score": 14.961072757113214}
{"docno": "S148bb110-A10521943", "score": 14.961072757113214}
{"docno": "S8ff4717-A2a401594", "score": 14.950229753303473}
{"docno": "S88840753-Af0a140ba", "score": 14.825917891626396}
{"docno": "S11aa3029-Ab0b4247a", "score": 14.820021740283947}
{"docno": "S1baa36a6-Ac0bf4bed", "score": 14.815762260240932}
{"docno": "S7785529c-Aabcf1619", "score": 14.764416295211834}
{"docno": "S148bb110-Aa5793a54", "score": 14.748364734169034}
{"docno": "S375d7ae8-A4a26634d", "score": 14.747126634528389}
{"docno": "S8b68ae4-Ac98db4e", "score": 14.713828058846588}
{"docno": "S53b7edd-A1220a267", "score": 14.653482114159674}
{"docno": "Sc025bef8-A8ad6c8d8", "score": 14.58309977582304}
{"docno": "S9bc8d269-Aff663cb8", "score": 14.58079415412865}
{"docno": "S7ae7b591-A238ef27e", "score": 14.577230854207373}
{"docno": "S731905a6-A82f057ae", "score": 14.556399608437918}
{"docno": "Sbdaef866-Af3bae97e", "score": 14.534482949705904}
{"docno": "S2aa5711e-Aca6d975b", "score": 14.53188731460351}
{"docno": "S6434c2f4-Abe73874f", "score": 14.51860797649887}
{"docno": "S15ebf1a9-Ad22d94ee", "score": 14.47903459965017}
{"docno": "S8b68ae4-Ab1130768", "score": 14.475811868355555}
{"docno": "Sefd746e-A873fbd94", "score": 14.45274729315648}
{"docno": "S87445fc2-A189f1195", "score": 14.43775273833546}
{"docno": "S661b8688-A4651a22a", "score": 14.422867186807313}
{"docno": "S53275be8-A4eed5d28", "score": 14.420222108475507}
{"docno": "S60a928b1-Ad9b8067a", "score": 14.407593744043847}
{"docno": "Sffe8de8d-Abc074382", "score": 14.403795206905098}
{"docno": "S2137152b-Aecab4a7a", "score": 14.388806354148176}
{"docno": "S3e2d22e5-Af02fa479", "score": 14.384100019910742}
{"docno": "S8b68ae4-Ab715206b", "score": 14.353577193030883}
{"docno": "S53275be8-A15a58ae9", "score": 14.34226684825261}
{"docno": "Sde8ec542-Af1a359f0", "score": 14.29938698904715}
{"docno": "S87445fc2-Ace698977", "score": 14.296990123709872}
{"docno": "S182a8bdf-A446e92a7", "score": 14.296990123709872}
{"docno": "S3d677ded-Aece834f2", "score": 14.273573066724135}
{"docno": "Sd258aeb1-Ae10a017", "score": 14.273556015172854}
{"docno": "S8fdcc598-Acdae4e26", "score": 14.264281831971164}
{"docno": "S5a72d9c5-Adb33fae7", "score": 14.239524553913501}
{"docno": "S26383ac1-A47f5640", "score": 14.227602597719464}
{"docno": "S54058f42-A595f9fcf", "score": 14.22507454136999}
{"type": "toggleArgument", "timestamp": "2025-06-26T12:46:47.669Z", "sessionID": "10c52032-5a33-4260-8d06-9d7a42332196", "rank": "1", "doc": "S1baa36a6-A376a00ad", "action": "expand", "doclen": 603, "score": 11.317936386282799}
{"type": "toggleArgument", "timestamp": "2025-06-26T12:47:22.974Z", "sessionID": "10c52032-5a33-4260-8d06-9d7a42332196", "rank": "7", "doc": "S31698916-A9824005f", "action": "expand", "doclen": 946, "score": 32.863690922369415}
{"type": "toggleArgument", "timestamp": "2025-06-26T12:47:38.366Z", "sessionID": "10c52032-5a33-4260-8d06-9d7a42332196", "rank": "8", "doc": "Scf63c6bb-A31cbe737", "action": "expand", "doclen": 2494, "score": 11.023120561131556}
{"type": "toggleArgument", "timestamp": "2025-06-26T12:47:59.966Z", "sessionID": "10c52032-5a33-4260-8d06-9d7a42332196", "rank": "9", "doc": "S9d6aeb41-A5de78114", "action": "expand", "doclen": 638, "score": 16.60936219522276}
{"type": "StanceClicked", "timestamp": "2025-06-26T12:48:14.199Z", "sessionID": "10c52032-5a33-4260-8d06-9d7a42332196", "rank": "9", "stance": "pro", "action": "chooseStance", "doc": "S9d6aeb41-A5de78114", "doclen": 638, "score": 16.60936219522276}
{"type": "queryBoxFocused", "timestamp": "2025-06-26T12:48:15.057Z", "sessionID": "10c52032-5a33-4260-8d06-9d7a42332196"}
{"type": "querySubmitted", "timestamp": "2025-06-26T12:48:22.567Z", "sessionID": "10c52032-5a33-4260-8d06-9d7a42332196", "query": "energy war"}
{"docno": "Sf307b5ea-Afb44bf86", "score": 15.784192134021573}
{"docno": "S9d6aeb41-A5de78114", "score": 15.735193763102473}
{"docno": "S5f3b3fcb-A22da888a", "score": 15.684002674821388}
{"docno": "Sb784fde6-A7316cc4a", "score": 15.446625493338423}
{"docno": "S462077f-A86c7762a", "score": 14.907397058296814}
{"docno": "S592cd65a-A42ff1711", "score": 14.450867798324994}
{"docno": "S52144a20-Aace2f3be", "score": 14.421464980376225}
{"docno": "S60af5b79-A50ba15d2", "score": 14.235994788103245}
{"docno": "Se91be287-Ad7caa1c3", "score": 14.20774316415783}
{"docno": "S15f4f9a6-Af2c6e00b", "score": 13.963607824375984}
{"docno": "S7579b99e-Aeab9a06", "score": 13.835543539733546}
{"docno": "S348b400f-Adff4e233", "score": 13.53032136807088}
{"docno": "S2a73d06b-A9c84552c", "score": 13.512734898750104}
{"docno": "Sbf1af6e0-Ab2f58435", "score": 13.450495446166654}
{"docno": "S15f79b2a-Ad56c3276", "score": 13.083001121719526}
{"docno": "Sf234f9f2-A63c9edf5", "score": 13.04289667654798}
{"docno": "Sb2862848-A80eed097", "score": 12.994650547380965}
{"docno": "S7579b99e-A37ed38eb", "score": 12.943628996098447}
{"docno": "S23918217-A9607dc1e", "score": 12.92640385188725}
{"docno": "S7e7a9602-A58cadba4", "score": 12.91038111726084}
{"docno": "Safb3f03c-A69fc23a6", "score": 12.750403560958386}
{"docno": "Se903a5fd-Aa8c08bfb", "score": 12.736616318895823}
{"docno": "S8e5e9d9f-A98d7af45", "score": 12.66057229690438}
{"docno": "S8a387e79-A86f148cc", "score": 12.647845581827664}
{"docno": "S79931805-A5c8ddcd1", "score": 12.498509577440265}
{"docno": "Sd67f6b84-A6ebefcb8", "score": 12.408100156127798}
{"docno": "Seaed4f92-Ab4b53acc", "score": 12.388768191886767}
{"docno": "S95627a9d-A39a0821b", "score": 12.388768191886767}
{"docno": "S6d7a460b-Ae1ea31f1", "score": 12.324193175409949}
{"docno": "S528eaa03-Aa4171618", "score": 12.291475827758976}
{"docno": "Sf1c23394-A81c3f25a", "score": 12.084371331447871}
{"docno": "Sb47daaf7-Aefdd43e6", "score": 12.020542123262828}
{"docno": "Sdac644c8-Acee904b9", "score": 11.99440108678445}
{"docno": "Sfc9f234-Ad6a5b17e", "score": 11.9515235850894}
{"docno": "S552d0186-A4586a43a", "score": 11.945917703605964}
{"docno": "S7716b8df-A2d1303b", "score": 11.878602584724547}
{"docno": "S3b6ca60-A94661ab6", "score": 11.860326847755106}
{"docno": "S4911d42e-A54a3d4e3", "score": 11.84870774748128}
{"docno": "S8d3229ef-Af7091d34", "score": 11.8224464381335}
{"docno": "S1058a8c0-A90164272", "score": 11.792789135112816}
{"docno": "S148bb110-A54da8965", "score": 11.773014420746017}
{"docno": "S85df9e89-A23b6fb6", "score": 11.742468969876018}
{"docno": "Sf799d741-A563f3454", "score": 11.741621003406767}
{"docno": "Se2550a31-A93a2cc25", "score": 11.691061303752779}
{"docno": "S5da3f6e3-A4c671ab9", "score": 11.691061303752779}
{"docno": "S23918217-A79c3876c", "score": 11.63438185597656}
{"docno": "S6d7a460b-A9c8df27f", "score": 11.586450205248944}
{"docno": "Se096e25-Ab9b6b0dc", "score": 11.586275405749294}
{"docno": "S348b400f-A11140043", "score": 11.561574720112278}
{"docno": "S9aeb58c-A19bc248b", "score": 11.559123264506258}
{"docno": "S691fdd7c-Ab3967e04", "score": 11.551124150377852}
{"docno": "S3e2d22e5-A600ebe64", "score": 11.550494447648912}
{"docno": "S8b68ae4-A86bc961b", "score": 11.550494447648912}
{"docno": "Se54363a5-Aa2bc6482", "score": 11.53404168246179}
{"docno": "S4c6aab06-A2c536887", "score": 11.530750205542287}
{"docno": "S162373a9-Ae5ddca85", "score": 11.527216396086754}
{"docno": "Sd3da8e7b-Ae3e8c77c", "score": 11.50172833608063}
{"docno": "S2f07394f-Afabedaef", "score": 11.493825409079399}
{"docno": "Sb864c149-Aa8e7216d", "score": 11.476923584816166}
{"docno": "S9f718cba-A9fcaea30", "score": 11.4725415833613}
{"docno": "S12294441-A8e3288b", "score": 11.47098879862637}
{"docno": "S8706d0e3-Ac554444", "score": 11.441986257756874}
{"docno": "S5a72d9c5-Aa747be0e", "score": 11.41414903273412}
{"docno": "S5a72d9a6-Af214aa0a", "score": 11.41414903273412}
{"docno": "S8b68ae4-Ac5d679e6", "score": 11.412765696647797}
{"docno": "Secc4434-A6d9f08e", "score": 11.40568030258475}
{"docno": "S53b7edd-A4bcde4d9", "score": 11.400372027814013}
{"docno": "S8230ebbf-Ad688feb6", "score": 11.394408191347193}
{"docno": "Sb73f7224-A1b54e1b5", "score": 11.383126212540308}
{"docno": "S2d219ef-A9ba11f98", "score": 11.356043549640804}
{"docno": "Sd8fd1d70-Af4ecd8ce", "score": 11.339940634791285}
{"docno": "S1baa36a6-A376a00ad", "score": 11.317936386282799}
{"docno": "S2a73d06b-A1fabb996", "score": 11.312831656847777}
{"docno": "Sfc9f234-A3a654c47", "score": 11.273816759332576}
{"docno": "S9bc8d269-A5fb06a69", "score": 11.264654664032873}
{"docno": "S2d219ef-A55cb507a", "score": 11.261252771461061}
{"docno": "S3d677ded-Adc5c2d83", "score": 11.219687838845116}
{"docno": "S148bb110-A73673e85", "score": 11.219687838845116}
{"docno": "S9d6aeb41-A5e7380a5", "score": 11.217052577742264}
{"docno": "Sf3288200-A9a9c2cab", "score": 11.203356654942889}
{"docno": "Sb8a12e00-Aebe21dcf", "score": 11.193330459977854}
{"docno": "S60af5b79-A6f6908dd", "score": 11.186431402183304}
{"docno": "S9bc8d269-A737f1459", "score": 11.185666118554975}
{"docno": "Sb4dd79ec-Ae45a7a59", "score": 11.171117393518577}
{"docno": "S37ac7e85-A746b2f1b", "score": 11.16300306876402}
{"docno": "Scf63c6bb-A2a52cce8", "score": 11.157912578065446}
{"docno": "Sc49e5990-A1aef63af", "score": 11.157448509767608}
{"docno": "S53275be8-A2a8a5c2e", "score": 11.152047947938948}
{"docno": "S148e7c0b-Abdc63628", "score": 11.132050759807395}
{"docno": "Se1435c7e-Aefaefef", "score": 11.130822663333584}
{"docno": "S35052009-A60772d51", "score": 11.129419456263454}
{"docno": "S31698916-Af7f3f2c3", "score": 11.123645675138526}
{"docno": "Sd67f6b84-Aa04ebdc2", "score": 11.117684737452372}
{"docno": "S35052009-Af63f9e47", "score": 11.10281662446395}
{"docno": "S9bc8d269-Aa8a70726", "score": 11.10281662446395}
{"docno": "S148bb110-A98470679", "score": 11.10281662446395}
{"docno": "S7785529c-A2938e0a8", "score": 11.092815617899836}
{"docno": "S148bb110-A129d2fa5", "score": 11.092815617899836}
{"docno": "S31698916-Afd820d74", "score": 11.090433536325762}
{"docno": "S7ae7b591-A932862f3", "score": 11.084389346657234}
{"type": "toggleArgument", "timestamp": "2025-06-26T12:48:31.991Z", "sessionID": "10c52032-5a33-4260-8d06-9d7a42332196", "rank": "3", "doc": "S5f3b3fcb-A22da888a", "action": "expand", "doclen": 1873, "score": 11.440731241629672}
{"type": "StanceClicked", "timestamp": "2025-06-26T12:48:47.047Z", "sessionID": "10c52032-5a33-4260-8d06-9d7a42332196", "rank": "3", "stance": "pro", "action": "chooseStance", "doc": "S5f3b3fcb-A22da888a", "doclen": 1873, "score": 11.440731241629672}
{"type": "toggleArgument", "timestamp": "2025-06-26T12:48:59.831Z", "sessionID": "10c52032-5a33-4260-8d06-9d7a42332196", "rank": "6", "doc": "S592cd65a-A42ff1711", "action": "expand", "doclen": 705, "score": 14.450867798324994}
{"type": "toggleArgument", "timestamp": "2025-06-26T12:49:05.582Z", "sessionID": "10c52032-5a33-4260-8d06-9d7a42332196", "rank": "7", "doc": "S52144a20-Aace2f3be", "action": "expand", "doclen": 1751, "score": 11.196722787280967}
{"type": "queryBoxFocused", "timestamp": "2025-06-26T12:49:14.873Z", "sessionID": "10c52032-5a33-4260-8d06-9d7a42332196"}
{"type": "querySubmitted", "timestamp": "2025-06-26T12:49:23.112Z", "sessionID": "10c52032-5a33-4260-8d06-9d7a42332196", "query": "renewable energy"}
{"docno": "S4911d42e-A54a3d4e3", "score": 27.649364014471395}
{"docno": "Sffe8de8d-A11007391", "score": 26.848738701014575}
{"docno": "Sffe8de8d-A9f0f1128", "score": 26.72180636919467}
{"docno": "Scf63c6bb-A31cbe737", "score": 26.719640535631015}
{"docno": "S148bb110-A225b4be9", "score": 26.563866413461792}
{"docno": "S8b68ae4-Ac5d679e6", "score": 26.45609565186333}
{"docno": "S4c6aab06-A83429d8c", "score": 26.28164982092178}
{"docno": "S4911d42e-A73664204", "score": 26.171472999151305}
{"docno": "S5f3b3fcb-A22da888a", "score": 26.170912721314565}
{"docno": "Sb44bf40-A6ce0e6df", "score": 26.09073415220838}
{"docno": "Sffe8de8d-A294fdded", "score": 26.029069535302796}
{"docno": "Sffe8de8d-Ab0e00b84", "score": 25.914104838553445}
{"docno": "S8dcfa922-A9f0baab4", "score": 25.5146826188197}
{"docno": "S4c6aab06-Ab78242a9", "score": 25.509447369466592}
{"docno": "S4c6aab06-A2c536887", "score": 25.49532123115891}
{"docno": "S31698916-Afd820d74", "score": 25.38963115357538}
{"docno": "Sffc14fd7-Ad7a37b4c", "score": 25.37613350022253}
{"docno": "S53b7edd-Abfcc4f21", "score": 25.221155273732194}
{"docno": "S31698916-Af7f3f2c3", "score": 25.210846832554985}
{"docno": "Sffe8de8d-A8cc47a62", "score": 25.066459304542562}
{"docno": "Sa0c49422-Ad734ffa5", "score": 25.030619628563336}
{"docno": "S40e61a27-A6a787818", "score": 25.027436381545996}
{"docno": "S8b68ae4-Ad09a0795", "score": 24.92109003326909}
{"docno": "Sffe8de8d-Ad7b8256d", "score": 24.887452022518687}
{"docno": "S53b7edd-A4bcde4d9", "score": 24.727299817121054}
{"docno": "S5f3b3fcb-A3e98c2b9", "score": 24.477507777669217}
{"docno": "Sff095b00-A10418c78", "score": 24.4641257805772}
{"docno": "Sb44bf40-Aeb7fa5af", "score": 24.454550913815467}
{"docno": "S8b68ae4-A55faccdd", "score": 24.282073194514545}
{"docno": "S8b68ae4-Adbc01d1d", "score": 24.282073194514545}
{"docno": "S94a9181c-A1df1d1db", "score": 24.162838270012127}
{"docno": "S9bc8d269-Af0108f9", "score": 24.160129353918194}
{"docno": "Sdfa2550c-A2cc92922", "score": 23.681762883207874}
{"docno": "S33af2d02-A4b1f9da2", "score": 23.681762883207874}
{"docno": "S5f3b3fcb-A67ed79a7", "score": 23.666126600571314}
{"docno": "Sffe8de8d-A29cacb12", "score": 23.648878751377687}
{"docno": "S31698916-A9824005f", "score": 23.589490848435087}
{"docno": "Sffe8de8d-A8fd37b83", "score": 23.495959734044874}
{"docno": "Sffe8de8d-Abc074382", "score": 23.491290047617348}
{"docno": "Sff095b00-A57a89ee5", "score": 23.378618558937575}
{"docno": "S348b400f-A11140043", "score": 23.244368518453385}
{"docno": "S4c6aab06-A3a6c8537", "score": 23.23715657370625}
{"docno": "Sf9ecc418-Adbab3f9b", "score": 23.156328362814126}
{"docno": "S9bc8d269-A737f1459", "score": 22.918393416924754}
{"docno": "S7983ff18-Abc9e38fe", "score": 22.880252305457816}
{"docno": "S87a1b178-A8d128c23", "score": 22.606668393386578}
{"docno": "S3e86da6b-A3a6f1f55", "score": 22.583507817380273}
{"docno": "S3e86da6b-A338d1ad0", "score": 22.471889551373472}
{"docno": "S53275be8-A15a58ae9", "score": 22.40092269719213}
{"docno": "S8fdcc598-Acdae4e26", "score": 22.27911933516134}
{"docno": "S8fdcc598-A43e16fea", "score": 22.190187062516408}
{"docno": "S53275be8-A69740665", "score": 22.157739860966473}
{"docno": "S412c152b-Ab68afd0d", "score": 22.053932936646166}
{"docno": "S4c6aab06-A82a12ec6", "score": 22.03036047254115}
{"docno": "S3b6ca60-A72e78c2c", "score": 21.876668221416473}
{"docno": "Sa452608c-A10465386", "score": 21.872102423759713}
{"docno": "S33b03517-A9f2b2ac0", "score": 21.872102423759713}
{"docno": "S256280d-A91be2ec", "score": 21.819813971943155}
{"docno": "S7983ff18-A9b950f9b", "score": 21.718990317610885}
{"docno": "S29e8ec75-Abe481205", "score": 21.701334079719963}
{"docno": "Sffe8de8d-A879bdfcc", "score": 21.679096587507246}
{"docno": "S8dcfa922-Aa7bdebe5", "score": 21.49104045396816}
{"docno": "Sbdaef866-Aa6da438d", "score": 21.49104045396816}
{"docno": "S94a9181c-Ad593036c", "score": 21.46619529906296}
{"docno": "S77d1660c-Ad3ed81ba", "score": 21.394072856685774}
{"docno": "Sffe8de8d-A78f6e9b5", "score": 21.34736788652392}
{"docno": "S6e782a7f-Af9399e46", "score": 21.342105289330675}
{"docno": "S53275be8-A2a8a5c2e", "score": 21.30497216111501}
{"docno": "S57476c75-A5a062ea8", "score": 21.29519160273802}
{"docno": "Sa2465b80-A989c2f69", "score": 21.281887604321135}
{"docno": "Secc4434-A6d9f08e", "score": 21.253694300512446}
{"docno": "S4c6aab06-Aaa46022a", "score": 21.23427537868326}
{"docno": "S53b7edd-A1220a267", "score": 21.228434935403712}
{"docno": "S83ae40a2-A48a91830", "score": 21.228434935403712}
{"docno": "S8b68ae4-A7b4d8f1b", "score": 21.219514832643853}
{"docno": "Sffe8de8d-A14f1fa82", "score": 21.219514832643853}
{"docno": "S31698916-A7c39d7ed", "score": 21.207872772401636}
{"docno": "Sd6155d38-Ac5e2e125", "score": 21.204662337362926}
{"docno": "S32d5516f-A1294af6a", "score": 21.046955671476297}
{"docno": "Sea61b0fc-A54879a8c", "score": 21.04411891684627}
{"docno": "Sbdaef866-Af3bae97e", "score": 21.02409140954953}
{"docno": "S7a83d88a-Add079b08", "score": 21.000538418945325}
{"docno": "S5f3b3fcb-A7e2a3e68", "score": 20.97872071773562}
{"docno": "S148bb110-A4c9a826c", "score": 20.902540058183618}
{"docno": "S4631b223-Adbf489c3", "score": 20.885988221969914}
{"docno": "S3b6ca60-A51c7f9b8", "score": 20.778343956669687}
{"docno": "Sffe8de8d-Adef6a41", "score": 20.743596311878242}
{"docno": "S2e721803-Ab2d5d64d", "score": 20.730216268936527}
{"docno": "S83ae40a2-Ab8242206", "score": 20.725750368755595}
{"docno": "S63114415-Aaf55eb9f", "score": 20.58402775397464}
{"docno": "Sffc14fd7-A3be5d7dd", "score": 20.57675067251494}
{"docno": "Sea61b0fc-A6896ee0", "score": 20.51393579269942}
{"docno": "S8b68ae4-A91b52207", "score": 20.51393579269942}
{"docno": "S15ebf1a9-Ad22d94ee", "score": 20.501473953162634}
{"docno": "S3b6ca60-A6590f52c", "score": 20.469246123336326}
{"docno": "Sb44bf40-A9b7be160", "score": 20.425540587304155}
{"docno": "Sadde6c2b-Ab30e9b41", "score": 20.397482695724328}
{"docno": "Sefd746e-A152bf235", "score": 20.228179302416873}
{"docno": "S37ac7e85-A746b2f1b", "score": 20.204157928951275}
{"docno": "S4c6aab06-Aaa5ecb0b", "score": 20.170719690113916}
{"type": "toggleArgument", "timestamp": "2025-06-26T12:49:30.951Z", "sessionID": "10c52032-5a33-4260-8d06-9d7a42332196", "rank": "2", "doc": "Sffe8de8d-A11007391", "action": "expand", "doclen": 620, "score": 16.514608861049204}
{"type": "StanceClicked", "timestamp": "2025-06-26T12:49:42.263Z", "sessionID": "10c52032-5a33-4260-8d06-9d7a42332196", "rank": "2", "stance": "pro", "action": "chooseStance", "doc": "Sffe8de8d-A11007391", "doclen": 620, "score": 16.514608861049204}
{"type": "toggleArgument", "timestamp": "2025-06-26T12:49:52.639Z", "sessionID": "10c52032-5a33-4260-8d06-9d7a42332196", "rank": "5", "doc": "S148bb110-A225b4be9", "action": "expand", "doclen": 401, "score": 11.048262107015773}
{"type": "StanceClicked", "timestamp": "2025-06-26T12:50:03.408Z", "sessionID": "10c52032-5a33-4260-8d06-9d7a42332196", "rank": "5", "stance": "con", "action": "chooseStance", "doc": "S148bb110-A225b4be9", "doclen": 401, "score": 11.048262107015773}
{"type": "queryBoxFocused", "timestamp": "2025-06-26T12:50:04.177Z", "sessionID": "10c52032-5a33-4260-8d06-9d7a42332196"}
{"type": "querySubmitted", "timestamp": "2025-06-26T12:50:16.887Z", "sessionID": "10c52032-5a33-4260-8d06-9d7a42332196", "query": "wind energy and water energy"}
{"docno": "S7785529c-Ade042c9d", "score": 21.53446280673544}
{"docno": "S98ced28f-A16488e1c", "score": 20.701255871292176}
{"docno": "Se3cfdbbf-A27937974", "score": 19.692988111970898}
{"docno": "Sff095b00-A10418c78", "score": 19.653294208747432}
{"docno": "S7785529c-A4c8d15b5", "score": 19.100866073261322}
{"docno": "S31698916-Afd820d74", "score": 19.0178602242752}
{"docno": "S89e7413c-Af24af07", "score": 18.93370269390895}
{"docno": "S7785529c-A8cdf8e78", "score": 18.859136166076695}
{"docno": "S53275be8-A4eed5d28", "score": 18.660745936686386}
{"docno": "S40e61a27-A6a787818", "score": 18.55352521095866}
{"docno": "S7785529c-A2938e0a8", "score": 18.45962921570946}
{"docno": "S31698916-A7c39d7ed", "score": 18.287109124868255}
{"docno": "S8dcfa922-A9f0baab4", "score": 18.257226303475527}
{"docno": "S7ae7b591-A932862f3", "score": 18.206682048972286}
{"docno": "S7ae7b591-A29f371e9", "score": 18.20503565070402}
{"docno": "Sf9ecc418-A33cb7d0c", "score": 18.150363980919366}
{"docno": "S661b8688-A8d0e9384", "score": 17.95876683199452}
{"docno": "S348b400f-A11140043", "score": 17.807552572482347}
{"docno": "S7785529c-Ad6e52a51", "score": 17.652527126352233}
{"docno": "S43533c49-Aafb7551a", "score": 17.580673863572606}
{"docno": "S8df51034-A53160b8", "score": 17.565708213628504}
{"docno": "S7ae7b591-A671ee205", "score": 17.538814029867694}
{"docno": "S7785529c-A349f137a", "score": 17.40478973455697}
{"docno": "Sa45ea03f-Ab440e9bc", "score": 17.400859272589393}
{"docno": "S31698916-Af7f3f2c3", "score": 17.298686822427314}
{"docno": "S9d6aeb41-A5e7380a5", "score": 17.293442620888136}
{"docno": "S2aa5711e-A326dccdb", "score": 17.196897288191686}
{"docno": "S7ae7b591-Af96078fc", "score": 17.096898006107875}
{"docno": "S2be06ca5-A92ff1ea6", "score": 17.09314036171189}
{"docno": "Sa0c49422-A13513254", "score": 16.99514612628803}
{"docno": "S7785529c-Ae93288ec", "score": 16.970686482950985}
{"docno": "Sf9ecc418-A255473c4", "score": 16.95296808224215}
{"docno": "S98ced28f-A7c237693", "score": 16.921292906397703}
{"docno": "S98ced2ae-Ae1e735b4", "score": 16.88979587918856}
{"docno": "Sf4c49f83-A4018495a", "score": 16.870675981345457}
{"docno": "S2a73d06b-A9c84552c", "score": 16.846303306015095}
{"docno": "S7ae7b591-Adba5c63c", "score": 16.773877601755395}
{"docno": "Sa0c49422-Ad734ffa5", "score": 16.75878204435193}
{"docno": "S83ae40a2-A2c22cb73", "score": 16.753647988026085}
{"docno": "Sf9ecc418-Adbab3f9b", "score": 16.70036857933918}
{"docno": "S7785529c-Accab5a16", "score": 16.697520105535464}
{"docno": "Sc66981d5-A783c22ba", "score": 16.68111687454686}
{"docno": "S9bc8d269-Aa8a70726", "score": 16.652079579541823}
{"docno": "Se452ca97-A82203044", "score": 16.598825100867586}
{"docno": "S348b400f-Ac1a4fd1", "score": 16.539197651621922}
{"docno": "S7ae7b591-Acee2f569", "score": 16.535629499566934}
{"docno": "Se452ca97-A40c5d89d", "score": 16.483999344269805}
{"docno": "S43533c49-A68eb2234", "score": 16.482648187586783}
{"docno": "S3d677ded-Adc5c2d83", "score": 16.4426953126565}
{"docno": "S16850e2-Ae388fc56", "score": 16.35972094011669}
{"docno": "S7ae7b591-Ae3806dbd", "score": 16.34921259046201}
{"docno": "S7785529c-Aeb30768b", "score": 16.316878404249145}
{"docno": "Se1435c7e-Aefaefef", "score": 16.220828115718575}
{"docno": "S3b6ca60-A94bf2867", "score": 16.193038533988165}
{"docno": "Sf9ecc418-A59f1c5b", "score": 16.19227529887762}
{"docno": "S63114415-A9db78481", "score": 16.171775477531494}
{"docno": "S7785529c-Aedafb0fa", "score": 16.156783981326097}
{"docno": "Se4481313-Ad26fe936", "score": 16.134410861832045}
{"docno": "S83ae40a2-A9462e3d", "score": 16.134410861832045}
{"docno": "S2abb75b-Abb938846", "score": 16.131030201242254}
{"docno": "S412c152b-Aa6e77523", "score": 16.110598720601953}
{"docno": "S256280d-A91be2ec", "score": 16.086697491783497}
{"docno": "S2e721803-A726f329b", "score": 15.964906516523882}
{"docno": "S26dd3eee-Aad5f91a", "score": 15.964391614435371}
{"docno": "S7785529c-Aabcf1619", "score": 15.960801764625462}
{"docno": "S4c6aab06-Aaa46022a", "score": 15.95468596292314}
{"docno": "S8706d0e3-Af034da44", "score": 15.910428898022595}
{"docno": "S7785529c-Abc6bc614", "score": 15.899310339977824}
{"docno": "Se91be287-Aa86dc068", "score": 15.847548611495199}
{"docno": "S83ae40a2-Aadec876e", "score": 15.847548611495199}
{"docno": "Sc67a3d49-A774e9d61", "score": 15.823593790377583}
{"docno": "S5a6d8350-Ad98f9f1c", "score": 15.815690286608715}
{"docno": "S39cbe54-Af9cf924a", "score": 15.799086568755987}
{"docno": "S3d677ded-Aece834f2", "score": 15.774353969504135}
{"docno": "S40e61a27-A73f0e50f", "score": 15.769707928311927}
{"docno": "S7ae7b591-A238ef27e", "score": 15.758448372702674}
{"docno": "S16850e2-A6b12d7c1", "score": 15.749548311265286}
{"docno": "S1baa36a6-Aa4b2f901", "score": 15.73559242219895}
{"docno": "Sf9ecc418-Acf053b71", "score": 15.69507082916031}
{"docno": "S148bb110-A550e7bed", "score": 15.69507082916031}
{"docno": "S40e61a27-A192b2691", "score": 15.684420076871952}
{"docno": "S8bd07da7-Aa91fdc94", "score": 15.658245066047394}
{"docno": "S8df51034-A7d23f88d", "score": 15.625764681257511}
{"docno": "S53b7edd-A1220a267", "score": 15.601688067901673}
{"docno": "S6201f3ba-Acf624fd3", "score": 15.59751182745406}
{"docno": "S4c6aab06-A83429d8c", "score": 15.563380740390421}
{"docno": "S7ae7b591-A231191a4", "score": 15.557415041027198}
{"docno": "S7785529c-A75e184aa", "score": 15.546735934836992}
{"docno": "S3b6ca60-A72e78c2c", "score": 15.481980306136798}
{"docno": "S2be06ca5-A501ab4b7", "score": 15.46591666662668}
{"docno": "S112baef2-Afc7a76a3", "score": 15.448139938335544}
{"docno": "S19247fa3-Ad2504a2d", "score": 15.420823353707487}
{"docno": "S40e61a27-A43ccf8d0", "score": 15.360396784761338}
{"docno": "S31fade72-Ad2fc740c", "score": 15.310232280839102}
{"docno": "Se3cfdbbf-Ab0eb6736", "score": 15.309069566945}
{"docno": "S60a928b1-A2f4e9367", "score": 15.308591877816728}
{"docno": "S148bb110-A6abb5af8", "score": 15.294416210531196}
{"docno": "S1dbcd392-A739f1e08", "score": 15.203963862609616}
{"docno": "Se3cfdbbf-A777216b2", "score": 15.203316107521996}
{"docno": "S8df51034-Acd5ca579", "score": 15.201649799361675}
{"type": "toggleArgument", "timestamp": "2025-06-26T12:50:19.719Z", "sessionID": "10c52032-5a33-4260-8d06-9d7a42332196", "rank": "1", "doc": "S7785529c-Ade042c9d", "action": "expand", "doclen": 211, "score": 11.056451764882404}
{"type": "toggleArgument", "timestamp": "2025-06-26T12:50:33.111Z", "sessionID": "10c52032-5a33-4260-8d06-9d7a42332196", "rank": "2", "doc": "S98ced28f-A16488e1c", "action": "expand", "doclen": 533, "score": 20.701255871292176}
{"type": "toggleArgument", "timestamp": "2025-06-26T12:50:39.791Z", "sessionID": "10c52032-5a33-4260-8d06-9d7a42332196", "rank": "3", "doc": "Se3cfdbbf-A27937974", "action": "expand", "doclen": 657, "score": 19.692988111970898}
{"type": "StanceClicked", "timestamp": "2025-06-26T12:50:46.079Z", "sessionID": "10c52032-5a33-4260-8d06-9d7a42332196", "rank": "3", "stance": "pro", "action": "chooseStance", "doc": "Se3cfdbbf-A27937974", "doclen": 657, "score": 19.692988111970898}
{"type": "ClickedEndTask", "timestamp": "2025-06-26T12:50:53.303Z", "sessionID": "10c52032-5a33-4260-8d06-9d7a42332196"}
{"type": "TaskEndConfirmed", "timestamp": "2025-06-26T12:50:56.399Z", "sessionID": "10c52032-5a33-4260-8d06-9d7a42332196"}
{"type": "TaskEnded", "timestamp": "2025-06-26T12:51:01.663Z", "sessionID": "10c52032-5a33-4260-8d06-9d7a42332196", "reason": "zeit ist um\n", "translated_reason": "Time is around"}
