{"type": "idSubmitted", "timestamp": "2025-06-26T10:23:27.326Z", "sessionID": "52532885-48c3-44c7-9ea7-7136fba37a73", "uid": "Participant60"}
{"type": "TaskStarted", "timestamp": "2025-06-26T10:24:20.265Z", "sessionID": "52532885-48c3-44c7-9ea7-7136fba37a73", "task": "1", "uid": "Participant60", "topic": "Should recreational marijuana be legal?"}
{"type": "queryBoxFocused", "timestamp": "2025-06-26T10:24:27.268Z", "sessionID": "52532885-48c3-44c7-9ea7-7136fba37a73"}
{"type": "querySubmitted", "timestamp": "2025-06-26T10:25:11.530Z", "sessionID": "52532885-48c3-44c7-9ea7-7136fba37a73", "query": "recreational marijuana opinions"}
{"docno": "Seec21427-Ab61404e", "score": 28.945111477907336}
{"docno": "S4ab35585-Abf82dc54", "score": 28.281641019639686}
{"docno": "Scdf789bc-Ae359f02b", "score": 28.214171820836206}
{"docno": "Sbc00ee1b-Aa9c6daa0", "score": 27.816917703710576}
{"docno": "S5992fb47-Af28b1906", "score": 27.674942336619583}
{"docno": "S6c7100fd-Aaabc1276", "score": 27.573709060898782}
{"docno": "Sd3fcb9ba-Abfc0bba0", "score": 26.87084249628286}
{"docno": "S86fcaef8-A6f5fad27", "score": 26.30607578908333}
{"docno": "Sbc00ee1b-Af5c22e58", "score": 25.962843994202956}
{"docno": "Scdf789bc-Adba79f3f", "score": 25.95170917549956}
{"docno": "Sfad1e94f-Aa12d0c5e", "score": 25.477504385290956}
{"docno": "Sc0ff09ad-Adb818ea9", "score": 25.258948596099373}
{"docno": "S14b9fbff-Acca86bef", "score": 25.052251533385153}
{"docno": "S2bdac55a-Af9835cec", "score": 24.923944501130833}
{"docno": "Sfad1e94f-Afdcde751", "score": 24.390427089374928}
{"docno": "S89fd39b5-A689a1065", "score": 24.303724843022277}
{"docno": "S7e67fe99-A504f8bd9", "score": 24.267997028228166}
{"docno": "Sfad1e94f-A3fdeba2d", "score": 24.19850117912401}
{"docno": "Sd9e092bc-A4ce2898d", "score": 23.933385464691405}
{"docno": "Sac6030a1-Aa020fe07", "score": 23.922060920042828}
{"docno": "Scdf789bc-Aee5bcf79", "score": 23.84871284487039}
{"docno": "Sb14ffcd0-A1b7465f2", "score": 23.72769989336465}
{"docno": "S6231a767-A293a5a69", "score": 23.72769989336465}
{"docno": "S8c493086-A1db59bee", "score": 23.53902281689713}
{"docno": "Sd9e092bc-A9d8faf3a", "score": 23.520209867379805}
{"docno": "S986b9b3c-A6f77b544", "score": 23.444438949367697}
{"docno": "S4ac9893e-Acb9929e0", "score": 23.34830116177858}
{"docno": "Scdf789bc-A86a018ea", "score": 23.34830116177858}
{"docno": "S6c7100fd-A5c39deef", "score": 23.274995116110023}
{"docno": "S6c71015a-A6c68ea53", "score": 23.195691555735365}
{"docno": "S248990c5-Aa1fb55f8", "score": 23.1631155621763}
{"docno": "S8b8ff60f-Aa6e00513", "score": 23.083899362831346}
{"docno": "Sb14ffcd0-A74260f0c", "score": 22.980844422861843}
{"docno": "S6231ab28-Ac81293cf", "score": 22.980844422861843}
{"docno": "S2a5141f4-A7bf5211a", "score": 22.980844422861843}
{"docno": "S40e4b6f7-A720f5c68", "score": 22.90637875471661}
{"docno": "Sd3fcb9ba-A731f79c9", "score": 22.870339816440392}
{"docno": "Sdc68ec3e-A3574da4a", "score": 22.86360397953556}
{"docno": "Sfa1a69b6-A4927216b", "score": 22.699066299944867}
{"docno": "S590b30db-A96099273", "score": 22.647001870953417}
{"docno": "S87b8c230-A16ba701b", "score": 22.647001870953417}
{"docno": "S79e24979-Aa56eea99", "score": 22.62477458168127}
{"docno": "Sfad1e94f-A46bd8b4f", "score": 22.550953793763338}
{"docno": "S87b8c230-A8936fc22", "score": 22.54216601114472}
{"docno": "Se3b7cf32-A604f6687", "score": 22.487585259975546}
{"docno": "S6c71015a-A3fc19237", "score": 22.45084561533162}
{"docno": "S2a5141f4-Ae7b0628a", "score": 22.45084561533162}
{"docno": "Scdf789bc-Ae34a519b", "score": 22.43427004392958}
{"docno": "S6231a821-A41e4a8a6", "score": 22.42055141793174}
{"docno": "S6c7100de-A1031b6c6", "score": 22.392002464417644}
{"docno": "Seec21427-Ae7e5b3e6", "score": 22.347254085909384}
{"docno": "S89fd39b5-Ac5a76507", "score": 22.28245978418728}
{"docno": "Se5ccda7-A9e10dca0", "score": 22.2012772111503}
{"docno": "S87b8c230-A9e10dca0", "score": 22.2012772111503}
{"docno": "S21af0c6a-Ab0c96fed", "score": 22.19082481853882}
{"docno": "Sd3fcb99b-Aab69d4af", "score": 22.061861627262495}
{"docno": "Sfe4bca00-A828995bc", "score": 22.033497631473118}
{"docno": "Seda04888-A81bef4d7", "score": 21.94474205760004}
{"docno": "S37c282ea-Aaa621169", "score": 21.93334921471557}
{"docno": "S4f2bd943-Abb0f9a83", "score": 21.870420252882454}
{"docno": "Saca376a0-Afb61b6dd", "score": 21.796078002991507}
{"docno": "S74e915ac-A9b3bf5f8", "score": 21.70785452886732}
{"docno": "Sf703aaba-A2f2b0f5f", "score": 21.589429723830488}
{"docno": "S8b859a7-Aeab99013", "score": 21.46095338232236}
{"docno": "S893155f6-A321ace15", "score": 21.440553357714364}
{"docno": "S16893daf-A1bb4f8e5", "score": 21.30439612965407}
{"docno": "Sd9e092bc-Aa189dffb", "score": 21.303310325881416}
{"docno": "Sd3fcb97c-Aa29e857c", "score": 21.167759364952857}
{"docno": "Sd6b9b1d0-Ab403b69c", "score": 21.100717563348002}
{"docno": "S14b9fbff-A243c72a2", "score": 21.100717563348002}
{"docno": "Saca376a0-A312e7271", "score": 21.094780527020077}
{"docno": "S59d1f83c-A5b6191a7", "score": 21.08106127131623}
{"docno": "S90bdd46c-A291a5d3", "score": 21.028200414514615}
{"docno": "Sbc59cf1f-A86d79c8f", "score": 20.99803557773295}
{"docno": "S819bc15b-A87af54ff", "score": 20.99298940185585}
{"docno": "S14b9fbe0-A450062a7", "score": 20.90628910199173}
{"docno": "S9dfd7dc-Af6d14320", "score": 20.847201185303312}
{"docno": "S146d5b6c-A85811354", "score": 20.808899487164304}
{"docno": "Sd9e092bc-A4bf54c17", "score": 20.790580294290617}
{"docno": "Sf3406593-A7a49a159", "score": 20.700361143485203}
{"docno": "Sd3fcb97c-Abb91ab8f", "score": 20.63452711320751}
{"docno": "Sefda0a4-A63cb178e", "score": 20.610666288126808}
{"docno": "S90bdd46c-Adcc6e051", "score": 20.58335111905434}
{"docno": "Sb2a13956-Ac2c35d8c", "score": 20.56157760172076}
{"docno": "Sd9e092bc-Ab709f805", "score": 20.554666592052293}
{"docno": "Sd9c294ad-A4396aad1", "score": 20.4633899450126}
{"docno": "S92816c1a-Ae5e523db", "score": 20.459180809621728}
{"docno": "S86fca3d4-A539b2d72", "score": 20.379850505420585}
{"docno": "Sb4affe28-A2d1b66a6", "score": 20.2953910149507}
{"docno": "S174daa99-A6923aa79", "score": 20.254297101979812}
{"docno": "Sf6df37b-Ab9c347ee", "score": 20.23946288877444}
{"docno": "S657ed6a0-Acb78d40a", "score": 20.097660470469606}
{"docno": "S986b9b3c-A8ea96679", "score": 20.074502552987013}
{"docno": "Scb307ee3-A70174e1d", "score": 20.06708064275825}
{"docno": "Sc0ff09ad-A41cf1669", "score": 20.0292437741049}
{"docno": "Seec21427-Ab70c799d", "score": 19.998373194329464}
{"docno": "S37c282ea-A1238bad1", "score": 19.99183553976352}
{"docno": "S1acb616e-Aac60cc20", "score": 19.79864335600923}
{"docno": "S7c8b175c-Ace723459", "score": 19.782562591898945}
{"docno": "Sd7c339a6-A8f5e1583", "score": 19.773277522289536}
{"type": "toggleArgument", "timestamp": "2025-06-26T10:25:18.508Z", "sessionID": "52532885-48c3-44c7-9ea7-7136fba37a73", "rank": "1", "doc": "Seec21427-Ab61404e", "action": "expand", "doclen": 1394, "score": 19.6875453429801}
{"type": "toggleArgument", "timestamp": "2025-06-26T10:25:19.836Z", "sessionID": "52532885-48c3-44c7-9ea7-7136fba37a73", "rank": "1", "doc": "Seec21427-Ab61404e", "action": "reduce", "doclen": 1394, "score": 19.6875453429801}
{"type": "toggleArgument", "timestamp": "2025-06-26T10:25:31.124Z", "sessionID": "52532885-48c3-44c7-9ea7-7136fba37a73", "rank": "1", "doc": "Seec21427-Ab61404e", "action": "expand", "doclen": 1394, "score": 19.6875453429801}
{"type": "StanceClicked", "timestamp": "2025-06-26T10:26:11.244Z", "sessionID": "52532885-48c3-44c7-9ea7-7136fba37a73", "rank": "1", "stance": "pro", "action": "chooseStance", "doc": "Seec21427-Ab61404e", "doclen": 1394, "score": 19.6875453429801}
{"type": "toggleArgument", "timestamp": "2025-06-26T10:26:13.652Z", "sessionID": "52532885-48c3-44c7-9ea7-7136fba37a73", "rank": "1", "doc": "Seec21427-Ab61404e", "action": "reduce", "doclen": 1394, "score": 19.6875453429801}
{"type": "toggleArgument", "timestamp": "2025-06-26T10:26:16.668Z", "sessionID": "52532885-48c3-44c7-9ea7-7136fba37a73", "rank": "2", "doc": "S4ab35585-Abf82dc54", "action": "expand", "doclen": 501, "score": 20.250390564329166}
{"type": "StanceClicked", "timestamp": "2025-06-26T10:26:54.149Z", "sessionID": "52532885-48c3-44c7-9ea7-7136fba37a73", "rank": "2", "stance": "pro", "action": "chooseStance", "doc": "S4ab35585-Abf82dc54", "doclen": 501, "score": 20.250390564329166}
{"type": "toggleArgument", "timestamp": "2025-06-26T10:27:08.861Z", "sessionID": "52532885-48c3-44c7-9ea7-7136fba37a73", "rank": "3", "doc": "Scdf789bc-Ae359f02b", "action": "expand", "doclen": 516, "score": 28.214171820836206}
{"type": "toggleArgument", "timestamp": "2025-06-26T10:27:38.955Z", "sessionID": "52532885-48c3-44c7-9ea7-7136fba37a73", "rank": "3", "doc": "Scdf789bc-Ae359f02b", "action": "reduce", "doclen": 516, "score": 28.214171820836206}
{"type": "toggleArgument", "timestamp": "2025-06-26T10:27:47.668Z", "sessionID": "52532885-48c3-44c7-9ea7-7136fba37a73", "rank": "4", "doc": "Sbc00ee1b-Aa9c6daa0", "action": "expand", "doclen": 265, "score": 29.189724406641222}
{"type": "StanceClicked", "timestamp": "2025-06-26T10:27:51.500Z", "sessionID": "52532885-48c3-44c7-9ea7-7136fba37a73", "rank": "4", "stance": "pro", "action": "chooseStance", "doc": "Sbc00ee1b-Aa9c6daa0", "doclen": 265, "score": 29.189724406641222}
{"type": "toggleArgument", "timestamp": "2025-06-26T10:27:58.980Z", "sessionID": "52532885-48c3-44c7-9ea7-7136fba37a73", "rank": "5", "doc": "S5992fb47-Af28b1906", "action": "expand", "doclen": 584, "score": 23.131037772235267}
{"type": "StanceClicked", "timestamp": "2025-06-26T10:28:29.828Z", "sessionID": "52532885-48c3-44c7-9ea7-7136fba37a73", "rank": "5", "stance": "con", "action": "chooseStance", "doc": "S5992fb47-Af28b1906", "doclen": 584, "score": 23.131037772235267}
{"type": "toggleArgument", "timestamp": "2025-06-26T10:28:34.467Z", "sessionID": "52532885-48c3-44c7-9ea7-7136fba37a73", "rank": "6", "doc": "S6c7100fd-Aaabc1276", "action": "expand", "doclen": 581, "score": 19.54763548084584}
{"type": "toggleArgument", "timestamp": "2025-06-26T10:29:20.970Z", "sessionID": "52532885-48c3-44c7-9ea7-7136fba37a73", "rank": "7", "doc": "Sd3fcb9ba-Abfc0bba0", "action": "expand", "doclen": 579, "score": 20.00341826628224}
{"type": "toggleArgument", "timestamp": "2025-06-26T10:29:23.626Z", "sessionID": "52532885-48c3-44c7-9ea7-7136fba37a73", "rank": "7", "doc": "Sd3fcb9ba-Abfc0bba0", "action": "reduce", "doclen": 579, "score": 20.00341826628224}
{"type": "toggleArgument", "timestamp": "2025-06-26T10:29:31.538Z", "sessionID": "52532885-48c3-44c7-9ea7-7136fba37a73", "rank": "7", "doc": "Sd3fcb9ba-Abfc0bba0", "action": "expand", "doclen": 579, "score": 20.00341826628224}
{"type": "StanceClicked", "timestamp": "2025-06-26T10:29:53.801Z", "sessionID": "52532885-48c3-44c7-9ea7-7136fba37a73", "rank": "7", "stance": "con", "action": "chooseStance", "doc": "Sd3fcb9ba-Abfc0bba0", "doclen": 579, "score": 20.00341826628224}
{"type": "toggleArgument", "timestamp": "2025-06-26T10:30:07.393Z", "sessionID": "52532885-48c3-44c7-9ea7-7136fba37a73", "rank": "8", "doc": "S86fcaef8-A6f5fad27", "action": "expand", "doclen": 646, "score": 20.778780012836712}
{"type": "StanceClicked", "timestamp": "2025-06-26T10:30:39.384Z", "sessionID": "52532885-48c3-44c7-9ea7-7136fba37a73", "rank": "8", "stance": "con", "action": "chooseStance", "doc": "S86fcaef8-A6f5fad27", "doclen": 646, "score": 20.778780012836712}
{"type": "toggleArgument", "timestamp": "2025-06-26T10:31:06.487Z", "sessionID": "52532885-48c3-44c7-9ea7-7136fba37a73", "rank": "9", "doc": "Sbc00ee1b-Af5c22e58", "action": "expand", "doclen": 2116, "score": 22.800538048208303}
{"type": "toggleArgument", "timestamp": "2025-06-26T10:31:09.816Z", "sessionID": "52532885-48c3-44c7-9ea7-7136fba37a73", "rank": "9", "doc": "Sbc00ee1b-Af5c22e58", "action": "reduce", "doclen": 2116, "score": 22.800538048208303}
{"type": "toggleArgument", "timestamp": "2025-06-26T10:31:13.104Z", "sessionID": "52532885-48c3-44c7-9ea7-7136fba37a73", "rank": "9", "doc": "Sbc00ee1b-Af5c22e58", "action": "expand", "doclen": 2116, "score": 22.800538048208303}
{"type": "StanceClicked", "timestamp": "2025-06-26T10:32:43.622Z", "sessionID": "52532885-48c3-44c7-9ea7-7136fba37a73", "rank": "9", "stance": "pro", "action": "chooseStance", "doc": "Sbc00ee1b-Af5c22e58", "doclen": 2116, "score": 22.800538048208303}
{"type": "toggleArgument", "timestamp": "2025-06-26T10:32:48.622Z", "sessionID": "52532885-48c3-44c7-9ea7-7136fba37a73", "rank": "10", "doc": "Scdf789bc-Adba79f3f", "action": "expand", "doclen": 327, "score": 31.882297227945344}
{"type": "queryBoxFocused", "timestamp": "2025-06-26T10:33:11.072Z", "sessionID": "52532885-48c3-44c7-9ea7-7136fba37a73"}
{"type": "querySubmitted", "timestamp": "2025-06-26T10:33:24.518Z", "sessionID": "52532885-48c3-44c7-9ea7-7136fba37a73", "query": "recreational marijuana issues"}
{"docno": "S2a5141f4-Ae7b0628a", "score": 29.414664371119343}
{"docno": "Sfad1e94f-Aa12d0c5e", "score": 29.109764551978465}
{"docno": "Sbc00ee1b-Af5c22e58", "score": 28.700460562883634}
{"docno": "S4ab35585-Abf82dc54", "score": 28.281641019639686}
{"docno": "Scdf789bc-Ae359f02b", "score": 28.214171820836206}
{"docno": "S5992fb47-Af28b1906", "score": 27.674942336619583}
{"docno": "Sd9e092bc-A9d8faf3a", "score": 27.581906244302647}
{"docno": "S6c7100fd-Aaabc1276", "score": 27.573709060898782}
{"docno": "Sfa1a69b6-A4927216b", "score": 27.480190226817527}
{"docno": "Sd3fcb9ba-Abfc0bba0", "score": 26.87084249628286}
{"docno": "S86fcaef8-A6f5fad27", "score": 26.30607578908333}
{"docno": "Scdf789bc-Adba79f3f", "score": 25.95170917549956}
{"docno": "Seec21427-Ab61404e", "score": 25.30098654534297}
{"docno": "Sc0ff09ad-Adb818ea9", "score": 25.258948596099373}
{"docno": "Scdf789bc-Ae34a519b", "score": 25.132789051196365}
{"docno": "S14b9fbff-Acca86bef", "score": 25.052251533385153}
{"docno": "Sfad1e94f-Afdcde751", "score": 24.390427089374928}
{"docno": "Sd6ea2156-Ab8959970", "score": 24.352797010980318}
{"docno": "S89fd39b5-A689a1065", "score": 24.303724843022277}
{"docno": "S7e67fe99-A504f8bd9", "score": 24.267997028228166}
{"docno": "Sfad1e94f-A3fdeba2d", "score": 24.19850117912401}
{"docno": "Sd9e092bc-A4ce2898d", "score": 23.933385464691405}
{"docno": "Sac6030a1-Aa020fe07", "score": 23.922060920042828}
{"docno": "Scdf789bc-Aee5bcf79", "score": 23.84871284487039}
{"docno": "Sb14ffcd0-A1b7465f2", "score": 23.72769989336465}
{"docno": "S6231a767-A293a5a69", "score": 23.72769989336465}
{"docno": "S8c493086-A1db59bee", "score": 23.53902281689713}
{"docno": "S986b9b3c-A6f77b544", "score": 23.444438949367697}
{"docno": "S4ac9893e-Acb9929e0", "score": 23.34830116177858}
{"docno": "Scdf789bc-A86a018ea", "score": 23.34830116177858}
{"docno": "S2bdac55a-Af9835cec", "score": 23.33519080084947}
{"docno": "S6c7100fd-A5c39deef", "score": 23.274995116110023}
{"docno": "S6c71015a-A6c68ea53", "score": 23.195691555735365}
{"docno": "S248990c5-Aa1fb55f8", "score": 23.1631155621763}
{"docno": "S8b8ff60f-Aa6e00513", "score": 23.083899362831346}
{"docno": "Sb14ffcd0-A74260f0c", "score": 22.980844422861843}
{"docno": "S6231ab28-Ac81293cf", "score": 22.980844422861843}
{"docno": "S2a5141f4-A7bf5211a", "score": 22.980844422861843}
{"docno": "S40e4b6f7-A720f5c68", "score": 22.90637875471661}
{"docno": "Sdc68ec3e-A3574da4a", "score": 22.86360397953556}
{"docno": "S58da0abd-Af3edef88", "score": 22.789653342759266}
{"docno": "S590b30db-A96099273", "score": 22.647001870953417}
{"docno": "S87b8c230-A16ba701b", "score": 22.647001870953417}
{"docno": "S79e24979-Aa56eea99", "score": 22.62477458168127}
{"docno": "Sfad1e94f-A46bd8b4f", "score": 22.550953793763338}
{"docno": "S87b8c230-A8936fc22", "score": 22.54216601114472}
{"docno": "Se3b7cf32-A604f6687", "score": 22.487585259975546}
{"docno": "S6c71015a-A3fc19237", "score": 22.45084561533162}
{"docno": "S6231a821-A41e4a8a6", "score": 22.42055141793174}
{"docno": "S6c7100de-A1031b6c6", "score": 22.392002464417644}
{"docno": "Seec21427-Ae7e5b3e6", "score": 22.347254085909384}
{"docno": "S89fd39b5-Ac5a76507", "score": 22.28245978418728}
{"docno": "Sde9f97e-Aed4b2340", "score": 22.20633746461959}
{"docno": "Se5ccda7-A9e10dca0", "score": 22.2012772111503}
{"docno": "S87b8c230-A9e10dca0", "score": 22.2012772111503}
{"docno": "S21af0c6a-Ab0c96fed", "score": 22.19082481853882}
{"docno": "Sd3fcb99b-Aab69d4af", "score": 22.061861627262495}
{"docno": "Sfe4bca00-A828995bc", "score": 22.033497631473118}
{"docno": "Sfbfca9a3-A7a48ccd0", "score": 22.002686816976485}
{"docno": "Seda04888-A81bef4d7", "score": 21.94474205760004}
{"docno": "S37c282ea-Aaa621169", "score": 21.93334921471557}
{"docno": "S154dda9e-Ac298cecb", "score": 21.87470136447097}
{"docno": "S4f2bd943-Abb0f9a83", "score": 21.870420252882454}
{"docno": "Saca376a0-Afb61b6dd", "score": 21.796078002991507}
{"docno": "Sbc00ee1b-Aa9c6daa0", "score": 21.781073702873567}
{"docno": "S74e915ac-A9b3bf5f8", "score": 21.70785452886732}
{"docno": "S8b859a7-Aeab99013", "score": 21.46095338232236}
{"docno": "S893155f6-A321ace15", "score": 21.440553357714364}
{"docno": "S16893daf-A1bb4f8e5", "score": 21.30439612965407}
{"docno": "Sd9e092bc-Aa189dffb", "score": 21.303310325881416}
{"docno": "Sd3fcb97c-Aa29e857c", "score": 21.167759364952857}
{"docno": "Sd6b9b1d0-Ab403b69c", "score": 21.100717563348002}
{"docno": "S14b9fbff-A243c72a2", "score": 21.100717563348002}
{"docno": "Saca376a0-A312e7271", "score": 21.094780527020077}
{"docno": "S59d1f83c-A5b6191a7", "score": 21.08106127131623}
{"docno": "S90bdd46c-A291a5d3", "score": 21.028200414514615}
{"docno": "Sbc59cf1f-A86d79c8f", "score": 20.99803557773295}
{"docno": "S819bc15b-A87af54ff", "score": 20.99298940185585}
{"docno": "S14b9fbe0-A450062a7", "score": 20.90628910199173}
{"docno": "S74e91666-A75bb5a4d", "score": 20.8784998432933}
{"docno": "S9dfd7dc-Af6d14320", "score": 20.847201185303312}
{"docno": "S3e291606-A65141fa5", "score": 20.835354926590597}
{"docno": "S146d5b6c-A85811354", "score": 20.808899487164304}
{"docno": "Sd9e092bc-A4bf54c17", "score": 20.790580294290617}
{"docno": "Sf3406593-A7a49a159", "score": 20.700361143485203}
{"docno": "Sd3fcb97c-Abb91ab8f", "score": 20.63452711320751}
{"docno": "Sefda0a4-A63cb178e", "score": 20.610666288126808}
{"docno": "S90bdd46c-Adcc6e051", "score": 20.58335111905434}
{"docno": "Sb2a13956-Ac2c35d8c", "score": 20.56157760172076}
{"docno": "Sd9e092bc-Ab709f805", "score": 20.554666592052293}
{"docno": "S63d924f3-Abbc3b1fd", "score": 20.532736804930146}
{"docno": "Sd9c294ad-A4396aad1", "score": 20.4633899450126}
{"docno": "S92816c1a-Ae5e523db", "score": 20.459180809621728}
{"docno": "S86fca3d4-A539b2d72", "score": 20.379850505420585}
{"docno": "Sbc00ee1b-A3ec50472", "score": 20.30645780720207}
{"docno": "Sb4affe28-A2d1b66a6", "score": 20.2953910149507}
{"docno": "S174daa99-A6923aa79", "score": 20.254297101979812}
{"docno": "Sf6df37b-Ab9c347ee", "score": 20.23946288877444}
{"docno": "S657ed6a0-Acb78d40a", "score": 20.097660470469606}
{"docno": "S986b9b3c-A8ea96679", "score": 20.074502552987013}
{"type": "toggleArgument", "timestamp": "2025-06-26T10:33:34.437Z", "sessionID": "52532885-48c3-44c7-9ea7-7136fba37a73", "rank": "1", "doc": "S2a5141f4-Ae7b0628a", "action": "expand", "doclen": 253, "score": 22.45084561533162}
{"type": "toggleArgument", "timestamp": "2025-06-26T10:33:52.228Z", "sessionID": "52532885-48c3-44c7-9ea7-7136fba37a73", "rank": "2", "doc": "Sfad1e94f-Aa12d0c5e", "action": "expand", "doclen": 1207, "score": 20.320353422327955}
{"type": "StanceClicked", "timestamp": "2025-06-26T10:34:48.492Z", "sessionID": "52532885-48c3-44c7-9ea7-7136fba37a73", "rank": "2", "stance": "con", "action": "chooseStance", "doc": "Sfad1e94f-Aa12d0c5e", "doclen": 1207, "score": 20.320353422327955}
{"type": "toggleArgument", "timestamp": "2025-06-26T10:35:11.427Z", "sessionID": "52532885-48c3-44c7-9ea7-7136fba37a73", "rank": "7", "doc": "Sd9e092bc-A9d8faf3a", "action": "expand", "doclen": 947, "score": 23.44164019108258}
{"type": "StanceClicked", "timestamp": "2025-06-26T10:36:19.114Z", "sessionID": "52532885-48c3-44c7-9ea7-7136fba37a73", "rank": "7", "stance": "pro", "action": "chooseStance", "doc": "Sd9e092bc-A9d8faf3a", "doclen": 947, "score": 23.44164019108258}
{"type": "ClickedEndTask", "timestamp": "2025-06-26T10:36:26.954Z", "sessionID": "52532885-48c3-44c7-9ea7-7136fba37a73"}
{"type": "TaskEndConfirmed", "timestamp": "2025-06-26T10:36:29.778Z", "sessionID": "52532885-48c3-44c7-9ea7-7136fba37a73"}
{"type": "TaskEnded", "timestamp": "2025-06-26T10:36:36.594Z", "sessionID": "52532885-48c3-44c7-9ea7-7136fba37a73", "reason": "", "translated_reason": ""}
