{"type": "TaskStarted", "timestamp": "2025-06-26T10:57:57.377Z", "sessionID": "9abbc258-47a0-4975-bf5f-83c2a5e64898", "task": "2", "uid": "Participant48", "topic": "Should the penny/cent stay in circulation?"}
{"type": "queryBoxFocused", "timestamp": "2025-06-26T10:58:00.318Z", "sessionID": "9abbc258-47a0-4975-bf5f-83c2a5e64898"}
{"type": "querySubmitted", "timestamp": "2025-06-26T10:58:03.969Z", "sessionID": "9abbc258-47a0-4975-bf5f-83c2a5e64898", "query": "cent currency"}
{"docno": "S2fa2d5d5-Adc5dfe71", "score": 25.359863416405283}
{"docno": "Sf143e2ae-A9058c0a1", "score": 25.359863416405283}
{"docno": "S50840569-Ab805d005", "score": 24.479766324321965}
{"docno": "S953ebef5-A6609c38a", "score": 23.845404892265172}
{"docno": "S72d43567-A7fb88ce5", "score": 21.841017374889105}
{"docno": "S652f23f4-A212f7771", "score": 20.367889308841004}
{"docno": "S261deb04-A27eaea5", "score": 19.94131104403102}
{"docno": "Sab7e692e-A4ca647b2", "score": 19.78232209406842}
{"docno": "S3a83ec69-A25ea4103", "score": 19.516688412547225}
{"docno": "S7c26af48-Aa8f4e0ba", "score": 18.807552009898785}
{"docno": "Sf143e2ae-Ad24c6ed6", "score": 18.698423834571276}
{"docno": "S21311659-Afe0947c5", "score": 18.147133801393284}
{"docno": "S8bcc4a46-A683b6775", "score": 18.08179515050678}
{"docno": "S7c26af48-A4afc389a", "score": 17.236806324030432}
{"docno": "S764890e9-Acfae47e2", "score": 16.622541253159348}
{"docno": "Sc5a30943-A56cc2aad", "score": 16.53733264700231}
{"docno": "Se52fcb79-Adfc140fa", "score": 16.337625733929542}
{"docno": "S922d439b-A8e9355eb", "score": 15.957453352941984}
{"docno": "S8f18f901-A8c02a79e", "score": 15.859476186563233}
{"docno": "S60aeca5f-A6fdc8619", "score": 15.84093404743495}
{"docno": "S19444029-A99bfb9ca", "score": 15.837884302960369}
{"docno": "S545f2068-A65a9f1d3", "score": 15.786446637558694}
{"docno": "S7447c3d2-A26d70737", "score": 15.6701793949779}
{"docno": "S27d290e5-A72558d4e", "score": 15.634764147093138}
{"docno": "S3a83ec69-A55bc6fb5", "score": 15.5781859785959}
{"docno": "S27d290e5-Ab33bbb9a", "score": 15.569841443574198}
{"docno": "Sa0619794-A6362f453", "score": 15.506559960864715}
{"docno": "S298a4e4e-Af54b13e9", "score": 15.339951270571339}
{"docno": "S8f18f901-A590be6c4", "score": 15.33806936540975}
{"docno": "S19c0645b-A1970b86d", "score": 15.231154289286014}
{"docno": "S2fa2d5d5-A1afd500f", "score": 15.109428649256836}
{"docno": "S2b86e7d-A28f0d192", "score": 15.105242534119402}
{"docno": "Sbb3f63e1-A1b5de0ea", "score": 15.069614122680354}
{"docno": "S19444029-Acc7f15b2", "score": 14.98810966653317}
{"docno": "S72f7dba3-A43e7bc07", "score": 14.9625047311345}
{"docno": "S12f96cee-Ae1c981b5", "score": 14.935208877595198}
{"docno": "S88fd29eb-A32b36330", "score": 14.926320221567423}
{"docno": "S47443599-A8fc4c58f", "score": 14.78255300882003}
{"docno": "Sd75f3c34-A48ab1cae", "score": 14.727618123820404}
{"docno": "S5461fdf6-A2f19b140", "score": 14.718094675546421}
{"docno": "S3d9e8a34-A1da7e66b", "score": 14.604666491310569}
{"docno": "Sce686c60-A35d2b91", "score": 14.587438752712373}
{"docno": "Sd75f3c34-Aa600ed5b", "score": 14.535875988432503}
{"docno": "Sda169539-Acccc0d1f", "score": 14.428202035887637}
{"docno": "S846238d1-A81e97f5d", "score": 14.40748095896794}
{"docno": "S8f18f901-A686bd86d", "score": 14.344130286732081}
{"docno": "S53cc943a-Ab551477b", "score": 14.339503239692313}
{"docno": "S27d290e5-A250cfc05", "score": 14.339503239692313}
{"docno": "S9443a255-A39698330", "score": 14.332434512765918}
{"docno": "S13a078fc-A5227c58c", "score": 14.331834167837847}
{"docno": "S87bd157b-A535fbc54", "score": 14.328833197441785}
{"docno": "S6952f0f3-Ac7ddda31", "score": 14.317635545781059}
{"docno": "S886881ab-A81d06e8e", "score": 14.278276209618097}
{"docno": "Sc334cbf0-A6bb48473", "score": 14.275219438650257}
{"docno": "Sc51f941a-A75743e89", "score": 14.254171405124373}
{"docno": "S261deb04-A5ed849d0", "score": 14.247527160823562}
{"docno": "Sb58ff37e-Adf85a11c", "score": 14.247527160823562}
{"docno": "Sd75f3c34-A68b44324", "score": 14.240573697204608}
{"docno": "Sc334cbf0-Ad3b979ef", "score": 14.21150943213387}
{"docno": "S480d5f00-A45b03709", "score": 14.207219179464168}
{"docno": "S8681aadf-A8cfc5f10", "score": 14.173366830937653}
{"docno": "Se52fcb79-Afcc90b8b", "score": 14.164305697921353}
{"docno": "Sc0e5eb3c-Aa75d77d2", "score": 14.148365571778648}
{"docno": "S35eeec39-A39897146", "score": 14.148365571778648}
{"docno": "S27d290e5-A7d6fc186", "score": 14.148365571778648}
{"docno": "S88869144-A5c32b37c", "score": 14.08578034455011}
{"docno": "Sb58ff37e-Aac529aac", "score": 14.083786294761962}
{"docno": "S34acca0b-A63a39dc7", "score": 14.056723089461775}
{"docno": "Sba6d2797-Abe7df212", "score": 14.043437457629773}
{"docno": "Scf4c9cbf-A7d5096a1", "score": 14.024307602167775}
{"docno": "S57a3df7d-Af2c839dc", "score": 14.023746369763813}
{"docno": "Sf02ab38f-Ad642df42", "score": 13.873911990056254}
{"docno": "S18ae5977-A949c199d", "score": 13.864805525572272}
{"docno": "S42f8393e-A9da66240", "score": 13.845112176139333}
{"docno": "S34acca0b-A1e2916ac", "score": 13.842795659334588}
{"docno": "S8b1c78a-Ac6a353f3", "score": 13.840880078061033}
{"docno": "S886881ab-Aeda8ea86", "score": 13.813726136263917}
{"docno": "Sc56e1a8f-Aa70aad", "score": 13.763021729075357}
{"docno": "Sb477d5a-Aa1845f1a", "score": 13.728783187666394}
{"docno": "S240561fd-A115d1b34", "score": 13.726947224934639}
{"docno": "Sbee5e27f-A39cdc58d", "score": 13.721595863715761}
{"docno": "S886881ab-A32dca4c5", "score": 13.694907492948186}
{"docno": "S492eab8f-A64f0329c", "score": 13.654361611558894}
{"docno": "S50fea1d1-A67191d95", "score": 13.652310497028568}
{"docno": "S920ef6ab-A39c9ab2", "score": 13.62746414158057}
{"docno": "S1da57a14-A21155622", "score": 13.59172075611523}
{"docno": "S9ed1b1c1-A9783710c", "score": 13.56755236672126}
{"docno": "S8d13310d-Aff173b03", "score": 13.56755236672126}
{"docno": "S953ebef5-A24d2786c", "score": 13.490910486116611}
{"docno": "Sff045079-Aa14bddae", "score": 13.444575954305018}
{"docno": "Sd75f3c34-Ad241e0c0", "score": 13.432190797495526}
{"docno": "S174c1378-A346f9595", "score": 13.432190797495526}
{"docno": "S8bc322f7-Ac231185c", "score": 13.432190797495526}
{"docno": "Se52fcb79-Ac383fb10", "score": 13.419607592845129}
{"docno": "Sde555639-Ad5226761", "score": 13.415129627827561}
{"docno": "S42f8393e-Acb2cbb7d", "score": 13.354753483353987}
{"docno": "Se52fcb79-A24ceacec", "score": 13.337452706539644}
{"docno": "Sb814bee3-Ac82f8162", "score": 13.264334277967786}
{"docno": "S34acca0b-Aee10354b", "score": 13.176351642522484}
{"docno": "S9896d40f-A59533163", "score": 13.176124147003934}
{"type": "toggleArgument", "timestamp": "2025-06-26T10:58:13.000Z", "sessionID": "9abbc258-47a0-4975-bf5f-83c2a5e64898", "rank": "2", "doc": "Sf143e2ae-A9058c0a1", "action": "expand", "doclen": 973, "score": 31.152797288265724}
{"type": "StanceClicked", "timestamp": "2025-06-26T10:58:44.217Z", "sessionID": "9abbc258-47a0-4975-bf5f-83c2a5e64898", "rank": "2", "stance": "con", "action": "chooseStance", "doc": "Sf143e2ae-A9058c0a1", "doclen": 973, "score": 31.152797288265724}
{"type": "queryBoxFocused", "timestamp": "2025-06-26T10:58:49.720Z", "sessionID": "9abbc258-47a0-4975-bf5f-83c2a5e64898"}
{"type": "querySubmitted", "timestamp": "2025-06-26T10:59:02.753Z", "sessionID": "9abbc258-47a0-4975-bf5f-83c2a5e64898", "query": "penny OR cent circulation"}
{"docno": "S8bcc4a46-A683b6775", "score": 41.2680760364733}
{"docno": "S3207095a-A83bd6c08", "score": 40.77554699068215}
{"docno": "S35161051-A81501437", "score": 40.280998970670595}
{"docno": "S87bd157b-A1433c3c4", "score": 38.44273098568651}
{"docno": "S8ce6be05-A7e62c8d8", "score": 36.99540279995667}
{"docno": "S261deb04-A5ed849d0", "score": 32.88906178028636}
{"docno": "S19444029-A99bfb9ca", "score": 32.401269535961006}
{"docno": "S21311659-Afe0947c5", "score": 32.397197519536135}
{"docno": "S8ce6be05-Aec61401a", "score": 32.100867699661904}
{"docno": "S922d439b-Ab101b0b4", "score": 32.09086886486605}
{"docno": "S7c26af48-A4afc389a", "score": 32.05634882989691}
{"docno": "S922d439b-A8e9355eb", "score": 31.60057314891999}
{"docno": "S8ce6be05-Ab3dc774d", "score": 31.430689053306192}
{"docno": "S953ebef5-Ab2aaac6b", "score": 31.286121261248663}
{"docno": "S2fa2d5d5-Adc5dfe71", "score": 31.152797288265724}
{"docno": "Sf143e2ae-A9058c0a1", "score": 31.152797288265724}
{"docno": "Sce686c60-A35d2b91", "score": 30.98175314921035}
{"docno": "S953ebf14-A93a5f98d", "score": 30.8302367509811}
{"docno": "S5461fdf6-A2f19b140", "score": 29.696412456143968}
{"docno": "S42633cc5-Abdf36238", "score": 29.624362630947974}
{"docno": "Sf143e2ae-Ad24c6ed6", "score": 29.401662367000394}
{"docno": "S141e3960-A994e8cc2", "score": 29.19539350094617}
{"docno": "Sc5a30943-Aaf14ddec", "score": 29.07983840329485}
{"docno": "S2e7d8f78-A6120a48e", "score": 29.079123934984867}
{"docno": "S953ebef5-A6609c38a", "score": 28.819380433841303}
{"docno": "S3207095a-A40bf30c", "score": 28.73144126577119}
{"docno": "S47443599-A8fc4c58f", "score": 28.526711220631693}
{"docno": "S42633cc5-A79a73ae3", "score": 28.280444073859307}
{"docno": "S35161051-Ab4db26fc", "score": 27.94369117120021}
{"docno": "S3a3f4e49-Abd5c47b6", "score": 27.590142031874684}
{"docno": "S652f23f4-A212f7771", "score": 27.54594415859895}
{"docno": "S7c26af48-Aa8f4e0ba", "score": 27.529452092994905}
{"docno": "Sab7e692e-A4ca647b2", "score": 27.4029966359481}
{"docno": "S87bd157b-A535fbc54", "score": 27.39104686417044}
{"docno": "S2fa2d5d5-A5077b1d5", "score": 27.224596226895077}
{"docno": "S652f23f4-Ae0220128", "score": 27.19820200273425}
{"docno": "S19444029-Acc7f15b2", "score": 27.026375026194096}
{"docno": "S42633cc5-Ac24ab54e", "score": 26.815608191566724}
{"docno": "Sc714f34f-A17fab670", "score": 26.524005128989216}
{"docno": "Sbb3f63e1-A1b5de0ea", "score": 26.442770275619505}
{"docno": "Sc5a30943-A56cc2aad", "score": 26.36734856689463}
{"docno": "S953ebf14-A523d2cf0", "score": 26.21919617293908}
{"docno": "S261deb04-A27eaea5", "score": 25.8589583450635}
{"docno": "Sbb3f63e1-Aa7a066ed", "score": 25.738577285149695}
{"docno": "S35161051-A25c4a846", "score": 25.560843523663575}
{"docno": "S2fa2d5d5-Afcfd82ba", "score": 25.13071460251814}
{"docno": "S35161051-Add27837", "score": 25.115947919796422}
{"docno": "S35161051-Abe61ebcc", "score": 24.963194157209987}
{"docno": "S2fa2d5d5-A7fcff6dc", "score": 24.133406690210585}
{"docno": "S19444029-A201b8152", "score": 23.9777736060446}
{"docno": "S2fa2d5d5-A1afd500f", "score": 22.948547017954365}
{"docno": "S42633cc5-A6cc55047", "score": 22.86144519459856}
{"docno": "S652f23f4-A6c2ea7d6", "score": 22.706162172421255}
{"docno": "S3a3f4e49-A2b4ff185", "score": 22.39284957258758}
{"docno": "S953ebf14-A945651f8", "score": 18.72710118584365}
{"docno": "S261deb04-A5522b232", "score": 18.3668443925896}
{"docno": "S35161051-Ac727df0f", "score": 18.346003925868434}
{"docno": "S3a3f4e49-A8bcf602f", "score": 18.053394705059176}
{"docno": "S652f23f4-A5e6065bf", "score": 17.986130798394264}
{"docno": "S8bcc4a46-A3713f9f0", "score": 17.74406279649968}
{"docno": "S540788cc-A806939a3", "score": 17.698236814574848}
{"docno": "S652f23f4-Aa80161bd", "score": 17.659996251894533}
{"docno": "Se6f6b594-A804ff687", "score": 17.641421887225192}
{"docno": "S261deb04-A5982d236", "score": 17.634520747548443}
{"docno": "Sb59a9ba7-A78b7723e", "score": 17.612757305537144}
{"docno": "S2e7d8f78-A44ca8343", "score": 17.591097362557598}
{"docno": "S261deb04-Ae0b01071", "score": 17.46737040091911}
{"docno": "S2fa2d5d5-A9d155a7f", "score": 17.417317333877293}
{"docno": "Se52fcb79-Adfc140fa", "score": 17.40064361505418}
{"docno": "S157a946c-Afd5ca711", "score": 17.23489930587855}
{"docno": "S19444029-A14952972", "score": 16.829910141658154}
{"docno": "S141e3960-Aa12a2f1e", "score": 16.82440689988059}
{"docno": "Safb33354-Ad0aa1142", "score": 16.699780741018554}
{"docno": "S64d27e41-Ae2bcb31e", "score": 16.699780741018554}
{"docno": "S35eeec39-A864087d", "score": 16.672194990210084}
{"docno": "S141e3960-A6226e9be", "score": 16.59711719051033}
{"docno": "Safb33354-A9540f751", "score": 16.56516277793856}
{"docno": "Safb33354-Abd209659", "score": 16.379362196357715}
{"docno": "S64d27e41-A5fa1839e", "score": 16.260838308207067}
{"docno": "S64d27e41-A422cf719", "score": 16.164989627728257}
{"docno": "S2fa2d5d5-Ada49c3d0", "score": 16.124898340222806}
{"docno": "S261deb04-Acf33df12", "score": 16.01999070926727}
{"docno": "S7c26af48-Ae5a2104c", "score": 15.95065978233566}
{"docno": "S4cf458a-A5d81b1ff", "score": 15.942646505313379}
{"docno": "Se52fcb79-A8c0ff0f8", "score": 15.826691236040535}
{"docno": "S5dbc32e9-Ad784f3ef", "score": 15.81378277188451}
{"docno": "S64d27e41-A767f7fd2", "score": 15.696416452575894}
{"docno": "S8bc322f7-Ac231185c", "score": 15.546957315385443}
{"docno": "Sa0619794-A6362f453", "score": 15.506559960864715}
{"docno": "S19444029-A5e6e2be4", "score": 15.312181868257605}
{"docno": "Sf143e2ae-A5ec56188", "score": 15.312181868257605}
{"docno": "S7c26af48-A7e3e88e", "score": 15.219821028214414}
{"docno": "Sc4e8d546-A6840b489", "score": 15.10129296074676}
{"docno": "Sbb3f63e1-A6ae1c89a", "score": 15.095150703901643}
{"docno": "S35be6163-Ac8cc8695", "score": 14.972506212756905}
{"docno": "S87bd157b-Ab5176aa6", "score": 14.972506212756905}
{"docno": "S2e829d23-A6c0e1f9b", "score": 14.931269457648375}
{"docno": "Saa45f9c6-A8bd78b45", "score": 14.857556827809141}
{"docno": "S652f23f4-A41445004", "score": 14.851838574502533}
{"docno": "S540788cc-A8978d85f", "score": 14.851838574502533}
{"type": "StanceClicked", "timestamp": "2025-06-26T10:59:10.737Z", "sessionID": "9abbc258-47a0-4975-bf5f-83c2a5e64898", "rank": "1", "stance": "con", "action": "chooseStance", "doc": "S8bcc4a46-A683b6775", "doclen": 1292, "score": 41.2680760364733}
{"type": "toggleArgument", "timestamp": "2025-06-26T10:59:25.576Z", "sessionID": "9abbc258-47a0-4975-bf5f-83c2a5e64898", "rank": "2", "doc": "S3207095a-A83bd6c08", "action": "expand", "doclen": 2518, "score": 40.77554699068215}
{"type": "StanceClicked", "timestamp": "2025-06-26T10:59:41.057Z", "sessionID": "9abbc258-47a0-4975-bf5f-83c2a5e64898", "rank": "2", "stance": "pro", "action": "chooseStance", "doc": "S3207095a-A83bd6c08", "doclen": 2518, "score": 40.77554699068215}
{"type": "StanceClicked", "timestamp": "2025-06-26T10:59:45.088Z", "sessionID": "9abbc258-47a0-4975-bf5f-83c2a5e64898", "rank": "3", "stance": "con", "action": "chooseStance", "doc": "S35161051-A81501437", "doclen": 2971, "score": 40.280998970670595}
{"type": "toggleArgument", "timestamp": "2025-06-26T10:59:47.464Z", "sessionID": "9abbc258-47a0-4975-bf5f-83c2a5e64898", "rank": "3", "doc": "S35161051-A81501437", "action": "expand", "doclen": 2971, "score": 40.280998970670595}
{"type": "toggleArgument", "timestamp": "2025-06-26T10:59:58.912Z", "sessionID": "9abbc258-47a0-4975-bf5f-83c2a5e64898", "rank": "4", "doc": "S87bd157b-A1433c3c4", "action": "expand", "doclen": 660, "score": 38.44273098568651}
{"type": "StanceClicked", "timestamp": "2025-06-26T11:00:09.384Z", "sessionID": "9abbc258-47a0-4975-bf5f-83c2a5e64898", "rank": "4", "stance": "con", "action": "chooseStance", "doc": "S87bd157b-A1433c3c4", "doclen": 660, "score": 38.44273098568651}
{"type": "toggleArgument", "timestamp": "2025-06-26T11:00:13.992Z", "sessionID": "9abbc258-47a0-4975-bf5f-83c2a5e64898", "rank": "5", "doc": "S8ce6be05-A7e62c8d8", "action": "expand", "doclen": 1406, "score": 36.99540279995667}
{"type": "StanceClicked", "timestamp": "2025-06-26T11:00:42.682Z", "sessionID": "9abbc258-47a0-4975-bf5f-83c2a5e64898", "rank": "5", "stance": "con", "action": "chooseStance", "doc": "S8ce6be05-A7e62c8d8", "doclen": 1406, "score": 36.99540279995667}
{"type": "StanceClicked", "timestamp": "2025-06-26T11:00:45.378Z", "sessionID": "9abbc258-47a0-4975-bf5f-83c2a5e64898", "rank": "6", "stance": "con", "action": "chooseStance", "doc": "S261deb04-A5ed849d0", "doclen": 593, "score": 32.88906178028636}
{"type": "toggleArgument", "timestamp": "2025-06-26T11:00:49.050Z", "sessionID": "9abbc258-47a0-4975-bf5f-83c2a5e64898", "rank": "7", "doc": "S19444029-A99bfb9ca", "action": "expand", "doclen": 595, "score": 32.401269535961006}
{"type": "StanceClicked", "timestamp": "2025-06-26T11:01:02.627Z", "sessionID": "9abbc258-47a0-4975-bf5f-83c2a5e64898", "rank": "7", "stance": "con", "action": "chooseStance", "doc": "S19444029-A99bfb9ca", "doclen": 595, "score": 32.401269535961006}
{"type": "toggleArgument", "timestamp": "2025-06-26T11:01:07.650Z", "sessionID": "9abbc258-47a0-4975-bf5f-83c2a5e64898", "rank": "8", "doc": "S21311659-Afe0947c5", "action": "expand", "doclen": 2651, "score": 32.397197519536135}
{"type": "StanceClicked", "timestamp": "2025-06-26T11:01:12.587Z", "sessionID": "9abbc258-47a0-4975-bf5f-83c2a5e64898", "rank": "8", "stance": "con", "action": "chooseStance", "doc": "S21311659-Afe0947c5", "doclen": 2651, "score": 32.397197519536135}
{"type": "toggleArgument", "timestamp": "2025-06-26T11:01:16.138Z", "sessionID": "9abbc258-47a0-4975-bf5f-83c2a5e64898", "rank": "10", "doc": "S922d439b-Ab101b0b4", "action": "expand", "doclen": 2996, "score": 32.09086886486605}
{"type": "StanceClicked", "timestamp": "2025-06-26T11:01:18.267Z", "sessionID": "9abbc258-47a0-4975-bf5f-83c2a5e64898", "rank": "10", "stance": "pro", "action": "chooseStance", "doc": "S922d439b-Ab101b0b4", "doclen": 2996, "score": 32.09086886486605}
{"type": "toggleArgument", "timestamp": "2025-06-26T11:01:24.435Z", "sessionID": "9abbc258-47a0-4975-bf5f-83c2a5e64898", "rank": "9", "doc": "S8ce6be05-Aec61401a", "action": "expand", "doclen": 974, "score": 32.100867699661904}
{"type": "StanceClicked", "timestamp": "2025-06-26T11:01:33.579Z", "sessionID": "9abbc258-47a0-4975-bf5f-83c2a5e64898", "rank": "9", "stance": "con", "action": "chooseStance", "doc": "S8ce6be05-Aec61401a", "doclen": 974, "score": 32.100867699661904}
{"type": "pageNavigationClicked", "timestamp": "2025-06-26T11:01:35.915Z", "sessionID": "9abbc258-47a0-4975-bf5f-83c2a5e64898", "clicked": "2", "fromPage": 1, "toPage": 2}
{"type": "toggleArgument", "timestamp": "2025-06-26T11:01:40.788Z", "sessionID": "9abbc258-47a0-4975-bf5f-83c2a5e64898", "rank": "11", "doc": "S7c26af48-A4afc389a", "action": "expand", "doclen": 2463, "score": 32.05634882989691}
{"type": "StanceClicked", "timestamp": "2025-06-26T11:01:45.020Z", "sessionID": "9abbc258-47a0-4975-bf5f-83c2a5e64898", "rank": "11", "stance": "con", "action": "chooseStance", "doc": "S7c26af48-A4afc389a", "doclen": 2463, "score": 32.05634882989691}
{"type": "toggleArgument", "timestamp": "2025-06-26T11:01:50.852Z", "sessionID": "9abbc258-47a0-4975-bf5f-83c2a5e64898", "rank": "12", "doc": "S922d439b-A8e9355eb", "action": "expand", "doclen": 1245, "score": 31.60057314891999}
{"type": "StanceClicked", "timestamp": "2025-06-26T11:02:15.006Z", "sessionID": "9abbc258-47a0-4975-bf5f-83c2a5e64898", "rank": "12", "stance": "con", "action": "chooseStance", "doc": "S922d439b-A8e9355eb", "doclen": 1245, "score": 31.60057314891999}
{"type": "toggleArgument", "timestamp": "2025-06-26T11:02:21.326Z", "sessionID": "9abbc258-47a0-4975-bf5f-83c2a5e64898", "rank": "13", "doc": "S8ce6be05-Ab3dc774d", "action": "expand", "doclen": 445, "score": 31.430689053306192}
{"type": "StanceClicked", "timestamp": "2025-06-26T11:02:23.958Z", "sessionID": "9abbc258-47a0-4975-bf5f-83c2a5e64898", "rank": "13", "stance": "pro", "action": "chooseStance", "doc": "S8ce6be05-Ab3dc774d", "doclen": 445, "score": 31.430689053306192}
{"type": "toggleArgument", "timestamp": "2025-06-26T11:02:35.054Z", "sessionID": "9abbc258-47a0-4975-bf5f-83c2a5e64898", "rank": "14", "doc": "S953ebef5-Ab2aaac6b", "action": "expand", "doclen": 1044, "score": 31.286121261248663}
{"type": "StanceClicked", "timestamp": "2025-06-26T11:02:40.038Z", "sessionID": "9abbc258-47a0-4975-bf5f-83c2a5e64898", "rank": "15", "stance": "con", "action": "chooseStance", "doc": "S2fa2d5d5-Adc5dfe71", "doclen": 973, "score": 31.152797288265724}
{"type": "StanceClicked", "timestamp": "2025-06-26T11:02:42.575Z", "sessionID": "9abbc258-47a0-4975-bf5f-83c2a5e64898", "rank": "17", "stance": "con", "action": "chooseStance", "doc": "Sce686c60-A35d2b91", "doclen": 1793, "score": 30.98175314921035}
{"type": "StanceClicked", "timestamp": "2025-06-26T11:02:47.663Z", "sessionID": "9abbc258-47a0-4975-bf5f-83c2a5e64898", "rank": "18", "stance": "pro", "action": "chooseStance", "doc": "S953ebf14-A93a5f98d", "doclen": 697, "score": 30.8302367509811}
{"type": "toggleArgument", "timestamp": "2025-06-26T11:02:54.519Z", "sessionID": "9abbc258-47a0-4975-bf5f-83c2a5e64898", "rank": "19", "doc": "S5461fdf6-A2f19b140", "action": "expand", "doclen": 488, "score": 29.696412456143968}
{"type": "StanceClicked", "timestamp": "2025-06-26T11:03:02.816Z", "sessionID": "9abbc258-47a0-4975-bf5f-83c2a5e64898", "rank": "19", "stance": "pro", "action": "chooseStance", "doc": "S5461fdf6-A2f19b140", "doclen": 488, "score": 29.696412456143968}
{"type": "StanceClicked", "timestamp": "2025-06-26T11:03:05.136Z", "sessionID": "9abbc258-47a0-4975-bf5f-83c2a5e64898", "rank": "20", "stance": "con", "action": "chooseStance", "doc": "S42633cc5-Abdf36238", "doclen": 297, "score": 29.624362630947974}
{"type": "pageNavigationClicked", "timestamp": "2025-06-26T11:03:07.391Z", "sessionID": "9abbc258-47a0-4975-bf5f-83c2a5e64898", "clicked": "3", "fromPage": 2, "toPage": 3}
{"type": "StanceClicked", "timestamp": "2025-06-26T11:03:17.792Z", "sessionID": "9abbc258-47a0-4975-bf5f-83c2a5e64898", "rank": "23", "stance": "pro", "action": "chooseStance", "doc": "Sc5a30943-Aaf14ddec", "doclen": 594, "score": 29.07983840329485}
{"type": "StanceClicked", "timestamp": "2025-06-26T11:03:20.249Z", "sessionID": "9abbc258-47a0-4975-bf5f-83c2a5e64898", "rank": "24", "stance": "con", "action": "chooseStance", "doc": "S2e7d8f78-A6120a48e", "doclen": 476, "score": 29.079123934984867}
{"type": "StanceClicked", "timestamp": "2025-06-26T11:03:27.912Z", "sessionID": "9abbc258-47a0-4975-bf5f-83c2a5e64898", "rank": "22", "stance": "con", "action": "chooseStance", "doc": "S141e3960-A994e8cc2", "doclen": 622, "score": 29.19539350094617}
{"type": "toggleArgument", "timestamp": "2025-06-26T11:03:37.544Z", "sessionID": "9abbc258-47a0-4975-bf5f-83c2a5e64898", "rank": "21", "doc": "Sf143e2ae-Ad24c6ed6", "action": "expand", "doclen": 1479, "score": 29.401662367000394}
{"type": "StanceClicked", "timestamp": "2025-06-26T11:03:42.753Z", "sessionID": "9abbc258-47a0-4975-bf5f-83c2a5e64898", "rank": "28", "stance": "con", "action": "chooseStance", "doc": "S42633cc5-A79a73ae3", "doclen": 1114, "score": 28.280444073859307}
{"type": "StanceClicked", "timestamp": "2025-06-26T11:03:52.058Z", "sessionID": "9abbc258-47a0-4975-bf5f-83c2a5e64898", "rank": "30", "stance": "con", "action": "chooseStance", "doc": "S3a3f4e49-Abd5c47b6", "doclen": 303, "score": 27.590142031874684}
{"type": "pageNavigationClicked", "timestamp": "2025-06-26T11:03:53.913Z", "sessionID": "9abbc258-47a0-4975-bf5f-83c2a5e64898", "clicked": "4", "fromPage": 3, "toPage": 4}
{"type": "toggleArgument", "timestamp": "2025-06-26T11:04:11.153Z", "sessionID": "9abbc258-47a0-4975-bf5f-83c2a5e64898", "rank": "31", "doc": "S652f23f4-A212f7771", "action": "expand", "doclen": 1907, "score": 27.54594415859895}
{"type": "StanceClicked", "timestamp": "2025-06-26T11:04:24.315Z", "sessionID": "9abbc258-47a0-4975-bf5f-83c2a5e64898", "rank": "35", "stance": "pro", "action": "chooseStance", "doc": "S2fa2d5d5-A5077b1d5", "doclen": 1136, "score": 27.224596226895077}
{"type": "StanceClicked", "timestamp": "2025-06-26T11:04:33.692Z", "sessionID": "9abbc258-47a0-4975-bf5f-83c2a5e64898", "rank": "34", "stance": "pro", "action": "chooseStance", "doc": "S87bd157b-A535fbc54", "doclen": 280, "score": 27.39104686417044}
{"type": "StanceClicked", "timestamp": "2025-06-26T11:04:44.755Z", "sessionID": "9abbc258-47a0-4975-bf5f-83c2a5e64898", "rank": "40", "stance": "con", "action": "chooseStance", "doc": "Sbb3f63e1-A1b5de0ea", "doclen": 1284, "score": 26.442770275619505}
{"type": "pageNavigationClicked", "timestamp": "2025-06-26T11:04:47.243Z", "sessionID": "9abbc258-47a0-4975-bf5f-83c2a5e64898", "clicked": "5", "fromPage": 4, "toPage": 5}
{"type": "StanceClicked", "timestamp": "2025-06-26T11:05:03.956Z", "sessionID": "9abbc258-47a0-4975-bf5f-83c2a5e64898", "rank": "41", "stance": "con", "action": "chooseStance", "doc": "Sc5a30943-A56cc2aad", "doclen": 857, "score": 26.36734856689463}
{"type": "StanceClicked", "timestamp": "2025-06-26T11:05:17.508Z", "sessionID": "9abbc258-47a0-4975-bf5f-83c2a5e64898", "rank": "44", "stance": "pro", "action": "chooseStance", "doc": "Sbb3f63e1-Aa7a066ed", "doclen": 303, "score": 25.738577285149695}
{"type": "toggleArgument", "timestamp": "2025-06-26T11:05:47.515Z", "sessionID": "9abbc258-47a0-4975-bf5f-83c2a5e64898", "rank": "46", "doc": "S2fa2d5d5-Afcfd82ba", "action": "expand", "doclen": 1413, "score": 25.13071460251814}
{"type": "StanceClicked", "timestamp": "2025-06-26T11:05:54.563Z", "sessionID": "9abbc258-47a0-4975-bf5f-83c2a5e64898", "rank": "46", "stance": "con", "action": "chooseStance", "doc": "S2fa2d5d5-Afcfd82ba", "doclen": 1413, "score": 25.13071460251814}
{"type": "pageNavigationClicked", "timestamp": "2025-06-26T11:06:04.363Z", "sessionID": "9abbc258-47a0-4975-bf5f-83c2a5e64898", "clicked": "6", "fromPage": 5, "toPage": 6}
{"type": "StanceClicked", "timestamp": "2025-06-26T11:06:31.852Z", "sessionID": "9abbc258-47a0-4975-bf5f-83c2a5e64898", "rank": "55", "stance": "con", "action": "chooseStance", "doc": "S953ebf14-A945651f8", "doclen": 408, "score": 18.72710118584365}
{"type": "StanceClicked", "timestamp": "2025-06-26T11:06:32.139Z", "sessionID": "9abbc258-47a0-4975-bf5f-83c2a5e64898", "rank": "55", "stance": "con", "action": "removeStance", "doc": "S953ebf14-A945651f8", "doclen": 408, "score": 18.72710118584365}
{"type": "StanceClicked", "timestamp": "2025-06-26T11:06:32.595Z", "sessionID": "9abbc258-47a0-4975-bf5f-83c2a5e64898", "rank": "55", "stance": "pro", "action": "chooseStance", "doc": "S953ebf14-A945651f8", "doclen": 408, "score": 18.72710118584365}
{"type": "queryBoxFocused", "timestamp": "2025-06-26T11:06:47.384Z", "sessionID": "9abbc258-47a0-4975-bf5f-83c2a5e64898"}
{"type": "querySubmitted", "timestamp": "2025-06-26T11:06:57.909Z", "sessionID": "9abbc258-47a0-4975-bf5f-83c2a5e64898", "query": "penny abolish"}
{"docno": "S2e7d8f78-A6120a48e", "score": 29.85364380599254}
{"docno": "S7c26af48-Ae5a2104c", "score": 27.756016356933635}
{"docno": "Sc5a30943-A56cc2aad", "score": 27.66238411137455}
{"docno": "S2e7d8f78-A44ca8343", "score": 26.219014087842417}
{"docno": "S7c26af48-Aa8f4e0ba", "score": 25.9551114434742}
{"docno": "S953ebef5-Ab2aaac6b", "score": 25.00649417921663}
{"docno": "S922d439b-Ab101b0b4", "score": 24.16022182087932}
{"docno": "S3207095a-Abd023f4f", "score": 23.739391952789255}
{"docno": "S2fa2d5d5-A5077b1d5", "score": 22.66881948947239}
{"docno": "S19444029-A14952972", "score": 21.936630944039912}
{"docno": "S953ebef5-A964cade4", "score": 21.802543642020396}
{"docno": "S8a961be4-A4e879707", "score": 21.44635393160914}
{"docno": "S2fa2d5d5-Ada49c3d0", "score": 21.02961317701944}
{"docno": "S2fa2d5d5-Afcfd82ba", "score": 20.772226918673148}
{"docno": "S3a3f4e49-A2b4ff185", "score": 20.76403931564748}
{"docno": "S953ebf14-Acd4109a1", "score": 19.54363327642388}
{"docno": "S2fa2d5d5-Ad27c4e80", "score": 19.433431919974996}
{"docno": "Sc5a30943-Aaf14ddec", "score": 19.241498688622595}
{"docno": "S8ce6be05-Ab3dc774d", "score": 19.1678258930677}
{"docno": "S652f23f4-Ae0220128", "score": 19.090554503131795}
{"docno": "S953ebf14-A945651f8", "score": 18.72710118584365}
{"docno": "S7c26af48-A4afc389a", "score": 18.67924470697479}
{"docno": "S261deb04-A5ed849d0", "score": 18.6415346194628}
{"docno": "S21311659-Afe0947c5", "score": 18.575625238479077}
{"docno": "S953ebf14-A93a5f98d", "score": 18.454850113620655}
{"docno": "S35161051-A81501437", "score": 18.43858233102106}
{"docno": "S261deb04-A5522b232", "score": 18.3668443925896}
{"docno": "S35161051-Ac727df0f", "score": 18.346003925868434}
{"docno": "S261deb04-A27eaea5", "score": 18.22651878930904}
{"docno": "S3207095a-A83bd6c08", "score": 18.209619768120064}
{"docno": "S652f23f4-A212f7771", "score": 18.157157010093197}
{"docno": "S35161051-A25c4a846", "score": 18.117960752992246}
{"docno": "S8ce6be05-A7e62c8d8", "score": 18.084135806143586}
{"docno": "S3a3f4e49-A8bcf602f", "score": 18.053394705059176}
{"docno": "S652f23f4-A5e6065bf", "score": 17.986130798394264}
{"docno": "S35161051-Abe61ebcc", "score": 17.892253506262584}
{"docno": "S87bd157b-A1433c3c4", "score": 17.82157158546929}
{"docno": "S953ebef5-A24d2786c", "score": 17.807198427540257}
{"docno": "S8bcc4a46-A3713f9f0", "score": 17.74406279649968}
{"docno": "S540788cc-A806939a3", "score": 17.698236814574848}
{"docno": "S652f23f4-Aa80161bd", "score": 17.659996251894533}
{"docno": "S261deb04-A5982d236", "score": 17.634520747548443}
{"docno": "Sb59a9ba7-A78b7723e", "score": 17.612757305537144}
{"docno": "S141e3960-A994e8cc2", "score": 17.549217351819856}
{"docno": "S953ebf14-A523d2cf0", "score": 17.5062835056831}
{"docno": "S19444029-A201b8152", "score": 17.49588973528596}
{"docno": "S261deb04-Ae0b01071", "score": 17.46737040091911}
{"docno": "Sf143e2ae-Ad24c6ed6", "score": 17.4473564941829}
{"docno": "S1d4dd2b5-Aa694d155", "score": 17.438387163794403}
{"docno": "S2fa2d5d5-A9d155a7f", "score": 17.417317333877293}
{"docno": "S3207095a-A40bf30c", "score": 17.385848173107625}
{"docno": "Sab7e692e-A4ca647b2", "score": 17.38367261500826}
{"docno": "S35161051-Ab4db26fc", "score": 17.3513902315844}
{"docno": "S652f23f4-A6c2ea7d6", "score": 17.297151744994768}
{"docno": "S8ce6be05-Aec61401a", "score": 16.999574738915143}
{"docno": "S42633cc5-Ac24ab54e", "score": 16.88471950551847}
{"docno": "S141e3960-Aa12a2f1e", "score": 16.82440689988059}
{"docno": "S2fa2d5d5-A7fcff6dc", "score": 16.777333748132136}
{"docno": "Safb33354-Ad0aa1142", "score": 16.699780741018554}
{"docno": "S64d27e41-Ae2bcb31e", "score": 16.699780741018554}
{"docno": "S35eeec39-A864087d", "score": 16.672194990210084}
{"docno": "S141e3960-A6226e9be", "score": 16.59711719051033}
{"docno": "Safb33354-A9540f751", "score": 16.56516277793856}
{"docno": "S19444029-A99bfb9ca", "score": 16.563385233000638}
{"docno": "S2fa2d5d5-Adc5dfe71", "score": 16.51214979997516}
{"docno": "Sf143e2ae-A9058c0a1", "score": 16.51214979997516}
{"docno": "Safb33354-Abd209659", "score": 16.379362196357715}
{"docno": "S8bcc4a46-A683b6775", "score": 16.30758198022328}
{"docno": "S42633cc5-Abdf36238", "score": 16.303448117446887}
{"docno": "S64d27e41-A5fa1839e", "score": 16.260838308207067}
{"docno": "S64d27e41-A422cf719", "score": 16.164989627728257}
{"docno": "S3a3f4e49-Abd5c47b6", "score": 16.08992697312917}
{"docno": "S35161051-Add27837", "score": 16.039260790323944}
{"docno": "S261deb04-Acf33df12", "score": 16.01999070926727}
{"docno": "Sfccc9c6e-A7dd42cf4", "score": 15.914552844055933}
{"docno": "S5dbc32e9-Ad784f3ef", "score": 15.81378277188451}
{"docno": "S64d27e41-A767f7fd2", "score": 15.696416452575894}
{"docno": "S922d439b-A8e9355eb", "score": 15.64311979597801}
{"docno": "S42633cc5-A79a73ae3", "score": 15.58296274159604}
{"docno": "S8bc322f7-Ac231185c", "score": 15.546957315385443}
{"docno": "Sce686c60-A35d2b91", "score": 15.464135538361296}
{"docno": "S19444029-A5e6e2be4", "score": 15.312181868257605}
{"docno": "Sf143e2ae-A5ec56188", "score": 15.312181868257605}
{"docno": "S7c26af48-A7e3e88e", "score": 15.219821028214414}
{"docno": "Sbb3f63e1-A6ae1c89a", "score": 15.095150703901643}
{"docno": "S5461fdf6-A2f19b140", "score": 14.978317780597548}
{"docno": "S35be6163-Ac8cc8695", "score": 14.972506212756905}
{"docno": "S87bd157b-Ab5176aa6", "score": 14.972506212756905}
{"docno": "Saa45f9c6-A8bd78b45", "score": 14.857556827809141}
{"docno": "S652f23f4-A41445004", "score": 14.851838574502533}
{"docno": "S540788cc-A8978d85f", "score": 14.851838574502533}
{"docno": "S953ebef5-A6609c38a", "score": 14.830519513737391}
{"docno": "S6dfe1317-A7d7bb5a6", "score": 14.800741485529201}
{"docno": "S1f6a202a-A432bb827", "score": 14.797903635492444}
{"docno": "S9ca7424d-Aec1c8bc3", "score": 14.771082799610289}
{"docno": "S6dfe12f8-Af8321b92", "score": 14.771082799610289}
{"docno": "S7bf53995-Ad43a6eca", "score": 14.337386012033015}
{"docno": "Sc714f34f-A3d9cf795", "score": 14.058716523352086}
{"docno": "Sc714f34f-A17fab670", "score": 14.058716523352086}
{"docno": "Sefaad119-Aea9a3525", "score": 13.986334516323401}
{"type": "pageNavigationClicked", "timestamp": "2025-06-26T11:07:13.363Z", "sessionID": "9abbc258-47a0-4975-bf5f-83c2a5e64898", "clicked": "5", "fromPage": 1, "toPage": 5}
{"type": "toggleArgument", "timestamp": "2025-06-26T11:07:20.723Z", "sessionID": "9abbc258-47a0-4975-bf5f-83c2a5e64898", "rank": "43", "doc": "Sb59a9ba7-A78b7723e", "action": "expand", "doclen": 1910, "score": 17.612757305537144}
{"type": "StanceClicked", "timestamp": "2025-06-26T11:07:53.876Z", "sessionID": "9abbc258-47a0-4975-bf5f-83c2a5e64898", "rank": "48", "stance": "con", "action": "chooseStance", "doc": "Sf143e2ae-Ad24c6ed6", "doclen": 1479, "score": 29.401662367000394}
{"type": "pageNavigationClicked", "timestamp": "2025-06-26T11:07:58.164Z", "sessionID": "9abbc258-47a0-4975-bf5f-83c2a5e64898", "clicked": "6", "fromPage": 5, "toPage": 6}
{"type": "StanceClicked", "timestamp": "2025-06-26T11:08:11.380Z", "sessionID": "9abbc258-47a0-4975-bf5f-83c2a5e64898", "rank": "58", "stance": "con", "action": "chooseStance", "doc": "S2fa2d5d5-A7fcff6dc", "doclen": 1500, "score": 24.133406690210585}
{"type": "pageNavigationClicked", "timestamp": "2025-06-26T11:08:16.787Z", "sessionID": "9abbc258-47a0-4975-bf5f-83c2a5e64898", "clicked": "10", "fromPage": 6, "toPage": 10}
{"type": "StanceClicked", "timestamp": "2025-06-26T11:08:23.044Z", "sessionID": "9abbc258-47a0-4975-bf5f-83c2a5e64898", "rank": "91", "stance": "pro", "action": "chooseStance", "doc": "S540788cc-A8978d85f", "doclen": 126, "score": 14.851838574502533}
{"type": "ClickedEndTask", "timestamp": "2025-06-26T11:08:30.084Z", "sessionID": "9abbc258-47a0-4975-bf5f-83c2a5e64898"}
{"type": "TaskEndConfirmed", "timestamp": "2025-06-26T11:08:31.956Z", "sessionID": "9abbc258-47a0-4975-bf5f-83c2a5e64898"}
{"type": "TaskEnded", "timestamp": "2025-06-26T11:08:38.308Z", "sessionID": "9abbc258-47a0-4975-bf5f-83c2a5e64898", "reason": "Zeit abgelaufen\n", "translated_reason": "Time expired"}
