{"type": "TaskStarted", "timestamp": "2025-06-26T11:00:32.967Z", "sessionID": "4b334ff6-866d-4c71-a2f8-1cd9662a01b0", "task": "2", "uid": "Participant2", "topic": "Is obesity a disease?"}
{"type": "queryBoxFocused", "timestamp": "2025-06-26T11:00:34.570Z", "sessionID": "4b334ff6-866d-4c71-a2f8-1cd9662a01b0"}
{"type": "querySubmitted", "timestamp": "2025-06-26T11:00:43.648Z", "sessionID": "4b334ff6-866d-4c71-a2f8-1cd9662a01b0", "query": "is obesity a disease"}
{"docno": "S636669d7-A6a282c9d", "score": 25.042872477047453}
{"docno": "Sb5b096db-A6748ad96", "score": 24.889801711507054}
{"docno": "Sb5b096db-Ac5f4a991", "score": 23.3635125440244}
{"docno": "S21e2b85c-A56606e73", "score": 23.360057838049414}
{"docno": "S21e2b85c-A4f7b3e4c", "score": 23.13986557795817}
{"docno": "S21e2b85c-Aa1ed4daf", "score": 22.852839401598068}
{"docno": "S4365c705-A3ac49e58", "score": 22.823378392349312}
{"docno": "Scb509540-A3a7f4447", "score": 22.80679668958289}
{"docno": "S21e2b85c-A161deb9d", "score": 22.696160569947285}
{"docno": "S2245ae98-A87404e78", "score": 22.452319723911422}
{"docno": "Sefbdcc9f-A879cec18", "score": 22.181766898018125}
{"docno": "S720c8ec-Adaf0411a", "score": 22.131458408058585}
{"docno": "S7b734685-A7db0db3c", "score": 22.04375062417001}
{"docno": "Sb09f1711-A3a292c99", "score": 21.048323338873423}
{"docno": "Sb37c5615-A60772bd7", "score": 20.940487909835507}
{"docno": "Sfb2e263c-Ad8986c10", "score": 20.82084141767481}
{"docno": "Sa8af0abf-Aadd9eef2", "score": 20.809814276794253}
{"docno": "S97bcd2c0-Ae0779c7e", "score": 20.44171887213511}
{"docno": "Scb509540-Abece3217", "score": 20.307912787625007}
{"docno": "S2245ae98-A5fc572a7", "score": 20.035552075445498}
{"docno": "S445d9e6e-Aaa6a8b5e", "score": 19.74425196505761}
{"docno": "Sd4a2b65c-A615248e6", "score": 19.671929179938353}
{"docno": "S63392463-Ab81ff71e", "score": 19.401465311461994}
{"docno": "S1e7f4ed8-A48d5c75", "score": 19.38095892140919}
{"docno": "Sb5b096db-Af5f10dbb", "score": 19.335957781457047}
{"docno": "Sb5b096db-A37f18196", "score": 19.287354888074677}
{"docno": "S2f8534ff-A2d385d5a", "score": 19.284371873697165}
{"docno": "S2835af09-Aca35a6a", "score": 19.0278845553193}
{"docno": "S745edcc5-A18b06b0a", "score": 18.871725839045368}
{"docno": "Sb945ca11-A41ca93db", "score": 18.855633303978696}
{"docno": "Sb12a88b2-Af40538de", "score": 18.810891052070335}
{"docno": "S636669d7-A5b3d0e8d", "score": 18.78294605053562}
{"docno": "S636669d7-Abd228f33", "score": 18.459653083081832}
{"docno": "Sc9b434d4-A788e6fe2", "score": 18.33853588745321}
{"docno": "Sb5b096db-A7035c7b5", "score": 18.336019221796036}
{"docno": "S1e7f4ed8-Ae157ca48", "score": 18.288289218325012}
{"docno": "S2835af09-A65b7b8", "score": 18.228550545251803}
{"docno": "Sc4eaae9b-Ac65bf1ed", "score": 18.15209435957243}
{"docno": "S21e2b85c-A148fb2f7", "score": 17.905610482964395}
{"docno": "Se1952864-Acbe9a15b", "score": 17.8712656954305}
{"docno": "Sd766d928-A70da558a", "score": 17.74789511157047}
{"docno": "S199eda63-A1dd80f1", "score": 17.536692533366733}
{"docno": "S6327257c-A95ebc2fc", "score": 17.518245809726466}
{"docno": "S264c3a60-Af9f79eb9", "score": 17.50863752987819}
{"docno": "Scf3f8df7-Ab4272b47", "score": 17.438832986231958}
{"docno": "S95627a9d-A126cb3f5", "score": 17.296738457905278}
{"docno": "S2a10529c-Ac2eebdd0", "score": 17.263287521041743}
{"docno": "S3b7407bb-Afbefef6e", "score": 17.181488752762828}
{"docno": "S129ce23f-A4af46b02", "score": 17.0800421730066}
{"docno": "S98fa500a-Aa338f7a2", "score": 17.067764719980257}
{"docno": "Sfdb7b7d4-Aa0b66d7c", "score": 17.067764719980257}
{"docno": "S95a47-Ad48e5ee5", "score": 16.86376412883625}
{"docno": "Sab908431-A4b2b19f8", "score": 16.718910409956827}
{"docno": "Saabd82bf-A35cb1dd6", "score": 16.57545979151402}
{"docno": "S3a5f8370-Ab3f4eee3", "score": 16.46836813599182}
{"docno": "S3b7407bb-Af4626ac8", "score": 16.425318640697125}
{"docno": "S63392463-Aacab30c8", "score": 16.415827913350263}
{"docno": "S36aea26b-A1e80a903", "score": 16.26886248846719}
{"docno": "S37063803-Ad3c282bc", "score": 16.2319728693433}
{"docno": "S615af073-A977b289d", "score": 16.21648984140922}
{"docno": "Sd9ed1164-A983799a2", "score": 16.176433288107404}
{"docno": "S6327257c-A8d74df04", "score": 16.108186007148884}
{"docno": "Sbff0970b-A8f33d67e", "score": 15.976988319585015}
{"docno": "S9896d40f-A471e3585", "score": 15.9094183377261}
{"docno": "S63392463-Afd5004a9", "score": 15.9094183377261}
{"docno": "S3c486dec-Ab14927ea", "score": 15.851721557982792}
{"docno": "Sac0181e3-A13cd684", "score": 15.848488732230834}
{"docno": "S36aea26b-A69edce76", "score": 15.7149811555805}
{"docno": "S61b1ed2-Afc0632f0", "score": 15.711979160525475}
{"docno": "S59921373-A9a590852", "score": 15.674041725884422}
{"docno": "S104c1a05-Aa0c75140", "score": 15.526244777652721}
{"docno": "S2f8534ff-A95198396", "score": 15.470032298372587}
{"docno": "Sb37c5615-A5856978c", "score": 15.463050403181246}
{"docno": "S9a25340e-Aef417485", "score": 15.433318070602184}
{"docno": "Sae051343-A3d853f2a", "score": 15.341497103749415}
{"docno": "Sb818a298-A97445c89", "score": 15.271437743662268}
{"docno": "S7b734685-Aa935d367", "score": 15.257135049756162}
{"docno": "Sc3cbe7d1-A5fe5a7d5", "score": 15.250762257920545}
{"docno": "Sece797c7-Aab13334", "score": 15.079231657737981}
{"docno": "Sb1e91381-A46b816a7", "score": 15.079231657737981}
{"docno": "S636669d7-A8ee13dc4", "score": 14.898307570766399}
{"docno": "S821d0b5d-A4d8813b", "score": 14.880875448826801}
{"docno": "S8662c54-A6d8d3a7c", "score": 14.791027457708527}
{"docno": "Se1952864-A14ab8062", "score": 14.747509060548916}
{"docno": "S6e81aa86-Ac6b0724c", "score": 14.744006015613204}
{"docno": "S8d3d280d-Ad7510569", "score": 14.706012315956695}
{"docno": "S8662c54-A587c9d", "score": 14.687381756373043}
{"docno": "S8164800e-A7c63684", "score": 14.62146031326272}
{"docno": "S8164800e-A17b98d12", "score": 14.61418951873018}
{"docno": "S1e7f4ed8-A7770e0a", "score": 14.604502722026462}
{"docno": "Sda94a2ff-Aae72a94c", "score": 14.59087836559455}
{"docno": "S5efbb5ee-A83ed4e56", "score": 14.55996914630517}
{"docno": "Sab908431-A14b721cc", "score": 14.55753912954559}
{"docno": "S63e2eca-Ae93a74be", "score": 14.53176673876171}
{"docno": "S720c8ec-A3bc92fbe", "score": 14.446211904879073}
{"docno": "S4365c705-A9a62db62", "score": 14.32493554994381}
{"docno": "S590c815-A6125df16", "score": 14.306544162447876}
{"docno": "S672e8c7b-Aba2381ba", "score": 14.304163845627093}
{"docno": "Sebf02ef3-Aa7d67990", "score": 14.28331769918444}
{"docno": "Sc095d706-Aba86f804", "score": 14.267348590954407}
{"type": "toggleArgument", "timestamp": "2025-06-26T11:00:48.151Z", "sessionID": "4b334ff6-866d-4c71-a2f8-1cd9662a01b0", "rank": "1", "doc": "S636669d7-A6a282c9d", "action": "expand", "doclen": 566, "score": 25.042872477047453}
{"type": "toggleArgument", "timestamp": "2025-06-26T11:00:55.286Z", "sessionID": "4b334ff6-866d-4c71-a2f8-1cd9662a01b0", "rank": "2", "doc": "Sb5b096db-A6748ad96", "action": "expand", "doclen": 1025, "score": 24.889801711507054}
{"type": "StanceClicked", "timestamp": "2025-06-26T11:02:03.207Z", "sessionID": "4b334ff6-866d-4c71-a2f8-1cd9662a01b0", "rank": "2", "stance": "con", "action": "chooseStance", "doc": "Sb5b096db-A6748ad96", "doclen": 1025, "score": 24.889801711507054}
{"type": "toggleArgument", "timestamp": "2025-06-26T11:02:05.134Z", "sessionID": "4b334ff6-866d-4c71-a2f8-1cd9662a01b0", "rank": "3", "doc": "Sb5b096db-Ac5f4a991", "action": "expand", "doclen": 1286, "score": 23.3635125440244}
{"type": "StanceClicked", "timestamp": "2025-06-26T11:02:59.807Z", "sessionID": "4b334ff6-866d-4c71-a2f8-1cd9662a01b0", "rank": "3", "stance": "pro", "action": "chooseStance", "doc": "Sb5b096db-Ac5f4a991", "doclen": 1286, "score": 23.3635125440244}
{"type": "toggleArgument", "timestamp": "2025-06-26T11:03:02.142Z", "sessionID": "4b334ff6-866d-4c71-a2f8-1cd9662a01b0", "rank": "4", "doc": "S21e2b85c-A56606e73", "action": "expand", "doclen": 467, "score": 23.360057838049414}
{"type": "toggleArgument", "timestamp": "2025-06-26T11:03:19.814Z", "sessionID": "4b334ff6-866d-4c71-a2f8-1cd9662a01b0", "rank": "5", "doc": "S21e2b85c-A4f7b3e4c", "action": "expand", "doclen": 1153, "score": 23.13986557795817}
{"type": "toggleArgument", "timestamp": "2025-06-26T11:04:03.486Z", "sessionID": "4b334ff6-866d-4c71-a2f8-1cd9662a01b0", "rank": "6", "doc": "S21e2b85c-Aa1ed4daf", "action": "expand", "doclen": 1278, "score": 22.852839401598068}
{"type": "StanceClicked", "timestamp": "2025-06-26T11:05:11.950Z", "sessionID": "4b334ff6-866d-4c71-a2f8-1cd9662a01b0", "rank": "6", "stance": "pro", "action": "chooseStance", "doc": "S21e2b85c-Aa1ed4daf", "doclen": 1278, "score": 22.852839401598068}
{"type": "toggleArgument", "timestamp": "2025-06-26T11:05:15.350Z", "sessionID": "4b334ff6-866d-4c71-a2f8-1cd9662a01b0", "rank": "7", "doc": "S4365c705-A3ac49e58", "action": "expand", "doclen": 1610, "score": 22.823378392349312}
{"type": "toggleArgument", "timestamp": "2025-06-26T11:06:17.334Z", "sessionID": "4b334ff6-866d-4c71-a2f8-1cd9662a01b0", "rank": "8", "doc": "Scb509540-A3a7f4447", "action": "expand", "doclen": 634, "score": 22.80679668958289}
{"type": "toggleArgument", "timestamp": "2025-06-26T11:07:01.566Z", "sessionID": "4b334ff6-866d-4c71-a2f8-1cd9662a01b0", "rank": "9", "doc": "S21e2b85c-A161deb9d", "action": "expand", "doclen": 1327, "score": 22.696160569947285}
{"type": "toggleArgument", "timestamp": "2025-06-26T11:07:28.797Z", "sessionID": "4b334ff6-866d-4c71-a2f8-1cd9662a01b0", "rank": "10", "doc": "S2245ae98-A87404e78", "action": "expand", "doclen": 185, "score": 22.452319723911422}
{"type": "pageNavigationClicked", "timestamp": "2025-06-26T11:07:37.492Z", "sessionID": "4b334ff6-866d-4c71-a2f8-1cd9662a01b0", "clicked": "2", "fromPage": 1, "toPage": 2}
{"type": "toggleArgument", "timestamp": "2025-06-26T11:07:40.044Z", "sessionID": "4b334ff6-866d-4c71-a2f8-1cd9662a01b0", "rank": "11", "doc": "Sefbdcc9f-A879cec18", "action": "expand", "doclen": 1097, "score": 22.181766898018125}
{"type": "toggleArgument", "timestamp": "2025-06-26T11:08:22.621Z", "sessionID": "4b334ff6-866d-4c71-a2f8-1cd9662a01b0", "rank": "12", "doc": "S720c8ec-Adaf0411a", "action": "expand", "doclen": 585, "score": 22.131458408058585}
{"type": "toggleArgument", "timestamp": "2025-06-26T11:08:28.657Z", "sessionID": "4b334ff6-866d-4c71-a2f8-1cd9662a01b0", "rank": "13", "doc": "S7b734685-A7db0db3c", "action": "expand", "doclen": 681, "score": 22.04375062417001}
{"type": "toggleArgument", "timestamp": "2025-06-26T11:08:31.458Z", "sessionID": "4b334ff6-866d-4c71-a2f8-1cd9662a01b0", "rank": "14", "doc": "Sb09f1711-A3a292c99", "action": "expand", "doclen": 1150, "score": 21.048323338873423}
{"type": "toggleArgument", "timestamp": "2025-06-26T11:08:59.002Z", "sessionID": "4b334ff6-866d-4c71-a2f8-1cd9662a01b0", "rank": "15", "doc": "Sb37c5615-A60772bd7", "action": "expand", "doclen": 973, "score": 20.940487909835507}
{"type": "toggleArgument", "timestamp": "2025-06-26T11:08:55.461Z", "sessionID": "4b334ff6-866d-4c71-a2f8-1cd9662a01b0", "rank": "16", "doc": "Sfb2e263c-Ad8986c10", "action": "expand", "doclen": 826, "score": 20.82084141767481}
{"type": "toggleArgument", "timestamp": "2025-06-26T11:09:04.389Z", "sessionID": "4b334ff6-866d-4c71-a2f8-1cd9662a01b0", "rank": "19", "doc": "Scb509540-Abece3217", "action": "expand", "doclen": 840, "score": 20.307912787625007}
{"type": "ClickedEndTask", "timestamp": "2025-06-26T11:09:29.197Z", "sessionID": "4b334ff6-866d-4c71-a2f8-1cd9662a01b0"}
{"type": "TaskEndConfirmed", "timestamp": "2025-06-26T11:09:33.230Z", "sessionID": "4b334ff6-866d-4c71-a2f8-1cd9662a01b0"}
{"type": "TaskEnded", "timestamp": "2025-06-26T11:09:43.181Z", "sessionID": "4b334ff6-866d-4c71-a2f8-1cd9662a01b0", "reason": "the time is up", "translated_reason": "The Time Is Up"}
