{"type": "idSubmitted", "timestamp": "2025-06-26T10:49:56.694Z", "sessionID": "8c7470b4-e9dd-414e-8b2a-bf3473dd0fb7", "uid": "Participant59"}
{"type": "TaskStarted", "timestamp": "2025-06-26T10:46:38.005Z", "sessionID": "8c7470b4-e9dd-414e-8b2a-bf3473dd0fb7", "task": "1", "uid": "Participant59", "topic": "Should abortion be legal?"}
{"type": "queryBoxFocused", "timestamp": "2025-06-26T10:46:41.845Z", "sessionID": "8c7470b4-e9dd-414e-8b2a-bf3473dd0fb7"}
{"type": "querySubmitted", "timestamp": "2025-06-26T10:46:47.469Z", "sessionID": "8c7470b4-e9dd-414e-8b2a-bf3473dd0fb7", "query": "abortion arguments"}
{"docno": "Saaf6e964-A497178d5", "score": 12.175485926382878}
{"docno": "S1037c4eb-Af57f14ba", "score": 11.866164878001078}
{"docno": "S3b40d7ed-A5a72b57e", "score": 11.74108065776929}
{"docno": "S7586c763-A86e3f08f", "score": 11.740016312080293}
{"docno": "S1037c4eb-A8f682c1a", "score": 11.711313157019656}
{"docno": "Sb18605df-Abded56c7", "score": 11.683454022009672}
{"docno": "S95429d28-A7f734fc1", "score": 11.66282554349905}
{"docno": "S47e72d43-A47f0359", "score": 11.652172245880923}
{"docno": "Sb1861087-A713a6af8", "score": 11.624646311948112}
{"docno": "S7586b87e-A10f752bc", "score": 11.621985522575844}
{"docno": "Sb18778e7-A7ede965c", "score": 11.603768728165416}
{"docno": "Sb1860dbe-Ad3377f3e", "score": 11.578205746494557}
{"docno": "S6702bd00-Ac84f3158", "score": 11.574538806357006}
{"docno": "Sb1860ddd-A6c94fdc5", "score": 11.57064447137774}
{"docno": "S7ced100-A10486cd5", "score": 11.569713285792227}
{"docno": "S16683ec1-A2320f3b3", "score": 11.55827788996399}
{"docno": "Saaf6e964-Aaa793d6e", "score": 11.557048319011132}
{"docno": "Se90444ea-Adc344dc8", "score": 11.55432704699531}
{"docno": "Sc949556f-Aed424207", "score": 11.550659747563238}
{"docno": "S7586bc3f-A868b5213", "score": 11.539352048738419}
{"docno": "S47ca7ddf-A374dac7f", "score": 11.538617593200255}
{"docno": "S75863939-A608a7ce4", "score": 11.53552026739144}
{"docno": "S215e6408-A36a08606", "score": 11.530395789751745}
{"docno": "Sb4173086-Ac695dd79", "score": 11.526859489557012}
{"docno": "S6de19528-A2243a47b", "score": 11.519084970900252}
{"docno": "S47ca9b8a-A9cc8c04f", "score": 11.519084970900252}
{"docno": "Sb67fc3fb-Af1d03e34", "score": 11.500728797044099}
{"docno": "S5022a952-A429b65b", "score": 11.469421469162004}
{"docno": "Sb67fc3fb-Af82c4d5", "score": 11.466129645405356}
{"docno": "Sb18778e7-A50f53372", "score": 11.446966360895452}
{"docno": "Sb1860981-A1dc58560", "score": 11.446360934410972}
{"docno": "Sf22165b7-A409c6971", "score": 11.439039859048249}
{"docno": "S1eb8b86d-Aa46e6f5c", "score": 11.436997566066694}
{"docno": "Seb3c14b0-Af64012e1", "score": 11.416041622150988}
{"docno": "S8b1c2c7d-Ad96d3b3a", "score": 11.394594922414623}
{"docno": "S661186d2-A298aae65", "score": 11.384941784833348}
{"docno": "S72a540d2-A735a6aa1", "score": 11.37433013365587}
{"docno": "Sc023519e-A8eec0e96", "score": 11.366292668416508}
{"docno": "S353581ab-A727bbe63", "score": 11.358384898824145}
{"docno": "S7b4e7a52-Aaaf08692", "score": 11.34972974084364}
{"docno": "Sb18594e4-A328792b3", "score": 11.330507775427797}
{"docno": "S3f39d4cd-A9639d16f", "score": 11.310826900702295}
{"docno": "S54a472a0-Ac3c3323c", "score": 11.277959503235506}
{"docno": "Sf5340bc9-A2f1aa5b7", "score": 11.276649975279348}
{"docno": "Seb3c14b0-Aeace6e48", "score": 11.272977185476945}
{"docno": "S9b3e0608-Ab496d9f1", "score": 11.270048770538814}
{"docno": "Sb38c2a52-A46bf90c3", "score": 11.259442092940604}
{"docno": "S541f2011-Ae32355fe", "score": 11.250730908218948}
{"docno": "Saad4e330-A2b6753e4", "score": 11.244923990421539}
{"docno": "S6141ed46-A31608fd6", "score": 11.243030572621345}
{"docno": "S34ff0ffb-A86842c79", "score": 11.243030572621345}
{"docno": "S1b170d3e-Afc5c54bf", "score": 11.243030572621345}
{"docno": "Sf9097cbd-Aca9205f8", "score": 11.243030572621345}
{"docno": "S8ff2a47b-Abc05285", "score": 11.23698894957369}
{"docno": "Sa4cc1d1c-A677b369f", "score": 11.231627526129774}
{"docno": "S3403ee9e-A19899624", "score": 11.229422088696674}
{"docno": "S81f54f0-A3d4b2aa3", "score": 11.221575534771743}
{"docno": "Se565a5c9-A335ccbf2", "score": 11.204601796289811}
{"docno": "S684fcb10-Aca128861", "score": 11.203414576269155}
{"docno": "Sc75a481c-A7eccf59f", "score": 11.203414576269155}
{"docno": "S684fcb2f-Aca128861", "score": 11.203414576269155}
{"docno": "Sed0c8756-Af839d4c", "score": 11.199604686171561}
{"docno": "Sb67fc3fb-A6a5f0cc8", "score": 11.199604686171561}
{"docno": "S47ca938c-A822b54a5", "score": 11.196454395202597}
{"docno": "S7a2d1f87-A26d2d73f", "score": 11.190389735185981}
{"docno": "Sb187e621-A1b632bad", "score": 11.187832873822988}
{"docno": "S100c174f-A9b33dec5", "score": 11.183520081272166}
{"docno": "S670241ba-Ab7f81fbe", "score": 11.178276600863917}
{"docno": "Sb185a407-A4f57d756", "score": 11.172432791003805}
{"docno": "S8fb67476-A5bef162b", "score": 11.162927358123593}
{"docno": "Sb724dc28-Ae0c9768d", "score": 11.158315834791745}
{"docno": "S3b40d80c-Aab99db99", "score": 11.152707321975077}
{"docno": "S5c6af1aa-Ae67c079b", "score": 11.151152769109911}
{"docno": "S8254cf01-A539fe5a4", "score": 11.146548614733012}
{"docno": "Sbcd69901-Ad5485f5e", "score": 11.132256460302825}
{"docno": "S5aefc203-A6199b495", "score": 11.12741978019829}
{"docno": "Sb4173086-A406006f9", "score": 11.117849633262471}
{"docno": "Sce473233-A8be3f108", "score": 11.113897361318285}
{"docno": "S6702cc04-A73ba5da0", "score": 11.113897361318285}
{"docno": "S73946b9f-Ae5e1d6b2", "score": 11.112534003743091}
{"docno": "Sdcbd8324-A5ab9c92a", "score": 11.107496228690977}
{"docno": "S85c63a3b-Ac5dde8fc", "score": 11.101047467039464}
{"docno": "S7a2d1fa6-Ad93622f9", "score": 11.098931650117647}
{"docno": "Sa408a045-Ada6b79c7", "score": 11.092691876863068}
{"docno": "S992ff460-Aab0fafea", "score": 11.091070706044825}
{"docno": "S4741dfe8-A5f37d43b", "score": 11.082606856669873}
{"docno": "S423a6b33-Ad63265", "score": 11.081488443192685}
{"docno": "Sfd9ef4ff-A203e2ff3", "score": 11.081488443192685}
{"docno": "Sfd9ef53d-A203e2ff3", "score": 11.081488443192685}
{"docno": "Sfd9ef4e0-A203e2ff3", "score": 11.081488443192685}
{"docno": "S2bb0042-Adbe01210", "score": 11.077937349539383}
{"docno": "S88d5dfc9-Afec9ad70", "score": 11.072666031785495}
{"docno": "Sdde6f6a0-A7eec4233", "score": 11.061453448039334}
{"docno": "S81f54f0-Ac36f91e3", "score": 11.060400014597196}
{"docno": "Sb186821d-A4003a7bf", "score": 11.043122662108388}
{"docno": "S94b82223-A2a1eea53", "score": 11.039705357461774}
{"docno": "S94b82261-A2a1eea53", "score": 11.039705357461774}
{"docno": "S83226e2e-Add58a4f0", "score": 11.039165913955404}
{"docno": "Sf29265e4-Aa3e6ac53", "score": 11.037739265166405}
{"docno": "Sc7ab4e76-Ad7a7aadb", "score": 11.037720422263359}
{"type": "toggleArgument", "timestamp": "2025-06-26T10:46:57.188Z", "sessionID": "8c7470b4-e9dd-414e-8b2a-bf3473dd0fb7", "rank": "1", "doc": "Saaf6e964-A497178d5", "action": "expand", "doclen": 2419, "score": 9.915335404301441}
{"type": "toggleArgument", "timestamp": "2025-06-26T10:47:43.748Z", "sessionID": "8c7470b4-e9dd-414e-8b2a-bf3473dd0fb7", "rank": "2", "doc": "S1037c4eb-Af57f14ba", "action": "expand", "doclen": 1737, "score": 11.866164878001078}
{"type": "StanceClicked", "timestamp": "2025-06-26T10:47:49.029Z", "sessionID": "8c7470b4-e9dd-414e-8b2a-bf3473dd0fb7", "rank": "2", "stance": "pro", "action": "chooseStance", "doc": "S1037c4eb-Af57f14ba", "doclen": 1737, "score": 11.866164878001078}
{"type": "toggleArgument", "timestamp": "2025-06-26T10:47:59.701Z", "sessionID": "8c7470b4-e9dd-414e-8b2a-bf3473dd0fb7", "rank": "3", "doc": "S3b40d7ed-A5a72b57e", "action": "expand", "doclen": 1339, "score": 14.909226884095395}
{"type": "StanceClicked", "timestamp": "2025-06-26T10:48:09.989Z", "sessionID": "8c7470b4-e9dd-414e-8b2a-bf3473dd0fb7", "rank": "3", "stance": "con", "action": "chooseStance", "doc": "S3b40d7ed-A5a72b57e", "doclen": 1339, "score": 14.909226884095395}
{"type": "toggleArgument", "timestamp": "2025-06-26T10:48:13.236Z", "sessionID": "8c7470b4-e9dd-414e-8b2a-bf3473dd0fb7", "rank": "4", "doc": "S7586c763-A86e3f08f", "action": "expand", "doclen": 952, "score": 17.547018392016565}
{"type": "StanceClicked", "timestamp": "2025-06-26T10:48:32.532Z", "sessionID": "8c7470b4-e9dd-414e-8b2a-bf3473dd0fb7", "rank": "4", "stance": "pro", "action": "chooseStance", "doc": "S7586c763-A86e3f08f", "doclen": 952, "score": 17.547018392016565}
{"type": "toggleArgument", "timestamp": "2025-06-26T10:48:39.748Z", "sessionID": "8c7470b4-e9dd-414e-8b2a-bf3473dd0fb7", "rank": "5", "doc": "S1037c4eb-A8f682c1a", "action": "expand", "doclen": 2158, "score": 17.881642567289617}
{"type": "StanceClicked", "timestamp": "2025-06-26T10:49:01.005Z", "sessionID": "8c7470b4-e9dd-414e-8b2a-bf3473dd0fb7", "rank": "5", "stance": "pro", "action": "chooseStance", "doc": "S1037c4eb-A8f682c1a", "doclen": 2158, "score": 17.881642567289617}
{"type": "StanceClicked", "timestamp": "2025-06-26T10:49:10.069Z", "sessionID": "8c7470b4-e9dd-414e-8b2a-bf3473dd0fb7", "rank": "6", "stance": "con", "action": "chooseStance", "doc": "Sb18605df-Abded56c7", "doclen": 508, "score": 10.074553970329378}
{"type": "StanceClicked", "timestamp": "2025-06-26T10:49:15.493Z", "sessionID": "8c7470b4-e9dd-414e-8b2a-bf3473dd0fb7", "rank": "7", "stance": "con", "action": "chooseStance", "doc": "S95429d28-A7f734fc1", "doclen": 1015, "score": 11.66282554349905}
{"type": "StanceClicked", "timestamp": "2025-06-26T10:49:20.341Z", "sessionID": "8c7470b4-e9dd-414e-8b2a-bf3473dd0fb7", "rank": "8", "stance": "con", "action": "chooseStance", "doc": "S47e72d43-A47f0359", "doclen": 185, "score": 16.085170509847753}
{"type": "toggleArgument", "timestamp": "2025-06-26T10:49:24.444Z", "sessionID": "8c7470b4-e9dd-414e-8b2a-bf3473dd0fb7", "rank": "9", "doc": "Sb1861087-A713a6af8", "action": "expand", "doclen": 1056, "score": 15.359598259927388}
{"type": "StanceClicked", "timestamp": "2025-06-26T10:50:05.420Z", "sessionID": "8c7470b4-e9dd-414e-8b2a-bf3473dd0fb7", "rank": "9", "stance": "pro", "action": "chooseStance", "doc": "Sb1861087-A713a6af8", "doclen": 1056, "score": 15.359598259927388}
{"type": "toggleArgument", "timestamp": "2025-06-26T10:50:09.557Z", "sessionID": "8c7470b4-e9dd-414e-8b2a-bf3473dd0fb7", "rank": "10", "doc": "S7586b87e-A10f752bc", "action": "expand", "doclen": 1472, "score": 10.067390960004145}
{"type": "StanceClicked", "timestamp": "2025-06-26T10:50:14.229Z", "sessionID": "8c7470b4-e9dd-414e-8b2a-bf3473dd0fb7", "rank": "10", "stance": "pro", "action": "chooseStance", "doc": "S7586b87e-A10f752bc", "doclen": 1472, "score": 10.067390960004145}
{"type": "StanceClicked", "timestamp": "2025-06-26T10:51:03.862Z", "sessionID": "8c7470b4-e9dd-414e-8b2a-bf3473dd0fb7", "rank": "1", "stance": "pro", "action": "chooseStance", "doc": "Saaf6e964-A497178d5", "doclen": 2419, "score": 9.915335404301441}
{"type": "queryBoxFocused", "timestamp": "2025-06-26T10:51:04.919Z", "sessionID": "8c7470b4-e9dd-414e-8b2a-bf3473dd0fb7"}
{"type": "querySubmitted", "timestamp": "2025-06-26T10:51:27.918Z", "sessionID": "8c7470b4-e9dd-414e-8b2a-bf3473dd0fb7", "query": "abortion illegal"}
{"docno": "Sfb4c445b-Afbe0c423", "score": 18.74872042605022}
{"docno": "Sb67fc3fb-Afd45f1a5", "score": 18.52161615266892}
{"docno": "Sd4e38780-Ae42b432c", "score": 18.520740826693753}
{"docno": "S75863939-A608a7ce4", "score": 18.4496922443658}
{"docno": "S8b1c2c7d-Ad96d3b3a", "score": 18.40833841680836}
{"docno": "Sb187725d-Ab588e890", "score": 18.404133554924506}
{"docno": "S16683ec1-A2320f3b3", "score": 18.363002546036828}
{"docno": "S3150b680-Af1e64394", "score": 18.316522182683464}
{"docno": "S3b40d80c-A77be00a8", "score": 18.212326320695233}
{"docno": "S7586b87e-A10f752bc", "score": 18.18402317659094}
{"docno": "Sb185a445-A9db55ab5", "score": 17.956718098731514}
{"docno": "Se6bb2aab-Ac1d41a13", "score": 17.941729649894498}
{"docno": "Sb1876a40-A4a4f3601", "score": 17.925336541139124}
{"docno": "S3772a177-A52a4adc", "score": 17.901945018107174}
{"docno": "S1037c4eb-A8f682c1a", "score": 17.881642567289617}
{"docno": "S416207df-Af563ca37", "score": 17.842426585154413}
{"docno": "S69bfa58b-A54541ac", "score": 17.817808228410854}
{"docno": "Sb186fd25-A4b5ef0db", "score": 17.790565084467005}
{"docno": "S992ff460-A5be594b2", "score": 17.763593250699785}
{"docno": "S8927d9a0-Af5038f60", "score": 17.70711861036276}
{"docno": "S1eb8b86d-Aa46e6f5c", "score": 17.70211217907169}
{"docno": "S7586cb05-Ae44cfcae", "score": 17.655362655428572}
{"docno": "S1fad88e7-Ad7e9853f", "score": 17.55936805428101}
{"docno": "S7586c763-A86e3f08f", "score": 17.547018392016565}
{"docno": "S803fdd31-A557ad5f1", "score": 17.487996056141572}
{"docno": "S75c64edd-A99424349", "score": 17.449286483326805}
{"docno": "Scb76ce81-Aee7ca775", "score": 17.409948573558964}
{"docno": "Saa2debf4-Ae786e8d8", "score": 17.382163285244236}
{"docno": "S992ff460-Aab0fafea", "score": 17.379911227840573}
{"docno": "Sb67fc3fb-A7057a412", "score": 17.32921670944326}
{"docno": "S47ca9b8a-A9cc8c04f", "score": 17.325316944833773}
{"docno": "Sb54275ec-A9fae87b8", "score": 17.282015160908905}
{"docno": "S45d1bbfd-A31aa6361", "score": 17.24905677434966}
{"docno": "S7586389e-A6dc520e7", "score": 17.2094983772533}
{"docno": "S6702bd00-Ac84f3158", "score": 17.143593402997933}
{"docno": "S4468aaec-A883f98a0", "score": 17.127710375736775}
{"docno": "Sb1877d24-A1c3c7788", "score": 17.123559563695856}
{"docno": "Se62a409a-A6c3c236d", "score": 17.09787145724389}
{"docno": "Sfce2d7d2-Aa607693e", "score": 17.09778850048147}
{"docno": "S215e6408-A36a08606", "score": 17.083294060834252}
{"docno": "S803fdd31-A2f696784", "score": 17.064284366846714}
{"docno": "Sb186eedb-A27037b14", "score": 16.937997104357233}
{"docno": "S6702c8de-A693eab3c", "score": 16.925981298830962}
{"docno": "Sc2c624b7-A5edc9b22", "score": 16.90441869747262}
{"docno": "S215e6408-A1188fa5", "score": 16.892903457649812}
{"docno": "S339ad95-Ab6d11f0c", "score": 16.886365817275966}
{"docno": "S47ca844a-A8071a5a", "score": 16.871444362822874}
{"docno": "S85e1f2e4-Af9089f04", "score": 16.849027655596913}
{"docno": "S7586c763-A7e970add", "score": 16.84135100333928}
{"docno": "Sb186fd63-A23c7fcb1", "score": 16.839259093818683}
{"docno": "S50fb1dab-Ab5a41ca", "score": 16.820049169029353}
{"docno": "S7586c45c-Ac789220a", "score": 16.79724580597923}
{"docno": "S8a1abaf1-Ad42480e0", "score": 16.79724580597923}
{"docno": "Sed0c8756-A9edeca95", "score": 16.782183262494563}
{"docno": "S255c4280-A2ed5f229", "score": 16.782183262494563}
{"docno": "S81e767ea-A4bf3969f", "score": 16.782183262494563}
{"docno": "Saaf6e964-Ad093147d", "score": 16.761761857270823}
{"docno": "S8a1abaf1-A2493d069", "score": 16.75419063673349}
{"docno": "Sb67fc3fb-Af82c4d5", "score": 16.74274492757883}
{"docno": "S803fdd31-Af118df25", "score": 16.691316371167645}
{"docno": "Sb67fc3fb-A51d75bd6", "score": 16.67887492834375}
{"docno": "Sb185b2ae-A5dc2e496", "score": 16.674032817096887}
{"docno": "Sb18618c3-A1c032ec8", "score": 16.67018627972922}
{"docno": "Se727af12-A36488518", "score": 16.630466515427678}
{"docno": "Sb185ac43-Ad9b5f00a", "score": 16.619509479699403}
{"docno": "S7586389e-Aeb078bcf", "score": 16.619328788706216}
{"docno": "Sb1861467-Aa3b43dec", "score": 16.609147464850658}
{"docno": "S56f0fb75-A3eb0d6ee", "score": 16.583368618630605}
{"docno": "S980e42d-A8880dc95", "score": 16.580101420163775}
{"docno": "Sb1853e8d-A6795537a", "score": 16.57691625130743}
{"docno": "S6702bd7c-Ae11ef870", "score": 16.575061837611848}
{"docno": "Sdd60b63d-A6fc3aa74", "score": 16.53605517381245}
{"docno": "S6fd0f30f-Abf886e45", "score": 16.531241677173345}
{"docno": "Sb187dedd-A6877559", "score": 16.53070210618276}
{"docno": "S7586bc3f-A316cc894", "score": 16.50531079172142}
{"docno": "S81f5cb0-A28223b2a", "score": 16.50118467305243}
{"docno": "S7586b460-A50312d15", "score": 16.496081720345266}
{"docno": "S1f94dca0-A5c19ce65", "score": 16.47627944158948}
{"docno": "S7586c7a1-A13d029b", "score": 16.47322956567412}
{"docno": "S3b40d888-Abd1be80d", "score": 16.47079899022122}
{"docno": "S45d1bbfd-A2a8d0110", "score": 16.453224595812493}
{"docno": "Sc32a8d70-A7b024c5c", "score": 16.387243967395527}
{"docno": "S4db51b6c-Afd88099b", "score": 16.376937500330513}
{"docno": "Sb186eebc-A43e5e10c", "score": 16.376937500330513}
{"docno": "S2c9ce16e-A313e16ac", "score": 16.368499599642714}
{"docno": "Se62a409a-Ac7c4570d", "score": 16.364400374842727}
{"docno": "Sff883bce-A6f2422b9", "score": 16.36215863040755}
{"docno": "S7586b8bc-A76414ae9", "score": 16.354370482037847}
{"docno": "S1037c4eb-Ad09a6a7", "score": 16.335093867702852}
{"docno": "Se6bb2aab-A42c40561", "score": 16.32718180689165}
{"docno": "S1b170d3e-Afc5c54bf", "score": 16.32718180689165}
{"docno": "S7586c03e-A4c634c9a", "score": 16.32390647742351}
{"docno": "S5ed40553-A73369036", "score": 16.32225578641292}
{"docno": "Sa188ae6-A62da4de3", "score": 16.299160817878}
{"docno": "Sb18614e3-A6f9f2e6d", "score": 16.278864190811227}
{"docno": "Sf2c294b-Ae318c8f5", "score": 16.18663024916977}
{"docno": "Sbe180215-A35d57ae8", "score": 16.18203401093007}
{"docno": "Sb186f220-A5c9797ab", "score": 16.18203401093007}
{"docno": "Sb185ac43-Afad53c8a", "score": 16.16760260136939}
{"docno": "S95429d28-Ab8cb74db", "score": 16.142123675972936}
{"type": "toggleArgument", "timestamp": "2025-06-26T10:51:34.628Z", "sessionID": "8c7470b4-e9dd-414e-8b2a-bf3473dd0fb7", "rank": "1", "doc": "Sfb4c445b-Afbe0c423", "action": "expand", "doclen": 764, "score": 10.071568144322102}
{"type": "StanceClicked", "timestamp": "2025-06-26T10:51:38.622Z", "sessionID": "8c7470b4-e9dd-414e-8b2a-bf3473dd0fb7", "rank": "1", "stance": "con", "action": "chooseStance", "doc": "Sfb4c445b-Afbe0c423", "doclen": 764, "score": 10.071568144322102}
{"type": "toggleArgument", "timestamp": "2025-06-26T10:51:41.029Z", "sessionID": "8c7470b4-e9dd-414e-8b2a-bf3473dd0fb7", "rank": "2", "doc": "Sb67fc3fb-Afd45f1a5", "action": "expand", "doclen": 217, "score": 9.905491618848748}
{"type": "StanceClicked", "timestamp": "2025-06-26T10:51:55.973Z", "sessionID": "8c7470b4-e9dd-414e-8b2a-bf3473dd0fb7", "rank": "2", "stance": "pro", "action": "chooseStance", "doc": "Sb67fc3fb-Afd45f1a5", "doclen": 217, "score": 9.905491618848748}
{"type": "toggleArgument", "timestamp": "2025-06-26T10:51:58.164Z", "sessionID": "8c7470b4-e9dd-414e-8b2a-bf3473dd0fb7", "rank": "3", "doc": "Sd4e38780-Ae42b432c", "action": "expand", "doclen": 670, "score": 18.520740826693753}
{"type": "toggleArgument", "timestamp": "2025-06-26T10:52:24.892Z", "sessionID": "8c7470b4-e9dd-414e-8b2a-bf3473dd0fb7", "rank": "4", "doc": "S75863939-A608a7ce4", "action": "expand", "doclen": 648, "score": 9.9861794944775}
{"type": "StanceClicked", "timestamp": "2025-06-26T10:52:27.101Z", "sessionID": "8c7470b4-e9dd-414e-8b2a-bf3473dd0fb7", "rank": "4", "stance": "pro", "action": "chooseStance", "doc": "S75863939-A608a7ce4", "doclen": 648, "score": 9.9861794944775}
{"type": "toggleArgument", "timestamp": "2025-06-26T10:52:36.380Z", "sessionID": "8c7470b4-e9dd-414e-8b2a-bf3473dd0fb7", "rank": "5", "doc": "S8b1c2c7d-Ad96d3b3a", "action": "expand", "doclen": 559, "score": 18.40833841680836}
{"type": "StanceClicked", "timestamp": "2025-06-26T10:52:38.837Z", "sessionID": "8c7470b4-e9dd-414e-8b2a-bf3473dd0fb7", "rank": "5", "stance": "pro", "action": "chooseStance", "doc": "S8b1c2c7d-Ad96d3b3a", "doclen": 559, "score": 18.40833841680836}
{"type": "StanceClicked", "timestamp": "2025-06-26T10:52:47.933Z", "sessionID": "8c7470b4-e9dd-414e-8b2a-bf3473dd0fb7", "rank": "6", "stance": "con", "action": "chooseStance", "doc": "Sb187725d-Ab588e890", "doclen": 108, "score": 18.404133554924506}
{"type": "StanceClicked", "timestamp": "2025-06-26T10:52:55.013Z", "sessionID": "8c7470b4-e9dd-414e-8b2a-bf3473dd0fb7", "rank": "7", "stance": "con", "action": "chooseStance", "doc": "S16683ec1-A2320f3b3", "doclen": 269, "score": 18.363002546036828}
{"type": "StanceClicked", "timestamp": "2025-06-26T10:52:57.965Z", "sessionID": "8c7470b4-e9dd-414e-8b2a-bf3473dd0fb7", "rank": "8", "stance": "con", "action": "chooseStance", "doc": "S3150b680-Af1e64394", "doclen": 135, "score": 18.316522182683464}
{"type": "toggleArgument", "timestamp": "2025-06-26T10:53:01.797Z", "sessionID": "8c7470b4-e9dd-414e-8b2a-bf3473dd0fb7", "rank": "9", "doc": "S3b40d80c-A77be00a8", "action": "expand", "doclen": 427, "score": 10.076794501892774}
{"type": "StanceClicked", "timestamp": "2025-06-26T10:53:08.173Z", "sessionID": "8c7470b4-e9dd-414e-8b2a-bf3473dd0fb7", "rank": "9", "stance": "pro", "action": "chooseStance", "doc": "S3b40d80c-A77be00a8", "doclen": 427, "score": 10.076794501892774}
{"type": "toggleArgument", "timestamp": "2025-06-26T10:53:10.788Z", "sessionID": "8c7470b4-e9dd-414e-8b2a-bf3473dd0fb7", "rank": "10", "doc": "S7586b87e-A10f752bc", "action": "expand", "doclen": 1472, "score": 10.067390960004145}
{"type": "StanceClicked", "timestamp": "2025-06-26T10:53:13.565Z", "sessionID": "8c7470b4-e9dd-414e-8b2a-bf3473dd0fb7", "rank": "10", "stance": "pro", "action": "removeStance", "doc": "S7586b87e-A10f752bc", "doclen": 1472, "score": 10.067390960004145}
{"type": "pageNavigationClicked", "timestamp": "2025-06-26T10:53:14.708Z", "sessionID": "8c7470b4-e9dd-414e-8b2a-bf3473dd0fb7", "clicked": "2", "fromPage": 1, "toPage": 2}
{"type": "StanceClicked", "timestamp": "2025-06-26T10:53:20.221Z", "sessionID": "8c7470b4-e9dd-414e-8b2a-bf3473dd0fb7", "rank": "11", "stance": "pro", "action": "chooseStance", "doc": "Sb185a445-A9db55ab5", "doclen": 485, "score": 9.855943769202108}
{"type": "toggleArgument", "timestamp": "2025-06-26T10:53:26.749Z", "sessionID": "8c7470b4-e9dd-414e-8b2a-bf3473dd0fb7", "rank": "12", "doc": "Se6bb2aab-Ac1d41a13", "action": "expand", "doclen": 312, "score": 17.941729649894498}
{"type": "toggleArgument", "timestamp": "2025-06-26T10:53:31.964Z", "sessionID": "8c7470b4-e9dd-414e-8b2a-bf3473dd0fb7", "rank": "13", "doc": "Sb1876a40-A4a4f3601", "action": "expand", "doclen": 886, "score": 16.482100565598813}
{"type": "StanceClicked", "timestamp": "2025-06-26T10:54:00.645Z", "sessionID": "8c7470b4-e9dd-414e-8b2a-bf3473dd0fb7", "rank": "13", "stance": "pro", "action": "chooseStance", "doc": "Sb1876a40-A4a4f3601", "doclen": 886, "score": 16.482100565598813}
{"type": "toggleArgument", "timestamp": "2025-06-26T10:54:04.045Z", "sessionID": "8c7470b4-e9dd-414e-8b2a-bf3473dd0fb7", "rank": "14", "doc": "S3772a177-A52a4adc", "action": "expand", "doclen": 393, "score": 17.901945018107174}
{"type": "StanceClicked", "timestamp": "2025-06-26T10:54:35.365Z", "sessionID": "8c7470b4-e9dd-414e-8b2a-bf3473dd0fb7", "rank": "15", "stance": "pro", "action": "removeStance", "doc": "S1037c4eb-A8f682c1a", "doclen": 2158, "score": 17.881642567289617}
{"type": "toggleArgument", "timestamp": "2025-06-26T10:54:42.589Z", "sessionID": "8c7470b4-e9dd-414e-8b2a-bf3473dd0fb7", "rank": "16", "doc": "S416207df-Af563ca37", "action": "expand", "doclen": 405, "score": 17.842426585154413}
{"type": "StanceClicked", "timestamp": "2025-06-26T10:54:56.037Z", "sessionID": "8c7470b4-e9dd-414e-8b2a-bf3473dd0fb7", "rank": "16", "stance": "pro", "action": "chooseStance", "doc": "S416207df-Af563ca37", "doclen": 405, "score": 17.842426585154413}
{"type": "StanceClicked", "timestamp": "2025-06-26T10:54:58.950Z", "sessionID": "8c7470b4-e9dd-414e-8b2a-bf3473dd0fb7", "rank": "17", "stance": "con", "action": "chooseStance", "doc": "S69bfa58b-A54541ac", "doclen": 596, "score": 17.817808228410854}
{"type": "toggleArgument", "timestamp": "2025-06-26T10:55:03.293Z", "sessionID": "8c7470b4-e9dd-414e-8b2a-bf3473dd0fb7", "rank": "18", "doc": "Sb186fd25-A4b5ef0db", "action": "expand", "doclen": 764, "score": 9.93484396425518}
{"type": "StanceClicked", "timestamp": "2025-06-26T10:55:46.102Z", "sessionID": "8c7470b4-e9dd-414e-8b2a-bf3473dd0fb7", "rank": "18", "stance": "pro", "action": "chooseStance", "doc": "Sb186fd25-A4b5ef0db", "doclen": 764, "score": 9.93484396425518}
{"type": "toggleArgument", "timestamp": "2025-06-26T10:55:49.132Z", "sessionID": "8c7470b4-e9dd-414e-8b2a-bf3473dd0fb7", "rank": "19", "doc": "S992ff460-A5be594b2", "action": "expand", "doclen": 1733, "score": 17.763593250699785}
{"type": "StanceClicked", "timestamp": "2025-06-26T10:55:56.405Z", "sessionID": "8c7470b4-e9dd-414e-8b2a-bf3473dd0fb7", "rank": "19", "stance": "con", "action": "chooseStance", "doc": "S992ff460-A5be594b2", "doclen": 1733, "score": 17.763593250699785}
{"type": "toggleArgument", "timestamp": "2025-06-26T10:55:58.917Z", "sessionID": "8c7470b4-e9dd-414e-8b2a-bf3473dd0fb7", "rank": "20", "doc": "S8927d9a0-Af5038f60", "action": "expand", "doclen": 589, "score": 9.90629201323553}
{"type": "StanceClicked", "timestamp": "2025-06-26T10:56:10.581Z", "sessionID": "8c7470b4-e9dd-414e-8b2a-bf3473dd0fb7", "rank": "20", "stance": "pro", "action": "chooseStance", "doc": "S8927d9a0-Af5038f60", "doclen": 589, "score": 9.90629201323553}
{"type": "pageNavigationClicked", "timestamp": "2025-06-26T10:56:14.924Z", "sessionID": "8c7470b4-e9dd-414e-8b2a-bf3473dd0fb7", "clicked": "3", "fromPage": 2, "toPage": 3}
{"type": "toggleArgument", "timestamp": "2025-06-26T10:56:24.957Z", "sessionID": "8c7470b4-e9dd-414e-8b2a-bf3473dd0fb7", "rank": "21", "doc": "S1eb8b86d-Aa46e6f5c", "action": "expand", "doclen": 1102, "score": 10.21845460959876}
{"type": "StanceClicked", "timestamp": "2025-06-26T10:56:55.493Z", "sessionID": "8c7470b4-e9dd-414e-8b2a-bf3473dd0fb7", "rank": "21", "stance": "con", "action": "chooseStance", "doc": "S1eb8b86d-Aa46e6f5c", "doclen": 1102, "score": 10.21845460959876}
{"type": "ClickedEndTask", "timestamp": "2025-06-26T10:57:00.573Z", "sessionID": "8c7470b4-e9dd-414e-8b2a-bf3473dd0fb7"}
{"type": "TaskEndConfirmed", "timestamp": "2025-06-26T10:57:08.693Z", "sessionID": "8c7470b4-e9dd-414e-8b2a-bf3473dd0fb7"}
{"type": "TaskEnded", "timestamp": "2025-06-26T10:57:14.220Z", "sessionID": "8c7470b4-e9dd-414e-8b2a-bf3473dd0fb7", "reason": "time is up", "translated_reason": "Time is up"}
