{"type": "TaskStarted", "timestamp": "2025-06-26T11:06:29.165Z", "sessionID": "2930406d-c548-455d-937f-3807930c8008", "task": "2", "uid": "Participant36", "topic": "Should the federal minimum wage be increased?"}
{"type": "queryBoxFocused", "timestamp": "2025-06-26T11:06:41.493Z", "sessionID": "2930406d-c548-455d-937f-3807930c8008"}
{"type": "querySubmitted", "timestamp": "2025-06-26T11:06:43.805Z", "sessionID": "2930406d-c548-455d-937f-3807930c8008", "query": "Should the federal minimum wage be increased?"}
{"docno": "S51c34db5-A7345e66f", "score": 42.66818820073296}
{"docno": "Sb6f6e654-A9919a595", "score": 42.17473848376861}
{"docno": "Sb6f6e654-A5aa453ef", "score": 41.87089752155099}
{"docno": "S5194bbe-Ad4e82f54", "score": 40.72941673201692}
{"docno": "S148740e7-Ad729a9aa", "score": 40.16571527908813}
{"docno": "S6ac98ba6-Aecc81e50", "score": 39.63806551013723}
{"docno": "S93fbabb6-A70bbd698", "score": 38.728303198834396}
{"docno": "S7a99c7b0-A3350363a", "score": 38.208125295584}
{"docno": "S51c34db5-Abc8609ec", "score": 38.13536009973593}
{"docno": "S4505ff06-Ab6b4839b", "score": 36.82015606241894}
{"docno": "S7245daba-Af2afe0ee", "score": 36.78939323505159}
{"docno": "S3774807f-Ae2a814c8", "score": 36.28437334394237}
{"docno": "S7a99c7cf-Acae87491", "score": 36.13685234064335}
{"docno": "Sb6f6e654-A2251c028", "score": 36.006563366672346}
{"docno": "S6ac98ba6-A3ceec157", "score": 35.529517686208806}
{"docno": "S40f0bed0-A62b1d4c1", "score": 35.50671023953845}
{"docno": "Sce0a06a9-A1cff8a09", "score": 35.42346690889864}
{"docno": "Sce0a06c8-A4ae94bba", "score": 35.398964218260616}
{"docno": "S32f15628-Af68b38ad", "score": 35.25220804706345}
{"docno": "S4505ff06-A6d5b9990", "score": 35.23094885672653}
{"docno": "S5194bbe-A5e6c2eb8", "score": 35.216480996155205}
{"docno": "S6ac98ba6-A5a97aeb5", "score": 34.81689070206726}
{"docno": "Sbf184b88-A8ffb5bfa", "score": 34.81521942737427}
{"docno": "Se4c4f298-A16c61b81", "score": 34.767845511913166}
{"docno": "Sb6f6e654-A34d89dbf", "score": 34.54336433150926}
{"docno": "Sb3c6f9b8-A63b80751", "score": 34.5095450870172}
{"docno": "S6c6b40ff-A222807b", "score": 34.43758071692227}
{"docno": "S6ac98ba6-Ac7fbb75a", "score": 34.43384227410869}
{"docno": "S51c34db5-A1cd13b2b", "score": 34.371965821946674}
{"docno": "Sbdba3f34-A6cf24bb0", "score": 34.211198409902835}
{"docno": "S4505ff06-Accb1f012", "score": 34.16179957187505}
{"docno": "S1cab55-A7065a4e7", "score": 33.96330419329662}
{"docno": "S1d5f1558-A5733da2d", "score": 33.916765327316725}
{"docno": "Sbd8467d7-Aa86ebaab", "score": 33.855815155766344}
{"docno": "S9443a255-Aa0880433", "score": 33.841213966329875}
{"docno": "S40f0bed0-A22d70e03", "score": 33.708544057907304}
{"docno": "Sdca59d39-Af1ea663a", "score": 33.10516499566731}
{"docno": "Sfe453fc6-A439b12b9", "score": 32.98987844349221}
{"docno": "S147e45bd-Abf45fa40", "score": 32.95680042131369}
{"docno": "S6ac98ba6-Ae4357426", "score": 32.94730016637439}
{"docno": "S88d4f7ff-A74bb5cd9", "score": 32.89465460617018}
{"docno": "Sf077d020-A4e659df7", "score": 32.68600147853723}
{"docno": "S4ed78f80-A190684c2", "score": 32.659811373346294}
{"docno": "S9329eedd-Ad0c828d3", "score": 32.65051491499628}
{"docno": "S630f7c6f-A578dfae8", "score": 32.64358923464332}
{"docno": "Sa41ee870-Af7b90eb9", "score": 32.633333240215705}
{"docno": "Sd449ee59-A19cf8da4", "score": 32.54048794741194}
{"docno": "Sfb307db5-Aefc3f99a", "score": 32.41294891398128}
{"docno": "S5c3ed70-Ab3c45d8a", "score": 32.2717173390746}
{"docno": "S148740e7-A29cec1d9", "score": 32.257576401431805}
{"docno": "Sdca59db5-A1155ff93", "score": 32.08452287857787}
{"docno": "S630f7c6f-A166862a7", "score": 32.024646883227405}
{"docno": "S855ce88e-A277fd07a", "score": 31.91545099397347}
{"docno": "Sbe617355-A6389a86a", "score": 31.870490165485077}
{"docno": "S70ffe88-A3f4890b", "score": 31.851396598023758}
{"docno": "S3d4f60b6-A96a2dcdd", "score": 31.809662721207225}
{"docno": "S5c3ed32-A623a0534", "score": 31.762975945959624}
{"docno": "Sdb76a53d-Af95d8d36", "score": 31.742237001811425}
{"docno": "S7245daba-A7aebf934", "score": 31.49032637209072}
{"docno": "S630f7c6f-Ad939113f", "score": 31.404474643452133}
{"docno": "Se6c8a508-Acd788bcd", "score": 31.37993664646248}
{"docno": "Sa233c82f-Afdf6e569", "score": 31.348419403569956}
{"docno": "S72d1888a-A49edd66c", "score": 31.293208376686025}
{"docno": "S855ce88e-A2b3e5240", "score": 31.27986442427302}
{"docno": "Sb2b9a697-A4cfa28", "score": 31.264516253031292}
{"docno": "Se72f1d33-A3d58c1d6", "score": 31.133609169306677}
{"docno": "Sa929fd9e-Af0c649f5", "score": 31.117345393477034}
{"docno": "S855ce88e-Ac58442f8", "score": 31.102707110087348}
{"docno": "S6ac98ba6-A3a9e38f7", "score": 31.096160195466222}
{"docno": "Se3b9f8b-A4d504fd4", "score": 31.022337767623224}
{"docno": "Saedf4638-A5ce76be1", "score": 30.979688721332366}
{"docno": "Sdca59db5-Abaa219c7", "score": 30.973564968201316}
{"docno": "Se11b032f-A35ec413c", "score": 30.942365498873343}
{"docno": "S7a5dcb0b-A7b580cfe", "score": 30.877064294297114}
{"docno": "S855ce88e-A885f53d6", "score": 30.842230360228896}
{"docno": "Sb2b9aa96-A343b737b", "score": 30.82941181196241}
{"docno": "Saedf4296-A7621c204", "score": 30.761906099012464}
{"docno": "S2d5cd7d8-Ab66c6d78", "score": 30.761906099012464}
{"docno": "S91b9a76b-Abdbaf5b5", "score": 30.728447649887585}
{"docno": "Sbd8467d7-Ab20dde86", "score": 30.704714036738874}
{"docno": "Sbf184b88-A46e4fcc0", "score": 30.532626192766607}
{"docno": "S74df972a-Ada5a26ec", "score": 30.439522651168378}
{"docno": "S7a99c7b0-Ae4d8d3fe", "score": 30.4393528984926}
{"docno": "S5339b784-Afc4c1a44", "score": 30.38549425289217}
{"docno": "Sa3568bcf-A768f6120", "score": 30.34038651016835}
{"docno": "S7245daba-Aa5e73354", "score": 30.24824247951303}
{"docno": "Se9139e64-A52978fa1", "score": 30.140409491965457}
{"docno": "Se1beae30-A4c8d96e2", "score": 30.138619375394974}
{"docno": "Sb3c6f9b8-Abcb2a900", "score": 30.138619375394974}
{"docno": "S441845a5-Acc38c481", "score": 30.095011315813952}
{"docno": "S51c34db5-Ab2bcb2ee", "score": 30.075224834185164}
{"docno": "Sbe6172ba-A93bb38eb", "score": 30.057695845475457}
{"docno": "S3e34e0d7-Ae3f6530", "score": 30.02828399580312}
{"docno": "Sd2226ec-Aaed3e80", "score": 29.998238454517008}
{"docno": "Sdbdd46b7-Abbc3682a", "score": 29.893699178433778}
{"docno": "S8a961be4-A812e7f03", "score": 29.86834193186595}
{"docno": "S15101cce-A56da7228", "score": 29.845270369545638}
{"docno": "S441845a5-Ad4f4326c", "score": 29.844100585897024}
{"docno": "Se9139e64-A41ee8d3d", "score": 29.82707342190976}
{"docno": "Sa39c565c-Ad91a1545", "score": 29.826044285346555}
{"type": "toggleArgument", "timestamp": "2025-06-26T11:06:53.597Z", "sessionID": "2930406d-c548-455d-937f-3807930c8008", "rank": "1", "doc": "S51c34db5-A7345e66f", "action": "expand", "doclen": 1439, "score": 35.51503307456724}
{"type": "StanceClicked", "timestamp": "2025-06-26T11:08:27.334Z", "sessionID": "2930406d-c548-455d-937f-3807930c8008", "rank": "1", "stance": "con", "action": "chooseStance", "doc": "S51c34db5-A7345e66f", "doclen": 1439, "score": 35.51503307456724}
{"type": "toggleArgument", "timestamp": "2025-06-26T11:08:36.710Z", "sessionID": "2930406d-c548-455d-937f-3807930c8008", "rank": "2", "doc": "Sb6f6e654-A9919a595", "action": "expand", "doclen": 2045, "score": 35.76887822519787}
{"type": "StanceClicked", "timestamp": "2025-06-26T11:10:33.608Z", "sessionID": "2930406d-c548-455d-937f-3807930c8008", "rank": "2", "stance": "pro", "action": "chooseStance", "doc": "Sb6f6e654-A9919a595", "doclen": 2045, "score": 35.76887822519787}
{"type": "toggleArgument", "timestamp": "2025-06-26T11:11:06.311Z", "sessionID": "2930406d-c548-455d-937f-3807930c8008", "rank": "3", "doc": "Sb6f6e654-A5aa453ef", "action": "expand", "doclen": 371, "score": 34.472623572042735}
{"type": "toggleArgument", "timestamp": "2025-06-26T11:11:40.287Z", "sessionID": "2930406d-c548-455d-937f-3807930c8008", "rank": "4", "doc": "S5194bbe-Ad4e82f54", "action": "expand", "doclen": 976, "score": 33.95314273111692}
{"type": "StanceClicked", "timestamp": "2025-06-26T11:13:11.096Z", "sessionID": "2930406d-c548-455d-937f-3807930c8008", "rank": "4", "stance": "pro", "action": "chooseStance", "doc": "S5194bbe-Ad4e82f54", "doclen": 976, "score": 33.95314273111692}
{"type": "StanceClicked", "timestamp": "2025-06-26T11:13:13.407Z", "sessionID": "2930406d-c548-455d-937f-3807930c8008", "rank": "4", "stance": "pro", "action": "removeStance", "doc": "S5194bbe-Ad4e82f54", "doclen": 976, "score": 33.95314273111692}
{"type": "toggleArgument", "timestamp": "2025-06-26T11:14:04.576Z", "sessionID": "2930406d-c548-455d-937f-3807930c8008", "rank": "5", "doc": "S148740e7-Ad729a9aa", "action": "expand", "doclen": 2514, "score": 34.2044812175829}
{"type": "queryBoxFocused", "timestamp": "2025-06-26T11:14:27.298Z", "sessionID": "2930406d-c548-455d-937f-3807930c8008"}
{"type": "querySubmitted", "timestamp": "2025-06-26T11:14:38.233Z", "sessionID": "2930406d-c548-455d-937f-3807930c8008", "query": "federal minimum wage"}
{"docno": "Sb6f6e654-A9919a595", "score": 35.76887822519787}
{"docno": "S51c34db5-A7345e66f", "score": 35.51503307456724}
{"docno": "Sb6f6e654-A5aa453ef", "score": 34.472623572042735}
{"docno": "S51c34db5-A1cd13b2b", "score": 34.371965821946674}
{"docno": "S148740e7-Ad729a9aa", "score": 34.2044812175829}
{"docno": "S5194bbe-Ad4e82f54", "score": 33.95314273111692}
{"docno": "S9443a255-Aa0880433", "score": 33.841213966329875}
{"docno": "Sd449ee59-A19cf8da4", "score": 32.54048794741194}
{"docno": "S6ac98ba6-Aecc81e50", "score": 32.2918986505639}
{"docno": "S5c3ed70-Ab3c45d8a", "score": 32.2717173390746}
{"docno": "S148740e7-A29cec1d9", "score": 32.257576401431805}
{"docno": "S7a99c7b0-A3350363a", "score": 31.874290018407358}
{"docno": "S3d4f60b6-A96a2dcdd", "score": 31.809662721207225}
{"docno": "S93fbabb6-A70bbd698", "score": 31.73277206150063}
{"docno": "S6ac98ba6-A5a97aeb5", "score": 31.503471845038177}
{"docno": "Sb6f6e654-A2251c028", "score": 31.466475097057007}
{"docno": "Sa929fd9e-Af0c649f5", "score": 31.117345393477034}
{"docno": "Se11b032f-A35ec413c", "score": 30.942365498873343}
{"docno": "S4505ff06-Ab6b4839b", "score": 30.77516669238544}
{"docno": "S7a99c7cf-Acae87491", "score": 30.755874764845224}
{"docno": "S7245daba-Af2afe0ee", "score": 30.75502708240891}
{"docno": "S6c6b40ff-A222807b", "score": 30.67302403175864}
{"docno": "S51c34db5-Abc8609ec", "score": 30.607329191509706}
{"docno": "Sbf184b88-A46e4fcc0", "score": 30.532626192766607}
{"docno": "Sbf184b88-A8ffb5bfa", "score": 30.459424875428372}
{"docno": "S74df972a-Ada5a26ec", "score": 30.439522651168378}
{"docno": "S5339b784-Afc4c1a44", "score": 30.38549425289217}
{"docno": "S9329eedd-Ad0c828d3", "score": 30.330905375884292}
{"docno": "S7245daba-Aa5e73354", "score": 30.24824247951303}
{"docno": "Sce0a06c8-A4ae94bba", "score": 30.244169385508854}
{"docno": "Sfe453fc6-A439b12b9", "score": 30.17605639903929}
{"docno": "Se1beae30-A4c8d96e2", "score": 30.138619375394974}
{"docno": "Sb3c6f9b8-Abcb2a900", "score": 30.138619375394974}
{"docno": "S40f0bed0-A22d70e03", "score": 30.087654947998573}
{"docno": "S51c34db5-Ab2bcb2ee", "score": 30.075224834185164}
{"docno": "S3e34e0d7-Ae3f6530", "score": 30.02828399580312}
{"docno": "Sdbdd46b7-Abbc3682a", "score": 29.893699178433778}
{"docno": "S441845a5-Ad4f4326c", "score": 29.844100585897024}
{"docno": "S9c4ebe55-Acf042959", "score": 29.76048017743223}
{"docno": "Sb3c6f9b8-A63b80751", "score": 29.714656033299093}
{"docno": "Sce0a06a9-A1cff8a09", "score": 29.503538598382924}
{"docno": "S4505ff06-A6d5b9990", "score": 29.48310026070915}
{"docno": "S3774807f-Ae2a814c8", "score": 29.278555822231212}
{"docno": "S5c3ed70-A34b812fe", "score": 29.189973157890755}
{"docno": "S7021d6d5-Aa95a8520", "score": 29.12589462111151}
{"docno": "S72d1888a-A3b2d68d8", "score": 29.053568997069007}
{"docno": "S1d5f1558-A5733da2d", "score": 29.04893789697045}
{"docno": "S5194bbe-A5e6c2eb8", "score": 29.005072384430775}
{"docno": "Sb2b9b1f9-A4049c9f", "score": 28.872942529669867}
{"docno": "S7a5dcb0b-Abad03bc4", "score": 28.84715094035796}
{"docno": "Sbe617355-A6389a86a", "score": 28.837988009442242}
{"docno": "Sb6f6e654-A34d89dbf", "score": 28.596421850043527}
{"docno": "S6d5f9faf-A513e89e0", "score": 28.465644577026815}
{"docno": "S32f15628-Af68b38ad", "score": 28.440945938385468}
{"docno": "Sbdba3f34-A6cf24bb0", "score": 28.345525954973873}
{"docno": "Sa071780f-Aa7282763", "score": 28.247066084256666}
{"docno": "S40f0bed0-A62b1d4c1", "score": 28.194852328923275}
{"docno": "S4ed78f80-A190684c2", "score": 28.16612018694695}
{"docno": "Sdca59db5-A1155ff93", "score": 28.055800481988346}
{"docno": "Sda0b362d-A6219c43a", "score": 27.93168932931289}
{"docno": "S6ac98ba6-A3ceec157", "score": 27.680684579467982}
{"docno": "Sf5589b65-Aad704790", "score": 27.57903774497402}
{"docno": "S72d1888a-A49edd66c", "score": 27.578302980197158}
{"docno": "S4505ff06-Accb1f012", "score": 27.49976169891016}
{"docno": "S72d1888a-A2ba7cf3d", "score": 27.409752865275188}
{"docno": "S6ac98ba6-Ac7fbb75a", "score": 27.368528430041177}
{"docno": "S35c255fa-A256813ce", "score": 26.859654952462897}
{"docno": "Se4c4f298-A16c61b81", "score": 26.837148700793165}
{"docno": "Sc879277c-Afce59efa", "score": 26.68059597794034}
{"docno": "S8c866652-A1f0a1f38", "score": 26.671434852615846}
{"docno": "Sfb307db5-Aefc3f99a", "score": 26.57450725728009}
{"docno": "S1cab55-A7065a4e7", "score": 26.511197302251425}
{"docno": "S5194bbe-A567ada0", "score": 26.43338163307444}
{"docno": "S5c3ed32-Ad3a26007", "score": 26.31195697992001}
{"docno": "S441845a5-Acc38c481", "score": 26.264056853677353}
{"docno": "S147e45bd-Abf45fa40", "score": 26.224389718581143}
{"docno": "S88d4f7ff-A74bb5cd9", "score": 26.188540551946396}
{"docno": "S855ce88e-A2b3e5240", "score": 26.10954616731456}
{"docno": "S5c3ed32-Aa2f2be54", "score": 26.073569909139913}
{"docno": "Se3b9f8b-A4d504fd4", "score": 26.061183496294454}
{"docno": "Se6c8a508-Acd788bcd", "score": 25.782015430937662}
{"docno": "S7245daba-A7aebf934", "score": 25.752233940502308}
{"docno": "Sdca59db5-Abaa219c7", "score": 25.73969873914656}
{"docno": "Sbd8467d7-Aa86ebaab", "score": 25.679751973853445}
{"docno": "S5c3ed32-A6642821", "score": 25.65426342155635}
{"docno": "S6ac98ba6-Ae4357426", "score": 25.6206823864618}
{"docno": "S2d5cd7d8-Ab10a1e01", "score": 25.587112982071645}
{"docno": "S5c3ed32-A623a0534", "score": 25.560543090006984}
{"docno": "Sfda29737-A5462fa90", "score": 25.5490899141942}
{"docno": "S5c3ed32-Aebef0e2f", "score": 25.501047584225297}
{"docno": "Sdca59d96-A9ecaaaa7", "score": 25.49826036863881}
{"docno": "S6c6b40ff-A4876946b", "score": 25.493769244734082}
{"docno": "Sa39c565c-Ad91a1545", "score": 25.296789137618948}
{"docno": "S3bbb9546-A7cf4fb87", "score": 25.25489297628522}
{"docno": "Sdca59d77-Ab1197bc8", "score": 25.19358208309969}
{"docno": "S855ce88e-A277fd07a", "score": 25.15696012682887}
{"docno": "S7b8b3bd1-A909f6ae3", "score": 25.1501379359261}
{"docno": "Sf077d020-A4e659df7", "score": 25.122271801970868}
{"docno": "S49479255-A44c02274", "score": 25.120061429856207}
{"docno": "Sb2b9a732-A21bb158e", "score": 25.099303237508266}
{"type": "toggleArgument", "timestamp": "2025-06-26T11:15:08.145Z", "sessionID": "2930406d-c548-455d-937f-3807930c8008", "rank": "4", "doc": "S51c34db5-A1cd13b2b", "action": "expand", "doclen": 1099, "score": 34.371965821946674}
{"type": "StanceClicked", "timestamp": "2025-06-26T11:15:24.746Z", "sessionID": "2930406d-c548-455d-937f-3807930c8008", "rank": "4", "stance": "con", "action": "chooseStance", "doc": "S51c34db5-A1cd13b2b", "doclen": 1099, "score": 34.371965821946674}
{"type": "toggleArgument", "timestamp": "2025-06-26T11:15:45.697Z", "sessionID": "2930406d-c548-455d-937f-3807930c8008", "rank": "5", "doc": "S148740e7-Ad729a9aa", "action": "expand", "doclen": 2514, "score": 34.2044812175829}
{"type": "queryBoxFocused", "timestamp": "2025-06-26T11:15:59.372Z", "sessionID": "2930406d-c548-455d-937f-3807930c8008"}
{"type": "querySubmitted", "timestamp": "2025-06-26T11:16:11.570Z", "sessionID": "2930406d-c548-455d-937f-3807930c8008", "query": "how does federal minimum wage work?"}
{"docno": "Sb6f6e654-A9919a595", "score": 39.11478221091135}
{"docno": "S9443a255-Aa0880433", "score": 38.34359836439706}
{"docno": "S51c34db5-A1cd13b2b", "score": 37.24157340649855}
{"docno": "S6ac98ba6-A5a97aeb5", "score": 37.08628503526765}
{"docno": "S5194bbe-Ad4e82f54", "score": 36.892373763062885}
{"docno": "S148740e7-Ad729a9aa", "score": 35.83240382717698}
{"docno": "S51c34db5-A7345e66f", "score": 35.51503307456724}
{"docno": "Sa929fd9e-Af0c649f5", "score": 34.8089368225732}
{"docno": "Sce0a06c8-A4ae94bba", "score": 34.57020757987331}
{"docno": "S7a99c7cf-Acae87491", "score": 34.55270132346048}
{"docno": "Sb6f6e654-A5aa453ef", "score": 34.472623572042735}
{"docno": "Sbf184b88-A46e4fcc0", "score": 34.388726473979304}
{"docno": "Sce0a06a9-A1cff8a09", "score": 34.04401499312788}
{"docno": "Se11b032f-A35ec413c", "score": 34.00030505092945}
{"docno": "S9329eedd-Ad0c828d3", "score": 33.67095306814764}
{"docno": "Sbf184b88-A8ffb5bfa", "score": 33.532880619433556}
{"docno": "S93fbabb6-A70bbd698", "score": 33.52972635307407}
{"docno": "Sb3c6f9b8-A63b80751", "score": 33.09793757430611}
{"docno": "S441845a5-Ad4f4326c", "score": 32.559345578453936}
{"docno": "S7021d6d5-Aa95a8520", "score": 32.546475540184325}
{"docno": "Sd449ee59-A19cf8da4", "score": 32.54048794741194}
{"docno": "S6c6b40ff-A222807b", "score": 32.314178896226444}
{"docno": "S6ac98ba6-Aecc81e50", "score": 32.2918986505639}
{"docno": "S5c3ed70-Ab3c45d8a", "score": 32.2717173390746}
{"docno": "S148740e7-A29cec1d9", "score": 32.257576401431805}
{"docno": "S9c4ebe55-Acf042959", "score": 32.14444205242704}
{"docno": "S32f15628-Af68b38ad", "score": 32.11017500219695}
{"docno": "Sb6f6e654-A34d89dbf", "score": 32.0970203999222}
{"docno": "Sc879277c-Afce59efa", "score": 32.04051248716601}
{"docno": "S7a99c7b0-A3350363a", "score": 31.874290018407358}
{"docno": "S3d4f60b6-A96a2dcdd", "score": 31.809662721207225}
{"docno": "S4505ff06-A6d5b9990", "score": 31.693101456910462}
{"docno": "Sb6f6e654-A2251c028", "score": 31.466475097057007}
{"docno": "S72d1888a-A3b2d68d8", "score": 31.239642119902463}
{"docno": "Sbe617355-A6389a86a", "score": 30.977726479438317}
{"docno": "S2d5cd7d8-Ab10a1e01", "score": 30.784949019440447}
{"docno": "S4505ff06-Ab6b4839b", "score": 30.77516669238544}
{"docno": "S7245daba-Af2afe0ee", "score": 30.75502708240891}
{"docno": "S1d5f1558-A5733da2d", "score": 30.754799680707052}
{"docno": "S51c34db5-Abc8609ec", "score": 30.607329191509706}
{"docno": "S74df972a-Ada5a26ec", "score": 30.439522651168378}
{"docno": "S5339b784-Afc4c1a44", "score": 30.38549425289217}
{"docno": "S5194bbe-A567ada0", "score": 30.291045639424233}
{"docno": "S7245daba-Aa5e73354", "score": 30.24824247951303}
{"docno": "Sda0b362d-A6219c43a", "score": 30.242880846386974}
{"docno": "S4ed78f80-A190684c2", "score": 30.218842206176397}
{"docno": "Sfe453fc6-A439b12b9", "score": 30.17605639903929}
{"docno": "Se1beae30-A4c8d96e2", "score": 30.138619375394974}
{"docno": "Sb3c6f9b8-Abcb2a900", "score": 30.138619375394974}
{"docno": "Sb2b9a732-A55b9acde", "score": 30.119524117941985}
{"docno": "S40f0bed0-A22d70e03", "score": 30.087654947998573}
{"docno": "S51c34db5-Ab2bcb2ee", "score": 30.075224834185164}
{"docno": "S3e34e0d7-Ae3f6530", "score": 30.02828399580312}
{"docno": "S5c3ed32-Ad3a26007", "score": 29.94918862593772}
{"docno": "Sdbdd46b7-Abbc3682a", "score": 29.893699178433778}
{"docno": "S855ce88e-A2b3e5240", "score": 29.757731166784943}
{"docno": "Se6c8a508-Acd788bcd", "score": 29.731917775770967}
{"docno": "S3bbb9546-A7cf4fb87", "score": 29.593720949583304}
{"docno": "Sfda29737-A5462fa90", "score": 29.49429493642764}
{"docno": "S35c255fa-A256813ce", "score": 29.46960372113661}
{"docno": "Sf077d020-A4e659df7", "score": 29.448703490136406}
{"docno": "S630f7c6f-Ad939113f", "score": 29.351152310348937}
{"docno": "S3774807f-Ae2a814c8", "score": 29.278555822231212}
{"docno": "S3bbb9546-A9145906f", "score": 29.2587347880621}
{"docno": "Sdbdd46b7-A223bcbc8", "score": 29.221042384015462}
{"docno": "Sdd3e0a35-Ab0e685f5", "score": 29.20399754253723}
{"docno": "S5c3ed70-A34b812fe", "score": 29.189973157890755}
{"docno": "Se3b9f8b-A59050136", "score": 29.174184835544885}
{"docno": "S8a961be4-A812e7f03", "score": 29.09869477974459}
{"docno": "S2d5cd7d8-Ace43139d", "score": 29.05066659737303}
{"docno": "S5194bbe-A5e6c2eb8", "score": 29.005072384430775}
{"docno": "Saedf4350-A169036c4", "score": 29.002614431696706}
{"docno": "Saedf4638-A5ce76be1", "score": 28.92517066272257}
{"docno": "Sb2b9b1f9-A4049c9f", "score": 28.872942529669867}
{"docno": "S49479255-A7b10c3b0", "score": 28.85906823918017}
{"docno": "S7a5dcb0b-Abad03bc4", "score": 28.84715094035796}
{"docno": "S855ce88e-A1dadb52b", "score": 28.69465400372804}
{"docno": "Se4c4f298-A16c61b81", "score": 28.60783791645919}
{"docno": "Sdd3e0a35-Aeee2c12e", "score": 28.603726035309002}
{"docno": "S6d69680-A53604b73", "score": 28.56850470481759}
{"docno": "Sfda29737-A54338c2a", "score": 28.559439303081316}
{"docno": "Sdca59d96-A9ecaaaa7", "score": 28.533943542846757}
{"docno": "Saedf4350-A771cb824", "score": 28.522144471032092}
{"docno": "S6d5f9faf-A513e89e0", "score": 28.465644577026815}
{"docno": "Sd2226ec-Aaed3e80", "score": 28.438988814862913}
{"docno": "S630f7c6f-A578dfae8", "score": 28.41244725565219}
{"docno": "Se3b9f8b-A4d504fd4", "score": 28.399137248929943}
{"docno": "S9640cdf-A5d831403", "score": 28.378404155022558}
{"docno": "Sbdba3f34-A6cf24bb0", "score": 28.345525954973873}
{"docno": "S5c3ed70-A700713e0", "score": 28.32916238002386}
{"docno": "S5c3ec97-A861ae86c", "score": 28.29572444479328}
{"docno": "Sa071780f-Aa7282763", "score": 28.247066084256666}
{"docno": "S40f0bed0-A62b1d4c1", "score": 28.194852328923275}
{"docno": "Sdbdd46b7-Adc5ca2d3", "score": 28.190140294512045}
{"docno": "S2d5cd7d8-A8868b990", "score": 28.185167317034605}
{"docno": "Sa233c82f-Afdf6e569", "score": 28.18286314734536}
{"docno": "Sdca59d77-Ab1197bc8", "score": 28.16161773279658}
{"docno": "S1cab55-A7065a4e7", "score": 28.152352166719233}
{"docno": "S855ce88e-A277fd07a", "score": 28.081997497828173}
{"docno": "S6c6b40ff-A4876946b", "score": 28.059496685837438}
{"type": "toggleArgument", "timestamp": "2025-06-26T11:16:19.202Z", "sessionID": "2930406d-c548-455d-937f-3807930c8008", "rank": "2", "doc": "S9443a255-Aa0880433", "action": "expand", "doclen": 762, "score": 33.841213966329875}
{"type": "StanceClicked", "timestamp": "2025-06-26T11:17:18.939Z", "sessionID": "2930406d-c548-455d-937f-3807930c8008", "rank": "2", "stance": "pro", "action": "chooseStance", "doc": "S9443a255-Aa0880433", "doclen": 762, "score": 33.841213966329875}
{"type": "toggleArgument", "timestamp": "2025-06-26T11:17:28.498Z", "sessionID": "2930406d-c548-455d-937f-3807930c8008", "rank": "4", "doc": "S6ac98ba6-A5a97aeb5", "action": "expand", "doclen": 1701, "score": 31.503471845038177}
{"type": "queryBoxFocused", "timestamp": "2025-06-26T11:17:36.157Z", "sessionID": "2930406d-c548-455d-937f-3807930c8008"}
{"type": "querySubmitted", "timestamp": "2025-06-26T11:17:45.571Z", "sessionID": "2930406d-c548-455d-937f-3807930c8008", "query": "federal minimum wage in china"}
{"docno": "S9443a255-Aa0880433", "score": 42.72202539464565}
{"docno": "S4ed78f80-A190684c2", "score": 35.80768572214344}
{"docno": "Sb6f6e654-A9919a595", "score": 35.76887822519787}
{"docno": "S51c34db5-A7345e66f", "score": 35.51503307456724}
{"docno": "Sb6f6e654-A5aa453ef", "score": 34.472623572042735}
{"docno": "S51c34db5-A1cd13b2b", "score": 34.371965821946674}
{"docno": "S148740e7-Ad729a9aa", "score": 34.2044812175829}
{"docno": "S5194bbe-Ad4e82f54", "score": 33.95314273111692}
{"docno": "S9225fb53-Ac8fc2c45", "score": 33.245347308585686}
{"docno": "Sd449ee59-A19cf8da4", "score": 32.54048794741194}
{"docno": "S6ac98ba6-Aecc81e50", "score": 32.2918986505639}
{"docno": "S5c3ed70-Ab3c45d8a", "score": 32.2717173390746}
{"docno": "S148740e7-A29cec1d9", "score": 32.257576401431805}
{"docno": "S9443a255-A7141efc2", "score": 32.171422495521696}
{"docno": "S7a99c7b0-A3350363a", "score": 31.874290018407358}
{"docno": "S3d4f60b6-A96a2dcdd", "score": 31.809662721207225}
{"docno": "S93fbabb6-A70bbd698", "score": 31.73277206150063}
{"docno": "S6ac98ba6-A5a97aeb5", "score": 31.503471845038177}
{"docno": "Sb6f6e654-A2251c028", "score": 31.466475097057007}
{"docno": "Sa929fd9e-Af0c649f5", "score": 31.117345393477034}
{"docno": "Se11b032f-A35ec413c", "score": 30.942365498873343}
{"docno": "S4505ff06-Ab6b4839b", "score": 30.77516669238544}
{"docno": "S7a99c7cf-Acae87491", "score": 30.755874764845224}
{"docno": "S7245daba-Af2afe0ee", "score": 30.75502708240891}
{"docno": "S6c6b40ff-A222807b", "score": 30.67302403175864}
{"docno": "S7245daba-A7aebf934", "score": 30.658186584786822}
{"docno": "S51c34db5-Abc8609ec", "score": 30.607329191509706}
{"docno": "Sfdc31592-A501dac4e", "score": 30.58138070743108}
{"docno": "Sbf184b88-A46e4fcc0", "score": 30.532626192766607}
{"docno": "Sbf184b88-A8ffb5bfa", "score": 30.459424875428372}
{"docno": "S74df972a-Ada5a26ec", "score": 30.439522651168378}
{"docno": "S5339b784-Afc4c1a44", "score": 30.38549425289217}
{"docno": "S9329eedd-Ad0c828d3", "score": 30.330905375884292}
{"docno": "S7245daba-Aa5e73354", "score": 30.24824247951303}
{"docno": "Sce0a06c8-A4ae94bba", "score": 30.244169385508854}
{"docno": "Sfe453fc6-A439b12b9", "score": 30.17605639903929}
{"docno": "Se1beae30-A4c8d96e2", "score": 30.138619375394974}
{"docno": "Sb3c6f9b8-Abcb2a900", "score": 30.138619375394974}
{"docno": "S40f0bed0-A22d70e03", "score": 30.087654947998573}
{"docno": "S51c34db5-Ab2bcb2ee", "score": 30.075224834185164}
{"docno": "S3e34e0d7-Ae3f6530", "score": 30.02828399580312}
{"docno": "Sdbdd46b7-Abbc3682a", "score": 29.893699178433778}
{"docno": "S441845a5-Ad4f4326c", "score": 29.844100585897024}
{"docno": "S9c4ebe55-Acf042959", "score": 29.76048017743223}
{"docno": "Sb3c6f9b8-A63b80751", "score": 29.714656033299093}
{"docno": "Sce0a06a9-A1cff8a09", "score": 29.503538598382924}
{"docno": "S4505ff06-A6d5b9990", "score": 29.48310026070915}
{"docno": "S9443a255-A194d649c", "score": 29.302720832021734}
{"docno": "S3774807f-Ae2a814c8", "score": 29.278555822231212}
{"docno": "S5c3ed70-A34b812fe", "score": 29.189973157890755}
{"docno": "S7021d6d5-Aa95a8520", "score": 29.12589462111151}
{"docno": "S72d1888a-A3b2d68d8", "score": 29.053568997069007}
{"docno": "S1d5f1558-A5733da2d", "score": 29.04893789697045}
{"docno": "S5194bbe-A5e6c2eb8", "score": 29.005072384430775}
{"docno": "Sb2b9b1f9-A4049c9f", "score": 28.872942529669867}
{"docno": "S7a5dcb0b-Abad03bc4", "score": 28.84715094035796}
{"docno": "Sbe617355-A6389a86a", "score": 28.837988009442242}
{"docno": "Sb6f6e654-A34d89dbf", "score": 28.596421850043527}
{"docno": "S6d5f9faf-A513e89e0", "score": 28.465644577026815}
{"docno": "S32f15628-Af68b38ad", "score": 28.440945938385468}
{"docno": "Sbdba3f34-A6cf24bb0", "score": 28.345525954973873}
{"docno": "Sa071780f-Aa7282763", "score": 28.247066084256666}
{"docno": "S40f0bed0-A62b1d4c1", "score": 28.194852328923275}
{"docno": "Sdca59db5-A1155ff93", "score": 28.055800481988346}
{"docno": "Sda0b362d-A6219c43a", "score": 27.93168932931289}
{"docno": "S6ac98ba6-A3ceec157", "score": 27.680684579467982}
{"docno": "Sf5589b65-Aad704790", "score": 27.57903774497402}
{"docno": "S72d1888a-A49edd66c", "score": 27.578302980197158}
{"docno": "S4505ff06-Accb1f012", "score": 27.49976169891016}
{"docno": "S72d1888a-A2ba7cf3d", "score": 27.409752865275188}
{"docno": "S6ac98ba6-Ac7fbb75a", "score": 27.368528430041177}
{"docno": "S35c255fa-A256813ce", "score": 26.859654952462897}
{"docno": "Se4c4f298-A16c61b81", "score": 26.837148700793165}
{"docno": "Sc879277c-Afce59efa", "score": 26.68059597794034}
{"docno": "S8c866652-A1f0a1f38", "score": 26.671434852615846}
{"docno": "Sfb307db5-Aefc3f99a", "score": 26.57450725728009}
{"docno": "S1cab55-A7065a4e7", "score": 26.511197302251425}
{"docno": "S5194bbe-A567ada0", "score": 26.43338163307444}
{"docno": "S9443a255-A99437dcf", "score": 26.41719093119665}
{"docno": "S9443a255-A39698330", "score": 26.328345772638908}
{"docno": "S5c3ed32-Ad3a26007", "score": 26.31195697992001}
{"docno": "S441845a5-Acc38c481", "score": 26.264056853677353}
{"docno": "S147e45bd-Abf45fa40", "score": 26.224389718581143}
{"docno": "S88d4f7ff-A74bb5cd9", "score": 26.188540551946396}
{"docno": "S855ce88e-A2b3e5240", "score": 26.10954616731456}
{"docno": "S5c3ed32-Aa2f2be54", "score": 26.073569909139913}
{"docno": "Se3b9f8b-A4d504fd4", "score": 26.061183496294454}
{"docno": "Se6c8a508-Acd788bcd", "score": 25.782015430937662}
{"docno": "Sdca59db5-Abaa219c7", "score": 25.73969873914656}
{"docno": "Sbd8467d7-Aa86ebaab", "score": 25.679751973853445}
{"docno": "S5c3ed32-A6642821", "score": 25.65426342155635}
{"docno": "S6ac98ba6-Ae4357426", "score": 25.6206823864618}
{"docno": "S2d5cd7d8-Ab10a1e01", "score": 25.587112982071645}
{"docno": "S5c3ed32-A623a0534", "score": 25.560543090006984}
{"docno": "Sfda29737-A5462fa90", "score": 25.5490899141942}
{"docno": "S5c3ed32-Aebef0e2f", "score": 25.501047584225297}
{"docno": "Sdca59d96-A9ecaaaa7", "score": 25.49826036863881}
{"docno": "S6c6b40ff-A4876946b", "score": 25.493769244734082}
{"docno": "Sa39c565c-Ad91a1545", "score": 25.296789137618948}
{"docno": "S3bbb9546-A7cf4fb87", "score": 25.25489297628522}
{"type": "toggleArgument", "timestamp": "2025-06-26T11:17:52.035Z", "sessionID": "2930406d-c548-455d-937f-3807930c8008", "rank": "2", "doc": "S4ed78f80-A190684c2", "action": "expand", "doclen": 1999, "score": 28.16612018694695}
{"type": "ClickedEndTask", "timestamp": "2025-06-26T11:18:48.348Z", "sessionID": "2930406d-c548-455d-937f-3807930c8008"}
{"type": "TaskEndConfirmed", "timestamp": "2025-06-26T11:18:50.436Z", "sessionID": "2930406d-c548-455d-937f-3807930c8008"}
{"type": "TaskEnded", "timestamp": "2025-06-26T11:19:09.956Z", "sessionID": "2930406d-c548-455d-937f-3807930c8008", "reason": "time is over", "translated_reason": "Time is over"}
