{"type": "TaskStarted", "timestamp": "2025-06-26T10:37:22.927Z", "sessionID": "cdc28e75-e17a-457a-9399-d1ac79fa0070", "task": "2", "uid": "Participant17", "topic": "Is sexual orientation determined at birth?"}
{"type": "queryBoxFocused", "timestamp": "2025-06-26T10:37:26.088Z", "sessionID": "cdc28e75-e17a-457a-9399-d1ac79fa0070"}
{"type": "querySubmitted", "timestamp": "2025-06-26T10:37:47.465Z", "sessionID": "cdc28e75-e17a-457a-9399-d1ac79fa0070", "query": "sexual orientation determined at birth"}
{"docno": "S3584cf5e-A72f4da7e", "score": 39.19925111724587}
{"docno": "Sdfb058ea-Ad712ba13", "score": 37.57564154547497}
{"docno": "S3584cf5e-A902d172e", "score": 36.70233468578151}
{"docno": "Sa2582c6b-A816a4bd8", "score": 28.841947136427773}
{"docno": "S51826e57-A59d8e7df", "score": 27.63468131889061}
{"docno": "S45198ce6-A2ae3bf67", "score": 27.59775860848842}
{"docno": "Sf1d75e55-A5d84db7a", "score": 27.375165569707693}
{"docno": "S7ec5145f-Ada1c2ab7", "score": 26.42427545009428}
{"docno": "S479deab2-Ab861c344", "score": 26.26867791609805}
{"docno": "Scaecc1bf-Aefda8d21", "score": 25.784742895939047}
{"docno": "Sfba9d594-Ac4f48d57", "score": 25.49707012093326}
{"docno": "Sf8070fca-Ac105b073", "score": 25.379347293855893}
{"docno": "S2771aba0-Aaa97a334", "score": 24.960737059499046}
{"docno": "Sea01fdc2-Ad0588d65", "score": 24.927219179759113}
{"docno": "Seada3b89-Aecbae0b3", "score": 24.729102656297112}
{"docno": "Sd2d4219f-A2e56f517", "score": 23.98763125687614}
{"docno": "S88021be-Aba29c5b9", "score": 23.930021453681867}
{"docno": "S67148c4d-A719737c9", "score": 23.90336806201564}
{"docno": "Scaecc1bf-Accbeb9e", "score": 23.71347077149013}
{"docno": "Sf1d75df8-Ab98a5cba", "score": 23.607201834245544}
{"docno": "S91e3211a-A6c4f07fb", "score": 23.48579883368855}
{"docno": "Sd8741005-Af4f88db2", "score": 23.397308485990322}
{"docno": "Sc3e91f42-Af58e64ac", "score": 23.330955942351665}
{"docno": "S8de3af5b-A30d39170", "score": 23.04835806205225}
{"docno": "Sd998475c-A98d86f14", "score": 22.774014171715017}
{"docno": "Sc463d35e-A9b632071", "score": 22.770778288322404}
{"docno": "S9c095897-Aeb548c59", "score": 22.694639142763656}
{"docno": "Sb9c0e12b-Ab66b5008", "score": 22.66960431723342}
{"docno": "Sd995a8ce-A5c330fb4", "score": 22.371405818676248}
{"docno": "S7a271b49-Abda5897d", "score": 22.255098017350434}
{"docno": "Sce52abfa-Afc141e98", "score": 22.186944854779476}
{"docno": "S9c095897-A854667a4", "score": 22.054946391089217}
{"docno": "S62827e8d-Aef4e29a2", "score": 21.968989631089286}
{"docno": "Se843d75f-Aaa777cd2", "score": 21.80823658641158}
{"docno": "Sd616d15d-A3ee2cfce", "score": 21.759762723024664}
{"docno": "Sd995a8ce-Ad705eb3e", "score": 21.613263746392562}
{"docno": "S7005e549-A902347aa", "score": 21.556380471099775}
{"docno": "S2771aba0-A60ccbf98", "score": 21.472937613546083}
{"docno": "S7839a8e-A8cf2b681", "score": 21.445730113555655}
{"docno": "Scaecc1bf-Aa8dadcba", "score": 21.439513432658185}
{"docno": "Se815f813-A27ae9cb", "score": 21.375605206885822}
{"docno": "S1df4e73f-A5df691d2", "score": 21.370793680289886}
{"docno": "S77a5df9b-Abc04cc3f", "score": 21.20015732634488}
{"docno": "Sde96f288-A38eca72d", "score": 21.164977767120114}
{"docno": "S8257a020-Af19b156c", "score": 20.96151543071568}
{"docno": "S99b18391-Ae1d68dea", "score": 20.945542670826637}
{"docno": "S98f133cd-A83ad82f4", "score": 20.907549801103894}
{"docno": "Sb33122ae-A18fab699", "score": 20.884526573993476}
{"docno": "S4855ee40-A8652ee3d", "score": 20.86590169924542}
{"docno": "Sb0a1a47-Aed26d70e", "score": 20.852868280903415}
{"docno": "Sf15d0350-A78080538", "score": 20.85058885589041}
{"docno": "Sf15d0331-A78080538", "score": 20.85058885589041}
{"docno": "S77a5df9b-A5e28515f", "score": 20.81985164108342}
{"docno": "S5549c71-A7b5dcaa5", "score": 20.74057611050766}
{"docno": "Sacc1a0fd-Abcc0f862", "score": 20.698582369289795}
{"docno": "Sfb1a0edd-A8d2ff61d", "score": 20.668258511397077}
{"docno": "S5549c52-A79d65e61", "score": 20.591821703598253}
{"docno": "Sff5c7649-A81ed6735", "score": 20.515236147413965}
{"docno": "Sfba9d594-A6d5ae408", "score": 20.30022070744917}
{"docno": "S7d51d9aa-A1cba2cb0", "score": 20.264813185932653}
{"docno": "Sdfb058ea-Ae296cd05", "score": 20.20130001585926}
{"docno": "S6334812c-A6b1cba0a", "score": 20.139977473638137}
{"docno": "S3f243c69-Ab497f6bf", "score": 20.079865443145344}
{"docno": "Sf8070fca-A63da6cfa", "score": 20.074463936811213}
{"docno": "Sfb1a0edd-A2c9e20cc", "score": 20.074463936811213}
{"docno": "Sdd222a9b-Ad8cf5ea1", "score": 19.969358734879144}
{"docno": "S799b5dd2-A53957369", "score": 19.950627063712712}
{"docno": "S2771aba0-A80dfc9f1", "score": 19.9177308117756}
{"docno": "S42a23628-A9e92c30c", "score": 19.9177308117756}
{"docno": "S479deab2-Ab2093e84", "score": 19.90608923683758}
{"docno": "S45147692-A5b31bfab", "score": 19.86859999707845}
{"docno": "S895c19ea-A4768881f", "score": 19.763426141409113}
{"docno": "Sd995a8ce-Ae44bd3d6", "score": 19.763426141409113}
{"docno": "S3f243c69-Ac628e5a", "score": 19.74159993783465}
{"docno": "Sd995a8ce-Ab4e75c7e", "score": 19.73026724929085}
{"docno": "S79ec1e40-Ae702a9d1", "score": 19.67724807454988}
{"docno": "Sff5c7649-Afaf9e0a4", "score": 19.671531579863455}
{"docno": "S4468a769-Af350c1f7", "score": 19.622741597814247}
{"docno": "S5e01dbe3-Aaa501ba3", "score": 19.616564265090346}
{"docno": "S98f133cd-A4f2ab609", "score": 19.613321839540163}
{"docno": "S2771aba0-A53009edf", "score": 19.61149391915015}
{"docno": "S4c14e1f7-Aa00e026e", "score": 19.61149391915015}
{"docno": "Sd998475c-Ae33db8a3", "score": 19.536365908607216}
{"docno": "S249e601e-A9d8185b4", "score": 19.461879847510332}
{"docno": "Sfba9d594-Aec8df140", "score": 19.453872898143928}
{"docno": "S3892212e-Aabc53e0b", "score": 19.452131743470623}
{"docno": "Sb33122ae-Ae7ce37e5", "score": 19.306084807095008}
{"docno": "S56d8676d-A4e0ffd25", "score": 19.22022236613533}
{"docno": "Sbde6bfc6-A32dc73a3", "score": 19.1802779253579}
{"docno": "Sd50d45f1-A1d088add", "score": 19.175202651331126}
{"docno": "S15445abc-Afb7c0cd6", "score": 19.08293160796204}
{"docno": "S1dbec9e-A28a175bd", "score": 19.036598176771175}
{"docno": "Se1ec511c-A31e7b554", "score": 19.02642785912528}
{"docno": "Scaecc1bf-A4e3d6a2d", "score": 18.962248405521958}
{"docno": "Sd995a8ce-Ae32ccbe5", "score": 18.885575392306194}
{"docno": "Sf64a59a-A1d13a0d8", "score": 18.860670783453152}
{"docno": "S97806e3b-A2aac6679", "score": 18.753374228568795}
{"docno": "S10978723-A5957f58", "score": 18.746793059285082}
{"docno": "S5cb36f7e-Afebe7a27", "score": 18.746793059285082}
{"docno": "S3d1a752c-A1947fe3e", "score": 18.72516375304169}
{"type": "toggleArgument", "timestamp": "2025-06-26T10:37:54.088Z", "sessionID": "cdc28e75-e17a-457a-9399-d1ac79fa0070", "rank": "1", "doc": "S3584cf5e-A72f4da7e", "action": "expand", "doclen": 863, "score": 14.151703413931465}
{"type": "toggleArgument", "timestamp": "2025-06-26T10:38:08.432Z", "sessionID": "cdc28e75-e17a-457a-9399-d1ac79fa0070", "rank": "2", "doc": "Sdfb058ea-Ad712ba13", "action": "expand", "doclen": 153, "score": 29.3130697005973}
{"type": "StanceClicked", "timestamp": "2025-06-26T10:38:10.432Z", "sessionID": "cdc28e75-e17a-457a-9399-d1ac79fa0070", "rank": "2", "stance": "pro", "action": "chooseStance", "doc": "Sdfb058ea-Ad712ba13", "doclen": 153, "score": 29.3130697005973}
{"type": "toggleArgument", "timestamp": "2025-06-26T10:38:19.416Z", "sessionID": "cdc28e75-e17a-457a-9399-d1ac79fa0070", "rank": "3", "doc": "S3584cf5e-A902d172e", "action": "expand", "doclen": 176, "score": 28.63179577431654}
{"type": "toggleArgument", "timestamp": "2025-06-26T10:39:01.968Z", "sessionID": "cdc28e75-e17a-457a-9399-d1ac79fa0070", "rank": "10", "doc": "Scaecc1bf-Aefda8d21", "action": "expand", "doclen": 320, "score": 18.07268072724134}
{"type": "pageNavigationClicked", "timestamp": "2025-06-26T10:39:06.040Z", "sessionID": "cdc28e75-e17a-457a-9399-d1ac79fa0070", "clicked": "5", "fromPage": 1, "toPage": 5}
{"type": "toggleArgument", "timestamp": "2025-06-26T10:39:19.408Z", "sessionID": "cdc28e75-e17a-457a-9399-d1ac79fa0070", "rank": "43", "doc": "S77a5df9b-Abc04cc3f", "action": "expand", "doclen": 1087, "score": 21.20015732634488}
{"type": "toggleArgument", "timestamp": "2025-06-26T10:39:33.201Z", "sessionID": "cdc28e75-e17a-457a-9399-d1ac79fa0070", "rank": "44", "doc": "Sde96f288-A38eca72d", "action": "expand", "doclen": 474, "score": 21.164977767120114}
{"type": "toggleArgument", "timestamp": "2025-06-26T10:39:48.297Z", "sessionID": "cdc28e75-e17a-457a-9399-d1ac79fa0070", "rank": "45", "doc": "S8257a020-Af19b156c", "action": "expand", "doclen": 2465, "score": 20.96151543071568}
{"type": "toggleArgument", "timestamp": "2025-06-26T10:40:06.697Z", "sessionID": "cdc28e75-e17a-457a-9399-d1ac79fa0070", "rank": "49", "doc": "S4855ee40-A8652ee3d", "action": "expand", "doclen": 2000, "score": 20.86590169924542}
{"type": "pageNavigationClicked", "timestamp": "2025-06-26T10:40:24.121Z", "sessionID": "cdc28e75-e17a-457a-9399-d1ac79fa0070", "clicked": "6", "fromPage": 5, "toPage": 6}
{"type": "pageNavigationClicked", "timestamp": "2025-06-26T10:40:43.755Z", "sessionID": "cdc28e75-e17a-457a-9399-d1ac79fa0070", "clicked": "7", "fromPage": 6, "toPage": 7}
{"type": "toggleArgument", "timestamp": "2025-06-26T10:40:58.443Z", "sessionID": "cdc28e75-e17a-457a-9399-d1ac79fa0070", "rank": "64", "doc": "Sf8070fca-A63da6cfa", "action": "expand", "doclen": 151, "score": 20.074463936811213}
{"type": "StanceClicked", "timestamp": "2025-06-26T10:41:05.956Z", "sessionID": "cdc28e75-e17a-457a-9399-d1ac79fa0070", "rank": "64", "stance": "pro", "action": "chooseStance", "doc": "Sf8070fca-A63da6cfa", "doclen": 151, "score": 20.074463936811213}
{"type": "pageNavigationClicked", "timestamp": "2025-06-26T10:41:39.765Z", "sessionID": "cdc28e75-e17a-457a-9399-d1ac79fa0070", "clicked": "10", "fromPage": 7, "toPage": 10}
{"type": "StanceClicked", "timestamp": "2025-06-26T10:42:10.013Z", "sessionID": "cdc28e75-e17a-457a-9399-d1ac79fa0070", "rank": "94", "stance": "con", "action": "chooseStance", "doc": "Scaecc1bf-A4e3d6a2d", "doclen": 454, "score": 18.962248405521958}
{"type": "pageNavigationClicked", "timestamp": "2025-06-26T10:42:17.765Z", "sessionID": "cdc28e75-e17a-457a-9399-d1ac79fa0070", "clicked": "2", "fromPage": 10, "toPage": 2}
{"type": "toggleArgument", "timestamp": "2025-06-26T10:42:54.199Z", "sessionID": "cdc28e75-e17a-457a-9399-d1ac79fa0070", "rank": "13", "doc": "S2771aba0-Aaa97a334", "action": "expand", "doclen": 1255, "score": 24.960737059499046}
{"type": "StanceClicked", "timestamp": "2025-06-26T10:43:21.768Z", "sessionID": "cdc28e75-e17a-457a-9399-d1ac79fa0070", "rank": "13", "stance": "con", "action": "chooseStance", "doc": "S2771aba0-Aaa97a334", "doclen": 1255, "score": 24.960737059499046}
{"type": "toggleArgument", "timestamp": "2025-06-26T10:43:28.913Z", "sessionID": "cdc28e75-e17a-457a-9399-d1ac79fa0070", "rank": "15", "doc": "Seada3b89-Aecbae0b3", "action": "expand", "doclen": 2487, "score": 21.629400598919794}
{"type": "StanceClicked", "timestamp": "2025-06-26T10:43:32.153Z", "sessionID": "cdc28e75-e17a-457a-9399-d1ac79fa0070", "rank": "15", "stance": "pro", "action": "chooseStance", "doc": "Seada3b89-Aecbae0b3", "doclen": 2487, "score": 21.629400598919794}
{"type": "StanceClicked", "timestamp": "2025-06-26T10:43:45.385Z", "sessionID": "cdc28e75-e17a-457a-9399-d1ac79fa0070", "rank": "16", "stance": "pro", "action": "chooseStance", "doc": "Sd2d4219f-A2e56f517", "doclen": 591, "score": 23.98763125687614}
{"type": "toggleArgument", "timestamp": "2025-06-26T10:43:54.937Z", "sessionID": "cdc28e75-e17a-457a-9399-d1ac79fa0070", "rank": "17", "doc": "S88021be-Aba29c5b9", "action": "expand", "doclen": 2666, "score": 23.930021453681867}
{"type": "ClickedEndTask", "timestamp": "2025-06-26T10:44:32.249Z", "sessionID": "cdc28e75-e17a-457a-9399-d1ac79fa0070"}
{"type": "TaskEndConfirmed", "timestamp": "2025-06-26T10:44:33.761Z", "sessionID": "cdc28e75-e17a-457a-9399-d1ac79fa0070"}
{"type": "TaskEnded", "timestamp": "2025-06-26T10:45:32.145Z", "sessionID": "cdc28e75-e17a-457a-9399-d1ac79fa0070", "reason": "i have found enough arguments. all these opinions make me feel not great and i don not want to read more", "translated_reason": "I have founded arguments. All thesis Opinions Make Me Feel not great and I don not want to read more"}
