{"type": "TaskStarted", "timestamp": "2025-06-26T11:12:54.895Z", "sessionID": "8e029349-83b4-4c94-9713-3f91627d9750", "task": "2", "uid": "Participant24", "topic": "Should gay marriage be legal?"}
{"type": "queryBoxFocused", "timestamp": "2025-06-26T11:12:56.432Z", "sessionID": "8e029349-83b4-4c94-9713-3f91627d9750"}
{"type": "querySubmitted", "timestamp": "2025-06-26T11:13:07.856Z", "sessionID": "8e029349-83b4-4c94-9713-3f91627d9750", "query": "should gay marriage be legal"}
{"docno": "S3fdbc7fb-Acdea333f", "score": 28.31809877385746}
{"docno": "Sc015ffd5-Aa4c18eda", "score": 27.829417583903073}
{"docno": "Sc19aa035-A21b9d60b", "score": 27.62861541142628}
{"docno": "S80312d7-A77965178", "score": 27.23309792171025}
{"docno": "Sc6b95312-Acc1b3abe", "score": 27.199990549069202}
{"docno": "Sd00dae62-Aee537d8f", "score": 26.968527196076746}
{"docno": "S6335cb84-A2f24bf77", "score": 26.952129604382094}
{"docno": "S6335cb84-A62d47c5f", "score": 26.93841752826492}
{"docno": "Sd9e8fdaa-Abf686a30", "score": 26.91058226973164}
{"docno": "Sd9e8fd8b-Abf686a30", "score": 26.91058226973164}
{"docno": "Sb33122ae-A823f55c5", "score": 26.903094741573412}
{"docno": "S6334dfa0-A476416c4", "score": 26.854292502155843}
{"docno": "Sd9e901a9-Af6114316", "score": 26.73587000154954}
{"docno": "Sea2e9e7f-A804cc5a", "score": 26.72655704147467}
{"docno": "Sd01dadc7-A36f2d47e", "score": 26.578217040098423}
{"docno": "S4366841b-Af165b2d0", "score": 26.572091365099578}
{"docno": "S6335cba3-A99e5d439", "score": 26.49492124350724}
{"docno": "Sb56be777-A5f375fc6", "score": 26.476782600673914}
{"docno": "Sc015ffd5-A9369c2c4", "score": 26.46435315468689}
{"docno": "Sdadf6f7e-Aff34f42", "score": 26.45900026022566}
{"docno": "S1b1fbdc-A52ab978f", "score": 26.35571286026388}
{"docno": "S4366841b-A3a028eb", "score": 26.329632308928325}
{"docno": "S14339a91-Ad4a2c6d4", "score": 26.28067135976548}
{"docno": "Se24a1f7f-Aba509b81", "score": 26.253623501156625}
{"docno": "Sd01da664-Aabf4d0c5", "score": 26.249313451650156}
{"docno": "S5e9875b9-A897700d6", "score": 26.234294655244224}
{"docno": "S2ebf9bd8-A27b8377a", "score": 26.181046138199466}
{"docno": "S14339aee-Aa454a98d", "score": 26.16791794100854}
{"docno": "S457e9be7-Acbdd5408", "score": 26.158538961805185}
{"docno": "S98ff8aac-A8fd9e837", "score": 26.148484770958284}
{"docno": "S33969802-A73ca83b8", "score": 26.132622526615204}
{"docno": "Sd2f4b1cd-A269458cc", "score": 26.106551310414005}
{"docno": "S25961e7-Af274579", "score": 26.101064046362445}
{"docno": "S98ff8aac-Abcd592c3", "score": 26.09587449173117}
{"docno": "Sfdc7da1-A72cdd2ee", "score": 26.061076186248453}
{"docno": "S25961e7-Aafc61a6e", "score": 26.019810957453902}
{"docno": "Sd9e9016b-Aed43e556", "score": 25.976727424104894}
{"docno": "S73b244ee-Adca5077b", "score": 25.95331322333619}
{"docno": "Sc831b805-Af2180ca2", "score": 25.876660877814864}
{"docno": "Sc1c5ca56-Aea8b6e1b", "score": 25.876660877814864}
{"docno": "S4e10f154-Ae33ba556", "score": 25.87336611607801}
{"docno": "Sb91f04f4-A64abc1fc", "score": 25.860729291319377}
{"docno": "See37e09b-A4147878", "score": 25.830530228399162}
{"docno": "S63346e67-Aa769a6ff", "score": 25.82017683507354}
{"docno": "Sd2f4b1cd-A14014b1d", "score": 25.820135206512962}
{"docno": "S4d91b1df-A303aa407", "score": 25.763101971777452}
{"docno": "S633484ce-Aaf4c2dd4", "score": 25.75960664845787}
{"docno": "S14341653-Af2f52272", "score": 25.7527477708715}
{"docno": "S933d85b9-Accb5ce3a", "score": 25.716327607971714}
{"docno": "S14339ab0-A7b151838", "score": 25.711194460152548}
{"docno": "Sea2e1abf-Acaf22933", "score": 25.656117284289195}
{"docno": "S6334eb40-A71492f6f", "score": 25.652492687869447}
{"docno": "Sea2e9e7f-A3e5f30e3", "score": 25.652329673148433}
{"docno": "Se0866765-A3b2889e4", "score": 25.652255238766703}
{"docno": "Sf0369d47-Ac8507f09", "score": 25.62262260129893}
{"docno": "S6fba83ee-Ac1516a7f", "score": 25.616389760966285}
{"docno": "S2ebf9bd8-A910236a2", "score": 25.606890592187007}
{"docno": "S63347646-Ae6a3c210", "score": 25.59922045694185}
{"docno": "S630bcace-A551037a8", "score": 25.57691967546618}
{"docno": "Sde7e68bd-Ac40b2fdc", "score": 25.54707575042236}
{"docno": "S916a7c2f-A347189ef", "score": 25.543260451706235}
{"docno": "Sea2e9e7f-A9b3dd3d1", "score": 25.536415224858203}
{"docno": "S242d823d-A8cd9c422", "score": 25.510501762501672}
{"docno": "Sbc6ad271-Afe21fb63", "score": 25.496986652508944}
{"docno": "See37e09b-A51ca05ab", "score": 25.436612876595476}
{"docno": "S63346f21-A57f57574", "score": 25.434040856368792}
{"docno": "Sfe5e045a-A28f5111e", "score": 25.41471288738766}
{"docno": "S173a3fe5-A2da95c97", "score": 25.394972435715015}
{"docno": "S173a3f88-A42e19f43", "score": 25.394972435715015}
{"docno": "S63347646-A7f847715", "score": 25.344016416208454}
{"docno": "Sae4571c-Aa929f1ab", "score": 25.334501619893093}
{"docno": "S14339ab0-Adbfd0c47", "score": 25.29664281477719}
{"docno": "S63f4a530-Ad299544b", "score": 25.29049656727752}
{"docno": "S63355f61-A60396d", "score": 25.265049869723285}
{"docno": "S5d03ca92-A9d9b508a", "score": 25.256543367592805}
{"docno": "Sdf9e9598-A986a9154", "score": 25.240523525864596}
{"docno": "Sd9e8fdaa-A8f3caa11", "score": 25.222240039456924}
{"docno": "Sea2e1abf-A2e19f1f0", "score": 25.19695314836279}
{"docno": "S630bca14-A376217e", "score": 25.178508338452612}
{"docno": "Sd01da9c8-A1dced4e4", "score": 25.17473319113223}
{"docno": "Sfe6a066-Aebccb5c3", "score": 25.16633841972229}
{"docno": "Sde7e68bd-A2539b87e", "score": 25.142977379475912}
{"docno": "Sd00d2f7a-A4ff75361", "score": 25.12276916158221}
{"docno": "S2b847bb1-A329d15ab", "score": 25.07966178156465}
{"docno": "S3d4f5783-Ab88b12d3", "score": 25.07893262817032}
{"docno": "S3b27903a-Af7ecffab", "score": 25.07138192938735}
{"docno": "S53365126-A76eed5aa", "score": 25.071134200434425}
{"docno": "S924aa16c-Aae0ea995", "score": 25.016167713645412}
{"docno": "Se69163c6-A2050e585", "score": 25.011579377958775}
{"docno": "Sb1077c8f-A8013a71", "score": 24.991957412777747}
{"docno": "S2b847bd0-A2251f932", "score": 24.99000269405468}
{"docno": "Sd1cb4750-Aa788b686", "score": 24.984441558777743}
{"docno": "S9e180209-Ad88c2de7", "score": 24.981317302519614}
{"docno": "Sd9e905a8-A29dc24d9", "score": 24.92176735624922}
{"docno": "S9ee85ef5-A77139913", "score": 24.89965970836676}
{"docno": "Sea2e1a62-A82cb871b", "score": 24.85671295399304}
{"docno": "S48d0fe88-A486d7953", "score": 24.850711071228126}
{"docno": "Sf0bfabab-A3efd8290", "score": 24.850711071228126}
{"docno": "Sf0369d47-A7d57a307", "score": 24.8502252246284}
{"docno": "Sea2e99e5-A117fe7a0", "score": 24.84370836827366}
{"type": "toggleArgument", "timestamp": "2025-06-26T11:13:10.527Z", "sessionID": "8e029349-83b4-4c94-9713-3f91627d9750", "rank": "1", "doc": "S3fdbc7fb-Acdea333f", "action": "expand", "doclen": 1840, "score": 8.463601826218937}
{"type": "toggleArgument", "timestamp": "2025-06-26T11:13:18.928Z", "sessionID": "8e029349-83b4-4c94-9713-3f91627d9750", "rank": "2", "doc": "Sc015ffd5-Aa4c18eda", "action": "expand", "doclen": 2445, "score": 8.244749688134435}
{"type": "toggleArgument", "timestamp": "2025-06-26T11:13:39.583Z", "sessionID": "8e029349-83b4-4c94-9713-3f91627d9750", "rank": "3", "doc": "Sc19aa035-A21b9d60b", "action": "expand", "doclen": 1698, "score": 8.044620699426586}
{"type": "toggleArgument", "timestamp": "2025-06-26T11:14:01.706Z", "sessionID": "8e029349-83b4-4c94-9713-3f91627d9750", "rank": "4", "doc": "S80312d7-A77965178", "action": "expand", "doclen": 783, "score": 27.23309792171025}
{"type": "StanceClicked", "timestamp": "2025-06-26T11:14:28.858Z", "sessionID": "8e029349-83b4-4c94-9713-3f91627d9750", "rank": "4", "stance": "pro", "action": "chooseStance", "doc": "S80312d7-A77965178", "doclen": 783, "score": 27.23309792171025}
{"type": "toggleArgument", "timestamp": "2025-06-26T11:14:30.818Z", "sessionID": "8e029349-83b4-4c94-9713-3f91627d9750", "rank": "5", "doc": "Sc6b95312-Acc1b3abe", "action": "expand", "doclen": 2546, "score": 27.199990549069202}
{"type": "toggleArgument", "timestamp": "2025-06-26T11:14:33.562Z", "sessionID": "8e029349-83b4-4c94-9713-3f91627d9750", "rank": "5", "doc": "Sc6b95312-Acc1b3abe", "action": "reduce", "doclen": 2546, "score": 27.199990549069202}
{"type": "toggleArgument", "timestamp": "2025-06-26T11:14:38.410Z", "sessionID": "8e029349-83b4-4c94-9713-3f91627d9750", "rank": "5", "doc": "Sc6b95312-Acc1b3abe", "action": "expand", "doclen": 2546, "score": 27.199990549069202}
{"type": "toggleArgument", "timestamp": "2025-06-26T11:15:14.036Z", "sessionID": "8e029349-83b4-4c94-9713-3f91627d9750", "rank": "7", "doc": "S6335cb84-A2f24bf77", "action": "expand", "doclen": 589, "score": 7.8923228233597325}
{"type": "toggleArgument", "timestamp": "2025-06-26T11:15:33.708Z", "sessionID": "8e029349-83b4-4c94-9713-3f91627d9750", "rank": "9", "doc": "Sd9e8fdaa-Abf686a30", "action": "expand", "doclen": 206, "score": 26.91058226973164}
{"type": "StanceClicked", "timestamp": "2025-06-26T11:15:44.132Z", "sessionID": "8e029349-83b4-4c94-9713-3f91627d9750", "rank": "9", "stance": "pro", "action": "chooseStance", "doc": "Sd9e8fdaa-Abf686a30", "doclen": 206, "score": 26.91058226973164}
{"type": "toggleArgument", "timestamp": "2025-06-26T11:15:47.156Z", "sessionID": "8e029349-83b4-4c94-9713-3f91627d9750", "rank": "10", "doc": "Sd9e8fd8b-Abf686a30", "action": "expand", "doclen": 206, "score": 26.91058226973164}
{"type": "StanceClicked", "timestamp": "2025-06-26T11:15:56.612Z", "sessionID": "8e029349-83b4-4c94-9713-3f91627d9750", "rank": "10", "stance": "pro", "action": "chooseStance", "doc": "Sd9e8fd8b-Abf686a30", "doclen": 206, "score": 26.91058226973164}
{"type": "queryBoxFocused", "timestamp": "2025-06-26T11:16:25.169Z", "sessionID": "8e029349-83b4-4c94-9713-3f91627d9750"}
{"type": "querySubmitted", "timestamp": "2025-06-26T11:16:35.743Z", "sessionID": "8e029349-83b4-4c94-9713-3f91627d9750", "query": "why should gay marriage be legal"}
{"docno": "S3fdbc7fb-Acdea333f", "score": 28.31809877385746}
{"docno": "Sc015ffd5-Aa4c18eda", "score": 27.829417583903073}
{"docno": "Sc19aa035-A21b9d60b", "score": 27.62861541142628}
{"docno": "S80312d7-A77965178", "score": 27.23309792171025}
{"docno": "Sc6b95312-Acc1b3abe", "score": 27.199990549069202}
{"docno": "Sd00dae62-Aee537d8f", "score": 26.968527196076746}
{"docno": "S6335cb84-A2f24bf77", "score": 26.952129604382094}
{"docno": "S6335cb84-A62d47c5f", "score": 26.93841752826492}
{"docno": "Sd9e8fdaa-Abf686a30", "score": 26.91058226973164}
{"docno": "Sd9e8fd8b-Abf686a30", "score": 26.91058226973164}
{"docno": "Sb33122ae-A823f55c5", "score": 26.903094741573412}
{"docno": "S6334dfa0-A476416c4", "score": 26.854292502155843}
{"docno": "Sd9e901a9-Af6114316", "score": 26.73587000154954}
{"docno": "Sea2e9e7f-A804cc5a", "score": 26.72655704147467}
{"docno": "Sd01dadc7-A36f2d47e", "score": 26.578217040098423}
{"docno": "S4366841b-Af165b2d0", "score": 26.572091365099578}
{"docno": "S6335cba3-A99e5d439", "score": 26.49492124350724}
{"docno": "Sb56be777-A5f375fc6", "score": 26.476782600673914}
{"docno": "Sc015ffd5-A9369c2c4", "score": 26.46435315468689}
{"docno": "Sdadf6f7e-Aff34f42", "score": 26.45900026022566}
{"docno": "S1b1fbdc-A52ab978f", "score": 26.35571286026388}
{"docno": "S4366841b-A3a028eb", "score": 26.329632308928325}
{"docno": "S14339a91-Ad4a2c6d4", "score": 26.28067135976548}
{"docno": "Se24a1f7f-Aba509b81", "score": 26.253623501156625}
{"docno": "Sd01da664-Aabf4d0c5", "score": 26.249313451650156}
{"docno": "S5e9875b9-A897700d6", "score": 26.234294655244224}
{"docno": "S2ebf9bd8-A27b8377a", "score": 26.181046138199466}
{"docno": "S14339aee-Aa454a98d", "score": 26.16791794100854}
{"docno": "S457e9be7-Acbdd5408", "score": 26.158538961805185}
{"docno": "S98ff8aac-A8fd9e837", "score": 26.148484770958284}
{"docno": "S33969802-A73ca83b8", "score": 26.132622526615204}
{"docno": "Sd2f4b1cd-A269458cc", "score": 26.106551310414005}
{"docno": "S25961e7-Af274579", "score": 26.101064046362445}
{"docno": "S98ff8aac-Abcd592c3", "score": 26.09587449173117}
{"docno": "Sfdc7da1-A72cdd2ee", "score": 26.061076186248453}
{"docno": "S25961e7-Aafc61a6e", "score": 26.019810957453902}
{"docno": "Sd9e9016b-Aed43e556", "score": 25.976727424104894}
{"docno": "S73b244ee-Adca5077b", "score": 25.95331322333619}
{"docno": "Sc831b805-Af2180ca2", "score": 25.876660877814864}
{"docno": "Sc1c5ca56-Aea8b6e1b", "score": 25.876660877814864}
{"docno": "S4e10f154-Ae33ba556", "score": 25.87336611607801}
{"docno": "Sb91f04f4-A64abc1fc", "score": 25.860729291319377}
{"docno": "See37e09b-A4147878", "score": 25.830530228399162}
{"docno": "S63346e67-Aa769a6ff", "score": 25.82017683507354}
{"docno": "Sd2f4b1cd-A14014b1d", "score": 25.820135206512962}
{"docno": "S4d91b1df-A303aa407", "score": 25.763101971777452}
{"docno": "S633484ce-Aaf4c2dd4", "score": 25.75960664845787}
{"docno": "S14341653-Af2f52272", "score": 25.7527477708715}
{"docno": "S933d85b9-Accb5ce3a", "score": 25.716327607971714}
{"docno": "S14339ab0-A7b151838", "score": 25.711194460152548}
{"docno": "Sea2e1abf-Acaf22933", "score": 25.656117284289195}
{"docno": "S6334eb40-A71492f6f", "score": 25.652492687869447}
{"docno": "Sea2e9e7f-A3e5f30e3", "score": 25.652329673148433}
{"docno": "Se0866765-A3b2889e4", "score": 25.652255238766703}
{"docno": "Sf0369d47-Ac8507f09", "score": 25.62262260129893}
{"docno": "S6fba83ee-Ac1516a7f", "score": 25.616389760966285}
{"docno": "S2ebf9bd8-A910236a2", "score": 25.606890592187007}
{"docno": "S63347646-Ae6a3c210", "score": 25.59922045694185}
{"docno": "S630bcace-A551037a8", "score": 25.57691967546618}
{"docno": "Sde7e68bd-Ac40b2fdc", "score": 25.54707575042236}
{"docno": "S916a7c2f-A347189ef", "score": 25.543260451706235}
{"docno": "Sea2e9e7f-A9b3dd3d1", "score": 25.536415224858203}
{"docno": "S242d823d-A8cd9c422", "score": 25.510501762501672}
{"docno": "Sbc6ad271-Afe21fb63", "score": 25.496986652508944}
{"docno": "See37e09b-A51ca05ab", "score": 25.436612876595476}
{"docno": "S63346f21-A57f57574", "score": 25.434040856368792}
{"docno": "Sfe5e045a-A28f5111e", "score": 25.41471288738766}
{"docno": "S173a3fe5-A2da95c97", "score": 25.394972435715015}
{"docno": "S173a3f88-A42e19f43", "score": 25.394972435715015}
{"docno": "S63347646-A7f847715", "score": 25.344016416208454}
{"docno": "Sae4571c-Aa929f1ab", "score": 25.334501619893093}
{"docno": "S14339ab0-Adbfd0c47", "score": 25.29664281477719}
{"docno": "S63f4a530-Ad299544b", "score": 25.29049656727752}
{"docno": "S63355f61-A60396d", "score": 25.265049869723285}
{"docno": "S5d03ca92-A9d9b508a", "score": 25.256543367592805}
{"docno": "Sdf9e9598-A986a9154", "score": 25.240523525864596}
{"docno": "Sd9e8fdaa-A8f3caa11", "score": 25.222240039456924}
{"docno": "Sea2e1abf-A2e19f1f0", "score": 25.19695314836279}
{"docno": "S630bca14-A376217e", "score": 25.178508338452612}
{"docno": "Sd01da9c8-A1dced4e4", "score": 25.17473319113223}
{"docno": "Sfe6a066-Aebccb5c3", "score": 25.16633841972229}
{"docno": "Sde7e68bd-A2539b87e", "score": 25.142977379475912}
{"docno": "Sd00d2f7a-A4ff75361", "score": 25.12276916158221}
{"docno": "S2b847bb1-A329d15ab", "score": 25.07966178156465}
{"docno": "S3d4f5783-Ab88b12d3", "score": 25.07893262817032}
{"docno": "S3b27903a-Af7ecffab", "score": 25.07138192938735}
{"docno": "S53365126-A76eed5aa", "score": 25.071134200434425}
{"docno": "S924aa16c-Aae0ea995", "score": 25.016167713645412}
{"docno": "Se69163c6-A2050e585", "score": 25.011579377958775}
{"docno": "Sb1077c8f-A8013a71", "score": 24.991957412777747}
{"docno": "S2b847bd0-A2251f932", "score": 24.99000269405468}
{"docno": "Sd1cb4750-Aa788b686", "score": 24.984441558777743}
{"docno": "S9e180209-Ad88c2de7", "score": 24.981317302519614}
{"docno": "Sd9e905a8-A29dc24d9", "score": 24.92176735624922}
{"docno": "S9ee85ef5-A77139913", "score": 24.89965970836676}
{"docno": "Sea2e1a62-A82cb871b", "score": 24.85671295399304}
{"docno": "S48d0fe88-A486d7953", "score": 24.850711071228126}
{"docno": "Sf0bfabab-A3efd8290", "score": 24.850711071228126}
{"docno": "Sf0369d47-A7d57a307", "score": 24.8502252246284}
{"docno": "Sea2e99e5-A117fe7a0", "score": 24.84370836827366}
{"type": "toggleArgument", "timestamp": "2025-06-26T11:16:39.175Z", "sessionID": "8e029349-83b4-4c94-9713-3f91627d9750", "rank": "1", "doc": "S3fdbc7fb-Acdea333f", "action": "expand", "doclen": 1840, "score": 8.463601826218937}
{"type": "toggleArgument", "timestamp": "2025-06-26T11:16:53.031Z", "sessionID": "8e029349-83b4-4c94-9713-3f91627d9750", "rank": "2", "doc": "Sc015ffd5-Aa4c18eda", "action": "expand", "doclen": 2445, "score": 8.244749688134435}
{"type": "toggleArgument", "timestamp": "2025-06-26T11:17:00.430Z", "sessionID": "8e029349-83b4-4c94-9713-3f91627d9750", "rank": "3", "doc": "Sc19aa035-A21b9d60b", "action": "expand", "doclen": 1698, "score": 8.044620699426586}
{"type": "StanceClicked", "timestamp": "2025-06-26T11:17:35.160Z", "sessionID": "8e029349-83b4-4c94-9713-3f91627d9750", "rank": "3", "stance": "con", "action": "chooseStance", "doc": "Sc19aa035-A21b9d60b", "doclen": 1698, "score": 8.044620699426586}
{"type": "toggleArgument", "timestamp": "2025-06-26T11:17:40.456Z", "sessionID": "8e029349-83b4-4c94-9713-3f91627d9750", "rank": "5", "doc": "Sc6b95312-Acc1b3abe", "action": "expand", "doclen": 2546, "score": 27.199990549069202}
{"type": "toggleArgument", "timestamp": "2025-06-26T11:18:04.104Z", "sessionID": "8e029349-83b4-4c94-9713-3f91627d9750", "rank": "6", "doc": "Sd00dae62-Aee537d8f", "action": "expand", "doclen": 251, "score": 26.968527196076746}
{"type": "StanceClicked", "timestamp": "2025-06-26T11:18:16.584Z", "sessionID": "8e029349-83b4-4c94-9713-3f91627d9750", "rank": "6", "stance": "con", "action": "chooseStance", "doc": "Sd00dae62-Aee537d8f", "doclen": 251, "score": 26.968527196076746}
{"type": "toggleArgument", "timestamp": "2025-06-26T11:18:18.272Z", "sessionID": "8e029349-83b4-4c94-9713-3f91627d9750", "rank": "7", "doc": "S6335cb84-A2f24bf77", "action": "expand", "doclen": 589, "score": 7.8923228233597325}
{"type": "toggleArgument", "timestamp": "2025-06-26T11:18:46.656Z", "sessionID": "8e029349-83b4-4c94-9713-3f91627d9750", "rank": "8", "doc": "S6335cb84-A62d47c5f", "action": "expand", "doclen": 306, "score": 26.93841752826492}
{"type": "queryBoxFocused", "timestamp": "2025-06-26T11:19:04.410Z", "sessionID": "8e029349-83b4-4c94-9713-3f91627d9750"}
{"type": "querySubmitted", "timestamp": "2025-06-26T11:19:26.297Z", "sessionID": "8e029349-83b4-4c94-9713-3f91627d9750", "query": "why is gay marriage not legal"}
{"docno": "S3fdbc7fb-Acdea333f", "score": 28.31809877385746}
{"docno": "Sc015ffd5-Aa4c18eda", "score": 27.829417583903073}
{"docno": "Sc19aa035-A21b9d60b", "score": 27.62861541142628}
{"docno": "S80312d7-A77965178", "score": 27.23309792171025}
{"docno": "Sc6b95312-Acc1b3abe", "score": 27.199990549069202}
{"docno": "Sd00dae62-Aee537d8f", "score": 26.968527196076746}
{"docno": "S6335cb84-A2f24bf77", "score": 26.952129604382094}
{"docno": "S6335cb84-A62d47c5f", "score": 26.93841752826492}
{"docno": "Sd9e8fdaa-Abf686a30", "score": 26.91058226973164}
{"docno": "Sd9e8fd8b-Abf686a30", "score": 26.91058226973164}
{"docno": "Sb33122ae-A823f55c5", "score": 26.903094741573412}
{"docno": "S6334dfa0-A476416c4", "score": 26.854292502155843}
{"docno": "Sd9e901a9-Af6114316", "score": 26.73587000154954}
{"docno": "Sea2e9e7f-A804cc5a", "score": 26.72655704147467}
{"docno": "Sd01dadc7-A36f2d47e", "score": 26.578217040098423}
{"docno": "S4366841b-Af165b2d0", "score": 26.572091365099578}
{"docno": "S6335cba3-A99e5d439", "score": 26.49492124350724}
{"docno": "Sb56be777-A5f375fc6", "score": 26.476782600673914}
{"docno": "Sc015ffd5-A9369c2c4", "score": 26.46435315468689}
{"docno": "Sdadf6f7e-Aff34f42", "score": 26.45900026022566}
{"docno": "S1b1fbdc-A52ab978f", "score": 26.35571286026388}
{"docno": "S4366841b-A3a028eb", "score": 26.329632308928325}
{"docno": "S14339a91-Ad4a2c6d4", "score": 26.28067135976548}
{"docno": "Se24a1f7f-Aba509b81", "score": 26.253623501156625}
{"docno": "Sd01da664-Aabf4d0c5", "score": 26.249313451650156}
{"docno": "S5e9875b9-A897700d6", "score": 26.234294655244224}
{"docno": "S2ebf9bd8-A27b8377a", "score": 26.181046138199466}
{"docno": "S14339aee-Aa454a98d", "score": 26.16791794100854}
{"docno": "S457e9be7-Acbdd5408", "score": 26.158538961805185}
{"docno": "S98ff8aac-A8fd9e837", "score": 26.148484770958284}
{"docno": "S33969802-A73ca83b8", "score": 26.132622526615204}
{"docno": "Sd2f4b1cd-A269458cc", "score": 26.106551310414005}
{"docno": "S25961e7-Af274579", "score": 26.101064046362445}
{"docno": "S98ff8aac-Abcd592c3", "score": 26.09587449173117}
{"docno": "Sfdc7da1-A72cdd2ee", "score": 26.061076186248453}
{"docno": "S25961e7-Aafc61a6e", "score": 26.019810957453902}
{"docno": "Sd9e9016b-Aed43e556", "score": 25.976727424104894}
{"docno": "S73b244ee-Adca5077b", "score": 25.95331322333619}
{"docno": "Sc831b805-Af2180ca2", "score": 25.876660877814864}
{"docno": "Sc1c5ca56-Aea8b6e1b", "score": 25.876660877814864}
{"docno": "S4e10f154-Ae33ba556", "score": 25.87336611607801}
{"docno": "Sb91f04f4-A64abc1fc", "score": 25.860729291319377}
{"docno": "See37e09b-A4147878", "score": 25.830530228399162}
{"docno": "S63346e67-Aa769a6ff", "score": 25.82017683507354}
{"docno": "Sd2f4b1cd-A14014b1d", "score": 25.820135206512962}
{"docno": "S4d91b1df-A303aa407", "score": 25.763101971777452}
{"docno": "S633484ce-Aaf4c2dd4", "score": 25.75960664845787}
{"docno": "S14341653-Af2f52272", "score": 25.7527477708715}
{"docno": "S933d85b9-Accb5ce3a", "score": 25.716327607971714}
{"docno": "S14339ab0-A7b151838", "score": 25.711194460152548}
{"docno": "Sea2e1abf-Acaf22933", "score": 25.656117284289195}
{"docno": "S6334eb40-A71492f6f", "score": 25.652492687869447}
{"docno": "Sea2e9e7f-A3e5f30e3", "score": 25.652329673148433}
{"docno": "Se0866765-A3b2889e4", "score": 25.652255238766703}
{"docno": "Sf0369d47-Ac8507f09", "score": 25.62262260129893}
{"docno": "S6fba83ee-Ac1516a7f", "score": 25.616389760966285}
{"docno": "S2ebf9bd8-A910236a2", "score": 25.606890592187007}
{"docno": "S63347646-Ae6a3c210", "score": 25.59922045694185}
{"docno": "S630bcace-A551037a8", "score": 25.57691967546618}
{"docno": "Sde7e68bd-Ac40b2fdc", "score": 25.54707575042236}
{"docno": "S916a7c2f-A347189ef", "score": 25.543260451706235}
{"docno": "Sea2e9e7f-A9b3dd3d1", "score": 25.536415224858203}
{"docno": "S242d823d-A8cd9c422", "score": 25.510501762501672}
{"docno": "Sbc6ad271-Afe21fb63", "score": 25.496986652508944}
{"docno": "See37e09b-A51ca05ab", "score": 25.436612876595476}
{"docno": "S63346f21-A57f57574", "score": 25.434040856368792}
{"docno": "Sfe5e045a-A28f5111e", "score": 25.41471288738766}
{"docno": "S173a3fe5-A2da95c97", "score": 25.394972435715015}
{"docno": "S173a3f88-A42e19f43", "score": 25.394972435715015}
{"docno": "S63347646-A7f847715", "score": 25.344016416208454}
{"docno": "Sae4571c-Aa929f1ab", "score": 25.334501619893093}
{"docno": "S14339ab0-Adbfd0c47", "score": 25.29664281477719}
{"docno": "S63f4a530-Ad299544b", "score": 25.29049656727752}
{"docno": "S63355f61-A60396d", "score": 25.265049869723285}
{"docno": "S5d03ca92-A9d9b508a", "score": 25.256543367592805}
{"docno": "Sdf9e9598-A986a9154", "score": 25.240523525864596}
{"docno": "Sd9e8fdaa-A8f3caa11", "score": 25.222240039456924}
{"docno": "Sea2e1abf-A2e19f1f0", "score": 25.19695314836279}
{"docno": "S630bca14-A376217e", "score": 25.178508338452612}
{"docno": "Sd01da9c8-A1dced4e4", "score": 25.17473319113223}
{"docno": "Sfe6a066-Aebccb5c3", "score": 25.16633841972229}
{"docno": "Sde7e68bd-A2539b87e", "score": 25.142977379475912}
{"docno": "Sd00d2f7a-A4ff75361", "score": 25.12276916158221}
{"docno": "S2b847bb1-A329d15ab", "score": 25.07966178156465}
{"docno": "S3d4f5783-Ab88b12d3", "score": 25.07893262817032}
{"docno": "S3b27903a-Af7ecffab", "score": 25.07138192938735}
{"docno": "S53365126-A76eed5aa", "score": 25.071134200434425}
{"docno": "S924aa16c-Aae0ea995", "score": 25.016167713645412}
{"docno": "Se69163c6-A2050e585", "score": 25.011579377958775}
{"docno": "Sb1077c8f-A8013a71", "score": 24.991957412777747}
{"docno": "S2b847bd0-A2251f932", "score": 24.99000269405468}
{"docno": "Sd1cb4750-Aa788b686", "score": 24.984441558777743}
{"docno": "S9e180209-Ad88c2de7", "score": 24.981317302519614}
{"docno": "Sd9e905a8-A29dc24d9", "score": 24.92176735624922}
{"docno": "S9ee85ef5-A77139913", "score": 24.89965970836676}
{"docno": "Sea2e1a62-A82cb871b", "score": 24.85671295399304}
{"docno": "S48d0fe88-A486d7953", "score": 24.850711071228126}
{"docno": "Sf0bfabab-A3efd8290", "score": 24.850711071228126}
{"docno": "Sf0369d47-A7d57a307", "score": 24.8502252246284}
{"docno": "Sea2e99e5-A117fe7a0", "score": 24.84370836827366}
{"type": "toggleArgument", "timestamp": "2025-06-26T11:19:30.008Z", "sessionID": "8e029349-83b4-4c94-9713-3f91627d9750", "rank": "1", "doc": "S3fdbc7fb-Acdea333f", "action": "expand", "doclen": 1840, "score": 8.463601826218937}
{"type": "toggleArgument", "timestamp": "2025-06-26T11:20:26.929Z", "sessionID": "8e029349-83b4-4c94-9713-3f91627d9750", "rank": "2", "doc": "Sc015ffd5-Aa4c18eda", "action": "expand", "doclen": 2445, "score": 8.244749688134435}
{"type": "toggleArgument", "timestamp": "2025-06-26T11:20:35.041Z", "sessionID": "8e029349-83b4-4c94-9713-3f91627d9750", "rank": "5", "doc": "Sc6b95312-Acc1b3abe", "action": "expand", "doclen": 2546, "score": 27.199990549069202}
{"type": "pageNavigationClicked", "timestamp": "2025-06-26T11:20:39.585Z", "sessionID": "8e029349-83b4-4c94-9713-3f91627d9750", "clicked": "2", "fromPage": 1, "toPage": 2}
{"type": "toggleArgument", "timestamp": "2025-06-26T11:20:41.777Z", "sessionID": "8e029349-83b4-4c94-9713-3f91627d9750", "rank": "11", "doc": "Sb33122ae-A823f55c5", "action": "expand", "doclen": 409, "score": 8.008092530496992}
{"type": "toggleArgument", "timestamp": "2025-06-26T11:21:02.689Z", "sessionID": "8e029349-83b4-4c94-9713-3f91627d9750", "rank": "12", "doc": "S6334dfa0-A476416c4", "action": "expand", "doclen": 697, "score": 26.854292502155843}
{"type": "queryBoxFocused", "timestamp": "2025-06-26T11:21:09.907Z", "sessionID": "8e029349-83b4-4c94-9713-3f91627d9750"}
{"type": "querySubmitted", "timestamp": "2025-06-26T11:21:15.714Z", "sessionID": "8e029349-83b4-4c94-9713-3f91627d9750", "query": "gay marriage why not"}
{"docno": "See37e09b-A29760310", "score": 20.622208389591457}
{"docno": "Se3294f33-Ac99809f0", "score": 20.59778718854368}
{"docno": "Sea2e9e22-A356ce5e", "score": 20.575676260575293}
{"docno": "S73560691-Abbb87f1", "score": 20.50324251044912}
{"docno": "S1ac17d86-Ab4b84851", "score": 20.437296992951918}
{"docno": "S6334dfa0-A476416c4", "score": 20.407934585494203}
{"docno": "See37e09b-A4147878", "score": 20.359662557624944}
{"docno": "S3395c96c-Ad0e32578", "score": 20.334959188583163}
{"docno": "S2b847bb1-A329d15ab", "score": 20.291697848519892}
{"docno": "S7f2875fd-A4cccb94b", "score": 20.28298452005722}
{"docno": "See37e09b-A51ca05ab", "score": 20.271127362506057}
{"docno": "S633571aa-A978de3d0", "score": 20.18299163592402}
{"docno": "S1ac1769f-A27036f8d", "score": 20.162017418717618}
{"docno": "Seb8b217-A61b250e4", "score": 20.13764168920065}
{"docno": "See37e09b-Ae5336602", "score": 20.13050713274013}
{"docno": "Sc6b95312-Acc1b3abe", "score": 20.10627795062311}
{"docno": "S633553a2-A475d9684", "score": 20.081221667674978}
{"docno": "S48d1e746-Aa81969a8", "score": 20.072752785786626}
{"docno": "S63356ea3-A4a6fee6c", "score": 20.06943960759995}
{"docno": "S63357226-Aad942fcf", "score": 20.04213428727958}
{"docno": "S12216954-A39027d28", "score": 20.04047618470924}
{"docno": "S3395c96c-A421f107f", "score": 20.03338978536181}
{"docno": "Sdf329ed6-A3111acca", "score": 20.013115205159444}
{"docno": "S63346b60-Afdbb8632", "score": 20.011815859320507}
{"docno": "Se2b2a86-A898475b8", "score": 19.993887572265066}
{"docno": "S6335c83f-Afec513a4", "score": 19.9868616106032}
{"docno": "S48d1e746-Af86b6a29", "score": 19.974825453040314}
{"docno": "S26428e48-Addecb3ae", "score": 19.956118593731336}
{"docno": "Sb0e4b003-Abd65f1e0", "score": 19.945824478129296}
{"docno": "S57cb505e-A2d1f4ce8", "score": 19.933215797420935}
{"docno": "S6335c440-A3857a750", "score": 19.92272722115724}
{"docno": "S3396416d-A979f05c7", "score": 19.912500521122343}
{"docno": "Sbfe8d3ab-Af8719f06", "score": 19.892985294076738}
{"docno": "Sdf329ed6-A37f4c338", "score": 19.88281280029463}
{"docno": "S3395556a-A8dc2f04e", "score": 19.87525401959507}
{"docno": "S73b244ee-Adca5077b", "score": 19.87314305958473}
{"docno": "S3396416d-A34b4f7df", "score": 19.86865851582876}
{"docno": "S3fdbc7fb-Acdea333f", "score": 19.854496947638523}
{"docno": "S33969802-A73ca83b8", "score": 19.843276807250703}
{"docno": "S46eb6b3-A2bf4bbc0", "score": 19.8214541764605}
{"docno": "Sd9e901a9-Af6114316", "score": 19.781841513044583}
{"docno": "S63346e67-Aa769a6ff", "score": 19.7781051629633}
{"docno": "Sd9e8f286-A84343ee1", "score": 19.777411481773036}
{"docno": "S6335cb84-A62d47c5f", "score": 19.757159995208383}
{"docno": "S33963668-A8a82a8d3", "score": 19.739235387265282}
{"docno": "S916a7c2f-A347189ef", "score": 19.7387830849529}
{"docno": "Sde7e68bd-A2539b87e", "score": 19.722697554531173}
{"docno": "Sd01da664-Aabf4d0c5", "score": 19.715595873220174}
{"docno": "S916687dd-A7798857", "score": 19.707492276325368}
{"docno": "S63347a64-A26246201", "score": 19.69285037260822}
{"docno": "Sd9e901a9-A8dfd53b3", "score": 19.692241701990525}
{"docno": "See37e09b-A73ca8b6a", "score": 19.68981694923489}
{"docno": "Sea2e1abf-Acaf22933", "score": 19.679489579551365}
{"docno": "Sd2f4b1cd-Ac0cedf3b", "score": 19.6770857643828}
{"docno": "Sb95f0a52-Aa045c3c2", "score": 19.667687184740004}
{"docno": "S5d03cab1-Afbffa42e", "score": 19.66526106254516}
{"docno": "S6335c4bc-A17cf102b", "score": 19.653320408356553}
{"docno": "S36878a82-A4ad6c66d", "score": 19.637603112741864}
{"docno": "Sd00dae62-Aee537d8f", "score": 19.626302256140683}
{"docno": "S704b9985-Ac857e15", "score": 19.624282106816985}
{"docno": "Sd9e905a8-A29dc24d9", "score": 19.622575965331425}
{"docno": "S80312d7-A77965178", "score": 19.616065864280586}
{"docno": "S4c02d026-Acee4a6bd", "score": 19.58542062809342}
{"docno": "Sc015ffd5-Aa4c18eda", "score": 19.58466789576864}
{"docno": "Sc19aa035-A21b9d60b", "score": 19.583994711999694}
{"docno": "S48d1e49c-A95c59ba", "score": 19.5726182664854}
{"docno": "Sd9e9012d-A26451960", "score": 19.56713442953176}
{"docno": "S63355f61-A30f52d50", "score": 19.563205443279564}
{"docno": "S5e01db86-Ab2ee86cd", "score": 19.55949880790763}
{"docno": "S14339a91-Ad4a2c6d4", "score": 19.555095258147713}
{"docno": "S998eaf70-Ac80800d6", "score": 19.539734668942863}
{"docno": "S7cd199a-Abe848aa", "score": 19.539124588265963}
{"docno": "S6334e687-Ad2a1cf9a", "score": 19.53713719401091}
{"docno": "S924aa0b2-A3514edfa", "score": 19.527334004906987}
{"docno": "Sc1e57a84-Ab1f29284", "score": 19.52617327904207}
{"docno": "Sd9e8eb80-Abb1511cb", "score": 19.526021950092215}
{"docno": "Sdadf6f7e-Aff34f42", "score": 19.519235713763262}
{"docno": "Sea2e9e7f-A804cc5a", "score": 19.495469043011433}
{"docno": "See37e09b-A9758f536", "score": 19.489885375244818}
{"docno": "Sd8bf411c-Aabf395b8", "score": 19.48807741805708}
{"docno": "Sd9e90206-A2df1de56", "score": 19.468046397148854}
{"docno": "S48d1e49c-A87ea1b88", "score": 19.468046397148854}
{"docno": "S4d91b1df-A303aa407", "score": 19.46546864907277}
{"docno": "S33c98d06-Ae2f90c3e", "score": 19.463387004177427}
{"docno": "S63346b60-A2189aa94", "score": 19.450488156459798}
{"docno": "S4e8229f9-A9b8feca", "score": 19.448587314156253}
{"docno": "S32da7098-Acf65d144", "score": 19.446160369600804}
{"docno": "S63346b60-A5007874e", "score": 19.44145980201209}
{"docno": "S376838a8-A4afced27", "score": 19.438221145578577}
{"docno": "S48d1eb26-A401fe044", "score": 19.438221145578577}
{"docno": "S63346b60-A9c4e04e9", "score": 19.421134031846396}
{"docno": "Sb95f0a52-Af36ebce9", "score": 19.42091478149932}
{"docno": "S33954aa3-Aa2018a8b", "score": 19.420887845675903}
{"docno": "S5ba02635-A438d71a0", "score": 19.413513454756895}
{"docno": "S9e180209-Ad88c2de7", "score": 19.411819297047742}
{"docno": "Sb56be777-A5f375fc6", "score": 19.40537000956961}
{"docno": "Sd9e8f9ab-A63c863f2", "score": 19.39734407447342}
{"docno": "S63346f21-A57f57574", "score": 19.38622836273979}
{"docno": "S98ff8aac-A8fd9e837", "score": 19.380957209704746}
{"docno": "Sde7e68bd-Ac40b2fdc", "score": 19.378760448016315}
{"type": "toggleArgument", "timestamp": "2025-06-26T11:21:19.193Z", "sessionID": "8e029349-83b4-4c94-9713-3f91627d9750", "rank": "1", "doc": "See37e09b-A29760310", "action": "expand", "doclen": 1601, "score": 20.622208389591457}
{"type": "toggleArgument", "timestamp": "2025-06-26T11:21:25.793Z", "sessionID": "8e029349-83b4-4c94-9713-3f91627d9750", "rank": "2", "doc": "Se3294f33-Ac99809f0", "action": "expand", "doclen": 1463, "score": 20.59778718854368}
{"type": "StanceClicked", "timestamp": "2025-06-26T11:21:31.202Z", "sessionID": "8e029349-83b4-4c94-9713-3f91627d9750", "rank": "2", "stance": "pro", "action": "chooseStance", "doc": "Se3294f33-Ac99809f0", "doclen": 1463, "score": 20.59778718854368}
{"type": "toggleArgument", "timestamp": "2025-06-26T11:21:33.554Z", "sessionID": "8e029349-83b4-4c94-9713-3f91627d9750", "rank": "3", "doc": "Sea2e9e22-A356ce5e", "action": "expand", "doclen": 940, "score": 20.575676260575293}
{"type": "StanceClicked", "timestamp": "2025-06-26T11:21:47.226Z", "sessionID": "8e029349-83b4-4c94-9713-3f91627d9750", "rank": "3", "stance": "pro", "action": "chooseStance", "doc": "Sea2e9e22-A356ce5e", "doclen": 940, "score": 20.575676260575293}
{"type": "toggleArgument", "timestamp": "2025-06-26T11:21:58.874Z", "sessionID": "8e029349-83b4-4c94-9713-3f91627d9750", "rank": "6", "doc": "S6334dfa0-A476416c4", "action": "expand", "doclen": 697, "score": 26.854292502155843}
{"type": "StanceClicked", "timestamp": "2025-06-26T11:22:11.834Z", "sessionID": "8e029349-83b4-4c94-9713-3f91627d9750", "rank": "6", "stance": "pro", "action": "chooseStance", "doc": "S6334dfa0-A476416c4", "doclen": 697, "score": 26.854292502155843}
{"type": "queryBoxFocused", "timestamp": "2025-06-26T11:22:24.420Z", "sessionID": "8e029349-83b4-4c94-9713-3f91627d9750"}
{"type": "querySubmitted", "timestamp": "2025-06-26T11:22:39.546Z", "sessionID": "8e029349-83b4-4c94-9713-3f91627d9750", "query": "gay marriage why shoul it be legal"}
{"docno": "S7856cf0a-A488caae3", "score": 34.53875309844781}
{"docno": "S3fdbc7fb-Acdea333f", "score": 28.31809877385746}
{"docno": "S178b61b0-Ae83b381d", "score": 27.9637744130354}
{"docno": "Sc015ffd5-Aa4c18eda", "score": 27.829417583903073}
{"docno": "Sc19aa035-A21b9d60b", "score": 27.62861541142628}
{"docno": "S80312d7-A77965178", "score": 27.23309792171025}
{"docno": "Sc6b95312-Acc1b3abe", "score": 27.199990549069202}
{"docno": "Sd00dae62-Aee537d8f", "score": 26.968527196076746}
{"docno": "S6335cb84-A2f24bf77", "score": 26.952129604382094}
{"docno": "S6335cb84-A62d47c5f", "score": 26.93841752826492}
{"docno": "Sd9e8fdaa-Abf686a30", "score": 26.91058226973164}
{"docno": "Sd9e8fd8b-Abf686a30", "score": 26.91058226973164}
{"docno": "Sb33122ae-A823f55c5", "score": 26.903094741573412}
{"docno": "S6334dfa0-A476416c4", "score": 26.854292502155843}
{"docno": "Sd9e901a9-Af6114316", "score": 26.73587000154954}
{"docno": "Sea2e9e7f-A804cc5a", "score": 26.72655704147467}
{"docno": "Sd01dadc7-A36f2d47e", "score": 26.578217040098423}
{"docno": "S4366841b-Af165b2d0", "score": 26.572091365099578}
{"docno": "S6335cba3-A99e5d439", "score": 26.49492124350724}
{"docno": "Sb56be777-A5f375fc6", "score": 26.476782600673914}
{"docno": "Sc015ffd5-A9369c2c4", "score": 26.46435315468689}
{"docno": "Sdadf6f7e-Aff34f42", "score": 26.45900026022566}
{"docno": "S1b1fbdc-A52ab978f", "score": 26.35571286026388}
{"docno": "S4366841b-A3a028eb", "score": 26.329632308928325}
{"docno": "S14339a91-Ad4a2c6d4", "score": 26.28067135976548}
{"docno": "Se24a1f7f-Aba509b81", "score": 26.253623501156625}
{"docno": "Sd01da664-Aabf4d0c5", "score": 26.249313451650156}
{"docno": "S5e9875b9-A897700d6", "score": 26.234294655244224}
{"docno": "S2ebf9bd8-A27b8377a", "score": 26.181046138199466}
{"docno": "S14339aee-Aa454a98d", "score": 26.16791794100854}
{"docno": "S457e9be7-Acbdd5408", "score": 26.158538961805185}
{"docno": "S98ff8aac-A8fd9e837", "score": 26.148484770958284}
{"docno": "S33969802-A73ca83b8", "score": 26.132622526615204}
{"docno": "Sd2f4b1cd-A269458cc", "score": 26.106551310414005}
{"docno": "S25961e7-Af274579", "score": 26.101064046362445}
{"docno": "S98ff8aac-Abcd592c3", "score": 26.09587449173117}
{"docno": "Sfdc7da1-A72cdd2ee", "score": 26.061076186248453}
{"docno": "S25961e7-Aafc61a6e", "score": 26.019810957453902}
{"docno": "Sd9e9016b-Aed43e556", "score": 25.976727424104894}
{"docno": "S73b244ee-Adca5077b", "score": 25.95331322333619}
{"docno": "Sc831b805-Af2180ca2", "score": 25.876660877814864}
{"docno": "Sc1c5ca56-Aea8b6e1b", "score": 25.876660877814864}
{"docno": "S4e10f154-Ae33ba556", "score": 25.87336611607801}
{"docno": "Sb91f04f4-A64abc1fc", "score": 25.860729291319377}
{"docno": "See37e09b-A4147878", "score": 25.830530228399162}
{"docno": "S63346e67-Aa769a6ff", "score": 25.82017683507354}
{"docno": "Sd2f4b1cd-A14014b1d", "score": 25.820135206512962}
{"docno": "S4d91b1df-A303aa407", "score": 25.763101971777452}
{"docno": "S633484ce-Aaf4c2dd4", "score": 25.75960664845787}
{"docno": "S14341653-Af2f52272", "score": 25.7527477708715}
{"docno": "S933d85b9-Accb5ce3a", "score": 25.716327607971714}
{"docno": "S14339ab0-A7b151838", "score": 25.711194460152548}
{"docno": "Sea2e1abf-Acaf22933", "score": 25.656117284289195}
{"docno": "S6334eb40-A71492f6f", "score": 25.652492687869447}
{"docno": "Sea2e9e7f-A3e5f30e3", "score": 25.652329673148433}
{"docno": "Se0866765-A3b2889e4", "score": 25.652255238766703}
{"docno": "Sf0369d47-Ac8507f09", "score": 25.62262260129893}
{"docno": "S6fba83ee-Ac1516a7f", "score": 25.616389760966285}
{"docno": "S2ebf9bd8-A910236a2", "score": 25.606890592187007}
{"docno": "S63347646-Ae6a3c210", "score": 25.59922045694185}
{"docno": "S630bcace-A551037a8", "score": 25.57691967546618}
{"docno": "Sde7e68bd-Ac40b2fdc", "score": 25.54707575042236}
{"docno": "S916a7c2f-A347189ef", "score": 25.543260451706235}
{"docno": "Sea2e9e7f-A9b3dd3d1", "score": 25.536415224858203}
{"docno": "S242d823d-A8cd9c422", "score": 25.510501762501672}
{"docno": "Sbc6ad271-Afe21fb63", "score": 25.496986652508944}
{"docno": "See37e09b-A51ca05ab", "score": 25.436612876595476}
{"docno": "S63346f21-A57f57574", "score": 25.434040856368792}
{"docno": "Sfe5e045a-A28f5111e", "score": 25.41471288738766}
{"docno": "S173a3fe5-A2da95c97", "score": 25.394972435715015}
{"docno": "S173a3f88-A42e19f43", "score": 25.394972435715015}
{"docno": "S63347646-A7f847715", "score": 25.344016416208454}
{"docno": "Sae4571c-Aa929f1ab", "score": 25.334501619893093}
{"docno": "S14339ab0-Adbfd0c47", "score": 25.29664281477719}
{"docno": "S63f4a530-Ad299544b", "score": 25.29049656727752}
{"docno": "S63355f61-A60396d", "score": 25.265049869723285}
{"docno": "S5d03ca92-A9d9b508a", "score": 25.256543367592805}
{"docno": "Sdf9e9598-A986a9154", "score": 25.240523525864596}
{"docno": "Sd9e8fdaa-A8f3caa11", "score": 25.222240039456924}
{"docno": "Sea2e1abf-A2e19f1f0", "score": 25.19695314836279}
{"docno": "S630bca14-A376217e", "score": 25.178508338452612}
{"docno": "Sd01da9c8-A1dced4e4", "score": 25.17473319113223}
{"docno": "Sfe6a066-Aebccb5c3", "score": 25.16633841972229}
{"docno": "Sde7e68bd-A2539b87e", "score": 25.142977379475912}
{"docno": "Sd00d2f7a-A4ff75361", "score": 25.12276916158221}
{"docno": "S2b847bb1-A329d15ab", "score": 25.07966178156465}
{"docno": "S3d4f5783-Ab88b12d3", "score": 25.07893262817032}
{"docno": "S3b27903a-Af7ecffab", "score": 25.07138192938735}
{"docno": "S53365126-A76eed5aa", "score": 25.071134200434425}
{"docno": "S924aa16c-Aae0ea995", "score": 25.016167713645412}
{"docno": "Se69163c6-A2050e585", "score": 25.011579377958775}
{"docno": "Sb1077c8f-A8013a71", "score": 24.991957412777747}
{"docno": "S2b847bd0-A2251f932", "score": 24.99000269405468}
{"docno": "Sd1cb4750-Aa788b686", "score": 24.984441558777743}
{"docno": "S9e180209-Ad88c2de7", "score": 24.981317302519614}
{"docno": "Sd9e905a8-A29dc24d9", "score": 24.92176735624922}
{"docno": "S9ee85ef5-A77139913", "score": 24.89965970836676}
{"docno": "Sea2e1a62-A82cb871b", "score": 24.85671295399304}
{"docno": "S48d0fe88-A486d7953", "score": 24.850711071228126}
{"docno": "Sf0bfabab-A3efd8290", "score": 24.850711071228126}
{"type": "toggleArgument", "timestamp": "2025-06-26T11:22:44.962Z", "sessionID": "8e029349-83b4-4c94-9713-3f91627d9750", "rank": "1", "doc": "S7856cf0a-A488caae3", "action": "expand", "doclen": 275, "score": 34.53875309844781}
{"type": "toggleArgument", "timestamp": "2025-06-26T11:22:53.802Z", "sessionID": "8e029349-83b4-4c94-9713-3f91627d9750", "rank": "2", "doc": "S3fdbc7fb-Acdea333f", "action": "expand", "doclen": 1840, "score": 8.463601826218937}
{"type": "toggleArgument", "timestamp": "2025-06-26T11:23:07.274Z", "sessionID": "8e029349-83b4-4c94-9713-3f91627d9750", "rank": "4", "doc": "Sc015ffd5-Aa4c18eda", "action": "expand", "doclen": 2445, "score": 8.244749688134435}
{"type": "StanceClicked", "timestamp": "2025-06-26T11:23:32.010Z", "sessionID": "8e029349-83b4-4c94-9713-3f91627d9750", "rank": "4", "stance": "con", "action": "chooseStance", "doc": "Sc015ffd5-Aa4c18eda", "doclen": 2445, "score": 8.244749688134435}
{"type": "toggleArgument", "timestamp": "2025-06-26T11:23:38.849Z", "sessionID": "8e029349-83b4-4c94-9713-3f91627d9750", "rank": "7", "doc": "Sc6b95312-Acc1b3abe", "action": "expand", "doclen": 2546, "score": 27.199990549069202}
{"type": "pageNavigationClicked", "timestamp": "2025-06-26T11:23:47.841Z", "sessionID": "8e029349-83b4-4c94-9713-3f91627d9750", "clicked": "2", "fromPage": 1, "toPage": 2}
{"type": "ClickedEndTask", "timestamp": "2025-06-26T11:23:57.306Z", "sessionID": "8e029349-83b4-4c94-9713-3f91627d9750"}
{"type": "TaskEndConfirmed", "timestamp": "2025-06-26T11:23:58.834Z", "sessionID": "8e029349-83b4-4c94-9713-3f91627d9750"}
{"type": "TaskEnded", "timestamp": "2025-06-26T11:24:06.098Z", "sessionID": "8e029349-83b4-4c94-9713-3f91627d9750", "reason": "time limit", "translated_reason": "Time limit"}
