{"type": "idSubmitted", "timestamp": "2025-06-26T10:45:18.369Z", "sessionID": "19ac7f4a-5a84-4094-84f5-d4de9d637b42", "uid": "Participant3"}
{"type": "TaskStarted", "timestamp": "2025-06-26T10:46:38.952Z", "sessionID": "19ac7f4a-5a84-4094-84f5-d4de9d637b42", "task": "1", "uid": "Participant3", "topic": "Should birth control pills be available over the counter?"}
{"type": "queryBoxFocused", "timestamp": "2025-06-26T10:46:41.246Z", "sessionID": "19ac7f4a-5a84-4094-84f5-d4de9d637b42"}
{"type": "querySubmitted", "timestamp": "2025-06-26T10:46:46.545Z", "sessionID": "19ac7f4a-5a84-4094-84f5-d4de9d637b42", "query": "birth control pills"}
{"docno": "S8d834d48-Ad3873c6b", "score": 34.414308616323716}
{"docno": "S8d834d48-A604418bc", "score": 34.20831523798637}
{"docno": "S2218331a-Abdd93fcb", "score": 30.724565975552686}
{"docno": "S739d0c9a-A1a26ba53", "score": 30.071459431432665}
{"docno": "S8791f9a4-A17fae88", "score": 29.25417507374039}
{"docno": "S3d9819c3-A3bd57627", "score": 29.072112952492525}
{"docno": "S8e214b94-A6744a4c8", "score": 28.87441499013554}
{"docno": "S606a81ac-Af25fafce", "score": 28.64630748251603}
{"docno": "S3d1a752c-Aaed75b23", "score": 27.980886777003835}
{"docno": "S88b831f5-Ab26ac929", "score": 27.761613447341265}
{"docno": "Sdeb2a1a4-A75985df6", "score": 27.32194757407142}
{"docno": "Sf3fff523-A2404c0d3", "score": 27.223590516555973}
{"docno": "Sdaa1c0-Afdf00c6f", "score": 26.994582979595542}
{"docno": "S10c1d5c6-A98e32b82", "score": 26.465710135711245}
{"docno": "S3d1a752c-Abc80526", "score": 26.459531135186662}
{"docno": "Sf7991e72-A622f021e", "score": 26.448639247373997}
{"docno": "S6702c8de-A774cf475", "score": 26.425629100898135}
{"docno": "S136c9048-A5196e9a1", "score": 26.316952644045365}
{"docno": "S6b229b30-Aa83bee", "score": 25.942149254521063}
{"docno": "S1b170c65-A5c0b2195", "score": 24.513060039402184}
{"docno": "S2a2c6cd2-A75c95a58", "score": 23.903940424739005}
{"docno": "Scfc73d47-A80ba56f2", "score": 23.086164295495088}
{"docno": "Sc64898ed-Adad2657", "score": 22.79914082021503}
{"docno": "S5504cb87-Aa4ec971f", "score": 22.505160828199216}
{"docno": "Sc42f2f21-Ae69e1463", "score": 22.502541809828223}
{"docno": "Sb364b25c-Ac9e2337f", "score": 22.182468891827945}
{"docno": "S3d9819c3-A88275e4b", "score": 22.151655584403635}
{"docno": "S670241ba-A1b29fc3f", "score": 22.12372731251402}
{"docno": "Sb186eedb-Ae0a0f983", "score": 22.122791743849696}
{"docno": "Sd76dccec-A190e562d", "score": 21.98958654597091}
{"docno": "S2c02bfd6-A209427d3", "score": 21.98958654597091}
{"docno": "S928f9e5e-Aaa331e1d", "score": 21.967399681559655}
{"docno": "S4181eec2-A127d7338", "score": 21.59942480394608}
{"docno": "Seb89388a-Af4fe94ac", "score": 21.354866828807925}
{"docno": "S8e214b94-Ad6147b51", "score": 21.100248540934665}
{"docno": "S144b984e-A80bae8c7", "score": 20.577462859000512}
{"docno": "S7586c03e-Aafd925d5", "score": 20.507813004398848}
{"docno": "S10c1d5c6-Ae48b330e", "score": 20.21711694301639}
{"docno": "Sff883bce-A522a7bcf", "score": 19.88528313025442}
{"docno": "Se5cc0b2e-A6da0695e", "score": 19.626138325256186}
{"docno": "S37c0c6de-A66fd709d", "score": 19.52123089932818}
{"docno": "Safae4f58-Ac457f25e", "score": 19.42437210754064}
{"docno": "Sa8cf6837-A48fbd81", "score": 19.23245899981259}
{"docno": "S7c48bf09-A91b9ecbc", "score": 19.15014992328647}
{"docno": "S6bf018ce-Af00ca858", "score": 19.11392484147585}
{"docno": "S47ca9aef-Ae3f232b0", "score": 19.025991754561336}
{"docno": "S893cfd79-A69894498", "score": 19.017806891266215}
{"docno": "S42a405ef-Ac653caf5", "score": 19.01307868150832}
{"docno": "S284f3543-A4eed23cc", "score": 18.937133419020892}
{"docno": "S6c2bb03b-Aa60497cf", "score": 18.861842438857124}
{"docno": "S6b19ea3e-Aab875997", "score": 18.847625708667923}
{"docno": "Sa4a6c3d4-A2cff934e", "score": 18.817148906400476}
{"docno": "Sb186fa3d-A139ab956", "score": 18.724558885233595}
{"docno": "S9e641c64-A4d50881f", "score": 18.492381038611747}
{"docno": "S3d1a752c-A95ae2a3", "score": 18.43431608637878}
{"docno": "S3d1a752c-Aa7cac87", "score": 18.391349222761598}
{"docno": "S6b3f6ff2-Acf4628af", "score": 18.344507904583594}
{"docno": "Sfcb3085d-A2a7fd182", "score": 18.28757534149997}
{"docno": "S3d1a752c-A1947fe3e", "score": 18.263642057425386}
{"docno": "Sd4106dd-A875adb12", "score": 18.175367097566106}
{"docno": "Sb186821d-Ad58ae557", "score": 18.161274364370687}
{"docno": "Sa4a6c3d4-A97ae8381", "score": 18.07221231735974}
{"docno": "S12a76dbd-Ac2fa3d5d", "score": 18.041625291143035}
{"docno": "S8d834d48-A969c2c91", "score": 18.039619737435228}
{"docno": "S6b3f6ff2-A2e326b76", "score": 17.98479650028212}
{"docno": "S88b831f5-Ad7884e03", "score": 17.899837251178553}
{"docno": "S5ef3f775-A6f5d8f71", "score": 17.872178608770792}
{"docno": "S88b831f5-A34c34d2b", "score": 17.850470806988422}
{"docno": "S5d204889-Ab4752d18", "score": 17.772177846894255}
{"docno": "Sa4a6c3d4-A510bd2ab", "score": 17.72143272495943}
{"docno": "Sb67fc3fb-A3f92ad47", "score": 17.686602437906934}
{"docno": "S3d1a752c-Acb5c823c", "score": 17.66458751808021}
{"docno": "Sea949c31-A6590b76c", "score": 17.647092614736167}
{"docno": "S7c48bf09-A6e6aecd7", "score": 17.52943400202323}
{"docno": "Se048883c-A59764bb0", "score": 17.526240680844346}
{"docno": "S47ca8c67-A7757972e", "score": 17.51303723292426}
{"docno": "S87b8c230-A24b75240", "score": 17.40213112153758}
{"docno": "Sd64195b7-Aa077b7c3", "score": 17.35199435771051}
{"docno": "S6b19ea3e-A96597d4", "score": 17.250831475323015}
{"docno": "S893cfd79-A45f6c195", "score": 17.13925836650395}
{"docno": "Safb01fa7-A16ba6928", "score": 17.098981226004582}
{"docno": "S3d1a752c-Ab63bbb2b", "score": 17.07425324817536}
{"docno": "Sf3fff4a7-Afc6f95bc", "score": 17.07425324817536}
{"docno": "S928f9e5e-A4fd49234", "score": 17.04964633233588}
{"docno": "S6b3f6ff2-A785469ab", "score": 17.040900549867345}
{"docno": "Sd9f365ef-A62d87696", "score": 17.003010743506913}
{"docno": "S641065db-Afbfc86f4", "score": 16.80291745786858}
{"docno": "S6b19ea3e-A5b2f84a2", "score": 16.78370873904406}
{"docno": "Sc42f2f40-A6a393772", "score": 16.637331339395878}
{"docno": "S19901fc2-A37389307", "score": 16.62850294697964}
{"docno": "S224936ac-Ab5fef090", "score": 16.57220766179347}
{"docno": "Sfd36e585-A294dcede", "score": 16.50377716958332}
{"docno": "S6bf018ce-A3a097be", "score": 16.490583240288586}
{"docno": "Sb1876a40-A4a4f3601", "score": 16.482100565598813}
{"docno": "S6b19ea3e-A84b5e8f", "score": 16.436323388679924}
{"docno": "S2b998372-A3240ffdf", "score": 16.370959255803395}
{"docno": "Sf7ccde18-A96287d28", "score": 16.355166989553954}
{"docno": "S37c0c6de-A91380511", "score": 16.257862219494957}
{"docno": "Sd4e75281-Aff28f439", "score": 16.255729560826513}
{"docno": "S4c2eee41-A4ec843ba", "score": 16.252170224281677}
{"type": "toggleArgument", "timestamp": "2025-06-26T10:47:00.225Z", "sessionID": "19ac7f4a-5a84-4094-84f5-d4de9d637b42", "rank": "5", "doc": "S8791f9a4-A17fae88", "action": "expand", "doclen": 1137, "score": 29.25417507374039}
{"type": "toggleArgument", "timestamp": "2025-06-26T10:47:07.785Z", "sessionID": "19ac7f4a-5a84-4094-84f5-d4de9d637b42", "rank": "6", "doc": "S3d9819c3-A3bd57627", "action": "expand", "doclen": 1771, "score": 15.589917502559416}
{"type": "StanceClicked", "timestamp": "2025-06-26T10:47:36.369Z", "sessionID": "19ac7f4a-5a84-4094-84f5-d4de9d637b42", "rank": "5", "stance": "con", "action": "chooseStance", "doc": "S8791f9a4-A17fae88", "doclen": 1137, "score": 29.25417507374039}
{"type": "toggleArgument", "timestamp": "2025-06-26T10:47:42.681Z", "sessionID": "19ac7f4a-5a84-4094-84f5-d4de9d637b42", "rank": "8", "doc": "S606a81ac-Af25fafce", "action": "expand", "doclen": 796, "score": 28.64630748251603}
{"type": "queryBoxFocused", "timestamp": "2025-06-26T10:47:53.651Z", "sessionID": "19ac7f4a-5a84-4094-84f5-d4de9d637b42"}
{"type": "querySubmitted", "timestamp": "2025-06-26T10:48:00.329Z", "sessionID": "19ac7f4a-5a84-4094-84f5-d4de9d637b42", "query": "birth control heslthcare"}
{"docno": "S7c48bf09-A91b9ecbc", "score": 19.15014992328647}
{"docno": "S6bf018ce-Af00ca858", "score": 19.11392484147585}
{"docno": "S284f3543-A4eed23cc", "score": 18.937133419020892}
{"docno": "S6b19ea3e-Aab875997", "score": 18.847625708667923}
{"docno": "Sdeb2a1a4-A75985df6", "score": 18.75706721989855}
{"docno": "Sb186fa3d-A139ab956", "score": 18.724558885233595}
{"docno": "S8d834d48-A604418bc", "score": 18.47748418314371}
{"docno": "S3d1a752c-A95ae2a3", "score": 18.43431608637878}
{"docno": "S3d1a752c-Aa7cac87", "score": 18.391349222761598}
{"docno": "S6b3f6ff2-Acf4628af", "score": 18.344507904583594}
{"docno": "S3d1a752c-A1947fe3e", "score": 18.263642057425386}
{"docno": "S3d1a752c-Aaed75b23", "score": 18.22146621756485}
{"docno": "S6702c8de-A774cf475", "score": 18.214689387295216}
{"docno": "S739d0c9a-A1a26ba53", "score": 18.163544883894183}
{"docno": "S8d834d48-Ad3873c6b", "score": 18.150275071749082}
{"docno": "S8d834d48-A969c2c91", "score": 18.039619737435228}
{"docno": "S2218331a-Abdd93fcb", "score": 18.009548700740073}
{"docno": "S6b3f6ff2-A2e326b76", "score": 17.98479650028212}
{"docno": "S136c9048-A5196e9a1", "score": 17.965043673839222}
{"docno": "S88b831f5-Ad7884e03", "score": 17.899837251178553}
{"docno": "S3d9819c3-A3bd57627", "score": 17.852399481686227}
{"docno": "S88b831f5-A34c34d2b", "score": 17.850470806988422}
{"docno": "Sb67fc3fb-A3f92ad47", "score": 17.686602437906934}
{"docno": "S3d1a752c-Acb5c823c", "score": 17.66458751808021}
{"docno": "S7c48bf09-A6e6aecd7", "score": 17.52943400202323}
{"docno": "Se048883c-A59764bb0", "score": 17.526240680844346}
{"docno": "Sd64195b7-Aa077b7c3", "score": 17.35199435771051}
{"docno": "S6b19ea3e-A96597d4", "score": 17.250831475323015}
{"docno": "Scfc73d47-A80ba56f2", "score": 17.15355453101956}
{"docno": "Safb01fa7-A16ba6928", "score": 17.098981226004582}
{"docno": "S3d1a752c-Ab63bbb2b", "score": 17.07425324817536}
{"docno": "Sf3fff4a7-Afc6f95bc", "score": 17.07425324817536}
{"docno": "S6b3f6ff2-A785469ab", "score": 17.040900549867345}
{"docno": "Sd9f365ef-A62d87696", "score": 17.003010743506913}
{"docno": "S641065db-Afbfc86f4", "score": 16.80291745786858}
{"docno": "S6b19ea3e-A5b2f84a2", "score": 16.78370873904406}
{"docno": "S6b229b30-Aa83bee", "score": 16.66778790152459}
{"docno": "S224936ac-Ab5fef090", "score": 16.57220766179347}
{"docno": "S5504cb87-Aa4ec971f", "score": 16.530338182836}
{"docno": "S6bf018ce-A3a097be", "score": 16.490583240288586}
{"docno": "Sb1876a40-A4a4f3601", "score": 16.482100565598813}
{"docno": "S6b19ea3e-A84b5e8f", "score": 16.436323388679924}
{"docno": "S606a81ac-Af25fafce", "score": 16.390799789378114}
{"docno": "S37c0c6de-A91380511", "score": 16.257862219494957}
{"docno": "Sd4e75281-Aff28f439", "score": 16.255729560826513}
{"docno": "Sb76f82a2-A25ea6cc0", "score": 16.21119949012904}
{"docno": "S224936ac-A93b35437", "score": 16.21119949012904}
{"docno": "S37beca49-A76dd2c7a", "score": 16.1673634890853}
{"docno": "S1a14ba21-A6f276267", "score": 16.164803853526486}
{"docno": "Sa22ad1b6-A6ad9eee5", "score": 16.0271967633339}
{"docno": "S3d1a752c-Abc80526", "score": 15.968522315886599}
{"docno": "S8791f9a4-A5b3f1426", "score": 15.898029077324072}
{"docno": "S6702c8de-Ae1150c43", "score": 15.824987823725653}
{"docno": "Sf3fff4a7-Af09bb52d", "score": 15.71411034210783}
{"docno": "S81e67f4b-Ac7ee9c59", "score": 15.645840618148444}
{"docno": "Sb0cd83f7-Adea9ca20", "score": 15.645840618148444}
{"docno": "S3d1a752c-A535d6447", "score": 15.587797510794704}
{"docno": "S4c7e2b8-A14959a1e", "score": 15.528558519679631}
{"docno": "Sf3fff504-A53781e8d", "score": 15.522723104558905}
{"docno": "S2218331a-A6edb46f9", "score": 15.513868801078868}
{"docno": "S136c9048-A26174e3", "score": 15.282210900184385}
{"docno": "S5199e2e0-A5ba0ffab", "score": 15.282210900184385}
{"docno": "S47ca8cc4-A9524ab7f", "score": 15.21115277189871}
{"docno": "S3403ee9e-A43c693f9", "score": 15.202316941512933}
{"docno": "S8791f9a4-A17fae88", "score": 15.172154877000843}
{"docno": "Sd7945f58-Aa4e56d1e", "score": 15.164728220486948}
{"docno": "S2218331a-A817bb3f", "score": 15.164728220486948}
{"docno": "Sb1860d23-Ad360fefe", "score": 15.16124069236825}
{"docno": "S3418c277-Ad9adb256", "score": 15.138954254047107}
{"docno": "S2a4ff294-Ae217aeb6", "score": 15.09475591670165}
{"docno": "S6bece754-A1f4c4017", "score": 14.997295449441197}
{"docno": "Sd8150fb5-A2b731d75", "score": 14.88413631683035}
{"docno": "Sb1853e4f-Aed866696", "score": 14.786418756750582}
{"docno": "S6b19ea3e-Af4c2ab11", "score": 14.772672035850036}
{"docno": "S3d9819c3-A88275e4b", "score": 14.756013625372233}
{"docno": "Sb884a1c8-Ab486ce31", "score": 14.519522577630717}
{"docno": "S7586c763-A9df44bc9", "score": 14.438425531198005}
{"docno": "Sb18710e2-Acf1754e6", "score": 14.39034336360011}
{"docno": "Sb77c1666-A5aa562a0", "score": 14.39034336360011}
{"docno": "S136c9048-A268337e7", "score": 14.343024032933922}
{"docno": "S88b831f5-Ab26ac929", "score": 14.327320001982883}
{"docno": "S3d1a752c-Ab454d43a", "score": 14.29106889918113}
{"docno": "Sf7991e72-A622f021e", "score": 14.286126339725403}
{"docno": "S5199e2e0-A8f06105", "score": 14.286126339725403}
{"docno": "Sb186ee5f-Adbce446d", "score": 14.268021384976004}
{"docno": "S52ebc4c-A87985538", "score": 14.183407972971013}
{"docno": "Sb79ecf35-Aca7efb7a", "score": 14.183407972971013}
{"docno": "Sb67fc3fb-Ae4017b1c", "score": 14.183407972971013}
{"docno": "S12bcfa90-A95003849", "score": 14.16470938227696}
{"docno": "S47ca01fe-A247c98db", "score": 14.16470938227696}
{"docno": "S54a4f280-A130e15e4", "score": 14.14642241532831}
{"docno": "S7a271b49-Abda5897d", "score": 14.087568762982542}
{"docno": "Sc64898ed-Ad5168fd7", "score": 14.086958576193279}
{"docno": "S8e214b94-A6744a4c8", "score": 14.082156167720894}
{"docno": "S7f136cdf-A4bf78f10", "score": 14.082156167720894}
{"docno": "Sb185a806-A5407dbd", "score": 14.082156167720894}
{"docno": "Sb1876a40-A428c5807", "score": 14.073239329120007}
{"docno": "S404e495e-A9a8ea74", "score": 14.045043314343129}
{"docno": "S29bcc23d-A6a56a29c", "score": 14.036838747670874}
{"docno": "S740c0ab5-A695b006d", "score": 14.035020252890689}
{"type": "queryBoxFocused", "timestamp": "2025-06-26T10:48:03.706Z", "sessionID": "19ac7f4a-5a84-4094-84f5-d4de9d637b42"}
{"type": "querySubmitted", "timestamp": "2025-06-26T10:48:09.616Z", "sessionID": "19ac7f4a-5a84-4094-84f5-d4de9d637b42", "query": "birth control healthcare"}
{"docno": "S5504cb87-Aa4ec971f", "score": 21.744349347278252}
{"docno": "S89e52114-Aa6cfac5b", "score": 20.854284044530523}
{"docno": "Sd70aae8a-Aaf0a3aa3", "score": 19.8524441031467}
{"docno": "S1e9ad44b-Adeaa9e37", "score": 19.733245388797286}
{"docno": "S3979a4cc-A4087a320", "score": 19.267457601484168}
{"docno": "S7c48bf09-A91b9ecbc", "score": 19.15014992328647}
{"docno": "S6bf018ce-Af00ca858", "score": 19.11392484147585}
{"docno": "S284f3543-A4eed23cc", "score": 18.937133419020892}
{"docno": "S6b19ea3e-Aab875997", "score": 18.847625708667923}
{"docno": "Sdeb2a1a4-A75985df6", "score": 18.75706721989855}
{"docno": "Sb186fa3d-A139ab956", "score": 18.724558885233595}
{"docno": "S3b0519f1-A4a9bd7ac", "score": 18.643777725583675}
{"docno": "S8d834d48-A604418bc", "score": 18.47748418314371}
{"docno": "S3d1a752c-A95ae2a3", "score": 18.43431608637878}
{"docno": "S3d1a752c-Aa7cac87", "score": 18.391349222761598}
{"docno": "S6b3f6ff2-Acf4628af", "score": 18.344507904583594}
{"docno": "S2ea44508-A4273b0cc", "score": 18.305880492226173}
{"docno": "S3d1a752c-A1947fe3e", "score": 18.263642057425386}
{"docno": "S3d1a752c-Aaed75b23", "score": 18.22146621756485}
{"docno": "S6702c8de-A774cf475", "score": 18.214689387295216}
{"docno": "S739d0c9a-A1a26ba53", "score": 18.163544883894183}
{"docno": "S8d834d48-Ad3873c6b", "score": 18.150275071749082}
{"docno": "S8d834d48-A969c2c91", "score": 18.039619737435228}
{"docno": "S2218331a-Abdd93fcb", "score": 18.009548700740073}
{"docno": "S6b3f6ff2-A2e326b76", "score": 17.98479650028212}
{"docno": "S3979a4cc-Ae68e955", "score": 17.983290675827337}
{"docno": "S136c9048-A5196e9a1", "score": 17.965043673839222}
{"docno": "S88b831f5-Ad7884e03", "score": 17.899837251178553}
{"docno": "S3d9819c3-A3bd57627", "score": 17.852399481686227}
{"docno": "S88b831f5-A34c34d2b", "score": 17.850470806988422}
{"docno": "Sb67fc3fb-A3f92ad47", "score": 17.686602437906934}
{"docno": "S3d1a752c-Acb5c823c", "score": 17.66458751808021}
{"docno": "S7c48bf09-A6e6aecd7", "score": 17.52943400202323}
{"docno": "Se048883c-A59764bb0", "score": 17.526240680844346}
{"docno": "S35e44c4e-Af0a95955", "score": 17.419827568044713}
{"docno": "S626e386a-Ab159d832", "score": 17.35409959996411}
{"docno": "Sd64195b7-Aa077b7c3", "score": 17.35199435771051}
{"docno": "S3979a4cc-A8aa178ac", "score": 17.32477817777078}
{"docno": "S6b19ea3e-A96597d4", "score": 17.250831475323015}
{"docno": "S88310708-A693ac90f", "score": 17.22308440250402}
{"docno": "Scfc73d47-A80ba56f2", "score": 17.15355453101956}
{"docno": "Sd2dc19c4-Aa0b60c34", "score": 17.137278960378563}
{"docno": "Safb01fa7-A16ba6928", "score": 17.098981226004582}
{"docno": "S3d1a752c-Ab63bbb2b", "score": 17.07425324817536}
{"docno": "Sf3fff4a7-Afc6f95bc", "score": 17.07425324817536}
{"docno": "S6b3f6ff2-A785469ab", "score": 17.040900549867345}
{"docno": "Sd9f365ef-A62d87696", "score": 17.003010743506913}
{"docno": "S5d28666e-A7834c6e9", "score": 16.820357788650764}
{"docno": "S641065db-Afbfc86f4", "score": 16.80291745786858}
{"docno": "S6b19ea3e-A5b2f84a2", "score": 16.78370873904406}
{"docno": "S42aadca8-A2d5d0cc4", "score": 16.72016052320001}
{"docno": "S41193ca9-A6ba33cea", "score": 16.709860425704264}
{"docno": "S6b229b30-Aa83bee", "score": 16.66778790152459}
{"docno": "S6fcdf50f-A9de591cb", "score": 16.660419063180008}
{"docno": "S17a05c9c-A94cd1dfb", "score": 16.657468715983168}
{"docno": "S224936ac-Ab5fef090", "score": 16.57220766179347}
{"docno": "Sd2dc19c4-A2b1289cf", "score": 16.51122187650927}
{"docno": "S3979a4cc-A507d155c", "score": 16.49194892922289}
{"docno": "S6bf018ce-A3a097be", "score": 16.490583240288586}
{"docno": "Sb1876a40-A4a4f3601", "score": 16.482100565598813}
{"docno": "S6b19ea3e-A84b5e8f", "score": 16.436323388679924}
{"docno": "S606a81ac-Af25fafce", "score": 16.390799789378114}
{"docno": "S37c0c6de-A91380511", "score": 16.257862219494957}
{"docno": "Sd4e75281-Aff28f439", "score": 16.255729560826513}
{"docno": "Sb76f82a2-A25ea6cc0", "score": 16.21119949012904}
{"docno": "S224936ac-A93b35437", "score": 16.21119949012904}
{"docno": "S37beca49-A76dd2c7a", "score": 16.1673634890853}
{"docno": "S1a14ba21-A6f276267", "score": 16.164803853526486}
{"docno": "Sce55d6b1-Af030f01e", "score": 16.141965319851657}
{"docno": "Sa22ad1b6-A6ad9eee5", "score": 16.0271967633339}
{"docno": "S3d1a752c-Abc80526", "score": 15.968522315886599}
{"docno": "S3979a4cc-A9b3a2d11", "score": 15.9133521145364}
{"docno": "S8791f9a4-A5b3f1426", "score": 15.898029077324072}
{"docno": "S6702c8de-Ae1150c43", "score": 15.824987823725653}
{"docno": "Sf3fff4a7-Af09bb52d", "score": 15.71411034210783}
{"docno": "S81e67f4b-Ac7ee9c59", "score": 15.645840618148444}
{"docno": "Sb0cd83f7-Adea9ca20", "score": 15.645840618148444}
{"docno": "S1f1b6ff6-Ac752e93e", "score": 15.639581616226664}
{"docno": "S3d1a752c-A535d6447", "score": 15.587797510794704}
{"docno": "Sc1ca8114-A564611d7", "score": 15.529552293035973}
{"docno": "S4c7e2b8-A14959a1e", "score": 15.528558519679631}
{"docno": "Sf3fff504-A53781e8d", "score": 15.522723104558905}
{"docno": "S2218331a-A6edb46f9", "score": 15.513868801078868}
{"docno": "S775cd6a9-Acef4f0cd", "score": 15.381030582025005}
{"docno": "S136c9048-A26174e3", "score": 15.282210900184385}
{"docno": "S5199e2e0-A5ba0ffab", "score": 15.282210900184385}
{"docno": "S47ca8cc4-A9524ab7f", "score": 15.21115277189871}
{"docno": "S3403ee9e-A43c693f9", "score": 15.202316941512933}
{"docno": "S8791f9a4-A17fae88", "score": 15.172154877000843}
{"docno": "Sb1870c0a-A5c4ba5a0", "score": 15.169007549148418}
{"docno": "Sd7945f58-Aa4e56d1e", "score": 15.164728220486948}
{"docno": "S2218331a-A817bb3f", "score": 15.164728220486948}
{"docno": "Sb1860d23-Ad360fefe", "score": 15.16124069236825}
{"docno": "S3418c277-Ad9adb256", "score": 15.138954254047107}
{"docno": "S2a4ff294-Ae217aeb6", "score": 15.09475591670165}
{"docno": "Sd952cd48-A3d7f6988", "score": 15.08136622801712}
{"docno": "S43147e51-A45fb0973", "score": 15.02591923973587}
{"docno": "S95c8e25d-A926c4462", "score": 15.023980425057356}
{"docno": "S89e52114-A7116dc2e", "score": 15.015317542487571}
{"docno": "S5d98be9a-A4cb4f9ff", "score": 15.008665213062837}
{"type": "toggleArgument", "timestamp": "2025-06-26T10:48:18.985Z", "sessionID": "19ac7f4a-5a84-4094-84f5-d4de9d637b42", "rank": "2", "doc": "S89e52114-Aa6cfac5b", "action": "expand", "doclen": 733, "score": 20.854284044530523}
{"type": "toggleArgument", "timestamp": "2025-06-26T10:48:33.901Z", "sessionID": "19ac7f4a-5a84-4094-84f5-d4de9d637b42", "rank": "7", "doc": "S6bf018ce-Af00ca858", "action": "expand", "doclen": 540, "score": 11.091938969889112}
{"type": "toggleArgument", "timestamp": "2025-06-26T10:48:39.378Z", "sessionID": "19ac7f4a-5a84-4094-84f5-d4de9d637b42", "rank": "8", "doc": "S284f3543-A4eed23cc", "action": "expand", "doclen": 878, "score": 15.970447672554274}
{"type": "StanceClicked", "timestamp": "2025-06-26T10:48:48.788Z", "sessionID": "19ac7f4a-5a84-4094-84f5-d4de9d637b42", "rank": "8", "stance": "pro", "action": "chooseStance", "doc": "S284f3543-A4eed23cc", "doclen": 878, "score": 15.970447672554274}
{"type": "toggleArgument", "timestamp": "2025-06-26T10:48:52.049Z", "sessionID": "19ac7f4a-5a84-4094-84f5-d4de9d637b42", "rank": "9", "doc": "S6b19ea3e-Aab875997", "action": "expand", "doclen": 1532, "score": 15.19862755891267}
{"type": "toggleArgument", "timestamp": "2025-06-26T10:49:13.514Z", "sessionID": "19ac7f4a-5a84-4094-84f5-d4de9d637b42", "rank": "10", "doc": "Sdeb2a1a4-A75985df6", "action": "expand", "doclen": 1099, "score": 15.713533970317261}
{"type": "pageNavigationClicked", "timestamp": "2025-06-26T10:49:31.525Z", "sessionID": "19ac7f4a-5a84-4094-84f5-d4de9d637b42", "clicked": "2", "fromPage": 1, "toPage": 2}
{"type": "toggleArgument", "timestamp": "2025-06-26T10:49:37.001Z", "sessionID": "19ac7f4a-5a84-4094-84f5-d4de9d637b42", "rank": "11", "doc": "Sb186fa3d-A139ab956", "action": "expand", "doclen": 391, "score": 18.724558885233595}
{"type": "queryBoxFocused", "timestamp": "2025-06-26T10:49:44.681Z", "sessionID": "19ac7f4a-5a84-4094-84f5-d4de9d637b42"}
{"type": "querySubmitted", "timestamp": "2025-06-26T10:49:54.581Z", "sessionID": "19ac7f4a-5a84-4094-84f5-d4de9d637b42", "query": "birth control AND healthcare"}
{"docno": "S5504cb87-Aa4ec971f", "score": 21.744349347278252}
{"docno": "S89e52114-Aa6cfac5b", "score": 20.854284044530523}
{"docno": "Sd70aae8a-Aaf0a3aa3", "score": 19.8524441031467}
{"docno": "S1e9ad44b-Adeaa9e37", "score": 19.733245388797286}
{"docno": "S3979a4cc-A4087a320", "score": 19.267457601484168}
{"docno": "S7c48bf09-A91b9ecbc", "score": 19.15014992328647}
{"docno": "S6bf018ce-Af00ca858", "score": 19.11392484147585}
{"docno": "S284f3543-A4eed23cc", "score": 18.937133419020892}
{"docno": "S6b19ea3e-Aab875997", "score": 18.847625708667923}
{"docno": "Sdeb2a1a4-A75985df6", "score": 18.75706721989855}
{"docno": "Sb186fa3d-A139ab956", "score": 18.724558885233595}
{"docno": "S3b0519f1-A4a9bd7ac", "score": 18.643777725583675}
{"docno": "S8d834d48-A604418bc", "score": 18.47748418314371}
{"docno": "S3d1a752c-A95ae2a3", "score": 18.43431608637878}
{"docno": "S3d1a752c-Aa7cac87", "score": 18.391349222761598}
{"docno": "S6b3f6ff2-Acf4628af", "score": 18.344507904583594}
{"docno": "S2ea44508-A4273b0cc", "score": 18.305880492226173}
{"docno": "S3d1a752c-A1947fe3e", "score": 18.263642057425386}
{"docno": "S3d1a752c-Aaed75b23", "score": 18.22146621756485}
{"docno": "S6702c8de-A774cf475", "score": 18.214689387295216}
{"docno": "S739d0c9a-A1a26ba53", "score": 18.163544883894183}
{"docno": "S8d834d48-Ad3873c6b", "score": 18.150275071749082}
{"docno": "S8d834d48-A969c2c91", "score": 18.039619737435228}
{"docno": "S2218331a-Abdd93fcb", "score": 18.009548700740073}
{"docno": "S6b3f6ff2-A2e326b76", "score": 17.98479650028212}
{"docno": "S3979a4cc-Ae68e955", "score": 17.983290675827337}
{"docno": "S136c9048-A5196e9a1", "score": 17.965043673839222}
{"docno": "S88b831f5-Ad7884e03", "score": 17.899837251178553}
{"docno": "S3d9819c3-A3bd57627", "score": 17.852399481686227}
{"docno": "S88b831f5-A34c34d2b", "score": 17.850470806988422}
{"docno": "Sb67fc3fb-A3f92ad47", "score": 17.686602437906934}
{"docno": "S3d1a752c-Acb5c823c", "score": 17.66458751808021}
{"docno": "S7c48bf09-A6e6aecd7", "score": 17.52943400202323}
{"docno": "Se048883c-A59764bb0", "score": 17.526240680844346}
{"docno": "S35e44c4e-Af0a95955", "score": 17.419827568044713}
{"docno": "S626e386a-Ab159d832", "score": 17.35409959996411}
{"docno": "Sd64195b7-Aa077b7c3", "score": 17.35199435771051}
{"docno": "S3979a4cc-A8aa178ac", "score": 17.32477817777078}
{"docno": "S6b19ea3e-A96597d4", "score": 17.250831475323015}
{"docno": "S88310708-A693ac90f", "score": 17.22308440250402}
{"docno": "Scfc73d47-A80ba56f2", "score": 17.15355453101956}
{"docno": "Sd2dc19c4-Aa0b60c34", "score": 17.137278960378563}
{"docno": "Safb01fa7-A16ba6928", "score": 17.098981226004582}
{"docno": "S3d1a752c-Ab63bbb2b", "score": 17.07425324817536}
{"docno": "Sf3fff4a7-Afc6f95bc", "score": 17.07425324817536}
{"docno": "S6b3f6ff2-A785469ab", "score": 17.040900549867345}
{"docno": "Sd9f365ef-A62d87696", "score": 17.003010743506913}
{"docno": "S5d28666e-A7834c6e9", "score": 16.820357788650764}
{"docno": "S641065db-Afbfc86f4", "score": 16.80291745786858}
{"docno": "S6b19ea3e-A5b2f84a2", "score": 16.78370873904406}
{"docno": "S42aadca8-A2d5d0cc4", "score": 16.72016052320001}
{"docno": "S41193ca9-A6ba33cea", "score": 16.709860425704264}
{"docno": "S6b229b30-Aa83bee", "score": 16.66778790152459}
{"docno": "S6fcdf50f-A9de591cb", "score": 16.660419063180008}
{"docno": "S17a05c9c-A94cd1dfb", "score": 16.657468715983168}
{"docno": "S224936ac-Ab5fef090", "score": 16.57220766179347}
{"docno": "Sd2dc19c4-A2b1289cf", "score": 16.51122187650927}
{"docno": "S3979a4cc-A507d155c", "score": 16.49194892922289}
{"docno": "S6bf018ce-A3a097be", "score": 16.490583240288586}
{"docno": "Sb1876a40-A4a4f3601", "score": 16.482100565598813}
{"docno": "S6b19ea3e-A84b5e8f", "score": 16.436323388679924}
{"docno": "S606a81ac-Af25fafce", "score": 16.390799789378114}
{"docno": "S37c0c6de-A91380511", "score": 16.257862219494957}
{"docno": "Sd4e75281-Aff28f439", "score": 16.255729560826513}
{"docno": "Sb76f82a2-A25ea6cc0", "score": 16.21119949012904}
{"docno": "S224936ac-A93b35437", "score": 16.21119949012904}
{"docno": "S37beca49-A76dd2c7a", "score": 16.1673634890853}
{"docno": "S1a14ba21-A6f276267", "score": 16.164803853526486}
{"docno": "Sce55d6b1-Af030f01e", "score": 16.141965319851657}
{"docno": "Sa22ad1b6-A6ad9eee5", "score": 16.0271967633339}
{"docno": "S3d1a752c-Abc80526", "score": 15.968522315886599}
{"docno": "S3979a4cc-A9b3a2d11", "score": 15.9133521145364}
{"docno": "S8791f9a4-A5b3f1426", "score": 15.898029077324072}
{"docno": "S6702c8de-Ae1150c43", "score": 15.824987823725653}
{"docno": "Sf3fff4a7-Af09bb52d", "score": 15.71411034210783}
{"docno": "S81e67f4b-Ac7ee9c59", "score": 15.645840618148444}
{"docno": "Sb0cd83f7-Adea9ca20", "score": 15.645840618148444}
{"docno": "S1f1b6ff6-Ac752e93e", "score": 15.639581616226664}
{"docno": "S3d1a752c-A535d6447", "score": 15.587797510794704}
{"docno": "Sc1ca8114-A564611d7", "score": 15.529552293035973}
{"docno": "S4c7e2b8-A14959a1e", "score": 15.528558519679631}
{"docno": "Sf3fff504-A53781e8d", "score": 15.522723104558905}
{"docno": "S2218331a-A6edb46f9", "score": 15.513868801078868}
{"docno": "S775cd6a9-Acef4f0cd", "score": 15.381030582025005}
{"docno": "S136c9048-A26174e3", "score": 15.282210900184385}
{"docno": "S5199e2e0-A5ba0ffab", "score": 15.282210900184385}
{"docno": "S47ca8cc4-A9524ab7f", "score": 15.21115277189871}
{"docno": "S3403ee9e-A43c693f9", "score": 15.202316941512933}
{"docno": "S8791f9a4-A17fae88", "score": 15.172154877000843}
{"docno": "Sb1870c0a-A5c4ba5a0", "score": 15.169007549148418}
{"docno": "Sd7945f58-Aa4e56d1e", "score": 15.164728220486948}
{"docno": "S2218331a-A817bb3f", "score": 15.164728220486948}
{"docno": "Sb1860d23-Ad360fefe", "score": 15.16124069236825}
{"docno": "S3418c277-Ad9adb256", "score": 15.138954254047107}
{"docno": "S2a4ff294-Ae217aeb6", "score": 15.09475591670165}
{"docno": "Sd952cd48-A3d7f6988", "score": 15.08136622801712}
{"docno": "S43147e51-A45fb0973", "score": 15.02591923973587}
{"docno": "S95c8e25d-A926c4462", "score": 15.023980425057356}
{"docno": "S89e52114-A7116dc2e", "score": 15.015317542487571}
{"docno": "S5d98be9a-A4cb4f9ff", "score": 15.008665213062837}
{"type": "pageNavigationClicked", "timestamp": "2025-06-26T10:50:03.861Z", "sessionID": "19ac7f4a-5a84-4094-84f5-d4de9d637b42", "clicked": "2", "fromPage": 1, "toPage": 2}
{"type": "toggleArgument", "timestamp": "2025-06-26T10:50:11.312Z", "sessionID": "19ac7f4a-5a84-4094-84f5-d4de9d637b42", "rank": "19", "doc": "S3d1a752c-Aaed75b23", "action": "expand", "doclen": 849, "score": 18.669319746987703}
{"type": "pageNavigationClicked", "timestamp": "2025-06-26T10:50:20.034Z", "sessionID": "19ac7f4a-5a84-4094-84f5-d4de9d637b42", "clicked": "3", "fromPage": 2, "toPage": 3}
{"type": "toggleArgument", "timestamp": "2025-06-26T10:50:25.606Z", "sessionID": "19ac7f4a-5a84-4094-84f5-d4de9d637b42", "rank": "22", "doc": "S8d834d48-Ad3873c6b", "action": "expand", "doclen": 386, "score": 34.414308616323716}
{"type": "toggleArgument", "timestamp": "2025-06-26T10:50:38.917Z", "sessionID": "19ac7f4a-5a84-4094-84f5-d4de9d637b42", "rank": "25", "doc": "S6b3f6ff2-A2e326b76", "action": "expand", "doclen": 551, "score": 17.98479650028212}
{"type": "queryBoxFocused", "timestamp": "2025-06-26T10:50:54.189Z", "sessionID": "19ac7f4a-5a84-4094-84f5-d4de9d637b42"}
{"type": "querySubmitted", "timestamp": "2025-06-26T10:51:04.610Z", "sessionID": "19ac7f4a-5a84-4094-84f5-d4de9d637b42", "query": "birth control AND health"}
{"docno": "S224936ac-A93b35437", "score": 24.902451634528596}
{"docno": "S3d9819c3-A3bd57627", "score": 24.84412053662499}
{"docno": "S88b831f5-A34c34d2b", "score": 24.840946307465394}
{"docno": "S6b19ea3e-A96597d4", "score": 22.79229062337857}
{"docno": "S224936ac-Ab5fef090", "score": 22.77388593497446}
{"docno": "S6b19ea3e-Aab875997", "score": 22.65513081367112}
{"docno": "S88b831f5-Ad7884e03", "score": 22.51353834221966}
{"docno": "Sb1853e4f-A3ac43899", "score": 20.478447941952815}
{"docno": "S7a271b49-Abda5897d", "score": 20.475149435037682}
{"docno": "S6bece754-A1f4c4017", "score": 20.318456470697015}
{"docno": "Sb2db9ddc-A75f104c5", "score": 20.235997078109722}
{"docno": "S6b19ea3e-Af4c2ab11", "score": 19.97563792287541}
{"docno": "S5a745a9a-Aab87cc7c", "score": 19.9177039205019}
{"docno": "Sb1853e4f-Aed866696", "score": 19.876326179900026}
{"docno": "S47ca8cc4-A9524ab7f", "score": 19.567441397679445}
{"docno": "S7c48bf09-A91b9ecbc", "score": 19.15014992328647}
{"docno": "S6bf018ce-Af00ca858", "score": 19.11392484147585}
{"docno": "S284f3543-A4eed23cc", "score": 18.937133419020892}
{"docno": "S3d9819c3-A88275e4b", "score": 18.882095547575442}
{"docno": "Sdeb2a1a4-A75985df6", "score": 18.75706721989855}
{"docno": "Sb186fa3d-A139ab956", "score": 18.724558885233595}
{"docno": "Sc42f2f21-Ae69e1463", "score": 18.716069900919578}
{"docno": "Sb61a9678-Acc3cef66", "score": 18.716069900919578}
{"docno": "S8d834d48-A604418bc", "score": 18.47748418314371}
{"docno": "Sac9fa785-A1e96567d", "score": 18.459991931741687}
{"docno": "S3d1a752c-A95ae2a3", "score": 18.43431608637878}
{"docno": "Sb18598c4-Add4d82ee", "score": 18.403361697895278}
{"docno": "S3d1a752c-Aa7cac87", "score": 18.391349222761598}
{"docno": "Sb1860d23-Ad360fefe", "score": 18.391215769888646}
{"docno": "Sc9ee54bb-A534a69d3", "score": 18.380223036528243}
{"docno": "S6b3f6ff2-Acf4628af", "score": 18.344507904583594}
{"docno": "S3d1a752c-A1947fe3e", "score": 18.263642057425386}
{"docno": "S88b831f5-Ab26ac929", "score": 18.246304423852628}
{"docno": "S3d1a752c-Aaed75b23", "score": 18.22146621756485}
{"docno": "S6702c8de-A774cf475", "score": 18.214689387295216}
{"docno": "S739d0c9a-A1a26ba53", "score": 18.163544883894183}
{"docno": "S8d834d48-Ad3873c6b", "score": 18.150275071749082}
{"docno": "S8d834d48-A969c2c91", "score": 18.039619737435228}
{"docno": "S2218331a-Abdd93fcb", "score": 18.009548700740073}
{"docno": "S6b3f6ff2-A2e326b76", "score": 17.98479650028212}
{"docno": "S136c9048-A5196e9a1", "score": 17.965043673839222}
{"docno": "S7a271b49-Ae924dbaa", "score": 17.848392098722407}
{"docno": "Sb67fc3fb-A3f92ad47", "score": 17.686602437906934}
{"docno": "S3d1a752c-Acb5c823c", "score": 17.66458751808021}
{"docno": "Sb185af88-A6337904b", "score": 17.62526917903807}
{"docno": "Sb76f82a2-Acc7bbf02", "score": 17.577115950311903}
{"docno": "S7f49fe3-Ac4c8a59b", "score": 17.54595667398161}
{"docno": "S7c48bf09-A6e6aecd7", "score": 17.52943400202323}
{"docno": "Se048883c-A59764bb0", "score": 17.526240680844346}
{"docno": "Sd64195b7-Aa077b7c3", "score": 17.35199435771051}
{"docno": "Scfc73d47-A80ba56f2", "score": 17.15355453101956}
{"docno": "Safb01fa7-A16ba6928", "score": 17.098981226004582}
{"docno": "S5504cb87-A809bae4d", "score": 17.08293570864883}
{"docno": "S3d1a752c-Ab63bbb2b", "score": 17.07425324817536}
{"docno": "Sf3fff4a7-Afc6f95bc", "score": 17.07425324817536}
{"docno": "Sef294bbd-A96efada6", "score": 17.05842275835907}
{"docno": "S6b3f6ff2-A785469ab", "score": 17.040900549867345}
{"docno": "Sd9f365ef-A62d87696", "score": 17.003010743506913}
{"docno": "S641065db-Afbfc86f4", "score": 16.80291745786858}
{"docno": "S6b19ea3e-A5b2f84a2", "score": 16.78370873904406}
{"docno": "Sa6bfe05f-A14a5d735", "score": 16.680789740396143}
{"docno": "S6b229b30-Aa83bee", "score": 16.66778790152459}
{"docno": "S66744a72-Ac253c901", "score": 16.582814113683096}
{"docno": "S2ea44508-A4273b0cc", "score": 16.551515724865315}
{"docno": "S5504cb87-Aa4ec971f", "score": 16.530338182836}
{"docno": "S6bf018ce-A3a097be", "score": 16.490583240288586}
{"docno": "S6bf018ce-Ac9a8575", "score": 16.483031794770618}
{"docno": "Sb1876a40-A4a4f3601", "score": 16.482100565598813}
{"docno": "S7ced11f-A6f45600", "score": 16.475184960037385}
{"docno": "S3b5af2ac-Ac3f93f2f", "score": 16.459350070206607}
{"docno": "Sf6d036ec-A664256bd", "score": 16.459350070206607}
{"docno": "S6b19ea3e-A84b5e8f", "score": 16.436323388679924}
{"docno": "S3418c277-Aeb6651a0", "score": 16.397119036216885}
{"docno": "S606a81ac-Af25fafce", "score": 16.390799789378114}
{"docno": "S667451d5-A7aee0842", "score": 16.338439216874008}
{"docno": "S37c0c6de-A91380511", "score": 16.257862219494957}
{"docno": "Sd4e75281-Aff28f439", "score": 16.255729560826513}
{"docno": "S12eb3d30-Adfe3c9dd", "score": 16.24737651228518}
{"docno": "Sdd60b63d-Abec4c698", "score": 16.229287354941576}
{"docno": "Sb76f82a2-A25ea6cc0", "score": 16.21119949012904}
{"docno": "S37beca49-A76dd2c7a", "score": 16.1673634890853}
{"docno": "S1a14ba21-A6f276267", "score": 16.164803853526486}
{"docno": "S2a4ff294-Ae787385", "score": 16.126346728230455}
{"docno": "S66745251-A88c25a8a", "score": 16.03637264817276}
{"docno": "Sa22ad1b6-A6ad9eee5", "score": 16.0271967633339}
{"docno": "S89e52114-A5a22c7a9", "score": 16.00372137439789}
{"docno": "S66744a91-A4b186168", "score": 15.983317770416692}
{"docno": "S3d1a752c-Abc80526", "score": 15.968522315886599}
{"docno": "S8791f9a4-A5b3f1426", "score": 15.898029077324072}
{"docno": "S62fa366c-A7362d683", "score": 15.829777708465716}
{"docno": "S5504cb87-A7bf51e17", "score": 15.829777708465716}
{"docno": "S62fa368b-A7362d683", "score": 15.829777708465716}
{"docno": "S6702c8de-Ae1150c43", "score": 15.824987823725653}
{"docno": "S7f6c271b-Aa9c02d83", "score": 15.786948305645705}
{"docno": "S58c03613-Af24c9387", "score": 15.737635482218987}
{"docno": "Sf3fff4a7-Af09bb52d", "score": 15.71411034210783}
{"docno": "Seeb74785-Abafd2724", "score": 15.679884786091925}
{"docno": "S81e67f4b-Ac7ee9c59", "score": 15.645840618148444}
{"docno": "Sb0cd83f7-Adea9ca20", "score": 15.645840618148444}
{"docno": "Sb185b2cd-Acbb12034", "score": 15.642308343456978}
{"type": "toggleArgument", "timestamp": "2025-06-26T10:51:12.244Z", "sessionID": "19ac7f4a-5a84-4094-84f5-d4de9d637b42", "rank": "2", "doc": "S3d9819c3-A3bd57627", "action": "expand", "doclen": 1771, "score": 15.589917502559416}
{"type": "toggleArgument", "timestamp": "2025-06-26T10:51:18.591Z", "sessionID": "19ac7f4a-5a84-4094-84f5-d4de9d637b42", "rank": "3", "doc": "S88b831f5-A34c34d2b", "action": "expand", "doclen": 769, "score": 17.850470806988422}
{"type": "StanceClicked", "timestamp": "2025-06-26T10:51:35.293Z", "sessionID": "19ac7f4a-5a84-4094-84f5-d4de9d637b42", "rank": "3", "stance": "pro", "action": "chooseStance", "doc": "S88b831f5-A34c34d2b", "doclen": 769, "score": 17.850470806988422}
{"type": "toggleArgument", "timestamp": "2025-06-26T10:51:37.066Z", "sessionID": "19ac7f4a-5a84-4094-84f5-d4de9d637b42", "rank": "4", "doc": "S6b19ea3e-A96597d4", "action": "expand", "doclen": 660, "score": 15.610533977102332}
{"type": "StanceClicked", "timestamp": "2025-06-26T10:51:46.413Z", "sessionID": "19ac7f4a-5a84-4094-84f5-d4de9d637b42", "rank": "4", "stance": "con", "action": "chooseStance", "doc": "S6b19ea3e-A96597d4", "doclen": 660, "score": 15.610533977102332}
{"type": "toggleArgument", "timestamp": "2025-06-26T10:51:51.312Z", "sessionID": "19ac7f4a-5a84-4094-84f5-d4de9d637b42", "rank": "6", "doc": "S6b19ea3e-Aab875997", "action": "expand", "doclen": 1532, "score": 15.19862755891267}
{"type": "toggleArgument", "timestamp": "2025-06-26T10:52:16.270Z", "sessionID": "19ac7f4a-5a84-4094-84f5-d4de9d637b42", "rank": "7", "doc": "S88b831f5-Ad7884e03", "action": "expand", "doclen": 1205, "score": 17.899837251178553}
{"type": "StanceClicked", "timestamp": "2025-06-26T10:52:38.367Z", "sessionID": "19ac7f4a-5a84-4094-84f5-d4de9d637b42", "rank": "7", "stance": "con", "action": "chooseStance", "doc": "S88b831f5-Ad7884e03", "doclen": 1205, "score": 17.899837251178553}
{"type": "toggleArgument", "timestamp": "2025-06-26T10:52:44.602Z", "sessionID": "19ac7f4a-5a84-4094-84f5-d4de9d637b42", "rank": "9", "doc": "S7a271b49-Abda5897d", "action": "expand", "doclen": 1793, "score": 22.255098017350434}
{"type": "pageNavigationClicked", "timestamp": "2025-06-26T10:53:09.545Z", "sessionID": "19ac7f4a-5a84-4094-84f5-d4de9d637b42", "clicked": "Next »", "fromPage": 1, "toPage": 2}
{"type": "toggleArgument", "timestamp": "2025-06-26T10:53:13.449Z", "sessionID": "19ac7f4a-5a84-4094-84f5-d4de9d637b42", "rank": "11", "doc": "Sb2db9ddc-A75f104c5", "action": "expand", "doclen": 439, "score": 20.235997078109722}
{"type": "toggleArgument", "timestamp": "2025-06-26T10:53:27.256Z", "sessionID": "19ac7f4a-5a84-4094-84f5-d4de9d637b42", "rank": "13", "doc": "S5a745a9a-Aab87cc7c", "action": "expand", "doclen": 359, "score": 15.014581534153518}
{"type": "toggleArgument", "timestamp": "2025-06-26T10:53:39.385Z", "sessionID": "19ac7f4a-5a84-4094-84f5-d4de9d637b42", "rank": "17", "doc": "S6bf018ce-Af00ca858", "action": "expand", "doclen": 540, "score": 11.091938969889112}
{"type": "toggleArgument", "timestamp": "2025-06-26T10:53:54.488Z", "sessionID": "19ac7f4a-5a84-4094-84f5-d4de9d637b42", "rank": "19", "doc": "S3d9819c3-A88275e4b", "action": "expand", "doclen": 1306, "score": 22.151655584403635}
{"type": "StanceClicked", "timestamp": "2025-06-26T10:54:17.298Z", "sessionID": "19ac7f4a-5a84-4094-84f5-d4de9d637b42", "rank": "19", "stance": "pro", "action": "chooseStance", "doc": "S3d9819c3-A88275e4b", "doclen": 1306, "score": 22.151655584403635}
{"type": "toggleArgument", "timestamp": "2025-06-26T10:54:19.873Z", "sessionID": "19ac7f4a-5a84-4094-84f5-d4de9d637b42", "rank": "20", "doc": "Sdeb2a1a4-A75985df6", "action": "expand", "doclen": 1099, "score": 15.713533970317261}
{"type": "pageNavigationClicked", "timestamp": "2025-06-26T10:54:22.073Z", "sessionID": "19ac7f4a-5a84-4094-84f5-d4de9d637b42", "clicked": "3", "fromPage": 2, "toPage": 3}
{"type": "queryBoxFocused", "timestamp": "2025-06-26T10:54:53.709Z", "sessionID": "19ac7f4a-5a84-4094-84f5-d4de9d637b42"}
{"type": "querySubmitted", "timestamp": "2025-06-26T10:55:02.506Z", "sessionID": "19ac7f4a-5a84-4094-84f5-d4de9d637b42", "query": "birth control pills prescription"}
{"docno": "S8791f9a4-A17fae88", "score": 37.57230390369425}
{"docno": "S8d834d48-Ad3873c6b", "score": 34.414308616323716}
{"docno": "S8d834d48-A604418bc", "score": 34.20831523798637}
{"docno": "S928f9e5e-A4fd49234", "score": 31.838953958490016}
{"docno": "S2218331a-Abdd93fcb", "score": 30.724565975552686}
{"docno": "S739d0c9a-A1a26ba53", "score": 30.071459431432665}
{"docno": "S87b8c230-A24b75240", "score": 29.876999359980744}
{"docno": "S3d9819c3-A3bd57627", "score": 29.072112952492525}
{"docno": "S8e214b94-A6744a4c8", "score": 28.87441499013554}
{"docno": "S606a81ac-Af25fafce", "score": 28.64630748251603}
{"docno": "S3d1a752c-Acb5c823c", "score": 28.232438255667343}
{"docno": "S3d1a752c-Aaed75b23", "score": 27.980886777003835}
{"docno": "S88b831f5-Ab26ac929", "score": 27.761613447341265}
{"docno": "S928f9e5e-A367ed26", "score": 27.62379515135273}
{"docno": "Sdeb2a1a4-A75985df6", "score": 27.32194757407142}
{"docno": "Sf3fff523-A2404c0d3", "score": 27.223590516555973}
{"docno": "Sdaa1c0-Afdf00c6f", "score": 26.994582979595542}
{"docno": "S10c1d5c6-A98e32b82", "score": 26.465710135711245}
{"docno": "S3d1a752c-Abc80526", "score": 26.459531135186662}
{"docno": "Sf7991e72-A622f021e", "score": 26.448639247373997}
{"docno": "S6702c8de-A774cf475", "score": 26.425629100898135}
{"docno": "S136c9048-A5196e9a1", "score": 26.316952644045365}
{"docno": "S4c2eee41-Ae762ee36", "score": 26.152700074187198}
{"docno": "S6b229b30-Aa83bee", "score": 25.942149254521063}
{"docno": "S1b170c65-A5c0b2195", "score": 24.513060039402184}
{"docno": "S8cb27dbc-A794eff79", "score": 24.168053075806572}
{"docno": "S2a2c6cd2-A75c95a58", "score": 23.903940424739005}
{"docno": "Scfc73d47-A80ba56f2", "score": 23.086164295495088}
{"docno": "Sc64898ed-Adad2657", "score": 22.79914082021503}
{"docno": "S5504cb87-Aa4ec971f", "score": 22.505160828199216}
{"docno": "Sc42f2f21-Ae69e1463", "score": 22.502541809828223}
{"docno": "Sb364b25c-Ac9e2337f", "score": 22.182468891827945}
{"docno": "S3d9819c3-A88275e4b", "score": 22.151655584403635}
{"docno": "S670241ba-A1b29fc3f", "score": 22.12372731251402}
{"docno": "Sb186eedb-Ae0a0f983", "score": 22.122791743849696}
{"docno": "Sd76dccec-A190e562d", "score": 21.98958654597091}
{"docno": "S2c02bfd6-A209427d3", "score": 21.98958654597091}
{"docno": "S928f9e5e-Aaa331e1d", "score": 21.967399681559655}
{"docno": "S11aa61bc-A35f01ea0", "score": 21.94080207825874}
{"docno": "S4181eec2-A127d7338", "score": 21.59942480394608}
{"docno": "Seb89388a-Af4fe94ac", "score": 21.354866828807925}
{"docno": "S8e214b94-Ad6147b51", "score": 21.100248540934665}
{"docno": "S144b984e-A80bae8c7", "score": 20.577462859000512}
{"docno": "S7586c03e-Aafd925d5", "score": 20.507813004398848}
{"docno": "S10c1d5c6-Ae48b330e", "score": 20.21711694301639}
{"docno": "S19901fc2-Add473395", "score": 20.013280529733954}
{"docno": "Sff883bce-A522a7bcf", "score": 19.88528313025442}
{"docno": "Se5cc0b2e-A6da0695e", "score": 19.626138325256186}
{"docno": "S37c0c6de-A66fd709d", "score": 19.52123089932818}
{"docno": "Safae4f58-Ac457f25e", "score": 19.42437210754064}
{"docno": "Sa8cf6837-A48fbd81", "score": 19.23245899981259}
{"docno": "S7c48bf09-A91b9ecbc", "score": 19.15014992328647}
{"docno": "S6bf018ce-Af00ca858", "score": 19.11392484147585}
{"docno": "S47ca9aef-Ae3f232b0", "score": 19.025991754561336}
{"docno": "S893cfd79-A69894498", "score": 19.017806891266215}
{"docno": "S42a405ef-Ac653caf5", "score": 19.01307868150832}
{"docno": "S319ddd26-A1485e8fe", "score": 18.97835993126599}
{"docno": "S284f3543-A4eed23cc", "score": 18.937133419020892}
{"docno": "S6c2bb03b-Aa60497cf", "score": 18.861842438857124}
{"docno": "S6b19ea3e-Aab875997", "score": 18.847625708667923}
{"docno": "Sa4a6c3d4-A2cff934e", "score": 18.817148906400476}
{"docno": "Sb186fa3d-A139ab956", "score": 18.724558885233595}
{"docno": "Scc60bdc0-A214bd64e", "score": 18.533923300789496}
{"docno": "S9e641c64-A4d50881f", "score": 18.492381038611747}
{"docno": "S3d1a752c-A95ae2a3", "score": 18.43431608637878}
{"docno": "S3d1a752c-Aa7cac87", "score": 18.391349222761598}
{"docno": "S6b3f6ff2-Acf4628af", "score": 18.344507904583594}
{"docno": "Sfcb3085d-A2a7fd182", "score": 18.28757534149997}
{"docno": "S3d1a752c-A1947fe3e", "score": 18.263642057425386}
{"docno": "Sd4106dd-A875adb12", "score": 18.175367097566106}
{"docno": "Sb186821d-Ad58ae557", "score": 18.161274364370687}
{"docno": "S29b8201f-A50eb6d46", "score": 18.133919372448215}
{"docno": "Sa4a6c3d4-A97ae8381", "score": 18.07221231735974}
{"docno": "S12a76dbd-Ac2fa3d5d", "score": 18.041625291143035}
{"docno": "S8d834d48-A969c2c91", "score": 18.039619737435228}
{"docno": "S6b3f6ff2-A2e326b76", "score": 17.98479650028212}
{"docno": "S19901fc2-Ad4fc0c05", "score": 17.901253695335487}
{"docno": "S88b831f5-Ad7884e03", "score": 17.899837251178553}
{"docno": "S5ef3f775-A6f5d8f71", "score": 17.872178608770792}
{"docno": "S88b831f5-A34c34d2b", "score": 17.850470806988422}
{"docno": "S5d204889-Ab4752d18", "score": 17.772177846894255}
{"docno": "S123e8cb3-A1bd1dbe2", "score": 17.72878361506266}
{"docno": "Sa4a6c3d4-A510bd2ab", "score": 17.72143272495943}
{"docno": "Sb67fc3fb-A3f92ad47", "score": 17.686602437906934}
{"docno": "Sea949c31-A6590b76c", "score": 17.647092614736167}
{"docno": "S7c48bf09-A6e6aecd7", "score": 17.52943400202323}
{"docno": "Se048883c-A59764bb0", "score": 17.526240680844346}
{"docno": "S47ca8c67-A7757972e", "score": 17.51303723292426}
{"docno": "S72e845b6-Af275bd59", "score": 17.456874705099146}
{"docno": "Sd64195b7-Aa077b7c3", "score": 17.35199435771051}
{"docno": "S20fddb07-A26b6d705", "score": 17.344403683001946}
{"docno": "S6b19ea3e-A96597d4", "score": 17.250831475323015}
{"docno": "S893cfd79-A45f6c195", "score": 17.13925836650395}
{"docno": "Safb01fa7-A16ba6928", "score": 17.098981226004582}
{"docno": "S3d1a752c-Ab63bbb2b", "score": 17.07425324817536}
{"docno": "Sf3fff4a7-Afc6f95bc", "score": 17.07425324817536}
{"docno": "S6b3f6ff2-A785469ab", "score": 17.040900549867345}
{"docno": "Sd9f365ef-A62d87696", "score": 17.003010743506913}
{"docno": "S89e275d3-A4f94db2c", "score": 16.90783376382066}
{"docno": "S641065db-Afbfc86f4", "score": 16.80291745786858}
{"type": "toggleArgument", "timestamp": "2025-06-26T10:55:14.225Z", "sessionID": "19ac7f4a-5a84-4094-84f5-d4de9d637b42", "rank": "4", "doc": "S928f9e5e-A4fd49234", "action": "expand", "doclen": 506, "score": 17.04964633233588}
{"type": "toggleArgument", "timestamp": "2025-06-26T10:55:33.584Z", "sessionID": "19ac7f4a-5a84-4094-84f5-d4de9d637b42", "rank": "10", "doc": "S606a81ac-Af25fafce", "action": "expand", "doclen": 796, "score": 28.64630748251603}
{"type": "pageNavigationClicked", "timestamp": "2025-06-26T10:55:42.713Z", "sessionID": "19ac7f4a-5a84-4094-84f5-d4de9d637b42", "clicked": "Next »", "fromPage": 1, "toPage": 2}
{"type": "toggleArgument", "timestamp": "2025-06-26T10:55:48.440Z", "sessionID": "19ac7f4a-5a84-4094-84f5-d4de9d637b42", "rank": "12", "doc": "S3d1a752c-Aaed75b23", "action": "expand", "doclen": 849, "score": 18.669319746987703}
{"type": "StanceClicked", "timestamp": "2025-06-26T10:56:10.977Z", "sessionID": "19ac7f4a-5a84-4094-84f5-d4de9d637b42", "rank": "12", "stance": "pro", "action": "chooseStance", "doc": "S3d1a752c-Aaed75b23", "doclen": 849, "score": 18.669319746987703}
{"type": "toggleArgument", "timestamp": "2025-06-26T10:56:12.793Z", "sessionID": "19ac7f4a-5a84-4094-84f5-d4de9d637b42", "rank": "13", "doc": "S88b831f5-Ab26ac929", "action": "expand", "doclen": 1566, "score": 27.761613447341265}
{"type": "StanceClicked", "timestamp": "2025-06-26T10:56:34.065Z", "sessionID": "19ac7f4a-5a84-4094-84f5-d4de9d637b42", "rank": "13", "stance": "con", "action": "chooseStance", "doc": "S88b831f5-Ab26ac929", "doclen": 1566, "score": 27.761613447341265}
{"type": "toggleArgument", "timestamp": "2025-06-26T10:56:49.824Z", "sessionID": "19ac7f4a-5a84-4094-84f5-d4de9d637b42", "rank": "16", "doc": "Sf3fff523-A2404c0d3", "action": "expand", "doclen": 1814, "score": 13.88037860123972}
{"type": "ClickedEndTask", "timestamp": "2025-06-26T10:57:14.433Z", "sessionID": "19ac7f4a-5a84-4094-84f5-d4de9d637b42"}
{"type": "TaskEndConfirmed", "timestamp": "2025-06-26T10:57:17.385Z", "sessionID": "19ac7f4a-5a84-4094-84f5-d4de9d637b42"}
{"type": "TaskEnded", "timestamp": "2025-06-26T10:57:26.369Z", "sessionID": "19ac7f4a-5a84-4094-84f5-d4de9d637b42", "reason": "time is up", "translated_reason": "Time is up"}
