{"type": "TaskStarted", "timestamp": "2025-06-26T12:51:38.308Z", "sessionID": "93d0dc0b-4d15-49e5-87fb-896e5316da68", "task": "2", "uid": "Participant32", "topic": "Should prostitution be legal?"}
{"type": "queryBoxFocused", "timestamp": "2025-06-26T12:51:39.623Z", "sessionID": "93d0dc0b-4d15-49e5-87fb-896e5316da68"}
{"type": "querySubmitted", "timestamp": "2025-06-26T12:51:46.620Z", "sessionID": "93d0dc0b-4d15-49e5-87fb-896e5316da68", "query": "legalize prostitution"}
{"docno": "S10dba703-A5e4daff7", "score": 24.35110465649268}
{"docno": "S7c83e847-A110c745d", "score": 23.965227349642987}
{"docno": "S10dba703-A4021086d", "score": 23.417010340560438}
{"docno": "S286347c6-Ae3570a67", "score": 23.22619701110327}
{"docno": "S436cc21d-Ad0da327d", "score": 23.10612723305406}
{"docno": "Se410cf7a-A280a848f", "score": 23.104369429927274}
{"docno": "S318b36b2-Ab5da3b58", "score": 22.941439260446273}
{"docno": "Sf26ab52f-A484804b5", "score": 22.931850712789192}
{"docno": "S29e66283-A3372a973", "score": 22.831056645039535}
{"docno": "Sddcd2e78-Acf5b3d3f", "score": 22.76089323224847}
{"docno": "Sab52fe3f-A519eb99", "score": 22.64672846507664}
{"docno": "S2a95f892-A888dda76", "score": 22.614478631089256}
{"docno": "S9b3bf6ac-A8be67471", "score": 22.6112054836731}
{"docno": "S94b6b4c-A994a13eb", "score": 22.504236859028012}
{"docno": "S286347c6-A58ad6172", "score": 22.489935736325965}
{"docno": "S94aebaa-Aa54d1476", "score": 22.476433257930676}
{"docno": "Sf2b77005-Aea3c019e", "score": 22.415518970592725}
{"docno": "S10dba703-Ac7c9a8a", "score": 22.367397707509387}
{"docno": "Sb2564ac-A1bdac8d", "score": 22.301053235948086}
{"docno": "S94b6b4c-A580dd0b7", "score": 22.20899987115434}
{"docno": "S94b6b4c-A21a85343", "score": 22.164879474646483}
{"docno": "S7c83e847-A82f46229", "score": 22.16184455763045}
{"docno": "Sd262e675-A181332ba", "score": 22.136460477000362}
{"docno": "S29e66283-A50b104ff", "score": 22.085415658022054}
{"docno": "Sbbe2f561-Ad1a1e8ad", "score": 22.07887455661691}
{"docno": "S87d0ccd3-A9ce68c1e", "score": 22.045022964982135}
{"docno": "Sab52fe3f-Ac51fbaf1", "score": 21.99114669536925}
{"docno": "Sf4fc3e13-Ae03ce8d7", "score": 21.958430207347995}
{"docno": "S2709758f-A7432039c", "score": 21.944983890347462}
{"docno": "Sbe3c3e1a-A2aa64998", "score": 21.937320652452804}
{"docno": "S2fc94acb-A8f0dde1", "score": 21.930646134041083}
{"docno": "S318b36b2-Ad681510f", "score": 21.908047887850977}
{"docno": "S94b6b4c-A379a3f61", "score": 21.80728520211021}
{"docno": "S94b676c-A97d91864", "score": 21.783475625020042}
{"docno": "Sb5591233-Af195ff62", "score": 21.768001567065255}
{"docno": "S94b6b4c-Aceeaab49", "score": 21.759344235837265}
{"docno": "S94b6b4c-A15f19060", "score": 21.728940206649412}
{"docno": "Sbe3c3dbd-A69834559", "score": 21.715451154476476}
{"docno": "S87d0ccd3-Aacd72ab2", "score": 21.654092336148533}
{"docno": "S87d0ccd3-A9ec8a1a1", "score": 21.640531423152296}
{"docno": "Sb24a50c9-A6e9f187", "score": 21.63613575913334}
{"docno": "S2d75e907-A98218df7", "score": 21.50976431586799}
{"docno": "S105d8c2a-A674dd505", "score": 21.50505380279074}
{"docno": "Sb5591233-Ae45f813d", "score": 21.482023483444017}
{"docno": "S286347c6-A721cf638", "score": 21.431972956452718}
{"docno": "Sbe3c3d22-Ab7def6e4", "score": 21.42665260103322}
{"docno": "S2d215538-Af3ef5e40", "score": 21.42665260103322}
{"docno": "S6b369348-Aed037f52", "score": 21.41259668181375}
{"docno": "S35ff4ca-A9d5c3d41", "score": 21.40818456699825}
{"docno": "S9b3bf6ac-A170be0fe", "score": 21.37370694401876}
{"docno": "Se315eb8e-A901d438e", "score": 21.312691456289517}
{"docno": "S936e7b82-A58d5f657", "score": 21.284441095921668}
{"docno": "Sbbe2f561-A5318a530", "score": 21.267190109256006}
{"docno": "S87d0ccd3-A66b99a31", "score": 21.226035310383235}
{"docno": "S66ec5f0a-A1319a2d4", "score": 21.204523255751017}
{"docno": "S626e386a-A3f4c2b83", "score": 21.196401801922452}
{"docno": "S9b3bf6ac-A9ba7b541", "score": 21.180191371099642}
{"docno": "Se410cf7a-Ae3273c0b", "score": 21.12660210976952}
{"docno": "Scf3ad40b-A82a4232e", "score": 21.107720389463516}
{"docno": "S436cc21d-A8bb359e2", "score": 21.099318764447155}
{"docno": "Sb62b0bc1-A866c8f77", "score": 21.047297515779544}
{"docno": "Sab52fe3f-A65cb75b4", "score": 21.043238439296292}
{"docno": "S626e386a-Ab159d832", "score": 20.993062447864396}
{"docno": "Sbe3c3ddc-Ab3f1f132", "score": 20.957374648077636}
{"docno": "S58074cce-A50021d52", "score": 20.950218244609935}
{"docno": "S94b67e8-A4fe16040", "score": 20.90503996558273}
{"docno": "S2fc94acb-Adef29a3f", "score": 20.857856331670625}
{"docno": "S3d2c9c3b-A8b97b333", "score": 20.850660495243673}
{"docno": "S66ec5f0a-Af21bb718", "score": 20.834355801494432}
{"docno": "S2d75e907-Ab6367c30", "score": 20.79085137639094}
{"docno": "S36de12d5-A71886e1e", "score": 20.78828142084066}
{"docno": "S318b36b2-A982a604b", "score": 20.773589209360328}
{"docno": "S3180697a-A26af1705", "score": 20.745319438710652}
{"docno": "S181f935c-Ad6e52952", "score": 20.744033784199083}
{"docno": "S7c83e847-A38020a9b", "score": 20.69991424500265}
{"docno": "Sab52fe3f-Afb0f1532", "score": 20.690336072014617}
{"docno": "S58074cce-A7a2e065c", "score": 20.685944194411746}
{"docno": "Sbe3c3d9e-Ade9384ea", "score": 20.677376558351433}
{"docno": "Se70d8e5c-Afc3a9162", "score": 20.625290603812154}
{"docno": "S53ea1c8-A34affebe", "score": 20.562120897912987}
{"docno": "Scf3ad40b-A291c89c1", "score": 20.562120897912987}
{"docno": "S53ea1c8-A41dfdf02", "score": 20.411906742897894}
{"docno": "Sb72509d-A5b17e156", "score": 20.404872011915273}
{"docno": "S58074c90-A30927e08", "score": 20.40081200058296}
{"docno": "S94b6b4c-A4a7acced", "score": 20.386533489668327}
{"docno": "S2709758f-A9aa5cb30", "score": 20.35427239698312}
{"docno": "S87d0ccd3-A846a102a", "score": 20.35427239698312}
{"docno": "S8f7cc685-Ac9924e35", "score": 20.332668662897312}
{"docno": "Sf2b76fe6-Af918e794", "score": 20.33173326277297}
{"docno": "S9b3bf6ac-A7d1bdb9f", "score": 20.282630673902077}
{"docno": "Sdaa1bf82-A4c8a0cd0", "score": 20.27512135716272}
{"docno": "Scf3ad38f-Ac06067d9", "score": 20.234889822091496}
{"docno": "S2709758f-A401e1ae9", "score": 20.195351591582444}
{"docno": "Sfc16d928-Ac54ae68e", "score": 20.15091832002971}
{"docno": "Sbe3c3d9e-Ae6c07c2c", "score": 20.13321036791818}
{"docno": "Sd262e637-A9363dfd9", "score": 20.130731149175297}
{"docno": "S87d0ccd3-A1ce15c8b", "score": 20.1305930938745}
{"docno": "S951b2ce-A9916884f", "score": 20.12427862620945}
{"docno": "S8f7cc685-Afcd4a3c5", "score": 20.09077587179261}
{"docno": "Sf26ab52f-A1840e359", "score": 20.076206625031936}
{"type": "toggleArgument", "timestamp": "2025-06-26T12:51:48.397Z", "sessionID": "93d0dc0b-4d15-49e5-87fb-896e5316da68", "rank": "1", "doc": "S10dba703-A5e4daff7", "action": "expand", "doclen": 1034, "score": 24.35110465649268}
{"type": "toggleArgument", "timestamp": "2025-06-26T12:51:53.317Z", "sessionID": "93d0dc0b-4d15-49e5-87fb-896e5316da68", "rank": "2", "doc": "S7c83e847-A110c745d", "action": "expand", "doclen": 1908, "score": 23.965227349642987}
{"type": "StanceClicked", "timestamp": "2025-06-26T12:52:03.933Z", "sessionID": "93d0dc0b-4d15-49e5-87fb-896e5316da68", "rank": "2", "stance": "pro", "action": "chooseStance", "doc": "S7c83e847-A110c745d", "doclen": 1908, "score": 23.965227349642987}
{"type": "toggleArgument", "timestamp": "2025-06-26T12:52:05.861Z", "sessionID": "93d0dc0b-4d15-49e5-87fb-896e5316da68", "rank": "3", "doc": "S10dba703-A4021086d", "action": "expand", "doclen": 2001, "score": 23.417010340560438}
{"type": "StanceClicked", "timestamp": "2025-06-26T12:52:40.669Z", "sessionID": "93d0dc0b-4d15-49e5-87fb-896e5316da68", "rank": "3", "stance": "pro", "action": "chooseStance", "doc": "S10dba703-A4021086d", "doclen": 2001, "score": 23.417010340560438}
{"type": "toggleArgument", "timestamp": "2025-06-26T12:52:42.709Z", "sessionID": "93d0dc0b-4d15-49e5-87fb-896e5316da68", "rank": "5", "doc": "S436cc21d-Ad0da327d", "action": "expand", "doclen": 747, "score": 23.10612723305406}
{"type": "toggleArgument", "timestamp": "2025-06-26T12:52:57.805Z", "sessionID": "93d0dc0b-4d15-49e5-87fb-896e5316da68", "rank": "6", "doc": "Se410cf7a-A280a848f", "action": "expand", "doclen": 920, "score": 23.104369429927274}
{"type": "StanceClicked", "timestamp": "2025-06-26T12:53:05.254Z", "sessionID": "93d0dc0b-4d15-49e5-87fb-896e5316da68", "rank": "6", "stance": "pro", "action": "chooseStance", "doc": "Se410cf7a-A280a848f", "doclen": 920, "score": 23.104369429927274}
{"type": "toggleArgument", "timestamp": "2025-06-26T12:53:14.573Z", "sessionID": "93d0dc0b-4d15-49e5-87fb-896e5316da68", "rank": "9", "doc": "S29e66283-A3372a973", "action": "expand", "doclen": 2111, "score": 22.831056645039535}
{"type": "toggleArgument", "timestamp": "2025-06-26T12:53:24.157Z", "sessionID": "93d0dc0b-4d15-49e5-87fb-896e5316da68", "rank": "10", "doc": "Sddcd2e78-Acf5b3d3f", "action": "expand", "doclen": 242, "score": 22.76089323224847}
{"type": "pageNavigationClicked", "timestamp": "2025-06-26T12:53:27.477Z", "sessionID": "93d0dc0b-4d15-49e5-87fb-896e5316da68", "clicked": "2", "fromPage": 1, "toPage": 2}
{"type": "toggleArgument", "timestamp": "2025-06-26T12:53:32.125Z", "sessionID": "93d0dc0b-4d15-49e5-87fb-896e5316da68", "rank": "12", "doc": "S2a95f892-A888dda76", "action": "expand", "doclen": 2386, "score": 22.614478631089256}
{"type": "toggleArgument", "timestamp": "2025-06-26T12:53:39.917Z", "sessionID": "93d0dc0b-4d15-49e5-87fb-896e5316da68", "rank": "13", "doc": "S9b3bf6ac-A8be67471", "action": "expand", "doclen": 896, "score": 22.6112054836731}
{"type": "queryBoxFocused", "timestamp": "2025-06-26T12:53:48.824Z", "sessionID": "93d0dc0b-4d15-49e5-87fb-896e5316da68"}
{"type": "querySubmitted", "timestamp": "2025-06-26T12:53:57.990Z", "sessionID": "93d0dc0b-4d15-49e5-87fb-896e5316da68", "query": "prostitution psychological"}
{"docno": "S1799ef5d-A307868df", "score": 20.886841369418132}
{"docno": "Sdddbe3de-Addae4651", "score": 19.321825105887484}
{"docno": "S951b2ce-A9916884f", "score": 18.907807476513288}
{"docno": "Sd0d42864-Ae05d9a21", "score": 18.851616097865907}
{"docno": "Se410cf7a-Ae3273c0b", "score": 17.829472502075376}
{"docno": "S7c83e847-A110c745d", "score": 16.00724404092643}
{"docno": "S10dba703-A5e4daff7", "score": 15.97892460697597}
{"docno": "S7c83e847-A7d44dba0", "score": 15.823920875009499}
{"docno": "S436cc21d-Ad0da327d", "score": 15.707566932497544}
{"docno": "Se410cf7a-A280a848f", "score": 15.677316013456506}
{"docno": "S10dba703-A4021086d", "score": 15.66922623630766}
{"docno": "S5092b681-Adc4d6ecd", "score": 15.644868139612006}
{"docno": "Sab52fe3f-A65cb75b4", "score": 15.622958614351553}
{"docno": "Sb34a9339-A16045fcd", "score": 15.62022863033045}
{"docno": "S2d75e907-Ab6367c30", "score": 15.619409821160877}
{"docno": "Sdddbe3de-A59edeae5", "score": 15.60318339934945}
{"docno": "Sb0251e03-Ad0e6b1", "score": 15.572822675675598}
{"docno": "S94aebaa-Aa54d1476", "score": 15.548597624419532}
{"docno": "S87d0ccd3-A9ce68c1e", "score": 15.547516787886561}
{"docno": "S94b6b4c-A21a85343", "score": 15.534598182416275}
{"docno": "S94b6b4c-A15f19060", "score": 15.528944357993483}
{"docno": "S2709758f-A7432039c", "score": 15.527489512281443}
{"docno": "Scf3ad3ec-Abb81cdd4", "score": 15.502385509017756}
{"docno": "Saae93639-A50c99d2c", "score": 15.490785961459023}
{"docno": "Sf26ab52f-A484804b5", "score": 15.48953435913256}
{"docno": "S286347c6-Ae3570a67", "score": 15.471777000248974}
{"docno": "S94b6b4c-Aceeaab49", "score": 15.412904455720376}
{"docno": "S94b6b4c-A580dd0b7", "score": 15.399535066174186}
{"docno": "S58074c90-A30927e08", "score": 15.397872556663785}
{"docno": "S286347c6-A58ad6172", "score": 15.390695363588845}
{"docno": "Sf26ab52f-A38724e49", "score": 15.366123308868282}
{"docno": "Sab52fe20-Ab7cf312f", "score": 15.358369763637262}
{"docno": "S9b3bf6ac-A8be67471", "score": 15.316472135481675}
{"docno": "S3180697a-A26af1705", "score": 15.305316429939545}
{"docno": "S66ec5f0a-A87c910a", "score": 15.301263837712256}
{"docno": "S87d0ccd3-A66b99a31", "score": 15.295447257937452}
{"docno": "S10dba703-Ac7c9a8a", "score": 15.29322246919194}
{"docno": "S94b6b4c-A379a3f61", "score": 15.28389930774252}
{"docno": "S94b6b4c-A994a13eb", "score": 15.258426384809598}
{"docno": "S66ec5f29-Ad818562d", "score": 15.216680727838837}
{"docno": "S87d0ccd3-Aacd72ab2", "score": 15.207734419486894}
{"docno": "Sab52fe3f-Ac51fbaf1", "score": 15.197154522547496}
{"docno": "Sbbe2f561-Ad1a1e8ad", "score": 15.155739494763635}
{"docno": "S94b6b4c-A4a7acced", "score": 15.138285154602135}
{"docno": "S94b67aa-Afebbe4e1", "score": 15.124787640226979}
{"docno": "Sd1002c17-A28f7eab3", "score": 15.108306745045557}
{"docno": "Se315eb8e-A901d438e", "score": 15.093251690834041}
{"docno": "Sab52fe3f-A519eb99", "score": 15.082465957650735}
{"docno": "Sbe3c3ddc-Ae3be1715", "score": 15.07377530026025}
{"docno": "S20e6aeeb-A387176ca", "score": 15.057659503345226}
{"docno": "Sbe3c3ddc-Ab3f1f132", "score": 15.023708362091467}
{"docno": "S936e7b82-A58d5f657", "score": 15.021779408519706}
{"docno": "Sbe3c3d9e-Ae6c07c2c", "score": 15.017667878115965}
{"docno": "S7c83e847-A82f46229", "score": 15.009700655100927}
{"docno": "Sf4fc3e13-Aec4ee7c0", "score": 14.994825975056054}
{"docno": "S2a95f892-A888dda76", "score": 14.98022885977505}
{"docno": "Sf4fc3e13-Ae03ce8d7", "score": 14.959828008173552}
{"docno": "Scf3ad40b-Ad211571b", "score": 14.95924434699595}
{"docno": "S87d0ccd3-Ac4e2b870", "score": 14.958777450844057}
{"docno": "Sbe3c3e1a-A2aa64998", "score": 14.948198295591974}
{"docno": "S2fc94acb-A8f0dde1", "score": 14.944519902681574}
{"docno": "S318b36b2-Ab5da3b58", "score": 14.929212101283893}
{"docno": "S436cc21d-A8bb359e2", "score": 14.927499398604112}
{"docno": "Sf4fc3e13-A38ba0c2d", "score": 14.904166161740436}
{"docno": "S1fbfac08-A579cac07", "score": 14.8969846783924}
{"docno": "S87d0ccd3-A1c439f8d", "score": 14.885117274435384}
{"docno": "S35179721-A37e02b58", "score": 14.87130274638935}
{"docno": "S6b36928e-Ab6cbf04a", "score": 14.866872240278823}
{"docno": "S94b676c-A97d91864", "score": 14.863259553763605}
{"docno": "Sbe3c3dbd-A69834559", "score": 14.825600765946238}
{"docno": "Sb72509d-A5b17e156", "score": 14.82498035859891}
{"docno": "Sb2564ac-A1bdac8d", "score": 14.815318676435393}
{"docno": "Sd31537ce-Aed713ae", "score": 14.814926141571139}
{"docno": "Sddcd2e78-Acf5b3d3f", "score": 14.811721218588639}
{"docno": "Scf3ad40b-Ac8cc1729", "score": 14.811721218588639}
{"docno": "S66ec5f0a-Af21bb718", "score": 14.791219477322809}
{"docno": "S29e66283-A3372a973", "score": 14.78894363014163}
{"docno": "S36de12d5-A71886e1e", "score": 14.767361053910717}
{"docno": "Sbe3c3ddc-A1578c466", "score": 14.743579474423647}
{"docno": "S8f7cc685-Afcd4a3c5", "score": 14.741312098044492}
{"docno": "Sab52fe3f-Afb0f1532", "score": 14.716484490886874}
{"docno": "S924ff298-A14619b8f", "score": 14.705793914866865}
{"docno": "Scf3ad40b-A916d5088", "score": 14.705793914866865}
{"docno": "S94b6883-A402c8fa0", "score": 14.68445929130732}
{"docno": "S626e386a-Ab159d832", "score": 14.671120093563426}
{"docno": "Sd262e675-A181332ba", "score": 14.670446477554515}
{"docno": "S66ec5f48-Aba1e740d", "score": 14.625439415009053}
{"docno": "Sb24a50c9-A651ef717", "score": 14.62146293078183}
{"docno": "Sf4fc3e13-A1ae20755", "score": 14.619414862810656}
{"docno": "Sf2b77005-Aea3c019e", "score": 14.58696785642828}
{"docno": "Sa4429b52-A1d668c9a", "score": 14.56707654284311}
{"docno": "Sb58881a1-Ad7117727", "score": 14.565416416608171}
{"docno": "S372de414-Aed5c384", "score": 14.551954798518526}
{"docno": "Sb24a50c9-A6e9f187", "score": 14.5328427007973}
{"docno": "S9b3bf6ac-A2f96928d", "score": 14.530739796761496}
{"docno": "Sbe3c3d22-Ab7def6e4", "score": 14.523219733422886}
{"docno": "S2d215538-Af3ef5e40", "score": 14.523219733422886}
{"docno": "S53ea1c8-A452a204d", "score": 14.518894286940267}
{"docno": "Sb5591233-Ae45f813d", "score": 14.503775493005543}
{"docno": "Sdaa1bf82-A4c8a0cd0", "score": 14.498420501702372}
{"type": "toggleArgument", "timestamp": "2025-06-26T12:53:59.846Z", "sessionID": "93d0dc0b-4d15-49e5-87fb-896e5316da68", "rank": "1", "doc": "S1799ef5d-A307868df", "action": "expand", "doclen": 1893, "score": 20.886841369418132}
{"type": "toggleArgument", "timestamp": "2025-06-26T12:54:09.373Z", "sessionID": "93d0dc0b-4d15-49e5-87fb-896e5316da68", "rank": "2", "doc": "Sdddbe3de-Addae4651", "action": "expand", "doclen": 1996, "score": 17.952784519158524}
{"type": "toggleArgument", "timestamp": "2025-06-26T12:54:30.078Z", "sessionID": "93d0dc0b-4d15-49e5-87fb-896e5316da68", "rank": "3", "doc": "S951b2ce-A9916884f", "action": "expand", "doclen": 1828, "score": 20.12427862620945}
{"type": "StanceClicked", "timestamp": "2025-06-26T12:54:48.734Z", "sessionID": "93d0dc0b-4d15-49e5-87fb-896e5316da68", "rank": "3", "stance": "con", "action": "chooseStance", "doc": "S951b2ce-A9916884f", "doclen": 1828, "score": 20.12427862620945}
{"type": "toggleArgument", "timestamp": "2025-06-26T12:54:52.101Z", "sessionID": "93d0dc0b-4d15-49e5-87fb-896e5316da68", "rank": "4", "doc": "Sd0d42864-Ae05d9a21", "action": "expand", "doclen": 797, "score": 18.851616097865907}
{"type": "StanceClicked", "timestamp": "2025-06-26T12:54:57.678Z", "sessionID": "93d0dc0b-4d15-49e5-87fb-896e5316da68", "rank": "4", "stance": "con", "action": "chooseStance", "doc": "Sd0d42864-Ae05d9a21", "doclen": 797, "score": 18.851616097865907}
{"type": "toggleArgument", "timestamp": "2025-06-26T12:54:59.390Z", "sessionID": "93d0dc0b-4d15-49e5-87fb-896e5316da68", "rank": "5", "doc": "Se410cf7a-Ae3273c0b", "action": "expand", "doclen": 2938, "score": 21.12660210976952}
{"type": "StanceClicked", "timestamp": "2025-06-26T12:55:48.046Z", "sessionID": "93d0dc0b-4d15-49e5-87fb-896e5316da68", "rank": "5", "stance": "con", "action": "chooseStance", "doc": "Se410cf7a-Ae3273c0b", "doclen": 2938, "score": 21.12660210976952}
{"type": "toggleArgument", "timestamp": "2025-06-26T12:55:52.734Z", "sessionID": "93d0dc0b-4d15-49e5-87fb-896e5316da68", "rank": "8", "doc": "S7c83e847-A7d44dba0", "action": "expand", "doclen": 450, "score": 15.642002804459946}
{"type": "queryBoxFocused", "timestamp": "2025-06-26T12:56:07.633Z", "sessionID": "93d0dc0b-4d15-49e5-87fb-896e5316da68"}
{"type": "querySubmitted", "timestamp": "2025-06-26T12:56:18.231Z", "sessionID": "93d0dc0b-4d15-49e5-87fb-896e5316da68", "query": "sex work decriminalization"}
{"docno": "S10dba703-A5e4daff7", "score": 24.572376650570476}
{"docno": "S94b6b4c-A4a7acced", "score": 24.429065711758742}
{"docno": "S1d966a98-Aa76947c9", "score": 23.33558614472481}
{"docno": "Sf50a5334-A9598f3d2", "score": 19.65303109380096}
{"docno": "Scdf789bc-Ae359f02b", "score": 19.227258245438204}
{"docno": "S1d966a98-A886a795f", "score": 18.76959561303881}
{"docno": "S643ea454-A50e546e6", "score": 18.681502567773325}
{"docno": "S9cfc5aae-Ab636fda0", "score": 18.120014884412075}
{"docno": "S6231a70a-A8fb6d972", "score": 17.702671837167117}
{"docno": "Scdf789bc-Adba79f3f", "score": 17.685446072861176}
{"docno": "S79e24998-A95277ff1", "score": 17.487770121923226}
{"docno": "Sb2564ac-A1bdac8d", "score": 17.397465106770152}
{"docno": "Scdf789bc-Aee5bcf79", "score": 17.280834575145626}
{"docno": "Sae9c57ab-Ab625ff60", "score": 17.253481162694513}
{"docno": "S7c83e847-A82f46229", "score": 17.211303473277106}
{"docno": "Sb72509d-A952436dc", "score": 17.19256466996509}
{"docno": "Sb1f382a5-A3e6f4456", "score": 17.167370821686813}
{"docno": "Sf50a5334-A950c6a49", "score": 17.156691667754725}
{"docno": "Sb96bcaa-Af09a6844", "score": 17.15198426632347}
{"docno": "S59ca3278-A378e22ae", "score": 17.10199221897603}
{"docno": "S6cdf2f0a-A35a475fe", "score": 17.039918595088473}
{"docno": "S2fc94acb-A8f0dde1", "score": 16.967778865896243}
{"docno": "S54c0f27d-Ac24a505d", "score": 16.93308385043767}
{"docno": "S59ca3278-A91fe7142", "score": 16.85273986260261}
{"docno": "S59ca3278-Adb6d8b26", "score": 16.813038815111582}
{"docno": "Sbfd78caa-A53a356ce", "score": 16.71970041229383}
{"docno": "Sb075eec1-A2657ac58", "score": 16.582606768310676}
{"docno": "S68393905-Af94f222f", "score": 16.5259861857111}
{"docno": "Se82f9fac-A6b2ba3d7", "score": 16.511627979724228}
{"docno": "S9cfc5aae-A7b4a780a", "score": 16.421444628890853}
{"docno": "Sbe3c3dbd-A42dfff52", "score": 16.40045911028157}
{"docno": "Se5ccda7-A8583a49f", "score": 15.917365254853692}
{"docno": "S8c64bcd7-Aa39b5216", "score": 15.911288088855072}
{"docno": "Scdf789bc-A86a018ea", "score": 15.911288088855072}
{"docno": "Sd3a60001-A49691483", "score": 15.725117190595558}
{"docno": "Sf50a5334-Adae50d73", "score": 15.695013072857641}
{"docno": "S35ff4ca-A9d5c3d41", "score": 15.605340296888427}
{"docno": "S59ca3278-Afaffca91", "score": 15.53860178748861}
{"docno": "S643ea454-A3711351e", "score": 15.53860178748861}
{"docno": "S114a8d69-A9fee08bf", "score": 15.393436386604657}
{"docno": "S1d966a98-A6ecb037d", "score": 15.346532125476378}
{"docno": "Sb14ffcd0-A69c98a3e", "score": 15.299694395270445}
{"docno": "Sa2fd8d2f-Af81563f9", "score": 15.223975235361868}
{"docno": "S5d3c6c93-A5bae6b07", "score": 15.068022206202077}
{"docno": "S643ea454-A80297a0a", "score": 15.016605221939034}
{"docno": "S2a95f892-Aed9e91a0", "score": 14.968081119762672}
{"docno": "S72f5af83-Ad9f2dd6", "score": 14.843261450573422}
{"docno": "S2a95f892-A8b34eda8", "score": 14.791632671700928}
{"docno": "S114a8d4a-A7d0f5b49", "score": 14.788752098916852}
{"docno": "S114a8d69-A7d0f5b49", "score": 14.788752098916852}
{"docno": "S41dbdb8b-A451f4964", "score": 14.70402343710478}
{"docno": "S57a9cc60-A29c3c125", "score": 14.700653442995204}
{"docno": "Sa2fd8d2f-Aa25764c7", "score": 14.650343647098946}
{"docno": "Sb14ffcd0-A31582eae", "score": 14.630241620556601}
{"docno": "S97f9c89a-A41a4f354", "score": 14.625107392678833}
{"docno": "Sf50a5334-Ab7aecf0e", "score": 14.552562244212734}
{"docno": "S1d966a98-A8e835218", "score": 14.51841750837656}
{"docno": "Sda3e1d49-A90eb1c8", "score": 14.488754202748753}
{"docno": "S9b3bf6ac-A8be67471", "score": 14.470677035375312}
{"docno": "S4a009e8b-Afcc56325", "score": 14.437725588812587}
{"docno": "Sb72509d-A1220d5d7", "score": 14.39476054449666}
{"docno": "Sd96100a5-Aee4fc2de", "score": 14.39467843671327}
{"docno": "S74e9156e-Ab0e0b2c5", "score": 14.309640391493327}
{"docno": "S2a95f892-A888dda76", "score": 14.187409888271386}
{"docno": "S95037c39-Aaa0c87da", "score": 14.146006667651623}
{"docno": "Sa2fd8d2f-Ac0d18b4d", "score": 14.114894588044146}
{"docno": "S5a868245-A2c888ef7", "score": 14.114741739632963}
{"docno": "S20e6aeeb-Affaf524b", "score": 14.109780754915075}
{"docno": "Sa2fd8d2f-A7c6e0e18", "score": 13.982616426905974}
{"docno": "S643ea454-A2e0aaa31", "score": 13.943751304588865}
{"docno": "Se4a8fb2b-A332930b7", "score": 13.909596053414903}
{"docno": "S3f7340ce-A398bbaf9", "score": 13.807348072719847}
{"docno": "S7d9eb46d-A3a86a700", "score": 13.719629262985102}
{"docno": "S430da9da-Af9bf8bca", "score": 13.691721112838582}
{"docno": "Sc3cf4782-Ac33c484f", "score": 13.53652870782348}
{"docno": "Sa724cea4-A4b544590", "score": 13.531310913493444}
{"docno": "S94b6883-A305a9785", "score": 13.453934279572017}
{"docno": "S94b6b2d-A305a9785", "score": 13.453934279572017}
{"docno": "S94b6864-A305a9785", "score": 13.453934279572017}
{"docno": "Sbcbfe5f6-A992bae1", "score": 13.42855673642358}
{"docno": "Saff75a5f-A895e8ad9", "score": 13.371082052692037}
{"docno": "S7c214e69-A74ac8e19", "score": 13.349780707885373}
{"docno": "S6353b9ac-Aaec2c23", "score": 13.345178802644362}
{"docno": "S2d75e907-A98218df7", "score": 13.308272400754465}
{"docno": "S20e6aeeb-A91dcc069", "score": 13.291903101321838}
{"docno": "Sa2fd8d2f-Ab7596733", "score": 13.234734879656287}
{"docno": "Sb075eec1-Aed522e33", "score": 13.220990487556392}
{"docno": "S471f6ceb-A72723acc", "score": 13.196603242997732}
{"docno": "S633571e8-A4cd229c6", "score": 13.187160333826522}
{"docno": "Sa2fd8d2f-Ae76113c1", "score": 13.089837308661975}
{"docno": "Sbfd78caa-Ad4563db9", "score": 13.086437738182356}
{"docno": "S3f13792b-Abbef8e07", "score": 13.086437738182356}
{"docno": "S885c6b4f-A2e4e0039", "score": 13.056281067201233}
{"docno": "S58c7735e-Afd1bc3d4", "score": 13.00500751797319}
{"docno": "Sc25a3019-Aeb72328d", "score": 12.974329481172715}
{"docno": "S872d6c54-A67d875ad", "score": 12.974329481172715}
{"docno": "Sa2fd8d2f-A56caa7c6", "score": 12.972203700630036}
{"docno": "S3932725d-A20ee0a32", "score": 12.957896695366324}
{"docno": "Sa2fd8d2f-Afa62c02", "score": 12.869895501390552}
{"docno": "Sa2fd8d2f-A6330519d", "score": 12.860583891567313}
{"type": "toggleArgument", "timestamp": "2025-06-26T12:56:23.239Z", "sessionID": "93d0dc0b-4d15-49e5-87fb-896e5316da68", "rank": "2", "doc": "S94b6b4c-A4a7acced", "action": "expand", "doclen": 1463, "score": 20.386533489668327}
{"type": "toggleArgument", "timestamp": "2025-06-26T12:56:45.318Z", "sessionID": "93d0dc0b-4d15-49e5-87fb-896e5316da68", "rank": "3", "doc": "S1d966a98-Aa76947c9", "action": "expand", "doclen": 409, "score": 8.167840774552587}
{"type": "toggleArgument", "timestamp": "2025-06-26T12:56:54.022Z", "sessionID": "93d0dc0b-4d15-49e5-87fb-896e5316da68", "rank": "5", "doc": "Scdf789bc-Ae359f02b", "action": "expand", "doclen": 516, "score": 28.214171820836206}
{"type": "queryBoxFocused", "timestamp": "2025-06-26T12:57:05.385Z", "sessionID": "93d0dc0b-4d15-49e5-87fb-896e5316da68"}
{"type": "querySubmitted", "timestamp": "2025-06-26T12:57:11.975Z", "sessionID": "93d0dc0b-4d15-49e5-87fb-896e5316da68", "query": "sex work legal"}
{"docno": "S2a95f892-A8b34eda8", "score": 22.18945457558639}
{"docno": "S2a95f892-Aed9e91a0", "score": 22.163767095666824}
{"docno": "S2a95f892-A888dda76", "score": 21.821659659585592}
{"docno": "S2d75e907-A98218df7", "score": 20.820491485278758}
{"docno": "Sa2fd8d2f-Af81563f9", "score": 20.15612646902773}
{"docno": "Sa2fd8d2f-Aa25764c7", "score": 20.036673993774777}
{"docno": "Sa2fd8d2f-Ae76113c1", "score": 19.80163249866509}
{"docno": "Sa2fd8d2f-Ac0d18b4d", "score": 19.396995428556508}
{"docno": "S20e6aeeb-Affaf524b", "score": 19.39188159542744}
{"docno": "Sa2fd8d2f-Afa62c02", "score": 18.843747082518295}
{"docno": "Sa2fd8d2f-Ab2360086", "score": 18.730932730545995}
{"docno": "S10dba703-Ac7c9a8a", "score": 18.678630857214436}
{"docno": "Sea2e1afd-A7b809e2e", "score": 18.66708582276776}
{"docno": "Sb2564ac-A1bdac8d", "score": 18.48552353558246}
{"docno": "Sa2fd8d2f-A6330519d", "score": 18.430081897039184}
{"docno": "S20e6aeeb-A91dcc069", "score": 18.37568792282449}
{"docno": "S633571e8-A4cd229c6", "score": 18.367423533165148}
{"docno": "S89c53180-A8aadeeb8", "score": 18.23045668421569}
{"docno": "S7c83e847-A82f46229", "score": 17.882435765172776}
{"docno": "Sab52fe3f-A519eb99", "score": 17.742576211142552}
{"docno": "Sfc2305a5-Afc0d34b9", "score": 17.710633827777787}
{"docno": "Sb2bab33e-Aab43de39", "score": 17.67627022278828}
{"docno": "Sf2b76fe6-A994e930", "score": 17.303304346982326}
{"docno": "Sf2b76fc7-Aaa72c47c", "score": 17.303304346982326}
{"docno": "S10dba703-A5e4daff7", "score": 17.234602480906233}
{"docno": "Sa31d5bea-Af49a2724", "score": 17.15546650578532}
{"docno": "S94b6b4c-A4a7acced", "score": 16.92235027155337}
{"docno": "Sab52fe3f-A65cb75b4", "score": 16.77587357000266}
{"docno": "Sf2b77005-Aea3c019e", "score": 16.69606353607638}
{"docno": "S2fc94acb-Adef29a3f", "score": 16.65187859658598}
{"docno": "S1637a779-A546e9161", "score": 16.646697576601373}
{"docno": "S57e0369e-Ab72d42e2", "score": 16.626573601603543}
{"docno": "Sddcd2e78-Acf5b3d3f", "score": 16.476478025992098}
{"docno": "Sc95f87de-A3ecd0420", "score": 16.439283838493274}
{"docno": "S63357226-A2e59041f", "score": 16.43435144420046}
{"docno": "S46e8b33d-Aa3d015d7", "score": 16.348534977413458}
{"docno": "S8b3084f3-A6d90b8f", "score": 16.26498350486813}
{"docno": "S916a7c2f-Ac4b27971", "score": 16.13738023827123}
{"docno": "S20e6aeeb-A4f299d1e", "score": 16.126509762461932}
{"docno": "Seb1c8415-Ac180893f", "score": 16.0748911294888}
{"docno": "S7869df62-A4484bb0c", "score": 16.02901322907107}
{"docno": "Sc91960a0-Ac85d4172", "score": 16.018826057604567}
{"docno": "S63346ea5-A600c008d", "score": 16.000961762648092}
{"docno": "S2709758f-A401e1ae9", "score": 15.986833261549194}
{"docno": "S4366841b-A3a028eb", "score": 15.9049066638431}
{"docno": "Seba08afe-Ac4612ef", "score": 15.900538095380885}
{"docno": "S9f22a998-Ab4df3773", "score": 15.831303153581121}
{"docno": "Sfde34815-Abc2d111e", "score": 15.799271586007771}
{"docno": "Sd01dadc7-A36f2d47e", "score": 15.760648377911142}
{"docno": "S2d75e907-Ac8adc3ce", "score": 15.758898857437474}
{"docno": "S6e736fab-Aa2457235", "score": 15.758252033618225}
{"docno": "Sdaa1bf82-A984eddde", "score": 15.731323163323232}
{"docno": "S94b6b4c-A580dd0b7", "score": 15.728552055059867}
{"docno": "S630b4b6a-A7ae00a25", "score": 15.633097632578814}
{"docno": "S89c53180-A258cbefd", "score": 15.59323540543189}
{"docno": "Se811116c-Ac207cd5e", "score": 15.466504991542969}
{"docno": "Sa0ae451e-A8e8796d3", "score": 15.417058973460684}
{"docno": "S25961e7-Af274579", "score": 15.411505253261216}
{"docno": "S2709758f-A7432039c", "score": 15.378551659634912}
{"docno": "S25961e7-Aafc61a6e", "score": 15.353991301356594}
{"docno": "Scf3ad38f-Ac06067d9", "score": 15.326552202940135}
{"docno": "S2d28827a-A990fb741", "score": 15.295275827600289}
{"docno": "Se0d020b2-A92cef6ca", "score": 15.292678690964976}
{"docno": "S2709758f-A214592da", "score": 15.259910573114297}
{"docno": "Sb5591233-Ac4d62094", "score": 15.196393430543829}
{"docno": "Saae93639-A820a1fcb", "score": 15.173970077948088}
{"docno": "S20e6aeeb-A82ef5b22", "score": 15.122426713343547}
{"docno": "S1858b9a0-Af0bc3629", "score": 15.111796180224648}
{"docno": "S25961e7-A13af3c63", "score": 15.107349018443411}
{"docno": "Sfdc7da1-A45ec8f25", "score": 15.10698657021355}
{"docno": "S73560691-A3cd62a05", "score": 15.087305099152658}
{"docno": "S201214b2-A3c3f5284", "score": 15.087305099152658}
{"docno": "S630b4b6a-Ad84cad41", "score": 15.076341228349282}
{"docno": "S2ebf9bd8-A27b8377a", "score": 15.071941211871657}
{"docno": "Sb1077c8f-Ab22cb2e8", "score": 15.042966984214157}
{"docno": "S4366841b-A21b6a48d", "score": 15.036504274561244}
{"docno": "S65665e9-Ab77e504b", "score": 15.036482793260085}
{"docno": "S2fc94acb-A8f0dde1", "score": 15.030586779360167}
{"docno": "S9b3bf6ac-A7d1bdb9f", "score": 15.01954938667325}
{"docno": "S2709758f-A9aa5cb30", "score": 15.019049697592104}
{"docno": "Se4848164-A39341394", "score": 15.019049697592104}
{"docno": "S40f91664-A8724e059", "score": 15.000525821513905}
{"docno": "Sd9e8f5cb-Aa1f75fb3", "score": 14.971761794167293}
{"docno": "S916a7c2f-Ab21a459d", "score": 14.966451959899178}
{"docno": "Se2fed286-Ae8ac9e42", "score": 14.954252602968399}
{"docno": "S4366841b-Af165b2d0", "score": 14.952929918150065}
{"docno": "S3031c68a-A4e60768", "score": 14.943086117972637}
{"docno": "Se1f7dd3a-Ad7a2be22", "score": 14.910252176349715}
{"docno": "Sa2f192fd-A713ae807", "score": 14.907467643498439}
{"docno": "S9536fd54-Ad7747b", "score": 14.88262453969671}
{"docno": "S89c53180-Aad6ec0d6", "score": 14.852884487395228}
{"docno": "Sdd222a9b-A32668718", "score": 14.85035812009533}
{"docno": "S9b3bf6ac-A170be0fe", "score": 14.836782999504344}
{"docno": "S7f2875fd-Ab2072a56", "score": 14.823823028964544}
{"docno": "S916a7c2f-A3a7de8d7", "score": 14.794355899946595}
{"docno": "S429c46f4-Aa26f2f01", "score": 14.794355899946595}
{"docno": "S94b6b4c-A994a13eb", "score": 14.758225114498634}
{"docno": "Sce1272b8-A6647c725", "score": 14.758211427504975}
{"docno": "Sdddbe3de-A57e73221", "score": 14.739375922113794}
{"docno": "S105d8c2a-A674dd505", "score": 14.733694483372478}
{"type": "toggleArgument", "timestamp": "2025-06-26T12:57:14.047Z", "sessionID": "93d0dc0b-4d15-49e5-87fb-896e5316da68", "rank": "1", "doc": "S2a95f892-A8b34eda8", "action": "expand", "doclen": 2601, "score": 14.791632671700928}
{"type": "toggleArgument", "timestamp": "2025-06-26T12:57:47.999Z", "sessionID": "93d0dc0b-4d15-49e5-87fb-896e5316da68", "rank": "2", "doc": "S2a95f892-Aed9e91a0", "action": "expand", "doclen": 1425, "score": 19.256365359637016}
{"type": "StanceClicked", "timestamp": "2025-06-26T12:57:57.463Z", "sessionID": "93d0dc0b-4d15-49e5-87fb-896e5316da68", "rank": "2", "stance": "pro", "action": "chooseStance", "doc": "S2a95f892-Aed9e91a0", "doclen": 1425, "score": 19.256365359637016}
{"type": "toggleArgument", "timestamp": "2025-06-26T12:57:59.751Z", "sessionID": "93d0dc0b-4d15-49e5-87fb-896e5316da68", "rank": "4", "doc": "S2d75e907-A98218df7", "action": "expand", "doclen": 851, "score": 21.50976431586799}
{"type": "toggleArgument", "timestamp": "2025-06-26T12:58:14.023Z", "sessionID": "93d0dc0b-4d15-49e5-87fb-896e5316da68", "rank": "3", "doc": "S2a95f892-A888dda76", "action": "expand", "doclen": 2386, "score": 22.614478631089256}
{"type": "toggleArgument", "timestamp": "2025-06-26T12:58:19.183Z", "sessionID": "93d0dc0b-4d15-49e5-87fb-896e5316da68", "rank": "5", "doc": "Sa2fd8d2f-Af81563f9", "action": "expand", "doclen": 1411, "score": 19.092320707249286}
{"type": "StanceClicked", "timestamp": "2025-06-26T12:58:37.647Z", "sessionID": "93d0dc0b-4d15-49e5-87fb-896e5316da68", "rank": "5", "stance": "pro", "action": "chooseStance", "doc": "Sa2fd8d2f-Af81563f9", "doclen": 1411, "score": 19.092320707249286}
{"type": "toggleArgument", "timestamp": "2025-06-26T12:58:41.183Z", "sessionID": "93d0dc0b-4d15-49e5-87fb-896e5316da68", "rank": "6", "doc": "Sa2fd8d2f-Aa25764c7", "action": "expand", "doclen": 1039, "score": 19.01764527210432}
{"type": "toggleArgument", "timestamp": "2025-06-26T12:58:48.343Z", "sessionID": "93d0dc0b-4d15-49e5-87fb-896e5316da68", "rank": "8", "doc": "Sa2fd8d2f-Ac0d18b4d", "action": "expand", "doclen": 1135, "score": 14.114894588044146}
{"type": "StanceClicked", "timestamp": "2025-06-26T12:58:58.007Z", "sessionID": "93d0dc0b-4d15-49e5-87fb-896e5316da68", "rank": "8", "stance": "pro", "action": "chooseStance", "doc": "Sa2fd8d2f-Ac0d18b4d", "doclen": 1135, "score": 14.114894588044146}
{"type": "toggleArgument", "timestamp": "2025-06-26T12:59:00.735Z", "sessionID": "93d0dc0b-4d15-49e5-87fb-896e5316da68", "rank": "9", "doc": "S20e6aeeb-Affaf524b", "action": "expand", "doclen": 1275, "score": 14.109780754915075}
{"type": "queryBoxFocused", "timestamp": "2025-06-26T12:59:10.145Z", "sessionID": "93d0dc0b-4d15-49e5-87fb-896e5316da68"}
{"type": "querySubmitted", "timestamp": "2025-06-26T12:59:18.328Z", "sessionID": "93d0dc0b-4d15-49e5-87fb-896e5316da68", "query": "sex work feminis"}
{"docno": "Sa2fd8d2f-Af81563f9", "score": 15.223975235361868}
{"docno": "S2a95f892-Aed9e91a0", "score": 14.968081119762672}
{"docno": "S2a95f892-A8b34eda8", "score": 14.791632671700928}
{"docno": "S57a9cc60-A29c3c125", "score": 14.700653442995204}
{"docno": "Sa2fd8d2f-Aa25764c7", "score": 14.650343647098946}
{"docno": "Sda3e1d49-A90eb1c8", "score": 14.488754202748753}
{"docno": "S4a009e8b-Afcc56325", "score": 14.437725588812587}
{"docno": "S2a95f892-A888dda76", "score": 14.187409888271386}
{"docno": "S95037c39-Aaa0c87da", "score": 14.146006667651623}
{"docno": "Sa2fd8d2f-Ac0d18b4d", "score": 14.114894588044146}
{"docno": "S20e6aeeb-Affaf524b", "score": 14.109780754915075}
{"docno": "Sa2fd8d2f-A7c6e0e18", "score": 13.982616426905974}
{"docno": "S7d9eb46d-A3a86a700", "score": 13.719629262985102}
{"docno": "S430da9da-Af9bf8bca", "score": 13.691721112838582}
{"docno": "S94b6883-A305a9785", "score": 13.453934279572017}
{"docno": "S94b6b2d-A305a9785", "score": 13.453934279572017}
{"docno": "S94b6864-A305a9785", "score": 13.453934279572017}
{"docno": "Sbcbfe5f6-A992bae1", "score": 13.42855673642358}
{"docno": "Saff75a5f-A895e8ad9", "score": 13.371082052692037}
{"docno": "S6353b9ac-Aaec2c23", "score": 13.345178802644362}
{"docno": "S2d75e907-A98218df7", "score": 13.308272400754465}
{"docno": "S20e6aeeb-A91dcc069", "score": 13.291903101321838}
{"docno": "Sa2fd8d2f-Ab7596733", "score": 13.234734879656287}
{"docno": "S471f6ceb-A72723acc", "score": 13.196603242997732}
{"docno": "S633571e8-A4cd229c6", "score": 13.187160333826522}
{"docno": "Sa2fd8d2f-Ae76113c1", "score": 13.089837308661975}
{"docno": "S885c6b4f-A2e4e0039", "score": 13.056281067201233}
{"docno": "Sa2fd8d2f-A56caa7c6", "score": 12.972203700630036}
{"docno": "S3932725d-A20ee0a32", "score": 12.957896695366324}
{"docno": "Sa2fd8d2f-Afa62c02", "score": 12.869895501390552}
{"docno": "Sa2fd8d2f-A6330519d", "score": 12.860583891567313}
{"docno": "Sb65d52b3-Af7721129", "score": 12.808285383692553}
{"docno": "Sa2fd8d2f-Ab2360086", "score": 12.80034467810021}
{"docno": "Sac7bbc56-A77aa9bc", "score": 12.7778918611197}
{"docno": "Sa2fd8d2f-A4c77577f", "score": 12.77456818205774}
{"docno": "Sb187d6df-Aff7bbe06", "score": 12.738833854859056}
{"docno": "Sa2fd8d2f-Ac7e7bc74", "score": 12.738833854859056}
{"docno": "Sd202a787-Ab6e43184", "score": 12.71940586043669}
{"docno": "S6de6e86f-Afd14c324", "score": 12.568745530655487}
{"docno": "Sa2fd8d2f-A6ec78ab4", "score": 12.486855023130179}
{"docno": "S3e7f1d80-A1d5c4646", "score": 12.465483724575407}
{"docno": "Sa018e239-Abb5228ea", "score": 12.416124439829634}
{"docno": "Sb18610a6-Ad8d23adb", "score": 12.325410214782705}
{"docno": "S5c53b9f9-Af87a404e", "score": 12.264131737607617}
{"docno": "Sabdaba01-A728669d1", "score": 12.251373241076688}
{"docno": "S20e6aeeb-A4f299d1e", "score": 12.19102012452182}
{"docno": "Sbc8ae5e2-Ab301c828", "score": 12.189536590682472}
{"docno": "S9358f570-A5f558dc7", "score": 12.185119875296694}
{"docno": "S9f03dec5-A8bf4cf62", "score": 12.154283958230762}
{"docno": "Sb2bab33e-Aab43de39", "score": 12.14617962174846}
{"docno": "S641065db-A8039299", "score": 12.14617962174846}
{"docno": "Sbc8ae5e2-Acb90af14", "score": 12.13336414135115}
{"docno": "S3932725d-A4c8f3fea", "score": 12.127764764686916}
{"docno": "Sd775380b-Aac53c616", "score": 12.094228154125576}
{"docno": "S14d1b3c9-A7afa690", "score": 12.09188107836845}
{"docno": "S20e6aeeb-Abfb08333", "score": 12.09188107836845}
{"docno": "S8763b6a7-A53e2192c", "score": 12.049822314974787}
{"docno": "S1cfdb7cf-A77306460", "score": 12.02370744772453}
{"docno": "S1a38b742-A6fc350f8", "score": 12.02370744772453}
{"docno": "S89c53180-A8aadeeb8", "score": 11.935135344873816}
{"docno": "Seb1c8415-Ac180893f", "score": 11.919743147241952}
{"docno": "Sa2fd8d2f-A1386dabc", "score": 11.912752076155206}
{"docno": "Saae93639-Afa22c796", "score": 11.893784782802534}
{"docno": "Sea2e1afd-A7b809e2e", "score": 11.844793082127953}
{"docno": "Sfef5c9a5-A624e988c", "score": 11.835288001569669}
{"docno": "S99b18391-A61a8dda", "score": 11.814223966347372}
{"docno": "Se44a7882-Ab5beb343", "score": 11.783906890945056}
{"docno": "S7fa981cc-Ad0d627fe", "score": 11.763624268302841}
{"docno": "Sa2fd8d2f-A817282ee", "score": 11.758661702354846}
{"docno": "Sa0d5ec5a-Aa7cdfd78", "score": 11.709161357139525}
{"docno": "Sdf2931dd-A9b45d81f", "score": 11.709161357139525}
{"docno": "Seba08afe-A420ffe9", "score": 11.690734126627246}
{"docno": "S47ca9465-A7b3d09c5", "score": 11.684121091647743}
{"docno": "S94b6b4c-A4a7acced", "score": 11.674101936487178}
{"docno": "S19dd953-Ac41e883a", "score": 11.671669105174836}
{"docno": "Se44a7882-Af5f1f9b4", "score": 11.665829045167191}
{"docno": "S14ef2ab7-Af20a1fd0", "score": 11.640502341107338}
{"docno": "Sbd04c244-A6e986a09", "score": 11.637271314206984}
{"docno": "S878e2e96-A53f6a426", "score": 11.624835201313193}
{"docno": "Sd31537ce-Ab100b6dd", "score": 11.614757417458971}
{"docno": "S10dba703-Ac7c9a8a", "score": 11.60445561889699}
{"docno": "Sffa7e198-A103dd4aa", "score": 11.595253771514923}
{"docno": "S4f85f274-Ad69696aa", "score": 11.579076666178752}
{"docno": "Sf2b76fe6-A994e930", "score": 11.54690696775089}
{"docno": "Sf2b76fc7-Aaa72c47c", "score": 11.54690696775089}
{"docno": "S6353b9ac-Af9640665", "score": 11.51660323926277}
{"docno": "S20e6aeeb-A82ef5b22", "score": 11.516222454779845}
{"docno": "Sffa7e198-A811f8367", "score": 11.502574679471161}
{"docno": "Sa7b46cee-Ac6130730", "score": 11.487150552309336}
{"docno": "S6353b9ac-A9cb2062c", "score": 11.448282226142984}
{"docno": "Sfc0e8498-Afa66cf5d", "score": 11.42976516800072}
{"docno": "Sc95f87de-A3ecd0420", "score": 11.426135368564662}
{"docno": "S3d842e29-A9062efcd", "score": 11.393895038327347}
{"docno": "Sa7b46cee-A9c6a03d1", "score": 11.368777672959013}
{"docno": "Sab52fe3f-A65cb75b4", "score": 11.35559374505792}
{"docno": "S59c8f6b9-A55145112", "score": 11.35559374505792}
{"docno": "S89c53180-Aad6ec0d6", "score": 11.354521014593614}
{"docno": "S11b834b9-Aa352970f", "score": 11.349473331617107}
{"docno": "S1ae0a24f-A4d8d2681", "score": 11.348701051517345}
{"docno": "S6b229b30-Aa83bee", "score": 11.345097111236369}
{"type": "toggleArgument", "timestamp": "2025-06-26T12:59:22.383Z", "sessionID": "93d0dc0b-4d15-49e5-87fb-896e5316da68", "rank": "1", "doc": "Sa2fd8d2f-Af81563f9", "action": "expand", "doclen": 1411, "score": 19.092320707249286}
{"type": "toggleArgument", "timestamp": "2025-06-26T12:59:27.023Z", "sessionID": "93d0dc0b-4d15-49e5-87fb-896e5316da68", "rank": "2", "doc": "S2a95f892-Aed9e91a0", "action": "expand", "doclen": 1425, "score": 19.256365359637016}
{"type": "toggleArgument", "timestamp": "2025-06-26T12:59:32.159Z", "sessionID": "93d0dc0b-4d15-49e5-87fb-896e5316da68", "rank": "3", "doc": "S2a95f892-A8b34eda8", "action": "expand", "doclen": 2601, "score": 14.791632671700928}
{"type": "queryBoxFocused", "timestamp": "2025-06-26T12:59:34.106Z", "sessionID": "93d0dc0b-4d15-49e5-87fb-896e5316da68"}
{"type": "querySubmitted", "timestamp": "2025-06-26T12:59:39.976Z", "sessionID": "93d0dc0b-4d15-49e5-87fb-896e5316da68", "query": "prostitution feminism"}
{"docno": "S9ba8f518-A7b70e679", "score": 17.128970119163622}
{"docno": "Sa573c89e-A54114e15", "score": 16.6715325986559}
{"docno": "S33c2788e-Ae60cae36", "score": 16.58383465362138}
{"docno": "Sa724a386-Ad73c68ab", "score": 16.550333356953722}
{"docno": "Sb5cf2a9d-A7373b821", "score": 16.535226973487426}
{"docno": "Sb6f602ba-A70de49df", "score": 16.450636693590614}
{"docno": "Saf85c7f0-A8b2464ba", "score": 16.409173105101118}
{"docno": "Sd34f8a1c-Aaf47f9be", "score": 16.384836868282555}
{"docno": "Sed6254ae-Ac111fe53", "score": 16.384836868282555}
{"docno": "S1ed7c72-A51380e3c", "score": 16.31842729620047}
{"docno": "S66f0a2a5-A5d998a89", "score": 16.275771681052742}
{"docno": "See553e5f-Aaf9a8e01", "score": 16.223981092885907}
{"docno": "S289e712c-Aa2e5d97c", "score": 16.200579195632052}
{"docno": "Sf04880ca-Adc0f22b1", "score": 16.190558205143606}
{"docno": "Sa71bb013-A7dc4c6cf", "score": 16.16722403553774}
{"docno": "S8ab573a7-A3e2189d", "score": 16.15494316658112}
{"docno": "S90c1560d-A9a59605b", "score": 16.126818444751773}
{"docno": "Sa8bcebde-Af90c320a", "score": 16.11422553824193}
{"docno": "S7c83e847-A110c745d", "score": 16.00724404092643}
{"docno": "S10dba703-A5e4daff7", "score": 15.97892460697597}
{"docno": "S289e712c-Ad2ae7ef1", "score": 15.96686762896829}
{"docno": "Sa1a1a313-A36d443e2", "score": 15.945589831967169}
{"docno": "Sf5c4b983-Abbf7f91b", "score": 15.90762777237456}
{"docno": "S39956990-Add59ca8f", "score": 15.882419992644062}
{"docno": "S40ccbe04-A4e9ce58e", "score": 15.874687972671191}
{"docno": "S7bad8a10-A50e91062", "score": 15.847555795991346}
{"docno": "S7c83e847-A7d44dba0", "score": 15.823920875009499}
{"docno": "Sf04880ca-Ab55ae761", "score": 15.803390743204528}
{"docno": "S436cc21d-Ad0da327d", "score": 15.707566932497544}
{"docno": "Sa574449e-Ab839b8", "score": 15.702426936477638}
{"docno": "Se410cf7a-A280a848f", "score": 15.677316013456506}
{"docno": "S10dba703-A4021086d", "score": 15.66922623630766}
{"docno": "See553e5f-Aa0bb4ee9", "score": 15.665738860033272}
{"docno": "S4085bba4-Ad612a59c", "score": 15.652427266564153}
{"docno": "S5092b681-Adc4d6ecd", "score": 15.644868139612006}
{"docno": "Sab52fe3f-A65cb75b4", "score": 15.622958614351553}
{"docno": "Sb34a9339-A16045fcd", "score": 15.62022863033045}
{"docno": "S2d75e907-Ab6367c30", "score": 15.619409821160877}
{"docno": "S40451da7-A9e248c55", "score": 15.60392761860041}
{"docno": "Sdddbe3de-A59edeae5", "score": 15.60318339934945}
{"docno": "S56b51d1f-Abc2f35d1", "score": 15.58714521659595}
{"docno": "Sfc171652-A8c7cc9aa", "score": 15.568632635171273}
{"docno": "S8ab573a7-A88cc309", "score": 15.5668667954403}
{"docno": "S7b3c548e-A72e23a7a", "score": 15.5668667954403}
{"docno": "S94aebaa-Aa54d1476", "score": 15.548597624419532}
{"docno": "S87d0ccd3-A9ce68c1e", "score": 15.547516787886561}
{"docno": "Sadc8df73-A8ff4b6fe", "score": 15.546827712057201}
{"docno": "S94b6b4c-A21a85343", "score": 15.534598182416275}
{"docno": "S94b6b4c-A15f19060", "score": 15.528944357993483}
{"docno": "S2709758f-A7432039c", "score": 15.527489512281443}
{"docno": "S5325ca9a-A5bdc60a5", "score": 15.520979408249016}
{"docno": "S5325ca9a-A34ceccf4", "score": 15.504320686663728}
{"docno": "Scf3ad3ec-Abb81cdd4", "score": 15.502385509017756}
{"docno": "Sa574449e-A83d3d503", "score": 15.49327079025952}
{"docno": "Saae93639-A50c99d2c", "score": 15.490785961459023}
{"docno": "Sf26ab52f-A484804b5", "score": 15.48953435913256}
{"docno": "S286347c6-Ae3570a67", "score": 15.471777000248974}
{"docno": "Sa5744840-Afafbe119", "score": 15.457429458159481}
{"docno": "S582aa5d7-A6979f5f6", "score": 15.457429458159481}
{"docno": "S94b6b4c-Aceeaab49", "score": 15.412904455720376}
{"docno": "S95b52baa-Afb80f20", "score": 15.407130334392448}
{"docno": "S94b6b4c-A580dd0b7", "score": 15.399535066174186}
{"docno": "Sa25ea419-Aa9ca8ead", "score": 15.39932107988608}
{"docno": "S58074c90-A30927e08", "score": 15.397872556663785}
{"docno": "S286347c6-A58ad6172", "score": 15.390695363588845}
{"docno": "Sf26ab52f-A38724e49", "score": 15.366123308868282}
{"docno": "Sab52fe20-Ab7cf312f", "score": 15.358369763637262}
{"docno": "S5aab4285-A7f83a483", "score": 15.346060783248635}
{"docno": "S8dc2f83-A8a1c1428", "score": 15.337318393237727}
{"docno": "S5aab4285-Aa7188b31", "score": 15.337318393237727}
{"docno": "S9b3bf6ac-A8be67471", "score": 15.316472135481675}
{"docno": "Sa574449e-Aa214b7b9", "score": 15.311150885930553}
{"docno": "S3180697a-A26af1705", "score": 15.305316429939545}
{"docno": "S66ec5f0a-A87c910a", "score": 15.301263837712256}
{"docno": "S87d0ccd3-A66b99a31", "score": 15.295447257937452}
{"docno": "S10dba703-Ac7c9a8a", "score": 15.29322246919194}
{"docno": "S8ab573a7-Ad2ac6a6d", "score": 15.284405206990687}
{"docno": "S94b6b4c-A379a3f61", "score": 15.28389930774252}
{"docno": "S80425244-A4913ee3a", "score": 15.2658718917681}
{"docno": "Sa5744840-Aec7b2fd3", "score": 15.262591779858225}
{"docno": "S94b6b4c-A994a13eb", "score": 15.258426384809598}
{"docno": "S98e41203-A80cfbfac", "score": 15.241075660498572}
{"docno": "Sd97c35d5-A5530bc1a", "score": 15.237691395266026}
{"docno": "Sd34f8a1c-Abf27e4bf", "score": 15.225064295212645}
{"docno": "S66ec5f29-Ad818562d", "score": 15.216680727838837}
{"docno": "Sa574449e-Ae6fef54a", "score": 15.216359851232877}
{"docno": "S9905abb9-A2eb9eaae", "score": 15.216359851232877}
{"docno": "S87d0ccd3-Aacd72ab2", "score": 15.207734419486894}
{"docno": "S98c01753-Af7500b26", "score": 15.199337569826325}
{"docno": "Sab52fe3f-Ac51fbaf1", "score": 15.197154522547496}
{"docno": "Sbbe2f561-Ad1a1e8ad", "score": 15.155739494763635}
{"docno": "S94b6b4c-A4a7acced", "score": 15.138285154602135}
{"docno": "S94b67aa-Afebbe4e1", "score": 15.124787640226979}
{"docno": "Sbed8bb66-Ab8c810e9", "score": 15.122735293769157}
{"docno": "Sd1002c17-A28f7eab3", "score": 15.108306745045557}
{"docno": "Se315eb8e-A901d438e", "score": 15.093251690834041}
{"docno": "Sfc171652-Ad308a622", "score": 15.084898692298626}
{"docno": "Sab52fe3f-A519eb99", "score": 15.082465957650735}
{"docno": "S5885d577-A8679d9ab", "score": 15.076353736008288}
{"docno": "Sbe3c3ddc-Ae3be1715", "score": 15.07377530026025}
{"type": "toggleArgument", "timestamp": "2025-06-26T12:59:41.679Z", "sessionID": "93d0dc0b-4d15-49e5-87fb-896e5316da68", "rank": "1", "doc": "S9ba8f518-A7b70e679", "action": "expand", "doclen": 1052, "score": 17.128970119163622}
{"type": "pageNavigationClicked", "timestamp": "2025-06-26T12:59:52.679Z", "sessionID": "93d0dc0b-4d15-49e5-87fb-896e5316da68", "clicked": "2", "fromPage": 1, "toPage": 2}
{"type": "toggleArgument", "timestamp": "2025-06-26T13:00:00.007Z", "sessionID": "93d0dc0b-4d15-49e5-87fb-896e5316da68", "rank": "19", "doc": "S7c83e847-A110c745d", "action": "expand", "doclen": 1908, "score": 23.965227349642987}
{"type": "toggleArgument", "timestamp": "2025-06-26T13:00:09.887Z", "sessionID": "93d0dc0b-4d15-49e5-87fb-896e5316da68", "rank": "20", "doc": "S10dba703-A5e4daff7", "action": "expand", "doclen": 1034, "score": 24.35110465649268}
{"type": "pageNavigationClicked", "timestamp": "2025-06-26T13:00:15.295Z", "sessionID": "93d0dc0b-4d15-49e5-87fb-896e5316da68", "clicked": "3", "fromPage": 2, "toPage": 3}
{"type": "toggleArgument", "timestamp": "2025-06-26T13:00:30.463Z", "sessionID": "93d0dc0b-4d15-49e5-87fb-896e5316da68", "rank": "29", "doc": "S436cc21d-Ad0da327d", "action": "expand", "doclen": 747, "score": 23.10612723305406}
{"type": "pageNavigationClicked", "timestamp": "2025-06-26T13:00:37.991Z", "sessionID": "93d0dc0b-4d15-49e5-87fb-896e5316da68", "clicked": "4", "fromPage": 3, "toPage": 4}
{"type": "queryBoxFocused", "timestamp": "2025-06-26T13:00:38.860Z", "sessionID": "93d0dc0b-4d15-49e5-87fb-896e5316da68"}
{"type": "querySubmitted", "timestamp": "2025-06-26T13:00:45.048Z", "sessionID": "93d0dc0b-4d15-49e5-87fb-896e5316da68", "query": "prostitution choice"}
{"docno": "S87d0ccd3-Ac4e2b870", "score": 23.215242625107607}
{"docno": "Sab52fe3f-A65cb75b4", "score": 21.402622532195235}
{"docno": "S1fbfac08-A579cac07", "score": 21.088415589957048}
{"docno": "S6b36928e-Ab6cbf04a", "score": 21.02658918788518}
{"docno": "S87d0ccd3-A43c7146c", "score": 20.585929482148593}
{"docno": "S10dba703-A4021086d", "score": 20.50599175818262}
{"docno": "S10dba703-A5e4daff7", "score": 20.216077479768348}
{"docno": "S936e7b82-A58d5f657", "score": 20.024820810658092}
{"docno": "Scf3ad40b-A4958f53a", "score": 19.989676898060328}
{"docno": "S1fbfac08-Aca54cb7a", "score": 19.912406745670033}
{"docno": "Scf3ad40b-A291c89c1", "score": 19.570198506590867}
{"docno": "S7c83e847-A82f46229", "score": 19.441423790362382}
{"docno": "Sdddbe3de-Addae4651", "score": 19.3384028261235}
{"docno": "Sf4fc3e13-Ae03ce8d7", "score": 19.176519504979513}
{"docno": "S94b6b4c-A4a7acced", "score": 19.01776204568587}
{"docno": "S1fbfac08-Ab033edbb", "score": 18.95520290206904}
{"docno": "S1fbfac08-A6783a070", "score": 18.91301328764283}
{"docno": "S1fbfac08-Aacab97c1", "score": 18.911413074753355}
{"docno": "Scf3ad40b-Ab42da4f1", "score": 18.73080689288824}
{"docno": "S87d0ccd3-A19865eb9", "score": 18.585697441886087}
{"docno": "Sf26ab52f-Acb6c6f6a", "score": 18.562597043311463}
{"docno": "S9b3bf6ac-A170be0fe", "score": 18.5525696080767}
{"docno": "S87d0ccd3-Ac01f55cc", "score": 18.438943774291523}
{"docno": "Sbe3c3ddc-Ab3f1f132", "score": 18.023547366066953}
{"docno": "Scf3ad40b-Aa0d8b069", "score": 17.976377071760542}
{"docno": "S2a95f892-A888dda76", "score": 17.79625452184429}
{"docno": "S1b50be00-Abbe47d2d", "score": 17.789147325700117}
{"docno": "Sb2564ac-A1bdac8d", "score": 17.62229193804031}
{"docno": "S58074cce-A50021d52", "score": 17.62086368583048}
{"docno": "S1799ef5d-A74e5621f", "score": 17.589968512521807}
{"docno": "S3d2c9c3b-A8b97b333", "score": 17.562184024535938}
{"docno": "S2d28827a-A990fb741", "score": 17.528252469864164}
{"docno": "S1c013351-A9d85a654", "score": 17.113942799069413}
{"docno": "S90a1c80d-Af9bc7535", "score": 17.06826816663789}
{"docno": "Sbe3c3d9e-Aeaeadb09", "score": 16.885154498204034}
{"docno": "Sf2b76fe6-A994e930", "score": 16.51284312383067}
{"docno": "Sf2b76fc7-Aaa72c47c", "score": 16.51284312383067}
{"docno": "Sdddbe3de-A56bf628b", "score": 16.35309168898771}
{"docno": "S7c83e847-A110c745d", "score": 16.00724404092643}
{"docno": "S1fbfac08-A4628fbf", "score": 15.868319741976796}
{"docno": "S7c83e847-A7d44dba0", "score": 15.823920875009499}
{"docno": "S436cc21d-Ad0da327d", "score": 15.707566932497544}
{"docno": "Se410cf7a-A280a848f", "score": 15.677316013456506}
{"docno": "S5092b681-Adc4d6ecd", "score": 15.644868139612006}
{"docno": "Sb34a9339-A16045fcd", "score": 15.62022863033045}
{"docno": "S2d75e907-Ab6367c30", "score": 15.619409821160877}
{"docno": "Sdddbe3de-A59edeae5", "score": 15.60318339934945}
{"docno": "S94aebaa-Aa54d1476", "score": 15.548597624419532}
{"docno": "S87d0ccd3-A9ce68c1e", "score": 15.547516787886561}
{"docno": "S94b6b4c-A21a85343", "score": 15.534598182416275}
{"docno": "S94b6b4c-A15f19060", "score": 15.528944357993483}
{"docno": "S2709758f-A7432039c", "score": 15.527489512281443}
{"docno": "Scf3ad3ec-Abb81cdd4", "score": 15.502385509017756}
{"docno": "Saae93639-A50c99d2c", "score": 15.490785961459023}
{"docno": "Sf26ab52f-A484804b5", "score": 15.48953435913256}
{"docno": "S59424b06-A4b432416", "score": 15.481456257163003}
{"docno": "S286347c6-Ae3570a67", "score": 15.471777000248974}
{"docno": "S94b6b4c-Aceeaab49", "score": 15.412904455720376}
{"docno": "S94b6b4c-A580dd0b7", "score": 15.399535066174186}
{"docno": "S58074c90-A30927e08", "score": 15.397872556663785}
{"docno": "S286347c6-A58ad6172", "score": 15.390695363588845}
{"docno": "Sf26ab52f-A38724e49", "score": 15.366123308868282}
{"docno": "Sab52fe20-Ab7cf312f", "score": 15.358369763637262}
{"docno": "S9b3bf6ac-A8be67471", "score": 15.316472135481675}
{"docno": "S3180697a-A26af1705", "score": 15.305316429939545}
{"docno": "S66ec5f0a-A87c910a", "score": 15.301263837712256}
{"docno": "S87d0ccd3-A66b99a31", "score": 15.295447257937452}
{"docno": "S10dba703-Ac7c9a8a", "score": 15.29322246919194}
{"docno": "S94b6b4c-A379a3f61", "score": 15.28389930774252}
{"docno": "S94b6b4c-A994a13eb", "score": 15.258426384809598}
{"docno": "S66ec5f29-Ad818562d", "score": 15.216680727838837}
{"docno": "S87d0ccd3-Aacd72ab2", "score": 15.207734419486894}
{"docno": "Sab52fe3f-Ac51fbaf1", "score": 15.197154522547496}
{"docno": "Sbbe2f561-Ad1a1e8ad", "score": 15.155739494763635}
{"docno": "S94b67aa-Afebbe4e1", "score": 15.124787640226979}
{"docno": "Sd1002c17-A28f7eab3", "score": 15.108306745045557}
{"docno": "Se315eb8e-A901d438e", "score": 15.093251690834041}
{"docno": "Sab52fe3f-A519eb99", "score": 15.082465957650735}
{"docno": "Sbe3c3ddc-Ae3be1715", "score": 15.07377530026025}
{"docno": "S20e6aeeb-A387176ca", "score": 15.057659503345226}
{"docno": "Sbe3c3d9e-Ae6c07c2c", "score": 15.017667878115965}
{"docno": "Sf4fc3e13-Aec4ee7c0", "score": 14.994825975056054}
{"docno": "Scf3ad40b-Ad211571b", "score": 14.95924434699595}
{"docno": "Sbe3c3e1a-A2aa64998", "score": 14.948198295591974}
{"docno": "S2fc94acb-A8f0dde1", "score": 14.944519902681574}
{"docno": "S318b36b2-Ab5da3b58", "score": 14.929212101283893}
{"docno": "S436cc21d-A8bb359e2", "score": 14.927499398604112}
{"docno": "S87d0ccd3-A1c439f8d", "score": 14.885117274435384}
{"docno": "S35179721-A37e02b58", "score": 14.87130274638935}
{"docno": "S94b676c-A97d91864", "score": 14.863259553763605}
{"docno": "Sbe3c3dbd-A69834559", "score": 14.825600765946238}
{"docno": "Sb72509d-A5b17e156", "score": 14.82498035859891}
{"docno": "Sd31537ce-Aed713ae", "score": 14.814926141571139}
{"docno": "Sddcd2e78-Acf5b3d3f", "score": 14.811721218588639}
{"docno": "Scf3ad40b-Ac8cc1729", "score": 14.811721218588639}
{"docno": "S66ec5f0a-Af21bb718", "score": 14.791219477322809}
{"docno": "S29e66283-A3372a973", "score": 14.78894363014163}
{"docno": "S36de12d5-A71886e1e", "score": 14.767361053910717}
{"docno": "Sbe3c3ddc-A1578c466", "score": 14.743579474423647}
{"docno": "S8f7cc685-Afcd4a3c5", "score": 14.741312098044492}
{"type": "toggleArgument", "timestamp": "2025-06-26T13:00:46.711Z", "sessionID": "93d0dc0b-4d15-49e5-87fb-896e5316da68", "rank": "1", "doc": "S87d0ccd3-Ac4e2b870", "action": "expand", "doclen": 601, "score": 14.958777450844057}
{"type": "StanceClicked", "timestamp": "2025-06-26T13:00:54.720Z", "sessionID": "93d0dc0b-4d15-49e5-87fb-896e5316da68", "rank": "1", "stance": "con", "action": "chooseStance", "doc": "S87d0ccd3-Ac4e2b870", "doclen": 601, "score": 14.958777450844057}
{"type": "toggleArgument", "timestamp": "2025-06-26T13:00:56.535Z", "sessionID": "93d0dc0b-4d15-49e5-87fb-896e5316da68", "rank": "2", "doc": "Sab52fe3f-A65cb75b4", "action": "expand", "doclen": 490, "score": 21.043238439296292}
{"type": "toggleArgument", "timestamp": "2025-06-26T13:01:01.679Z", "sessionID": "93d0dc0b-4d15-49e5-87fb-896e5316da68", "rank": "3", "doc": "S1fbfac08-A579cac07", "action": "expand", "doclen": 1216, "score": 14.8969846783924}
{"type": "ClickedEndTask", "timestamp": "2025-06-26T13:01:11.968Z", "sessionID": "93d0dc0b-4d15-49e5-87fb-896e5316da68"}
{"type": "TaskEndConfirmed", "timestamp": "2025-06-26T13:01:13.832Z", "sessionID": "93d0dc0b-4d15-49e5-87fb-896e5316da68"}
{"type": "TaskEnded", "timestamp": "2025-06-26T13:01:21.080Z", "sessionID": "93d0dc0b-4d15-49e5-87fb-896e5316da68", "reason": "Zeit abgelaufen", "translated_reason": "Time expired"}
