{"type": "TaskStarted", "timestamp": "2025-06-26T10:19:31.924Z", "sessionID": "ebcbfa72-1d29-47dd-b304-f62054408ada", "task": "2", "uid": "Participant53", "topic": "Should gay marriage be legal?"}
{"type": "queryBoxFocused", "timestamp": "2025-06-26T10:19:33.225Z", "sessionID": "ebcbfa72-1d29-47dd-b304-f62054408ada"}
{"type": "querySubmitted", "timestamp": "2025-06-26T10:19:41.357Z", "sessionID": "ebcbfa72-1d29-47dd-b304-f62054408ada", "query": "gay marriage legal"}
{"docno": "S3fdbc7fb-Acdea333f", "score": 28.31809877385746}
{"docno": "Sc015ffd5-Aa4c18eda", "score": 27.829417583903073}
{"docno": "Sc19aa035-A21b9d60b", "score": 27.62861541142628}
{"docno": "S80312d7-A77965178", "score": 27.23309792171025}
{"docno": "Sc6b95312-Acc1b3abe", "score": 27.199990549069202}
{"docno": "Sd00dae62-Aee537d8f", "score": 26.968527196076746}
{"docno": "S6335cb84-A2f24bf77", "score": 26.952129604382094}
{"docno": "S6335cb84-A62d47c5f", "score": 26.93841752826492}
{"docno": "Sd9e8fdaa-Abf686a30", "score": 26.91058226973164}
{"docno": "Sd9e8fd8b-Abf686a30", "score": 26.91058226973164}
{"docno": "Sb33122ae-A823f55c5", "score": 26.903094741573412}
{"docno": "S6334dfa0-A476416c4", "score": 26.854292502155843}
{"docno": "Sd9e901a9-Af6114316", "score": 26.73587000154954}
{"docno": "Sea2e9e7f-A804cc5a", "score": 26.72655704147467}
{"docno": "Sd01dadc7-A36f2d47e", "score": 26.578217040098423}
{"docno": "S4366841b-Af165b2d0", "score": 26.572091365099578}
{"docno": "S6335cba3-A99e5d439", "score": 26.49492124350724}
{"docno": "Sb56be777-A5f375fc6", "score": 26.476782600673914}
{"docno": "Sc015ffd5-A9369c2c4", "score": 26.46435315468689}
{"docno": "Sdadf6f7e-Aff34f42", "score": 26.45900026022566}
{"docno": "S1b1fbdc-A52ab978f", "score": 26.35571286026388}
{"docno": "S4366841b-A3a028eb", "score": 26.329632308928325}
{"docno": "S14339a91-Ad4a2c6d4", "score": 26.28067135976548}
{"docno": "Se24a1f7f-Aba509b81", "score": 26.253623501156625}
{"docno": "Sd01da664-Aabf4d0c5", "score": 26.249313451650156}
{"docno": "S5e9875b9-A897700d6", "score": 26.234294655244224}
{"docno": "S2ebf9bd8-A27b8377a", "score": 26.181046138199466}
{"docno": "S14339aee-Aa454a98d", "score": 26.16791794100854}
{"docno": "S457e9be7-Acbdd5408", "score": 26.158538961805185}
{"docno": "S98ff8aac-A8fd9e837", "score": 26.148484770958284}
{"docno": "S33969802-A73ca83b8", "score": 26.132622526615204}
{"docno": "Sd2f4b1cd-A269458cc", "score": 26.106551310414005}
{"docno": "S25961e7-Af274579", "score": 26.101064046362445}
{"docno": "S98ff8aac-Abcd592c3", "score": 26.09587449173117}
{"docno": "Sfdc7da1-A72cdd2ee", "score": 26.061076186248453}
{"docno": "S25961e7-Aafc61a6e", "score": 26.019810957453902}
{"docno": "Sd9e9016b-Aed43e556", "score": 25.976727424104894}
{"docno": "S73b244ee-Adca5077b", "score": 25.95331322333619}
{"docno": "Sc831b805-Af2180ca2", "score": 25.876660877814864}
{"docno": "Sc1c5ca56-Aea8b6e1b", "score": 25.876660877814864}
{"docno": "S4e10f154-Ae33ba556", "score": 25.87336611607801}
{"docno": "Sb91f04f4-A64abc1fc", "score": 25.860729291319377}
{"docno": "See37e09b-A4147878", "score": 25.830530228399162}
{"docno": "S63346e67-Aa769a6ff", "score": 25.82017683507354}
{"docno": "Sd2f4b1cd-A14014b1d", "score": 25.820135206512962}
{"docno": "S4d91b1df-A303aa407", "score": 25.763101971777452}
{"docno": "S633484ce-Aaf4c2dd4", "score": 25.75960664845787}
{"docno": "S14341653-Af2f52272", "score": 25.7527477708715}
{"docno": "S933d85b9-Accb5ce3a", "score": 25.716327607971714}
{"docno": "S14339ab0-A7b151838", "score": 25.711194460152548}
{"docno": "Sea2e1abf-Acaf22933", "score": 25.656117284289195}
{"docno": "S6334eb40-A71492f6f", "score": 25.652492687869447}
{"docno": "Sea2e9e7f-A3e5f30e3", "score": 25.652329673148433}
{"docno": "Se0866765-A3b2889e4", "score": 25.652255238766703}
{"docno": "Sf0369d47-Ac8507f09", "score": 25.62262260129893}
{"docno": "S6fba83ee-Ac1516a7f", "score": 25.616389760966285}
{"docno": "S2ebf9bd8-A910236a2", "score": 25.606890592187007}
{"docno": "S63347646-Ae6a3c210", "score": 25.59922045694185}
{"docno": "S630bcace-A551037a8", "score": 25.57691967546618}
{"docno": "Sde7e68bd-Ac40b2fdc", "score": 25.54707575042236}
{"docno": "S916a7c2f-A347189ef", "score": 25.543260451706235}
{"docno": "Sea2e9e7f-A9b3dd3d1", "score": 25.536415224858203}
{"docno": "S242d823d-A8cd9c422", "score": 25.510501762501672}
{"docno": "Sbc6ad271-Afe21fb63", "score": 25.496986652508944}
{"docno": "See37e09b-A51ca05ab", "score": 25.436612876595476}
{"docno": "S63346f21-A57f57574", "score": 25.434040856368792}
{"docno": "Sfe5e045a-A28f5111e", "score": 25.41471288738766}
{"docno": "S173a3fe5-A2da95c97", "score": 25.394972435715015}
{"docno": "S173a3f88-A42e19f43", "score": 25.394972435715015}
{"docno": "S63347646-A7f847715", "score": 25.344016416208454}
{"docno": "Sae4571c-Aa929f1ab", "score": 25.334501619893093}
{"docno": "S14339ab0-Adbfd0c47", "score": 25.29664281477719}
{"docno": "S63f4a530-Ad299544b", "score": 25.29049656727752}
{"docno": "S63355f61-A60396d", "score": 25.265049869723285}
{"docno": "S5d03ca92-A9d9b508a", "score": 25.256543367592805}
{"docno": "Sdf9e9598-A986a9154", "score": 25.240523525864596}
{"docno": "Sd9e8fdaa-A8f3caa11", "score": 25.222240039456924}
{"docno": "Sea2e1abf-A2e19f1f0", "score": 25.19695314836279}
{"docno": "S630bca14-A376217e", "score": 25.178508338452612}
{"docno": "Sd01da9c8-A1dced4e4", "score": 25.17473319113223}
{"docno": "Sfe6a066-Aebccb5c3", "score": 25.16633841972229}
{"docno": "Sde7e68bd-A2539b87e", "score": 25.142977379475912}
{"docno": "Sd00d2f7a-A4ff75361", "score": 25.12276916158221}
{"docno": "S2b847bb1-A329d15ab", "score": 25.07966178156465}
{"docno": "S3d4f5783-Ab88b12d3", "score": 25.07893262817032}
{"docno": "S3b27903a-Af7ecffab", "score": 25.07138192938735}
{"docno": "S53365126-A76eed5aa", "score": 25.071134200434425}
{"docno": "S924aa16c-Aae0ea995", "score": 25.016167713645412}
{"docno": "Se69163c6-A2050e585", "score": 25.011579377958775}
{"docno": "Sb1077c8f-A8013a71", "score": 24.991957412777747}
{"docno": "S2b847bd0-A2251f932", "score": 24.99000269405468}
{"docno": "Sd1cb4750-Aa788b686", "score": 24.984441558777743}
{"docno": "S9e180209-Ad88c2de7", "score": 24.981317302519614}
{"docno": "Sd9e905a8-A29dc24d9", "score": 24.92176735624922}
{"docno": "S9ee85ef5-A77139913", "score": 24.89965970836676}
{"docno": "Sea2e1a62-A82cb871b", "score": 24.85671295399304}
{"docno": "S48d0fe88-A486d7953", "score": 24.850711071228126}
{"docno": "Sf0bfabab-A3efd8290", "score": 24.850711071228126}
{"docno": "Sf0369d47-A7d57a307", "score": 24.8502252246284}
{"docno": "Sea2e99e5-A117fe7a0", "score": 24.84370836827366}
{"type": "toggleArgument", "timestamp": "2025-06-26T10:19:43.651Z", "sessionID": "ebcbfa72-1d29-47dd-b304-f62054408ada", "rank": "1", "doc": "S3fdbc7fb-Acdea333f", "action": "expand", "doclen": 1840, "score": 8.463601826218937}
{"type": "toggleArgument", "timestamp": "2025-06-26T10:19:59.907Z", "sessionID": "ebcbfa72-1d29-47dd-b304-f62054408ada", "rank": "2", "doc": "Sc015ffd5-Aa4c18eda", "action": "expand", "doclen": 2445, "score": 8.244749688134435}
{"type": "toggleArgument", "timestamp": "2025-06-26T10:20:25.091Z", "sessionID": "ebcbfa72-1d29-47dd-b304-f62054408ada", "rank": "3", "doc": "Sc19aa035-A21b9d60b", "action": "expand", "doclen": 1698, "score": 8.044620699426586}
{"type": "toggleArgument", "timestamp": "2025-06-26T10:20:50.204Z", "sessionID": "ebcbfa72-1d29-47dd-b304-f62054408ada", "rank": "4", "doc": "S80312d7-A77965178", "action": "expand", "doclen": 783, "score": 27.23309792171025}
{"type": "toggleArgument", "timestamp": "2025-06-26T10:21:12.741Z", "sessionID": "ebcbfa72-1d29-47dd-b304-f62054408ada", "rank": "5", "doc": "Sc6b95312-Acc1b3abe", "action": "expand", "doclen": 2546, "score": 27.199990549069202}
{"type": "StanceClicked", "timestamp": "2025-06-26T10:21:23.126Z", "sessionID": "ebcbfa72-1d29-47dd-b304-f62054408ada", "rank": "5", "stance": "pro", "action": "chooseStance", "doc": "Sc6b95312-Acc1b3abe", "doclen": 2546, "score": 27.199990549069202}
{"type": "toggleArgument", "timestamp": "2025-06-26T10:21:28.997Z", "sessionID": "ebcbfa72-1d29-47dd-b304-f62054408ada", "rank": "7", "doc": "S6335cb84-A2f24bf77", "action": "expand", "doclen": 589, "score": 7.8923228233597325}
{"type": "toggleArgument", "timestamp": "2025-06-26T10:21:49.158Z", "sessionID": "ebcbfa72-1d29-47dd-b304-f62054408ada", "rank": "9", "doc": "Sd9e8fdaa-Abf686a30", "action": "expand", "doclen": 206, "score": 26.91058226973164}
{"type": "toggleArgument", "timestamp": "2025-06-26T10:21:55.047Z", "sessionID": "ebcbfa72-1d29-47dd-b304-f62054408ada", "rank": "10", "doc": "Sd9e8fd8b-Abf686a30", "action": "expand", "doclen": 206, "score": 26.91058226973164}
{"type": "toggleArgument", "timestamp": "2025-06-26T10:21:56.470Z", "sessionID": "ebcbfa72-1d29-47dd-b304-f62054408ada", "rank": "10", "doc": "Sd9e8fd8b-Abf686a30", "action": "reduce", "doclen": 206, "score": 26.91058226973164}
{"type": "pageNavigationClicked", "timestamp": "2025-06-26T10:21:58.446Z", "sessionID": "ebcbfa72-1d29-47dd-b304-f62054408ada", "clicked": "7", "fromPage": 1, "toPage": 7}
{"type": "toggleArgument", "timestamp": "2025-06-26T10:22:01.487Z", "sessionID": "ebcbfa72-1d29-47dd-b304-f62054408ada", "rank": "61", "doc": "S916a7c2f-A347189ef", "action": "expand", "doclen": 391, "score": 25.543260451706235}
{"type": "toggleArgument", "timestamp": "2025-06-26T10:22:21.736Z", "sessionID": "ebcbfa72-1d29-47dd-b304-f62054408ada", "rank": "63", "doc": "S242d823d-A8cd9c422", "action": "expand", "doclen": 1593, "score": 25.510501762501672}
{"type": "queryBoxFocused", "timestamp": "2025-06-26T10:22:39.561Z", "sessionID": "ebcbfa72-1d29-47dd-b304-f62054408ada"}
{"type": "querySubmitted", "timestamp": "2025-06-26T10:22:49.417Z", "sessionID": "ebcbfa72-1d29-47dd-b304-f62054408ada", "query": "legalization gay marriage -polygamy"}
{"docno": "S3fdbc7fb-Acdea333f", "score": 28.318098773857457}
{"docno": "Sc015ffd5-Aa4c18eda", "score": 27.829417583903073}
{"docno": "Sc19aa035-A21b9d60b", "score": 27.62861541142628}
{"docno": "Sc6b95312-Acc1b3abe", "score": 27.1999905490692}
{"docno": "Sd00dae62-Aee537d8f", "score": 26.968527196076746}
{"docno": "S6335cb84-A2f24bf77", "score": 26.952129604382094}
{"docno": "S6335cb84-A62d47c5f", "score": 26.93841752826492}
{"docno": "Sd9e8fdaa-Abf686a30", "score": 26.91058226973164}
{"docno": "Sd9e8fd8b-Abf686a30", "score": 26.91058226973164}
{"docno": "Sb33122ae-A823f55c5", "score": 26.903094741573412}
{"docno": "S6334dfa0-A476416c4", "score": 26.854292502155847}
{"docno": "Sd9e901a9-Af6114316", "score": 26.735870001549536}
{"docno": "Sea2e9e7f-A804cc5a", "score": 26.726557041474667}
{"docno": "Sd01dadc7-A36f2d47e", "score": 26.578217040098423}
{"docno": "S4366841b-Af165b2d0", "score": 26.572091365099574}
{"docno": "S6335cba3-A99e5d439", "score": 26.49492124350724}
{"docno": "Sb56be777-A5f375fc6", "score": 26.476782600673914}
{"docno": "Sc015ffd5-A9369c2c4", "score": 26.464353154686886}
{"docno": "Sdadf6f7e-Aff34f42", "score": 26.459000260225658}
{"docno": "S1b1fbdc-A52ab978f", "score": 26.35571286026388}
{"docno": "S4366841b-A3a028eb", "score": 26.329632308928325}
{"docno": "S14339a91-Ad4a2c6d4", "score": 26.280671359765478}
{"docno": "Se24a1f7f-Aba509b81", "score": 26.253623501156625}
{"docno": "Sd01da664-Aabf4d0c5", "score": 26.249313451650153}
{"docno": "S5e9875b9-A897700d6", "score": 26.234294655244227}
{"docno": "S2ebf9bd8-A27b8377a", "score": 26.181046138199466}
{"docno": "S14339aee-Aa454a98d", "score": 26.16791794100854}
{"docno": "S457e9be7-Acbdd5408", "score": 26.158538961805185}
{"docno": "S98ff8aac-A8fd9e837", "score": 26.148484770958284}
{"docno": "S33969802-A73ca83b8", "score": 26.1326225266152}
{"docno": "S25961e7-Af274579", "score": 26.101064046362445}
{"docno": "S98ff8aac-Abcd592c3", "score": 26.095874491731173}
{"docno": "Sfdc7da1-A72cdd2ee", "score": 26.061076186248453}
{"docno": "S25961e7-Aafc61a6e", "score": 26.019810957453906}
{"docno": "Sd9e9016b-Aed43e556", "score": 25.976727424104894}
{"docno": "S73b244ee-Adca5077b", "score": 25.95331322333619}
{"docno": "Sc831b805-Af2180ca2", "score": 25.87666087781487}
{"docno": "Sc1c5ca56-Aea8b6e1b", "score": 25.87666087781487}
{"docno": "Sb91f04f4-A64abc1fc", "score": 25.86072929131938}
{"docno": "See37e09b-A4147878", "score": 25.830530228399162}
{"docno": "S63346e67-Aa769a6ff", "score": 25.82017683507354}
{"docno": "Sd2f4b1cd-A14014b1d", "score": 25.82013520651296}
{"docno": "S4d91b1df-A303aa407", "score": 25.763101971777452}
{"docno": "S633484ce-Aaf4c2dd4", "score": 25.75960664845787}
{"docno": "S14341653-Af2f52272", "score": 25.7527477708715}
{"docno": "S933d85b9-Accb5ce3a", "score": 25.71632760797171}
{"docno": "Sea2e1abf-Acaf22933", "score": 25.656117284289195}
{"docno": "S6334eb40-A71492f6f", "score": 25.652492687869447}
{"docno": "Sea2e9e7f-A3e5f30e3", "score": 25.652329673148436}
{"docno": "Sf0369d47-Ac8507f09", "score": 25.62262260129893}
{"docno": "S6fba83ee-Ac1516a7f", "score": 25.616389760966285}
{"docno": "S2ebf9bd8-A910236a2", "score": 25.606890592187003}
{"docno": "S630bcace-A551037a8", "score": 25.57691967546618}
{"docno": "Sde7e68bd-Ac40b2fdc", "score": 25.54707575042236}
{"docno": "S916a7c2f-A347189ef", "score": 25.543260451706235}
{"docno": "Sea2e9e7f-A9b3dd3d1", "score": 25.536415224858203}
{"docno": "Sbc6ad271-Afe21fb63", "score": 25.496986652508944}
{"docno": "See37e09b-A51ca05ab", "score": 25.436612876595476}
{"docno": "S63346f21-A57f57574", "score": 25.43404085636879}
{"docno": "Sfe5e045a-A28f5111e", "score": 25.414712887387665}
{"docno": "S173a3fe5-A2da95c97", "score": 25.39497243571501}
{"docno": "S173a3f88-A42e19f43", "score": 25.39497243571501}
{"docno": "Sae4571c-Aa929f1ab", "score": 25.334501619893093}
{"docno": "S14339ab0-Adbfd0c47", "score": 25.29664281477719}
{"docno": "S63f4a530-Ad299544b", "score": 25.29049656727752}
{"docno": "S63355f61-A60396d", "score": 25.265049869723285}
{"docno": "S5d03ca92-A9d9b508a", "score": 25.256543367592805}
{"docno": "Sdf9e9598-A986a9154", "score": 25.240523525864596}
{"docno": "Sd9e8fdaa-A8f3caa11", "score": 25.222240039456928}
{"docno": "Sea2e1abf-A2e19f1f0", "score": 25.196953148362788}
{"docno": "S630bca14-A376217e", "score": 25.178508338452616}
{"docno": "Sd01da9c8-A1dced4e4", "score": 25.17473319113223}
{"docno": "Sfe6a066-Aebccb5c3", "score": 25.166338419722287}
{"docno": "Sde7e68bd-A2539b87e", "score": 25.14297737947591}
{"docno": "Sd00d2f7a-A4ff75361", "score": 25.122769161582212}
{"docno": "S2b847bb1-A329d15ab", "score": 25.07966178156465}
{"docno": "S3d4f5783-Ab88b12d3", "score": 25.078932628170318}
{"docno": "S3b27903a-Af7ecffab", "score": 25.07138192938735}
{"docno": "S53365126-A76eed5aa", "score": 25.071134200434425}
{"docno": "S924aa16c-Aae0ea995", "score": 25.01616771364541}
{"docno": "Se69163c6-A2050e585", "score": 25.011579377958775}
{"docno": "Sb1077c8f-A8013a71", "score": 24.991957412777747}
{"docno": "S2b847bd0-A2251f932", "score": 24.99000269405468}
{"docno": "Sd1cb4750-Aa788b686", "score": 24.984441558777746}
{"docno": "S9e180209-Ad88c2de7", "score": 24.981317302519614}
{"docno": "Sd9e905a8-A29dc24d9", "score": 24.92176735624922}
{"docno": "S9ee85ef5-A77139913", "score": 24.899659708366762}
{"docno": "Sea2e1a62-A82cb871b", "score": 24.85671295399304}
{"docno": "S48d0fe88-A486d7953", "score": 24.850711071228126}
{"docno": "Sf0bfabab-A3efd8290", "score": 24.850711071228126}
{"docno": "Sf0369d47-A7d57a307", "score": 24.8502252246284}
{"docno": "Sea2e99e5-A117fe7a0", "score": 24.843708368273656}
{"docno": "Se2b2a86-A898475b8", "score": 24.824214672579963}
{"docno": "S17ec19e0-Afe61bfa4", "score": 24.812021250057697}
{"docno": "S42b8ddb1-Ada3ff943", "score": 24.79725566740716}
{"docno": "S63347266-A6990718b", "score": 24.780153730674236}
{"docno": "Sd802a477-Acbbc1b34", "score": 24.778166167874417}
{"docno": "S924aa0b2-A3514edfa", "score": 24.753784972135783}
{"docno": "S6f60ca59-A257cd3e9", "score": 24.74939168657409}
{"docno": "S6335cba3-Adcec3eab", "score": 24.74713256439466}
{"type": "queryBoxFocused", "timestamp": "2025-06-26T10:22:58.422Z", "sessionID": "ebcbfa72-1d29-47dd-b304-f62054408ada"}
{"type": "querySubmitted", "timestamp": "2025-06-26T10:23:02.691Z", "sessionID": "ebcbfa72-1d29-47dd-b304-f62054408ada", "query": "legalization gay marriage "}
{"docno": "S3fdbc7fb-Acdea333f", "score": 28.318098773857457}
{"docno": "Sc015ffd5-Aa4c18eda", "score": 27.829417583903073}
{"docno": "Sc19aa035-A21b9d60b", "score": 27.62861541142628}
{"docno": "S80312d7-A77965178", "score": 27.233097921710254}
{"docno": "Sc6b95312-Acc1b3abe", "score": 27.1999905490692}
{"docno": "Sd00dae62-Aee537d8f", "score": 26.968527196076746}
{"docno": "S6335cb84-A2f24bf77", "score": 26.952129604382094}
{"docno": "S6335cb84-A62d47c5f", "score": 26.93841752826492}
{"docno": "Sd9e8fdaa-Abf686a30", "score": 26.91058226973164}
{"docno": "Sd9e8fd8b-Abf686a30", "score": 26.91058226973164}
{"docno": "Sb33122ae-A823f55c5", "score": 26.903094741573412}
{"docno": "S6334dfa0-A476416c4", "score": 26.854292502155847}
{"docno": "Sd9e901a9-Af6114316", "score": 26.735870001549536}
{"docno": "Sea2e9e7f-A804cc5a", "score": 26.726557041474667}
{"docno": "Sd01dadc7-A36f2d47e", "score": 26.578217040098423}
{"docno": "S4366841b-Af165b2d0", "score": 26.572091365099574}
{"docno": "S6335cba3-A99e5d439", "score": 26.49492124350724}
{"docno": "Sb56be777-A5f375fc6", "score": 26.476782600673914}
{"docno": "Sc015ffd5-A9369c2c4", "score": 26.464353154686886}
{"docno": "Sdadf6f7e-Aff34f42", "score": 26.459000260225658}
{"docno": "S1b1fbdc-A52ab978f", "score": 26.35571286026388}
{"docno": "S4366841b-A3a028eb", "score": 26.329632308928325}
{"docno": "S14339a91-Ad4a2c6d4", "score": 26.280671359765478}
{"docno": "Se24a1f7f-Aba509b81", "score": 26.253623501156625}
{"docno": "Sd01da664-Aabf4d0c5", "score": 26.249313451650153}
{"docno": "S5e9875b9-A897700d6", "score": 26.234294655244227}
{"docno": "S2ebf9bd8-A27b8377a", "score": 26.181046138199466}
{"docno": "S14339aee-Aa454a98d", "score": 26.16791794100854}
{"docno": "S457e9be7-Acbdd5408", "score": 26.158538961805185}
{"docno": "S98ff8aac-A8fd9e837", "score": 26.148484770958284}
{"docno": "S33969802-A73ca83b8", "score": 26.1326225266152}
{"docno": "Sd2f4b1cd-A269458cc", "score": 26.106551310414005}
{"docno": "S25961e7-Af274579", "score": 26.101064046362445}
{"docno": "S98ff8aac-Abcd592c3", "score": 26.095874491731173}
{"docno": "Sfdc7da1-A72cdd2ee", "score": 26.061076186248453}
{"docno": "S25961e7-Aafc61a6e", "score": 26.019810957453906}
{"docno": "Sd9e9016b-Aed43e556", "score": 25.976727424104894}
{"docno": "S73b244ee-Adca5077b", "score": 25.95331322333619}
{"docno": "Sc831b805-Af2180ca2", "score": 25.87666087781487}
{"docno": "Sc1c5ca56-Aea8b6e1b", "score": 25.87666087781487}
{"docno": "S4e10f154-Ae33ba556", "score": 25.87336611607801}
{"docno": "Sb91f04f4-A64abc1fc", "score": 25.86072929131938}
{"docno": "See37e09b-A4147878", "score": 25.830530228399162}
{"docno": "S63346e67-Aa769a6ff", "score": 25.82017683507354}
{"docno": "Sd2f4b1cd-A14014b1d", "score": 25.82013520651296}
{"docno": "S4d91b1df-A303aa407", "score": 25.763101971777452}
{"docno": "S633484ce-Aaf4c2dd4", "score": 25.75960664845787}
{"docno": "S14341653-Af2f52272", "score": 25.7527477708715}
{"docno": "S933d85b9-Accb5ce3a", "score": 25.71632760797171}
{"docno": "S14339ab0-A7b151838", "score": 25.711194460152548}
{"docno": "Sea2e1abf-Acaf22933", "score": 25.656117284289195}
{"docno": "S6334eb40-A71492f6f", "score": 25.652492687869447}
{"docno": "Sea2e9e7f-A3e5f30e3", "score": 25.652329673148436}
{"docno": "Se0866765-A3b2889e4", "score": 25.652255238766706}
{"docno": "Sf0369d47-Ac8507f09", "score": 25.62262260129893}
{"docno": "S6fba83ee-Ac1516a7f", "score": 25.616389760966285}
{"docno": "S2ebf9bd8-A910236a2", "score": 25.606890592187003}
{"docno": "S63347646-Ae6a3c210", "score": 25.59922045694185}
{"docno": "S630bcace-A551037a8", "score": 25.57691967546618}
{"docno": "Sde7e68bd-Ac40b2fdc", "score": 25.54707575042236}
{"docno": "S916a7c2f-A347189ef", "score": 25.543260451706235}
{"docno": "Sea2e9e7f-A9b3dd3d1", "score": 25.536415224858203}
{"docno": "S242d823d-A8cd9c422", "score": 25.510501762501676}
{"docno": "Sbc6ad271-Afe21fb63", "score": 25.496986652508944}
{"docno": "See37e09b-A51ca05ab", "score": 25.436612876595476}
{"docno": "S63346f21-A57f57574", "score": 25.43404085636879}
{"docno": "Sfe5e045a-A28f5111e", "score": 25.414712887387665}
{"docno": "S173a3fe5-A2da95c97", "score": 25.39497243571501}
{"docno": "S173a3f88-A42e19f43", "score": 25.39497243571501}
{"docno": "S63347646-A7f847715", "score": 25.344016416208454}
{"docno": "Sae4571c-Aa929f1ab", "score": 25.334501619893093}
{"docno": "S14339ab0-Adbfd0c47", "score": 25.29664281477719}
{"docno": "S63f4a530-Ad299544b", "score": 25.29049656727752}
{"docno": "S63355f61-A60396d", "score": 25.265049869723285}
{"docno": "S5d03ca92-A9d9b508a", "score": 25.256543367592805}
{"docno": "Sdf9e9598-A986a9154", "score": 25.240523525864596}
{"docno": "Sd9e8fdaa-A8f3caa11", "score": 25.222240039456928}
{"docno": "Sea2e1abf-A2e19f1f0", "score": 25.196953148362788}
{"docno": "S630bca14-A376217e", "score": 25.178508338452616}
{"docno": "Sd01da9c8-A1dced4e4", "score": 25.17473319113223}
{"docno": "Sfe6a066-Aebccb5c3", "score": 25.166338419722287}
{"docno": "Sde7e68bd-A2539b87e", "score": 25.14297737947591}
{"docno": "Sd00d2f7a-A4ff75361", "score": 25.122769161582212}
{"docno": "S2b847bb1-A329d15ab", "score": 25.07966178156465}
{"docno": "S3d4f5783-Ab88b12d3", "score": 25.078932628170318}
{"docno": "S3b27903a-Af7ecffab", "score": 25.07138192938735}
{"docno": "S53365126-A76eed5aa", "score": 25.071134200434425}
{"docno": "S924aa16c-Aae0ea995", "score": 25.01616771364541}
{"docno": "Se69163c6-A2050e585", "score": 25.011579377958775}
{"docno": "Sb1077c8f-A8013a71", "score": 24.991957412777747}
{"docno": "S2b847bd0-A2251f932", "score": 24.99000269405468}
{"docno": "Sd1cb4750-Aa788b686", "score": 24.984441558777746}
{"docno": "S9e180209-Ad88c2de7", "score": 24.981317302519614}
{"docno": "Sd9e905a8-A29dc24d9", "score": 24.92176735624922}
{"docno": "S9ee85ef5-A77139913", "score": 24.899659708366762}
{"docno": "Sea2e1a62-A82cb871b", "score": 24.85671295399304}
{"docno": "S48d0fe88-A486d7953", "score": 24.850711071228126}
{"docno": "Sf0bfabab-A3efd8290", "score": 24.850711071228126}
{"docno": "Sf0369d47-A7d57a307", "score": 24.8502252246284}
{"docno": "Sea2e99e5-A117fe7a0", "score": 24.843708368273656}
{"type": "pageNavigationClicked", "timestamp": "2025-06-26T10:23:11.393Z", "sessionID": "ebcbfa72-1d29-47dd-b304-f62054408ada", "clicked": "2", "fromPage": 1, "toPage": 2}
{"type": "toggleArgument", "timestamp": "2025-06-26T10:23:20.442Z", "sessionID": "ebcbfa72-1d29-47dd-b304-f62054408ada", "rank": "11", "doc": "Sb33122ae-A823f55c5", "action": "expand", "doclen": 409, "score": 8.008092530496992}
{"type": "toggleArgument", "timestamp": "2025-06-26T10:23:33.122Z", "sessionID": "ebcbfa72-1d29-47dd-b304-f62054408ada", "rank": "12", "doc": "S6334dfa0-A476416c4", "action": "expand", "doclen": 697, "score": 26.854292502155843}
{"type": "StanceClicked", "timestamp": "2025-06-26T10:23:39.644Z", "sessionID": "ebcbfa72-1d29-47dd-b304-f62054408ada", "rank": "12", "stance": "pro", "action": "chooseStance", "doc": "S6334dfa0-A476416c4", "doclen": 697, "score": 26.854292502155843}
{"type": "toggleArgument", "timestamp": "2025-06-26T10:23:50.675Z", "sessionID": "ebcbfa72-1d29-47dd-b304-f62054408ada", "rank": "14", "doc": "Sea2e9e7f-A804cc5a", "action": "expand", "doclen": 2041, "score": 26.72655704147467}
{"type": "StanceClicked", "timestamp": "2025-06-26T10:24:15.405Z", "sessionID": "ebcbfa72-1d29-47dd-b304-f62054408ada", "rank": "14", "stance": "con", "action": "chooseStance", "doc": "Sea2e9e7f-A804cc5a", "doclen": 2041, "score": 26.72655704147467}
{"type": "toggleArgument", "timestamp": "2025-06-26T10:24:19.253Z", "sessionID": "ebcbfa72-1d29-47dd-b304-f62054408ada", "rank": "15", "doc": "Sd01dadc7-A36f2d47e", "action": "expand", "doclen": 299, "score": 26.578217040098423}
{"type": "toggleArgument", "timestamp": "2025-06-26T10:24:29.637Z", "sessionID": "ebcbfa72-1d29-47dd-b304-f62054408ada", "rank": "16", "doc": "S4366841b-Af165b2d0", "action": "expand", "doclen": 1033, "score": 26.572091365099578}
{"type": "queryBoxFocused", "timestamp": "2025-06-26T10:24:34.217Z", "sessionID": "ebcbfa72-1d29-47dd-b304-f62054408ada"}
{"type": "querySubmitted", "timestamp": "2025-06-26T10:24:39.742Z", "sessionID": "ebcbfa72-1d29-47dd-b304-f62054408ada", "query": "same sex marriage"}
{"docno": "S3268b958-Acf19b009", "score": 20.17812966366198}
{"docno": "Sc91960a0-Ac85d4172", "score": 19.9669125385336}
{"docno": "S633571e8-A4cd229c6", "score": 19.83466518104744}
{"docno": "S63357226-A2e59041f", "score": 19.74769120008792}
{"docno": "S916a7c2f-Ac4b27971", "score": 19.735576284996718}
{"docno": "S4366841b-A3a028eb", "score": 19.65708510987077}
{"docno": "Sd2f4b1cd-A8743395f", "score": 19.629560959316372}
{"docno": "S41574d40-A250a46ca", "score": 19.48476633138868}
{"docno": "S63346a87-A59ed25b1", "score": 19.374810853282916}
{"docno": "S534563b9-A8e54cd", "score": 19.268392693177628}
{"docno": "Sb93de574-A6dc923dc", "score": 19.18629539504296}
{"docno": "Sfc5357c6-Ad02627f0", "score": 19.108393512669526}
{"docno": "S12abc1c3-A7b72a46e", "score": 19.10586060033514}
{"docno": "S3268b958-A592663a8", "score": 19.075159598892057}
{"docno": "S6454adf8-Ad924d7f4", "score": 19.074049576104933}
{"docno": "S4366841b-A21b6a48d", "score": 19.062479182361493}
{"docno": "Se1f7dd3a-Ad7a2be22", "score": 19.012651505452574}
{"docno": "Sc99a47e-Ab79e6871", "score": 19.012297734463154}
{"docno": "Sbb0ef44e-A233414ac", "score": 18.988864470679427}
{"docno": "Sea2e9e22-A356ce5e", "score": 18.94932509789475}
{"docno": "S25961e7-A13af3c63", "score": 18.940922160469718}
{"docno": "S8b3084f3-A6d90b8f", "score": 18.93336654674785}
{"docno": "S63357226-Aad942fcf", "score": 18.892554868876367}
{"docno": "S63346ea5-A2116726", "score": 18.87910918853767}
{"docno": "S12abc109-A42855892", "score": 18.87164776641693}
{"docno": "S12abc109-A87c22432", "score": 18.865010988349397}
{"docno": "Sd01dadc7-A36f2d47e", "score": 18.859359137498643}
{"docno": "Sc1e575cb-A632d1d1b", "score": 18.812875063354543}
{"docno": "S907d3d7d-Aa11d105a", "score": 18.81169866692194}
{"docno": "S12abc1c3-Ac31eb62b", "score": 18.80871153555512}
{"docno": "Sd2f4b1cd-A746a1f45", "score": 18.799508934941937}
{"docno": "Seb8b217-A384468a3", "score": 18.79572592740904}
{"docno": "Sa703602d-A9fd27ae3", "score": 18.751001072189034}
{"docno": "S6566285-A3866ca1b", "score": 18.74561642501419}
{"docno": "S2f26bb50-A6e42578b", "score": 18.690945379359405}
{"docno": "S916a7c2f-Ab21a459d", "score": 18.683610768754136}
{"docno": "S8cc3f2d5-Abfee9b9b", "score": 18.619988166804603}
{"docno": "S633571aa-Aabfa56ec", "score": 18.60725215960788}
{"docno": "S8d358e35-Adbc47f9f", "score": 18.605955585933028}
{"docno": "S25961e7-Af274579", "score": 18.586134098633785}
{"docno": "Sfc2305a5-A888550bd", "score": 18.553186599125745}
{"docno": "S25961e7-Aafc61a6e", "score": 18.53306207929297}
{"docno": "Sc1e575cb-Ae1ea2620", "score": 18.518577516716483}
{"docno": "Se65906b2-A4a112dea", "score": 18.499207197876828}
{"docno": "S696d842f-Aeb21abc3", "score": 18.486340161312825}
{"docno": "S3268b939-A58f3003a", "score": 18.483461754155947}
{"docno": "S52c8fae1-A7abd8e25", "score": 18.47862578076647}
{"docno": "S2ec6c5e9-A4d60d638", "score": 18.44029352486956}
{"docno": "S79afdb80-A3571332d", "score": 18.423619397740268}
{"docno": "Sb79cf889-Aebbc3d19", "score": 18.41057637329397}
{"docno": "Sdf991015-Add599712", "score": 18.405169508392788}
{"docno": "Sf1334ce1-A3e9db3ea", "score": 18.38483907529364}
{"docno": "S4366841b-Af165b2d0", "score": 18.35085337647955}
{"docno": "Sfdc7da1-A45ec8f25", "score": 18.331514126296412}
{"docno": "Sc24d944a-A54e7aebe", "score": 18.301708105795107}
{"docno": "S9f43a2b7-A78ae5e6b", "score": 18.297298159420627}
{"docno": "Se2f000b9-Acdae6e51", "score": 18.25849198000327}
{"docno": "Sf1367011-A1dd03c2d", "score": 18.255292077987054}
{"docno": "Sae59d57-Aa1942f96", "score": 18.233214125683645}
{"docno": "S6335c83f-Afec513a4", "score": 18.232306207851778}
{"docno": "S378598fa-Acaae1514", "score": 18.212002577993047}
{"docno": "S49e8ade5-A1ff51568", "score": 18.1870487964611}
{"docno": "S13428757-Aae46c205", "score": 18.168179393700488}
{"docno": "Sdb2d8230-A89c17997", "score": 18.167025486893426}
{"docno": "Sa2f192fd-A713ae807", "score": 18.16029338126909}
{"docno": "S2a35971a-A99601a0e", "score": 18.154500142245652}
{"docno": "S12abc0cb-A37e8f196", "score": 18.152600400378283}
{"docno": "S630b4b6a-Afe73b101", "score": 18.119987697271505}
{"docno": "Se65906b2-A6fa0d647", "score": 18.099748995454824}
{"docno": "S5d034f2d-Adcd9ce99", "score": 18.081130160878267}
{"docno": "S5d95a57e-A9068a95c", "score": 18.07487282432924}
{"docno": "Saad4e330-A570f15af", "score": 18.06719579205337}
{"docno": "S5e01dc7e-Aa5f3f0b", "score": 18.064430243346678}
{"docno": "Sd2f4b1cd-A611f46e4", "score": 18.06001524708151}
{"docno": "Sfa358b68-A12d2913e", "score": 18.05788927883254}
{"docno": "Sf27da082-A5dd9dd85", "score": 18.035462105984323}
{"docno": "Seb8b217-Aa9087da4", "score": 18.005670744417074}
{"docno": "Sc1e575cb-A3e8f0c11", "score": 17.997455579307786}
{"docno": "S13428738-A1e13f148", "score": 17.983014732297278}
{"docno": "S998eaf70-A4ae1ea7c", "score": 17.978045295732603}
{"docno": "S6334e741-A7634dadc", "score": 17.963294564042805}
{"docno": "S8b450209-Acc627248", "score": 17.955481790747434}
{"docno": "S21f0cb46-Addef978a", "score": 17.951107129868635}
{"docno": "S916a7c2f-A938bcb15", "score": 17.93987436475338}
{"docno": "S517628d0-A34b81b2a", "score": 17.916582564399135}
{"docno": "Seb6bf7d5-A85ed2733", "score": 17.911692116124403}
{"docno": "Sae962a45-A5756e7f7", "score": 17.909741034881208}
{"docno": "Sc181a63e-Aaf260b55", "score": 17.909594089429447}
{"docno": "S6565a87-A77e13c9c", "score": 17.898484821499036}
{"docno": "S65665ca-A92efc7b2", "score": 17.877070856686075}
{"docno": "Sf0369d47-A17435e08", "score": 17.877070856686075}
{"docno": "S4c97ad03-A4e4cd5af", "score": 17.864121627345284}
{"docno": "S63355383-A2f6510fc", "score": 17.857983455936374}
{"docno": "S5e01dc7e-Afaf1515b", "score": 17.850796607215962}
{"docno": "S30fbca28-A674a7527", "score": 17.832260431832637}
{"docno": "S4631b4c5-A59bff736", "score": 17.795931851956762}
{"docno": "Sde7e68bd-Ac40b2fdc", "score": 17.789865880789364}
{"docno": "S35a734b-Aaf889f71", "score": 17.788969015525826}
{"docno": "S40f91664-A1bcfd00b", "score": 17.78061358606252}
{"docno": "Se7874aab-Aae029cb", "score": 17.78026059218922}
{"type": "toggleArgument", "timestamp": "2025-06-26T10:24:45.021Z", "sessionID": "ebcbfa72-1d29-47dd-b304-f62054408ada", "rank": "1", "doc": "S3268b958-Acf19b009", "action": "expand", "doclen": 493, "score": 20.17812966366198}
{"type": "toggleArgument", "timestamp": "2025-06-26T10:25:04.670Z", "sessionID": "ebcbfa72-1d29-47dd-b304-f62054408ada", "rank": "2", "doc": "Sc91960a0-Ac85d4172", "action": "expand", "doclen": 929, "score": 19.9669125385336}
{"type": "StanceClicked", "timestamp": "2025-06-26T10:25:12.392Z", "sessionID": "ebcbfa72-1d29-47dd-b304-f62054408ada", "rank": "2", "stance": "pro", "action": "chooseStance", "doc": "Sc91960a0-Ac85d4172", "doclen": 929, "score": 19.9669125385336}
{"type": "toggleArgument", "timestamp": "2025-06-26T10:25:18.542Z", "sessionID": "ebcbfa72-1d29-47dd-b304-f62054408ada", "rank": "3", "doc": "S633571e8-A4cd229c6", "action": "expand", "doclen": 497, "score": 19.83466518104744}
{"type": "toggleArgument", "timestamp": "2025-06-26T10:25:33.358Z", "sessionID": "ebcbfa72-1d29-47dd-b304-f62054408ada", "rank": "4", "doc": "S63357226-A2e59041f", "action": "expand", "doclen": 579, "score": 19.74769120008792}
{"type": "StanceClicked", "timestamp": "2025-06-26T10:25:43.424Z", "sessionID": "ebcbfa72-1d29-47dd-b304-f62054408ada", "rank": "4", "stance": "pro", "action": "chooseStance", "doc": "S63357226-A2e59041f", "doclen": 579, "score": 19.74769120008792}
{"type": "toggleArgument", "timestamp": "2025-06-26T10:25:46.279Z", "sessionID": "ebcbfa72-1d29-47dd-b304-f62054408ada", "rank": "6", "doc": "S4366841b-A3a028eb", "action": "expand", "doclen": 1181, "score": 26.329632308928325}
{"type": "toggleArgument", "timestamp": "2025-06-26T10:26:38.630Z", "sessionID": "ebcbfa72-1d29-47dd-b304-f62054408ada", "rank": "8", "doc": "S41574d40-A250a46ca", "action": "expand", "doclen": 1140, "score": 13.928388588037041}
{"type": "pageNavigationClicked", "timestamp": "2025-06-26T10:27:02.517Z", "sessionID": "ebcbfa72-1d29-47dd-b304-f62054408ada", "clicked": "7", "fromPage": 1, "toPage": 7}
{"type": "toggleArgument", "timestamp": "2025-06-26T10:27:24.518Z", "sessionID": "ebcbfa72-1d29-47dd-b304-f62054408ada", "rank": "65", "doc": "Sa2f192fd-A713ae807", "action": "expand", "doclen": 1303, "score": 18.16029338126909}
{"type": "StanceClicked", "timestamp": "2025-06-26T10:27:59.782Z", "sessionID": "ebcbfa72-1d29-47dd-b304-f62054408ada", "rank": "65", "stance": "con", "action": "chooseStance", "doc": "Sa2f192fd-A713ae807", "doclen": 1303, "score": 18.16029338126909}
{"type": "toggleArgument", "timestamp": "2025-06-26T10:28:11.429Z", "sessionID": "ebcbfa72-1d29-47dd-b304-f62054408ada", "rank": "66", "doc": "S2a35971a-A99601a0e", "action": "expand", "doclen": 2992, "score": 18.154500142245652}
{"type": "toggleArgument", "timestamp": "2025-06-26T10:28:21.748Z", "sessionID": "ebcbfa72-1d29-47dd-b304-f62054408ada", "rank": "68", "doc": "S630b4b6a-Afe73b101", "action": "expand", "doclen": 2816, "score": 18.119987697271505}
{"type": "StanceClicked", "timestamp": "2025-06-26T10:29:18.397Z", "sessionID": "ebcbfa72-1d29-47dd-b304-f62054408ada", "rank": "68", "stance": "con", "action": "chooseStance", "doc": "S630b4b6a-Afe73b101", "doclen": 2816, "score": 18.119987697271505}
{"type": "toggleArgument", "timestamp": "2025-06-26T10:29:38.772Z", "sessionID": "ebcbfa72-1d29-47dd-b304-f62054408ada", "rank": "70", "doc": "S5d034f2d-Adcd9ce99", "action": "expand", "doclen": 787, "score": 18.081130160878267}
{"type": "queryBoxFocused", "timestamp": "2025-06-26T10:30:07.806Z", "sessionID": "ebcbfa72-1d29-47dd-b304-f62054408ada"}
{"type": "ClickedEndTask", "timestamp": "2025-06-26T10:30:16.900Z", "sessionID": "ebcbfa72-1d29-47dd-b304-f62054408ada"}
{"type": "TaskEndConfirmed", "timestamp": "2025-06-26T10:30:17.955Z", "sessionID": "ebcbfa72-1d29-47dd-b304-f62054408ada"}
{"type": "TaskEnded", "timestamp": "2025-06-26T10:30:21.156Z", "sessionID": "ebcbfa72-1d29-47dd-b304-f62054408ada", "reason": "Zeit um", "translated_reason": "Time around"}
