{"type": "idSubmitted", "timestamp": "2025-06-26T10:19:56.950Z", "sessionID": "e96bc236-3626-472c-8709-356d01dd3ee6", "uid": "Participant7"}
{"type": "TaskStarted", "timestamp": "2025-06-26T10:24:19.450Z", "sessionID": "e96bc236-3626-472c-8709-356d01dd3ee6", "task": "1", "uid": "Participant7", "topic": "Should students have to wear school uniforms?"}
{"type": "ClickedEndTask", "timestamp": "2025-06-26T10:24:24.698Z", "sessionID": "e96bc236-3626-472c-8709-356d01dd3ee6"}
{"type": "queryBoxFocused", "timestamp": "2025-06-26T10:24:27.191Z", "sessionID": "e96bc236-3626-472c-8709-356d01dd3ee6"}
{"type": "querySubmitted", "timestamp": "2025-06-26T10:24:44.115Z", "sessionID": "e96bc236-3626-472c-8709-356d01dd3ee6", "query": "should \"students\" wear \"uniforms\""}
{"docno": "Sdf002939-A16fb02cb", "score": 35.47719124194674}
{"docno": "Sa7f5e454-Aa1f0762e", "score": 34.69690258162213}
{"docno": "Sdf002939-A4ef9cc8b", "score": 34.40223654349013}
{"docno": "S28f316b1-A9f2c545d", "score": 34.06533319503917}
{"docno": "Sa7f5e454-Aa0c35a66", "score": 33.667209799603924}
{"docno": "S46c53f41-A16abe10d", "score": 33.57742108820931}
{"docno": "S28f316b1-Afc1bd496", "score": 33.55119235089404}
{"docno": "Sc617f5ab-Aa49d13a4", "score": 33.37686997497182}
{"docno": "S4430de8b-A69be20d9", "score": 33.05743250995118}
{"docno": "S573179be-Ac268c903", "score": 32.98401274634699}
{"docno": "Sd03ac3d1-Aca31f7f4", "score": 32.9519803823945}
{"docno": "Sf78f4149-A9b3b2aca", "score": 32.86838090852}
{"docno": "Sf0deef6e-A4b4d5a43", "score": 32.86216032110663}
{"docno": "Sf84713e2-Aed865cae", "score": 32.83805670595903}
{"docno": "S94533937-Ad086d150", "score": 32.82245284366185}
{"docno": "Sc617f5ab-Ad89cc81", "score": 32.81370849803516}
{"docno": "Sf4ca2630-A1de21ac8", "score": 32.70492341844478}
{"docno": "Sca9c6b9f-Ac4470c33", "score": 32.618238247813835}
{"docno": "Se2027ef-Aae38d937", "score": 32.582717870930054}
{"docno": "Se2027ef-A827b6c2c", "score": 32.57664083487632}
{"docno": "Se185aed6-Afe329e72", "score": 32.48149085865697}
{"docno": "S2f076d70-A97b03b79", "score": 32.466454374219566}
{"docno": "Sc7f51e34-A65d1843", "score": 32.46013763551955}
{"docno": "S8156d8db-Aa911620", "score": 32.43558041554613}
{"docno": "S4430de8b-Af1b6d6e1", "score": 32.386686790587504}
{"docno": "S96158d24-A6bebeb55", "score": 32.31944725391677}
{"docno": "S4430de8b-Ab3ebb383", "score": 32.14543607450814}
{"docno": "S720383e6-A59c6986", "score": 32.085592477517125}
{"docno": "S109aed09-A40a44dba", "score": 32.07121619048524}
{"docno": "S23c2cf2-Ae172c109", "score": 32.028595962165866}
{"docno": "S6f5c7d0-Ad14456f8", "score": 31.9723877500524}
{"docno": "Sdf002939-Afcafcb82", "score": 31.950741419966803}
{"docno": "S8156d8db-A1199658a", "score": 31.88834113468443}
{"docno": "Sa7f5e454-Ac4f47b55", "score": 31.869706046037415}
{"docno": "Se00774d1-A5379e54b", "score": 31.671178970642803}
{"docno": "S5f1c7022-A1be771df", "score": 31.62957248014851}
{"docno": "Sa54d8ac8-A355b69ac", "score": 31.616967245001206}
{"docno": "S16833a0f-A1dca1094", "score": 31.616967245001206}
{"docno": "S24035ce9-Aba9c219", "score": 31.61114419776574}
{"docno": "S4c9720fc-A829ffe20", "score": 31.532266938831555}
{"docno": "S563c9db1-Aea328b67", "score": 31.39332777939226}
{"docno": "S9b531995-A8675fb9f", "score": 31.38043532517294}
{"docno": "Sf4ca2630-Ac5cfb539", "score": 31.28139633015734}
{"docno": "S24034d4a-A71658ff", "score": 31.157632693144436}
{"docno": "Scf842d6a-Ab97fdc6e", "score": 31.149459284995096}
{"docno": "S46c53f41-Ab8999033", "score": 31.097803580602807}
{"docno": "S24035966-Aeca13d3d", "score": 31.06394744877332}
{"docno": "Se2027ef-Ae88be93a", "score": 31.060236238436048}
{"docno": "S720383e6-Ac53eaa46", "score": 30.987425864874943}
{"docno": "S8897f051-Afc319111", "score": 30.980509291771895}
{"docno": "Sc7f51eb0-Acba39bec", "score": 30.974067293973153}
{"docno": "S94533937-A697a2d1d", "score": 30.96485894843397}
{"docno": "Sca052f96-Aa9c8a6d6", "score": 30.960227333691776}
{"docno": "S359fde49-A1d01956c", "score": 30.910182031800126}
{"docno": "Sf0896680-A5d0ea96", "score": 30.799215802449766}
{"docno": "Sd03ac3d1-Ab7418f54", "score": 30.785509269405125}
{"docno": "S54b181c-Ae21acdb9", "score": 30.767825937007125}
{"docno": "S24035fd1-A3961e8a7", "score": 30.717957888208204}
{"docno": "S720383e6-Af3023d76", "score": 30.624826138415788}
{"docno": "Scf842d6a-Abc94cafd", "score": 30.599859764040684}
{"docno": "Sf4a3ee69-A7e7d7cc9", "score": 30.599499056504193}
{"docno": "S466a544c-Aa9e8a409", "score": 30.599499056504193}
{"docno": "Sa6993c62-A3759987d", "score": 30.58289542339157}
{"docno": "S8c4e8eea-Af519ad08", "score": 30.56230625701691}
{"docno": "S2403586e-Ab56cf4ce", "score": 30.522747952134218}
{"docno": "Sfa922cd8-A64be56e9", "score": 30.514633456335346}
{"docno": "S54d229b5-A6ac63c86", "score": 30.476294495952153}
{"docno": "Sf4a3ee69-Affbcb89", "score": 30.452441310939307}
{"docno": "S466a544c-A8d0a712e", "score": 30.452441310939307}
{"docno": "S7bf53995-Ad43a6eca", "score": 30.438940906831583}
{"docno": "Sf78f4149-A3bdc0488", "score": 30.413229969937074}
{"docno": "Se9900875-A561fe071", "score": 30.38614350551841}
{"docno": "Sf0deef6e-A6a739598", "score": 30.289789880080185}
{"docno": "Seb9a4d4d-Ae7f6b461", "score": 30.287729136829924}
{"docno": "S6b6cd8cd-A3ca96cbb", "score": 30.187728075256175}
{"docno": "Sa6993c62-A201fcdf1", "score": 30.113001355161966}
{"docno": "Sf0896680-Ad6eeaabf", "score": 30.098988137138498}
{"docno": "S273d903e-A5bfe1e6a", "score": 30.088918565193005}
{"docno": "S54d229b5-Afde673b8", "score": 30.083361266892283}
{"docno": "S7ba06a9e-A9b7fcc6e", "score": 30.06428744805065}
{"docno": "Sca9c6b9f-Ac5c7b7ce", "score": 30.043976114364046}
{"docno": "Sf0896680-A24b1ac77", "score": 30.01302023063029}
{"docno": "Sb5339025-Aa854af0b", "score": 30.012193691980045}
{"docno": "Se185ae98-A3971ad10", "score": 29.978084782442977}
{"docno": "Sca9c6b9f-A850aff5c", "score": 29.941963429508665}
{"docno": "Sf1b2e4e-Adca25555", "score": 29.929559057599242}
{"docno": "S9389d854-Abfba3ae0", "score": 29.90776941048025}
{"docno": "S38c67339-Aebbb9822", "score": 29.901879004252557}
{"docno": "Sa7f5e454-A1f5e295e", "score": 29.89956356135463}
{"docno": "S7ba06a9e-A5ade6fe2", "score": 29.891066703303498}
{"docno": "S1f6b2853-A14271f51", "score": 29.818683379660733}
{"docno": "Sf6f33da9-A152a589e", "score": 29.809140448647973}
{"docno": "Sc7f51e34-Abaafebab", "score": 29.7882702722781}
{"docno": "S8ae1260a-Afb1eb01c", "score": 29.706463801853413}
{"docno": "S5a92807d-Ac0a7cd5c", "score": 29.696175789967707}
{"docno": "S4eed3412-A4f1000c6", "score": 29.657581904322605}
{"docno": "Sfe10ede9-A370b8c73", "score": 29.655695673102546}
{"docno": "Sca9c6b9f-A1e323d38", "score": 29.59815733693823}
{"docno": "S4154637f-A547dc5b5", "score": 29.54298343990552}
{"docno": "Se185ae98-A6a8662fe", "score": 29.539463849641827}
{"type": "toggleArgument", "timestamp": "2025-06-26T10:24:54.866Z", "sessionID": "e96bc236-3626-472c-8709-356d01dd3ee6", "rank": "1", "doc": "Sdf002939-A16fb02cb", "action": "expand", "doclen": 1686, "score": 22.220039659525117}
{"type": "StanceClicked", "timestamp": "2025-06-26T10:25:06.035Z", "sessionID": "e96bc236-3626-472c-8709-356d01dd3ee6", "rank": "1", "stance": "con", "action": "chooseStance", "doc": "Sdf002939-A16fb02cb", "doclen": 1686, "score": 22.220039659525117}
{"type": "toggleArgument", "timestamp": "2025-06-26T10:25:08.274Z", "sessionID": "e96bc236-3626-472c-8709-356d01dd3ee6", "rank": "2", "doc": "Sa7f5e454-Aa1f0762e", "action": "expand", "doclen": 856, "score": 21.07904557087364}
{"type": "StanceClicked", "timestamp": "2025-06-26T10:25:33.149Z", "sessionID": "e96bc236-3626-472c-8709-356d01dd3ee6", "rank": "2", "stance": "pro", "action": "chooseStance", "doc": "Sa7f5e454-Aa1f0762e", "doclen": 856, "score": 21.07904557087364}
{"type": "toggleArgument", "timestamp": "2025-06-26T10:25:36.380Z", "sessionID": "e96bc236-3626-472c-8709-356d01dd3ee6", "rank": "3", "doc": "Sdf002939-A4ef9cc8b", "action": "expand", "doclen": 2227, "score": 21.85479848707372}
{"type": "toggleArgument", "timestamp": "2025-06-26T10:25:43.756Z", "sessionID": "e96bc236-3626-472c-8709-356d01dd3ee6", "rank": "4", "doc": "S28f316b1-A9f2c545d", "action": "expand", "doclen": 1401, "score": 23.11000191299791}
{"type": "StanceClicked", "timestamp": "2025-06-26T10:26:25.039Z", "sessionID": "e96bc236-3626-472c-8709-356d01dd3ee6", "rank": "4", "stance": "con", "action": "chooseStance", "doc": "S28f316b1-A9f2c545d", "doclen": 1401, "score": 23.11000191299791}
{"type": "toggleArgument", "timestamp": "2025-06-26T10:26:27.231Z", "sessionID": "e96bc236-3626-472c-8709-356d01dd3ee6", "rank": "5", "doc": "Sa7f5e454-Aa0c35a66", "action": "expand", "doclen": 939, "score": 22.558630995085778}
{"type": "StanceClicked", "timestamp": "2025-06-26T10:26:40.447Z", "sessionID": "e96bc236-3626-472c-8709-356d01dd3ee6", "rank": "5", "stance": "con", "action": "chooseStance", "doc": "Sa7f5e454-Aa0c35a66", "doclen": 939, "score": 22.558630995085778}
{"type": "toggleArgument", "timestamp": "2025-06-26T10:26:41.886Z", "sessionID": "e96bc236-3626-472c-8709-356d01dd3ee6", "rank": "6", "doc": "S46c53f41-A16abe10d", "action": "expand", "doclen": 1846, "score": 20.901381027011244}
{"type": "StanceClicked", "timestamp": "2025-06-26T10:27:29.367Z", "sessionID": "e96bc236-3626-472c-8709-356d01dd3ee6", "rank": "6", "stance": "con", "action": "chooseStance", "doc": "S46c53f41-A16abe10d", "doclen": 1846, "score": 20.901381027011244}
{"type": "StanceClicked", "timestamp": "2025-06-26T10:27:31.167Z", "sessionID": "e96bc236-3626-472c-8709-356d01dd3ee6", "rank": "6", "stance": "pro", "action": "chooseStance", "doc": "S46c53f41-A16abe10d", "doclen": 1846, "score": 20.901381027011244}
{"type": "StanceClicked", "timestamp": "2025-06-26T10:27:31.527Z", "sessionID": "e96bc236-3626-472c-8709-356d01dd3ee6", "rank": "6", "stance": "con", "action": "chooseStance", "doc": "S46c53f41-A16abe10d", "doclen": 1846, "score": 20.901381027011244}
{"type": "toggleArgument", "timestamp": "2025-06-26T10:27:33.711Z", "sessionID": "e96bc236-3626-472c-8709-356d01dd3ee6", "rank": "7", "doc": "S28f316b1-Afc1bd496", "action": "expand", "doclen": 1947, "score": 23.12419534413967}
{"type": "toggleArgument", "timestamp": "2025-06-26T10:27:56.583Z", "sessionID": "e96bc236-3626-472c-8709-356d01dd3ee6", "rank": "8", "doc": "Sc617f5ab-Aa49d13a4", "action": "expand", "doclen": 599, "score": 21.13079367335253}
{"type": "toggleArgument", "timestamp": "2025-06-26T10:27:59.303Z", "sessionID": "e96bc236-3626-472c-8709-356d01dd3ee6", "rank": "9", "doc": "S4430de8b-A69be20d9", "action": "expand", "doclen": 304, "score": 21.04511621000069}
{"type": "StanceClicked", "timestamp": "2025-06-26T10:28:26.927Z", "sessionID": "e96bc236-3626-472c-8709-356d01dd3ee6", "rank": "8", "stance": "con", "action": "chooseStance", "doc": "Sc617f5ab-Aa49d13a4", "doclen": 599, "score": 21.13079367335253}
{"type": "toggleArgument", "timestamp": "2025-06-26T10:28:35.814Z", "sessionID": "e96bc236-3626-472c-8709-356d01dd3ee6", "rank": "10", "doc": "S573179be-Ac268c903", "action": "expand", "doclen": 1307, "score": 20.80045364065097}
{"type": "StanceClicked", "timestamp": "2025-06-26T10:28:57.030Z", "sessionID": "e96bc236-3626-472c-8709-356d01dd3ee6", "rank": "10", "stance": "con", "action": "chooseStance", "doc": "S573179be-Ac268c903", "doclen": 1307, "score": 20.80045364065097}
{"type": "pageNavigationClicked", "timestamp": "2025-06-26T10:28:58.046Z", "sessionID": "e96bc236-3626-472c-8709-356d01dd3ee6", "clicked": "1", "fromPage": 1, "toPage": 1}
{"type": "pageNavigationClicked", "timestamp": "2025-06-26T10:29:03.351Z", "sessionID": "e96bc236-3626-472c-8709-356d01dd3ee6", "clicked": "2", "fromPage": 1, "toPage": 2}
{"type": "toggleArgument", "timestamp": "2025-06-26T10:29:05.623Z", "sessionID": "e96bc236-3626-472c-8709-356d01dd3ee6", "rank": "11", "doc": "Sd03ac3d1-Aca31f7f4", "action": "expand", "doclen": 662, "score": 21.946741457616458}
{"type": "StanceClicked", "timestamp": "2025-06-26T10:29:35.302Z", "sessionID": "e96bc236-3626-472c-8709-356d01dd3ee6", "rank": "11", "stance": "con", "action": "chooseStance", "doc": "Sd03ac3d1-Aca31f7f4", "doclen": 662, "score": 21.946741457616458}
{"type": "toggleArgument", "timestamp": "2025-06-26T10:29:36.717Z", "sessionID": "e96bc236-3626-472c-8709-356d01dd3ee6", "rank": "12", "doc": "Sf78f4149-A9b3b2aca", "action": "expand", "doclen": 2207, "score": 21.653905993469955}
{"type": "StanceClicked", "timestamp": "2025-06-26T10:30:05.862Z", "sessionID": "e96bc236-3626-472c-8709-356d01dd3ee6", "rank": "12", "stance": "pro", "action": "chooseStance", "doc": "Sf78f4149-A9b3b2aca", "doclen": 2207, "score": 21.653905993469955}
{"type": "toggleArgument", "timestamp": "2025-06-26T10:30:06.958Z", "sessionID": "e96bc236-3626-472c-8709-356d01dd3ee6", "rank": "13", "doc": "Sf0deef6e-A4b4d5a43", "action": "expand", "doclen": 2954, "score": 21.009942144804356}
{"type": "toggleArgument", "timestamp": "2025-06-26T10:30:21.877Z", "sessionID": "e96bc236-3626-472c-8709-356d01dd3ee6", "rank": "14", "doc": "Sf84713e2-Aed865cae", "action": "expand", "doclen": 444, "score": 21.576076062642464}
{"type": "toggleArgument", "timestamp": "2025-06-26T10:30:28.597Z", "sessionID": "e96bc236-3626-472c-8709-356d01dd3ee6", "rank": "15", "doc": "S94533937-Ad086d150", "action": "expand", "doclen": 1978, "score": 21.35116354456258}
{"type": "toggleArgument", "timestamp": "2025-06-26T10:31:11.325Z", "sessionID": "e96bc236-3626-472c-8709-356d01dd3ee6", "rank": "16", "doc": "Sc617f5ab-Ad89cc81", "action": "expand", "doclen": 858, "score": 20.977639296832148}
{"type": "toggleArgument", "timestamp": "2025-06-26T10:31:19.812Z", "sessionID": "e96bc236-3626-472c-8709-356d01dd3ee6", "rank": "17", "doc": "Sf4ca2630-A1de21ac8", "action": "expand", "doclen": 2963, "score": 21.163489326998896}
{"type": "StanceClicked", "timestamp": "2025-06-26T10:31:34.077Z", "sessionID": "e96bc236-3626-472c-8709-356d01dd3ee6", "rank": "17", "stance": "pro", "action": "chooseStance", "doc": "Sf4ca2630-A1de21ac8", "doclen": 2963, "score": 21.163489326998896}
{"type": "StanceClicked", "timestamp": "2025-06-26T10:31:54.061Z", "sessionID": "e96bc236-3626-472c-8709-356d01dd3ee6", "rank": "17", "stance": "pro", "action": "removeStance", "doc": "Sf4ca2630-A1de21ac8", "doclen": 2963, "score": 21.163489326998896}
{"type": "toggleArgument", "timestamp": "2025-06-26T10:32:01.292Z", "sessionID": "e96bc236-3626-472c-8709-356d01dd3ee6", "rank": "18", "doc": "Sca9c6b9f-Ac4470c33", "action": "expand", "doclen": 1351, "score": 20.95146393245223}
{"type": "StanceClicked", "timestamp": "2025-06-26T10:32:10.084Z", "sessionID": "e96bc236-3626-472c-8709-356d01dd3ee6", "rank": "18", "stance": "pro", "action": "chooseStance", "doc": "Sca9c6b9f-Ac4470c33", "doclen": 1351, "score": 20.95146393245223}
{"type": "toggleArgument", "timestamp": "2025-06-26T10:32:13.332Z", "sessionID": "e96bc236-3626-472c-8709-356d01dd3ee6", "rank": "19", "doc": "Se2027ef-Aae38d937", "action": "expand", "doclen": 1156, "score": 20.745902669653734}
{"type": "StanceClicked", "timestamp": "2025-06-26T10:32:33.148Z", "sessionID": "e96bc236-3626-472c-8709-356d01dd3ee6", "rank": "19", "stance": "pro", "action": "chooseStance", "doc": "Se2027ef-Aae38d937", "doclen": 1156, "score": 20.745902669653734}
{"type": "toggleArgument", "timestamp": "2025-06-26T10:32:34.036Z", "sessionID": "e96bc236-3626-472c-8709-356d01dd3ee6", "rank": "20", "doc": "Se2027ef-A827b6c2c", "action": "expand", "doclen": 1983, "score": 20.746566723729885}
{"type": "StanceClicked", "timestamp": "2025-06-26T10:32:37.020Z", "sessionID": "e96bc236-3626-472c-8709-356d01dd3ee6", "rank": "20", "stance": "pro", "action": "chooseStance", "doc": "Se2027ef-A827b6c2c", "doclen": 1983, "score": 20.746566723729885}
{"type": "pageNavigationClicked", "timestamp": "2025-06-26T10:32:37.996Z", "sessionID": "e96bc236-3626-472c-8709-356d01dd3ee6", "clicked": "10", "fromPage": 2, "toPage": 10}
{"type": "toggleArgument", "timestamp": "2025-06-26T10:32:45.132Z", "sessionID": "e96bc236-3626-472c-8709-356d01dd3ee6", "rank": "100", "doc": "Se185ae98-A6a8662fe", "action": "expand", "doclen": 574, "score": 21.762622511325716}
{"type": "toggleArgument", "timestamp": "2025-06-26T10:32:51.180Z", "sessionID": "e96bc236-3626-472c-8709-356d01dd3ee6", "rank": "99", "doc": "S4154637f-A547dc5b5", "action": "expand", "doclen": 1169, "score": 21.646604952807238}
{"type": "toggleArgument", "timestamp": "2025-06-26T10:32:59.940Z", "sessionID": "e96bc236-3626-472c-8709-356d01dd3ee6", "rank": "97", "doc": "Sfe10ede9-A370b8c73", "action": "expand", "doclen": 591, "score": 29.655695673102546}
{"type": "StanceClicked", "timestamp": "2025-06-26T10:33:02.060Z", "sessionID": "e96bc236-3626-472c-8709-356d01dd3ee6", "rank": "97", "stance": "pro", "action": "chooseStance", "doc": "Sfe10ede9-A370b8c73", "doclen": 591, "score": 29.655695673102546}
{"type": "StanceClicked", "timestamp": "2025-06-26T10:33:03.548Z", "sessionID": "e96bc236-3626-472c-8709-356d01dd3ee6", "rank": "97", "stance": "con", "action": "chooseStance", "doc": "Sfe10ede9-A370b8c73", "doclen": 591, "score": 29.655695673102546}
{"type": "StanceClicked", "timestamp": "2025-06-26T10:33:07.812Z", "sessionID": "e96bc236-3626-472c-8709-356d01dd3ee6", "rank": "95", "stance": "con", "action": "chooseStance", "doc": "S5a92807d-Ac0a7cd5c", "doclen": 1401, "score": 29.696175789967707}
{"type": "toggleArgument", "timestamp": "2025-06-26T10:33:09.252Z", "sessionID": "e96bc236-3626-472c-8709-356d01dd3ee6", "rank": "95", "doc": "S5a92807d-Ac0a7cd5c", "action": "expand", "doclen": 1401, "score": 29.696175789967707}
{"type": "toggleArgument", "timestamp": "2025-06-26T10:33:13.044Z", "sessionID": "e96bc236-3626-472c-8709-356d01dd3ee6", "rank": "96", "doc": "S4eed3412-A4f1000c6", "action": "expand", "doclen": 1405, "score": 22.253089126971002}
{"type": "StanceClicked", "timestamp": "2025-06-26T10:33:18.020Z", "sessionID": "e96bc236-3626-472c-8709-356d01dd3ee6", "rank": "96", "stance": "pro", "action": "chooseStance", "doc": "S4eed3412-A4f1000c6", "doclen": 1405, "score": 22.253089126971002}
{"type": "StanceClicked", "timestamp": "2025-06-26T10:33:23.115Z", "sessionID": "e96bc236-3626-472c-8709-356d01dd3ee6", "rank": "94", "stance": "con", "action": "chooseStance", "doc": "S8ae1260a-Afb1eb01c", "doclen": 968, "score": 29.706463801853413}
{"type": "toggleArgument", "timestamp": "2025-06-26T10:33:25.195Z", "sessionID": "e96bc236-3626-472c-8709-356d01dd3ee6", "rank": "94", "doc": "S8ae1260a-Afb1eb01c", "action": "expand", "doclen": 968, "score": 29.706463801853413}
{"type": "toggleArgument", "timestamp": "2025-06-26T10:33:30.011Z", "sessionID": "e96bc236-3626-472c-8709-356d01dd3ee6", "rank": "91", "doc": "S1f6b2853-A14271f51", "action": "expand", "doclen": 1840, "score": 21.04683314578179}
{"type": "StanceClicked", "timestamp": "2025-06-26T10:33:33.787Z", "sessionID": "e96bc236-3626-472c-8709-356d01dd3ee6", "rank": "91", "stance": "pro", "action": "chooseStance", "doc": "S1f6b2853-A14271f51", "doclen": 1840, "score": 21.04683314578179}
{"type": "toggleArgument", "timestamp": "2025-06-26T10:33:35.843Z", "sessionID": "e96bc236-3626-472c-8709-356d01dd3ee6", "rank": "93", "doc": "Sc7f51e34-Abaafebab", "action": "expand", "doclen": 1158, "score": 29.7882702722781}
{"type": "toggleArgument", "timestamp": "2025-06-26T10:33:36.963Z", "sessionID": "e96bc236-3626-472c-8709-356d01dd3ee6", "rank": "92", "doc": "Sf6f33da9-A152a589e", "action": "expand", "doclen": 736, "score": 29.809140448647973}
{"type": "StanceClicked", "timestamp": "2025-06-26T10:33:43.275Z", "sessionID": "e96bc236-3626-472c-8709-356d01dd3ee6", "rank": "93", "stance": "pro", "action": "chooseStance", "doc": "Sc7f51e34-Abaafebab", "doclen": 1158, "score": 29.7882702722781}
{"type": "ClickedEndTask", "timestamp": "2025-06-26T10:33:44.323Z", "sessionID": "e96bc236-3626-472c-8709-356d01dd3ee6"}
{"type": "TaskEndConfirmed", "timestamp": "2025-06-26T10:33:45.786Z", "sessionID": "e96bc236-3626-472c-8709-356d01dd3ee6"}
{"type": "TaskEnded", "timestamp": "2025-06-26T10:34:28.538Z", "sessionID": "e96bc236-3626-472c-8709-356d01dd3ee6", "reason": "Found enogh arguments. Could have spend more time, but most likely wouln't have incoperated more args into my essay anyway.", "translated_reason": "Found Enogh arguments. Could have spend More Time, But Most Likely Wouln't Have Incoperated More Args Into My Essay Anyway."}
