{"type": "TaskStarted", "timestamp": "2025-06-26T11:55:55.367Z", "sessionID": "bb68ff84-b38d-4350-b37e-0f07a3ef2143", "task": "2", "uid": "Participant61", "topic": "Is sexual orientation determined at birth?"}
{"type": "queryBoxFocused", "timestamp": "2025-06-26T11:55:56.642Z", "sessionID": "bb68ff84-b38d-4350-b37e-0f07a3ef2143"}
{"type": "querySubmitted", "timestamp": "2025-06-26T11:56:03.919Z", "sessionID": "bb68ff84-b38d-4350-b37e-0f07a3ef2143", "query": "sex birth"}
{"docno": "Sd8737d4f-A66b4eda6", "score": 19.688660797237695}
{"docno": "S3d1a752c-Ab63bbb2b", "score": 18.83905763379819}
{"docno": "Sb67fc3fb-A50505c51", "score": 18.35539246146472}
{"docno": "S8d834d48-A604418bc", "score": 18.205337177369955}
{"docno": "Sb37eee61-Ad40e4ddc", "score": 18.191910111561505}
{"docno": "S1ecef0da-Addb528a1", "score": 18.13744687004782}
{"docno": "S31e333f3-A9c2d4f01", "score": 18.13744687004782}
{"docno": "S6bece754-A1f4c4017", "score": 18.000593136161324}
{"docno": "S2a4ff294-Ae217aeb6", "score": 17.71601642703094}
{"docno": "S6b229b30-Aa83bee", "score": 17.67250479054405}
{"docno": "Se843d75f-A794f6010", "score": 17.63769303351971}
{"docno": "Sc708deb4-A59d69b93", "score": 17.523922003021756}
{"docno": "S7c48bf09-A91b9ecbc", "score": 17.379886491963436}
{"docno": "S9ceaf60d-Afa5d0c13", "score": 17.295490076335142}
{"docno": "S739d0c9a-A1a26ba53", "score": 17.25383449663839}
{"docno": "S6b19ea3e-Af4c2ab11", "score": 17.15983767954585}
{"docno": "S9b4816b5-A83db859e", "score": 17.12939830446394}
{"docno": "S759b1124-A8929b1d5", "score": 16.95366654495219}
{"docno": "S36869af5-A571512a4", "score": 16.95366654495219}
{"docno": "Sc64898ed-Ad5168fd7", "score": 16.924981992907078}
{"docno": "S12abc0cb-A4933b747", "score": 16.711266008804603}
{"docno": "Sf3fff4a7-Af09bb52d", "score": 16.661340541454617}
{"docno": "S7787432e-A8c352770", "score": 16.45841668062705}
{"docno": "S8d834d48-A369f14a0", "score": 16.417013414124085}
{"docno": "S1ecef0da-A3aa6ab6", "score": 16.329916159387093}
{"docno": "S31963c1c-Aa18917a1", "score": 16.323657519149428}
{"docno": "S21910622-Ac2a918b4", "score": 16.203406651155518}
{"docno": "S9080d203-A24ba4740", "score": 16.078842237927716}
{"docno": "Sb0e497ae-Ae58e4a3b", "score": 16.05018777500812}
{"docno": "S284f3543-A4eed23cc", "score": 15.970447672554274}
{"docno": "S8e214b94-Ad6147b51", "score": 15.95731771435596}
{"docno": "Sb65d52b3-Ac498488c", "score": 15.95731771435596}
{"docno": "Sc524f5fa-A2fff1e52", "score": 15.940300488508434}
{"docno": "S24cc12e4-A9009cc1c", "score": 15.871067382138435}
{"docno": "Sb187d6df-Af52a8aed", "score": 15.802454039699303}
{"docno": "Sa2dc9b01-Ad6bde035", "score": 15.776400391596885}
{"docno": "Sdeb2a1a4-A75985df6", "score": 15.713533970317261}
{"docno": "S8f3ce888-A889b4531", "score": 15.653985615839225}
{"docno": "S6b19ea3e-A96597d4", "score": 15.610533977102332}
{"docno": "S3d9819c3-A3bd57627", "score": 15.589917502559416}
{"docno": "Scbb20740-A596cf3a4", "score": 15.58752949571572}
{"docno": "S98cbcd80-Ad35df7a9", "score": 15.584213503587527}
{"docno": "S2a4ff294-Ae787385", "score": 15.518423110461228}
{"docno": "Sb186270d-Acf03ca05", "score": 15.516918798752258}
{"docno": "S37c0c6de-A91380511", "score": 15.516182416912049}
{"docno": "Sd8150fb5-Ac504b837", "score": 15.379178484708763}
{"docno": "S63356d8c-A81872150", "score": 15.369901411385452}
{"docno": "S846f4b24-Ad7e7c4b0", "score": 15.288523262473138}
{"docno": "S240e82b0-Af5a49f97", "score": 15.24876667133275}
{"docno": "Sb186821d-Ad58ae557", "score": 15.244034243460213}
{"docno": "S8d834d48-A5e2bd84f", "score": 15.238051648808867}
{"docno": "S6674528f-A6bfac78a", "score": 15.134435076907844}
{"docno": "S136c9048-A5196e9a1", "score": 15.13384903555366}
{"docno": "S136c9048-Aa52fc308", "score": 15.12482873453166}
{"docno": "S10c1d5c6-A98e32b82", "score": 15.114754468849288}
{"docno": "S52ebc4c-A87985538", "score": 15.038369028300604}
{"docno": "S83e99fac-A5cdf239e", "score": 14.961255184295268}
{"docno": "Sb187d6df-Ae1094645", "score": 14.889414477664651}
{"docno": "S284f3543-A729558d3", "score": 14.869614861951229}
{"docno": "S11b834b9-Aa9a7cef5", "score": 14.865528838797214}
{"docno": "Sd2d87fce-A9f3faaeb", "score": 14.825180609987072}
{"docno": "S641065db-Afbfc86f4", "score": 14.77102612394524}
{"docno": "S9fb4e869-A8d7d2228", "score": 14.751810711279175}
{"docno": "S953496de-Ad0be8086", "score": 14.749902526768508}
{"docno": "S3b5af2ac-Ac3f93f2f", "score": 14.710376365907846}
{"docno": "Sf6d036ec-A664256bd", "score": 14.710376365907846}
{"docno": "Sb884a1c8-A1a027274", "score": 14.706949261944176}
{"docno": "S4c7e2b8-A14959a1e", "score": 14.678118085096227}
{"docno": "S37d15f61-Ae423bdf7", "score": 14.636445579759538}
{"docno": "Seeb74785-Abafd2724", "score": 14.603092051452016}
{"docno": "S9ceaf60d-A75805f87", "score": 14.516495338839748}
{"docno": "S4181eec2-A75364184", "score": 14.446811323928905}
{"docno": "S1b9dbea4-A557b71f1", "score": 14.441843952031052}
{"docno": "Sd4e75281-Aff28f439", "score": 14.414411003194807}
{"docno": "S9a83d2a2-Ac5b4bbcb", "score": 14.375372464897783}
{"docno": "Sd76dccec-A190e562d", "score": 14.375372464897783}
{"docno": "S2c02bfd6-A209427d3", "score": 14.375372464897783}
{"docno": "S92fdc6f-Af339553", "score": 14.36622424417091}
{"docno": "Sb76f82a2-A25ea6cc0", "score": 14.362501829083559}
{"docno": "S858148fe-A86236ad3", "score": 14.317748881179774}
{"docno": "S6334e741-A5e5faa90", "score": 14.304667088213213}
{"docno": "Se42399d4-A5ce79556", "score": 14.304055947118018}
{"docno": "Sc308e840-A380a1e1b", "score": 14.273772172775901}
{"docno": "S53118c7d-A6f8d8aa2", "score": 14.25991596130553}
{"docno": "S775cd6a9-A3187a3e", "score": 14.176811547492083}
{"docno": "S750043eb-A4b480158", "score": 14.165410359038654}
{"docno": "S3584cf5e-A72f4da7e", "score": 14.151703413931465}
{"docno": "Sa234b2a5-Aa85e9287", "score": 14.124371027716549}
{"docno": "Sc7379de-Aec7fef17", "score": 14.096009169744718}
{"docno": "S3b5af2ac-A530b0261", "score": 14.06881527461964}
{"docno": "S142a4629-A43ef9552", "score": 14.022765836082971}
{"docno": "Sb79cf889-Ae659abb8", "score": 13.986065453952353}
{"docno": "Sd8150fb5-A2b731d75", "score": 13.954118975790543}
{"docno": "Sf3fff523-A2404c0d3", "score": 13.88037860123972}
{"docno": "S81e93050-A4a72eef2", "score": 13.85370830826685}
{"docno": "S3d1a752c-A535d6447", "score": 13.830386874995574}
{"docno": "Sf27da082-A15ee3fd9", "score": 13.82466164535675}
{"docno": "S40f91664-A397e26bf", "score": 13.752873907974443}
{"docno": "Sc015fff4-A2ea6ffc2", "score": 13.730660974860408}
{"docno": "S81d67466-Aef597efd", "score": 13.65398174530154}
{"type": "toggleArgument", "timestamp": "2025-06-26T11:56:18.343Z", "sessionID": "bb68ff84-b38d-4350-b37e-0f07a3ef2143", "rank": "5", "doc": "Sb37eee61-Ad40e4ddc", "action": "expand", "doclen": 1215, "score": 18.191910111561505}
{"type": "StanceClicked", "timestamp": "2025-06-26T11:57:28.895Z", "sessionID": "bb68ff84-b38d-4350-b37e-0f07a3ef2143", "rank": "5", "stance": "con", "action": "chooseStance", "doc": "Sb37eee61-Ad40e4ddc", "doclen": 1215, "score": 18.191910111561505}
{"type": "queryBoxFocused", "timestamp": "2025-06-26T11:57:30.864Z", "sessionID": "bb68ff84-b38d-4350-b37e-0f07a3ef2143"}
{"type": "querySubmitted", "timestamp": "2025-06-26T11:57:43.024Z", "sessionID": "bb68ff84-b38d-4350-b37e-0f07a3ef2143", "query": "sexual orientation birth"}
{"docno": "S3584cf5e-A72f4da7e", "score": 31.512922506285932}
{"docno": "Sdfb058ea-Ad712ba13", "score": 29.3130697005973}
{"docno": "S3584cf5e-A902d172e", "score": 28.63179577431654}
{"docno": "S51826e57-A59d8e7df", "score": 27.63468131889061}
{"docno": "Sfba9d594-Ac4f48d57", "score": 25.49707012093326}
{"docno": "S2771aba0-Aaa97a334", "score": 24.960737059499046}
{"docno": "S88021be-Aba29c5b9", "score": 23.930021453681867}
{"docno": "S67148c4d-A719737c9", "score": 23.90336806201564}
{"docno": "Sf1d75e55-A5d84db7a", "score": 23.70807334669734}
{"docno": "Sf1d75df8-Ab98a5cba", "score": 23.607201834245544}
{"docno": "S91e3211a-A6c4f07fb", "score": 23.48579883368855}
{"docno": "Sd8741005-Af4f88db2", "score": 23.397308485990322}
{"docno": "Sc3e91f42-Af58e64ac", "score": 23.330955942351665}
{"docno": "S8de3af5b-A30d39170", "score": 23.04835806205225}
{"docno": "Sd998475c-A98d86f14", "score": 22.774014171715017}
{"docno": "Sc463d35e-A9b632071", "score": 22.770778288322404}
{"docno": "S9c095897-Aeb548c59", "score": 22.694639142763656}
{"docno": "Sb9c0e12b-Ab66b5008", "score": 22.66960431723342}
{"docno": "Sa2582c6b-A816a4bd8", "score": 22.492933853789708}
{"docno": "S479deab2-Ab861c344", "score": 22.411496876106565}
{"docno": "Sd995a8ce-A5c330fb4", "score": 22.371405818676248}
{"docno": "S7a271b49-Abda5897d", "score": 22.255098017350434}
{"docno": "Sce52abfa-Afc141e98", "score": 22.186944854779476}
{"docno": "S9c095897-A854667a4", "score": 22.054946391089217}
{"docno": "Se843d75f-Aaa777cd2", "score": 21.80823658641158}
{"docno": "Sd616d15d-A3ee2cfce", "score": 21.759762723024664}
{"docno": "Seada3b89-Aecbae0b3", "score": 21.629400598919794}
{"docno": "Sd995a8ce-Ad705eb3e", "score": 21.613263746392562}
{"docno": "S7005e549-A902347aa", "score": 21.556380471099775}
{"docno": "S2771aba0-A60ccbf98", "score": 21.472937613546083}
{"docno": "S7839a8e-A8cf2b681", "score": 21.445730113555655}
{"docno": "S45198ce6-A2ae3bf67", "score": 21.399839869617544}
{"docno": "S1df4e73f-A5df691d2", "score": 21.370793680289886}
{"docno": "S7ec5145f-Ada1c2ab7", "score": 21.29453956840573}
{"docno": "S77a5df9b-Abc04cc3f", "score": 21.20015732634488}
{"docno": "Sde96f288-A38eca72d", "score": 21.164977767120114}
{"docno": "Sf8070fca-Ac105b073", "score": 21.128705702581275}
{"docno": "S8257a020-Af19b156c", "score": 20.96151543071568}
{"docno": "S99b18391-Ae1d68dea", "score": 20.945542670826637}
{"docno": "S98f133cd-A83ad82f4", "score": 20.907549801103894}
{"docno": "Sf15d0350-A78080538", "score": 20.85058885589041}
{"docno": "Sf15d0331-A78080538", "score": 20.85058885589041}
{"docno": "S77a5df9b-A5e28515f", "score": 20.81985164108342}
{"docno": "S5549c71-A7b5dcaa5", "score": 20.74057611050766}
{"docno": "Sacc1a0fd-Abcc0f862", "score": 20.698582369289795}
{"docno": "Sfb1a0edd-A8d2ff61d", "score": 20.668258511397077}
{"docno": "S5549c52-A79d65e61", "score": 20.591821703598253}
{"docno": "Sff5c7649-A81ed6735", "score": 20.515236147413965}
{"docno": "Sfba9d594-A6d5ae408", "score": 20.30022070744917}
{"docno": "S6334812c-A6b1cba0a", "score": 20.139977473638137}
{"docno": "S3f243c69-Ab497f6bf", "score": 20.079865443145344}
{"docno": "Sf8070fca-A63da6cfa", "score": 20.074463936811213}
{"docno": "Sfb1a0edd-A2c9e20cc", "score": 20.074463936811213}
{"docno": "Sdd222a9b-Ad8cf5ea1", "score": 19.969358734879144}
{"docno": "S799b5dd2-A53957369", "score": 19.950627063712712}
{"docno": "S2771aba0-A80dfc9f1", "score": 19.9177308117756}
{"docno": "S42a23628-A9e92c30c", "score": 19.9177308117756}
{"docno": "S479deab2-Ab2093e84", "score": 19.90608923683758}
{"docno": "S895c19ea-A4768881f", "score": 19.763426141409113}
{"docno": "Sd995a8ce-Ae44bd3d6", "score": 19.763426141409113}
{"docno": "S3f243c69-Ac628e5a", "score": 19.74159993783465}
{"docno": "Sd995a8ce-Ab4e75c7e", "score": 19.73026724929085}
{"docno": "S79ec1e40-Ae702a9d1", "score": 19.67724807454988}
{"docno": "Sff5c7649-Afaf9e0a4", "score": 19.671531579863455}
{"docno": "S4468a769-Af350c1f7", "score": 19.622741597814247}
{"docno": "S5e01dbe3-Aaa501ba3", "score": 19.616564265090346}
{"docno": "S98f133cd-A4f2ab609", "score": 19.613321839540163}
{"docno": "S2771aba0-A53009edf", "score": 19.61149391915015}
{"docno": "S4c14e1f7-Aa00e026e", "score": 19.61149391915015}
{"docno": "Sd998475c-Ae33db8a3", "score": 19.536365908607216}
{"docno": "S249e601e-A9d8185b4", "score": 19.461879847510332}
{"docno": "Sfba9d594-Aec8df140", "score": 19.453872898143928}
{"docno": "S56d8676d-A4e0ffd25", "score": 19.22022236613533}
{"docno": "Sd50d45f1-A1d088add", "score": 19.175202651331126}
{"docno": "S15445abc-Afb7c0cd6", "score": 19.08293160796204}
{"docno": "S1dbec9e-A28a175bd", "score": 19.036598176771175}
{"docno": "Se1ec511c-A31e7b554", "score": 19.02642785912528}
{"docno": "Scaecc1bf-A4e3d6a2d", "score": 18.962248405521958}
{"docno": "Sea01fdc2-Ad0588d65", "score": 18.906132623069844}
{"docno": "Sd995a8ce-Ae32ccbe5", "score": 18.885575392306194}
{"docno": "Sf64a59a-A1d13a0d8", "score": 18.860670783453152}
{"docno": "S97806e3b-A2aac6679", "score": 18.753374228568795}
{"docno": "S10978723-A5957f58", "score": 18.746793059285082}
{"docno": "S5cb36f7e-Afebe7a27", "score": 18.746793059285082}
{"docno": "S3d1a752c-A1947fe3e", "score": 18.72516375304169}
{"docno": "S3d1a752c-Aaed75b23", "score": 18.669319746987703}
{"docno": "S823b0a7-Ac1796096", "score": 18.61003555530019}
{"docno": "S7fc8398-A1f2aed27", "score": 18.61003555530019}
{"docno": "S600c2fff-Aa0d42008", "score": 18.61003555530019}
{"docno": "Sdc871a12-Ac8f55d2e", "score": 18.61003555530019}
{"docno": "S4b0ccd12-A344c1a58", "score": 18.501491809444396}
{"docno": "Scfde0516-A9f40350a", "score": 18.47525888800525}
{"docno": "S49e8ade5-A261e2f", "score": 18.47525888800525}
{"docno": "S249e601e-A7d8bd914", "score": 18.47525888800525}
{"docno": "Sd9e8fe64-A154cc398", "score": 18.47423170079207}
{"docno": "Sae59d57-Ac3fc9098", "score": 18.472054326326187}
{"docno": "Scbf6033-Addb337a8", "score": 18.297645291210163}
{"docno": "S4b2ffb99-Ab05d2a2a", "score": 18.253227765164166}
{"docno": "S99b18391-A387b10fb", "score": 18.21147837510754}
{"docno": "Sedd3e855-Ae10b6c07", "score": 18.21147837510754}
{"type": "toggleArgument", "timestamp": "2025-06-26T11:57:47.704Z", "sessionID": "bb68ff84-b38d-4350-b37e-0f07a3ef2143", "rank": "2", "doc": "Sdfb058ea-Ad712ba13", "action": "expand", "doclen": 153, "score": 29.3130697005973}
{"type": "toggleArgument", "timestamp": "2025-06-26T11:57:48.655Z", "sessionID": "bb68ff84-b38d-4350-b37e-0f07a3ef2143", "rank": "2", "doc": "Sdfb058ea-Ad712ba13", "action": "reduce", "doclen": 153, "score": 29.3130697005973}
{"type": "StanceClicked", "timestamp": "2025-06-26T11:57:57.328Z", "sessionID": "bb68ff84-b38d-4350-b37e-0f07a3ef2143", "rank": "2", "stance": "con", "action": "chooseStance", "doc": "Sdfb058ea-Ad712ba13", "doclen": 153, "score": 29.3130697005973}
{"type": "toggleArgument", "timestamp": "2025-06-26T11:58:06.200Z", "sessionID": "bb68ff84-b38d-4350-b37e-0f07a3ef2143", "rank": "1", "doc": "S3584cf5e-A72f4da7e", "action": "expand", "doclen": 863, "score": 14.151703413931465}
{"type": "StanceClicked", "timestamp": "2025-06-26T11:58:20.607Z", "sessionID": "bb68ff84-b38d-4350-b37e-0f07a3ef2143", "rank": "1", "stance": "pro", "action": "chooseStance", "doc": "S3584cf5e-A72f4da7e", "doclen": 863, "score": 14.151703413931465}
{"type": "StanceClicked", "timestamp": "2025-06-26T11:58:28.936Z", "sessionID": "bb68ff84-b38d-4350-b37e-0f07a3ef2143", "rank": "3", "stance": "con", "action": "chooseStance", "doc": "S3584cf5e-A902d172e", "doclen": 176, "score": 28.63179577431654}
{"type": "toggleArgument", "timestamp": "2025-06-26T11:58:42.063Z", "sessionID": "bb68ff84-b38d-4350-b37e-0f07a3ef2143", "rank": "6", "doc": "S2771aba0-Aaa97a334", "action": "expand", "doclen": 1255, "score": 24.960737059499046}
{"type": "StanceClicked", "timestamp": "2025-06-26T11:59:05.920Z", "sessionID": "bb68ff84-b38d-4350-b37e-0f07a3ef2143", "rank": "6", "stance": "pro", "action": "chooseStance", "doc": "S2771aba0-Aaa97a334", "doclen": 1255, "score": 24.960737059499046}
{"type": "toggleArgument", "timestamp": "2025-06-26T11:59:18.087Z", "sessionID": "bb68ff84-b38d-4350-b37e-0f07a3ef2143", "rank": "8", "doc": "S67148c4d-A719737c9", "action": "expand", "doclen": 2393, "score": 23.90336806201564}
{"type": "StanceClicked", "timestamp": "2025-06-26T11:59:53.936Z", "sessionID": "bb68ff84-b38d-4350-b37e-0f07a3ef2143", "rank": "8", "stance": "pro", "action": "chooseStance", "doc": "S67148c4d-A719737c9", "doclen": 2393, "score": 23.90336806201564}
{"type": "queryBoxFocused", "timestamp": "2025-06-26T12:00:01.514Z", "sessionID": "bb68ff84-b38d-4350-b37e-0f07a3ef2143"}
{"type": "querySubmitted", "timestamp": "2025-06-26T12:00:26.352Z", "sessionID": "bb68ff84-b38d-4350-b37e-0f07a3ef2143", "query": "gay birth"}
{"docno": "S9b4816b5-A83db859e", "score": 20.02091327737078}
{"docno": "S21910622-Ac2a918b4", "score": 18.05703292755694}
{"docno": "S48d1eb26-Aaf9e643d", "score": 17.623459648466827}
{"docno": "S53365126-A51063bed", "score": 17.225995549926456}
{"docno": "S6334e687-Ad2a1cf9a", "score": 17.22437292167474}
{"docno": "S6d03fb92-A9d0788bd", "score": 15.865312400101011}
{"docno": "S5d034f2d-A9f66144f", "score": 15.840639679363555}
{"docno": "Sd9f365ef-A62d87696", "score": 15.569361503345778}
{"docno": "Sd80c4d18-A20803fed", "score": 15.466696697426709}
{"docno": "S53365126-A408ebf43", "score": 15.461211043001867}
{"docno": "Se1ec511c-Adfd73852", "score": 15.180613487831351}
{"docno": "Sd2f4b1cd-A2d042b57", "score": 15.109936438086354}
{"docno": "Sf0369d47-Acf39c7ab", "score": 15.102902451331333}
{"docno": "Scaecc1bf-Accbeb9e", "score": 15.09611508455341}
{"docno": "Sd2f4b1cd-A5619020d", "score": 15.040327307942546}
{"docno": "S847f89a3-A6516933", "score": 15.034126465112863}
{"docno": "Sf54ab53a-Aa34fb6a", "score": 14.95877208423185}
{"docno": "S4b0ccd12-A344c1a58", "score": 14.938515323648943}
{"docno": "S67148c4d-A719737c9", "score": 14.668674741327784}
{"docno": "Sa9e274ba-A39d3bc0c", "score": 14.665726260951892}
{"docno": "S368a6ce4-A69719735", "score": 14.527008461875969}
{"docno": "Sb6e72f83-A5f47453f", "score": 14.52364947938711}
{"docno": "S4abdfa29-A41c26eaa", "score": 14.353262262216116}
{"docno": "S53365126-A823202ec", "score": 14.240123490977734}
{"docno": "S3395c96c-A421f107f", "score": 14.21530577432214}
{"docno": "S6566608-Acf92aab3", "score": 14.183169466940676}
{"docno": "S90e5c0c9-A7db53cfa", "score": 14.140590155710681}
{"docno": "Sed0b3e0d-A462fc6c", "score": 14.11411796799312}
{"docno": "Sa0e86849-Af1a3c954", "score": 14.102055296300001}
{"docno": "Sa0e86849-A4e20b06a", "score": 14.042196247921568}
{"docno": "Scd11f41f-A8cff4288", "score": 13.962655497102242}
{"docno": "S7efe0470-A47c4fabf", "score": 13.890418572282115}
{"docno": "S7b3f6a3d-A7af51b70", "score": 13.694281455184264}
{"docno": "Sdc660a59-Ab62ff0d9", "score": 13.55509206997289}
{"docno": "S6674528f-A6bfac78a", "score": 13.495146721878704}
{"docno": "S9828e7fb-Ad7570c42", "score": 13.485708086338722}
{"docno": "S368a6ce4-Af4e22d0", "score": 13.482394085803513}
{"docno": "Sc7379de-Aec7fef17", "score": 13.482394085803513}
{"docno": "Sae59d57-Ac3fc9098", "score": 13.462208536296483}
{"docno": "S83991908-Aa96a9d8", "score": 13.458648771149694}
{"docno": "Sd9e86ee5-A1024aaa7", "score": 13.39784586654198}
{"docno": "S368a6ce4-A137e74d7", "score": 13.255467188515661}
{"docno": "S9b4816b5-Add862d2e", "score": 13.24328085726028}
{"docno": "S924aa0b2-A3514edfa", "score": 13.231724252648238}
{"docno": "S41750e7e-A6fe2921a", "score": 13.16994344231846}
{"docno": "Sf64a59a-A7a14e64c", "score": 12.986077265122628}
{"docno": "S3a4b05d0-Aa9d8af80", "score": 12.971347642038644}
{"docno": "Sd01db0ce-Ab5ab9ba8", "score": 12.970774403299338}
{"docno": "S1b1fbdc-Afc6947c3", "score": 12.908081570166345}
{"docno": "Sbe39602b-Ad3e321af", "score": 12.896893778370174}
{"docno": "Scaecc1bf-Aa8dadcba", "score": 12.86972482048523}
{"docno": "S2c02bfd6-A209427d3", "score": 12.86972482048523}
{"docno": "S7476b956-Ad10eac22", "score": 12.762141990617327}
{"docno": "S9f0d4cb6-Af7aa2343", "score": 12.758914887222526}
{"docno": "S61218b54-Acdfd7131", "score": 12.754142056574704}
{"docno": "S2b847bd0-A10ee38d2", "score": 12.73629484265704}
{"docno": "S72c41e34-Ad0526911", "score": 12.716587229367091}
{"docno": "S916687dd-A7798857", "score": 12.674409925138406}
{"docno": "S9f0d4cb6-A2da94cb", "score": 12.604376401304272}
{"docno": "Se1ec511c-Ad63a268d", "score": 12.584933092143187}
{"docno": "Sed588586-Aa233b205", "score": 12.138824942562064}
{"docno": "S8c147dd1-Ad59855a5", "score": 12.132266277202362}
{"docno": "S9497d867-Ad2b5ab9a", "score": 12.084004787554353}
{"docno": "S222851ba-Aa666de93", "score": 12.084004787554353}
{"docno": "S63347247-A337f2b31", "score": 12.03182571735735}
{"docno": "Sc725372c-A8a9eaef2", "score": 11.877605238073745}
{"docno": "Sbf028b9b-A70c57252", "score": 11.839460922105886}
{"docno": "S630bcace-A73b5a54b", "score": 11.790970836098401}
{"docno": "Se15606cd-A9c9b49d7", "score": 11.750711515436087}
{"docno": "Sb1860d23-Ad360fefe", "score": 11.731764364939869}
{"docno": "S1edf90da-A9b0e00", "score": 11.725610070155057}
{"docno": "Sd8741005-Ac597435c", "score": 11.674702580437131}
{"docno": "S24cc12e4-A9009cc1c", "score": 11.661251777522018}
{"docno": "Sa05647b7-Ada9e64d6", "score": 11.513282137150023}
{"docno": "Sea87e196-A7cc792ac", "score": 11.476836034909192}
{"docno": "S9bbf0aa9-A8744d07", "score": 11.462591121734452}
{"docno": "S51a3ae85-A9efc6c9d", "score": 11.45283531090525}
{"docno": "Sb861cee3-A9305fda3", "score": 11.447862364465848}
{"docno": "Sea87e1f3-A2f0e0609", "score": 11.409200458471092}
{"docno": "S868df02a-A15fa82e4", "score": 11.388994762230102}
{"docno": "Sff448f9e-A5dcd496f", "score": 11.374785281194365}
{"docno": "Sd0b2f1f-A273f399a", "score": 11.364338139638239}
{"docno": "Sac9fa785-A852e5ab1", "score": 11.361118940376928}
{"docno": "S2b847bb1-Ae09f3e9e", "score": 11.32835088105509}
{"docno": "Sea87e231-A52947360", "score": 11.324511209465795}
{"docno": "S6334e741-Aaaa0ba68", "score": 11.281593654769981}
{"docno": "S667446b1-A83f0133b", "score": 11.253665387232763}
{"docno": "S8938c77f-Ae34d2f9c", "score": 11.244764216993886}
{"docno": "S9d7979-A2087e883", "score": 11.244764216993886}
{"docno": "S66745558-A9aeeae44", "score": 11.233586244883323}
{"docno": "S7534fed7-Af66074e7", "score": 11.229852162818885}
{"docno": "Sc32adf64-Ad13c356d", "score": 11.204469569000667}
{"docno": "S644418ef-A49ee9bbe", "score": 11.200466270313393}
{"docno": "S8b3084f3-A41510590", "score": 11.18591592205864}
{"docno": "S9f08d1d3-Ac47728cb", "score": 11.151382428262718}
{"docno": "S8801ac6-A81fa77c9", "score": 11.12768037314829}
{"docno": "S66744635-Aeb54f034", "score": 11.113819358830808}
{"docno": "S7c48bf09-A91b9ecbc", "score": 11.112960628180389}
{"docno": "S6bf018ce-Af00ca858", "score": 11.091938969889112}
{"docno": "S57cb503f-Ab7b8a6ba", "score": 11.073735066275226}
{"type": "toggleArgument", "timestamp": "2025-06-26T12:00:30.127Z", "sessionID": "bb68ff84-b38d-4350-b37e-0f07a3ef2143", "rank": "2", "doc": "S21910622-Ac2a918b4", "action": "expand", "doclen": 179, "score": 16.203406651155518}
{"type": "StanceClicked", "timestamp": "2025-06-26T12:00:39.032Z", "sessionID": "bb68ff84-b38d-4350-b37e-0f07a3ef2143", "rank": "2", "stance": "con", "action": "chooseStance", "doc": "S21910622-Ac2a918b4", "doclen": 179, "score": 16.203406651155518}
{"type": "queryBoxFocused", "timestamp": "2025-06-26T12:01:02.147Z", "sessionID": "bb68ff84-b38d-4350-b37e-0f07a3ef2143"}
{"type": "querySubmitted", "timestamp": "2025-06-26T12:01:10.497Z", "sessionID": "bb68ff84-b38d-4350-b37e-0f07a3ef2143", "query": "lesbian birth"}
{"docno": "Scd11f41f-A8cff4288", "score": 20.883714603376553}
{"docno": "Sb6e72f83-A5f47453f", "score": 19.33843342842838}
{"docno": "S7f918657-A449a07b", "score": 17.240805121488272}
{"docno": "S63f15303-A2de94d75", "score": 15.807590761588129}
{"docno": "Sed588586-Aa233b205", "score": 15.639780829839541}
{"docno": "S63f15303-A3dd6c46d", "score": 15.471761056982338}
{"docno": "Sc1e57a84-Ab1f29284", "score": 15.300594959929494}
{"docno": "Sc5a50eab-Adb4beb27", "score": 15.274077122375301}
{"docno": "S13c4354b-Ab5212c50", "score": 15.225901605458029}
{"docno": "Sba80628a-A6b9204a6", "score": 15.015049846457519}
{"docno": "Sd995a8ce-A50c931da", "score": 14.9431118312329}
{"docno": "Sc617d9ef-Acaef74ab", "score": 14.899507723748682}
{"docno": "S9b60ca6e-Ab952ff17", "score": 14.89480328330614}
{"docno": "Sc7379de-Aec7fef17", "score": 14.879257739015497}
{"docno": "S98ff8aac-Abcd592c3", "score": 14.851168538224046}
{"docno": "S13c4354b-Af141393", "score": 14.816444385833341}
{"docno": "S4d9be477-A87cf4b19", "score": 14.807788704796675}
{"docno": "S847f89a3-A6516933", "score": 14.799296355577674}
{"docno": "Sba80628a-Adbccc1d8", "score": 14.774879876510028}
{"docno": "Sb1e0e666-A5b61d369", "score": 14.695097228961247}
{"docno": "S3a4b05d0-Aa9d8af80", "score": 14.643369164241047}
{"docno": "S64c1f8a1-A878982df", "score": 14.557916749146257}
{"docno": "S9b60ca6e-A47654e53", "score": 14.557916749146257}
{"docno": "Sea2e9abe-Ad73d910", "score": 14.49443792725223}
{"docno": "Sdf9e9598-Af782aab3", "score": 14.49443792725223}
{"docno": "S459855e3-A262e8e97", "score": 14.40791704110653}
{"docno": "Sf1173c1a-A21cf0a0a", "score": 14.392375798209764}
{"docno": "S5aba060e-Aadb7ea11", "score": 14.325129167056666}
{"docno": "Sae05bef2-A6077b677", "score": 14.299184749801412}
{"docno": "S259d6650-A84a0cffa", "score": 14.237937497865838}
{"docno": "Sd9e8f9e9-A4397a3ec", "score": 14.196067443835252}
{"docno": "Se30c6b27-Ab14bb183", "score": 14.173237128223315}
{"docno": "S51a3ae85-A9efc6c9d", "score": 14.109026160132768}
{"docno": "S63f15303-A67bb7452", "score": 13.988421512857476}
{"docno": "Sb85035cf-Aa975c29f", "score": 13.960978114644977}
{"docno": "Sd995a8ce-A39037072", "score": 13.927882761780959}
{"docno": "Sd995a8ce-A452e36ad", "score": 13.927882761780959}
{"docno": "Sf5671d58-Acd685e5b", "score": 13.823625142440322}
{"docno": "S4d9be477-Aaa3c9927", "score": 13.799914791128174}
{"docno": "S63f15303-A85369c4b", "score": 13.751240582576068}
{"docno": "Sf64a59a-A166d4166", "score": 13.729269256262146}
{"docno": "S7534fed7-Af66074e7", "score": 13.630715625738407}
{"docno": "Sc00cfa4c-A5ededa3e", "score": 13.587473703157393}
{"docno": "S884c7af4-Aee779695", "score": 13.575375673857788}
{"docno": "Sc1e57a84-A72a49923", "score": 13.51835199246642}
{"docno": "S8c2bf96c-A64dbf1c8", "score": 13.400398478610894}
{"docno": "S633571e8-Ad9829ce9", "score": 13.350119529321542}
{"docno": "Sd2f4b1cd-Ae4a82add", "score": 13.350119529321542}
{"docno": "S849a1d8c-A277cf81d", "score": 13.289725053944986}
{"docno": "Sb4960ddc-A2cba96b8", "score": 13.240271646823553}
{"docno": "S8de3af5b-Ab9f0f5fd", "score": 13.240271646823553}
{"docno": "S61ecc4b3-A2b9a27d1", "score": 13.134776248164334}
{"docno": "S8de3af5b-A30d39170", "score": 13.132216719229554}
{"docno": "Se30c6b27-A948bb3d8", "score": 13.078847951348761}
{"docno": "S6335cba3-A99e5d439", "score": 13.078847951348761}
{"docno": "Sb1e0e666-Ad2e6b893", "score": 13.078847951348761}
{"docno": "S429c46f4-Ab6fe3826", "score": 13.073773375334278}
{"docno": "S81fa2f2a-A56af27f4", "score": 13.073773375334278}
{"docno": "Sd9e8eb80-A8e94c937", "score": 13.060658459362605}
{"docno": "S8de3af5b-Aae25dfe", "score": 13.002111294078073}
{"docno": "S4b926d5c-A3353bb42", "score": 12.968408158993252}
{"docno": "S8de3af5b-A209b3fa7", "score": 12.968408158993252}
{"docno": "S64c1f8a1-A4d88e2c4", "score": 12.940285492088233}
{"docno": "Sc7fcc8f5-A8cc9616f", "score": 12.940285492088233}
{"docno": "S6335cba3-A30781be7", "score": 12.92131295932457}
{"docno": "S605ef123-Acf33916b", "score": 12.92131295932457}
{"docno": "Sf0ede654-A8a4486b", "score": 12.92131295932457}
{"docno": "S38921a47-Ad5f72922", "score": 12.871279949487779}
{"docno": "Sc626e72d-A5aaadc1e", "score": 12.869641261607176}
{"docno": "Saccc139d-A444fe750", "score": 12.855778147785497}
{"docno": "Sc46cb91b-A481bcb0c", "score": 12.818381183022248}
{"docno": "Sae05bef2-A95ce8d3", "score": 12.762691912301896}
{"docno": "S459855e3-A263978eb", "score": 12.70194355661215}
{"docno": "Sb1e0e666-Aac9959a5", "score": 12.70194355661215}
{"docno": "Sbb2e692a-A98cf00e7", "score": 12.667022058177892}
{"docno": "Sf0ede692-Afd9b5fe8", "score": 12.667022058177892}
{"docno": "Sf0ede673-Afd9b5fe8", "score": 12.667022058177892}
{"docno": "Safc93944-Abfb7b707", "score": 12.662261968440058}
{"docno": "S8de3af5b-A67876ae8", "score": 12.662261968440058}
{"docno": "S8de3af5b-A8a67bd72", "score": 12.563400255640145}
{"docno": "Sf5671d58-Aa18f0773", "score": 12.519195707950425}
{"docno": "Sd995a8ce-Afd535e49", "score": 12.519195707950425}
{"docno": "S5731f8ee-Af60f6d29", "score": 12.50452990418076}
{"docno": "S484008fd-Ad8d9c384", "score": 12.50452990418076}
{"docno": "S63348968-A4d0eae8a", "score": 12.466070326169332}
{"docno": "S5d10b86e-A74754940", "score": 12.40810648636625}
{"docno": "S4d43ace8-Ada195232", "score": 12.39657834217435}
{"docno": "S950d263c-Aeb21d466", "score": 12.370236853069088}
{"docno": "S8de3af5b-Aa93b0b18", "score": 12.370236853069088}
{"docno": "S8de3af5b-Ae0dcebc0", "score": 12.370236853069088}
{"docno": "Sc5a50eab-Af770c825", "score": 12.275865587403834}
{"docno": "S8f77f5bf-A286dcc", "score": 12.275865587403834}
{"docno": "Se69d093e-A1e44aad0", "score": 12.205680282599989}
{"docno": "S3d32707d-Ac520cf07", "score": 12.182923317451628}
{"docno": "Se3b1618f-A55afac88", "score": 12.182923317451628}
{"docno": "S42c4f44a-A7afaea42", "score": 12.182923317451628}
{"docno": "S3a1bb03d-A53852fd4", "score": 12.182923317451628}
{"docno": "Sc71e090d-Ab01f6361", "score": 12.182923317451628}
{"docno": "Scd11f41f-Acd69f66b", "score": 12.182923317451628}
{"docno": "S2ec642a5-A78ab3d7b", "score": 12.127556840143539}
{"type": "toggleArgument", "timestamp": "2025-06-26T12:01:21.912Z", "sessionID": "bb68ff84-b38d-4350-b37e-0f07a3ef2143", "rank": "6", "doc": "S63f15303-A3dd6c46d", "action": "expand", "doclen": 752, "score": 15.471761056982338}
{"type": "queryBoxFocused", "timestamp": "2025-06-26T12:01:25.811Z", "sessionID": "bb68ff84-b38d-4350-b37e-0f07a3ef2143"}
{"type": "querySubmitted", "timestamp": "2025-06-26T12:01:30.529Z", "sessionID": "bb68ff84-b38d-4350-b37e-0f07a3ef2143", "query": "sexuality birth"}
{"docno": "S3d1a752c-A1947fe3e", "score": 18.72516375304169}
{"docno": "S3d1a752c-Aaed75b23", "score": 18.669319746987703}
{"docno": "Scaecc1bf-Aefda8d21", "score": 18.07268072724134}
{"docno": "Se843d75f-A794f6010", "score": 17.988612284465667}
{"docno": "Sb0a1a47-Aed26d70e", "score": 17.546572244878803}
{"docno": "Scaecc1bf-Accbeb9e", "score": 17.402917583082612}
{"docno": "Sdfb058ea-Ad712ba13", "score": 17.396325940235805}
{"docno": "S3d9819c3-A3bd57627", "score": 17.365342222485005}
{"docno": "S3584cf5e-A902d172e", "score": 16.992012663011113}
{"docno": "S3d1a752c-Aa7cac87", "score": 16.911324508085727}
{"docno": "S74d610e0-Aebe387d2", "score": 16.91076586227833}
{"docno": "S6bece754-A1f4c4017", "score": 16.67522034948157}
{"docno": "S3584cf5e-A72f4da7e", "score": 16.615720530734198}
{"docno": "S51826e57-A59d8e7df", "score": 16.340702229851885}
{"docno": "S3d1a752c-Acb5c823c", "score": 16.147015869528435}
{"docno": "S739d0c9a-A1a26ba53", "score": 15.915664629283611}
{"docno": "S3d1a752c-Ab454d43a", "score": 15.889979878495211}
{"docno": "S74d610e0-A4d2c3ef4", "score": 15.803365590306996}
{"docno": "S11b834b9-Aa9a7cef5", "score": 15.800406257721786}
{"docno": "Se843d75f-Aaa777cd2", "score": 15.470856422872549}
{"docno": "S5a745a9a-Ad77b00c7", "score": 15.43728772877656}
{"docno": "S8d834d48-A5e2bd84f", "score": 15.390884804428161}
{"docno": "S3b5af2ac-Ac3f93f2f", "score": 15.334790471819506}
{"docno": "Sf6d036ec-A664256bd", "score": 15.334790471819506}
{"docno": "S641065db-Afbfc86f4", "score": 15.213452464239818}
{"docno": "S6b19ea3e-Aab875997", "score": 15.19862755891267}
{"docno": "Sb0e497ae-Ae58e4a3b", "score": 15.118072885284127}
{"docno": "S261f5bd3-A7307c484", "score": 15.10598534537213}
{"docno": "S10c1d5c6-A98e32b82", "score": 15.03286016521739}
{"docno": "Sf26d38ac-Ad62e6942", "score": 15.03286016521739}
{"docno": "Sd2d4219f-Acd79db4b", "score": 15.03286016521739}
{"docno": "S5a745a9a-Aab87cc7c", "score": 15.014581534153518}
{"docno": "S37c0c6de-A91380511", "score": 14.952564184319556}
{"docno": "S775cd6a9-A3187a3e", "score": 14.8667849003795}
{"docno": "Sf9097cbd-Ab7a34ba8", "score": 14.811792145135826}
{"docno": "S641065db-Afa817f30", "score": 14.747595469318197}
{"docno": "Sb1861f8b-A7d84574c", "score": 14.71243785157476}
{"docno": "Se4848164-A584ce00c", "score": 14.678032832793985}
{"docno": "S4142dbde-Adade0469", "score": 14.614407570984744}
{"docno": "Sb5798a89-Ab4438577", "score": 14.540937390854747}
{"docno": "Sce52abfa-Afc141e98", "score": 14.445470590710116}
{"docno": "S3dff2962-A1faab972", "score": 14.392075640271859}
{"docno": "Sabb4cdb2-A6ab2687d", "score": 14.28658072800982}
{"docno": "S1b9dbea4-A557b71f1", "score": 14.249296317824864}
{"docno": "S88310708-A467b9f69", "score": 14.208002676444973}
{"docno": "S6edb0442-A1e26b179", "score": 14.145174577015242}
{"docno": "Se15606cd-A9c9b49d7", "score": 14.090942068119391}
{"docno": "S8281b9d7-A347d4533", "score": 14.057737768230677}
{"docno": "S16a43dcb-Acd906539", "score": 14.018177819451232}
{"docno": "Seeb74785-Abafd2724", "score": 13.93921446883108}
{"docno": "S847f89a3-A6516933", "score": 13.832057429876583}
{"docno": "S37c0c6de-A85411a7a", "score": 13.781618008096638}
{"docno": "S7a271b49-Abda5897d", "score": 13.744103851764471}
{"docno": "S31ea29bc-A2143c920", "score": 13.683682830956297}
{"docno": "Sb37eee61-A1f8a4eec", "score": 13.662867589346448}
{"docno": "Sf9486e24-Abbf5dc96", "score": 13.651341495318537}
{"docno": "S4f0bc83d-A2d5a130e", "score": 13.616406948655627}
{"docno": "Sf3a5cd4c-A9f84bbb0", "score": 13.532981715808003}
{"docno": "S67148c4d-A719737c9", "score": 13.52425204036828}
{"docno": "Sc42f2f21-Ae69e1463", "score": 13.43594267543514}
{"docno": "Se4848164-A73f0e97e", "score": 13.367448602837953}
{"docno": "S83d26e39-Ab01c2a78", "score": 13.286473290612186}
{"docno": "S6d03fb92-A9d0788bd", "score": 13.244777913364084}
{"docno": "Scaecc1bf-Aa8dadcba", "score": 13.206473111417836}
{"docno": "S4d572821-A72a33110", "score": 13.193939028330625}
{"docno": "Sb186fa3d-A7d881d44", "score": 13.097970740235116}
{"docno": "S37c0c6de-A129e9220", "score": 13.055750880391495}
{"docno": "Sd8150fb5-Ac504b837", "score": 13.004003174163445}
{"docno": "Sb0a12c6e-A8aa6caaf", "score": 12.985785628840551}
{"docno": "Sb18610a6-Aaaa90d9", "score": 12.97322897786814}
{"docno": "S4cd3eb2f-Adb5307ac", "score": 12.97322897786814}
{"docno": "S3a2733f0-Afa9165de", "score": 12.919871783860565}
{"docno": "Sc64898ed-Adad2657", "score": 12.851752701050017}
{"docno": "S3f902c87-A4420c6bd", "score": 12.81679091594474}
{"docno": "Sb18598c4-Add4d82ee", "score": 12.78771030523374}
{"docno": "S10349485-Acd316e46", "score": 12.761051866252881}
{"docno": "S48d173fe-A6d066612", "score": 12.755615237990284}
{"docno": "S1ac73757-A47b41dab", "score": 12.566912225824648}
{"docno": "Sed0b3e0d-A462fc6c", "score": 12.52759552054971}
{"docno": "Sb656fdc4-Af7f28c21", "score": 12.52759552054971}
{"docno": "S9b4816b5-Add862d2e", "score": 12.404115103801434}
{"docno": "Sb1860905-A2b523883", "score": 12.360005113799822}
{"docno": "S115dff8f-A4d3352d5", "score": 12.265241672662512}
{"docno": "S2319a5c6-Adead0d65", "score": 12.106569878784004}
{"docno": "S4a064f70-A7bef07dd", "score": 11.98557377917357}
{"docno": "Sb1859c85-A8694c8f6", "score": 11.9833077553688}
{"docno": "S9a83d2a2-Af9dd8c44", "score": 11.95622346439078}
{"docno": "S5e2a279-Ae2aac726", "score": 11.940231726414549}
{"docno": "Scf4a147c-Ae5fc1c3f", "score": 11.915100809489868}
{"docno": "S6566608-Acf92aab3", "score": 11.895240782354804}
{"docno": "Sa4a6c3d4-A23983b50", "score": 11.889570171284735}
{"docno": "S47ca8c29-A7475a9b6", "score": 11.850722887618678}
{"docno": "Sc7379de-Aec7fef17", "score": 11.850722887618678}
{"docno": "Sf1d75e55-A5d84db7a", "score": 11.821836192608348}
{"docno": "Sfe896f85-Aef9f0f4e", "score": 11.787036901835428}
{"docno": "Sf1d75df8-Ab98a5cba", "score": 11.758459473405733}
{"docno": "Sa94f8834-Aa0182a38", "score": 11.732157126734208}
{"docno": "S71bfcb55-A223c0b95", "score": 11.716689685606983}
{"docno": "S3b5af2ac-A530b0261", "score": 11.675409112818258}
{"docno": "S88021be-Aba29c5b9", "score": 11.62896815007624}
{"type": "queryBoxFocused", "timestamp": "2025-06-26T12:01:32.667Z", "sessionID": "bb68ff84-b38d-4350-b37e-0f07a3ef2143"}
{"type": "querySubmitted", "timestamp": "2025-06-26T12:01:34.929Z", "sessionID": "bb68ff84-b38d-4350-b37e-0f07a3ef2143", "query": "sex birth"}
{"docno": "Sd8737d4f-A66b4eda6", "score": 19.688660797237695}
{"docno": "S3d1a752c-Ab63bbb2b", "score": 18.83905763379819}
{"docno": "Sb67fc3fb-A50505c51", "score": 18.35539246146472}
{"docno": "S8d834d48-A604418bc", "score": 18.205337177369955}
{"docno": "Sb37eee61-Ad40e4ddc", "score": 18.191910111561505}
{"docno": "S1ecef0da-Addb528a1", "score": 18.13744687004782}
{"docno": "S31e333f3-A9c2d4f01", "score": 18.13744687004782}
{"docno": "S6bece754-A1f4c4017", "score": 18.000593136161324}
{"docno": "S2a4ff294-Ae217aeb6", "score": 17.71601642703094}
{"docno": "S6b229b30-Aa83bee", "score": 17.67250479054405}
{"docno": "Se843d75f-A794f6010", "score": 17.63769303351971}
{"docno": "Sc708deb4-A59d69b93", "score": 17.523922003021756}
{"docno": "S7c48bf09-A91b9ecbc", "score": 17.379886491963436}
{"docno": "S9ceaf60d-Afa5d0c13", "score": 17.295490076335142}
{"docno": "S739d0c9a-A1a26ba53", "score": 17.25383449663839}
{"docno": "S6b19ea3e-Af4c2ab11", "score": 17.15983767954585}
{"docno": "S9b4816b5-A83db859e", "score": 17.12939830446394}
{"docno": "S759b1124-A8929b1d5", "score": 16.95366654495219}
{"docno": "S36869af5-A571512a4", "score": 16.95366654495219}
{"docno": "Sc64898ed-Ad5168fd7", "score": 16.924981992907078}
{"docno": "S12abc0cb-A4933b747", "score": 16.711266008804603}
{"docno": "Sf3fff4a7-Af09bb52d", "score": 16.661340541454617}
{"docno": "S7787432e-A8c352770", "score": 16.45841668062705}
{"docno": "S8d834d48-A369f14a0", "score": 16.417013414124085}
{"docno": "S1ecef0da-A3aa6ab6", "score": 16.329916159387093}
{"docno": "S31963c1c-Aa18917a1", "score": 16.323657519149428}
{"docno": "S21910622-Ac2a918b4", "score": 16.203406651155518}
{"docno": "S9080d203-A24ba4740", "score": 16.078842237927716}
{"docno": "Sb0e497ae-Ae58e4a3b", "score": 16.05018777500812}
{"docno": "S284f3543-A4eed23cc", "score": 15.970447672554274}
{"docno": "S8e214b94-Ad6147b51", "score": 15.95731771435596}
{"docno": "Sb65d52b3-Ac498488c", "score": 15.95731771435596}
{"docno": "Sc524f5fa-A2fff1e52", "score": 15.940300488508434}
{"docno": "S24cc12e4-A9009cc1c", "score": 15.871067382138435}
{"docno": "Sb187d6df-Af52a8aed", "score": 15.802454039699303}
{"docno": "Sa2dc9b01-Ad6bde035", "score": 15.776400391596885}
{"docno": "Sdeb2a1a4-A75985df6", "score": 15.713533970317261}
{"docno": "S8f3ce888-A889b4531", "score": 15.653985615839225}
{"docno": "S6b19ea3e-A96597d4", "score": 15.610533977102332}
{"docno": "S3d9819c3-A3bd57627", "score": 15.589917502559416}
{"docno": "Scbb20740-A596cf3a4", "score": 15.58752949571572}
{"docno": "S98cbcd80-Ad35df7a9", "score": 15.584213503587527}
{"docno": "S2a4ff294-Ae787385", "score": 15.518423110461228}
{"docno": "Sb186270d-Acf03ca05", "score": 15.516918798752258}
{"docno": "S37c0c6de-A91380511", "score": 15.516182416912049}
{"docno": "Sd8150fb5-Ac504b837", "score": 15.379178484708763}
{"docno": "S63356d8c-A81872150", "score": 15.369901411385452}
{"docno": "S846f4b24-Ad7e7c4b0", "score": 15.288523262473138}
{"docno": "S240e82b0-Af5a49f97", "score": 15.24876667133275}
{"docno": "Sb186821d-Ad58ae557", "score": 15.244034243460213}
{"docno": "S8d834d48-A5e2bd84f", "score": 15.238051648808867}
{"docno": "S6674528f-A6bfac78a", "score": 15.134435076907844}
{"docno": "S136c9048-A5196e9a1", "score": 15.13384903555366}
{"docno": "S136c9048-Aa52fc308", "score": 15.12482873453166}
{"docno": "S10c1d5c6-A98e32b82", "score": 15.114754468849288}
{"docno": "S52ebc4c-A87985538", "score": 15.038369028300604}
{"docno": "S83e99fac-A5cdf239e", "score": 14.961255184295268}
{"docno": "Sb187d6df-Ae1094645", "score": 14.889414477664651}
{"docno": "S284f3543-A729558d3", "score": 14.869614861951229}
{"docno": "S11b834b9-Aa9a7cef5", "score": 14.865528838797214}
{"docno": "Sd2d87fce-A9f3faaeb", "score": 14.825180609987072}
{"docno": "S641065db-Afbfc86f4", "score": 14.77102612394524}
{"docno": "S9fb4e869-A8d7d2228", "score": 14.751810711279175}
{"docno": "S953496de-Ad0be8086", "score": 14.749902526768508}
{"docno": "S3b5af2ac-Ac3f93f2f", "score": 14.710376365907846}
{"docno": "Sf6d036ec-A664256bd", "score": 14.710376365907846}
{"docno": "Sb884a1c8-A1a027274", "score": 14.706949261944176}
{"docno": "S4c7e2b8-A14959a1e", "score": 14.678118085096227}
{"docno": "S37d15f61-Ae423bdf7", "score": 14.636445579759538}
{"docno": "Seeb74785-Abafd2724", "score": 14.603092051452016}
{"docno": "S9ceaf60d-A75805f87", "score": 14.516495338839748}
{"docno": "S4181eec2-A75364184", "score": 14.446811323928905}
{"docno": "S1b9dbea4-A557b71f1", "score": 14.441843952031052}
{"docno": "Sd4e75281-Aff28f439", "score": 14.414411003194807}
{"docno": "S9a83d2a2-Ac5b4bbcb", "score": 14.375372464897783}
{"docno": "Sd76dccec-A190e562d", "score": 14.375372464897783}
{"docno": "S2c02bfd6-A209427d3", "score": 14.375372464897783}
{"docno": "S92fdc6f-Af339553", "score": 14.36622424417091}
{"docno": "Sb76f82a2-A25ea6cc0", "score": 14.362501829083559}
{"docno": "S858148fe-A86236ad3", "score": 14.317748881179774}
{"docno": "S6334e741-A5e5faa90", "score": 14.304667088213213}
{"docno": "Se42399d4-A5ce79556", "score": 14.304055947118018}
{"docno": "Sc308e840-A380a1e1b", "score": 14.273772172775901}
{"docno": "S53118c7d-A6f8d8aa2", "score": 14.25991596130553}
{"docno": "S775cd6a9-A3187a3e", "score": 14.176811547492083}
{"docno": "S750043eb-A4b480158", "score": 14.165410359038654}
{"docno": "S3584cf5e-A72f4da7e", "score": 14.151703413931465}
{"docno": "Sa234b2a5-Aa85e9287", "score": 14.124371027716549}
{"docno": "Sc7379de-Aec7fef17", "score": 14.096009169744718}
{"docno": "S3b5af2ac-A530b0261", "score": 14.06881527461964}
{"docno": "S142a4629-A43ef9552", "score": 14.022765836082971}
{"docno": "Sb79cf889-Ae659abb8", "score": 13.986065453952353}
{"docno": "Sd8150fb5-A2b731d75", "score": 13.954118975790543}
{"docno": "Sf3fff523-A2404c0d3", "score": 13.88037860123972}
{"docno": "S81e93050-A4a72eef2", "score": 13.85370830826685}
{"docno": "S3d1a752c-A535d6447", "score": 13.830386874995574}
{"docno": "Sf27da082-A15ee3fd9", "score": 13.82466164535675}
{"docno": "S40f91664-A397e26bf", "score": 13.752873907974443}
{"docno": "Sc015fff4-A2ea6ffc2", "score": 13.730660974860408}
{"docno": "S81d67466-Aef597efd", "score": 13.65398174530154}
{"type": "queryBoxFocused", "timestamp": "2025-06-26T12:01:38.683Z", "sessionID": "bb68ff84-b38d-4350-b37e-0f07a3ef2143"}
{"type": "querySubmitted", "timestamp": "2025-06-26T12:01:56.040Z", "sessionID": "bb68ff84-b38d-4350-b37e-0f07a3ef2143", "query": "sexual orientation choice"}
{"docno": "S98f133cd-A83ad82f4", "score": 28.06389436865348}
{"docno": "S88021be-Aba29c5b9", "score": 27.642253544090284}
{"docno": "Sfb1a0edd-A2c9e20cc", "score": 26.94565555454367}
{"docno": "Scaecc1bf-A4e3d6a2d", "score": 26.360148401931212}
{"docno": "S98f133cd-A4f2ab609", "score": 25.962315237424477}
{"docno": "S7fc54c65-A2aadfcc1", "score": 25.868394545160882}
{"docno": "Seada3b89-Aecbae0b3", "score": 25.757341111377816}
{"docno": "Sfba9d594-Ac4f48d57", "score": 25.49707012093326}
{"docno": "S3584cf5e-A72f4da7e", "score": 25.29426434685954}
{"docno": "S2771aba0-Aaa97a334", "score": 24.960737059499046}
{"docno": "S56d8676d-A4e0ffd25", "score": 24.757863037543498}
{"docno": "S9f6f2f74-Af11821fc", "score": 24.271727833991843}
{"docno": "S88021be-Aab77f623", "score": 23.932454203428037}
{"docno": "S81a28d4f-A1e141635", "score": 23.627941034829213}
{"docno": "S55810581-A8dde0a82", "score": 23.612897960433376}
{"docno": "S4e4efcc0-A614ce266", "score": 23.56773477402288}
{"docno": "S91e3211a-A6c4f07fb", "score": 23.48579883368855}
{"docno": "Sd8741005-Af4f88db2", "score": 23.397308485990322}
{"docno": "Sc3e91f42-Af58e64ac", "score": 23.330955942351665}
{"docno": "Sfb1a0edd-A8d2ff61d", "score": 23.305667398929085}
{"docno": "S8de3af5b-A30d39170", "score": 23.04835806205225}
{"docno": "Sea01fdc2-Ad0588d65", "score": 22.948087427574773}
{"docno": "Sd998475c-A98d86f14", "score": 22.774014171715017}
{"docno": "Sc463d35e-A9b632071", "score": 22.770778288322404}
{"docno": "S9c095897-Aeb548c59", "score": 22.694639142763656}
{"docno": "Sb9c0e12b-Ab66b5008", "score": 22.66960431723342}
{"docno": "S41981f9c-A81df1b5f", "score": 22.62675596928833}
{"docno": "S9828e7fb-Aa04dcd02", "score": 22.612387326251522}
{"docno": "Sa2582c6b-A816a4bd8", "score": 22.492933853789708}
{"docno": "S479deab2-Ab861c344", "score": 22.411496876106565}
{"docno": "Sd995a8ce-A5c330fb4", "score": 22.371405818676248}
{"docno": "S1df4e73f-Afab49dbb", "score": 22.306435298940585}
{"docno": "S54ffb74a-A6c100fb5", "score": 22.24539179242137}
{"docno": "Sae59d57-Ac3fc9098", "score": 22.187551524097636}
{"docno": "S59ad85bc-Ad61311a3", "score": 22.10915697555491}
{"docno": "S9c095897-A854667a4", "score": 22.054946391089217}
{"docno": "Sd616d15d-A3ee2cfce", "score": 21.759762723024664}
{"docno": "Sd995a8ce-Ad705eb3e", "score": 21.613263746392562}
{"docno": "S7005e549-A902347aa", "score": 21.556380471099775}
{"docno": "S2771aba0-A60ccbf98", "score": 21.472937613546083}
{"docno": "S7839a8e-A8cf2b681", "score": 21.445730113555655}
{"docno": "S45198ce6-A2ae3bf67", "score": 21.399839869617544}
{"docno": "S1df4e73f-A5df691d2", "score": 21.370793680289886}
{"docno": "Sbc820b56-Afb4379b1", "score": 21.362781740747376}
{"docno": "S7ec5145f-Ada1c2ab7", "score": 21.29453956840573}
{"docno": "S51826e57-A59d8e7df", "score": 21.242395750918888}
{"docno": "S77a5df9b-Abc04cc3f", "score": 21.20015732634488}
{"docno": "Sde96f288-A38eca72d", "score": 21.164977767120114}
{"docno": "S9828e7fb-A68ac1168", "score": 21.164604808871182}
{"docno": "Sf8070fca-Ac105b073", "score": 21.128705702581275}
{"docno": "S67148c4d-A719737c9", "score": 20.996476146045495}
{"docno": "S8257a020-Af19b156c", "score": 20.96151543071568}
{"docno": "S99b18391-Ae1d68dea", "score": 20.945542670826637}
{"docno": "S62827e8d-Aef4e29a2", "score": 20.852975118058435}
{"docno": "Sf15d0350-A78080538", "score": 20.85058885589041}
{"docno": "Sf15d0331-A78080538", "score": 20.85058885589041}
{"docno": "Sdd8d96ee-Ac990338c", "score": 20.835265610458745}
{"docno": "S670c6966-A38102888", "score": 20.82428462865466}
{"docno": "S77a5df9b-A5e28515f", "score": 20.81985164108342}
{"docno": "S5549c71-A7b5dcaa5", "score": 20.74057611050766}
{"docno": "Sacc1a0fd-Abcc0f862", "score": 20.698582369289795}
{"docno": "Se843d75f-Aaa777cd2", "score": 20.662890775138724}
{"docno": "S5549c52-A79d65e61", "score": 20.591821703598253}
{"docno": "Sff5c7649-A81ed6735", "score": 20.515236147413965}
{"docno": "Sd6461080-A8f688537", "score": 20.372783700193484}
{"docno": "Sfba9d594-A6d5ae408", "score": 20.30022070744917}
{"docno": "Sdfb058ea-Ad712ba13", "score": 20.233683299927804}
{"docno": "S192e4c0-A14444046", "score": 20.161074630812227}
{"docno": "S6334812c-A6b1cba0a", "score": 20.139977473638137}
{"docno": "S3f243c69-Ab497f6bf", "score": 20.079865443145344}
{"docno": "Sf8070fca-A63da6cfa", "score": 20.074463936811213}
{"docno": "Sc7c5324b-Ae69e31bc", "score": 20.041349309449163}
{"docno": "Scae0ad5c-A47c88e4d", "score": 20.034503179042385}
{"docno": "Sdd222a9b-Ad8cf5ea1", "score": 19.969358734879144}
{"docno": "S799b5dd2-A53957369", "score": 19.950627063712712}
{"docno": "S2771aba0-A80dfc9f1", "score": 19.9177308117756}
{"docno": "S42a23628-A9e92c30c", "score": 19.9177308117756}
{"docno": "S479deab2-Ab2093e84", "score": 19.90608923683758}
{"docno": "S895c19ea-A4768881f", "score": 19.763426141409113}
{"docno": "S3584cf5e-A902d172e", "score": 19.763426141409113}
{"docno": "Sd995a8ce-Ae44bd3d6", "score": 19.763426141409113}
{"docno": "S3f243c69-Ac628e5a", "score": 19.74159993783465}
{"docno": "Sd995a8ce-Ab4e75c7e", "score": 19.73026724929085}
{"docno": "S79ec1e40-Ae702a9d1", "score": 19.67724807454988}
{"docno": "Sff5c7649-Afaf9e0a4", "score": 19.671531579863455}
{"docno": "S3bc0ea4-A9577b2d8", "score": 19.650096258733058}
{"docno": "Sc617d9ef-A7eb192ab", "score": 19.63127258658556}
{"docno": "S7fc54c65-A4ff1a867", "score": 19.627774136066193}
{"docno": "S4468a769-Af350c1f7", "score": 19.622741597814247}
{"docno": "S5e01dbe3-Aaa501ba3", "score": 19.616564265090346}
{"docno": "S2771aba0-A53009edf", "score": 19.61149391915015}
{"docno": "S4c14e1f7-Aa00e026e", "score": 19.61149391915015}
{"docno": "S3892212e-Aabc53e0b", "score": 19.610491180130328}
{"docno": "S9bfef27e-A89be6bf", "score": 19.58452640646511}
{"docno": "S192e4c0-A687fad7", "score": 19.55824724433019}
{"docno": "Sd998475c-Ae33db8a3", "score": 19.536365908607216}
{"docno": "S249e601e-A9d8185b4", "score": 19.461879847510332}
{"docno": "Sfba9d594-Aec8df140", "score": 19.453872898143928}
{"docno": "S4b0ccd12-A344c1a58", "score": 19.392494682571744}
{"docno": "S5a61ee3f-A88f0b096", "score": 19.337350619677416}
{"type": "toggleArgument", "timestamp": "2025-06-26T12:01:59.408Z", "sessionID": "bb68ff84-b38d-4350-b37e-0f07a3ef2143", "rank": "1", "doc": "S98f133cd-A83ad82f4", "action": "expand", "doclen": 1097, "score": 20.907549801103894}
{"type": "toggleArgument", "timestamp": "2025-06-26T12:02:18.552Z", "sessionID": "bb68ff84-b38d-4350-b37e-0f07a3ef2143", "rank": "2", "doc": "S88021be-Aba29c5b9", "action": "expand", "doclen": 2666, "score": 23.930021453681867}
{"type": "StanceClicked", "timestamp": "2025-06-26T12:02:45.377Z", "sessionID": "bb68ff84-b38d-4350-b37e-0f07a3ef2143", "rank": "2", "stance": "pro", "action": "chooseStance", "doc": "S88021be-Aba29c5b9", "doclen": 2666, "score": 23.930021453681867}
{"type": "ClickedEndTask", "timestamp": "2025-06-26T12:02:53.888Z", "sessionID": "bb68ff84-b38d-4350-b37e-0f07a3ef2143"}
{"type": "TaskEndConfirmed", "timestamp": "2025-06-26T12:02:57.848Z", "sessionID": "bb68ff84-b38d-4350-b37e-0f07a3ef2143"}
{"type": "TaskEnded", "timestamp": "2025-06-26T12:03:12.184Z", "sessionID": "bb68ff84-b38d-4350-b37e-0f07a3ef2143", "reason": "found good arguments for both sides", "translated_reason": "Found Good Argents for Both Sides"}
