{"type": "TaskStarted", "timestamp": "2025-06-26T10:57:47.266Z", "sessionID": "2946843e-622a-46de-9178-e360d3d12020", "task": "2", "uid": "Participant22", "topic": "Should the voting age be lowered?"}
{"type": "queryBoxFocused", "timestamp": "2025-06-26T10:57:49.992Z", "sessionID": "2946843e-622a-46de-9178-e360d3d12020"}
{"type": "querySubmitted", "timestamp": "2025-06-26T10:57:57.003Z", "sessionID": "2946843e-622a-46de-9178-e360d3d12020", "query": "voteing age"}
{"docno": "Se49c43ef-A1885302f", "score": 14.673124462656936}
{"docno": "Sbdcf90af-A33adac2b", "score": 14.26507014070599}
{"docno": "Se49c43d0-Afd3a0be9", "score": 14.238444719960295}
{"docno": "S2a12b5f8-A6e85c110", "score": 14.124482391211693}
{"docno": "Sa6f755aa-Af9117234", "score": 14.071794462925823}
{"docno": "Scbfd88a8-A847f41bd", "score": 13.940375309251811}
{"docno": "Sbdcf90af-Ae90b529a", "score": 13.917195206537233}
{"docno": "Sc4e55ab3-Ad61e6150", "score": 13.916730142375965}
{"docno": "S36c2c315-A7b2b655b", "score": 13.904780772542832}
{"docno": "S6d6965d5-A8f7c385d", "score": 13.79769506059571}
{"docno": "Sa7acd758-A3783203f", "score": 13.749793489498188}
{"docno": "Se8f3cfdf-A7dc0215b", "score": 13.725249877804432}
{"docno": "Sc6ce3e46-A2844a2f5", "score": 13.70389452087297}
{"docno": "Sd003097b-A467c7253", "score": 13.697262167399902}
{"docno": "Sbc6012b0-A738ca387", "score": 13.630506729023939}
{"docno": "S2a12b5f8-Adbd67d21", "score": 13.626952262567762}
{"docno": "Sbdcf90af-Ac13ba38", "score": 13.503107794183766}
{"docno": "Sca9d6789-A5ded33d3", "score": 13.503107794183766}
{"docno": "Sf12d8c0e-A99512edf", "score": 13.408350435267668}
{"docno": "Sca9d6789-A6f4dbb93", "score": 13.395274581750705}
{"docno": "S497d9f24-A9ee70457", "score": 13.33710059418378}
{"docno": "Se49c43d0-A4229f28d", "score": 13.321505039810523}
{"docno": "Se49c43ef-A4229f28d", "score": 13.321505039810523}
{"docno": "S89b9ae07-A7d132c19", "score": 13.314437010494611}
{"docno": "Se62a27a7-Ac441b7df", "score": 13.218939873961425}
{"docno": "Se76f7b80-Ae91fb6fd", "score": 13.160613152229573}
{"docno": "Sd01debdc-Abbc02015", "score": 13.148183286779627}
{"docno": "S2a12b5f8-Abd6234c2", "score": 13.071392931057744}
{"docno": "Sc4e55ab3-A5bf5f559", "score": 13.069479064649546}
{"docno": "S452eaf9c-A3cd19862", "score": 12.900625824815004}
{"docno": "S4848b93e-A304a51e0", "score": 12.861037303311559}
{"docno": "S1c3a6a0a-A33a416f9", "score": 12.783528143634387}
{"docno": "S86e8dc13-A144ac4fb", "score": 12.762518672841647}
{"docno": "Sd1dbbea-Adf9e73a9", "score": 12.755622198352093}
{"docno": "Sca9d6789-A89b0baf5", "score": 12.60103743284233}
{"docno": "Sca9d6789-Aadd76350", "score": 12.590272399641723}
{"docno": "S57e0369e-Af26dcaca", "score": 12.576041448306789}
{"docno": "Sabb42382-Ac3c4dd57", "score": 12.566872940584386}
{"docno": "Sb3bd1d39-Ab37e75b", "score": 12.534798373751089}
{"docno": "Sbdcf90af-Aba3951df", "score": 12.534798373751089}
{"docno": "S90426844-Af2d32473", "score": 12.520596781298348}
{"docno": "S6ec0d360-A28318c95", "score": 12.517752186410053}
{"docno": "Sdf68c93c-A3b5827d8", "score": 12.486274986558492}
{"docno": "Sbdcf90af-A26aec493", "score": 12.482145661521084}
{"docno": "S9531387d-A6f9cd984", "score": 12.429429990643891}
{"docno": "Sbda85ae6-A48e70fe1", "score": 12.429429990643891}
{"docno": "Sd461a67d-Ab171c573", "score": 12.428253338118395}
{"docno": "Sd01debdc-Aba658dc1", "score": 12.406764926060749}
{"docno": "Sd1dbbea-A53fce862", "score": 12.373233499590885}
{"docno": "Sca9d6789-Af34b233c", "score": 12.371157987254552}
{"docno": "Sd003097b-Abac9636f", "score": 12.370670118406839}
{"docno": "Sc1d70405-A7859b819", "score": 12.361112262735258}
{"docno": "S561a86d1-Ae8e149e", "score": 12.35994150321437}
{"docno": "Sca9d6789-Af6a3fd0b", "score": 12.345432937390111}
{"docno": "S9acf5a44-A72173e08", "score": 12.344160952858566}
{"docno": "Sa06c77c-A883cbcce", "score": 12.338541130828325}
{"docno": "S90426844-A1d896d4e", "score": 12.317012791709432}
{"docno": "S6276dbaf-Ada19ec5f", "score": 12.302901071037315}
{"docno": "S89b9ad6c-A1ff4bf6f", "score": 12.280712169617534}
{"docno": "S25f1b24e-A18b40c0a", "score": 12.266486455819956}
{"docno": "S57e0369e-Ab72d42e2", "score": 12.260682409331238}
{"docno": "S2e6a0d7e-Adb913fbc", "score": 12.22684058384602}
{"docno": "S405a3347-A3f605cd8", "score": 12.20267652738388}
{"docno": "Sf12d8c0e-Aa6880ea3", "score": 12.17687851735147}
{"docno": "Sbda53b78-A6a0cf09f", "score": 12.175199184522489}
{"docno": "S88e262a3-A1d901260", "score": 12.168561042535783}
{"docno": "Sca9d6789-A7efec553", "score": 12.13126484437736}
{"docno": "Sdac67b43-A8913051", "score": 12.117464502346994}
{"docno": "Sa06594ff-A4f6504af", "score": 12.07164480608149}
{"docno": "Se866cf50-A7f311346", "score": 12.06109859059617}
{"docno": "Sbc6012b0-Ac2e613a5", "score": 12.056564848807211}
{"docno": "Se8ff2534-A25dbdf66", "score": 12.043086287143797}
{"docno": "Sd003097b-A2db8a12d", "score": 12.04300876789734}
{"docno": "Se62a27a7-A2a32cee4", "score": 12.039131078686054}
{"docno": "Sc0b1c40c-A78015474", "score": 12.014082893581712}
{"docno": "Sdac67b43-A7193c364", "score": 12.010981997164263}
{"docno": "S405a3347-A1f8c2036", "score": 11.982806164660403}
{"docno": "S405a3347-A7a99305e", "score": 11.978966390988589}
{"docno": "S89b9ae07-Ac8019255", "score": 11.976835002891317}
{"docno": "S470c6c58-Aaba2fe6a", "score": 11.967358351157811}
{"docno": "Sa06c77c-A530042e5", "score": 11.951313636101945}
{"docno": "S5c5845e0-A39755a4b", "score": 11.951313636101945}
{"docno": "S68fec0d0-Aa21b6b3d", "score": 11.948527394762506}
{"docno": "S2226ff9-Ac301493f", "score": 11.929248806425466}
{"docno": "S6ead9505-A5214a9e6", "score": 11.919554036591961}
{"docno": "S17908cdf-Af1dd4272", "score": 11.912169991988351}
{"docno": "Sd003097b-A173f6811", "score": 11.883524849312039}
{"docno": "Sabb42382-A940742b2", "score": 11.878813340195933}
{"docno": "S721aa3db-Ad7e4f92", "score": 11.878813340195933}
{"docno": "Sf61d0d11-Ad38375b6", "score": 11.878622863450394}
{"docno": "S7e3d0c11-A6dc74a50", "score": 11.87043445504887}
{"docno": "Sfa43ccf7-A881e88ab", "score": 11.844897571199951}
{"docno": "Sd461a67d-A4dcbbe3b", "score": 11.81937101747567}
{"docno": "S1a423dce-A6cf6e393", "score": 11.81520297918066}
{"docno": "Sbdcf90af-A85660acc", "score": 11.792211628905196}
{"docno": "Sc4e55ab3-Aaaa352b6", "score": 11.78463881782062}
{"docno": "S7bf53995-A833fa2fa", "score": 11.784408304447773}
{"docno": "S813a48fa-A2fd0bf8", "score": 11.77876704882691}
{"docno": "S750f1586-A93d01c9", "score": 11.755162470466292}
{"docno": "S813a48fa-A6b1dd6ea", "score": 11.742168239970674}
{"type": "toggleArgument", "timestamp": "2025-06-26T10:58:04.474Z", "sessionID": "2946843e-622a-46de-9178-e360d3d12020", "rank": "1", "doc": "Se49c43ef-A1885302f", "action": "expand", "doclen": 449, "score": 14.673124462656936}
{"type": "toggleArgument", "timestamp": "2025-06-26T10:58:27.722Z", "sessionID": "2946843e-622a-46de-9178-e360d3d12020", "rank": "3", "doc": "Se49c43d0-Afd3a0be9", "action": "expand", "doclen": 396, "score": 14.238444719960295}
{"type": "StanceClicked", "timestamp": "2025-06-26T10:58:37.274Z", "sessionID": "2946843e-622a-46de-9178-e360d3d12020", "rank": "3", "stance": "pro", "action": "chooseStance", "doc": "Se49c43d0-Afd3a0be9", "doclen": 396, "score": 14.238444719960295}
{"type": "toggleArgument", "timestamp": "2025-06-26T10:58:50.370Z", "sessionID": "2946843e-622a-46de-9178-e360d3d12020", "rank": "2", "doc": "Sbdcf90af-A33adac2b", "action": "expand", "doclen": 798, "score": 14.26507014070599}
{"type": "toggleArgument", "timestamp": "2025-06-26T10:58:55.362Z", "sessionID": "2946843e-622a-46de-9178-e360d3d12020", "rank": "4", "doc": "S2a12b5f8-A6e85c110", "action": "expand", "doclen": 603, "score": 14.124482391211693}
{"type": "toggleArgument", "timestamp": "2025-06-26T10:59:34.075Z", "sessionID": "2946843e-622a-46de-9178-e360d3d12020", "rank": "6", "doc": "Scbfd88a8-A847f41bd", "action": "expand", "doclen": 278, "score": 13.940375309251811}
{"type": "toggleArgument", "timestamp": "2025-06-26T10:59:48.713Z", "sessionID": "2946843e-622a-46de-9178-e360d3d12020", "rank": "8", "doc": "Sc4e55ab3-Ad61e6150", "action": "expand", "doclen": 1172, "score": 13.916730142375965}
{"type": "toggleArgument", "timestamp": "2025-06-26T10:59:58.754Z", "sessionID": "2946843e-622a-46de-9178-e360d3d12020", "rank": "9", "doc": "S36c2c315-A7b2b655b", "action": "expand", "doclen": 296, "score": 13.904780772542832}
{"type": "pageNavigationClicked", "timestamp": "2025-06-26T11:00:19.594Z", "sessionID": "2946843e-622a-46de-9178-e360d3d12020", "clicked": "2", "fromPage": 1, "toPage": 2}
{"type": "toggleArgument", "timestamp": "2025-06-26T11:00:28.946Z", "sessionID": "2946843e-622a-46de-9178-e360d3d12020", "rank": "11", "doc": "Sa7acd758-A3783203f", "action": "expand", "doclen": 2129, "score": 13.749793489498188}
{"type": "toggleArgument", "timestamp": "2025-06-26T11:00:51.945Z", "sessionID": "2946843e-622a-46de-9178-e360d3d12020", "rank": "14", "doc": "Sd003097b-A467c7253", "action": "expand", "doclen": 913, "score": 13.697262167399902}
{"type": "StanceClicked", "timestamp": "2025-06-26T11:01:26.658Z", "sessionID": "2946843e-622a-46de-9178-e360d3d12020", "rank": "14", "stance": "con", "action": "chooseStance", "doc": "Sd003097b-A467c7253", "doclen": 913, "score": 13.697262167399902}
{"type": "toggleArgument", "timestamp": "2025-06-26T11:01:32.753Z", "sessionID": "2946843e-622a-46de-9178-e360d3d12020", "rank": "15", "doc": "Sbc6012b0-A738ca387", "action": "expand", "doclen": 1490, "score": 13.630506729023939}
{"type": "StanceClicked", "timestamp": "2025-06-26T11:01:58.114Z", "sessionID": "2946843e-622a-46de-9178-e360d3d12020", "rank": "15", "stance": "pro", "action": "chooseStance", "doc": "Sbc6012b0-A738ca387", "doclen": 1490, "score": 13.630506729023939}
{"type": "toggleArgument", "timestamp": "2025-06-26T11:02:08.290Z", "sessionID": "2946843e-622a-46de-9178-e360d3d12020", "rank": "17", "doc": "Sbdcf90af-Ac13ba38", "action": "expand", "doclen": 291, "score": 13.503107794183766}
{"type": "toggleArgument", "timestamp": "2025-06-26T11:02:16.585Z", "sessionID": "2946843e-622a-46de-9178-e360d3d12020", "rank": "16", "doc": "S2a12b5f8-Adbd67d21", "action": "expand", "doclen": 259, "score": 13.626952262567762}
{"type": "toggleArgument", "timestamp": "2025-06-26T11:02:37.194Z", "sessionID": "2946843e-622a-46de-9178-e360d3d12020", "rank": "18", "doc": "Sca9d6789-A5ded33d3", "action": "expand", "doclen": 263, "score": 13.503107794183766}
{"type": "toggleArgument", "timestamp": "2025-06-26T11:02:41.650Z", "sessionID": "2946843e-622a-46de-9178-e360d3d12020", "rank": "20", "doc": "Sca9d6789-A6f4dbb93", "action": "expand", "doclen": 665, "score": 13.395274581750705}
{"type": "pageNavigationClicked", "timestamp": "2025-06-26T11:03:00.403Z", "sessionID": "2946843e-622a-46de-9178-e360d3d12020", "clicked": "3", "fromPage": 2, "toPage": 3}
{"type": "toggleArgument", "timestamp": "2025-06-26T11:03:05.994Z", "sessionID": "2946843e-622a-46de-9178-e360d3d12020", "rank": "22", "doc": "Se49c43d0-A4229f28d", "action": "expand", "doclen": 246, "score": 13.321505039810523}
{"type": "toggleArgument", "timestamp": "2025-06-26T11:03:07.922Z", "sessionID": "2946843e-622a-46de-9178-e360d3d12020", "rank": "23", "doc": "Se49c43ef-A4229f28d", "action": "expand", "doclen": 246, "score": 13.321505039810523}
{"type": "toggleArgument", "timestamp": "2025-06-26T11:03:16.002Z", "sessionID": "2946843e-622a-46de-9178-e360d3d12020", "rank": "25", "doc": "Se62a27a7-Ac441b7df", "action": "expand", "doclen": 1572, "score": 13.218939873961425}
{"type": "toggleArgument", "timestamp": "2025-06-26T11:03:53.906Z", "sessionID": "2946843e-622a-46de-9178-e360d3d12020", "rank": "28", "doc": "S2a12b5f8-Abd6234c2", "action": "expand", "doclen": 366, "score": 13.071392931057744}
{"type": "StanceClicked", "timestamp": "2025-06-26T11:04:00.115Z", "sessionID": "2946843e-622a-46de-9178-e360d3d12020", "rank": "28", "stance": "pro", "action": "chooseStance", "doc": "S2a12b5f8-Abd6234c2", "doclen": 366, "score": 13.071392931057744}
{"type": "pageNavigationClicked", "timestamp": "2025-06-26T11:04:05.762Z", "sessionID": "2946843e-622a-46de-9178-e360d3d12020", "clicked": "4", "fromPage": 3, "toPage": 4}
{"type": "toggleArgument", "timestamp": "2025-06-26T11:04:13.322Z", "sessionID": "2946843e-622a-46de-9178-e360d3d12020", "rank": "31", "doc": "S4848b93e-A304a51e0", "action": "expand", "doclen": 586, "score": 12.861037303311559}
{"type": "StanceClicked", "timestamp": "2025-06-26T11:04:43.587Z", "sessionID": "2946843e-622a-46de-9178-e360d3d12020", "rank": "31", "stance": "con", "action": "chooseStance", "doc": "S4848b93e-A304a51e0", "doclen": 586, "score": 12.861037303311559}
{"type": "toggleArgument", "timestamp": "2025-06-26T11:04:53.114Z", "sessionID": "2946843e-622a-46de-9178-e360d3d12020", "rank": "34", "doc": "Sd1dbbea-Adf9e73a9", "action": "expand", "doclen": 730, "score": 12.755622198352093}
{"type": "toggleArgument", "timestamp": "2025-06-26T11:05:14.468Z", "sessionID": "2946843e-622a-46de-9178-e360d3d12020", "rank": "35", "doc": "Sca9d6789-A89b0baf5", "action": "expand", "doclen": 801, "score": 12.60103743284233}
{"type": "toggleArgument", "timestamp": "2025-06-26T11:05:33.868Z", "sessionID": "2946843e-622a-46de-9178-e360d3d12020", "rank": "38", "doc": "Sabb42382-Ac3c4dd57", "action": "expand", "doclen": 161, "score": 12.566872940584386}
{"type": "pageNavigationClicked", "timestamp": "2025-06-26T11:05:55.966Z", "sessionID": "2946843e-622a-46de-9178-e360d3d12020", "clicked": "5", "fromPage": 4, "toPage": 5}
{"type": "toggleArgument", "timestamp": "2025-06-26T11:06:09.117Z", "sessionID": "2946843e-622a-46de-9178-e360d3d12020", "rank": "41", "doc": "S90426844-Af2d32473", "action": "expand", "doclen": 615, "score": 12.520596781298348}
{"type": "toggleArgument", "timestamp": "2025-06-26T11:06:33.909Z", "sessionID": "2946843e-622a-46de-9178-e360d3d12020", "rank": "47", "doc": "Sd461a67d-Ab171c573", "action": "expand", "doclen": 1901, "score": 12.428253338118395}
{"type": "toggleArgument", "timestamp": "2025-06-26T11:06:49.383Z", "sessionID": "2946843e-622a-46de-9178-e360d3d12020", "rank": "50", "doc": "Sca9d6789-Af34b233c", "action": "expand", "doclen": 573, "score": 12.371157987254552}
{"type": "pageNavigationClicked", "timestamp": "2025-06-26T11:06:58.599Z", "sessionID": "2946843e-622a-46de-9178-e360d3d12020", "clicked": "6", "fromPage": 5, "toPage": 6}
{"type": "toggleArgument", "timestamp": "2025-06-26T11:07:08.943Z", "sessionID": "2946843e-622a-46de-9178-e360d3d12020", "rank": "56", "doc": "Sa06c77c-A883cbcce", "action": "expand", "doclen": 781, "score": 12.338541130828325}
{"type": "ClickedEndTask", "timestamp": "2025-06-26T11:07:49.825Z", "sessionID": "2946843e-622a-46de-9178-e360d3d12020"}
{"type": "TaskEndConfirmed", "timestamp": "2025-06-26T11:07:51.128Z", "sessionID": "2946843e-622a-46de-9178-e360d3d12020"}
{"type": "TaskEnded", "timestamp": "2025-06-26T11:08:02.520Z", "sessionID": "2946843e-622a-46de-9178-e360d3d12020", "reason": "time is up", "translated_reason": "Time is up"}
