{"type": "idSubmitted", "timestamp": "2025-06-26T10:20:34.393Z", "sessionID": "7b14f19e-1f34-45af-ba75-3d83fc2e26fc", "uid": "Participant4"}
{"type": "TaskStarted", "timestamp": "2025-06-26T10:24:18.270Z", "sessionID": "7b14f19e-1f34-45af-ba75-3d83fc2e26fc", "task": "1", "uid": "Participant4", "topic": "Should prostitution be legal?"}
{"type": "queryBoxFocused", "timestamp": "2025-06-26T10:24:24.379Z", "sessionID": "7b14f19e-1f34-45af-ba75-3d83fc2e26fc"}
{"type": "querySubmitted", "timestamp": "2025-06-26T10:24:30.416Z", "sessionID": "7b14f19e-1f34-45af-ba75-3d83fc2e26fc", "query": "prostitution legal"}
{"docno": "S10dba703-A5e4daff7", "score": 24.35110465649268}
{"docno": "S7c83e847-A110c745d", "score": 23.965227349642987}
{"docno": "S10dba703-A4021086d", "score": 23.417010340560438}
{"docno": "S286347c6-Ae3570a67", "score": 23.22619701110327}
{"docno": "S436cc21d-Ad0da327d", "score": 23.10612723305406}
{"docno": "Se410cf7a-A280a848f", "score": 23.104369429927274}
{"docno": "S318b36b2-Ab5da3b58", "score": 22.941439260446273}
{"docno": "Sf26ab52f-A484804b5", "score": 22.931850712789192}
{"docno": "S29e66283-A3372a973", "score": 22.831056645039535}
{"docno": "Sddcd2e78-Acf5b3d3f", "score": 22.76089323224847}
{"docno": "Sab52fe3f-A519eb99", "score": 22.64672846507664}
{"docno": "S2a95f892-A888dda76", "score": 22.614478631089256}
{"docno": "S9b3bf6ac-A8be67471", "score": 22.6112054836731}
{"docno": "S94b6b4c-A994a13eb", "score": 22.504236859028012}
{"docno": "S286347c6-A58ad6172", "score": 22.489935736325965}
{"docno": "S94aebaa-Aa54d1476", "score": 22.476433257930676}
{"docno": "Sf2b77005-Aea3c019e", "score": 22.415518970592725}
{"docno": "S10dba703-Ac7c9a8a", "score": 22.367397707509387}
{"docno": "Sb2564ac-A1bdac8d", "score": 22.301053235948086}
{"docno": "S94b6b4c-A580dd0b7", "score": 22.20899987115434}
{"docno": "S94b6b4c-A21a85343", "score": 22.164879474646483}
{"docno": "S7c83e847-A82f46229", "score": 22.16184455763045}
{"docno": "Sd262e675-A181332ba", "score": 22.136460477000362}
{"docno": "S29e66283-A50b104ff", "score": 22.085415658022054}
{"docno": "Sbbe2f561-Ad1a1e8ad", "score": 22.07887455661691}
{"docno": "S87d0ccd3-A9ce68c1e", "score": 22.045022964982135}
{"docno": "Sab52fe3f-Ac51fbaf1", "score": 21.99114669536925}
{"docno": "Sf4fc3e13-Ae03ce8d7", "score": 21.958430207347995}
{"docno": "S2709758f-A7432039c", "score": 21.944983890347462}
{"docno": "Sbe3c3e1a-A2aa64998", "score": 21.937320652452804}
{"docno": "S2fc94acb-A8f0dde1", "score": 21.930646134041083}
{"docno": "S318b36b2-Ad681510f", "score": 21.908047887850977}
{"docno": "S94b6b4c-A379a3f61", "score": 21.80728520211021}
{"docno": "S94b676c-A97d91864", "score": 21.783475625020042}
{"docno": "Sb5591233-Af195ff62", "score": 21.768001567065255}
{"docno": "S94b6b4c-Aceeaab49", "score": 21.759344235837265}
{"docno": "S94b6b4c-A15f19060", "score": 21.728940206649412}
{"docno": "Sbe3c3dbd-A69834559", "score": 21.715451154476476}
{"docno": "S87d0ccd3-Aacd72ab2", "score": 21.654092336148533}
{"docno": "S87d0ccd3-A9ec8a1a1", "score": 21.640531423152296}
{"docno": "Sb24a50c9-A6e9f187", "score": 21.63613575913334}
{"docno": "S2d75e907-A98218df7", "score": 21.50976431586799}
{"docno": "S105d8c2a-A674dd505", "score": 21.50505380279074}
{"docno": "Sb5591233-Ae45f813d", "score": 21.482023483444017}
{"docno": "S286347c6-A721cf638", "score": 21.431972956452718}
{"docno": "Sbe3c3d22-Ab7def6e4", "score": 21.42665260103322}
{"docno": "S2d215538-Af3ef5e40", "score": 21.42665260103322}
{"docno": "S6b369348-Aed037f52", "score": 21.41259668181375}
{"docno": "S35ff4ca-A9d5c3d41", "score": 21.40818456699825}
{"docno": "S9b3bf6ac-A170be0fe", "score": 21.37370694401876}
{"docno": "Se315eb8e-A901d438e", "score": 21.312691456289517}
{"docno": "S936e7b82-A58d5f657", "score": 21.284441095921668}
{"docno": "Sbbe2f561-A5318a530", "score": 21.267190109256006}
{"docno": "S87d0ccd3-A66b99a31", "score": 21.226035310383235}
{"docno": "S66ec5f0a-A1319a2d4", "score": 21.204523255751017}
{"docno": "S626e386a-A3f4c2b83", "score": 21.196401801922452}
{"docno": "S9b3bf6ac-A9ba7b541", "score": 21.180191371099642}
{"docno": "Se410cf7a-Ae3273c0b", "score": 21.12660210976952}
{"docno": "Scf3ad40b-A82a4232e", "score": 21.107720389463516}
{"docno": "S436cc21d-A8bb359e2", "score": 21.099318764447155}
{"docno": "Sb62b0bc1-A866c8f77", "score": 21.047297515779544}
{"docno": "Sab52fe3f-A65cb75b4", "score": 21.043238439296292}
{"docno": "S626e386a-Ab159d832", "score": 20.993062447864396}
{"docno": "Sbe3c3ddc-Ab3f1f132", "score": 20.957374648077636}
{"docno": "S58074cce-A50021d52", "score": 20.950218244609935}
{"docno": "S94b67e8-A4fe16040", "score": 20.90503996558273}
{"docno": "S2fc94acb-Adef29a3f", "score": 20.857856331670625}
{"docno": "S3d2c9c3b-A8b97b333", "score": 20.850660495243673}
{"docno": "S66ec5f0a-Af21bb718", "score": 20.834355801494432}
{"docno": "S2d75e907-Ab6367c30", "score": 20.79085137639094}
{"docno": "S36de12d5-A71886e1e", "score": 20.78828142084066}
{"docno": "S318b36b2-A982a604b", "score": 20.773589209360328}
{"docno": "S3180697a-A26af1705", "score": 20.745319438710652}
{"docno": "S181f935c-Ad6e52952", "score": 20.744033784199083}
{"docno": "S7c83e847-A38020a9b", "score": 20.69991424500265}
{"docno": "Sab52fe3f-Afb0f1532", "score": 20.690336072014617}
{"docno": "S58074cce-A7a2e065c", "score": 20.685944194411746}
{"docno": "Sbe3c3d9e-Ade9384ea", "score": 20.677376558351433}
{"docno": "Se70d8e5c-Afc3a9162", "score": 20.625290603812154}
{"docno": "S53ea1c8-A34affebe", "score": 20.562120897912987}
{"docno": "Scf3ad40b-A291c89c1", "score": 20.562120897912987}
{"docno": "S53ea1c8-A41dfdf02", "score": 20.411906742897894}
{"docno": "Sb72509d-A5b17e156", "score": 20.404872011915273}
{"docno": "S58074c90-A30927e08", "score": 20.40081200058296}
{"docno": "S94b6b4c-A4a7acced", "score": 20.386533489668327}
{"docno": "S2709758f-A9aa5cb30", "score": 20.35427239698312}
{"docno": "S87d0ccd3-A846a102a", "score": 20.35427239698312}
{"docno": "S8f7cc685-Ac9924e35", "score": 20.332668662897312}
{"docno": "Sf2b76fe6-Af918e794", "score": 20.33173326277297}
{"docno": "S9b3bf6ac-A7d1bdb9f", "score": 20.282630673902077}
{"docno": "Sdaa1bf82-A4c8a0cd0", "score": 20.27512135716272}
{"docno": "Scf3ad38f-Ac06067d9", "score": 20.234889822091496}
{"docno": "S2709758f-A401e1ae9", "score": 20.195351591582444}
{"docno": "Sfc16d928-Ac54ae68e", "score": 20.15091832002971}
{"docno": "Sbe3c3d9e-Ae6c07c2c", "score": 20.13321036791818}
{"docno": "Sd262e637-A9363dfd9", "score": 20.130731149175297}
{"docno": "S87d0ccd3-A1ce15c8b", "score": 20.1305930938745}
{"docno": "S951b2ce-A9916884f", "score": 20.12427862620945}
{"docno": "S8f7cc685-Afcd4a3c5", "score": 20.09077587179261}
{"docno": "Sf26ab52f-A1840e359", "score": 20.076206625031936}
{"type": "toggleArgument", "timestamp": "2025-06-26T10:24:34.879Z", "sessionID": "7b14f19e-1f34-45af-ba75-3d83fc2e26fc", "rank": "1", "doc": "S10dba703-A5e4daff7", "action": "expand", "doclen": 1034, "score": 24.35110465649268}
{"type": "StanceClicked", "timestamp": "2025-06-26T10:25:17.505Z", "sessionID": "7b14f19e-1f34-45af-ba75-3d83fc2e26fc", "rank": "1", "stance": "con", "action": "chooseStance", "doc": "S10dba703-A5e4daff7", "doclen": 1034, "score": 24.35110465649268}
{"type": "toggleArgument", "timestamp": "2025-06-26T10:25:25.200Z", "sessionID": "7b14f19e-1f34-45af-ba75-3d83fc2e26fc", "rank": "2", "doc": "S7c83e847-A110c745d", "action": "expand", "doclen": 1908, "score": 23.965227349642987}
{"type": "StanceClicked", "timestamp": "2025-06-26T10:25:53.515Z", "sessionID": "7b14f19e-1f34-45af-ba75-3d83fc2e26fc", "rank": "2", "stance": "pro", "action": "chooseStance", "doc": "S7c83e847-A110c745d", "doclen": 1908, "score": 23.965227349642987}
{"type": "toggleArgument", "timestamp": "2025-06-26T10:26:00.650Z", "sessionID": "7b14f19e-1f34-45af-ba75-3d83fc2e26fc", "rank": "3", "doc": "S10dba703-A4021086d", "action": "expand", "doclen": 2001, "score": 23.417010340560438}
{"type": "StanceClicked", "timestamp": "2025-06-26T10:26:52.740Z", "sessionID": "7b14f19e-1f34-45af-ba75-3d83fc2e26fc", "rank": "3", "stance": "pro", "action": "chooseStance", "doc": "S10dba703-A4021086d", "doclen": 2001, "score": 23.417010340560438}
{"type": "toggleArgument", "timestamp": "2025-06-26T10:26:57.011Z", "sessionID": "7b14f19e-1f34-45af-ba75-3d83fc2e26fc", "rank": "4", "doc": "S286347c6-Ae3570a67", "action": "expand", "doclen": 878, "score": 23.22619701110327}
{"type": "StanceClicked", "timestamp": "2025-06-26T10:27:22.139Z", "sessionID": "7b14f19e-1f34-45af-ba75-3d83fc2e26fc", "rank": "4", "stance": "pro", "action": "chooseStance", "doc": "S286347c6-Ae3570a67", "doclen": 878, "score": 23.22619701110327}
{"type": "toggleArgument", "timestamp": "2025-06-26T10:27:24.651Z", "sessionID": "7b14f19e-1f34-45af-ba75-3d83fc2e26fc", "rank": "5", "doc": "S436cc21d-Ad0da327d", "action": "expand", "doclen": 747, "score": 23.10612723305406}
{"type": "StanceClicked", "timestamp": "2025-06-26T10:27:41.851Z", "sessionID": "7b14f19e-1f34-45af-ba75-3d83fc2e26fc", "rank": "5", "stance": "con", "action": "chooseStance", "doc": "S436cc21d-Ad0da327d", "doclen": 747, "score": 23.10612723305406}
{"type": "toggleArgument", "timestamp": "2025-06-26T10:27:47.675Z", "sessionID": "7b14f19e-1f34-45af-ba75-3d83fc2e26fc", "rank": "6", "doc": "Se410cf7a-A280a848f", "action": "expand", "doclen": 920, "score": 23.104369429927274}
{"type": "StanceClicked", "timestamp": "2025-06-26T10:28:08.307Z", "sessionID": "7b14f19e-1f34-45af-ba75-3d83fc2e26fc", "rank": "6", "stance": "pro", "action": "chooseStance", "doc": "Se410cf7a-A280a848f", "doclen": 920, "score": 23.104369429927274}
{"type": "toggleArgument", "timestamp": "2025-06-26T10:28:18.730Z", "sessionID": "7b14f19e-1f34-45af-ba75-3d83fc2e26fc", "rank": "7", "doc": "S318b36b2-Ab5da3b58", "action": "expand", "doclen": 2606, "score": 22.941439260446273}
{"type": "toggleArgument", "timestamp": "2025-06-26T10:28:56.882Z", "sessionID": "7b14f19e-1f34-45af-ba75-3d83fc2e26fc", "rank": "8", "doc": "Sf26ab52f-A484804b5", "action": "expand", "doclen": 266, "score": 22.931850712789192}
{"type": "StanceClicked", "timestamp": "2025-06-26T10:29:12.682Z", "sessionID": "7b14f19e-1f34-45af-ba75-3d83fc2e26fc", "rank": "8", "stance": "pro", "action": "chooseStance", "doc": "Sf26ab52f-A484804b5", "doclen": 266, "score": 22.931850712789192}
{"type": "toggleArgument", "timestamp": "2025-06-26T10:29:25.282Z", "sessionID": "7b14f19e-1f34-45af-ba75-3d83fc2e26fc", "rank": "9", "doc": "S29e66283-A3372a973", "action": "expand", "doclen": 2111, "score": 22.831056645039535}
{"type": "StanceClicked", "timestamp": "2025-06-26T10:31:04.850Z", "sessionID": "7b14f19e-1f34-45af-ba75-3d83fc2e26fc", "rank": "9", "stance": "pro", "action": "chooseStance", "doc": "S29e66283-A3372a973", "doclen": 2111, "score": 22.831056645039535}
{"type": "toggleArgument", "timestamp": "2025-06-26T10:31:07.474Z", "sessionID": "7b14f19e-1f34-45af-ba75-3d83fc2e26fc", "rank": "10", "doc": "Sddcd2e78-Acf5b3d3f", "action": "expand", "doclen": 242, "score": 22.76089323224847}
{"type": "StanceClicked", "timestamp": "2025-06-26T10:31:20.097Z", "sessionID": "7b14f19e-1f34-45af-ba75-3d83fc2e26fc", "rank": "10", "stance": "con", "action": "chooseStance", "doc": "Sddcd2e78-Acf5b3d3f", "doclen": 242, "score": 22.76089323224847}
{"type": "pageNavigationClicked", "timestamp": "2025-06-26T10:31:21.977Z", "sessionID": "7b14f19e-1f34-45af-ba75-3d83fc2e26fc", "clicked": "2", "fromPage": 1, "toPage": 2}
{"type": "toggleArgument", "timestamp": "2025-06-26T10:31:24.873Z", "sessionID": "7b14f19e-1f34-45af-ba75-3d83fc2e26fc", "rank": "11", "doc": "Sab52fe3f-A519eb99", "action": "expand", "doclen": 717, "score": 22.64672846507664}
{"type": "StanceClicked", "timestamp": "2025-06-26T10:31:56.242Z", "sessionID": "7b14f19e-1f34-45af-ba75-3d83fc2e26fc", "rank": "11", "stance": "pro", "action": "chooseStance", "doc": "Sab52fe3f-A519eb99", "doclen": 717, "score": 22.64672846507664}
{"type": "toggleArgument", "timestamp": "2025-06-26T10:32:03.473Z", "sessionID": "7b14f19e-1f34-45af-ba75-3d83fc2e26fc", "rank": "12", "doc": "S2a95f892-A888dda76", "action": "expand", "doclen": 2386, "score": 22.614478631089256}
{"type": "StanceClicked", "timestamp": "2025-06-26T10:32:33.505Z", "sessionID": "7b14f19e-1f34-45af-ba75-3d83fc2e26fc", "rank": "12", "stance": "pro", "action": "chooseStance", "doc": "S2a95f892-A888dda76", "doclen": 2386, "score": 22.614478631089256}
{"type": "toggleArgument", "timestamp": "2025-06-26T10:32:57.937Z", "sessionID": "7b14f19e-1f34-45af-ba75-3d83fc2e26fc", "rank": "13", "doc": "S9b3bf6ac-A8be67471", "action": "expand", "doclen": 896, "score": 22.6112054836731}
{"type": "StanceClicked", "timestamp": "2025-06-26T10:33:15.826Z", "sessionID": "7b14f19e-1f34-45af-ba75-3d83fc2e26fc", "rank": "13", "stance": "con", "action": "chooseStance", "doc": "S9b3bf6ac-A8be67471", "doclen": 896, "score": 22.6112054836731}
{"type": "toggleArgument", "timestamp": "2025-06-26T10:33:21.193Z", "sessionID": "7b14f19e-1f34-45af-ba75-3d83fc2e26fc", "rank": "14", "doc": "S94b6b4c-A994a13eb", "action": "expand", "doclen": 657, "score": 22.504236859028012}
{"type": "StanceClicked", "timestamp": "2025-06-26T10:33:35.722Z", "sessionID": "7b14f19e-1f34-45af-ba75-3d83fc2e26fc", "rank": "14", "stance": "con", "action": "chooseStance", "doc": "S94b6b4c-A994a13eb", "doclen": 657, "score": 22.504236859028012}
{"type": "toggleArgument", "timestamp": "2025-06-26T10:33:42.985Z", "sessionID": "7b14f19e-1f34-45af-ba75-3d83fc2e26fc", "rank": "15", "doc": "S286347c6-A58ad6172", "action": "expand", "doclen": 781, "score": 22.489935736325965}
{"type": "StanceClicked", "timestamp": "2025-06-26T10:33:58.817Z", "sessionID": "7b14f19e-1f34-45af-ba75-3d83fc2e26fc", "rank": "15", "stance": "pro", "action": "chooseStance", "doc": "S286347c6-A58ad6172", "doclen": 781, "score": 22.489935736325965}
{"type": "toggleArgument", "timestamp": "2025-06-26T10:34:05.817Z", "sessionID": "7b14f19e-1f34-45af-ba75-3d83fc2e26fc", "rank": "16", "doc": "S94aebaa-Aa54d1476", "action": "expand", "doclen": 1586, "score": 22.476433257930676}
{"type": "StanceClicked", "timestamp": "2025-06-26T10:34:50.473Z", "sessionID": "7b14f19e-1f34-45af-ba75-3d83fc2e26fc", "rank": "16", "stance": "pro", "action": "chooseStance", "doc": "S94aebaa-Aa54d1476", "doclen": 1586, "score": 22.476433257930676}
{"type": "toggleArgument", "timestamp": "2025-06-26T10:35:00.144Z", "sessionID": "7b14f19e-1f34-45af-ba75-3d83fc2e26fc", "rank": "17", "doc": "Sf2b77005-Aea3c019e", "action": "expand", "doclen": 703, "score": 22.415518970592725}
{"type": "toggleArgument", "timestamp": "2025-06-26T10:35:13.432Z", "sessionID": "7b14f19e-1f34-45af-ba75-3d83fc2e26fc", "rank": "18", "doc": "S10dba703-Ac7c9a8a", "action": "expand", "doclen": 1026, "score": 22.367397707509387}
{"type": "StanceClicked", "timestamp": "2025-06-26T10:35:23.873Z", "sessionID": "7b14f19e-1f34-45af-ba75-3d83fc2e26fc", "rank": "18", "stance": "pro", "action": "chooseStance", "doc": "S10dba703-Ac7c9a8a", "doclen": 1026, "score": 22.367397707509387}
{"type": "toggleArgument", "timestamp": "2025-06-26T10:35:26.337Z", "sessionID": "7b14f19e-1f34-45af-ba75-3d83fc2e26fc", "rank": "19", "doc": "Sb2564ac-A1bdac8d", "action": "expand", "doclen": 2454, "score": 22.301053235948086}
{"type": "StanceClicked", "timestamp": "2025-06-26T10:36:08.145Z", "sessionID": "7b14f19e-1f34-45af-ba75-3d83fc2e26fc", "rank": "19", "stance": "pro", "action": "chooseStance", "doc": "Sb2564ac-A1bdac8d", "doclen": 2454, "score": 22.301053235948086}
{"type": "toggleArgument", "timestamp": "2025-06-26T10:36:15.608Z", "sessionID": "7b14f19e-1f34-45af-ba75-3d83fc2e26fc", "rank": "20", "doc": "S94b6b4c-A580dd0b7", "action": "expand", "doclen": 1237, "score": 22.20899987115434}
{"type": "StanceClicked", "timestamp": "2025-06-26T10:36:20.113Z", "sessionID": "7b14f19e-1f34-45af-ba75-3d83fc2e26fc", "rank": "20", "stance": "con", "action": "chooseStance", "doc": "S94b6b4c-A580dd0b7", "doclen": 1237, "score": 22.20899987115434}
{"type": "ClickedEndTask", "timestamp": "2025-06-26T10:36:25.417Z", "sessionID": "7b14f19e-1f34-45af-ba75-3d83fc2e26fc"}
{"type": "TaskEndConfirmed", "timestamp": "2025-06-26T10:36:29.328Z", "sessionID": "7b14f19e-1f34-45af-ba75-3d83fc2e26fc"}
{"type": "TaskEnded", "timestamp": "2025-06-26T10:36:36.912Z", "sessionID": "7b14f19e-1f34-45af-ba75-3d83fc2e26fc", "reason": "time is up", "translated_reason": "Time is up"}
