{"type": "idSubmitted", "timestamp": "2025-06-26T10:46:26.757Z", "sessionID": "47b87a04-198c-4e23-8afa-620ad0558176", "uid": "Participant8"}
{"type": "TaskStarted", "timestamp": "2025-06-26T10:46:41.013Z", "sessionID": "47b87a04-198c-4e23-8afa-620ad0558176", "task": "1", "uid": "Participant8", "topic": "Is obesity a disease?"}
{"type": "queryBoxFocused", "timestamp": "2025-06-26T10:46:43.599Z", "sessionID": "47b87a04-198c-4e23-8afa-620ad0558176"}
{"type": "querySubmitted", "timestamp": "2025-06-26T10:46:58.910Z", "sessionID": "47b87a04-198c-4e23-8afa-620ad0558176", "query": "is obesity a disease"}
{"docno": "S636669d7-A6a282c9d", "score": 25.042872477047453}
{"docno": "Sb5b096db-A6748ad96", "score": 24.889801711507054}
{"docno": "Sb5b096db-Ac5f4a991", "score": 23.3635125440244}
{"docno": "S21e2b85c-A56606e73", "score": 23.360057838049414}
{"docno": "S21e2b85c-A4f7b3e4c", "score": 23.13986557795817}
{"docno": "S21e2b85c-Aa1ed4daf", "score": 22.852839401598068}
{"docno": "S4365c705-A3ac49e58", "score": 22.823378392349312}
{"docno": "Scb509540-A3a7f4447", "score": 22.80679668958289}
{"docno": "S21e2b85c-A161deb9d", "score": 22.696160569947285}
{"docno": "S2245ae98-A87404e78", "score": 22.452319723911422}
{"docno": "Sefbdcc9f-A879cec18", "score": 22.181766898018125}
{"docno": "S720c8ec-Adaf0411a", "score": 22.131458408058585}
{"docno": "S7b734685-A7db0db3c", "score": 22.04375062417001}
{"docno": "Sb09f1711-A3a292c99", "score": 21.048323338873423}
{"docno": "Sb37c5615-A60772bd7", "score": 20.940487909835507}
{"docno": "Sfb2e263c-Ad8986c10", "score": 20.82084141767481}
{"docno": "Sa8af0abf-Aadd9eef2", "score": 20.809814276794253}
{"docno": "S97bcd2c0-Ae0779c7e", "score": 20.44171887213511}
{"docno": "Scb509540-Abece3217", "score": 20.307912787625007}
{"docno": "S2245ae98-A5fc572a7", "score": 20.035552075445498}
{"docno": "S445d9e6e-Aaa6a8b5e", "score": 19.74425196505761}
{"docno": "Sd4a2b65c-A615248e6", "score": 19.671929179938353}
{"docno": "S63392463-Ab81ff71e", "score": 19.401465311461994}
{"docno": "S1e7f4ed8-A48d5c75", "score": 19.38095892140919}
{"docno": "Sb5b096db-Af5f10dbb", "score": 19.335957781457047}
{"docno": "Sb5b096db-A37f18196", "score": 19.287354888074677}
{"docno": "S2f8534ff-A2d385d5a", "score": 19.284371873697165}
{"docno": "S2835af09-Aca35a6a", "score": 19.0278845553193}
{"docno": "S745edcc5-A18b06b0a", "score": 18.871725839045368}
{"docno": "Sb945ca11-A41ca93db", "score": 18.855633303978696}
{"docno": "Sb12a88b2-Af40538de", "score": 18.810891052070335}
{"docno": "S636669d7-A5b3d0e8d", "score": 18.78294605053562}
{"docno": "S636669d7-Abd228f33", "score": 18.459653083081832}
{"docno": "Sc9b434d4-A788e6fe2", "score": 18.33853588745321}
{"docno": "Sb5b096db-A7035c7b5", "score": 18.336019221796036}
{"docno": "S1e7f4ed8-Ae157ca48", "score": 18.288289218325012}
{"docno": "S2835af09-A65b7b8", "score": 18.228550545251803}
{"docno": "Sc4eaae9b-Ac65bf1ed", "score": 18.15209435957243}
{"docno": "S21e2b85c-A148fb2f7", "score": 17.905610482964395}
{"docno": "Se1952864-Acbe9a15b", "score": 17.8712656954305}
{"docno": "Sd766d928-A70da558a", "score": 17.74789511157047}
{"docno": "S199eda63-A1dd80f1", "score": 17.536692533366733}
{"docno": "S6327257c-A95ebc2fc", "score": 17.518245809726466}
{"docno": "S264c3a60-Af9f79eb9", "score": 17.50863752987819}
{"docno": "Scf3f8df7-Ab4272b47", "score": 17.438832986231958}
{"docno": "S95627a9d-A126cb3f5", "score": 17.296738457905278}
{"docno": "S2a10529c-Ac2eebdd0", "score": 17.263287521041743}
{"docno": "S3b7407bb-Afbefef6e", "score": 17.181488752762828}
{"docno": "S129ce23f-A4af46b02", "score": 17.0800421730066}
{"docno": "S98fa500a-Aa338f7a2", "score": 17.067764719980257}
{"docno": "Sfdb7b7d4-Aa0b66d7c", "score": 17.067764719980257}
{"docno": "S95a47-Ad48e5ee5", "score": 16.86376412883625}
{"docno": "Sab908431-A4b2b19f8", "score": 16.718910409956827}
{"docno": "Saabd82bf-A35cb1dd6", "score": 16.57545979151402}
{"docno": "S3a5f8370-Ab3f4eee3", "score": 16.46836813599182}
{"docno": "S3b7407bb-Af4626ac8", "score": 16.425318640697125}
{"docno": "S63392463-Aacab30c8", "score": 16.415827913350263}
{"docno": "S36aea26b-A1e80a903", "score": 16.26886248846719}
{"docno": "S37063803-Ad3c282bc", "score": 16.2319728693433}
{"docno": "S615af073-A977b289d", "score": 16.21648984140922}
{"docno": "Sd9ed1164-A983799a2", "score": 16.176433288107404}
{"docno": "S6327257c-A8d74df04", "score": 16.108186007148884}
{"docno": "Sbff0970b-A8f33d67e", "score": 15.976988319585015}
{"docno": "S9896d40f-A471e3585", "score": 15.9094183377261}
{"docno": "S63392463-Afd5004a9", "score": 15.9094183377261}
{"docno": "S3c486dec-Ab14927ea", "score": 15.851721557982792}
{"docno": "Sac0181e3-A13cd684", "score": 15.848488732230834}
{"docno": "S36aea26b-A69edce76", "score": 15.7149811555805}
{"docno": "S61b1ed2-Afc0632f0", "score": 15.711979160525475}
{"docno": "S59921373-A9a590852", "score": 15.674041725884422}
{"docno": "S104c1a05-Aa0c75140", "score": 15.526244777652721}
{"docno": "S2f8534ff-A95198396", "score": 15.470032298372587}
{"docno": "Sb37c5615-A5856978c", "score": 15.463050403181246}
{"docno": "S9a25340e-Aef417485", "score": 15.433318070602184}
{"docno": "Sae051343-A3d853f2a", "score": 15.341497103749415}
{"docno": "Sb818a298-A97445c89", "score": 15.271437743662268}
{"docno": "S7b734685-Aa935d367", "score": 15.257135049756162}
{"docno": "Sc3cbe7d1-A5fe5a7d5", "score": 15.250762257920545}
{"docno": "Sece797c7-Aab13334", "score": 15.079231657737981}
{"docno": "Sb1e91381-A46b816a7", "score": 15.079231657737981}
{"docno": "S636669d7-A8ee13dc4", "score": 14.898307570766399}
{"docno": "S821d0b5d-A4d8813b", "score": 14.880875448826801}
{"docno": "S8662c54-A6d8d3a7c", "score": 14.791027457708527}
{"docno": "Se1952864-A14ab8062", "score": 14.747509060548916}
{"docno": "S6e81aa86-Ac6b0724c", "score": 14.744006015613204}
{"docno": "S8d3d280d-Ad7510569", "score": 14.706012315956695}
{"docno": "S8662c54-A587c9d", "score": 14.687381756373043}
{"docno": "S8164800e-A7c63684", "score": 14.62146031326272}
{"docno": "S8164800e-A17b98d12", "score": 14.61418951873018}
{"docno": "S1e7f4ed8-A7770e0a", "score": 14.604502722026462}
{"docno": "Sda94a2ff-Aae72a94c", "score": 14.59087836559455}
{"docno": "S5efbb5ee-A83ed4e56", "score": 14.55996914630517}
{"docno": "Sab908431-A14b721cc", "score": 14.55753912954559}
{"docno": "S63e2eca-Ae93a74be", "score": 14.53176673876171}
{"docno": "S720c8ec-A3bc92fbe", "score": 14.446211904879073}
{"docno": "S4365c705-A9a62db62", "score": 14.32493554994381}
{"docno": "S590c815-A6125df16", "score": 14.306544162447876}
{"docno": "S672e8c7b-Aba2381ba", "score": 14.304163845627093}
{"docno": "Sebf02ef3-Aa7d67990", "score": 14.28331769918444}
{"docno": "Sc095d706-Aba86f804", "score": 14.267348590954407}
{"type": "StanceClicked", "timestamp": "2025-06-26T10:47:18.878Z", "sessionID": "47b87a04-198c-4e23-8afa-620ad0558176", "rank": "2", "stance": "pro", "action": "chooseStance", "doc": "Sb5b096db-A6748ad96", "doclen": 1025, "score": 24.889801711507054}
{"type": "StanceClicked", "timestamp": "2025-06-26T10:47:25.613Z", "sessionID": "47b87a04-198c-4e23-8afa-620ad0558176", "rank": "3", "stance": "pro", "action": "chooseStance", "doc": "Sb5b096db-Ac5f4a991", "doclen": 1286, "score": 23.3635125440244}
{"type": "StanceClicked", "timestamp": "2025-06-26T10:47:29.333Z", "sessionID": "47b87a04-198c-4e23-8afa-620ad0558176", "rank": "4", "stance": "pro", "action": "chooseStance", "doc": "S21e2b85c-A56606e73", "doclen": 467, "score": 23.360057838049414}
{"type": "StanceClicked", "timestamp": "2025-06-26T10:47:55.894Z", "sessionID": "47b87a04-198c-4e23-8afa-620ad0558176", "rank": "4", "stance": "pro", "action": "removeStance", "doc": "S21e2b85c-A56606e73", "doclen": 467, "score": 23.360057838049414}
{"type": "StanceClicked", "timestamp": "2025-06-26T10:48:02.974Z", "sessionID": "47b87a04-198c-4e23-8afa-620ad0558176", "rank": "6", "stance": "con", "action": "chooseStance", "doc": "S21e2b85c-Aa1ed4daf", "doclen": 1278, "score": 22.852839401598068}
{"type": "toggleArgument", "timestamp": "2025-06-26T10:48:08.141Z", "sessionID": "47b87a04-198c-4e23-8afa-620ad0558176", "rank": "7", "doc": "S4365c705-A3ac49e58", "action": "expand", "doclen": 1610, "score": 22.823378392349312}
{"type": "StanceClicked", "timestamp": "2025-06-26T10:48:16.918Z", "sessionID": "47b87a04-198c-4e23-8afa-620ad0558176", "rank": "7", "stance": "pro", "action": "chooseStance", "doc": "S4365c705-A3ac49e58", "doclen": 1610, "score": 22.823378392349312}
{"type": "toggleArgument", "timestamp": "2025-06-26T10:48:19.989Z", "sessionID": "47b87a04-198c-4e23-8afa-620ad0558176", "rank": "8", "doc": "Scb509540-A3a7f4447", "action": "expand", "doclen": 634, "score": 22.80679668958289}
{"type": "StanceClicked", "timestamp": "2025-06-26T10:48:30.741Z", "sessionID": "47b87a04-198c-4e23-8afa-620ad0558176", "rank": "9", "stance": "pro", "action": "chooseStance", "doc": "S21e2b85c-A161deb9d", "doclen": 1327, "score": 22.696160569947285}
{"type": "pageNavigationClicked", "timestamp": "2025-06-26T10:48:49.285Z", "sessionID": "47b87a04-198c-4e23-8afa-620ad0558176", "clicked": "2", "fromPage": 1, "toPage": 2}
{"type": "StanceClicked", "timestamp": "2025-06-26T10:49:08.966Z", "sessionID": "47b87a04-198c-4e23-8afa-620ad0558176", "rank": "19", "stance": "con", "action": "chooseStance", "doc": "Scb509540-Abece3217", "doclen": 840, "score": 20.307912787625007}
{"type": "queryBoxFocused", "timestamp": "2025-06-26T10:49:16.584Z", "sessionID": "47b87a04-198c-4e23-8afa-620ad0558176"}
{"type": "querySubmitted", "timestamp": "2025-06-26T10:49:43.746Z", "sessionID": "47b87a04-198c-4e23-8afa-620ad0558176", "query": "is obesity a choice?"}
{"docno": "S21e2b85c-A161deb9d", "score": 22.444790986322186}
{"docno": "S21e2b85c-A4f7b3e4c", "score": 22.300687570721436}
{"docno": "Se1952864-A14ab8062", "score": 22.27395555515187}
{"docno": "S21e2b85c-A3640d27f", "score": 22.195514563094953}
{"docno": "S21e2b85c-Aa1ed4daf", "score": 21.606348169006477}
{"docno": "S8662c54-A7c46dd0f", "score": 20.516020479324858}
{"docno": "Sc9b434d4-A788e6fe2", "score": 20.47713537743237}
{"docno": "S8662c54-A587c9d", "score": 20.009126477683584}
{"docno": "Sb5b096db-A6748ad96", "score": 19.981428781875096}
{"docno": "S21e2b85c-A56606e73", "score": 19.79897124189193}
{"docno": "S6ed8a6b0-Aa3ace448", "score": 19.329464798810665}
{"docno": "Sb5b096db-Af5f10dbb", "score": 19.193600337871736}
{"docno": "Sb5b096db-A7035c7b5", "score": 19.091127890506623}
{"docno": "Sefbdcc9f-A1b4e0639", "score": 18.752134758800253}
{"docno": "Sb5b096db-A6b1e0243", "score": 18.510542473989837}
{"docno": "Sa9dd859d-A52db92e3", "score": 18.377258199018566}
{"docno": "Scce067fd-A76390dd0", "score": 18.280056742381205}
{"docno": "Sc095d706-A93195187", "score": 18.217750964792977}
{"docno": "S8662c54-A6d8d3a7c", "score": 18.18760798283928}
{"docno": "Sbff0970b-Ac9d85d16", "score": 18.133279957722618}
{"docno": "S1c506328-A4af79f73", "score": 18.090786452200923}
{"docno": "Sb5b096db-Ac5f4a991", "score": 18.083133643459465}
{"docno": "Sc095d706-Aba86f804", "score": 18.079085519119523}
{"docno": "S5f670626-Abefcfbbb", "score": 17.923952887352574}
{"docno": "S816ff572-A2eda9fd1", "score": 17.92275467185025}
{"docno": "S334ce662-A5f912649", "score": 17.920556775056244}
{"docno": "Sc4852aba-Ada4d6585", "score": 17.854302364926966}
{"docno": "Sdde03838-A5b28be6d", "score": 17.84779770900011}
{"docno": "S334ce662-Ac160dc53", "score": 17.757892873083605}
{"docno": "Sb5b096db-A37f18196", "score": 17.74552288642074}
{"docno": "Sbff0970b-A70547531", "score": 17.601998585516913}
{"docno": "S6d80f423-A94c587c", "score": 17.459149963839756}
{"docno": "S1ecb0c67-Afb33e1a3", "score": 17.407006274061423}
{"docno": "S5bf79135-Af12617cc", "score": 17.351259270522437}
{"docno": "Sc095d706-Ab2876470", "score": 17.294916332460563}
{"docno": "S590c815-A6125df16", "score": 17.178134556621536}
{"docno": "Sb367c104-Ace331c5b", "score": 17.168171207001173}
{"docno": "S7d8e5f55-Ab1c88c65", "score": 16.986553165816755}
{"docno": "Sc0029a2e-Af736f9af", "score": 16.906202617949745}
{"docno": "Se99ff5b0-Abe70a484", "score": 16.79373472518984}
{"docno": "Se1952864-Acbe9a15b", "score": 16.61991827615001}
{"docno": "S97bcd2c0-Ae0779c7e", "score": 16.519404094241295}
{"docno": "S8e0455dd-Afcc5c4f0", "score": 16.447915071719102}
{"docno": "S962b00f0-A9572c35c", "score": 16.425932167995416}
{"docno": "Scb88a6c4-A3773d8db", "score": 16.25224585355285}
{"docno": "S63392463-Afd5004a9", "score": 16.058528923099498}
{"docno": "S1ecb0c67-A57c76127", "score": 15.97501501290801}
{"docno": "S3c486e0b-Aa36081fe", "score": 15.898115807152742}
{"docno": "Sfde599b4-A1c6f5db", "score": 15.892400650896128}
{"docno": "S6e81aa86-A18b072c5", "score": 15.80392459263067}
{"docno": "S6e81aa86-A48591e03", "score": 15.623779299641763}
{"docno": "S5de93d1a-A68815098", "score": 15.594291639221938}
{"docno": "S1e7f4ed8-A48d5c75", "score": 15.492593275517267}
{"docno": "S98fa500a-Aa338f7a2", "score": 15.485111260855561}
{"docno": "Sb37c5615-A5856978c", "score": 15.463050403181246}
{"docno": "Sa8af0abf-A64c2f9ba", "score": 15.401571696141449}
{"docno": "S3c109874-Af30e6588", "score": 15.340080866734844}
{"docno": "S63e2eca-Ae93a74be", "score": 15.280841982176854}
{"docno": "S69ff7d41-A99cd40e4", "score": 15.18361093810754}
{"docno": "S95627a9d-A80dbfc7d", "score": 15.042467414780361}
{"docno": "Sb37c5615-A60772bd7", "score": 14.96295317850592}
{"docno": "S8e0455fc-A3586b613", "score": 14.942739471610642}
{"docno": "S334ce662-A7226f6c3", "score": 14.93303032754832}
{"docno": "Saa60f638-Ac579f637", "score": 14.91166969884402}
{"docno": "S8e0455dd-A83360777", "score": 14.90610436509823}
{"docno": "Sc4eaae9b-Ac65bf1ed", "score": 14.902922700431713}
{"docno": "S8164800e-A7c63684", "score": 14.62146031326272}
{"docno": "S6327257c-A8d74df04", "score": 14.61451201276846}
{"docno": "S8164800e-A17b98d12", "score": 14.61418951873018}
{"docno": "Sda94a2ff-Aae72a94c", "score": 14.59087836559455}
{"docno": "Sab908431-A14b721cc", "score": 14.55753912954559}
{"docno": "Sc1ac6b3c-Afbf5488e", "score": 14.553117680273694}
{"docno": "S720c8ec-A3bc92fbe", "score": 14.446211904879073}
{"docno": "S9896d40f-A471e3585", "score": 14.434175599267892}
{"docno": "S7176cf06-A94552aff", "score": 14.408240885708034}
{"docno": "S8e0455dd-A7216936b", "score": 14.377590033801534}
{"docno": "Saca5ecd8-Aa567502e", "score": 14.360471019913472}
{"docno": "Sa9dd859d-A87913d09", "score": 14.354099200720944}
{"docno": "S672e8c7b-Aba2381ba", "score": 14.304163845627093}
{"docno": "Sc97ab4d9-Ad9b19fd2", "score": 14.285843868427685}
{"docno": "S3cce454e-A20e5f1bc", "score": 14.263086320403259}
{"docno": "Sfadd659c-Aa117c959", "score": 14.258235475759252}
{"docno": "S9896d40f-A1e459b90", "score": 14.258235475759252}
{"docno": "S8e0455fc-A5216e0df", "score": 14.24298833509505}
{"docno": "S672e8c7b-A94d6b8fe", "score": 14.234732164236037}
{"docno": "Sab908431-Ae80b6587", "score": 14.233632375226268}
{"docno": "S745edcc5-A18b06b0a", "score": 14.160185887910531}
{"docno": "Scb509540-A3a7f4447", "score": 14.152951054580038}
{"docno": "S6327257c-Ac17dfe9a", "score": 14.142112655760767}
{"docno": "S2245ae98-A5fc572a7", "score": 14.121580906834973}
{"docno": "Sa8af0abf-Aadd9eef2", "score": 14.109875223350606}
{"docno": "S6327257c-Ac6fd7d8f", "score": 14.097871466813992}
{"docno": "Sad05470d-Ac314a964", "score": 14.089266884150971}
{"docno": "S1c506328-Ab5d84aa8", "score": 14.086532817257405}
{"docno": "S605392ad-A62b16a83", "score": 14.03042328815532}
{"docno": "S636669d7-A6a282c9d", "score": 14.03042328815532}
{"docno": "Sd4cf8fdb-A3141141a", "score": 14.007018704833083}
{"docno": "Scb509540-Abece3217", "score": 13.990900758501452}
{"docno": "Sfc61533a-A9caf0f92", "score": 13.925732896037688}
{"docno": "S6c3b36ba-A3c19208e", "score": 13.923183606475208}
{"type": "StanceClicked", "timestamp": "2025-06-26T10:49:53.129Z", "sessionID": "47b87a04-198c-4e23-8afa-620ad0558176", "rank": "3", "stance": "pro", "action": "chooseStance", "doc": "Se1952864-A14ab8062", "doclen": 792, "score": 14.747509060548916}
{"type": "toggleArgument", "timestamp": "2025-06-26T10:50:01.170Z", "sessionID": "47b87a04-198c-4e23-8afa-620ad0558176", "rank": "4", "doc": "S21e2b85c-A3640d27f", "action": "expand", "doclen": 980, "score": 16.546022675973056}
{"type": "StanceClicked", "timestamp": "2025-06-26T10:50:12.114Z", "sessionID": "47b87a04-198c-4e23-8afa-620ad0558176", "rank": "4", "stance": "pro", "action": "chooseStance", "doc": "S21e2b85c-A3640d27f", "doclen": 980, "score": 16.546022675973056}
{"type": "toggleArgument", "timestamp": "2025-06-26T10:50:17.274Z", "sessionID": "47b87a04-198c-4e23-8afa-620ad0558176", "rank": "3", "doc": "Se1952864-A14ab8062", "action": "expand", "doclen": 792, "score": 14.747509060548916}
{"type": "StanceClicked", "timestamp": "2025-06-26T10:50:52.847Z", "sessionID": "47b87a04-198c-4e23-8afa-620ad0558176", "rank": "10", "stance": "pro", "action": "chooseStance", "doc": "S21e2b85c-A56606e73", "doclen": 467, "score": 23.360057838049414}
{"type": "pageNavigationClicked", "timestamp": "2025-06-26T10:50:54.463Z", "sessionID": "47b87a04-198c-4e23-8afa-620ad0558176", "clicked": "3", "fromPage": 1, "toPage": 3}
{"type": "queryBoxFocused", "timestamp": "2025-06-26T10:51:12.370Z", "sessionID": "47b87a04-198c-4e23-8afa-620ad0558176"}
{"type": "querySubmitted", "timestamp": "2025-06-26T10:51:22.319Z", "sessionID": "47b87a04-198c-4e23-8afa-620ad0558176", "query": "health weight"}
{"docno": "S605392ad-Aef667099", "score": 19.077012617381424}
{"docno": "S615af073-A977b289d", "score": 18.286600390585683}
{"docno": "S605392ad-Ab5ae9752", "score": 18.237748920204137}
{"docno": "S4becd7cd-A5fbec01a", "score": 17.427162804408304}
{"docno": "Se1952864-A403f5f1a", "score": 17.27693737202914}
{"docno": "S821d0b5d-A545cae55", "score": 17.150005652997272}
{"docno": "S441b0246-A5c2cfd2f", "score": 17.11605443722072}
{"docno": "S4960a9e2-Acefd6c05", "score": 17.006572754594806}
{"docno": "S3cce454e-A10fc5dbb", "score": 16.75947306835039}
{"docno": "S1b4638e1-Acac65a60", "score": 16.218292538889557}
{"docno": "Se1952864-Acbe9a15b", "score": 16.179691661081907}
{"docno": "S66744a72-Ac397510c", "score": 16.03381295175431}
{"docno": "S4143772a-A25752cbe", "score": 15.914414307128414}
{"docno": "S7f70bb50-A9a5f21e9", "score": 15.866328357875926}
{"docno": "S821d0b5d-A4d8813b", "score": 15.498175146652699}
{"docno": "Sf7cbf6c7-Aae424ce4", "score": 15.351912154961784}
{"docno": "S7f70bb50-A9cecd888", "score": 15.231498142095187}
{"docno": "Sa818c3ee-Ae4d6b62b", "score": 15.226611925654993}
{"docno": "S66744a91-A4b186168", "score": 15.089210135022178}
{"docno": "S615af073-A10cadef9", "score": 15.080559584380989}
{"docno": "S19901fc2-Ad4fc0c05", "score": 15.06849834506514}
{"docno": "Sf7b92218-Aedfd1ef9", "score": 15.005720170508013}
{"docno": "Sf7b921f9-A313c330f", "score": 14.980779384335229}
{"docno": "S4b9d92ec-A47dc91fe", "score": 14.980779384335229}
{"docno": "S1c9b1b0d-A62f564da", "score": 14.967021313191102}
{"docno": "S4e64f8eb-Ab6292404", "score": 14.957847589072312}
{"docno": "Sab908431-Ae7aef91a", "score": 14.924280376240208}
{"docno": "S45dd79cf-Abec71b73", "score": 14.889459595036817}
{"docno": "S45dd79ee-Abec71b73", "score": 14.889459595036817}
{"docno": "Sfdb7b7d4-Aede3c42c", "score": 14.889459595036817}
{"docno": "Sf7b92218-A4f49233f", "score": 14.742402049506069}
{"docno": "S90ec04d-Aac4bf600", "score": 14.733138205886569}
{"docno": "Sf95fec64-Aae7418a4", "score": 14.723496289903315}
{"docno": "S247bf31b-Ad8cd8df1", "score": 14.711217810795555}
{"docno": "Sc1ac6b3c-A2f889021", "score": 14.403927992709832}
{"docno": "Se1952864-Af28d6b04", "score": 14.294962530688316}
{"docno": "Sd9af2319-Ac49dbe35", "score": 14.205784750045108}
{"docno": "S61218b54-A3f07c6e0", "score": 14.130422527884573}
{"docno": "Sf95fec64-Ab5a1cc5", "score": 14.052348894990988}
{"docno": "S8baeb7f8-Ac7314aaf", "score": 14.052348894990988}
{"docno": "S7a2ece15-A44cd76b0", "score": 13.99537176676605}
{"docno": "Sa7d4c72a-Af3eee39", "score": 13.926012612052695}
{"docno": "S2c5f9125-A238cf75d", "score": 13.916166936905169}
{"docno": "S1b8847b8-A45f5abfc", "score": 13.744472676324417}
{"docno": "S4d38534a-Aefa5506c", "score": 13.61583403654319}
{"docno": "Sf95fec64-A87ab3c1b", "score": 13.610056077640186}
{"docno": "Sb09f1711-Ae048a283", "score": 13.544678994132456}
{"docno": "Scd3708e7-A184de9fb", "score": 13.462847499456307}
{"docno": "Scd3708e7-A3ca39151", "score": 13.426445828510062}
{"docno": "S45b31137-Adac4db69", "score": 13.3835100847298}
{"docno": "S3641b87d-Afba492c1", "score": 13.288035091684755}
{"docno": "Sdcf17c9-A9cbbc32", "score": 13.145629789573222}
{"docno": "Scd3708e7-A283b223e", "score": 13.124377716129537}
{"docno": "S90ec04d-A5e181941", "score": 13.103391348741255}
{"docno": "Sd9af2319-Ab92d483f", "score": 13.097217428145424}
{"docno": "Sd9af2319-A72000305", "score": 13.087928874163433}
{"docno": "S667446b1-A83f0133b", "score": 13.069431495333607}
{"docno": "S110fe90c-A1ef438ac", "score": 12.962362621317386}
{"docno": "S110fe90c-Ad2172a4a", "score": 12.88912394391698}
{"docno": "Sf7cbf6c7-A5ba280fa", "score": 12.74958771541211}
{"docno": "Sf95fec64-Ada3bc04", "score": 12.746091852103488}
{"docno": "S2e8edb4f-A9ce63f3d", "score": 12.670941912117081}
{"docno": "S110fe90c-Aacc4169d", "score": 12.600410207031889}
{"docno": "Se8703bf6-A293b711b", "score": 12.55639251072616}
{"docno": "S1c506328-A15711ba9", "score": 12.484557482758653}
{"docno": "S110fe90c-A24354a7f", "score": 12.45259227408234}
{"docno": "S66744db7-Ab64ddd41", "score": 12.422691063872557}
{"docno": "Sc6adb1e9-Af9b8887b", "score": 12.41822655412989}
{"docno": "S87d19cdf-A389203c2", "score": 12.37876265737699}
{"docno": "S903d0915-A5f091986", "score": 12.354464713146065}
{"docno": "Sd1e93579-A3f68af16", "score": 12.320664287993397}
{"docno": "S821d0b5d-Ab9f5cff8", "score": 12.265845069304522}
{"docno": "S79228a3b-A1c35c2", "score": 12.23914457110746}
{"docno": "Sdea98e6a-Acdebe1c0", "score": 12.15228180030735}
{"docno": "Sa0322968-A351ac909", "score": 12.068479827433528}
{"docno": "S69ff7d41-A99cd40e4", "score": 12.003221588027719}
{"docno": "Sb4a57f8d-Aebe87487", "score": 11.988076120084603}
{"docno": "Saa1653b0-Aed4ce277", "score": 11.9603421385643}
{"docno": "S110fe90c-A46921dc4", "score": 11.932212420249265}
{"docno": "Saac1deac-Ae6c529bc", "score": 11.928759971225187}
{"docno": "S879766e0-Addd5cc2", "score": 11.921950114906082}
{"docno": "S63e2eca-A351e7f0a", "score": 11.900092406404566}
{"docno": "S57da2875-A8a00a8c3", "score": 11.897086861856812}
{"docno": "S2baaf2c1-Aa43e073b", "score": 11.88825526980799}
{"docno": "S4143772a-A42cc75c4", "score": 11.87736546919945}
{"docno": "S63e2eca-Aa4fd17d2", "score": 11.8686991776468}
{"docno": "S7b9443d2-A4b9ff68f", "score": 11.836335431535609}
{"docno": "Sab5320d3-A138efa00", "score": 11.834497148024251}
{"docno": "S6c60e213-A4621c5f", "score": 11.834497148024251}
{"docno": "Sb4eac0ec-Ac21e731c", "score": 11.821325400994697}
{"docno": "Sb38b6e3c-Adac089ce", "score": 11.804362517092489}
{"docno": "Sdbe69a6a-A6bf8ae52", "score": 11.794598500198036}
{"docno": "Sce875d98-A15c64b5", "score": 11.770850525139839}
{"docno": "S427a0855-Ac6781211", "score": 11.752445889953663}
{"docno": "S30a3afa9-Aceda1331", "score": 11.744893048583045}
{"docno": "S4e64f8eb-A802f5544", "score": 11.715394741073625}
{"docno": "S605392ad-A4c0c5ef5", "score": 11.663753654538354}
{"docno": "Sc29734a-A95bfa245", "score": 11.65016142268256}
{"docno": "S636669d7-Abd228f33", "score": 11.648149857295893}
{"docno": "Sb0387bf6-A1b18d601", "score": 11.61215909620555}
{"type": "toggleArgument", "timestamp": "2025-06-26T10:51:35.125Z", "sessionID": "47b87a04-198c-4e23-8afa-620ad0558176", "rank": "3", "doc": "S605392ad-Ab5ae9752", "action": "expand", "doclen": 555, "score": 13.491502958908363}
{"type": "StanceClicked", "timestamp": "2025-06-26T10:51:37.789Z", "sessionID": "47b87a04-198c-4e23-8afa-620ad0558176", "rank": "3", "stance": "pro", "action": "chooseStance", "doc": "S605392ad-Ab5ae9752", "doclen": 555, "score": 13.491502958908363}
{"type": "queryBoxFocused", "timestamp": "2025-06-26T10:51:57.391Z", "sessionID": "47b87a04-198c-4e23-8afa-620ad0558176"}
{"type": "querySubmitted", "timestamp": "2025-06-26T10:52:03.086Z", "sessionID": "47b87a04-198c-4e23-8afa-620ad0558176", "query": "what causes obesity"}
{"docno": "S2245ae98-A87404e78", "score": 19.623910672384078}
{"docno": "Sb5b096db-A6748ad96", "score": 18.975860442984114}
{"docno": "Sab908431-Ae80b6587", "score": 18.927851143429848}
{"docno": "Sda94a2ff-Aae72a94c", "score": 18.694199281594685}
{"docno": "S8662c54-A587c9d", "score": 18.551932723285987}
{"docno": "S686be05-A507017ca", "score": 18.530199477642114}
{"docno": "S8662c54-A6d8d3a7c", "score": 18.47693889942329}
{"docno": "S6053928e-Ad4c42e7d", "score": 18.39204180592588}
{"docno": "Se3d235e2-A69eb3019", "score": 18.18773841850269}
{"docno": "Sc7f642aa-A523dd607", "score": 18.090832316805166}
{"docno": "Sab908431-A14b721cc", "score": 17.894319211937752}
{"docno": "Scb509540-A3a7f4447", "score": 17.881170697290624}
{"docno": "S63392463-Ab81ff71e", "score": 17.77554555271072}
{"docno": "Sb367c104-Ace331c5b", "score": 17.6841327491831}
{"docno": "S21e2b85c-A4f7b3e4c", "score": 17.494348726675536}
{"docno": "Sd1be7710-A6b995c45", "score": 17.490914829208528}
{"docno": "S807447bf-A219c881c", "score": 17.34714611824132}
{"docno": "Sc095d706-Aba86f804", "score": 17.03536028688759}
{"docno": "Sb5b096db-A6b1e0243", "score": 16.937709517598993}
{"docno": "S5811eb95-A5cfdcd48", "score": 16.927729531038658}
{"docno": "S672e8c7b-Ac55f9c2f", "score": 16.923501034698123}
{"docno": "Sc7f642aa-A33369b6a", "score": 16.840230944700103}
{"docno": "S15263802-A2e862281", "score": 16.81534779378844}
{"docno": "Sa9446476-A15df26ef", "score": 16.81236421816812}
{"docno": "S1c506328-A4af79f73", "score": 16.770395323091442}
{"docno": "Sc97ab4d9-A42b86a53", "score": 16.756270224782106}
{"docno": "S6327257c-A95ebc2fc", "score": 16.683627641346813}
{"docno": "Scce067fd-A76390dd0", "score": 16.6762448867122}
{"docno": "Se17f5669-Aac022fd7", "score": 16.6762448867122}
{"docno": "S2f8534ff-A2d385d5a", "score": 16.67237783485467}
{"docno": "Sd4a2b65c-Ada40ad8e", "score": 16.659207061554472}
{"docno": "S69f186d6-A2f4cf963", "score": 16.554052645616554}
{"docno": "S5811eb95-A9cdde95f", "score": 16.52811534191796}
{"docno": "S590c815-A6125df16", "score": 16.391839120310657}
{"docno": "Se99ff5b0-A4b564550", "score": 16.323563875263194}
{"docno": "Sb367c104-A5f6a60fd", "score": 16.312810715665734}
{"docno": "Sfc61533a-A9caf0f92", "score": 16.27354224121891}
{"docno": "S5f0fd5ba-Ac67bdc52", "score": 16.25397633754929}
{"docno": "S6b6c62d2-A493bb64b", "score": 16.229883198945167}
{"docno": "S71eb2418-Af2622b36", "score": 16.15892214195707}
{"docno": "Sc095d706-Ab2876470", "score": 16.15679502230956}
{"docno": "S9896d40f-Aebfc531", "score": 16.14693346449208}
{"docno": "Sc9b434d4-A788e6fe2", "score": 16.083199380013305}
{"docno": "Sa8af0abf-Aadd9eef2", "score": 16.066480261644188}
{"docno": "S1e7f4ed8-Ae157ca48", "score": 16.04404260329089}
{"docno": "S36aea26b-A1e80a903", "score": 16.03153762007565}
{"docno": "S129ce23f-Aefc0f704", "score": 15.96916052876166}
{"docno": "Sc97ab4d9-Ad9b19fd2", "score": 15.94220466696251}
{"docno": "Sa8af0abf-A6fdb1e40", "score": 15.827907904440467}
{"docno": "S5324626a-A3516dc6f", "score": 15.75950838483282}
{"docno": "S199eda63-A1dd80f1", "score": 15.669290651994807}
{"docno": "Sbff0970b-A8f33d67e", "score": 15.576647318133544}
{"docno": "Se99ff5b0-A4b287497", "score": 15.554827436075893}
{"docno": "S615af073-Ad2ee0fd5", "score": 15.528520805087043}
{"docno": "S334ce662-Ac160dc53", "score": 15.466052815726833}
{"docno": "Sb37c5615-A5856978c", "score": 15.463050403181246}
{"docno": "S590c815-A3e212326", "score": 15.434343893577838}
{"docno": "S3cce454e-A75f4d848", "score": 15.429424249113023}
{"docno": "Sca88d0dd-A4d55c306", "score": 15.409632401812665}
{"docno": "S1af7913e-Aee3a65e0", "score": 15.387515931857337}
{"docno": "Se1952864-Acbe9a15b", "score": 15.36862843284453}
{"docno": "S7176cf06-A506f2443", "score": 15.107241288959624}
{"docno": "Se65db6aa-A4a0b8bd4", "score": 15.053106195001835}
{"docno": "Sb37c5615-A60772bd7", "score": 14.96295317850592}
{"docno": "S636669d7-A6c726b49", "score": 14.940017925986428}
{"docno": "S2a10529c-Ac2eebdd0", "score": 14.884544768773791}
{"docno": "S2a10529c-Afcf4f4e", "score": 14.861348925448919}
{"docno": "S1e7f4ed8-A48d5c75", "score": 14.80371241439298}
{"docno": "S334ce662-A5f912649", "score": 14.797801382897038}
{"docno": "Sb5b096db-Af5f10dbb", "score": 14.789032219253485}
{"docno": "S6600bad8-A3b525735", "score": 14.783177414931604}
{"docno": "S547294f-Aa8a12994", "score": 14.783177414931604}
{"docno": "S64d418fa-A4dee85e1", "score": 14.783177414931604}
{"docno": "Sd3a60001-Aabae852c", "score": 14.783177414931604}
{"docno": "Sa8af0abf-A64c2f9ba", "score": 14.751993368972169}
{"docno": "Se1952864-A14ab8062", "score": 14.747509060548916}
{"docno": "Sb4086b59-A1e7653df", "score": 14.679856746804123}
{"docno": "S24195d9e-Aaebb7275", "score": 14.679856746804123}
{"docno": "S5f670626-Abefcfbbb", "score": 14.674765786023752}
{"docno": "Sfdb7b7d4-A1c7847dd", "score": 14.62444440827939}
{"docno": "S8164800e-A7c63684", "score": 14.62146031326272}
{"docno": "S8164800e-A17b98d12", "score": 14.61418951873018}
{"docno": "Sdfff5834-A40d1ec85", "score": 14.570317109395466}
{"docno": "Sd766d928-A70da558a", "score": 14.470470207787553}
{"docno": "S720c8ec-A3bc92fbe", "score": 14.446211904879073}
{"docno": "S97bcd2c0-Ae0779c7e", "score": 14.41565943201587}
{"docno": "S3b9029a2-A9d89d92f", "score": 14.383084134096217}
{"docno": "S821d0b5d-A4d8813b", "score": 14.354828111732132}
{"docno": "S672e8c7b-Aba2381ba", "score": 14.304163845627093}
{"docno": "Se7bb33a-A253af3a9", "score": 14.27901134203139}
{"docno": "S71eb2418-A5cc8afaf", "score": 14.263490573444013}
{"docno": "S3cce454e-A20e5f1bc", "score": 14.263086320403259}
{"docno": "S69f186d6-A35194898", "score": 14.261181682928802}
{"docno": "S21e2b85c-Aa1ed4daf", "score": 14.253680831228325}
{"docno": "S1b884799-A659d6164", "score": 14.238666911888405}
{"docno": "S672e8c7b-A94d6b8fe", "score": 14.234732164236037}
{"docno": "S21e2b85c-A161deb9d", "score": 14.184737187913033}
{"docno": "S745edcc5-A18b06b0a", "score": 14.160185887910531}
{"docno": "S6327257c-Ac17dfe9a", "score": 14.142112655760767}
{"docno": "S63392463-Afd5004a9", "score": 14.138575584121885}
{"type": "toggleArgument", "timestamp": "2025-06-26T10:52:25.685Z", "sessionID": "47b87a04-198c-4e23-8afa-620ad0558176", "rank": "5", "doc": "S8662c54-A587c9d", "action": "expand", "doclen": 630, "score": 14.687381756373043}
{"type": "queryBoxFocused", "timestamp": "2025-06-26T10:52:46.532Z", "sessionID": "47b87a04-198c-4e23-8afa-620ad0558176"}
{"type": "querySubmitted", "timestamp": "2025-06-26T10:53:13.721Z", "sessionID": "47b87a04-198c-4e23-8afa-620ad0558176", "query": "is obesity a disease?"}
{"docno": "S636669d7-A6a282c9d", "score": 25.042872477047453}
{"docno": "Sb5b096db-A6748ad96", "score": 24.889801711507054}
{"docno": "Sb5b096db-Ac5f4a991", "score": 23.3635125440244}
{"docno": "S21e2b85c-A56606e73", "score": 23.360057838049414}
{"docno": "S21e2b85c-A4f7b3e4c", "score": 23.13986557795817}
{"docno": "S21e2b85c-Aa1ed4daf", "score": 22.852839401598068}
{"docno": "S4365c705-A3ac49e58", "score": 22.823378392349312}
{"docno": "Scb509540-A3a7f4447", "score": 22.80679668958289}
{"docno": "S21e2b85c-A161deb9d", "score": 22.696160569947285}
{"docno": "S2245ae98-A87404e78", "score": 22.452319723911422}
{"docno": "Sefbdcc9f-A879cec18", "score": 22.181766898018125}
{"docno": "S720c8ec-Adaf0411a", "score": 22.131458408058585}
{"docno": "S7b734685-A7db0db3c", "score": 22.04375062417001}
{"docno": "Sb09f1711-A3a292c99", "score": 21.048323338873423}
{"docno": "Sb37c5615-A60772bd7", "score": 20.940487909835507}
{"docno": "Sfb2e263c-Ad8986c10", "score": 20.82084141767481}
{"docno": "Sa8af0abf-Aadd9eef2", "score": 20.809814276794253}
{"docno": "S97bcd2c0-Ae0779c7e", "score": 20.44171887213511}
{"docno": "Scb509540-Abece3217", "score": 20.307912787625007}
{"docno": "S2245ae98-A5fc572a7", "score": 20.035552075445498}
{"docno": "S445d9e6e-Aaa6a8b5e", "score": 19.74425196505761}
{"docno": "Sd4a2b65c-A615248e6", "score": 19.671929179938353}
{"docno": "S63392463-Ab81ff71e", "score": 19.401465311461994}
{"docno": "S1e7f4ed8-A48d5c75", "score": 19.38095892140919}
{"docno": "Sb5b096db-Af5f10dbb", "score": 19.335957781457047}
{"docno": "Sb5b096db-A37f18196", "score": 19.287354888074677}
{"docno": "S2f8534ff-A2d385d5a", "score": 19.284371873697165}
{"docno": "S2835af09-Aca35a6a", "score": 19.0278845553193}
{"docno": "S745edcc5-A18b06b0a", "score": 18.871725839045368}
{"docno": "Sb945ca11-A41ca93db", "score": 18.855633303978696}
{"docno": "Sb12a88b2-Af40538de", "score": 18.810891052070335}
{"docno": "S636669d7-A5b3d0e8d", "score": 18.78294605053562}
{"docno": "S636669d7-Abd228f33", "score": 18.459653083081832}
{"docno": "Sc9b434d4-A788e6fe2", "score": 18.33853588745321}
{"docno": "Sb5b096db-A7035c7b5", "score": 18.336019221796036}
{"docno": "S1e7f4ed8-Ae157ca48", "score": 18.288289218325012}
{"docno": "S2835af09-A65b7b8", "score": 18.228550545251803}
{"docno": "Sc4eaae9b-Ac65bf1ed", "score": 18.15209435957243}
{"docno": "S21e2b85c-A148fb2f7", "score": 17.905610482964395}
{"docno": "Se1952864-Acbe9a15b", "score": 17.8712656954305}
{"docno": "Sd766d928-A70da558a", "score": 17.74789511157047}
{"docno": "S199eda63-A1dd80f1", "score": 17.536692533366733}
{"docno": "S6327257c-A95ebc2fc", "score": 17.518245809726466}
{"docno": "S264c3a60-Af9f79eb9", "score": 17.50863752987819}
{"docno": "Scf3f8df7-Ab4272b47", "score": 17.438832986231958}
{"docno": "S95627a9d-A126cb3f5", "score": 17.296738457905278}
{"docno": "S2a10529c-Ac2eebdd0", "score": 17.263287521041743}
{"docno": "S3b7407bb-Afbefef6e", "score": 17.181488752762828}
{"docno": "S129ce23f-A4af46b02", "score": 17.0800421730066}
{"docno": "S98fa500a-Aa338f7a2", "score": 17.067764719980257}
{"docno": "Sfdb7b7d4-Aa0b66d7c", "score": 17.067764719980257}
{"docno": "S95a47-Ad48e5ee5", "score": 16.86376412883625}
{"docno": "Sab908431-A4b2b19f8", "score": 16.718910409956827}
{"docno": "Saabd82bf-A35cb1dd6", "score": 16.57545979151402}
{"docno": "S3a5f8370-Ab3f4eee3", "score": 16.46836813599182}
{"docno": "S3b7407bb-Af4626ac8", "score": 16.425318640697125}
{"docno": "S63392463-Aacab30c8", "score": 16.415827913350263}
{"docno": "S36aea26b-A1e80a903", "score": 16.26886248846719}
{"docno": "S37063803-Ad3c282bc", "score": 16.2319728693433}
{"docno": "S615af073-A977b289d", "score": 16.21648984140922}
{"docno": "Sd9ed1164-A983799a2", "score": 16.176433288107404}
{"docno": "S6327257c-A8d74df04", "score": 16.108186007148884}
{"docno": "Sbff0970b-A8f33d67e", "score": 15.976988319585015}
{"docno": "S9896d40f-A471e3585", "score": 15.9094183377261}
{"docno": "S63392463-Afd5004a9", "score": 15.9094183377261}
{"docno": "S3c486dec-Ab14927ea", "score": 15.851721557982792}
{"docno": "Sac0181e3-A13cd684", "score": 15.848488732230834}
{"docno": "S36aea26b-A69edce76", "score": 15.7149811555805}
{"docno": "S61b1ed2-Afc0632f0", "score": 15.711979160525475}
{"docno": "S59921373-A9a590852", "score": 15.674041725884422}
{"docno": "S104c1a05-Aa0c75140", "score": 15.526244777652721}
{"docno": "S2f8534ff-A95198396", "score": 15.470032298372587}
{"docno": "Sb37c5615-A5856978c", "score": 15.463050403181246}
{"docno": "S9a25340e-Aef417485", "score": 15.433318070602184}
{"docno": "Sae051343-A3d853f2a", "score": 15.341497103749415}
{"docno": "Sb818a298-A97445c89", "score": 15.271437743662268}
{"docno": "S7b734685-Aa935d367", "score": 15.257135049756162}
{"docno": "Sc3cbe7d1-A5fe5a7d5", "score": 15.250762257920545}
{"docno": "Sece797c7-Aab13334", "score": 15.079231657737981}
{"docno": "Sb1e91381-A46b816a7", "score": 15.079231657737981}
{"docno": "S636669d7-A8ee13dc4", "score": 14.898307570766399}
{"docno": "S821d0b5d-A4d8813b", "score": 14.880875448826801}
{"docno": "S8662c54-A6d8d3a7c", "score": 14.791027457708527}
{"docno": "Se1952864-A14ab8062", "score": 14.747509060548916}
{"docno": "S6e81aa86-Ac6b0724c", "score": 14.744006015613204}
{"docno": "S8d3d280d-Ad7510569", "score": 14.706012315956695}
{"docno": "S8662c54-A587c9d", "score": 14.687381756373043}
{"docno": "S8164800e-A7c63684", "score": 14.62146031326272}
{"docno": "S8164800e-A17b98d12", "score": 14.61418951873018}
{"docno": "S1e7f4ed8-A7770e0a", "score": 14.604502722026462}
{"docno": "Sda94a2ff-Aae72a94c", "score": 14.59087836559455}
{"docno": "S5efbb5ee-A83ed4e56", "score": 14.55996914630517}
{"docno": "Sab908431-A14b721cc", "score": 14.55753912954559}
{"docno": "S63e2eca-Ae93a74be", "score": 14.53176673876171}
{"docno": "S720c8ec-A3bc92fbe", "score": 14.446211904879073}
{"docno": "S4365c705-A9a62db62", "score": 14.32493554994381}
{"docno": "S590c815-A6125df16", "score": 14.306544162447876}
{"docno": "S672e8c7b-Aba2381ba", "score": 14.304163845627093}
{"docno": "Sebf02ef3-Aa7d67990", "score": 14.28331769918444}
{"docno": "Sc095d706-Aba86f804", "score": 14.267348590954407}
{"type": "toggleArgument", "timestamp": "2025-06-26T10:53:26.129Z", "sessionID": "47b87a04-198c-4e23-8afa-620ad0558176", "rank": "3", "doc": "Sb5b096db-Ac5f4a991", "action": "expand", "doclen": 1286, "score": 23.3635125440244}
{"type": "StanceClicked", "timestamp": "2025-06-26T10:53:47.796Z", "sessionID": "47b87a04-198c-4e23-8afa-620ad0558176", "rank": "5", "stance": "con", "action": "chooseStance", "doc": "S21e2b85c-A4f7b3e4c", "doclen": 1153, "score": 23.13986557795817}
{"type": "toggleArgument", "timestamp": "2025-06-26T10:53:55.723Z", "sessionID": "47b87a04-198c-4e23-8afa-620ad0558176", "rank": "7", "doc": "S4365c705-A3ac49e58", "action": "expand", "doclen": 1610, "score": 22.823378392349312}
{"type": "StanceClicked", "timestamp": "2025-06-26T10:54:06.892Z", "sessionID": "47b87a04-198c-4e23-8afa-620ad0558176", "rank": "10", "stance": "pro", "action": "chooseStance", "doc": "S2245ae98-A87404e78", "doclen": 185, "score": 22.452319723911422}
{"type": "pageNavigationClicked", "timestamp": "2025-06-26T10:54:08.115Z", "sessionID": "47b87a04-198c-4e23-8afa-620ad0558176", "clicked": "7", "fromPage": 1, "toPage": 7}
{"type": "pageNavigationClicked", "timestamp": "2025-06-26T10:54:18.779Z", "sessionID": "47b87a04-198c-4e23-8afa-620ad0558176", "clicked": "6", "fromPage": 7, "toPage": 6}
{"type": "toggleArgument", "timestamp": "2025-06-26T10:54:33.955Z", "sessionID": "47b87a04-198c-4e23-8afa-620ad0558176", "rank": "60", "doc": "S615af073-A977b289d", "action": "expand", "doclen": 1674, "score": 16.21648984140922}
{"type": "StanceClicked", "timestamp": "2025-06-26T10:54:39.235Z", "sessionID": "47b87a04-198c-4e23-8afa-620ad0558176", "rank": "60", "stance": "pro", "action": "chooseStance", "doc": "S615af073-A977b289d", "doclen": 1674, "score": 16.21648984140922}
{"type": "pageNavigationClicked", "timestamp": "2025-06-26T10:54:40.579Z", "sessionID": "47b87a04-198c-4e23-8afa-620ad0558176", "clicked": "4", "fromPage": 6, "toPage": 4}
{"type": "StanceClicked", "timestamp": "2025-06-26T10:54:48.492Z", "sessionID": "47b87a04-198c-4e23-8afa-620ad0558176", "rank": "35", "stance": "pro", "action": "chooseStance", "doc": "Sb5b096db-A7035c7b5", "doclen": 1685, "score": 18.336019221796036}
{"type": "pageNavigationClicked", "timestamp": "2025-06-26T10:54:56.051Z", "sessionID": "47b87a04-198c-4e23-8afa-620ad0558176", "clicked": "3", "fromPage": 4, "toPage": 3}
{"type": "StanceClicked", "timestamp": "2025-06-26T10:55:01.876Z", "sessionID": "47b87a04-198c-4e23-8afa-620ad0558176", "rank": "21", "stance": "con", "action": "chooseStance", "doc": "S445d9e6e-Aaa6a8b5e", "doclen": 1403, "score": 19.74425196505761}
{"type": "queryBoxFocused", "timestamp": "2025-06-26T10:55:05.995Z", "sessionID": "47b87a04-198c-4e23-8afa-620ad0558176"}
{"type": "querySubmitted", "timestamp": "2025-06-26T10:55:14.915Z", "sessionID": "47b87a04-198c-4e23-8afa-620ad0558176", "query": "what causes obesity?"}
{"docno": "S2245ae98-A87404e78", "score": 19.623910672384078}
{"docno": "Sb5b096db-A6748ad96", "score": 18.975860442984114}
{"docno": "Sab908431-Ae80b6587", "score": 18.927851143429848}
{"docno": "Sda94a2ff-Aae72a94c", "score": 18.694199281594685}
{"docno": "S8662c54-A587c9d", "score": 18.551932723285987}
{"docno": "S686be05-A507017ca", "score": 18.530199477642114}
{"docno": "S8662c54-A6d8d3a7c", "score": 18.47693889942329}
{"docno": "S6053928e-Ad4c42e7d", "score": 18.39204180592588}
{"docno": "Se3d235e2-A69eb3019", "score": 18.18773841850269}
{"docno": "Sc7f642aa-A523dd607", "score": 18.090832316805166}
{"docno": "Sab908431-A14b721cc", "score": 17.894319211937752}
{"docno": "Scb509540-A3a7f4447", "score": 17.881170697290624}
{"docno": "S63392463-Ab81ff71e", "score": 17.77554555271072}
{"docno": "Sb367c104-Ace331c5b", "score": 17.6841327491831}
{"docno": "S21e2b85c-A4f7b3e4c", "score": 17.494348726675536}
{"docno": "Sd1be7710-A6b995c45", "score": 17.490914829208528}
{"docno": "S807447bf-A219c881c", "score": 17.34714611824132}
{"docno": "Sc095d706-Aba86f804", "score": 17.03536028688759}
{"docno": "Sb5b096db-A6b1e0243", "score": 16.937709517598993}
{"docno": "S5811eb95-A5cfdcd48", "score": 16.927729531038658}
{"docno": "S672e8c7b-Ac55f9c2f", "score": 16.923501034698123}
{"docno": "Sc7f642aa-A33369b6a", "score": 16.840230944700103}
{"docno": "S15263802-A2e862281", "score": 16.81534779378844}
{"docno": "Sa9446476-A15df26ef", "score": 16.81236421816812}
{"docno": "S1c506328-A4af79f73", "score": 16.770395323091442}
{"docno": "Sc97ab4d9-A42b86a53", "score": 16.756270224782106}
{"docno": "S6327257c-A95ebc2fc", "score": 16.683627641346813}
{"docno": "Scce067fd-A76390dd0", "score": 16.6762448867122}
{"docno": "Se17f5669-Aac022fd7", "score": 16.6762448867122}
{"docno": "S2f8534ff-A2d385d5a", "score": 16.67237783485467}
{"docno": "Sd4a2b65c-Ada40ad8e", "score": 16.659207061554472}
{"docno": "S69f186d6-A2f4cf963", "score": 16.554052645616554}
{"docno": "S5811eb95-A9cdde95f", "score": 16.52811534191796}
{"docno": "S590c815-A6125df16", "score": 16.391839120310657}
{"docno": "Se99ff5b0-A4b564550", "score": 16.323563875263194}
{"docno": "Sb367c104-A5f6a60fd", "score": 16.312810715665734}
{"docno": "Sfc61533a-A9caf0f92", "score": 16.27354224121891}
{"docno": "S5f0fd5ba-Ac67bdc52", "score": 16.25397633754929}
{"docno": "S6b6c62d2-A493bb64b", "score": 16.229883198945167}
{"docno": "S71eb2418-Af2622b36", "score": 16.15892214195707}
{"docno": "Sc095d706-Ab2876470", "score": 16.15679502230956}
{"docno": "S9896d40f-Aebfc531", "score": 16.14693346449208}
{"docno": "Sc9b434d4-A788e6fe2", "score": 16.083199380013305}
{"docno": "Sa8af0abf-Aadd9eef2", "score": 16.066480261644188}
{"docno": "S1e7f4ed8-Ae157ca48", "score": 16.04404260329089}
{"docno": "S36aea26b-A1e80a903", "score": 16.03153762007565}
{"docno": "S129ce23f-Aefc0f704", "score": 15.96916052876166}
{"docno": "Sc97ab4d9-Ad9b19fd2", "score": 15.94220466696251}
{"docno": "Sa8af0abf-A6fdb1e40", "score": 15.827907904440467}
{"docno": "S5324626a-A3516dc6f", "score": 15.75950838483282}
{"docno": "S199eda63-A1dd80f1", "score": 15.669290651994807}
{"docno": "Sbff0970b-A8f33d67e", "score": 15.576647318133544}
{"docno": "Se99ff5b0-A4b287497", "score": 15.554827436075893}
{"docno": "S615af073-Ad2ee0fd5", "score": 15.528520805087043}
{"docno": "S334ce662-Ac160dc53", "score": 15.466052815726833}
{"docno": "Sb37c5615-A5856978c", "score": 15.463050403181246}
{"docno": "S590c815-A3e212326", "score": 15.434343893577838}
{"docno": "S3cce454e-A75f4d848", "score": 15.429424249113023}
{"docno": "Sca88d0dd-A4d55c306", "score": 15.409632401812665}
{"docno": "S1af7913e-Aee3a65e0", "score": 15.387515931857337}
{"docno": "Se1952864-Acbe9a15b", "score": 15.36862843284453}
{"docno": "S7176cf06-A506f2443", "score": 15.107241288959624}
{"docno": "Se65db6aa-A4a0b8bd4", "score": 15.053106195001835}
{"docno": "Sb37c5615-A60772bd7", "score": 14.96295317850592}
{"docno": "S636669d7-A6c726b49", "score": 14.940017925986428}
{"docno": "S2a10529c-Ac2eebdd0", "score": 14.884544768773791}
{"docno": "S2a10529c-Afcf4f4e", "score": 14.861348925448919}
{"docno": "S1e7f4ed8-A48d5c75", "score": 14.80371241439298}
{"docno": "S334ce662-A5f912649", "score": 14.797801382897038}
{"docno": "Sb5b096db-Af5f10dbb", "score": 14.789032219253485}
{"docno": "S6600bad8-A3b525735", "score": 14.783177414931604}
{"docno": "S547294f-Aa8a12994", "score": 14.783177414931604}
{"docno": "S64d418fa-A4dee85e1", "score": 14.783177414931604}
{"docno": "Sd3a60001-Aabae852c", "score": 14.783177414931604}
{"docno": "Sa8af0abf-A64c2f9ba", "score": 14.751993368972169}
{"docno": "Se1952864-A14ab8062", "score": 14.747509060548916}
{"docno": "Sb4086b59-A1e7653df", "score": 14.679856746804123}
{"docno": "S24195d9e-Aaebb7275", "score": 14.679856746804123}
{"docno": "S5f670626-Abefcfbbb", "score": 14.674765786023752}
{"docno": "Sfdb7b7d4-A1c7847dd", "score": 14.62444440827939}
{"docno": "S8164800e-A7c63684", "score": 14.62146031326272}
{"docno": "S8164800e-A17b98d12", "score": 14.61418951873018}
{"docno": "Sdfff5834-A40d1ec85", "score": 14.570317109395466}
{"docno": "Sd766d928-A70da558a", "score": 14.470470207787553}
{"docno": "S720c8ec-A3bc92fbe", "score": 14.446211904879073}
{"docno": "S97bcd2c0-Ae0779c7e", "score": 14.41565943201587}
{"docno": "S3b9029a2-A9d89d92f", "score": 14.383084134096217}
{"docno": "S821d0b5d-A4d8813b", "score": 14.354828111732132}
{"docno": "S672e8c7b-Aba2381ba", "score": 14.304163845627093}
{"docno": "Se7bb33a-A253af3a9", "score": 14.27901134203139}
{"docno": "S71eb2418-A5cc8afaf", "score": 14.263490573444013}
{"docno": "S3cce454e-A20e5f1bc", "score": 14.263086320403259}
{"docno": "S69f186d6-A35194898", "score": 14.261181682928802}
{"docno": "S21e2b85c-Aa1ed4daf", "score": 14.253680831228325}
{"docno": "S1b884799-A659d6164", "score": 14.238666911888405}
{"docno": "S672e8c7b-A94d6b8fe", "score": 14.234732164236037}
{"docno": "S21e2b85c-A161deb9d", "score": 14.184737187913033}
{"docno": "S745edcc5-A18b06b0a", "score": 14.160185887910531}
{"docno": "S6327257c-Ac17dfe9a", "score": 14.142112655760767}
{"docno": "S63392463-Afd5004a9", "score": 14.138575584121885}
{"type": "pageNavigationClicked", "timestamp": "2025-06-26T10:55:35.011Z", "sessionID": "47b87a04-198c-4e23-8afa-620ad0558176", "clicked": "2", "fromPage": 1, "toPage": 2}
{"type": "queryBoxFocused", "timestamp": "2025-06-26T10:55:53.350Z", "sessionID": "47b87a04-198c-4e23-8afa-620ad0558176"}
{"type": "querySubmitted", "timestamp": "2025-06-26T10:56:00.124Z", "sessionID": "47b87a04-198c-4e23-8afa-620ad0558176", "query": "is obesity a choice?"}
{"docno": "S21e2b85c-A161deb9d", "score": 22.444790986322186}
{"docno": "S21e2b85c-A4f7b3e4c", "score": 22.300687570721436}
{"docno": "Se1952864-A14ab8062", "score": 22.27395555515187}
{"docno": "S21e2b85c-A3640d27f", "score": 22.195514563094953}
{"docno": "S21e2b85c-Aa1ed4daf", "score": 21.606348169006477}
{"docno": "S8662c54-A7c46dd0f", "score": 20.516020479324858}
{"docno": "Sc9b434d4-A788e6fe2", "score": 20.47713537743237}
{"docno": "S8662c54-A587c9d", "score": 20.009126477683584}
{"docno": "Sb5b096db-A6748ad96", "score": 19.981428781875096}
{"docno": "S21e2b85c-A56606e73", "score": 19.79897124189193}
{"docno": "S6ed8a6b0-Aa3ace448", "score": 19.329464798810665}
{"docno": "Sb5b096db-Af5f10dbb", "score": 19.193600337871736}
{"docno": "Sb5b096db-A7035c7b5", "score": 19.091127890506623}
{"docno": "Sefbdcc9f-A1b4e0639", "score": 18.752134758800253}
{"docno": "Sb5b096db-A6b1e0243", "score": 18.510542473989837}
{"docno": "Sa9dd859d-A52db92e3", "score": 18.377258199018566}
{"docno": "Scce067fd-A76390dd0", "score": 18.280056742381205}
{"docno": "Sc095d706-A93195187", "score": 18.217750964792977}
{"docno": "S8662c54-A6d8d3a7c", "score": 18.18760798283928}
{"docno": "Sbff0970b-Ac9d85d16", "score": 18.133279957722618}
{"docno": "S1c506328-A4af79f73", "score": 18.090786452200923}
{"docno": "Sb5b096db-Ac5f4a991", "score": 18.083133643459465}
{"docno": "Sc095d706-Aba86f804", "score": 18.079085519119523}
{"docno": "S5f670626-Abefcfbbb", "score": 17.923952887352574}
{"docno": "S816ff572-A2eda9fd1", "score": 17.92275467185025}
{"docno": "S334ce662-A5f912649", "score": 17.920556775056244}
{"docno": "Sc4852aba-Ada4d6585", "score": 17.854302364926966}
{"docno": "Sdde03838-A5b28be6d", "score": 17.84779770900011}
{"docno": "S334ce662-Ac160dc53", "score": 17.757892873083605}
{"docno": "Sb5b096db-A37f18196", "score": 17.74552288642074}
{"docno": "Sbff0970b-A70547531", "score": 17.601998585516913}
{"docno": "S6d80f423-A94c587c", "score": 17.459149963839756}
{"docno": "S1ecb0c67-Afb33e1a3", "score": 17.407006274061423}
{"docno": "S5bf79135-Af12617cc", "score": 17.351259270522437}
{"docno": "Sc095d706-Ab2876470", "score": 17.294916332460563}
{"docno": "S590c815-A6125df16", "score": 17.178134556621536}
{"docno": "Sb367c104-Ace331c5b", "score": 17.168171207001173}
{"docno": "S7d8e5f55-Ab1c88c65", "score": 16.986553165816755}
{"docno": "Sc0029a2e-Af736f9af", "score": 16.906202617949745}
{"docno": "Se99ff5b0-Abe70a484", "score": 16.79373472518984}
{"docno": "Se1952864-Acbe9a15b", "score": 16.61991827615001}
{"docno": "S97bcd2c0-Ae0779c7e", "score": 16.519404094241295}
{"docno": "S8e0455dd-Afcc5c4f0", "score": 16.447915071719102}
{"docno": "S962b00f0-A9572c35c", "score": 16.425932167995416}
{"docno": "Scb88a6c4-A3773d8db", "score": 16.25224585355285}
{"docno": "S63392463-Afd5004a9", "score": 16.058528923099498}
{"docno": "S1ecb0c67-A57c76127", "score": 15.97501501290801}
{"docno": "S3c486e0b-Aa36081fe", "score": 15.898115807152742}
{"docno": "Sfde599b4-A1c6f5db", "score": 15.892400650896128}
{"docno": "S6e81aa86-A18b072c5", "score": 15.80392459263067}
{"docno": "S6e81aa86-A48591e03", "score": 15.623779299641763}
{"docno": "S5de93d1a-A68815098", "score": 15.594291639221938}
{"docno": "S1e7f4ed8-A48d5c75", "score": 15.492593275517267}
{"docno": "S98fa500a-Aa338f7a2", "score": 15.485111260855561}
{"docno": "Sb37c5615-A5856978c", "score": 15.463050403181246}
{"docno": "Sa8af0abf-A64c2f9ba", "score": 15.401571696141449}
{"docno": "S3c109874-Af30e6588", "score": 15.340080866734844}
{"docno": "S63e2eca-Ae93a74be", "score": 15.280841982176854}
{"docno": "S69ff7d41-A99cd40e4", "score": 15.18361093810754}
{"docno": "S95627a9d-A80dbfc7d", "score": 15.042467414780361}
{"docno": "Sb37c5615-A60772bd7", "score": 14.96295317850592}
{"docno": "S8e0455fc-A3586b613", "score": 14.942739471610642}
{"docno": "S334ce662-A7226f6c3", "score": 14.93303032754832}
{"docno": "Saa60f638-Ac579f637", "score": 14.91166969884402}
{"docno": "S8e0455dd-A83360777", "score": 14.90610436509823}
{"docno": "Sc4eaae9b-Ac65bf1ed", "score": 14.902922700431713}
{"docno": "S8164800e-A7c63684", "score": 14.62146031326272}
{"docno": "S6327257c-A8d74df04", "score": 14.61451201276846}
{"docno": "S8164800e-A17b98d12", "score": 14.61418951873018}
{"docno": "Sda94a2ff-Aae72a94c", "score": 14.59087836559455}
{"docno": "Sab908431-A14b721cc", "score": 14.55753912954559}
{"docno": "Sc1ac6b3c-Afbf5488e", "score": 14.553117680273694}
{"docno": "S720c8ec-A3bc92fbe", "score": 14.446211904879073}
{"docno": "S9896d40f-A471e3585", "score": 14.434175599267892}
{"docno": "S7176cf06-A94552aff", "score": 14.408240885708034}
{"docno": "S8e0455dd-A7216936b", "score": 14.377590033801534}
{"docno": "Saca5ecd8-Aa567502e", "score": 14.360471019913472}
{"docno": "Sa9dd859d-A87913d09", "score": 14.354099200720944}
{"docno": "S672e8c7b-Aba2381ba", "score": 14.304163845627093}
{"docno": "Sc97ab4d9-Ad9b19fd2", "score": 14.285843868427685}
{"docno": "S3cce454e-A20e5f1bc", "score": 14.263086320403259}
{"docno": "Sfadd659c-Aa117c959", "score": 14.258235475759252}
{"docno": "S9896d40f-A1e459b90", "score": 14.258235475759252}
{"docno": "S8e0455fc-A5216e0df", "score": 14.24298833509505}
{"docno": "S672e8c7b-A94d6b8fe", "score": 14.234732164236037}
{"docno": "Sab908431-Ae80b6587", "score": 14.233632375226268}
{"docno": "S745edcc5-A18b06b0a", "score": 14.160185887910531}
{"docno": "Scb509540-A3a7f4447", "score": 14.152951054580038}
{"docno": "S6327257c-Ac17dfe9a", "score": 14.142112655760767}
{"docno": "S2245ae98-A5fc572a7", "score": 14.121580906834973}
{"docno": "Sa8af0abf-Aadd9eef2", "score": 14.109875223350606}
{"docno": "S6327257c-Ac6fd7d8f", "score": 14.097871466813992}
{"docno": "Sad05470d-Ac314a964", "score": 14.089266884150971}
{"docno": "S1c506328-Ab5d84aa8", "score": 14.086532817257405}
{"docno": "S605392ad-A62b16a83", "score": 14.03042328815532}
{"docno": "S636669d7-A6a282c9d", "score": 14.03042328815532}
{"docno": "Sd4cf8fdb-A3141141a", "score": 14.007018704833083}
{"docno": "Scb509540-Abece3217", "score": 13.990900758501452}
{"docno": "Sfc61533a-A9caf0f92", "score": 13.925732896037688}
{"docno": "S6c3b36ba-A3c19208e", "score": 13.923183606475208}
{"type": "StanceClicked", "timestamp": "2025-06-26T10:56:10.604Z", "sessionID": "47b87a04-198c-4e23-8afa-620ad0558176", "rank": "6", "stance": "con", "action": "chooseStance", "doc": "S8662c54-A7c46dd0f", "doclen": 366, "score": 12.858619682868161}
{"type": "StanceClicked", "timestamp": "2025-06-26T10:56:19.948Z", "sessionID": "47b87a04-198c-4e23-8afa-620ad0558176", "rank": "10", "stance": "con", "action": "chooseStance", "doc": "S21e2b85c-A56606e73", "doclen": 467, "score": 23.360057838049414}
{"type": "pageNavigationClicked", "timestamp": "2025-06-26T10:56:22.051Z", "sessionID": "47b87a04-198c-4e23-8afa-620ad0558176", "clicked": "2", "fromPage": 1, "toPage": 2}
{"type": "StanceClicked", "timestamp": "2025-06-26T10:56:28.572Z", "sessionID": "47b87a04-198c-4e23-8afa-620ad0558176", "rank": "12", "stance": "con", "action": "chooseStance", "doc": "Sb5b096db-Af5f10dbb", "doclen": 977, "score": 19.335957781457047}
{"type": "StanceClicked", "timestamp": "2025-06-26T10:56:34.532Z", "sessionID": "47b87a04-198c-4e23-8afa-620ad0558176", "rank": "15", "stance": "pro", "action": "chooseStance", "doc": "Sb5b096db-A6b1e0243", "doclen": 2074, "score": 20.444734514511882}
{"type": "StanceClicked", "timestamp": "2025-06-26T10:56:42.228Z", "sessionID": "47b87a04-198c-4e23-8afa-620ad0558176", "rank": "17", "stance": "con", "action": "chooseStance", "doc": "Scce067fd-A76390dd0", "doclen": 430, "score": 18.280056742381205}
{"type": "pageNavigationClicked", "timestamp": "2025-06-26T10:56:50.627Z", "sessionID": "47b87a04-198c-4e23-8afa-620ad0558176", "clicked": "3", "fromPage": 2, "toPage": 3}
{"type": "ClickedEndTask", "timestamp": "2025-06-26T10:56:58.404Z", "sessionID": "47b87a04-198c-4e23-8afa-620ad0558176"}
{"type": "TaskEndConfirmed", "timestamp": "2025-06-26T10:57:01.219Z", "sessionID": "47b87a04-198c-4e23-8afa-620ad0558176"}
{"type": "TaskEnded", "timestamp": "2025-06-26T10:57:20.499Z", "sessionID": "47b87a04-198c-4e23-8afa-620ad0558176", "reason": "the time is up", "translated_reason": "The Time Is Up"}
