{"type": "idSubmitted", "timestamp": "2025-06-26T10:24:22.581Z", "sessionID": "c64ac8b9-44f2-4408-a96d-973a13b5de4a", "uid": "Participant47"}
{"type": "TaskStarted", "timestamp": "2025-06-26T10:25:39.229Z", "sessionID": "c64ac8b9-44f2-4408-a96d-973a13b5de4a", "task": "1", "uid": "Participant47", "topic": "Is sexual orientation determined at birth?"}
{"type": "queryBoxFocused", "timestamp": "2025-06-26T10:25:46.280Z", "sessionID": "c64ac8b9-44f2-4408-a96d-973a13b5de4a"}
{"type": "querySubmitted", "timestamp": "2025-06-26T10:26:08.206Z", "sessionID": "c64ac8b9-44f2-4408-a96d-973a13b5de4a", "query": "sexual orientation at birth"}
{"docno": "S3584cf5e-A72f4da7e", "score": 31.512922506285932}
{"docno": "Sdfb058ea-Ad712ba13", "score": 29.3130697005973}
{"docno": "S3584cf5e-A902d172e", "score": 28.63179577431654}
{"docno": "S51826e57-A59d8e7df", "score": 27.63468131889061}
{"docno": "Sfba9d594-Ac4f48d57", "score": 25.49707012093326}
{"docno": "S2771aba0-Aaa97a334", "score": 24.960737059499046}
{"docno": "S88021be-Aba29c5b9", "score": 23.930021453681867}
{"docno": "S67148c4d-A719737c9", "score": 23.90336806201564}
{"docno": "Sf1d75e55-A5d84db7a", "score": 23.70807334669734}
{"docno": "Sf1d75df8-Ab98a5cba", "score": 23.607201834245544}
{"docno": "S91e3211a-A6c4f07fb", "score": 23.48579883368855}
{"docno": "Sd8741005-Af4f88db2", "score": 23.397308485990322}
{"docno": "Sc3e91f42-Af58e64ac", "score": 23.330955942351665}
{"docno": "S8de3af5b-A30d39170", "score": 23.04835806205225}
{"docno": "Sd998475c-A98d86f14", "score": 22.774014171715017}
{"docno": "Sc463d35e-A9b632071", "score": 22.770778288322404}
{"docno": "S9c095897-Aeb548c59", "score": 22.694639142763656}
{"docno": "Sb9c0e12b-Ab66b5008", "score": 22.66960431723342}
{"docno": "Sa2582c6b-A816a4bd8", "score": 22.492933853789708}
{"docno": "S479deab2-Ab861c344", "score": 22.411496876106565}
{"docno": "Sd995a8ce-A5c330fb4", "score": 22.371405818676248}
{"docno": "S7a271b49-Abda5897d", "score": 22.255098017350434}
{"docno": "Sce52abfa-Afc141e98", "score": 22.186944854779476}
{"docno": "S9c095897-A854667a4", "score": 22.054946391089217}
{"docno": "Se843d75f-Aaa777cd2", "score": 21.80823658641158}
{"docno": "Sd616d15d-A3ee2cfce", "score": 21.759762723024664}
{"docno": "Seada3b89-Aecbae0b3", "score": 21.629400598919794}
{"docno": "Sd995a8ce-Ad705eb3e", "score": 21.613263746392562}
{"docno": "S7005e549-A902347aa", "score": 21.556380471099775}
{"docno": "S2771aba0-A60ccbf98", "score": 21.472937613546083}
{"docno": "S7839a8e-A8cf2b681", "score": 21.445730113555655}
{"docno": "S45198ce6-A2ae3bf67", "score": 21.399839869617544}
{"docno": "S1df4e73f-A5df691d2", "score": 21.370793680289886}
{"docno": "S7ec5145f-Ada1c2ab7", "score": 21.29453956840573}
{"docno": "S77a5df9b-Abc04cc3f", "score": 21.20015732634488}
{"docno": "Sde96f288-A38eca72d", "score": 21.164977767120114}
{"docno": "Sf8070fca-Ac105b073", "score": 21.128705702581275}
{"docno": "S8257a020-Af19b156c", "score": 20.96151543071568}
{"docno": "S99b18391-Ae1d68dea", "score": 20.945542670826637}
{"docno": "S98f133cd-A83ad82f4", "score": 20.907549801103894}
{"docno": "Sf15d0350-A78080538", "score": 20.85058885589041}
{"docno": "Sf15d0331-A78080538", "score": 20.85058885589041}
{"docno": "S77a5df9b-A5e28515f", "score": 20.81985164108342}
{"docno": "S5549c71-A7b5dcaa5", "score": 20.74057611050766}
{"docno": "Sacc1a0fd-Abcc0f862", "score": 20.698582369289795}
{"docno": "Sfb1a0edd-A8d2ff61d", "score": 20.668258511397077}
{"docno": "S5549c52-A79d65e61", "score": 20.591821703598253}
{"docno": "Sff5c7649-A81ed6735", "score": 20.515236147413965}
{"docno": "Sfba9d594-A6d5ae408", "score": 20.30022070744917}
{"docno": "S6334812c-A6b1cba0a", "score": 20.139977473638137}
{"docno": "S3f243c69-Ab497f6bf", "score": 20.079865443145344}
{"docno": "Sf8070fca-A63da6cfa", "score": 20.074463936811213}
{"docno": "Sfb1a0edd-A2c9e20cc", "score": 20.074463936811213}
{"docno": "Sdd222a9b-Ad8cf5ea1", "score": 19.969358734879144}
{"docno": "S799b5dd2-A53957369", "score": 19.950627063712712}
{"docno": "S2771aba0-A80dfc9f1", "score": 19.9177308117756}
{"docno": "S42a23628-A9e92c30c", "score": 19.9177308117756}
{"docno": "S479deab2-Ab2093e84", "score": 19.90608923683758}
{"docno": "S895c19ea-A4768881f", "score": 19.763426141409113}
{"docno": "Sd995a8ce-Ae44bd3d6", "score": 19.763426141409113}
{"docno": "S3f243c69-Ac628e5a", "score": 19.74159993783465}
{"docno": "Sd995a8ce-Ab4e75c7e", "score": 19.73026724929085}
{"docno": "S79ec1e40-Ae702a9d1", "score": 19.67724807454988}
{"docno": "Sff5c7649-Afaf9e0a4", "score": 19.671531579863455}
{"docno": "S4468a769-Af350c1f7", "score": 19.622741597814247}
{"docno": "S5e01dbe3-Aaa501ba3", "score": 19.616564265090346}
{"docno": "S98f133cd-A4f2ab609", "score": 19.613321839540163}
{"docno": "S2771aba0-A53009edf", "score": 19.61149391915015}
{"docno": "S4c14e1f7-Aa00e026e", "score": 19.61149391915015}
{"docno": "Sd998475c-Ae33db8a3", "score": 19.536365908607216}
{"docno": "S249e601e-A9d8185b4", "score": 19.461879847510332}
{"docno": "Sfba9d594-Aec8df140", "score": 19.453872898143928}
{"docno": "S56d8676d-A4e0ffd25", "score": 19.22022236613533}
{"docno": "Sd50d45f1-A1d088add", "score": 19.175202651331126}
{"docno": "S15445abc-Afb7c0cd6", "score": 19.08293160796204}
{"docno": "S1dbec9e-A28a175bd", "score": 19.036598176771175}
{"docno": "Se1ec511c-A31e7b554", "score": 19.02642785912528}
{"docno": "Scaecc1bf-A4e3d6a2d", "score": 18.962248405521958}
{"docno": "Sea01fdc2-Ad0588d65", "score": 18.906132623069844}
{"docno": "Sd995a8ce-Ae32ccbe5", "score": 18.885575392306194}
{"docno": "Sf64a59a-A1d13a0d8", "score": 18.860670783453152}
{"docno": "S97806e3b-A2aac6679", "score": 18.753374228568795}
{"docno": "S10978723-A5957f58", "score": 18.746793059285082}
{"docno": "S5cb36f7e-Afebe7a27", "score": 18.746793059285082}
{"docno": "S3d1a752c-A1947fe3e", "score": 18.72516375304169}
{"docno": "S3d1a752c-Aaed75b23", "score": 18.669319746987703}
{"docno": "S823b0a7-Ac1796096", "score": 18.61003555530019}
{"docno": "S7fc8398-A1f2aed27", "score": 18.61003555530019}
{"docno": "S600c2fff-Aa0d42008", "score": 18.61003555530019}
{"docno": "Sdc871a12-Ac8f55d2e", "score": 18.61003555530019}
{"docno": "S4b0ccd12-A344c1a58", "score": 18.501491809444396}
{"docno": "Scfde0516-A9f40350a", "score": 18.47525888800525}
{"docno": "S49e8ade5-A261e2f", "score": 18.47525888800525}
{"docno": "S249e601e-A7d8bd914", "score": 18.47525888800525}
{"docno": "Sd9e8fe64-A154cc398", "score": 18.47423170079207}
{"docno": "Sae59d57-Ac3fc9098", "score": 18.472054326326187}
{"docno": "Scbf6033-Addb337a8", "score": 18.297645291210163}
{"docno": "S4b2ffb99-Ab05d2a2a", "score": 18.253227765164166}
{"docno": "S99b18391-A387b10fb", "score": 18.21147837510754}
{"docno": "Sedd3e855-Ae10b6c07", "score": 18.21147837510754}
{"type": "toggleArgument", "timestamp": "2025-06-26T10:26:12.437Z", "sessionID": "c64ac8b9-44f2-4408-a96d-973a13b5de4a", "rank": "1", "doc": "S3584cf5e-A72f4da7e", "action": "expand", "doclen": 863, "score": 14.151703413931465}
{"type": "toggleArgument", "timestamp": "2025-06-26T10:26:26.589Z", "sessionID": "c64ac8b9-44f2-4408-a96d-973a13b5de4a", "rank": "2", "doc": "Sdfb058ea-Ad712ba13", "action": "expand", "doclen": 153, "score": 29.3130697005973}
{"type": "toggleArgument", "timestamp": "2025-06-26T10:26:27.717Z", "sessionID": "c64ac8b9-44f2-4408-a96d-973a13b5de4a", "rank": "2", "doc": "Sdfb058ea-Ad712ba13", "action": "reduce", "doclen": 153, "score": 29.3130697005973}
{"type": "toggleArgument", "timestamp": "2025-06-26T10:26:27.989Z", "sessionID": "c64ac8b9-44f2-4408-a96d-973a13b5de4a", "rank": "2", "doc": "Sdfb058ea-Ad712ba13", "action": "expand", "doclen": 153, "score": 29.3130697005973}
{"type": "toggleArgument", "timestamp": "2025-06-26T10:26:28.342Z", "sessionID": "c64ac8b9-44f2-4408-a96d-973a13b5de4a", "rank": "2", "doc": "Sdfb058ea-Ad712ba13", "action": "reduce", "doclen": 153, "score": 29.3130697005973}
{"type": "StanceClicked", "timestamp": "2025-06-26T10:27:27.503Z", "sessionID": "c64ac8b9-44f2-4408-a96d-973a13b5de4a", "rank": "1", "stance": "con", "action": "chooseStance", "doc": "S3584cf5e-A72f4da7e", "doclen": 863, "score": 14.151703413931465}
{"type": "StanceClicked", "timestamp": "2025-06-26T10:27:36.863Z", "sessionID": "c64ac8b9-44f2-4408-a96d-973a13b5de4a", "rank": "2", "stance": "pro", "action": "chooseStance", "doc": "Sdfb058ea-Ad712ba13", "doclen": 153, "score": 29.3130697005973}
{"type": "StanceClicked", "timestamp": "2025-06-26T10:27:48.398Z", "sessionID": "c64ac8b9-44f2-4408-a96d-973a13b5de4a", "rank": "3", "stance": "pro", "action": "chooseStance", "doc": "S3584cf5e-A902d172e", "doclen": 176, "score": 28.63179577431654}
{"type": "toggleArgument", "timestamp": "2025-06-26T10:27:54.118Z", "sessionID": "c64ac8b9-44f2-4408-a96d-973a13b5de4a", "rank": "3", "doc": "S3584cf5e-A902d172e", "action": "expand", "doclen": 176, "score": 28.63179577431654}
{"type": "toggleArgument", "timestamp": "2025-06-26T10:27:54.830Z", "sessionID": "c64ac8b9-44f2-4408-a96d-973a13b5de4a", "rank": "3", "doc": "S3584cf5e-A902d172e", "action": "reduce", "doclen": 176, "score": 28.63179577431654}
{"type": "toggleArgument", "timestamp": "2025-06-26T10:27:55.710Z", "sessionID": "c64ac8b9-44f2-4408-a96d-973a13b5de4a", "rank": "4", "doc": "S51826e57-A59d8e7df", "action": "expand", "doclen": 913, "score": 27.63468131889061}
{"type": "toggleArgument", "timestamp": "2025-06-26T10:27:57.998Z", "sessionID": "c64ac8b9-44f2-4408-a96d-973a13b5de4a", "rank": "2", "doc": "Sdfb058ea-Ad712ba13", "action": "expand", "doclen": 153, "score": 29.3130697005973}
{"type": "toggleArgument", "timestamp": "2025-06-26T10:27:58.334Z", "sessionID": "c64ac8b9-44f2-4408-a96d-973a13b5de4a", "rank": "2", "doc": "Sdfb058ea-Ad712ba13", "action": "reduce", "doclen": 153, "score": 29.3130697005973}
{"type": "StanceClicked", "timestamp": "2025-06-26T10:29:09.414Z", "sessionID": "c64ac8b9-44f2-4408-a96d-973a13b5de4a", "rank": "4", "stance": "con", "action": "chooseStance", "doc": "S51826e57-A59d8e7df", "doclen": 913, "score": 27.63468131889061}
{"type": "toggleArgument", "timestamp": "2025-06-26T10:29:13.294Z", "sessionID": "c64ac8b9-44f2-4408-a96d-973a13b5de4a", "rank": "5", "doc": "Sfba9d594-Ac4f48d57", "action": "expand", "doclen": 1119, "score": 25.49707012093326}
{"type": "StanceClicked", "timestamp": "2025-06-26T10:30:08.118Z", "sessionID": "c64ac8b9-44f2-4408-a96d-973a13b5de4a", "rank": "5", "stance": "con", "action": "chooseStance", "doc": "Sfba9d594-Ac4f48d57", "doclen": 1119, "score": 25.49707012093326}
{"type": "toggleArgument", "timestamp": "2025-06-26T10:30:11.150Z", "sessionID": "c64ac8b9-44f2-4408-a96d-973a13b5de4a", "rank": "6", "doc": "S2771aba0-Aaa97a334", "action": "expand", "doclen": 1255, "score": 24.960737059499046}
{"type": "StanceClicked", "timestamp": "2025-06-26T10:31:02.606Z", "sessionID": "c64ac8b9-44f2-4408-a96d-973a13b5de4a", "rank": "6", "stance": "con", "action": "chooseStance", "doc": "S2771aba0-Aaa97a334", "doclen": 1255, "score": 24.960737059499046}
{"type": "toggleArgument", "timestamp": "2025-06-26T10:31:08.302Z", "sessionID": "c64ac8b9-44f2-4408-a96d-973a13b5de4a", "rank": "7", "doc": "S88021be-Aba29c5b9", "action": "expand", "doclen": 2666, "score": 23.930021453681867}
{"type": "StanceClicked", "timestamp": "2025-06-26T10:31:14.598Z", "sessionID": "c64ac8b9-44f2-4408-a96d-973a13b5de4a", "rank": "7", "stance": "con", "action": "chooseStance", "doc": "S88021be-Aba29c5b9", "doclen": 2666, "score": 23.930021453681867}
{"type": "toggleArgument", "timestamp": "2025-06-26T10:31:16.830Z", "sessionID": "c64ac8b9-44f2-4408-a96d-973a13b5de4a", "rank": "8", "doc": "S67148c4d-A719737c9", "action": "expand", "doclen": 2393, "score": 23.90336806201564}
{"type": "StanceClicked", "timestamp": "2025-06-26T10:31:26.662Z", "sessionID": "c64ac8b9-44f2-4408-a96d-973a13b5de4a", "rank": "8", "stance": "pro", "action": "chooseStance", "doc": "S67148c4d-A719737c9", "doclen": 2393, "score": 23.90336806201564}
{"type": "toggleArgument", "timestamp": "2025-06-26T10:31:37.798Z", "sessionID": "c64ac8b9-44f2-4408-a96d-973a13b5de4a", "rank": "9", "doc": "Sf1d75e55-A5d84db7a", "action": "expand", "doclen": 1689, "score": 23.70807334669734}
{"type": "toggleArgument", "timestamp": "2025-06-26T10:32:19.550Z", "sessionID": "c64ac8b9-44f2-4408-a96d-973a13b5de4a", "rank": "10", "doc": "Sf1d75df8-Ab98a5cba", "action": "expand", "doclen": 1741, "score": 23.607201834245544}
{"type": "pageNavigationClicked", "timestamp": "2025-06-26T10:32:32.894Z", "sessionID": "c64ac8b9-44f2-4408-a96d-973a13b5de4a", "clicked": "2", "fromPage": 1, "toPage": 2}
{"type": "toggleArgument", "timestamp": "2025-06-26T10:32:35.382Z", "sessionID": "c64ac8b9-44f2-4408-a96d-973a13b5de4a", "rank": "11", "doc": "S91e3211a-A6c4f07fb", "action": "expand", "doclen": 1763, "score": 23.48579883368855}
{"type": "toggleArgument", "timestamp": "2025-06-26T10:32:48.757Z", "sessionID": "c64ac8b9-44f2-4408-a96d-973a13b5de4a", "rank": "17", "doc": "S9c095897-Aeb548c59", "action": "expand", "doclen": 1109, "score": 22.694639142763656}
{"type": "toggleArgument", "timestamp": "2025-06-26T10:33:17.270Z", "sessionID": "c64ac8b9-44f2-4408-a96d-973a13b5de4a", "rank": "20", "doc": "S479deab2-Ab861c344", "action": "expand", "doclen": 1996, "score": 22.411496876106565}
{"type": "StanceClicked", "timestamp": "2025-06-26T10:33:35.518Z", "sessionID": "c64ac8b9-44f2-4408-a96d-973a13b5de4a", "rank": "20", "stance": "pro", "action": "chooseStance", "doc": "S479deab2-Ab861c344", "doclen": 1996, "score": 22.411496876106565}
{"type": "toggleArgument", "timestamp": "2025-06-26T10:33:37.277Z", "sessionID": "c64ac8b9-44f2-4408-a96d-973a13b5de4a", "rank": "19", "doc": "Sa2582c6b-A816a4bd8", "action": "expand", "doclen": 657, "score": 22.492933853789708}
{"type": "pageNavigationClicked", "timestamp": "2025-06-26T10:33:52.718Z", "sessionID": "c64ac8b9-44f2-4408-a96d-973a13b5de4a", "clicked": "3", "fromPage": 2, "toPage": 3}
{"type": "toggleArgument", "timestamp": "2025-06-26T10:34:03.845Z", "sessionID": "c64ac8b9-44f2-4408-a96d-973a13b5de4a", "rank": "22", "doc": "S7a271b49-Abda5897d", "action": "expand", "doclen": 1793, "score": 22.255098017350434}
{"type": "toggleArgument", "timestamp": "2025-06-26T10:34:45.189Z", "sessionID": "c64ac8b9-44f2-4408-a96d-973a13b5de4a", "rank": "27", "doc": "Seada3b89-Aecbae0b3", "action": "expand", "doclen": 2487, "score": 21.629400598919794}
{"type": "StanceClicked", "timestamp": "2025-06-26T10:34:59.102Z", "sessionID": "c64ac8b9-44f2-4408-a96d-973a13b5de4a", "rank": "27", "stance": "pro", "action": "chooseStance", "doc": "Seada3b89-Aecbae0b3", "doclen": 2487, "score": 21.629400598919794}
{"type": "toggleArgument", "timestamp": "2025-06-26T10:35:04.461Z", "sessionID": "c64ac8b9-44f2-4408-a96d-973a13b5de4a", "rank": "30", "doc": "S2771aba0-A60ccbf98", "action": "expand", "doclen": 1536, "score": 21.472937613546083}
{"type": "StanceClicked", "timestamp": "2025-06-26T10:35:23.446Z", "sessionID": "c64ac8b9-44f2-4408-a96d-973a13b5de4a", "rank": "30", "stance": "con", "action": "chooseStance", "doc": "S2771aba0-A60ccbf98", "doclen": 1536, "score": 21.472937613546083}
{"type": "ClickedEndTask", "timestamp": "2025-06-26T10:35:25.174Z", "sessionID": "c64ac8b9-44f2-4408-a96d-973a13b5de4a"}
{"type": "TaskEndConfirmed", "timestamp": "2025-06-26T10:35:30.029Z", "sessionID": "c64ac8b9-44f2-4408-a96d-973a13b5de4a"}
{"type": "TaskEnded", "timestamp": "2025-06-26T10:36:25.197Z", "sessionID": "c64ac8b9-44f2-4408-a96d-973a13b5de4a", "reason": "I found enough arguments for my essay.", "translated_reason": "I Found Enough Argents for My Essay."}
