{"type": "TaskStarted", "timestamp": "2025-06-26T10:57:36.921Z", "sessionID": "637d2dc1-b031-4cec-81a7-4c697f07d717", "task": "2", "uid": "Participant3", "topic": "Should animals be used for scientific or commercial testing?"}
{"type": "queryBoxFocused", "timestamp": "2025-06-26T10:57:38.303Z", "sessionID": "637d2dc1-b031-4cec-81a7-4c697f07d717"}
{"type": "querySubmitted", "timestamp": "2025-06-26T10:57:41.866Z", "sessionID": "637d2dc1-b031-4cec-81a7-4c697f07d717", "query": "animal testing"}
{"docno": "Sda638ba9-A8bdc3b1", "score": 19.7906771004277}
{"docno": "S3eced554-Ae92060a8", "score": 19.68984277253223}
{"docno": "Sc0429f6c-A77267c7b", "score": 19.59176519468373}
{"docno": "Sd640f8-Aeb126a1", "score": 19.566298535646872}
{"docno": "Sdf41ee47-A61da7c2", "score": 19.4163399600882}
{"docno": "Sc0429f6c-A1a9ee9e4", "score": 19.401338668047}
{"docno": "S908f4ecb-A16222b71", "score": 19.389261858682342}
{"docno": "Sc0429f6c-Acd8c6995", "score": 19.389261858682342}
{"docno": "Sdd18e758-A82a78ee0", "score": 19.387799647132965}
{"docno": "S9addf540-Af51cc620", "score": 19.36766601193738}
{"docno": "S171633f7-Aaee14c53", "score": 19.325796080319435}
{"docno": "Sd640f8-A212c1c22", "score": 19.30680080612239}
{"docno": "Sdd5367d8-Af1044598", "score": 19.29088515224788}
{"docno": "Sfd3161b0-A17fc7631", "score": 19.284350946705885}
{"docno": "Se92f1168-A607ff48b", "score": 19.255541579086035}
{"docno": "S61bcb28d-Ad673070c", "score": 19.24085854435642}
{"docno": "S2bce8c52-A5866ed60", "score": 19.237056769732263}
{"docno": "Sfd98a1f9-A66e90f73", "score": 19.17717312726442}
{"docno": "S3eced554-A58c48631", "score": 19.170074465252533}
{"docno": "Sdd5367d8-Afa6a5780", "score": 19.160935988345408}
{"docno": "Sfd3161b0-Ac6e25681", "score": 19.15927572927642}
{"docno": "S901f612c-A348c052b", "score": 19.144832553485976}
{"docno": "Sd640f8-A9282530", "score": 19.126932218842427}
{"docno": "S59a01e38-A6073d8ec", "score": 19.118422367018425}
{"docno": "Saeeb3794-A17053d14", "score": 19.096845917781557}
{"docno": "S2bce8c52-A4453a6fd", "score": 19.092269121179108}
{"docno": "S61bcb26e-A71173718", "score": 19.073743218474014}
{"docno": "Sa4241bd2-A3cdd04b0", "score": 19.059457246228177}
{"docno": "Sd1a53c21-A1e62977d", "score": 19.052122823156786}
{"docno": "Sb8d48a7a-A429e204c", "score": 19.03341752028237}
{"docno": "S8cce991f-A63391bc", "score": 19.033383266992843}
{"docno": "Sb33b886a-A69d26b1a", "score": 18.980751501103363}
{"docno": "S908f4e4f-Afde32d84", "score": 18.96827161957683}
{"docno": "S9b345662-A8b5e61d7", "score": 18.96167090208634}
{"docno": "S908ed2cb-A1929c56a", "score": 18.945153296427748}
{"docno": "S61bcb328-Aa4d5acf9", "score": 18.944275540568576}
{"docno": "S85178f24-A21ba283", "score": 18.942616317802766}
{"docno": "S59a01d9d-A91cd6673", "score": 18.92109104787696}
{"docno": "Sfe53162e-Acae0f5e5", "score": 18.916316583939626}
{"docno": "Sf1a3ed1e-A47c588d3", "score": 18.907765687562584}
{"docno": "S1fba06e8-Ae5a31ce", "score": 18.880855644095554}
{"docno": "Sfd98a1f9-A60968da2", "score": 18.867527984863454}
{"docno": "S908ed2cb-Ac393e764", "score": 18.862696586474947}
{"docno": "Sb8d48ad7-A84ee58cc", "score": 18.856867484807815}
{"docno": "S98931b41-Ad8136b39", "score": 18.844094119073127}
{"docno": "Sfd98a1f9-Aac292bc0", "score": 18.839948135278867}
{"docno": "Sb5be6b4d-A30e67c89", "score": 18.828320711392237}
{"docno": "S89eb9d8b-A458e22b7", "score": 18.805708536812197}
{"docno": "S901f612c-A60586fee", "score": 18.801627210175905}
{"docno": "S61bcb9f0-A4bd310ec", "score": 18.776692792156425}
{"docno": "Sfd3161b0-A394abec6", "score": 18.734692723132078}
{"docno": "S61bc36ea-Abb694092", "score": 18.717134367272536}
{"docno": "S9f5396d0-A59d24c25", "score": 18.71017832001197}
{"docno": "S61bc36ea-A8251941d", "score": 18.698610485236}
{"docno": "S7ef1e9fb-A75330945", "score": 18.695265862109185}
{"docno": "S42d9b047-A984bc151", "score": 18.678455957921805}
{"docno": "S9c0105d0-A6cabe107", "score": 18.67157604023374}
{"docno": "Sfd98a1f9-Afaf90401", "score": 18.645287917894322}
{"docno": "S8cce991f-A8f85f7ba", "score": 18.64431872831588}
{"docno": "Sb8d489fe-Ad89de66b", "score": 18.641571669052006}
{"docno": "S2bce8c52-A6be48c9f", "score": 18.641409532559344}
{"docno": "S61bcc191-A72feb123", "score": 18.641080129289005}
{"docno": "S901f612c-Ae26b5a1", "score": 18.637033157352725}
{"docno": "S42d9b047-Ae6e79f09", "score": 18.632953059644656}
{"docno": "S638d406b-A3c19fe38", "score": 18.617287035792472}
{"docno": "S59a01d5f-A8bc85d77", "score": 18.617287035792472}
{"docno": "Sad53c4eb-A2514109b", "score": 18.60109925789469}
{"docno": "S141a4562-A60827da7", "score": 18.578815453957404}
{"docno": "S89eb9d8b-Aff16cdde", "score": 18.576820577090565}
{"docno": "S61bc36ea-Ad6250f45", "score": 18.57091266098292}
{"docno": "S5ef4ba1a-A4ca0ece3", "score": 18.54970698504971}
{"docno": "S7ef1e9dc-A977c33f2", "score": 18.544698265386252}
{"docno": "S61bcbe8a-A2a7ac95", "score": 18.539905619033497}
{"docno": "S2f5fdbe4-Ac6f809a2", "score": 18.537994531942516}
{"docno": "Sa56a8385-Ac235d2b5", "score": 18.534713510755747}
{"docno": "Sf1a3ed1e-A42b9ffd4", "score": 18.523189225275686}
{"docno": "S61bcb6ca-A32801563", "score": 18.512875776196097}
{"docno": "S61bcb6ca-A47a7ea8c", "score": 18.50229405568154}
{"docno": "S9c0105d0-Af64612f3", "score": 18.498655207586463}
{"docno": "Sfd3161b0-Aa4efa2e", "score": 18.49285675684848}
{"docno": "Sfe5319d0-A1b755f99", "score": 18.488799844427817}
{"docno": "S61bcba2e-A1b533444", "score": 18.474207856309015}
{"docno": "Sdd5367d8-Abe20f96e", "score": 18.470976306188945}
{"docno": "S64a6fa7-A98128c0b", "score": 18.47097222969236}
{"docno": "Sa4241bd2-A9c7506b0", "score": 18.460903676605376}
{"docno": "S8cce991f-A92c1e386", "score": 18.43956476860652}
{"docno": "S5ef4ba1a-Aa9ca7a48", "score": 18.43861123161321}
{"docno": "S638d406b-A927e6644", "score": 18.41718296253802}
{"docno": "Sda638ba9-Afd8ded9e", "score": 18.41597469138409}
{"docno": "Sb8d48ad7-Ae058b2ea", "score": 18.398268896560808}
{"docno": "S61bcb66d-A35d1d291", "score": 18.388364414430665}
{"docno": "Sb57b83e8-Ac271e6", "score": 18.36723797957753}
{"docno": "Sa4241bd2-A391a3c95", "score": 18.35581415180843}
{"docno": "Sb8d489fe-Af72ac897", "score": 18.351626927436232}
{"docno": "S908ed2cb-A98f9c1e", "score": 18.33963439613305}
{"docno": "Sda630f6b-Af2fd073d", "score": 18.335846671409435}
{"docno": "Se214f0a6-Aa9ae79db", "score": 18.335633581147235}
{"docno": "Se92f1168-A1d41c1af", "score": 18.32843307735431}
{"docno": "S19c1b3ad-A8d10693a", "score": 18.312384719391442}
{"docno": "Sb8d489df-Adbfa4f5a", "score": 18.31229693078326}
{"type": "toggleArgument", "timestamp": "2025-06-26T10:57:44.688Z", "sessionID": "637d2dc1-b031-4cec-81a7-4c697f07d717", "rank": "1", "doc": "Sda638ba9-A8bdc3b1", "action": "expand", "doclen": 1555, "score": 19.7906771004277}
{"type": "StanceClicked", "timestamp": "2025-06-26T10:58:08.833Z", "sessionID": "637d2dc1-b031-4cec-81a7-4c697f07d717", "rank": "1", "stance": "pro", "action": "chooseStance", "doc": "Sda638ba9-A8bdc3b1", "doclen": 1555, "score": 19.7906771004277}
{"type": "toggleArgument", "timestamp": "2025-06-26T10:58:11.089Z", "sessionID": "637d2dc1-b031-4cec-81a7-4c697f07d717", "rank": "2", "doc": "S3eced554-Ae92060a8", "action": "expand", "doclen": 1160, "score": 19.68984277253223}
{"type": "toggleArgument", "timestamp": "2025-06-26T10:58:14.609Z", "sessionID": "637d2dc1-b031-4cec-81a7-4c697f07d717", "rank": "3", "doc": "Sc0429f6c-A77267c7b", "action": "expand", "doclen": 975, "score": 19.59176519468373}
{"type": "StanceClicked", "timestamp": "2025-06-26T10:58:36.386Z", "sessionID": "637d2dc1-b031-4cec-81a7-4c697f07d717", "rank": "3", "stance": "con", "action": "chooseStance", "doc": "Sc0429f6c-A77267c7b", "doclen": 975, "score": 19.59176519468373}
{"type": "toggleArgument", "timestamp": "2025-06-26T10:58:38.585Z", "sessionID": "637d2dc1-b031-4cec-81a7-4c697f07d717", "rank": "4", "doc": "Sd640f8-Aeb126a1", "action": "expand", "doclen": 1046, "score": 19.566298535646872}
{"type": "toggleArgument", "timestamp": "2025-06-26T10:59:09.968Z", "sessionID": "637d2dc1-b031-4cec-81a7-4c697f07d717", "rank": "5", "doc": "Sdf41ee47-A61da7c2", "action": "expand", "doclen": 1265, "score": 19.4163399600882}
{"type": "StanceClicked", "timestamp": "2025-06-26T10:59:32.488Z", "sessionID": "637d2dc1-b031-4cec-81a7-4c697f07d717", "rank": "5", "stance": "con", "action": "chooseStance", "doc": "Sdf41ee47-A61da7c2", "doclen": 1265, "score": 19.4163399600882}
{"type": "toggleArgument", "timestamp": "2025-06-26T10:59:34.648Z", "sessionID": "637d2dc1-b031-4cec-81a7-4c697f07d717", "rank": "6", "doc": "Sc0429f6c-A1a9ee9e4", "action": "expand", "doclen": 717, "score": 19.401338668047}
{"type": "StanceClicked", "timestamp": "2025-06-26T10:59:53.185Z", "sessionID": "637d2dc1-b031-4cec-81a7-4c697f07d717", "rank": "6", "stance": "pro", "action": "chooseStance", "doc": "Sc0429f6c-A1a9ee9e4", "doclen": 717, "score": 19.401338668047}
{"type": "toggleArgument", "timestamp": "2025-06-26T10:59:54.224Z", "sessionID": "637d2dc1-b031-4cec-81a7-4c697f07d717", "rank": "7", "doc": "S908f4ecb-A16222b71", "action": "expand", "doclen": 356, "score": 19.389261858682342}
{"type": "toggleArgument", "timestamp": "2025-06-26T10:59:58.017Z", "sessionID": "637d2dc1-b031-4cec-81a7-4c697f07d717", "rank": "8", "doc": "Sc0429f6c-Acd8c6995", "action": "expand", "doclen": 307, "score": 19.389261858682342}
{"type": "toggleArgument", "timestamp": "2025-06-26T11:00:04.016Z", "sessionID": "637d2dc1-b031-4cec-81a7-4c697f07d717", "rank": "9", "doc": "Sdd18e758-A82a78ee0", "action": "expand", "doclen": 2456, "score": 19.387799647132965}
{"type": "StanceClicked", "timestamp": "2025-06-26T11:01:02.737Z", "sessionID": "637d2dc1-b031-4cec-81a7-4c697f07d717", "rank": "9", "stance": "pro", "action": "chooseStance", "doc": "Sdd18e758-A82a78ee0", "doclen": 2456, "score": 19.387799647132965}
{"type": "toggleArgument", "timestamp": "2025-06-26T11:01:04.505Z", "sessionID": "637d2dc1-b031-4cec-81a7-4c697f07d717", "rank": "10", "doc": "S9addf540-Af51cc620", "action": "expand", "doclen": 1800, "score": 19.36766601193738}
{"type": "pageNavigationClicked", "timestamp": "2025-06-26T11:01:09.033Z", "sessionID": "637d2dc1-b031-4cec-81a7-4c697f07d717", "clicked": "Next »", "fromPage": 1, "toPage": 2}
{"type": "toggleArgument", "timestamp": "2025-06-26T11:01:12.066Z", "sessionID": "637d2dc1-b031-4cec-81a7-4c697f07d717", "rank": "11", "doc": "S171633f7-Aaee14c53", "action": "expand", "doclen": 375, "score": 19.325796080319435}
{"type": "toggleArgument", "timestamp": "2025-06-26T11:01:19.042Z", "sessionID": "637d2dc1-b031-4cec-81a7-4c697f07d717", "rank": "12", "doc": "Sd640f8-A212c1c22", "action": "expand", "doclen": 620, "score": 19.30680080612239}
{"type": "toggleArgument", "timestamp": "2025-06-26T11:01:35.442Z", "sessionID": "637d2dc1-b031-4cec-81a7-4c697f07d717", "rank": "13", "doc": "Sdd5367d8-Af1044598", "action": "expand", "doclen": 2225, "score": 19.29088515224788}
{"type": "StanceClicked", "timestamp": "2025-06-26T11:02:17.860Z", "sessionID": "637d2dc1-b031-4cec-81a7-4c697f07d717", "rank": "13", "stance": "con", "action": "chooseStance", "doc": "Sdd5367d8-Af1044598", "doclen": 2225, "score": 19.29088515224788}
{"type": "toggleArgument", "timestamp": "2025-06-26T11:02:25.771Z", "sessionID": "637d2dc1-b031-4cec-81a7-4c697f07d717", "rank": "14", "doc": "Sfd3161b0-A17fc7631", "action": "expand", "doclen": 300, "score": 19.284350946705885}
{"type": "toggleArgument", "timestamp": "2025-06-26T11:02:32.899Z", "sessionID": "637d2dc1-b031-4cec-81a7-4c697f07d717", "rank": "15", "doc": "Se92f1168-A607ff48b", "action": "expand", "doclen": 258, "score": 19.255541579086035}
{"type": "toggleArgument", "timestamp": "2025-06-26T11:02:39.003Z", "sessionID": "637d2dc1-b031-4cec-81a7-4c697f07d717", "rank": "16", "doc": "S61bcb28d-Ad673070c", "action": "expand", "doclen": 1642, "score": 20.598524988366115}
{"type": "StanceClicked", "timestamp": "2025-06-26T11:03:10.421Z", "sessionID": "637d2dc1-b031-4cec-81a7-4c697f07d717", "rank": "16", "stance": "pro", "action": "chooseStance", "doc": "S61bcb28d-Ad673070c", "doclen": 1642, "score": 20.598524988366115}
{"type": "toggleArgument", "timestamp": "2025-06-26T11:03:12.141Z", "sessionID": "637d2dc1-b031-4cec-81a7-4c697f07d717", "rank": "17", "doc": "S2bce8c52-A5866ed60", "action": "expand", "doclen": 1807, "score": 19.237056769732263}
{"type": "StanceClicked", "timestamp": "2025-06-26T11:03:49.206Z", "sessionID": "637d2dc1-b031-4cec-81a7-4c697f07d717", "rank": "17", "stance": "pro", "action": "chooseStance", "doc": "S2bce8c52-A5866ed60", "doclen": 1807, "score": 19.237056769732263}
{"type": "toggleArgument", "timestamp": "2025-06-26T11:03:51.038Z", "sessionID": "637d2dc1-b031-4cec-81a7-4c697f07d717", "rank": "18", "doc": "Sfd98a1f9-A66e90f73", "action": "expand", "doclen": 1088, "score": 19.17717312726442}
{"type": "StanceClicked", "timestamp": "2025-06-26T11:04:01.078Z", "sessionID": "637d2dc1-b031-4cec-81a7-4c697f07d717", "rank": "17", "stance": "con", "action": "chooseStance", "doc": "S2bce8c52-A5866ed60", "doclen": 1807, "score": 19.237056769732263}
{"type": "pageNavigationClicked", "timestamp": "2025-06-26T11:04:12.062Z", "sessionID": "637d2dc1-b031-4cec-81a7-4c697f07d717", "clicked": "1", "fromPage": 2, "toPage": 1}
{"type": "toggleArgument", "timestamp": "2025-06-26T11:04:23.903Z", "sessionID": "637d2dc1-b031-4cec-81a7-4c697f07d717", "rank": "9", "doc": "Sdd18e758-A82a78ee0", "action": "expand", "doclen": 2456, "score": 19.387799647132965}
{"type": "pageNavigationClicked", "timestamp": "2025-06-26T11:04:29.447Z", "sessionID": "637d2dc1-b031-4cec-81a7-4c697f07d717", "clicked": "2", "fromPage": 1, "toPage": 2}
{"type": "toggleArgument", "timestamp": "2025-06-26T11:04:36.911Z", "sessionID": "637d2dc1-b031-4cec-81a7-4c697f07d717", "rank": "18", "doc": "Sfd98a1f9-A66e90f73", "action": "expand", "doclen": 1088, "score": 19.17717312726442}
{"type": "toggleArgument", "timestamp": "2025-06-26T11:04:51.879Z", "sessionID": "637d2dc1-b031-4cec-81a7-4c697f07d717", "rank": "19", "doc": "S3eced554-A58c48631", "action": "expand", "doclen": 787, "score": 19.170074465252533}
{"type": "toggleArgument", "timestamp": "2025-06-26T11:05:02.544Z", "sessionID": "637d2dc1-b031-4cec-81a7-4c697f07d717", "rank": "20", "doc": "Sdd5367d8-Afa6a5780", "action": "expand", "doclen": 2115, "score": 19.160935988345408}
{"type": "StanceClicked", "timestamp": "2025-06-26T11:05:28.408Z", "sessionID": "637d2dc1-b031-4cec-81a7-4c697f07d717", "rank": "20", "stance": "con", "action": "chooseStance", "doc": "Sdd5367d8-Afa6a5780", "doclen": 2115, "score": 19.160935988345408}
{"type": "pageNavigationClicked", "timestamp": "2025-06-26T11:05:46.040Z", "sessionID": "637d2dc1-b031-4cec-81a7-4c697f07d717", "clicked": "Next »", "fromPage": 2, "toPage": 3}
{"type": "toggleArgument", "timestamp": "2025-06-26T11:05:49.119Z", "sessionID": "637d2dc1-b031-4cec-81a7-4c697f07d717", "rank": "21", "doc": "Sfd3161b0-Ac6e25681", "action": "expand", "doclen": 406, "score": 19.15927572927642}
{"type": "StanceClicked", "timestamp": "2025-06-26T11:05:54.745Z", "sessionID": "637d2dc1-b031-4cec-81a7-4c697f07d717", "rank": "21", "stance": "pro", "action": "chooseStance", "doc": "Sfd3161b0-Ac6e25681", "doclen": 406, "score": 19.15927572927642}
{"type": "toggleArgument", "timestamp": "2025-06-26T11:05:55.920Z", "sessionID": "637d2dc1-b031-4cec-81a7-4c697f07d717", "rank": "22", "doc": "S901f612c-A348c052b", "action": "expand", "doclen": 589, "score": 19.144832553485976}
{"type": "toggleArgument", "timestamp": "2025-06-26T11:06:07.568Z", "sessionID": "637d2dc1-b031-4cec-81a7-4c697f07d717", "rank": "23", "doc": "Sd640f8-A9282530", "action": "expand", "doclen": 913, "score": 19.126932218842427}
{"type": "toggleArgument", "timestamp": "2025-06-26T11:06:13.584Z", "sessionID": "637d2dc1-b031-4cec-81a7-4c697f07d717", "rank": "24", "doc": "S59a01e38-A6073d8ec", "action": "expand", "doclen": 650, "score": 19.118422367018425}
{"type": "toggleArgument", "timestamp": "2025-06-26T11:06:28.671Z", "sessionID": "637d2dc1-b031-4cec-81a7-4c697f07d717", "rank": "25", "doc": "Saeeb3794-A17053d14", "action": "expand", "doclen": 409, "score": 19.096845917781557}
{"type": "toggleArgument", "timestamp": "2025-06-26T11:06:40.016Z", "sessionID": "637d2dc1-b031-4cec-81a7-4c697f07d717", "rank": "26", "doc": "S2bce8c52-A4453a6fd", "action": "expand", "doclen": 1608, "score": 19.092269121179108}
{"type": "StanceClicked", "timestamp": "2025-06-26T11:07:01.912Z", "sessionID": "637d2dc1-b031-4cec-81a7-4c697f07d717", "rank": "26", "stance": "con", "action": "chooseStance", "doc": "S2bce8c52-A4453a6fd", "doclen": 1608, "score": 19.092269121179108}
{"type": "toggleArgument", "timestamp": "2025-06-26T11:07:08.376Z", "sessionID": "637d2dc1-b031-4cec-81a7-4c697f07d717", "rank": "27", "doc": "S61bcb26e-A71173718", "action": "expand", "doclen": 485, "score": 19.073743218474014}
{"type": "toggleArgument", "timestamp": "2025-06-26T11:07:12.288Z", "sessionID": "637d2dc1-b031-4cec-81a7-4c697f07d717", "rank": "28", "doc": "Sa4241bd2-A3cdd04b0", "action": "expand", "doclen": 616, "score": 19.059457246228177}
{"type": "StanceClicked", "timestamp": "2025-06-26T11:07:27.848Z", "sessionID": "637d2dc1-b031-4cec-81a7-4c697f07d717", "rank": "28", "stance": "pro", "action": "chooseStance", "doc": "Sa4241bd2-A3cdd04b0", "doclen": 616, "score": 19.059457246228177}
{"type": "StanceClicked", "timestamp": "2025-06-26T11:07:28.392Z", "sessionID": "637d2dc1-b031-4cec-81a7-4c697f07d717", "rank": "28", "stance": "con", "action": "chooseStance", "doc": "Sa4241bd2-A3cdd04b0", "doclen": 616, "score": 19.059457246228177}
{"type": "StanceClicked", "timestamp": "2025-06-26T11:07:29.576Z", "sessionID": "637d2dc1-b031-4cec-81a7-4c697f07d717", "rank": "28", "stance": "con", "action": "removeStance", "doc": "Sa4241bd2-A3cdd04b0", "doclen": 616, "score": 19.059457246228177}
{"type": "toggleArgument", "timestamp": "2025-06-26T11:07:38.096Z", "sessionID": "637d2dc1-b031-4cec-81a7-4c697f07d717", "rank": "29", "doc": "Sd1a53c21-A1e62977d", "action": "expand", "doclen": 2277, "score": 19.052122823156786}
{"type": "StanceClicked", "timestamp": "2025-06-26T11:07:50.832Z", "sessionID": "637d2dc1-b031-4cec-81a7-4c697f07d717", "rank": "29", "stance": "pro", "action": "chooseStance", "doc": "Sd1a53c21-A1e62977d", "doclen": 2277, "score": 19.052122823156786}
{"type": "ClickedEndTask", "timestamp": "2025-06-26T11:07:55.792Z", "sessionID": "637d2dc1-b031-4cec-81a7-4c697f07d717"}
{"type": "TaskEndConfirmed", "timestamp": "2025-06-26T11:07:57.864Z", "sessionID": "637d2dc1-b031-4cec-81a7-4c697f07d717"}
{"type": "TaskEnded", "timestamp": "2025-06-26T11:08:05.168Z", "sessionID": "637d2dc1-b031-4cec-81a7-4c697f07d717", "reason": "time is up", "translated_reason": "Time is up"}
