{"type": "TaskStarted", "timestamp": "2025-06-26T10:37:25.565Z", "sessionID": "a7e6b271-fe5f-4ca6-9e67-163a279e9253", "task": "2", "uid": "Participant29", "topic": "Is golf a sport?"}
{"type": "queryBoxFocused", "timestamp": "2025-06-26T10:37:27.744Z", "sessionID": "a7e6b271-fe5f-4ca6-9e67-163a279e9253"}
{"type": "querySubmitted", "timestamp": "2025-06-26T10:37:36.238Z", "sessionID": "a7e6b271-fe5f-4ca6-9e67-163a279e9253", "query": "golf AND sport"}
{"docno": "Sf6c3ab3f-A5270390c", "score": 29.978330681414043}
{"docno": "Sedab086a-A37f9df85", "score": 29.71757419080075}
{"docno": "S331dbe36-A48e81bc", "score": 29.145102985237955}
{"docno": "Sedab086a-A1b2b69e2", "score": 28.920567414368705}
{"docno": "Sbb04abe6-A43a15a87", "score": 28.443367140073505}
{"docno": "Sa452c48c-Ab569c84b", "score": 28.211150561792344}
{"docno": "S331dbe36-A1ab1fd44", "score": 28.03281319144245}
{"docno": "Sbb04abe6-A259c1dbe", "score": 28.0199431461304}
{"docno": "Sa2449587-A25a1c8d9", "score": 27.65088449546055}
{"docno": "Sedab086a-Aaf256b9f", "score": 27.55053640744842}
{"docno": "S8b62fc9c-Ac812f68d", "score": 27.401732498118616}
{"docno": "Sedab08a8-A58c94516", "score": 27.29211087248064}
{"docno": "S331dbe36-Aec018aad", "score": 27.153319709893687}
{"docno": "S2c13cc23-A46f62d8e", "score": 27.02320270406765}
{"docno": "S2c13cc23-Add292560", "score": 26.90063496454727}
{"docno": "S2e6a0d7e-A29ba3240", "score": 26.80123269368318}
{"docno": "S953298b6-Abb3af4da", "score": 26.766751370571804}
{"docno": "S2c13cc23-A7e1fbc18", "score": 26.707333804794153}
{"docno": "Sedab08a8-Adbc335b1", "score": 26.602538768156485}
{"docno": "S6b8ef422-A839e2339", "score": 26.601875105716417}
{"docno": "S7768222e-Aaf80531e", "score": 26.579599923009674}
{"docno": "Sa452c48c-Acc9c056b", "score": 26.35315915157225}
{"docno": "Sa2449587-A91a8f588", "score": 26.30690806821252}
{"docno": "Sedab08a8-A537c0a9", "score": 26.191826887777815}
{"docno": "Sf6c3ab3f-Aa5065996", "score": 26.097122253945834}
{"docno": "S331dbe36-A2e2c0f7b", "score": 25.633592405927683}
{"docno": "Sedab08a8-Aeb15fa1e", "score": 25.52524433454655}
{"docno": "S7768222e-Adc0338c6", "score": 25.499759261826973}
{"docno": "Sbb04abe6-A1fdac81c", "score": 25.35083133345848}
{"docno": "S3bbff083-A973e1dc1", "score": 25.015873637765917}
{"docno": "S2e6a0d7e-Aa4f9459c", "score": 24.94255739540531}
{"docno": "S953298b6-A4a07f2b0", "score": 24.835875245754053}
{"docno": "Sbb04abe6-Ae1a368b3", "score": 24.75988652655137}
{"docno": "S4b7e0d28-A4dac6729", "score": 24.558961014946256}
{"docno": "Sbb04abe6-Af6db3e8c", "score": 24.283799527142847}
{"docno": "Sc788fb1e-Aa1263f4b", "score": 24.164080293650954}
{"docno": "Se6368605-A5e129da8", "score": 24.02986448573475}
{"docno": "S2c13cc23-A74c4a0a9", "score": 23.74002250562861}
{"docno": "Sc788fb1e-Afd64b6f5", "score": 23.720530234211772}
{"docno": "Sb032fa0a-A75c4305e", "score": 23.593151778588844}
{"docno": "Se0aece74-A7d49da2e", "score": 23.5589444801658}
{"docno": "Sa452c48c-A29b70081", "score": 23.51862735595489}
{"docno": "S2a05382b-A15703c24", "score": 23.362484202856024}
{"docno": "S90199824-A7b633475", "score": 23.169336274264715}
{"docno": "Sedab086a-Af53202c8", "score": 23.062825759951657}
{"docno": "S331dbe36-A3a12ced6", "score": 23.012483127286778}
{"docno": "Sd6baaaf1-Aaba8db06", "score": 23.012483127286778}
{"docno": "S3bbff083-A1a7b35e0", "score": 22.957288115608087}
{"docno": "S1329642e-A82164ba7", "score": 22.904370180073514}
{"docno": "S126ee163-Acaa0b143", "score": 22.272767627715833}
{"docno": "Sc788fb1e-A6fea4bae", "score": 21.989538067396467}
{"docno": "S1979ed8c-Ac75bf086", "score": 21.896701595253006}
{"docno": "S8d55788c-A5f25e10c", "score": 21.79431233626059}
{"docno": "S49f41610-A8cc85730", "score": 20.85304885252627}
{"docno": "S414e4d8a-A270215e4", "score": 20.801162642592985}
{"docno": "Sa452c48c-A1e0098da", "score": 20.529063825494454}
{"docno": "Sbb04abe6-A1f2d303c", "score": 20.308694675025272}
{"docno": "Se183e945-A75e1f251", "score": 20.093679132452316}
{"docno": "S6b1404b6-A482bb169", "score": 20.071585044712684}
{"docno": "Sf81067da-A3a444651", "score": 20.043064150725485}
{"docno": "S4a6f90c3-Af5da9913", "score": 19.224884138334634}
{"docno": "Sc1132701-Abfda72fd", "score": 19.178461366831087}
{"docno": "S181c69f4-A45d96941", "score": 19.153867775345542}
{"docno": "S6e6e5f05-A61a28d73", "score": 19.106681523084625}
{"docno": "S703f21a3-A8613642c", "score": 18.536856926967538}
{"docno": "S895fbbe-A73ed9401", "score": 18.196635729741935}
{"docno": "S46ffef62-Adbed43d1", "score": 18.040076841360865}
{"docno": "Sc82afe8b-A23f0e7af", "score": 17.882381747157584}
{"docno": "S3c6a4e0b-A26d4a53c", "score": 17.67144983548323}
{"docno": "S1d13f9d6-A3fe8d2d7", "score": 17.460315903718374}
{"docno": "Sa7e99083-Abf0948fb", "score": 17.403527815344212}
{"docno": "S31ff7b7c-Adac937e1", "score": 17.31215079759271}
{"docno": "Sa452c48c-Ac303d3e9", "score": 17.260709820824452}
{"docno": "S66d8c001-A1cba39ed", "score": 17.083738637487674}
{"docno": "S8b8b07a3-A25b80870", "score": 17.068126717873035}
{"docno": "S5300fb1f-A18c42bf1", "score": 16.774028229094544}
{"docno": "Sdf011769-A8f1cd34f", "score": 16.747755134043498}
{"docno": "Se2ff8b36-A3b7d140c", "score": 16.643454586940884}
{"docno": "S2c83497d-Abed0b1c3", "score": 16.52024387716689}
{"docno": "S7c6ed51a-Ae1dbdf41", "score": 16.42669208549927}
{"docno": "Sa023e538-A4fdad5a0", "score": 16.42668884809746}
{"docno": "S600a7bc8-A3325400f", "score": 16.377896766600543}
{"docno": "Se45937fc-Aace09536", "score": 16.3343314982502}
{"docno": "Se45937fc-A8b0d666d", "score": 16.164637020803653}
{"docno": "S7a067c79-A41b493d8", "score": 16.070652915734193}
{"docno": "S5c626591-A70b988b9", "score": 16.06112609871988}
{"docno": "Sb5eb4943-A85a43376", "score": 16.03334993387821}
{"docno": "S600a7bc8-Aefdad0d5", "score": 15.907279084425783}
{"docno": "Sd38a910d-Aefa3eb7d", "score": 15.756034043383671}
{"docno": "S4b7e0d28-A24615a3b", "score": 15.402093599016561}
{"docno": "S91ff9f85-A50ab6d43", "score": 15.348036843097017}
{"docno": "Sa8e02fd0-A91dba982", "score": 15.177762838835008}
{"docno": "Sdf011769-A15b1244c", "score": 15.172812596876936}
{"docno": "Sb88bdc7a-A92a9fbff", "score": 15.031546787447361}
{"docno": "Sd6ef599d-Ab32f3ffe", "score": 15.024015260697233}
{"docno": "S126ee163-A51cb1220", "score": 14.907975840511774}
{"docno": "Se44eb5a8-A75788a93", "score": 14.861895960331413}
{"docno": "S2e6a0d7e-Abd7a09b", "score": 14.677521893179199}
{"docno": "S3bb42b3a-A9a43090b", "score": 14.677521893179199}
{"docno": "Sec460533-A1147d39b", "score": 14.515468335282941}
{"type": "toggleArgument", "timestamp": "2025-06-26T10:37:40.213Z", "sessionID": "a7e6b271-fe5f-4ca6-9e67-163a279e9253", "rank": "1", "doc": "Sf6c3ab3f-A5270390c", "action": "expand", "doclen": 420, "score": 29.978330681414043}
{"type": "StanceClicked", "timestamp": "2025-06-26T10:38:04.173Z", "sessionID": "a7e6b271-fe5f-4ca6-9e67-163a279e9253", "rank": "1", "stance": "pro", "action": "chooseStance", "doc": "Sf6c3ab3f-A5270390c", "doclen": 420, "score": 29.978330681414043}
{"type": "toggleArgument", "timestamp": "2025-06-26T10:38:06.701Z", "sessionID": "a7e6b271-fe5f-4ca6-9e67-163a279e9253", "rank": "2", "doc": "Sedab086a-A37f9df85", "action": "expand", "doclen": 478, "score": 29.71757419080075}
{"type": "StanceClicked", "timestamp": "2025-06-26T10:38:28.260Z", "sessionID": "a7e6b271-fe5f-4ca6-9e67-163a279e9253", "rank": "2", "stance": "pro", "action": "chooseStance", "doc": "Sedab086a-A37f9df85", "doclen": 478, "score": 29.71757419080075}
{"type": "toggleArgument", "timestamp": "2025-06-26T10:38:36.252Z", "sessionID": "a7e6b271-fe5f-4ca6-9e67-163a279e9253", "rank": "3", "doc": "S331dbe36-A48e81bc", "action": "expand", "doclen": 519, "score": 29.145102985237955}
{"type": "StanceClicked", "timestamp": "2025-06-26T10:39:14.340Z", "sessionID": "a7e6b271-fe5f-4ca6-9e67-163a279e9253", "rank": "3", "stance": "pro", "action": "chooseStance", "doc": "S331dbe36-A48e81bc", "doclen": 519, "score": 29.145102985237955}
{"type": "toggleArgument", "timestamp": "2025-06-26T10:39:17.660Z", "sessionID": "a7e6b271-fe5f-4ca6-9e67-163a279e9253", "rank": "4", "doc": "Sedab086a-A1b2b69e2", "action": "expand", "doclen": 499, "score": 28.920567414368705}
{"type": "StanceClicked", "timestamp": "2025-06-26T10:39:51.306Z", "sessionID": "a7e6b271-fe5f-4ca6-9e67-163a279e9253", "rank": "4", "stance": "con", "action": "chooseStance", "doc": "Sedab086a-A1b2b69e2", "doclen": 499, "score": 28.920567414368705}
{"type": "toggleArgument", "timestamp": "2025-06-26T10:39:53.794Z", "sessionID": "a7e6b271-fe5f-4ca6-9e67-163a279e9253", "rank": "5", "doc": "Sbb04abe6-A43a15a87", "action": "expand", "doclen": 1081, "score": 28.443367140073505}
{"type": "StanceClicked", "timestamp": "2025-06-26T10:40:01.202Z", "sessionID": "a7e6b271-fe5f-4ca6-9e67-163a279e9253", "rank": "5", "stance": "pro", "action": "chooseStance", "doc": "Sbb04abe6-A43a15a87", "doclen": 1081, "score": 28.443367140073505}
{"type": "toggleArgument", "timestamp": "2025-06-26T10:40:08.746Z", "sessionID": "a7e6b271-fe5f-4ca6-9e67-163a279e9253", "rank": "6", "doc": "Sa452c48c-Ab569c84b", "action": "expand", "doclen": 1120, "score": 28.211150561792344}
{"type": "toggleArgument", "timestamp": "2025-06-26T10:41:13.089Z", "sessionID": "a7e6b271-fe5f-4ca6-9e67-163a279e9253", "rank": "7", "doc": "S331dbe36-A1ab1fd44", "action": "expand", "doclen": 789, "score": 28.03281319144245}
{"type": "StanceClicked", "timestamp": "2025-06-26T10:41:17.513Z", "sessionID": "a7e6b271-fe5f-4ca6-9e67-163a279e9253", "rank": "7", "stance": "pro", "action": "chooseStance", "doc": "S331dbe36-A1ab1fd44", "doclen": 789, "score": 28.03281319144245}
{"type": "toggleArgument", "timestamp": "2025-06-26T10:41:20.048Z", "sessionID": "a7e6b271-fe5f-4ca6-9e67-163a279e9253", "rank": "8", "doc": "Sbb04abe6-A259c1dbe", "action": "expand", "doclen": 1540, "score": 28.0199431461304}
{"type": "StanceClicked", "timestamp": "2025-06-26T10:41:28.745Z", "sessionID": "a7e6b271-fe5f-4ca6-9e67-163a279e9253", "rank": "8", "stance": "con", "action": "chooseStance", "doc": "Sbb04abe6-A259c1dbe", "doclen": 1540, "score": 28.0199431461304}
{"type": "toggleArgument", "timestamp": "2025-06-26T10:41:31.440Z", "sessionID": "a7e6b271-fe5f-4ca6-9e67-163a279e9253", "rank": "9", "doc": "Sa2449587-A25a1c8d9", "action": "expand", "doclen": 251, "score": 27.65088449546055}
{"type": "StanceClicked", "timestamp": "2025-06-26T10:41:48.473Z", "sessionID": "a7e6b271-fe5f-4ca6-9e67-163a279e9253", "rank": "9", "stance": "pro", "action": "chooseStance", "doc": "Sa2449587-A25a1c8d9", "doclen": 251, "score": 27.65088449546055}
{"type": "toggleArgument", "timestamp": "2025-06-26T10:41:52.023Z", "sessionID": "a7e6b271-fe5f-4ca6-9e67-163a279e9253", "rank": "10", "doc": "Sedab086a-Aaf256b9f", "action": "expand", "doclen": 724, "score": 27.55053640744842}
{"type": "StanceClicked", "timestamp": "2025-06-26T10:42:21.768Z", "sessionID": "a7e6b271-fe5f-4ca6-9e67-163a279e9253", "rank": "10", "stance": "pro", "action": "chooseStance", "doc": "Sedab086a-Aaf256b9f", "doclen": 724, "score": 27.55053640744842}
{"type": "queryBoxFocused", "timestamp": "2025-06-26T10:42:24.201Z", "sessionID": "a7e6b271-fe5f-4ca6-9e67-163a279e9253"}
{"type": "querySubmitted", "timestamp": "2025-06-26T10:42:37.424Z", "sessionID": "a7e6b271-fe5f-4ca6-9e67-163a279e9253", "query": "is golfing a sport"}
{"docno": "Sf6c3ab3f-A5270390c", "score": 29.978330681414043}
{"docno": "Sedab086a-A37f9df85", "score": 29.71757419080075}
{"docno": "S331dbe36-A48e81bc", "score": 29.145102985237955}
{"docno": "Sedab086a-A1b2b69e2", "score": 28.920567414368705}
{"docno": "Sbb04abe6-A43a15a87", "score": 28.443367140073505}
{"docno": "Sa452c48c-Ab569c84b", "score": 28.211150561792344}
{"docno": "S331dbe36-A1ab1fd44", "score": 28.03281319144245}
{"docno": "Sbb04abe6-A259c1dbe", "score": 28.0199431461304}
{"docno": "Sa2449587-A25a1c8d9", "score": 27.65088449546055}
{"docno": "Sedab086a-Aaf256b9f", "score": 27.55053640744842}
{"docno": "S8b62fc9c-Ac812f68d", "score": 27.401732498118616}
{"docno": "Sedab08a8-A58c94516", "score": 27.29211087248064}
{"docno": "S331dbe36-Aec018aad", "score": 27.153319709893687}
{"docno": "S2c13cc23-A46f62d8e", "score": 27.02320270406765}
{"docno": "S2c13cc23-Add292560", "score": 26.90063496454727}
{"docno": "S2e6a0d7e-A29ba3240", "score": 26.80123269368318}
{"docno": "S953298b6-Abb3af4da", "score": 26.766751370571804}
{"docno": "S2c13cc23-A7e1fbc18", "score": 26.707333804794153}
{"docno": "Sedab08a8-Adbc335b1", "score": 26.602538768156485}
{"docno": "S6b8ef422-A839e2339", "score": 26.601875105716417}
{"docno": "S7768222e-Aaf80531e", "score": 26.579599923009674}
{"docno": "Sa452c48c-Acc9c056b", "score": 26.35315915157225}
{"docno": "Sa2449587-A91a8f588", "score": 26.30690806821252}
{"docno": "Sedab08a8-A537c0a9", "score": 26.191826887777815}
{"docno": "Sf6c3ab3f-Aa5065996", "score": 26.097122253945834}
{"docno": "S331dbe36-A2e2c0f7b", "score": 25.633592405927683}
{"docno": "Sedab08a8-Aeb15fa1e", "score": 25.52524433454655}
{"docno": "S7768222e-Adc0338c6", "score": 25.499759261826973}
{"docno": "Sbb04abe6-A1fdac81c", "score": 25.35083133345848}
{"docno": "S3bbff083-A973e1dc1", "score": 25.015873637765917}
{"docno": "S2e6a0d7e-Aa4f9459c", "score": 24.94255739540531}
{"docno": "S953298b6-A4a07f2b0", "score": 24.835875245754053}
{"docno": "Sbb04abe6-Ae1a368b3", "score": 24.75988652655137}
{"docno": "S4b7e0d28-A4dac6729", "score": 24.558961014946256}
{"docno": "Sbb04abe6-Af6db3e8c", "score": 24.283799527142847}
{"docno": "Sc788fb1e-Aa1263f4b", "score": 24.164080293650954}
{"docno": "Se6368605-A5e129da8", "score": 24.02986448573475}
{"docno": "S2c13cc23-A74c4a0a9", "score": 23.74002250562861}
{"docno": "Sc788fb1e-Afd64b6f5", "score": 23.720530234211772}
{"docno": "Sb032fa0a-A75c4305e", "score": 23.593151778588844}
{"docno": "Se0aece74-A7d49da2e", "score": 23.5589444801658}
{"docno": "Sa452c48c-A29b70081", "score": 23.51862735595489}
{"docno": "S2a05382b-A15703c24", "score": 23.362484202856024}
{"docno": "S90199824-A7b633475", "score": 23.169336274264715}
{"docno": "Sedab086a-Af53202c8", "score": 23.062825759951657}
{"docno": "S331dbe36-A3a12ced6", "score": 23.012483127286778}
{"docno": "Sd6baaaf1-Aaba8db06", "score": 23.012483127286778}
{"docno": "S3bbff083-A1a7b35e0", "score": 22.957288115608087}
{"docno": "S1329642e-A82164ba7", "score": 22.904370180073514}
{"docno": "S126ee163-Acaa0b143", "score": 22.272767627715833}
{"docno": "Sc788fb1e-A6fea4bae", "score": 21.989538067396467}
{"docno": "S1979ed8c-Ac75bf086", "score": 21.896701595253006}
{"docno": "S8d55788c-A5f25e10c", "score": 21.79431233626059}
{"docno": "S49f41610-A8cc85730", "score": 20.85304885252627}
{"docno": "S414e4d8a-A270215e4", "score": 20.801162642592985}
{"docno": "Sa452c48c-A1e0098da", "score": 20.529063825494454}
{"docno": "Sbb04abe6-A1f2d303c", "score": 20.308694675025272}
{"docno": "Se183e945-A75e1f251", "score": 20.093679132452316}
{"docno": "S6b1404b6-A482bb169", "score": 20.071585044712684}
{"docno": "Sf81067da-A3a444651", "score": 20.043064150725485}
{"docno": "S4a6f90c3-Af5da9913", "score": 19.224884138334634}
{"docno": "Sc1132701-Abfda72fd", "score": 19.178461366831087}
{"docno": "S181c69f4-A45d96941", "score": 19.153867775345542}
{"docno": "S6e6e5f05-A61a28d73", "score": 19.106681523084625}
{"docno": "S703f21a3-A8613642c", "score": 18.536856926967538}
{"docno": "S895fbbe-A73ed9401", "score": 18.196635729741935}
{"docno": "S46ffef62-Adbed43d1", "score": 18.040076841360865}
{"docno": "Sc82afe8b-A23f0e7af", "score": 17.882381747157584}
{"docno": "S3c6a4e0b-A26d4a53c", "score": 17.67144983548323}
{"docno": "S1d13f9d6-A3fe8d2d7", "score": 17.460315903718374}
{"docno": "Sa7e99083-Abf0948fb", "score": 17.403527815344212}
{"docno": "S31ff7b7c-Adac937e1", "score": 17.31215079759271}
{"docno": "Sa452c48c-Ac303d3e9", "score": 17.260709820824452}
{"docno": "S66d8c001-A1cba39ed", "score": 17.083738637487674}
{"docno": "S8b8b07a3-A25b80870", "score": 17.068126717873035}
{"docno": "S5300fb1f-A18c42bf1", "score": 16.774028229094544}
{"docno": "Sdf011769-A8f1cd34f", "score": 16.747755134043498}
{"docno": "Se2ff8b36-A3b7d140c", "score": 16.643454586940884}
{"docno": "S2c83497d-Abed0b1c3", "score": 16.52024387716689}
{"docno": "S7c6ed51a-Ae1dbdf41", "score": 16.42669208549927}
{"docno": "Sa023e538-A4fdad5a0", "score": 16.42668884809746}
{"docno": "S600a7bc8-A3325400f", "score": 16.377896766600543}
{"docno": "Se45937fc-Aace09536", "score": 16.3343314982502}
{"docno": "Se45937fc-A8b0d666d", "score": 16.164637020803653}
{"docno": "S7a067c79-A41b493d8", "score": 16.070652915734193}
{"docno": "S5c626591-A70b988b9", "score": 16.06112609871988}
{"docno": "Sb5eb4943-A85a43376", "score": 16.03334993387821}
{"docno": "S600a7bc8-Aefdad0d5", "score": 15.907279084425783}
{"docno": "Sd38a910d-Aefa3eb7d", "score": 15.756034043383671}
{"docno": "S4b7e0d28-A24615a3b", "score": 15.402093599016561}
{"docno": "S91ff9f85-A50ab6d43", "score": 15.348036843097017}
{"docno": "Sa8e02fd0-A91dba982", "score": 15.177762838835008}
{"docno": "Sdf011769-A15b1244c", "score": 15.172812596876936}
{"docno": "Sb88bdc7a-A92a9fbff", "score": 15.031546787447361}
{"docno": "Sd6ef599d-Ab32f3ffe", "score": 15.024015260697233}
{"docno": "S126ee163-A51cb1220", "score": 14.907975840511774}
{"docno": "Se44eb5a8-A75788a93", "score": 14.861895960331413}
{"docno": "S2e6a0d7e-Abd7a09b", "score": 14.677521893179199}
{"docno": "S3bb42b3a-A9a43090b", "score": 14.677521893179199}
{"docno": "Sec460533-A1147d39b", "score": 14.515468335282941}
{"type": "pageNavigationClicked", "timestamp": "2025-06-26T10:42:45.631Z", "sessionID": "a7e6b271-fe5f-4ca6-9e67-163a279e9253", "clicked": "2", "fromPage": 1, "toPage": 2}
{"type": "toggleArgument", "timestamp": "2025-06-26T10:42:49.015Z", "sessionID": "a7e6b271-fe5f-4ca6-9e67-163a279e9253", "rank": "11", "doc": "S8b62fc9c-Ac812f68d", "action": "expand", "doclen": 396, "score": 27.401732498118616}
{"type": "toggleArgument", "timestamp": "2025-06-26T10:43:16.886Z", "sessionID": "a7e6b271-fe5f-4ca6-9e67-163a279e9253", "rank": "12", "doc": "Sedab08a8-A58c94516", "action": "expand", "doclen": 332, "score": 27.29211087248064}
{"type": "StanceClicked", "timestamp": "2025-06-26T10:43:28.751Z", "sessionID": "a7e6b271-fe5f-4ca6-9e67-163a279e9253", "rank": "12", "stance": "pro", "action": "chooseStance", "doc": "Sedab08a8-A58c94516", "doclen": 332, "score": 27.29211087248064}
{"type": "toggleArgument", "timestamp": "2025-06-26T10:43:33.958Z", "sessionID": "a7e6b271-fe5f-4ca6-9e67-163a279e9253", "rank": "13", "doc": "S331dbe36-Aec018aad", "action": "expand", "doclen": 420, "score": 27.153319709893687}
{"type": "toggleArgument", "timestamp": "2025-06-26T10:44:00.014Z", "sessionID": "a7e6b271-fe5f-4ca6-9e67-163a279e9253", "rank": "14", "doc": "S2c13cc23-A46f62d8e", "action": "expand", "doclen": 222, "score": 27.02320270406765}
{"type": "StanceClicked", "timestamp": "2025-06-26T10:44:03.158Z", "sessionID": "a7e6b271-fe5f-4ca6-9e67-163a279e9253", "rank": "14", "stance": "con", "action": "chooseStance", "doc": "S2c13cc23-A46f62d8e", "doclen": 222, "score": 27.02320270406765}
{"type": "toggleArgument", "timestamp": "2025-06-26T10:44:14.838Z", "sessionID": "a7e6b271-fe5f-4ca6-9e67-163a279e9253", "rank": "15", "doc": "S2c13cc23-Add292560", "action": "expand", "doclen": 207, "score": 26.90063496454727}
{"type": "toggleArgument", "timestamp": "2025-06-26T10:44:31.638Z", "sessionID": "a7e6b271-fe5f-4ca6-9e67-163a279e9253", "rank": "16", "doc": "S2e6a0d7e-A29ba3240", "action": "expand", "doclen": 314, "score": 26.80123269368318}
{"type": "StanceClicked", "timestamp": "2025-06-26T10:44:44.526Z", "sessionID": "a7e6b271-fe5f-4ca6-9e67-163a279e9253", "rank": "16", "stance": "pro", "action": "chooseStance", "doc": "S2e6a0d7e-A29ba3240", "doclen": 314, "score": 26.80123269368318}
{"type": "StanceClicked", "timestamp": "2025-06-26T10:44:54.270Z", "sessionID": "a7e6b271-fe5f-4ca6-9e67-163a279e9253", "rank": "13", "stance": "pro", "action": "chooseStance", "doc": "S331dbe36-Aec018aad", "doclen": 420, "score": 27.153319709893687}
{"type": "toggleArgument", "timestamp": "2025-06-26T10:44:58.894Z", "sessionID": "a7e6b271-fe5f-4ca6-9e67-163a279e9253", "rank": "17", "doc": "S953298b6-Abb3af4da", "action": "expand", "doclen": 815, "score": 26.766751370571804}
{"type": "toggleArgument", "timestamp": "2025-06-26T10:45:10.390Z", "sessionID": "a7e6b271-fe5f-4ca6-9e67-163a279e9253", "rank": "18", "doc": "S2c13cc23-A7e1fbc18", "action": "expand", "doclen": 785, "score": 26.707333804794153}
{"type": "StanceClicked", "timestamp": "2025-06-26T10:45:17.246Z", "sessionID": "a7e6b271-fe5f-4ca6-9e67-163a279e9253", "rank": "18", "stance": "pro", "action": "chooseStance", "doc": "S2c13cc23-A7e1fbc18", "doclen": 785, "score": 26.707333804794153}
{"type": "toggleArgument", "timestamp": "2025-06-26T10:45:19.558Z", "sessionID": "a7e6b271-fe5f-4ca6-9e67-163a279e9253", "rank": "19", "doc": "Sedab08a8-Adbc335b1", "action": "expand", "doclen": 136, "score": 26.602538768156485}
{"type": "StanceClicked", "timestamp": "2025-06-26T10:45:25.254Z", "sessionID": "a7e6b271-fe5f-4ca6-9e67-163a279e9253", "rank": "19", "stance": "pro", "action": "chooseStance", "doc": "Sedab08a8-Adbc335b1", "doclen": 136, "score": 26.602538768156485}
{"type": "toggleArgument", "timestamp": "2025-06-26T10:45:28.046Z", "sessionID": "a7e6b271-fe5f-4ca6-9e67-163a279e9253", "rank": "20", "doc": "S6b8ef422-A839e2339", "action": "expand", "doclen": 948, "score": 26.601875105716417}
{"type": "StanceClicked", "timestamp": "2025-06-26T10:46:07.486Z", "sessionID": "a7e6b271-fe5f-4ca6-9e67-163a279e9253", "rank": "20", "stance": "pro", "action": "chooseStance", "doc": "S6b8ef422-A839e2339", "doclen": 948, "score": 26.601875105716417}
{"type": "queryBoxFocused", "timestamp": "2025-06-26T10:46:08.776Z", "sessionID": "a7e6b271-fe5f-4ca6-9e67-163a279e9253"}
{"type": "querySubmitted", "timestamp": "2025-06-26T10:46:15.687Z", "sessionID": "a7e6b271-fe5f-4ca6-9e67-163a279e9253", "query": "golf no sport"}
{"docno": "Sf6c3ab3f-A5270390c", "score": 29.978330681414043}
{"docno": "Sedab086a-A37f9df85", "score": 29.71757419080075}
{"docno": "S331dbe36-A48e81bc", "score": 29.145102985237955}
{"docno": "Sedab086a-A1b2b69e2", "score": 28.920567414368705}
{"docno": "Sbb04abe6-A43a15a87", "score": 28.443367140073505}
{"docno": "Sa452c48c-Ab569c84b", "score": 28.211150561792344}
{"docno": "S331dbe36-A1ab1fd44", "score": 28.03281319144245}
{"docno": "Sbb04abe6-A259c1dbe", "score": 28.0199431461304}
{"docno": "Sa2449587-A25a1c8d9", "score": 27.65088449546055}
{"docno": "Sedab086a-Aaf256b9f", "score": 27.55053640744842}
{"docno": "S8b62fc9c-Ac812f68d", "score": 27.401732498118616}
{"docno": "Sedab08a8-A58c94516", "score": 27.29211087248064}
{"docno": "S331dbe36-Aec018aad", "score": 27.153319709893687}
{"docno": "S2c13cc23-A46f62d8e", "score": 27.02320270406765}
{"docno": "S2c13cc23-Add292560", "score": 26.90063496454727}
{"docno": "S2e6a0d7e-A29ba3240", "score": 26.80123269368318}
{"docno": "S953298b6-Abb3af4da", "score": 26.766751370571804}
{"docno": "S2c13cc23-A7e1fbc18", "score": 26.707333804794153}
{"docno": "Sedab08a8-Adbc335b1", "score": 26.602538768156485}
{"docno": "S6b8ef422-A839e2339", "score": 26.601875105716417}
{"docno": "S7768222e-Aaf80531e", "score": 26.579599923009674}
{"docno": "Sa452c48c-Acc9c056b", "score": 26.35315915157225}
{"docno": "Sa2449587-A91a8f588", "score": 26.30690806821252}
{"docno": "Sedab08a8-A537c0a9", "score": 26.191826887777815}
{"docno": "Sf6c3ab3f-Aa5065996", "score": 26.097122253945834}
{"docno": "S331dbe36-A2e2c0f7b", "score": 25.633592405927683}
{"docno": "Sedab08a8-Aeb15fa1e", "score": 25.52524433454655}
{"docno": "S7768222e-Adc0338c6", "score": 25.499759261826973}
{"docno": "Sbb04abe6-A1fdac81c", "score": 25.35083133345848}
{"docno": "S3bbff083-A973e1dc1", "score": 25.015873637765917}
{"docno": "S2e6a0d7e-Aa4f9459c", "score": 24.94255739540531}
{"docno": "S953298b6-A4a07f2b0", "score": 24.835875245754053}
{"docno": "Sbb04abe6-Ae1a368b3", "score": 24.75988652655137}
{"docno": "S4b7e0d28-A4dac6729", "score": 24.558961014946256}
{"docno": "Sbb04abe6-Af6db3e8c", "score": 24.283799527142847}
{"docno": "Sc788fb1e-Aa1263f4b", "score": 24.164080293650954}
{"docno": "Se6368605-A5e129da8", "score": 24.02986448573475}
{"docno": "S2c13cc23-A74c4a0a9", "score": 23.74002250562861}
{"docno": "Sc788fb1e-Afd64b6f5", "score": 23.720530234211772}
{"docno": "Sb032fa0a-A75c4305e", "score": 23.593151778588844}
{"docno": "Se0aece74-A7d49da2e", "score": 23.5589444801658}
{"docno": "Sa452c48c-A29b70081", "score": 23.51862735595489}
{"docno": "S2a05382b-A15703c24", "score": 23.362484202856024}
{"docno": "S90199824-A7b633475", "score": 23.169336274264715}
{"docno": "Sedab086a-Af53202c8", "score": 23.062825759951657}
{"docno": "S331dbe36-A3a12ced6", "score": 23.012483127286778}
{"docno": "Sd6baaaf1-Aaba8db06", "score": 23.012483127286778}
{"docno": "S3bbff083-A1a7b35e0", "score": 22.957288115608087}
{"docno": "S1329642e-A82164ba7", "score": 22.904370180073514}
{"docno": "S126ee163-Acaa0b143", "score": 22.272767627715833}
{"docno": "Sc788fb1e-A6fea4bae", "score": 21.989538067396467}
{"docno": "S1979ed8c-Ac75bf086", "score": 21.896701595253006}
{"docno": "S8d55788c-A5f25e10c", "score": 21.79431233626059}
{"docno": "S49f41610-A8cc85730", "score": 20.85304885252627}
{"docno": "S414e4d8a-A270215e4", "score": 20.801162642592985}
{"docno": "Sa452c48c-A1e0098da", "score": 20.529063825494454}
{"docno": "Sbb04abe6-A1f2d303c", "score": 20.308694675025272}
{"docno": "Se183e945-A75e1f251", "score": 20.093679132452316}
{"docno": "S6b1404b6-A482bb169", "score": 20.071585044712684}
{"docno": "Sf81067da-A3a444651", "score": 20.043064150725485}
{"docno": "S4a6f90c3-Af5da9913", "score": 19.224884138334634}
{"docno": "Sc1132701-Abfda72fd", "score": 19.178461366831087}
{"docno": "S181c69f4-A45d96941", "score": 19.153867775345542}
{"docno": "S6e6e5f05-A61a28d73", "score": 19.106681523084625}
{"docno": "S703f21a3-A8613642c", "score": 18.536856926967538}
{"docno": "S895fbbe-A73ed9401", "score": 18.196635729741935}
{"docno": "S46ffef62-Adbed43d1", "score": 18.040076841360865}
{"docno": "Sc82afe8b-A23f0e7af", "score": 17.882381747157584}
{"docno": "S3c6a4e0b-A26d4a53c", "score": 17.67144983548323}
{"docno": "S1d13f9d6-A3fe8d2d7", "score": 17.460315903718374}
{"docno": "Sa7e99083-Abf0948fb", "score": 17.403527815344212}
{"docno": "S31ff7b7c-Adac937e1", "score": 17.31215079759271}
{"docno": "Sa452c48c-Ac303d3e9", "score": 17.260709820824452}
{"docno": "S66d8c001-A1cba39ed", "score": 17.083738637487674}
{"docno": "S8b8b07a3-A25b80870", "score": 17.068126717873035}
{"docno": "S5300fb1f-A18c42bf1", "score": 16.774028229094544}
{"docno": "Sdf011769-A8f1cd34f", "score": 16.747755134043498}
{"docno": "Se2ff8b36-A3b7d140c", "score": 16.643454586940884}
{"docno": "S2c83497d-Abed0b1c3", "score": 16.52024387716689}
{"docno": "S7c6ed51a-Ae1dbdf41", "score": 16.42669208549927}
{"docno": "Sa023e538-A4fdad5a0", "score": 16.42668884809746}
{"docno": "S600a7bc8-A3325400f", "score": 16.377896766600543}
{"docno": "Se45937fc-Aace09536", "score": 16.3343314982502}
{"docno": "Se45937fc-A8b0d666d", "score": 16.164637020803653}
{"docno": "S7a067c79-A41b493d8", "score": 16.070652915734193}
{"docno": "S5c626591-A70b988b9", "score": 16.06112609871988}
{"docno": "Sb5eb4943-A85a43376", "score": 16.03334993387821}
{"docno": "S600a7bc8-Aefdad0d5", "score": 15.907279084425783}
{"docno": "Sd38a910d-Aefa3eb7d", "score": 15.756034043383671}
{"docno": "S4b7e0d28-A24615a3b", "score": 15.402093599016561}
{"docno": "S91ff9f85-A50ab6d43", "score": 15.348036843097017}
{"docno": "Sa8e02fd0-A91dba982", "score": 15.177762838835008}
{"docno": "Sdf011769-A15b1244c", "score": 15.172812596876936}
{"docno": "Sb88bdc7a-A92a9fbff", "score": 15.031546787447361}
{"docno": "Sd6ef599d-Ab32f3ffe", "score": 15.024015260697233}
{"docno": "S126ee163-A51cb1220", "score": 14.907975840511774}
{"docno": "Se44eb5a8-A75788a93", "score": 14.861895960331413}
{"docno": "S2e6a0d7e-Abd7a09b", "score": 14.677521893179199}
{"docno": "S3bb42b3a-A9a43090b", "score": 14.677521893179199}
{"docno": "Sec460533-A1147d39b", "score": 14.515468335282941}
{"type": "pageNavigationClicked", "timestamp": "2025-06-26T10:46:22.558Z", "sessionID": "a7e6b271-fe5f-4ca6-9e67-163a279e9253", "clicked": "2", "fromPage": 1, "toPage": 2}
{"type": "toggleArgument", "timestamp": "2025-06-26T10:46:32.422Z", "sessionID": "a7e6b271-fe5f-4ca6-9e67-163a279e9253", "rank": "17", "doc": "S953298b6-Abb3af4da", "action": "expand", "doclen": 815, "score": 26.766751370571804}
{"type": "queryBoxFocused", "timestamp": "2025-06-26T10:47:21.008Z", "sessionID": "a7e6b271-fe5f-4ca6-9e67-163a279e9253"}
{"type": "querySubmitted", "timestamp": "2025-06-26T10:47:28.071Z", "sessionID": "a7e6b271-fe5f-4ca6-9e67-163a279e9253", "query": "golf NOT sport"}
{"docno": "Sf6c3ab3f-A5270390c", "score": 29.978330681414043}
{"docno": "Sedab086a-A37f9df85", "score": 29.71757419080075}
{"docno": "S331dbe36-A48e81bc", "score": 29.145102985237955}
{"docno": "Sedab086a-A1b2b69e2", "score": 28.920567414368705}
{"docno": "Sbb04abe6-A43a15a87", "score": 28.443367140073505}
{"docno": "Sa452c48c-Ab569c84b", "score": 28.211150561792344}
{"docno": "S331dbe36-A1ab1fd44", "score": 28.03281319144245}
{"docno": "Sbb04abe6-A259c1dbe", "score": 28.0199431461304}
{"docno": "Sa2449587-A25a1c8d9", "score": 27.65088449546055}
{"docno": "Sedab086a-Aaf256b9f", "score": 27.55053640744842}
{"docno": "S8b62fc9c-Ac812f68d", "score": 27.401732498118616}
{"docno": "Sedab08a8-A58c94516", "score": 27.29211087248064}
{"docno": "S331dbe36-Aec018aad", "score": 27.153319709893687}
{"docno": "S2c13cc23-A46f62d8e", "score": 27.02320270406765}
{"docno": "S2c13cc23-Add292560", "score": 26.90063496454727}
{"docno": "S2e6a0d7e-A29ba3240", "score": 26.80123269368318}
{"docno": "S953298b6-Abb3af4da", "score": 26.766751370571804}
{"docno": "S2c13cc23-A7e1fbc18", "score": 26.707333804794153}
{"docno": "Sedab08a8-Adbc335b1", "score": 26.602538768156485}
{"docno": "S6b8ef422-A839e2339", "score": 26.601875105716417}
{"docno": "S7768222e-Aaf80531e", "score": 26.579599923009674}
{"docno": "Sa452c48c-Acc9c056b", "score": 26.35315915157225}
{"docno": "Sa2449587-A91a8f588", "score": 26.30690806821252}
{"docno": "Sedab08a8-A537c0a9", "score": 26.191826887777815}
{"docno": "Sf6c3ab3f-Aa5065996", "score": 26.097122253945834}
{"docno": "S331dbe36-A2e2c0f7b", "score": 25.633592405927683}
{"docno": "Sedab08a8-Aeb15fa1e", "score": 25.52524433454655}
{"docno": "S7768222e-Adc0338c6", "score": 25.499759261826973}
{"docno": "Sbb04abe6-A1fdac81c", "score": 25.35083133345848}
{"docno": "S3bbff083-A973e1dc1", "score": 25.015873637765917}
{"docno": "S2e6a0d7e-Aa4f9459c", "score": 24.94255739540531}
{"docno": "S953298b6-A4a07f2b0", "score": 24.835875245754053}
{"docno": "Sbb04abe6-Ae1a368b3", "score": 24.75988652655137}
{"docno": "S4b7e0d28-A4dac6729", "score": 24.558961014946256}
{"docno": "Sbb04abe6-Af6db3e8c", "score": 24.283799527142847}
{"docno": "Sc788fb1e-Aa1263f4b", "score": 24.164080293650954}
{"docno": "Se6368605-A5e129da8", "score": 24.02986448573475}
{"docno": "S2c13cc23-A74c4a0a9", "score": 23.74002250562861}
{"docno": "Sc788fb1e-Afd64b6f5", "score": 23.720530234211772}
{"docno": "Sb032fa0a-A75c4305e", "score": 23.593151778588844}
{"docno": "Se0aece74-A7d49da2e", "score": 23.5589444801658}
{"docno": "Sa452c48c-A29b70081", "score": 23.51862735595489}
{"docno": "S2a05382b-A15703c24", "score": 23.362484202856024}
{"docno": "S90199824-A7b633475", "score": 23.169336274264715}
{"docno": "Sedab086a-Af53202c8", "score": 23.062825759951657}
{"docno": "S331dbe36-A3a12ced6", "score": 23.012483127286778}
{"docno": "Sd6baaaf1-Aaba8db06", "score": 23.012483127286778}
{"docno": "S3bbff083-A1a7b35e0", "score": 22.957288115608087}
{"docno": "S1329642e-A82164ba7", "score": 22.904370180073514}
{"docno": "S126ee163-Acaa0b143", "score": 22.272767627715833}
{"docno": "Sc788fb1e-A6fea4bae", "score": 21.989538067396467}
{"docno": "S1979ed8c-Ac75bf086", "score": 21.896701595253006}
{"docno": "S8d55788c-A5f25e10c", "score": 21.79431233626059}
{"docno": "S49f41610-A8cc85730", "score": 20.85304885252627}
{"docno": "S414e4d8a-A270215e4", "score": 20.801162642592985}
{"docno": "Sa452c48c-A1e0098da", "score": 20.529063825494454}
{"docno": "Sbb04abe6-A1f2d303c", "score": 20.308694675025272}
{"docno": "Se183e945-A75e1f251", "score": 20.093679132452316}
{"docno": "S6b1404b6-A482bb169", "score": 20.071585044712684}
{"docno": "Sf81067da-A3a444651", "score": 20.043064150725485}
{"docno": "S4a6f90c3-Af5da9913", "score": 19.224884138334634}
{"docno": "Sc1132701-Abfda72fd", "score": 19.178461366831087}
{"docno": "S181c69f4-A45d96941", "score": 19.153867775345542}
{"docno": "S6e6e5f05-A61a28d73", "score": 19.106681523084625}
{"docno": "S703f21a3-A8613642c", "score": 18.536856926967538}
{"docno": "S895fbbe-A73ed9401", "score": 18.196635729741935}
{"docno": "S46ffef62-Adbed43d1", "score": 18.040076841360865}
{"docno": "Sc82afe8b-A23f0e7af", "score": 17.882381747157584}
{"docno": "S3c6a4e0b-A26d4a53c", "score": 17.67144983548323}
{"docno": "S1d13f9d6-A3fe8d2d7", "score": 17.460315903718374}
{"docno": "Sa7e99083-Abf0948fb", "score": 17.403527815344212}
{"docno": "S31ff7b7c-Adac937e1", "score": 17.31215079759271}
{"docno": "Sa452c48c-Ac303d3e9", "score": 17.260709820824452}
{"docno": "S66d8c001-A1cba39ed", "score": 17.083738637487674}
{"docno": "S8b8b07a3-A25b80870", "score": 17.068126717873035}
{"docno": "S5300fb1f-A18c42bf1", "score": 16.774028229094544}
{"docno": "Sdf011769-A8f1cd34f", "score": 16.747755134043498}
{"docno": "Se2ff8b36-A3b7d140c", "score": 16.643454586940884}
{"docno": "S2c83497d-Abed0b1c3", "score": 16.52024387716689}
{"docno": "S7c6ed51a-Ae1dbdf41", "score": 16.42669208549927}
{"docno": "Sa023e538-A4fdad5a0", "score": 16.42668884809746}
{"docno": "S600a7bc8-A3325400f", "score": 16.377896766600543}
{"docno": "Se45937fc-Aace09536", "score": 16.3343314982502}
{"docno": "Se45937fc-A8b0d666d", "score": 16.164637020803653}
{"docno": "S7a067c79-A41b493d8", "score": 16.070652915734193}
{"docno": "S5c626591-A70b988b9", "score": 16.06112609871988}
{"docno": "Sb5eb4943-A85a43376", "score": 16.03334993387821}
{"docno": "S600a7bc8-Aefdad0d5", "score": 15.907279084425783}
{"docno": "Sd38a910d-Aefa3eb7d", "score": 15.756034043383671}
{"docno": "S4b7e0d28-A24615a3b", "score": 15.402093599016561}
{"docno": "S91ff9f85-A50ab6d43", "score": 15.348036843097017}
{"docno": "Sa8e02fd0-A91dba982", "score": 15.177762838835008}
{"docno": "Sdf011769-A15b1244c", "score": 15.172812596876936}
{"docno": "Sb88bdc7a-A92a9fbff", "score": 15.031546787447361}
{"docno": "Sd6ef599d-Ab32f3ffe", "score": 15.024015260697233}
{"docno": "S126ee163-A51cb1220", "score": 14.907975840511774}
{"docno": "Se44eb5a8-A75788a93", "score": 14.861895960331413}
{"docno": "S2e6a0d7e-Abd7a09b", "score": 14.677521893179199}
{"docno": "S3bb42b3a-A9a43090b", "score": 14.677521893179199}
{"docno": "Sec460533-A1147d39b", "score": 14.515468335282941}
{"type": "queryBoxFocused", "timestamp": "2025-06-26T10:47:29.699Z", "sessionID": "a7e6b271-fe5f-4ca6-9e67-163a279e9253"}
{"type": "querySubmitted", "timestamp": "2025-06-26T10:47:36.431Z", "sessionID": "a7e6b271-fe5f-4ca6-9e67-163a279e9253", "query": "golf -sport"}
{"docno": "S31ff7b7c-Adac937e1", "score": 17.31215079759271}
{"docno": "S66d8c001-A1cba39ed", "score": 17.083738637487674}
{"docno": "Sdf011769-A8f1cd34f", "score": 16.747755134043498}
{"docno": "S7a067c79-A41b493d8", "score": 16.070652915734193}
{"docno": "Sb5eb4943-A85a43376", "score": 16.03334993387821}
{"docno": "Sdf011769-A15b1244c", "score": 15.172812596876936}
{"docno": "Sb88bdc7a-A92a9fbff", "score": 15.031546787447361}
{"docno": "Sd6ef599d-Ab32f3ffe", "score": 15.024015260697233}
{"docno": "S2e6a0d7e-Abd7a09b", "score": 14.677521893179199}
{"docno": "S3bb42b3a-A9a43090b", "score": 14.677521893179199}
{"docno": "Sec460533-A1147d39b", "score": 14.515468335282941}
{"docno": "Sb032fa0a-A3ec4276c", "score": 14.405944734057758}
{"docno": "S16b20eaa-A592d24f1", "score": 14.346650344904493}
{"docno": "Sd7f23f2c-Ad95bc9cd", "score": 14.175897604306648}
{"docno": "S13fedf36-A2cbabfb8", "score": 13.62973028264762}
{"docno": "Sc1a8f887-Ad78395f", "score": 13.343952847998532}
{"docno": "S94ca3e07-A28848104", "score": 13.343952847998532}
{"docno": "Sd9a85746-Aa554610f", "score": 12.893388834780582}
{"docno": "S44682805-A6867501e", "score": 12.854131715222456}
{"docno": "Sb65c30fe-A967a70f5", "score": 12.80690277511032}
{"docno": "Se28261c1-Ab8396067", "score": 12.391311603365546}
{"docno": "Sc87ca282-A85445fda", "score": 12.391311603365546}
{"docno": "S6d905c81-A55a13bf0", "score": 12.11976278703089}
{"docno": "S6d905c81-A869c45ba", "score": 11.819643836331053}
{"docno": "Sc87ca282-A3d6287b6", "score": 11.779699066137733}
{"docno": "S1e9d182f-A181f59fa", "score": 11.396336474068214}
{"docno": "S79f68b5a-Ac28eabfc", "score": 11.359197129014673}
{"docno": "Sb48bf9ca-Aca78579f", "score": 11.292014963332225}
{"docno": "Sb9745472-A41e82f62", "score": 11.228775609206528}
{"docno": "Sda3edf0c-A490a872e", "score": 11.16000679114463}
{"docno": "S89a9026-A516aa0c3", "score": 11.095153400263294}
{"docno": "S62910eae-A8097aefb", "score": 10.905038271438807}
{"docno": "S1a78224b-Aadf6b44e", "score": 10.721328619296553}
{"docno": "Sdab50bae-Aca531136", "score": 10.602256026846858}
{"docno": "S27ac9c44-A719cf20d", "score": 10.428525015543965}
{"docno": "S74ef86cc-Ae04cbf18", "score": 10.371873047976328}
{"docno": "Sbe75fefd-Abb4519ef", "score": 10.28233338104055}
{"docno": "S12d7dff1-Acf8a8853", "score": 10.205551000487999}
{"docno": "S51add862-A5da0f0ae", "score": 10.097601755389602}
{"docno": "S83ae40a2-A47c37d9", "score": 10.097601755389602}
{"docno": "S22bfd094-A838c67cc", "score": 10.047003172317025}
{"docno": "S52300b8e-A76a67a37", "score": 9.837462291102556}
{"docno": "S1abcf60f-Afbc52033", "score": 9.78943101683115}
{"docno": "Sfc531783-A637c1a56", "score": 9.787034595530558}
{"docno": "Sb4070aaf-A7128674f", "score": 9.739493294345367}
{"docno": "S8609a756-Addfeb1ac", "score": 9.737121256911188}
{"docno": "S34334b31-Aef8ad245", "score": 9.542457226991752}
{"docno": "S3b5ec212-A16f00f68", "score": 9.495001331800278}
{"docno": "S11721e50-A30d6dd79", "score": 9.401491622411235}
{"docno": "S1f15704e-A20395ba0", "score": 9.35542406774664}
{"docno": "See4607c8-A1026aad2", "score": 9.35542406774664}
{"docno": "Sbcfca088-A1486b01d", "score": 9.22201764839415}
{"docno": "Sa452c48c-Afdf1735", "score": 9.13169631471861}
{"docno": "S1e9d182f-Aefdd4f6f", "score": 9.06870631899187}
{"docno": "Sb3622b08-Adc6b1a8e", "score": 9.045172979727058}
{"docno": "S90b1e041-Ac79a25a5", "score": 9.002523273139921}
{"docno": "Sae9b3a90-A722730d0", "score": 8.714877178577}
{"docno": "Se2ca43ff-Aadd7e085", "score": 8.520418591986017}
{"docno": "S203677ac-A43cfb673", "score": 8.445043520460056}
{"docno": "Sf219edc4-Acc7bbd46", "score": 8.370990351629752}
{"docno": "S27ac9c44-A115cf104", "score": 8.370990351629752}
{"docno": "S3d8f0049-Ad10669b5", "score": 8.226713020960304}
{"docno": "S2189c525-Abd8c0d3c", "score": 8.226713020960304}
{"docno": "Sf6e87c58-A71455cd3", "score": 8.226713020960304}
{"docno": "Sfb9b3bce-A8ee4066f", "score": 8.226713020960304}
{"docno": "Se18e9097-Aba450eb6", "score": 8.156423428531781}
{"docno": "Sb2ef2a6d-A164d9a44", "score": 8.05321263839288}
{"docno": "Sd830bc13-Ac86702b", "score": 8.05321263839288}
{"docno": "S3a8c0c35-Ab2419356", "score": 8.019387057776768}
{"docno": "S79a4616e-A2eeedf45", "score": 7.8868793077335395}
{"docno": "Sd9a85746-Af610ad20", "score": 7.758679342379753}
{"docno": "Sf4c6180f-A97244220", "score": 7.758679342379753}
{"docno": "Sef9aebd2-A28bf90ad", "score": 7.604173556807035}
{"docno": "S8c4cf70-A3b91b92f", "score": 7.604173556807035}
{"docno": "S74ef86cc-A9b0ad6cd", "score": 7.455701255195439}
{"docno": "S2a507379-Aefe225ac", "score": 7.341033681266623}
{"docno": "Sf2fa51b7-Ae7faac5b", "score": 7.312915792567185}
{"docno": "S27ac9c44-Adc1e1c8", "score": 7.285012478274965}
{"docno": "S8e0e04d2-A6300e488", "score": 7.257321291522508}
{"docno": "S27ac9c44-Ae9e9de4c", "score": 7.202565697780187}
{"docno": "Sdfe52293-A8316f24c", "score": 7.069224628708692}
{"docno": "Sa5ae546f-Aa930cca8", "score": 6.991563754133538}
{"docno": "Seb20c25f-Acd3cdcb5", "score": 6.841250937966149}
{"docno": "Sa41b03e0-A3de4c0d9", "score": 6.768492453762152}
{"docno": "Sfaa200d-Afd87c861", "score": 6.768492453762152}
{"docno": "S83e9f99d-A90f7afa4", "score": 6.744582324315749}
{"docno": "S81dd549f-A7cf91e5f", "score": 6.697265294351173}
{"docno": "Se7372dbb-Ac9b6e555", "score": 6.650607550164516}
{"docno": "S4db5c155-A8264ee62", "score": 6.5592155600858915}
{"docno": "Sb3fbc465-A84e7e3a7", "score": 6.514455062048114}
{"docno": "Sdfe52293-A927e4dda", "score": 6.492303120370185}
{"docno": "Sbcfca088-A13a83344", "score": 6.426742080624063}
{"docno": "S41cb71dd-Ae9be1c5c", "score": 6.405181659431491}
{"docno": "S6f23b4a2-Adef6f1c1", "score": 6.320367436416811}
{"docno": "S2e8c9962-A6bad29ee", "score": 6.320367436416811}
{"docno": "Sef9aebd2-A4c368679", "score": 6.278797085675527}
{"docno": "Sd6e98289-A6f344f16", "score": 6.237769995217058}
{"docno": "S75af3905-A1ecd4394", "score": 6.11784383937046}
{"docno": "S27ac9c44-Afe2e6b65", "score": 5.983630369874323}
{"docno": "Sa56d6e37-A721d0ae2", "score": 5.855179245316592}
{"type": "queryBoxFocused", "timestamp": "2025-06-26T10:47:42.472Z", "sessionID": "a7e6b271-fe5f-4ca6-9e67-163a279e9253"}
{"type": "querySubmitted", "timestamp": "2025-06-26T10:47:49.183Z", "sessionID": "a7e6b271-fe5f-4ca6-9e67-163a279e9253", "query": "golf no sport"}
{"docno": "Sf6c3ab3f-A5270390c", "score": 29.978330681414043}
{"docno": "Sedab086a-A37f9df85", "score": 29.71757419080075}
{"docno": "S331dbe36-A48e81bc", "score": 29.145102985237955}
{"docno": "Sedab086a-A1b2b69e2", "score": 28.920567414368705}
{"docno": "Sbb04abe6-A43a15a87", "score": 28.443367140073505}
{"docno": "Sa452c48c-Ab569c84b", "score": 28.211150561792344}
{"docno": "S331dbe36-A1ab1fd44", "score": 28.03281319144245}
{"docno": "Sbb04abe6-A259c1dbe", "score": 28.0199431461304}
{"docno": "Sa2449587-A25a1c8d9", "score": 27.65088449546055}
{"docno": "Sedab086a-Aaf256b9f", "score": 27.55053640744842}
{"docno": "S8b62fc9c-Ac812f68d", "score": 27.401732498118616}
{"docno": "Sedab08a8-A58c94516", "score": 27.29211087248064}
{"docno": "S331dbe36-Aec018aad", "score": 27.153319709893687}
{"docno": "S2c13cc23-A46f62d8e", "score": 27.02320270406765}
{"docno": "S2c13cc23-Add292560", "score": 26.90063496454727}
{"docno": "S2e6a0d7e-A29ba3240", "score": 26.80123269368318}
{"docno": "S953298b6-Abb3af4da", "score": 26.766751370571804}
{"docno": "S2c13cc23-A7e1fbc18", "score": 26.707333804794153}
{"docno": "Sedab08a8-Adbc335b1", "score": 26.602538768156485}
{"docno": "S6b8ef422-A839e2339", "score": 26.601875105716417}
{"docno": "S7768222e-Aaf80531e", "score": 26.579599923009674}
{"docno": "Sa452c48c-Acc9c056b", "score": 26.35315915157225}
{"docno": "Sa2449587-A91a8f588", "score": 26.30690806821252}
{"docno": "Sedab08a8-A537c0a9", "score": 26.191826887777815}
{"docno": "Sf6c3ab3f-Aa5065996", "score": 26.097122253945834}
{"docno": "S331dbe36-A2e2c0f7b", "score": 25.633592405927683}
{"docno": "Sedab08a8-Aeb15fa1e", "score": 25.52524433454655}
{"docno": "S7768222e-Adc0338c6", "score": 25.499759261826973}
{"docno": "Sbb04abe6-A1fdac81c", "score": 25.35083133345848}
{"docno": "S3bbff083-A973e1dc1", "score": 25.015873637765917}
{"docno": "S2e6a0d7e-Aa4f9459c", "score": 24.94255739540531}
{"docno": "S953298b6-A4a07f2b0", "score": 24.835875245754053}
{"docno": "Sbb04abe6-Ae1a368b3", "score": 24.75988652655137}
{"docno": "S4b7e0d28-A4dac6729", "score": 24.558961014946256}
{"docno": "Sbb04abe6-Af6db3e8c", "score": 24.283799527142847}
{"docno": "Sc788fb1e-Aa1263f4b", "score": 24.164080293650954}
{"docno": "Se6368605-A5e129da8", "score": 24.02986448573475}
{"docno": "S2c13cc23-A74c4a0a9", "score": 23.74002250562861}
{"docno": "Sc788fb1e-Afd64b6f5", "score": 23.720530234211772}
{"docno": "Sb032fa0a-A75c4305e", "score": 23.593151778588844}
{"docno": "Se0aece74-A7d49da2e", "score": 23.5589444801658}
{"docno": "Sa452c48c-A29b70081", "score": 23.51862735595489}
{"docno": "S2a05382b-A15703c24", "score": 23.362484202856024}
{"docno": "S90199824-A7b633475", "score": 23.169336274264715}
{"docno": "Sedab086a-Af53202c8", "score": 23.062825759951657}
{"docno": "S331dbe36-A3a12ced6", "score": 23.012483127286778}
{"docno": "Sd6baaaf1-Aaba8db06", "score": 23.012483127286778}
{"docno": "S3bbff083-A1a7b35e0", "score": 22.957288115608087}
{"docno": "S1329642e-A82164ba7", "score": 22.904370180073514}
{"docno": "S126ee163-Acaa0b143", "score": 22.272767627715833}
{"docno": "Sc788fb1e-A6fea4bae", "score": 21.989538067396467}
{"docno": "S1979ed8c-Ac75bf086", "score": 21.896701595253006}
{"docno": "S8d55788c-A5f25e10c", "score": 21.79431233626059}
{"docno": "S49f41610-A8cc85730", "score": 20.85304885252627}
{"docno": "S414e4d8a-A270215e4", "score": 20.801162642592985}
{"docno": "Sa452c48c-A1e0098da", "score": 20.529063825494454}
{"docno": "Sbb04abe6-A1f2d303c", "score": 20.308694675025272}
{"docno": "Se183e945-A75e1f251", "score": 20.093679132452316}
{"docno": "S6b1404b6-A482bb169", "score": 20.071585044712684}
{"docno": "Sf81067da-A3a444651", "score": 20.043064150725485}
{"docno": "S4a6f90c3-Af5da9913", "score": 19.224884138334634}
{"docno": "Sc1132701-Abfda72fd", "score": 19.178461366831087}
{"docno": "S181c69f4-A45d96941", "score": 19.153867775345542}
{"docno": "S6e6e5f05-A61a28d73", "score": 19.106681523084625}
{"docno": "S703f21a3-A8613642c", "score": 18.536856926967538}
{"docno": "S895fbbe-A73ed9401", "score": 18.196635729741935}
{"docno": "S46ffef62-Adbed43d1", "score": 18.040076841360865}
{"docno": "Sc82afe8b-A23f0e7af", "score": 17.882381747157584}
{"docno": "S3c6a4e0b-A26d4a53c", "score": 17.67144983548323}
{"docno": "S1d13f9d6-A3fe8d2d7", "score": 17.460315903718374}
{"docno": "Sa7e99083-Abf0948fb", "score": 17.403527815344212}
{"docno": "S31ff7b7c-Adac937e1", "score": 17.31215079759271}
{"docno": "Sa452c48c-Ac303d3e9", "score": 17.260709820824452}
{"docno": "S66d8c001-A1cba39ed", "score": 17.083738637487674}
{"docno": "S8b8b07a3-A25b80870", "score": 17.068126717873035}
{"docno": "S5300fb1f-A18c42bf1", "score": 16.774028229094544}
{"docno": "Sdf011769-A8f1cd34f", "score": 16.747755134043498}
{"docno": "Se2ff8b36-A3b7d140c", "score": 16.643454586940884}
{"docno": "S2c83497d-Abed0b1c3", "score": 16.52024387716689}
{"docno": "S7c6ed51a-Ae1dbdf41", "score": 16.42669208549927}
{"docno": "Sa023e538-A4fdad5a0", "score": 16.42668884809746}
{"docno": "S600a7bc8-A3325400f", "score": 16.377896766600543}
{"docno": "Se45937fc-Aace09536", "score": 16.3343314982502}
{"docno": "Se45937fc-A8b0d666d", "score": 16.164637020803653}
{"docno": "S7a067c79-A41b493d8", "score": 16.070652915734193}
{"docno": "S5c626591-A70b988b9", "score": 16.06112609871988}
{"docno": "Sb5eb4943-A85a43376", "score": 16.03334993387821}
{"docno": "S600a7bc8-Aefdad0d5", "score": 15.907279084425783}
{"docno": "Sd38a910d-Aefa3eb7d", "score": 15.756034043383671}
{"docno": "S4b7e0d28-A24615a3b", "score": 15.402093599016561}
{"docno": "S91ff9f85-A50ab6d43", "score": 15.348036843097017}
{"docno": "Sa8e02fd0-A91dba982", "score": 15.177762838835008}
{"docno": "Sdf011769-A15b1244c", "score": 15.172812596876936}
{"docno": "Sb88bdc7a-A92a9fbff", "score": 15.031546787447361}
{"docno": "Sd6ef599d-Ab32f3ffe", "score": 15.024015260697233}
{"docno": "S126ee163-A51cb1220", "score": 14.907975840511774}
{"docno": "Se44eb5a8-A75788a93", "score": 14.861895960331413}
{"docno": "S2e6a0d7e-Abd7a09b", "score": 14.677521893179199}
{"docno": "S3bb42b3a-A9a43090b", "score": 14.677521893179199}
{"docno": "Sec460533-A1147d39b", "score": 14.515468335282941}
{"type": "queryBoxFocused", "timestamp": "2025-06-26T10:47:56.422Z", "sessionID": "a7e6b271-fe5f-4ca6-9e67-163a279e9253"}
{"type": "querySubmitted", "timestamp": "2025-06-26T10:48:02.735Z", "sessionID": "a7e6b271-fe5f-4ca6-9e67-163a279e9253", "query": "golf"}
{"docno": "S331dbe36-Aec018aad", "score": 19.362879815529205}
{"docno": "Sa2449587-A25a1c8d9", "score": 19.283719067090598}
{"docno": "S331dbe36-A48e81bc", "score": 18.902790621088787}
{"docno": "Sedab086a-A37f9df85", "score": 18.902790621088787}
{"docno": "S2e6a0d7e-A29ba3240", "score": 18.901896933118824}
{"docno": "S2c13cc23-A46f62d8e", "score": 18.59363325218304}
{"docno": "S331dbe36-A1ab1fd44", "score": 18.53633380590378}
{"docno": "S2c13cc23-Add292560", "score": 18.533469536177318}
{"docno": "Sf6c3ab3f-A5270390c", "score": 18.445368682035106}
{"docno": "Sa2449587-A91a8f588", "score": 18.238398155520933}
{"docno": "Sedab08a8-A537c0a9", "score": 18.18050778025921}
{"docno": "Sa452c48c-Ab569c84b", "score": 17.95526271503269}
{"docno": "S331dbe36-A2e2c0f7b", "score": 17.89648226838389}
{"docno": "Sedab08a8-Aeb15fa1e", "score": 17.840738776239437}
{"docno": "Sedab086a-A1b2b69e2", "score": 17.840738776239437}
{"docno": "S8b62fc9c-Ac812f68d", "score": 17.785341462553063}
{"docno": "S7768222e-Aaf80531e", "score": 17.75514288646307}
{"docno": "Sbb04abe6-A43a15a87", "score": 17.644982024017175}
{"docno": "S31ff7b7c-Adac937e1", "score": 17.31215079759271}
{"docno": "Sa452c48c-A29b70081", "score": 17.276978015285245}
{"docno": "S7768222e-Adc0338c6", "score": 17.160513335393393}
{"docno": "S66d8c001-A1cba39ed", "score": 17.083738637487674}
{"docno": "Sedab086a-Aaf256b9f", "score": 17.00764784696078}
{"docno": "Sbb04abe6-A259c1dbe", "score": 16.971056645597827}
{"docno": "Sdf011769-A8f1cd34f", "score": 16.747755134043498}
{"docno": "S6b8ef422-A839e2339", "score": 16.709944190841547}
{"docno": "Sb032fa0a-A75c4305e", "score": 16.602698220580564}
{"docno": "Sedab08a8-A58c94516", "score": 16.597528846429906}
{"docno": "S2c13cc23-A7e1fbc18", "score": 16.36271986478955}
{"docno": "S7a067c79-A41b493d8", "score": 16.070652915734193}
{"docno": "S2e6a0d7e-Aa4f9459c", "score": 16.04364435374824}
{"docno": "Sb5eb4943-A85a43376", "score": 16.03334993387821}
{"docno": "S953298b6-Abb3af4da", "score": 15.864202724734964}
{"docno": "Sedab086a-Af53202c8", "score": 15.774733851169236}
{"docno": "Sa452c48c-Acc9c056b", "score": 15.746867666170582}
{"docno": "Sf6c3ab3f-Aa5065996", "score": 15.387263553169749}
{"docno": "S953298b6-A4a07f2b0", "score": 15.298050976393023}
{"docno": "Sedab08a8-Adbc335b1", "score": 15.264244712302542}
{"docno": "Sbb04abe6-Ae1a368b3", "score": 15.181906488206467}
{"docno": "Sdf011769-A15b1244c", "score": 15.172812596876936}
{"docno": "Sb88bdc7a-A92a9fbff", "score": 15.031546787447361}
{"docno": "S8d55788c-A5f25e10c", "score": 15.02966319793323}
{"docno": "Sd6ef599d-Ab32f3ffe", "score": 15.024015260697233}
{"docno": "S2c13cc23-A74c4a0a9", "score": 14.912274025116806}
{"docno": "Se0aece74-A7d49da2e", "score": 14.798530024453445}
{"docno": "S2e6a0d7e-Abd7a09b", "score": 14.677521893179199}
{"docno": "S3bb42b3a-A9a43090b", "score": 14.677521893179199}
{"docno": "Sec460533-A1147d39b", "score": 14.515468335282941}
{"docno": "S331dbe36-A3a12ced6", "score": 14.455270811605773}
{"docno": "Sd6baaaf1-Aaba8db06", "score": 14.455270811605773}
{"docno": "Sb032fa0a-A3ec4276c", "score": 14.405944734057758}
{"docno": "S16b20eaa-A592d24f1", "score": 14.346650344904493}
{"docno": "Sbb04abe6-A1fdac81c", "score": 14.317638645853249}
{"docno": "Sd7f23f2c-Ad95bc9cd", "score": 14.175897604306648}
{"docno": "Sc788fb1e-Aa1263f4b", "score": 14.030367430900968}
{"docno": "Sbb04abe6-Af6db3e8c", "score": 13.935298175371498}
{"docno": "S3bbff083-A973e1dc1", "score": 13.934488686933577}
{"docno": "S4b7e0d28-A4dac6729", "score": 13.727729110366461}
{"docno": "Se6368605-A5e129da8", "score": 13.701164256811937}
{"docno": "Sa452c48c-A1e0098da", "score": 13.701164256811937}
{"docno": "S13fedf36-A2cbabfb8", "score": 13.62973028264762}
{"docno": "Sc1a8f887-Ad78395f", "score": 13.343952847998532}
{"docno": "S90199824-A7b633475", "score": 13.343952847998532}
{"docno": "S94ca3e07-A28848104", "score": 13.343952847998532}
{"docno": "S600a7bc8-A3325400f", "score": 12.943353828645234}
{"docno": "Sd9a85746-Aa554610f", "score": 12.893388834780582}
{"docno": "S44682805-A6867501e", "score": 12.854131715222456}
{"docno": "Sb65c30fe-A967a70f5", "score": 12.80690277511032}
{"docno": "Sc788fb1e-Afd64b6f5", "score": 12.721569244039618}
{"docno": "S1329642e-A82164ba7", "score": 12.698752535291465}
{"docno": "S600a7bc8-Aefdad0d5", "score": 12.622463136121969}
{"docno": "S2a05382b-A15703c24", "score": 12.450326014741838}
{"docno": "Se28261c1-Ab8396067", "score": 12.391311603365546}
{"docno": "Sc87ca282-A85445fda", "score": 12.391311603365546}
{"docno": "Sa452c48c-Ac303d3e9", "score": 12.238147270284223}
{"docno": "S6d905c81-A55a13bf0", "score": 12.11976278703089}
{"docno": "S6e6e5f05-A61a28d73", "score": 12.001845007321302}
{"docno": "S6d905c81-A869c45ba", "score": 11.819643836331053}
{"docno": "Sc87ca282-A3d6287b6", "score": 11.779699066137733}
{"docno": "S3bbff083-A1a7b35e0", "score": 11.636114717011761}
{"docno": "Se45937fc-A8b0d666d", "score": 11.534029272463751}
{"docno": "S126ee163-Acaa0b143", "score": 11.523534956814391}
{"docno": "S1e9d182f-A181f59fa", "score": 11.396336474068214}
{"docno": "S79f68b5a-Ac28eabfc", "score": 11.359197129014673}
{"docno": "S1979ed8c-Ac75bf086", "score": 11.359197129014673}
{"docno": "Sb48bf9ca-Aca78579f", "score": 11.292014963332225}
{"docno": "Sb9745472-A41e82f62", "score": 11.228775609206528}
{"docno": "Sda3edf0c-A490a872e", "score": 11.16000679114463}
{"docno": "S89a9026-A516aa0c3", "score": 11.095153400263294}
{"docno": "S414e4d8a-A270215e4", "score": 11.031049410664576}
{"docno": "S91ff9f85-A50ab6d43", "score": 11.00230132240873}
{"docno": "S1d13f9d6-A3fe8d2d7", "score": 10.9676819076149}
{"docno": "S62910eae-A8097aefb", "score": 10.905038271438807}
{"docno": "S1a78224b-Aadf6b44e", "score": 10.721328619296553}
{"docno": "S8b8b07a3-A25b80870", "score": 10.721328619296553}
{"docno": "Sdab50bae-Aca531136", "score": 10.602256026846858}
{"docno": "S49f41610-A8cc85730", "score": 10.602256026846858}
{"docno": "Se183e945-A75e1f251", "score": 10.543706081140993}
{"docno": "Sc788fb1e-A6fea4bae", "score": 10.543706081140993}
{"docno": "S27ac9c44-A719cf20d", "score": 10.428525015543965}
{"type": "toggleArgument", "timestamp": "2025-06-26T10:48:14.886Z", "sessionID": "a7e6b271-fe5f-4ca6-9e67-163a279e9253", "rank": "10", "doc": "Sa2449587-A91a8f588", "action": "expand", "doclen": 302, "score": 26.30690806821252}
{"type": "ClickedEndTask", "timestamp": "2025-06-26T10:48:24.110Z", "sessionID": "a7e6b271-fe5f-4ca6-9e67-163a279e9253"}
{"type": "TaskEndConfirmed", "timestamp": "2025-06-26T10:48:25.806Z", "sessionID": "a7e6b271-fe5f-4ca6-9e67-163a279e9253"}
{"type": "TaskEnded", "timestamp": "2025-06-26T10:48:37.014Z", "sessionID": "a7e6b271-fe5f-4ca6-9e67-163a279e9253", "reason": "the time is up", "translated_reason": "The Time Is Up"}
