{"type": "idSubmitted", "timestamp": "2025-06-26T10:22:40.331Z", "sessionID": "7e5e1c25-82bf-4a9e-b645-2adddcba5c9a", "uid": "Participant29"}
{"type": "TaskStarted", "timestamp": "2025-06-26T10:24:19.403Z", "sessionID": "7e5e1c25-82bf-4a9e-b645-2adddcba5c9a", "task": "1", "uid": "Participant29", "topic": "Should abortion be legal?"}
{"type": "queryBoxFocused", "timestamp": "2025-06-26T10:24:23.406Z", "sessionID": "7e5e1c25-82bf-4a9e-b645-2adddcba5c9a"}
{"type": "querySubmitted", "timestamp": "2025-06-26T10:24:27.699Z", "sessionID": "7e5e1c25-82bf-4a9e-b645-2adddcba5c9a", "query": "abortion"}
{"docno": "S510d8ee-Aac3bc61", "score": 10.36717749296801}
{"docno": "S7e5c08af-A2dfd1448", "score": 10.302488236474929}
{"docno": "S1eb8b86d-Aa46e6f5c", "score": 10.21845460959876}
{"docno": "Sb1859d01-Af6f79970", "score": 10.181942617045367}
{"docno": "S100c174f-A9b33dec5", "score": 10.171276269916067}
{"docno": "S6702bd00-A5c68737f", "score": 10.15117701985454}
{"docno": "Saaf6e964-A1426221a", "score": 10.143805886015805}
{"docno": "Sb1860981-Abac800ed", "score": 10.121176646018434}
{"docno": "S81e6e829-A67b74aa1", "score": 10.10848773783517}
{"docno": "Sc7ab4e76-Ad7a7aadb", "score": 10.10447570802773}
{"docno": "S81e6d5c1-Ab844a53f", "score": 10.080927538697722}
{"docno": "S3b40d80c-A77be00a8", "score": 10.076794501892774}
{"docno": "Sb18605df-Abded56c7", "score": 10.074553970329378}
{"docno": "Sb186fda1-Ab9349bc5", "score": 10.072874225399186}
{"docno": "Sfb4c445b-Afbe0c423", "score": 10.071568144322102}
{"docno": "S7586b87e-A10f752bc", "score": 10.067390960004145}
{"docno": "S7586bc3f-A316cc894", "score": 10.05948059197331}
{"docno": "Sb67fc3fb-A276346c9", "score": 10.059150440130798}
{"docno": "S661186d2-A298aae65", "score": 10.049779784547859}
{"docno": "Se9a9bb15-A8be30ce0", "score": 10.04694581305364}
{"docno": "S510d8ee-A34065d2c", "score": 10.044922526068339}
{"docno": "Sc2c624b7-A5edc9b22", "score": 10.038453480399768}
{"docno": "Sc32a8d70-A7b024c5c", "score": 10.02585048303029}
{"docno": "Sb1860ddd-Aed2c496a", "score": 10.025577191465251}
{"docno": "S47ca0182-A33aca282", "score": 10.017841514840798}
{"docno": "S4d5807f9-Acbede1de", "score": 10.012297776941859}
{"docno": "S6dd8a50f-Accde85b3", "score": 9.995487388614427}
{"docno": "S7a5c86e0-A821c3d97", "score": 9.990815864961005}
{"docno": "S75863939-A608a7ce4", "score": 9.9861794944775}
{"docno": "S6702c8a0-A850bba7b", "score": 9.973795901390721}
{"docno": "Sb186eedb-A27037b14", "score": 9.968675811668927}
{"docno": "Sb1860dbe-Ad3377f3e", "score": 9.968649072074994}
{"docno": "Sf22165b7-A409c6971", "score": 9.957804300192178}
{"docno": "Sb77c1666-A297b786a", "score": 9.956510379691018}
{"docno": "Sb67fc3fb-Ad835522", "score": 9.956510379691018}
{"docno": "Sb1853388-Adc93e802", "score": 9.955216795411115}
{"docno": "Sb186fd82-Abb4bb34f", "score": 9.94455339741902}
{"docno": "S7ced100-A10486cd5", "score": 9.939929350804956}
{"docno": "Sb186fd25-A4b5ef0db", "score": 9.93484396425518}
{"docno": "Saaf6e964-Ad093147d", "score": 9.931589208381679}
{"docno": "Sb67fc3fb-Acacf226f", "score": 9.930694146204617}
{"docno": "Sac9fa785-A84e70adc", "score": 9.92811953057943}
{"docno": "S7586b460-A50312d15", "score": 9.91603846138906}
{"docno": "S475596d3-A95fba6c8", "score": 9.91548186630654}
{"docno": "Saaf6e964-A497178d5", "score": 9.915335404301441}
{"docno": "S24ce388c-Acb0c8600", "score": 9.912951016276395}
{"docno": "Sd1281574-Ac584294d", "score": 9.906692258936639}
{"docno": "Sb5cfddc7-A9e83e945", "score": 9.906692258936639}
{"docno": "Sadefc0-Aaa1482b7", "score": 9.90629201323553}
{"docno": "Sb1869bc9-A1c2e073", "score": 9.90629201323553}
{"docno": "S8927d9a0-Af5038f60", "score": 9.90629201323553}
{"docno": "Sb67fc3fb-Afd45f1a5", "score": 9.905491618848748}
{"docno": "Sb1860ddd-A6c94fdc5", "score": 9.902449806807205}
{"docno": "Sa039e5e3-Aa7e5f5b8", "score": 9.899341986640986}
{"docno": "S47ca88e4-Ad5164d2e", "score": 9.88685648270883}
{"docno": "S47ca8922-Ad5164d2e", "score": 9.88685648270883}
{"docno": "S47ca8bcc-Ad5164d2e", "score": 9.88685648270883}
{"docno": "Sb1868961-A44b5a179", "score": 9.881611256485057}
{"docno": "Sf98398d2-A75b30b83", "score": 9.880416687711675}
{"docno": "S8c304d96-A385b3c21", "score": 9.880416687711675}
{"docno": "S7586b8bc-A76414ae9", "score": 9.87232980861811}
{"docno": "S870678f-Af5b97438", "score": 9.870730789111253}
{"docno": "S24efc600-A1a1c7823", "score": 9.869118318667082}
{"docno": "S47ca84a7-A120f3ad4", "score": 9.869015267082688}
{"docno": "S215e6408-A449b3131", "score": 9.866041428456573}
{"docno": "S3b40d7ed-Ad213b1ef", "score": 9.865357935603749}
{"docno": "Sadc4406d-A8f8b63c8", "score": 9.863478818468007}
{"docno": "S81f5c72-Aa69a6a34", "score": 9.856894672716715}
{"docno": "Sb185a445-A9db55ab5", "score": 9.855943769202108}
{"docno": "S3b20abed-A2bc67964", "score": 9.855468386242375}
{"docno": "Sb186fd25-A17cd3af3", "score": 9.844226970037672}
{"docno": "Sb186fd63-A23c7fcb1", "score": 9.844226970037672}
{"docno": "S38656c9a-A47ca37c2", "score": 9.844226970037672}
{"docno": "S9de8e3b-A5e79f9a", "score": 9.836073743276197}
{"docno": "S108eb814-A1337b4df", "score": 9.835238347284816}
{"docno": "Sb185b30b-A880dd5e0", "score": 9.830645757627511}
{"docno": "S16e8cc8a-A3e9f880", "score": 9.82812275085719}
{"docno": "S8927d9a0-A5020cb1a", "score": 9.823973481419864}
{"docno": "S66496b5f-A72c8dd2", "score": 9.823711084712087}
{"docno": "S81e6e560-A2bd06659", "score": 9.820905722360921}
{"docno": "Sf5e5aecf-A46a1044a", "score": 9.816283673886222}
{"docno": "Sb67fc3fb-Af1d03e34", "score": 9.816283673886222}
{"docno": "Sb1869447-A96354ad", "score": 9.81400169711861}
{"docno": "Sef036cbd-Aa6b02870", "score": 9.81400169711861}
{"docno": "Sb185a445-A78fff5a6", "score": 9.81400169711861}
{"docno": "Sb185a084-Afaebd5e0", "score": 9.807359842872943}
{"docno": "Sbe328f3c-A1328e900", "score": 9.805947854669094}
{"docno": "Sb67fc3fb-Acdeac83b", "score": 9.805947854669094}
{"docno": "Sb1870162-A29f9d5a", "score": 9.799921163440832}
{"docno": "Sb18697ab-A19149030", "score": 9.797512560666952}
{"docno": "S1cb8ccf8-Afd614e31", "score": 9.797512560666952}
{"docno": "Sb1c7f006-Afa6a791e", "score": 9.796573079386302}
{"docno": "S54a472bf-Add5f1644", "score": 9.796573079386302}
{"docno": "S88f44ec7-A990346f2", "score": 9.7940219857954}
{"docno": "Sb1852446-A2a5ba7db", "score": 9.788769772805152}
{"docno": "Sfe5263d2-Ac47c7537", "score": 9.783247055435652}
{"docno": "S5ecd493-A48450d87", "score": 9.781373739664003}
{"docno": "Sb1860905-A4133a030", "score": 9.77694148199129}
{"docno": "S5cee471e-A49ba96a6", "score": 9.77694148199129}
{"docno": "Sac774a9c-A9c94e8ae", "score": 9.776181114147406}
{"type": "toggleArgument", "timestamp": "2025-06-26T10:24:34.707Z", "sessionID": "7e5e1c25-82bf-4a9e-b645-2adddcba5c9a", "rank": "1", "doc": "S510d8ee-Aac3bc61", "action": "expand", "doclen": 496, "score": 10.36717749296801}
{"type": "StanceClicked", "timestamp": "2025-06-26T10:25:18.315Z", "sessionID": "7e5e1c25-82bf-4a9e-b645-2adddcba5c9a", "rank": "1", "stance": "con", "action": "chooseStance", "doc": "S510d8ee-Aac3bc61", "doclen": 496, "score": 10.36717749296801}
{"type": "toggleArgument", "timestamp": "2025-06-26T10:25:21.050Z", "sessionID": "7e5e1c25-82bf-4a9e-b645-2adddcba5c9a", "rank": "2", "doc": "S7e5c08af-A2dfd1448", "action": "expand", "doclen": 362, "score": 10.302488236474929}
{"type": "StanceClicked", "timestamp": "2025-06-26T10:25:59.219Z", "sessionID": "7e5e1c25-82bf-4a9e-b645-2adddcba5c9a", "rank": "2", "stance": "con", "action": "chooseStance", "doc": "S7e5c08af-A2dfd1448", "doclen": 362, "score": 10.302488236474929}
{"type": "toggleArgument", "timestamp": "2025-06-26T10:26:05.723Z", "sessionID": "7e5e1c25-82bf-4a9e-b645-2adddcba5c9a", "rank": "3", "doc": "S1eb8b86d-Aa46e6f5c", "action": "expand", "doclen": 1102, "score": 10.21845460959876}
{"type": "StanceClicked", "timestamp": "2025-06-26T10:27:17.456Z", "sessionID": "7e5e1c25-82bf-4a9e-b645-2adddcba5c9a", "rank": "4", "stance": "con", "action": "chooseStance", "doc": "Sb1859d01-Af6f79970", "doclen": 355, "score": 10.181942617045367}
{"type": "toggleArgument", "timestamp": "2025-06-26T10:27:20.856Z", "sessionID": "7e5e1c25-82bf-4a9e-b645-2adddcba5c9a", "rank": "5", "doc": "S100c174f-A9b33dec5", "action": "expand", "doclen": 1705, "score": 9.891274723797721}
{"type": "toggleArgument", "timestamp": "2025-06-26T10:28:53.355Z", "sessionID": "7e5e1c25-82bf-4a9e-b645-2adddcba5c9a", "rank": "6", "doc": "S6702bd00-A5c68737f", "action": "expand", "doclen": 1293, "score": 10.15117701985454}
{"type": "StanceClicked", "timestamp": "2025-06-26T10:29:03.395Z", "sessionID": "7e5e1c25-82bf-4a9e-b645-2adddcba5c9a", "rank": "6", "stance": "pro", "action": "chooseStance", "doc": "S6702bd00-A5c68737f", "doclen": 1293, "score": 10.15117701985454}
{"type": "toggleArgument", "timestamp": "2025-06-26T10:29:06.316Z", "sessionID": "7e5e1c25-82bf-4a9e-b645-2adddcba5c9a", "rank": "7", "doc": "Saaf6e964-A1426221a", "action": "expand", "doclen": 803, "score": 10.143805886015805}
{"type": "toggleArgument", "timestamp": "2025-06-26T10:29:59.632Z", "sessionID": "7e5e1c25-82bf-4a9e-b645-2adddcba5c9a", "rank": "9", "doc": "S81e6e829-A67b74aa1", "action": "expand", "doclen": 2519, "score": 10.10848773783517}
{"type": "StanceClicked", "timestamp": "2025-06-26T10:30:10.352Z", "sessionID": "7e5e1c25-82bf-4a9e-b645-2adddcba5c9a", "rank": "9", "stance": "pro", "action": "chooseStance", "doc": "S81e6e829-A67b74aa1", "doclen": 2519, "score": 10.10848773783517}
{"type": "toggleArgument", "timestamp": "2025-06-26T10:30:12.936Z", "sessionID": "7e5e1c25-82bf-4a9e-b645-2adddcba5c9a", "rank": "10", "doc": "Sc7ab4e76-Ad7a7aadb", "action": "expand", "doclen": 1914, "score": 10.10447570802773}
{"type": "queryBoxFocused", "timestamp": "2025-06-26T10:30:52.896Z", "sessionID": "7e5e1c25-82bf-4a9e-b645-2adddcba5c9a"}
{"type": "querySubmitted", "timestamp": "2025-06-26T10:31:04.222Z", "sessionID": "7e5e1c25-82bf-4a9e-b645-2adddcba5c9a", "query": "abortion legal"}
{"docno": "S54a472bf-Add5f1644", "score": 17.76570016924849}
{"docno": "S1eb8b86d-Aa46e6f5c", "score": 17.608962355802152}
{"docno": "Sa039e5e3-Aa7e5f5b8", "score": 17.534127888370907}
{"docno": "Sb38c2a52-A46bf90c3", "score": 17.496468745790622}
{"docno": "S6141ed46-Af76542a7", "score": 17.442970285620547}
{"docno": "S271173e1-A6cd6a96a", "score": 17.442970285620547}
{"docno": "S72a540d2-Ad42b5d4d", "score": 17.360218540280158}
{"docno": "Sb1860905-A4133a030", "score": 17.334830576867322}
{"docno": "S6141ed46-A31608fd6", "score": 17.309189756560656}
{"docno": "S3dff2ca7-A741b6872", "score": 17.309189756560656}
{"docno": "S3dff2c88-A741b6872", "score": 17.309189756560656}
{"docno": "Sf98398d2-A75b30b83", "score": 17.28906739147933}
{"docno": "S684fcb10-Aca128861", "score": 17.123649291071942}
{"docno": "S684fcb2f-Aca128861", "score": 17.123649291071942}
{"docno": "Sb185997e-A73709ac0", "score": 17.123345178482033}
{"docno": "Sc7ab4e76-Ad7a7aadb", "score": 17.08367041484319}
{"docno": "Sc32a8d70-A7b024c5c", "score": 16.965146972907196}
{"docno": "Sb1869086-Acb503ae9", "score": 16.957999259341154}
{"docno": "S215e6408-A1188fa5", "score": 16.95261253047531}
{"docno": "S7586cae6-A158c6cd1", "score": 16.84770238716078}
{"docno": "S20a83604-A1ed3ef55", "score": 16.82244577931233}
{"docno": "Sb1867a1f-Aa8a5793f", "score": 16.77004766776802}
{"docno": "S8254cf20-Ab70a15c6", "score": 16.767553556186282}
{"docno": "Sb185a445-Abb78bac1", "score": 16.713082409136803}
{"docno": "S7586b87e-A10f752bc", "score": 16.657653303817217}
{"docno": "Sb1869bc9-A1c2e073", "score": 16.64438164134574}
{"docno": "Sb1861103-Ab4e622f4", "score": 16.61632435722834}
{"docno": "S6ecae059-A5d739e7", "score": 16.562801305221114}
{"docno": "Sb187e2bd-A6a153590", "score": 16.53704754344588}
{"docno": "S7b4e7a52-Aaaf08692", "score": 16.514778850059848}
{"docno": "Sadc4406d-A8f8b63c8", "score": 16.403988194297874}
{"docno": "S7586b8bc-A76414ae9", "score": 16.345789575788505}
{"docno": "Sf03a8a90-A5f778d5a", "score": 16.32199165952312}
{"docno": "S45d1bbfd-A2a8d0110", "score": 16.319503117473005}
{"docno": "Sb186236b-A112da266", "score": 16.310392912429528}
{"docno": "Sb186fd82-A8e9885e8", "score": 16.30066043226204}
{"docno": "S95429d47-A93226351", "score": 16.290895338523}
{"docno": "Se12b543e-A46a06520", "score": 16.285138517072312}
{"docno": "Seb9194de-A71d29742", "score": 16.285138517072312}
{"docno": "Sbcd69901-Ad5485f5e", "score": 16.28095718005915}
{"docno": "S362e855d-A23057cba", "score": 16.278705693125573}
{"docno": "S7ff3157c-Aa4bb0d0d", "score": 16.236612122787108}
{"docno": "S84cf09b2-Add51cb4f", "score": 16.236219391543028}
{"docno": "Sa5744864-A4eb37548", "score": 16.2326288913988}
{"docno": "S1a14ba21-A6579f6ff", "score": 16.215986290132236}
{"docno": "S6702415d-A4cf24c28", "score": 16.200713460677022}
{"docno": "S2290faab-A5266badc", "score": 16.167674513365203}
{"docno": "S47ca8922-A85e728a", "score": 16.152102336162542}
{"docno": "S1cb8ccf8-Afd614e31", "score": 16.144735377423665}
{"docno": "S670240c2-Ad3df975", "score": 16.112624894284604}
{"docno": "Sf29afe5-Afa5f2d1b", "score": 16.108527455826444}
{"docno": "Sf4649d91-A4c4dd26d", "score": 16.10361825723026}
{"docno": "S541f2011-Abd5e5f2f", "score": 16.092094402799425}
{"docno": "S9f22a998-Ab4df3773", "score": 16.09103509325527}
{"docno": "S47e72d43-A47f0359", "score": 16.085170509847753}
{"docno": "Sb38c2a52-A90d3d290", "score": 16.060685938792624}
{"docno": "S47ca9b8a-A95cf93fe", "score": 16.008819469545436}
{"docno": "S32f403e5-Aca4eacd6", "score": 16.003658499924676}
{"docno": "Sb186eedb-A27037b14", "score": 15.988539339275652}
{"docno": "S8c304d96-A385b3c21", "score": 15.987930873361766}
{"docno": "Sc87ab0b-Ac6a5802b", "score": 15.978871637162031}
{"docno": "S6702c425-A84115047", "score": 15.970807071058495}
{"docno": "Sc2c624b7-A5edc9b22", "score": 15.969041532845552}
{"docno": "S6702411f-Aad79bc1f", "score": 15.948045345719791}
{"docno": "S3150b680-Af1e64394", "score": 15.943591295578653}
{"docno": "S47ca0182-A33aca282", "score": 15.905788174920733}
{"docno": "Sb1859161-A16592eb6", "score": 15.899796402577213}
{"docno": "S48e4db2d-Ae1dede7c", "score": 15.885397263253665}
{"docno": "Se0335252-A64ada886", "score": 15.877499243645373}
{"docno": "S54a472a0-Ac895f92c", "score": 15.864312270761118}
{"docno": "Sb186fa1e-A1321854c", "score": 15.852132833078489}
{"docno": "S131b8b6d-A6c7a316c", "score": 15.788718123998997}
{"docno": "S577c120c-Afe2c", "score": 15.764876546512685}
{"docno": "Sb67fc3fb-Af82c4d5", "score": 15.764876546512685}
{"docno": "Sb18766bd-A18aca986", "score": 15.75416287469421}
{"docno": "S81e767ea-A4bf3969f", "score": 15.749589514542588}
{"docno": "Sce3113bf-A2db31491", "score": 15.738262982054975}
{"docno": "Se0f0d156-A858066b6", "score": 15.718674836662572}
{"docno": "Sb1870868-A95a38905", "score": 15.711020134005736}
{"docno": "Sb1870849-A95a38905", "score": 15.711020134005736}
{"docno": "Sb187059f-A95a38905", "score": 15.711020134005736}
{"docno": "Sb1870887-A95a38905", "score": 15.711020134005736}
{"docno": "S8a1abaf1-A8a0e9d70", "score": 15.706419895575795}
{"docno": "S94b82223-A20a845e8", "score": 15.6871374223469}
{"docno": "S67e963e4-A836a1f76", "score": 15.66223950674863}
{"docno": "S9907a3c9-A2cac6b1", "score": 15.645478552596973}
{"docno": "Sb1ca3201-Abbc06a74", "score": 15.623741462817874}
{"docno": "Sb1876a40-A56bee7c", "score": 15.60144753043991}
{"docno": "S7586b460-A50312d15", "score": 15.599656816912695}
{"docno": "S3e1e0ade-A9f9f0dff", "score": 15.560573515736149}
{"docno": "Sd3382751-A285e477a", "score": 15.559050692768324}
{"docno": "S75c64edd-A99424349", "score": 15.548731655930688}
{"docno": "S8986ecb8-A68a856fb", "score": 15.539592406634537}
{"docno": "S3b40d888-A18786dbc", "score": 15.536317867181598}
{"docno": "Sb187e2fb-Af13633cf", "score": 15.533927964518156}
{"docno": "S75852ab9-A85b77f6d", "score": 15.533927964518156}
{"docno": "S226548e5-A9827e095", "score": 15.533927964518156}
{"docno": "Sb185a76b-A25caf77b", "score": 15.533927964518156}
{"docno": "Sb1877906-Abe284879", "score": 15.518503001634128}
{"docno": "S81f5cb0-A28223b2a", "score": 15.515281541913687}
{"type": "toggleArgument", "timestamp": "2025-06-26T10:31:08.589Z", "sessionID": "7e5e1c25-82bf-4a9e-b645-2adddcba5c9a", "rank": "1", "doc": "S54a472bf-Add5f1644", "action": "expand", "doclen": 392, "score": 7.969127089862189}
{"type": "toggleArgument", "timestamp": "2025-06-26T10:31:36.525Z", "sessionID": "7e5e1c25-82bf-4a9e-b645-2adddcba5c9a", "rank": "3", "doc": "Sa039e5e3-Aa7e5f5b8", "action": "expand", "doclen": 602, "score": 9.899341986640986}
{"type": "StanceClicked", "timestamp": "2025-06-26T10:31:48.565Z", "sessionID": "7e5e1c25-82bf-4a9e-b645-2adddcba5c9a", "rank": "3", "stance": "pro", "action": "chooseStance", "doc": "Sa039e5e3-Aa7e5f5b8", "doclen": 602, "score": 9.899341986640986}
{"type": "toggleArgument", "timestamp": "2025-06-26T10:31:55.733Z", "sessionID": "7e5e1c25-82bf-4a9e-b645-2adddcba5c9a", "rank": "4", "doc": "Sb38c2a52-A46bf90c3", "action": "expand", "doclen": 692, "score": 7.835684188115226}
{"type": "toggleArgument", "timestamp": "2025-06-26T10:32:07.165Z", "sessionID": "7e5e1c25-82bf-4a9e-b645-2adddcba5c9a", "rank": "5", "doc": "S6141ed46-Af76542a7", "action": "expand", "doclen": 200, "score": 17.442970285620547}
{"type": "toggleArgument", "timestamp": "2025-06-26T10:32:29.685Z", "sessionID": "7e5e1c25-82bf-4a9e-b645-2adddcba5c9a", "rank": "6", "doc": "S271173e1-A6cd6a96a", "action": "expand", "doclen": 192, "score": 17.442970285620547}
{"type": "StanceClicked", "timestamp": "2025-06-26T10:32:41.205Z", "sessionID": "7e5e1c25-82bf-4a9e-b645-2adddcba5c9a", "rank": "6", "stance": "con", "action": "chooseStance", "doc": "S271173e1-A6cd6a96a", "doclen": 192, "score": 17.442970285620547}
{"type": "toggleArgument", "timestamp": "2025-06-26T10:32:50.037Z", "sessionID": "7e5e1c25-82bf-4a9e-b645-2adddcba5c9a", "rank": "7", "doc": "S72a540d2-Ad42b5d4d", "action": "expand", "doclen": 1756, "score": 7.849198075599849}
{"type": "StanceClicked", "timestamp": "2025-06-26T10:33:28.413Z", "sessionID": "7e5e1c25-82bf-4a9e-b645-2adddcba5c9a", "rank": "7", "stance": "pro", "action": "chooseStance", "doc": "S72a540d2-Ad42b5d4d", "doclen": 1756, "score": 7.849198075599849}
{"type": "toggleArgument", "timestamp": "2025-06-26T10:33:42.749Z", "sessionID": "7e5e1c25-82bf-4a9e-b645-2adddcba5c9a", "rank": "8", "doc": "Sb1860905-A4133a030", "action": "expand", "doclen": 470, "score": 9.77694148199129}
{"type": "StanceClicked", "timestamp": "2025-06-26T10:33:58.285Z", "sessionID": "7e5e1c25-82bf-4a9e-b645-2adddcba5c9a", "rank": "8", "stance": "con", "action": "chooseStance", "doc": "Sb1860905-A4133a030", "doclen": 470, "score": 9.77694148199129}
{"type": "toggleArgument", "timestamp": "2025-06-26T10:34:02.445Z", "sessionID": "7e5e1c25-82bf-4a9e-b645-2adddcba5c9a", "rank": "9", "doc": "S6141ed46-A31608fd6", "action": "expand", "doclen": 395, "score": 7.898060254307428}
{"type": "toggleArgument", "timestamp": "2025-06-26T10:34:34.733Z", "sessionID": "7e5e1c25-82bf-4a9e-b645-2adddcba5c9a", "rank": "10", "doc": "S3dff2ca7-A741b6872", "action": "expand", "doclen": 290, "score": 7.898060254307428}
{"type": "StanceClicked", "timestamp": "2025-06-26T10:34:47.021Z", "sessionID": "7e5e1c25-82bf-4a9e-b645-2adddcba5c9a", "rank": "10", "stance": "con", "action": "chooseStance", "doc": "S3dff2ca7-A741b6872", "doclen": 290, "score": 7.898060254307428}
{"type": "queryBoxFocused", "timestamp": "2025-06-26T10:34:48.983Z", "sessionID": "7e5e1c25-82bf-4a9e-b645-2adddcba5c9a"}
{"type": "querySubmitted", "timestamp": "2025-06-26T10:35:01.710Z", "sessionID": "7e5e1c25-82bf-4a9e-b645-2adddcba5c9a", "query": "pro legal abortion"}
{"docno": "S54a472bf-Add5f1644", "score": 17.76570016924849}
{"docno": "S1eb8b86d-Aa46e6f5c", "score": 17.608962355802152}
{"docno": "Sa039e5e3-Aa7e5f5b8", "score": 17.534127888370907}
{"docno": "Sb38c2a52-A46bf90c3", "score": 17.496468745790622}
{"docno": "S6141ed46-Af76542a7", "score": 17.442970285620547}
{"docno": "S271173e1-A6cd6a96a", "score": 17.442970285620547}
{"docno": "S72a540d2-Ad42b5d4d", "score": 17.360218540280158}
{"docno": "Sb1860905-A4133a030", "score": 17.334830576867322}
{"docno": "S6141ed46-A31608fd6", "score": 17.309189756560656}
{"docno": "S3dff2ca7-A741b6872", "score": 17.309189756560656}
{"docno": "S3dff2c88-A741b6872", "score": 17.309189756560656}
{"docno": "Sf98398d2-A75b30b83", "score": 17.28906739147933}
{"docno": "S684fcb10-Aca128861", "score": 17.123649291071942}
{"docno": "S684fcb2f-Aca128861", "score": 17.123649291071942}
{"docno": "Sb185997e-A73709ac0", "score": 17.123345178482033}
{"docno": "Sc7ab4e76-Ad7a7aadb", "score": 17.08367041484319}
{"docno": "Sc32a8d70-A7b024c5c", "score": 16.965146972907196}
{"docno": "Sb1869086-Acb503ae9", "score": 16.957999259341154}
{"docno": "S215e6408-A1188fa5", "score": 16.95261253047531}
{"docno": "S7586cae6-A158c6cd1", "score": 16.84770238716078}
{"docno": "S20a83604-A1ed3ef55", "score": 16.82244577931233}
{"docno": "Sb1867a1f-Aa8a5793f", "score": 16.77004766776802}
{"docno": "S8254cf20-Ab70a15c6", "score": 16.767553556186282}
{"docno": "Sb185a445-Abb78bac1", "score": 16.713082409136803}
{"docno": "S7586b87e-A10f752bc", "score": 16.657653303817217}
{"docno": "Sb1869bc9-A1c2e073", "score": 16.64438164134574}
{"docno": "Sb1861103-Ab4e622f4", "score": 16.61632435722834}
{"docno": "S6ecae059-A5d739e7", "score": 16.562801305221114}
{"docno": "Sb187e2bd-A6a153590", "score": 16.53704754344588}
{"docno": "S7b4e7a52-Aaaf08692", "score": 16.514778850059848}
{"docno": "Sadc4406d-A8f8b63c8", "score": 16.403988194297874}
{"docno": "S7586b8bc-A76414ae9", "score": 16.345789575788505}
{"docno": "Sf03a8a90-A5f778d5a", "score": 16.32199165952312}
{"docno": "S45d1bbfd-A2a8d0110", "score": 16.319503117473005}
{"docno": "Sb186236b-A112da266", "score": 16.310392912429528}
{"docno": "Sb186fd82-A8e9885e8", "score": 16.30066043226204}
{"docno": "S95429d47-A93226351", "score": 16.290895338523}
{"docno": "Se12b543e-A46a06520", "score": 16.285138517072312}
{"docno": "Seb9194de-A71d29742", "score": 16.285138517072312}
{"docno": "Sbcd69901-Ad5485f5e", "score": 16.28095718005915}
{"docno": "S362e855d-A23057cba", "score": 16.278705693125573}
{"docno": "S7ff3157c-Aa4bb0d0d", "score": 16.236612122787108}
{"docno": "S84cf09b2-Add51cb4f", "score": 16.236219391543028}
{"docno": "Sa5744864-A4eb37548", "score": 16.2326288913988}
{"docno": "S1a14ba21-A6579f6ff", "score": 16.215986290132236}
{"docno": "S6702415d-A4cf24c28", "score": 16.200713460677022}
{"docno": "S2290faab-A5266badc", "score": 16.167674513365203}
{"docno": "S47ca8922-A85e728a", "score": 16.152102336162542}
{"docno": "S1cb8ccf8-Afd614e31", "score": 16.144735377423665}
{"docno": "S670240c2-Ad3df975", "score": 16.112624894284604}
{"docno": "Sf29afe5-Afa5f2d1b", "score": 16.108527455826444}
{"docno": "Sf4649d91-A4c4dd26d", "score": 16.10361825723026}
{"docno": "S541f2011-Abd5e5f2f", "score": 16.092094402799425}
{"docno": "S9f22a998-Ab4df3773", "score": 16.09103509325527}
{"docno": "S47e72d43-A47f0359", "score": 16.085170509847753}
{"docno": "Sb38c2a52-A90d3d290", "score": 16.060685938792624}
{"docno": "S47ca9b8a-A95cf93fe", "score": 16.008819469545436}
{"docno": "S32f403e5-Aca4eacd6", "score": 16.003658499924676}
{"docno": "Sb186eedb-A27037b14", "score": 15.988539339275652}
{"docno": "S8c304d96-A385b3c21", "score": 15.987930873361766}
{"docno": "Sc87ab0b-Ac6a5802b", "score": 15.978871637162031}
{"docno": "S6702c425-A84115047", "score": 15.970807071058495}
{"docno": "Sc2c624b7-A5edc9b22", "score": 15.969041532845552}
{"docno": "S6702411f-Aad79bc1f", "score": 15.948045345719791}
{"docno": "S3150b680-Af1e64394", "score": 15.943591295578653}
{"docno": "S47ca0182-A33aca282", "score": 15.905788174920733}
{"docno": "Sb1859161-A16592eb6", "score": 15.899796402577213}
{"docno": "S48e4db2d-Ae1dede7c", "score": 15.885397263253665}
{"docno": "Se0335252-A64ada886", "score": 15.877499243645373}
{"docno": "S54a472a0-Ac895f92c", "score": 15.864312270761118}
{"docno": "Sb186fa1e-A1321854c", "score": 15.852132833078489}
{"docno": "S131b8b6d-A6c7a316c", "score": 15.788718123998997}
{"docno": "S577c120c-Afe2c", "score": 15.764876546512685}
{"docno": "Sb67fc3fb-Af82c4d5", "score": 15.764876546512685}
{"docno": "Sb18766bd-A18aca986", "score": 15.75416287469421}
{"docno": "S81e767ea-A4bf3969f", "score": 15.749589514542588}
{"docno": "Sce3113bf-A2db31491", "score": 15.738262982054975}
{"docno": "Se0f0d156-A858066b6", "score": 15.718674836662572}
{"docno": "Sb1870868-A95a38905", "score": 15.711020134005736}
{"docno": "Sb1870849-A95a38905", "score": 15.711020134005736}
{"docno": "Sb187059f-A95a38905", "score": 15.711020134005736}
{"docno": "Sb1870887-A95a38905", "score": 15.711020134005736}
{"docno": "S8a1abaf1-A8a0e9d70", "score": 15.706419895575795}
{"docno": "S94b82223-A20a845e8", "score": 15.6871374223469}
{"docno": "S67e963e4-A836a1f76", "score": 15.66223950674863}
{"docno": "S9907a3c9-A2cac6b1", "score": 15.645478552596973}
{"docno": "Sb1ca3201-Abbc06a74", "score": 15.623741462817874}
{"docno": "Sb1876a40-A56bee7c", "score": 15.60144753043991}
{"docno": "S7586b460-A50312d15", "score": 15.599656816912695}
{"docno": "S3e1e0ade-A9f9f0dff", "score": 15.560573515736149}
{"docno": "Sd3382751-A285e477a", "score": 15.559050692768324}
{"docno": "S75c64edd-A99424349", "score": 15.548731655930688}
{"docno": "S8986ecb8-A68a856fb", "score": 15.539592406634537}
{"docno": "S3b40d888-A18786dbc", "score": 15.536317867181598}
{"docno": "Sb187e2fb-Af13633cf", "score": 15.533927964518156}
{"docno": "S75852ab9-A85b77f6d", "score": 15.533927964518156}
{"docno": "S226548e5-A9827e095", "score": 15.533927964518156}
{"docno": "Sb185a76b-A25caf77b", "score": 15.533927964518156}
{"docno": "Sb1877906-Abe284879", "score": 15.518503001634128}
{"docno": "S81f5cb0-A28223b2a", "score": 15.515281541913687}
{"type": "toggleArgument", "timestamp": "2025-06-26T10:35:06.037Z", "sessionID": "7e5e1c25-82bf-4a9e-b645-2adddcba5c9a", "rank": "1", "doc": "S54a472bf-Add5f1644", "action": "expand", "doclen": 392, "score": 7.969127089862189}
{"type": "toggleArgument", "timestamp": "2025-06-26T10:35:10.061Z", "sessionID": "7e5e1c25-82bf-4a9e-b645-2adddcba5c9a", "rank": "2", "doc": "S1eb8b86d-Aa46e6f5c", "action": "expand", "doclen": 1102, "score": 10.21845460959876}
{"type": "toggleArgument", "timestamp": "2025-06-26T10:35:16.860Z", "sessionID": "7e5e1c25-82bf-4a9e-b645-2adddcba5c9a", "rank": "4", "doc": "Sb38c2a52-A46bf90c3", "action": "expand", "doclen": 692, "score": 7.835684188115226}
{"type": "pageNavigationClicked", "timestamp": "2025-06-26T10:35:27.269Z", "sessionID": "7e5e1c25-82bf-4a9e-b645-2adddcba5c9a", "clicked": "2", "fromPage": 1, "toPage": 2}
{"type": "toggleArgument", "timestamp": "2025-06-26T10:35:31.405Z", "sessionID": "7e5e1c25-82bf-4a9e-b645-2adddcba5c9a", "rank": "11", "doc": "S3dff2c88-A741b6872", "action": "expand", "doclen": 290, "score": 7.898060254307428}
{"type": "StanceClicked", "timestamp": "2025-06-26T10:35:39.493Z", "sessionID": "7e5e1c25-82bf-4a9e-b645-2adddcba5c9a", "rank": "11", "stance": "con", "action": "chooseStance", "doc": "S3dff2c88-A741b6872", "doclen": 290, "score": 7.898060254307428}
{"type": "toggleArgument", "timestamp": "2025-06-26T10:35:42.157Z", "sessionID": "7e5e1c25-82bf-4a9e-b645-2adddcba5c9a", "rank": "12", "doc": "Sf98398d2-A75b30b83", "action": "expand", "doclen": 220, "score": 9.880416687711675}
{"type": "queryBoxFocused", "timestamp": "2025-06-26T10:35:49.167Z", "sessionID": "7e5e1c25-82bf-4a9e-b645-2adddcba5c9a"}
{"type": "querySubmitted", "timestamp": "2025-06-26T10:35:57.309Z", "sessionID": "7e5e1c25-82bf-4a9e-b645-2adddcba5c9a", "query": "get legally abortion"}
{"docno": "S54a472bf-Add5f1644", "score": 17.76570016924849}
{"docno": "S1eb8b86d-Aa46e6f5c", "score": 17.608962355802152}
{"docno": "Sa039e5e3-Aa7e5f5b8", "score": 17.534127888370907}
{"docno": "Sb38c2a52-A46bf90c3", "score": 17.496468745790622}
{"docno": "S6141ed46-Af76542a7", "score": 17.442970285620547}
{"docno": "S271173e1-A6cd6a96a", "score": 17.442970285620547}
{"docno": "S72a540d2-Ad42b5d4d", "score": 17.360218540280158}
{"docno": "Sb1860905-A4133a030", "score": 17.334830576867322}
{"docno": "S6141ed46-A31608fd6", "score": 17.309189756560656}
{"docno": "S3dff2ca7-A741b6872", "score": 17.309189756560656}
{"docno": "S3dff2c88-A741b6872", "score": 17.309189756560656}
{"docno": "Sf98398d2-A75b30b83", "score": 17.28906739147933}
{"docno": "S684fcb10-Aca128861", "score": 17.123649291071942}
{"docno": "S684fcb2f-Aca128861", "score": 17.123649291071942}
{"docno": "Sb185997e-A73709ac0", "score": 17.123345178482033}
{"docno": "Sc7ab4e76-Ad7a7aadb", "score": 17.08367041484319}
{"docno": "Sc32a8d70-A7b024c5c", "score": 16.965146972907196}
{"docno": "Sb1869086-Acb503ae9", "score": 16.957999259341154}
{"docno": "S215e6408-A1188fa5", "score": 16.95261253047531}
{"docno": "S7586cae6-A158c6cd1", "score": 16.84770238716078}
{"docno": "S20a83604-A1ed3ef55", "score": 16.82244577931233}
{"docno": "Sb1867a1f-Aa8a5793f", "score": 16.77004766776802}
{"docno": "S8254cf20-Ab70a15c6", "score": 16.767553556186282}
{"docno": "Sb185a445-Abb78bac1", "score": 16.713082409136803}
{"docno": "S7586b87e-A10f752bc", "score": 16.657653303817217}
{"docno": "Sb1869bc9-A1c2e073", "score": 16.64438164134574}
{"docno": "Sb1861103-Ab4e622f4", "score": 16.61632435722834}
{"docno": "S6ecae059-A5d739e7", "score": 16.562801305221114}
{"docno": "Sb187e2bd-A6a153590", "score": 16.53704754344588}
{"docno": "S7b4e7a52-Aaaf08692", "score": 16.514778850059848}
{"docno": "Sadc4406d-A8f8b63c8", "score": 16.403988194297874}
{"docno": "S7586b8bc-A76414ae9", "score": 16.345789575788505}
{"docno": "Sf03a8a90-A5f778d5a", "score": 16.32199165952312}
{"docno": "S45d1bbfd-A2a8d0110", "score": 16.319503117473005}
{"docno": "Sb186236b-A112da266", "score": 16.310392912429528}
{"docno": "Sb186fd82-A8e9885e8", "score": 16.30066043226204}
{"docno": "S95429d47-A93226351", "score": 16.290895338523}
{"docno": "Se12b543e-A46a06520", "score": 16.285138517072312}
{"docno": "Seb9194de-A71d29742", "score": 16.285138517072312}
{"docno": "Sbcd69901-Ad5485f5e", "score": 16.28095718005915}
{"docno": "S362e855d-A23057cba", "score": 16.278705693125573}
{"docno": "S7ff3157c-Aa4bb0d0d", "score": 16.236612122787108}
{"docno": "S84cf09b2-Add51cb4f", "score": 16.236219391543028}
{"docno": "Sa5744864-A4eb37548", "score": 16.2326288913988}
{"docno": "S1a14ba21-A6579f6ff", "score": 16.215986290132236}
{"docno": "S6702415d-A4cf24c28", "score": 16.200713460677022}
{"docno": "S2290faab-A5266badc", "score": 16.167674513365203}
{"docno": "S47ca8922-A85e728a", "score": 16.152102336162542}
{"docno": "S1cb8ccf8-Afd614e31", "score": 16.144735377423665}
{"docno": "S670240c2-Ad3df975", "score": 16.112624894284604}
{"docno": "Sf29afe5-Afa5f2d1b", "score": 16.108527455826444}
{"docno": "Sf4649d91-A4c4dd26d", "score": 16.10361825723026}
{"docno": "S541f2011-Abd5e5f2f", "score": 16.092094402799425}
{"docno": "S9f22a998-Ab4df3773", "score": 16.09103509325527}
{"docno": "S47e72d43-A47f0359", "score": 16.085170509847753}
{"docno": "Sb38c2a52-A90d3d290", "score": 16.060685938792624}
{"docno": "S47ca9b8a-A95cf93fe", "score": 16.008819469545436}
{"docno": "S32f403e5-Aca4eacd6", "score": 16.003658499924676}
{"docno": "Sb186eedb-A27037b14", "score": 15.988539339275652}
{"docno": "S8c304d96-A385b3c21", "score": 15.987930873361766}
{"docno": "Sc87ab0b-Ac6a5802b", "score": 15.978871637162031}
{"docno": "S6702c425-A84115047", "score": 15.970807071058495}
{"docno": "Sc2c624b7-A5edc9b22", "score": 15.969041532845552}
{"docno": "S6702411f-Aad79bc1f", "score": 15.948045345719791}
{"docno": "S3150b680-Af1e64394", "score": 15.943591295578653}
{"docno": "S47ca0182-A33aca282", "score": 15.905788174920733}
{"docno": "Sb1859161-A16592eb6", "score": 15.899796402577213}
{"docno": "S48e4db2d-Ae1dede7c", "score": 15.885397263253665}
{"docno": "Se0335252-A64ada886", "score": 15.877499243645373}
{"docno": "S54a472a0-Ac895f92c", "score": 15.864312270761118}
{"docno": "Sb186fa1e-A1321854c", "score": 15.852132833078489}
{"docno": "S131b8b6d-A6c7a316c", "score": 15.788718123998997}
{"docno": "S577c120c-Afe2c", "score": 15.764876546512685}
{"docno": "Sb67fc3fb-Af82c4d5", "score": 15.764876546512685}
{"docno": "Sb18766bd-A18aca986", "score": 15.75416287469421}
{"docno": "S81e767ea-A4bf3969f", "score": 15.749589514542588}
{"docno": "Sce3113bf-A2db31491", "score": 15.738262982054975}
{"docno": "Se0f0d156-A858066b6", "score": 15.718674836662572}
{"docno": "Sb1870868-A95a38905", "score": 15.711020134005736}
{"docno": "Sb1870849-A95a38905", "score": 15.711020134005736}
{"docno": "Sb187059f-A95a38905", "score": 15.711020134005736}
{"docno": "Sb1870887-A95a38905", "score": 15.711020134005736}
{"docno": "S8a1abaf1-A8a0e9d70", "score": 15.706419895575795}
{"docno": "S94b82223-A20a845e8", "score": 15.6871374223469}
{"docno": "S67e963e4-A836a1f76", "score": 15.66223950674863}
{"docno": "S9907a3c9-A2cac6b1", "score": 15.645478552596973}
{"docno": "Sb1ca3201-Abbc06a74", "score": 15.623741462817874}
{"docno": "Sb1876a40-A56bee7c", "score": 15.60144753043991}
{"docno": "S7586b460-A50312d15", "score": 15.599656816912695}
{"docno": "S3e1e0ade-A9f9f0dff", "score": 15.560573515736149}
{"docno": "Sd3382751-A285e477a", "score": 15.559050692768324}
{"docno": "S75c64edd-A99424349", "score": 15.548731655930688}
{"docno": "S8986ecb8-A68a856fb", "score": 15.539592406634537}
{"docno": "S3b40d888-A18786dbc", "score": 15.536317867181598}
{"docno": "Sb187e2fb-Af13633cf", "score": 15.533927964518156}
{"docno": "S75852ab9-A85b77f6d", "score": 15.533927964518156}
{"docno": "S226548e5-A9827e095", "score": 15.533927964518156}
{"docno": "Sb185a76b-A25caf77b", "score": 15.533927964518156}
{"docno": "Sb1877906-Abe284879", "score": 15.518503001634128}
{"docno": "S81f5cb0-A28223b2a", "score": 15.515281541913687}
{"type": "pageNavigationClicked", "timestamp": "2025-06-26T10:36:08.069Z", "sessionID": "7e5e1c25-82bf-4a9e-b645-2adddcba5c9a", "clicked": "2", "fromPage": 1, "toPage": 2}
{"type": "toggleArgument", "timestamp": "2025-06-26T10:36:13.325Z", "sessionID": "7e5e1c25-82bf-4a9e-b645-2adddcba5c9a", "rank": "12", "doc": "Sf98398d2-A75b30b83", "action": "expand", "doclen": 220, "score": 9.880416687711675}
{"type": "ClickedEndTask", "timestamp": "2025-06-26T10:36:23.397Z", "sessionID": "7e5e1c25-82bf-4a9e-b645-2adddcba5c9a"}
{"type": "TaskEndConfirmed", "timestamp": "2025-06-26T10:36:26.213Z", "sessionID": "7e5e1c25-82bf-4a9e-b645-2adddcba5c9a"}
{"type": "TaskEnded", "timestamp": "2025-06-26T10:36:48.869Z", "sessionID": "7e5e1c25-82bf-4a9e-b645-2adddcba5c9a", "reason": "the time is up", "translated_reason": "The Time Is Up"}
