{"type": "TaskStarted", "timestamp": "2025-06-26T10:19:32.011Z", "sessionID": "e3fc4171-fe72-43e6-af21-c205e8499c95", "task": "2", "uid": "Participant5", "topic": "Should marijuana be a medical option?"}
{"type": "queryBoxFocused", "timestamp": "2025-06-26T10:19:37.544Z", "sessionID": "e3fc4171-fe72-43e6-af21-c205e8499c95"}
{"type": "queryBoxFocused", "timestamp": "2025-06-26T10:19:41.853Z", "sessionID": "e3fc4171-fe72-43e6-af21-c205e8499c95"}
{"type": "querySubmitted", "timestamp": "2025-06-26T10:19:49.747Z", "sessionID": "e3fc4171-fe72-43e6-af21-c205e8499c95", "query": "Marijuana in medicine"}
{"docno": "S421114c2-A32a39c43", "score": 25.50794591602245}
{"docno": "S421114c2-Ac1c1f41f", "score": 25.460451987430112}
{"docno": "S89fd39b5-Ac5a76507", "score": 24.810157930678002}
{"docno": "S89fd39b5-A689a1065", "score": 24.683445839775796}
{"docno": "S8c493086-A1db59bee", "score": 24.31412949386315}
{"docno": "S87b8c230-Ad7fcbd85", "score": 23.93441150742207}
{"docno": "Sd267a8d5-A9ea90eeb", "score": 23.883745633866795}
{"docno": "Sd267a8f4-A8cc2db34", "score": 23.604444912915255}
{"docno": "Sd9c294ad-A65bf9eca", "score": 23.4889580891032}
{"docno": "Sb14ffcd0-A31582eae", "score": 23.29055165443268}
{"docno": "Sffcf93d6-A3fd53ecc", "score": 23.21429429907567}
{"docno": "S66907055-A393eddd6", "score": 23.204638939487808}
{"docno": "Sc6aab7ec-A66594f58", "score": 23.189163212591154}
{"docno": "Sd267acf3-Aa6bd58db", "score": 23.175756552914386}
{"docno": "Sc0881ce0-Ad0d4a11f", "score": 23.14118323201157}
{"docno": "S35e725d0-Aa6a128f", "score": 22.841329618303007}
{"docno": "Sde9f97e-A6b55083a", "score": 22.803240955734772}
{"docno": "S421114c2-Ae3803e78", "score": 22.7884695688699}
{"docno": "Sd9e09240-Adda7f7e7", "score": 22.630266949282213}
{"docno": "S55508c0e-Ae3b82bcb", "score": 22.62906559428}
{"docno": "S575d7a7e-Abeb20d4a", "score": 22.610463645991025}
{"docno": "S421114c2-Ab36d19dc", "score": 22.358916154085616}
{"docno": "S6c71015a-A3605fbe1", "score": 22.33567227784405}
{"docno": "S66036747-A7b7c3c", "score": 22.16191258517074}
{"docno": "S4f2bd943-A557f1054", "score": 22.04532230882299}
{"docno": "S35e725d0-A2f54feaf", "score": 21.969421792109152}
{"docno": "S87b8c230-A24b75240", "score": 21.948847875309966}
{"docno": "S86fca776-A83f15e76", "score": 21.866742777387785}
{"docno": "S678a1efc-A73c2b2d8", "score": 21.866209334747907}
{"docno": "Sd267a533-A65a6240e", "score": 21.84407687442935}
{"docno": "Sffcf93d6-Ad5b7b887", "score": 21.809711554123346}
{"docno": "S421114c2-A4751cdf1", "score": 21.757542397423613}
{"docno": "S4d3852ce-A69468ca5", "score": 21.64444478880283}
{"docno": "S4ab35585-A68bba80e", "score": 21.635876131896616}
{"docno": "S4ab35585-Ac36f2e44", "score": 21.524766098443287}
{"docno": "S5d56b6d8-A7103a830", "score": 21.51657527314555}
{"docno": "S87b8c230-A8d21c17f", "score": 21.51657527314555}
{"docno": "S174dab15-A897bc1", "score": 21.456734852192564}
{"docno": "S87b8c230-A697a0732", "score": 21.402851922165166}
{"docno": "Sdc68ec3e-A3574da4a", "score": 21.337001899475617}
{"docno": "Saaec8cf8-Abf73b2c9", "score": 21.29645124387514}
{"docno": "S35e725d0-A265ed035", "score": 21.294716037908024}
{"docno": "S421114c2-Ae7ea7fab", "score": 21.163843716164898}
{"docno": "S86fca776-Acc3cdae4", "score": 21.163352129376857}
{"docno": "S174dab15-Ac9a1681c", "score": 21.03189195210578}
{"docno": "S50db9c8e-Af441a1a2", "score": 21.012597668576973}
{"docno": "S87b8c230-Af8922eb9", "score": 20.950319429012332}
{"docno": "Seec21427-Ab61404e", "score": 20.907604705736365}
{"docno": "S59d1f8b8-Ac892c183", "score": 20.85613439923665}
{"docno": "S35044bb3-A76f2573d", "score": 20.743639531169627}
{"docno": "S35044b75-A6f2b8ba4", "score": 20.721738185275157}
{"docno": "Sb14ffcd0-A69c98a3e", "score": 20.68952710010592}
{"docno": "Sae9c57ab-Ab625ff60", "score": 20.630812954491084}
{"docno": "S111ea869-Af644fe61", "score": 20.615435551126538}
{"docno": "S174daad7-A5bac6cf5", "score": 20.59482075400917}
{"docno": "Sd267a8d5-A94da0811", "score": 20.588637081102284}
{"docno": "Sd267a8f4-A94da0811", "score": 20.588637081102284}
{"docno": "S87b8c230-A6a2e950b", "score": 20.488840653705708}
{"docno": "S4db649d3-A9f730c0e", "score": 20.477617523922962}
{"docno": "S74e915ac-A2540ac96", "score": 20.37624057880439}
{"docno": "Sb075eec1-A3d85bb54", "score": 20.273244022250818}
{"docno": "Sd9e09240-Abcba1810", "score": 20.229475681081325}
{"docno": "Sd3f81495-Ad54fee6b", "score": 20.223128486327344}
{"docno": "Sd267a533-A8a9f4481", "score": 20.209879720770033}
{"docno": "S87b8c230-A188e0120", "score": 20.209879720770033}
{"docno": "S87b8c230-Ab60b5bf2", "score": 20.151992695630035}
{"docno": "S4d3852ce-A5cf38a0d", "score": 20.08914837445787}
{"docno": "S174daa99-Ad7d1de66", "score": 20.072300276176065}
{"docno": "S87b8c230-A44fe5dc2", "score": 20.049836988367016}
{"docno": "Sc6aab7ec-A26b0e029", "score": 20.029148944818814}
{"docno": "Sbb8abd7a-A41e2f17d", "score": 19.9917913575762}
{"docno": "Sffcf93d6-Ae719a423", "score": 19.923705225672308}
{"docno": "S7e67fe99-A504f8bd9", "score": 19.910603236252285}
{"docno": "S4ff0c27e-A8e7739d0", "score": 19.79648497727679}
{"docno": "S86da9e6a-A60d728a7", "score": 19.756289803143723}
{"docno": "Sbb8abd5b-Aeeeb966c", "score": 19.748669517939966}
{"docno": "S4aee985a-Aa12ba4f0", "score": 19.713630814900753}
{"docno": "S35044b94-Ab308eb5f", "score": 19.6957807972378}
{"docno": "S9821cb64-A7d435239", "score": 19.645717723273577}
{"docno": "Sd267a8d5-Aa0d22f6e", "score": 19.63301911331409}
{"docno": "Sd267a8f4-Aa0d22f6e", "score": 19.63301911331409}
{"docno": "S43987864-A7a5477fc", "score": 19.624962361131534}
{"docno": "Sfbfca9a3-Ac7e2917", "score": 19.5724145775583}
{"docno": "S174daab8-A323e5869", "score": 19.51084107025246}
{"docno": "S87b8c230-A465f1f19", "score": 19.490833845738035}
{"docno": "Sd9e09240-A1d95e386", "score": 19.48512447380803}
{"docno": "Sfad1e94f-Aa12d0c5e", "score": 19.476703419669406}
{"docno": "S66907055-A830542d5", "score": 19.458750312984897}
{"docno": "S59d1f83c-A5b6191a7", "score": 19.427205368783085}
{"docno": "Sd267a533-A56cb99c8", "score": 19.42122992532401}
{"docno": "S87b8c230-A618ac930", "score": 19.389872256397602}
{"docno": "S174dab53-A28a26f98", "score": 19.32904986755209}
{"docno": "Scdef1a4-A61411517", "score": 19.32066233882059}
{"docno": "Sd267a913-A52ab6400", "score": 19.311548905377695}
{"docno": "S8c493086-A4552c4df", "score": 19.291035743566535}
{"docno": "S87b8c230-Aa6d5de5e", "score": 19.285694520080103}
{"docno": "Sffcf93d6-A7e0a4cb8", "score": 19.282814347597157}
{"docno": "S87b8c230-Ae73054c", "score": 19.21255346115459}
{"docno": "Sbc00ee1b-A11843870", "score": 19.19944182108028}
{"docno": "Sd9e092bc-A9d8faf3a", "score": 19.152404535665674}
{"type": "StanceClicked", "timestamp": "2025-06-26T10:19:53.739Z", "sessionID": "e3fc4171-fe72-43e6-af21-c205e8499c95", "rank": "1", "stance": "pro", "action": "chooseStance", "doc": "S421114c2-A32a39c43", "doclen": 866, "score": 12.884886613728638}
{"type": "StanceClicked", "timestamp": "2025-06-26T10:19:54.427Z", "sessionID": "e3fc4171-fe72-43e6-af21-c205e8499c95", "rank": "2", "stance": "con", "action": "chooseStance", "doc": "S421114c2-Ac1c1f41f", "doclen": 1982, "score": 12.864836923218366}
{"type": "toggleArgument", "timestamp": "2025-06-26T10:20:06.210Z", "sessionID": "e3fc4171-fe72-43e6-af21-c205e8499c95", "rank": "1", "doc": "S421114c2-A32a39c43", "action": "expand", "doclen": 866, "score": 12.884886613728638}
{"type": "toggleArgument", "timestamp": "2025-06-26T10:20:40.875Z", "sessionID": "e3fc4171-fe72-43e6-af21-c205e8499c95", "rank": "3", "doc": "S89fd39b5-Ac5a76507", "action": "expand", "doclen": 689, "score": 27.154521744272543}
{"type": "StanceClicked", "timestamp": "2025-06-26T10:21:04.139Z", "sessionID": "e3fc4171-fe72-43e6-af21-c205e8499c95", "rank": "3", "stance": "con", "action": "chooseStance", "doc": "S89fd39b5-Ac5a76507", "doclen": 689, "score": 27.154521744272543}
{"type": "toggleArgument", "timestamp": "2025-06-26T10:21:11.283Z", "sessionID": "e3fc4171-fe72-43e6-af21-c205e8499c95", "rank": "4", "doc": "S89fd39b5-A689a1065", "action": "expand", "doclen": 229, "score": 24.683445839775796}
{"type": "toggleArgument", "timestamp": "2025-06-26T10:21:12.331Z", "sessionID": "e3fc4171-fe72-43e6-af21-c205e8499c95", "rank": "4", "doc": "S89fd39b5-A689a1065", "action": "reduce", "doclen": 229, "score": 24.683445839775796}
{"type": "StanceClicked", "timestamp": "2025-06-26T10:21:16.755Z", "sessionID": "e3fc4171-fe72-43e6-af21-c205e8499c95", "rank": "4", "stance": "con", "action": "chooseStance", "doc": "S89fd39b5-A689a1065", "doclen": 229, "score": 24.683445839775796}
{"type": "StanceClicked", "timestamp": "2025-06-26T10:21:25.875Z", "sessionID": "e3fc4171-fe72-43e6-af21-c205e8499c95", "rank": "5", "stance": "pro", "action": "chooseStance", "doc": "S8c493086-A1db59bee", "doclen": 392, "score": 24.31412949386315}
{"type": "StanceClicked", "timestamp": "2025-06-26T10:21:44.549Z", "sessionID": "e3fc4171-fe72-43e6-af21-c205e8499c95", "rank": "7", "stance": "pro", "action": "chooseStance", "doc": "Sd267a8d5-A9ea90eeb", "doclen": 668, "score": 23.883745633866795}
{"type": "StanceClicked", "timestamp": "2025-06-26T10:21:53.014Z", "sessionID": "e3fc4171-fe72-43e6-af21-c205e8499c95", "rank": "8", "stance": "pro", "action": "chooseStance", "doc": "Sd267a8f4-A8cc2db34", "doclen": 724, "score": 23.604444912915255}
{"type": "toggleArgument", "timestamp": "2025-06-26T10:21:58.573Z", "sessionID": "e3fc4171-fe72-43e6-af21-c205e8499c95", "rank": "8", "doc": "Sd267a8f4-A8cc2db34", "action": "expand", "doclen": 724, "score": 23.604444912915255}
{"type": "toggleArgument", "timestamp": "2025-06-26T10:22:13.845Z", "sessionID": "e3fc4171-fe72-43e6-af21-c205e8499c95", "rank": "9", "doc": "Sd9c294ad-A65bf9eca", "action": "expand", "doclen": 1636, "score": 17.170674670692286}
{"type": "toggleArgument", "timestamp": "2025-06-26T10:22:29.613Z", "sessionID": "e3fc4171-fe72-43e6-af21-c205e8499c95", "rank": "9", "doc": "Sd9c294ad-A65bf9eca", "action": "reduce", "doclen": 1636, "score": 17.170674670692286}
{"type": "toggleArgument", "timestamp": "2025-06-26T10:22:31.917Z", "sessionID": "e3fc4171-fe72-43e6-af21-c205e8499c95", "rank": "9", "doc": "Sd9c294ad-A65bf9eca", "action": "expand", "doclen": 1636, "score": 17.170674670692286}
{"type": "toggleArgument", "timestamp": "2025-06-26T10:22:58.726Z", "sessionID": "e3fc4171-fe72-43e6-af21-c205e8499c95", "rank": "10", "doc": "Sb14ffcd0-A31582eae", "action": "expand", "doclen": 908, "score": 22.690983276011238}
{"type": "StanceClicked", "timestamp": "2025-06-26T10:23:04.839Z", "sessionID": "e3fc4171-fe72-43e6-af21-c205e8499c95", "rank": "10", "stance": "pro", "action": "chooseStance", "doc": "Sb14ffcd0-A31582eae", "doclen": 908, "score": 22.690983276011238}
{"type": "pageNavigationClicked", "timestamp": "2025-06-26T10:23:06.262Z", "sessionID": "e3fc4171-fe72-43e6-af21-c205e8499c95", "clicked": "2", "fromPage": 1, "toPage": 2}
{"type": "toggleArgument", "timestamp": "2025-06-26T10:23:29.790Z", "sessionID": "e3fc4171-fe72-43e6-af21-c205e8499c95", "rank": "11", "doc": "Sffcf93d6-A3fd53ecc", "action": "expand", "doclen": 1481, "score": 24.463231338112337}
{"type": "StanceClicked", "timestamp": "2025-06-26T10:23:41.033Z", "sessionID": "e3fc4171-fe72-43e6-af21-c205e8499c95", "rank": "11", "stance": "pro", "action": "chooseStance", "doc": "Sffcf93d6-A3fd53ecc", "doclen": 1481, "score": 24.463231338112337}
{"type": "StanceClicked", "timestamp": "2025-06-26T10:23:43.328Z", "sessionID": "e3fc4171-fe72-43e6-af21-c205e8499c95", "rank": "12", "stance": "con", "action": "chooseStance", "doc": "S66907055-A393eddd6", "doclen": 1197, "score": 17.764459425154143}
{"type": "toggleArgument", "timestamp": "2025-06-26T10:24:02.520Z", "sessionID": "e3fc4171-fe72-43e6-af21-c205e8499c95", "rank": "13", "doc": "Sc6aab7ec-A66594f58", "action": "expand", "doclen": 859, "score": 23.125600665944027}
{"type": "StanceClicked", "timestamp": "2025-06-26T10:24:11.624Z", "sessionID": "e3fc4171-fe72-43e6-af21-c205e8499c95", "rank": "13", "stance": "con", "action": "chooseStance", "doc": "Sc6aab7ec-A66594f58", "doclen": 859, "score": 23.125600665944027}
{"type": "toggleArgument", "timestamp": "2025-06-26T10:24:18.584Z", "sessionID": "e3fc4171-fe72-43e6-af21-c205e8499c95", "rank": "14", "doc": "Sd267acf3-Aa6bd58db", "action": "expand", "doclen": 1495, "score": 24.278865377013496}
{"type": "StanceClicked", "timestamp": "2025-06-26T10:24:22.944Z", "sessionID": "e3fc4171-fe72-43e6-af21-c205e8499c95", "rank": "14", "stance": "pro", "action": "chooseStance", "doc": "Sd267acf3-Aa6bd58db", "doclen": 1495, "score": 24.278865377013496}
{"type": "queryBoxFocused", "timestamp": "2025-06-26T10:24:29.482Z", "sessionID": "e3fc4171-fe72-43e6-af21-c205e8499c95"}
{"type": "toggleArgument", "timestamp": "2025-06-26T10:24:36.529Z", "sessionID": "e3fc4171-fe72-43e6-af21-c205e8499c95", "rank": "15", "doc": "Sc0881ce0-Ad0d4a11f", "action": "expand", "doclen": 346, "score": 21.1361836780803}
{"type": "StanceClicked", "timestamp": "2025-06-26T10:24:50.674Z", "sessionID": "e3fc4171-fe72-43e6-af21-c205e8499c95", "rank": "15", "stance": "con", "action": "chooseStance", "doc": "Sc0881ce0-Ad0d4a11f", "doclen": 346, "score": 21.1361836780803}
{"type": "StanceClicked", "timestamp": "2025-06-26T10:25:04.018Z", "sessionID": "e3fc4171-fe72-43e6-af21-c205e8499c95", "rank": "20", "stance": "pro", "action": "chooseStance", "doc": "S55508c0e-Ae3b82bcb", "doclen": 1163, "score": 22.62906559428}
{"type": "toggleArgument", "timestamp": "2025-06-26T10:25:16.138Z", "sessionID": "e3fc4171-fe72-43e6-af21-c205e8499c95", "rank": "16", "doc": "S35e725d0-Aa6a128f", "action": "expand", "doclen": 2540, "score": 20.17261820764912}
{"type": "toggleArgument", "timestamp": "2025-06-26T10:25:19.050Z", "sessionID": "e3fc4171-fe72-43e6-af21-c205e8499c95", "rank": "17", "doc": "Sde9f97e-A6b55083a", "action": "expand", "doclen": 1562, "score": 13.046044432811284}
{"type": "toggleArgument", "timestamp": "2025-06-26T10:25:22.202Z", "sessionID": "e3fc4171-fe72-43e6-af21-c205e8499c95", "rank": "18", "doc": "S421114c2-Ae3803e78", "action": "expand", "doclen": 667, "score": 22.7884695688699}
{"type": "StanceClicked", "timestamp": "2025-06-26T10:25:24.170Z", "sessionID": "e3fc4171-fe72-43e6-af21-c205e8499c95", "rank": "18", "stance": "con", "action": "chooseStance", "doc": "S421114c2-Ae3803e78", "doclen": 667, "score": 22.7884695688699}
{"type": "toggleArgument", "timestamp": "2025-06-26T10:25:26.650Z", "sessionID": "e3fc4171-fe72-43e6-af21-c205e8499c95", "rank": "19", "doc": "Sd9e09240-Adda7f7e7", "action": "expand", "doclen": 445, "score": 20.90526980217969}
{"type": "StanceClicked", "timestamp": "2025-06-26T10:25:32.170Z", "sessionID": "e3fc4171-fe72-43e6-af21-c205e8499c95", "rank": "19", "stance": "con", "action": "chooseStance", "doc": "Sd9e09240-Adda7f7e7", "doclen": 445, "score": 20.90526980217969}
{"type": "pageNavigationClicked", "timestamp": "2025-06-26T10:25:48.235Z", "sessionID": "e3fc4171-fe72-43e6-af21-c205e8499c95", "clicked": "3", "fromPage": 2, "toPage": 3}
{"type": "StanceClicked", "timestamp": "2025-06-26T10:25:58.491Z", "sessionID": "e3fc4171-fe72-43e6-af21-c205e8499c95", "rank": "22", "stance": "pro", "action": "chooseStance", "doc": "S421114c2-Ab36d19dc", "doclen": 2018, "score": 22.358916154085616}
{"type": "toggleArgument", "timestamp": "2025-06-26T10:25:59.563Z", "sessionID": "e3fc4171-fe72-43e6-af21-c205e8499c95", "rank": "22", "doc": "S421114c2-Ab36d19dc", "action": "expand", "doclen": 2018, "score": 22.358916154085616}
{"type": "toggleArgument", "timestamp": "2025-06-26T10:26:08.339Z", "sessionID": "e3fc4171-fe72-43e6-af21-c205e8499c95", "rank": "25", "doc": "S4f2bd943-A557f1054", "action": "expand", "doclen": 124, "score": 22.04532230882299}
{"type": "toggleArgument", "timestamp": "2025-06-26T10:26:08.891Z", "sessionID": "e3fc4171-fe72-43e6-af21-c205e8499c95", "rank": "25", "doc": "S4f2bd943-A557f1054", "action": "reduce", "doclen": 124, "score": 22.04532230882299}
{"type": "StanceClicked", "timestamp": "2025-06-26T10:26:18.243Z", "sessionID": "e3fc4171-fe72-43e6-af21-c205e8499c95", "rank": "25", "stance": "pro", "action": "chooseStance", "doc": "S4f2bd943-A557f1054", "doclen": 124, "score": 22.04532230882299}
{"type": "queryBoxFocused", "timestamp": "2025-06-26T10:26:24.587Z", "sessionID": "e3fc4171-fe72-43e6-af21-c205e8499c95"}
{"type": "querySubmitted", "timestamp": "2025-06-26T10:26:29.675Z", "sessionID": "e3fc4171-fe72-43e6-af21-c205e8499c95", "query": "che guevara"}
{"docno": "S9b1c0991-Ae78d080f", "score": 42.3205538347643}
{"docno": "S5f067f58-A6ad16be5", "score": 39.77200481918079}
{"docno": "S72ad7079-A5a1f9def", "score": 38.219387866652625}
{"docno": "Sd265909d-A5eea1aa2", "score": 36.78872259472023}
{"docno": "S9b1c0991-A7e4a2f92", "score": 35.90135378534789}
{"docno": "S9b1c0991-Af514be1b", "score": 35.82114776201134}
{"docno": "Sf64974be-A8a11e65e", "score": 35.117119498872235}
{"docno": "S939b5df8-A76879d70", "score": 34.453415309099086}
{"docno": "S72ad7079-Abf2d84f1", "score": 33.75209169383601}
{"docno": "S72ad7079-Adc61154c", "score": 33.70673057954687}
{"docno": "Sd265909d-A6647b7a1", "score": 33.60065865492239}
{"docno": "S72ad7079-A7b920561", "score": 31.89535428407114}
{"docno": "See394714-Afff48a23", "score": 31.78128137495431}
{"docno": "S72ad7079-A3493b499", "score": 31.051363021019753}
{"docno": "S72ad7079-Ad2dc8dad", "score": 30.771581911557664}
{"docno": "S9b1c0991-A18272541", "score": 30.41460140338158}
{"docno": "S663bb253-A179e5e60", "score": 28.621178557222493}
{"docno": "S663bb253-A873ccf10", "score": 23.93337526562668}
{"docno": "Sf64974be-Aebd5f62f", "score": 22.521483874555866}
{"docno": "S5f067f58-A7540e9cf", "score": 21.939907882761123}
{"docno": "S5f067f58-Aa21f1b8", "score": 21.160747424339224}
{"docno": "Sdc228044-A42f4934e", "score": 18.749616178681958}
{"docno": "Sd265909d-A72f4f498", "score": 18.60228307874575}
{"docno": "S5f067f58-A86940b8f", "score": 18.162338615241445}
{"docno": "S177e85b4-A137fde2c", "score": 18.162338615241445}
{"docno": "S166cb096-A7e8d9917", "score": 17.75290975240956}
{"docno": "S72ad7079-Ab87f645c", "score": 17.342633261929073}
{"docno": "S9593c3b3-A494fcc4c", "score": 17.23159186821915}
{"docno": "Sa7ea85ac-A2071f8ce", "score": 16.628363187946245}
{"docno": "S8ec7912e-A34b86905", "score": 16.289881104754976}
{"docno": "S939b5df8-Ad8a1b804", "score": 15.635465332868275}
{"docno": "Sd4318ad7-A4d9fab46", "score": 14.851388035190926}
{"docno": "S1979ed8c-A4bbd4e05", "score": 13.809676031439334}
{"docno": "Sd265909d-Ad0c5cc95", "score": 13.346563413450522}
{"docno": "S3e8ff4a4-A34540982", "score": 13.266844512726195}
{"docno": "Sa3889b98-A606f8130", "score": 12.631832642033592}
{"docno": "S4e87fac5-A7d3e37d4", "score": 12.495029039504857}
{"docno": "S884ddbf5-A54c8659c", "score": 11.749355960454412}
{"docno": "Se737391d-A6dddd1c9", "score": 11.576639506601994}
{"docno": "Sa25fbd32-A66becb60", "score": 10.933732600557162}
{"docno": "Sb7b69ecd-Ae819c789", "score": 9.409597616882131}
{"docno": "S921ba82-Ac05c5e01", "score": 9.11904403174284}
{"docno": "S76be19e7-Abf3177a5", "score": 8.94638754048194}
{"docno": "S928e5ef6-Abae310dc", "score": 6.947080420963869}
{"docno": "S4468b211-Afa89b494", "score": 6.524976080530492}
{"type": "queryBoxFocused", "timestamp": "2025-06-26T10:26:32.238Z", "sessionID": "e3fc4171-fe72-43e6-af21-c205e8499c95"}
{"type": "querySubmitted", "timestamp": "2025-06-26T10:26:39.227Z", "sessionID": "e3fc4171-fe72-43e6-af21-c205e8499c95", "query": "che guevara marijuana"}
{"docno": "S9b1c0991-Ae78d080f", "score": 42.3205538347643}
{"docno": "S5f067f58-A6ad16be5", "score": 39.77200481918079}
{"docno": "S72ad7079-A5a1f9def", "score": 38.219387866652625}
{"docno": "Sd265909d-A5eea1aa2", "score": 36.78872259472023}
{"docno": "S9b1c0991-A7e4a2f92", "score": 35.90135378534789}
{"docno": "S9b1c0991-Af514be1b", "score": 35.82114776201134}
{"docno": "Sf64974be-A8a11e65e", "score": 35.117119498872235}
{"docno": "S939b5df8-A76879d70", "score": 34.453415309099086}
{"docno": "S72ad7079-Abf2d84f1", "score": 33.75209169383601}
{"docno": "S72ad7079-Adc61154c", "score": 33.70673057954687}
{"docno": "Sd265909d-A6647b7a1", "score": 33.60065865492239}
{"docno": "S72ad7079-A7b920561", "score": 31.89535428407114}
{"docno": "See394714-Afff48a23", "score": 31.78128137495431}
{"docno": "S72ad7079-A3493b499", "score": 31.051363021019753}
{"docno": "S72ad7079-Ad2dc8dad", "score": 30.771581911557664}
{"docno": "S9b1c0991-A18272541", "score": 30.41460140338158}
{"docno": "S663bb253-A179e5e60", "score": 28.621178557222493}
{"docno": "S663bb253-A873ccf10", "score": 23.93337526562668}
{"docno": "Sf64974be-Aebd5f62f", "score": 22.521483874555866}
{"docno": "S5f067f58-A7540e9cf", "score": 21.939907882761123}
{"docno": "S5f067f58-Aa21f1b8", "score": 21.160747424339224}
{"docno": "Sdc228044-A42f4934e", "score": 18.749616178681958}
{"docno": "Sd265909d-A72f4f498", "score": 18.60228307874575}
{"docno": "S5f067f58-A86940b8f", "score": 18.162338615241445}
{"docno": "S177e85b4-A137fde2c", "score": 18.162338615241445}
{"docno": "S166cb096-A7e8d9917", "score": 17.75290975240956}
{"docno": "S72ad7079-Ab87f645c", "score": 17.342633261929073}
{"docno": "S9593c3b3-A494fcc4c", "score": 17.23159186821915}
{"docno": "Sa7ea85ac-A2071f8ce", "score": 16.628363187946245}
{"docno": "S8ec7912e-A34b86905", "score": 16.289881104754976}
{"docno": "S939b5df8-Ad8a1b804", "score": 15.635465332868275}
{"docno": "Sd4318ad7-A4d9fab46", "score": 14.851388035190926}
{"docno": "S1979ed8c-A4bbd4e05", "score": 13.809676031439334}
{"docno": "Sd4e0c5d8-A87acc9a4", "score": 13.578827829537866}
{"docno": "Sefda0a4-A63cb178e", "score": 13.528179340393176}
{"docno": "Sc0ff09ad-Adb818ea9", "score": 13.526466790455205}
{"docno": "Se5ccda7-A24987fd5", "score": 13.487499789004389}
{"docno": "S6231abc3-A4835258", "score": 13.467723128055475}
{"docno": "S3b0c7250-A272dae67", "score": 13.458421556282921}
{"docno": "S8b8ff60f-A51353c74", "score": 13.439743361054491}
{"docno": "Sd267a5af-A5b56c77d", "score": 13.434577781818204}
{"docno": "Sd4e0c5d8-A956078f7", "score": 13.430869524485406}
{"docno": "Sbb8abd7a-Ac32f0500", "score": 13.424491044369159}
{"docno": "S1d872123-A542f72d5", "score": 13.421661138010204}
{"docno": "Sfad1e94f-Afdcde751", "score": 13.414760820694935}
{"docno": "Se5ccda7-A2b3cc22a", "score": 13.408739602342871}
{"docno": "S7c8b175c-Aec7a8e20", "score": 13.389752345827011}
{"docno": "S86fcab75-A51790cdd", "score": 13.388447444072812}
{"docno": "Se5ccda7-A1a305ef0", "score": 13.361180878747962}
{"docno": "Sd265909d-Ad0c5cc95", "score": 13.346563413450522}
{"docno": "Sb4d28d60-Aa087d5ae", "score": 13.338384782155204}
{"docno": "S86fcab18-Ae80eab16", "score": 13.299133031973092}
{"docno": "Sb2d60365-Ad55ebaeb", "score": 13.29122845759485}
{"docno": "Sdd2367fa-A8e99b264", "score": 13.286124807221151}
{"docno": "Sc0ff09ad-A1a223f01", "score": 13.275250439435466}
{"docno": "S3e8ff4a4-A34540982", "score": 13.266844512726195}
{"docno": "Sd267a970-A809c0365", "score": 13.265875412254264}
{"docno": "Sd267acf3-Aa6bd58db", "score": 13.254790037347133}
{"docno": "S1e41344d-A8434cf5", "score": 13.25364244777691}
{"docno": "Sd9e09240-Adda7f7e7", "score": 13.253216250832084}
{"docno": "S4ab35585-Abf82dc54", "score": 13.253216250832084}
{"docno": "Sb075eec1-A3d85bb54", "score": 13.239493044213356}
{"docno": "S5992fb47-Af28b1906", "score": 13.23136763235971}
{"docno": "S575d7a7e-A6aeee4fa", "score": 13.23136763235971}
{"docno": "Sa9510197-Ab72decd0", "score": 13.21919819777035}
{"docno": "Sd267a533-A91175b29", "score": 13.215805528827385}
{"docno": "S8a17f4cc-A7c639d66", "score": 13.199885607713714}
{"docno": "Se5ccda7-A8583a49f", "score": 13.164990168099791}
{"docno": "S87b8c230-Ae66fa069", "score": 13.15900331946719}
{"docno": "Sc0881ce0-Ad0d4a11f", "score": 13.152942471837152}
{"docno": "S370e2932-Ab8811890", "score": 13.136365642284781}
{"docno": "Sa87b0d37-Afccae6a1", "score": 13.135078586810746}
{"docno": "S21af0c6a-Ab0c96fed", "score": 13.131681442237497}
{"docno": "S1941fd60-A278eba5e", "score": 13.128594653488317}
{"docno": "Seda04888-A6c74c8ea", "score": 13.128594653488317}
{"docno": "Se5ccda7-A3e38adcf", "score": 13.12006304570339}
{"docno": "S54c0f2f9-Ac298ee4c", "score": 13.119018972166158}
{"docno": "Sbb0f2e26-A359bc8a8", "score": 13.11011222280234}
{"docno": "Sd904448b-Ad2459d24", "score": 13.105247412445415}
{"docno": "S8b8ff60f-Aee414dea", "score": 13.099275367732071}
{"docno": "S1d872123-Ab5669adb", "score": 13.099275367732071}
{"docno": "S1e41346c-A8aae6dc", "score": 13.094501649425915}
{"docno": "S6c710081-Aeacc2ee8", "score": 13.094501649425915}
{"docno": "Saa2a4a53-A99c7a196", "score": 13.078899320829281}
{"docno": "S87b8c230-Ad7fcbd85", "score": 13.077515980625327}
{"docno": "Sffcf93d6-A3fd53ecc", "score": 13.074510078025904}
{"docno": "Sbb0f2e26-A840531a8", "score": 13.070283039918257}
{"docno": "S946d6765-A3567201", "score": 13.070075793563513}
{"docno": "S7c8b175c-A3dead14b", "score": 13.065410314430121}
{"docno": "Sf5f598f3-Aa8ff482a", "score": 13.0626772020761}
{"docno": "S21af0c6a-A5f9a6963", "score": 13.052739992787151}
{"docno": "S9821cb64-A7d435239", "score": 13.049304246425471}
{"docno": "Se5ccda7-A3cc34147", "score": 13.046851249050698}
{"docno": "Sde9f97e-A6b55083a", "score": 13.046044432811284}
{"docno": "S43987864-A7a5477fc", "score": 13.042786247441898}
{"docno": "S1d872123-A60333bed", "score": 13.034213357219107}
{"docno": "Sffcf93d6-A2605b292", "score": 13.028396796522784}
{"docno": "S7c8b175c-Ace723459", "score": 13.027306736112514}
{"docno": "S6231abc3-A66c52b40", "score": 13.004892426750226}
{"docno": "S986b9b3c-A8ea96679", "score": 12.99201560525338}
{"type": "queryBoxFocused", "timestamp": "2025-06-26T10:26:48.293Z", "sessionID": "e3fc4171-fe72-43e6-af21-c205e8499c95"}
{"type": "querySubmitted", "timestamp": "2025-06-26T10:26:54.259Z", "sessionID": "e3fc4171-fe72-43e6-af21-c205e8499c95", "query": "che guevara marijuana"}
{"docno": "S9b1c0991-Ae78d080f", "score": 42.3205538347643}
{"docno": "S5f067f58-A6ad16be5", "score": 39.77200481918079}
{"docno": "S72ad7079-A5a1f9def", "score": 38.219387866652625}
{"docno": "Sd265909d-A5eea1aa2", "score": 36.78872259472023}
{"docno": "S9b1c0991-A7e4a2f92", "score": 35.90135378534789}
{"docno": "S9b1c0991-Af514be1b", "score": 35.82114776201134}
{"docno": "Sf64974be-A8a11e65e", "score": 35.117119498872235}
{"docno": "S939b5df8-A76879d70", "score": 34.453415309099086}
{"docno": "S72ad7079-Abf2d84f1", "score": 33.75209169383601}
{"docno": "S72ad7079-Adc61154c", "score": 33.70673057954687}
{"docno": "Sd265909d-A6647b7a1", "score": 33.60065865492239}
{"docno": "S72ad7079-A7b920561", "score": 31.89535428407114}
{"docno": "See394714-Afff48a23", "score": 31.78128137495431}
{"docno": "S72ad7079-A3493b499", "score": 31.051363021019753}
{"docno": "S72ad7079-Ad2dc8dad", "score": 30.771581911557664}
{"docno": "S9b1c0991-A18272541", "score": 30.41460140338158}
{"docno": "S663bb253-A179e5e60", "score": 28.621178557222493}
{"docno": "S663bb253-A873ccf10", "score": 23.93337526562668}
{"docno": "Sf64974be-Aebd5f62f", "score": 22.521483874555866}
{"docno": "S5f067f58-A7540e9cf", "score": 21.939907882761123}
{"docno": "S5f067f58-Aa21f1b8", "score": 21.160747424339224}
{"docno": "Sdc228044-A42f4934e", "score": 18.749616178681958}
{"docno": "Sd265909d-A72f4f498", "score": 18.60228307874575}
{"docno": "S5f067f58-A86940b8f", "score": 18.162338615241445}
{"docno": "S177e85b4-A137fde2c", "score": 18.162338615241445}
{"docno": "S166cb096-A7e8d9917", "score": 17.75290975240956}
{"docno": "S72ad7079-Ab87f645c", "score": 17.342633261929073}
{"docno": "S9593c3b3-A494fcc4c", "score": 17.23159186821915}
{"docno": "Sa7ea85ac-A2071f8ce", "score": 16.628363187946245}
{"docno": "S8ec7912e-A34b86905", "score": 16.289881104754976}
{"docno": "S939b5df8-Ad8a1b804", "score": 15.635465332868275}
{"docno": "Sd4318ad7-A4d9fab46", "score": 14.851388035190926}
{"docno": "S1979ed8c-A4bbd4e05", "score": 13.809676031439334}
{"docno": "Sd4e0c5d8-A87acc9a4", "score": 13.578827829537866}
{"docno": "Sefda0a4-A63cb178e", "score": 13.528179340393176}
{"docno": "Sc0ff09ad-Adb818ea9", "score": 13.526466790455205}
{"docno": "Se5ccda7-A24987fd5", "score": 13.487499789004389}
{"docno": "S6231abc3-A4835258", "score": 13.467723128055475}
{"docno": "S3b0c7250-A272dae67", "score": 13.458421556282921}
{"docno": "S8b8ff60f-A51353c74", "score": 13.439743361054491}
{"docno": "Sd267a5af-A5b56c77d", "score": 13.434577781818204}
{"docno": "Sd4e0c5d8-A956078f7", "score": 13.430869524485406}
{"docno": "Sbb8abd7a-Ac32f0500", "score": 13.424491044369159}
{"docno": "S1d872123-A542f72d5", "score": 13.421661138010204}
{"docno": "Sfad1e94f-Afdcde751", "score": 13.414760820694935}
{"docno": "Se5ccda7-A2b3cc22a", "score": 13.408739602342871}
{"docno": "S7c8b175c-Aec7a8e20", "score": 13.389752345827011}
{"docno": "S86fcab75-A51790cdd", "score": 13.388447444072812}
{"docno": "Se5ccda7-A1a305ef0", "score": 13.361180878747962}
{"docno": "Sd265909d-Ad0c5cc95", "score": 13.346563413450522}
{"docno": "Sb4d28d60-Aa087d5ae", "score": 13.338384782155204}
{"docno": "S86fcab18-Ae80eab16", "score": 13.299133031973092}
{"docno": "Sb2d60365-Ad55ebaeb", "score": 13.29122845759485}
{"docno": "Sdd2367fa-A8e99b264", "score": 13.286124807221151}
{"docno": "Sc0ff09ad-A1a223f01", "score": 13.275250439435466}
{"docno": "S3e8ff4a4-A34540982", "score": 13.266844512726195}
{"docno": "Sd267a970-A809c0365", "score": 13.265875412254264}
{"docno": "Sd267acf3-Aa6bd58db", "score": 13.254790037347133}
{"docno": "S1e41344d-A8434cf5", "score": 13.25364244777691}
{"docno": "Sd9e09240-Adda7f7e7", "score": 13.253216250832084}
{"docno": "S4ab35585-Abf82dc54", "score": 13.253216250832084}
{"docno": "Sb075eec1-A3d85bb54", "score": 13.239493044213356}
{"docno": "S5992fb47-Af28b1906", "score": 13.23136763235971}
{"docno": "S575d7a7e-A6aeee4fa", "score": 13.23136763235971}
{"docno": "Sa9510197-Ab72decd0", "score": 13.21919819777035}
{"docno": "Sd267a533-A91175b29", "score": 13.215805528827385}
{"docno": "S8a17f4cc-A7c639d66", "score": 13.199885607713714}
{"docno": "Se5ccda7-A8583a49f", "score": 13.164990168099791}
{"docno": "S87b8c230-Ae66fa069", "score": 13.15900331946719}
{"docno": "Sc0881ce0-Ad0d4a11f", "score": 13.152942471837152}
{"docno": "S370e2932-Ab8811890", "score": 13.136365642284781}
{"docno": "Sa87b0d37-Afccae6a1", "score": 13.135078586810746}
{"docno": "S21af0c6a-Ab0c96fed", "score": 13.131681442237497}
{"docno": "S1941fd60-A278eba5e", "score": 13.128594653488317}
{"docno": "Seda04888-A6c74c8ea", "score": 13.128594653488317}
{"docno": "Se5ccda7-A3e38adcf", "score": 13.12006304570339}
{"docno": "S54c0f2f9-Ac298ee4c", "score": 13.119018972166158}
{"docno": "Sbb0f2e26-A359bc8a8", "score": 13.11011222280234}
{"docno": "Sd904448b-Ad2459d24", "score": 13.105247412445415}
{"docno": "S8b8ff60f-Aee414dea", "score": 13.099275367732071}
{"docno": "S1d872123-Ab5669adb", "score": 13.099275367732071}
{"docno": "S1e41346c-A8aae6dc", "score": 13.094501649425915}
{"docno": "S6c710081-Aeacc2ee8", "score": 13.094501649425915}
{"docno": "Saa2a4a53-A99c7a196", "score": 13.078899320829281}
{"docno": "S87b8c230-Ad7fcbd85", "score": 13.077515980625327}
{"docno": "Sffcf93d6-A3fd53ecc", "score": 13.074510078025904}
{"docno": "Sbb0f2e26-A840531a8", "score": 13.070283039918257}
{"docno": "S946d6765-A3567201", "score": 13.070075793563513}
{"docno": "S7c8b175c-A3dead14b", "score": 13.065410314430121}
{"docno": "Sf5f598f3-Aa8ff482a", "score": 13.0626772020761}
{"docno": "S21af0c6a-A5f9a6963", "score": 13.052739992787151}
{"docno": "S9821cb64-A7d435239", "score": 13.049304246425471}
{"docno": "Se5ccda7-A3cc34147", "score": 13.046851249050698}
{"docno": "Sde9f97e-A6b55083a", "score": 13.046044432811284}
{"docno": "S43987864-A7a5477fc", "score": 13.042786247441898}
{"docno": "S1d872123-A60333bed", "score": 13.034213357219107}
{"docno": "Sffcf93d6-A2605b292", "score": 13.028396796522784}
{"docno": "S7c8b175c-Ace723459", "score": 13.027306736112514}
{"docno": "S6231abc3-A66c52b40", "score": 13.004892426750226}
{"docno": "S986b9b3c-A8ea96679", "score": 12.99201560525338}
{"type": "queryBoxFocused", "timestamp": "2025-06-26T10:26:58.824Z", "sessionID": "e3fc4171-fe72-43e6-af21-c205e8499c95"}
{"type": "querySubmitted", "timestamp": "2025-06-26T10:27:02.811Z", "sessionID": "e3fc4171-fe72-43e6-af21-c205e8499c95", "query": "cuban marijuana"}
{"docno": "S67ff3162-A5a072f7e", "score": 20.15068648402614}
{"docno": "S67ff3162-A50f168e4", "score": 19.90742876096538}
{"docno": "S67ff3162-A83fa7d27", "score": 19.397583385478192}
{"docno": "S67ff3162-A79a27fe0", "score": 18.66571558885022}
{"docno": "S67ff3162-A7c64a9a4", "score": 18.491297149288638}
{"docno": "S67ff3162-A6b011fa7", "score": 18.149409669170396}
{"docno": "S67ff3162-A9ac70e32", "score": 17.825045361146586}
{"docno": "S67ff3162-Af569815d", "score": 17.822489849767884}
{"docno": "S67ff3162-Abbb35507", "score": 17.549661746720155}
{"docno": "Se4c52b1f-A2e892742", "score": 17.542625883090835}
{"docno": "Sa8d587e7-Af907dc39", "score": 17.51157812411942}
{"docno": "S67ff3162-Addaf9c98", "score": 17.353611819134496}
{"docno": "S67ff3162-A2ba49f11", "score": 17.2027538597209}
{"docno": "S67ff3162-A8668ecb3", "score": 17.10598414522508}
{"docno": "S33dcc876-A4705f8f", "score": 16.959382623401}
{"docno": "S67ff3162-A677348f8", "score": 16.8630363479225}
{"docno": "Se4c52b1f-Ade31b7f7", "score": 16.767778575298795}
{"docno": "Se4c52b1f-Aac03c279", "score": 16.765517207074762}
{"docno": "S6ddf2777-A1af57189", "score": 16.624669316814344}
{"docno": "Scf0e5580-Acaf70d86", "score": 16.417779522134097}
{"docno": "Sc9f1934f-A40eb7627", "score": 16.149805869502273}
{"docno": "S67ff3162-Aa42273c5", "score": 16.084173748193518}
{"docno": "S67ff3162-Abff96d20", "score": 16.019072920008014}
{"docno": "S46499e3f-A5e03e16", "score": 15.828909689851658}
{"docno": "Se4c52b1f-Ad874f12e", "score": 15.76685457693897}
{"docno": "S72ad7079-Ab87f645c", "score": 15.661872263308105}
{"docno": "Sf64974be-Aebd5f62f", "score": 15.655189920935682}
{"docno": "Se4c52b1f-A69ea0d69", "score": 15.639272402471098}
{"docno": "S72ad7079-A5a1f9def", "score": 15.450283796515595}
{"docno": "S67ff3162-A5214decc", "score": 15.450283796515595}
{"docno": "S67ff3162-A5fe0a442", "score": 15.450283796515595}
{"docno": "S46499e3f-Aa1793158", "score": 15.259305816168663}
{"docno": "S544f0063-Aa82c1ab6", "score": 14.739287944526316}
{"docno": "S27800aae-A411dd998", "score": 14.723362053763633}
{"docno": "S28c6d200-A8bca67e6", "score": 14.692818399887834}
{"docno": "Se4c52b1f-Acb3a4f7e", "score": 14.65481657975405}
{"docno": "Sc9f1934f-A6c240db6", "score": 14.513221817354953}
{"docno": "Se4c52b1f-A6cfd1eb0", "score": 14.469848684878619}
{"docno": "S67ff3162-Ab6fc461", "score": 14.435898020202297}
{"docno": "Sdc05a429-Af05c039c", "score": 14.284565909228554}
{"docno": "S70e50134-Adf2fa75f", "score": 14.099593011596642}
{"docno": "Sdc05a429-A7b9d78e3", "score": 14.083667253437767}
{"docno": "S6ddf2777-Ade7dc2bb", "score": 14.026602802074487}
{"docno": "Sec2991b5-A8152767a", "score": 13.966906760940311}
{"docno": "S67ff3162-Af147478e", "score": 13.927879905927382}
{"docno": "S540b381f-Adeb5eb45", "score": 13.780109758332719}
{"docno": "S67ff3162-A1205d33a", "score": 13.734545268130018}
{"docno": "S72ad7079-A7b920561", "score": 13.69156970380726}
{"docno": "Se4c52b1f-A1b20c25d", "score": 13.69156970380726}
{"docno": "Sd4e0c5d8-A87acc9a4", "score": 13.578827829537866}
{"docno": "S93bd1880-Ae2bbf3ee", "score": 13.546504549217106}
{"docno": "Sefda0a4-A63cb178e", "score": 13.528179340393176}
{"docno": "Sc0ff09ad-Adb818ea9", "score": 13.526466790455205}
{"docno": "Se5ccda7-A24987fd5", "score": 13.487499789004389}
{"docno": "S6231abc3-A4835258", "score": 13.467723128055475}
{"docno": "S3b0c7250-A272dae67", "score": 13.458421556282921}
{"docno": "S8b8ff60f-A51353c74", "score": 13.439743361054491}
{"docno": "Sd267a5af-A5b56c77d", "score": 13.434577781818204}
{"docno": "Sd4e0c5d8-A956078f7", "score": 13.430869524485406}
{"docno": "Sbb8abd7a-Ac32f0500", "score": 13.424491044369159}
{"docno": "S1d872123-A542f72d5", "score": 13.421661138010204}
{"docno": "Sfad1e94f-Afdcde751", "score": 13.414760820694935}
{"docno": "Se5ccda7-A2b3cc22a", "score": 13.408739602342871}
{"docno": "S7c8b175c-Aec7a8e20", "score": 13.389752345827011}
{"docno": "S86fcab75-A51790cdd", "score": 13.388447444072812}
{"docno": "S8435b9aa-Ada870cd3", "score": 13.363543247590927}
{"docno": "Se5ccda7-A1a305ef0", "score": 13.361180878747962}
{"docno": "Sb4d28d60-Aa087d5ae", "score": 13.338384782155204}
{"docno": "S86fcab18-Ae80eab16", "score": 13.299133031973092}
{"docno": "Sb2d60365-Ad55ebaeb", "score": 13.29122845759485}
{"docno": "Sdd2367fa-A8e99b264", "score": 13.286124807221151}
{"docno": "S10db95f7-A7493a855", "score": 13.278156896686022}
{"docno": "Sc0ff09ad-A1a223f01", "score": 13.275250439435466}
{"docno": "Sefa924c5-Ac55322d3", "score": 13.27390349395226}
{"docno": "Sd267a970-A809c0365", "score": 13.265875412254264}
{"docno": "Sd267acf3-Aa6bd58db", "score": 13.254790037347133}
{"docno": "S1e41344d-A8434cf5", "score": 13.25364244777691}
{"docno": "Sd9e09240-Adda7f7e7", "score": 13.253216250832084}
{"docno": "S4ab35585-Abf82dc54", "score": 13.253216250832084}
{"docno": "Sb075eec1-A3d85bb54", "score": 13.239493044213356}
{"docno": "S5992fb47-Af28b1906", "score": 13.23136763235971}
{"docno": "S575d7a7e-A6aeee4fa", "score": 13.23136763235971}
{"docno": "Sa9510197-Ab72decd0", "score": 13.21919819777035}
{"docno": "Sd267a533-A91175b29", "score": 13.215805528827385}
{"docno": "Sa8d587e7-Aef35484c", "score": 13.213776301369132}
{"docno": "S8a17f4cc-A7c639d66", "score": 13.199885607713714}
{"docno": "S67ff3162-A80bac0a", "score": 13.185458295599378}
{"docno": "Se5ccda7-A8583a49f", "score": 13.164990168099791}
{"docno": "S87b8c230-Ae66fa069", "score": 13.15900331946719}
{"docno": "Sc0881ce0-Ad0d4a11f", "score": 13.152942471837152}
{"docno": "S370e2932-Ab8811890", "score": 13.136365642284781}
{"docno": "Sa87b0d37-Afccae6a1", "score": 13.135078586810746}
{"docno": "S21af0c6a-Ab0c96fed", "score": 13.131681442237497}
{"docno": "S1941fd60-A278eba5e", "score": 13.128594653488317}
{"docno": "Seda04888-A6c74c8ea", "score": 13.128594653488317}
{"docno": "Se5ccda7-A3e38adcf", "score": 13.12006304570339}
{"docno": "S54c0f2f9-Ac298ee4c", "score": 13.119018972166158}
{"docno": "Sbb0f2e26-A359bc8a8", "score": 13.11011222280234}
{"docno": "Sd904448b-Ad2459d24", "score": 13.105247412445415}
{"docno": "S8b8ff60f-Aee414dea", "score": 13.099275367732071}
{"type": "queryBoxFocused", "timestamp": "2025-06-26T10:27:06.731Z", "sessionID": "e3fc4171-fe72-43e6-af21-c205e8499c95"}
{"type": "querySubmitted", "timestamp": "2025-06-26T10:27:11.939Z", "sessionID": "e3fc4171-fe72-43e6-af21-c205e8499c95", "query": "types of marijuana"}
{"docno": "Sd267a970-A809c0365", "score": 20.08178336563666}
{"docno": "Scd0c01b4-A68a519fe", "score": 19.14674181108005}
{"docno": "Sd267a533-A65a6240e", "score": 18.665214205592335}
{"docno": "S6c7100de-A1031b6c6", "score": 18.35703519177316}
{"docno": "Sca346fad-A44680d47", "score": 18.20876580095261}
{"docno": "S85d07352-Ad651da9b", "score": 17.75905141540695}
{"docno": "S59d1f8b8-A55d38144", "score": 17.756112402541916}
{"docno": "S87b8c230-A8ad3eeaf", "score": 17.425749933790556}
{"docno": "S678a1efc-Adaaa48e8", "score": 17.411807799634342}
{"docno": "S86fca776-A5fb33c33", "score": 17.013309122748307}
{"docno": "S87b8c230-Ab553dca4", "score": 16.928154908621423}
{"docno": "S87b8c230-Ad50949aa", "score": 16.928154908621423}
{"docno": "S7e67fe99-Ae9865ec9", "score": 16.834116152625313}
{"docno": "S8c43705-A16e40de0", "score": 16.75762472898899}
{"docno": "S7c214e69-A635a65db", "score": 16.44077523466672}
{"docno": "S828401bd-A65dcb824", "score": 16.314447010421503}
{"docno": "Sd4e0c5d8-A507d661d", "score": 16.00797180369014}
{"docno": "Se1d1a698-Af74b5002", "score": 15.97183196773181}
{"docno": "S815a0edb-Ade89c24f", "score": 15.931911902296413}
{"docno": "Se261a9b9-A23631e22", "score": 15.877449350455684}
{"docno": "Sc0dbeb9f-A9cda03cf", "score": 15.823311928500313}
{"docno": "S43987864-A7a5477fc", "score": 15.807147513283299}
{"docno": "Sd4e0c5d8-Ae1202929", "score": 15.720862420787224}
{"docno": "S144f4d66-A9014b03a", "score": 15.655261566301418}
{"docno": "S1ad0c82b-Ab2587c14", "score": 15.355526207237471}
{"docno": "S90bdd46c-Adcc6e051", "score": 15.354769488301477}
{"docno": "S6c7100de-Aa431d07f", "score": 15.121997484016056}
{"docno": "Scdf789bc-Ae34a519b", "score": 15.085549742922327}
{"docno": "S9dfd7dc-Aa73b13b5", "score": 15.050994020921589}
{"docno": "S5811e650-A60212fe7", "score": 14.965872609416348}
{"docno": "S99d62d9d-Acd216bd9", "score": 14.844128367571072}
{"docno": "S7d4151ce-Afea95959", "score": 14.717713941975347}
{"docno": "Sde4185f8-A129fb634", "score": 14.674443133964552}
{"docno": "S14b9fbe0-Ab147abe6", "score": 14.641330318653926}
{"docno": "S5acb3c54-Aed50823e", "score": 14.478413669397856}
{"docno": "S421114c2-Ae7ea7fab", "score": 14.353292284587233}
{"docno": "S1101c85a-A7f9a2831", "score": 14.340318169315221}
{"docno": "S110247dd-Ad3abe212", "score": 14.29576793936517}
{"docno": "S2bdac55a-Af9835cec", "score": 14.271795100687601}
{"docno": "S4aee98d6-A453228d7", "score": 14.000111827696596}
{"docno": "S20d57aff-Af17e007d", "score": 13.871925320109854}
{"docno": "S11a47e3f-Af263c231", "score": 13.770274046358864}
{"docno": "S21af0c6a-Ad382bf50", "score": 13.770274046358864}
{"docno": "S7d4151af-A773b1482", "score": 13.741159230712068}
{"docno": "Sb4affe28-Af78d79a7", "score": 13.667998644021544}
{"docno": "Sadb5330b-A70713ef5", "score": 13.662474984672256}
{"docno": "Se833dcb-Ab125768e", "score": 13.599492209729643}
{"docno": "S14b9fbe0-Aa1ed7e85", "score": 13.599492209729643}
{"docno": "Sd4e0c5d8-A87acc9a4", "score": 13.578827829537866}
{"docno": "Sefda0a4-A63cb178e", "score": 13.528179340393176}
{"docno": "Sc0ff09ad-Adb818ea9", "score": 13.526466790455205}
{"docno": "Se5ccda7-A24987fd5", "score": 13.487499789004389}
{"docno": "S6231abc3-A4835258", "score": 13.467723128055475}
{"docno": "Seec21427-Ab70c799d", "score": 13.461371653248293}
{"docno": "S3b0c7250-A272dae67", "score": 13.458421556282921}
{"docno": "S7d4151ce-A3b159475", "score": 13.44051010678932}
{"docno": "S8b8ff60f-A51353c74", "score": 13.439743361054491}
{"docno": "Sd267a5af-A5b56c77d", "score": 13.434577781818204}
{"docno": "Sd4e0c5d8-A956078f7", "score": 13.430869524485406}
{"docno": "Sbb8abd7a-Ac32f0500", "score": 13.424491044369159}
{"docno": "S1d872123-A542f72d5", "score": 13.421661138010204}
{"docno": "Sfad1e94f-Afdcde751", "score": 13.414760820694935}
{"docno": "Se5ccda7-A2b3cc22a", "score": 13.408739602342871}
{"docno": "S893155f6-A5c1a044c", "score": 13.400768189424047}
{"docno": "S7c8b175c-Aec7a8e20", "score": 13.389752345827011}
{"docno": "S86fcab75-A51790cdd", "score": 13.388447444072812}
{"docno": "Se5ccda7-A1a305ef0", "score": 13.361180878747962}
{"docno": "Sb4d28d60-Aa087d5ae", "score": 13.338384782155204}
{"docno": "S86fcab18-Ae80eab16", "score": 13.299133031973092}
{"docno": "Sb2d60365-Ad55ebaeb", "score": 13.29122845759485}
{"docno": "Sdd2367fa-A8e99b264", "score": 13.286124807221151}
{"docno": "Sc0ff09ad-A1a223f01", "score": 13.275250439435466}
{"docno": "Sd267acf3-Aa6bd58db", "score": 13.254790037347133}
{"docno": "S1e41344d-A8434cf5", "score": 13.25364244777691}
{"docno": "Sd9e09240-Adda7f7e7", "score": 13.253216250832084}
{"docno": "S4ab35585-Abf82dc54", "score": 13.253216250832084}
{"docno": "Sb075eec1-A3d85bb54", "score": 13.239493044213356}
{"docno": "S6f02a9c0-A1438c39c", "score": 13.238360224311961}
{"docno": "S5992fb47-Af28b1906", "score": 13.23136763235971}
{"docno": "S575d7a7e-A6aeee4fa", "score": 13.23136763235971}
{"docno": "Sa9510197-Ab72decd0", "score": 13.21919819777035}
{"docno": "Sd267a533-A91175b29", "score": 13.215805528827385}
{"docno": "S8a17f4cc-A7c639d66", "score": 13.199885607713714}
{"docno": "Se5ccda7-A8583a49f", "score": 13.164990168099791}
{"docno": "S87b8c230-Ae66fa069", "score": 13.15900331946719}
{"docno": "Sc0881ce0-Ad0d4a11f", "score": 13.152942471837152}
{"docno": "S370e2932-Ab8811890", "score": 13.136365642284781}
{"docno": "Sa87b0d37-Afccae6a1", "score": 13.135078586810746}
{"docno": "S21af0c6a-Ab0c96fed", "score": 13.131681442237497}
{"docno": "S1941fd60-A278eba5e", "score": 13.128594653488317}
{"docno": "Seda04888-A6c74c8ea", "score": 13.128594653488317}
{"docno": "Se5ccda7-A3e38adcf", "score": 13.12006304570339}
{"docno": "S54c0f2f9-Ac298ee4c", "score": 13.119018972166158}
{"docno": "Sbb0f2e26-A359bc8a8", "score": 13.11011222280234}
{"docno": "Sd904448b-Ad2459d24", "score": 13.105247412445415}
{"docno": "S8b8ff60f-Aee414dea", "score": 13.099275367732071}
{"docno": "S1d872123-Ab5669adb", "score": 13.099275367732071}
{"docno": "S1e41346c-A8aae6dc", "score": 13.094501649425915}
{"docno": "S6c710081-Aeacc2ee8", "score": 13.094501649425915}
{"docno": "Saa2a4a53-A99c7a196", "score": 13.078899320829281}
{"type": "StanceClicked", "timestamp": "2025-06-26T10:27:15.331Z", "sessionID": "e3fc4171-fe72-43e6-af21-c205e8499c95", "rank": "1", "stance": "pro", "action": "chooseStance", "doc": "Sd267a970-A809c0365", "doclen": 1454, "score": 22.24551099452747}
{"type": "StanceClicked", "timestamp": "2025-06-26T10:27:20.275Z", "sessionID": "e3fc4171-fe72-43e6-af21-c205e8499c95", "rank": "3", "stance": "pro", "action": "chooseStance", "doc": "Sd267a533-A65a6240e", "doclen": 389, "score": 21.837921320273388}
{"type": "StanceClicked", "timestamp": "2025-06-26T10:27:20.947Z", "sessionID": "e3fc4171-fe72-43e6-af21-c205e8499c95", "rank": "2", "stance": "con", "action": "chooseStance", "doc": "Scd0c01b4-A68a519fe", "doclen": 217, "score": 20.169541284567096}
{"type": "StanceClicked", "timestamp": "2025-06-26T10:27:24.131Z", "sessionID": "e3fc4171-fe72-43e6-af21-c205e8499c95", "rank": "4", "stance": "con", "action": "chooseStance", "doc": "S6c7100de-A1031b6c6", "doclen": 752, "score": 20.57296748667033}
{"type": "StanceClicked", "timestamp": "2025-06-26T10:27:48.667Z", "sessionID": "e3fc4171-fe72-43e6-af21-c205e8499c95", "rank": "9", "stance": "pro", "action": "chooseStance", "doc": "S678a1efc-Adaaa48e8", "doclen": 187, "score": 17.411807799634342}
{"type": "toggleArgument", "timestamp": "2025-06-26T10:27:49.346Z", "sessionID": "e3fc4171-fe72-43e6-af21-c205e8499c95", "rank": "8", "doc": "S87b8c230-A8ad3eeaf", "action": "expand", "doclen": 899, "score": 17.425749933790556}
{"type": "StanceClicked", "timestamp": "2025-06-26T10:27:54.699Z", "sessionID": "e3fc4171-fe72-43e6-af21-c205e8499c95", "rank": "10", "stance": "con", "action": "chooseStance", "doc": "S86fca776-A5fb33c33", "doclen": 212, "score": 17.013309122748307}
{"type": "StanceClicked", "timestamp": "2025-06-26T10:27:55.907Z", "sessionID": "e3fc4171-fe72-43e6-af21-c205e8499c95", "rank": "8", "stance": "con", "action": "chooseStance", "doc": "S87b8c230-A8ad3eeaf", "doclen": 899, "score": 17.425749933790556}
{"type": "pageNavigationClicked", "timestamp": "2025-06-26T10:27:57.426Z", "sessionID": "e3fc4171-fe72-43e6-af21-c205e8499c95", "clicked": "2", "fromPage": 1, "toPage": 2}
{"type": "StanceClicked", "timestamp": "2025-06-26T10:28:04.211Z", "sessionID": "e3fc4171-fe72-43e6-af21-c205e8499c95", "rank": "11", "stance": "pro", "action": "chooseStance", "doc": "S87b8c230-Ab553dca4", "doclen": 466, "score": 16.928154908621423}
{"type": "StanceClicked", "timestamp": "2025-06-26T10:28:06.123Z", "sessionID": "e3fc4171-fe72-43e6-af21-c205e8499c95", "rank": "12", "stance": "pro", "action": "chooseStance", "doc": "S87b8c230-Ad50949aa", "doclen": 468, "score": 16.928154908621423}
{"type": "StanceClicked", "timestamp": "2025-06-26T10:28:10.578Z", "sessionID": "e3fc4171-fe72-43e6-af21-c205e8499c95", "rank": "12", "stance": "pro", "action": "removeStance", "doc": "S87b8c230-Ad50949aa", "doclen": 468, "score": 16.928154908621423}
{"type": "StanceClicked", "timestamp": "2025-06-26T10:28:11.290Z", "sessionID": "e3fc4171-fe72-43e6-af21-c205e8499c95", "rank": "11", "stance": "pro", "action": "removeStance", "doc": "S87b8c230-Ab553dca4", "doclen": 466, "score": 16.928154908621423}
{"type": "StanceClicked", "timestamp": "2025-06-26T10:28:12.411Z", "sessionID": "e3fc4171-fe72-43e6-af21-c205e8499c95", "rank": "11", "stance": "pro", "action": "chooseStance", "doc": "S87b8c230-Ab553dca4", "doclen": 466, "score": 16.928154908621423}
{"type": "queryBoxFocused", "timestamp": "2025-06-26T10:28:27.133Z", "sessionID": "e3fc4171-fe72-43e6-af21-c205e8499c95"}
{"type": "querySubmitted", "timestamp": "2025-06-26T10:28:39.539Z", "sessionID": "e3fc4171-fe72-43e6-af21-c205e8499c95", "query": "people most affected by marijuana"}
{"docno": "S4d3852ce-A8d621900", "score": 22.29656566807312}
{"docno": "Sd9e092bc-A1382ead9", "score": 21.800619085115752}
{"docno": "S58da0adc-Aaf45bdc", "score": 21.717832418603223}
{"docno": "S40d97d90-A60693458", "score": 21.709595113144566}
{"docno": "S1e41346c-A8aae6dc", "score": 21.60837644295482}
{"docno": "S4d3852ce-A7a9cb25c", "score": 21.367247845913543}
{"docno": "S7c8b175c-Ace723459", "score": 21.29623892108949}
{"docno": "S4ff0c27e-A8e7739d0", "score": 21.294115807099868}
{"docno": "S59d1ffdd-Af1a98588", "score": 20.903688908095553}
{"docno": "S35044b75-A9c4b3324", "score": 20.588334236793244}
{"docno": "S59d1ffdd-Abf599736", "score": 20.523042615251466}
{"docno": "S77085951-A37059a16", "score": 20.515784881874215}
{"docno": "S21af0c6a-Ab0c96fed", "score": 20.37995763336226}
{"docno": "Sf6ddc7d5-A2ff346f4", "score": 20.16793163656806}
{"docno": "S1c82900b-A3b01d13", "score": 20.046666355876994}
{"docno": "Sb075eec1-A6f8fea24", "score": 20.013078382109764}
{"docno": "S87b8c230-A9a43b3f8", "score": 19.818854800459704}
{"docno": "S87b8c230-A25a9debf", "score": 19.818854800459704}
{"docno": "S86fca339-Ab3c59472", "score": 19.73872910096866}
{"docno": "S43710c1e-A530fc9e2", "score": 19.71781042497601}
{"docno": "S59d1f8b8-A55d38144", "score": 19.676512355518398}
{"docno": "S90bdd46c-A291a5d3", "score": 19.54766484149158}
{"docno": "S6231a767-A2555b801", "score": 19.518210933063287}
{"docno": "S64fe4c0c-A77a5b1e6", "score": 19.114785658268836}
{"docno": "Sbc00ee1b-A3ec50472", "score": 19.007256052607804}
{"docno": "Sb4affe09-A241356d8", "score": 19.00465835084466}
{"docno": "S819bc15b-Afe5d6694", "score": 18.956282690102054}
{"docno": "Sd267acf3-Aa6bd58db", "score": 18.8067326679312}
{"docno": "S13b24e5d-A260006b5", "score": 18.74542248629249}
{"docno": "S6601233-Ad3f5de74", "score": 18.729802127945515}
{"docno": "S5811e631-A2882c72c", "score": 18.65176990321255}
{"docno": "S21ae906a-Aad4fc972", "score": 18.63070582340313}
{"docno": "S6334dfa0-A476416c4", "score": 18.53420649867792}
{"docno": "S63aae08-A6f93840b", "score": 18.49438742124724}
{"docno": "S4e37ca8c-Ac961113f", "score": 18.460242425794103}
{"docno": "S86fca339-A1e095f63", "score": 18.281516268669883}
{"docno": "S946d6765-A3567201", "score": 18.263406825332105}
{"docno": "S51e059d1-A8d680f16", "score": 18.11648996723205}
{"docno": "Sc0099d33-Abdc1e22c", "score": 18.06226408525346}
{"docno": "S7c8b175c-A1b1fa9a4", "score": 17.939130347268815}
{"docno": "S9d45700e-Aaa5653ff", "score": 17.92822676367613}
{"docno": "S1940dcc8-A34099a5e", "score": 17.814971012925824}
{"docno": "S144f4d66-A9014b03a", "score": 17.74127411689353}
{"docno": "S48f32dd1-Ac40a288", "score": 17.73636901195376}
{"docno": "Sd267a533-A806366f1", "score": 17.715437162501075}
{"docno": "S6231ab47-Ac3f60563", "score": 17.701016584515052}
{"docno": "S575d733a-Ae64b0b70", "score": 17.694287354913683}
{"docno": "S237344d5-A334bac3f", "score": 17.690756285440507}
{"docno": "S6231abc3-A66c52b40", "score": 17.449058346708355}
{"docno": "S7147d80a-A9c24aebf", "score": 17.4094770084979}
{"docno": "S110247dd-Acfc692b7", "score": 17.280734695542407}
{"docno": "S4e37ca8c-A3e406e2a", "score": 17.27479095282912}
{"docno": "Sa176ce59-A487f01b8", "score": 17.220856388146036}
{"docno": "S5811e631-A138a978f", "score": 17.194399708763534}
{"docno": "S6231ab47-A7dcc378c", "score": 17.126726541908035}
{"docno": "S52efe7bd-A52563afe", "score": 16.985541260307613}
{"docno": "Saab6f238-Acfd2c02e", "score": 16.938771424930707}
{"docno": "S14b9fbff-Ae8bc8f85", "score": 16.884869597404183}
{"docno": "Sd9c294ad-A65bf9eca", "score": 16.742571189130306}
{"docno": "Sc7ccbbbe-Abc99dbd8", "score": 16.73720835083711}
{"docno": "S86fcab18-A157986e", "score": 16.717295031265422}
{"docno": "Sda562237-A48c490cb", "score": 16.672488053851676}
{"docno": "Sd42a9277-A450034df", "score": 16.645824603075106}
{"docno": "S746de2a4-Ad6e34918", "score": 16.5865438510576}
{"docno": "S6231a821-A62b367fb", "score": 16.575886942485695}
{"docno": "S1e41346c-A75bb9932", "score": 16.482751081179373}
{"docno": "S44c2bf2a-Abe0c7d44", "score": 16.433720638133476}
{"docno": "S144f4d66-Aeec159b0", "score": 16.417964488220456}
{"docno": "S9bc547a0-A9ca3a2af", "score": 16.26624271700512}
{"docno": "Sfe4bca00-Aed2b162f", "score": 16.24642499030941}
{"docno": "S9bc547a0-Aa3baad75", "score": 16.21449936134965}
{"docno": "S9dfd7bd-Ae568ae72", "score": 16.10668016417036}
{"docno": "S9dfd7dc-A6605aca4", "score": 16.10668016417036}
{"docno": "S149e11ed-A7bc4617c", "score": 16.04496230918864}
{"docno": "Sb4affe28-A1d2dc1bb", "score": 16.028780301490357}
{"docno": "S52993a21-A4730c254", "score": 16.02223279003185}
{"docno": "Se10704a3-A328249e9", "score": 16.000711823774743}
{"docno": "Se93b97f2-Afba91e71", "score": 15.983286878109002}
{"docno": "Sd294de67-Aec6bcd88", "score": 15.924362832050484}
{"docno": "S12147dd3-A87660c3e", "score": 15.877830625871223}
{"docno": "Sf6df37b-Ac74aa6d1", "score": 15.744640349903166}
{"docno": "S6231af27-Abba34abc", "score": 15.664217906618166}
{"docno": "Sd267a970-A809c0365", "score": 15.541364268451957}
{"docno": "S84f999d5-Afc0ad91b", "score": 15.45147578255056}
{"docno": "Saab6f238-Aad517d6", "score": 15.40561418978271}
{"docno": "Sdd2367fa-A8e99b264", "score": 15.404162496147222}
{"docno": "S819bc15b-Aa0640a87", "score": 15.392662535681675}
{"docno": "S9dfd7dc-A68d897ff", "score": 15.372509560135589}
{"docno": "Sf6ddc7d5-Ad9bdd7c1", "score": 15.28180482415312}
{"docno": "S86fcab18-Ae80eab16", "score": 15.217823551979532}
{"docno": "S6c7100fd-A914cecc5", "score": 15.21534470319321}
{"docno": "S489cc263-Ab8a55b5e", "score": 15.20503526578754}
{"docno": "S942eccee-A84e1e8", "score": 15.201954368074526}
{"docno": "S1e41344d-A8434cf5", "score": 15.15648976899921}
{"docno": "S4aba565e-Ae5237be9", "score": 15.082914211592612}
{"docno": "Sfad1e94f-A46bd8b4f", "score": 15.053425108115235}
{"docno": "Seec21427-Ab70c799d", "score": 15.025934837189318}
{"docno": "S575d7777-Ae9521966", "score": 14.987971726509373}
{"docno": "S370e2932-Ab8811890", "score": 14.967741410248452}
{"docno": "S4d88e276-Ae0875204", "score": 14.967728524454468}
{"type": "toggleArgument", "timestamp": "2025-06-26T10:28:52.866Z", "sessionID": "e3fc4171-fe72-43e6-af21-c205e8499c95", "rank": "3", "doc": "S58da0adc-Aaf45bdc", "action": "expand", "doclen": 476, "score": 21.717832418603223}
{"type": "StanceClicked", "timestamp": "2025-06-26T10:29:00.163Z", "sessionID": "e3fc4171-fe72-43e6-af21-c205e8499c95", "rank": "3", "stance": "con", "action": "chooseStance", "doc": "S58da0adc-Aaf45bdc", "doclen": 476, "score": 21.717832418603223}
{"type": "StanceClicked", "timestamp": "2025-06-26T10:29:13.067Z", "sessionID": "e3fc4171-fe72-43e6-af21-c205e8499c95", "rank": "5", "stance": "pro", "action": "chooseStance", "doc": "S1e41346c-A8aae6dc", "doclen": 494, "score": 19.916794390065718}
{"type": "StanceClicked", "timestamp": "2025-06-26T10:29:33.963Z", "sessionID": "e3fc4171-fe72-43e6-af21-c205e8499c95", "rank": "7", "stance": "pro", "action": "chooseStance", "doc": "S7c8b175c-Ace723459", "doclen": 1454, "score": 19.591157089530444}
{"type": "StanceClicked", "timestamp": "2025-06-26T10:29:43.634Z", "sessionID": "e3fc4171-fe72-43e6-af21-c205e8499c95", "rank": "9", "stance": "pro", "action": "chooseStance", "doc": "S59d1ffdd-Af1a98588", "doclen": 381, "score": 20.903688908095553}
{"type": "StanceClicked", "timestamp": "2025-06-26T10:29:46.603Z", "sessionID": "e3fc4171-fe72-43e6-af21-c205e8499c95", "rank": "10", "stance": "con", "action": "chooseStance", "doc": "S35044b75-A9c4b3324", "doclen": 267, "score": 20.588334236793244}
{"type": "ClickedEndTask", "timestamp": "2025-06-26T10:29:48.259Z", "sessionID": "e3fc4171-fe72-43e6-af21-c205e8499c95"}
{"type": "TaskEndConfirmed", "timestamp": "2025-06-26T10:29:49.507Z", "sessionID": "e3fc4171-fe72-43e6-af21-c205e8499c95"}
{"type": "TaskEnded", "timestamp": "2025-06-26T10:30:03.554Z", "sessionID": "e3fc4171-fe72-43e6-af21-c205e8499c95", "reason": "Bin zu biased", "translated_reason": "I'm to Biased"}
