{"type": "idSubmitted", "timestamp": "2025-06-26T10:08:34.970Z", "sessionID": "5d6349b8-c2a9-4b5a-9619-580d364f6e76", "uid": "Participant31"}
{"type": "TaskStarted", "timestamp": "2025-06-26T10:09:11.237Z", "sessionID": "5d6349b8-c2a9-4b5a-9619-580d364f6e76", "task": "1", "uid": "Participant31", "topic": "Should birth control pills be available over the counter?"}
{"type": "queryBoxFocused", "timestamp": "2025-06-26T10:09:15.432Z", "sessionID": "5d6349b8-c2a9-4b5a-9619-580d364f6e76"}
{"type": "querySubmitted", "timestamp": "2025-06-26T10:09:58.805Z", "sessionID": "5d6349b8-c2a9-4b5a-9619-580d364f6e76", "query": "Birth control "}
{"docno": "S7c48bf09-A91b9ecbc", "score": 19.15014992328647}
{"docno": "S6bf018ce-Af00ca858", "score": 19.11392484147585}
{"docno": "S284f3543-A4eed23cc", "score": 18.937133419020892}
{"docno": "S6b19ea3e-Aab875997", "score": 18.847625708667923}
{"docno": "Sdeb2a1a4-A75985df6", "score": 18.75706721989855}
{"docno": "Sb186fa3d-A139ab956", "score": 18.724558885233595}
{"docno": "S8d834d48-A604418bc", "score": 18.47748418314371}
{"docno": "S3d1a752c-A95ae2a3", "score": 18.43431608637878}
{"docno": "S3d1a752c-Aa7cac87", "score": 18.391349222761598}
{"docno": "S6b3f6ff2-Acf4628af", "score": 18.344507904583594}
{"docno": "S3d1a752c-A1947fe3e", "score": 18.263642057425386}
{"docno": "S3d1a752c-Aaed75b23", "score": 18.22146621756485}
{"docno": "S6702c8de-A774cf475", "score": 18.214689387295216}
{"docno": "S739d0c9a-A1a26ba53", "score": 18.163544883894183}
{"docno": "S8d834d48-Ad3873c6b", "score": 18.150275071749082}
{"docno": "S8d834d48-A969c2c91", "score": 18.039619737435228}
{"docno": "S2218331a-Abdd93fcb", "score": 18.009548700740073}
{"docno": "S6b3f6ff2-A2e326b76", "score": 17.98479650028212}
{"docno": "S136c9048-A5196e9a1", "score": 17.965043673839222}
{"docno": "S88b831f5-Ad7884e03", "score": 17.899837251178553}
{"docno": "S3d9819c3-A3bd57627", "score": 17.852399481686227}
{"docno": "S88b831f5-A34c34d2b", "score": 17.850470806988422}
{"docno": "Sb67fc3fb-A3f92ad47", "score": 17.686602437906934}
{"docno": "S3d1a752c-Acb5c823c", "score": 17.66458751808021}
{"docno": "S7c48bf09-A6e6aecd7", "score": 17.52943400202323}
{"docno": "Se048883c-A59764bb0", "score": 17.526240680844346}
{"docno": "Sd64195b7-Aa077b7c3", "score": 17.35199435771051}
{"docno": "S6b19ea3e-A96597d4", "score": 17.250831475323015}
{"docno": "Scfc73d47-A80ba56f2", "score": 17.15355453101956}
{"docno": "Safb01fa7-A16ba6928", "score": 17.098981226004582}
{"docno": "S3d1a752c-Ab63bbb2b", "score": 17.07425324817536}
{"docno": "Sf3fff4a7-Afc6f95bc", "score": 17.07425324817536}
{"docno": "S6b3f6ff2-A785469ab", "score": 17.040900549867345}
{"docno": "Sd9f365ef-A62d87696", "score": 17.003010743506913}
{"docno": "S641065db-Afbfc86f4", "score": 16.80291745786858}
{"docno": "S6b19ea3e-A5b2f84a2", "score": 16.78370873904406}
{"docno": "S6b229b30-Aa83bee", "score": 16.66778790152459}
{"docno": "S224936ac-Ab5fef090", "score": 16.57220766179347}
{"docno": "S5504cb87-Aa4ec971f", "score": 16.530338182836}
{"docno": "S6bf018ce-A3a097be", "score": 16.490583240288586}
{"docno": "Sb1876a40-A4a4f3601", "score": 16.482100565598813}
{"docno": "S6b19ea3e-A84b5e8f", "score": 16.436323388679924}
{"docno": "S606a81ac-Af25fafce", "score": 16.390799789378114}
{"docno": "S37c0c6de-A91380511", "score": 16.257862219494957}
{"docno": "Sd4e75281-Aff28f439", "score": 16.255729560826513}
{"docno": "Sb76f82a2-A25ea6cc0", "score": 16.21119949012904}
{"docno": "S224936ac-A93b35437", "score": 16.21119949012904}
{"docno": "S37beca49-A76dd2c7a", "score": 16.1673634890853}
{"docno": "S1a14ba21-A6f276267", "score": 16.164803853526486}
{"docno": "Sa22ad1b6-A6ad9eee5", "score": 16.0271967633339}
{"docno": "S3d1a752c-Abc80526", "score": 15.968522315886599}
{"docno": "S8791f9a4-A5b3f1426", "score": 15.898029077324072}
{"docno": "S6702c8de-Ae1150c43", "score": 15.824987823725653}
{"docno": "Sf3fff4a7-Af09bb52d", "score": 15.71411034210783}
{"docno": "S81e67f4b-Ac7ee9c59", "score": 15.645840618148444}
{"docno": "Sb0cd83f7-Adea9ca20", "score": 15.645840618148444}
{"docno": "S3d1a752c-A535d6447", "score": 15.587797510794704}
{"docno": "S4c7e2b8-A14959a1e", "score": 15.528558519679631}
{"docno": "Sf3fff504-A53781e8d", "score": 15.522723104558905}
{"docno": "S2218331a-A6edb46f9", "score": 15.513868801078868}
{"docno": "S136c9048-A26174e3", "score": 15.282210900184385}
{"docno": "S5199e2e0-A5ba0ffab", "score": 15.282210900184385}
{"docno": "S47ca8cc4-A9524ab7f", "score": 15.21115277189871}
{"docno": "S3403ee9e-A43c693f9", "score": 15.202316941512933}
{"docno": "S8791f9a4-A17fae88", "score": 15.172154877000843}
{"docno": "Sd7945f58-Aa4e56d1e", "score": 15.164728220486948}
{"docno": "S2218331a-A817bb3f", "score": 15.164728220486948}
{"docno": "Sb1860d23-Ad360fefe", "score": 15.16124069236825}
{"docno": "S3418c277-Ad9adb256", "score": 15.138954254047107}
{"docno": "S2a4ff294-Ae217aeb6", "score": 15.09475591670165}
{"docno": "S6bece754-A1f4c4017", "score": 14.997295449441197}
{"docno": "Sd8150fb5-A2b731d75", "score": 14.88413631683035}
{"docno": "Sb1853e4f-Aed866696", "score": 14.786418756750582}
{"docno": "S6b19ea3e-Af4c2ab11", "score": 14.772672035850036}
{"docno": "S3d9819c3-A88275e4b", "score": 14.756013625372233}
{"docno": "Sb884a1c8-Ab486ce31", "score": 14.519522577630717}
{"docno": "S7586c763-A9df44bc9", "score": 14.438425531198005}
{"docno": "Sb18710e2-Acf1754e6", "score": 14.39034336360011}
{"docno": "Sb77c1666-A5aa562a0", "score": 14.39034336360011}
{"docno": "S136c9048-A268337e7", "score": 14.343024032933922}
{"docno": "S88b831f5-Ab26ac929", "score": 14.327320001982883}
{"docno": "S3d1a752c-Ab454d43a", "score": 14.29106889918113}
{"docno": "Sf7991e72-A622f021e", "score": 14.286126339725403}
{"docno": "S5199e2e0-A8f06105", "score": 14.286126339725403}
{"docno": "Sb186ee5f-Adbce446d", "score": 14.268021384976004}
{"docno": "S52ebc4c-A87985538", "score": 14.183407972971013}
{"docno": "Sb79ecf35-Aca7efb7a", "score": 14.183407972971013}
{"docno": "Sb67fc3fb-Ae4017b1c", "score": 14.183407972971013}
{"docno": "S12bcfa90-A95003849", "score": 14.16470938227696}
{"docno": "S47ca01fe-A247c98db", "score": 14.16470938227696}
{"docno": "S54a4f280-A130e15e4", "score": 14.14642241532831}
{"docno": "S7a271b49-Abda5897d", "score": 14.087568762982542}
{"docno": "Sc64898ed-Ad5168fd7", "score": 14.086958576193279}
{"docno": "S8e214b94-A6744a4c8", "score": 14.082156167720894}
{"docno": "S7f136cdf-A4bf78f10", "score": 14.082156167720894}
{"docno": "Sb185a806-A5407dbd", "score": 14.082156167720894}
{"docno": "Sb1876a40-A428c5807", "score": 14.073239329120007}
{"docno": "S404e495e-A9a8ea74", "score": 14.045043314343129}
{"docno": "S29bcc23d-A6a56a29c", "score": 14.036838747670874}
{"docno": "S740c0ab5-A695b006d", "score": 14.035020252890689}
{"type": "queryBoxFocused", "timestamp": "2025-06-26T10:10:00.744Z", "sessionID": "5d6349b8-c2a9-4b5a-9619-580d364f6e76"}
{"type": "querySubmitted", "timestamp": "2025-06-26T10:10:11.553Z", "sessionID": "5d6349b8-c2a9-4b5a-9619-580d364f6e76", "query": "Antibaby Pille"}
{"docno": "S928f9e5e-A4fd49234", "score": 17.04964633233588}
{"docno": "S19901fc2-A37389307", "score": 16.62850294697964}
{"docno": "Sfd36e585-A294dcede", "score": 16.50377716958332}
{"docno": "Sf7ccde18-A96287d28", "score": 16.355166989553954}
{"docno": "Sdaa1c0-Afdf00c6f", "score": 16.278425507328553}
{"docno": "S8d834d48-Ad3873c6b", "score": 16.264033544574634}
{"docno": "S4c2eee41-A4ec843ba", "score": 16.252170224281677}
{"docno": "S10c1d5c6-A4400ded9", "score": 16.197425776147956}
{"docno": "S19901fc2-A828568d4", "score": 16.185659391880325}
{"docno": "S928f9e5e-A367ed26", "score": 16.10803696536056}
{"docno": "S83564eca-A15abedf6", "score": 16.042698240296627}
{"docno": "S12a76d9e-A5441cd6e", "score": 15.989353569192538}
{"docno": "S19901fc2-A49e6f2c2", "score": 15.933021836575316}
{"docno": "S928f9e5e-Ae15939fd", "score": 15.840935405896627}
{"docno": "S8d834d48-A604418bc", "score": 15.730831054842662}
{"docno": "S4c2eee41-Ae762ee36", "score": 15.584849336600065}
{"docno": "S12a76d9e-Ab3304de0", "score": 15.405013828565895}
{"docno": "S12a76dbd-Ab3304de0", "score": 15.405013828565895}
{"docno": "S928f9e5e-A42dc24ef", "score": 15.358054569034815}
{"docno": "S2878f622-A1cb4c80d", "score": 15.262781348777638}
{"docno": "S12a76dbd-A256dff4a", "score": 15.130200032799888}
{"docno": "S12a76dbd-Ac2fa3d5d", "score": 15.096198658057643}
{"docno": "S12a76d9e-A64975f21", "score": 14.99031144991049}
{"docno": "Sfd36e585-A67bcea8a", "score": 14.99031144991049}
{"docno": "S19901fc2-Ad82093aa", "score": 14.956721608655279}
{"docno": "S928f9e5e-Aaa331e1d", "score": 14.947960398612585}
{"docno": "S19901fc2-Add473395", "score": 14.84957392788045}
{"docno": "S10c1d5c6-A5af7cb16", "score": 14.816086261021221}
{"docno": "S8e214b94-A6744a4c8", "score": 14.792258822414645}
{"docno": "S10c1d5c6-A98e32b82", "score": 14.72945530208747}
{"docno": "Sfd36e585-A42315c3a", "score": 14.663105774214744}
{"docno": "Sd4cf84c8-A7c85eab0", "score": 14.59937131251252}
{"docno": "Sfd36e585-Abec40258", "score": 14.59937131251252}
{"docno": "S10c1d5c6-Ae27e5d6b", "score": 14.34987932939951}
{"docno": "Seed3e58f-A8483d5d6", "score": 14.255920526563392}
{"docno": "S83564eca-A624cf050", "score": 14.22830396507071}
{"docno": "Sf3fff523-A2404c0d3", "score": 14.132338922038684}
{"docno": "Sc4b00c77-A78ad4b22", "score": 14.110658352575495}
{"docno": "S19901fc2-A9e0d20f2", "score": 14.10877132132868}
{"docno": "S8791f9a4-A17fae88", "score": 14.082020196739549}
{"docno": "S69f235bc-A74f94dbc", "score": 14.04975499854605}
{"docno": "S10c1d5c6-Ae48b330e", "score": 14.032058523578124}
{"docno": "Sd7f0e587-A99e20b4d", "score": 13.93595195142306}
{"docno": "S136c9048-Ac4bebdf1", "score": 13.87015901153737}
{"docno": "S8cb27dbc-A794eff79", "score": 13.810438162289696}
{"docno": "S7aae13f6-Ae44fedc7", "score": 13.644775558608085}
{"docno": "S4c2eee41-A7d2dba98", "score": 13.594822988719175}
{"docno": "Sd883245-A80fd1c17", "score": 13.53480847509034}
{"docno": "S12a76dbd-A722c318a", "score": 13.456336098499797}
{"docno": "S88b831f5-Ab26ac929", "score": 13.434293445358382}
{"docno": "S1ad38b0d-Aa2d2f3af", "score": 13.426599731917012}
{"docno": "S8f3513ba-Afaf09852", "score": 13.354174112542351}
{"docno": "Sca149d42-A77036057", "score": 13.320107490586619}
{"docno": "S4c2eee41-A92723fa5", "score": 13.272499666219701}
{"docno": "Sd4106dd-A875adb12", "score": 13.22025921803589}
{"docno": "S4c2eee41-Afc27ca4d", "score": 13.22025921803589}
{"docno": "S39262125-A7c6d054a", "score": 13.21529122951055}
{"docno": "S6b229b30-Acb98c79f", "score": 13.21529122951055}
{"docno": "S5199e2e0-A90bff8b3", "score": 13.21529122951055}
{"docno": "S2878f622-A479310e2", "score": 13.21529122951055}
{"docno": "Sbe3faadb-A2fea6aec", "score": 13.112111692603523}
{"docno": "S6d27ef5f-A361ab19", "score": 13.010530840263682}
{"docno": "Safae4f58-Ac457f25e", "score": 13.010530840263682}
{"docno": "Se0d020b2-A579a612a", "score": 13.010530840263682}
{"docno": "Sd272e2d3-A528f8944", "score": 12.91051180261371}
{"docno": "S13826027-Acb51f0f2", "score": 12.719616184025694}
{"docno": "S2218331a-Abdd93fcb", "score": 12.715017274812611}
{"docno": "Sf7ccde18-A63b3e963", "score": 12.715017274812611}
{"docno": "S98cbcd80-A9e5888cc", "score": 12.61947350199058}
{"docno": "S83564eca-A6e9fb177", "score": 12.483249713898285}
{"docno": "Sbe94b9d9-A5cda0952", "score": 12.43262981426588}
{"docno": "S39262125-Ac3161f1d", "score": 12.43262981426588}
{"docno": "S928f9e5e-Ad9353ef4", "score": 12.43262981426588}
{"docno": "S4aa122df-A956355f6", "score": 12.43262981426588}
{"docno": "S2878f622-A1682d9cf", "score": 12.43262981426588}
{"docno": "Sc78c98cd-Adbde2b61", "score": 12.39114469781334}
{"docno": "S39262125-Ac8ec1a5f", "score": 12.341267526627318}
{"docno": "S144b984e-A80bae8c7", "score": 12.256931515097603}
{"docno": "S606a81ac-Af25fafce", "score": 12.255507693137917}
{"docno": "Sf7991e72-A622f021e", "score": 12.162512907648594}
{"docno": "S39262125-A45f8ff64", "score": 12.162512907648594}
{"docno": "S193f0531-A259e9d2c", "score": 12.162512907648594}
{"docno": "S7f2b3c6-Ae42f3037", "score": 12.146822090084676}
{"docno": "S88924a74-A43e3eaa1", "score": 12.146822090084676}
{"docno": "S9e641c64-A53536dd1", "score": 12.138806822247943}
{"docno": "Sf7ccde18-A8611c28", "score": 12.103052569410643}
{"docno": "Sbe94b9d9-A94b8eef", "score": 12.075063487715294}
{"docno": "S59d12d9e-A4a9921b0", "score": 12.059597351930613}
{"docno": "S2a2c6cd2-A75c95a58", "score": 12.02293722106435}
{"docno": "S957b155c-A3887fad0", "score": 11.988862626894615}
{"docno": "Sfc5dca1a-Acf5378b5", "score": 11.988862626894615}
{"docno": "Sc55873e2-A9a35d230", "score": 11.950281580276886}
{"docno": "S739d0c9a-A1a26ba53", "score": 11.90791454753848}
{"docno": "Sd84dc5df-A7e93db9", "score": 11.903883775265292}
{"docno": "S5d204889-Ab4752d18", "score": 11.903883775265292}
{"docno": "S2c1e399a-A6323087b", "score": 11.824075353584515}
{"docno": "S2739efa9-A5100c45c", "score": 11.820101130367206}
{"docno": "S1a33cd55-Aec3dcad4", "score": 11.820101130367206}
{"docno": "Sea949c31-A6590b76c", "score": 11.820101130367206}
{"docno": "S5199e2e0-A68df8a85", "score": 11.820101130367206}
{"type": "queryBoxFocused", "timestamp": "2025-06-26T10:10:18.164Z", "sessionID": "5d6349b8-c2a9-4b5a-9619-580d364f6e76"}
{"type": "querySubmitted", "timestamp": "2025-06-26T10:10:26.241Z", "sessionID": "5d6349b8-c2a9-4b5a-9619-580d364f6e76", "query": "Birth control pill"}
{"docno": "S8d834d48-Ad3873c6b", "score": 34.414308616323716}
{"docno": "S8d834d48-A604418bc", "score": 34.20831523798637}
{"docno": "S2218331a-Abdd93fcb", "score": 30.724565975552686}
{"docno": "S739d0c9a-A1a26ba53", "score": 30.071459431432665}
{"docno": "S8791f9a4-A17fae88", "score": 29.25417507374039}
{"docno": "S3d9819c3-A3bd57627", "score": 29.072112952492525}
{"docno": "S8e214b94-A6744a4c8", "score": 28.87441499013554}
{"docno": "S606a81ac-Af25fafce", "score": 28.64630748251603}
{"docno": "S3d1a752c-Aaed75b23", "score": 27.980886777003835}
{"docno": "S88b831f5-Ab26ac929", "score": 27.761613447341265}
{"docno": "Sdeb2a1a4-A75985df6", "score": 27.32194757407142}
{"docno": "Sf3fff523-A2404c0d3", "score": 27.223590516555973}
{"docno": "Sdaa1c0-Afdf00c6f", "score": 26.994582979595542}
{"docno": "S10c1d5c6-A98e32b82", "score": 26.465710135711245}
{"docno": "S3d1a752c-Abc80526", "score": 26.459531135186662}
{"docno": "Sf7991e72-A622f021e", "score": 26.448639247373997}
{"docno": "S6702c8de-A774cf475", "score": 26.425629100898135}
{"docno": "S136c9048-A5196e9a1", "score": 26.316952644045365}
{"docno": "S6b229b30-Aa83bee", "score": 25.942149254521063}
{"docno": "S1b170c65-A5c0b2195", "score": 24.513060039402184}
{"docno": "S2a2c6cd2-A75c95a58", "score": 23.903940424739005}
{"docno": "Scfc73d47-A80ba56f2", "score": 23.086164295495088}
{"docno": "Sc64898ed-Adad2657", "score": 22.79914082021503}
{"docno": "S5504cb87-Aa4ec971f", "score": 22.505160828199216}
{"docno": "Sc42f2f21-Ae69e1463", "score": 22.502541809828223}
{"docno": "Sb364b25c-Ac9e2337f", "score": 22.182468891827945}
{"docno": "S3d9819c3-A88275e4b", "score": 22.151655584403635}
{"docno": "S670241ba-A1b29fc3f", "score": 22.12372731251402}
{"docno": "Sb186eedb-Ae0a0f983", "score": 22.122791743849696}
{"docno": "Sd76dccec-A190e562d", "score": 21.98958654597091}
{"docno": "S2c02bfd6-A209427d3", "score": 21.98958654597091}
{"docno": "S928f9e5e-Aaa331e1d", "score": 21.967399681559655}
{"docno": "S4181eec2-A127d7338", "score": 21.59942480394608}
{"docno": "Seb89388a-Af4fe94ac", "score": 21.354866828807925}
{"docno": "S8e214b94-Ad6147b51", "score": 21.100248540934665}
{"docno": "S144b984e-A80bae8c7", "score": 20.577462859000512}
{"docno": "S7586c03e-Aafd925d5", "score": 20.507813004398848}
{"docno": "S10c1d5c6-Ae48b330e", "score": 20.21711694301639}
{"docno": "Sff883bce-A522a7bcf", "score": 19.88528313025442}
{"docno": "Se5cc0b2e-A6da0695e", "score": 19.626138325256186}
{"docno": "S37c0c6de-A66fd709d", "score": 19.52123089932818}
{"docno": "Safae4f58-Ac457f25e", "score": 19.42437210754064}
{"docno": "Sa8cf6837-A48fbd81", "score": 19.23245899981259}
{"docno": "S7c48bf09-A91b9ecbc", "score": 19.15014992328647}
{"docno": "S6bf018ce-Af00ca858", "score": 19.11392484147585}
{"docno": "S47ca9aef-Ae3f232b0", "score": 19.025991754561336}
{"docno": "S893cfd79-A69894498", "score": 19.017806891266215}
{"docno": "S42a405ef-Ac653caf5", "score": 19.01307868150832}
{"docno": "S284f3543-A4eed23cc", "score": 18.937133419020892}
{"docno": "S6c2bb03b-Aa60497cf", "score": 18.861842438857124}
{"docno": "S6b19ea3e-Aab875997", "score": 18.847625708667923}
{"docno": "Sa4a6c3d4-A2cff934e", "score": 18.817148906400476}
{"docno": "Sb186fa3d-A139ab956", "score": 18.724558885233595}
{"docno": "S9e641c64-A4d50881f", "score": 18.492381038611747}
{"docno": "S3d1a752c-A95ae2a3", "score": 18.43431608637878}
{"docno": "S3d1a752c-Aa7cac87", "score": 18.391349222761598}
{"docno": "S6b3f6ff2-Acf4628af", "score": 18.344507904583594}
{"docno": "Sfcb3085d-A2a7fd182", "score": 18.28757534149997}
{"docno": "S3d1a752c-A1947fe3e", "score": 18.263642057425386}
{"docno": "Sd4106dd-A875adb12", "score": 18.175367097566106}
{"docno": "Sb186821d-Ad58ae557", "score": 18.161274364370687}
{"docno": "Sa4a6c3d4-A97ae8381", "score": 18.07221231735974}
{"docno": "S12a76dbd-Ac2fa3d5d", "score": 18.041625291143035}
{"docno": "S8d834d48-A969c2c91", "score": 18.039619737435228}
{"docno": "S6b3f6ff2-A2e326b76", "score": 17.98479650028212}
{"docno": "S88b831f5-Ad7884e03", "score": 17.899837251178553}
{"docno": "S5ef3f775-A6f5d8f71", "score": 17.872178608770792}
{"docno": "S88b831f5-A34c34d2b", "score": 17.850470806988422}
{"docno": "S5d204889-Ab4752d18", "score": 17.772177846894255}
{"docno": "Sa4a6c3d4-A510bd2ab", "score": 17.72143272495943}
{"docno": "Sb67fc3fb-A3f92ad47", "score": 17.686602437906934}
{"docno": "S3d1a752c-Acb5c823c", "score": 17.66458751808021}
{"docno": "Sea949c31-A6590b76c", "score": 17.647092614736167}
{"docno": "S7c48bf09-A6e6aecd7", "score": 17.52943400202323}
{"docno": "Se048883c-A59764bb0", "score": 17.526240680844346}
{"docno": "S47ca8c67-A7757972e", "score": 17.51303723292426}
{"docno": "S87b8c230-A24b75240", "score": 17.40213112153758}
{"docno": "Sd64195b7-Aa077b7c3", "score": 17.35199435771051}
{"docno": "S6b19ea3e-A96597d4", "score": 17.250831475323015}
{"docno": "S893cfd79-A45f6c195", "score": 17.13925836650395}
{"docno": "Safb01fa7-A16ba6928", "score": 17.098981226004582}
{"docno": "S3d1a752c-Ab63bbb2b", "score": 17.07425324817536}
{"docno": "Sf3fff4a7-Afc6f95bc", "score": 17.07425324817536}
{"docno": "S928f9e5e-A4fd49234", "score": 17.04964633233588}
{"docno": "S6b3f6ff2-A785469ab", "score": 17.040900549867345}
{"docno": "Sd9f365ef-A62d87696", "score": 17.003010743506913}
{"docno": "S641065db-Afbfc86f4", "score": 16.80291745786858}
{"docno": "S6b19ea3e-A5b2f84a2", "score": 16.78370873904406}
{"docno": "Sc42f2f40-A6a393772", "score": 16.637331339395878}
{"docno": "S19901fc2-A37389307", "score": 16.62850294697964}
{"docno": "S224936ac-Ab5fef090", "score": 16.57220766179347}
{"docno": "Sfd36e585-A294dcede", "score": 16.50377716958332}
{"docno": "S6bf018ce-A3a097be", "score": 16.490583240288586}
{"docno": "Sb1876a40-A4a4f3601", "score": 16.482100565598813}
{"docno": "S6b19ea3e-A84b5e8f", "score": 16.436323388679924}
{"docno": "S2b998372-A3240ffdf", "score": 16.370959255803395}
{"docno": "Sf7ccde18-A96287d28", "score": 16.355166989553954}
{"docno": "S37c0c6de-A91380511", "score": 16.257862219494957}
{"docno": "Sd4e75281-Aff28f439", "score": 16.255729560826513}
{"docno": "S4c2eee41-A4ec843ba", "score": 16.252170224281677}
{"type": "toggleArgument", "timestamp": "2025-06-26T10:10:29.273Z", "sessionID": "5d6349b8-c2a9-4b5a-9619-580d364f6e76", "rank": "1", "doc": "S8d834d48-Ad3873c6b", "action": "expand", "doclen": 386, "score": 34.414308616323716}
{"type": "StanceClicked", "timestamp": "2025-06-26T10:10:52.673Z", "sessionID": "5d6349b8-c2a9-4b5a-9619-580d364f6e76", "rank": "1", "stance": "con", "action": "chooseStance", "doc": "S8d834d48-Ad3873c6b", "doclen": 386, "score": 34.414308616323716}
{"type": "toggleArgument", "timestamp": "2025-06-26T10:10:57.833Z", "sessionID": "5d6349b8-c2a9-4b5a-9619-580d364f6e76", "rank": "2", "doc": "S8d834d48-A604418bc", "action": "expand", "doclen": 600, "score": 18.205337177369955}
{"type": "StanceClicked", "timestamp": "2025-06-26T10:11:22.281Z", "sessionID": "5d6349b8-c2a9-4b5a-9619-580d364f6e76", "rank": "2", "stance": "con", "action": "chooseStance", "doc": "S8d834d48-A604418bc", "doclen": 600, "score": 18.205337177369955}
{"type": "toggleArgument", "timestamp": "2025-06-26T10:11:26.137Z", "sessionID": "5d6349b8-c2a9-4b5a-9619-580d364f6e76", "rank": "3", "doc": "S2218331a-Abdd93fcb", "action": "expand", "doclen": 199, "score": 30.724565975552686}
{"type": "toggleArgument", "timestamp": "2025-06-26T10:11:28.761Z", "sessionID": "5d6349b8-c2a9-4b5a-9619-580d364f6e76", "rank": "4", "doc": "S739d0c9a-A1a26ba53", "action": "expand", "doclen": 836, "score": 17.25383449663839}
{"type": "toggleArgument", "timestamp": "2025-06-26T10:11:42.329Z", "sessionID": "5d6349b8-c2a9-4b5a-9619-580d364f6e76", "rank": "5", "doc": "S8791f9a4-A17fae88", "action": "expand", "doclen": 1137, "score": 29.25417507374039}
{"type": "StanceClicked", "timestamp": "2025-06-26T10:11:57.185Z", "sessionID": "5d6349b8-c2a9-4b5a-9619-580d364f6e76", "rank": "5", "stance": "con", "action": "chooseStance", "doc": "S8791f9a4-A17fae88", "doclen": 1137, "score": 29.25417507374039}
{"type": "StanceClicked", "timestamp": "2025-06-26T10:12:03.513Z", "sessionID": "5d6349b8-c2a9-4b5a-9619-580d364f6e76", "rank": "7", "stance": "pro", "action": "chooseStance", "doc": "S8e214b94-A6744a4c8", "doclen": 283, "score": 28.87441499013554}
{"type": "toggleArgument", "timestamp": "2025-06-26T10:12:10.608Z", "sessionID": "5d6349b8-c2a9-4b5a-9619-580d364f6e76", "rank": "8", "doc": "S606a81ac-Af25fafce", "action": "expand", "doclen": 796, "score": 28.64630748251603}
{"type": "queryBoxFocused", "timestamp": "2025-06-26T10:12:16.040Z", "sessionID": "5d6349b8-c2a9-4b5a-9619-580d364f6e76"}
{"type": "querySubmitted", "timestamp": "2025-06-26T10:12:25.713Z", "sessionID": "5d6349b8-c2a9-4b5a-9619-580d364f6e76", "query": "anti baby pill"}
{"docno": "S4c2eee41-Ae762ee36", "score": 23.622961201379447}
{"docno": "S49398667-A6c476250", "score": 23.17684722330695}
{"docno": "Sb18610a6-Ad8d23adb", "score": 21.050393703602417}
{"docno": "S719de2fd-Aeb084cc", "score": 20.599087622094526}
{"docno": "S9e641c64-A53536dd1", "score": 19.481859298234987}
{"docno": "S5199e2e0-A68df8a85", "score": 19.09175780164098}
{"docno": "Sb186eedb-Ae0a0f983", "score": 18.37081129057149}
{"docno": "Sd76dccec-A190e562d", "score": 18.277163332089877}
{"docno": "Sd1281574-A3b6f492f", "score": 18.15437866872741}
{"docno": "Sf3fff523-A2404c0d3", "score": 17.847668736974157}
{"docno": "S74ddbff-A173607ea", "score": 17.828471439150164}
{"docno": "Sbea71e7b-A9790bd83", "score": 17.75460442762944}
{"docno": "S670241ba-A1b29fc3f", "score": 17.43864766991349}
{"docno": "Sdd88472c-A41debde", "score": 17.349114512245187}
{"docno": "Sf5c272b-Aa4c36a5a", "score": 17.279553770961215}
{"docno": "S928f9e5e-A4fd49234", "score": 17.04964633233588}
{"docno": "Sc42f2f21-Ae69e1463", "score": 16.940715196875914}
{"docno": "Sb1862824-A2de93c33", "score": 16.903047643287092}
{"docno": "Sf8510ac-A1a5ccdaa", "score": 16.783902459475513}
{"docno": "S19901fc2-A37389307", "score": 16.62850294697964}
{"docno": "Sbe3faadb-A74bd4dc0", "score": 16.56348092690659}
{"docno": "Sfd36e585-A294dcede", "score": 16.50377716958332}
{"docno": "Sf7ccde18-A96287d28", "score": 16.355166989553954}
{"docno": "S2c02bfd6-A209427d3", "score": 16.332842302801048}
{"docno": "Scc2b12cb-Ade0dbeb1", "score": 16.30471945188565}
{"docno": "Sdaa1c0-Afdf00c6f", "score": 16.278425507328553}
{"docno": "S8d834d48-Ad3873c6b", "score": 16.264033544574634}
{"docno": "S4c2eee41-A4ec843ba", "score": 16.252170224281677}
{"docno": "S10c1d5c6-A4400ded9", "score": 16.197425776147956}
{"docno": "S19901fc2-A828568d4", "score": 16.185659391880325}
{"docno": "S928f9e5e-A367ed26", "score": 16.10803696536056}
{"docno": "S83564eca-A15abedf6", "score": 16.042698240296627}
{"docno": "S12a76d9e-A5441cd6e", "score": 15.989353569192538}
{"docno": "S2c5054cb-Ad6188307", "score": 15.962446158772789}
{"docno": "S19901fc2-A49e6f2c2", "score": 15.933021836575316}
{"docno": "Se5c9efdb-A9c41df5", "score": 15.882966432848434}
{"docno": "S928f9e5e-Ae15939fd", "score": 15.840935405896627}
{"docno": "Sf5c272b-Ac78ceecc", "score": 15.763358667590033}
{"docno": "S8d834d48-A604418bc", "score": 15.730831054842662}
{"docno": "S255c4280-Ac580e273", "score": 15.521188957981007}
{"docno": "Sb1852fc7-A3045f64c", "score": 15.436499161012849}
{"docno": "S12a76d9e-Ab3304de0", "score": 15.405013828565895}
{"docno": "S12a76dbd-Ab3304de0", "score": 15.405013828565895}
{"docno": "S928f9e5e-A42dc24ef", "score": 15.358054569034815}
{"docno": "S6702c8de-A774cf475", "score": 15.299089082970994}
{"docno": "S2878f622-A1cb4c80d", "score": 15.262781348777638}
{"docno": "S12a76dbd-A256dff4a", "score": 15.130200032799888}
{"docno": "S12a76dbd-Ac2fa3d5d", "score": 15.096198658057643}
{"docno": "Sc61417ee-Ab9ce6112", "score": 15.072950145766098}
{"docno": "S12a76d9e-A64975f21", "score": 14.99031144991049}
{"docno": "Sfd36e585-A67bcea8a", "score": 14.99031144991049}
{"docno": "S9f22a998-A15ec546d", "score": 14.983845474808287}
{"docno": "S6b229b30-Aa83bee", "score": 14.979893891213031}
{"docno": "S19901fc2-Ad82093aa", "score": 14.956721608655279}
{"docno": "S928f9e5e-Aaa331e1d", "score": 14.947960398612585}
{"docno": "S47ca8cc4-A6e03d095", "score": 14.90538787875844}
{"docno": "S19901fc2-Add473395", "score": 14.84957392788045}
{"docno": "Sfdec1b32-A237681f4", "score": 14.823422007522362}
{"docno": "S10c1d5c6-A5af7cb16", "score": 14.816086261021221}
{"docno": "S8e214b94-A6744a4c8", "score": 14.792258822414645}
{"docno": "S52a237de-Af096686b", "score": 14.751525129170936}
{"docno": "S10c1d5c6-A98e32b82", "score": 14.72945530208747}
{"docno": "Sfd36e585-A42315c3a", "score": 14.663105774214744}
{"docno": "S33dc7a35-Ad5ebcf98", "score": 14.611536720019192}
{"docno": "Sd4cf84c8-A7c85eab0", "score": 14.59937131251252}
{"docno": "Sfd36e585-Abec40258", "score": 14.59937131251252}
{"docno": "Saa8d3ca6-Aa698cba2", "score": 14.592274162640907}
{"docno": "Se5cc0b2e-A6da0695e", "score": 14.577382872080545}
{"docno": "Sea9e36e4-Afe3e1266", "score": 14.505798027955978}
{"docno": "Sd77ca366-A280b635c", "score": 14.442737383482637}
{"docno": "S8930da34-A19990df5", "score": 14.413734181300438}
{"docno": "S597e4143-Ace0edd90", "score": 14.396690333145065}
{"docno": "Se727af12-A2fb3589c", "score": 14.387774936428109}
{"docno": "Sb187e2dc-Ace76bbb8", "score": 14.358799926805117}
{"docno": "S10c1d5c6-Ae27e5d6b", "score": 14.34987932939951}
{"docno": "S255c4280-Adb8dfa9d", "score": 14.30743474650404}
{"docno": "S67ac115c-Aca32d321", "score": 14.294674788234618}
{"docno": "S35996246-Ad57ecca6", "score": 14.275436803500327}
{"docno": "Seed3e58f-A8483d5d6", "score": 14.255920526563392}
{"docno": "Sc4ac55f3-Abcecc6a3", "score": 14.25110502824353}
{"docno": "S83564eca-A624cf050", "score": 14.22830396507071}
{"docno": "S848a4816-Ab9d9e735", "score": 14.206472292609696}
{"docno": "Sb1851d02-A1f0fba97", "score": 14.152532225321679}
{"docno": "Sc4b00c77-A78ad4b22", "score": 14.110658352575495}
{"docno": "S19901fc2-A9e0d20f2", "score": 14.10877132132868}
{"docno": "S8791f9a4-A17fae88", "score": 14.082020196739549}
{"docno": "S69f235bc-A74f94dbc", "score": 14.04975499854605}
{"docno": "S10c1d5c6-Ae48b330e", "score": 14.032058523578124}
{"docno": "S66496b5f-A3aa113d5", "score": 14.02156249555336}
{"docno": "Sd7f0e587-A99e20b4d", "score": 13.93595195142306}
{"docno": "S136c9048-Ac4bebdf1", "score": 13.87015901153737}
{"docno": "S8cb27dbc-A794eff79", "score": 13.810438162289696}
{"docno": "Sdd1c585-A61b504d7", "score": 13.805866251755067}
{"docno": "Sed3988d7-A53c78c82", "score": 13.72986868853108}
{"docno": "S47ca7da1-A3cfa0035", "score": 13.71247514403991}
{"docno": "S4c7e2b8-A49d19205", "score": 13.697566700894601}
{"docno": "S7aae13f6-Ae44fedc7", "score": 13.644775558608085}
{"docno": "S4c2eee41-A7d2dba98", "score": 13.594822988719175}
{"docno": "Sd883245-A80fd1c17", "score": 13.53480847509034}
{"docno": "S136c9048-A5196e9a1", "score": 13.489954229822636}
{"type": "queryBoxFocused", "timestamp": "2025-06-26T10:12:36.281Z", "sessionID": "5d6349b8-c2a9-4b5a-9619-580d364f6e76"}
{"type": "querySubmitted", "timestamp": "2025-06-26T10:12:44.001Z", "sessionID": "5d6349b8-c2a9-4b5a-9619-580d364f6e76", "query": "contraception pill"}
{"docno": "S928f9e5e-Ae15939fd", "score": 27.406003016875722}
{"docno": "S7f2b3c6-Ae42f3037", "score": 27.326281508244087}
{"docno": "S928f9e5e-A42dc24ef", "score": 26.172536330467953}
{"docno": "S144b984e-A80bae8c7", "score": 25.63991924118193}
{"docno": "Sf3fff523-A2404c0d3", "score": 23.261116513452464}
{"docno": "S10c1d5c6-Ae48b330e", "score": 23.035172503534042}
{"docno": "Sa4a6c3d4-A23983b50", "score": 22.843381700409562}
{"docno": "S8986ed15-A428cbc5a", "score": 22.145191849970786}
{"docno": "Sa4a6c3d4-A22738aaf", "score": 21.94265057707448}
{"docno": "S9f22a998-Af58f9c8a", "score": 21.71401751885951}
{"docno": "Sc64898ed-A2147fa3f", "score": 21.1407218903776}
{"docno": "S47ca9aef-Ae3f232b0", "score": 21.047708237695808}
{"docno": "S47ca938c-A70204d21", "score": 20.451512958377553}
{"docno": "S541f204f-Aa63aeaa3", "score": 20.145090757445374}
{"docno": "Se727af12-A2fb3589c", "score": 19.680092632174286}
{"docno": "S3b5af2ac-A530b0261", "score": 17.940704696306803}
{"docno": "S5ef3f775-A6f5d8f71", "score": 17.86985312428547}
{"docno": "Sc64898ed-A6e6f8f92", "score": 17.84558635700241}
{"docno": "S775cd6a9-A8a25650e", "score": 17.242864917638848}
{"docno": "S928f9e5e-A4fd49234", "score": 17.04964633233588}
{"docno": "S1b170c65-A5c0b2195", "score": 16.803597620444336}
{"docno": "Sf3fff4a7-Ab37d2b7a", "score": 16.771996101600728}
{"docno": "S19901fc2-A37389307", "score": 16.62850294697964}
{"docno": "Sa4a6c3d4-A97ae8381", "score": 16.55630753038151}
{"docno": "Sfd36e585-A294dcede", "score": 16.50377716958332}
{"docno": "S98cbcd80-Ade710008", "score": 16.495276711553537}
{"docno": "Sf7ccde18-A96287d28", "score": 16.355166989553954}
{"docno": "Sdaa1c0-Afdf00c6f", "score": 16.278425507328553}
{"docno": "S8d834d48-Ad3873c6b", "score": 16.264033544574634}
{"docno": "S4c2eee41-A4ec843ba", "score": 16.252170224281677}
{"docno": "Scc2b12cb-Ade0dbeb1", "score": 16.234951478052338}
{"docno": "S10c1d5c6-A4400ded9", "score": 16.197425776147956}
{"docno": "S19901fc2-A828568d4", "score": 16.185659391880325}
{"docno": "Sb79cf889-A46d5f764", "score": 16.176282325132405}
{"docno": "S928f9e5e-A367ed26", "score": 16.10803696536056}
{"docno": "S83564eca-A15abedf6", "score": 16.042698240296627}
{"docno": "S12a76d9e-A5441cd6e", "score": 15.989353569192538}
{"docno": "S7736223c-A5734d649", "score": 15.93981884760688}
{"docno": "S19901fc2-A49e6f2c2", "score": 15.933021836575316}
{"docno": "S670241ba-A1b29fc3f", "score": 15.877301752356798}
{"docno": "Sd8150fb5-A28f601d1", "score": 15.744436920097433}
{"docno": "S8d834d48-A604418bc", "score": 15.730831054842662}
{"docno": "Sf3fff4a7-Af09bb52d", "score": 15.68151989230766}
{"docno": "Saca8ce26-Ad4d7ec63", "score": 15.668058654441424}
{"docno": "Sf3fff523-Ac8b74370", "score": 15.641205391780739}
{"docno": "Sf3fff504-A71631a98", "score": 15.641205391780739}
{"docno": "Sf4649d91-Aee9f305f", "score": 15.641205391780739}
{"docno": "Sb1861141-A2ed4493a", "score": 15.628265745091898}
{"docno": "Sf4649d91-Ab2d2007b", "score": 15.619103713983133}
{"docno": "S4c2eee41-Ae762ee36", "score": 15.584849336600065}
{"docno": "Sf3fff4e5-A887bd80e", "score": 15.474057367062935}
{"docno": "Sa4a6c3d4-Add495099", "score": 15.463233724473907}
{"docno": "Sf3fff4e5-Af42b88ac", "score": 15.424032362205796}
{"docno": "S12a76d9e-Ab3304de0", "score": 15.405013828565895}
{"docno": "S12a76dbd-Ab3304de0", "score": 15.405013828565895}
{"docno": "S92fdc6f-A824f6cc3", "score": 15.331680170420245}
{"docno": "Sd8150fb5-A13d86c03", "score": 15.331680170420245}
{"docno": "Sf3fff523-A885d01c1", "score": 15.314686516670635}
{"docno": "Sf3fff523-A4bdb93ff", "score": 15.282570032396235}
{"docno": "S2878f622-A1cb4c80d", "score": 15.262781348777638}
{"docno": "Sb79cf889-A2d2c71f9", "score": 15.25094119591944}
{"docno": "Sb185a806-A83f27d2f", "score": 15.238208738822408}
{"docno": "Saf12bbe3-A65936713", "score": 15.212807497508951}
{"docno": "Sf3fff504-A405d96a3", "score": 15.212807497508951}
{"docno": "Sf3fff523-A777f14f9", "score": 15.187824428048042}
{"docno": "S12a76dbd-A256dff4a", "score": 15.130200032799888}
{"docno": "S12a76dbd-Ac2fa3d5d", "score": 15.096198658057643}
{"docno": "Sd8150fb5-Ab342a068", "score": 15.075175871358606}
{"docno": "Sb79cf889-Ae218f641", "score": 15.044398792362704}
{"docno": "Sf3fff504-A3c166da3", "score": 15.007289727082282}
{"docno": "S12a76d9e-A64975f21", "score": 14.99031144991049}
{"docno": "Sfd36e585-A67bcea8a", "score": 14.99031144991049}
{"docno": "Sa4a6c3d4-Ab67411c8", "score": 14.976788932661245}
{"docno": "S19901fc2-Ad82093aa", "score": 14.956721608655279}
{"docno": "S928f9e5e-Aaa331e1d", "score": 14.947960398612585}
{"docno": "S19901fc2-Add473395", "score": 14.84957392788045}
{"docno": "S10c1d5c6-A5af7cb16", "score": 14.816086261021221}
{"docno": "S19983702-A84c448f7", "score": 14.807250833670745}
{"docno": "S8096d4a8-Ae2668c9", "score": 14.79874195892183}
{"docno": "S8e214b94-A6744a4c8", "score": 14.792258822414645}
{"docno": "Sb67fc3fb-Ae4017b1c", "score": 14.741751030647297}
{"docno": "S10c1d5c6-A98e32b82", "score": 14.72945530208747}
{"docno": "Sc64898ed-A5feed855", "score": 14.71943776457165}
{"docno": "Sbfd1ea05-Aced337e9", "score": 14.668974275178687}
{"docno": "Sfd36e585-A42315c3a", "score": 14.663105774214744}
{"docno": "Sc64898ed-A31086f1f", "score": 14.655941923796211}
{"docno": "S72bd2d77-A30189d61", "score": 14.608743475354448}
{"docno": "S1b170c84-A778b25bc", "score": 14.608743475354448}
{"docno": "S1b170c65-A778b25bc", "score": 14.608743475354448}
{"docno": "Sd4cf84c8-A7c85eab0", "score": 14.59937131251252}
{"docno": "Sfd36e585-Abec40258", "score": 14.59937131251252}
{"docno": "S4417e87a-Ad3f39481", "score": 14.596236560074985}
{"docno": "S29e606e4-A58b4e726", "score": 14.445585498805542}
{"docno": "Sd8150fb5-A53b6b7ea", "score": 14.394582782558752}
{"docno": "Sd8150fb5-A4e8a4fb3", "score": 14.360606584662612}
{"docno": "S10c1d5c6-Ae27e5d6b", "score": 14.34987932939951}
{"docno": "S7ced11f-A6f45600", "score": 14.336171253884942}
{"docno": "Seed3e58f-A8483d5d6", "score": 14.255920526563392}
{"docno": "S5fdf615c-A1c9b9f3e", "score": 14.237900745526836}
{"docno": "S8927d9a0-A5020cb1a", "score": 14.23217581400062}
{"type": "toggleArgument", "timestamp": "2025-06-26T10:12:50.521Z", "sessionID": "5d6349b8-c2a9-4b5a-9619-580d364f6e76", "rank": "2", "doc": "S7f2b3c6-Ae42f3037", "action": "expand", "doclen": 1998, "score": 12.146822090084676}
{"type": "toggleArgument", "timestamp": "2025-06-26T10:12:58.705Z", "sessionID": "5d6349b8-c2a9-4b5a-9619-580d364f6e76", "rank": "3", "doc": "S928f9e5e-A42dc24ef", "action": "expand", "doclen": 511, "score": 15.358054569034815}
{"type": "StanceClicked", "timestamp": "2025-06-26T10:13:01.049Z", "sessionID": "5d6349b8-c2a9-4b5a-9619-580d364f6e76", "rank": "3", "stance": "pro", "action": "chooseStance", "doc": "S928f9e5e-A42dc24ef", "doclen": 511, "score": 15.358054569034815}
{"type": "toggleArgument", "timestamp": "2025-06-26T10:13:06.409Z", "sessionID": "5d6349b8-c2a9-4b5a-9619-580d364f6e76", "rank": "6", "doc": "S10c1d5c6-Ae48b330e", "action": "expand", "doclen": 753, "score": 20.21711694301639}
{"type": "queryBoxFocused", "timestamp": "2025-06-26T10:13:10.171Z", "sessionID": "5d6349b8-c2a9-4b5a-9619-580d364f6e76"}
{"type": "querySubmitted", "timestamp": "2025-06-26T10:13:23.897Z", "sessionID": "5d6349b8-c2a9-4b5a-9619-580d364f6e76", "query": "Verhütung"}
{"type": "queryBoxFocused", "timestamp": "2025-06-26T10:13:25.222Z", "sessionID": "5d6349b8-c2a9-4b5a-9619-580d364f6e76"}
{"type": "querySubmitted", "timestamp": "2025-06-26T10:13:33.153Z", "sessionID": "5d6349b8-c2a9-4b5a-9619-580d364f6e76", "query": "Birth controll"}
{"docno": "S7c48bf09-A91b9ecbc", "score": 19.15014992328647}
{"docno": "S6bf018ce-Af00ca858", "score": 19.11392484147585}
{"docno": "S284f3543-A4eed23cc", "score": 18.937133419020892}
{"docno": "S6b19ea3e-Aab875997", "score": 18.847625708667923}
{"docno": "Sdeb2a1a4-A75985df6", "score": 18.75706721989855}
{"docno": "Sb186fa3d-A139ab956", "score": 18.724558885233595}
{"docno": "S8d834d48-A604418bc", "score": 18.47748418314371}
{"docno": "S3d1a752c-A95ae2a3", "score": 18.43431608637878}
{"docno": "S3d1a752c-Aa7cac87", "score": 18.391349222761598}
{"docno": "S6b3f6ff2-Acf4628af", "score": 18.344507904583594}
{"docno": "S3d1a752c-A1947fe3e", "score": 18.263642057425386}
{"docno": "S3d1a752c-Aaed75b23", "score": 18.22146621756485}
{"docno": "S6702c8de-A774cf475", "score": 18.214689387295216}
{"docno": "S739d0c9a-A1a26ba53", "score": 18.163544883894183}
{"docno": "S8d834d48-Ad3873c6b", "score": 18.150275071749082}
{"docno": "S8d834d48-A969c2c91", "score": 18.039619737435228}
{"docno": "S2218331a-Abdd93fcb", "score": 18.009548700740073}
{"docno": "S6b3f6ff2-A2e326b76", "score": 17.98479650028212}
{"docno": "S136c9048-A5196e9a1", "score": 17.965043673839222}
{"docno": "S88b831f5-Ad7884e03", "score": 17.899837251178553}
{"docno": "S3d9819c3-A3bd57627", "score": 17.852399481686227}
{"docno": "S88b831f5-A34c34d2b", "score": 17.850470806988422}
{"docno": "Sb67fc3fb-A3f92ad47", "score": 17.686602437906934}
{"docno": "S3d1a752c-Acb5c823c", "score": 17.66458751808021}
{"docno": "S7c48bf09-A6e6aecd7", "score": 17.52943400202323}
{"docno": "Se048883c-A59764bb0", "score": 17.526240680844346}
{"docno": "Sd64195b7-Aa077b7c3", "score": 17.35199435771051}
{"docno": "S6b19ea3e-A96597d4", "score": 17.250831475323015}
{"docno": "Scfc73d47-A80ba56f2", "score": 17.15355453101956}
{"docno": "Safb01fa7-A16ba6928", "score": 17.098981226004582}
{"docno": "S3d1a752c-Ab63bbb2b", "score": 17.07425324817536}
{"docno": "Sf3fff4a7-Afc6f95bc", "score": 17.07425324817536}
{"docno": "S6b3f6ff2-A785469ab", "score": 17.040900549867345}
{"docno": "Sd9f365ef-A62d87696", "score": 17.003010743506913}
{"docno": "S641065db-Afbfc86f4", "score": 16.80291745786858}
{"docno": "S6b19ea3e-A5b2f84a2", "score": 16.78370873904406}
{"docno": "S6b229b30-Aa83bee", "score": 16.66778790152459}
{"docno": "S224936ac-Ab5fef090", "score": 16.57220766179347}
{"docno": "S5504cb87-Aa4ec971f", "score": 16.530338182836}
{"docno": "S6bf018ce-A3a097be", "score": 16.490583240288586}
{"docno": "Sb1876a40-A4a4f3601", "score": 16.482100565598813}
{"docno": "S6b19ea3e-A84b5e8f", "score": 16.436323388679924}
{"docno": "S606a81ac-Af25fafce", "score": 16.390799789378114}
{"docno": "S37c0c6de-A91380511", "score": 16.257862219494957}
{"docno": "Sd4e75281-Aff28f439", "score": 16.255729560826513}
{"docno": "Sb76f82a2-A25ea6cc0", "score": 16.21119949012904}
{"docno": "S224936ac-A93b35437", "score": 16.21119949012904}
{"docno": "S37beca49-A76dd2c7a", "score": 16.1673634890853}
{"docno": "S1a14ba21-A6f276267", "score": 16.164803853526486}
{"docno": "Sa22ad1b6-A6ad9eee5", "score": 16.0271967633339}
{"docno": "S3d1a752c-Abc80526", "score": 15.968522315886599}
{"docno": "S8791f9a4-A5b3f1426", "score": 15.898029077324072}
{"docno": "S6702c8de-Ae1150c43", "score": 15.824987823725653}
{"docno": "Sf3fff4a7-Af09bb52d", "score": 15.71411034210783}
{"docno": "S81e67f4b-Ac7ee9c59", "score": 15.645840618148444}
{"docno": "Sb0cd83f7-Adea9ca20", "score": 15.645840618148444}
{"docno": "S3d1a752c-A535d6447", "score": 15.587797510794704}
{"docno": "S4c7e2b8-A14959a1e", "score": 15.528558519679631}
{"docno": "Sf3fff504-A53781e8d", "score": 15.522723104558905}
{"docno": "S2218331a-A6edb46f9", "score": 15.513868801078868}
{"docno": "S136c9048-A26174e3", "score": 15.282210900184385}
{"docno": "S5199e2e0-A5ba0ffab", "score": 15.282210900184385}
{"docno": "S47ca8cc4-A9524ab7f", "score": 15.21115277189871}
{"docno": "S3403ee9e-A43c693f9", "score": 15.202316941512933}
{"docno": "S8791f9a4-A17fae88", "score": 15.172154877000843}
{"docno": "Sd7945f58-Aa4e56d1e", "score": 15.164728220486948}
{"docno": "S2218331a-A817bb3f", "score": 15.164728220486948}
{"docno": "Sb1860d23-Ad360fefe", "score": 15.16124069236825}
{"docno": "S3418c277-Ad9adb256", "score": 15.138954254047107}
{"docno": "S2a4ff294-Ae217aeb6", "score": 15.09475591670165}
{"docno": "S6bece754-A1f4c4017", "score": 14.997295449441197}
{"docno": "Sd8150fb5-A2b731d75", "score": 14.88413631683035}
{"docno": "Sb1853e4f-Aed866696", "score": 14.786418756750582}
{"docno": "S6b19ea3e-Af4c2ab11", "score": 14.772672035850036}
{"docno": "S3d9819c3-A88275e4b", "score": 14.756013625372233}
{"docno": "Sb884a1c8-Ab486ce31", "score": 14.519522577630717}
{"docno": "S7586c763-A9df44bc9", "score": 14.438425531198005}
{"docno": "Sb18710e2-Acf1754e6", "score": 14.39034336360011}
{"docno": "Sb77c1666-A5aa562a0", "score": 14.39034336360011}
{"docno": "S136c9048-A268337e7", "score": 14.343024032933922}
{"docno": "S88b831f5-Ab26ac929", "score": 14.327320001982883}
{"docno": "S3d1a752c-Ab454d43a", "score": 14.29106889918113}
{"docno": "Sf7991e72-A622f021e", "score": 14.286126339725403}
{"docno": "S5199e2e0-A8f06105", "score": 14.286126339725403}
{"docno": "Sb186ee5f-Adbce446d", "score": 14.268021384976004}
{"docno": "S52ebc4c-A87985538", "score": 14.183407972971013}
{"docno": "Sb79ecf35-Aca7efb7a", "score": 14.183407972971013}
{"docno": "Sb67fc3fb-Ae4017b1c", "score": 14.183407972971013}
{"docno": "S12bcfa90-A95003849", "score": 14.16470938227696}
{"docno": "S47ca01fe-A247c98db", "score": 14.16470938227696}
{"docno": "S54a4f280-A130e15e4", "score": 14.14642241532831}
{"docno": "S7a271b49-Abda5897d", "score": 14.087568762982542}
{"docno": "Sc64898ed-Ad5168fd7", "score": 14.086958576193279}
{"docno": "S8e214b94-A6744a4c8", "score": 14.082156167720894}
{"docno": "S7f136cdf-A4bf78f10", "score": 14.082156167720894}
{"docno": "Sb185a806-A5407dbd", "score": 14.082156167720894}
{"docno": "Sb1876a40-A428c5807", "score": 14.073239329120007}
{"docno": "S404e495e-A9a8ea74", "score": 14.045043314343129}
{"docno": "S29bcc23d-A6a56a29c", "score": 14.036838747670874}
{"docno": "S740c0ab5-A695b006d", "score": 14.035020252890689}
{"type": "toggleArgument", "timestamp": "2025-06-26T10:13:39.921Z", "sessionID": "5d6349b8-c2a9-4b5a-9619-580d364f6e76", "rank": "1", "doc": "S7c48bf09-A91b9ecbc", "action": "expand", "doclen": 497, "score": 17.379886491963436}
{"type": "StanceClicked", "timestamp": "2025-06-26T10:13:41.969Z", "sessionID": "5d6349b8-c2a9-4b5a-9619-580d364f6e76", "rank": "1", "stance": "pro", "action": "chooseStance", "doc": "S7c48bf09-A91b9ecbc", "doclen": 497, "score": 17.379886491963436}
{"type": "toggleArgument", "timestamp": "2025-06-26T10:13:54.825Z", "sessionID": "5d6349b8-c2a9-4b5a-9619-580d364f6e76", "rank": "4", "doc": "S6b19ea3e-Aab875997", "action": "expand", "doclen": 1532, "score": 15.19862755891267}
{"type": "toggleArgument", "timestamp": "2025-06-26T10:14:03.104Z", "sessionID": "5d6349b8-c2a9-4b5a-9619-580d364f6e76", "rank": "5", "doc": "Sdeb2a1a4-A75985df6", "action": "expand", "doclen": 1099, "score": 15.713533970317261}
{"type": "StanceClicked", "timestamp": "2025-06-26T10:14:09.777Z", "sessionID": "5d6349b8-c2a9-4b5a-9619-580d364f6e76", "rank": "5", "stance": "pro", "action": "chooseStance", "doc": "Sdeb2a1a4-A75985df6", "doclen": 1099, "score": 15.713533970317261}
{"type": "queryBoxFocused", "timestamp": "2025-06-26T10:14:17.435Z", "sessionID": "5d6349b8-c2a9-4b5a-9619-580d364f6e76"}
{"type": "querySubmitted", "timestamp": "2025-06-26T10:14:25.905Z", "sessionID": "5d6349b8-c2a9-4b5a-9619-580d364f6e76", "query": "Birth controll pills"}
{"docno": "S8d834d48-Ad3873c6b", "score": 34.414308616323716}
{"docno": "S8d834d48-A604418bc", "score": 34.20831523798637}
{"docno": "S2218331a-Abdd93fcb", "score": 30.724565975552686}
{"docno": "S739d0c9a-A1a26ba53", "score": 30.071459431432665}
{"docno": "S8791f9a4-A17fae88", "score": 29.25417507374039}
{"docno": "S3d9819c3-A3bd57627", "score": 29.072112952492525}
{"docno": "S8e214b94-A6744a4c8", "score": 28.87441499013554}
{"docno": "S606a81ac-Af25fafce", "score": 28.64630748251603}
{"docno": "S3d1a752c-Aaed75b23", "score": 27.980886777003835}
{"docno": "S88b831f5-Ab26ac929", "score": 27.761613447341265}
{"docno": "Sdeb2a1a4-A75985df6", "score": 27.32194757407142}
{"docno": "Sf3fff523-A2404c0d3", "score": 27.223590516555973}
{"docno": "Sdaa1c0-Afdf00c6f", "score": 26.994582979595542}
{"docno": "S10c1d5c6-A98e32b82", "score": 26.465710135711245}
{"docno": "S3d1a752c-Abc80526", "score": 26.459531135186662}
{"docno": "Sf7991e72-A622f021e", "score": 26.448639247373997}
{"docno": "S6702c8de-A774cf475", "score": 26.425629100898135}
{"docno": "S136c9048-A5196e9a1", "score": 26.316952644045365}
{"docno": "S6b229b30-Aa83bee", "score": 25.942149254521063}
{"docno": "S1b170c65-A5c0b2195", "score": 24.513060039402184}
{"docno": "S2a2c6cd2-A75c95a58", "score": 23.903940424739005}
{"docno": "Scfc73d47-A80ba56f2", "score": 23.086164295495088}
{"docno": "Sc64898ed-Adad2657", "score": 22.79914082021503}
{"docno": "S5504cb87-Aa4ec971f", "score": 22.505160828199216}
{"docno": "Sc42f2f21-Ae69e1463", "score": 22.502541809828223}
{"docno": "Sb364b25c-Ac9e2337f", "score": 22.182468891827945}
{"docno": "S3d9819c3-A88275e4b", "score": 22.151655584403635}
{"docno": "S670241ba-A1b29fc3f", "score": 22.12372731251402}
{"docno": "Sb186eedb-Ae0a0f983", "score": 22.122791743849696}
{"docno": "Sd76dccec-A190e562d", "score": 21.98958654597091}
{"docno": "S2c02bfd6-A209427d3", "score": 21.98958654597091}
{"docno": "S928f9e5e-Aaa331e1d", "score": 21.967399681559655}
{"docno": "S4181eec2-A127d7338", "score": 21.59942480394608}
{"docno": "Seb89388a-Af4fe94ac", "score": 21.354866828807925}
{"docno": "S8e214b94-Ad6147b51", "score": 21.100248540934665}
{"docno": "S144b984e-A80bae8c7", "score": 20.577462859000512}
{"docno": "S7586c03e-Aafd925d5", "score": 20.507813004398848}
{"docno": "S10c1d5c6-Ae48b330e", "score": 20.21711694301639}
{"docno": "Sff883bce-A522a7bcf", "score": 19.88528313025442}
{"docno": "Se5cc0b2e-A6da0695e", "score": 19.626138325256186}
{"docno": "S37c0c6de-A66fd709d", "score": 19.52123089932818}
{"docno": "Safae4f58-Ac457f25e", "score": 19.42437210754064}
{"docno": "Sa8cf6837-A48fbd81", "score": 19.23245899981259}
{"docno": "S7c48bf09-A91b9ecbc", "score": 19.15014992328647}
{"docno": "S6bf018ce-Af00ca858", "score": 19.11392484147585}
{"docno": "S47ca9aef-Ae3f232b0", "score": 19.025991754561336}
{"docno": "S893cfd79-A69894498", "score": 19.017806891266215}
{"docno": "S42a405ef-Ac653caf5", "score": 19.01307868150832}
{"docno": "S284f3543-A4eed23cc", "score": 18.937133419020892}
{"docno": "S6c2bb03b-Aa60497cf", "score": 18.861842438857124}
{"docno": "S6b19ea3e-Aab875997", "score": 18.847625708667923}
{"docno": "Sa4a6c3d4-A2cff934e", "score": 18.817148906400476}
{"docno": "Sb186fa3d-A139ab956", "score": 18.724558885233595}
{"docno": "S9e641c64-A4d50881f", "score": 18.492381038611747}
{"docno": "S3d1a752c-A95ae2a3", "score": 18.43431608637878}
{"docno": "S3d1a752c-Aa7cac87", "score": 18.391349222761598}
{"docno": "S6b3f6ff2-Acf4628af", "score": 18.344507904583594}
{"docno": "Sfcb3085d-A2a7fd182", "score": 18.28757534149997}
{"docno": "S3d1a752c-A1947fe3e", "score": 18.263642057425386}
{"docno": "Sd4106dd-A875adb12", "score": 18.175367097566106}
{"docno": "Sb186821d-Ad58ae557", "score": 18.161274364370687}
{"docno": "Sa4a6c3d4-A97ae8381", "score": 18.07221231735974}
{"docno": "S12a76dbd-Ac2fa3d5d", "score": 18.041625291143035}
{"docno": "S8d834d48-A969c2c91", "score": 18.039619737435228}
{"docno": "S6b3f6ff2-A2e326b76", "score": 17.98479650028212}
{"docno": "S88b831f5-Ad7884e03", "score": 17.899837251178553}
{"docno": "S5ef3f775-A6f5d8f71", "score": 17.872178608770792}
{"docno": "S88b831f5-A34c34d2b", "score": 17.850470806988422}
{"docno": "S5d204889-Ab4752d18", "score": 17.772177846894255}
{"docno": "Sa4a6c3d4-A510bd2ab", "score": 17.72143272495943}
{"docno": "Sb67fc3fb-A3f92ad47", "score": 17.686602437906934}
{"docno": "S3d1a752c-Acb5c823c", "score": 17.66458751808021}
{"docno": "Sea949c31-A6590b76c", "score": 17.647092614736167}
{"docno": "S7c48bf09-A6e6aecd7", "score": 17.52943400202323}
{"docno": "Se048883c-A59764bb0", "score": 17.526240680844346}
{"docno": "S47ca8c67-A7757972e", "score": 17.51303723292426}
{"docno": "S87b8c230-A24b75240", "score": 17.40213112153758}
{"docno": "Sd64195b7-Aa077b7c3", "score": 17.35199435771051}
{"docno": "S6b19ea3e-A96597d4", "score": 17.250831475323015}
{"docno": "S893cfd79-A45f6c195", "score": 17.13925836650395}
{"docno": "Safb01fa7-A16ba6928", "score": 17.098981226004582}
{"docno": "S3d1a752c-Ab63bbb2b", "score": 17.07425324817536}
{"docno": "Sf3fff4a7-Afc6f95bc", "score": 17.07425324817536}
{"docno": "S928f9e5e-A4fd49234", "score": 17.04964633233588}
{"docno": "S6b3f6ff2-A785469ab", "score": 17.040900549867345}
{"docno": "Sd9f365ef-A62d87696", "score": 17.003010743506913}
{"docno": "S641065db-Afbfc86f4", "score": 16.80291745786858}
{"docno": "S6b19ea3e-A5b2f84a2", "score": 16.78370873904406}
{"docno": "Sc42f2f40-A6a393772", "score": 16.637331339395878}
{"docno": "S19901fc2-A37389307", "score": 16.62850294697964}
{"docno": "S224936ac-Ab5fef090", "score": 16.57220766179347}
{"docno": "Sfd36e585-A294dcede", "score": 16.50377716958332}
{"docno": "S6bf018ce-A3a097be", "score": 16.490583240288586}
{"docno": "Sb1876a40-A4a4f3601", "score": 16.482100565598813}
{"docno": "S6b19ea3e-A84b5e8f", "score": 16.436323388679924}
{"docno": "S2b998372-A3240ffdf", "score": 16.370959255803395}
{"docno": "Sf7ccde18-A96287d28", "score": 16.355166989553954}
{"docno": "S37c0c6de-A91380511", "score": 16.257862219494957}
{"docno": "Sd4e75281-Aff28f439", "score": 16.255729560826513}
{"docno": "S4c2eee41-A4ec843ba", "score": 16.252170224281677}
{"type": "toggleArgument", "timestamp": "2025-06-26T10:14:32.185Z", "sessionID": "5d6349b8-c2a9-4b5a-9619-580d364f6e76", "rank": "4", "doc": "S739d0c9a-A1a26ba53", "action": "expand", "doclen": 836, "score": 17.25383449663839}
{"type": "StanceClicked", "timestamp": "2025-06-26T10:14:49.481Z", "sessionID": "5d6349b8-c2a9-4b5a-9619-580d364f6e76", "rank": "4", "stance": "con", "action": "chooseStance", "doc": "S739d0c9a-A1a26ba53", "doclen": 836, "score": 17.25383449663839}
{"type": "pageNavigationClicked", "timestamp": "2025-06-26T10:15:06.408Z", "sessionID": "5d6349b8-c2a9-4b5a-9619-580d364f6e76", "clicked": "4", "fromPage": 1, "toPage": 4}
{"type": "toggleArgument", "timestamp": "2025-06-26T10:15:09.776Z", "sessionID": "5d6349b8-c2a9-4b5a-9619-580d364f6e76", "rank": "32", "doc": "S928f9e5e-Aaa331e1d", "action": "expand", "doclen": 636, "score": 21.967399681559655}
{"type": "toggleArgument", "timestamp": "2025-06-26T10:15:17.505Z", "sessionID": "5d6349b8-c2a9-4b5a-9619-580d364f6e76", "rank": "35", "doc": "S8e214b94-Ad6147b51", "action": "expand", "doclen": 836, "score": 15.95731771435596}
{"type": "pageNavigationClicked", "timestamp": "2025-06-26T10:15:45.456Z", "sessionID": "5d6349b8-c2a9-4b5a-9619-580d364f6e76", "clicked": "9", "fromPage": 4, "toPage": 9}
{"type": "toggleArgument", "timestamp": "2025-06-26T10:15:49.433Z", "sessionID": "5d6349b8-c2a9-4b5a-9619-580d364f6e76", "rank": "83", "doc": "Sf3fff4a7-Afc6f95bc", "action": "expand", "doclen": 417, "score": 17.07425324817536}
{"type": "StanceClicked", "timestamp": "2025-06-26T10:15:59.537Z", "sessionID": "5d6349b8-c2a9-4b5a-9619-580d364f6e76", "rank": "83", "stance": "pro", "action": "chooseStance", "doc": "Sf3fff4a7-Afc6f95bc", "doclen": 417, "score": 17.07425324817536}
{"type": "toggleArgument", "timestamp": "2025-06-26T10:16:11.616Z", "sessionID": "5d6349b8-c2a9-4b5a-9619-580d364f6e76", "rank": "88", "doc": "S6b19ea3e-A5b2f84a2", "action": "expand", "doclen": 479, "score": 16.78370873904406}
{"type": "pageNavigationClicked", "timestamp": "2025-06-26T10:16:17.952Z", "sessionID": "5d6349b8-c2a9-4b5a-9619-580d364f6e76", "clicked": "Next »", "fromPage": 9, "toPage": 10}
{"type": "StanceClicked", "timestamp": "2025-06-26T10:16:25.785Z", "sessionID": "5d6349b8-c2a9-4b5a-9619-580d364f6e76", "rank": "100", "stance": "con", "action": "chooseStance", "doc": "S4c2eee41-A4ec843ba", "doclen": 703, "score": 16.252170224281677}
{"type": "pageNavigationClicked", "timestamp": "2025-06-26T10:16:27.225Z", "sessionID": "5d6349b8-c2a9-4b5a-9619-580d364f6e76", "clicked": "2", "fromPage": 10, "toPage": 2}
{"type": "pageNavigationClicked", "timestamp": "2025-06-26T10:16:41.977Z", "sessionID": "5d6349b8-c2a9-4b5a-9619-580d364f6e76", "clicked": "4", "fromPage": 2, "toPage": 4}
{"type": "queryBoxFocused", "timestamp": "2025-06-26T10:17:09.524Z", "sessionID": "5d6349b8-c2a9-4b5a-9619-580d364f6e76"}
{"type": "querySubmitted", "timestamp": "2025-06-26T10:17:18.041Z", "sessionID": "5d6349b8-c2a9-4b5a-9619-580d364f6e76", "query": "Anti Baby"}
{"docno": "Sd1281574-A3b6f492f", "score": 18.15437866872741}
{"docno": "S74ddbff-A173607ea", "score": 17.828471439150164}
{"docno": "Sbea71e7b-A9790bd83", "score": 17.75460442762944}
{"docno": "Sf8510ac-A1a5ccdaa", "score": 16.783902459475513}
{"docno": "Sbe3faadb-A74bd4dc0", "score": 16.56348092690659}
{"docno": "S2c5054cb-Ad6188307", "score": 15.962446158772789}
{"docno": "Se5c9efdb-A9c41df5", "score": 15.882966432848434}
{"docno": "Sc61417ee-Ab9ce6112", "score": 15.072950145766098}
{"docno": "Sfdec1b32-A237681f4", "score": 14.823422007522362}
{"docno": "Sd77ca366-A280b635c", "score": 14.442737383482637}
{"docno": "Sb187e2dc-Ace76bbb8", "score": 14.358799926805117}
{"docno": "Sc4ac55f3-Abcecc6a3", "score": 14.25110502824353}
{"docno": "S848a4816-Ab9d9e735", "score": 14.206472292609696}
{"docno": "S49398667-A6c476250", "score": 14.102925336206681}
{"docno": "S66496b5f-A3aa113d5", "score": 14.02156249555336}
{"docno": "Sdd1c585-A61b504d7", "score": 13.805866251755067}
{"docno": "S719de2fd-Aeb084cc", "score": 13.455125936701808}
{"docno": "S1d0c6377-A7a90964e", "score": 13.442690010606904}
{"docno": "S78bebf1b-Ae4ffa423", "score": 13.302755155621576}
{"docno": "Sa9ca727d-A9aa9d936", "score": 13.10878208887856}
{"docno": "S8e63a9e-Ae687e970", "score": 13.079583804489994}
{"docno": "S9e0683ef-A262c0454", "score": 13.045099580116302}
{"docno": "S1345519b-Af4261fd2", "score": 13.030596955819682}
{"docno": "S3eb43d6-Abb422895", "score": 12.636409749343649}
{"docno": "S8e3e132e-A49ebf942", "score": 12.493005754433472}
{"docno": "Se3c653f9-A637f608e", "score": 12.315444184495552}
{"docno": "S932e4608-Ab7246184", "score": 12.281265226440583}
{"docno": "Sb187e2dc-A80b7942a", "score": 12.242019971710636}
{"docno": "Se3c653f9-Addfc2c38", "score": 12.085826057986841}
{"docno": "Sb18610a6-Ad8d23adb", "score": 12.025235226614786}
{"docno": "S8fb67476-A5bef162b", "score": 11.931840128598795}
{"docno": "Sf6f98f80-A3aa39481", "score": 11.909067555007454}
{"docno": "Sc42f2f21-Ac1ca3448", "score": 11.680074359546452}
{"docno": "S1345519b-A1574bf54", "score": 11.66889680612097}
{"docno": "S677c5fcb-A6c8a144e", "score": 11.648483556848651}
{"docno": "S642be7a9-A1d3542c6", "score": 11.43330845019786}
{"docno": "Sf23c50dc-A7bbf0c1e", "score": 11.422676421652948}
{"docno": "S182b55a6-Ab48fa0f2", "score": 11.39724698866078}
{"docno": "Se3c653f9-A938cc91d", "score": 11.363687292956463}
{"docno": "S932e4608-A5198b9c9", "score": 11.341379189783972}
{"docno": "S855206ca-Af53e8d8f", "score": 11.341379189783972}
{"docno": "Scb18aae0-Af3efe3cf", "score": 11.308925805663735}
{"docno": "Sc217043-Ab2d60da4", "score": 11.306391098798214}
{"docno": "Se727af12-A4b68f6d6", "score": 11.281024251082034}
{"docno": "Sa5116e86-A36b63e07", "score": 11.201247437962303}
{"docno": "Scb8d8013-A52af8bb", "score": 11.09804132359088}
{"docno": "S28de3fb9-A2f30b7a3", "score": 11.082647907657533}
{"docno": "S630c7f07-Abb91e7f4", "score": 11.047148186663703}
{"docno": "Sb1876261-A99500c22", "score": 11.023794595128905}
{"docno": "S293c6e8b-A2dad55cc", "score": 10.997121157723532}
{"docno": "Sd8150fb5-A64e05ea6", "score": 10.996719688109897}
{"docno": "S3130c540-A994de0ac", "score": 10.991228342097104}
{"docno": "Sc154c48a-A2f13a4d", "score": 10.900371015106941}
{"docno": "S9688ea83-A865e6f4", "score": 10.897231384373594}
{"docno": "S71aefc55-Ae1698433", "score": 10.882389618585188}
{"docno": "S6cf56bc9-A2f3fcb0d", "score": 10.882389618585188}
{"docno": "Se73a39df-A4cdd29e0", "score": 10.878708581268842}
{"docno": "Se5c9efdb-A803b12c5", "score": 10.849714736071068}
{"docno": "Scb18aae0-Ac3662215", "score": 10.84815925226152}
{"docno": "S65b28175-A99932b62", "score": 10.84815925226152}
{"docno": "Sabe4e488-A3521c0a1", "score": 10.826111468736503}
{"docno": "S20766597-A98c6ebd4", "score": 10.817235481891931}
{"docno": "Sd7780a7a-Aee17d560", "score": 10.817235481891931}
{"docno": "Sa40bb31e-A84b418de", "score": 10.817235481891931}
{"docno": "Sb187633a-A972afc1", "score": 10.805758327772303}
{"docno": "S3542791a-A537c78ef", "score": 10.805758327772303}
{"docno": "Se5c9efdb-A339464a5", "score": 10.801839616100793}
{"docno": "S4b32f429-A21116bc1", "score": 10.799527099571977}
{"docno": "Sf2e821eb-A10435afe", "score": 10.799527099571977}
{"docno": "Seb9194de-Af4c083d6", "score": 10.773923647209184}
{"docno": "Sf23c50dc-A670b9bdf", "score": 10.773316810810039}
{"docno": "S50c9da6d-A7d4aca5b", "score": 10.751329035448018}
{"docno": "S81e5f53f-A824d3701", "score": 10.73372831852183}
{"docno": "S38c7d42d-A668eba85", "score": 10.705990802120962}
{"docno": "See0bdc3e-A1856a50c", "score": 10.703559273728525}
{"docno": "Sd67f6b84-A89c9a06d", "score": 10.703559273728525}
{"docno": "Sc6691773-A4fc608fb", "score": 10.703559273728525}
{"docno": "S55c09484-A837d8898", "score": 10.696777406872588}
{"docno": "Sfc630f81-Ab19867fd", "score": 10.689240026801105}
{"docno": "Sb18710a4-A766c5ca5", "score": 10.687766467459413}
{"docno": "S5e4c0755-A72c94d9f", "score": 10.682094760975374}
{"docno": "Seb9194de-A71d29742", "score": 10.673747265580817}
{"docno": "S39eaa597-Abb2938df", "score": 10.656212130632603}
{"docno": "Sb81b5e13-A1aaf9149", "score": 10.656212130632603}
{"docno": "Scb18aae0-Acb460ff5", "score": 10.656212130632603}
{"docno": "Sb186fa3d-A793afb67", "score": 10.65173831060666}
{"docno": "S89eef905-Ab2ac8b6a", "score": 10.630168130679456}
{"docno": "S7752ee28-Aec5028e7", "score": 10.626371502826318}
{"docno": "S7752ee28-Ad50aac67", "score": 10.609282022505163}
{"docno": "Seeb74785-Abafd2724", "score": 10.606855562808343}
{"docno": "S362e855d-A23057cba", "score": 10.605795938088677}
{"docno": "S541f204f-Abac28da1", "score": 10.602181039487458}
{"docno": "S36c025dd-Afc8f9321", "score": 10.60098799476755}
{"docno": "S89eef905-A139bc715", "score": 10.597630073945277}
{"docno": "S4965a3bc-A699e84fb", "score": 10.59641892832634}
{"docno": "S4b32f429-A6712673b", "score": 10.59521374755858}
{"docno": "S4965a3bc-A705e928a", "score": 10.583282716081616}
{"docno": "Scb76d280-Abcc4e4f9", "score": 10.57962971975297}
{"docno": "Sba7dbe04-A26189787", "score": 10.574817277010377}
{"docno": "S51271317-A4cee00c", "score": 10.574165731858399}
{"type": "queryBoxFocused", "timestamp": "2025-06-26T10:17:20.998Z", "sessionID": "5d6349b8-c2a9-4b5a-9619-580d364f6e76"}
{"type": "querySubmitted", "timestamp": "2025-06-26T10:17:29.625Z", "sessionID": "5d6349b8-c2a9-4b5a-9619-580d364f6e76", "query": "Medical birth control"}
{"docno": "S88b831f5-Ad7884e03", "score": 26.670518861506906}
{"docno": "S88b831f5-A34c34d2b", "score": 26.07480380480185}
{"docno": "S3d9819c3-A3bd57627", "score": 25.21680514213612}
{"docno": "S3d1a752c-Acb5c823c", "score": 24.145812606515204}
{"docno": "S5504cb87-Aa4ec971f", "score": 22.520196269673026}
{"docno": "S88b831f5-A6e91e374", "score": 22.371992814291442}
{"docno": "S3d9819c3-A88275e4b", "score": 21.775759605946412}
{"docno": "S47ca01fe-A247c98db", "score": 20.882936064887737}
{"docno": "Sdaa1c0-Afdf00c6f", "score": 20.623950698865976}
{"docno": "Sb185a806-A83f27d2f", "score": 19.956876486430083}
{"docno": "S7c48bf09-A91b9ecbc", "score": 19.15014992328647}
{"docno": "S6bf018ce-Af00ca858", "score": 19.11392484147585}
{"docno": "S47ca8ce3-Af065a89f", "score": 18.971841467240314}
{"docno": "S5dda9713-A39ff2a16", "score": 18.967025975449893}
{"docno": "S284f3543-A4eed23cc", "score": 18.937133419020892}
{"docno": "S6b19ea3e-Aab875997", "score": 18.847625708667923}
{"docno": "Sdeb2a1a4-A75985df6", "score": 18.75706721989855}
{"docno": "Sb186fa3d-A139ab956", "score": 18.724558885233595}
{"docno": "Sa05647b7-Abf1c5806", "score": 18.502980853584173}
{"docno": "S8d834d48-A604418bc", "score": 18.47748418314371}
{"docno": "S3d1a752c-A95ae2a3", "score": 18.43431608637878}
{"docno": "S3d1a752c-Aa7cac87", "score": 18.391349222761598}
{"docno": "S6b3f6ff2-Acf4628af", "score": 18.344507904583594}
{"docno": "S3d1a752c-A1947fe3e", "score": 18.263642057425386}
{"docno": "S3d1a752c-Aaed75b23", "score": 18.22146621756485}
{"docno": "S6702c8de-A774cf475", "score": 18.214689387295216}
{"docno": "S739d0c9a-A1a26ba53", "score": 18.163544883894183}
{"docno": "S8d834d48-Ad3873c6b", "score": 18.150275071749082}
{"docno": "S6702bd00-A5c68737f", "score": 18.142190745636302}
{"docno": "Sb1870960-A3adabc07", "score": 18.04764575385184}
{"docno": "S8d834d48-A969c2c91", "score": 18.039619737435228}
{"docno": "S2218331a-Abdd93fcb", "score": 18.009548700740073}
{"docno": "S6b3f6ff2-A2e326b76", "score": 17.98479650028212}
{"docno": "S136c9048-A5196e9a1", "score": 17.965043673839222}
{"docno": "Sac9fa785-Adb62517b", "score": 17.822450584680922}
{"docno": "Sb67fc3fb-A3f92ad47", "score": 17.686602437906934}
{"docno": "S5d98be9a-A4cb4f9ff", "score": 17.609062764022454}
{"docno": "S7c48bf09-A6e6aecd7", "score": 17.52943400202323}
{"docno": "Se048883c-A59764bb0", "score": 17.526240680844346}
{"docno": "Sf03f1d90-Ab037156", "score": 17.467650039710364}
{"docno": "Sd64195b7-Aa077b7c3", "score": 17.35199435771051}
{"docno": "S66745270-Ab078e8a3", "score": 17.33976953754371}
{"docno": "S6b19ea3e-A96597d4", "score": 17.250831475323015}
{"docno": "S12eb3d30-Adfe3c9dd", "score": 17.170856851514436}
{"docno": "Scfc73d47-A80ba56f2", "score": 17.15355453101956}
{"docno": "Safb01fa7-A16ba6928", "score": 17.098981226004582}
{"docno": "Sac9fa785-A948dd5d4", "score": 17.083681444478195}
{"docno": "S3d1a752c-Ab63bbb2b", "score": 17.07425324817536}
{"docno": "Sf3fff4a7-Afc6f95bc", "score": 17.07425324817536}
{"docno": "S6b3f6ff2-A785469ab", "score": 17.040900549867345}
{"docno": "Sac9fa785-Af670411c", "score": 17.02042627973823}
{"docno": "Sd9f365ef-A62d87696", "score": 17.003010743506913}
{"docno": "S8bcfcc3c-A77941455", "score": 16.884994588284094}
{"docno": "S641065db-Afbfc86f4", "score": 16.80291745786858}
{"docno": "S6b19ea3e-A5b2f84a2", "score": 16.78370873904406}
{"docno": "Sa79709f7-Ac9303874", "score": 16.75906286046628}
{"docno": "S6b229b30-Aa83bee", "score": 16.66778790152459}
{"docno": "S7ced11f-A6f45600", "score": 16.65208650208844}
{"docno": "S224936ac-Ab5fef090", "score": 16.57220766179347}
{"docno": "S6bf018ce-A3a097be", "score": 16.490583240288586}
{"docno": "Sb1876a40-A4a4f3601", "score": 16.482100565598813}
{"docno": "S6b19ea3e-A84b5e8f", "score": 16.436323388679924}
{"docno": "Scd6bbaaf-A512b2fd2", "score": 16.410297490955056}
{"docno": "Sbb676694-A551073", "score": 16.392291712141017}
{"docno": "S606a81ac-Af25fafce", "score": 16.390799789378114}
{"docno": "Sdd60b63d-Abec4c698", "score": 16.390569807970653}
{"docno": "S1b170c65-A5c0b2195", "score": 16.38636727836419}
{"docno": "Sea87e1f3-Acae302bd", "score": 16.368659638327834}
{"docno": "S37c0c6de-A91380511", "score": 16.257862219494957}
{"docno": "Sd4e75281-Aff28f439", "score": 16.255729560826513}
{"docno": "Sb0a1a47-Ab7122876", "score": 16.221801004320415}
{"docno": "Sb76f82a2-A25ea6cc0", "score": 16.21119949012904}
{"docno": "S224936ac-A93b35437", "score": 16.21119949012904}
{"docno": "S37beca49-A76dd2c7a", "score": 16.1673634890853}
{"docno": "S1a14ba21-A6f276267", "score": 16.164803853526486}
{"docno": "Sb18598c4-Add4d82ee", "score": 16.164553841006825}
{"docno": "Sa22ad1b6-A6ad9eee5", "score": 16.0271967633339}
{"docno": "S84c30b74-A44c04344", "score": 16.0104096984552}
{"docno": "Sfc9a4ecc-Aec6286a0", "score": 15.992445437285394}
{"docno": "S360d1909-Abcf7a3e4", "score": 15.984914895562127}
{"docno": "S3d1a752c-Abc80526", "score": 15.968522315886599}
{"docno": "S83e99fac-A5cdf239e", "score": 15.914892670492303}
{"docno": "S7315c1f4-A38188a06", "score": 15.914892670492303}
{"docno": "S8791f9a4-A5b3f1426", "score": 15.898029077324072}
{"docno": "Sf82359c8-Aae2f0136", "score": 15.84376425737888}
{"docno": "S6702c8de-Ae1150c43", "score": 15.824987823725653}
{"docno": "S6674474c-Aa1e4a628", "score": 15.804428866550122}
{"docno": "Sf3fff4a7-Af09bb52d", "score": 15.71411034210783}
{"docno": "S7315c1f4-A30107421", "score": 15.650072552149087}
{"docno": "S81e67f4b-Ac7ee9c59", "score": 15.645840618148444}
{"docno": "Sb0cd83f7-Adea9ca20", "score": 15.645840618148444}
{"docno": "S162e299c-Ac208779c", "score": 15.595889653260265}
{"docno": "S3d1a752c-A535d6447", "score": 15.587797510794704}
{"docno": "S4c7e2b8-A14959a1e", "score": 15.528558519679631}
{"docno": "Sf3fff504-A53781e8d", "score": 15.522723104558905}
{"docno": "S2218331a-A6edb46f9", "score": 15.513868801078868}
{"docno": "Sb1868c68-Abd4350a8", "score": 15.488391506300363}
{"docno": "S61738b7e-A201b0a49", "score": 15.436049100129875}
{"docno": "S609734aa-A45321b3f", "score": 15.40953213424753}
{"docno": "Se1d1a698-Af74b5002", "score": 15.364793623087568}
{"type": "queryBoxFocused", "timestamp": "2025-06-26T10:17:46.756Z", "sessionID": "5d6349b8-c2a9-4b5a-9619-580d364f6e76"}
{"type": "querySubmitted", "timestamp": "2025-06-26T10:17:48.601Z", "sessionID": "5d6349b8-c2a9-4b5a-9619-580d364f6e76", "query": "pill"}
{"docno": "S928f9e5e-A4fd49234", "score": 17.04964633233588}
{"docno": "S19901fc2-A37389307", "score": 16.62850294697964}
{"docno": "Sfd36e585-A294dcede", "score": 16.50377716958332}
{"docno": "Sf7ccde18-A96287d28", "score": 16.355166989553954}
{"docno": "Sdaa1c0-Afdf00c6f", "score": 16.278425507328553}
{"docno": "S8d834d48-Ad3873c6b", "score": 16.264033544574634}
{"docno": "S4c2eee41-A4ec843ba", "score": 16.252170224281677}
{"docno": "S10c1d5c6-A4400ded9", "score": 16.197425776147956}
{"docno": "S19901fc2-A828568d4", "score": 16.185659391880325}
{"docno": "S928f9e5e-A367ed26", "score": 16.10803696536056}
{"docno": "S83564eca-A15abedf6", "score": 16.042698240296627}
{"docno": "S12a76d9e-A5441cd6e", "score": 15.989353569192538}
{"docno": "S19901fc2-A49e6f2c2", "score": 15.933021836575316}
{"docno": "S928f9e5e-Ae15939fd", "score": 15.840935405896627}
{"docno": "S8d834d48-A604418bc", "score": 15.730831054842662}
{"docno": "S4c2eee41-Ae762ee36", "score": 15.584849336600065}
{"docno": "S12a76d9e-Ab3304de0", "score": 15.405013828565895}
{"docno": "S12a76dbd-Ab3304de0", "score": 15.405013828565895}
{"docno": "S928f9e5e-A42dc24ef", "score": 15.358054569034815}
{"docno": "S2878f622-A1cb4c80d", "score": 15.262781348777638}
{"docno": "S12a76dbd-A256dff4a", "score": 15.130200032799888}
{"docno": "S12a76dbd-Ac2fa3d5d", "score": 15.096198658057643}
{"docno": "S12a76d9e-A64975f21", "score": 14.99031144991049}
{"docno": "Sfd36e585-A67bcea8a", "score": 14.99031144991049}
{"docno": "S19901fc2-Ad82093aa", "score": 14.956721608655279}
{"docno": "S928f9e5e-Aaa331e1d", "score": 14.947960398612585}
{"docno": "S19901fc2-Add473395", "score": 14.84957392788045}
{"docno": "S10c1d5c6-A5af7cb16", "score": 14.816086261021221}
{"docno": "S8e214b94-A6744a4c8", "score": 14.792258822414645}
{"docno": "S10c1d5c6-A98e32b82", "score": 14.72945530208747}
{"docno": "Sfd36e585-A42315c3a", "score": 14.663105774214744}
{"docno": "Sd4cf84c8-A7c85eab0", "score": 14.59937131251252}
{"docno": "Sfd36e585-Abec40258", "score": 14.59937131251252}
{"docno": "S10c1d5c6-Ae27e5d6b", "score": 14.34987932939951}
{"docno": "Seed3e58f-A8483d5d6", "score": 14.255920526563392}
{"docno": "S83564eca-A624cf050", "score": 14.22830396507071}
{"docno": "Sf3fff523-A2404c0d3", "score": 14.132338922038684}
{"docno": "Sc4b00c77-A78ad4b22", "score": 14.110658352575495}
{"docno": "S19901fc2-A9e0d20f2", "score": 14.10877132132868}
{"docno": "S8791f9a4-A17fae88", "score": 14.082020196739549}
{"docno": "S69f235bc-A74f94dbc", "score": 14.04975499854605}
{"docno": "S10c1d5c6-Ae48b330e", "score": 14.032058523578124}
{"docno": "Sd7f0e587-A99e20b4d", "score": 13.93595195142306}
{"docno": "S136c9048-Ac4bebdf1", "score": 13.87015901153737}
{"docno": "S8cb27dbc-A794eff79", "score": 13.810438162289696}
{"docno": "S7aae13f6-Ae44fedc7", "score": 13.644775558608085}
{"docno": "S4c2eee41-A7d2dba98", "score": 13.594822988719175}
{"docno": "Sd883245-A80fd1c17", "score": 13.53480847509034}
{"docno": "S12a76dbd-A722c318a", "score": 13.456336098499797}
{"docno": "S88b831f5-Ab26ac929", "score": 13.434293445358382}
{"docno": "S1ad38b0d-Aa2d2f3af", "score": 13.426599731917012}
{"docno": "S8f3513ba-Afaf09852", "score": 13.354174112542351}
{"docno": "Sca149d42-A77036057", "score": 13.320107490586619}
{"docno": "S4c2eee41-A92723fa5", "score": 13.272499666219701}
{"docno": "Sd4106dd-A875adb12", "score": 13.22025921803589}
{"docno": "S4c2eee41-Afc27ca4d", "score": 13.22025921803589}
{"docno": "S39262125-A7c6d054a", "score": 13.21529122951055}
{"docno": "S6b229b30-Acb98c79f", "score": 13.21529122951055}
{"docno": "S5199e2e0-A90bff8b3", "score": 13.21529122951055}
{"docno": "S2878f622-A479310e2", "score": 13.21529122951055}
{"docno": "Sbe3faadb-A2fea6aec", "score": 13.112111692603523}
{"docno": "S6d27ef5f-A361ab19", "score": 13.010530840263682}
{"docno": "Safae4f58-Ac457f25e", "score": 13.010530840263682}
{"docno": "Se0d020b2-A579a612a", "score": 13.010530840263682}
{"docno": "Sd272e2d3-A528f8944", "score": 12.91051180261371}
{"docno": "S13826027-Acb51f0f2", "score": 12.719616184025694}
{"docno": "S2218331a-Abdd93fcb", "score": 12.715017274812611}
{"docno": "Sf7ccde18-A63b3e963", "score": 12.715017274812611}
{"docno": "S98cbcd80-A9e5888cc", "score": 12.61947350199058}
{"docno": "S83564eca-A6e9fb177", "score": 12.483249713898285}
{"docno": "Sbe94b9d9-A5cda0952", "score": 12.43262981426588}
{"docno": "S39262125-Ac3161f1d", "score": 12.43262981426588}
{"docno": "S928f9e5e-Ad9353ef4", "score": 12.43262981426588}
{"docno": "S4aa122df-A956355f6", "score": 12.43262981426588}
{"docno": "S2878f622-A1682d9cf", "score": 12.43262981426588}
{"docno": "Sc78c98cd-Adbde2b61", "score": 12.39114469781334}
{"docno": "S39262125-Ac8ec1a5f", "score": 12.341267526627318}
{"docno": "S144b984e-A80bae8c7", "score": 12.256931515097603}
{"docno": "S606a81ac-Af25fafce", "score": 12.255507693137917}
{"docno": "Sf7991e72-A622f021e", "score": 12.162512907648594}
{"docno": "S39262125-A45f8ff64", "score": 12.162512907648594}
{"docno": "S193f0531-A259e9d2c", "score": 12.162512907648594}
{"docno": "S7f2b3c6-Ae42f3037", "score": 12.146822090084676}
{"docno": "S88924a74-A43e3eaa1", "score": 12.146822090084676}
{"docno": "S9e641c64-A53536dd1", "score": 12.138806822247943}
{"docno": "Sf7ccde18-A8611c28", "score": 12.103052569410643}
{"docno": "Sbe94b9d9-A94b8eef", "score": 12.075063487715294}
{"docno": "S59d12d9e-A4a9921b0", "score": 12.059597351930613}
{"docno": "S2a2c6cd2-A75c95a58", "score": 12.02293722106435}
{"docno": "S957b155c-A3887fad0", "score": 11.988862626894615}
{"docno": "Sfc5dca1a-Acf5378b5", "score": 11.988862626894615}
{"docno": "Sc55873e2-A9a35d230", "score": 11.950281580276886}
{"docno": "S739d0c9a-A1a26ba53", "score": 11.90791454753848}
{"docno": "Sd84dc5df-A7e93db9", "score": 11.903883775265292}
{"docno": "S5d204889-Ab4752d18", "score": 11.903883775265292}
{"docno": "S2c1e399a-A6323087b", "score": 11.824075353584515}
{"docno": "S2739efa9-A5100c45c", "score": 11.820101130367206}
{"docno": "S1a33cd55-Aec3dcad4", "score": 11.820101130367206}
{"docno": "Sea949c31-A6590b76c", "score": 11.820101130367206}
{"docno": "S5199e2e0-A68df8a85", "score": 11.820101130367206}
{"type": "toggleArgument", "timestamp": "2025-06-26T10:17:54.224Z", "sessionID": "5d6349b8-c2a9-4b5a-9619-580d364f6e76", "rank": "1", "doc": "S928f9e5e-A4fd49234", "action": "expand", "doclen": 506, "score": 17.04964633233588}
{"type": "queryBoxFocused", "timestamp": "2025-06-26T10:18:12.043Z", "sessionID": "5d6349b8-c2a9-4b5a-9619-580d364f6e76"}
{"type": "querySubmitted", "timestamp": "2025-06-26T10:18:18.817Z", "sessionID": "5d6349b8-c2a9-4b5a-9619-580d364f6e76", "query": "Birth control"}
{"docno": "S7c48bf09-A91b9ecbc", "score": 19.15014992328647}
{"docno": "S6bf018ce-Af00ca858", "score": 19.11392484147585}
{"docno": "S284f3543-A4eed23cc", "score": 18.937133419020892}
{"docno": "S6b19ea3e-Aab875997", "score": 18.847625708667923}
{"docno": "Sdeb2a1a4-A75985df6", "score": 18.75706721989855}
{"docno": "Sb186fa3d-A139ab956", "score": 18.724558885233595}
{"docno": "S8d834d48-A604418bc", "score": 18.47748418314371}
{"docno": "S3d1a752c-A95ae2a3", "score": 18.43431608637878}
{"docno": "S3d1a752c-Aa7cac87", "score": 18.391349222761598}
{"docno": "S6b3f6ff2-Acf4628af", "score": 18.344507904583594}
{"docno": "S3d1a752c-A1947fe3e", "score": 18.263642057425386}
{"docno": "S3d1a752c-Aaed75b23", "score": 18.22146621756485}
{"docno": "S6702c8de-A774cf475", "score": 18.214689387295216}
{"docno": "S739d0c9a-A1a26ba53", "score": 18.163544883894183}
{"docno": "S8d834d48-Ad3873c6b", "score": 18.150275071749082}
{"docno": "S8d834d48-A969c2c91", "score": 18.039619737435228}
{"docno": "S2218331a-Abdd93fcb", "score": 18.009548700740073}
{"docno": "S6b3f6ff2-A2e326b76", "score": 17.98479650028212}
{"docno": "S136c9048-A5196e9a1", "score": 17.965043673839222}
{"docno": "S88b831f5-Ad7884e03", "score": 17.899837251178553}
{"docno": "S3d9819c3-A3bd57627", "score": 17.852399481686227}
{"docno": "S88b831f5-A34c34d2b", "score": 17.850470806988422}
{"docno": "Sb67fc3fb-A3f92ad47", "score": 17.686602437906934}
{"docno": "S3d1a752c-Acb5c823c", "score": 17.66458751808021}
{"docno": "S7c48bf09-A6e6aecd7", "score": 17.52943400202323}
{"docno": "Se048883c-A59764bb0", "score": 17.526240680844346}
{"docno": "Sd64195b7-Aa077b7c3", "score": 17.35199435771051}
{"docno": "S6b19ea3e-A96597d4", "score": 17.250831475323015}
{"docno": "Scfc73d47-A80ba56f2", "score": 17.15355453101956}
{"docno": "Safb01fa7-A16ba6928", "score": 17.098981226004582}
{"docno": "S3d1a752c-Ab63bbb2b", "score": 17.07425324817536}
{"docno": "Sf3fff4a7-Afc6f95bc", "score": 17.07425324817536}
{"docno": "S6b3f6ff2-A785469ab", "score": 17.040900549867345}
{"docno": "Sd9f365ef-A62d87696", "score": 17.003010743506913}
{"docno": "S641065db-Afbfc86f4", "score": 16.80291745786858}
{"docno": "S6b19ea3e-A5b2f84a2", "score": 16.78370873904406}
{"docno": "S6b229b30-Aa83bee", "score": 16.66778790152459}
{"docno": "S224936ac-Ab5fef090", "score": 16.57220766179347}
{"docno": "S5504cb87-Aa4ec971f", "score": 16.530338182836}
{"docno": "S6bf018ce-A3a097be", "score": 16.490583240288586}
{"docno": "Sb1876a40-A4a4f3601", "score": 16.482100565598813}
{"docno": "S6b19ea3e-A84b5e8f", "score": 16.436323388679924}
{"docno": "S606a81ac-Af25fafce", "score": 16.390799789378114}
{"docno": "S37c0c6de-A91380511", "score": 16.257862219494957}
{"docno": "Sd4e75281-Aff28f439", "score": 16.255729560826513}
{"docno": "Sb76f82a2-A25ea6cc0", "score": 16.21119949012904}
{"docno": "S224936ac-A93b35437", "score": 16.21119949012904}
{"docno": "S37beca49-A76dd2c7a", "score": 16.1673634890853}
{"docno": "S1a14ba21-A6f276267", "score": 16.164803853526486}
{"docno": "Sa22ad1b6-A6ad9eee5", "score": 16.0271967633339}
{"docno": "S3d1a752c-Abc80526", "score": 15.968522315886599}
{"docno": "S8791f9a4-A5b3f1426", "score": 15.898029077324072}
{"docno": "S6702c8de-Ae1150c43", "score": 15.824987823725653}
{"docno": "Sf3fff4a7-Af09bb52d", "score": 15.71411034210783}
{"docno": "S81e67f4b-Ac7ee9c59", "score": 15.645840618148444}
{"docno": "Sb0cd83f7-Adea9ca20", "score": 15.645840618148444}
{"docno": "S3d1a752c-A535d6447", "score": 15.587797510794704}
{"docno": "S4c7e2b8-A14959a1e", "score": 15.528558519679631}
{"docno": "Sf3fff504-A53781e8d", "score": 15.522723104558905}
{"docno": "S2218331a-A6edb46f9", "score": 15.513868801078868}
{"docno": "S136c9048-A26174e3", "score": 15.282210900184385}
{"docno": "S5199e2e0-A5ba0ffab", "score": 15.282210900184385}
{"docno": "S47ca8cc4-A9524ab7f", "score": 15.21115277189871}
{"docno": "S3403ee9e-A43c693f9", "score": 15.202316941512933}
{"docno": "S8791f9a4-A17fae88", "score": 15.172154877000843}
{"docno": "Sd7945f58-Aa4e56d1e", "score": 15.164728220486948}
{"docno": "S2218331a-A817bb3f", "score": 15.164728220486948}
{"docno": "Sb1860d23-Ad360fefe", "score": 15.16124069236825}
{"docno": "S3418c277-Ad9adb256", "score": 15.138954254047107}
{"docno": "S2a4ff294-Ae217aeb6", "score": 15.09475591670165}
{"docno": "S6bece754-A1f4c4017", "score": 14.997295449441197}
{"docno": "Sd8150fb5-A2b731d75", "score": 14.88413631683035}
{"docno": "Sb1853e4f-Aed866696", "score": 14.786418756750582}
{"docno": "S6b19ea3e-Af4c2ab11", "score": 14.772672035850036}
{"docno": "S3d9819c3-A88275e4b", "score": 14.756013625372233}
{"docno": "Sb884a1c8-Ab486ce31", "score": 14.519522577630717}
{"docno": "S7586c763-A9df44bc9", "score": 14.438425531198005}
{"docno": "Sb18710e2-Acf1754e6", "score": 14.39034336360011}
{"docno": "Sb77c1666-A5aa562a0", "score": 14.39034336360011}
{"docno": "S136c9048-A268337e7", "score": 14.343024032933922}
{"docno": "S88b831f5-Ab26ac929", "score": 14.327320001982883}
{"docno": "S3d1a752c-Ab454d43a", "score": 14.29106889918113}
{"docno": "Sf7991e72-A622f021e", "score": 14.286126339725403}
{"docno": "S5199e2e0-A8f06105", "score": 14.286126339725403}
{"docno": "Sb186ee5f-Adbce446d", "score": 14.268021384976004}
{"docno": "S52ebc4c-A87985538", "score": 14.183407972971013}
{"docno": "Sb79ecf35-Aca7efb7a", "score": 14.183407972971013}
{"docno": "Sb67fc3fb-Ae4017b1c", "score": 14.183407972971013}
{"docno": "S12bcfa90-A95003849", "score": 14.16470938227696}
{"docno": "S47ca01fe-A247c98db", "score": 14.16470938227696}
{"docno": "S54a4f280-A130e15e4", "score": 14.14642241532831}
{"docno": "S7a271b49-Abda5897d", "score": 14.087568762982542}
{"docno": "Sc64898ed-Ad5168fd7", "score": 14.086958576193279}
{"docno": "S8e214b94-A6744a4c8", "score": 14.082156167720894}
{"docno": "S7f136cdf-A4bf78f10", "score": 14.082156167720894}
{"docno": "Sb185a806-A5407dbd", "score": 14.082156167720894}
{"docno": "Sb1876a40-A428c5807", "score": 14.073239329120007}
{"docno": "S404e495e-A9a8ea74", "score": 14.045043314343129}
{"docno": "S29bcc23d-A6a56a29c", "score": 14.036838747670874}
{"docno": "S740c0ab5-A695b006d", "score": 14.035020252890689}
{"type": "toggleArgument", "timestamp": "2025-06-26T10:18:22.984Z", "sessionID": "5d6349b8-c2a9-4b5a-9619-580d364f6e76", "rank": "2", "doc": "S6bf018ce-Af00ca858", "action": "expand", "doclen": 540, "score": 11.091938969889112}
{"type": "StanceClicked", "timestamp": "2025-06-26T10:18:38.145Z", "sessionID": "5d6349b8-c2a9-4b5a-9619-580d364f6e76", "rank": "2", "stance": "pro", "action": "chooseStance", "doc": "S6bf018ce-Af00ca858", "doclen": 540, "score": 11.091938969889112}
{"type": "toggleArgument", "timestamp": "2025-06-26T10:18:43.440Z", "sessionID": "5d6349b8-c2a9-4b5a-9619-580d364f6e76", "rank": "3", "doc": "S284f3543-A4eed23cc", "action": "expand", "doclen": 878, "score": 15.970447672554274}
{"type": "toggleArgument", "timestamp": "2025-06-26T10:18:51.809Z", "sessionID": "5d6349b8-c2a9-4b5a-9619-580d364f6e76", "rank": "4", "doc": "S6b19ea3e-Aab875997", "action": "expand", "doclen": 1532, "score": 15.19862755891267}
{"type": "toggleArgument", "timestamp": "2025-06-26T10:19:14.448Z", "sessionID": "5d6349b8-c2a9-4b5a-9619-580d364f6e76", "rank": "6", "doc": "Sb186fa3d-A139ab956", "action": "expand", "doclen": 391, "score": 18.724558885233595}
{"type": "toggleArgument", "timestamp": "2025-06-26T10:19:27.888Z", "sessionID": "5d6349b8-c2a9-4b5a-9619-580d364f6e76", "rank": "8", "doc": "S3d1a752c-A95ae2a3", "action": "expand", "doclen": 642, "score": 18.43431608637878}
{"type": "StanceClicked", "timestamp": "2025-06-26T10:19:34.433Z", "sessionID": "5d6349b8-c2a9-4b5a-9619-580d364f6e76", "rank": "8", "stance": "con", "action": "chooseStance", "doc": "S3d1a752c-A95ae2a3", "doclen": 642, "score": 18.43431608637878}
{"type": "toggleArgument", "timestamp": "2025-06-26T10:19:44.096Z", "sessionID": "5d6349b8-c2a9-4b5a-9619-580d364f6e76", "rank": "9", "doc": "S3d1a752c-Aa7cac87", "action": "expand", "doclen": 685, "score": 16.911324508085727}
{"type": "toggleArgument", "timestamp": "2025-06-26T10:19:54.784Z", "sessionID": "5d6349b8-c2a9-4b5a-9619-580d364f6e76", "rank": "10", "doc": "S6b3f6ff2-Acf4628af", "action": "expand", "doclen": 217, "score": 18.344507904583594}
{"type": "pageNavigationClicked", "timestamp": "2025-06-26T10:19:57.097Z", "sessionID": "5d6349b8-c2a9-4b5a-9619-580d364f6e76", "clicked": "2", "fromPage": 1, "toPage": 2}
{"type": "ClickedEndTask", "timestamp": "2025-06-26T10:20:01.449Z", "sessionID": "5d6349b8-c2a9-4b5a-9619-580d364f6e76"}
{"type": "TaskEndConfirmed", "timestamp": "2025-06-26T10:20:03.920Z", "sessionID": "5d6349b8-c2a9-4b5a-9619-580d364f6e76"}
{"type": "TaskEndConfirmed", "timestamp": "2025-06-26T10:20:10.464Z", "sessionID": "5d6349b8-c2a9-4b5a-9619-580d364f6e76"}
{"type": "TaskEnded", "timestamp": "2025-06-26T10:20:28.712Z", "sessionID": "5d6349b8-c2a9-4b5a-9619-580d364f6e76", "reason": "Die Zeit ist abgelaufen", "translated_reason": "The time has expired"}
