{"type": "TaskStarted", "timestamp": "2025-06-26T11:06:08.039Z", "sessionID": "7db4cdb9-ab74-485b-a918-f6d8467c779b", "task": "2", "uid": "Participant58", "topic": "Should euthanasia or physician-assisted suicide be legal?"}
{"type": "queryBoxFocused", "timestamp": "2025-06-26T11:06:09.215Z", "sessionID": "7db4cdb9-ab74-485b-a918-f6d8467c779b"}
{"type": "querySubmitted", "timestamp": "2025-06-26T11:06:25.263Z", "sessionID": "7db4cdb9-ab74-485b-a918-f6d8467c779b", "query": "opinions on euthanasia"}
{"docno": "S64b2721c-A93b21d9", "score": 19.622778831507773}
{"docno": "S9386dfc6-A1cfe8890", "score": 18.769609424484738}
{"docno": "S6626ac2e-A896f79e", "score": 18.594054340647105}
{"docno": "S9386eee9-A5197a4a7", "score": 18.056691103258533}
{"docno": "Sdf37aacb-Ade8cc517", "score": 17.91073904189854}
{"docno": "S89c45bda-A3b85c2d0", "score": 17.396630827545714}
{"docno": "Se21a5046-Ace81c754", "score": 17.170787403789596}
{"docno": "S2a7a3797-Acacdbe68", "score": 17.02885179479248}
{"docno": "Scf402307-Ade55985c", "score": 17.02439302096893}
{"docno": "S9386eb47-Af1a20290", "score": 16.89795890084606}
{"docno": "S9386f5ef-A142b6bd6", "score": 16.439114959053967}
{"docno": "Sfb69d67d-A8046c35", "score": 16.23458423534693}
{"docno": "S9386e70a-Aa2c926e8", "score": 16.202981098333474}
{"docno": "S64b2721c-A1bd367b0", "score": 16.18918811397589}
{"docno": "Sb0114b5-Aaf78a10e", "score": 16.1407559590471}
{"docno": "S9386dc24-Acf4c94c2", "score": 16.081523864930674}
{"docno": "Se5fc1c47-Aff088c8c", "score": 16.060721373535298}
{"docno": "S89c45bda-Aaf9cc706", "score": 16.040767871599044}
{"docno": "Se5fc1c66-A4aefcf75", "score": 15.951561373991634}
{"docno": "S9386df69-A4a891f44", "score": 15.880725545075025}
{"docno": "S88e3523c-A61498661", "score": 15.761992283447068}
{"docno": "S9386dc62-A969fbcbd", "score": 15.667108171178173}
{"docno": "S782073eb-A65a21666", "score": 15.635427723309805}
{"docno": "S9386f24d-A7956dc81", "score": 15.6231976967179}
{"docno": "Se21a50a3-Adb2fc3c1", "score": 15.591397901502829}
{"docno": "S89c45bda-Ae3092718", "score": 15.588326761734244}
{"docno": "S9386ee10-A3a6999a1", "score": 15.528794493922394}
{"docno": "S9386ee8c-Ae1fc2a56", "score": 15.525647880421674}
{"docno": "S9386f9b0-Afd072d41", "score": 15.486125185024234}
{"docno": "S85c302ef-A2e30aac8", "score": 15.48594985702027}
{"docno": "S89c45bda-A518cb170", "score": 15.467780098604399}
{"docno": "S9386ee6d-A1a19e999", "score": 15.459931217174775}
{"docno": "S9386e6eb-A9e4ad581", "score": 15.451254029121223}
{"docno": "Scc77eee8-Ad6af2fb2", "score": 15.439440117804688}
{"docno": "Sd2cf3d6f-Ab3b4d965", "score": 15.437934184414981}
{"docno": "Sc5ef2ca1-A113dff96", "score": 15.423775796305561}
{"docno": "Scf4017a5-A4f3e858a", "score": 15.423775796305561}
{"docno": "S89c45bda-Af9606ef1", "score": 15.398990323052894}
{"docno": "S9386f9b0-A3ba9e08a", "score": 15.396156905634863}
{"docno": "S9386ea4f-A1d715d2e", "score": 15.395154132001846}
{"docno": "Scf4017a5-A8a528103", "score": 15.388845109203164}
{"docno": "S89c45bda-Ad6e9de37", "score": 15.385255005454805}
{"docno": "Se21a50a3-A44388d6d", "score": 15.373682231311609}
{"docno": "S9386df88-Aadbacba3", "score": 15.344510992980105}
{"docno": "Sba1566fe-A58a762bf", "score": 15.344510992980105}
{"docno": "S89c45bda-A8f1ac835", "score": 15.324062562043173}
{"docno": "S89c45bda-A78784322", "score": 15.312830527849576}
{"docno": "Scf4022e8-A86e23300", "score": 15.267214923532867}
{"docno": "S2a7a3832-A59095d28", "score": 15.239519404833679}
{"docno": "S2c491c0b-A9f90bf86", "score": 15.236389745303914}
{"docno": "Sd9807bbe-A440c8b1e", "score": 15.189738165614482}
{"docno": "Scf4017a5-A9d712ffb", "score": 15.17811987413139}
{"docno": "S41ed75c9-Ac43d6085", "score": 15.154356116821361}
{"docno": "Sb0c6e7eb-Aded11a42", "score": 15.14059007008355}
{"docno": "Sb0c6e7eb-A82e8e68a", "score": 15.116828088972966}
{"docno": "Sfb69d67d-Ac24b4916", "score": 15.112915791586977}
{"docno": "S89c45bda-Aa49038bd", "score": 15.090377670953167}
{"docno": "S9386ee4e-A5d4ed025", "score": 15.069182843613582}
{"docno": "S9386eb66-Af048ec2c", "score": 15.064019653613062}
{"docno": "S64b2721c-A83ce0e36", "score": 15.05374499500965}
{"docno": "S1c010e1b-Abde7a524", "score": 15.0344336408891}
{"docno": "S782073eb-A6866fff6", "score": 14.998078672552229}
{"docno": "S9386f5ef-A706b1cb0", "score": 14.996399653876942}
{"docno": "S9386f5b1-A6a15c82d", "score": 14.950149480722251}
{"docno": "S1e884b3e-A5950e2a1", "score": 14.949396380197278}
{"docno": "S89c45bda-Af1c149cb", "score": 14.947137533794825}
{"docno": "S9386eb09-Adba585b4", "score": 14.93948955442124}
{"docno": "S2d207525-Af913bf38", "score": 14.903360389056068}
{"docno": "S89c45bda-Aab829ef7", "score": 14.899993207407388}
{"docno": "S6626ac2e-Ad4283145", "score": 14.875742986239567}
{"docno": "Sb0114b5-A1159bb1c", "score": 14.856268261572264}
{"docno": "S4d198342-Abae37d7e", "score": 14.855375863996969}
{"docno": "Sb0c6e7eb-A2aa6c69c", "score": 14.853145339033912}
{"docno": "Sd9f50d86-A18ffd494", "score": 14.850915483794022}
{"docno": "S9386dc62-A33e8c532", "score": 14.850915483794022}
{"docno": "S2d902d00-A4282e952", "score": 14.83205523195013}
{"docno": "S311e5749-A4272147d", "score": 14.827330647309907}
{"docno": "S46de25-A8d272c46", "score": 14.806591141110266}
{"docno": "S9386eee9-A52a2408b", "score": 14.791172911780329}
{"docno": "Sd11cf82c-Ad4acb267", "score": 14.77264524300797}
{"docno": "S6626ac2e-Ac172cfb6", "score": 14.77132171270631}
{"docno": "S9fa39f2d-A7a2dc8dd", "score": 14.764174697025013}
{"docno": "S9386f64c-A5dd997e3", "score": 14.714352780008573}
{"docno": "S89c45bda-A6229259f", "score": 14.712164399962587}
{"docno": "S89c45bda-Ac73b3246", "score": 14.712164399962587}
{"docno": "S89c45bda-A62794cc5", "score": 14.668663213737267}
{"docno": "S89c45bda-Ac0f8337e", "score": 14.668663213737267}
{"docno": "S5a6ff38d-A2912aa87", "score": 14.656391103407866}
{"docno": "S9386f24d-Aca2efd07", "score": 14.655276475162049}
{"docno": "S9386e349-Aaa3e331a", "score": 14.643756593691132}
{"docno": "S2a7a37b6-Ab9310030", "score": 14.623256510674219}
{"docno": "S9386e2cd-A4d8ad4b1", "score": 14.578130052124717}
{"docno": "S89c45bda-Ae88ad17b", "score": 14.575982000788356}
{"docno": "Sfb69d67d-A11752e51", "score": 14.562758587813915}
{"docno": "S2056de8f-Adfc6f3d0", "score": 14.55781317369053}
{"docno": "Sdcca0397-A4956d566", "score": 14.54000853468613}
{"docno": "S5a468c00-Af56789db", "score": 14.533281251619117}
{"docno": "S9386f26c-Ae97bff70", "score": 14.508831869797104}
{"docno": "S9386e349-A870f7c10", "score": 14.508831869797104}
{"docno": "S6626ac2e-A538c1199", "score": 14.503844884102469}
{"type": "toggleArgument", "timestamp": "2025-06-26T11:06:28.862Z", "sessionID": "7db4cdb9-ab74-485b-a918-f6d8467c779b", "rank": "1", "doc": "S64b2721c-A93b21d9", "action": "expand", "doclen": 760, "score": 14.749906743158078}
{"type": "StanceClicked", "timestamp": "2025-06-26T11:06:31.263Z", "sessionID": "7db4cdb9-ab74-485b-a918-f6d8467c779b", "rank": "1", "stance": "pro", "action": "chooseStance", "doc": "S64b2721c-A93b21d9", "doclen": 760, "score": 14.749906743158078}
{"type": "toggleArgument", "timestamp": "2025-06-26T11:06:34.791Z", "sessionID": "7db4cdb9-ab74-485b-a918-f6d8467c779b", "rank": "2", "doc": "S9386dfc6-A1cfe8890", "action": "expand", "doclen": 517, "score": 20.278965135942542}
{"type": "StanceClicked", "timestamp": "2025-06-26T11:06:38.527Z", "sessionID": "7db4cdb9-ab74-485b-a918-f6d8467c779b", "rank": "2", "stance": "pro", "action": "chooseStance", "doc": "S9386dfc6-A1cfe8890", "doclen": 517, "score": 20.278965135942542}
{"type": "toggleArgument", "timestamp": "2025-06-26T11:06:41.447Z", "sessionID": "7db4cdb9-ab74-485b-a918-f6d8467c779b", "rank": "3", "doc": "S6626ac2e-A896f79e", "action": "expand", "doclen": 1026, "score": 20.033879052631995}
{"type": "toggleArgument", "timestamp": "2025-06-26T11:07:11.822Z", "sessionID": "7db4cdb9-ab74-485b-a918-f6d8467c779b", "rank": "4", "doc": "S9386eee9-A5197a4a7", "action": "expand", "doclen": 1344, "score": 18.056691103258533}
{"type": "StanceClicked", "timestamp": "2025-06-26T11:07:13.127Z", "sessionID": "7db4cdb9-ab74-485b-a918-f6d8467c779b", "rank": "4", "stance": "pro", "action": "chooseStance", "doc": "S9386eee9-A5197a4a7", "doclen": 1344, "score": 18.056691103258533}
{"type": "toggleArgument", "timestamp": "2025-06-26T11:07:24.246Z", "sessionID": "7db4cdb9-ab74-485b-a918-f6d8467c779b", "rank": "5", "doc": "Sdf37aacb-Ade8cc517", "action": "expand", "doclen": 1425, "score": 14.31518505463841}
{"type": "StanceClicked", "timestamp": "2025-06-26T11:07:36.495Z", "sessionID": "7db4cdb9-ab74-485b-a918-f6d8467c779b", "rank": "5", "stance": "pro", "action": "chooseStance", "doc": "Sdf37aacb-Ade8cc517", "doclen": 1425, "score": 14.31518505463841}
{"type": "toggleArgument", "timestamp": "2025-06-26T11:07:41.023Z", "sessionID": "7db4cdb9-ab74-485b-a918-f6d8467c779b", "rank": "6", "doc": "S89c45bda-A3b85c2d0", "action": "expand", "doclen": 678, "score": 17.396630827545714}
{"type": "toggleArgument", "timestamp": "2025-06-26T11:07:44.871Z", "sessionID": "7db4cdb9-ab74-485b-a918-f6d8467c779b", "rank": "7", "doc": "Se21a5046-Ace81c754", "action": "expand", "doclen": 2471, "score": 14.500575595180093}
{"type": "toggleArgument", "timestamp": "2025-06-26T11:08:01.527Z", "sessionID": "7db4cdb9-ab74-485b-a918-f6d8467c779b", "rank": "8", "doc": "S2a7a3797-Acacdbe68", "action": "expand", "doclen": 1819, "score": 17.02885179479248}
{"type": "toggleArgument", "timestamp": "2025-06-26T11:08:11.967Z", "sessionID": "7db4cdb9-ab74-485b-a918-f6d8467c779b", "rank": "10", "doc": "S9386eb47-Af1a20290", "action": "expand", "doclen": 439, "score": 16.89795890084606}
{"type": "queryBoxFocused", "timestamp": "2025-06-26T11:08:17.919Z", "sessionID": "7db4cdb9-ab74-485b-a918-f6d8467c779b"}
{"type": "querySubmitted", "timestamp": "2025-06-26T11:08:35.272Z", "sessionID": "7db4cdb9-ab74-485b-a918-f6d8467c779b", "query": "moral reasons for euthanasia to be legal"}
{"docno": "S9386f24d-A7956dc81", "score": 28.995353825406315}
{"docno": "Scf4017a5-A7ac8a58a", "score": 27.996507010296558}
{"docno": "S92fc7810-A35016001", "score": 27.203354001063385}
{"docno": "S9386f26c-Ae97bff70", "score": 26.891427348535554}
{"docno": "S9386ee6d-A1a19e999", "score": 25.969013748769108}
{"docno": "S9386f5b1-A6a15c82d", "score": 25.95420691371612}
{"docno": "Sb0c6e7eb-A17bbd2bc", "score": 25.469496722240144}
{"docno": "Se21a50a3-A44388d6d", "score": 24.975110709295755}
{"docno": "Sd695a71e-A892c9387", "score": 24.902395213526756}
{"docno": "Sc13c0a01-A738aefc5", "score": 24.677760444813654}
{"docno": "S782073eb-A65a21666", "score": 24.408455823011728}
{"docno": "Scf4017a5-A8a528103", "score": 24.38571527049365}
{"docno": "S290de80f-Acecc48b0", "score": 24.26630817555301}
{"docno": "S9386db89-A1a15cfa1", "score": 24.197921992678175}
{"docno": "S390f1979-Ae2a9e651", "score": 24.01726536539399}
{"docno": "S88e35182-A5c5bec11", "score": 23.758334212576912}
{"docno": "Se21a50a3-Adb2fc3c1", "score": 23.68672052856434}
{"docno": "Sdcca0397-A4956d566", "score": 23.570313016923187}
{"docno": "S9386f64c-A5dd997e3", "score": 23.490045678194065}
{"docno": "Se21a5046-Ace81c754", "score": 23.240886315051096}
{"docno": "Se21a5027-A93f5d3e1", "score": 23.189800921513058}
{"docno": "S9386e70a-A46a45588", "score": 23.16458881136697}
{"docno": "S89c45bda-A43cb80f8", "score": 23.08408612203073}
{"docno": "S88e3523c-A61498661", "score": 23.02337483193446}
{"docno": "S782073eb-Ab0a93fca", "score": 22.968294056424106}
{"docno": "Sba1566fe-A4d34d251", "score": 22.90341015015148}
{"docno": "Sf1f121d0-A66126126", "score": 22.87600163821925}
{"docno": "S89c45bda-Aaf9cc706", "score": 22.834760044420797}
{"docno": "Sc13c0a01-Aaa71f6f8", "score": 22.825701177650487}
{"docno": "S9386dfc6-A7ad94219", "score": 22.78978050690582}
{"docno": "S9386f24d-Aca2efd07", "score": 22.75962589788261}
{"docno": "S2d207525-Af913bf38", "score": 22.633119406046507}
{"docno": "S9386df4a-A175752bc", "score": 22.58817591375121}
{"docno": "S6626ac2e-A896f79e", "score": 22.465008166592867}
{"docno": "S6626ac2e-Ad4283145", "score": 22.38058109326298}
{"docno": "Se21a5046-A307c4d0a", "score": 22.37199798427425}
{"docno": "S9386e70a-Aa2c926e8", "score": 22.295972770901923}
{"docno": "S9386eacb-A3be0422c", "score": 22.11248823184422}
{"docno": "S9386f5ef-A142b6bd6", "score": 21.994436053076246}
{"docno": "Se5fc1c47-Aff088c8c", "score": 21.918803144161622}
{"docno": "S4eb026c3-Aca134b1f", "score": 21.88893979343179}
{"docno": "Sb280a10e-A9297a1dd", "score": 21.86888029139812}
{"docno": "S46de25-A8d272c46", "score": 21.864068877215956}
{"docno": "S9386ee10-Ac6aeb092", "score": 21.852660147068278}
{"docno": "Se5dc1bba-A2bb86ba7", "score": 21.82497012905373}
{"docno": "S9386eb66-Af048ec2c", "score": 21.771876594562293}
{"docno": "S782073eb-A2bd086c4", "score": 21.754424333595722}
{"docno": "Sd2cf3d6f-Ab3b4d965", "score": 21.640172516695838}
{"docno": "S45b24505-Aaa06f72", "score": 21.61881752950746}
{"docno": "S88e3521d-A54801b13", "score": 21.55744113558387}
{"docno": "Sd11cf82c-A88418422", "score": 21.49829019494613}
{"docno": "Sd9f50d86-A18ffd494", "score": 21.397887524827063}
{"docno": "Scf4017a5-A9d712ffb", "score": 21.396807812088433}
{"docno": "S782073eb-A6866fff6", "score": 21.28244333644877}
{"docno": "S32c18ac6-A1baba2a9", "score": 21.27104712603821}
{"docno": "S9386ea4f-A1d715d2e", "score": 21.222255628336857}
{"docno": "Scf4017a5-A6745a169", "score": 21.216771423200306}
{"docno": "Sd9807bbe-A440c8b1e", "score": 21.165671597584254}
{"docno": "S9386dfc6-A4070c2bd", "score": 21.120795932805187}
{"docno": "Sfe13b6d0-A5d6bd8a5", "score": 21.05478831667292}
{"docno": "Sd695a71e-Af30c4030", "score": 21.049204668793056}
{"docno": "S9386e349-Aaa3e331a", "score": 21.037380471992375}
{"docno": "S94c429fc-A7967a61d", "score": 20.984433627718044}
{"docno": "S89c45bda-Af9606ef1", "score": 20.929080924092712}
{"docno": "S85c302ef-A2e30aac8", "score": 20.920510524604172}
{"docno": "Sdcca0397-A69d2cee4", "score": 20.82727816187514}
{"docno": "S9386e349-A870f7c10", "score": 20.804153209138974}
{"docno": "S6626ac2e-Ac172cfb6", "score": 20.791185240313034}
{"docno": "S2a7a37f4-Ab5a82e2f", "score": 20.78694534613998}
{"docno": "S41ed75c9-Ac43d6085", "score": 20.707071699335305}
{"docno": "S950a295-Ae4949905", "score": 20.670774231956575}
{"docno": "S89c45bda-A8f1ac835", "score": 20.60013573266282}
{"docno": "Sc63e6b03-A7fded89a", "score": 20.549089889992732}
{"docno": "S9386e349-Ad5ce6a13", "score": 20.483132560364226}
{"docno": "S6626ac2e-A538c1199", "score": 20.465967992728604}
{"docno": "Sc3062aa1-A702d5c47", "score": 20.464450671922}
{"docno": "S9386df88-Ac2ff6e6d", "score": 20.459450491932806}
{"docno": "Sdae1f9c4-A9e1244d2", "score": 20.399100689779708}
{"docno": "S88e351a1-A8250faa7", "score": 20.322890744496718}
{"docno": "S57df115a-Aa5cd88dd", "score": 20.311847209227395}
{"docno": "Sfe13b6d0-Ad71624fc", "score": 20.298839972473445}
{"docno": "Sc5ef2ca1-A113dff96", "score": 20.29562926659183}
{"docno": "S9386dfc6-A1cfe8890", "score": 20.278965135942542}
{"docno": "Sddc4d7ee-Adcf30952", "score": 20.253543070172675}
{"docno": "S89c45bda-Ac0f8337e", "score": 20.198753814777085}
{"docno": "Sbbce1e09-A2c843d9a", "score": 20.195400761783986}
{"docno": "Sd11cf82c-Ad4acb267", "score": 20.14775340659325}
{"docno": "S32c18ac6-A8f1b3bdc", "score": 20.12110449317265}
{"docno": "S2a7a37b6-Ab9310030", "score": 20.116252461747898}
{"docno": "S6dbd1f79-A11461d2", "score": 20.02660594080144}
{"docno": "S5a468c00-A7b6aa41e", "score": 20.022680919620168}
{"docno": "S9386ee4e-A5d34fb47", "score": 19.999534077102506}
{"docno": "S8712369-A475f9314", "score": 19.998026050772882}
{"docno": "Se5fc1c66-A7a8669ae", "score": 19.981005714491413}
{"docno": "S2a7a3832-A4689a0f", "score": 19.97327485133204}
{"docno": "Se5dc1bba-A66ccd897", "score": 19.946365155538615}
{"docno": "S9386ee4e-A82f209a9", "score": 19.91288641789136}
{"docno": "Sc13c0a01-Aaf4eaa35", "score": 19.884431102386433}
{"docno": "S294713ae-Aa42985ad", "score": 19.848805921779686}
{"docno": "Scc77eee8-Ac3cc3596", "score": 19.81916079636101}
{"type": "toggleArgument", "timestamp": "2025-06-26T11:08:37.919Z", "sessionID": "7db4cdb9-ab74-485b-a918-f6d8467c779b", "rank": "1", "doc": "S9386f24d-A7956dc81", "action": "expand", "doclen": 2473, "score": 15.6231976967179}
{"type": "StanceClicked", "timestamp": "2025-06-26T11:08:47.912Z", "sessionID": "7db4cdb9-ab74-485b-a918-f6d8467c779b", "rank": "1", "stance": "pro", "action": "chooseStance", "doc": "S9386f24d-A7956dc81", "doclen": 2473, "score": 15.6231976967179}
{"type": "toggleArgument", "timestamp": "2025-06-26T11:08:52.535Z", "sessionID": "7db4cdb9-ab74-485b-a918-f6d8467c779b", "rank": "2", "doc": "Scf4017a5-A7ac8a58a", "action": "expand", "doclen": 582, "score": 21.560532190009045}
{"type": "toggleArgument", "timestamp": "2025-06-26T11:09:06.287Z", "sessionID": "7db4cdb9-ab74-485b-a918-f6d8467c779b", "rank": "3", "doc": "S92fc7810-A35016001", "action": "expand", "doclen": 1821, "score": 18.512269853535592}
{"type": "toggleArgument", "timestamp": "2025-06-26T11:09:33.671Z", "sessionID": "7db4cdb9-ab74-485b-a918-f6d8467c779b", "rank": "4", "doc": "S9386f26c-Ae97bff70", "action": "expand", "doclen": 221, "score": 14.508831869797104}
{"type": "queryBoxFocused", "timestamp": "2025-06-26T11:09:39.570Z", "sessionID": "7db4cdb9-ab74-485b-a918-f6d8467c779b"}
{"type": "querySubmitted", "timestamp": "2025-06-26T11:09:58.288Z", "sessionID": "7db4cdb9-ab74-485b-a918-f6d8467c779b", "query": "reasons why assisted suicide should not be legal"}
{"docno": "S16e6c023-A57a28294", "score": 32.36630976929388}
{"docno": "S25dc8ac6-Addb6c318", "score": 31.838855138457212}
{"docno": "S49cd40b7-A8db6adb1", "score": 30.771743787271696}
{"docno": "S67a1de10-Af23e7060", "score": 30.42084518384735}
{"docno": "S49cd40b7-A4ea9e37a", "score": 30.38484945304018}
{"docno": "S84493d27-Afdcbfe1a", "score": 29.902055747000187}
{"docno": "S59adeaa5-A1d8ac40d", "score": 29.384235264581783}
{"docno": "Sbdcebe60-A1561aa10", "score": 29.041623159694822}
{"docno": "S60881920-A3aa138c", "score": 28.69424162505957}
{"docno": "S41c20845-A1d3bb223", "score": 28.40858786026034}
{"docno": "S8ec492b3-A6b80f4fb", "score": 27.91917704864976}
{"docno": "S443158c1-Af7edeadf", "score": 27.77363212064759}
{"docno": "S3fcde3d5-A6c9b2e5", "score": 27.623977639319456}
{"docno": "Sd80382e8-A9ca14470", "score": 27.451314799809904}
{"docno": "S25dc8ac6-A4fa8e382", "score": 27.231845696984422}
{"docno": "S114892b1-A259e50b2", "score": 27.12660524864351}
{"docno": "S8ec492b3-A2cb55fab", "score": 26.649780932148303}
{"docno": "S294713ae-A7ab87a59", "score": 26.375725802457794}
{"docno": "S16e6c023-Ab3bfbbb", "score": 26.302666465831745}
{"docno": "S3fcde3d5-Aabb4731c", "score": 26.185115539128056}
{"docno": "S5d2af7d4-A75985165", "score": 26.112652902595286}
{"docno": "S4602aa65-A7dba2c90", "score": 26.094677770639215}
{"docno": "S7dba56a5-Af715c76b", "score": 26.094394385646588}
{"docno": "Sdccf7263-Ad86e7e15", "score": 25.985351983719227}
{"docno": "Sd8891c6f-Afe6db4f7", "score": 25.93782846778418}
{"docno": "S41c20845-Aaca68622", "score": 25.80933210404754}
{"docno": "Sbdcebe60-A8b1117bd", "score": 25.78861330312044}
{"docno": "S9386dfc6-A7ad94219", "score": 25.662399782376294}
{"docno": "S83a06a6-Ad41a7a09", "score": 25.22395788534432}
{"docno": "S8ec492b3-A9a9a731b", "score": 25.073657492532863}
{"docno": "S9386dfc6-A9ac7f5c3", "score": 24.984021138526984}
{"docno": "S45b24505-Aaa06f72", "score": 24.837928122072675}
{"docno": "S2a7a3832-A59095d28", "score": 24.788467771783417}
{"docno": "S84493d27-Afc86ecab", "score": 24.63749711295804}
{"docno": "Sba1566fe-A4d34d251", "score": 24.49065826376612}
{"docno": "S7301aafd-A9a757352", "score": 24.43952359679909}
{"docno": "S8ec49310-Ac2c32ca6", "score": 24.315825574352154}
{"docno": "Se1261232-Ad7a2459", "score": 24.311852353733794}
{"docno": "Sfe13b6d0-A76518d87", "score": 24.211152737244454}
{"docno": "S294713ae-Aa42985ad", "score": 24.165247399590854}
{"docno": "S4602aa65-Ae84d1895", "score": 24.003810280857515}
{"docno": "S114892b1-A562e9c78", "score": 23.842909800760587}
{"docno": "Sfad05e94-A8fbf1af0", "score": 23.82728673787735}
{"docno": "S114892b1-Ac1d1dd3b", "score": 23.825591366211142}
{"docno": "S7301ab1c-A1724c90d", "score": 23.81437288840167}
{"docno": "Sf989aae1-Afddb9efe", "score": 23.640763560332257}
{"docno": "S7d751371-Ae25f3542", "score": 23.35062163252249}
{"docno": "Sbbce1e09-Ad8014bef", "score": 23.34248514050496}
{"docno": "S1d4b222a-A22e8f455", "score": 23.337908615119506}
{"docno": "S25dc8ac6-A26af156a", "score": 23.10038376547364}
{"docno": "Sea1c603e-A4b63d83", "score": 23.021207575085626}
{"docno": "S1e884b3e-A8eca712f", "score": 22.946416919804747}
{"docno": "Se21a5046-A307c4d0a", "score": 22.940119947968473}
{"docno": "S8ec49310-Adbd32114", "score": 22.889599329204408}
{"docno": "S9386ee2f-A5aec75d3", "score": 22.737337089575846}
{"docno": "Sfe13b6d0-Abd736704", "score": 22.689074820576405}
{"docno": "S9386eee9-Ae4caeef4", "score": 22.681155728645756}
{"docno": "S2f93939-A7d027060", "score": 22.666675891110568}
{"docno": "S25dc8ac6-A9ba205c8", "score": 22.658367450121574}
{"docno": "S668509e3-A194b2def", "score": 22.625193263917854}
{"docno": "S9d1b7ef3-Ada63c05d", "score": 22.55910311324852}
{"docno": "Sc8f72601-A4b956ae4", "score": 22.491632809889822}
{"docno": "S89c45bda-A240cc084", "score": 22.405805101781326}
{"docno": "Sd7df728a-A51553a8", "score": 22.37668554612041}
{"docno": "Sc44ef8ac-Add0ba47c", "score": 22.36616876867603}
{"docno": "S668509e3-A3b6bc764", "score": 22.34611895965449}
{"docno": "S88e3523c-A6deea76", "score": 22.330511519366006}
{"docno": "S390f1979-Ae5b1d76b", "score": 22.202122454093253}
{"docno": "S64a697e7-A35b425b4", "score": 22.195807882513193}
{"docno": "Sf62fea23-Ac4cb6d42", "score": 22.107268171641344}
{"docno": "S88e3525b-A9bf0be12", "score": 22.106451509791217}
{"docno": "S847d06a3-A45f76d13", "score": 22.033291838578954}
{"docno": "S9d1b7ef3-A1ff28049", "score": 22.01764322658622}
{"docno": "Scb00416d-Ad4ea1529", "score": 21.97546163473756}
{"docno": "S9386dfc6-A8659649", "score": 21.91997048637264}
{"docno": "S4487afe6-A7683979", "score": 21.832255529442083}
{"docno": "Sc44ef8ac-A314280f6", "score": 21.591654589921994}
{"docno": "Sd04713bf-A63705be7", "score": 21.488853509499286}
{"docno": "Sfb67998b-A258bee00", "score": 21.416926164355324}
{"docno": "Sc8970382-A472cc50a", "score": 21.357199624048075}
{"docno": "S2a7a3832-A4689a0f", "score": 21.357199624048075}
{"docno": "S64e91157-Acb6378f9", "score": 21.320732612630884}
{"docno": "Sd7df728a-A4b59f829", "score": 21.27787668338364}
{"docno": "S4602aa65-A21e0f672", "score": 21.26232774516494}
{"docno": "Sba4ce552-A55713bba", "score": 21.240149445122583}
{"docno": "S4602aa65-A15865fec", "score": 21.21025274765269}
{"docno": "S4487af89-A1b8cf543", "score": 21.171774786847223}
{"docno": "Sfe13b6d0-A8842665a", "score": 21.159379838499614}
{"docno": "S85c302ef-A2e30aac8", "score": 21.156211025544817}
{"docno": "S668509e3-A15cbc4c2", "score": 21.08787426538685}
{"docno": "S6088197d-A4dc71b7e", "score": 20.91754990813439}
{"docno": "S668509e3-A2a9c7ad6", "score": 20.91448143505552}
{"docno": "S72c3a1c0-Af722fc06", "score": 20.886452737669874}
{"docno": "Scd3eee75-Ab7f76c30", "score": 20.815943870640456}
{"docno": "S147e01be-A756db10b", "score": 20.68487365595138}
{"docno": "S25dc8ac6-A9e2c9183", "score": 20.675513462079266}
{"docno": "S2a7a3797-A47c47481", "score": 20.63340713682687}
{"docno": "S89c45bda-A4fb96d3a", "score": 20.63340713682687}
{"docno": "Scf4017a5-A8a528103", "score": 20.47062566987932}
{"docno": "Sc44ef8ac-Aea63e958", "score": 20.447468769161958}
{"type": "toggleArgument", "timestamp": "2025-06-26T11:10:00.439Z", "sessionID": "7db4cdb9-ab74-485b-a918-f6d8467c779b", "rank": "1", "doc": "S16e6c023-A57a28294", "action": "expand", "doclen": 2267, "score": 22.24331253579569}
{"type": "toggleArgument", "timestamp": "2025-06-26T11:10:03.095Z", "sessionID": "7db4cdb9-ab74-485b-a918-f6d8467c779b", "rank": "2", "doc": "S25dc8ac6-Addb6c318", "action": "expand", "doclen": 1444, "score": 40.00824298551787}
{"type": "StanceClicked", "timestamp": "2025-06-26T11:10:28.487Z", "sessionID": "7db4cdb9-ab74-485b-a918-f6d8467c779b", "rank": "2", "stance": "pro", "action": "chooseStance", "doc": "S25dc8ac6-Addb6c318", "doclen": 1444, "score": 40.00824298551787}
{"type": "toggleArgument", "timestamp": "2025-06-26T11:10:34.143Z", "sessionID": "7db4cdb9-ab74-485b-a918-f6d8467c779b", "rank": "4", "doc": "S67a1de10-Af23e7060", "action": "expand", "doclen": 1569, "score": 24.613746917009657}
{"type": "toggleArgument", "timestamp": "2025-06-26T11:10:43.167Z", "sessionID": "7db4cdb9-ab74-485b-a918-f6d8467c779b", "rank": "5", "doc": "S49cd40b7-A4ea9e37a", "action": "expand", "doclen": 712, "score": 25.707580317544544}
{"type": "toggleArgument", "timestamp": "2025-06-26T11:10:48.583Z", "sessionID": "7db4cdb9-ab74-485b-a918-f6d8467c779b", "rank": "6", "doc": "S84493d27-Afdcbfe1a", "action": "expand", "doclen": 1785, "score": 24.592154491095048}
{"type": "toggleArgument", "timestamp": "2025-06-26T11:11:12.239Z", "sessionID": "7db4cdb9-ab74-485b-a918-f6d8467c779b", "rank": "10", "doc": "S41c20845-A1d3bb223", "action": "expand", "doclen": 210, "score": 24.753235580214174}
{"type": "pageNavigationClicked", "timestamp": "2025-06-26T11:11:15.183Z", "sessionID": "7db4cdb9-ab74-485b-a918-f6d8467c779b", "clicked": "2", "fromPage": 1, "toPage": 2}
{"type": "queryBoxFocused", "timestamp": "2025-06-26T11:11:19.280Z", "sessionID": "7db4cdb9-ab74-485b-a918-f6d8467c779b"}
{"type": "toggleArgument", "timestamp": "2025-06-26T11:11:25.607Z", "sessionID": "7db4cdb9-ab74-485b-a918-f6d8467c779b", "rank": "11", "doc": "S8ec492b3-A6b80f4fb", "action": "expand", "doclen": 1227, "score": 24.14684992204569}
{"type": "StanceClicked", "timestamp": "2025-06-26T11:11:32.368Z", "sessionID": "7db4cdb9-ab74-485b-a918-f6d8467c779b", "rank": "11", "stance": "con", "action": "chooseStance", "doc": "S8ec492b3-A6b80f4fb", "doclen": 1227, "score": 24.14684992204569}
{"type": "toggleArgument", "timestamp": "2025-06-26T11:11:37.431Z", "sessionID": "7db4cdb9-ab74-485b-a918-f6d8467c779b", "rank": "13", "doc": "S3fcde3d5-A6c9b2e5", "action": "expand", "doclen": 205, "score": 34.03960192087143}
{"type": "toggleArgument", "timestamp": "2025-06-26T11:11:43.439Z", "sessionID": "7db4cdb9-ab74-485b-a918-f6d8467c779b", "rank": "14", "doc": "Sd80382e8-A9ca14470", "action": "expand", "doclen": 144, "score": 19.290557037706115}
{"type": "StanceClicked", "timestamp": "2025-06-26T11:11:45.728Z", "sessionID": "7db4cdb9-ab74-485b-a918-f6d8467c779b", "rank": "14", "stance": "pro", "action": "chooseStance", "doc": "Sd80382e8-A9ca14470", "doclen": 144, "score": 19.290557037706115}
{"type": "StanceClicked", "timestamp": "2025-06-26T11:11:47.024Z", "sessionID": "7db4cdb9-ab74-485b-a918-f6d8467c779b", "rank": "14", "stance": "pro", "action": "removeStance", "doc": "Sd80382e8-A9ca14470", "doclen": 144, "score": 19.290557037706115}
{"type": "toggleArgument", "timestamp": "2025-06-26T11:12:00.287Z", "sessionID": "7db4cdb9-ab74-485b-a918-f6d8467c779b", "rank": "19", "doc": "S16e6c023-Ab3bfbbb", "action": "expand", "doclen": 700, "score": 19.931538667086006}
{"type": "pageNavigationClicked", "timestamp": "2025-06-26T11:12:03.128Z", "sessionID": "7db4cdb9-ab74-485b-a918-f6d8467c779b", "clicked": "3", "fromPage": 2, "toPage": 3}
{"type": "toggleArgument", "timestamp": "2025-06-26T11:12:05.304Z", "sessionID": "7db4cdb9-ab74-485b-a918-f6d8467c779b", "rank": "21", "doc": "S5d2af7d4-A75985165", "action": "expand", "doclen": 714, "score": 23.322060621751888}
{"type": "StanceClicked", "timestamp": "2025-06-26T11:12:12.896Z", "sessionID": "7db4cdb9-ab74-485b-a918-f6d8467c779b", "rank": "21", "stance": "con", "action": "chooseStance", "doc": "S5d2af7d4-A75985165", "doclen": 714, "score": 23.322060621751888}
{"type": "queryBoxFocused", "timestamp": "2025-06-26T11:12:17.146Z", "sessionID": "7db4cdb9-ab74-485b-a918-f6d8467c779b"}
{"type": "querySubmitted", "timestamp": "2025-06-26T11:12:31.409Z", "sessionID": "7db4cdb9-ab74-485b-a918-f6d8467c779b", "query": "reasons why euthanasia should be illegal"}
{"docno": "Se21a50a3-A44388d6d", "score": 24.51458886162152}
{"docno": "Scc77eee8-Ad6af2fb2", "score": 23.90442833193533}
{"docno": "Se21a5046-A307c4d0a", "score": 23.380405535446346}
{"docno": "S9386e748-Ac5c5dcd4", "score": 23.011579345648165}
{"docno": "S9386f9b0-Afd072d41", "score": 22.71874860328716}
{"docno": "S89c45bda-A8f1ac835", "score": 21.641045343812365}
{"docno": "S64b2721c-Afab20849", "score": 21.40631889203013}
{"docno": "S41ed75c9-Ac43d6085", "score": 21.283361371287214}
{"docno": "S2d207525-Af913bf38", "score": 21.183438192926587}
{"docno": "Sc7d0081e-Afb62e9ca", "score": 21.090424083999}
{"docno": "Scc77eee8-A3ad86249", "score": 20.961661199153212}
{"docno": "S32c18ac6-A8f1b3bdc", "score": 20.894129195300803}
{"docno": "Scf4017a5-A8a528103", "score": 20.684278522443904}
{"docno": "S64b2721c-A93b21d9", "score": 20.45831899644403}
{"docno": "S6626ac2e-A896f79e", "score": 20.15132118924584}
{"docno": "Sb0c6e7eb-A82e8e68a", "score": 20.104483282612076}
{"docno": "Se21a5065-A5bf7f74a", "score": 19.936180132251177}
{"docno": "S6626ac2e-Ac172cfb6", "score": 19.893719734589386}
{"docno": "S32c18ac6-A396e8eb9", "score": 19.76559573705553}
{"docno": "S9386dfc6-A1cfe8890", "score": 19.70042817112583}
{"docno": "S7d51d9aa-A56289ec4", "score": 19.504164228134723}
{"docno": "S6626ac2e-A53f3eb8f", "score": 19.45332222842245}
{"docno": "S9386dc24-A170bb2ca", "score": 19.45146110924204}
{"docno": "S2a7a3832-A59095d28", "score": 19.28964760603766}
{"docno": "Sb280a10e-A9297a1dd", "score": 19.21224502673754}
{"docno": "S9386ea8d-A2fc24bf4", "score": 18.93925603980695}
{"docno": "S32c18ac6-A63f880f1", "score": 18.594781897472302}
{"docno": "S9386ee10-A3a6999a1", "score": 18.494806861251586}
{"docno": "S9386ea8d-A885d3c0b", "score": 18.47471841374059}
{"docno": "S2a7a37f4-Ab5a82e2f", "score": 18.30204812616614}
{"docno": "Sa22c2233-A813f4634", "score": 18.215392138480137}
{"docno": "S9386eacb-Ab466580e", "score": 18.20448910335068}
{"docno": "S89c45bda-Aab829ef7", "score": 18.197680284025846}
{"docno": "S9386f24d-A7956dc81", "score": 18.09959487574658}
{"docno": "S782073eb-A377c548a", "score": 18.061865359920976}
{"docno": "S9386f5ef-A142b6bd6", "score": 17.975633212332387}
{"docno": "Se21a50a3-Adb2fc3c1", "score": 17.96146808264184}
{"docno": "S9386ee6d-A1a19e999", "score": 17.929229509349575}
{"docno": "S9386f64c-A5dd997e3", "score": 17.922356014450354}
{"docno": "Sb0c6e7eb-Aded11a42", "score": 17.882532011720095}
{"docno": "S9386df88-A11e13dbb", "score": 17.86020235945341}
{"docno": "S9386f9b0-A68655f6b", "score": 17.79881035203678}
{"docno": "S9386f9b0-A2e8f7e96", "score": 17.60099635775231}
{"docno": "Sba1566fe-A58a762bf", "score": 17.569301877132794}
{"docno": "Sd530618e-Ad920d69c", "score": 17.502341728008336}
{"docno": "S9386e2cd-A127659cb", "score": 17.39912686934685}
{"docno": "Sdf37aacb-Ade8cc517", "score": 17.339131907079402}
{"docno": "S89c45bda-A240cc084", "score": 17.30162727402885}
{"docno": "S89c45bda-A43cb80f8", "score": 17.23817204182762}
{"docno": "S7d51d9aa-A5169acc8", "score": 17.152100004603888}
{"docno": "S4eb026c3-Aca134b1f", "score": 17.123930406388833}
{"docno": "S782073eb-A65a21666", "score": 17.047766363114164}
{"docno": "S6626ac2e-Ad4283145", "score": 17.029447977067758}
{"docno": "S9386eacb-A3be0422c", "score": 17.028703410341567}
{"docno": "Sfad05e94-Ab85fb66c", "score": 16.966350162343996}
{"docno": "S9386db89-A1a15cfa1", "score": 16.909116133101623}
{"docno": "S88e35182-A5c5bec11", "score": 16.904557558227577}
{"docno": "S9386df4a-A175752bc", "score": 16.904557558227577}
{"docno": "S1e884b3e-A765e7c6b", "score": 16.81536377855976}
{"docno": "S9fa39f2d-A7a2dc8dd", "score": 16.778826704028923}
{"docno": "S294713ae-Aa42985ad", "score": 16.747862503273254}
{"docno": "Se87e5b48-A18cdbe59", "score": 16.62915419247203}
{"docno": "Sb280a10e-A18922342", "score": 16.596105027049212}
{"docno": "S265c5f76-A8d4ca25b", "score": 16.584166447155}
{"docno": "Sf1f121d0-A66126126", "score": 16.50487383947351}
{"docno": "S88e3523c-A61498661", "score": 16.4674249393555}
{"docno": "S9386ee4e-A82f209a9", "score": 16.43510020457578}
{"docno": "Scd512cc6-Aa19e1e05", "score": 16.393274438667614}
{"docno": "S92fc7810-A35016001", "score": 16.370333236536784}
{"docno": "Sddc4d7ee-Adcf30952", "score": 16.35551991590292}
{"docno": "S64e91157-Acb6378f9", "score": 16.354523639953534}
{"docno": "Sb0c6e7eb-A1e8fed10", "score": 16.350111234038682}
{"docno": "Sc13c0a01-Aaf4eaa35", "score": 16.329321633330895}
{"docno": "Sfb69d67d-A8046c35", "score": 16.23458423534693}
{"docno": "S9386f64c-A680a5b72", "score": 16.171743957214673}
{"docno": "S9386f24d-Aca2efd07", "score": 16.167177393553548}
{"docno": "S390f1979-A60b3cceb", "score": 16.155268302780215}
{"docno": "S614010cf-A2139d3e1", "score": 16.104108333947245}
{"docno": "Se21a5046-Ace81c754", "score": 16.057372527285878}
{"docno": "S89c45bda-Aaf9cc706", "score": 16.040767871599044}
{"docno": "S9386ee10-A406c7ae7", "score": 16.033147882108118}
{"docno": "S9386e70a-Aa2c926e8", "score": 16.019752651986447}
{"docno": "Sc13c0a01-A904fea5f", "score": 15.983358381718146}
{"docno": "Sf1f121d0-A399291c2", "score": 15.911931477937767}
{"docno": "S9386dfc6-A4070c2bd", "score": 15.90755434503387}
{"docno": "Sdcca0397-A4956d566", "score": 15.835971389302408}
{"docno": "Sd11cf82c-A88418422", "score": 15.785714960358423}
{"docno": "S9386dfc6-A7ad94219", "score": 15.77619315133082}
{"docno": "S782073eb-Ab0a93fca", "score": 15.75148042283139}
{"docno": "S89c45bda-A86c8c419", "score": 15.706413023967626}
{"docno": "Se5fc1c47-A2709424f", "score": 15.693872752975787}
{"docno": "S2a7a3797-Acacdbe68", "score": 15.679468987790962}
{"docno": "S9386dc62-A969fbcbd", "score": 15.667108171178173}
{"docno": "S1c010e1b-Abde7a524", "score": 15.627250808797566}
{"docno": "S89c45bda-Ae3092718", "score": 15.588326761734244}
{"docno": "Se5fc1c47-Aff088c8c", "score": 15.559130387996442}
{"docno": "S48579dc-A15b317aa", "score": 15.556728146199703}
{"docno": "S1ea48ec6-Ad761631a", "score": 15.507520323071983}
{"docno": "Se5fc1c66-A7a8669ae", "score": 15.495516437269345}
{"docno": "S85c302ef-A2e30aac8", "score": 15.48594985702027}
{"type": "toggleArgument", "timestamp": "2025-06-26T11:12:38.767Z", "sessionID": "7db4cdb9-ab74-485b-a918-f6d8467c779b", "rank": "1", "doc": "Se21a50a3-A44388d6d", "action": "expand", "doclen": 1021, "score": 15.373682231311609}
{"type": "StanceClicked", "timestamp": "2025-06-26T11:12:48.152Z", "sessionID": "7db4cdb9-ab74-485b-a918-f6d8467c779b", "rank": "1", "stance": "pro", "action": "chooseStance", "doc": "Se21a50a3-A44388d6d", "doclen": 1021, "score": 15.373682231311609}
{"type": "toggleArgument", "timestamp": "2025-06-26T11:12:54.895Z", "sessionID": "7db4cdb9-ab74-485b-a918-f6d8467c779b", "rank": "2", "doc": "Scc77eee8-Ad6af2fb2", "action": "expand", "doclen": 2916, "score": 15.439440117804688}
{"type": "StanceClicked", "timestamp": "2025-06-26T11:13:05.656Z", "sessionID": "7db4cdb9-ab74-485b-a918-f6d8467c779b", "rank": "2", "stance": "pro", "action": "chooseStance", "doc": "Scc77eee8-Ad6af2fb2", "doclen": 2916, "score": 15.439440117804688}
{"type": "toggleArgument", "timestamp": "2025-06-26T11:13:16.047Z", "sessionID": "7db4cdb9-ab74-485b-a918-f6d8467c779b", "rank": "3", "doc": "Se21a5046-A307c4d0a", "action": "expand", "doclen": 213, "score": 18.6881062230364}
{"type": "toggleArgument", "timestamp": "2025-06-26T11:13:40.104Z", "sessionID": "7db4cdb9-ab74-485b-a918-f6d8467c779b", "rank": "5", "doc": "S9386f9b0-Afd072d41", "action": "expand", "doclen": 236, "score": 15.486125185024234}
{"type": "toggleArgument", "timestamp": "2025-06-26T11:13:50.112Z", "sessionID": "7db4cdb9-ab74-485b-a918-f6d8467c779b", "rank": "10", "doc": "Sc7d0081e-Afb62e9ca", "action": "expand", "doclen": 1044, "score": 26.568078154838588}
{"type": "queryBoxFocused", "timestamp": "2025-06-26T11:14:05.994Z", "sessionID": "7db4cdb9-ab74-485b-a918-f6d8467c779b"}
{"type": "querySubmitted", "timestamp": "2025-06-26T11:14:22.801Z", "sessionID": "7db4cdb9-ab74-485b-a918-f6d8467c779b", "query": "pros of euthanasia"}
{"docno": "S638e3853-A1d5f78e", "score": 18.70387193359252}
{"docno": "S1e884b3e-A8bbf56f2", "score": 18.371430778223512}
{"docno": "S9386eee9-A52a2408b", "score": 17.202294356992105}
{"docno": "S9386f5ef-A142b6bd6", "score": 16.439114959053967}
{"docno": "Sfb69d67d-A8046c35", "score": 16.23458423534693}
{"docno": "S89c45bda-Aaf9cc706", "score": 16.040767871599044}
{"docno": "S9386dc62-A969fbcbd", "score": 15.667108171178173}
{"docno": "S782073eb-A65a21666", "score": 15.635427723309805}
{"docno": "S9386f24d-A7956dc81", "score": 15.6231976967179}
{"docno": "Se21a50a3-Adb2fc3c1", "score": 15.591397901502829}
{"docno": "S89c45bda-Ae3092718", "score": 15.588326761734244}
{"docno": "S9386ee10-A3a6999a1", "score": 15.528794493922394}
{"docno": "S9386f9b0-Afd072d41", "score": 15.486125185024234}
{"docno": "S85c302ef-A2e30aac8", "score": 15.48594985702027}
{"docno": "S89c45bda-A518cb170", "score": 15.467780098604399}
{"docno": "S9386ee6d-A1a19e999", "score": 15.459931217174775}
{"docno": "Scc77eee8-Ad6af2fb2", "score": 15.439440117804688}
{"docno": "Sd2cf3d6f-Ab3b4d965", "score": 15.437934184414981}
{"docno": "Sc5ef2ca1-A113dff96", "score": 15.423775796305561}
{"docno": "Scf4017a5-A4f3e858a", "score": 15.423775796305561}
{"docno": "S89c45bda-Af9606ef1", "score": 15.398990323052894}
{"docno": "S9386ea4f-A1d715d2e", "score": 15.395154132001846}
{"docno": "Scf4017a5-A8a528103", "score": 15.388845109203164}
{"docno": "S89c45bda-Ad6e9de37", "score": 15.385255005454805}
{"docno": "Se21a50a3-A44388d6d", "score": 15.373682231311609}
{"docno": "S9386df88-Aadbacba3", "score": 15.344510992980105}
{"docno": "Sba1566fe-A58a762bf", "score": 15.344510992980105}
{"docno": "S89c45bda-A8f1ac835", "score": 15.324062562043173}
{"docno": "S89c45bda-A78784322", "score": 15.312830527849576}
{"docno": "Scf4022e8-A86e23300", "score": 15.267214923532867}
{"docno": "S2a7a3832-A59095d28", "score": 15.239519404833679}
{"docno": "S2c491c0b-A9f90bf86", "score": 15.236389745303914}
{"docno": "Sd9807bbe-A440c8b1e", "score": 15.189738165614482}
{"docno": "Scf4017a5-A9d712ffb", "score": 15.17811987413139}
{"docno": "S41ed75c9-Ac43d6085", "score": 15.154356116821361}
{"docno": "Sb0c6e7eb-Aded11a42", "score": 15.14059007008355}
{"docno": "Sb0c6e7eb-A82e8e68a", "score": 15.116828088972966}
{"docno": "Sfb69d67d-Ac24b4916", "score": 15.112915791586977}
{"docno": "S89c45bda-Aa49038bd", "score": 15.090377670953167}
{"docno": "S9386ee4e-A5d4ed025", "score": 15.069182843613582}
{"docno": "S9386eb66-Af048ec2c", "score": 15.064019653613062}
{"docno": "S64b2721c-A83ce0e36", "score": 15.05374499500965}
{"docno": "S782073eb-A6866fff6", "score": 14.998078672552229}
{"docno": "S9386f5ef-A706b1cb0", "score": 14.996399653876942}
{"docno": "S9386f5b1-A6a15c82d", "score": 14.950149480722251}
{"docno": "S1e884b3e-A5950e2a1", "score": 14.949396380197278}
{"docno": "S89c45bda-Af1c149cb", "score": 14.947137533794825}
{"docno": "S9386eb09-Adba585b4", "score": 14.93948955442124}
{"docno": "S2d207525-Af913bf38", "score": 14.903360389056068}
{"docno": "S89c45bda-Aab829ef7", "score": 14.899993207407388}
{"docno": "S6626ac2e-Ad4283145", "score": 14.875742986239567}
{"docno": "Sb0114b5-A1159bb1c", "score": 14.856268261572264}
{"docno": "S4d198342-Abae37d7e", "score": 14.855375863996969}
{"docno": "Sb0c6e7eb-A2aa6c69c", "score": 14.853145339033912}
{"docno": "Sd9f50d86-A18ffd494", "score": 14.850915483794022}
{"docno": "S9386dc62-A33e8c532", "score": 14.850915483794022}
{"docno": "S2d902d00-A4282e952", "score": 14.83205523195013}
{"docno": "S46de25-A8d272c46", "score": 14.806591141110266}
{"docno": "Sd11cf82c-Ad4acb267", "score": 14.77264524300797}
{"docno": "S6626ac2e-Ac172cfb6", "score": 14.77132171270631}
{"docno": "S64b2721c-A93b21d9", "score": 14.749906743158078}
{"docno": "S9386f64c-A5dd997e3", "score": 14.714352780008573}
{"docno": "S89c45bda-A6229259f", "score": 14.712164399962587}
{"docno": "S89c45bda-Ac73b3246", "score": 14.712164399962587}
{"docno": "S89c45bda-A62794cc5", "score": 14.668663213737267}
{"docno": "S89c45bda-Ac0f8337e", "score": 14.668663213737267}
{"docno": "S5a6ff38d-A2912aa87", "score": 14.656391103407866}
{"docno": "S9386f24d-Aca2efd07", "score": 14.655276475162049}
{"docno": "S9386e349-Aaa3e331a", "score": 14.643756593691132}
{"docno": "S2a7a37b6-Ab9310030", "score": 14.623256510674219}
{"docno": "S9386e2cd-A4d8ad4b1", "score": 14.578130052124717}
{"docno": "S89c45bda-Ae88ad17b", "score": 14.575982000788356}
{"docno": "S2056de8f-Adfc6f3d0", "score": 14.55781317369053}
{"docno": "Sdcca0397-A4956d566", "score": 14.54000853468613}
{"docno": "S5a468c00-Af56789db", "score": 14.533281251619117}
{"docno": "S9386f26c-Ae97bff70", "score": 14.508831869797104}
{"docno": "S9386e349-A870f7c10", "score": 14.508831869797104}
{"docno": "S6626ac2e-A538c1199", "score": 14.503844884102469}
{"docno": "S64b2721c-Afab20849", "score": 14.503844884102469}
{"docno": "Se21a5046-Ace81c754", "score": 14.500575595180093}
{"docno": "S638e3853-A6c171bff", "score": 14.472648252585977}
{"docno": "Sdae1f9c4-A9e1244d2", "score": 14.465776587534588}
{"docno": "S4d198342-A52dd7ae5", "score": 14.446093942288051}
{"docno": "S4d198342-A38ca16c4", "score": 14.4454610816121}
{"docno": "S9386e349-Ad5ce6a13", "score": 14.442297609789135}
{"docno": "S94c429fc-Ad416f8c5", "score": 14.412407802742223}
{"docno": "Sb0c6e7eb-A1e8fed10", "score": 14.409047365790485}
{"docno": "S9386dc62-A8d6947d3", "score": 14.400375406730989}
{"docno": "S9386eb47-A81813750", "score": 14.376370786701154}
{"docno": "S9386ee10-Ac6aeb092", "score": 14.376370786701154}
{"docno": "S9386e2cd-A127659cb", "score": 14.356612001098956}
{"docno": "S782073eb-Ab0a93fca", "score": 14.351711526351803}
{"docno": "S2d207525-A20c73f62", "score": 14.342091543160645}
{"docno": "S4eb026c3-Aca134b1f", "score": 14.327968710742132}
{"docno": "S782073eb-A2bd086c4", "score": 14.316126737861143}
{"docno": "Sdf37aacb-Ade8cc517", "score": 14.31518505463841}
{"docno": "S66a791f0-A251d3588", "score": 14.314149346168715}
{"docno": "S72c3a1c0-A27a5ff76", "score": 14.311043119770783}
{"docno": "Sc3062aa1-A702d5c47", "score": 14.311043119770783}
{"docno": "S88e3523c-A4194227", "score": 14.290030576468322}
{"type": "toggleArgument", "timestamp": "2025-06-26T11:14:26.511Z", "sessionID": "7db4cdb9-ab74-485b-a918-f6d8467c779b", "rank": "1", "doc": "S638e3853-A1d5f78e", "action": "expand", "doclen": 1659, "score": 18.70387193359252}
{"type": "toggleArgument", "timestamp": "2025-06-26T11:14:44.832Z", "sessionID": "7db4cdb9-ab74-485b-a918-f6d8467c779b", "rank": "2", "doc": "S1e884b3e-A8bbf56f2", "action": "expand", "doclen": 1975, "score": 19.630389925944787}
{"type": "toggleArgument", "timestamp": "2025-06-26T11:14:53.000Z", "sessionID": "7db4cdb9-ab74-485b-a918-f6d8467c779b", "rank": "3", "doc": "S9386eee9-A52a2408b", "action": "expand", "doclen": 2152, "score": 14.791172911780329}
{"type": "toggleArgument", "timestamp": "2025-06-26T11:14:57.312Z", "sessionID": "7db4cdb9-ab74-485b-a918-f6d8467c779b", "rank": "4", "doc": "S9386f5ef-A142b6bd6", "action": "expand", "doclen": 2135, "score": 16.439114959053967}
{"type": "StanceClicked", "timestamp": "2025-06-26T11:15:05.912Z", "sessionID": "7db4cdb9-ab74-485b-a918-f6d8467c779b", "rank": "4", "stance": "con", "action": "chooseStance", "doc": "S9386f5ef-A142b6bd6", "doclen": 2135, "score": 16.439114959053967}
{"type": "toggleArgument", "timestamp": "2025-06-26T11:15:21.360Z", "sessionID": "7db4cdb9-ab74-485b-a918-f6d8467c779b", "rank": "6", "doc": "S89c45bda-Aaf9cc706", "action": "expand", "doclen": 540, "score": 16.040767871599044}
{"type": "toggleArgument", "timestamp": "2025-06-26T11:15:28.864Z", "sessionID": "7db4cdb9-ab74-485b-a918-f6d8467c779b", "rank": "10", "doc": "Se21a50a3-Adb2fc3c1", "action": "expand", "doclen": 972, "score": 15.591397901502829}
{"type": "StanceClicked", "timestamp": "2025-06-26T11:15:36.704Z", "sessionID": "7db4cdb9-ab74-485b-a918-f6d8467c779b", "rank": "10", "stance": "pro", "action": "chooseStance", "doc": "Se21a50a3-Adb2fc3c1", "doclen": 972, "score": 15.591397901502829}
{"type": "pageNavigationClicked", "timestamp": "2025-06-26T11:15:37.520Z", "sessionID": "7db4cdb9-ab74-485b-a918-f6d8467c779b", "clicked": "2", "fromPage": 1, "toPage": 2}
{"type": "toggleArgument", "timestamp": "2025-06-26T11:15:42.824Z", "sessionID": "7db4cdb9-ab74-485b-a918-f6d8467c779b", "rank": "11", "doc": "S89c45bda-Ae3092718", "action": "expand", "doclen": 142, "score": 15.588326761734244}
{"type": "toggleArgument", "timestamp": "2025-06-26T11:15:44.344Z", "sessionID": "7db4cdb9-ab74-485b-a918-f6d8467c779b", "rank": "11", "doc": "S89c45bda-Ae3092718", "action": "reduce", "doclen": 142, "score": 15.588326761734244}
{"type": "toggleArgument", "timestamp": "2025-06-26T11:15:50.616Z", "sessionID": "7db4cdb9-ab74-485b-a918-f6d8467c779b", "rank": "12", "doc": "S9386ee10-A3a6999a1", "action": "expand", "doclen": 524, "score": 15.528794493922394}
{"type": "toggleArgument", "timestamp": "2025-06-26T11:16:05.384Z", "sessionID": "7db4cdb9-ab74-485b-a918-f6d8467c779b", "rank": "13", "doc": "S9386f9b0-Afd072d41", "action": "expand", "doclen": 236, "score": 15.486125185024234}
{"type": "toggleArgument", "timestamp": "2025-06-26T11:16:16.329Z", "sessionID": "7db4cdb9-ab74-485b-a918-f6d8467c779b", "rank": "14", "doc": "S85c302ef-A2e30aac8", "action": "expand", "doclen": 2017, "score": 15.48594985702027}
{"type": "toggleArgument", "timestamp": "2025-06-26T11:16:24.777Z", "sessionID": "7db4cdb9-ab74-485b-a918-f6d8467c779b", "rank": "15", "doc": "S89c45bda-A518cb170", "action": "expand", "doclen": 528, "score": 15.467780098604399}
{"type": "toggleArgument", "timestamp": "2025-06-26T11:16:40.937Z", "sessionID": "7db4cdb9-ab74-485b-a918-f6d8467c779b", "rank": "19", "doc": "Sc5ef2ca1-A113dff96", "action": "expand", "doclen": 1418, "score": 15.423775796305561}
{"type": "pageNavigationClicked", "timestamp": "2025-06-26T11:16:54.641Z", "sessionID": "7db4cdb9-ab74-485b-a918-f6d8467c779b", "clicked": "3", "fromPage": 2, "toPage": 3}
{"type": "toggleArgument", "timestamp": "2025-06-26T11:17:09.818Z", "sessionID": "7db4cdb9-ab74-485b-a918-f6d8467c779b", "rank": "28", "doc": "S89c45bda-A8f1ac835", "action": "expand", "doclen": 473, "score": 15.324062562043173}
{"type": "toggleArgument", "timestamp": "2025-06-26T11:17:47.587Z", "sessionID": "7db4cdb9-ab74-485b-a918-f6d8467c779b", "rank": "29", "doc": "S89c45bda-A78784322", "action": "expand", "doclen": 892, "score": 15.312830527849576}
{"type": "StanceClicked", "timestamp": "2025-06-26T11:17:55.548Z", "sessionID": "7db4cdb9-ab74-485b-a918-f6d8467c779b", "rank": "29", "stance": "pro", "action": "chooseStance", "doc": "S89c45bda-A78784322", "doclen": 892, "score": 15.312830527849576}
{"type": "ClickedEndTask", "timestamp": "2025-06-26T11:18:01.196Z", "sessionID": "7db4cdb9-ab74-485b-a918-f6d8467c779b"}
{"type": "TaskEndConfirmed", "timestamp": "2025-06-26T11:18:03.491Z", "sessionID": "7db4cdb9-ab74-485b-a918-f6d8467c779b"}
{"type": "TaskEnded", "timestamp": "2025-06-26T11:18:16.006Z", "sessionID": "7db4cdb9-ab74-485b-a918-f6d8467c779b", "reason": "no time left", "translated_reason": "No Time Left"}
