{"type": "TaskStarted", "timestamp": "2025-06-26T10:19:32.897Z", "sessionID": "a63fe7c7-0211-46dd-a553-490f89181a1c", "task": "2", "uid": "Participant34", "topic": "Do standardized tests improve education?"}
{"type": "queryBoxFocused", "timestamp": "2025-06-26T10:19:42.973Z", "sessionID": "a63fe7c7-0211-46dd-a553-490f89181a1c"}
{"type": "queryBoxFocused", "timestamp": "2025-06-26T10:19:55.411Z", "sessionID": "a63fe7c7-0211-46dd-a553-490f89181a1c"}
{"type": "querySubmitted", "timestamp": "2025-06-26T10:19:57.410Z", "sessionID": "a63fe7c7-0211-46dd-a553-490f89181a1c", "query": "Do standardized tests improve education?"}
{"docno": "Sb760073d-Ad6589f49", "score": 32.01717755737184}
{"docno": "S440fb971-A2ff21247", "score": 31.45314817675422}
{"docno": "Seb991d36-A8a5e7e35", "score": 31.3726741510671}
{"docno": "S9bab90c3-A3e9c68e", "score": 31.15958008931122}
{"docno": "S440fb971-A38a840c6", "score": 30.639517866233305}
{"docno": "S952e7fd8-Aa719ac9c", "score": 29.988754358857147}
{"docno": "Sb760077b-Abbd52d8e", "score": 29.866926951091585}
{"docno": "S1eba8643-Afabec903", "score": 29.795494070353698}
{"docno": "S7182eb4d-Ad6382690", "score": 29.264470380733048}
{"docno": "S952e7fd8-Aa7507fd5", "score": 29.15670629168389}
{"docno": "Seb991d36-A3c225544", "score": 28.270975502036883}
{"docno": "S440fb971-A3ce5e9d7", "score": 28.207488668160327}
{"docno": "Sa64c3b09-A99c1ddaf", "score": 28.178737572493233}
{"docno": "Seb991d36-A995db491", "score": 27.96191111152435}
{"docno": "Seb991d36-Abd4f1347", "score": 27.88414708238957}
{"docno": "S2e0cb8e2-Abed6c9e1", "score": 27.679808076776553}
{"docno": "Sb760075c-A5bb776ef", "score": 26.243068025476465}
{"docno": "S8703c5ca-Aeb117cc", "score": 26.19233614538619}
{"docno": "S288c2167-A44d4cc5b", "score": 25.410188644253928}
{"docno": "S7e01e803-Aa56f2990", "score": 25.395043317199487}
{"docno": "Se100392e-Aab2b52d0", "score": 24.80185915684717}
{"docno": "Sb075d8db-Aff8daee8", "score": 24.77166366711194}
{"docno": "S4c11bb9f-Abfd4fc1a", "score": 24.607878768852352}
{"docno": "S356ffa3b-A36c88ded", "score": 24.556019028206144}
{"docno": "S40f19507-A94423ac1", "score": 24.45131598277947}
{"docno": "S321cce17-Ad4eb5238", "score": 24.436558559809974}
{"docno": "Sab3b5048-A7abdec2b", "score": 24.409083527922828}
{"docno": "Seb991d36-Ae1fde89c", "score": 24.312922056116314}
{"docno": "Se4d12b1a-Ad4b0ca1f", "score": 24.3119410446491}
{"docno": "Sb760073d-A1ea65fbd", "score": 24.3107169787478}
{"docno": "S952e7fd8-A40246316", "score": 24.271481801946653}
{"docno": "S91988e1b-A196cf4ab", "score": 24.16578616347938}
{"docno": "Sf4c47f89-Af4f7d4b3", "score": 24.155870133387232}
{"docno": "S8763b6a7-A20317e76", "score": 24.147921522326428}
{"docno": "Sf4c47f89-A2973ab36", "score": 24.054827271722004}
{"docno": "S770b8b0a-Ab6b177c6", "score": 23.938935779755795}
{"docno": "S440fb971-Af5a00379", "score": 23.818114250860727}
{"docno": "Seb991d36-A9c551936", "score": 23.724506127417868}
{"docno": "S8703c5ca-Ad679a484", "score": 23.63351134944126}
{"docno": "Sb760075c-A9ad4c619", "score": 23.549370246260494}
{"docno": "Sbe50aaf1-A32a60f32", "score": 23.532186482787573}
{"docno": "S69794a99-Aefe0215b", "score": 23.36145500456756}
{"docno": "Sb760077b-Ac9af882f", "score": 23.171396259832086}
{"docno": "S68d82bb6-Ad1058782", "score": 23.130044132866253}
{"docno": "Sab3b5048-A1688f7f9", "score": 23.07902608021634}
{"docno": "Sab3b5048-Ab04b3e50", "score": 23.040216958163036}
{"docno": "S40f19507-Acf1222ac", "score": 22.98619597209263}
{"docno": "Sda86b00e-A953c97", "score": 22.835809815974333}
{"docno": "Sc4ee4551-A1cf7a615", "score": 22.809285934773992}
{"docno": "S3d4ee487-A72cdee52", "score": 22.808445891387922}
{"docno": "S9168d27e-A5a715c08", "score": 22.70284272568167}
{"docno": "S2f7a62f6-A8e02b086", "score": 22.66850088538822}
{"docno": "Sb075d8db-Aac99a65f", "score": 22.666592651700558}
{"docno": "S8be21055-A15f3c978", "score": 22.53399722854599}
{"docno": "S4c11bb9f-A73d55189", "score": 22.5244069876852}
{"docno": "Seb991d36-A6af635bf", "score": 22.323399501236665}
{"docno": "Sb5a3d064-A35746c20", "score": 22.254804732194373}
{"docno": "S41fa4d3e-Ad961e68e", "score": 22.050734626115457}
{"docno": "S40f19507-Ad99fae44", "score": 21.99177762089365}
{"docno": "Seb991d36-Acbad378a", "score": 21.97587681128393}
{"docno": "Sf4164377-Ae1878c43", "score": 21.884120758336124}
{"docno": "S4c11bb9f-Ae5268db5", "score": 21.844829946444385}
{"docno": "S5e2b5c35-A6e64dbf9", "score": 21.640069149501038}
{"docno": "S51229cfa-A690d8fae", "score": 21.574844823596493}
{"docno": "S9d663199-Aad0107a4", "score": 21.573546208913356}
{"docno": "S5633144a-Aea4021c9", "score": 21.427218593524763}
{"docno": "S440fb971-Ac684cad", "score": 21.364751102214417}
{"docno": "S440fb971-Aa0f01162", "score": 21.3437369485334}
{"docno": "S2bc7fd5c-A576ef6e8", "score": 21.340546237317938}
{"docno": "S69c8cd12-A1043e13f", "score": 21.28611941961806}
{"docno": "S97409bf1-A6d2424cc", "score": 21.260154272285572}
{"docno": "S2d7a6fbd-Ae648398f", "score": 21.16829231674732}
{"docno": "S952e7fd8-Aa9358300", "score": 21.08488294454184}
{"docno": "S97409bf1-Adb09fc7f", "score": 21.07093443983611}
{"docno": "Sda13af75-A21ff6213", "score": 21.05143702518546}
{"docno": "S4db6375b-Ac5bf8011", "score": 21.044754821360765}
{"docno": "S894cd8c5-A990a68bc", "score": 21.04305444503998}
{"docno": "S770b8b0a-A7a20e046", "score": 21.019277498865133}
{"docno": "Seb991d36-A84505ad1", "score": 21.00315014408471}
{"docno": "S961ba94a-A87c81fc9", "score": 20.960136639490393}
{"docno": "Sbe19aa3c-Af975ff7a", "score": 20.955313671041974}
{"docno": "S4e44ac5b-A6dc3ebce", "score": 20.95242932621551}
{"docno": "Seb991d36-A364b84ec", "score": 20.94771662589046}
{"docno": "S710ccb9c-A4de815d1", "score": 20.79969118113989}
{"docno": "S13a822a6-Ac680fff8", "score": 20.741493257598492}
{"docno": "S952e7fd8-A60b3d632", "score": 20.70198971025969}
{"docno": "Seb991d36-Aeca828ff", "score": 20.67412582898455}
{"docno": "Sae75cce-Ad67476db", "score": 20.616416295646907}
{"docno": "S770b8b0a-Ac7d0132", "score": 20.533196241938377}
{"docno": "S99eaec17-A9d4b61fa", "score": 20.506582424644872}
{"docno": "Sf0c8d782-A3480a86b", "score": 20.454661163972652}
{"docno": "Sf0c8d763-A3480a86b", "score": 20.454661163972652}
{"docno": "S770b8b0a-A4ee6fc13", "score": 20.425488488438976}
{"docno": "S6d80f423-Ad288ba3d", "score": 20.415264631470627}
{"docno": "S71e51e54-A32fb107d", "score": 20.386126448368003}
{"docno": "S981e702e-A973ff790", "score": 20.266514269425535}
{"docno": "S5b62c166-Af6b913ec", "score": 20.24431539864093}
{"docno": "S50e33842-Aa7feed22", "score": 20.185150929679555}
{"docno": "S1e4f8705-Ac450473d", "score": 20.163507150395926}
{"docno": "S2e4d06a-A62980b3b", "score": 20.130675453134828}
{"type": "toggleArgument", "timestamp": "2025-06-26T10:20:01.626Z", "sessionID": "a63fe7c7-0211-46dd-a553-490f89181a1c", "rank": "1", "doc": "Sb760073d-Ad6589f49", "action": "expand", "doclen": 382, "score": 17.698362631466335}
{"type": "toggleArgument", "timestamp": "2025-06-26T10:20:21.921Z", "sessionID": "a63fe7c7-0211-46dd-a553-490f89181a1c", "rank": "2", "doc": "S440fb971-A2ff21247", "action": "expand", "doclen": 1318, "score": 17.723063475691234}
{"type": "toggleArgument", "timestamp": "2025-06-26T10:20:37.580Z", "sessionID": "a63fe7c7-0211-46dd-a553-490f89181a1c", "rank": "3", "doc": "Seb991d36-A8a5e7e35", "action": "expand", "doclen": 638, "score": 17.324506300241065}
{"type": "toggleArgument", "timestamp": "2025-06-26T10:20:41.804Z", "sessionID": "a63fe7c7-0211-46dd-a553-490f89181a1c", "rank": "4", "doc": "S9bab90c3-A3e9c68e", "action": "expand", "doclen": 1198, "score": 18.852902454821752}
{"type": "StanceClicked", "timestamp": "2025-06-26T10:21:09.588Z", "sessionID": "a63fe7c7-0211-46dd-a553-490f89181a1c", "rank": "4", "stance": "con", "action": "chooseStance", "doc": "S9bab90c3-A3e9c68e", "doclen": 1198, "score": 18.852902454821752}
{"type": "toggleArgument", "timestamp": "2025-06-26T10:21:12.227Z", "sessionID": "a63fe7c7-0211-46dd-a553-490f89181a1c", "rank": "5", "doc": "S440fb971-A38a840c6", "action": "expand", "doclen": 645, "score": 17.575629271439794}
{"type": "toggleArgument", "timestamp": "2025-06-26T10:21:24.612Z", "sessionID": "a63fe7c7-0211-46dd-a553-490f89181a1c", "rank": "6", "doc": "S952e7fd8-Aa719ac9c", "action": "expand", "doclen": 1360, "score": 16.59005364911251}
{"type": "StanceClicked", "timestamp": "2025-06-26T10:21:31.654Z", "sessionID": "a63fe7c7-0211-46dd-a553-490f89181a1c", "rank": "6", "stance": "pro", "action": "chooseStance", "doc": "S952e7fd8-Aa719ac9c", "doclen": 1360, "score": 16.59005364911251}
{"type": "toggleArgument", "timestamp": "2025-06-26T10:21:34.734Z", "sessionID": "a63fe7c7-0211-46dd-a553-490f89181a1c", "rank": "7", "doc": "Sb760077b-Abbd52d8e", "action": "expand", "doclen": 1549, "score": 19.568917696256648}
{"type": "StanceClicked", "timestamp": "2025-06-26T10:21:51.382Z", "sessionID": "a63fe7c7-0211-46dd-a553-490f89181a1c", "rank": "7", "stance": "pro", "action": "chooseStance", "doc": "Sb760077b-Abbd52d8e", "doclen": 1549, "score": 19.568917696256648}
{"type": "StanceClicked", "timestamp": "2025-06-26T10:22:10.406Z", "sessionID": "a63fe7c7-0211-46dd-a553-490f89181a1c", "rank": "5", "stance": "con", "action": "chooseStance", "doc": "S440fb971-A38a840c6", "doclen": 645, "score": 17.575629271439794}
{"type": "toggleArgument", "timestamp": "2025-06-26T10:22:42.966Z", "sessionID": "a63fe7c7-0211-46dd-a553-490f89181a1c", "rank": "3", "doc": "Seb991d36-A8a5e7e35", "action": "reduce", "doclen": 638, "score": 17.324506300241065}
{"type": "toggleArgument", "timestamp": "2025-06-26T10:22:44.478Z", "sessionID": "a63fe7c7-0211-46dd-a553-490f89181a1c", "rank": "3", "doc": "Seb991d36-A8a5e7e35", "action": "expand", "doclen": 638, "score": 17.324506300241065}
{"type": "StanceClicked", "timestamp": "2025-06-26T10:22:47.639Z", "sessionID": "a63fe7c7-0211-46dd-a553-490f89181a1c", "rank": "3", "stance": "pro", "action": "chooseStance", "doc": "Seb991d36-A8a5e7e35", "doclen": 638, "score": 17.324506300241065}
{"type": "pageNavigationClicked", "timestamp": "2025-06-26T10:22:55.310Z", "sessionID": "a63fe7c7-0211-46dd-a553-490f89181a1c", "clicked": "2", "fromPage": 1, "toPage": 2}
{"type": "toggleArgument", "timestamp": "2025-06-26T10:23:24.518Z", "sessionID": "a63fe7c7-0211-46dd-a553-490f89181a1c", "rank": "11", "doc": "Seb991d36-A3c225544", "action": "expand", "doclen": 1587, "score": 20.952759406972568}
{"type": "StanceClicked", "timestamp": "2025-06-26T10:23:26.239Z", "sessionID": "a63fe7c7-0211-46dd-a553-490f89181a1c", "rank": "11", "stance": "con", "action": "chooseStance", "doc": "Seb991d36-A3c225544", "doclen": 1587, "score": 20.952759406972568}
{"type": "toggleArgument", "timestamp": "2025-06-26T10:23:43.971Z", "sessionID": "a63fe7c7-0211-46dd-a553-490f89181a1c", "rank": "12", "doc": "S440fb971-A3ce5e9d7", "action": "expand", "doclen": 1793, "score": 18.386819535495295}
{"type": "StanceClicked", "timestamp": "2025-06-26T10:23:50.484Z", "sessionID": "a63fe7c7-0211-46dd-a553-490f89181a1c", "rank": "12", "stance": "pro", "action": "chooseStance", "doc": "S440fb971-A3ce5e9d7", "doclen": 1793, "score": 18.386819535495295}
{"type": "toggleArgument", "timestamp": "2025-06-26T10:24:15.843Z", "sessionID": "a63fe7c7-0211-46dd-a553-490f89181a1c", "rank": "19", "doc": "S288c2167-A44d4cc5b", "action": "expand", "doclen": 1167, "score": 20.611280670858385}
{"type": "StanceClicked", "timestamp": "2025-06-26T10:24:24.700Z", "sessionID": "a63fe7c7-0211-46dd-a553-490f89181a1c", "rank": "19", "stance": "con", "action": "chooseStance", "doc": "S288c2167-A44d4cc5b", "doclen": 1167, "score": 20.611280670858385}
{"type": "pageNavigationClicked", "timestamp": "2025-06-26T10:24:27.763Z", "sessionID": "a63fe7c7-0211-46dd-a553-490f89181a1c", "clicked": "3", "fromPage": 2, "toPage": 3}
{"type": "toggleArgument", "timestamp": "2025-06-26T10:24:31.131Z", "sessionID": "a63fe7c7-0211-46dd-a553-490f89181a1c", "rank": "21", "doc": "Se100392e-Aab2b52d0", "action": "expand", "doclen": 456, "score": 17.469753550912777}
{"type": "toggleArgument", "timestamp": "2025-06-26T10:25:06.137Z", "sessionID": "a63fe7c7-0211-46dd-a553-490f89181a1c", "rank": "28", "doc": "Seb991d36-Ae1fde89c", "action": "expand", "doclen": 1182, "score": 19.684580863321848}
{"type": "StanceClicked", "timestamp": "2025-06-26T10:25:12.833Z", "sessionID": "a63fe7c7-0211-46dd-a553-490f89181a1c", "rank": "28", "stance": "con", "action": "chooseStance", "doc": "Seb991d36-Ae1fde89c", "doclen": 1182, "score": 19.684580863321848}
{"type": "toggleArgument", "timestamp": "2025-06-26T10:25:32.904Z", "sessionID": "a63fe7c7-0211-46dd-a553-490f89181a1c", "rank": "29", "doc": "Se4d12b1a-Ad4b0ca1f", "action": "expand", "doclen": 2333, "score": 17.08474643217158}
{"type": "StanceClicked", "timestamp": "2025-06-26T10:25:48.998Z", "sessionID": "a63fe7c7-0211-46dd-a553-490f89181a1c", "rank": "29", "stance": "con", "action": "chooseStance", "doc": "Se4d12b1a-Ad4b0ca1f", "doclen": 2333, "score": 17.08474643217158}
{"type": "pageNavigationClicked", "timestamp": "2025-06-26T10:25:51.613Z", "sessionID": "a63fe7c7-0211-46dd-a553-490f89181a1c", "clicked": "4", "fromPage": 3, "toPage": 4}
{"type": "toggleArgument", "timestamp": "2025-06-26T10:26:04.157Z", "sessionID": "a63fe7c7-0211-46dd-a553-490f89181a1c", "rank": "33", "doc": "Sf4c47f89-Af4f7d4b3", "action": "expand", "doclen": 549, "score": 16.809314594404043}
{"type": "toggleArgument", "timestamp": "2025-06-26T10:26:08.181Z", "sessionID": "a63fe7c7-0211-46dd-a553-490f89181a1c", "rank": "31", "doc": "S952e7fd8-A40246316", "action": "expand", "doclen": 2431, "score": 20.943763504889645}
{"type": "toggleArgument", "timestamp": "2025-06-26T10:26:24.565Z", "sessionID": "a63fe7c7-0211-46dd-a553-490f89181a1c", "rank": "34", "doc": "S8763b6a7-A20317e76", "action": "expand", "doclen": 1639, "score": 18.09202564238079}
{"type": "toggleArgument", "timestamp": "2025-06-26T10:26:26.869Z", "sessionID": "a63fe7c7-0211-46dd-a553-490f89181a1c", "rank": "35", "doc": "Sf4c47f89-A2973ab36", "action": "expand", "doclen": 562, "score": 16.73900202690509}
{"type": "toggleArgument", "timestamp": "2025-06-26T10:26:34.301Z", "sessionID": "a63fe7c7-0211-46dd-a553-490f89181a1c", "rank": "37", "doc": "S440fb971-Af5a00379", "action": "expand", "doclen": 1660, "score": 21.133171177181858}
{"type": "StanceClicked", "timestamp": "2025-06-26T10:26:53.730Z", "sessionID": "a63fe7c7-0211-46dd-a553-490f89181a1c", "rank": "37", "stance": "con", "action": "chooseStance", "doc": "S440fb971-Af5a00379", "doclen": 1660, "score": 21.133171177181858}
{"type": "toggleArgument", "timestamp": "2025-06-26T10:26:58.793Z", "sessionID": "a63fe7c7-0211-46dd-a553-490f89181a1c", "rank": "39", "doc": "S8703c5ca-Ad679a484", "action": "expand", "doclen": 2831, "score": 17.369506422489252}
{"type": "StanceClicked", "timestamp": "2025-06-26T10:27:07.985Z", "sessionID": "a63fe7c7-0211-46dd-a553-490f89181a1c", "rank": "39", "stance": "con", "action": "chooseStance", "doc": "S8703c5ca-Ad679a484", "doclen": 2831, "score": 17.369506422489252}
{"type": "toggleArgument", "timestamp": "2025-06-26T10:27:19.225Z", "sessionID": "a63fe7c7-0211-46dd-a553-490f89181a1c", "rank": "40", "doc": "Sb760075c-A9ad4c619", "action": "expand", "doclen": 1042, "score": 17.348819285121323}
{"type": "StanceClicked", "timestamp": "2025-06-26T10:27:22.889Z", "sessionID": "a63fe7c7-0211-46dd-a553-490f89181a1c", "rank": "40", "stance": "con", "action": "chooseStance", "doc": "Sb760075c-A9ad4c619", "doclen": 1042, "score": 17.348819285121323}
{"type": "pageNavigationClicked", "timestamp": "2025-06-26T10:27:23.985Z", "sessionID": "a63fe7c7-0211-46dd-a553-490f89181a1c", "clicked": "5", "fromPage": 4, "toPage": 5}
{"type": "pageNavigationClicked", "timestamp": "2025-06-26T10:27:42.705Z", "sessionID": "a63fe7c7-0211-46dd-a553-490f89181a1c", "clicked": "6", "fromPage": 5, "toPage": 6}
{"type": "queryBoxFocused", "timestamp": "2025-06-26T10:28:00.114Z", "sessionID": "a63fe7c7-0211-46dd-a553-490f89181a1c"}
{"type": "querySubmitted", "timestamp": "2025-06-26T10:28:06.456Z", "sessionID": "a63fe7c7-0211-46dd-a553-490f89181a1c", "query": " standardized tests improve education"}
{"docno": "Sb760073d-Ad6589f49", "score": 32.01717755737184}
{"docno": "S440fb971-A2ff21247", "score": 31.45314817675422}
{"docno": "Seb991d36-A8a5e7e35", "score": 31.3726741510671}
{"docno": "S9bab90c3-A3e9c68e", "score": 31.15958008931122}
{"docno": "S440fb971-A38a840c6", "score": 30.639517866233305}
{"docno": "S952e7fd8-Aa719ac9c", "score": 29.988754358857147}
{"docno": "Sb760077b-Abbd52d8e", "score": 29.866926951091585}
{"docno": "S1eba8643-Afabec903", "score": 29.795494070353698}
{"docno": "S7182eb4d-Ad6382690", "score": 29.264470380733048}
{"docno": "S952e7fd8-Aa7507fd5", "score": 29.15670629168389}
{"docno": "Seb991d36-A3c225544", "score": 28.270975502036883}
{"docno": "S440fb971-A3ce5e9d7", "score": 28.207488668160327}
{"docno": "Sa64c3b09-A99c1ddaf", "score": 28.178737572493233}
{"docno": "Seb991d36-A995db491", "score": 27.96191111152435}
{"docno": "Seb991d36-Abd4f1347", "score": 27.88414708238957}
{"docno": "S2e0cb8e2-Abed6c9e1", "score": 27.679808076776553}
{"docno": "Sb760075c-A5bb776ef", "score": 26.243068025476465}
{"docno": "S8703c5ca-Aeb117cc", "score": 26.19233614538619}
{"docno": "S288c2167-A44d4cc5b", "score": 25.410188644253928}
{"docno": "S7e01e803-Aa56f2990", "score": 25.395043317199487}
{"docno": "Se100392e-Aab2b52d0", "score": 24.80185915684717}
{"docno": "Sb075d8db-Aff8daee8", "score": 24.77166366711194}
{"docno": "S4c11bb9f-Abfd4fc1a", "score": 24.607878768852352}
{"docno": "S356ffa3b-A36c88ded", "score": 24.556019028206144}
{"docno": "S40f19507-A94423ac1", "score": 24.45131598277947}
{"docno": "S321cce17-Ad4eb5238", "score": 24.436558559809974}
{"docno": "Sab3b5048-A7abdec2b", "score": 24.409083527922828}
{"docno": "Seb991d36-Ae1fde89c", "score": 24.312922056116314}
{"docno": "Se4d12b1a-Ad4b0ca1f", "score": 24.3119410446491}
{"docno": "Sb760073d-A1ea65fbd", "score": 24.3107169787478}
{"docno": "S952e7fd8-A40246316", "score": 24.271481801946653}
{"docno": "S91988e1b-A196cf4ab", "score": 24.16578616347938}
{"docno": "Sf4c47f89-Af4f7d4b3", "score": 24.155870133387232}
{"docno": "S8763b6a7-A20317e76", "score": 24.147921522326428}
{"docno": "Sf4c47f89-A2973ab36", "score": 24.054827271722004}
{"docno": "S770b8b0a-Ab6b177c6", "score": 23.938935779755795}
{"docno": "S440fb971-Af5a00379", "score": 23.818114250860727}
{"docno": "Seb991d36-A9c551936", "score": 23.724506127417868}
{"docno": "S8703c5ca-Ad679a484", "score": 23.63351134944126}
{"docno": "Sb760075c-A9ad4c619", "score": 23.549370246260494}
{"docno": "Sbe50aaf1-A32a60f32", "score": 23.532186482787573}
{"docno": "S69794a99-Aefe0215b", "score": 23.36145500456756}
{"docno": "Sb760077b-Ac9af882f", "score": 23.171396259832086}
{"docno": "S68d82bb6-Ad1058782", "score": 23.130044132866253}
{"docno": "Sab3b5048-A1688f7f9", "score": 23.07902608021634}
{"docno": "Sab3b5048-Ab04b3e50", "score": 23.040216958163036}
{"docno": "S40f19507-Acf1222ac", "score": 22.98619597209263}
{"docno": "Sda86b00e-A953c97", "score": 22.835809815974333}
{"docno": "Sc4ee4551-A1cf7a615", "score": 22.809285934773992}
{"docno": "S3d4ee487-A72cdee52", "score": 22.808445891387922}
{"docno": "S9168d27e-A5a715c08", "score": 22.70284272568167}
{"docno": "S2f7a62f6-A8e02b086", "score": 22.66850088538822}
{"docno": "Sb075d8db-Aac99a65f", "score": 22.666592651700558}
{"docno": "S8be21055-A15f3c978", "score": 22.53399722854599}
{"docno": "S4c11bb9f-A73d55189", "score": 22.5244069876852}
{"docno": "Seb991d36-A6af635bf", "score": 22.323399501236665}
{"docno": "Sb5a3d064-A35746c20", "score": 22.254804732194373}
{"docno": "S41fa4d3e-Ad961e68e", "score": 22.050734626115457}
{"docno": "S40f19507-Ad99fae44", "score": 21.99177762089365}
{"docno": "Seb991d36-Acbad378a", "score": 21.97587681128393}
{"docno": "Sf4164377-Ae1878c43", "score": 21.884120758336124}
{"docno": "S4c11bb9f-Ae5268db5", "score": 21.844829946444385}
{"docno": "S5e2b5c35-A6e64dbf9", "score": 21.640069149501038}
{"docno": "S51229cfa-A690d8fae", "score": 21.574844823596493}
{"docno": "S9d663199-Aad0107a4", "score": 21.573546208913356}
{"docno": "S5633144a-Aea4021c9", "score": 21.427218593524763}
{"docno": "S440fb971-Ac684cad", "score": 21.364751102214417}
{"docno": "S440fb971-Aa0f01162", "score": 21.3437369485334}
{"docno": "S2bc7fd5c-A576ef6e8", "score": 21.340546237317938}
{"docno": "S69c8cd12-A1043e13f", "score": 21.28611941961806}
{"docno": "S97409bf1-A6d2424cc", "score": 21.260154272285572}
{"docno": "S2d7a6fbd-Ae648398f", "score": 21.16829231674732}
{"docno": "S952e7fd8-Aa9358300", "score": 21.08488294454184}
{"docno": "S97409bf1-Adb09fc7f", "score": 21.07093443983611}
{"docno": "Sda13af75-A21ff6213", "score": 21.05143702518546}
{"docno": "S4db6375b-Ac5bf8011", "score": 21.044754821360765}
{"docno": "S894cd8c5-A990a68bc", "score": 21.04305444503998}
{"docno": "S770b8b0a-A7a20e046", "score": 21.019277498865133}
{"docno": "Seb991d36-A84505ad1", "score": 21.00315014408471}
{"docno": "S961ba94a-A87c81fc9", "score": 20.960136639490393}
{"docno": "Sbe19aa3c-Af975ff7a", "score": 20.955313671041974}
{"docno": "S4e44ac5b-A6dc3ebce", "score": 20.95242932621551}
{"docno": "Seb991d36-A364b84ec", "score": 20.94771662589046}
{"docno": "S710ccb9c-A4de815d1", "score": 20.79969118113989}
{"docno": "S13a822a6-Ac680fff8", "score": 20.741493257598492}
{"docno": "S952e7fd8-A60b3d632", "score": 20.70198971025969}
{"docno": "Seb991d36-Aeca828ff", "score": 20.67412582898455}
{"docno": "Sae75cce-Ad67476db", "score": 20.616416295646907}
{"docno": "S770b8b0a-Ac7d0132", "score": 20.533196241938377}
{"docno": "S99eaec17-A9d4b61fa", "score": 20.506582424644872}
{"docno": "Sf0c8d782-A3480a86b", "score": 20.454661163972652}
{"docno": "Sf0c8d763-A3480a86b", "score": 20.454661163972652}
{"docno": "S770b8b0a-A4ee6fc13", "score": 20.425488488438976}
{"docno": "S6d80f423-Ad288ba3d", "score": 20.415264631470627}
{"docno": "S71e51e54-A32fb107d", "score": 20.386126448368003}
{"docno": "S981e702e-A973ff790", "score": 20.266514269425535}
{"docno": "S5b62c166-Af6b913ec", "score": 20.24431539864093}
{"docno": "S50e33842-Aa7feed22", "score": 20.185150929679555}
{"docno": "S1e4f8705-Ac450473d", "score": 20.163507150395926}
{"docno": "S2e4d06a-A62980b3b", "score": 20.130675453134828}
{"type": "toggleArgument", "timestamp": "2025-06-26T10:28:10.175Z", "sessionID": "a63fe7c7-0211-46dd-a553-490f89181a1c", "rank": "1", "doc": "Sb760073d-Ad6589f49", "action": "expand", "doclen": 382, "score": 17.698362631466335}
{"type": "toggleArgument", "timestamp": "2025-06-26T10:28:17.871Z", "sessionID": "a63fe7c7-0211-46dd-a553-490f89181a1c", "rank": "9", "doc": "S7182eb4d-Ad6382690", "action": "expand", "doclen": 1598, "score": 18.612581062173398}
{"type": "StanceClicked", "timestamp": "2025-06-26T10:28:24.536Z", "sessionID": "a63fe7c7-0211-46dd-a553-490f89181a1c", "rank": "9", "stance": "pro", "action": "chooseStance", "doc": "S7182eb4d-Ad6382690", "doclen": 1598, "score": 18.612581062173398}
{"type": "toggleArgument", "timestamp": "2025-06-26T10:28:30.239Z", "sessionID": "a63fe7c7-0211-46dd-a553-490f89181a1c", "rank": "10", "doc": "S952e7fd8-Aa7507fd5", "action": "expand", "doclen": 2402, "score": 17.2108579596994}
{"type": "pageNavigationClicked", "timestamp": "2025-06-26T10:28:58.680Z", "sessionID": "a63fe7c7-0211-46dd-a553-490f89181a1c", "clicked": "2", "fromPage": 1, "toPage": 2}
{"type": "ClickedEndTask", "timestamp": "2025-06-26T10:29:20.193Z", "sessionID": "a63fe7c7-0211-46dd-a553-490f89181a1c"}
{"type": "TaskEndConfirmed", "timestamp": "2025-06-26T10:29:28.088Z", "sessionID": "a63fe7c7-0211-46dd-a553-490f89181a1c"}
{"type": "TaskEnded", "timestamp": "2025-06-26T10:29:45.049Z", "sessionID": "a63fe7c7-0211-46dd-a553-490f89181a1c", "reason": "i found enough arguments", "translated_reason": "I found Enough arguments"}
