{"type": "idSubmitted", "timestamp": "2025-06-26T10:44:13.632Z", "sessionID": "a19c9237-78c2-4bd5-8a84-738fd53928fd", "uid": "Participant54"}
{"type": "TaskStarted", "timestamp": "2025-06-26T10:46:38.743Z", "sessionID": "a19c9237-78c2-4bd5-8a84-738fd53928fd", "task": "1", "uid": "Participant54", "topic": "Can alternative energy effectively replace fossil fuels?"}
{"type": "queryBoxFocused", "timestamp": "2025-06-26T10:46:46.602Z", "sessionID": "a19c9237-78c2-4bd5-8a84-738fd53928fd"}
{"type": "querySubmitted", "timestamp": "2025-06-26T10:47:18.704Z", "sessionID": "a19c9237-78c2-4bd5-8a84-738fd53928fd", "query": "alternative energien"}
{"docno": "Sd640f8-A212c1c22", "score": 11.169841210525682}
{"docno": "S8da25347-Ae90edff7", "score": 10.984081051138126}
{"docno": "S1baa36a6-Aa4b2f901", "score": 10.957358110781477}
{"docno": "Sfd3161b0-Afc68b573", "score": 10.904300423299718}
{"docno": "S74a77292-A5a2ce3bf", "score": 10.861310440085495}
{"docno": "Sfa0482cc-A24b1160", "score": 10.799711757757722}
{"docno": "S57476c75-A5a062ea8", "score": 10.773877329850853}
{"docno": "Sfcef38f4-A15e15956", "score": 10.771416343687964}
{"docno": "S1baa36a6-A376a00ad", "score": 10.671763895279353}
{"docno": "S72f5af83-Ab7dc4a1e", "score": 10.66934933264416}
{"docno": "S691fdd7c-Ab3967e04", "score": 10.66214104031937}
{"docno": "S2aa5711e-Aca6d975b", "score": 10.621908115662425}
{"docno": "S74f92fc2-Ad4514b78", "score": 10.59644011481291}
{"docno": "S98931b41-A2fc695d", "score": 10.537247110523449}
{"docno": "S83ad9731-A39ac5c8a", "score": 10.521389620157613}
{"docno": "S444c08ff-Aa7e9aab5", "score": 10.497647017177526}
{"docno": "Sd640f8-Aeb126a1", "score": 10.483452820374978}
{"docno": "S57476c75-Ade05781a", "score": 10.376716315803487}
{"docno": "Sc55873e2-A33e4d1b", "score": 10.370867499065284}
{"docno": "S36652a20-A4d8b2d10", "score": 10.35286375012883}
{"docno": "Sd640f8-A9282530", "score": 10.35286375012883}
{"docno": "S98931b41-Ad8136b39", "score": 10.342112521402356}
{"docno": "Sd640f8-Ae09911d5", "score": 10.326858573712542}
{"docno": "S2d219ef-A466867d3", "score": 10.326858573712542}
{"docno": "S89c45bda-A7cff39f", "score": 10.326858573712542}
{"docno": "Sffc14fd7-Ad7a37b4c", "score": 10.279718084253144}
{"docno": "Sc55873e2-Adee3f8e6", "score": 10.273026489296985}
{"docno": "S7983ff18-Afc5ad917", "score": 10.235227101309016}
{"docno": "Sb50edb45-Ae1fbdfb9", "score": 10.233006016992928}
{"docno": "S87b8c230-A815767a7", "score": 10.233006016992928}
{"docno": "Sb4c242db-A4d141bba", "score": 10.18965148036097}
{"docno": "S305cdc0a-A8a77540", "score": 10.186716557971126}
{"docno": "S32a13995-Ab1680115", "score": 10.174305751750348}
{"docno": "S673d5706-A1a50a746", "score": 10.142298062027583}
{"docno": "Sfd3161b0-A7f06faa2", "score": 10.140843997952087}
{"docno": "S27109bef-Addd32283", "score": 10.125218656087199}
{"docno": "Sc55873e2-A79f2f8ef", "score": 10.120233760949787}
{"docno": "S3216f391-A48499250", "score": 10.050327247583688}
{"docno": "S2e721803-Acf10ec84", "score": 10.050327247583688}
{"docno": "Sfd3161b0-Aa62afd01", "score": 10.050327247583688}
{"docno": "S8254d958-A5d1c6b24", "score": 10.050327247583688}
{"docno": "S7ef1e9fb-A75330945", "score": 10.005672141574276}
{"docno": "S69c8cd12-A27d5aa58", "score": 10.005672141574276}
{"docno": "S87adab17-Af6847d16", "score": 9.992286529703872}
{"docno": "S7f516c1c-Ab742adbd", "score": 9.96281515824533}
{"docno": "S9c0105d0-Af64612f3", "score": 9.933517121992889}
{"docno": "S100c174f-A9b33dec5", "score": 9.891274723797721}
{"docno": "S28c76471-A2a73c6f5", "score": 9.87543497406918}
{"docno": "S9de9cbcb-A38cba64d", "score": 9.83095061028049}
{"docno": "Sc98fe9c6-A1932a660", "score": 9.790929289435871}
{"docno": "S39151820-A7794b162", "score": 9.78957422236703}
{"docno": "S6e782a7f-Af9399e46", "score": 9.78821953032953}
{"docno": "Sd5e7199e-Af7b99bbf", "score": 9.778974966458527}
{"docno": "Sc98fe9a7-A816d2826", "score": 9.756723038532629}
{"docno": "S55f431b3-A99e0b175", "score": 9.738340955491166}
{"docno": "S5b339c0d-A57628bb2", "score": 9.73315839203177}
{"docno": "Sc55873e2-A4ed2b9f4", "score": 9.73315839203177}
{"docno": "S412c152b-Aa6e77523", "score": 9.720491528316908}
{"docno": "Sc98fe988-Ab8259242", "score": 9.672905372119331}
{"docno": "Sfaa77a4d-A77536a49", "score": 9.662226413565032}
{"docno": "S9b6d741a-Ab5c0bda5", "score": 9.620946416337668}
{"docno": "Sdee205c0-Ae44e39f6", "score": 9.620946416337668}
{"docno": "Sa1dd23e9-A26856624", "score": 9.602393352953463}
{"docno": "S1bc54930-Aec8e9423", "score": 9.581964278189195}
{"docno": "S349ec727-Ae7ef0a14", "score": 9.580017640225421}
{"docno": "S89c45bda-Af9606ef1", "score": 9.580017640225421}
{"docno": "S63ba4026-Ad6ae0e5a", "score": 9.539435621793373}
{"docno": "S7d452727-A8995e2ad", "score": 9.499195972917995}
{"docno": "S2ba71d49-Ac734eef2", "score": 9.499195972917995}
{"docno": "Sa9ca9e97-Afb1b436a", "score": 9.499195972917995}
{"docno": "Sde8ec542-Af1a359f0", "score": 9.460559548486277}
{"docno": "S1beb3c73-A962be2ad", "score": 9.45929437920542}
{"docno": "Sb004ca79-Aa1c570eb", "score": 9.45929437920542}
{"docno": "Sb8c86c70-A93cd5ac0", "score": 9.455500900855574}
{"docno": "S98931b41-A51166a1e", "score": 9.448591840236734}
{"docno": "Sce447b24-A663bd857", "score": 9.419726598449403}
{"docno": "Sfacbbf62-A39bf32f3", "score": 9.419726598449403}
{"docno": "S882db426-A11b11da7", "score": 9.382354845867642}
{"docno": "S87544c48-Abe488b18", "score": 9.380488459127822}
{"docno": "S3ea7b6e9-A5a9db5ba", "score": 9.380488459127822}
{"docno": "S2d219ef-Acb486c6d", "score": 9.380488459127822}
{"docno": "Sc5c5c84b-A910c7c1b", "score": 9.355748098413976}
{"docno": "Sffc14fd7-Aa781a22a", "score": 9.3415758589366}
{"docno": "S638d406b-A5abe1711", "score": 9.302984763359973}
{"docno": "Scebff09b-Afe507970", "score": 9.302984763359973}
{"docno": "S88b57bbb-A206ab3bc", "score": 9.302984763359973}
{"docno": "S90716158-Af9236315", "score": 9.299315595127602}
{"docno": "S47ca01df-A88b22a6c", "score": 9.299315595127602}
{"docno": "Sd8cc5671-A5b7909d5", "score": 9.299315595127602}
{"docno": "S23983bd4-A733975fb", "score": 9.264711204276038}
{"docno": "S98931b41-A7afd4df3", "score": 9.264711204276038}
{"docno": "Sa68a0e85-A242e3038", "score": 9.264711204276038}
{"docno": "Sd3212226-Aa315aff9", "score": 9.22795500380449}
{"docno": "Sb8329ce7-Ac0f0bec8", "score": 9.22795500380449}
{"docno": "Sc153ff82-A81e30939", "score": 9.226751278596595}
{"docno": "Sf9037ef0-A8fbff6a", "score": 9.226751278596595}
{"docno": "Se40a2b72-Aa8d4ae66", "score": 9.223141986450983}
{"docno": "Se4b7db76-Aea62b7f9", "score": 9.223141986450983}
{"docno": "Sb2d8d220-Acb2a3643", "score": 9.223141986450983}
{"docno": "Sdf1feb7-A60462201", "score": 9.223141986450983}
{"type": "toggleArgument", "timestamp": "2025-06-26T10:47:57.039Z", "sessionID": "a19c9237-78c2-4bd5-8a84-738fd53928fd", "rank": "2", "doc": "S8da25347-Ae90edff7", "action": "expand", "doclen": 399, "score": 30.597774913130976}
{"type": "StanceClicked", "timestamp": "2025-06-26T10:48:00.111Z", "sessionID": "a19c9237-78c2-4bd5-8a84-738fd53928fd", "rank": "2", "stance": "pro", "action": "chooseStance", "doc": "S8da25347-Ae90edff7", "doclen": 399, "score": 30.597774913130976}
{"type": "StanceClicked", "timestamp": "2025-06-26T10:48:26.927Z", "sessionID": "a19c9237-78c2-4bd5-8a84-738fd53928fd", "rank": "3", "stance": "pro", "action": "chooseStance", "doc": "S1baa36a6-Aa4b2f901", "doclen": 517, "score": 47.56652040163249}
{"type": "toggleArgument", "timestamp": "2025-06-26T10:48:29.726Z", "sessionID": "a19c9237-78c2-4bd5-8a84-738fd53928fd", "rank": "4", "doc": "Sfd3161b0-Afc68b573", "action": "expand", "doclen": 467, "score": 10.904300423299718}
{"type": "toggleArgument", "timestamp": "2025-06-26T10:49:06.559Z", "sessionID": "a19c9237-78c2-4bd5-8a84-738fd53928fd", "rank": "9", "doc": "S1baa36a6-A376a00ad", "action": "expand", "doclen": 603, "score": 11.317936386282799}
{"type": "StanceClicked", "timestamp": "2025-06-26T10:49:41.903Z", "sessionID": "a19c9237-78c2-4bd5-8a84-738fd53928fd", "rank": "10", "stance": "pro", "action": "chooseStance", "doc": "S72f5af83-Ab7dc4a1e", "doclen": 141, "score": 10.66934933264416}
{"type": "pageNavigationClicked", "timestamp": "2025-06-26T10:49:42.822Z", "sessionID": "a19c9237-78c2-4bd5-8a84-738fd53928fd", "clicked": "2", "fromPage": 1, "toPage": 2}
{"type": "queryBoxFocused", "timestamp": "2025-06-26T10:50:24.186Z", "sessionID": "a19c9237-78c2-4bd5-8a84-738fd53928fd"}
{"type": "querySubmitted", "timestamp": "2025-06-26T10:50:31.767Z", "sessionID": "a19c9237-78c2-4bd5-8a84-738fd53928fd", "query": "fossil fuels"}
{"docno": "S7983ff18-A46313e0c", "score": 27.741960756858155}
{"docno": "S74a77292-A5a2ce3bf", "score": 27.61061549424015}
{"docno": "S8b68ae4-Ad09a0795", "score": 27.38405840566096}
{"docno": "Sbb33e2d6-Aefcaf2e", "score": 26.691253228875603}
{"docno": "Sbb33e2b7-Ab140363f", "score": 26.200981431033988}
{"docno": "S1baa36a6-Aa4b2f901", "score": 26.200981431033988}
{"docno": "S8fdcc598-Acdae4e26", "score": 26.0566854296153}
{"docno": "Sbb33e2d6-A4507e919", "score": 26.011401103437464}
{"docno": "Sbb33e2d6-A77bfb204", "score": 25.997667565988944}
{"docno": "S7983ff18-A9ce614c1", "score": 25.751122856920553}
{"docno": "S31698916-Af2e93644", "score": 25.60460156124816}
{"docno": "S2fce3dfc-Aba98e48d", "score": 25.60460156124816}
{"docno": "S8b68ae4-A25e6503e", "score": 25.569728712716888}
{"docno": "S4911d42e-A73664204", "score": 25.494782218137644}
{"docno": "Sdee205c0-A7e51810", "score": 25.183324724502224}
{"docno": "Sbb33e2d6-Aeee2fade", "score": 25.09910733716086}
{"docno": "S4ea27d13-A3d9d765b", "score": 24.753275072561546}
{"docno": "S4c6aab06-Ab78242a9", "score": 24.6090977386945}
{"docno": "S40e61a27-A2185ab8", "score": 24.501555647957343}
{"docno": "Sa90a81e7-A76643c24", "score": 24.496491829992898}
{"docno": "S44cd306b-Aa03fff85", "score": 24.390933340732246}
{"docno": "S148bb110-Ae875f471", "score": 24.390933340732246}
{"docno": "Sde8ec542-A24bed0cf", "score": 24.2918852275769}
{"docno": "S81972726-Ad325bef1", "score": 24.254904224366307}
{"docno": "Scf368ef2-A3a6d9bb4", "score": 24.226368841858825}
{"docno": "S9bc8d269-Aa2f5b865", "score": 24.182522231825757}
{"docno": "S29e8ec75-Abe481205", "score": 24.136892274913343}
{"docno": "S8706d0e3-Aae31b6bf", "score": 23.875211304887415}
{"docno": "Sdee205c0-Ae302c7d2", "score": 23.84414218599686}
{"docno": "Sbb33e2b7-A3ddc5380", "score": 23.726054703353924}
{"docno": "Se31bfa66-A11d1f42e", "score": 23.700582303874683}
{"docno": "S2e721803-Ae6bd3d56", "score": 23.55884882108868}
{"docno": "Sea61b0fc-Ac2a79108", "score": 23.50480399509921}
{"docno": "Sa0c49422-Ad734ffa5", "score": 23.311540521743765}
{"docno": "S7983ff18-A20bd5778", "score": 23.28071617137163}
{"docno": "S4bb40bff-Ae5335e37", "score": 23.191701550617786}
{"docno": "S8fdcc598-A43e16fea", "score": 23.160207605077883}
{"docno": "S4911d42e-A54a3d4e3", "score": 23.097066874733514}
{"docno": "S29e8ec75-A58883887", "score": 22.951866766782995}
{"docno": "S4c6aab06-Aaa46022a", "score": 22.726127348619457}
{"docno": "S4c6aab06-A82a12ec6", "score": 22.639570163190008}
{"docno": "Sdee205c0-A22706607", "score": 22.63524667833916}
{"docno": "S68f43582-Aba23f0f0", "score": 22.62660466068853}
{"docno": "Sdfa2550c-A2cc92922", "score": 22.447143152032275}
{"docno": "S33af2d02-A4b1f9da2", "score": 22.447143152032275}
{"docno": "S4c6aab06-Aaa5ecb0b", "score": 22.340298369929222}
{"docno": "S31698916-A9824005f", "score": 22.340298369929222}
{"docno": "Sf3f89575-Aca1ad1e9", "score": 22.306523709767895}
{"docno": "Sff095b00-Ac57f7384", "score": 22.270506017632417}
{"docno": "Sd6155d38-A1faa90e", "score": 22.270506017632417}
{"docno": "S4d2e82ff-Aee0235bc", "score": 22.234412438666627}
{"docno": "Saa7e4d86-A41a3aaed", "score": 22.09884887064147}
{"docno": "S83ae40a2-Ad3cfd561", "score": 22.096627102845197}
{"docno": "S74a77292-Ae85a9c8e", "score": 22.07532542571312}
{"docno": "Scb3a59ce-Ac71b3de1", "score": 22.050202760763906}
{"docno": "Sd258aeb1-A4c0071e6", "score": 21.950199942358893}
{"docno": "S3d507ec5-Aedfcf27f", "score": 21.90097269044042}
{"docno": "S66bd91a4-A594bc508", "score": 21.848892807530582}
{"docno": "S7c26a4c3-A988acf1f", "score": 21.823494953807753}
{"docno": "S4c6aab06-Af7945601", "score": 21.764879794466513}
{"docno": "S7983ff18-Aa229a4fb", "score": 21.75688948486926}
{"docno": "S7983ff18-Abc9e38fe", "score": 21.681510397567287}
{"docno": "Sdee205c0-Ae44e39f6", "score": 21.629401597397084}
{"docno": "S5f3b3fcb-A67ed79a7", "score": 21.607755351624938}
{"docno": "S58afcb6-A721c06cf", "score": 21.546582619594446}
{"docno": "Sbb33e2b7-Af35d3bc5", "score": 21.516673093066963}
{"docno": "Sffc14fd7-A3a830870", "score": 21.512537384173196}
{"docno": "S2fce3dfc-Afe9701f9", "score": 21.427440668176793}
{"docno": "S5f3b3fcb-Aa3851cab", "score": 21.427440668176793}
{"docno": "S77d1660c-Ad3ed81ba", "score": 21.354323283256864}
{"docno": "Se9b4aa83-A22c16120", "score": 21.354323283256864}
{"docno": "S1ec27540-A21c1d085", "score": 21.27660956390575}
{"docno": "S31698916-A7c39d7ed", "score": 21.147603729932616}
{"docno": "S7983ff18-A6f495a98", "score": 21.107820236917718}
{"docno": "S24a48570-A2e79122d", "score": 21.001564879122476}
{"docno": "S40e61a27-A27f7adc9", "score": 20.95896887644536}
{"docno": "S2fce3dfc-Acb335b59", "score": 20.951559241866157}
{"docno": "S656580a0-Ab5b0390a", "score": 20.951559241866157}
{"docno": "S2e721803-A663a41f", "score": 20.951559241866157}
{"docno": "Sd6155d38-A57009a92", "score": 20.838318046202147}
{"docno": "S29878310-A58eabd9b", "score": 20.797594842497062}
{"docno": "S7983ff18-Ae92bd7e1", "score": 20.797594842497062}
{"docno": "S2e721803-Ac9913c9a", "score": 20.797594842497062}
{"docno": "S4bb40bff-Af5231436", "score": 20.732331624398807}
{"docno": "S383ef591-A19f07d44", "score": 20.645876777943066}
{"docno": "S1baa36a6-Ac0bf4bed", "score": 20.645876777943066}
{"docno": "Sb4dd79cd-A7edad33b", "score": 20.645876777943066}
{"docno": "S29878310-A9403d462", "score": 20.645876777943066}
{"docno": "S98ed94cf-A5b644cad", "score": 20.645876777943066}
{"docno": "S148bb110-A6bce813e", "score": 20.645876777943066}
{"docno": "S9c9e4034-Ac6a1db68", "score": 20.49635624332374}
{"docno": "S148bb110-A54da8965", "score": 20.355160321399822}
{"docno": "S2c6ce6a7-Acc260f6a", "score": 20.348985837402296}
{"docno": "S8f0a98e5-A4212f37a", "score": 20.348985837402296}
{"docno": "Sdee205c0-Aa57df3d0", "score": 20.30941982909583}
{"docno": "Se31bfa66-Aa57df3d0", "score": 20.30941982909583}
{"docno": "S412c152b-A544eecf7", "score": 20.30941982909583}
{"docno": "S7983ff18-Ade2335c8", "score": 20.2037195124843}
{"docno": "S9fd73a59-Aff5eba24", "score": 20.11164378661537}
{"docno": "S53b7edd-Abfcc4f21", "score": 20.06051252644708}
{"type": "toggleArgument", "timestamp": "2025-06-26T10:51:32.502Z", "sessionID": "a19c9237-78c2-4bd5-8a84-738fd53928fd", "rank": "4", "doc": "Sbb33e2d6-Aefcaf2e", "action": "expand", "doclen": 119, "score": 26.691253228875603}
{"type": "toggleArgument", "timestamp": "2025-06-26T10:51:47.358Z", "sessionID": "a19c9237-78c2-4bd5-8a84-738fd53928fd", "rank": "5", "doc": "Sbb33e2b7-Ab140363f", "action": "expand", "doclen": 393, "score": 26.200981431033988}
{"type": "StanceClicked", "timestamp": "2025-06-26T10:52:00.022Z", "sessionID": "a19c9237-78c2-4bd5-8a84-738fd53928fd", "rank": "5", "stance": "pro", "action": "chooseStance", "doc": "Sbb33e2b7-Ab140363f", "doclen": 393, "score": 26.200981431033988}
{"type": "toggleArgument", "timestamp": "2025-06-26T10:52:31.542Z", "sessionID": "a19c9237-78c2-4bd5-8a84-738fd53928fd", "rank": "9", "doc": "Sbb33e2d6-A77bfb204", "action": "expand", "doclen": 1723, "score": 36.84105205802208}
{"type": "toggleArgument", "timestamp": "2025-06-26T10:53:10.382Z", "sessionID": "a19c9237-78c2-4bd5-8a84-738fd53928fd", "rank": "10", "doc": "S7983ff18-A9ce614c1", "action": "expand", "doclen": 340, "score": 33.66395239150808}
{"type": "StanceClicked", "timestamp": "2025-06-26T10:53:29.183Z", "sessionID": "a19c9237-78c2-4bd5-8a84-738fd53928fd", "rank": "10", "stance": "con", "action": "chooseStance", "doc": "S7983ff18-A9ce614c1", "doclen": 340, "score": 33.66395239150808}
{"type": "pageNavigationClicked", "timestamp": "2025-06-26T10:53:32.118Z", "sessionID": "a19c9237-78c2-4bd5-8a84-738fd53928fd", "clicked": "4", "fromPage": 1, "toPage": 4}
{"type": "toggleArgument", "timestamp": "2025-06-26T10:53:52.630Z", "sessionID": "a19c9237-78c2-4bd5-8a84-738fd53928fd", "rank": "34", "doc": "Sa0c49422-Ad734ffa5", "action": "expand", "doclen": 1444, "score": 34.29121416636307}
{"type": "StanceClicked", "timestamp": "2025-06-26T10:54:01.639Z", "sessionID": "a19c9237-78c2-4bd5-8a84-738fd53928fd", "rank": "34", "stance": "con", "action": "chooseStance", "doc": "Sa0c49422-Ad734ffa5", "doclen": 1444, "score": 34.29121416636307}
{"type": "toggleArgument", "timestamp": "2025-06-26T10:54:10.526Z", "sessionID": "a19c9237-78c2-4bd5-8a84-738fd53928fd", "rank": "36", "doc": "S4bb40bff-Ae5335e37", "action": "expand", "doclen": 556, "score": 32.40446424124814}
{"type": "queryBoxFocused", "timestamp": "2025-06-26T10:54:43.282Z", "sessionID": "a19c9237-78c2-4bd5-8a84-738fd53928fd"}
{"type": "querySubmitted", "timestamp": "2025-06-26T10:54:46.264Z", "sessionID": "a19c9237-78c2-4bd5-8a84-738fd53928fd", "query": "climate change"}
{"docno": "S83ff45f2-A4287f1f1", "score": 20.51088471101078}
{"docno": "Sb3622b08-A51d84a00", "score": 20.479129121411884}
{"docno": "S797b35ea-Abaa629f6", "score": 20.37984998469074}
{"docno": "S797b35ea-Ac49f5afe", "score": 20.24966121962668}
{"docno": "S22b33081-Aef2c4044", "score": 20.24712204449592}
{"docno": "Sfb47c4dc-A94839982", "score": 20.210391500062823}
{"docno": "S29d685d9-A2003667e", "score": 20.20359954746507}
{"docno": "S72b717aa-A5b71474b", "score": 20.182016960310065}
{"docno": "Sc952d8ae-Aa7b89e4b", "score": 20.135325181709284}
{"docno": "S4733bf42-Aa2caea", "score": 19.968365354205723}
{"docno": "Sab411082-Aef70853", "score": 19.9528943914991}
{"docno": "Sad1940fe-A5d2f71a1", "score": 19.878892194880564}
{"docno": "S4733bf42-A9663db5", "score": 19.863956935625875}
{"docno": "S842a72e0-A1d511c20", "score": 19.832735755040325}
{"docno": "S2ec11424-Ab17eaf2a", "score": 19.76447399751494}
{"docno": "Secc4434-A6fb9e1b9", "score": 19.6555425051385}
{"docno": "S2ec11424-A984b353b", "score": 19.620118038716157}
{"docno": "S72b717aa-A4e5bfef", "score": 19.55555887341082}
{"docno": "Sf64877e9-Ac38403f4", "score": 19.509410259744836}
{"docno": "Sa5cb0429-Afd3a1107", "score": 19.453263099367582}
{"docno": "S4755284a-Abea2e373", "score": 19.434864400703027}
{"docno": "S2ec11424-A4c09bf00", "score": 19.432000721596125}
{"docno": "S6e876e1e-A18039c23", "score": 19.42947710208727}
{"docno": "Sa657588d-Ae737538e", "score": 19.408879569187285}
{"docno": "Sb567d75f-Aa76a4a58", "score": 19.375074129025936}
{"docno": "Saac8b02a-A8d24639b", "score": 19.357555326536975}
{"docno": "Sa05d84f6-A8e59c216", "score": 19.3440499599374}
{"docno": "Saa7e4d86-A41d6abea", "score": 19.340227708240896}
{"docno": "S2ec11424-A2e1b14cd", "score": 19.315650611892313}
{"docno": "Sc9ba19f5-A1c189db", "score": 19.2328087066237}
{"docno": "S588c0e26-A99d5cea6", "score": 19.14857672504291}
{"docno": "Sb58ff37e-Ab988d80e", "score": 19.139547150232605}
{"docno": "S588c0ec1-A5ac7cc30", "score": 19.109314624403407}
{"docno": "S7e4a33fd-Ad7f4bea7", "score": 19.078796901309172}
{"docno": "Sb567d819-Aa73fb6e6", "score": 19.039669502680997}
{"docno": "Sfb47c4dc-A17cfb6b2", "score": 19.026618191017715}
{"docno": "Sb567d838-Af45e2d26", "score": 18.961584616730356}
{"docno": "S588c0ea2-Aa15595cc", "score": 18.95389183564628}
{"docno": "S588c0e64-Aae020458", "score": 18.95389183564628}
{"docno": "Sb58ff37e-A58f42ca9", "score": 18.94087583605665}
{"docno": "S54b376ad-A63346a5f", "score": 18.91329350846835}
{"docno": "Sd19576b8-A5a5317ca", "score": 18.85576597001694}
{"docno": "Sc4f73aa6-A596f038c", "score": 18.82110388119167}
{"docno": "Sad1940fe-A6b09705d", "score": 18.784123847538222}
{"docno": "S2c7e2b00-A302d787b", "score": 18.747297095170325}
{"docno": "S9c07825d-A7ebb10f7", "score": 18.737183459316213}
{"docno": "S5f3b3fcb-A9a3983c9", "score": 18.66765126022682}
{"docno": "S5beb1ab2-A1154bb36", "score": 18.665186764081543}
{"docno": "Sc09112b2-Ad0ff12f2", "score": 18.613381403223677}
{"docno": "Sd490026a-Afd4dae79", "score": 18.58063263141997}
{"docno": "S61b46571-A4fff3073", "score": 18.572427101946364}
{"docno": "S7983ff18-Af727e11", "score": 18.572427101946364}
{"docno": "Sf64877e9-Aa67de67c", "score": 18.535347081089164}
{"docno": "Sa3d6bdee-A43dc2cbc", "score": 18.535347081089164}
{"docno": "S62c89a27-A42753987", "score": 18.51888209583356}
{"docno": "Sb971c2e5-Aac4b7440", "score": 18.46611465160369}
{"docno": "S2ec11424-A402d45be", "score": 18.441863180710737}
{"docno": "Sd490026a-Adbef8f8a", "score": 18.41534195562496}
{"docno": "S9c07825d-A2cda98f1", "score": 18.392018533430985}
{"docno": "S588c0ec1-Ac1d23959", "score": 18.372058201808407}
{"docno": "Sd147300-A474e17f0", "score": 18.365120150700754}
{"docno": "Sb3622b08-A7f55bdc6", "score": 18.358456399408368}
{"docno": "Sd14731f-A73396c22", "score": 18.3423602446366}
{"docno": "S224f83e1-A1ffaf30", "score": 18.32918985182617}
{"docno": "Saa7e4d86-Ab01bf0b8", "score": 18.32918985182617}
{"docno": "S1ad132ba-Aef31088c", "score": 18.317860486134137}
{"docno": "S797b35ea-A16360e96", "score": 18.29023985018407}
{"docno": "Sde87cee3-A28bc3a48", "score": 18.29023985018407}
{"docno": "Sc8d31d0c-A6f0d479d", "score": 18.28353440583297}
{"docno": "S7ae7b591-A27464ebe", "score": 18.27725401468939}
{"docno": "Sb567d7fa-Ae9dfb25b", "score": 18.25204617574509}
{"docno": "Sb567d77e-Ae9dfb25b", "score": 18.25204617574509}
{"docno": "Sb567d7db-Ae9dfb25b", "score": 18.25204617574509}
{"docno": "Sb567d7bc-Ae9dfb25b", "score": 18.25204617574509}
{"docno": "S4b594354-Aa36b7e52", "score": 18.25102666697514}
{"docno": "S2f68d50f-A4135f308", "score": 18.2503224018725}
{"docno": "Saa7e4d86-A1fa48cf2", "score": 18.249520437540266}
{"docno": "Sff5b0936-A35d04297", "score": 18.17054060596895}
{"docno": "S1ad132ba-Acdd7e3de", "score": 18.17054060596895}
{"docno": "Sbdaef866-Af74319b5", "score": 18.17054060596895}
{"docno": "Sb567d77e-A2daa6d96", "score": 18.147515031404907}
{"docno": "S2ec11424-A8520fb52", "score": 18.147036493521192}
{"docno": "S356ae6f2-A937d4400", "score": 18.087708529377927}
{"docno": "Sff5b0936-Abff38d9d", "score": 18.01461418597342}
{"docno": "S2c8c7446-A23eabfaa", "score": 17.97630175052937}
{"docno": "S22b33081-A69353932", "score": 17.93765022427149}
{"docno": "Sc1c5306-Ac946cfd6", "score": 17.92609046315947}
{"docno": "Sa2465b80-A742f9317", "score": 17.883671905953744}
{"docno": "Sa657588d-A9739d33b", "score": 17.861341092275673}
{"docno": "Sbdaef866-A6de366d6", "score": 17.85155297342812}
{"docno": "S2ec11424-Ae52cd025", "score": 17.775708163197997}
{"docno": "S3793e2aa-Afb13f13d", "score": 17.74800646737484}
{"docno": "Sbdaef866-Ae0f2d132", "score": 17.72710219688913}
{"docno": "S7dc0c769-Ac25c4a5", "score": 17.71065417063965}
{"docno": "Sc7c3b95f-Ac5b07878", "score": 17.696222344676496}
{"docno": "S9416a94c-Ab8de98ef", "score": 17.675900010302545}
{"docno": "S8b68ae4-A55faccdd", "score": 17.636260155702434}
{"docno": "S8b68ae4-Adbc01d1d", "score": 17.636260155702434}
{"docno": "S797b35ea-Af9c31bd2", "score": 17.614317440457505}
{"docno": "S7f312d2e-A4703e946", "score": 17.614317440457505}
{"type": "toggleArgument", "timestamp": "2025-06-26T10:54:54.511Z", "sessionID": "a19c9237-78c2-4bd5-8a84-738fd53928fd", "rank": "2", "doc": "Sb3622b08-A51d84a00", "action": "expand", "doclen": 267, "score": 20.479129121411884}
{"type": "toggleArgument", "timestamp": "2025-06-26T10:55:34.848Z", "sessionID": "a19c9237-78c2-4bd5-8a84-738fd53928fd", "rank": "6", "doc": "Sfb47c4dc-A94839982", "action": "expand", "doclen": 1207, "score": 24.554950733659613}
{"type": "StanceClicked", "timestamp": "2025-06-26T10:55:39.168Z", "sessionID": "a19c9237-78c2-4bd5-8a84-738fd53928fd", "rank": "6", "stance": "pro", "action": "chooseStance", "doc": "Sfb47c4dc-A94839982", "doclen": 1207, "score": 24.554950733659613}
{"type": "StanceClicked", "timestamp": "2025-06-26T10:56:08.192Z", "sessionID": "a19c9237-78c2-4bd5-8a84-738fd53928fd", "rank": "10", "stance": "con", "action": "chooseStance", "doc": "S4733bf42-Aa2caea", "doclen": 593, "score": 24.413399199905335}
{"type": "pageNavigationClicked", "timestamp": "2025-06-26T10:56:09.056Z", "sessionID": "a19c9237-78c2-4bd5-8a84-738fd53928fd", "clicked": "5", "fromPage": 1, "toPage": 5}
{"type": "toggleArgument", "timestamp": "2025-06-26T10:56:16.672Z", "sessionID": "a19c9237-78c2-4bd5-8a84-738fd53928fd", "rank": "43", "doc": "Sc4f73aa6-A596f038c", "action": "expand", "doclen": 171, "score": 18.82110388119167}
{"type": "StanceClicked", "timestamp": "2025-06-26T10:56:34.809Z", "sessionID": "a19c9237-78c2-4bd5-8a84-738fd53928fd", "rank": "45", "stance": "con", "action": "chooseStance", "doc": "S2c7e2b00-A302d787b", "doclen": 449, "score": 18.747297095170325}
{"type": "queryBoxFocused", "timestamp": "2025-06-26T10:56:46.971Z", "sessionID": "a19c9237-78c2-4bd5-8a84-738fd53928fd"}
{"type": "ClickedEndTask", "timestamp": "2025-06-26T10:57:03.665Z", "sessionID": "a19c9237-78c2-4bd5-8a84-738fd53928fd"}
{"type": "TaskEndConfirmed", "timestamp": "2025-06-26T10:57:07.465Z", "sessionID": "a19c9237-78c2-4bd5-8a84-738fd53928fd"}
{"type": "TaskEnded", "timestamp": "2025-06-26T10:57:14.993Z", "sessionID": "a19c9237-78c2-4bd5-8a84-738fd53928fd", "reason": "Zeit ist um", "translated_reason": "Time is around"}
