{"type": "TaskStarted", "timestamp": "2025-06-26T11:41:15.611Z", "sessionID": "3402e008-1237-4aab-922f-458c67a8525a", "task": "2", "uid": "Participant28", "topic": "Should the penny/cent stay in circulation?"}
{"type": "queryBoxFocused", "timestamp": "2025-06-26T11:41:20.659Z", "sessionID": "3402e008-1237-4aab-922f-458c67a8525a"}
{"type": "querySubmitted", "timestamp": "2025-06-26T11:41:30.451Z", "sessionID": "3402e008-1237-4aab-922f-458c67a8525a", "query": "cent AND circulation"}
{"docno": "S8bcc4a46-A683b6775", "score": 24.96049405625002}
{"docno": "S3207095a-A83bd6c08", "score": 22.565927222562088}
{"docno": "S35161051-A81501437", "score": 21.84241663964954}
{"docno": "S87bd157b-A1433c3c4", "score": 20.621159400217216}
{"docno": "S8ce6be05-A7e62c8d8", "score": 18.911266993813086}
{"docno": "Se52fcb79-Adfc140fa", "score": 17.40064361505418}
{"docno": "S922d439b-A8e9355eb", "score": 15.957453352941984}
{"docno": "S19444029-A99bfb9ca", "score": 15.837884302960369}
{"docno": "Sce686c60-A35d2b91", "score": 15.517617610849054}
{"docno": "Sa0619794-A6362f453", "score": 15.506559960864715}
{"docno": "S2fa2d5d5-A1afd500f", "score": 15.109428649256836}
{"docno": "S8ce6be05-Aec61401a", "score": 15.10129296074676}
{"docno": "Sc4e8d546-A6840b489", "score": 15.10129296074676}
{"docno": "Sbb3f63e1-A1b5de0ea", "score": 15.069614122680354}
{"docno": "S19444029-Acc7f15b2", "score": 14.98810966653317}
{"docno": "S2e829d23-A6c0e1f9b", "score": 14.931269457648375}
{"docno": "S47443599-A8fc4c58f", "score": 14.78255300882003}
{"docno": "S5461fdf6-A2f19b140", "score": 14.718094675546421}
{"docno": "S2fa2d5d5-Adc5dfe71", "score": 14.640647488290567}
{"docno": "Sf143e2ae-A9058c0a1", "score": 14.640647488290567}
{"docno": "S1e511d1-A6903c5a8", "score": 14.578785852217406}
{"docno": "S9443a255-A39698330", "score": 14.332434512765918}
{"docno": "S13a078fc-A5227c58c", "score": 14.331834167837847}
{"docno": "S87bd157b-A535fbc54", "score": 14.328833197441785}
{"docno": "S6952f0f3-Ac7ddda31", "score": 14.317635545781059}
{"docno": "Sc51f941a-A75743e89", "score": 14.254171405124373}
{"docno": "S261deb04-A5ed849d0", "score": 14.247527160823562}
{"docno": "Sb58ff37e-Adf85a11c", "score": 14.247527160823562}
{"docno": "S480d5f00-A45b03709", "score": 14.207219179464168}
{"docno": "Se52fcb79-Afcc90b8b", "score": 14.164305697921353}
{"docno": "Sb58ff37e-Aac529aac", "score": 14.083786294761962}
{"docno": "Sba6d2797-Abe7df212", "score": 14.043437457629773}
{"docno": "S569d18df-Ab2d0d6b3", "score": 14.026895869142606}
{"docno": "Scf4c9cbf-A7d5096a1", "score": 14.024307602167775}
{"docno": "S953ebef5-A6609c38a", "score": 13.98886092010391}
{"docno": "S42f8393e-A9da66240", "score": 13.845112176139333}
{"docno": "S21311659-Afe0947c5", "score": 13.821572281057056}
{"docno": "S922d439b-Ab101b0b4", "score": 13.808720467466781}
{"docno": "Sb477d5a-Aa1845f1a", "score": 13.728783187666394}
{"docno": "S240561fd-A115d1b34", "score": 13.726947224934639}
{"docno": "S89cb1ab3-A588410b4", "score": 13.715372933842543}
{"docno": "S50fea1d1-A67191d95", "score": 13.652310497028568}
{"docno": "S72d43567-A7fb88ce5", "score": 13.464804830965216}
{"docno": "Sff045079-Aa14bddae", "score": 13.444575954305018}
{"docno": "Se52fcb79-Ac383fb10", "score": 13.419607592845129}
{"docno": "S7c26af48-A4afc389a", "score": 13.377104122922123}
{"docno": "S42f8393e-Acb2cbb7d", "score": 13.354753483353987}
{"docno": "Se52fcb79-A24ceacec", "score": 13.337452706539644}
{"docno": "S369e6f20-A359526cd", "score": 13.320914513501087}
{"docno": "S42633cc5-Abdf36238", "score": 13.320914513501087}
{"docno": "S926ab420-A11569547", "score": 13.185498479477754}
{"docno": "S9896d40f-A59533163", "score": 13.176124147003934}
{"docno": "S36935c1f-A720361ed", "score": 13.173587612045859}
{"docno": "S7586c730-Ad93b80a5", "score": 13.168517470851347}
{"docno": "Sdd3dc93e-Ad0a496c", "score": 13.13207324419331}
{"docno": "S3fb53ecd-A664ae622", "score": 13.090111849191432}
{"docno": "Sa86f5da2-Afeb74ae7", "score": 13.068226548648349}
{"docno": "Sfaa4d872-Aaf62e675", "score": 13.063237168762157}
{"docno": "S63cad73d-Ab154fe01", "score": 13.039646280845425}
{"docno": "S7b1ebcce-Ad42c87c0", "score": 12.984539585727639}
{"docno": "S2fa2d5d5-A7fcff6dc", "score": 12.966994110223164}
{"docno": "Se6756185-Aea439b0b", "score": 12.95962691501898}
{"docno": "Sbbc02f11-Ab6ff4bb3", "score": 12.952834460513143}
{"docno": "Sef6663ee-Aaafed77d", "score": 12.916557411728832}
{"docno": "S57a3df7d-A6a880a13", "score": 12.913307495865118}
{"docno": "S953ebef5-Ab2aaac6b", "score": 12.897941180469427}
{"docno": "Sfd3161b0-A9382a8a4", "score": 12.857647284664417}
{"docno": "S4da47715-Aaf26bbc6", "score": 12.77001027224933}
{"docno": "Sbd4972ff-A84f2ae91", "score": 12.75726008399622}
{"docno": "S405348e6-A5231a38c", "score": 12.751188036243109}
{"docno": "S42633cc5-A79a73ae3", "score": 12.697481332263267}
{"docno": "S281ab12-A7ac109c6", "score": 12.614233240019336}
{"docno": "Sc51f941a-A6839f97e", "score": 12.56572919217936}
{"docno": "Sfaa4d872-A76250178", "score": 12.561116069225827}
{"docno": "S7c667121-A3a619bab", "score": 12.517596729503536}
{"docno": "Sba131e59-A6518566f", "score": 12.511299507486905}
{"docno": "S2684c983-A21155554", "score": 12.511299507486905}
{"docno": "S48f7851c-Ac3154106", "score": 12.511299507486905}
{"docno": "S6b7fbea6-A123f1fa7", "score": 12.503157217824134}
{"docno": "S92b49ca0-Ae2ef227e", "score": 12.473205753634696}
{"docno": "Sc714f34f-A17fab670", "score": 12.465288605637133}
{"docno": "Se888ea60-A5ca45c11", "score": 12.433350598139508}
{"docno": "S9443a255-A8dd79ce4", "score": 12.42242960941466}
{"docno": "Se7651763-Abca2cab0", "score": 12.375386637360446}
{"docno": "S953ebf14-A93a5f98d", "score": 12.375386637360446}
{"docno": "S71dc1b90-A47871b4c", "score": 12.370912187911767}
{"docno": "S7577f702-A6e1742fc", "score": 12.344571707017943}
{"docno": "S7b30716f-Ab519ba96", "score": 12.344571707017943}
{"docno": "S458224f5-A13e2043", "score": 12.328698618766408}
{"docno": "S83ad9731-A288c5600", "score": 12.282361551384726}
{"docno": "Sd3db1f68-A9871d61", "score": 12.277954105501253}
{"docno": "S8ce6be05-Ab3dc774d", "score": 12.262863160238492}
{"docno": "S3664614b-Aeb761dea", "score": 12.262863160238492}
{"docno": "Sfc90616d-A84f4f365", "score": 12.19072455986928}
{"docno": "S9f70dcbe-A6a18503f", "score": 12.182229156521078}
{"docno": "S717f527d-Ae6ace9e3", "score": 12.10642536463357}
{"docno": "S2cf34093-A30cb6af7", "score": 12.102648637479705}
{"docno": "S938c7b53-A946e5cc2", "score": 12.102584896738497}
{"docno": "Sbb3f63e1-Aa7a066ed", "score": 12.096166947548536}
{"docno": "Sd67f6b84-A9755b17d", "score": 12.096166947548536}
{"type": "toggleArgument", "timestamp": "2025-06-26T11:41:32.947Z", "sessionID": "3402e008-1237-4aab-922f-458c67a8525a", "rank": "1", "doc": "S8bcc4a46-A683b6775", "action": "expand", "doclen": 1292, "score": 41.2680760364733}
{"type": "StanceClicked", "timestamp": "2025-06-26T11:42:05.627Z", "sessionID": "3402e008-1237-4aab-922f-458c67a8525a", "rank": "1", "stance": "con", "action": "chooseStance", "doc": "S8bcc4a46-A683b6775", "doclen": 1292, "score": 41.2680760364733}
{"type": "toggleArgument", "timestamp": "2025-06-26T11:42:07.434Z", "sessionID": "3402e008-1237-4aab-922f-458c67a8525a", "rank": "2", "doc": "S3207095a-A83bd6c08", "action": "expand", "doclen": 2518, "score": 40.77554699068215}
{"type": "StanceClicked", "timestamp": "2025-06-26T11:42:37.970Z", "sessionID": "3402e008-1237-4aab-922f-458c67a8525a", "rank": "2", "stance": "pro", "action": "chooseStance", "doc": "S3207095a-A83bd6c08", "doclen": 2518, "score": 40.77554699068215}
{"type": "toggleArgument", "timestamp": "2025-06-26T11:42:40.842Z", "sessionID": "3402e008-1237-4aab-922f-458c67a8525a", "rank": "3", "doc": "S35161051-A81501437", "action": "expand", "doclen": 2971, "score": 40.280998970670595}
{"type": "StanceClicked", "timestamp": "2025-06-26T11:42:58.402Z", "sessionID": "3402e008-1237-4aab-922f-458c67a8525a", "rank": "3", "stance": "con", "action": "chooseStance", "doc": "S35161051-A81501437", "doclen": 2971, "score": 40.280998970670595}
{"type": "toggleArgument", "timestamp": "2025-06-26T11:43:01.138Z", "sessionID": "3402e008-1237-4aab-922f-458c67a8525a", "rank": "4", "doc": "S87bd157b-A1433c3c4", "action": "expand", "doclen": 660, "score": 38.44273098568651}
{"type": "toggleArgument", "timestamp": "2025-06-26T11:43:07.808Z", "sessionID": "3402e008-1237-4aab-922f-458c67a8525a", "rank": "5", "doc": "S8ce6be05-A7e62c8d8", "action": "expand", "doclen": 1406, "score": 36.99540279995667}
{"type": "StanceClicked", "timestamp": "2025-06-26T11:43:41.752Z", "sessionID": "3402e008-1237-4aab-922f-458c67a8525a", "rank": "5", "stance": "con", "action": "chooseStance", "doc": "S8ce6be05-A7e62c8d8", "doclen": 1406, "score": 36.99540279995667}
{"type": "queryBoxFocused", "timestamp": "2025-06-26T11:43:47.795Z", "sessionID": "3402e008-1237-4aab-922f-458c67a8525a"}
{"type": "querySubmitted", "timestamp": "2025-06-26T11:43:59.217Z", "sessionID": "3402e008-1237-4aab-922f-458c67a8525a", "query": "penny AND exist*"}
{"docno": "S7c26af48-A4afc389a", "score": 20.471995376302083}
{"docno": "S7c26af48-Aa8f4e0ba", "score": 20.328634445898466}
{"docno": "S3a3f4e49-A8bcf602f", "score": 20.274136309767034}
{"docno": "Sc5a30943-Aaf14ddec", "score": 19.241498688622595}
{"docno": "S8ce6be05-Ab3dc774d", "score": 19.1678258930677}
{"docno": "S652f23f4-Ae0220128", "score": 19.090554503131795}
{"docno": "S953ebf14-A945651f8", "score": 18.72710118584365}
{"docno": "S2e7d8f78-A6120a48e", "score": 18.677092148032987}
{"docno": "S261deb04-A5ed849d0", "score": 18.6415346194628}
{"docno": "S21311659-Afe0947c5", "score": 18.575625238479077}
{"docno": "S953ebf14-A93a5f98d", "score": 18.454850113620655}
{"docno": "S35161051-A81501437", "score": 18.43858233102106}
{"docno": "S953ebef5-Ab2aaac6b", "score": 18.388180080779236}
{"docno": "S261deb04-A5522b232", "score": 18.3668443925896}
{"docno": "S35161051-Ac727df0f", "score": 18.346003925868434}
{"docno": "S922d439b-Ab101b0b4", "score": 18.282148397399276}
{"docno": "S261deb04-A27eaea5", "score": 18.22651878930904}
{"docno": "S3207095a-A83bd6c08", "score": 18.209619768120064}
{"docno": "S652f23f4-A212f7771", "score": 18.157157010093197}
{"docno": "S35161051-A25c4a846", "score": 18.117960752992246}
{"docno": "S64d27e41-A5fa1839e", "score": 18.09784342481501}
{"docno": "S8ce6be05-A7e62c8d8", "score": 18.084135806143586}
{"docno": "Sefaad119-Aea9a3525", "score": 18.044987781457497}
{"docno": "Sc5a30943-A56cc2aad", "score": 17.991542458568013}
{"docno": "S652f23f4-A5e6065bf", "score": 17.986130798394264}
{"docno": "S35161051-Abe61ebcc", "score": 17.892253506262584}
{"docno": "S87bd157b-A1433c3c4", "score": 17.82157158546929}
{"docno": "S8bcc4a46-A3713f9f0", "score": 17.74406279649968}
{"docno": "S540788cc-A806939a3", "score": 17.698236814574848}
{"docno": "S652f23f4-Aa80161bd", "score": 17.659996251894533}
{"docno": "S261deb04-A5982d236", "score": 17.634520747548443}
{"docno": "Sb59a9ba7-A78b7723e", "score": 17.612757305537144}
{"docno": "S2e7d8f78-A44ca8343", "score": 17.591097362557598}
{"docno": "S141e3960-A994e8cc2", "score": 17.549217351819856}
{"docno": "S953ebf14-A523d2cf0", "score": 17.5062835056831}
{"docno": "S19444029-A201b8152", "score": 17.49588973528596}
{"docno": "S261deb04-Ae0b01071", "score": 17.46737040091911}
{"docno": "Sf143e2ae-Ad24c6ed6", "score": 17.4473564941829}
{"docno": "S2fa2d5d5-A9d155a7f", "score": 17.417317333877293}
{"docno": "S3207095a-A40bf30c", "score": 17.385848173107625}
{"docno": "Sab7e692e-A4ca647b2", "score": 17.38367261500826}
{"docno": "S35161051-Ab4db26fc", "score": 17.3513902315844}
{"docno": "S652f23f4-A6c2ea7d6", "score": 17.297151744994768}
{"docno": "S8ce6be05-Aec61401a", "score": 16.999574738915143}
{"docno": "S42633cc5-Ac24ab54e", "score": 16.88471950551847}
{"docno": "S19444029-A14952972", "score": 16.829910141658154}
{"docno": "S141e3960-Aa12a2f1e", "score": 16.82440689988059}
{"docno": "Safb33354-Ad0aa1142", "score": 16.699780741018554}
{"docno": "S64d27e41-Ae2bcb31e", "score": 16.699780741018554}
{"docno": "S35eeec39-A864087d", "score": 16.672194990210084}
{"docno": "S141e3960-A6226e9be", "score": 16.59711719051033}
{"docno": "Safb33354-A9540f751", "score": 16.56516277793856}
{"docno": "S19444029-A99bfb9ca", "score": 16.563385233000638}
{"docno": "S2fa2d5d5-Adc5dfe71", "score": 16.51214979997516}
{"docno": "Sf143e2ae-A9058c0a1", "score": 16.51214979997516}
{"docno": "Safb33354-Abd209659", "score": 16.379362196357715}
{"docno": "S8bcc4a46-A683b6775", "score": 16.30758198022328}
{"docno": "S42633cc5-Abdf36238", "score": 16.303448117446887}
{"docno": "S3a3f4e49-A2b4ff185", "score": 16.218907026011752}
{"docno": "S64d27e41-A422cf719", "score": 16.164989627728257}
{"docno": "S2fa2d5d5-Ada49c3d0", "score": 16.124898340222806}
{"docno": "S3a3f4e49-Abd5c47b6", "score": 16.08992697312917}
{"docno": "S35161051-Add27837", "score": 16.039260790323944}
{"docno": "S261deb04-Acf33df12", "score": 16.01999070926727}
{"docno": "S7c26af48-Ae5a2104c", "score": 15.95065978233566}
{"docno": "S2fa2d5d5-A5077b1d5", "score": 15.919501901765344}
{"docno": "Sf351687c-A6f6df6da", "score": 15.828849458774485}
{"docno": "S5dbc32e9-Ad784f3ef", "score": 15.81378277188451}
{"docno": "S64d27e41-A767f7fd2", "score": 15.696416452575894}
{"docno": "S922d439b-A8e9355eb", "score": 15.64311979597801}
{"docno": "S42633cc5-A79a73ae3", "score": 15.58296274159604}
{"docno": "S8bc322f7-Ac231185c", "score": 15.546957315385443}
{"docno": "Sce686c60-A35d2b91", "score": 15.464135538361296}
{"docno": "S19444029-A5e6e2be4", "score": 15.312181868257605}
{"docno": "Sf143e2ae-A5ec56188", "score": 15.312181868257605}
{"docno": "S7c26af48-A7e3e88e", "score": 15.219821028214414}
{"docno": "Sbb3f63e1-A6ae1c89a", "score": 15.095150703901643}
{"docno": "S5461fdf6-A2f19b140", "score": 14.978317780597548}
{"docno": "S35be6163-Ac8cc8695", "score": 14.972506212756905}
{"docno": "S87bd157b-Ab5176aa6", "score": 14.972506212756905}
{"docno": "S2fa2d5d5-Afcfd82ba", "score": 14.92057689908211}
{"docno": "Saa45f9c6-A8bd78b45", "score": 14.857556827809141}
{"docno": "S652f23f4-A41445004", "score": 14.851838574502533}
{"docno": "S540788cc-A8978d85f", "score": 14.851838574502533}
{"docno": "S953ebef5-A6609c38a", "score": 14.830519513737391}
{"docno": "S6dfe1317-A7d7bb5a6", "score": 14.800741485529201}
{"docno": "S1f6a202a-A432bb827", "score": 14.797903635492444}
{"docno": "S9ca7424d-Aec1c8bc3", "score": 14.771082799610289}
{"docno": "S6dfe12f8-Af8321b92", "score": 14.771082799610289}
{"docno": "Sa7c47a5c-A94c5e692", "score": 14.505913471556571}
{"docno": "S7bf53995-Ad43a6eca", "score": 14.337386012033015}
{"docno": "Sc714f34f-A3d9cf795", "score": 14.058716523352086}
{"docno": "Sc714f34f-A17fab670", "score": 14.058716523352086}
{"docno": "Sc8a7fe12-Ab5073fd0", "score": 13.952276043290489}
{"docno": "Sab7e692e-Adf9b9455", "score": 13.952276043290489}
{"docno": "S32f15628-A17902ca6", "score": 13.744158211811664}
{"docno": "S47443599-A8fc4c58f", "score": 13.744158211811664}
{"docno": "Sf143e2ae-A241833d1", "score": 13.697955902163942}
{"docno": "Seaad08c9-Afe90463f", "score": 13.690796630367457}
{"docno": "S42f2bb8f-Af629f70f", "score": 13.659600574394975}
{"type": "toggleArgument", "timestamp": "2025-06-26T11:44:06.656Z", "sessionID": "3402e008-1237-4aab-922f-458c67a8525a", "rank": "3", "doc": "S3a3f4e49-A8bcf602f", "action": "expand", "doclen": 1997, "score": 18.053394705059176}
{"type": "StanceClicked", "timestamp": "2025-06-26T11:44:20.832Z", "sessionID": "3402e008-1237-4aab-922f-458c67a8525a", "rank": "3", "stance": "pro", "action": "chooseStance", "doc": "S3a3f4e49-A8bcf602f", "doclen": 1997, "score": 18.053394705059176}
{"type": "toggleArgument", "timestamp": "2025-06-26T11:44:24.896Z", "sessionID": "3402e008-1237-4aab-922f-458c67a8525a", "rank": "4", "doc": "Sc5a30943-Aaf14ddec", "action": "expand", "doclen": 594, "score": 29.07983840329485}
{"type": "StanceClicked", "timestamp": "2025-06-26T11:44:38.072Z", "sessionID": "3402e008-1237-4aab-922f-458c67a8525a", "rank": "4", "stance": "pro", "action": "chooseStance", "doc": "Sc5a30943-Aaf14ddec", "doclen": 594, "score": 29.07983840329485}
{"type": "toggleArgument", "timestamp": "2025-06-26T11:44:43.552Z", "sessionID": "3402e008-1237-4aab-922f-458c67a8525a", "rank": "7", "doc": "S953ebf14-A945651f8", "action": "expand", "doclen": 408, "score": 18.72710118584365}
{"type": "queryBoxFocused", "timestamp": "2025-06-26T11:44:56.266Z", "sessionID": "3402e008-1237-4aab-922f-458c67a8525a"}
{"type": "querySubmitted", "timestamp": "2025-06-26T11:45:07.551Z", "sessionID": "3402e008-1237-4aab-922f-458c67a8525a", "query": "penny AND circulation"}
{"docno": "S8ce6be05-Aec61401a", "score": 32.100867699661904}
{"docno": "S8ce6be05-Ab3dc774d", "score": 31.430689053306192}
{"docno": "S35161051-A81501437", "score": 31.304046410813687}
{"docno": "S8bcc4a46-A683b6775", "score": 30.52067856067397}
{"docno": "S3207095a-A83bd6c08", "score": 30.200384708050045}
{"docno": "S42633cc5-Abdf36238", "score": 29.624362630947974}
{"docno": "S141e3960-A994e8cc2", "score": 29.19539350094617}
{"docno": "S87bd157b-A1433c3c4", "score": 28.778953159828475}
{"docno": "S8ce6be05-A7e62c8d8", "score": 25.46296336616294}
{"docno": "S7c26af48-A4afc389a", "score": 24.25825278663805}
{"docno": "S922d439b-Ab101b0b4", "score": 23.19536937269708}
{"docno": "S3a3f4e49-A2b4ff185", "score": 22.39284957258758}
{"docno": "Sce686c60-A35d2b91", "score": 22.078947161786896}
{"docno": "Sc5a30943-Aaf14ddec", "score": 19.241498688622595}
{"docno": "S652f23f4-Ae0220128", "score": 19.090554503131795}
{"docno": "S953ebf14-A945651f8", "score": 18.72710118584365}
{"docno": "S2e7d8f78-A6120a48e", "score": 18.677092148032987}
{"docno": "S261deb04-A5ed849d0", "score": 18.6415346194628}
{"docno": "S21311659-Afe0947c5", "score": 18.575625238479077}
{"docno": "S953ebf14-A93a5f98d", "score": 18.454850113620655}
{"docno": "S953ebef5-Ab2aaac6b", "score": 18.388180080779236}
{"docno": "S261deb04-A5522b232", "score": 18.3668443925896}
{"docno": "S35161051-Ac727df0f", "score": 18.346003925868434}
{"docno": "S261deb04-A27eaea5", "score": 18.22651878930904}
{"docno": "S652f23f4-A212f7771", "score": 18.157157010093197}
{"docno": "S35161051-A25c4a846", "score": 18.117960752992246}
{"docno": "S3a3f4e49-A8bcf602f", "score": 18.053394705059176}
{"docno": "S7c26af48-Aa8f4e0ba", "score": 18.003828319820357}
{"docno": "Sc5a30943-A56cc2aad", "score": 17.991542458568013}
{"docno": "S652f23f4-A5e6065bf", "score": 17.986130798394264}
{"docno": "S35161051-Abe61ebcc", "score": 17.892253506262584}
{"docno": "S8bcc4a46-A3713f9f0", "score": 17.74406279649968}
{"docno": "S540788cc-A806939a3", "score": 17.698236814574848}
{"docno": "S652f23f4-Aa80161bd", "score": 17.659996251894533}
{"docno": "S261deb04-A5982d236", "score": 17.634520747548443}
{"docno": "Sb59a9ba7-A78b7723e", "score": 17.612757305537144}
{"docno": "S2e7d8f78-A44ca8343", "score": 17.591097362557598}
{"docno": "S953ebf14-A523d2cf0", "score": 17.5062835056831}
{"docno": "S19444029-A201b8152", "score": 17.49588973528596}
{"docno": "S261deb04-Ae0b01071", "score": 17.46737040091911}
{"docno": "Sf143e2ae-Ad24c6ed6", "score": 17.4473564941829}
{"docno": "S2fa2d5d5-A9d155a7f", "score": 17.417317333877293}
{"docno": "S3207095a-A40bf30c", "score": 17.385848173107625}
{"docno": "Sab7e692e-A4ca647b2", "score": 17.38367261500826}
{"docno": "S35161051-Ab4db26fc", "score": 17.3513902315844}
{"docno": "S652f23f4-A6c2ea7d6", "score": 17.297151744994768}
{"docno": "S42633cc5-Ac24ab54e", "score": 16.88471950551847}
{"docno": "S19444029-A14952972", "score": 16.829910141658154}
{"docno": "S141e3960-Aa12a2f1e", "score": 16.82440689988059}
{"docno": "Safb33354-Ad0aa1142", "score": 16.699780741018554}
{"docno": "S64d27e41-Ae2bcb31e", "score": 16.699780741018554}
{"docno": "S35eeec39-A864087d", "score": 16.672194990210084}
{"docno": "S141e3960-A6226e9be", "score": 16.59711719051033}
{"docno": "Safb33354-A9540f751", "score": 16.56516277793856}
{"docno": "S19444029-A99bfb9ca", "score": 16.563385233000638}
{"docno": "S2fa2d5d5-Adc5dfe71", "score": 16.51214979997516}
{"docno": "Sf143e2ae-A9058c0a1", "score": 16.51214979997516}
{"docno": "Safb33354-Abd209659", "score": 16.379362196357715}
{"docno": "S64d27e41-A5fa1839e", "score": 16.260838308207067}
{"docno": "S64d27e41-A422cf719", "score": 16.164989627728257}
{"docno": "S2fa2d5d5-Ada49c3d0", "score": 16.124898340222806}
{"docno": "S3a3f4e49-Abd5c47b6", "score": 16.08992697312917}
{"docno": "S35161051-Add27837", "score": 16.039260790323944}
{"docno": "S261deb04-Acf33df12", "score": 16.01999070926727}
{"docno": "S7c26af48-Ae5a2104c", "score": 15.95065978233566}
{"docno": "S2fa2d5d5-A5077b1d5", "score": 15.919501901765344}
{"docno": "S5dbc32e9-Ad784f3ef", "score": 15.81378277188451}
{"docno": "S64d27e41-A767f7fd2", "score": 15.696416452575894}
{"docno": "S922d439b-A8e9355eb", "score": 15.64311979597801}
{"docno": "S42633cc5-A79a73ae3", "score": 15.58296274159604}
{"docno": "S8bc322f7-Ac231185c", "score": 15.546957315385443}
{"docno": "S19444029-A5e6e2be4", "score": 15.312181868257605}
{"docno": "Sf143e2ae-A5ec56188", "score": 15.312181868257605}
{"docno": "S7c26af48-A7e3e88e", "score": 15.219821028214414}
{"docno": "Sc4e8d546-A6840b489", "score": 15.10129296074676}
{"docno": "Sbb3f63e1-A6ae1c89a", "score": 15.095150703901643}
{"docno": "S5461fdf6-A2f19b140", "score": 14.978317780597548}
{"docno": "S35be6163-Ac8cc8695", "score": 14.972506212756905}
{"docno": "S87bd157b-Ab5176aa6", "score": 14.972506212756905}
{"docno": "S2e829d23-A6c0e1f9b", "score": 14.931269457648375}
{"docno": "S2fa2d5d5-Afcfd82ba", "score": 14.92057689908211}
{"docno": "Saa45f9c6-A8bd78b45", "score": 14.857556827809141}
{"docno": "S652f23f4-A41445004", "score": 14.851838574502533}
{"docno": "S540788cc-A8978d85f", "score": 14.851838574502533}
{"docno": "S953ebef5-A6609c38a", "score": 14.830519513737391}
{"docno": "S6dfe1317-A7d7bb5a6", "score": 14.800741485529201}
{"docno": "S1f6a202a-A432bb827", "score": 14.797903635492444}
{"docno": "S9ca7424d-Aec1c8bc3", "score": 14.771082799610289}
{"docno": "S6dfe12f8-Af8321b92", "score": 14.771082799610289}
{"docno": "S1e511d1-A6903c5a8", "score": 14.578785852217406}
{"docno": "S7bf53995-Ad43a6eca", "score": 14.337386012033015}
{"docno": "Sc714f34f-A3d9cf795", "score": 14.058716523352086}
{"docno": "Sc714f34f-A17fab670", "score": 14.058716523352086}
{"docno": "S569d18df-Ab2d0d6b3", "score": 14.026895869142606}
{"docno": "Sefaad119-Aea9a3525", "score": 13.986334516323401}
{"docno": "Sc8a7fe12-Ab5073fd0", "score": 13.952276043290489}
{"docno": "Sab7e692e-Adf9b9455", "score": 13.952276043290489}
{"docno": "S32f15628-A17902ca6", "score": 13.744158211811664}
{"docno": "S47443599-A8fc4c58f", "score": 13.744158211811664}
{"docno": "S89cb1ab3-A588410b4", "score": 13.715372933842543}
{"type": "toggleArgument", "timestamp": "2025-06-26T11:45:12.527Z", "sessionID": "3402e008-1237-4aab-922f-458c67a8525a", "rank": "1", "doc": "S8ce6be05-Aec61401a", "action": "expand", "doclen": 974, "score": 32.100867699661904}
{"type": "toggleArgument", "timestamp": "2025-06-26T11:45:50.286Z", "sessionID": "3402e008-1237-4aab-922f-458c67a8525a", "rank": "2", "doc": "S8ce6be05-Ab3dc774d", "action": "expand", "doclen": 445, "score": 31.430689053306192}
{"type": "toggleArgument", "timestamp": "2025-06-26T11:45:56.142Z", "sessionID": "3402e008-1237-4aab-922f-458c67a8525a", "rank": "6", "doc": "S42633cc5-Abdf36238", "action": "expand", "doclen": 297, "score": 29.624362630947974}
{"type": "toggleArgument", "timestamp": "2025-06-26T11:46:00.607Z", "sessionID": "3402e008-1237-4aab-922f-458c67a8525a", "rank": "7", "doc": "S141e3960-A994e8cc2", "action": "expand", "doclen": 622, "score": 29.19539350094617}
{"type": "pageNavigationClicked", "timestamp": "2025-06-26T11:46:17.370Z", "sessionID": "3402e008-1237-4aab-922f-458c67a8525a", "clicked": "2", "fromPage": 1, "toPage": 2}
{"type": "toggleArgument", "timestamp": "2025-06-26T11:46:29.659Z", "sessionID": "3402e008-1237-4aab-922f-458c67a8525a", "rank": "18", "doc": "S261deb04-A5ed849d0", "action": "expand", "doclen": 593, "score": 32.88906178028636}
{"type": "toggleArgument", "timestamp": "2025-06-26T11:46:36.794Z", "sessionID": "3402e008-1237-4aab-922f-458c67a8525a", "rank": "19", "doc": "S21311659-Afe0947c5", "action": "expand", "doclen": 2651, "score": 32.397197519536135}
{"type": "pageNavigationClicked", "timestamp": "2025-06-26T11:46:44.210Z", "sessionID": "3402e008-1237-4aab-922f-458c67a8525a", "clicked": "3", "fromPage": 2, "toPage": 3}
{"type": "toggleArgument", "timestamp": "2025-06-26T11:46:50.090Z", "sessionID": "3402e008-1237-4aab-922f-458c67a8525a", "rank": "21", "doc": "S953ebef5-Ab2aaac6b", "action": "expand", "doclen": 1044, "score": 31.286121261248663}
{"type": "toggleArgument", "timestamp": "2025-06-26T11:46:56.146Z", "sessionID": "3402e008-1237-4aab-922f-458c67a8525a", "rank": "22", "doc": "S261deb04-A5522b232", "action": "expand", "doclen": 613, "score": 18.3668443925896}
{"type": "toggleArgument", "timestamp": "2025-06-26T11:47:19.281Z", "sessionID": "3402e008-1237-4aab-922f-458c67a8525a", "rank": "26", "doc": "S35161051-A25c4a846", "action": "expand", "doclen": 2981, "score": 25.560843523663575}
{"type": "StanceClicked", "timestamp": "2025-06-26T11:48:27.142Z", "sessionID": "3402e008-1237-4aab-922f-458c67a8525a", "rank": "26", "stance": "pro", "action": "chooseStance", "doc": "S35161051-A25c4a846", "doclen": 2981, "score": 25.560843523663575}
{"type": "toggleArgument", "timestamp": "2025-06-26T11:48:33.710Z", "sessionID": "3402e008-1237-4aab-922f-458c67a8525a", "rank": "28", "doc": "S7c26af48-Aa8f4e0ba", "action": "expand", "doclen": 1736, "score": 27.529452092994905}
{"type": "pageNavigationClicked", "timestamp": "2025-06-26T11:48:43.350Z", "sessionID": "3402e008-1237-4aab-922f-458c67a8525a", "clicked": "4", "fromPage": 3, "toPage": 4}
{"type": "toggleArgument", "timestamp": "2025-06-26T11:48:47.702Z", "sessionID": "3402e008-1237-4aab-922f-458c67a8525a", "rank": "33", "doc": "S540788cc-A806939a3", "action": "expand", "doclen": 2421, "score": 17.698236814574848}
{"type": "queryBoxFocused", "timestamp": "2025-06-26T11:49:05.449Z", "sessionID": "3402e008-1237-4aab-922f-458c67a8525a"}
{"type": "querySubmitted", "timestamp": "2025-06-26T11:49:20.816Z", "sessionID": "3402e008-1237-4aab-922f-458c67a8525a", "query": "currency and CIRCULATION"}
{"docno": "S926ab420-A11569547", "score": 24.516844094470464}
{"docno": "S4da47715-Aaf26bbc6", "score": 23.744293885954285}
{"docno": "S8ce6be05-Aec61401a", "score": 23.304871764761643}
{"docno": "S34acca0b-A63a39dc7", "score": 22.058527268068218}
{"docno": "S141e3960-A994e8cc2", "score": 21.654659881783957}
{"docno": "S8bcc4a46-A683b6775", "score": 21.547494255158142}
{"docno": "S9bed51cb-A830ae4d6", "score": 19.675716077135867}
{"docno": "Sa7780b0e-A4cb9e400", "score": 19.552320116474448}
{"docno": "S2ca268ea-A57ffa278", "score": 19.22952570611472}
{"docno": "Sbd71687e-Aad571955", "score": 18.919292521820815}
{"docno": "S5d1e2a1d-A8b42b8cb", "score": 18.6162307755747}
{"docno": "S21579906-Aed6d25df", "score": 18.61262669784611}
{"docno": "Sbc5602ad-A271d3b74", "score": 18.302838214393446}
{"docno": "Sb841f71e-A3561476d", "score": 18.028183311947934}
{"docno": "S136ea028-Aeb04500f", "score": 17.841440692242315}
{"docno": "Secf1b7d4-A790134ed", "score": 17.647415457722737}
{"docno": "Sca5aab63-Aecf7b567", "score": 17.51504563482657}
{"docno": "Secf1b7d4-Ab0df37cd", "score": 17.420167076280734}
{"docno": "S136ea028-Aa36ded68", "score": 17.303725444253068}
{"docno": "S36065671-Aa10ae9ee", "score": 16.572180968036818}
{"docno": "S31201c82-A57a3d236", "score": 16.39768733072617}
{"docno": "S50840569-Ab805d005", "score": 16.230814766179005}
{"docno": "S8f18f901-A8c02a79e", "score": 15.859476186563233}
{"docno": "S60aeca5f-A6fdc8619", "score": 15.84093404743495}
{"docno": "S545f2068-A65a9f1d3", "score": 15.786446637558694}
{"docno": "S2684c983-A2a1c0914", "score": 15.727518298028503}
{"docno": "S7447c3d2-A26d70737", "score": 15.6701793949779}
{"docno": "Sa7780b0e-Acff793ac", "score": 15.656007870268176}
{"docno": "S27d290e5-A72558d4e", "score": 15.634764147093138}
{"docno": "S3a83ec69-A55bc6fb5", "score": 15.5781859785959}
{"docno": "S27d290e5-Ab33bbb9a", "score": 15.569841443574198}
{"docno": "S298a4e4e-Af54b13e9", "score": 15.339951270571339}
{"docno": "S8f18f901-A590be6c4", "score": 15.33806936540975}
{"docno": "S76daee2e-A12d5501", "score": 15.30704787007598}
{"docno": "S19c0645b-A1970b86d", "score": 15.231154289286014}
{"docno": "S2b86e7d-A28f0d192", "score": 15.105242534119402}
{"docno": "Sc4e8d546-A6840b489", "score": 15.10129296074676}
{"docno": "S7c26af48-A4afc389a", "score": 15.017718360434834}
{"docno": "S72f7dba3-A43e7bc07", "score": 14.9625047311345}
{"docno": "S12f96cee-Ae1c981b5", "score": 14.935208877595198}
{"docno": "S2e829d23-A6c0e1f9b", "score": 14.931269457648375}
{"docno": "S88fd29eb-A32b36330", "score": 14.926320221567423}
{"docno": "S492eab8f-Ab1b021a1", "score": 14.921127076407874}
{"docno": "Sd75f3c34-A48ab1cae", "score": 14.727618123820404}
{"docno": "S3d9e8a34-A1da7e66b", "score": 14.604666491310569}
{"docno": "S1e511d1-A6903c5a8", "score": 14.578785852217406}
{"docno": "Sd75f3c34-Aa600ed5b", "score": 14.535875988432503}
{"docno": "Se71e63b8-Acd1ee821", "score": 14.469200284673121}
{"docno": "Sda169539-Acccc0d1f", "score": 14.428202035887637}
{"docno": "S846238d1-A81e97f5d", "score": 14.40748095896794}
{"docno": "S8f18f901-A686bd86d", "score": 14.344130286732081}
{"docno": "S53cc943a-Ab551477b", "score": 14.339503239692313}
{"docno": "S27d290e5-A250cfc05", "score": 14.339503239692313}
{"docno": "S886881ab-A81d06e8e", "score": 14.278276209618097}
{"docno": "Sc334cbf0-A6bb48473", "score": 14.275219438650257}
{"docno": "Sd75f3c34-A68b44324", "score": 14.240573697204608}
{"docno": "Sc334cbf0-Ad3b979ef", "score": 14.21150943213387}
{"docno": "S8681aadf-A8cfc5f10", "score": 14.173366830937653}
{"docno": "Sc0e5eb3c-Aa75d77d2", "score": 14.148365571778648}
{"docno": "S35eeec39-A39897146", "score": 14.148365571778648}
{"docno": "S27d290e5-A7d6fc186", "score": 14.148365571778648}
{"docno": "S88869144-A5c32b37c", "score": 14.08578034455011}
{"docno": "Se52fcb79-Adfc140fa", "score": 14.055930425350958}
{"docno": "S569d18df-Ab2d0d6b3", "score": 14.026895869142606}
{"docno": "S57a3df7d-Af2c839dc", "score": 14.023746369763813}
{"docno": "Sf02ab38f-Ad642df42", "score": 13.873911990056254}
{"docno": "S18ae5977-A949c199d", "score": 13.864805525572272}
{"docno": "S34acca0b-A1e2916ac", "score": 13.842795659334588}
{"docno": "S8b1c78a-Ac6a353f3", "score": 13.840880078061033}
{"docno": "S886881ab-Aeda8ea86", "score": 13.813726136263917}
{"docno": "Sc56e1a8f-Aa70aad", "score": 13.763021729075357}
{"docno": "Sbee5e27f-A39cdc58d", "score": 13.721595863715761}
{"docno": "S89cb1ab3-A588410b4", "score": 13.715372933842543}
{"docno": "S886881ab-A32dca4c5", "score": 13.694907492948186}
{"docno": "S492eab8f-A64f0329c", "score": 13.654361611558894}
{"docno": "S920ef6ab-A39c9ab2", "score": 13.62746414158057}
{"docno": "Saa45f9c6-A65d60113", "score": 13.611615577712067}
{"docno": "S1da57a14-A21155622", "score": 13.59172075611523}
{"docno": "S9ed1b1c1-A9783710c", "score": 13.56755236672126}
{"docno": "S8d13310d-Aff173b03", "score": 13.56755236672126}
{"docno": "S953ebef5-A24d2786c", "score": 13.490910486116611}
{"docno": "S92d9fcee-Addb8b6ba", "score": 13.452154628139231}
{"docno": "Sd75f3c34-Ad241e0c0", "score": 13.432190797495526}
{"docno": "S174c1378-A346f9595", "score": 13.432190797495526}
{"docno": "S8bc322f7-Ac231185c", "score": 13.432190797495526}
{"docno": "Sde555639-Ad5226761", "score": 13.415129627827561}
{"docno": "S369e6f20-A359526cd", "score": 13.320914513501087}
{"docno": "S42633cc5-Abdf36238", "score": 13.320914513501087}
{"docno": "Sb814bee3-Ac82f8162", "score": 13.264334277967786}
{"docno": "S34acca0b-Aee10354b", "score": 13.176351642522484}
{"docno": "Sdd3dc93e-Ad0a496c", "score": 13.13207324419331}
{"docno": "S7d741cc1-A8f44cabd", "score": 13.114504091817086}
{"docno": "S18ae5977-A91fc0f8f", "score": 13.104053983436824}
{"docno": "S3fb53ecd-A664ae622", "score": 13.090111849191432}
{"docno": "Sa6dd8264-A7ab9c800", "score": 13.07629165373564}
{"docno": "S63cad73d-Ab154fe01", "score": 13.039646280845425}
{"docno": "S4b589745-A94fbc908", "score": 13.010781821454922}
{"docno": "S7b1ebcce-Ad42c87c0", "score": 12.984539585727639}
{"docno": "Sbbc02f11-Ab6ff4bb3", "score": 12.952834460513143}
{"docno": "Sea99c80f-Aada46205", "score": 12.944489003111983}
{"type": "toggleArgument", "timestamp": "2025-06-26T11:49:26.912Z", "sessionID": "3402e008-1237-4aab-922f-458c67a8525a", "rank": "3", "doc": "S8ce6be05-Aec61401a", "action": "expand", "doclen": 974, "score": 32.100867699661904}
{"type": "toggleArgument", "timestamp": "2025-06-26T11:49:33.151Z", "sessionID": "3402e008-1237-4aab-922f-458c67a8525a", "rank": "6", "doc": "S8bcc4a46-A683b6775", "action": "expand", "doclen": 1292, "score": 41.2680760364733}
{"type": "toggleArgument", "timestamp": "2025-06-26T11:49:42.399Z", "sessionID": "3402e008-1237-4aab-922f-458c67a8525a", "rank": "8", "doc": "Sa7780b0e-A4cb9e400", "action": "expand", "doclen": 1927, "score": 19.552320116474448}
{"type": "queryBoxFocused", "timestamp": "2025-06-26T11:49:59.810Z", "sessionID": "3402e008-1237-4aab-922f-458c67a8525a"}
{"type": "querySubmitted", "timestamp": "2025-06-26T11:50:18.290Z", "sessionID": "3402e008-1237-4aab-922f-458c67a8525a", "query": "cent AND circulation"}
{"docno": "S8bcc4a46-A683b6775", "score": 24.96049405625002}
{"docno": "S3207095a-A83bd6c08", "score": 22.565927222562088}
{"docno": "S35161051-A81501437", "score": 21.84241663964954}
{"docno": "S87bd157b-A1433c3c4", "score": 20.621159400217216}
{"docno": "S8ce6be05-A7e62c8d8", "score": 18.911266993813086}
{"docno": "Se52fcb79-Adfc140fa", "score": 17.40064361505418}
{"docno": "S922d439b-A8e9355eb", "score": 15.957453352941984}
{"docno": "S19444029-A99bfb9ca", "score": 15.837884302960369}
{"docno": "Sce686c60-A35d2b91", "score": 15.517617610849054}
{"docno": "Sa0619794-A6362f453", "score": 15.506559960864715}
{"docno": "S2fa2d5d5-A1afd500f", "score": 15.109428649256836}
{"docno": "S8ce6be05-Aec61401a", "score": 15.10129296074676}
{"docno": "Sc4e8d546-A6840b489", "score": 15.10129296074676}
{"docno": "Sbb3f63e1-A1b5de0ea", "score": 15.069614122680354}
{"docno": "S19444029-Acc7f15b2", "score": 14.98810966653317}
{"docno": "S2e829d23-A6c0e1f9b", "score": 14.931269457648375}
{"docno": "S47443599-A8fc4c58f", "score": 14.78255300882003}
{"docno": "S5461fdf6-A2f19b140", "score": 14.718094675546421}
{"docno": "S2fa2d5d5-Adc5dfe71", "score": 14.640647488290567}
{"docno": "Sf143e2ae-A9058c0a1", "score": 14.640647488290567}
{"docno": "S1e511d1-A6903c5a8", "score": 14.578785852217406}
{"docno": "S9443a255-A39698330", "score": 14.332434512765918}
{"docno": "S13a078fc-A5227c58c", "score": 14.331834167837847}
{"docno": "S87bd157b-A535fbc54", "score": 14.328833197441785}
{"docno": "S6952f0f3-Ac7ddda31", "score": 14.317635545781059}
{"docno": "Sc51f941a-A75743e89", "score": 14.254171405124373}
{"docno": "S261deb04-A5ed849d0", "score": 14.247527160823562}
{"docno": "Sb58ff37e-Adf85a11c", "score": 14.247527160823562}
{"docno": "S480d5f00-A45b03709", "score": 14.207219179464168}
{"docno": "Se52fcb79-Afcc90b8b", "score": 14.164305697921353}
{"docno": "Sb58ff37e-Aac529aac", "score": 14.083786294761962}
{"docno": "Sba6d2797-Abe7df212", "score": 14.043437457629773}
{"docno": "S569d18df-Ab2d0d6b3", "score": 14.026895869142606}
{"docno": "Scf4c9cbf-A7d5096a1", "score": 14.024307602167775}
{"docno": "S953ebef5-A6609c38a", "score": 13.98886092010391}
{"docno": "S42f8393e-A9da66240", "score": 13.845112176139333}
{"docno": "S21311659-Afe0947c5", "score": 13.821572281057056}
{"docno": "S922d439b-Ab101b0b4", "score": 13.808720467466781}
{"docno": "Sb477d5a-Aa1845f1a", "score": 13.728783187666394}
{"docno": "S240561fd-A115d1b34", "score": 13.726947224934639}
{"docno": "S89cb1ab3-A588410b4", "score": 13.715372933842543}
{"docno": "S50fea1d1-A67191d95", "score": 13.652310497028568}
{"docno": "S72d43567-A7fb88ce5", "score": 13.464804830965216}
{"docno": "Sff045079-Aa14bddae", "score": 13.444575954305018}
{"docno": "Se52fcb79-Ac383fb10", "score": 13.419607592845129}
{"docno": "S7c26af48-A4afc389a", "score": 13.377104122922123}
{"docno": "S42f8393e-Acb2cbb7d", "score": 13.354753483353987}
{"docno": "Se52fcb79-A24ceacec", "score": 13.337452706539644}
{"docno": "S369e6f20-A359526cd", "score": 13.320914513501087}
{"docno": "S42633cc5-Abdf36238", "score": 13.320914513501087}
{"docno": "S926ab420-A11569547", "score": 13.185498479477754}
{"docno": "S9896d40f-A59533163", "score": 13.176124147003934}
{"docno": "S36935c1f-A720361ed", "score": 13.173587612045859}
{"docno": "S7586c730-Ad93b80a5", "score": 13.168517470851347}
{"docno": "Sdd3dc93e-Ad0a496c", "score": 13.13207324419331}
{"docno": "S3fb53ecd-A664ae622", "score": 13.090111849191432}
{"docno": "Sa86f5da2-Afeb74ae7", "score": 13.068226548648349}
{"docno": "Sfaa4d872-Aaf62e675", "score": 13.063237168762157}
{"docno": "S63cad73d-Ab154fe01", "score": 13.039646280845425}
{"docno": "S7b1ebcce-Ad42c87c0", "score": 12.984539585727639}
{"docno": "S2fa2d5d5-A7fcff6dc", "score": 12.966994110223164}
{"docno": "Se6756185-Aea439b0b", "score": 12.95962691501898}
{"docno": "Sbbc02f11-Ab6ff4bb3", "score": 12.952834460513143}
{"docno": "Sef6663ee-Aaafed77d", "score": 12.916557411728832}
{"docno": "S57a3df7d-A6a880a13", "score": 12.913307495865118}
{"docno": "S953ebef5-Ab2aaac6b", "score": 12.897941180469427}
{"docno": "Sfd3161b0-A9382a8a4", "score": 12.857647284664417}
{"docno": "S4da47715-Aaf26bbc6", "score": 12.77001027224933}
{"docno": "Sbd4972ff-A84f2ae91", "score": 12.75726008399622}
{"docno": "S405348e6-A5231a38c", "score": 12.751188036243109}
{"docno": "S42633cc5-A79a73ae3", "score": 12.697481332263267}
{"docno": "S281ab12-A7ac109c6", "score": 12.614233240019336}
{"docno": "Sc51f941a-A6839f97e", "score": 12.56572919217936}
{"docno": "Sfaa4d872-A76250178", "score": 12.561116069225827}
{"docno": "S7c667121-A3a619bab", "score": 12.517596729503536}
{"docno": "Sba131e59-A6518566f", "score": 12.511299507486905}
{"docno": "S2684c983-A21155554", "score": 12.511299507486905}
{"docno": "S48f7851c-Ac3154106", "score": 12.511299507486905}
{"docno": "S6b7fbea6-A123f1fa7", "score": 12.503157217824134}
{"docno": "S92b49ca0-Ae2ef227e", "score": 12.473205753634696}
{"docno": "Sc714f34f-A17fab670", "score": 12.465288605637133}
{"docno": "Se888ea60-A5ca45c11", "score": 12.433350598139508}
{"docno": "S9443a255-A8dd79ce4", "score": 12.42242960941466}
{"docno": "Se7651763-Abca2cab0", "score": 12.375386637360446}
{"docno": "S953ebf14-A93a5f98d", "score": 12.375386637360446}
{"docno": "S71dc1b90-A47871b4c", "score": 12.370912187911767}
{"docno": "S7577f702-A6e1742fc", "score": 12.344571707017943}
{"docno": "S7b30716f-Ab519ba96", "score": 12.344571707017943}
{"docno": "S458224f5-A13e2043", "score": 12.328698618766408}
{"docno": "S83ad9731-A288c5600", "score": 12.282361551384726}
{"docno": "Sd3db1f68-A9871d61", "score": 12.277954105501253}
{"docno": "S8ce6be05-Ab3dc774d", "score": 12.262863160238492}
{"docno": "S3664614b-Aeb761dea", "score": 12.262863160238492}
{"docno": "Sfc90616d-A84f4f365", "score": 12.19072455986928}
{"docno": "S9f70dcbe-A6a18503f", "score": 12.182229156521078}
{"docno": "S717f527d-Ae6ace9e3", "score": 12.10642536463357}
{"docno": "S2cf34093-A30cb6af7", "score": 12.102648637479705}
{"docno": "S938c7b53-A946e5cc2", "score": 12.102584896738497}
{"docno": "Sbb3f63e1-Aa7a066ed", "score": 12.096166947548536}
{"docno": "Sd67f6b84-A9755b17d", "score": 12.096166947548536}
{"type": "toggleArgument", "timestamp": "2025-06-26T11:50:24.857Z", "sessionID": "3402e008-1237-4aab-922f-458c67a8525a", "rank": "7", "doc": "S922d439b-A8e9355eb", "action": "expand", "doclen": 1245, "score": 31.60057314891999}
{"type": "toggleArgument", "timestamp": "2025-06-26T11:50:41.426Z", "sessionID": "3402e008-1237-4aab-922f-458c67a8525a", "rank": "9", "doc": "Sce686c60-A35d2b91", "action": "expand", "doclen": 1793, "score": 30.98175314921035}
{"type": "StanceClicked", "timestamp": "2025-06-26T11:51:12.834Z", "sessionID": "3402e008-1237-4aab-922f-458c67a8525a", "rank": "9", "stance": "con", "action": "chooseStance", "doc": "Sce686c60-A35d2b91", "doclen": 1793, "score": 30.98175314921035}
{"type": "ClickedEndTask", "timestamp": "2025-06-26T11:51:16.419Z", "sessionID": "3402e008-1237-4aab-922f-458c67a8525a"}
{"type": "TaskEndConfirmed", "timestamp": "2025-06-26T11:51:18.123Z", "sessionID": "3402e008-1237-4aab-922f-458c67a8525a"}
{"type": "TaskEnded", "timestamp": "2025-06-26T11:51:25.835Z", "sessionID": "3402e008-1237-4aab-922f-458c67a8525a", "reason": "time is up", "translated_reason": "Time is up"}
