{"type": "idSubmitted", "timestamp": "2025-06-26T10:21:43.896Z", "sessionID": "3b43c010-fb96-47d8-9173-87e7942728b4", "uid": "Participant46"}
{"type": "TaskStarted", "timestamp": "2025-06-26T10:24:17.634Z", "sessionID": "3b43c010-fb96-47d8-9173-87e7942728b4", "task": "1", "uid": "Participant46", "topic": "Do standardized tests improve education?"}
{"type": "queryBoxFocused", "timestamp": "2025-06-26T10:24:28.757Z", "sessionID": "3b43c010-fb96-47d8-9173-87e7942728b4"}
{"type": "querySubmitted", "timestamp": "2025-06-26T10:24:52.258Z", "sessionID": "3b43c010-fb96-47d8-9173-87e7942728b4", "query": "standardized AND education"}
{"docno": "S4c11bb9f-Ad30e3f5", "score": 18.520351037496887}
{"docno": "S4c11bb9f-A3fadca06", "score": 18.282492934174726}
{"docno": "Sb760073d-A1ea65fbd", "score": 17.47949769447267}
{"docno": "Seb991d36-A8a5e7e35", "score": 17.09007291808034}
{"docno": "Sb760073d-Ad6589f49", "score": 16.599439246340808}
{"docno": "Sb760075c-A5bb776ef", "score": 16.519373336391673}
{"docno": "S40f19507-Acf1222ac", "score": 16.379568838102898}
{"docno": "S9bab90c3-A3e9c68e", "score": 16.288232324964866}
{"docno": "S4844ac-Aff327a27", "score": 16.121315015539384}
{"docno": "Se4d12b1a-Ad4b0ca1f", "score": 16.008218525812534}
{"docno": "Seb991d36-A995db491", "score": 15.999773546986559}
{"docno": "Sa7daa470-Ac5b2a44f", "score": 15.807294351185531}
{"docno": "Sf4c47f89-Af4f7d4b3", "score": 15.715007262527603}
{"docno": "Sf4c47f89-A2973ab36", "score": 15.649272130813143}
{"docno": "S4c11bb9f-A38acd02e", "score": 15.619647013791958}
{"docno": "Sfee342e6-Af7eb8f5", "score": 15.6136465457333}
{"docno": "S40f19507-A94423ac1", "score": 15.587287389230047}
{"docno": "S172814ea-Ad7f3a4", "score": 15.563346946500124}
{"docno": "Sccfc1c03-A678d07de", "score": 15.54587121158557}
{"docno": "S7cb4f1d5-Abc58d2d7", "score": 15.534045150407374}
{"docno": "S57cce9d6-Ac260ceb7", "score": 15.534045150407374}
{"docno": "S7cb4f197-Abc58d2d7", "score": 15.534045150407374}
{"docno": "S5fe1936c-Aa944e86c", "score": 15.534045150407374}
{"docno": "S19e92b30-Abc58d2d7", "score": 15.534045150407374}
{"docno": "S19e92b11-Abc58d2d7", "score": 15.534045150407374}
{"docno": "S40f19507-Afa41e4d5", "score": 15.525500045607282}
{"docno": "S2d7a6fbd-Ae648398f", "score": 15.50883383116}
{"docno": "Sd735e594-A2ffbc28e", "score": 15.491849834173088}
{"docno": "S2e0cb8e2-A6091f0de", "score": 15.391740443186073}
{"docno": "Sc25a3019-A643ee388", "score": 15.285314487054354}
{"docno": "S4c11bb9f-A9bfe80bf", "score": 15.27064935163377}
{"docno": "S440fb971-A2ff21247", "score": 15.269102642586063}
{"docno": "Sf15a551d-A83664266", "score": 15.236478153706816}
{"docno": "S69794a99-Aefe0215b", "score": 15.198187150069398}
{"docno": "S40f19507-Ad1edb03b", "score": 15.162141902852309}
{"docno": "S91988e1b-A196cf4ab", "score": 15.14254764888906}
{"docno": "S679b6cfe-A99c60630", "score": 15.128796929043215}
{"docno": "S4ef7a9a4-Ae75ae5b1", "score": 15.088634849222068}
{"docno": "Sab3b5048-Ab04b3e50", "score": 14.959264514507467}
{"docno": "S40f19507-A8aa25259", "score": 14.869942731063542}
{"docno": "Sa64c3b09-A99c1ddaf", "score": 14.869538456772052}
{"docno": "S408fd073-Aa8738ee", "score": 14.764201416326443}
{"docno": "S440fb971-A3ce5e9d7", "score": 14.761196243865147}
{"docno": "S1eba8643-Afabec903", "score": 14.751407876294067}
{"docno": "Sba9c10f1-Aa2213add", "score": 14.664180670697526}
{"docno": "S88308cf4-Afe3bc1f5", "score": 14.61043033551033}
{"docno": "Sa513ba08-Ad7caebad", "score": 14.604881302798823}
{"docno": "S356ffa3b-Affec9555", "score": 14.589418260409946}
{"docno": "S8703c5ca-Ad679a484", "score": 14.573871912400698}
{"docno": "S4c11bb9f-Ae5268db5", "score": 14.563968942987755}
{"docno": "S3e475b77-A2b22cfa1", "score": 14.530523063633288}
{"docno": "S1f7584dd-A9d748459", "score": 14.420554483784674}
{"docno": "S8fc596c-Aaae11e20", "score": 14.406291179311623}
{"docno": "S4595ce6e-Af50aae4c", "score": 14.385611183479583}
{"docno": "S91160e14-A8d32cc2a", "score": 14.357275504893876}
{"docno": "Sf5635870-A4716be8a", "score": 14.326909323173673}
{"docno": "S4db6375b-Ac5bf8011", "score": 14.305180215798297}
{"docno": "Sb760075c-A9ad4c619", "score": 14.297978111758201}
{"docno": "Sb075d8db-Aff8daee8", "score": 14.28853348119727}
{"docno": "Sc6644f51-A2c800ffe", "score": 14.287563019264791}
{"docno": "Sbe50aaf1-A32a60f32", "score": 14.230496449198252}
{"docno": "Sae75cce-Ad67476db", "score": 14.228471248850564}
{"docno": "Sb760077b-Ac9af882f", "score": 14.228471248850564}
{"docno": "Sf0c8d782-A3480a86b", "score": 14.138744564024652}
{"docno": "Sf0c8d763-A3480a86b", "score": 14.138744564024652}
{"docno": "Sb5a3d064-A35746c20", "score": 14.086103542639677}
{"docno": "Sc997f079-A77f8df45", "score": 14.083564368981229}
{"docno": "Sf4164377-Ae1878c43", "score": 14.056157918815886}
{"docno": "Sef0c6ee0-A7110e06e", "score": 14.056157918815886}
{"docno": "Sa0f3ed1-Abdba504", "score": 14.054948650979025}
{"docno": "S55e70ef-Aa45aa508", "score": 14.051720613429184}
{"docno": "S57f5b0cf-A54cd5879", "score": 14.02351658538517}
{"docno": "Sc5b2aa77-Ab7002238", "score": 14.018571354609715}
{"docno": "S44ad5a7a-A94552b4c", "score": 14.013978114241072}
{"docno": "S71a255b8-Af257616a", "score": 13.998746435330162}
{"docno": "Se0a57ad2-Addbfd350", "score": 13.91889970531189}
{"docno": "Seb991d36-A3c225544", "score": 13.894536649913011}
{"docno": "S5b62c166-Af6b913ec", "score": 13.87244255548855}
{"docno": "S8a50cba1-Af301c20a", "score": 13.865776484650421}
{"docno": "S69c8cd12-A1043e13f", "score": 13.848042708591144}
{"docno": "S50e33842-Aa7feed22", "score": 13.834289250081941}
{"docno": "Sb1b728fa-A2919f6d8", "score": 13.799062472937097}
{"docno": "S440fb971-Af5a00379", "score": 13.777678176601231}
{"docno": "Sa2be6a7e-A27754332", "score": 13.650755832470871}
{"docno": "S378f5f8b-A45707cdb", "score": 13.585158194193083}
{"docno": "S4844ac-Acd0a5c3c", "score": 13.577523068192136}
{"docno": "S2d7a6fbd-A60015950", "score": 13.556131228569559}
{"docno": "S8fc596c-A84de5f96", "score": 13.549451090367619}
{"docno": "Sa23436f0-Ae68c45c5", "score": 13.511597368504058}
{"docno": "Sab3b5048-A1688f7f9", "score": 13.484927293489534}
{"docno": "S9da6cac0-A5a6f3414", "score": 13.445759422324269}
{"docno": "Scafa7193-Aee851937", "score": 13.425588701753078}
{"docno": "S87aab5cc-A795658a2", "score": 13.423741698269314}
{"docno": "Sd38ab972-Ab3e0790a", "score": 13.394206768937003}
{"docno": "Sb075d8db-Aac99a65f", "score": 13.377865961487187}
{"docno": "S4c11bb9f-Add9202b3", "score": 13.36944144303784}
{"docno": "S57eef5d2-A9666abe7", "score": 13.356565162220114}
{"docno": "S6aa1492a-A9ea13336", "score": 13.351105230549468}
{"docno": "Sc1fbdad7-Aa08192a0", "score": 13.318459520538141}
{"docno": "S8f877d84-A72b29b96", "score": 13.282686446253933}
{"type": "toggleArgument", "timestamp": "2025-06-26T10:24:59.003Z", "sessionID": "3b43c010-fb96-47d8-9173-87e7942728b4", "rank": "1", "doc": "S4c11bb9f-Ad30e3f5", "action": "expand", "doclen": 555, "score": 18.520351037496887}
{"type": "StanceClicked", "timestamp": "2025-06-26T10:25:44.627Z", "sessionID": "3b43c010-fb96-47d8-9173-87e7942728b4", "rank": "1", "stance": "con", "action": "chooseStance", "doc": "S4c11bb9f-Ad30e3f5", "doclen": 555, "score": 18.520351037496887}
{"type": "toggleArgument", "timestamp": "2025-06-26T10:25:53.275Z", "sessionID": "3b43c010-fb96-47d8-9173-87e7942728b4", "rank": "2", "doc": "S4c11bb9f-A3fadca06", "action": "expand", "doclen": 330, "score": 18.282492934174726}
{"type": "queryBoxFocused", "timestamp": "2025-06-26T10:26:48.494Z", "sessionID": "3b43c010-fb96-47d8-9173-87e7942728b4"}
{"type": "querySubmitted", "timestamp": "2025-06-26T10:27:17.036Z", "sessionID": "3b43c010-fb96-47d8-9173-87e7942728b4", "query": "improvement AND education AND standard*"}
{"docno": "Sb760073d-Ad6589f49", "score": 23.54070908345613}
{"docno": "Seb991d36-A8a5e7e35", "score": 23.40062610648786}
{"docno": "Sc4ee4551-A1cf7a615", "score": 22.809285934773996}
{"docno": "S1eba8643-Afabec903", "score": 22.409484737563314}
{"docno": "Seb991d36-A995db491", "score": 22.089008061641152}
{"docno": "Sf4164377-Ae1878c43", "score": 21.884120758336124}
{"docno": "S440fb971-A2ff21247", "score": 21.861086245746584}
{"docno": "S4c11bb9f-Ae5268db5", "score": 21.844829946444385}
{"docno": "Seb991d36-A3c225544", "score": 21.212752744977326}
{"docno": "S9bab90c3-A3e9c68e", "score": 21.200279105911527}
{"docno": "S952e7fd8-Aa719ac9c", "score": 20.868656650133897}
{"docno": "S440fb971-A38a840c6", "score": 20.72441911135827}
{"docno": "Sa64c3b09-A99c1ddaf", "score": 20.65444742144294}
{"docno": "Sae75cce-Ad67476db", "score": 20.616416295646907}
{"docno": "S50e33842-Aa7feed22", "score": 20.18515092967955}
{"docno": "S952e7fd8-Aa7507fd5", "score": 20.077378167419067}
{"docno": "S4c11bb9f-Add9202b3", "score": 19.918008144279074}
{"docno": "S7182eb4d-Ad6382690", "score": 19.603011086961985}
{"docno": "Sb760077b-Abbd52d8e", "score": 19.545922522166144}
{"docno": "Sc6644f51-A2c800ffe", "score": 19.342623206988712}
{"docno": "S4566fc90-Ab6ef84b1", "score": 19.21927733782248}
{"docno": "S7e01e803-Aa56f2990", "score": 19.219006910465545}
{"docno": "S2e0cb8e2-Abed6c9e1", "score": 18.988601305831125}
{"docno": "S383f050c-A1f7801d8", "score": 18.911972016044437}
{"docno": "Sf72877b8-Af8c6621b", "score": 18.81041090241884}
{"docno": "S440fb971-A3ce5e9d7", "score": 18.647153568630266}
{"docno": "Sb075d8db-Aff8daee8", "score": 18.627700396478982}
{"docno": "S4c11bb9f-Ad30e3f5", "score": 18.520351037496887}
{"docno": "Scb257512-A83c87a06", "score": 18.45586307600226}
{"docno": "S2aa4de8f-Ac84fe373", "score": 18.350733013540705}
{"docno": "S4c11bb9f-A3fadca06", "score": 18.282492934174726}
{"docno": "Scb257512-A8087c130", "score": 18.041751799301135}
{"docno": "S6aa1492a-A9ea13336", "score": 17.89863046037346}
{"docno": "Seb991d36-Abd4f1347", "score": 17.865245597090947}
{"docno": "S2e729a4f-Ad884a030", "score": 17.784045331878588}
{"docno": "S932a69f7-Aa44e86af", "score": 17.74951877288766}
{"docno": "S8703c5ca-Aeb117cc", "score": 17.642010585852816}
{"docno": "Sb760073d-A1ea65fbd", "score": 17.47949769447267}
{"docno": "S356ffa3b-A36c88ded", "score": 17.311183277229517}
{"docno": "S1e44a13d-Ac1462c76", "score": 17.282428631458718}
{"docno": "S57eef5d2-A9666abe7", "score": 17.185392972822036}
{"docno": "Sdc8a2958-A43f2c77a", "score": 17.116918729933133}
{"docno": "S51229cfa-A690d8fae", "score": 17.08002572475653}
{"docno": "S894cd8c5-A990a68bc", "score": 17.057267073575016}
{"docno": "Sda86b00e-A953c97", "score": 16.978390630832116}
{"docno": "S69c8cd12-A887fcd48", "score": 16.946775588156807}
{"docno": "S8ae3785c-A3b5ba60f", "score": 16.830694950614255}
{"docno": "S25dc997a-Afe1b4b75", "score": 16.82637586236683}
{"docno": "S308506b0-A2025ce82", "score": 16.79933593561145}
{"docno": "S89e52114-Ab6cdba7a", "score": 16.586575971996464}
{"docno": "Sd503fa70-A6e0f118b", "score": 16.557204204040005}
{"docno": "S6143b928-Aa5563000", "score": 16.557204204040005}
{"docno": "Sb760075c-A5bb776ef", "score": 16.519373336391673}
{"docno": "S68d82bb6-Ad1058782", "score": 16.509415139711187}
{"docno": "S351cfd27-Afccd402f", "score": 16.4881296189684}
{"docno": "Se0a57ad2-A48cf7834", "score": 16.479955288108815}
{"docno": "S27779ce-Abdcf72ec", "score": 16.477099965325923}
{"docno": "Sdedaa4db-A56b41a90", "score": 16.446474753065786}
{"docno": "S770b8b0a-Ab6b177c6", "score": 16.441824077730725}
{"docno": "Seb368265-A4163e9c9", "score": 16.42142440293698}
{"docno": "S1bd03141-A311f3027", "score": 16.392386038883362}
{"docno": "S8763b6a7-A20317e76", "score": 16.389849604154247}
{"docno": "S40f19507-Acf1222ac", "score": 16.379568838102898}
{"docno": "Sc5bda6c8-Ad6875c26", "score": 16.37853015705231}
{"docno": "Se0d57012-Acace214a", "score": 16.35850740763488}
{"docno": "S50e33842-A3905cba", "score": 16.218106235956053}
{"docno": "S1e44a13d-A52e68428", "score": 16.1959798660772}
{"docno": "Sd2081b6d-Addc1d4f8", "score": 16.187473506345313}
{"docno": "S4844ac-Aff327a27", "score": 16.121315015539384}
{"docno": "Sa86f5da2-A6992d8b4", "score": 16.119460209002813}
{"docno": "Sfae0ed1b-A881fab8c", "score": 16.09924574676138}
{"docno": "Sab3b5048-A7abdec2b", "score": 16.09665652934956}
{"docno": "S5d3f8690-A3f3d203f", "score": 16.0673522399928}
{"docno": "Seb991d36-A9c551936", "score": 16.036166265751735}
{"docno": "S2e4d06a-A62980b3b", "score": 16.03104586828657}
{"docno": "S321cce17-Ad4eb5238", "score": 16.03100341890111}
{"docno": "Se100392e-Aab2b52d0", "score": 16.029354288620215}
{"docno": "Se4d12b1a-Ad4b0ca1f", "score": 16.008218525812534}
{"docno": "S4c11bb9f-Abfd4fc1a", "score": 15.972402295246917}
{"docno": "S37bfee71-Adb908df5", "score": 15.925174622843386}
{"docno": "Sa86f5da2-A6540bdf4", "score": 15.910845136888696}
{"docno": "Sd503fa70-Ae43c0d4f", "score": 15.907483299929307}
{"docno": "S4c11bb9f-A252a78e4", "score": 15.898002236836483}
{"docno": "Sfdd5b3a4-A82c8a26b", "score": 15.885529434835712}
{"docno": "S4e8f0d6f-A5087a747", "score": 15.870966562487988}
{"docno": "S2b4e3c26-A852e197b", "score": 15.813206816072437}
{"docno": "Sa7daa470-Ac5b2a44f", "score": 15.807294351185531}
{"docno": "Sc1b11ad5-A1f9e497", "score": 15.775734692320052}
{"docno": "Sf4c47f89-Af4f7d4b3", "score": 15.715007262527603}
{"docno": "Sf4c47f89-A2973ab36", "score": 15.649272130813143}
{"docno": "S4c11bb9f-A38acd02e", "score": 15.619647013791958}
{"docno": "Sfee342e6-Af7eb8f5", "score": 15.6136465457333}
{"docno": "Sf8b36ff0-Ab72b3f6b", "score": 15.594312932237846}
{"docno": "Sd503fa70-A4fc981b0", "score": 15.590360908852507}
{"docno": "S40f19507-A94423ac1", "score": 15.587287389230047}
{"docno": "S10c0bcf4-A4779c2ab", "score": 15.578948742999145}
{"docno": "S92e9601c-A87d08351", "score": 15.571687822302437}
{"docno": "Se3f93a3a-A193359b9", "score": 15.570689303806587}
{"docno": "S172814ea-Ad7f3a4", "score": 15.563346946500124}
{"docno": "Sccfc1c03-A678d07de", "score": 15.54587121158557}
{"type": "toggleArgument", "timestamp": "2025-06-26T10:27:33.764Z", "sessionID": "3b43c010-fb96-47d8-9173-87e7942728b4", "rank": "1", "doc": "Sb760073d-Ad6589f49", "action": "expand", "doclen": 382, "score": 17.698362631466335}
{"type": "StanceClicked", "timestamp": "2025-06-26T10:27:46.316Z", "sessionID": "3b43c010-fb96-47d8-9173-87e7942728b4", "rank": "1", "stance": "pro", "action": "chooseStance", "doc": "Sb760073d-Ad6589f49", "doclen": 382, "score": 17.698362631466335}
{"type": "toggleArgument", "timestamp": "2025-06-26T10:28:00.620Z", "sessionID": "3b43c010-fb96-47d8-9173-87e7942728b4", "rank": "2", "doc": "Seb991d36-A8a5e7e35", "action": "expand", "doclen": 638, "score": 17.324506300241065}
{"type": "StanceClicked", "timestamp": "2025-06-26T10:28:50.708Z", "sessionID": "3b43c010-fb96-47d8-9173-87e7942728b4", "rank": "2", "stance": "pro", "action": "chooseStance", "doc": "Seb991d36-A8a5e7e35", "doclen": 638, "score": 17.324506300241065}
{"type": "toggleArgument", "timestamp": "2025-06-26T10:28:56.476Z", "sessionID": "3b43c010-fb96-47d8-9173-87e7942728b4", "rank": "3", "doc": "Sc4ee4551-A1cf7a615", "action": "expand", "doclen": 386, "score": 22.809285934773996}
{"type": "toggleArgument", "timestamp": "2025-06-26T10:29:26.092Z", "sessionID": "3b43c010-fb96-47d8-9173-87e7942728b4", "rank": "4", "doc": "S1eba8643-Afabec903", "action": "expand", "doclen": 859, "score": 22.13741720908445}
{"type": "toggleArgument", "timestamp": "2025-06-26T10:29:43.923Z", "sessionID": "3b43c010-fb96-47d8-9173-87e7942728b4", "rank": "5", "doc": "Seb991d36-A995db491", "action": "expand", "doclen": 722, "score": 21.87267659686976}
{"type": "StanceClicked", "timestamp": "2025-06-26T10:30:27.972Z", "sessionID": "3b43c010-fb96-47d8-9173-87e7942728b4", "rank": "5", "stance": "pro", "action": "chooseStance", "doc": "Seb991d36-A995db491", "doclen": 722, "score": 21.87267659686976}
{"type": "toggleArgument", "timestamp": "2025-06-26T10:30:31.395Z", "sessionID": "3b43c010-fb96-47d8-9173-87e7942728b4", "rank": "6", "doc": "Sf4164377-Ae1878c43", "action": "expand", "doclen": 300, "score": 21.884120758336124}
{"type": "toggleArgument", "timestamp": "2025-06-26T10:30:54.107Z", "sessionID": "3b43c010-fb96-47d8-9173-87e7942728b4", "rank": "7", "doc": "S440fb971-A2ff21247", "action": "expand", "doclen": 1318, "score": 17.723063475691234}
{"type": "StanceClicked", "timestamp": "2025-06-26T10:31:34.004Z", "sessionID": "3b43c010-fb96-47d8-9173-87e7942728b4", "rank": "7", "stance": "pro", "action": "chooseStance", "doc": "S440fb971-A2ff21247", "doclen": 1318, "score": 17.723063475691234}
{"type": "toggleArgument", "timestamp": "2025-06-26T10:31:38.627Z", "sessionID": "3b43c010-fb96-47d8-9173-87e7942728b4", "rank": "8", "doc": "S4c11bb9f-Ae5268db5", "action": "expand", "doclen": 370, "score": 21.844829946444385}
{"type": "toggleArgument", "timestamp": "2025-06-26T10:32:24.563Z", "sessionID": "3b43c010-fb96-47d8-9173-87e7942728b4", "rank": "8", "doc": "S4c11bb9f-Ae5268db5", "action": "reduce", "doclen": 370, "score": 21.844829946444385}
{"type": "toggleArgument", "timestamp": "2025-06-26T10:32:26.235Z", "sessionID": "3b43c010-fb96-47d8-9173-87e7942728b4", "rank": "8", "doc": "S4c11bb9f-Ae5268db5", "action": "expand", "doclen": 370, "score": 21.844829946444385}
{"type": "toggleArgument", "timestamp": "2025-06-26T10:32:41.883Z", "sessionID": "3b43c010-fb96-47d8-9173-87e7942728b4", "rank": "9", "doc": "Seb991d36-A3c225544", "action": "expand", "doclen": 1587, "score": 20.952759406972568}
{"type": "StanceClicked", "timestamp": "2025-06-26T10:33:00.300Z", "sessionID": "3b43c010-fb96-47d8-9173-87e7942728b4", "rank": "9", "stance": "con", "action": "chooseStance", "doc": "Seb991d36-A3c225544", "doclen": 1587, "score": 20.952759406972568}
{"type": "toggleArgument", "timestamp": "2025-06-26T10:33:04.779Z", "sessionID": "3b43c010-fb96-47d8-9173-87e7942728b4", "rank": "10", "doc": "S9bab90c3-A3e9c68e", "action": "expand", "doclen": 1198, "score": 18.852902454821752}
{"type": "StanceClicked", "timestamp": "2025-06-26T10:33:29.987Z", "sessionID": "3b43c010-fb96-47d8-9173-87e7942728b4", "rank": "10", "stance": "con", "action": "chooseStance", "doc": "S9bab90c3-A3e9c68e", "doclen": 1198, "score": 18.852902454821752}
{"type": "pageNavigationClicked", "timestamp": "2025-06-26T10:33:32.107Z", "sessionID": "3b43c010-fb96-47d8-9173-87e7942728b4", "clicked": "10", "fromPage": 1, "toPage": 10}
{"type": "toggleArgument", "timestamp": "2025-06-26T10:33:39.579Z", "sessionID": "3b43c010-fb96-47d8-9173-87e7942728b4", "rank": "91", "doc": "S4c11bb9f-A38acd02e", "action": "expand", "doclen": 255, "score": 15.619647013791958}
{"type": "toggleArgument", "timestamp": "2025-06-26T10:33:57.787Z", "sessionID": "3b43c010-fb96-47d8-9173-87e7942728b4", "rank": "92", "doc": "Sfee342e6-Af7eb8f5", "action": "expand", "doclen": 987, "score": 15.6136465457333}
{"type": "pageNavigationClicked", "timestamp": "2025-06-26T10:34:15.091Z", "sessionID": "3b43c010-fb96-47d8-9173-87e7942728b4", "clicked": "3", "fromPage": 10, "toPage": 3}
{"type": "toggleArgument", "timestamp": "2025-06-26T10:34:31.259Z", "sessionID": "3b43c010-fb96-47d8-9173-87e7942728b4", "rank": "23", "doc": "S2e0cb8e2-Abed6c9e1", "action": "expand", "doclen": 1225, "score": 17.30785478368491}
{"type": "StanceClicked", "timestamp": "2025-06-26T10:34:59.348Z", "sessionID": "3b43c010-fb96-47d8-9173-87e7942728b4", "rank": "23", "stance": "pro", "action": "chooseStance", "doc": "S2e0cb8e2-Abed6c9e1", "doclen": 1225, "score": 17.30785478368491}
{"type": "toggleArgument", "timestamp": "2025-06-26T10:35:05.459Z", "sessionID": "3b43c010-fb96-47d8-9173-87e7942728b4", "rank": "24", "doc": "S383f050c-A1f7801d8", "action": "expand", "doclen": 1055, "score": 16.632482103875823}
{"type": "toggleArgument", "timestamp": "2025-06-26T10:35:24.331Z", "sessionID": "3b43c010-fb96-47d8-9173-87e7942728b4", "rank": "25", "doc": "Sf72877b8-Af8c6621b", "action": "expand", "doclen": 746, "score": 14.912883460769091}
{"type": "toggleArgument", "timestamp": "2025-06-26T10:36:00.650Z", "sessionID": "3b43c010-fb96-47d8-9173-87e7942728b4", "rank": "26", "doc": "S440fb971-A3ce5e9d7", "action": "expand", "doclen": 1793, "score": 18.386819535495295}
{"type": "StanceClicked", "timestamp": "2025-06-26T10:36:17.235Z", "sessionID": "3b43c010-fb96-47d8-9173-87e7942728b4", "rank": "26", "stance": "pro", "action": "chooseStance", "doc": "S440fb971-A3ce5e9d7", "doclen": 1793, "score": 18.386819535495295}
{"type": "ClickedEndTask", "timestamp": "2025-06-26T10:36:24.763Z", "sessionID": "3b43c010-fb96-47d8-9173-87e7942728b4"}
{"type": "TaskEndConfirmed", "timestamp": "2025-06-26T10:36:26.915Z", "sessionID": "3b43c010-fb96-47d8-9173-87e7942728b4"}
{"type": "TaskEnded", "timestamp": "2025-06-26T10:36:38.107Z", "sessionID": "3b43c010-fb96-47d8-9173-87e7942728b4", "reason": "time is up", "translated_reason": "Time is up"}
