{"type": "TaskStarted", "timestamp": "2025-06-26T11:41:17.072Z", "sessionID": "c0217571-2a93-4496-904c-53c15bc23274", "task": "2", "uid": "Participant26", "topic": "Should performance-enhancing drugs be accepted in sports?"}
{"type": "queryBoxFocused", "timestamp": "2025-06-26T11:41:26.171Z", "sessionID": "c0217571-2a93-4496-904c-53c15bc23274"}
{"type": "querySubmitted", "timestamp": "2025-06-26T11:41:38.665Z", "sessionID": "c0217571-2a93-4496-904c-53c15bc23274", "query": "performanceenhancing drugs"}
{"docno": "Sd1b6be4-A8fd7641b", "score": 10.85106590838871}
{"docno": "S2654c4cb-Aeaac5037", "score": 10.682957302551356}
{"docno": "Sa799c6ee-A52320bcd", "score": 10.662796170812816}
{"docno": "S619b767f-Af5d5fe9b", "score": 10.54627028162592}
{"docno": "Sfc90616d-A81dd268c", "score": 10.52077965483111}
{"docno": "S482e79ab-Ade1235db", "score": 10.516830023564047}
{"docno": "Scc60bdc0-A214bd64e", "score": 10.504362569292038}
{"docno": "S3fbd2d93-Afb28b541", "score": 10.504362569292038}
{"docno": "S9908ed79-A599ac8d9", "score": 10.478456171037838}
{"docno": "S4e9d44a7-A4aec740a", "score": 10.475175218527461}
{"docno": "Sb9730c3c-Af4b73ec9", "score": 10.463656374819955}
{"docno": "S2654c4cb-Aa9c2d812", "score": 10.454991065321023}
{"docno": "S90f04eb0-A324ab215", "score": 10.436232218304944}
{"docno": "Sd1b6be4-A2c7a4efa", "score": 10.435787227158889}
{"docno": "Sd01b23a3-Ae50decda", "score": 10.433164565021793}
{"docno": "S687d0e84-A9533a5cd", "score": 10.415154511633125}
{"docno": "Sacda6d88-A3f6d6cae", "score": 10.403718763194256}
{"docno": "Sa799c6ee-A1160e0f3", "score": 10.392113525601754}
{"docno": "S2654c4cb-A1705e755", "score": 10.389270244432087}
{"docno": "S2d0fc6a2-A2ecbd0b8", "score": 10.387141853178182}
{"docno": "S74e915ac-Aaebc8ee6", "score": 10.382326715255141}
{"docno": "Sb9730c3c-Ab3ef6cee", "score": 10.370381870274691}
{"docno": "S9908ed79-Aca71f1a8", "score": 10.367729050408302}
{"docno": "S46540939-A24356f2c", "score": 10.363571493685289}
{"docno": "S8c1650a5-Af9cdfd68", "score": 10.345144068571539}
{"docno": "S5d238bd8-A6bc96468", "score": 10.343433867517007}
{"docno": "Se5ccda7-Acb0fbac3", "score": 10.343433867517007}
{"docno": "S8c1650c4-Aafcfd3c", "score": 10.324988242552786}
{"docno": "S38e1cb40-A22261c92", "score": 10.32236597328145}
{"docno": "S2d0fc6a2-A73d4f74e", "score": 10.320362211135384}
{"docno": "S59c6b7a5-A6b1b8b49", "score": 10.304354253206224}
{"docno": "S4c69589b-A2bbad659", "score": 10.303749715550275}
{"docno": "S7f8a714c-A6afcee03", "score": 10.300654757166297}
{"docno": "S676aeeb5-A130a4b38", "score": 10.298589658379406}
{"docno": "Sedf74180-Ac0ea83df", "score": 10.293711132979608}
{"docno": "Sb7e7f2d3-A86bba423", "score": 10.283487824694044}
{"docno": "S61c40a9b-Af6a92f7c", "score": 10.265136951531968}
{"docno": "S2d0fc6c1-Af216b901", "score": 10.26153371379843}
{"docno": "S8c1650a5-Ad7ce98a4", "score": 10.256317881700411}
{"docno": "Sb1349b2c-A1dc1b7b6", "score": 10.251465856948908}
{"docno": "Sd0f43790-A1f540b9a", "score": 10.245926304104868}
{"docno": "S8c165140-Ab2bb8b81", "score": 10.245600442743768}
{"docno": "Sa7c47a5c-A6b314b55", "score": 10.243143301886048}
{"docno": "S23d69a69-A931369c4", "score": 10.237733115633846}
{"docno": "S74e88ac7-Acda32be6", "score": 10.23281972146933}
{"docno": "S74e915ac-Acf8c95cc", "score": 10.232519485104351}
{"docno": "S2654c4cb-A8b2b42d1", "score": 10.232103578830358}
{"docno": "Sc0b7e03d-Af621fbd0", "score": 10.22377964075465}
{"docno": "Sed50be0f-A3be15e9f", "score": 10.222571891131706}
{"docno": "S48d3ab85-A8211f84", "score": 10.214715584621334}
{"docno": "S16e6c023-A917087f3", "score": 10.21281430316283}
{"docno": "S90bdd4aa-A318f1331", "score": 10.211547175351239}
{"docno": "Se82f9fac-A6b2ba3d7", "score": 10.205216249834725}
{"docno": "Sa7c47a5c-A5d8701e9", "score": 10.196973531723119}
{"docno": "S3b770d4-Ac797580", "score": 10.196325308400576}
{"docno": "S74e90aa7-A2f5d0cbe", "score": 10.195835562025858}
{"docno": "Sb6bf8417-Ac04c5b8a", "score": 10.195734566743056}
{"docno": "S8c165121-A3f3f6ef2", "score": 10.195403456396674}
{"docno": "Sb9730bc0-A9c772052", "score": 10.193091237169178}
{"docno": "S872d6c54-A67d875ad", "score": 10.192034289070815}
{"docno": "Sa607dcc1-A1bad8290", "score": 10.188469210779935}
{"docno": "Sd0f43790-A256ad937", "score": 10.183496329356673}
{"docno": "S3534f3b2-Aede8076c", "score": 10.176969301268436}
{"docno": "S8c1650a5-A2e2ac8a8", "score": 10.176969301268436}
{"docno": "Sf9861c02-Aca1f1219", "score": 10.176573347793891}
{"docno": "S23d69a69-Ae5c782e8", "score": 10.171503053875515}
{"docno": "S38e1cb02-A6aaa4f66", "score": 10.171503053875515}
{"docno": "S74e88ac7-A3adeda62", "score": 10.161514520843637}
{"docno": "Sa799c6cf-A8b5e5b3f", "score": 10.158815471446353}
{"docno": "S7a681149-A788f05f5", "score": 10.158815471446353}
{"docno": "S590b30db-A22a3b31b", "score": 10.153501126088104}
{"docno": "S86fca69d-A19bb2846", "score": 10.148836992361906}
{"docno": "S7f8a714c-A48044d60", "score": 10.14801195065331}
{"docno": "Sd93c35f-A890a1e93", "score": 10.147626977094006}
{"docno": "S893cfd79-Add2710bc", "score": 10.144115252530222}
{"docno": "S1e487e02-Acf283bd4", "score": 10.142624808950995}
{"docno": "S676aeeb5-A8d1e9530", "score": 10.140942531531477}
{"docno": "S3534f3b2-Add846f3", "score": 10.136379029472064}
{"docno": "S59d1ffbe-A5787a668", "score": 10.132515341172585}
{"docno": "S9cfc5aae-Ab636fda0", "score": 10.132515341172585}
{"docno": "S2654c4cb-A81c0c203", "score": 10.132515341172585}
{"docno": "Sc6588e53-A409892d6", "score": 10.12906213599655}
{"docno": "Sbd77b6f0-Aa80c6b8b", "score": 10.128060897703357}
{"docno": "Sfee9a536-A87e3153", "score": 10.128060897703357}
{"docno": "Sd2d2ceea-A667cedc6", "score": 10.126082401957268}
{"docno": "Sf9cf95d2-A1ae8eea", "score": 10.12042797339556}
{"docno": "Sd93c35f-A3742835a", "score": 10.120190780825665}
{"docno": "S66907055-A393eddd6", "score": 10.12005422045007}
{"docno": "S42468ac1-Ab9d2ac8f", "score": 10.117687759380118}
{"docno": "S8c1650c4-A618f8dbf", "score": 10.114722816990518}
{"docno": "S6c760732-A8ac241cf", "score": 10.113479911685062}
{"docno": "Sd93c35f-Af3a9588f", "score": 10.113479911685062}
{"docno": "S5c974400-A91066773", "score": 10.109677635586975}
{"docno": "S2ba71d49-A2f883338", "score": 10.104965354195567}
{"docno": "S1c7e832b-A99bad711", "score": 10.102358042645276}
{"docno": "S7d81b966-Ad1fbf0fe", "score": 10.10230749437974}
{"docno": "Sab805e9c-Ae6369ac8", "score": 10.098588838694916}
{"docno": "S3a437e48-A50a1289f", "score": 10.097191125272508}
{"docno": "Sd93c35f-A13354bf6", "score": 10.094230110409153}
{"docno": "S52d7ca95-A1cbdd53e", "score": 10.093015985469219}
{"type": "queryBoxFocused", "timestamp": "2025-06-26T11:41:58.108Z", "sessionID": "c0217571-2a93-4496-904c-53c15bc23274"}
{"type": "querySubmitted", "timestamp": "2025-06-26T11:42:01.393Z", "sessionID": "c0217571-2a93-4496-904c-53c15bc23274", "query": "performance-enhancing drugs sport"}
{"docno": "S6143b928-A6b9d8811", "score": 23.348402440735534}
{"docno": "Sbb621258-A447412f", "score": 22.429198009033694}
{"docno": "Sf5b0db6a-Aff212c1f", "score": 20.458264751048432}
{"docno": "S44db19b-Aab2d1b2f", "score": 20.121107916714287}
{"docno": "Sb92c7df0-A97aa8dfa", "score": 19.603943778966652}
{"docno": "Sf5b0db6a-Ac1583031", "score": 19.24958462080146}
{"docno": "Sad998274-A6656c64", "score": 19.19997887439702}
{"docno": "S18fd4547-Ab6aab0d2", "score": 18.808465848262504}
{"docno": "Se9b63a9a-Abe55e800", "score": 18.779813369946208}
{"docno": "S18fd4547-A29432e96", "score": 18.480556209968878}
{"docno": "S18fd4547-A99a33bf3", "score": 18.435336828218546}
{"docno": "S54792661-A236fddf0", "score": 18.11756311093996}
{"docno": "Scc0b197d-A2fe8ac11", "score": 17.715314725263703}
{"docno": "S3e1ad519-A94e6703d", "score": 17.564928051392656}
{"docno": "S5ff35ceb-Ac2144e", "score": 17.49062558175804}
{"docno": "S87b43e8a-Ae0961456", "score": 17.313285987819278}
{"docno": "Sbb7b9e0f-A51cc0edc", "score": 17.287985825064194}
{"docno": "S5ddca51f-Adf3fe654", "score": 17.28674676329583}
{"docno": "S14c97916-A9c733f74", "score": 17.17969783428032}
{"docno": "S5ddca51f-A30ca5db9", "score": 17.0934051576184}
{"docno": "Se9b63a9a-A9001443d", "score": 17.042722830803392}
{"docno": "S5ddca51f-Ad5486377", "score": 17.028923927553166}
{"docno": "Sa9510197-A298c77bf", "score": 17.012608852316134}
{"docno": "Sa81751a9-A41fd1022", "score": 16.990702880981566}
{"docno": "Sbb7b9e0f-A77229037", "score": 16.910325490687754}
{"docno": "S3b723cb2-A6b2ea9f5", "score": 16.772487234092686}
{"docno": "S3b723cb2-Ab6b096b5", "score": 16.75413432390273}
{"docno": "S6c7956fa-Aa4fdd96d", "score": 16.745947443153714}
{"docno": "S3bad8f8-Ad091873b", "score": 16.537134528689812}
{"docno": "S6fc6b895-A695b9558", "score": 16.51730749702837}
{"docno": "S54792661-A4fa3fee2", "score": 16.50410680973446}
{"docno": "S7cea5ee7-A465ba032", "score": 16.5028728216681}
{"docno": "Sdf18134f-A119eb53", "score": 16.467288983212967}
{"docno": "Se0aece74-A98c3fdf1", "score": 16.403231105806356}
{"docno": "S8b1ecb36-Ab8cbf53b", "score": 16.390329957010646}
{"docno": "S1acaa7cf-Aba56bc53", "score": 16.387291142653556}
{"docno": "Sd4cf84c8-Ae32a328", "score": 16.381775281460538}
{"docno": "Sd4cf84c8-A840e59f4", "score": 16.28356984234528}
{"docno": "Sf9861c02-A6d9623c1", "score": 16.261390703075918}
{"docno": "Sa81751a9-A7e1eb73c", "score": 16.1521886630037}
{"docno": "Sa56a8385-A542bbf26", "score": 16.143842327028665}
{"docno": "S414e4d8a-A270215e4", "score": 16.13662519898471}
{"docno": "S68e6178d-Aaaa383f7", "score": 16.06932670671753}
{"docno": "Sbb7b9e0f-A5f442d19", "score": 16.042933510142042}
{"docno": "S18fd4547-Abea90638", "score": 16.026022595897764}
{"docno": "Se476977-Aff4d62b1", "score": 15.980509301436296}
{"docno": "S66b6583e-A2948b86d", "score": 15.934836834256703}
{"docno": "S6b1404b6-A482bb169", "score": 15.823156744861526}
{"docno": "Sf84db23d-Ac76003ea", "score": 15.765409682369722}
{"docno": "Se2a520e8-A1111e703", "score": 15.756935577102526}
{"docno": "S3bbff083-A4b7c610b", "score": 15.681909133945126}
{"docno": "Sf9861c02-A14bc101c", "score": 15.55611275383626}
{"docno": "S8b1ecb36-A91343726", "score": 15.553359908253636}
{"docno": "S683560ad-A30277bbb", "score": 15.52308467375742}
{"docno": "S5da59615-Aab965d50", "score": 15.49244991987786}
{"docno": "Sec5a2259-A47a9cbf6", "score": 15.459529128963677}
{"docno": "Scfde127a-Ab3de7fa3", "score": 15.418258892840747}
{"docno": "S567387b-A4e34762d", "score": 15.393265085418399}
{"docno": "S17a6e6e7-A5eacd26c", "score": 15.346751760195644}
{"docno": "S7acefaa0-A8426224c", "score": 15.329700157621794}
{"docno": "S899b8f0a-Ae5110211", "score": 15.294614822806189}
{"docno": "S4e2a557f-Ab02298fc", "score": 15.250023117066586}
{"docno": "Se7c8515a-A1494dcb2", "score": 15.214341584151402}
{"docno": "S26f1a2c3-Aaf03082e", "score": 15.203692379975905}
{"docno": "S4658246-A75d949be", "score": 15.183806310092336}
{"docno": "S6143b928-A4827cac2", "score": 15.112381742062642}
{"docno": "Saf2a5142-Ab4c517d0", "score": 15.077854237291774}
{"docno": "Sc8d9002d-A506c87a5", "score": 15.063813870232357}
{"docno": "S58791dc3-Aa016b880", "score": 15.036907717968349}
{"docno": "S698c4d0e-Aa4bd11bc", "score": 15.027160876164984}
{"docno": "S2831ac87-Ae6f91d08", "score": 14.992974884423127}
{"docno": "S19bc7160-Af2adc353", "score": 14.981678382381066}
{"docno": "Sd38a910d-A3cdfed21", "score": 14.972849927440379}
{"docno": "S8a2f8dc8-A49279cc1", "score": 14.961853600935324}
{"docno": "Sc2987ed8-A16aa75f", "score": 14.93433943728171}
{"docno": "S1e4b352a-Afc6879f7", "score": 14.911631854220413}
{"docno": "Sf1ea4b4-A8fa411a4", "score": 14.883611278690644}
{"docno": "Sa81751a9-A282a4d74", "score": 14.875837823545705}
{"docno": "S90f04eb0-A506169a6", "score": 14.868890586574436}
{"docno": "Sbd14a941-A63bf1f49", "score": 14.85088948385044}
{"docno": "S44db19b-A76c625d4", "score": 14.843272905679036}
{"docno": "S61bc36ea-A8251941d", "score": 14.784046258316643}
{"docno": "S2d0fc75c-Ac6754b81", "score": 14.709465998215629}
{"docno": "Sffe83842-A6bc6120f", "score": 14.704623668853372}
{"docno": "S1f6a3f53-A323c4afc", "score": 14.695719898579355}
{"docno": "S5e7364b2-A26dc5dd2", "score": 14.67495709548011}
{"docno": "S1979edab-A60c7d3ac", "score": 14.58160883241748}
{"docno": "S4e63160a-A8a6e3d2a", "score": 14.550137056258347}
{"docno": "S703f21a3-A534bb3f4", "score": 14.468785098141392}
{"docno": "S8a2f8dc8-A23ed27aa", "score": 14.428606844646373}
{"docno": "Sf1ea4b4-Aa6494ec1", "score": 14.401241098776417}
{"docno": "S395c6156-A306b6cb7", "score": 14.39355676031795}
{"docno": "S395c6175-A56d9d086", "score": 14.39355676031795}
{"docno": "S8103a5f9-Adb03b5dd", "score": 14.388892713968762}
{"docno": "Sf1ea4b4-A4922ac90", "score": 14.380039699515073}
{"docno": "S197ac9b-Adee41239", "score": 14.370798335834584}
{"docno": "S703f225d-A8eaddf27", "score": 14.341937332553336}
{"docno": "Se084b6c5-Ae8de3825", "score": 14.318411449964824}
{"docno": "Sf8a86b1-A77e6fce2", "score": 14.283287759409873}
{"docno": "S54792661-A33c7a950", "score": 14.262323067618926}
{"type": "toggleArgument", "timestamp": "2025-06-26T11:42:04.809Z", "sessionID": "c0217571-2a93-4496-904c-53c15bc23274", "rank": "1", "doc": "Sad998274-A271df109", "action": "expand", "doclen": 1408, "score": 19.37430144165561}
{"type": "StanceClicked", "timestamp": "2025-06-26T11:43:07.409Z", "sessionID": "c0217571-2a93-4496-904c-53c15bc23274", "rank": "1", "stance": "con", "action": "chooseStance", "doc": "Sad998274-A271df109", "doclen": 1408, "score": 19.37430144165561}
{"type": "toggleArgument", "timestamp": "2025-06-26T11:43:10.103Z", "sessionID": "c0217571-2a93-4496-904c-53c15bc23274", "rank": "2", "doc": "Sf5b0db6a-Ac1583031", "action": "expand", "doclen": 788, "score": 19.24958462080146}
{"type": "StanceClicked", "timestamp": "2025-06-26T11:43:43.305Z", "sessionID": "c0217571-2a93-4496-904c-53c15bc23274", "rank": "2", "stance": "con", "action": "chooseStance", "doc": "Sf5b0db6a-Ac1583031", "doclen": 788, "score": 19.24958462080146}
{"type": "StanceClicked", "timestamp": "2025-06-26T11:43:43.880Z", "sessionID": "c0217571-2a93-4496-904c-53c15bc23274", "rank": "2", "stance": "pro", "action": "chooseStance", "doc": "Sf5b0db6a-Ac1583031", "doclen": 788, "score": 19.24958462080146}
{"type": "StanceClicked", "timestamp": "2025-06-26T11:43:44.401Z", "sessionID": "c0217571-2a93-4496-904c-53c15bc23274", "rank": "2", "stance": "con", "action": "chooseStance", "doc": "Sf5b0db6a-Ac1583031", "doclen": 788, "score": 19.24958462080146}
{"type": "toggleArgument", "timestamp": "2025-06-26T11:43:52.087Z", "sessionID": "c0217571-2a93-4496-904c-53c15bc23274", "rank": "4", "doc": "Sac709939-A271ae36a", "action": "expand", "doclen": 1586, "score": 18.02235455462331}
{"type": "StanceClicked", "timestamp": "2025-06-26T11:45:57.544Z", "sessionID": "c0217571-2a93-4496-904c-53c15bc23274", "rank": "4", "stance": "con", "action": "chooseStance", "doc": "Sac709939-A271ae36a", "doclen": 1586, "score": 18.02235455462331}
{"type": "toggleArgument", "timestamp": "2025-06-26T11:46:17.912Z", "sessionID": "c0217571-2a93-4496-904c-53c15bc23274", "rank": "8", "doc": "Sfd2a6336-Afba8851b", "action": "expand", "doclen": 366, "score": 17.37878549887061}
{"type": "toggleArgument", "timestamp": "2025-06-26T11:46:57.193Z", "sessionID": "c0217571-2a93-4496-904c-53c15bc23274", "rank": "10", "doc": "Sbb7b9e0f-A51cc0edc", "action": "expand", "doclen": 266, "score": 17.287985825064194}
{"type": "StanceClicked", "timestamp": "2025-06-26T11:47:16.818Z", "sessionID": "c0217571-2a93-4496-904c-53c15bc23274", "rank": "10", "stance": "con", "action": "chooseStance", "doc": "Sbb7b9e0f-A51cc0edc", "doclen": 266, "score": 17.287985825064194}
{"type": "pageNavigationClicked", "timestamp": "2025-06-26T11:47:18.217Z", "sessionID": "c0217571-2a93-4496-904c-53c15bc23274", "clicked": "2", "fromPage": 1, "toPage": 2}
{"type": "toggleArgument", "timestamp": "2025-06-26T11:47:25.426Z", "sessionID": "c0217571-2a93-4496-904c-53c15bc23274", "rank": "12", "doc": "S1109cf85-A376b5598", "action": "expand", "doclen": 1974, "score": 17.221258581846598}
{"type": "StanceClicked", "timestamp": "2025-06-26T11:48:31.525Z", "sessionID": "c0217571-2a93-4496-904c-53c15bc23274", "rank": "12", "stance": "pro", "action": "chooseStance", "doc": "S1109cf85-A376b5598", "doclen": 1974, "score": 17.221258581846598}
{"type": "toggleArgument", "timestamp": "2025-06-26T11:48:52.348Z", "sessionID": "c0217571-2a93-4496-904c-53c15bc23274", "rank": "16", "doc": "S6143b928-Aa4d8cb9", "action": "expand", "doclen": 815, "score": 17.024426038297435}
{"type": "StanceClicked", "timestamp": "2025-06-26T11:49:23.598Z", "sessionID": "c0217571-2a93-4496-904c-53c15bc23274", "rank": "16", "stance": "pro", "action": "chooseStance", "doc": "S6143b928-Aa4d8cb9", "doclen": 815, "score": 17.024426038297435}
{"type": "toggleArgument", "timestamp": "2025-06-26T11:49:29.414Z", "sessionID": "c0217571-2a93-4496-904c-53c15bc23274", "rank": "18", "doc": "Sbb7b9e0f-A77229037", "action": "expand", "doclen": 163, "score": 16.910325490687754}
{"type": "StanceClicked", "timestamp": "2025-06-26T11:49:43.318Z", "sessionID": "c0217571-2a93-4496-904c-53c15bc23274", "rank": "18", "stance": "pro", "action": "chooseStance", "doc": "Sbb7b9e0f-A77229037", "doclen": 163, "score": 16.910325490687754}
{"type": "StanceClicked", "timestamp": "2025-06-26T11:49:45.486Z", "sessionID": "c0217571-2a93-4496-904c-53c15bc23274", "rank": "18", "stance": "con", "action": "chooseStance", "doc": "Sbb7b9e0f-A77229037", "doclen": 163, "score": 16.910325490687754}
{"type": "toggleArgument", "timestamp": "2025-06-26T11:49:59.351Z", "sessionID": "c0217571-2a93-4496-904c-53c15bc23274", "rank": "20", "doc": "S1c1c7401-Ab09e3d15", "action": "expand", "doclen": 399, "score": 16.701963687790236}
{"type": "StanceClicked", "timestamp": "2025-06-26T11:50:11.151Z", "sessionID": "c0217571-2a93-4496-904c-53c15bc23274", "rank": "20", "stance": "con", "action": "chooseStance", "doc": "S1c1c7401-Ab09e3d15", "doclen": 399, "score": 16.701963687790236}
{"type": "pageNavigationClicked", "timestamp": "2025-06-26T11:50:12.350Z", "sessionID": "c0217571-2a93-4496-904c-53c15bc23274", "clicked": "3", "fromPage": 2, "toPage": 3}
{"type": "toggleArgument", "timestamp": "2025-06-26T11:50:21.088Z", "sessionID": "c0217571-2a93-4496-904c-53c15bc23274", "rank": "21", "doc": "Sadd356d0-A697e260", "action": "expand", "doclen": 424, "score": 16.608346371918913}
{"type": "toggleArgument", "timestamp": "2025-06-26T11:50:39.311Z", "sessionID": "c0217571-2a93-4496-904c-53c15bc23274", "rank": "24", "doc": "Sf5b0db6a-Aff212c1f", "action": "expand", "doclen": 1977, "score": 16.509872866946388}
{"type": "ClickedEndTask", "timestamp": "2025-06-26T11:51:22.145Z", "sessionID": "c0217571-2a93-4496-904c-53c15bc23274"}
{"type": "TaskEndConfirmed", "timestamp": "2025-06-26T11:51:23.905Z", "sessionID": "c0217571-2a93-4496-904c-53c15bc23274"}
{"type": "TaskEnded", "timestamp": "2025-06-26T11:51:29.386Z", "sessionID": "c0217571-2a93-4496-904c-53c15bc23274", "reason": "time up", "translated_reason": "time up"}
