{"type": "idSubmitted", "timestamp": "2025-06-26T10:08:27.193Z", "sessionID": "5b15c88e-c9d7-4e49-96b7-c803c304a1a2", "uid": "Participant44"}
{"type": "TaskStarted", "timestamp": "2025-06-26T10:09:17.489Z", "sessionID": "5b15c88e-c9d7-4e49-96b7-c803c304a1a2", "task": "1", "uid": "Participant44", "topic": "Should performance-enhancing drugs be accepted in sports?"}
{"type": "queryBoxFocused", "timestamp": "2025-06-26T10:09:27.877Z", "sessionID": "5b15c88e-c9d7-4e49-96b7-c803c304a1a2"}
{"type": "querySubmitted", "timestamp": "2025-06-26T10:09:36.386Z", "sessionID": "5b15c88e-c9d7-4e49-96b7-c803c304a1a2", "query": "drugs sport"}
{"docno": "Sad998274-A271df109", "score": 19.37430144165561}
{"docno": "Sf5b0db6a-Ac1583031", "score": 19.24958462080146}
{"docno": "Sad998274-A6656c64", "score": 19.19997887439702}
{"docno": "Sac709939-A271ae36a", "score": 18.02235455462331}
{"docno": "Sac709939-Ac3ba7a1a", "score": 17.91662011020793}
{"docno": "S1cbf91f8-A1d8d67df", "score": 17.860375150439353}
{"docno": "S6143b928-A6b9d8811", "score": 17.841023598607237}
{"docno": "Sfd2a6336-Afba8851b", "score": 17.37878549887061}
{"docno": "S87b43e8a-Ae0961456", "score": 17.313285987819278}
{"docno": "Sbb7b9e0f-A51cc0edc", "score": 17.287985825064194}
{"docno": "S8868e5d6-Acbd4890f", "score": 17.25856439323052}
{"docno": "S1109cf85-A376b5598", "score": 17.221258581846598}
{"docno": "S14c97916-A9c733f74", "score": 17.17969783428032}
{"docno": "S87b43e8a-A2ddb9615", "score": 17.113918936798854}
{"docno": "S1cbf91f8-A9eb1b705", "score": 17.08786441935518}
{"docno": "S6143b928-Aa4d8cb9", "score": 17.024426038297435}
{"docno": "Sa9510197-A298c77bf", "score": 17.012608852316134}
{"docno": "Sbb7b9e0f-A77229037", "score": 16.910325490687754}
{"docno": "S6a9cc0cb-Ab07a45b3", "score": 16.867971971693038}
{"docno": "S1c1c7401-Ab09e3d15", "score": 16.701963687790236}
{"docno": "Sadd356d0-A697e260", "score": 16.608346371918913}
{"docno": "S6143b928-Ab0506b44", "score": 16.52068801422642}
{"docno": "S6fc6b895-A695b9558", "score": 16.51730749702837}
{"docno": "Sf5b0db6a-Aff212c1f", "score": 16.509872866946388}
{"docno": "Sffe83842-A80753db4", "score": 16.500280403244016}
{"docno": "S8b1ecb36-Ab8cbf53b", "score": 16.390329957010646}
{"docno": "S1acaa7cf-Aba56bc53", "score": 16.387291142653556}
{"docno": "Sd4cf84c8-Ae32a328", "score": 16.381775281460538}
{"docno": "S6143b928-A89d148c6", "score": 16.37304336931949}
{"docno": "Sffe83842-Ae682c5e0", "score": 16.360497846534322}
{"docno": "S68e6178d-Aaaa383f7", "score": 16.06932670671753}
{"docno": "Sbb7b9e0f-A5f442d19", "score": 16.042933510142042}
{"docno": "Sbb621258-A447412f", "score": 15.87329731765363}
{"docno": "S3a5d6f0-Ae39398d5", "score": 15.798315769357547}
{"docno": "Sf84db23d-Ac76003ea", "score": 15.765409682369722}
{"docno": "Se2a520e8-A1111e703", "score": 15.756935577102526}
{"docno": "S8b1ecb36-A91343726", "score": 15.553359908253636}
{"docno": "Se8bee87e-A7399815e", "score": 15.43776669850261}
{"docno": "S117d2319-Ac4bea3a9", "score": 15.4098052541813}
{"docno": "Sac709939-Aaa3c9db4", "score": 15.348520591122604}
{"docno": "S17a6e6e7-A5eacd26c", "score": 15.346751760195644}
{"docno": "S7acefaa0-A8426224c", "score": 15.329700157621794}
{"docno": "S899b8f0a-Ae5110211", "score": 15.294614822806189}
{"docno": "S4e2a557f-Ab02298fc", "score": 15.250023117066586}
{"docno": "S6143b928-A4827cac2", "score": 15.112381742062642}
{"docno": "S2831ac87-Ae6f91d08", "score": 14.992974884423127}
{"docno": "S19bc7160-Af2adc353", "score": 14.981678382381066}
{"docno": "S1109cf85-Ad088bdf2", "score": 14.886973998740809}
{"docno": "S90f04eb0-A506169a6", "score": 14.868890586574436}
{"docno": "S698c4d0e-Ab2cccd5c", "score": 14.770072920332508}
{"docno": "S1f6a3f53-A323c4afc", "score": 14.695719898579355}
{"docno": "S5cb32e8d-Abf12d390", "score": 14.630102579682154}
{"docno": "S5d238bd8-A27d183a3", "score": 14.579588042238722}
{"docno": "S6143b928-A54754041", "score": 14.38812518846741}
{"docno": "S1acaa7cf-Afec6f03c", "score": 14.07197208074098}
{"docno": "S13e81a9c-A1be0dce5", "score": 14.031453525259067}
{"docno": "S3629375b-Aaa53a495", "score": 14.01930175526839}
{"docno": "Sf0bf014b-A64b94e6e", "score": 13.927720543328647}
{"docno": "Sa5cc8c4a-A6cbbaa1d", "score": 13.837328076047877}
{"docno": "S1fa36ce1-Adcac71f7", "score": 13.716102327655761}
{"docno": "S8868e5d6-Ab653a77a", "score": 13.573056109970512}
{"docno": "S633be52e-Ac985ae77", "score": 13.573056109970512}
{"docno": "S3a5d6f0-A33a9ef1f", "score": 13.573056109970512}
{"docno": "S74e915ac-Acf8c95cc", "score": 13.470285891352662}
{"docno": "Sffe83842-A162c4c0e", "score": 13.396491170515104}
{"docno": "S8868e5d6-A6a1f6e95", "score": 13.329606929213245}
{"docno": "S6ef3f76a-A669cc220", "score": 13.154342803468122}
{"docno": "S5ff35ceb-A566a785a", "score": 13.064035337641606}
{"docno": "S5023cb9c-A7f076b35", "score": 12.994002735439953}
{"docno": "Sfad1e94f-A1a36074b", "score": 12.84989765182215}
{"docno": "S17a6e6e7-A58921aa8", "score": 12.786398041918979}
{"docno": "S363193e9-A5a49cdf1", "score": 12.628159271292727}
{"docno": "S68e6178d-A57907c28", "score": 12.624049098812387}
{"docno": "Sddccc0e1-A40f7a697", "score": 12.53560805652939}
{"docno": "S90ee2c92-A7d3ab871", "score": 12.53560805652939}
{"docno": "Sa9510197-A6153471d", "score": 12.53560805652939}
{"docno": "S6dd46fb9-Aef03dea9", "score": 12.524837758733957}
{"docno": "Se9b63a9a-Abe55e800", "score": 12.466275601274285}
{"docno": "S363193e9-Afe879b2", "score": 12.32497045381811}
{"docno": "Sfeaf7746-A935be79b", "score": 12.26079991009626}
{"docno": "S2ceb31ad-Af093e66f", "score": 12.247566492330176}
{"docno": "S6143b928-Aa48bf37d", "score": 12.10845326374193}
{"docno": "S72e84d66-Ace6428b0", "score": 12.028981584583686}
{"docno": "S49f41610-Ac01137e2", "score": 11.921856015877754}
{"docno": "S5ff35ceb-A90f485ae", "score": 11.905609565846534}
{"docno": "S9a4dadf6-Ab03457d2", "score": 11.864245023388904}
{"docno": "S2ac397ba-A11529f2f", "score": 11.730700589558499}
{"docno": "S2ac397ba-Af4e24a28", "score": 11.721028739769404}
{"docno": "S5cb32e8d-A23d21cbf", "score": 11.705473418381676}
{"docno": "S684d33f3-A2275af12", "score": 11.694561690469378}
{"docno": "S9be99e1b-Ae4c082e", "score": 11.681004276178042}
{"docno": "Se9001fdb-A76f96e17", "score": 11.67925255270261}
{"docno": "S185c50aa-A572db213", "score": 11.675547200754673}
{"docno": "S5b40f34d-A87c9a5c1", "score": 11.667371141213307}
{"docno": "S3103bdf1-Aefdf7be1", "score": 11.651857347571864}
{"docno": "S3b1910e-A51a03aab", "score": 11.650901360638862}
{"docno": "S46ffef62-Aabb99646", "score": 11.645492148721424}
{"docno": "Sb5ccaffb-Aff1a9830", "score": 11.620953201692574}
{"docno": "Se2a520e8-Aca1ab828", "score": 11.60087411407094}
{"docno": "S49f41610-Af83340d6", "score": 11.591158609012632}
{"type": "toggleArgument", "timestamp": "2025-06-26T10:09:40.889Z", "sessionID": "5b15c88e-c9d7-4e49-96b7-c803c304a1a2", "rank": "1", "doc": "Sad998274-A271df109", "action": "expand", "doclen": 1408, "score": 19.37430144165561}
{"type": "toggleArgument", "timestamp": "2025-06-26T10:10:44.593Z", "sessionID": "5b15c88e-c9d7-4e49-96b7-c803c304a1a2", "rank": "2", "doc": "Sf5b0db6a-Ac1583031", "action": "expand", "doclen": 788, "score": 19.24958462080146}
{"type": "StanceClicked", "timestamp": "2025-06-26T10:11:12.873Z", "sessionID": "5b15c88e-c9d7-4e49-96b7-c803c304a1a2", "rank": "2", "stance": "con", "action": "chooseStance", "doc": "Sf5b0db6a-Ac1583031", "doclen": 788, "score": 19.24958462080146}
{"type": "toggleArgument", "timestamp": "2025-06-26T10:11:30.737Z", "sessionID": "5b15c88e-c9d7-4e49-96b7-c803c304a1a2", "rank": "8", "doc": "Sfd2a6336-Afba8851b", "action": "expand", "doclen": 366, "score": 17.37878549887061}
{"type": "toggleArgument", "timestamp": "2025-06-26T10:11:48.089Z", "sessionID": "5b15c88e-c9d7-4e49-96b7-c803c304a1a2", "rank": "7", "doc": "S6143b928-A6b9d8811", "action": "expand", "doclen": 982, "score": 17.841023598607237}
{"type": "StanceClicked", "timestamp": "2025-06-26T10:12:02.497Z", "sessionID": "5b15c88e-c9d7-4e49-96b7-c803c304a1a2", "rank": "7", "stance": "con", "action": "chooseStance", "doc": "S6143b928-A6b9d8811", "doclen": 982, "score": 17.841023598607237}
{"type": "toggleArgument", "timestamp": "2025-06-26T10:12:08.841Z", "sessionID": "5b15c88e-c9d7-4e49-96b7-c803c304a1a2", "rank": "6", "doc": "S1cbf91f8-A1d8d67df", "action": "expand", "doclen": 1696, "score": 17.860375150439353}
{"type": "StanceClicked", "timestamp": "2025-06-26T10:12:38.633Z", "sessionID": "5b15c88e-c9d7-4e49-96b7-c803c304a1a2", "rank": "6", "stance": "con", "action": "chooseStance", "doc": "S1cbf91f8-A1d8d67df", "doclen": 1696, "score": 17.860375150439353}
{"type": "toggleArgument", "timestamp": "2025-06-26T10:12:49.513Z", "sessionID": "5b15c88e-c9d7-4e49-96b7-c803c304a1a2", "rank": "3", "doc": "Sad998274-A6656c64", "action": "expand", "doclen": 1062, "score": 19.19997887439702}
{"type": "toggleArgument", "timestamp": "2025-06-26T10:13:19.305Z", "sessionID": "5b15c88e-c9d7-4e49-96b7-c803c304a1a2", "rank": "5", "doc": "Sac709939-Ac3ba7a1a", "action": "expand", "doclen": 2361, "score": 17.91662011020793}
{"type": "StanceClicked", "timestamp": "2025-06-26T10:13:32.281Z", "sessionID": "5b15c88e-c9d7-4e49-96b7-c803c304a1a2", "rank": "5", "stance": "con", "action": "chooseStance", "doc": "Sac709939-Ac3ba7a1a", "doclen": 2361, "score": 17.91662011020793}
{"type": "toggleArgument", "timestamp": "2025-06-26T10:13:49.562Z", "sessionID": "5b15c88e-c9d7-4e49-96b7-c803c304a1a2", "rank": "8", "doc": "Sfd2a6336-Afba8851b", "action": "reduce", "doclen": 366, "score": 17.37878549887061}
{"type": "toggleArgument", "timestamp": "2025-06-26T10:14:10.032Z", "sessionID": "5b15c88e-c9d7-4e49-96b7-c803c304a1a2", "rank": "9", "doc": "S87b43e8a-Ae0961456", "action": "expand", "doclen": 495, "score": 17.313285987819278}
{"type": "StanceClicked", "timestamp": "2025-06-26T10:14:24.577Z", "sessionID": "5b15c88e-c9d7-4e49-96b7-c803c304a1a2", "rank": "9", "stance": "con", "action": "chooseStance", "doc": "S87b43e8a-Ae0961456", "doclen": 495, "score": 17.313285987819278}
{"type": "StanceClicked", "timestamp": "2025-06-26T10:14:28.937Z", "sessionID": "5b15c88e-c9d7-4e49-96b7-c803c304a1a2", "rank": "10", "stance": "con", "action": "chooseStance", "doc": "Sbb7b9e0f-A51cc0edc", "doclen": 266, "score": 17.287985825064194}
{"type": "pageNavigationClicked", "timestamp": "2025-06-26T10:14:29.889Z", "sessionID": "5b15c88e-c9d7-4e49-96b7-c803c304a1a2", "clicked": "2", "fromPage": 1, "toPage": 2}
{"type": "toggleArgument", "timestamp": "2025-06-26T10:14:35.697Z", "sessionID": "5b15c88e-c9d7-4e49-96b7-c803c304a1a2", "rank": "11", "doc": "S8868e5d6-Acbd4890f", "action": "expand", "doclen": 1121, "score": 17.25856439323052}
{"type": "toggleArgument", "timestamp": "2025-06-26T10:14:47.865Z", "sessionID": "5b15c88e-c9d7-4e49-96b7-c803c304a1a2", "rank": "12", "doc": "S1109cf85-A376b5598", "action": "expand", "doclen": 1974, "score": 17.221258581846598}
{"type": "StanceClicked", "timestamp": "2025-06-26T10:15:04.209Z", "sessionID": "5b15c88e-c9d7-4e49-96b7-c803c304a1a2", "rank": "12", "stance": "pro", "action": "chooseStance", "doc": "S1109cf85-A376b5598", "doclen": 1974, "score": 17.221258581846598}
{"type": "StanceClicked", "timestamp": "2025-06-26T10:15:22.633Z", "sessionID": "5b15c88e-c9d7-4e49-96b7-c803c304a1a2", "rank": "15", "stance": "con", "action": "chooseStance", "doc": "S1cbf91f8-A9eb1b705", "doclen": 302, "score": 17.08786441935518}
{"type": "StanceClicked", "timestamp": "2025-06-26T10:15:29.073Z", "sessionID": "5b15c88e-c9d7-4e49-96b7-c803c304a1a2", "rank": "16", "stance": "pro", "action": "chooseStance", "doc": "S6143b928-Aa4d8cb9", "doclen": 815, "score": 17.024426038297435}
{"type": "StanceClicked", "timestamp": "2025-06-26T10:15:35.609Z", "sessionID": "5b15c88e-c9d7-4e49-96b7-c803c304a1a2", "rank": "18", "stance": "con", "action": "chooseStance", "doc": "Sbb7b9e0f-A77229037", "doclen": 163, "score": 16.910325490687754}
{"type": "toggleArgument", "timestamp": "2025-06-26T10:15:46.208Z", "sessionID": "5b15c88e-c9d7-4e49-96b7-c803c304a1a2", "rank": "19", "doc": "S6a9cc0cb-Ab07a45b3", "action": "expand", "doclen": 649, "score": 16.867971971693038}
{"type": "StanceClicked", "timestamp": "2025-06-26T10:16:10.977Z", "sessionID": "5b15c88e-c9d7-4e49-96b7-c803c304a1a2", "rank": "19", "stance": "con", "action": "chooseStance", "doc": "S6a9cc0cb-Ab07a45b3", "doclen": 649, "score": 16.867971971693038}
{"type": "StanceClicked", "timestamp": "2025-06-26T10:16:17.449Z", "sessionID": "5b15c88e-c9d7-4e49-96b7-c803c304a1a2", "rank": "20", "stance": "con", "action": "chooseStance", "doc": "S1c1c7401-Ab09e3d15", "doclen": 399, "score": 16.701963687790236}
{"type": "pageNavigationClicked", "timestamp": "2025-06-26T10:16:18.617Z", "sessionID": "5b15c88e-c9d7-4e49-96b7-c803c304a1a2", "clicked": "3", "fromPage": 2, "toPage": 3}
{"type": "StanceClicked", "timestamp": "2025-06-26T10:16:32.521Z", "sessionID": "5b15c88e-c9d7-4e49-96b7-c803c304a1a2", "rank": "21", "stance": "con", "action": "chooseStance", "doc": "Sadd356d0-A697e260", "doclen": 424, "score": 16.608346371918913}
{"type": "StanceClicked", "timestamp": "2025-06-26T10:16:33.281Z", "sessionID": "5b15c88e-c9d7-4e49-96b7-c803c304a1a2", "rank": "22", "stance": "con", "action": "chooseStance", "doc": "S6143b928-Ab0506b44", "doclen": 962, "score": 16.52068801422642}
{"type": "toggleArgument", "timestamp": "2025-06-26T10:16:52.001Z", "sessionID": "5b15c88e-c9d7-4e49-96b7-c803c304a1a2", "rank": "24", "doc": "Sf5b0db6a-Aff212c1f", "action": "expand", "doclen": 1977, "score": 16.509872866946388}
{"type": "StanceClicked", "timestamp": "2025-06-26T10:17:10.569Z", "sessionID": "5b15c88e-c9d7-4e49-96b7-c803c304a1a2", "rank": "24", "stance": "pro", "action": "chooseStance", "doc": "Sf5b0db6a-Aff212c1f", "doclen": 1977, "score": 16.509872866946388}
{"type": "StanceClicked", "timestamp": "2025-06-26T10:17:18.529Z", "sessionID": "5b15c88e-c9d7-4e49-96b7-c803c304a1a2", "rank": "25", "stance": "con", "action": "chooseStance", "doc": "Sffe83842-A80753db4", "doclen": 2596, "score": 16.500280403244016}
{"type": "toggleArgument", "timestamp": "2025-06-26T10:17:33.681Z", "sessionID": "5b15c88e-c9d7-4e49-96b7-c803c304a1a2", "rank": "26", "doc": "S8b1ecb36-Ab8cbf53b", "action": "expand", "doclen": 198, "score": 16.390329957010646}
{"type": "toggleArgument", "timestamp": "2025-06-26T10:17:55.320Z", "sessionID": "5b15c88e-c9d7-4e49-96b7-c803c304a1a2", "rank": "27", "doc": "S1acaa7cf-Aba56bc53", "action": "expand", "doclen": 1813, "score": 16.387291142653556}
{"type": "StanceClicked", "timestamp": "2025-06-26T10:18:43.465Z", "sessionID": "5b15c88e-c9d7-4e49-96b7-c803c304a1a2", "rank": "28", "stance": "con", "action": "chooseStance", "doc": "Sd4cf84c8-Ae32a328", "doclen": 431, "score": 16.381775281460538}
{"type": "toggleArgument", "timestamp": "2025-06-26T10:18:50.888Z", "sessionID": "5b15c88e-c9d7-4e49-96b7-c803c304a1a2", "rank": "29", "doc": "S6143b928-A89d148c6", "action": "expand", "doclen": 741, "score": 16.37304336931949}
{"type": "StanceClicked", "timestamp": "2025-06-26T10:19:06.865Z", "sessionID": "5b15c88e-c9d7-4e49-96b7-c803c304a1a2", "rank": "30", "stance": "pro", "action": "chooseStance", "doc": "Sffe83842-Ae682c5e0", "doclen": 2738, "score": 16.360497846534322}
{"type": "ClickedEndTask", "timestamp": "2025-06-26T10:19:08.825Z", "sessionID": "5b15c88e-c9d7-4e49-96b7-c803c304a1a2"}
{"type": "TaskEndConfirmed", "timestamp": "2025-06-26T10:19:12.281Z", "sessionID": "5b15c88e-c9d7-4e49-96b7-c803c304a1a2"}
{"type": "TaskEnded", "timestamp": "2025-06-26T10:19:23.929Z", "sessionID": "5b15c88e-c9d7-4e49-96b7-c803c304a1a2", "reason": "Time was over", "translated_reason": "Time was over"}
