{"type": "idSubmitted", "timestamp": "2026-02-10T10:09:43.089Z", "sessionID": "7ee8c41a-3583-47d7-97e5-135e06b1cd25", "uid": "Participant14"}
{"type": "queryBoxFocused", "timestamp": "2026-02-10T10:09:44.805Z", "sessionID": "7ee8c41a-3583-47d7-97e5-135e06b1cd25"}
{"type": "querySubmitted", "timestamp": "2026-02-10T10:09:49.921Z", "sessionID": "7ee8c41a-3583-47d7-97e5-135e06b1cd25", "query": "ancient rome", "newQuery": "1"}
{"type": "searchResultGenerated", "timestamp": "2026-02-10T10:09:53.872Z", "sessionID": "7ee8c41a-3583-47d7-97e5-135e06b1cd25", "query": "ancient rome", "docid": "", "rank": "1", "url": "https://en.wikipedia.org/wiki/Ancient_Rome"}
{"type": "searchResultGenerated", "timestamp": "2026-02-10T10:09:53.873Z", "sessionID": "7ee8c41a-3583-47d7-97e5-135e06b1cd25", "query": "ancient rome", "docid": "", "rank": "2", "url": "https://www.britannica.com/place/ancient-Rome"}
{"type": "searchResultGenerated", "timestamp": "2026-02-10T10:09:53.873Z", "sessionID": "7ee8c41a-3583-47d7-97e5-135e06b1cd25", "query": "ancient rome", "docid": "", "rank": "3", "url": "https://kids.nationalgeographic.com/history/article/ancient-rome"}
{"type": "searchResultGenerated", "timestamp": "2026-02-10T10:09:53.873Z", "sessionID": "7ee8c41a-3583-47d7-97e5-135e06b1cd25", "query": "ancient rome", "docid": "", "rank": "4", "url": "https://www.mpm.edu/research-collections/anthropology/anthropology-collections-research/mediterranean-oil-lamps/roman-empire-brief-history"}
{"type": "searchResultGenerated", "timestamp": "2026-02-10T10:09:53.873Z", "sessionID": "7ee8c41a-3583-47d7-97e5-135e06b1cd25", "query": "ancient rome", "docid": "", "rank": "5", "url": "https://www.britishmuseum.org/exhibitions/nero-man-behind-myth/introduction-to-ancient-rome"}
{"type": "searchResultGenerated", "timestamp": "2026-02-10T10:09:53.873Z", "sessionID": "7ee8c41a-3583-47d7-97e5-135e06b1cd25", "query": "ancient rome", "docid": "", "rank": "6", "url": "https://www.history.com/articles/ancient-rome"}
{"type": "searchResultGenerated", "timestamp": "2026-02-10T10:09:53.873Z", "sessionID": "7ee8c41a-3583-47d7-97e5-135e06b1cd25", "query": "ancient rome", "docid": "", "rank": "7", "url": "https://smarthistory.org/ancient-rome/"}
{"type": "searchResultGenerated", "timestamp": "2026-02-10T10:09:53.874Z", "sessionID": "7ee8c41a-3583-47d7-97e5-135e06b1cd25", "query": "ancient rome", "docid": "", "rank": "8", "url": "https://ancientromelive.org/"}
{"type": "clickedResult", "timestamp": "2026-02-10T10:09:55.303Z", "sessionID": "7ee8c41a-3583-47d7-97e5-135e06b1cd25", "query": "ancient rome", "url": "https://www.britannica.com/place/ancient-Rome", "rank": "2"}
{"type": "searchResultGenerated", "timestamp": "2026-02-10T10:09:58.566Z", "sessionID": "7ee8c41a-3583-47d7-97e5-135e06b1cd25", "query": "ancient rome", "docid": "", "rank": "1", "url": "https://en.wikipedia.org/wiki/Ancient_Rome"}
{"type": "searchResultGenerated", "timestamp": "2026-02-10T10:09:58.566Z", "sessionID": "7ee8c41a-3583-47d7-97e5-135e06b1cd25", "query": "ancient rome", "docid": "", "rank": "2", "url": "https://www.britannica.com/place/ancient-Rome"}
{"type": "searchResultGenerated", "timestamp": "2026-02-10T10:09:58.566Z", "sessionID": "7ee8c41a-3583-47d7-97e5-135e06b1cd25", "query": "ancient rome", "docid": "", "rank": "3", "url": "https://kids.nationalgeographic.com/history/article/ancient-rome"}
{"type": "searchResultGenerated", "timestamp": "2026-02-10T10:09:58.566Z", "sessionID": "7ee8c41a-3583-47d7-97e5-135e06b1cd25", "query": "ancient rome", "docid": "", "rank": "4", "url": "https://www.mpm.edu/research-collections/anthropology/anthropology-collections-research/mediterranean-oil-lamps/roman-empire-brief-history"}
{"type": "searchResultGenerated", "timestamp": "2026-02-10T10:09:58.566Z", "sessionID": "7ee8c41a-3583-47d7-97e5-135e06b1cd25", "query": "ancient rome", "docid": "", "rank": "5", "url": "https://www.britishmuseum.org/exhibitions/nero-man-behind-myth/introduction-to-ancient-rome"}
{"type": "searchResultGenerated", "timestamp": "2026-02-10T10:09:58.566Z", "sessionID": "7ee8c41a-3583-47d7-97e5-135e06b1cd25", "query": "ancient rome", "docid": "", "rank": "6", "url": "https://www.history.com/articles/ancient-rome"}
{"type": "searchResultGenerated", "timestamp": "2026-02-10T10:09:58.566Z", "sessionID": "7ee8c41a-3583-47d7-97e5-135e06b1cd25", "query": "ancient rome", "docid": "", "rank": "7", "url": "https://smarthistory.org/ancient-rome/"}
{"type": "searchResultGenerated", "timestamp": "2026-02-10T10:09:58.567Z", "sessionID": "7ee8c41a-3583-47d7-97e5-135e06b1cd25", "query": "ancient rome", "docid": "", "rank": "8", "url": "https://ancientromelive.org/"}
{"type": "clickedResult", "timestamp": "2026-02-10T10:09:59.950Z", "sessionID": "7ee8c41a-3583-47d7-97e5-135e06b1cd25", "query": "ancient rome", "url": "https://www.mpm.edu/research-collections/anthropology/anthropology-collections-research/mediterranean-oil-lamps/roman-empire-brief-history", "rank": "4"}
{"type": "searchResultGenerated", "timestamp": "2026-02-10T10:10:02.941Z", "sessionID": "7ee8c41a-3583-47d7-97e5-135e06b1cd25", "query": "ancient rome", "docid": "", "rank": "1", "url": "https://en.wikipedia.org/wiki/Ancient_Rome"}
{"type": "searchResultGenerated", "timestamp": "2026-02-10T10:10:02.942Z", "sessionID": "7ee8c41a-3583-47d7-97e5-135e06b1cd25", "query": "ancient rome", "docid": "", "rank": "2", "url": "https://www.britannica.com/place/ancient-Rome"}
{"type": "searchResultGenerated", "timestamp": "2026-02-10T10:10:02.942Z", "sessionID": "7ee8c41a-3583-47d7-97e5-135e06b1cd25", "query": "ancient rome", "docid": "", "rank": "3", "url": "https://kids.nationalgeographic.com/history/article/ancient-rome"}
{"type": "searchResultGenerated", "timestamp": "2026-02-10T10:10:02.942Z", "sessionID": "7ee8c41a-3583-47d7-97e5-135e06b1cd25", "query": "ancient rome", "docid": "", "rank": "4", "url": "https://www.mpm.edu/research-collections/anthropology/anthropology-collections-research/mediterranean-oil-lamps/roman-empire-brief-history"}
{"type": "searchResultGenerated", "timestamp": "2026-02-10T10:10:02.942Z", "sessionID": "7ee8c41a-3583-47d7-97e5-135e06b1cd25", "query": "ancient rome", "docid": "", "rank": "5", "url": "https://www.britishmuseum.org/exhibitions/nero-man-behind-myth/introduction-to-ancient-rome"}
{"type": "searchResultGenerated", "timestamp": "2026-02-10T10:10:02.942Z", "sessionID": "7ee8c41a-3583-47d7-97e5-135e06b1cd25", "query": "ancient rome", "docid": "", "rank": "6", "url": "https://www.history.com/articles/ancient-rome"}
{"type": "searchResultGenerated", "timestamp": "2026-02-10T10:10:02.942Z", "sessionID": "7ee8c41a-3583-47d7-97e5-135e06b1cd25", "query": "ancient rome", "docid": "", "rank": "7", "url": "https://smarthistory.org/ancient-rome/"}
{"type": "searchResultGenerated", "timestamp": "2026-02-10T10:10:02.943Z", "sessionID": "7ee8c41a-3583-47d7-97e5-135e06b1cd25", "query": "ancient rome", "docid": "", "rank": "8", "url": "https://ancientromelive.org/"}
{"type": "queryBoxFocused", "timestamp": "2026-02-10T10:10:05.143Z", "sessionID": "7ee8c41a-3583-47d7-97e5-135e06b1cd25"}
{"type": "querySubmitted", "timestamp": "2026-02-10T10:10:09.803Z", "sessionID": "7ee8c41a-3583-47d7-97e5-135e06b1cd25", "query": "roman leaders", "newQuery": "1"}
{"type": "searchResultGenerated", "timestamp": "2026-02-10T10:10:12.341Z", "sessionID": "7ee8c41a-3583-47d7-97e5-135e06b1cd25", "query": "roman leaders", "docid": "", "rank": "1", "url": "https://en.wikipedia.org/wiki/List_of_Roman_emperors"}
{"type": "searchResultGenerated", "timestamp": "2026-02-10T10:10:12.341Z", "sessionID": "7ee8c41a-3583-47d7-97e5-135e06b1cd25", "query": "roman leaders", "docid": "", "rank": "2", "url": "https://www.britannica.com/place/list-of-Roman-emperors-2043294"}
{"type": "searchResultGenerated", "timestamp": "2026-02-10T10:10:12.341Z", "sessionID": "7ee8c41a-3583-47d7-97e5-135e06b1cd25", "query": "roman leaders", "docid": "", "rank": "3", "url": "https://www.metmuseum.org/toah/hd/roru/hd_roru.htm"}
{"type": "searchResultGenerated", "timestamp": "2026-02-10T10:10:12.342Z", "sessionID": "7ee8c41a-3583-47d7-97e5-135e06b1cd25", "query": "roman leaders", "docid": "", "rank": "4", "url": "https://www.thecollector.com/list-roman-emperors/"}
{"type": "searchResultGenerated", "timestamp": "2026-02-10T10:10:12.342Z", "sessionID": "7ee8c41a-3583-47d7-97e5-135e06b1cd25", "query": "roman leaders", "docid": "", "rank": "5", "url": "https://www.reddit.com/r/ancientrome/comments/1gy7l33/whats_your_top_10_list_of_roman_emperors/"}
{"type": "searchResultGenerated", "timestamp": "2026-02-10T10:10:12.342Z", "sessionID": "7ee8c41a-3583-47d7-97e5-135e06b1cd25", "query": "roman leaders", "docid": "", "rank": "6", "url": "https://www.preceden.com/timelines/520135-timeline-of-the-29-roman-emperors"}
{"type": "searchResultGenerated", "timestamp": "2026-02-10T10:10:12.343Z", "sessionID": "7ee8c41a-3583-47d7-97e5-135e06b1cd25", "query": "roman leaders", "docid": "", "rank": "7", "url": "https://online.norwich.edu/online/about/resource-library/7-major-emperors-during-rise-roman-empire"}
{"type": "searchResultGenerated", "timestamp": "2026-02-10T10:10:12.343Z", "sessionID": "7ee8c41a-3583-47d7-97e5-135e06b1cd25", "query": "roman leaders", "docid": "", "rank": "8", "url": "https://study.com/academy/lesson/timeline-of-roman-emperors.html"}
{"type": "clickedResult", "timestamp": "2026-02-10T10:10:13.385Z", "sessionID": "7ee8c41a-3583-47d7-97e5-135e06b1cd25", "query": "roman leaders", "url": "https://www.thecollector.com/list-roman-emperors/", "rank": "4"}
{"type": "searchResultGenerated", "timestamp": "2026-02-10T10:10:15.656Z", "sessionID": "7ee8c41a-3583-47d7-97e5-135e06b1cd25", "query": "roman leaders", "docid": "", "rank": "1", "url": "https://en.wikipedia.org/wiki/List_of_Roman_emperors"}
{"type": "searchResultGenerated", "timestamp": "2026-02-10T10:10:15.656Z", "sessionID": "7ee8c41a-3583-47d7-97e5-135e06b1cd25", "query": "roman leaders", "docid": "", "rank": "2", "url": "https://www.britannica.com/place/list-of-Roman-emperors-2043294"}
{"type": "searchResultGenerated", "timestamp": "2026-02-10T10:10:15.656Z", "sessionID": "7ee8c41a-3583-47d7-97e5-135e06b1cd25", "query": "roman leaders", "docid": "", "rank": "3", "url": "https://www.metmuseum.org/toah/hd/roru/hd_roru.htm"}
{"type": "searchResultGenerated", "timestamp": "2026-02-10T10:10:15.656Z", "sessionID": "7ee8c41a-3583-47d7-97e5-135e06b1cd25", "query": "roman leaders", "docid": "", "rank": "4", "url": "https://www.thecollector.com/list-roman-emperors/"}
{"type": "searchResultGenerated", "timestamp": "2026-02-10T10:10:15.656Z", "sessionID": "7ee8c41a-3583-47d7-97e5-135e06b1cd25", "query": "roman leaders", "docid": "", "rank": "5", "url": "https://www.reddit.com/r/ancientrome/comments/1gy7l33/whats_your_top_10_list_of_roman_emperors/"}
{"type": "searchResultGenerated", "timestamp": "2026-02-10T10:10:15.657Z", "sessionID": "7ee8c41a-3583-47d7-97e5-135e06b1cd25", "query": "roman leaders", "docid": "", "rank": "6", "url": "https://www.preceden.com/timelines/520135-timeline-of-the-29-roman-emperors"}
{"type": "searchResultGenerated", "timestamp": "2026-02-10T10:10:15.657Z", "sessionID": "7ee8c41a-3583-47d7-97e5-135e06b1cd25", "query": "roman leaders", "docid": "", "rank": "7", "url": "https://online.norwich.edu/online/about/resource-library/7-major-emperors-during-rise-roman-empire"}
{"type": "searchResultGenerated", "timestamp": "2026-02-10T10:10:15.657Z", "sessionID": "7ee8c41a-3583-47d7-97e5-135e06b1cd25", "query": "roman leaders", "docid": "", "rank": "8", "url": "https://study.com/academy/lesson/timeline-of-roman-emperors.html"}
{"type": "clickedResult", "timestamp": "2026-02-10T10:10:16.975Z", "sessionID": "7ee8c41a-3583-47d7-97e5-135e06b1cd25", "query": "roman leaders", "url": "https://www.preceden.com/timelines/520135-timeline-of-the-29-roman-emperors", "rank": "6"}
{"type": "searchResultGenerated", "timestamp": "2026-02-10T10:10:20.081Z", "sessionID": "7ee8c41a-3583-47d7-97e5-135e06b1cd25", "query": "roman leaders", "docid": "", "rank": "1", "url": "https://en.wikipedia.org/wiki/List_of_Roman_emperors"}
{"type": "searchResultGenerated", "timestamp": "2026-02-10T10:10:20.081Z", "sessionID": "7ee8c41a-3583-47d7-97e5-135e06b1cd25", "query": "roman leaders", "docid": "", "rank": "2", "url": "https://www.britannica.com/place/list-of-Roman-emperors-2043294"}
{"type": "searchResultGenerated", "timestamp": "2026-02-10T10:10:20.082Z", "sessionID": "7ee8c41a-3583-47d7-97e5-135e06b1cd25", "query": "roman leaders", "docid": "", "rank": "3", "url": "https://www.metmuseum.org/toah/hd/roru/hd_roru.htm"}
{"type": "searchResultGenerated", "timestamp": "2026-02-10T10:10:20.082Z", "sessionID": "7ee8c41a-3583-47d7-97e5-135e06b1cd25", "query": "roman leaders", "docid": "", "rank": "4", "url": "https://www.thecollector.com/list-roman-emperors/"}
{"type": "searchResultGenerated", "timestamp": "2026-02-10T10:10:20.082Z", "sessionID": "7ee8c41a-3583-47d7-97e5-135e06b1cd25", "query": "roman leaders", "docid": "", "rank": "5", "url": "https://www.reddit.com/r/ancientrome/comments/1gy7l33/whats_your_top_10_list_of_roman_emperors/"}
{"type": "searchResultGenerated", "timestamp": "2026-02-10T10:10:20.082Z", "sessionID": "7ee8c41a-3583-47d7-97e5-135e06b1cd25", "query": "roman leaders", "docid": "", "rank": "6", "url": "https://www.preceden.com/timelines/520135-timeline-of-the-29-roman-emperors"}
{"type": "searchResultGenerated", "timestamp": "2026-02-10T10:10:20.082Z", "sessionID": "7ee8c41a-3583-47d7-97e5-135e06b1cd25", "query": "roman leaders", "docid": "", "rank": "7", "url": "https://online.norwich.edu/online/about/resource-library/7-major-emperors-during-rise-roman-empire"}
{"type": "searchResultGenerated", "timestamp": "2026-02-10T10:10:20.083Z", "sessionID": "7ee8c41a-3583-47d7-97e5-135e06b1cd25", "query": "roman leaders", "docid": "", "rank": "8", "url": "https://study.com/academy/lesson/timeline-of-roman-emperors.html"}
{"type": "ClickedEndTask", "timestamp": "2026-02-10T10:10:21.335Z", "sessionID": "7ee8c41a-3583-47d7-97e5-135e06b1cd25"}
{"type": "TaskEndConfirmed", "timestamp": "2026-02-10T10:10:22.321Z", "sessionID": "7ee8c41a-3583-47d7-97e5-135e06b1cd25"}
