{"type": "idSubmitted", "timestamp": "2026-02-09T15:26:28.391Z", "sessionID": "0838f355-d390-43a1-b6a9-5e32765a45f9", "uid": "Participant1"}
{"type": "TaskStarted", "timestamp": "2026-02-09T15:26:31.239Z", "sessionID": "0838f355-d390-43a1-b6a9-5e32765a45f9", "task": "1", "uid": "Participant1", "topic": "Is human activity primarily responsible for global climate change?"}
{"type": "queryBoxFocused", "timestamp": "2026-02-09T15:26:35.498Z", "sessionID": "0838f355-d390-43a1-b6a9-5e32765a45f9"}
{"type": "querySubmitted", "timestamp": "2026-02-09T15:26:38.957Z", "sessionID": "0838f355-d390-43a1-b6a9-5e32765a45f9", "query": "climate change"}
{"type": "searchResultGenerated", "timestamp": "2026-02-09T15:26:42.051Z", "sessionID": "0838f355-d390-43a1-b6a9-5e32765a45f9", "query": "climate change", "docid": "", "rank": "1", "url": "https://www.un.org/en/climatechange/what-is-climate-change"}
{"type": "searchResultGenerated", "timestamp": "2026-02-09T15:26:42.052Z", "sessionID": "0838f355-d390-43a1-b6a9-5e32765a45f9", "query": "climate change", "docid": "", "rank": "2", "url": "https://en.wikipedia.org/wiki/Climate_change"}
{"type": "searchResultGenerated", "timestamp": "2026-02-09T15:26:42.052Z", "sessionID": "0838f355-d390-43a1-b6a9-5e32765a45f9", "query": "climate change", "docid": "", "rank": "3", "url": "https://science.nasa.gov/climate-change/"}
{"type": "searchResultGenerated", "timestamp": "2026-02-09T15:26:42.052Z", "sessionID": "0838f355-d390-43a1-b6a9-5e32765a45f9", "query": "climate change", "docid": "", "rank": "4", "url": "https://www.noaa.gov/education/resource-collections/climate/climate-change-impacts"}
{"type": "searchResultGenerated", "timestamp": "2026-02-09T15:26:42.052Z", "sessionID": "0838f355-d390-43a1-b6a9-5e32765a45f9", "query": "climate change", "docid": "", "rank": "5", "url": "https://www.epa.gov/climate-change"}
{"type": "searchResultGenerated", "timestamp": "2026-02-09T15:26:42.052Z", "sessionID": "0838f355-d390-43a1-b6a9-5e32765a45f9", "query": "climate change", "docid": "", "rank": "6", "url": "https://www.who.int/health-topics/climate-change"}
{"type": "searchResultGenerated", "timestamp": "2026-02-09T15:26:42.052Z", "sessionID": "0838f355-d390-43a1-b6a9-5e32765a45f9", "query": "climate change", "docid": "", "rank": "7", "url": "https://royalsociety.org/news-resources/projects/climate-change-evidence-causes/basics-of-climate-change/"}
{"type": "searchResultGenerated", "timestamp": "2026-02-09T15:26:42.052Z", "sessionID": "0838f355-d390-43a1-b6a9-5e32765a45f9", "query": "climate change", "docid": "", "rank": "8", "url": "https://www.climatechange.ai/"}
{"type": "queryBoxFocused", "timestamp": "2026-02-09T16:01:54.658Z", "sessionID": "0838f355-d390-43a1-b6a9-5e32765a45f9"}
{"type": "querySubmitted", "timestamp": "2026-02-09T16:02:01.877Z", "sessionID": "0838f355-d390-43a1-b6a9-5e32765a45f9", "query": "climate change"}
{"type": "searchResultGenerated", "timestamp": "2026-02-09T16:02:02.616Z", "sessionID": "0838f355-d390-43a1-b6a9-5e32765a45f9", "query": "climate change", "docid": "", "rank": "1", "url": "https://www.un.org/en/climatechange/what-is-climate-change"}
{"type": "searchResultGenerated", "timestamp": "2026-02-09T16:02:02.617Z", "sessionID": "0838f355-d390-43a1-b6a9-5e32765a45f9", "query": "climate change", "docid": "", "rank": "2", "url": "https://en.wikipedia.org/wiki/Climate_change"}
{"type": "searchResultGenerated", "timestamp": "2026-02-09T16:02:02.617Z", "sessionID": "0838f355-d390-43a1-b6a9-5e32765a45f9", "query": "climate change", "docid": "", "rank": "3", "url": "https://science.nasa.gov/climate-change/"}
{"type": "searchResultGenerated", "timestamp": "2026-02-09T16:02:02.617Z", "sessionID": "0838f355-d390-43a1-b6a9-5e32765a45f9", "query": "climate change", "docid": "", "rank": "4", "url": "https://www.noaa.gov/education/resource-collections/climate/climate-change-impacts"}
{"type": "searchResultGenerated", "timestamp": "2026-02-09T16:02:02.618Z", "sessionID": "0838f355-d390-43a1-b6a9-5e32765a45f9", "query": "climate change", "docid": "", "rank": "5", "url": "https://www.epa.gov/climate-change"}
{"type": "searchResultGenerated", "timestamp": "2026-02-09T16:02:02.618Z", "sessionID": "0838f355-d390-43a1-b6a9-5e32765a45f9", "query": "climate change", "docid": "", "rank": "6", "url": "https://www.who.int/health-topics/climate-change"}
{"type": "searchResultGenerated", "timestamp": "2026-02-09T16:02:02.618Z", "sessionID": "0838f355-d390-43a1-b6a9-5e32765a45f9", "query": "climate change", "docid": "", "rank": "7", "url": "https://royalsociety.org/news-resources/projects/climate-change-evidence-causes/basics-of-climate-change/"}
{"type": "searchResultGenerated", "timestamp": "2026-02-09T16:02:02.618Z", "sessionID": "0838f355-d390-43a1-b6a9-5e32765a45f9", "query": "climate change", "docid": "", "rank": "8", "url": "https://www.climatechange.ai/"}
{"type": "clickedResult", "timestamp": "2026-02-09T16:02:08.355Z", "sessionID": "0838f355-d390-43a1-b6a9-5e32765a45f9", "query": "climate change", "url": "https://www.un.org/en/climatechange/what-is-climate-change", "rank": "1"}
{"type": "searchResultGenerated", "timestamp": "2026-02-09T16:02:14.027Z", "sessionID": "0838f355-d390-43a1-b6a9-5e32765a45f9", "query": "climate change", "docid": "", "rank": "1", "url": "https://www.un.org/en/climatechange/what-is-climate-change"}
{"type": "searchResultGenerated", "timestamp": "2026-02-09T16:02:14.027Z", "sessionID": "0838f355-d390-43a1-b6a9-5e32765a45f9", "query": "climate change", "docid": "", "rank": "2", "url": "https://en.wikipedia.org/wiki/Climate_change"}
{"type": "searchResultGenerated", "timestamp": "2026-02-09T16:02:14.027Z", "sessionID": "0838f355-d390-43a1-b6a9-5e32765a45f9", "query": "climate change", "docid": "", "rank": "3", "url": "https://science.nasa.gov/climate-change/"}
{"type": "searchResultGenerated", "timestamp": "2026-02-09T16:02:14.027Z", "sessionID": "0838f355-d390-43a1-b6a9-5e32765a45f9", "query": "climate change", "docid": "", "rank": "4", "url": "https://www.noaa.gov/education/resource-collections/climate/climate-change-impacts"}
{"type": "searchResultGenerated", "timestamp": "2026-02-09T16:02:14.028Z", "sessionID": "0838f355-d390-43a1-b6a9-5e32765a45f9", "query": "climate change", "docid": "", "rank": "5", "url": "https://www.epa.gov/climate-change"}
{"type": "searchResultGenerated", "timestamp": "2026-02-09T16:02:14.028Z", "sessionID": "0838f355-d390-43a1-b6a9-5e32765a45f9", "query": "climate change", "docid": "", "rank": "6", "url": "https://www.who.int/health-topics/climate-change"}
{"type": "searchResultGenerated", "timestamp": "2026-02-09T16:02:14.028Z", "sessionID": "0838f355-d390-43a1-b6a9-5e32765a45f9", "query": "climate change", "docid": "", "rank": "7", "url": "https://royalsociety.org/news-resources/projects/climate-change-evidence-causes/basics-of-climate-change/"}
{"type": "searchResultGenerated", "timestamp": "2026-02-09T16:02:14.028Z", "sessionID": "0838f355-d390-43a1-b6a9-5e32765a45f9", "query": "climate change", "docid": "", "rank": "8", "url": "https://www.climatechange.ai/"}
{"type": "clickedResult", "timestamp": "2026-02-09T16:02:27.477Z", "sessionID": "0838f355-d390-43a1-b6a9-5e32765a45f9", "query": "climate change", "url": "https://www.un.org/en/climatechange/what-is-climate-change", "rank": "1"}
{"type": "searchResultGenerated", "timestamp": "2026-02-09T16:02:29.624Z", "sessionID": "0838f355-d390-43a1-b6a9-5e32765a45f9", "query": "climate change", "docid": "", "rank": "1", "url": "https://www.un.org/en/climatechange/what-is-climate-change"}
{"type": "searchResultGenerated", "timestamp": "2026-02-09T16:02:29.625Z", "sessionID": "0838f355-d390-43a1-b6a9-5e32765a45f9", "query": "climate change", "docid": "", "rank": "2", "url": "https://en.wikipedia.org/wiki/Climate_change"}
{"type": "searchResultGenerated", "timestamp": "2026-02-09T16:02:29.625Z", "sessionID": "0838f355-d390-43a1-b6a9-5e32765a45f9", "query": "climate change", "docid": "", "rank": "3", "url": "https://science.nasa.gov/climate-change/"}
{"type": "searchResultGenerated", "timestamp": "2026-02-09T16:02:29.625Z", "sessionID": "0838f355-d390-43a1-b6a9-5e32765a45f9", "query": "climate change", "docid": "", "rank": "4", "url": "https://www.noaa.gov/education/resource-collections/climate/climate-change-impacts"}
{"type": "searchResultGenerated", "timestamp": "2026-02-09T16:02:29.625Z", "sessionID": "0838f355-d390-43a1-b6a9-5e32765a45f9", "query": "climate change", "docid": "", "rank": "5", "url": "https://www.epa.gov/climate-change"}
{"type": "searchResultGenerated", "timestamp": "2026-02-09T16:02:29.625Z", "sessionID": "0838f355-d390-43a1-b6a9-5e32765a45f9", "query": "climate change", "docid": "", "rank": "6", "url": "https://www.who.int/health-topics/climate-change"}
{"type": "searchResultGenerated", "timestamp": "2026-02-09T16:02:29.626Z", "sessionID": "0838f355-d390-43a1-b6a9-5e32765a45f9", "query": "climate change", "docid": "", "rank": "7", "url": "https://royalsociety.org/news-resources/projects/climate-change-evidence-causes/basics-of-climate-change/"}
{"type": "searchResultGenerated", "timestamp": "2026-02-09T16:02:29.626Z", "sessionID": "0838f355-d390-43a1-b6a9-5e32765a45f9", "query": "climate change", "docid": "", "rank": "8", "url": "https://www.climatechange.ai/"}
{"type": "ClickedEndTask", "timestamp": "2026-02-09T16:02:39.388Z", "sessionID": "0838f355-d390-43a1-b6a9-5e32765a45f9"}
{"type": "TaskEndConfirmed", "timestamp": "2026-02-09T16:02:40.764Z", "sessionID": "0838f355-d390-43a1-b6a9-5e32765a45f9"}
