{"type": "TaskStarted", "timestamp": "2026-02-09T15:17:49.072Z", "sessionID": "e8eec167-ced4-4265-ba19-f681c0f479ac", "task": "2", "uid": "Participant1", "topic": "Is cell phone radiation safe?"}
{"type": "queryBoxFocused", "timestamp": "2026-02-09T15:17:53.646Z", "sessionID": "e8eec167-ced4-4265-ba19-f681c0f479ac"}
{"type": "querySubmitted", "timestamp": "2026-02-09T15:18:01.087Z", "sessionID": "e8eec167-ced4-4265-ba19-f681c0f479ac", "query": "phone radiation"}
{"type": "searchResultGenerated", "timestamp": "2026-02-09T15:18:03.643Z", "sessionID": "e8eec167-ced4-4265-ba19-f681c0f479ac", "query": "phone radiation", "docid": "", "rank": "1", "url": "https://www.cancer.gov/about-cancer/causes-prevention/risk/radiation/cell-phones-fact-sheet"}
{"type": "searchResultGenerated", "timestamp": "2026-02-09T15:18:03.644Z", "sessionID": "e8eec167-ced4-4265-ba19-f681c0f479ac", "query": "phone radiation", "docid": "", "rank": "2", "url": "https://en.wikipedia.org/wiki/Wireless_device_radiation_and_health"}
{"type": "searchResultGenerated", "timestamp": "2026-02-09T15:18:03.644Z", "sessionID": "e8eec167-ced4-4265-ba19-f681c0f479ac", "query": "phone radiation", "docid": "", "rank": "3", "url": "https://www.foxnews.com/health/cellphone-health-risks-focus-new-government-study-very-concerned"}
{"type": "searchResultGenerated", "timestamp": "2026-02-09T15:18:03.644Z", "sessionID": "e8eec167-ced4-4265-ba19-f681c0f479ac", "query": "phone radiation", "docid": "", "rank": "4", "url": "https://ntp.niehs.nih.gov/research/topics/cellphones"}
{"type": "searchResultGenerated", "timestamp": "2026-02-09T15:18:03.644Z", "sessionID": "e8eec167-ced4-4265-ba19-f681c0f479ac", "query": "phone radiation", "docid": "", "rank": "5", "url": "https://www.cdph.ca.gov/Programs/CCDPHP/DEODC/EHIB/CDPH%20document%20Library/Cell-Phone-Guidance.pdf"}
{"type": "searchResultGenerated", "timestamp": "2026-02-09T15:18:03.644Z", "sessionID": "e8eec167-ced4-4265-ba19-f681c0f479ac", "query": "phone radiation", "docid": "", "rank": "6", "url": "https://www.fda.gov/radiation-emitting-products/home-business-and-entertainment-products/cell-phones"}
{"type": "searchResultGenerated", "timestamp": "2026-02-09T15:18:03.644Z", "sessionID": "e8eec167-ced4-4265-ba19-f681c0f479ac", "query": "phone radiation", "docid": "", "rank": "7", "url": "https://www.cancer.org/cancer/risk-prevention/radiation-exposure/cellular-phones.html"}
{"type": "searchResultGenerated", "timestamp": "2026-02-09T15:18:03.644Z", "sessionID": "e8eec167-ced4-4265-ba19-f681c0f479ac", "query": "phone radiation", "docid": "", "rank": "8", "url": "https://www.scientificamerican.com/article/rfk-jr-shifts-focus-to-questioning-whether-cell-phones-are-safe-heres-what/"}
{"type": "searchResultGenerated", "timestamp": "2026-02-09T15:18:03.645Z", "sessionID": "e8eec167-ced4-4265-ba19-f681c0f479ac", "query": "phone radiation", "docid": "", "rank": "9", "url": "https://www.arpansa.gov.au/understanding-radiation/radiation-sources/more-radiation-sources/reducing-exposure-to-mobile-phones"}
{"type": "clickedResult", "timestamp": "2026-02-09T15:18:04.516Z", "sessionID": "e8eec167-ced4-4265-ba19-f681c0f479ac", "query": "phone radiation", "url": "https://en.wikipedia.org/wiki/Wireless_device_radiation_and_health", "rank": "2"}
{"type": "searchResultGenerated", "timestamp": "2026-02-09T15:18:06.786Z", "sessionID": "e8eec167-ced4-4265-ba19-f681c0f479ac", "query": "phone radiation", "docid": "", "rank": "1", "url": "https://www.cancer.gov/about-cancer/causes-prevention/risk/radiation/cell-phones-fact-sheet"}
{"type": "searchResultGenerated", "timestamp": "2026-02-09T15:18:06.786Z", "sessionID": "e8eec167-ced4-4265-ba19-f681c0f479ac", "query": "phone radiation", "docid": "", "rank": "2", "url": "https://en.wikipedia.org/wiki/Wireless_device_radiation_and_health"}
{"type": "searchResultGenerated", "timestamp": "2026-02-09T15:18:06.786Z", "sessionID": "e8eec167-ced4-4265-ba19-f681c0f479ac", "query": "phone radiation", "docid": "", "rank": "3", "url": "https://www.foxnews.com/health/cellphone-health-risks-focus-new-government-study-very-concerned"}
{"type": "searchResultGenerated", "timestamp": "2026-02-09T15:18:06.786Z", "sessionID": "e8eec167-ced4-4265-ba19-f681c0f479ac", "query": "phone radiation", "docid": "", "rank": "4", "url": "https://ntp.niehs.nih.gov/research/topics/cellphones"}
{"type": "searchResultGenerated", "timestamp": "2026-02-09T15:18:06.786Z", "sessionID": "e8eec167-ced4-4265-ba19-f681c0f479ac", "query": "phone radiation", "docid": "", "rank": "5", "url": "https://www.cdph.ca.gov/Programs/CCDPHP/DEODC/EHIB/CDPH%20document%20Library/Cell-Phone-Guidance.pdf"}
{"type": "searchResultGenerated", "timestamp": "2026-02-09T15:18:06.786Z", "sessionID": "e8eec167-ced4-4265-ba19-f681c0f479ac", "query": "phone radiation", "docid": "", "rank": "6", "url": "https://www.fda.gov/radiation-emitting-products/home-business-and-entertainment-products/cell-phones"}
{"type": "searchResultGenerated", "timestamp": "2026-02-09T15:18:06.786Z", "sessionID": "e8eec167-ced4-4265-ba19-f681c0f479ac", "query": "phone radiation", "docid": "", "rank": "7", "url": "https://www.cancer.org/cancer/risk-prevention/radiation-exposure/cellular-phones.html"}
{"type": "searchResultGenerated", "timestamp": "2026-02-09T15:18:06.786Z", "sessionID": "e8eec167-ced4-4265-ba19-f681c0f479ac", "query": "phone radiation", "docid": "", "rank": "8", "url": "https://www.scientificamerican.com/article/rfk-jr-shifts-focus-to-questioning-whether-cell-phones-are-safe-heres-what/"}
{"type": "searchResultGenerated", "timestamp": "2026-02-09T15:18:06.786Z", "sessionID": "e8eec167-ced4-4265-ba19-f681c0f479ac", "query": "phone radiation", "docid": "", "rank": "9", "url": "https://www.arpansa.gov.au/understanding-radiation/radiation-sources/more-radiation-sources/reducing-exposure-to-mobile-phones"}
{"type": "queryBoxFocused", "timestamp": "2026-02-09T15:18:07.559Z", "sessionID": "e8eec167-ced4-4265-ba19-f681c0f479ac"}
{"type": "querySubmitted", "timestamp": "2026-02-09T15:18:12.446Z", "sessionID": "e8eec167-ced4-4265-ba19-f681c0f479ac", "query": "impacts of phone radiation"}
{"type": "searchResultGenerated", "timestamp": "2026-02-09T15:18:14.297Z", "sessionID": "e8eec167-ced4-4265-ba19-f681c0f479ac", "query": "impacts of phone radiation", "docid": "", "rank": "1", "url": "https://www.cancer.gov/about-cancer/causes-prevention/risk/radiation/cell-phones-fact-sheet"}
{"type": "searchResultGenerated", "timestamp": "2026-02-09T15:18:14.297Z", "sessionID": "e8eec167-ced4-4265-ba19-f681c0f479ac", "query": "impacts of phone radiation", "docid": "", "rank": "2", "url": "https://ntp.niehs.nih.gov/research/topics/cellphones"}
{"type": "searchResultGenerated", "timestamp": "2026-02-09T15:18:14.297Z", "sessionID": "e8eec167-ced4-4265-ba19-f681c0f479ac", "query": "impacts of phone radiation", "docid": "", "rank": "3", "url": "https://www.cancer.org/cancer/risk-prevention/radiation-exposure/cellular-phones.html"}
{"type": "searchResultGenerated", "timestamp": "2026-02-09T15:18:14.297Z", "sessionID": "e8eec167-ced4-4265-ba19-f681c0f479ac", "query": "impacts of phone radiation", "docid": "", "rank": "4", "url": "https://en.wikipedia.org/wiki/Wireless_device_radiation_and_health"}
{"type": "searchResultGenerated", "timestamp": "2026-02-09T15:18:14.297Z", "sessionID": "e8eec167-ced4-4265-ba19-f681c0f479ac", "query": "impacts of phone radiation", "docid": "", "rank": "5", "url": "https://www.nytimes.com/2023/11/14/well/live/cellphone-radiation-effects.html"}
{"type": "searchResultGenerated", "timestamp": "2026-02-09T15:18:14.298Z", "sessionID": "e8eec167-ced4-4265-ba19-f681c0f479ac", "query": "impacts of phone radiation", "docid": "", "rank": "6", "url": "https://www.frontiersin.org/journals/public-health/articles/10.3389/fpubh.2019.00223/full"}
{"type": "searchResultGenerated", "timestamp": "2026-02-09T15:18:14.298Z", "sessionID": "e8eec167-ced4-4265-ba19-f681c0f479ac", "query": "impacts of phone radiation", "docid": "", "rank": "7", "url": "https://www.cancerresearchuk.org/about-cancer/causes-of-cancer/cancer-myths-questions/do-mobile-phones-cause-cancer"}
{"type": "searchResultGenerated", "timestamp": "2026-02-09T15:18:14.298Z", "sessionID": "e8eec167-ced4-4265-ba19-f681c0f479ac", "query": "impacts of phone radiation", "docid": "", "rank": "8", "url": "https://www.fda.gov/radiation-emitting-products/home-business-and-entertainment-products/cell-phones"}
{"type": "searchResultGenerated", "timestamp": "2026-02-09T15:18:14.298Z", "sessionID": "e8eec167-ced4-4265-ba19-f681c0f479ac", "query": "impacts of phone radiation", "docid": "", "rank": "9", "url": "https://pmc.ncbi.nlm.nih.gov/articles/PMC4350886/"}
{"type": "clickedResult", "timestamp": "2026-02-09T15:18:15.070Z", "sessionID": "e8eec167-ced4-4265-ba19-f681c0f479ac", "query": "impacts of phone radiation", "url": "https://www.cancer.org/cancer/risk-prevention/radiation-exposure/cellular-phones.html", "rank": "3"}
{"type": "searchResultGenerated", "timestamp": "2026-02-09T15:18:17.129Z", "sessionID": "e8eec167-ced4-4265-ba19-f681c0f479ac", "query": "impacts of phone radiation", "docid": "", "rank": "1", "url": "https://www.cancer.gov/about-cancer/causes-prevention/risk/radiation/cell-phones-fact-sheet"}
{"type": "searchResultGenerated", "timestamp": "2026-02-09T15:18:17.129Z", "sessionID": "e8eec167-ced4-4265-ba19-f681c0f479ac", "query": "impacts of phone radiation", "docid": "", "rank": "2", "url": "https://ntp.niehs.nih.gov/research/topics/cellphones"}
{"type": "searchResultGenerated", "timestamp": "2026-02-09T15:18:17.130Z", "sessionID": "e8eec167-ced4-4265-ba19-f681c0f479ac", "query": "impacts of phone radiation", "docid": "", "rank": "3", "url": "https://www.cancer.org/cancer/risk-prevention/radiation-exposure/cellular-phones.html"}
{"type": "searchResultGenerated", "timestamp": "2026-02-09T15:18:17.130Z", "sessionID": "e8eec167-ced4-4265-ba19-f681c0f479ac", "query": "impacts of phone radiation", "docid": "", "rank": "4", "url": "https://en.wikipedia.org/wiki/Wireless_device_radiation_and_health"}
{"type": "searchResultGenerated", "timestamp": "2026-02-09T15:18:17.130Z", "sessionID": "e8eec167-ced4-4265-ba19-f681c0f479ac", "query": "impacts of phone radiation", "docid": "", "rank": "5", "url": "https://www.nytimes.com/2023/11/14/well/live/cellphone-radiation-effects.html"}
{"type": "searchResultGenerated", "timestamp": "2026-02-09T15:18:17.130Z", "sessionID": "e8eec167-ced4-4265-ba19-f681c0f479ac", "query": "impacts of phone radiation", "docid": "", "rank": "6", "url": "https://www.frontiersin.org/journals/public-health/articles/10.3389/fpubh.2019.00223/full"}
{"type": "searchResultGenerated", "timestamp": "2026-02-09T15:18:17.130Z", "sessionID": "e8eec167-ced4-4265-ba19-f681c0f479ac", "query": "impacts of phone radiation", "docid": "", "rank": "7", "url": "https://www.cancerresearchuk.org/about-cancer/causes-of-cancer/cancer-myths-questions/do-mobile-phones-cause-cancer"}
{"type": "searchResultGenerated", "timestamp": "2026-02-09T15:18:17.130Z", "sessionID": "e8eec167-ced4-4265-ba19-f681c0f479ac", "query": "impacts of phone radiation", "docid": "", "rank": "8", "url": "https://www.fda.gov/radiation-emitting-products/home-business-and-entertainment-products/cell-phones"}
{"type": "searchResultGenerated", "timestamp": "2026-02-09T15:18:17.131Z", "sessionID": "e8eec167-ced4-4265-ba19-f681c0f479ac", "query": "impacts of phone radiation", "docid": "", "rank": "9", "url": "https://pmc.ncbi.nlm.nih.gov/articles/PMC4350886/"}
{"type": "ClickedEndTask", "timestamp": "2026-02-09T15:18:17.827Z", "sessionID": "e8eec167-ced4-4265-ba19-f681c0f479ac"}
{"type": "TaskEndConfirmed", "timestamp": "2026-02-09T15:18:18.682Z", "sessionID": "e8eec167-ced4-4265-ba19-f681c0f479ac"}
