{"type": "idSubmitted", "timestamp": "2026-02-09T16:07:40.440Z", "sessionID": "b1a26b58-567b-42a4-b6d8-581b21e14326", "uid": "Participant7"}
{"type": "TaskStarted", "timestamp": "2026-02-09T16:07:45.468Z", "sessionID": "b1a26b58-567b-42a4-b6d8-581b21e14326", "task": "1", "uid": "Participant7", "topic": "Should birth control pills be available over the counter?"}
{"type": "queryBoxFocused", "timestamp": "2026-02-09T16:07:47.623Z", "sessionID": "b1a26b58-567b-42a4-b6d8-581b21e14326"}
{"type": "querySubmitted", "timestamp": "2026-02-09T16:07:54.547Z", "sessionID": "b1a26b58-567b-42a4-b6d8-581b21e14326", "query": "ancient rome"}
{"type": "searchResultGenerated", "timestamp": "2026-02-09T16:07:57.025Z", "sessionID": "b1a26b58-567b-42a4-b6d8-581b21e14326", "query": "ancient rome", "docid": "", "rank": "1", "url": "https://en.wikipedia.org/wiki/Ancient_Rome"}
{"type": "searchResultGenerated", "timestamp": "2026-02-09T16:07:57.025Z", "sessionID": "b1a26b58-567b-42a4-b6d8-581b21e14326", "query": "ancient rome", "docid": "", "rank": "2", "url": "https://www.britannica.com/place/ancient-Rome"}
{"type": "searchResultGenerated", "timestamp": "2026-02-09T16:07:57.025Z", "sessionID": "b1a26b58-567b-42a4-b6d8-581b21e14326", "query": "ancient rome", "docid": "", "rank": "3", "url": "https://kids.nationalgeographic.com/history/article/ancient-rome"}
{"type": "searchResultGenerated", "timestamp": "2026-02-09T16:07:57.025Z", "sessionID": "b1a26b58-567b-42a4-b6d8-581b21e14326", "query": "ancient rome", "docid": "", "rank": "4", "url": "https://www.mpm.edu/research-collections/anthropology/anthropology-collections-research/mediterranean-oil-lamps/roman-empire-brief-history"}
{"type": "searchResultGenerated", "timestamp": "2026-02-09T16:07:57.025Z", "sessionID": "b1a26b58-567b-42a4-b6d8-581b21e14326", "query": "ancient rome", "docid": "", "rank": "5", "url": "https://www.reddit.com/r/ancientrome/"}
{"type": "searchResultGenerated", "timestamp": "2026-02-09T16:07:57.026Z", "sessionID": "b1a26b58-567b-42a4-b6d8-581b21e14326", "query": "ancient rome", "docid": "", "rank": "6", "url": "https://www.history.com/articles/ancient-rome"}
{"type": "searchResultGenerated", "timestamp": "2026-02-09T16:07:57.026Z", "sessionID": "b1a26b58-567b-42a4-b6d8-581b21e14326", "query": "ancient rome", "docid": "", "rank": "7", "url": "https://www.britishmuseum.org/exhibitions/nero-man-behind-myth/introduction-to-ancient-rome"}
{"type": "searchResultGenerated", "timestamp": "2026-02-09T16:07:57.026Z", "sessionID": "b1a26b58-567b-42a4-b6d8-581b21e14326", "query": "ancient rome", "docid": "", "rank": "8", "url": "https://www.natgeokids.com/uk/discover/history/romans/10-facts-about-the-ancient-romans/"}
{"type": "clickedResult", "timestamp": "2026-02-09T16:07:57.949Z", "sessionID": "b1a26b58-567b-42a4-b6d8-581b21e14326", "query": "ancient rome", "url": "https://en.wikipedia.org/wiki/Ancient_Rome", "rank": "1"}
{"type": "searchResultGenerated", "timestamp": "2026-02-09T16:07:59.536Z", "sessionID": "b1a26b58-567b-42a4-b6d8-581b21e14326", "query": "ancient rome", "docid": "", "rank": "1", "url": "https://en.wikipedia.org/wiki/Ancient_Rome"}
{"type": "searchResultGenerated", "timestamp": "2026-02-09T16:07:59.536Z", "sessionID": "b1a26b58-567b-42a4-b6d8-581b21e14326", "query": "ancient rome", "docid": "", "rank": "2", "url": "https://www.britannica.com/place/ancient-Rome"}
{"type": "searchResultGenerated", "timestamp": "2026-02-09T16:07:59.537Z", "sessionID": "b1a26b58-567b-42a4-b6d8-581b21e14326", "query": "ancient rome", "docid": "", "rank": "3", "url": "https://kids.nationalgeographic.com/history/article/ancient-rome"}
{"type": "searchResultGenerated", "timestamp": "2026-02-09T16:07:59.537Z", "sessionID": "b1a26b58-567b-42a4-b6d8-581b21e14326", "query": "ancient rome", "docid": "", "rank": "4", "url": "https://www.mpm.edu/research-collections/anthropology/anthropology-collections-research/mediterranean-oil-lamps/roman-empire-brief-history"}
{"type": "searchResultGenerated", "timestamp": "2026-02-09T16:07:59.537Z", "sessionID": "b1a26b58-567b-42a4-b6d8-581b21e14326", "query": "ancient rome", "docid": "", "rank": "5", "url": "https://www.reddit.com/r/ancientrome/"}
{"type": "searchResultGenerated", "timestamp": "2026-02-09T16:07:59.537Z", "sessionID": "b1a26b58-567b-42a4-b6d8-581b21e14326", "query": "ancient rome", "docid": "", "rank": "6", "url": "https://www.history.com/articles/ancient-rome"}
{"type": "searchResultGenerated", "timestamp": "2026-02-09T16:07:59.537Z", "sessionID": "b1a26b58-567b-42a4-b6d8-581b21e14326", "query": "ancient rome", "docid": "", "rank": "7", "url": "https://www.britishmuseum.org/exhibitions/nero-man-behind-myth/introduction-to-ancient-rome"}
{"type": "searchResultGenerated", "timestamp": "2026-02-09T16:07:59.537Z", "sessionID": "b1a26b58-567b-42a4-b6d8-581b21e14326", "query": "ancient rome", "docid": "", "rank": "8", "url": "https://www.natgeokids.com/uk/discover/history/romans/10-facts-about-the-ancient-romans/"}
{"type": "ClickedEndTask", "timestamp": "2026-02-09T16:08:00.385Z", "sessionID": "b1a26b58-567b-42a4-b6d8-581b21e14326"}
{"type": "TaskEndConfirmed", "timestamp": "2026-02-09T16:08:01.230Z", "sessionID": "b1a26b58-567b-42a4-b6d8-581b21e14326"}
