{"type": "idSubmitted", "timestamp": "2026-02-09T16:09:50.901Z", "sessionID": "ed73a85c-0840-4f2c-8171-19865b086bc0", "uid": "Participant8"}
{"type": "TaskStarted", "timestamp": "2026-02-09T16:09:52.764Z", "sessionID": "ed73a85c-0840-4f2c-8171-19865b086bc0", "task": "1", "uid": "Participant8", "topic": "Should prostitution be legal?"}
{"type": "queryBoxFocused", "timestamp": "2026-02-09T16:32:57.676Z", "sessionID": "ed73a85c-0840-4f2c-8171-19865b086bc0"}
{"type": "querySubmitted", "timestamp": "2026-02-09T16:33:04.365Z", "sessionID": "ed73a85c-0840-4f2c-8171-19865b086bc0", "query": "climate change"}
{"type": "searchResultGenerated", "timestamp": "2026-02-09T16:33:08.271Z", "sessionID": "ed73a85c-0840-4f2c-8171-19865b086bc0", "query": "climate change", "docid": "", "rank": "1", "url": "https://www.un.org/en/climatechange/what-is-climate-change"}
{"type": "searchResultGenerated", "timestamp": "2026-02-09T16:33:08.271Z", "sessionID": "ed73a85c-0840-4f2c-8171-19865b086bc0", "query": "climate change", "docid": "", "rank": "2", "url": "https://en.wikipedia.org/wiki/Climate_change"}
{"type": "searchResultGenerated", "timestamp": "2026-02-09T16:33:08.271Z", "sessionID": "ed73a85c-0840-4f2c-8171-19865b086bc0", "query": "climate change", "docid": "", "rank": "3", "url": "https://science.nasa.gov/climate-change/"}
{"type": "searchResultGenerated", "timestamp": "2026-02-09T16:33:08.271Z", "sessionID": "ed73a85c-0840-4f2c-8171-19865b086bc0", "query": "climate change", "docid": "", "rank": "4", "url": "https://www.noaa.gov/education/resource-collections/climate/climate-change-impacts"}
{"type": "searchResultGenerated", "timestamp": "2026-02-09T16:33:08.272Z", "sessionID": "ed73a85c-0840-4f2c-8171-19865b086bc0", "query": "climate change", "docid": "", "rank": "5", "url": "https://www.epa.gov/climate-change"}
{"type": "searchResultGenerated", "timestamp": "2026-02-09T16:33:08.272Z", "sessionID": "ed73a85c-0840-4f2c-8171-19865b086bc0", "query": "climate change", "docid": "", "rank": "6", "url": "https://www.who.int/health-topics/climate-change"}
{"type": "searchResultGenerated", "timestamp": "2026-02-09T16:33:08.272Z", "sessionID": "ed73a85c-0840-4f2c-8171-19865b086bc0", "query": "climate change", "docid": "", "rank": "7", "url": "https://royalsociety.org/news-resources/projects/climate-change-evidence-causes/basics-of-climate-change/"}
{"type": "searchResultGenerated", "timestamp": "2026-02-09T16:33:08.272Z", "sessionID": "ed73a85c-0840-4f2c-8171-19865b086bc0", "query": "climate change", "docid": "", "rank": "8", "url": "https://www.ipcc.ch/"}
{"type": "clickedResult", "timestamp": "2026-02-09T16:33:09.141Z", "sessionID": "ed73a85c-0840-4f2c-8171-19865b086bc0", "query": "climate change", "url": "https://www.un.org/en/climatechange/what-is-climate-change", "rank": "1"}
{"type": "searchResultGenerated", "timestamp": "2026-02-09T16:33:15.895Z", "sessionID": "ed73a85c-0840-4f2c-8171-19865b086bc0", "query": "climate change", "docid": "", "rank": "1", "url": "https://www.un.org/en/climatechange/what-is-climate-change"}
{"type": "searchResultGenerated", "timestamp": "2026-02-09T16:33:15.896Z", "sessionID": "ed73a85c-0840-4f2c-8171-19865b086bc0", "query": "climate change", "docid": "", "rank": "2", "url": "https://en.wikipedia.org/wiki/Climate_change"}
{"type": "searchResultGenerated", "timestamp": "2026-02-09T16:33:15.896Z", "sessionID": "ed73a85c-0840-4f2c-8171-19865b086bc0", "query": "climate change", "docid": "", "rank": "3", "url": "https://science.nasa.gov/climate-change/"}
{"type": "searchResultGenerated", "timestamp": "2026-02-09T16:33:15.896Z", "sessionID": "ed73a85c-0840-4f2c-8171-19865b086bc0", "query": "climate change", "docid": "", "rank": "4", "url": "https://www.noaa.gov/education/resource-collections/climate/climate-change-impacts"}
{"type": "searchResultGenerated", "timestamp": "2026-02-09T16:33:15.896Z", "sessionID": "ed73a85c-0840-4f2c-8171-19865b086bc0", "query": "climate change", "docid": "", "rank": "5", "url": "https://www.epa.gov/climate-change"}
{"type": "searchResultGenerated", "timestamp": "2026-02-09T16:33:15.896Z", "sessionID": "ed73a85c-0840-4f2c-8171-19865b086bc0", "query": "climate change", "docid": "", "rank": "6", "url": "https://www.who.int/health-topics/climate-change"}
{"type": "searchResultGenerated", "timestamp": "2026-02-09T16:33:15.896Z", "sessionID": "ed73a85c-0840-4f2c-8171-19865b086bc0", "query": "climate change", "docid": "", "rank": "7", "url": "https://royalsociety.org/news-resources/projects/climate-change-evidence-causes/basics-of-climate-change/"}
{"type": "searchResultGenerated", "timestamp": "2026-02-09T16:33:15.896Z", "sessionID": "ed73a85c-0840-4f2c-8171-19865b086bc0", "query": "climate change", "docid": "", "rank": "8", "url": "https://www.ipcc.ch/"}
{"type": "clickedResult", "timestamp": "2026-02-09T16:33:18.057Z", "sessionID": "ed73a85c-0840-4f2c-8171-19865b086bc0", "query": "climate change", "url": "https://science.nasa.gov/climate-change/", "rank": "3"}
{"type": "searchResultGenerated", "timestamp": "2026-02-09T16:33:23.305Z", "sessionID": "ed73a85c-0840-4f2c-8171-19865b086bc0", "query": "climate change", "docid": "", "rank": "1", "url": "https://www.un.org/en/climatechange/what-is-climate-change"}
{"type": "searchResultGenerated", "timestamp": "2026-02-09T16:33:23.305Z", "sessionID": "ed73a85c-0840-4f2c-8171-19865b086bc0", "query": "climate change", "docid": "", "rank": "2", "url": "https://en.wikipedia.org/wiki/Climate_change"}
{"type": "searchResultGenerated", "timestamp": "2026-02-09T16:33:23.306Z", "sessionID": "ed73a85c-0840-4f2c-8171-19865b086bc0", "query": "climate change", "docid": "", "rank": "3", "url": "https://science.nasa.gov/climate-change/"}
{"type": "searchResultGenerated", "timestamp": "2026-02-09T16:33:23.306Z", "sessionID": "ed73a85c-0840-4f2c-8171-19865b086bc0", "query": "climate change", "docid": "", "rank": "4", "url": "https://www.noaa.gov/education/resource-collections/climate/climate-change-impacts"}
{"type": "searchResultGenerated", "timestamp": "2026-02-09T16:33:23.306Z", "sessionID": "ed73a85c-0840-4f2c-8171-19865b086bc0", "query": "climate change", "docid": "", "rank": "5", "url": "https://www.epa.gov/climate-change"}
{"type": "searchResultGenerated", "timestamp": "2026-02-09T16:33:23.306Z", "sessionID": "ed73a85c-0840-4f2c-8171-19865b086bc0", "query": "climate change", "docid": "", "rank": "6", "url": "https://www.who.int/health-topics/climate-change"}
{"type": "searchResultGenerated", "timestamp": "2026-02-09T16:33:23.306Z", "sessionID": "ed73a85c-0840-4f2c-8171-19865b086bc0", "query": "climate change", "docid": "", "rank": "7", "url": "https://royalsociety.org/news-resources/projects/climate-change-evidence-causes/basics-of-climate-change/"}
{"type": "searchResultGenerated", "timestamp": "2026-02-09T16:33:23.307Z", "sessionID": "ed73a85c-0840-4f2c-8171-19865b086bc0", "query": "climate change", "docid": "", "rank": "8", "url": "https://www.ipcc.ch/"}
{"type": "queryBoxFocused", "timestamp": "2026-02-09T16:33:33.108Z", "sessionID": "ed73a85c-0840-4f2c-8171-19865b086bc0"}
{"type": "querySubmitted", "timestamp": "2026-02-09T16:33:40.090Z", "sessionID": "ed73a85c-0840-4f2c-8171-19865b086bc0", "query": "youtube climate change"}
{"type": "searchResultGenerated", "timestamp": "2026-02-09T16:33:42.444Z", "sessionID": "ed73a85c-0840-4f2c-8171-19865b086bc0", "query": "youtube climate change", "docid": "", "rank": "1", "url": "https://www.youtube.com/watch?v=SLEenW2UiUw"}
{"type": "searchResultGenerated", "timestamp": "2026-02-09T16:33:42.445Z", "sessionID": "ed73a85c-0840-4f2c-8171-19865b086bc0", "query": "youtube climate change", "docid": "", "rank": "2", "url": "https://www.youtube.com/playlist?list=PLPyUgaPckghb5_LFHvzf6BQ4luBzGIf-p"}
{"type": "searchResultGenerated", "timestamp": "2026-02-09T16:33:42.445Z", "sessionID": "ed73a85c-0840-4f2c-8171-19865b086bc0", "query": "youtube climate change", "docid": "", "rank": "3", "url": "https://www.youtube.com/watch?v=h1jOqyjcO4g"}
{"type": "searchResultGenerated", "timestamp": "2026-02-09T16:33:42.445Z", "sessionID": "ed73a85c-0840-4f2c-8171-19865b086bc0", "query": "youtube climate change", "docid": "", "rank": "4", "url": "https://www.youtube.com/watch?v=Vl6VhCAeEfQ"}
{"type": "searchResultGenerated", "timestamp": "2026-02-09T16:33:42.445Z", "sessionID": "ed73a85c-0840-4f2c-8171-19865b086bc0", "query": "youtube climate change", "docid": "", "rank": "5", "url": "https://www.youtube.com/c/UNClimateChange"}
{"type": "searchResultGenerated", "timestamp": "2026-02-09T16:33:42.445Z", "sessionID": "ed73a85c-0840-4f2c-8171-19865b086bc0", "query": "youtube climate change", "docid": "", "rank": "6", "url": "https://www.youtube.com/user/NASAClimate"}
{"type": "searchResultGenerated", "timestamp": "2026-02-09T16:33:42.445Z", "sessionID": "ed73a85c-0840-4f2c-8171-19865b086bc0", "query": "youtube climate change", "docid": "", "rank": "7", "url": "https://www.youtube.com/watch?v=tRA2SfSk2Tc"}
{"type": "searchResultGenerated", "timestamp": "2026-02-09T16:33:42.446Z", "sessionID": "ed73a85c-0840-4f2c-8171-19865b086bc0", "query": "youtube climate change", "docid": "", "rank": "8", "url": "https://www.youtube.com/playlist?list=PL4BF02A105C347439"}
{"type": "searchResultGenerated", "timestamp": "2026-02-09T16:33:42.446Z", "sessionID": "ed73a85c-0840-4f2c-8171-19865b086bc0", "query": "youtube climate change", "docid": "", "rank": "9", "url": "https://www.youtube.com/watch?v=F8vI5_gN90g"}
{"type": "clickedResult", "timestamp": "2026-02-09T16:33:44.226Z", "sessionID": "ed73a85c-0840-4f2c-8171-19865b086bc0", "query": "youtube climate change", "url": "https://www.youtube.com/watch?v=SLEenW2UiUw", "rank": "1"}
{"type": "searchResultGenerated", "timestamp": "2026-02-09T16:33:53.061Z", "sessionID": "ed73a85c-0840-4f2c-8171-19865b086bc0", "query": "youtube climate change", "docid": "", "rank": "1", "url": "https://www.youtube.com/watch?v=SLEenW2UiUw"}
{"type": "searchResultGenerated", "timestamp": "2026-02-09T16:33:53.061Z", "sessionID": "ed73a85c-0840-4f2c-8171-19865b086bc0", "query": "youtube climate change", "docid": "", "rank": "2", "url": "https://www.youtube.com/playlist?list=PLPyUgaPckghb5_LFHvzf6BQ4luBzGIf-p"}
{"type": "searchResultGenerated", "timestamp": "2026-02-09T16:33:53.061Z", "sessionID": "ed73a85c-0840-4f2c-8171-19865b086bc0", "query": "youtube climate change", "docid": "", "rank": "3", "url": "https://www.youtube.com/watch?v=h1jOqyjcO4g"}
{"type": "searchResultGenerated", "timestamp": "2026-02-09T16:33:53.061Z", "sessionID": "ed73a85c-0840-4f2c-8171-19865b086bc0", "query": "youtube climate change", "docid": "", "rank": "4", "url": "https://www.youtube.com/watch?v=Vl6VhCAeEfQ"}
{"type": "searchResultGenerated", "timestamp": "2026-02-09T16:33:53.061Z", "sessionID": "ed73a85c-0840-4f2c-8171-19865b086bc0", "query": "youtube climate change", "docid": "", "rank": "5", "url": "https://www.youtube.com/c/UNClimateChange"}
{"type": "searchResultGenerated", "timestamp": "2026-02-09T16:33:53.061Z", "sessionID": "ed73a85c-0840-4f2c-8171-19865b086bc0", "query": "youtube climate change", "docid": "", "rank": "6", "url": "https://www.youtube.com/user/NASAClimate"}
{"type": "searchResultGenerated", "timestamp": "2026-02-09T16:33:53.061Z", "sessionID": "ed73a85c-0840-4f2c-8171-19865b086bc0", "query": "youtube climate change", "docid": "", "rank": "7", "url": "https://www.youtube.com/watch?v=tRA2SfSk2Tc"}
{"type": "searchResultGenerated", "timestamp": "2026-02-09T16:33:53.061Z", "sessionID": "ed73a85c-0840-4f2c-8171-19865b086bc0", "query": "youtube climate change", "docid": "", "rank": "8", "url": "https://www.youtube.com/playlist?list=PL4BF02A105C347439"}
{"type": "searchResultGenerated", "timestamp": "2026-02-09T16:33:53.062Z", "sessionID": "ed73a85c-0840-4f2c-8171-19865b086bc0", "query": "youtube climate change", "docid": "", "rank": "9", "url": "https://www.youtube.com/watch?v=F8vI5_gN90g"}
{"type": "ClickedEndTask", "timestamp": "2026-02-09T17:19:42.783Z", "sessionID": "ed73a85c-0840-4f2c-8171-19865b086bc0"}
{"type": "TaskEndConfirmed", "timestamp": "2026-02-09T17:19:43.577Z", "sessionID": "ed73a85c-0840-4f2c-8171-19865b086bc0"}
