{"type": "wentBackToSERP", "timestamp": "2026-02-10T10:20:42.213Z", "sessionID": "851ba5b7-80fd-447c-a9cd-159882206fa3", "query": null, "newQuery": null}
{"type": "wentBackToSERP", "timestamp": "2026-02-10T10:20:43.270Z", "sessionID": "851ba5b7-80fd-447c-a9cd-159882206fa3", "query": null, "newQuery": null}
{"type": "idSubmitted", "timestamp": "2026-02-10T10:20:46.361Z", "sessionID": "851ba5b7-80fd-447c-a9cd-159882206fa3", "uid": "Participant30"}
{"type": "wentBackToSERP", "timestamp": "2026-02-10T10:20:46.694Z", "sessionID": "851ba5b7-80fd-447c-a9cd-159882206fa3", "query": null, "newQuery": null}
{"type": "queryBoxFocused", "timestamp": "2026-02-10T10:20:47.831Z", "sessionID": "851ba5b7-80fd-447c-a9cd-159882206fa3"}
{"type": "querySubmitted", "timestamp": "2026-02-10T10:20:52.438Z", "sessionID": "851ba5b7-80fd-447c-a9cd-159882206fa3", "query": "ancient rome", "newQuery": "true"}
{"type": "searchResultGenerated", "timestamp": "2026-02-10T10:20:52.984Z", "sessionID": "851ba5b7-80fd-447c-a9cd-159882206fa3", "query": "ancient rome", "docid": "", "rank": "1", "url": "https://en.wikipedia.org/wiki/Ancient_Rome", "newQuery": "true"}
{"type": "searchResultGenerated", "timestamp": "2026-02-10T10:20:52.984Z", "sessionID": "851ba5b7-80fd-447c-a9cd-159882206fa3", "query": "ancient rome", "docid": "", "rank": "2", "url": "https://www.britannica.com/place/ancient-Rome", "newQuery": "true"}
{"type": "searchResultGenerated", "timestamp": "2026-02-10T10:20:52.984Z", "sessionID": "851ba5b7-80fd-447c-a9cd-159882206fa3", "query": "ancient rome", "docid": "", "rank": "3", "url": "https://kids.nationalgeographic.com/history/article/ancient-rome", "newQuery": "true"}
{"type": "searchResultGenerated", "timestamp": "2026-02-10T10:20:52.984Z", "sessionID": "851ba5b7-80fd-447c-a9cd-159882206fa3", "query": "ancient rome", "docid": "", "rank": "4", "url": "https://www.mpm.edu/research-collections/anthropology/anthropology-collections-research/mediterranean-oil-lamps/roman-empire-brief-history", "newQuery": "true"}
{"type": "searchResultGenerated", "timestamp": "2026-02-10T10:20:52.984Z", "sessionID": "851ba5b7-80fd-447c-a9cd-159882206fa3", "query": "ancient rome", "docid": "", "rank": "5", "url": "https://www.britishmuseum.org/exhibitions/nero-man-behind-myth/introduction-to-ancient-rome", "newQuery": "true"}
{"type": "searchResultGenerated", "timestamp": "2026-02-10T10:20:52.984Z", "sessionID": "851ba5b7-80fd-447c-a9cd-159882206fa3", "query": "ancient rome", "docid": "", "rank": "6", "url": "https://www.history.com/articles/ancient-rome", "newQuery": "true"}
{"type": "searchResultGenerated", "timestamp": "2026-02-10T10:20:52.984Z", "sessionID": "851ba5b7-80fd-447c-a9cd-159882206fa3", "query": "ancient rome", "docid": "", "rank": "7", "url": "https://smarthistory.org/ancient-rome/", "newQuery": "true"}
{"type": "searchResultGenerated", "timestamp": "2026-02-10T10:20:52.985Z", "sessionID": "851ba5b7-80fd-447c-a9cd-159882206fa3", "query": "ancient rome", "docid": "", "rank": "8", "url": "https://ancientromelive.org/", "newQuery": "true"}
{"type": "clickedResult", "timestamp": "2026-02-10T10:20:53.973Z", "sessionID": "851ba5b7-80fd-447c-a9cd-159882206fa3", "query": "ancient rome", "url": "https://www.britannica.com/place/ancient-Rome", "rank": "2"}
{"type": "searchResultGenerated", "timestamp": "2026-02-10T10:20:56.917Z", "sessionID": "851ba5b7-80fd-447c-a9cd-159882206fa3", "query": "ancient rome", "docid": "", "rank": "1", "url": "https://en.wikipedia.org/wiki/Ancient_Rome", "newQuery": "false"}
{"type": "searchResultGenerated", "timestamp": "2026-02-10T10:20:56.917Z", "sessionID": "851ba5b7-80fd-447c-a9cd-159882206fa3", "query": "ancient rome", "docid": "", "rank": "2", "url": "https://www.britannica.com/place/ancient-Rome", "newQuery": "false"}
{"type": "searchResultGenerated", "timestamp": "2026-02-10T10:20:56.918Z", "sessionID": "851ba5b7-80fd-447c-a9cd-159882206fa3", "query": "ancient rome", "docid": "", "rank": "3", "url": "https://kids.nationalgeographic.com/history/article/ancient-rome", "newQuery": "false"}
{"type": "searchResultGenerated", "timestamp": "2026-02-10T10:20:56.918Z", "sessionID": "851ba5b7-80fd-447c-a9cd-159882206fa3", "query": "ancient rome", "docid": "", "rank": "4", "url": "https://www.mpm.edu/research-collections/anthropology/anthropology-collections-research/mediterranean-oil-lamps/roman-empire-brief-history", "newQuery": "false"}
{"type": "searchResultGenerated", "timestamp": "2026-02-10T10:20:56.918Z", "sessionID": "851ba5b7-80fd-447c-a9cd-159882206fa3", "query": "ancient rome", "docid": "", "rank": "5", "url": "https://www.britishmuseum.org/exhibitions/nero-man-behind-myth/introduction-to-ancient-rome", "newQuery": "false"}
{"type": "searchResultGenerated", "timestamp": "2026-02-10T10:20:56.918Z", "sessionID": "851ba5b7-80fd-447c-a9cd-159882206fa3", "query": "ancient rome", "docid": "", "rank": "6", "url": "https://www.history.com/articles/ancient-rome", "newQuery": "false"}
{"type": "searchResultGenerated", "timestamp": "2026-02-10T10:20:56.918Z", "sessionID": "851ba5b7-80fd-447c-a9cd-159882206fa3", "query": "ancient rome", "docid": "", "rank": "7", "url": "https://smarthistory.org/ancient-rome/", "newQuery": "false"}
{"type": "searchResultGenerated", "timestamp": "2026-02-10T10:20:56.918Z", "sessionID": "851ba5b7-80fd-447c-a9cd-159882206fa3", "query": "ancient rome", "docid": "", "rank": "8", "url": "https://ancientromelive.org/", "newQuery": "false"}
{"type": "clickedResult", "timestamp": "2026-02-10T10:20:57.840Z", "sessionID": "851ba5b7-80fd-447c-a9cd-159882206fa3", "query": "ancient rome", "url": "https://www.britishmuseum.org/exhibitions/nero-man-behind-myth/introduction-to-ancient-rome", "rank": "5"}
{"type": "searchResultGenerated", "timestamp": "2026-02-10T10:21:01.046Z", "sessionID": "851ba5b7-80fd-447c-a9cd-159882206fa3", "query": "ancient rome", "docid": "", "rank": "1", "url": "https://en.wikipedia.org/wiki/Ancient_Rome", "newQuery": "false"}
{"type": "searchResultGenerated", "timestamp": "2026-02-10T10:21:01.046Z", "sessionID": "851ba5b7-80fd-447c-a9cd-159882206fa3", "query": "ancient rome", "docid": "", "rank": "2", "url": "https://www.britannica.com/place/ancient-Rome", "newQuery": "false"}
{"type": "searchResultGenerated", "timestamp": "2026-02-10T10:21:01.046Z", "sessionID": "851ba5b7-80fd-447c-a9cd-159882206fa3", "query": "ancient rome", "docid": "", "rank": "3", "url": "https://kids.nationalgeographic.com/history/article/ancient-rome", "newQuery": "false"}
{"type": "searchResultGenerated", "timestamp": "2026-02-10T10:21:01.046Z", "sessionID": "851ba5b7-80fd-447c-a9cd-159882206fa3", "query": "ancient rome", "docid": "", "rank": "4", "url": "https://www.mpm.edu/research-collections/anthropology/anthropology-collections-research/mediterranean-oil-lamps/roman-empire-brief-history", "newQuery": "false"}
{"type": "searchResultGenerated", "timestamp": "2026-02-10T10:21:01.046Z", "sessionID": "851ba5b7-80fd-447c-a9cd-159882206fa3", "query": "ancient rome", "docid": "", "rank": "5", "url": "https://www.britishmuseum.org/exhibitions/nero-man-behind-myth/introduction-to-ancient-rome", "newQuery": "false"}
{"type": "searchResultGenerated", "timestamp": "2026-02-10T10:21:01.047Z", "sessionID": "851ba5b7-80fd-447c-a9cd-159882206fa3", "query": "ancient rome", "docid": "", "rank": "6", "url": "https://www.history.com/articles/ancient-rome", "newQuery": "false"}
{"type": "searchResultGenerated", "timestamp": "2026-02-10T10:21:01.047Z", "sessionID": "851ba5b7-80fd-447c-a9cd-159882206fa3", "query": "ancient rome", "docid": "", "rank": "7", "url": "https://smarthistory.org/ancient-rome/", "newQuery": "false"}
{"type": "searchResultGenerated", "timestamp": "2026-02-10T10:21:01.047Z", "sessionID": "851ba5b7-80fd-447c-a9cd-159882206fa3", "query": "ancient rome", "docid": "", "rank": "8", "url": "https://ancientromelive.org/", "newQuery": "false"}
{"type": "queryBoxFocused", "timestamp": "2026-02-10T10:21:01.868Z", "sessionID": "851ba5b7-80fd-447c-a9cd-159882206fa3"}
{"type": "querySubmitted", "timestamp": "2026-02-10T10:21:05.896Z", "sessionID": "851ba5b7-80fd-447c-a9cd-159882206fa3", "query": "british museum", "newQuery": "true"}
{"type": "searchResultGenerated", "timestamp": "2026-02-10T10:21:08.424Z", "sessionID": "851ba5b7-80fd-447c-a9cd-159882206fa3", "query": "british museum", "docid": "", "rank": "1", "url": "https://www.britishmuseum.org/", "newQuery": "true"}
{"type": "searchResultGenerated", "timestamp": "2026-02-10T10:21:08.425Z", "sessionID": "851ba5b7-80fd-447c-a9cd-159882206fa3", "query": "british museum", "docid": "", "rank": "2", "url": "https://en.wikipedia.org/wiki/British_Museum", "newQuery": "true"}
{"type": "searchResultGenerated", "timestamp": "2026-02-10T10:21:08.425Z", "sessionID": "851ba5b7-80fd-447c-a9cd-159882206fa3", "query": "british museum", "docid": "", "rank": "3", "url": "https://www.instagram.com/britishmuseum/?hl=en", "newQuery": "true"}
{"type": "searchResultGenerated", "timestamp": "2026-02-10T10:21:08.425Z", "sessionID": "851ba5b7-80fd-447c-a9cd-159882206fa3", "query": "british museum", "docid": "", "rank": "4", "url": "https://artsandculture.google.com/partner/the-british-museum", "newQuery": "true"}
{"type": "searchResultGenerated", "timestamp": "2026-02-10T10:21:08.425Z", "sessionID": "851ba5b7-80fd-447c-a9cd-159882206fa3", "query": "british museum", "docid": "", "rank": "5", "url": "https://www.youtube.com/user/britishmuseum", "newQuery": "true"}
{"type": "searchResultGenerated", "timestamp": "2026-02-10T10:21:08.426Z", "sessionID": "851ba5b7-80fd-447c-a9cd-159882206fa3", "query": "british museum", "docid": "", "rank": "6", "url": "https://news.artnet.com/art-world/british-museum-ai-backlash-2742244", "newQuery": "true"}
{"type": "clickedResult", "timestamp": "2026-02-10T10:21:09.828Z", "sessionID": "851ba5b7-80fd-447c-a9cd-159882206fa3", "query": "british museum", "url": "https://www.youtube.com/user/britishmuseum", "rank": "5"}
{"type": "searchResultGenerated", "timestamp": "2026-02-10T10:21:13.673Z", "sessionID": "851ba5b7-80fd-447c-a9cd-159882206fa3", "query": "british museum", "docid": "", "rank": "1", "url": "https://www.britishmuseum.org/", "newQuery": "false"}
{"type": "searchResultGenerated", "timestamp": "2026-02-10T10:21:13.674Z", "sessionID": "851ba5b7-80fd-447c-a9cd-159882206fa3", "query": "british museum", "docid": "", "rank": "2", "url": "https://en.wikipedia.org/wiki/British_Museum", "newQuery": "false"}
{"type": "searchResultGenerated", "timestamp": "2026-02-10T10:21:13.674Z", "sessionID": "851ba5b7-80fd-447c-a9cd-159882206fa3", "query": "british museum", "docid": "", "rank": "3", "url": "https://www.instagram.com/britishmuseum/?hl=en", "newQuery": "false"}
{"type": "searchResultGenerated", "timestamp": "2026-02-10T10:21:13.675Z", "sessionID": "851ba5b7-80fd-447c-a9cd-159882206fa3", "query": "british museum", "docid": "", "rank": "4", "url": "https://artsandculture.google.com/partner/the-british-museum", "newQuery": "false"}
{"type": "searchResultGenerated", "timestamp": "2026-02-10T10:21:13.675Z", "sessionID": "851ba5b7-80fd-447c-a9cd-159882206fa3", "query": "british museum", "docid": "", "rank": "5", "url": "https://www.youtube.com/user/britishmuseum", "newQuery": "false"}
{"type": "searchResultGenerated", "timestamp": "2026-02-10T10:21:13.675Z", "sessionID": "851ba5b7-80fd-447c-a9cd-159882206fa3", "query": "british museum", "docid": "", "rank": "6", "url": "https://news.artnet.com/art-world/british-museum-ai-backlash-2742244", "newQuery": "false"}
{"type": "clickedResult", "timestamp": "2026-02-10T10:21:16.547Z", "sessionID": "851ba5b7-80fd-447c-a9cd-159882206fa3", "query": "british museum", "url": "https://en.wikipedia.org/wiki/British_Museum", "rank": "2"}
{"type": "searchResultGenerated", "timestamp": "2026-02-10T10:21:18.969Z", "sessionID": "851ba5b7-80fd-447c-a9cd-159882206fa3", "query": "british museum", "docid": "", "rank": "1", "url": "https://www.britishmuseum.org/", "newQuery": "false"}
{"type": "searchResultGenerated", "timestamp": "2026-02-10T10:21:18.969Z", "sessionID": "851ba5b7-80fd-447c-a9cd-159882206fa3", "query": "british museum", "docid": "", "rank": "2", "url": "https://en.wikipedia.org/wiki/British_Museum", "newQuery": "false"}
{"type": "searchResultGenerated", "timestamp": "2026-02-10T10:21:18.969Z", "sessionID": "851ba5b7-80fd-447c-a9cd-159882206fa3", "query": "british museum", "docid": "", "rank": "3", "url": "https://www.instagram.com/britishmuseum/?hl=en", "newQuery": "false"}
{"type": "searchResultGenerated", "timestamp": "2026-02-10T10:21:18.970Z", "sessionID": "851ba5b7-80fd-447c-a9cd-159882206fa3", "query": "british museum", "docid": "", "rank": "4", "url": "https://artsandculture.google.com/partner/the-british-museum", "newQuery": "false"}
{"type": "searchResultGenerated", "timestamp": "2026-02-10T10:21:18.970Z", "sessionID": "851ba5b7-80fd-447c-a9cd-159882206fa3", "query": "british museum", "docid": "", "rank": "5", "url": "https://www.youtube.com/user/britishmuseum", "newQuery": "false"}
{"type": "searchResultGenerated", "timestamp": "2026-02-10T10:21:18.970Z", "sessionID": "851ba5b7-80fd-447c-a9cd-159882206fa3", "query": "british museum", "docid": "", "rank": "6", "url": "https://news.artnet.com/art-world/british-museum-ai-backlash-2742244", "newQuery": "false"}
{"type": "ClickedEndTask", "timestamp": "2026-02-10T10:21:19.798Z", "sessionID": "851ba5b7-80fd-447c-a9cd-159882206fa3"}
{"type": "TaskEndConfirmed", "timestamp": "2026-02-10T10:21:20.661Z", "sessionID": "851ba5b7-80fd-447c-a9cd-159882206fa3"}
