{"type": "TaskStarted", "timestamp": "2026-02-09T09:15:47.619Z", "sessionID": "0153354f-dfad-4dd2-b2e1-2596f7bf2241", "task": "2", "uid": "Participant1", "topic": "Is cell phone radiation safe?"}
{"type": "queryBoxFocused", "timestamp": "2026-02-09T09:15:49.145Z", "sessionID": "0153354f-dfad-4dd2-b2e1-2596f7bf2241"}
{"type": "querySubmitted", "timestamp": "2026-02-09T09:15:56.378Z", "sessionID": "0153354f-dfad-4dd2-b2e1-2596f7bf2241", "query": "cell phone radiation"}
{"type": "clickedResult", "timestamp": "2026-02-09T09:15:58.355Z", "sessionID": "0153354f-dfad-4dd2-b2e1-2596f7bf2241", "query": "", "url": "https://www.foxnews.com/health/cellphone-health-risks-focus-new-government-study-very-concerned", "rank": null}
{"type": "clickedResult", "timestamp": "2026-02-09T09:16:02.635Z", "sessionID": "0153354f-dfad-4dd2-b2e1-2596f7bf2241", "query": "", "url": "https://www.reuters.com/legal/litigation/us-health-department-launch-study-cellphone-radiation-2026-01-15/", "rank": "5"}
{"type": "clickedResult", "timestamp": "2026-02-09T09:16:06.557Z", "sessionID": "0153354f-dfad-4dd2-b2e1-2596f7bf2241", "query": "", "url": "https://www.cancer.org/cancer/risk-prevention/radiation-exposure/cellular-phones.html", "rank": null}
{"type": "queryBoxFocused", "timestamp": "2026-02-09T09:16:11.505Z", "sessionID": "0153354f-dfad-4dd2-b2e1-2596f7bf2241"}
{"type": "querySubmitted", "timestamp": "2026-02-09T09:16:20.706Z", "sessionID": "0153354f-dfad-4dd2-b2e1-2596f7bf2241", "query": "impacts of cell phone radiation"}
{"type": "searchResultGenerated", "timestamp": "2026-02-09T09:16:20.707Z", "sessionID": "0153354f-dfad-4dd2-b2e1-2596f7bf2241", "query": "impacts of cell phone radiation", "docid": "", "rank": "1", "url": "https://www.cancer.gov/about-cancer/causes-prevention/risk/radiation/cell-phones-fact-sheet"}
{"type": "searchResultGenerated", "timestamp": "2026-02-09T09:16:20.707Z", "sessionID": "0153354f-dfad-4dd2-b2e1-2596f7bf2241", "query": "impacts of cell phone radiation", "docid": "", "rank": "2", "url": "https://ntp.niehs.nih.gov/research/topics/cellphones"}
{"type": "searchResultGenerated", "timestamp": "2026-02-09T09:16:20.708Z", "sessionID": "0153354f-dfad-4dd2-b2e1-2596f7bf2241", "query": "impacts of cell phone radiation", "docid": "", "rank": "3", "url": "https://www.foxnews.com/health/cellphone-health-risks-focus-new-government-study-very-concerned"}
{"type": "searchResultGenerated", "timestamp": "2026-02-09T09:16:20.708Z", "sessionID": "0153354f-dfad-4dd2-b2e1-2596f7bf2241", "query": "impacts of cell phone radiation", "docid": "", "rank": "4", "url": "https://en.wikipedia.org/wiki/Wireless_device_radiation_and_health"}
{"type": "searchResultGenerated", "timestamp": "2026-02-09T09:16:20.708Z", "sessionID": "0153354f-dfad-4dd2-b2e1-2596f7bf2241", "query": "impacts of cell phone radiation", "docid": "", "rank": "5", "url": "https://www.reuters.com/legal/litigation/us-health-department-launch-study-cellphone-radiation-2026-01-15/"}
{"type": "searchResultGenerated", "timestamp": "2026-02-09T09:16:20.708Z", "sessionID": "0153354f-dfad-4dd2-b2e1-2596f7bf2241", "query": "impacts of cell phone radiation", "docid": "", "rank": "6", "url": "https://www.reddit.com/r/ElectricalEngineering/comments/18dbhlh/do_you_think_radiation_from_mobile_phones_can/"}
{"type": "searchResultGenerated", "timestamp": "2026-02-09T09:16:20.709Z", "sessionID": "0153354f-dfad-4dd2-b2e1-2596f7bf2241", "query": "impacts of cell phone radiation", "docid": "", "rank": "7", "url": "https://www.cancer.org/cancer/risk-prevention/radiation-exposure/cellular-phones.html"}
{"type": "searchResultGenerated", "timestamp": "2026-02-09T09:16:20.709Z", "sessionID": "0153354f-dfad-4dd2-b2e1-2596f7bf2241", "query": "impacts of cell phone radiation", "docid": "", "rank": "8", "url": "https://www.fda.gov/radiation-emitting-products/home-business-and-entertainment-products/cell-phones"}
{"type": "searchResultGenerated", "timestamp": "2026-02-09T09:16:20.709Z", "sessionID": "0153354f-dfad-4dd2-b2e1-2596f7bf2241", "query": "impacts of cell phone radiation", "docid": "", "rank": "9", "url": "https://ehtrust.org/science/scientific-imaging-cell-phone-wi-fi-radiation-exposures-human-body/"}
{"type": "clickedResult", "timestamp": "2026-02-09T09:16:26.603Z", "sessionID": "0153354f-dfad-4dd2-b2e1-2596f7bf2241", "query": "", "url": "https://www.center4research.org/children-cell-phones-phone-radiation-risky-kids/", "rank": null}
{"type": "clickedResult", "timestamp": "2026-02-09T09:16:30.716Z", "sessionID": "0153354f-dfad-4dd2-b2e1-2596f7bf2241", "query": "", "url": "https://www.fda.gov/radiation-emitting-products/home-business-and-entertainment-products/cell-phones", "rank": null}
{"type": "clickedResult", "timestamp": "2026-02-09T09:16:34.098Z", "sessionID": "0153354f-dfad-4dd2-b2e1-2596f7bf2241", "query": "", "url": "https://pmc.ncbi.nlm.nih.gov/articles/PMC11111148/", "rank": "7"}
{"type": "queryBoxFocused", "timestamp": "2026-02-09T09:16:36.964Z", "sessionID": "0153354f-dfad-4dd2-b2e1-2596f7bf2241"}
{"type": "querySubmitted", "timestamp": "2026-02-09T09:16:44.338Z", "sessionID": "0153354f-dfad-4dd2-b2e1-2596f7bf2241", "query": "phone harmful?"}
{"type": "searchResultGenerated", "timestamp": "2026-02-09T09:16:44.339Z", "sessionID": "0153354f-dfad-4dd2-b2e1-2596f7bf2241", "query": "phone harmful?", "docid": "", "rank": "1", "url": "https://www.cancer.gov/about-cancer/causes-prevention/risk/radiation/cell-phones-fact-sheet"}
{"type": "searchResultGenerated", "timestamp": "2026-02-09T09:16:44.339Z", "sessionID": "0153354f-dfad-4dd2-b2e1-2596f7bf2241", "query": "phone harmful?", "docid": "", "rank": "2", "url": "https://ntp.niehs.nih.gov/research/topics/cellphones"}
{"type": "searchResultGenerated", "timestamp": "2026-02-09T09:16:44.339Z", "sessionID": "0153354f-dfad-4dd2-b2e1-2596f7bf2241", "query": "phone harmful?", "docid": "", "rank": "3", "url": "https://www.cancer.org/cancer/risk-prevention/radiation-exposure/cellular-phones.html"}
{"type": "searchResultGenerated", "timestamp": "2026-02-09T09:16:44.339Z", "sessionID": "0153354f-dfad-4dd2-b2e1-2596f7bf2241", "query": "phone harmful?", "docid": "", "rank": "4", "url": "https://news.berkeley.edu/2021/07/01/health-risks-of-cell-phone-radiation/"}
{"type": "searchResultGenerated", "timestamp": "2026-02-09T09:16:44.340Z", "sessionID": "0153354f-dfad-4dd2-b2e1-2596f7bf2241", "query": "phone harmful?", "docid": "", "rank": "5", "url": "https://en.wikipedia.org/wiki/Wireless_device_radiation_and_health"}
{"type": "searchResultGenerated", "timestamp": "2026-02-09T09:16:44.340Z", "sessionID": "0153354f-dfad-4dd2-b2e1-2596f7bf2241", "query": "phone harmful?", "docid": "", "rank": "6", "url": "https://www.cdc.gov/radiation-health/data-research/facts-stats/cell-phones.html"}
{"type": "searchResultGenerated", "timestamp": "2026-02-09T09:16:44.340Z", "sessionID": "0153354f-dfad-4dd2-b2e1-2596f7bf2241", "query": "phone harmful?", "docid": "", "rank": "7", "url": "https://pmc.ncbi.nlm.nih.gov/articles/PMC11111148/"}
{"type": "searchResultGenerated", "timestamp": "2026-02-09T09:16:44.340Z", "sessionID": "0153354f-dfad-4dd2-b2e1-2596f7bf2241", "query": "phone harmful?", "docid": "", "rank": "8", "url": "https://www.fda.gov/radiation-emitting-products/home-business-and-entertainment-products/cell-phones"}
{"type": "searchResultGenerated", "timestamp": "2026-02-09T09:16:44.340Z", "sessionID": "0153354f-dfad-4dd2-b2e1-2596f7bf2241", "query": "phone harmful?", "docid": "", "rank": "9", "url": "https://www.center4research.org/children-cell-phones-phone-radiation-risky-kids/"}
{"type": "clickedResult", "timestamp": "2026-02-09T09:16:46.873Z", "sessionID": "0153354f-dfad-4dd2-b2e1-2596f7bf2241", "query": "", "url": "https://pmc.ncbi.nlm.nih.gov/articles/PMC4350886/", "rank": null}
{"type": "clickedResult", "timestamp": "2026-02-09T09:16:50.263Z", "sessionID": "0153354f-dfad-4dd2-b2e1-2596f7bf2241", "query": "", "url": "https://www.cdc.gov/radiation-health/data-research/facts-stats/cell-phones.html", "rank": "3"}
{"type": "ClickedEndTask", "timestamp": "2026-02-09T09:16:53.837Z", "sessionID": "0153354f-dfad-4dd2-b2e1-2596f7bf2241"}
{"type": "TaskEndConfirmed", "timestamp": "2026-02-09T09:16:54.669Z", "sessionID": "0153354f-dfad-4dd2-b2e1-2596f7bf2241"}
{"type": "TaskEnded", "timestamp": "2026-02-09T09:17:02.908Z", "sessionID": "0153354f-dfad-4dd2-b2e1-2596f7bf2241", "reason": "search complete for task 2"}
