{"type": "idSubmitted", "timestamp": "2026-02-09T10:14:32.695Z", "sessionID": "4f374105-b06c-4e7b-9d17-0d8a05e88ce5", "uid": "Participant1"}
{"type": "TaskStarted", "timestamp": "2026-02-09T10:14:33.938Z", "sessionID": "4f374105-b06c-4e7b-9d17-0d8a05e88ce5", "task": "1", "uid": "Participant1", "topic": "Is human activity primarily responsible for global climate change?"}
{"type": "queryBoxFocused", "timestamp": "2026-02-09T10:14:36.803Z", "sessionID": "4f374105-b06c-4e7b-9d17-0d8a05e88ce5"}
{"type": "querySubmitted", "timestamp": "2026-02-09T10:14:40.699Z", "sessionID": "4f374105-b06c-4e7b-9d17-0d8a05e88ce5", "query": "climate change"}
{"type": "searchResultGenerated", "timestamp": "2026-02-09T10:14:41.163Z", "sessionID": "4f374105-b06c-4e7b-9d17-0d8a05e88ce5", "query": "climate change", "docid": "", "rank": "1", "url": "https://www.un.org/en/climatechange/what-is-climate-change"}
{"type": "searchResultGenerated", "timestamp": "2026-02-09T10:14:41.163Z", "sessionID": "4f374105-b06c-4e7b-9d17-0d8a05e88ce5", "query": "climate change", "docid": "", "rank": "2", "url": "https://science.nasa.gov/climate-change/"}
{"type": "searchResultGenerated", "timestamp": "2026-02-09T10:14:41.163Z", "sessionID": "4f374105-b06c-4e7b-9d17-0d8a05e88ce5", "query": "climate change", "docid": "", "rank": "3", "url": "https://en.wikipedia.org/wiki/Climate_change"}
{"type": "searchResultGenerated", "timestamp": "2026-02-09T10:14:41.163Z", "sessionID": "4f374105-b06c-4e7b-9d17-0d8a05e88ce5", "query": "climate change", "docid": "", "rank": "4", "url": "https://www.noaa.gov/education/resource-collections/climate/climate-change-impacts"}
{"type": "searchResultGenerated", "timestamp": "2026-02-09T10:14:41.163Z", "sessionID": "4f374105-b06c-4e7b-9d17-0d8a05e88ce5", "query": "climate change", "docid": "", "rank": "5", "url": "https://www.epa.gov/climate-change"}
{"type": "searchResultGenerated", "timestamp": "2026-02-09T10:14:41.164Z", "sessionID": "4f374105-b06c-4e7b-9d17-0d8a05e88ce5", "query": "climate change", "docid": "", "rank": "6", "url": "https://royalsociety.org/news-resources/projects/climate-change-evidence-causes/basics-of-climate-change/"}
{"type": "searchResultGenerated", "timestamp": "2026-02-09T10:14:41.164Z", "sessionID": "4f374105-b06c-4e7b-9d17-0d8a05e88ce5", "query": "climate change", "docid": "", "rank": "7", "url": "https://www.who.int/health-topics/climate-change"}
{"type": "searchResultGenerated", "timestamp": "2026-02-09T10:14:41.164Z", "sessionID": "4f374105-b06c-4e7b-9d17-0d8a05e88ce5", "query": "climate change", "docid": "", "rank": "8", "url": "https://www.ipcc.ch/"}
{"type": "clickedResult", "timestamp": "2026-02-09T10:14:42.623Z", "sessionID": "4f374105-b06c-4e7b-9d17-0d8a05e88ce5", "query": "climate change", "url": "https://www.un.org/en/climatechange/what-is-climate-change", "rank": "1"}
{"type": "searchResultGenerated", "timestamp": "2026-02-09T10:14:45.491Z", "sessionID": "4f374105-b06c-4e7b-9d17-0d8a05e88ce5", "query": "climate change", "docid": "", "rank": "1", "url": "https://www.un.org/en/climatechange/what-is-climate-change"}
{"type": "searchResultGenerated", "timestamp": "2026-02-09T10:14:45.491Z", "sessionID": "4f374105-b06c-4e7b-9d17-0d8a05e88ce5", "query": "climate change", "docid": "", "rank": "2", "url": "https://science.nasa.gov/climate-change/"}
{"type": "searchResultGenerated", "timestamp": "2026-02-09T10:14:45.491Z", "sessionID": "4f374105-b06c-4e7b-9d17-0d8a05e88ce5", "query": "climate change", "docid": "", "rank": "3", "url": "https://en.wikipedia.org/wiki/Climate_change"}
{"type": "searchResultGenerated", "timestamp": "2026-02-09T10:14:45.491Z", "sessionID": "4f374105-b06c-4e7b-9d17-0d8a05e88ce5", "query": "climate change", "docid": "", "rank": "4", "url": "https://www.noaa.gov/education/resource-collections/climate/climate-change-impacts"}
{"type": "searchResultGenerated", "timestamp": "2026-02-09T10:14:45.492Z", "sessionID": "4f374105-b06c-4e7b-9d17-0d8a05e88ce5", "query": "climate change", "docid": "", "rank": "5", "url": "https://www.epa.gov/climate-change"}
{"type": "searchResultGenerated", "timestamp": "2026-02-09T10:14:45.492Z", "sessionID": "4f374105-b06c-4e7b-9d17-0d8a05e88ce5", "query": "climate change", "docid": "", "rank": "6", "url": "https://royalsociety.org/news-resources/projects/climate-change-evidence-causes/basics-of-climate-change/"}
{"type": "searchResultGenerated", "timestamp": "2026-02-09T10:14:45.492Z", "sessionID": "4f374105-b06c-4e7b-9d17-0d8a05e88ce5", "query": "climate change", "docid": "", "rank": "7", "url": "https://www.who.int/health-topics/climate-change"}
{"type": "searchResultGenerated", "timestamp": "2026-02-09T10:14:45.492Z", "sessionID": "4f374105-b06c-4e7b-9d17-0d8a05e88ce5", "query": "climate change", "docid": "", "rank": "8", "url": "https://www.ipcc.ch/"}
{"type": "clickedResult", "timestamp": "2026-02-09T10:14:46.310Z", "sessionID": "4f374105-b06c-4e7b-9d17-0d8a05e88ce5", "query": "climate change", "url": "https://science.nasa.gov/climate-change/", "rank": "2"}
{"type": "searchResultGenerated", "timestamp": "2026-02-09T10:14:48.582Z", "sessionID": "4f374105-b06c-4e7b-9d17-0d8a05e88ce5", "query": "climate change", "docid": "", "rank": "1", "url": "https://www.un.org/en/climatechange/what-is-climate-change"}
{"type": "searchResultGenerated", "timestamp": "2026-02-09T10:14:48.582Z", "sessionID": "4f374105-b06c-4e7b-9d17-0d8a05e88ce5", "query": "climate change", "docid": "", "rank": "2", "url": "https://science.nasa.gov/climate-change/"}
{"type": "searchResultGenerated", "timestamp": "2026-02-09T10:14:48.582Z", "sessionID": "4f374105-b06c-4e7b-9d17-0d8a05e88ce5", "query": "climate change", "docid": "", "rank": "3", "url": "https://en.wikipedia.org/wiki/Climate_change"}
{"type": "searchResultGenerated", "timestamp": "2026-02-09T10:14:48.583Z", "sessionID": "4f374105-b06c-4e7b-9d17-0d8a05e88ce5", "query": "climate change", "docid": "", "rank": "4", "url": "https://www.noaa.gov/education/resource-collections/climate/climate-change-impacts"}
{"type": "searchResultGenerated", "timestamp": "2026-02-09T10:14:48.583Z", "sessionID": "4f374105-b06c-4e7b-9d17-0d8a05e88ce5", "query": "climate change", "docid": "", "rank": "5", "url": "https://www.epa.gov/climate-change"}
{"type": "searchResultGenerated", "timestamp": "2026-02-09T10:14:48.583Z", "sessionID": "4f374105-b06c-4e7b-9d17-0d8a05e88ce5", "query": "climate change", "docid": "", "rank": "6", "url": "https://royalsociety.org/news-resources/projects/climate-change-evidence-causes/basics-of-climate-change/"}
{"type": "searchResultGenerated", "timestamp": "2026-02-09T10:14:48.583Z", "sessionID": "4f374105-b06c-4e7b-9d17-0d8a05e88ce5", "query": "climate change", "docid": "", "rank": "7", "url": "https://www.who.int/health-topics/climate-change"}
{"type": "searchResultGenerated", "timestamp": "2026-02-09T10:14:48.583Z", "sessionID": "4f374105-b06c-4e7b-9d17-0d8a05e88ce5", "query": "climate change", "docid": "", "rank": "8", "url": "https://www.ipcc.ch/"}
{"type": "ClickedEndTask", "timestamp": "2026-02-09T10:14:51.268Z", "sessionID": "4f374105-b06c-4e7b-9d17-0d8a05e88ce5"}
{"type": "TaskEndConfirmed", "timestamp": "2026-02-09T10:14:52.129Z", "sessionID": "4f374105-b06c-4e7b-9d17-0d8a05e88ce5"}
{"type": "TaskEnded", "timestamp": "2026-02-09T10:14:56.880Z", "sessionID": "4f374105-b06c-4e7b-9d17-0d8a05e88ce5", "reason": "done searching"}
