{"type": "TaskStarted", "timestamp": "2026-02-09T09:40:26.463Z", "sessionID": "83329c9a-e745-4fd6-89d8-80765088edc6", "task": "2", "uid": "Participant1", "topic": "Is cell phone radiation safe?"}
{"type": "queryBoxFocused", "timestamp": "2026-02-09T09:40:27.594Z", "sessionID": "83329c9a-e745-4fd6-89d8-80765088edc6"}
{"type": "querySubmitted", "timestamp": "2026-02-09T09:40:42.250Z", "sessionID": "83329c9a-e745-4fd6-89d8-80765088edc6", "query": "impacts of phone radiation"}
{"type": "searchResultGenerated", "timestamp": "2026-02-09T09:40:43.737Z", "sessionID": "83329c9a-e745-4fd6-89d8-80765088edc6", "query": "", "docid": "", "rank": "1", "url": "https://www.cancer.gov/about-cancer/causes-prevention/risk/radiation/cell-phones-fact-sheet"}
{"type": "searchResultGenerated", "timestamp": "2026-02-09T09:40:43.737Z", "sessionID": "83329c9a-e745-4fd6-89d8-80765088edc6", "query": "", "docid": "", "rank": "2", "url": "https://www.cancer.org/cancer/risk-prevention/radiation-exposure/cellular-phones.html"}
{"type": "searchResultGenerated", "timestamp": "2026-02-09T09:40:43.737Z", "sessionID": "83329c9a-e745-4fd6-89d8-80765088edc6", "query": "", "docid": "", "rank": "3", "url": "https://ntp.niehs.nih.gov/research/topics/cellphones"}
{"type": "searchResultGenerated", "timestamp": "2026-02-09T09:40:43.737Z", "sessionID": "83329c9a-e745-4fd6-89d8-80765088edc6", "query": "", "docid": "", "rank": "4", "url": "https://news.berkeley.edu/2021/07/01/health-risks-of-cell-phone-radiation/"}
{"type": "searchResultGenerated", "timestamp": "2026-02-09T09:40:43.737Z", "sessionID": "83329c9a-e745-4fd6-89d8-80765088edc6", "query": "", "docid": "", "rank": "5", "url": "https://en.wikipedia.org/wiki/Wireless_device_radiation_and_health"}
{"type": "searchResultGenerated", "timestamp": "2026-02-09T09:40:43.737Z", "sessionID": "83329c9a-e745-4fd6-89d8-80765088edc6", "query": "", "docid": "", "rank": "6", "url": "https://pmc.ncbi.nlm.nih.gov/articles/PMC11111148/"}
{"type": "searchResultGenerated", "timestamp": "2026-02-09T09:40:43.737Z", "sessionID": "83329c9a-e745-4fd6-89d8-80765088edc6", "query": "", "docid": "", "rank": "7", "url": "https://www.cdc.gov/radiation-health/data-research/facts-stats/cell-phones.html"}
{"type": "searchResultGenerated", "timestamp": "2026-02-09T09:40:43.737Z", "sessionID": "83329c9a-e745-4fd6-89d8-80765088edc6", "query": "", "docid": "", "rank": "8", "url": "https://www.cancerresearchuk.org/about-cancer/causes-of-cancer/cancer-myths-questions/do-mobile-phones-cause-cancer"}
{"type": "searchResultGenerated", "timestamp": "2026-02-09T09:40:43.737Z", "sessionID": "83329c9a-e745-4fd6-89d8-80765088edc6", "query": "", "docid": "", "rank": "9", "url": "https://www.betterhealth.vic.gov.au/health/healthyliving/mobile-phones-and-your-health"}
{"type": "clickedResult", "timestamp": "2026-02-09T09:40:45.217Z", "sessionID": "83329c9a-e745-4fd6-89d8-80765088edc6", "query": "", "url": "https://www.cancer.org/cancer/risk-prevention/radiation-exposure/cellular-phones.html", "rank": "2"}
{"type": "searchResultGenerated", "timestamp": "2026-02-09T09:40:47.799Z", "sessionID": "83329c9a-e745-4fd6-89d8-80765088edc6", "query": "", "docid": "", "rank": "1", "url": "https://www.cancer.gov/about-cancer/causes-prevention/risk/radiation/cell-phones-fact-sheet"}
{"type": "searchResultGenerated", "timestamp": "2026-02-09T09:40:47.799Z", "sessionID": "83329c9a-e745-4fd6-89d8-80765088edc6", "query": "", "docid": "", "rank": "2", "url": "https://www.cancer.org/cancer/risk-prevention/radiation-exposure/cellular-phones.html"}
{"type": "searchResultGenerated", "timestamp": "2026-02-09T09:40:47.799Z", "sessionID": "83329c9a-e745-4fd6-89d8-80765088edc6", "query": "", "docid": "", "rank": "3", "url": "https://ntp.niehs.nih.gov/research/topics/cellphones"}
{"type": "searchResultGenerated", "timestamp": "2026-02-09T09:40:47.799Z", "sessionID": "83329c9a-e745-4fd6-89d8-80765088edc6", "query": "", "docid": "", "rank": "4", "url": "https://news.berkeley.edu/2021/07/01/health-risks-of-cell-phone-radiation/"}
{"type": "searchResultGenerated", "timestamp": "2026-02-09T09:40:47.799Z", "sessionID": "83329c9a-e745-4fd6-89d8-80765088edc6", "query": "", "docid": "", "rank": "5", "url": "https://en.wikipedia.org/wiki/Wireless_device_radiation_and_health"}
{"type": "searchResultGenerated", "timestamp": "2026-02-09T09:40:47.799Z", "sessionID": "83329c9a-e745-4fd6-89d8-80765088edc6", "query": "", "docid": "", "rank": "6", "url": "https://pmc.ncbi.nlm.nih.gov/articles/PMC11111148/"}
{"type": "searchResultGenerated", "timestamp": "2026-02-09T09:40:47.799Z", "sessionID": "83329c9a-e745-4fd6-89d8-80765088edc6", "query": "", "docid": "", "rank": "7", "url": "https://www.cdc.gov/radiation-health/data-research/facts-stats/cell-phones.html"}
{"type": "searchResultGenerated", "timestamp": "2026-02-09T09:40:47.800Z", "sessionID": "83329c9a-e745-4fd6-89d8-80765088edc6", "query": "", "docid": "", "rank": "8", "url": "https://www.cancerresearchuk.org/about-cancer/causes-of-cancer/cancer-myths-questions/do-mobile-phones-cause-cancer"}
{"type": "searchResultGenerated", "timestamp": "2026-02-09T09:40:47.800Z", "sessionID": "83329c9a-e745-4fd6-89d8-80765088edc6", "query": "", "docid": "", "rank": "9", "url": "https://www.betterhealth.vic.gov.au/health/healthyliving/mobile-phones-and-your-health"}
{"type": "clickedResult", "timestamp": "2026-02-09T09:40:48.905Z", "sessionID": "83329c9a-e745-4fd6-89d8-80765088edc6", "query": "", "url": "https://ntp.niehs.nih.gov/research/topics/cellphones", "rank": "3"}
{"type": "searchResultGenerated", "timestamp": "2026-02-09T09:40:51.362Z", "sessionID": "83329c9a-e745-4fd6-89d8-80765088edc6", "query": "", "docid": "", "rank": "1", "url": "https://www.cancer.gov/about-cancer/causes-prevention/risk/radiation/cell-phones-fact-sheet"}
{"type": "searchResultGenerated", "timestamp": "2026-02-09T09:40:51.362Z", "sessionID": "83329c9a-e745-4fd6-89d8-80765088edc6", "query": "", "docid": "", "rank": "2", "url": "https://www.cancer.org/cancer/risk-prevention/radiation-exposure/cellular-phones.html"}
{"type": "searchResultGenerated", "timestamp": "2026-02-09T09:40:51.362Z", "sessionID": "83329c9a-e745-4fd6-89d8-80765088edc6", "query": "", "docid": "", "rank": "3", "url": "https://ntp.niehs.nih.gov/research/topics/cellphones"}
{"type": "searchResultGenerated", "timestamp": "2026-02-09T09:40:51.362Z", "sessionID": "83329c9a-e745-4fd6-89d8-80765088edc6", "query": "", "docid": "", "rank": "4", "url": "https://news.berkeley.edu/2021/07/01/health-risks-of-cell-phone-radiation/"}
{"type": "searchResultGenerated", "timestamp": "2026-02-09T09:40:51.363Z", "sessionID": "83329c9a-e745-4fd6-89d8-80765088edc6", "query": "", "docid": "", "rank": "5", "url": "https://en.wikipedia.org/wiki/Wireless_device_radiation_and_health"}
{"type": "searchResultGenerated", "timestamp": "2026-02-09T09:40:51.363Z", "sessionID": "83329c9a-e745-4fd6-89d8-80765088edc6", "query": "", "docid": "", "rank": "6", "url": "https://pmc.ncbi.nlm.nih.gov/articles/PMC11111148/"}
{"type": "searchResultGenerated", "timestamp": "2026-02-09T09:40:51.363Z", "sessionID": "83329c9a-e745-4fd6-89d8-80765088edc6", "query": "", "docid": "", "rank": "7", "url": "https://www.cdc.gov/radiation-health/data-research/facts-stats/cell-phones.html"}
{"type": "searchResultGenerated", "timestamp": "2026-02-09T09:40:51.363Z", "sessionID": "83329c9a-e745-4fd6-89d8-80765088edc6", "query": "", "docid": "", "rank": "8", "url": "https://www.cancerresearchuk.org/about-cancer/causes-of-cancer/cancer-myths-questions/do-mobile-phones-cause-cancer"}
{"type": "searchResultGenerated", "timestamp": "2026-02-09T09:40:51.363Z", "sessionID": "83329c9a-e745-4fd6-89d8-80765088edc6", "query": "", "docid": "", "rank": "9", "url": "https://www.betterhealth.vic.gov.au/health/healthyliving/mobile-phones-and-your-health"}
{"type": "clickedResult", "timestamp": "2026-02-09T09:40:52.586Z", "sessionID": "83329c9a-e745-4fd6-89d8-80765088edc6", "query": "", "url": "https://en.wikipedia.org/wiki/Wireless_device_radiation_and_health", "rank": "5"}
{"type": "searchResultGenerated", "timestamp": "2026-02-09T09:40:54.672Z", "sessionID": "83329c9a-e745-4fd6-89d8-80765088edc6", "query": "", "docid": "", "rank": "1", "url": "https://www.cancer.gov/about-cancer/causes-prevention/risk/radiation/cell-phones-fact-sheet"}
{"type": "searchResultGenerated", "timestamp": "2026-02-09T09:40:54.672Z", "sessionID": "83329c9a-e745-4fd6-89d8-80765088edc6", "query": "", "docid": "", "rank": "2", "url": "https://www.cancer.org/cancer/risk-prevention/radiation-exposure/cellular-phones.html"}
{"type": "searchResultGenerated", "timestamp": "2026-02-09T09:40:54.672Z", "sessionID": "83329c9a-e745-4fd6-89d8-80765088edc6", "query": "", "docid": "", "rank": "3", "url": "https://ntp.niehs.nih.gov/research/topics/cellphones"}
{"type": "searchResultGenerated", "timestamp": "2026-02-09T09:40:54.672Z", "sessionID": "83329c9a-e745-4fd6-89d8-80765088edc6", "query": "", "docid": "", "rank": "4", "url": "https://news.berkeley.edu/2021/07/01/health-risks-of-cell-phone-radiation/"}
{"type": "searchResultGenerated", "timestamp": "2026-02-09T09:40:54.672Z", "sessionID": "83329c9a-e745-4fd6-89d8-80765088edc6", "query": "", "docid": "", "rank": "5", "url": "https://en.wikipedia.org/wiki/Wireless_device_radiation_and_health"}
{"type": "searchResultGenerated", "timestamp": "2026-02-09T09:40:54.672Z", "sessionID": "83329c9a-e745-4fd6-89d8-80765088edc6", "query": "", "docid": "", "rank": "6", "url": "https://pmc.ncbi.nlm.nih.gov/articles/PMC11111148/"}
{"type": "searchResultGenerated", "timestamp": "2026-02-09T09:40:54.672Z", "sessionID": "83329c9a-e745-4fd6-89d8-80765088edc6", "query": "", "docid": "", "rank": "7", "url": "https://www.cdc.gov/radiation-health/data-research/facts-stats/cell-phones.html"}
{"type": "searchResultGenerated", "timestamp": "2026-02-09T09:40:54.672Z", "sessionID": "83329c9a-e745-4fd6-89d8-80765088edc6", "query": "", "docid": "", "rank": "8", "url": "https://www.cancerresearchuk.org/about-cancer/causes-of-cancer/cancer-myths-questions/do-mobile-phones-cause-cancer"}
{"type": "searchResultGenerated", "timestamp": "2026-02-09T09:40:54.673Z", "sessionID": "83329c9a-e745-4fd6-89d8-80765088edc6", "query": "", "docid": "", "rank": "9", "url": "https://www.betterhealth.vic.gov.au/health/healthyliving/mobile-phones-and-your-health"}
{"type": "queryBoxFocused", "timestamp": "2026-02-09T09:40:56.346Z", "sessionID": "83329c9a-e745-4fd6-89d8-80765088edc6"}
{"type": "querySubmitted", "timestamp": "2026-02-09T09:41:02.915Z", "sessionID": "83329c9a-e745-4fd6-89d8-80765088edc6", "query": "what is cell phone radiation"}
{"type": "searchResultGenerated", "timestamp": "2026-02-09T09:41:04.231Z", "sessionID": "83329c9a-e745-4fd6-89d8-80765088edc6", "query": "", "docid": "", "rank": "1", "url": "https://www.cancer.gov/about-cancer/causes-prevention/risk/radiation/cell-phones-fact-sheet"}
{"type": "searchResultGenerated", "timestamp": "2026-02-09T09:41:04.231Z", "sessionID": "83329c9a-e745-4fd6-89d8-80765088edc6", "query": "", "docid": "", "rank": "2", "url": "https://en.wikipedia.org/wiki/Wireless_device_radiation_and_health"}
{"type": "searchResultGenerated", "timestamp": "2026-02-09T09:41:04.232Z", "sessionID": "83329c9a-e745-4fd6-89d8-80765088edc6", "query": "", "docid": "", "rank": "3", "url": "https://www.cdc.gov/radiation-health/data-research/facts-stats/cell-phones.html"}
{"type": "searchResultGenerated", "timestamp": "2026-02-09T09:41:04.232Z", "sessionID": "83329c9a-e745-4fd6-89d8-80765088edc6", "query": "", "docid": "", "rank": "4", "url": "https://ntp.niehs.nih.gov/research/topics/cellphones"}
{"type": "searchResultGenerated", "timestamp": "2026-02-09T09:41:04.232Z", "sessionID": "83329c9a-e745-4fd6-89d8-80765088edc6", "query": "", "docid": "", "rank": "5", "url": "https://www.cancer.org/cancer/risk-prevention/radiation-exposure/cellular-phones.html"}
{"type": "searchResultGenerated", "timestamp": "2026-02-09T09:41:04.232Z", "sessionID": "83329c9a-e745-4fd6-89d8-80765088edc6", "query": "", "docid": "", "rank": "6", "url": "https://electronics.howstuffworks.com/cell-phone-radiation.htm"}
{"type": "searchResultGenerated", "timestamp": "2026-02-09T09:41:04.232Z", "sessionID": "83329c9a-e745-4fd6-89d8-80765088edc6", "query": "", "docid": "", "rank": "7", "url": "https://bodywell.com/blogs/news/cell-phone-radiation?srsltid=AfmBOop9MgGpve4hUjPXey3STodBXe0L35lfDaJgUOiFA3lOBYOh_qQC"}
{"type": "searchResultGenerated", "timestamp": "2026-02-09T09:41:04.232Z", "sessionID": "83329c9a-e745-4fd6-89d8-80765088edc6", "query": "", "docid": "", "rank": "8", "url": "https://www.foxnews.com/health/cellphone-health-risks-focus-new-government-study-very-concerned"}
{"type": "searchResultGenerated", "timestamp": "2026-02-09T09:41:04.232Z", "sessionID": "83329c9a-e745-4fd6-89d8-80765088edc6", "query": "", "docid": "", "rank": "9", "url": "https://www.cdph.ca.gov/Programs/CCDPHP/DEODC/EHIB/CDPH%20document%20Library/Cell-Phone-Guidance.pdf"}
{"type": "clickedResult", "timestamp": "2026-02-09T09:41:04.803Z", "sessionID": "83329c9a-e745-4fd6-89d8-80765088edc6", "query": "", "url": "https://en.wikipedia.org/wiki/Wireless_device_radiation_and_health", "rank": "2"}
{"type": "searchResultGenerated", "timestamp": "2026-02-09T09:41:06.646Z", "sessionID": "83329c9a-e745-4fd6-89d8-80765088edc6", "query": "", "docid": "", "rank": "1", "url": "https://www.cancer.gov/about-cancer/causes-prevention/risk/radiation/cell-phones-fact-sheet"}
{"type": "searchResultGenerated", "timestamp": "2026-02-09T09:41:06.646Z", "sessionID": "83329c9a-e745-4fd6-89d8-80765088edc6", "query": "", "docid": "", "rank": "2", "url": "https://en.wikipedia.org/wiki/Wireless_device_radiation_and_health"}
{"type": "searchResultGenerated", "timestamp": "2026-02-09T09:41:06.646Z", "sessionID": "83329c9a-e745-4fd6-89d8-80765088edc6", "query": "", "docid": "", "rank": "3", "url": "https://www.cdc.gov/radiation-health/data-research/facts-stats/cell-phones.html"}
{"type": "searchResultGenerated", "timestamp": "2026-02-09T09:41:06.647Z", "sessionID": "83329c9a-e745-4fd6-89d8-80765088edc6", "query": "", "docid": "", "rank": "4", "url": "https://ntp.niehs.nih.gov/research/topics/cellphones"}
{"type": "searchResultGenerated", "timestamp": "2026-02-09T09:41:06.647Z", "sessionID": "83329c9a-e745-4fd6-89d8-80765088edc6", "query": "", "docid": "", "rank": "5", "url": "https://www.cancer.org/cancer/risk-prevention/radiation-exposure/cellular-phones.html"}
{"type": "searchResultGenerated", "timestamp": "2026-02-09T09:41:06.647Z", "sessionID": "83329c9a-e745-4fd6-89d8-80765088edc6", "query": "", "docid": "", "rank": "6", "url": "https://electronics.howstuffworks.com/cell-phone-radiation.htm"}
{"type": "searchResultGenerated", "timestamp": "2026-02-09T09:41:06.647Z", "sessionID": "83329c9a-e745-4fd6-89d8-80765088edc6", "query": "", "docid": "", "rank": "7", "url": "https://bodywell.com/blogs/news/cell-phone-radiation?srsltid=AfmBOop9MgGpve4hUjPXey3STodBXe0L35lfDaJgUOiFA3lOBYOh_qQC"}
{"type": "searchResultGenerated", "timestamp": "2026-02-09T09:41:06.647Z", "sessionID": "83329c9a-e745-4fd6-89d8-80765088edc6", "query": "", "docid": "", "rank": "8", "url": "https://www.foxnews.com/health/cellphone-health-risks-focus-new-government-study-very-concerned"}
{"type": "searchResultGenerated", "timestamp": "2026-02-09T09:41:06.648Z", "sessionID": "83329c9a-e745-4fd6-89d8-80765088edc6", "query": "", "docid": "", "rank": "9", "url": "https://www.cdph.ca.gov/Programs/CCDPHP/DEODC/EHIB/CDPH%20document%20Library/Cell-Phone-Guidance.pdf"}
{"type": "clickedResult", "timestamp": "2026-02-09T09:41:07.944Z", "sessionID": "83329c9a-e745-4fd6-89d8-80765088edc6", "query": "", "url": "https://ntp.niehs.nih.gov/research/topics/cellphones", "rank": "4"}
{"type": "searchResultGenerated", "timestamp": "2026-02-09T09:41:10.036Z", "sessionID": "83329c9a-e745-4fd6-89d8-80765088edc6", "query": "", "docid": "", "rank": "1", "url": "https://www.cancer.gov/about-cancer/causes-prevention/risk/radiation/cell-phones-fact-sheet"}
{"type": "searchResultGenerated", "timestamp": "2026-02-09T09:41:10.036Z", "sessionID": "83329c9a-e745-4fd6-89d8-80765088edc6", "query": "", "docid": "", "rank": "2", "url": "https://en.wikipedia.org/wiki/Wireless_device_radiation_and_health"}
{"type": "searchResultGenerated", "timestamp": "2026-02-09T09:41:10.036Z", "sessionID": "83329c9a-e745-4fd6-89d8-80765088edc6", "query": "", "docid": "", "rank": "3", "url": "https://www.cdc.gov/radiation-health/data-research/facts-stats/cell-phones.html"}
{"type": "searchResultGenerated", "timestamp": "2026-02-09T09:41:10.037Z", "sessionID": "83329c9a-e745-4fd6-89d8-80765088edc6", "query": "", "docid": "", "rank": "4", "url": "https://ntp.niehs.nih.gov/research/topics/cellphones"}
{"type": "searchResultGenerated", "timestamp": "2026-02-09T09:41:10.037Z", "sessionID": "83329c9a-e745-4fd6-89d8-80765088edc6", "query": "", "docid": "", "rank": "5", "url": "https://www.cancer.org/cancer/risk-prevention/radiation-exposure/cellular-phones.html"}
{"type": "searchResultGenerated", "timestamp": "2026-02-09T09:41:10.037Z", "sessionID": "83329c9a-e745-4fd6-89d8-80765088edc6", "query": "", "docid": "", "rank": "6", "url": "https://electronics.howstuffworks.com/cell-phone-radiation.htm"}
{"type": "searchResultGenerated", "timestamp": "2026-02-09T09:41:10.037Z", "sessionID": "83329c9a-e745-4fd6-89d8-80765088edc6", "query": "", "docid": "", "rank": "7", "url": "https://bodywell.com/blogs/news/cell-phone-radiation?srsltid=AfmBOop9MgGpve4hUjPXey3STodBXe0L35lfDaJgUOiFA3lOBYOh_qQC"}
{"type": "searchResultGenerated", "timestamp": "2026-02-09T09:41:10.037Z", "sessionID": "83329c9a-e745-4fd6-89d8-80765088edc6", "query": "", "docid": "", "rank": "8", "url": "https://www.foxnews.com/health/cellphone-health-risks-focus-new-government-study-very-concerned"}
{"type": "searchResultGenerated", "timestamp": "2026-02-09T09:41:10.037Z", "sessionID": "83329c9a-e745-4fd6-89d8-80765088edc6", "query": "", "docid": "", "rank": "9", "url": "https://www.cdph.ca.gov/Programs/CCDPHP/DEODC/EHIB/CDPH%20document%20Library/Cell-Phone-Guidance.pdf"}
{"type": "ClickedEndTask", "timestamp": "2026-02-09T09:41:12.603Z", "sessionID": "83329c9a-e745-4fd6-89d8-80765088edc6"}
{"type": "TaskEndConfirmed", "timestamp": "2026-02-09T09:41:13.735Z", "sessionID": "83329c9a-e745-4fd6-89d8-80765088edc6"}
{"type": "TaskEnded", "timestamp": "2026-02-09T09:41:23.041Z", "sessionID": "83329c9a-e745-4fd6-89d8-80765088edc6", "reason": "search complete for task 2"}
