{"type": "idSubmitted", "timestamp": "2026-02-06T10:36:20.569Z", "sessionID": "e790152f-d82e-40a0-93d1-080667f90fcd", "uid": "Participant1"}
{"type": "TaskStarted", "timestamp": "2026-02-06T10:36:22.344Z", "sessionID": "e790152f-d82e-40a0-93d1-080667f90fcd", "task": "1", "uid": "Participant1", "topic": "Is human activity primarily responsible for global climate change?"}
{"type": "queryBoxFocused", "timestamp": "2026-02-06T10:36:24.771Z", "sessionID": "e790152f-d82e-40a0-93d1-080667f90fcd"}
{"type": "querySubmitted", "timestamp": "2026-02-06T10:36:31.911Z", "sessionID": "e790152f-d82e-40a0-93d1-080667f90fcd", "query": "climate change"}
{"type": "queryBoxFocused", "timestamp": "2026-02-06T10:44:01.285Z", "sessionID": "e790152f-d82e-40a0-93d1-080667f90fcd"}
{"type": "querySubmitted", "timestamp": "2026-02-06T10:44:16.149Z", "sessionID": "e790152f-d82e-40a0-93d1-080667f90fcd", "query": "global climate change"}
{"type": "StanceClicked", "timestamp": "2026-02-06T10:49:53.394Z", "sessionID": "e790152f-d82e-40a0-93d1-080667f90fcd", "rank": "1", "stance": "pro", "action": "chooseStance", "doc": "S797b35ea-Ac49f5afe", "doclen": 2282}
{"type": "StanceClicked", "timestamp": "2026-02-06T10:49:54.232Z", "sessionID": "e790152f-d82e-40a0-93d1-080667f90fcd", "rank": "2", "stance": "con", "action": "chooseStance", "doc": "Sa5cb0429-Afd3a1107", "doclen": 1098}
{"type": "StanceClicked", "timestamp": "2026-02-06T10:49:55.235Z", "sessionID": "e790152f-d82e-40a0-93d1-080667f90fcd", "rank": "3", "stance": "pro", "action": "chooseStance", "doc": "Sb567d75f-Aa76a4a58", "doclen": 341}
{"type": "toggleArgument", "timestamp": "2026-02-06T10:50:01.476Z", "sessionID": "e790152f-d82e-40a0-93d1-080667f90fcd", "rank": "2", "doc": "Sa5cb0429-Afd3a1107", "action": "expand", "doclen": 1098}
{"type": "toggleArgument", "timestamp": "2026-02-06T10:50:02.429Z", "sessionID": "e790152f-d82e-40a0-93d1-080667f90fcd", "rank": "2", "doc": "Sa5cb0429-Afd3a1107", "action": "reduce", "doclen": 1098}
{"type": "queryBoxFocused", "timestamp": "2026-02-06T10:59:29.092Z", "sessionID": "e790152f-d82e-40a0-93d1-080667f90fcd"}
{"type": "querySubmitted", "timestamp": "2026-02-06T10:59:36.921Z", "sessionID": "e790152f-d82e-40a0-93d1-080667f90fcd", "query": "global climate change"}
{"type": "queryBoxFocused", "timestamp": "2026-02-06T11:04:34.286Z", "sessionID": "e790152f-d82e-40a0-93d1-080667f90fcd"}
{"type": "querySubmitted", "timestamp": "2026-02-06T11:04:38.796Z", "sessionID": "e790152f-d82e-40a0-93d1-080667f90fcd", "query": "climate change"}
{"type": "SearchResultGenerated", "timestamp": "2026-02-06T11:04:38.796Z", "sessionID": "e790152f-d82e-40a0-93d1-080667f90fcd", "query": "climate change", "docid": "S797b35ea-Ac49f5afe", "rank": "1"}
{"type": "SearchResultGenerated", "timestamp": "2026-02-06T11:04:38.796Z", "sessionID": "e790152f-d82e-40a0-93d1-080667f90fcd", "query": "climate change", "docid": "Sa5cb0429-Afd3a1107", "rank": "2"}
{"type": "SearchResultGenerated", "timestamp": "2026-02-06T11:04:38.796Z", "sessionID": "e790152f-d82e-40a0-93d1-080667f90fcd", "query": "climate change", "docid": "Sb567d75f-Aa76a4a58", "rank": "3"}
{"type": "SearchResultGenerated", "timestamp": "2026-02-06T11:04:38.797Z", "sessionID": "e790152f-d82e-40a0-93d1-080667f90fcd", "query": "climate change", "docid": "S4733bf42-Aa2caea", "rank": "4"}
{"type": "SearchResultGenerated", "timestamp": "2026-02-06T11:04:38.797Z", "sessionID": "e790152f-d82e-40a0-93d1-080667f90fcd", "query": "climate change", "docid": "S9c07825d-A7ebb10f7", "rank": "5"}
{"type": "SearchResultGenerated", "timestamp": "2026-02-06T11:04:38.797Z", "sessionID": "e790152f-d82e-40a0-93d1-080667f90fcd", "query": "climate change", "docid": "S8b9f6fe1-A3b2b123", "rank": "6"}
{"type": "SearchResultGenerated", "timestamp": "2026-02-06T11:04:38.798Z", "sessionID": "e790152f-d82e-40a0-93d1-080667f90fcd", "query": "climate change", "docid": "S62c89a27-A42753987", "rank": "7"}
{"type": "SearchResultGenerated", "timestamp": "2026-02-06T11:04:38.798Z", "sessionID": "e790152f-d82e-40a0-93d1-080667f90fcd", "query": "climate change", "docid": "S2c7e2b00-A457db05", "rank": "8"}
{"type": "SearchResultGenerated", "timestamp": "2026-02-06T11:04:38.798Z", "sessionID": "e790152f-d82e-40a0-93d1-080667f90fcd", "query": "climate change", "docid": "Sb567d819-Aa73fb6e6", "rank": "9"}
{"type": "SearchResultGenerated", "timestamp": "2026-02-06T11:04:38.798Z", "sessionID": "e790152f-d82e-40a0-93d1-080667f90fcd", "query": "climate change", "docid": "S797b35ea-Abaa629f6", "rank": "10"}
{"type": "toggleArgument", "timestamp": "2026-02-06T11:04:43.575Z", "sessionID": "e790152f-d82e-40a0-93d1-080667f90fcd", "rank": "1", "doc": "S83ff45f2-A4287f1f1", "action": "expand", "doclen": 221}
{"type": "toggleArgument", "timestamp": "2026-02-06T11:04:44.931Z", "sessionID": "e790152f-d82e-40a0-93d1-080667f90fcd", "rank": "2", "doc": "Sb3622b08-A51d84a00", "action": "expand", "doclen": 267}
{"type": "toggleArgument", "timestamp": "2026-02-06T11:04:46.510Z", "sessionID": "e790152f-d82e-40a0-93d1-080667f90fcd", "rank": "3", "doc": "S797b35ea-Abaa629f6", "action": "expand", "doclen": 1286}
{"type": "StanceClicked", "timestamp": "2026-02-06T11:04:51.136Z", "sessionID": "e790152f-d82e-40a0-93d1-080667f90fcd", "rank": "4", "stance": "pro", "action": "removeStance", "doc": "S797b35ea-Ac49f5afe", "doclen": 2282}
{"type": "queryBoxFocused", "timestamp": "2026-02-06T13:00:49.913Z", "sessionID": "e790152f-d82e-40a0-93d1-080667f90fcd"}
{"type": "querySubmitted", "timestamp": "2026-02-06T13:00:57.556Z", "sessionID": "e790152f-d82e-40a0-93d1-080667f90fcd", "query": "global climate change"}
{"type": "querySubmitted", "timestamp": "2026-02-06T13:01:44.963Z", "sessionID": "e790152f-d82e-40a0-93d1-080667f90fcd", "query": "global climate change"}
{"type": "queryBoxFocused", "timestamp": "2026-02-06T13:02:25.889Z", "sessionID": "e790152f-d82e-40a0-93d1-080667f90fcd"}
{"type": "querySubmitted", "timestamp": "2026-02-06T13:02:31.542Z", "sessionID": "e790152f-d82e-40a0-93d1-080667f90fcd", "query": "global climate change"}
{"type": "queryBoxFocused", "timestamp": "2026-02-06T14:22:06.286Z", "sessionID": "e790152f-d82e-40a0-93d1-080667f90fcd"}
{"type": "querySubmitted", "timestamp": "2026-02-06T14:22:09.629Z", "sessionID": "e790152f-d82e-40a0-93d1-080667f90fcd", "query": "global climate change"}
{"type": "queryBoxFocused", "timestamp": "2026-02-06T14:27:21.642Z", "sessionID": "e790152f-d82e-40a0-93d1-080667f90fcd"}
{"type": "querySubmitted", "timestamp": "2026-02-06T14:27:24.764Z", "sessionID": "e790152f-d82e-40a0-93d1-080667f90fcd", "query": "climate change"}
{"type": "queryBoxFocused", "timestamp": "2026-02-06T14:30:36.410Z", "sessionID": "e790152f-d82e-40a0-93d1-080667f90fcd"}
{"type": "querySubmitted", "timestamp": "2026-02-06T14:30:40.030Z", "sessionID": "e790152f-d82e-40a0-93d1-080667f90fcd", "query": "climate change"}
{"type": "toggleArgument", "timestamp": "2026-02-06T14:30:43.384Z", "sessionID": "e790152f-d82e-40a0-93d1-080667f90fcd", "rank": "1", "doc": "style=\"cursor:", "action": "expand", "doclen": 109}
{"type": "toggleArgument", "timestamp": "2026-02-06T14:30:45.532Z", "sessionID": "e790152f-d82e-40a0-93d1-080667f90fcd", "rank": "2", "doc": "style=\"cursor:", "action": "expand", "doclen": 157}
{"type": "toggleArgument", "timestamp": "2026-02-06T14:30:51.639Z", "sessionID": "e790152f-d82e-40a0-93d1-080667f90fcd", "rank": "3", "doc": "style=\"cursor:", "action": "expand", "doclen": 165}
{"type": "toggleArgument", "timestamp": "2026-02-06T14:30:54.364Z", "sessionID": "e790152f-d82e-40a0-93d1-080667f90fcd", "rank": "4", "doc": "style=\"cursor:", "action": "expand", "doclen": 159}
{"type": "toggleArgument", "timestamp": "2026-02-06T14:30:56.451Z", "sessionID": "e790152f-d82e-40a0-93d1-080667f90fcd", "rank": "5", "doc": "style=\"cursor:", "action": "expand", "doclen": 155}
{"type": "toggleArgument", "timestamp": "2026-02-06T14:30:58.499Z", "sessionID": "e790152f-d82e-40a0-93d1-080667f90fcd", "rank": "6", "doc": "style=\"cursor:", "action": "expand", "doclen": 158}
{"type": "toggleArgument", "timestamp": "2026-02-06T14:31:00.146Z", "sessionID": "e790152f-d82e-40a0-93d1-080667f90fcd", "rank": "7", "doc": "style=\"cursor:", "action": "expand", "doclen": 126}
{"type": "StanceClicked", "timestamp": "2026-02-06T14:31:10.656Z", "sessionID": "e790152f-d82e-40a0-93d1-080667f90fcd", "rank": "1", "stance": "pro", "action": "removeStance", "doc": "onclick=\"toggleArgument('',", "doclen": 109}
{"type": "StanceClicked", "timestamp": "2026-02-06T14:31:12.783Z", "sessionID": "e790152f-d82e-40a0-93d1-080667f90fcd", "rank": "1", "stance": "con", "action": "removeStance", "doc": "onclick=\"toggleArgument('',", "doclen": 109}
{"type": "StanceClicked", "timestamp": "2026-02-06T14:31:13.985Z", "sessionID": "e790152f-d82e-40a0-93d1-080667f90fcd", "rank": "1", "stance": "pro", "action": "removeStance", "doc": "onclick=\"toggleArgument('',", "doclen": 109}
{"type": "StanceClicked", "timestamp": "2026-02-06T14:31:14.601Z", "sessionID": "e790152f-d82e-40a0-93d1-080667f90fcd", "rank": "1", "stance": "con", "action": "removeStance", "doc": "onclick=\"toggleArgument('',", "doclen": 109}
{"type": "StanceClicked", "timestamp": "2026-02-06T14:31:15.125Z", "sessionID": "e790152f-d82e-40a0-93d1-080667f90fcd", "rank": "1", "stance": "pro", "action": "removeStance", "doc": "onclick=\"toggleArgument('',", "doclen": 109}
{"type": "queryBoxFocused", "timestamp": "2026-02-06T14:37:40.995Z", "sessionID": "e790152f-d82e-40a0-93d1-080667f90fcd"}
{"type": "querySubmitted", "timestamp": "2026-02-06T14:37:45.287Z", "sessionID": "e790152f-d82e-40a0-93d1-080667f90fcd", "query": "climate change"}
{"type": "ClickedEndTask", "timestamp": "2026-02-06T14:38:33.334Z", "sessionID": "e790152f-d82e-40a0-93d1-080667f90fcd"}
{"type": "TaskEndConfirmed", "timestamp": "2026-02-06T14:38:34.355Z", "sessionID": "e790152f-d82e-40a0-93d1-080667f90fcd"}
{"type": "TaskEnded", "timestamp": "2026-02-06T14:38:40.524Z", "sessionID": "e790152f-d82e-40a0-93d1-080667f90fcd", "reason": "done searching"}
