{"type": "TaskStarted", "timestamp": "2026-02-09T09:51:11.153Z", "sessionID": "9c6694c3-6ec6-411a-92b7-1deacac0ed31", "task": "2", "uid": "Participant1", "topic": "Is cell phone radiation safe?"}
{"type": "queryBoxFocused", "timestamp": "2026-02-09T09:51:12.817Z", "sessionID": "9c6694c3-6ec6-411a-92b7-1deacac0ed31"}
{"type": "querySubmitted", "timestamp": "2026-02-09T09:51:25.960Z", "sessionID": "9c6694c3-6ec6-411a-92b7-1deacac0ed31", "query": "impacts of cell phone radiation"}
{"type": "searchResultGenerated", "timestamp": "2026-02-09T09:51:26.292Z", "sessionID": "9c6694c3-6ec6-411a-92b7-1deacac0ed31", "docid": "", "rank": "1", "url": "https://www.cancer.gov/about-cancer/causes-prevention/risk/radiation/cell-phones-fact-sheet"}
{"type": "searchResultGenerated", "timestamp": "2026-02-09T09:51:26.292Z", "sessionID": "9c6694c3-6ec6-411a-92b7-1deacac0ed31", "docid": "", "rank": "2", "url": "https://ntp.niehs.nih.gov/research/topics/cellphones"}
{"type": "searchResultGenerated", "timestamp": "2026-02-09T09:51:26.292Z", "sessionID": "9c6694c3-6ec6-411a-92b7-1deacac0ed31", "docid": "", "rank": "3", "url": "https://www.cancer.org/cancer/risk-prevention/radiation-exposure/cellular-phones.html"}
{"type": "searchResultGenerated", "timestamp": "2026-02-09T09:51:26.293Z", "sessionID": "9c6694c3-6ec6-411a-92b7-1deacac0ed31", "docid": "", "rank": "4", "url": "https://news.berkeley.edu/2021/07/01/health-risks-of-cell-phone-radiation/"}
{"type": "searchResultGenerated", "timestamp": "2026-02-09T09:51:26.293Z", "sessionID": "9c6694c3-6ec6-411a-92b7-1deacac0ed31", "docid": "", "rank": "5", "url": "https://en.wikipedia.org/wiki/Wireless_device_radiation_and_health"}
{"type": "searchResultGenerated", "timestamp": "2026-02-09T09:51:26.293Z", "sessionID": "9c6694c3-6ec6-411a-92b7-1deacac0ed31", "docid": "", "rank": "6", "url": "https://www.cdc.gov/radiation-health/data-research/facts-stats/cell-phones.html"}
{"type": "searchResultGenerated", "timestamp": "2026-02-09T09:51:26.293Z", "sessionID": "9c6694c3-6ec6-411a-92b7-1deacac0ed31", "docid": "", "rank": "7", "url": "https://pmc.ncbi.nlm.nih.gov/articles/PMC11111148/"}
{"type": "searchResultGenerated", "timestamp": "2026-02-09T09:51:26.293Z", "sessionID": "9c6694c3-6ec6-411a-92b7-1deacac0ed31", "docid": "", "rank": "8", "url": "https://www.fda.gov/radiation-emitting-products/home-business-and-entertainment-products/cell-phones"}
{"type": "searchResultGenerated", "timestamp": "2026-02-09T09:51:26.293Z", "sessionID": "9c6694c3-6ec6-411a-92b7-1deacac0ed31", "docid": "", "rank": "9", "url": "https://www.center4research.org/children-cell-phones-phone-radiation-risky-kids/"}
{"type": "clickedResult", "timestamp": "2026-02-09T09:51:28.593Z", "sessionID": "9c6694c3-6ec6-411a-92b7-1deacac0ed31", "url": "https://news.berkeley.edu/2021/07/01/health-risks-of-cell-phone-radiation/", "rank": "4"}
{"type": "searchResultGenerated", "timestamp": "2026-02-09T09:51:30.590Z", "sessionID": "9c6694c3-6ec6-411a-92b7-1deacac0ed31", "docid": "", "rank": "1", "url": "https://www.cancer.gov/about-cancer/causes-prevention/risk/radiation/cell-phones-fact-sheet"}
{"type": "searchResultGenerated", "timestamp": "2026-02-09T09:51:30.590Z", "sessionID": "9c6694c3-6ec6-411a-92b7-1deacac0ed31", "docid": "", "rank": "2", "url": "https://ntp.niehs.nih.gov/research/topics/cellphones"}
{"type": "searchResultGenerated", "timestamp": "2026-02-09T09:51:30.590Z", "sessionID": "9c6694c3-6ec6-411a-92b7-1deacac0ed31", "docid": "", "rank": "3", "url": "https://www.cancer.org/cancer/risk-prevention/radiation-exposure/cellular-phones.html"}
{"type": "searchResultGenerated", "timestamp": "2026-02-09T09:51:30.591Z", "sessionID": "9c6694c3-6ec6-411a-92b7-1deacac0ed31", "docid": "", "rank": "4", "url": "https://news.berkeley.edu/2021/07/01/health-risks-of-cell-phone-radiation/"}
{"type": "searchResultGenerated", "timestamp": "2026-02-09T09:51:30.591Z", "sessionID": "9c6694c3-6ec6-411a-92b7-1deacac0ed31", "docid": "", "rank": "5", "url": "https://en.wikipedia.org/wiki/Wireless_device_radiation_and_health"}
{"type": "searchResultGenerated", "timestamp": "2026-02-09T09:51:30.591Z", "sessionID": "9c6694c3-6ec6-411a-92b7-1deacac0ed31", "docid": "", "rank": "6", "url": "https://www.cdc.gov/radiation-health/data-research/facts-stats/cell-phones.html"}
{"type": "searchResultGenerated", "timestamp": "2026-02-09T09:51:30.591Z", "sessionID": "9c6694c3-6ec6-411a-92b7-1deacac0ed31", "docid": "", "rank": "7", "url": "https://pmc.ncbi.nlm.nih.gov/articles/PMC11111148/"}
{"type": "searchResultGenerated", "timestamp": "2026-02-09T09:51:30.591Z", "sessionID": "9c6694c3-6ec6-411a-92b7-1deacac0ed31", "docid": "", "rank": "8", "url": "https://www.fda.gov/radiation-emitting-products/home-business-and-entertainment-products/cell-phones"}
{"type": "searchResultGenerated", "timestamp": "2026-02-09T09:51:30.591Z", "sessionID": "9c6694c3-6ec6-411a-92b7-1deacac0ed31", "docid": "", "rank": "9", "url": "https://www.center4research.org/children-cell-phones-phone-radiation-risky-kids/"}
{"type": "clickedResult", "timestamp": "2026-02-09T09:51:32.065Z", "sessionID": "9c6694c3-6ec6-411a-92b7-1deacac0ed31", "url": "https://www.cdc.gov/radiation-health/data-research/facts-stats/cell-phones.html", "rank": "6"}
{"type": "searchResultGenerated", "timestamp": "2026-02-09T09:51:34.102Z", "sessionID": "9c6694c3-6ec6-411a-92b7-1deacac0ed31", "docid": "", "rank": "1", "url": "https://www.cancer.gov/about-cancer/causes-prevention/risk/radiation/cell-phones-fact-sheet"}
{"type": "searchResultGenerated", "timestamp": "2026-02-09T09:51:34.102Z", "sessionID": "9c6694c3-6ec6-411a-92b7-1deacac0ed31", "docid": "", "rank": "2", "url": "https://ntp.niehs.nih.gov/research/topics/cellphones"}
{"type": "searchResultGenerated", "timestamp": "2026-02-09T09:51:34.102Z", "sessionID": "9c6694c3-6ec6-411a-92b7-1deacac0ed31", "docid": "", "rank": "3", "url": "https://www.cancer.org/cancer/risk-prevention/radiation-exposure/cellular-phones.html"}
{"type": "searchResultGenerated", "timestamp": "2026-02-09T09:51:34.102Z", "sessionID": "9c6694c3-6ec6-411a-92b7-1deacac0ed31", "docid": "", "rank": "4", "url": "https://news.berkeley.edu/2021/07/01/health-risks-of-cell-phone-radiation/"}
{"type": "searchResultGenerated", "timestamp": "2026-02-09T09:51:34.103Z", "sessionID": "9c6694c3-6ec6-411a-92b7-1deacac0ed31", "docid": "", "rank": "5", "url": "https://en.wikipedia.org/wiki/Wireless_device_radiation_and_health"}
{"type": "searchResultGenerated", "timestamp": "2026-02-09T09:51:34.103Z", "sessionID": "9c6694c3-6ec6-411a-92b7-1deacac0ed31", "docid": "", "rank": "6", "url": "https://www.cdc.gov/radiation-health/data-research/facts-stats/cell-phones.html"}
{"type": "searchResultGenerated", "timestamp": "2026-02-09T09:51:34.103Z", "sessionID": "9c6694c3-6ec6-411a-92b7-1deacac0ed31", "docid": "", "rank": "7", "url": "https://pmc.ncbi.nlm.nih.gov/articles/PMC11111148/"}
{"type": "searchResultGenerated", "timestamp": "2026-02-09T09:51:34.103Z", "sessionID": "9c6694c3-6ec6-411a-92b7-1deacac0ed31", "docid": "", "rank": "8", "url": "https://www.fda.gov/radiation-emitting-products/home-business-and-entertainment-products/cell-phones"}
{"type": "searchResultGenerated", "timestamp": "2026-02-09T09:51:34.103Z", "sessionID": "9c6694c3-6ec6-411a-92b7-1deacac0ed31", "docid": "", "rank": "9", "url": "https://www.center4research.org/children-cell-phones-phone-radiation-risky-kids/"}
{"type": "ClickedEndTask", "timestamp": "2026-02-09T09:51:35.647Z", "sessionID": "9c6694c3-6ec6-411a-92b7-1deacac0ed31"}
{"type": "TaskEndConfirmed", "timestamp": "2026-02-09T09:51:36.409Z", "sessionID": "9c6694c3-6ec6-411a-92b7-1deacac0ed31"}
{"type": "TaskEnded", "timestamp": "2026-02-09T09:51:41.741Z", "sessionID": "9c6694c3-6ec6-411a-92b7-1deacac0ed31", "reason": "done searching"}
