{"type": "idSubmitted", "timestamp": "2026-02-09T09:39:36.375Z", "sessionID": "8e92d9af-9264-49ba-a63e-ed527a2c9ae9", "uid": "Participant1"}
{"type": "TaskStarted", "timestamp": "2026-02-09T09:39:37.612Z", "sessionID": "8e92d9af-9264-49ba-a63e-ed527a2c9ae9", "task": "1", "uid": "Participant1", "topic": "Is human activity primarily responsible for global climate change?"}
{"type": "queryBoxFocused", "timestamp": "2026-02-09T09:39:38.984Z", "sessionID": "8e92d9af-9264-49ba-a63e-ed527a2c9ae9"}
{"type": "querySubmitted", "timestamp": "2026-02-09T09:39:42.028Z", "sessionID": "8e92d9af-9264-49ba-a63e-ed527a2c9ae9", "query": "climate change"}
{"type": "searchResultGenerated", "timestamp": "2026-02-09T09:39:44.304Z", "sessionID": "8e92d9af-9264-49ba-a63e-ed527a2c9ae9", "query": "", "docid": "", "rank": "1", "url": "https://www.un.org/en/climatechange/what-is-climate-change"}
{"type": "searchResultGenerated", "timestamp": "2026-02-09T09:39:44.304Z", "sessionID": "8e92d9af-9264-49ba-a63e-ed527a2c9ae9", "query": "", "docid": "", "rank": "2", "url": "https://science.nasa.gov/climate-change/"}
{"type": "searchResultGenerated", "timestamp": "2026-02-09T09:39:44.304Z", "sessionID": "8e92d9af-9264-49ba-a63e-ed527a2c9ae9", "query": "", "docid": "", "rank": "3", "url": "https://en.wikipedia.org/wiki/Climate_change"}
{"type": "searchResultGenerated", "timestamp": "2026-02-09T09:39:44.304Z", "sessionID": "8e92d9af-9264-49ba-a63e-ed527a2c9ae9", "query": "", "docid": "", "rank": "4", "url": "https://www.noaa.gov/education/resource-collections/climate/climate-change-impacts"}
{"type": "searchResultGenerated", "timestamp": "2026-02-09T09:39:44.304Z", "sessionID": "8e92d9af-9264-49ba-a63e-ed527a2c9ae9", "query": "", "docid": "", "rank": "5", "url": "https://www.epa.gov/climate-change"}
{"type": "searchResultGenerated", "timestamp": "2026-02-09T09:39:44.304Z", "sessionID": "8e92d9af-9264-49ba-a63e-ed527a2c9ae9", "query": "", "docid": "", "rank": "6", "url": "https://royalsociety.org/news-resources/projects/climate-change-evidence-causes/basics-of-climate-change/"}
{"type": "searchResultGenerated", "timestamp": "2026-02-09T09:39:44.304Z", "sessionID": "8e92d9af-9264-49ba-a63e-ed527a2c9ae9", "query": "", "docid": "", "rank": "7", "url": "https://www.who.int/health-topics/climate-change"}
{"type": "searchResultGenerated", "timestamp": "2026-02-09T09:39:44.304Z", "sessionID": "8e92d9af-9264-49ba-a63e-ed527a2c9ae9", "query": "", "docid": "", "rank": "8", "url": "https://www.ipcc.ch/"}
{"type": "clickedResult", "timestamp": "2026-02-09T09:39:46.515Z", "sessionID": "8e92d9af-9264-49ba-a63e-ed527a2c9ae9", "query": "", "url": "https://science.nasa.gov/climate-change/", "rank": "2"}
{"type": "searchResultGenerated", "timestamp": "2026-02-09T09:39:48.905Z", "sessionID": "8e92d9af-9264-49ba-a63e-ed527a2c9ae9", "query": "", "docid": "", "rank": "1", "url": "https://www.un.org/en/climatechange/what-is-climate-change"}
{"type": "searchResultGenerated", "timestamp": "2026-02-09T09:39:48.905Z", "sessionID": "8e92d9af-9264-49ba-a63e-ed527a2c9ae9", "query": "", "docid": "", "rank": "2", "url": "https://science.nasa.gov/climate-change/"}
{"type": "searchResultGenerated", "timestamp": "2026-02-09T09:39:48.905Z", "sessionID": "8e92d9af-9264-49ba-a63e-ed527a2c9ae9", "query": "", "docid": "", "rank": "3", "url": "https://en.wikipedia.org/wiki/Climate_change"}
{"type": "searchResultGenerated", "timestamp": "2026-02-09T09:39:48.905Z", "sessionID": "8e92d9af-9264-49ba-a63e-ed527a2c9ae9", "query": "", "docid": "", "rank": "4", "url": "https://www.noaa.gov/education/resource-collections/climate/climate-change-impacts"}
{"type": "searchResultGenerated", "timestamp": "2026-02-09T09:39:48.905Z", "sessionID": "8e92d9af-9264-49ba-a63e-ed527a2c9ae9", "query": "", "docid": "", "rank": "5", "url": "https://www.epa.gov/climate-change"}
{"type": "searchResultGenerated", "timestamp": "2026-02-09T09:39:48.905Z", "sessionID": "8e92d9af-9264-49ba-a63e-ed527a2c9ae9", "query": "", "docid": "", "rank": "6", "url": "https://royalsociety.org/news-resources/projects/climate-change-evidence-causes/basics-of-climate-change/"}
{"type": "searchResultGenerated", "timestamp": "2026-02-09T09:39:48.905Z", "sessionID": "8e92d9af-9264-49ba-a63e-ed527a2c9ae9", "query": "", "docid": "", "rank": "7", "url": "https://www.who.int/health-topics/climate-change"}
{"type": "searchResultGenerated", "timestamp": "2026-02-09T09:39:48.905Z", "sessionID": "8e92d9af-9264-49ba-a63e-ed527a2c9ae9", "query": "", "docid": "", "rank": "8", "url": "https://www.ipcc.ch/"}
{"type": "clickedResult", "timestamp": "2026-02-09T09:39:50.235Z", "sessionID": "8e92d9af-9264-49ba-a63e-ed527a2c9ae9", "query": "", "url": "https://en.wikipedia.org/wiki/Climate_change", "rank": "3"}
{"type": "searchResultGenerated", "timestamp": "2026-02-09T09:39:52.291Z", "sessionID": "8e92d9af-9264-49ba-a63e-ed527a2c9ae9", "query": "", "docid": "", "rank": "1", "url": "https://www.un.org/en/climatechange/what-is-climate-change"}
{"type": "searchResultGenerated", "timestamp": "2026-02-09T09:39:52.291Z", "sessionID": "8e92d9af-9264-49ba-a63e-ed527a2c9ae9", "query": "", "docid": "", "rank": "2", "url": "https://science.nasa.gov/climate-change/"}
{"type": "searchResultGenerated", "timestamp": "2026-02-09T09:39:52.291Z", "sessionID": "8e92d9af-9264-49ba-a63e-ed527a2c9ae9", "query": "", "docid": "", "rank": "3", "url": "https://en.wikipedia.org/wiki/Climate_change"}
{"type": "searchResultGenerated", "timestamp": "2026-02-09T09:39:52.291Z", "sessionID": "8e92d9af-9264-49ba-a63e-ed527a2c9ae9", "query": "", "docid": "", "rank": "4", "url": "https://www.noaa.gov/education/resource-collections/climate/climate-change-impacts"}
{"type": "searchResultGenerated", "timestamp": "2026-02-09T09:39:52.291Z", "sessionID": "8e92d9af-9264-49ba-a63e-ed527a2c9ae9", "query": "", "docid": "", "rank": "5", "url": "https://www.epa.gov/climate-change"}
{"type": "searchResultGenerated", "timestamp": "2026-02-09T09:39:52.291Z", "sessionID": "8e92d9af-9264-49ba-a63e-ed527a2c9ae9", "query": "", "docid": "", "rank": "6", "url": "https://royalsociety.org/news-resources/projects/climate-change-evidence-causes/basics-of-climate-change/"}
{"type": "searchResultGenerated", "timestamp": "2026-02-09T09:39:52.292Z", "sessionID": "8e92d9af-9264-49ba-a63e-ed527a2c9ae9", "query": "", "docid": "", "rank": "7", "url": "https://www.who.int/health-topics/climate-change"}
{"type": "searchResultGenerated", "timestamp": "2026-02-09T09:39:52.292Z", "sessionID": "8e92d9af-9264-49ba-a63e-ed527a2c9ae9", "query": "", "docid": "", "rank": "8", "url": "https://www.ipcc.ch/"}
{"type": "clickedResult", "timestamp": "2026-02-09T09:39:55.274Z", "sessionID": "8e92d9af-9264-49ba-a63e-ed527a2c9ae9", "query": "", "url": "https://www.epa.gov/climate-change", "rank": "5"}
{"type": "searchResultGenerated", "timestamp": "2026-02-09T09:39:57.416Z", "sessionID": "8e92d9af-9264-49ba-a63e-ed527a2c9ae9", "query": "", "docid": "", "rank": "1", "url": "https://www.un.org/en/climatechange/what-is-climate-change"}
{"type": "searchResultGenerated", "timestamp": "2026-02-09T09:39:57.416Z", "sessionID": "8e92d9af-9264-49ba-a63e-ed527a2c9ae9", "query": "", "docid": "", "rank": "2", "url": "https://science.nasa.gov/climate-change/"}
{"type": "searchResultGenerated", "timestamp": "2026-02-09T09:39:57.416Z", "sessionID": "8e92d9af-9264-49ba-a63e-ed527a2c9ae9", "query": "", "docid": "", "rank": "3", "url": "https://en.wikipedia.org/wiki/Climate_change"}
{"type": "searchResultGenerated", "timestamp": "2026-02-09T09:39:57.416Z", "sessionID": "8e92d9af-9264-49ba-a63e-ed527a2c9ae9", "query": "", "docid": "", "rank": "4", "url": "https://www.noaa.gov/education/resource-collections/climate/climate-change-impacts"}
{"type": "searchResultGenerated", "timestamp": "2026-02-09T09:39:57.416Z", "sessionID": "8e92d9af-9264-49ba-a63e-ed527a2c9ae9", "query": "", "docid": "", "rank": "5", "url": "https://www.epa.gov/climate-change"}
{"type": "searchResultGenerated", "timestamp": "2026-02-09T09:39:57.416Z", "sessionID": "8e92d9af-9264-49ba-a63e-ed527a2c9ae9", "query": "", "docid": "", "rank": "6", "url": "https://royalsociety.org/news-resources/projects/climate-change-evidence-causes/basics-of-climate-change/"}
{"type": "searchResultGenerated", "timestamp": "2026-02-09T09:39:57.416Z", "sessionID": "8e92d9af-9264-49ba-a63e-ed527a2c9ae9", "query": "", "docid": "", "rank": "7", "url": "https://www.who.int/health-topics/climate-change"}
{"type": "searchResultGenerated", "timestamp": "2026-02-09T09:39:57.416Z", "sessionID": "8e92d9af-9264-49ba-a63e-ed527a2c9ae9", "query": "", "docid": "", "rank": "8", "url": "https://www.ipcc.ch/"}
{"type": "queryBoxFocused", "timestamp": "2026-02-09T09:39:59.003Z", "sessionID": "8e92d9af-9264-49ba-a63e-ed527a2c9ae9"}
{"type": "querySubmitted", "timestamp": "2026-02-09T09:40:07.226Z", "sessionID": "8e92d9af-9264-49ba-a63e-ed527a2c9ae9", "query": "reasons for climate change"}
{"type": "searchResultGenerated", "timestamp": "2026-02-09T09:40:11.148Z", "sessionID": "8e92d9af-9264-49ba-a63e-ed527a2c9ae9", "query": "", "docid": "", "rank": "1", "url": "https://www.un.org/en/climatechange/science/causes-effects-climate-change"}
{"type": "searchResultGenerated", "timestamp": "2026-02-09T09:40:11.149Z", "sessionID": "8e92d9af-9264-49ba-a63e-ed527a2c9ae9", "query": "", "docid": "", "rank": "2", "url": "https://www.epa.gov/climatechange-science/causes-climate-change"}
{"type": "searchResultGenerated", "timestamp": "2026-02-09T09:40:11.149Z", "sessionID": "8e92d9af-9264-49ba-a63e-ed527a2c9ae9", "query": "", "docid": "", "rank": "3", "url": "https://science.nasa.gov/climate-change/causes/"}
{"type": "searchResultGenerated", "timestamp": "2026-02-09T09:40:11.149Z", "sessionID": "8e92d9af-9264-49ba-a63e-ed527a2c9ae9", "query": "", "docid": "", "rank": "4", "url": "https://www.nrdc.org/stories/what-are-causes-climate-change"}
{"type": "searchResultGenerated", "timestamp": "2026-02-09T09:40:11.149Z", "sessionID": "8e92d9af-9264-49ba-a63e-ed527a2c9ae9", "query": "", "docid": "", "rank": "5", "url": "https://climate.ec.europa.eu/climate-change/causes-climate-change_en"}
{"type": "searchResultGenerated", "timestamp": "2026-02-09T09:40:11.149Z", "sessionID": "8e92d9af-9264-49ba-a63e-ed527a2c9ae9", "query": "", "docid": "", "rank": "6", "url": "https://www.fairplanet.org/story/what-are-human-causes-of-climate-change/"}
{"type": "searchResultGenerated", "timestamp": "2026-02-09T09:40:11.149Z", "sessionID": "8e92d9af-9264-49ba-a63e-ed527a2c9ae9", "query": "", "docid": "", "rank": "7", "url": "https://www.greenpeace.org.uk/challenges/climate-change/what-causes-climate-change/"}
{"type": "searchResultGenerated", "timestamp": "2026-02-09T09:40:11.149Z", "sessionID": "8e92d9af-9264-49ba-a63e-ed527a2c9ae9", "query": "", "docid": "", "rank": "8", "url": "https://www.bgs.ac.uk/discovering-geology/climate-change/what-causes-the-earths-climate-to-change/"}
{"type": "searchResultGenerated", "timestamp": "2026-02-09T09:40:11.149Z", "sessionID": "8e92d9af-9264-49ba-a63e-ed527a2c9ae9", "query": "", "docid": "", "rank": "9", "url": "https://www.noaa.gov/education/resource-collections/climate/climate-change-impacts"}
{"type": "searchResultGenerated", "timestamp": "2026-02-09T09:40:11.149Z", "sessionID": "8e92d9af-9264-49ba-a63e-ed527a2c9ae9", "query": "", "docid": "", "rank": "10", "url": "https://www.youtube.com/watch?v=hjLx4P0dkCY"}
{"type": "clickedResult", "timestamp": "2026-02-09T09:40:12.348Z", "sessionID": "8e92d9af-9264-49ba-a63e-ed527a2c9ae9", "query": "", "url": "https://www.nrdc.org/stories/what-are-causes-climate-change", "rank": "4"}
{"type": "searchResultGenerated", "timestamp": "2026-02-09T09:40:15.185Z", "sessionID": "8e92d9af-9264-49ba-a63e-ed527a2c9ae9", "query": "", "docid": "", "rank": "1", "url": "https://www.un.org/en/climatechange/science/causes-effects-climate-change"}
{"type": "searchResultGenerated", "timestamp": "2026-02-09T09:40:15.185Z", "sessionID": "8e92d9af-9264-49ba-a63e-ed527a2c9ae9", "query": "", "docid": "", "rank": "2", "url": "https://www.epa.gov/climatechange-science/causes-climate-change"}
{"type": "searchResultGenerated", "timestamp": "2026-02-09T09:40:15.185Z", "sessionID": "8e92d9af-9264-49ba-a63e-ed527a2c9ae9", "query": "", "docid": "", "rank": "3", "url": "https://science.nasa.gov/climate-change/causes/"}
{"type": "searchResultGenerated", "timestamp": "2026-02-09T09:40:15.185Z", "sessionID": "8e92d9af-9264-49ba-a63e-ed527a2c9ae9", "query": "", "docid": "", "rank": "4", "url": "https://www.nrdc.org/stories/what-are-causes-climate-change"}
{"type": "searchResultGenerated", "timestamp": "2026-02-09T09:40:15.185Z", "sessionID": "8e92d9af-9264-49ba-a63e-ed527a2c9ae9", "query": "", "docid": "", "rank": "5", "url": "https://climate.ec.europa.eu/climate-change/causes-climate-change_en"}
{"type": "searchResultGenerated", "timestamp": "2026-02-09T09:40:15.185Z", "sessionID": "8e92d9af-9264-49ba-a63e-ed527a2c9ae9", "query": "", "docid": "", "rank": "6", "url": "https://www.fairplanet.org/story/what-are-human-causes-of-climate-change/"}
{"type": "searchResultGenerated", "timestamp": "2026-02-09T09:40:15.185Z", "sessionID": "8e92d9af-9264-49ba-a63e-ed527a2c9ae9", "query": "", "docid": "", "rank": "7", "url": "https://www.greenpeace.org.uk/challenges/climate-change/what-causes-climate-change/"}
{"type": "searchResultGenerated", "timestamp": "2026-02-09T09:40:15.185Z", "sessionID": "8e92d9af-9264-49ba-a63e-ed527a2c9ae9", "query": "", "docid": "", "rank": "8", "url": "https://www.bgs.ac.uk/discovering-geology/climate-change/what-causes-the-earths-climate-to-change/"}
{"type": "searchResultGenerated", "timestamp": "2026-02-09T09:40:15.185Z", "sessionID": "8e92d9af-9264-49ba-a63e-ed527a2c9ae9", "query": "", "docid": "", "rank": "9", "url": "https://www.noaa.gov/education/resource-collections/climate/climate-change-impacts"}
{"type": "searchResultGenerated", "timestamp": "2026-02-09T09:40:15.185Z", "sessionID": "8e92d9af-9264-49ba-a63e-ed527a2c9ae9", "query": "", "docid": "", "rank": "10", "url": "https://www.youtube.com/watch?v=hjLx4P0dkCY"}
{"type": "clickedResult", "timestamp": "2026-02-09T09:40:16.585Z", "sessionID": "8e92d9af-9264-49ba-a63e-ed527a2c9ae9", "query": "", "url": "https://www.fairplanet.org/story/what-are-human-causes-of-climate-change/", "rank": "6"}
{"type": "searchResultGenerated", "timestamp": "2026-02-09T09:40:18.512Z", "sessionID": "8e92d9af-9264-49ba-a63e-ed527a2c9ae9", "query": "", "docid": "", "rank": "1", "url": "https://www.un.org/en/climatechange/science/causes-effects-climate-change"}
{"type": "searchResultGenerated", "timestamp": "2026-02-09T09:40:18.513Z", "sessionID": "8e92d9af-9264-49ba-a63e-ed527a2c9ae9", "query": "", "docid": "", "rank": "2", "url": "https://www.epa.gov/climatechange-science/causes-climate-change"}
{"type": "searchResultGenerated", "timestamp": "2026-02-09T09:40:18.513Z", "sessionID": "8e92d9af-9264-49ba-a63e-ed527a2c9ae9", "query": "", "docid": "", "rank": "3", "url": "https://science.nasa.gov/climate-change/causes/"}
{"type": "searchResultGenerated", "timestamp": "2026-02-09T09:40:18.514Z", "sessionID": "8e92d9af-9264-49ba-a63e-ed527a2c9ae9", "query": "", "docid": "", "rank": "4", "url": "https://www.nrdc.org/stories/what-are-causes-climate-change"}
{"type": "searchResultGenerated", "timestamp": "2026-02-09T09:40:18.514Z", "sessionID": "8e92d9af-9264-49ba-a63e-ed527a2c9ae9", "query": "", "docid": "", "rank": "5", "url": "https://climate.ec.europa.eu/climate-change/causes-climate-change_en"}
{"type": "searchResultGenerated", "timestamp": "2026-02-09T09:40:18.514Z", "sessionID": "8e92d9af-9264-49ba-a63e-ed527a2c9ae9", "query": "", "docid": "", "rank": "6", "url": "https://www.fairplanet.org/story/what-are-human-causes-of-climate-change/"}
{"type": "searchResultGenerated", "timestamp": "2026-02-09T09:40:18.515Z", "sessionID": "8e92d9af-9264-49ba-a63e-ed527a2c9ae9", "query": "", "docid": "", "rank": "7", "url": "https://www.greenpeace.org.uk/challenges/climate-change/what-causes-climate-change/"}
{"type": "searchResultGenerated", "timestamp": "2026-02-09T09:40:18.515Z", "sessionID": "8e92d9af-9264-49ba-a63e-ed527a2c9ae9", "query": "", "docid": "", "rank": "8", "url": "https://www.bgs.ac.uk/discovering-geology/climate-change/what-causes-the-earths-climate-to-change/"}
{"type": "searchResultGenerated", "timestamp": "2026-02-09T09:40:18.515Z", "sessionID": "8e92d9af-9264-49ba-a63e-ed527a2c9ae9", "query": "", "docid": "", "rank": "9", "url": "https://www.noaa.gov/education/resource-collections/climate/climate-change-impacts"}
{"type": "searchResultGenerated", "timestamp": "2026-02-09T09:40:18.515Z", "sessionID": "8e92d9af-9264-49ba-a63e-ed527a2c9ae9", "query": "", "docid": "", "rank": "10", "url": "https://www.youtube.com/watch?v=hjLx4P0dkCY"}
{"type": "ClickedEndTask", "timestamp": "2026-02-09T09:40:20.683Z", "sessionID": "8e92d9af-9264-49ba-a63e-ed527a2c9ae9"}
{"type": "TaskEndConfirmed", "timestamp": "2026-02-09T09:40:21.569Z", "sessionID": "8e92d9af-9264-49ba-a63e-ed527a2c9ae9"}
{"type": "TaskEnded", "timestamp": "2026-02-09T09:40:25.329Z", "sessionID": "8e92d9af-9264-49ba-a63e-ed527a2c9ae9", "reason": "search complete"}
