{"type": "idSubmitted", "timestamp": "2026-02-10T08:39:04.127Z", "sessionID": "631e056c-7c2e-4e0b-a803-99f36e8b4f0b", "uid": "Participant15"}
{"type": "queryBoxFocused", "timestamp": "2026-02-10T08:39:05.672Z", "sessionID": "631e056c-7c2e-4e0b-a803-99f36e8b4f0b"}
{"type": "querySubmitted", "timestamp": "2026-02-10T08:39:08.484Z", "sessionID": "631e056c-7c2e-4e0b-a803-99f36e8b4f0b", "query": "ancient rome"}
{"type": "searchResultGenerated", "timestamp": "2026-02-10T08:39:08.863Z", "sessionID": "631e056c-7c2e-4e0b-a803-99f36e8b4f0b", "query": "ancient rome", "docid": "", "rank": "1", "url": "https://en.wikipedia.org/wiki/Ancient_Rome"}
{"type": "searchResultGenerated", "timestamp": "2026-02-10T08:39:08.863Z", "sessionID": "631e056c-7c2e-4e0b-a803-99f36e8b4f0b", "query": "ancient rome", "docid": "", "rank": "2", "url": "https://www.britannica.com/place/ancient-Rome"}
{"type": "searchResultGenerated", "timestamp": "2026-02-10T08:39:08.863Z", "sessionID": "631e056c-7c2e-4e0b-a803-99f36e8b4f0b", "query": "ancient rome", "docid": "", "rank": "3", "url": "https://www.history.com/articles/ancient-rome"}
{"type": "searchResultGenerated", "timestamp": "2026-02-10T08:39:08.864Z", "sessionID": "631e056c-7c2e-4e0b-a803-99f36e8b4f0b", "query": "ancient rome", "docid": "", "rank": "4", "url": "https://www.mpm.edu/research-collections/anthropology/anthropology-collections-research/mediterranean-oil-lamps/roman-empire-brief-history"}
{"type": "searchResultGenerated", "timestamp": "2026-02-10T08:39:08.864Z", "sessionID": "631e056c-7c2e-4e0b-a803-99f36e8b4f0b", "query": "ancient rome", "docid": "", "rank": "5", "url": "https://kids.nationalgeographic.com/history/article/ancient-rome"}
{"type": "searchResultGenerated", "timestamp": "2026-02-10T08:39:08.864Z", "sessionID": "631e056c-7c2e-4e0b-a803-99f36e8b4f0b", "query": "ancient rome", "docid": "", "rank": "6", "url": "https://www.reddit.com/r/ancientrome/"}
{"type": "searchResultGenerated", "timestamp": "2026-02-10T08:39:08.864Z", "sessionID": "631e056c-7c2e-4e0b-a803-99f36e8b4f0b", "query": "ancient rome", "docid": "", "rank": "7", "url": "https://ancientromelive.org/"}
{"type": "clickedResult", "timestamp": "2026-02-10T08:39:10.306Z", "sessionID": "631e056c-7c2e-4e0b-a803-99f36e8b4f0b", "query": "ancient rome", "url": "https://www.mpm.edu/research-collections/anthropology/anthropology-collections-research/mediterranean-oil-lamps/roman-empire-brief-history", "rank": "4"}
{"type": "searchResultGenerated", "timestamp": "2026-02-10T08:39:13.757Z", "sessionID": "631e056c-7c2e-4e0b-a803-99f36e8b4f0b", "query": "ancient rome", "docid": "", "rank": "1", "url": "https://en.wikipedia.org/wiki/Ancient_Rome"}
{"type": "searchResultGenerated", "timestamp": "2026-02-10T08:39:13.757Z", "sessionID": "631e056c-7c2e-4e0b-a803-99f36e8b4f0b", "query": "ancient rome", "docid": "", "rank": "2", "url": "https://www.britannica.com/place/ancient-Rome"}
{"type": "searchResultGenerated", "timestamp": "2026-02-10T08:39:13.757Z", "sessionID": "631e056c-7c2e-4e0b-a803-99f36e8b4f0b", "query": "ancient rome", "docid": "", "rank": "3", "url": "https://www.history.com/articles/ancient-rome"}
{"type": "searchResultGenerated", "timestamp": "2026-02-10T08:39:13.757Z", "sessionID": "631e056c-7c2e-4e0b-a803-99f36e8b4f0b", "query": "ancient rome", "docid": "", "rank": "4", "url": "https://www.mpm.edu/research-collections/anthropology/anthropology-collections-research/mediterranean-oil-lamps/roman-empire-brief-history"}
{"type": "searchResultGenerated", "timestamp": "2026-02-10T08:39:13.757Z", "sessionID": "631e056c-7c2e-4e0b-a803-99f36e8b4f0b", "query": "ancient rome", "docid": "", "rank": "5", "url": "https://kids.nationalgeographic.com/history/article/ancient-rome"}
{"type": "searchResultGenerated", "timestamp": "2026-02-10T08:39:13.757Z", "sessionID": "631e056c-7c2e-4e0b-a803-99f36e8b4f0b", "query": "ancient rome", "docid": "", "rank": "6", "url": "https://www.reddit.com/r/ancientrome/"}
{"type": "searchResultGenerated", "timestamp": "2026-02-10T08:39:13.758Z", "sessionID": "631e056c-7c2e-4e0b-a803-99f36e8b4f0b", "query": "ancient rome", "docid": "", "rank": "7", "url": "https://ancientromelive.org/"}
{"type": "clickedResult", "timestamp": "2026-02-10T08:39:15.737Z", "sessionID": "631e056c-7c2e-4e0b-a803-99f36e8b4f0b", "query": "ancient rome", "url": "https://www.reddit.com/r/ancientrome/", "rank": "6"}
{"type": "searchResultGenerated", "timestamp": "2026-02-10T08:39:26.232Z", "sessionID": "631e056c-7c2e-4e0b-a803-99f36e8b4f0b", "query": "ancient rome", "docid": "", "rank": "1", "url": "https://en.wikipedia.org/wiki/Ancient_Rome"}
{"type": "searchResultGenerated", "timestamp": "2026-02-10T08:39:26.232Z", "sessionID": "631e056c-7c2e-4e0b-a803-99f36e8b4f0b", "query": "ancient rome", "docid": "", "rank": "2", "url": "https://www.britannica.com/place/ancient-Rome"}
{"type": "searchResultGenerated", "timestamp": "2026-02-10T08:39:26.233Z", "sessionID": "631e056c-7c2e-4e0b-a803-99f36e8b4f0b", "query": "ancient rome", "docid": "", "rank": "3", "url": "https://www.history.com/articles/ancient-rome"}
{"type": "searchResultGenerated", "timestamp": "2026-02-10T08:39:26.233Z", "sessionID": "631e056c-7c2e-4e0b-a803-99f36e8b4f0b", "query": "ancient rome", "docid": "", "rank": "4", "url": "https://www.mpm.edu/research-collections/anthropology/anthropology-collections-research/mediterranean-oil-lamps/roman-empire-brief-history"}
{"type": "searchResultGenerated", "timestamp": "2026-02-10T08:39:26.233Z", "sessionID": "631e056c-7c2e-4e0b-a803-99f36e8b4f0b", "query": "ancient rome", "docid": "", "rank": "5", "url": "https://kids.nationalgeographic.com/history/article/ancient-rome"}
{"type": "searchResultGenerated", "timestamp": "2026-02-10T08:39:26.233Z", "sessionID": "631e056c-7c2e-4e0b-a803-99f36e8b4f0b", "query": "ancient rome", "docid": "", "rank": "6", "url": "https://www.reddit.com/r/ancientrome/"}
{"type": "searchResultGenerated", "timestamp": "2026-02-10T08:39:26.234Z", "sessionID": "631e056c-7c2e-4e0b-a803-99f36e8b4f0b", "query": "ancient rome", "docid": "", "rank": "7", "url": "https://ancientromelive.org/"}
{"type": "queryBoxFocused", "timestamp": "2026-02-10T08:39:31.420Z", "sessionID": "631e056c-7c2e-4e0b-a803-99f36e8b4f0b"}
{"type": "querySubmitted", "timestamp": "2026-02-10T08:39:33.508Z", "sessionID": "631e056c-7c2e-4e0b-a803-99f36e8b4f0b", "query": "rome facts"}
{"type": "searchResultGenerated", "timestamp": "2026-02-10T08:39:37.975Z", "sessionID": "631e056c-7c2e-4e0b-a803-99f36e8b4f0b", "query": "rome facts", "docid": "", "rank": "1", "url": "https://worldstrides.com/en-us/teachers/how-it-works/blog/12-interesting-facts-about-rome"}
{"type": "searchResultGenerated", "timestamp": "2026-02-10T08:39:37.975Z", "sessionID": "631e056c-7c2e-4e0b-a803-99f36e8b4f0b", "query": "rome facts", "docid": "", "rank": "2", "url": "https://carpediemtours.com/blog/50-facts-about-rome"}
{"type": "searchResultGenerated", "timestamp": "2026-02-10T08:39:37.976Z", "sessionID": "631e056c-7c2e-4e0b-a803-99f36e8b4f0b", "query": "rome facts", "docid": "", "rank": "3", "url": "https://en.wikipedia.org/wiki/Rome"}
{"type": "searchResultGenerated", "timestamp": "2026-02-10T08:39:37.976Z", "sessionID": "631e056c-7c2e-4e0b-a803-99f36e8b4f0b", "query": "rome facts", "docid": "", "rank": "4", "url": "https://www.britannica.com/place/Rome"}
{"type": "searchResultGenerated", "timestamp": "2026-02-10T08:39:37.977Z", "sessionID": "631e056c-7c2e-4e0b-a803-99f36e8b4f0b", "query": "rome facts", "docid": "", "rank": "5", "url": "https://www.reddit.com/r/ancientrome/comments/1dsr486/tell_me_the_most_obscure_facts_about_rome_that/"}
{"type": "searchResultGenerated", "timestamp": "2026-02-10T08:39:37.977Z", "sessionID": "631e056c-7c2e-4e0b-a803-99f36e8b4f0b", "query": "rome facts", "docid": "", "rank": "6", "url": "https://www.natgeokids.com/uk/discover/history/romans/10-facts-about-the-ancient-romans/"}
{"type": "searchResultGenerated", "timestamp": "2026-02-10T08:39:37.977Z", "sessionID": "631e056c-7c2e-4e0b-a803-99f36e8b4f0b", "query": "rome facts", "docid": "", "rank": "7", "url": "https://romegeorgia.org/10-rome-facts-that-will-blow-your-mind/"}
{"type": "clickedResult", "timestamp": "2026-02-10T08:39:40.620Z", "sessionID": "631e056c-7c2e-4e0b-a803-99f36e8b4f0b", "query": "rome facts", "url": "https://worldstrides.com/en-us/teachers/how-it-works/blog/12-interesting-facts-about-rome", "rank": "1"}
{"type": "searchResultGenerated", "timestamp": "2026-02-10T08:39:47.630Z", "sessionID": "631e056c-7c2e-4e0b-a803-99f36e8b4f0b", "query": "rome facts", "docid": "", "rank": "1", "url": "https://worldstrides.com/en-us/teachers/how-it-works/blog/12-interesting-facts-about-rome"}
{"type": "searchResultGenerated", "timestamp": "2026-02-10T08:39:47.631Z", "sessionID": "631e056c-7c2e-4e0b-a803-99f36e8b4f0b", "query": "rome facts", "docid": "", "rank": "2", "url": "https://carpediemtours.com/blog/50-facts-about-rome"}
{"type": "searchResultGenerated", "timestamp": "2026-02-10T08:39:47.631Z", "sessionID": "631e056c-7c2e-4e0b-a803-99f36e8b4f0b", "query": "rome facts", "docid": "", "rank": "3", "url": "https://en.wikipedia.org/wiki/Rome"}
{"type": "searchResultGenerated", "timestamp": "2026-02-10T08:39:47.631Z", "sessionID": "631e056c-7c2e-4e0b-a803-99f36e8b4f0b", "query": "rome facts", "docid": "", "rank": "4", "url": "https://www.britannica.com/place/Rome"}
{"type": "searchResultGenerated", "timestamp": "2026-02-10T08:39:47.631Z", "sessionID": "631e056c-7c2e-4e0b-a803-99f36e8b4f0b", "query": "rome facts", "docid": "", "rank": "5", "url": "https://www.reddit.com/r/ancientrome/comments/1dsr486/tell_me_the_most_obscure_facts_about_rome_that/"}
{"type": "searchResultGenerated", "timestamp": "2026-02-10T08:39:47.631Z", "sessionID": "631e056c-7c2e-4e0b-a803-99f36e8b4f0b", "query": "rome facts", "docid": "", "rank": "6", "url": "https://www.natgeokids.com/uk/discover/history/romans/10-facts-about-the-ancient-romans/"}
{"type": "searchResultGenerated", "timestamp": "2026-02-10T08:39:47.632Z", "sessionID": "631e056c-7c2e-4e0b-a803-99f36e8b4f0b", "query": "rome facts", "docid": "", "rank": "7", "url": "https://romegeorgia.org/10-rome-facts-that-will-blow-your-mind/"}
{"type": "clickedResult", "timestamp": "2026-02-10T08:39:48.942Z", "sessionID": "631e056c-7c2e-4e0b-a803-99f36e8b4f0b", "query": "rome facts", "url": "https://en.wikipedia.org/wiki/Rome", "rank": "3"}
{"type": "searchResultGenerated", "timestamp": "2026-02-10T08:39:51.189Z", "sessionID": "631e056c-7c2e-4e0b-a803-99f36e8b4f0b", "query": "rome facts", "docid": "", "rank": "1", "url": "https://worldstrides.com/en-us/teachers/how-it-works/blog/12-interesting-facts-about-rome"}
{"type": "searchResultGenerated", "timestamp": "2026-02-10T08:39:51.189Z", "sessionID": "631e056c-7c2e-4e0b-a803-99f36e8b4f0b", "query": "rome facts", "docid": "", "rank": "2", "url": "https://carpediemtours.com/blog/50-facts-about-rome"}
{"type": "searchResultGenerated", "timestamp": "2026-02-10T08:39:51.189Z", "sessionID": "631e056c-7c2e-4e0b-a803-99f36e8b4f0b", "query": "rome facts", "docid": "", "rank": "3", "url": "https://en.wikipedia.org/wiki/Rome"}
{"type": "searchResultGenerated", "timestamp": "2026-02-10T08:39:51.189Z", "sessionID": "631e056c-7c2e-4e0b-a803-99f36e8b4f0b", "query": "rome facts", "docid": "", "rank": "4", "url": "https://www.britannica.com/place/Rome"}
{"type": "searchResultGenerated", "timestamp": "2026-02-10T08:39:51.189Z", "sessionID": "631e056c-7c2e-4e0b-a803-99f36e8b4f0b", "query": "rome facts", "docid": "", "rank": "5", "url": "https://www.reddit.com/r/ancientrome/comments/1dsr486/tell_me_the_most_obscure_facts_about_rome_that/"}
{"type": "searchResultGenerated", "timestamp": "2026-02-10T08:39:51.190Z", "sessionID": "631e056c-7c2e-4e0b-a803-99f36e8b4f0b", "query": "rome facts", "docid": "", "rank": "6", "url": "https://www.natgeokids.com/uk/discover/history/romans/10-facts-about-the-ancient-romans/"}
{"type": "searchResultGenerated", "timestamp": "2026-02-10T08:39:51.190Z", "sessionID": "631e056c-7c2e-4e0b-a803-99f36e8b4f0b", "query": "rome facts", "docid": "", "rank": "7", "url": "https://romegeorgia.org/10-rome-facts-that-will-blow-your-mind/"}
{"type": "ClickedEndTask", "timestamp": "2026-02-10T08:39:52.308Z", "sessionID": "631e056c-7c2e-4e0b-a803-99f36e8b4f0b"}
{"type": "TaskEndConfirmed", "timestamp": "2026-02-10T08:39:53.292Z", "sessionID": "631e056c-7c2e-4e0b-a803-99f36e8b4f0b"}
