{"type": "idSubmitted", "timestamp": "2026-02-09T15:17:15.630Z", "sessionID": "dc254694-36e0-4189-9cac-b82c72f2ba20", "uid": "Participant1"}
{"type": "TaskStarted", "timestamp": "2026-02-09T15:17:17.176Z", "sessionID": "dc254694-36e0-4189-9cac-b82c72f2ba20", "task": "1", "uid": "Participant1", "topic": "Is human activity primarily responsible for global climate change?"}
{"type": "queryBoxFocused", "timestamp": "2026-02-09T15:17:18.689Z", "sessionID": "dc254694-36e0-4189-9cac-b82c72f2ba20"}
{"type": "querySubmitted", "timestamp": "2026-02-09T15:17:22.322Z", "sessionID": "dc254694-36e0-4189-9cac-b82c72f2ba20", "query": "global climate change"}
{"type": "searchResultGenerated", "timestamp": "2026-02-09T15:17:29.869Z", "sessionID": "dc254694-36e0-4189-9cac-b82c72f2ba20", "query": "global climate change", "docid": "", "rank": "1", "url": "https://www.un.org/en/climatechange/what-is-climate-change"}
{"type": "searchResultGenerated", "timestamp": "2026-02-09T15:17:29.869Z", "sessionID": "dc254694-36e0-4189-9cac-b82c72f2ba20", "query": "global climate change", "docid": "", "rank": "2", "url": "https://science.nasa.gov/climate-change/"}
{"type": "searchResultGenerated", "timestamp": "2026-02-09T15:17:29.869Z", "sessionID": "dc254694-36e0-4189-9cac-b82c72f2ba20", "query": "global climate change", "docid": "", "rank": "3", "url": "https://www.noaa.gov/education/resource-collections/climate/climate-change-impacts"}
{"type": "searchResultGenerated", "timestamp": "2026-02-09T15:17:29.870Z", "sessionID": "dc254694-36e0-4189-9cac-b82c72f2ba20", "query": "global climate change", "docid": "", "rank": "4", "url": "https://wmo.int/topics/climate-change"}
{"type": "searchResultGenerated", "timestamp": "2026-02-09T15:17:29.870Z", "sessionID": "dc254694-36e0-4189-9cac-b82c72f2ba20", "query": "global climate change", "docid": "", "rank": "5", "url": "https://www.un.org/en/climatechange/science/causes-effects-climate-change"}
{"type": "searchResultGenerated", "timestamp": "2026-02-09T15:17:29.870Z", "sessionID": "dc254694-36e0-4189-9cac-b82c72f2ba20", "query": "global climate change", "docid": "", "rank": "6", "url": "https://en.wikipedia.org/wiki/Climate_change"}
{"type": "searchResultGenerated", "timestamp": "2026-02-09T15:17:29.870Z", "sessionID": "dc254694-36e0-4189-9cac-b82c72f2ba20", "query": "global climate change", "docid": "", "rank": "7", "url": "https://www.climate.gov/news-features/understanding-climate/climate-change-global-temperature"}
{"type": "clickedResult", "timestamp": "2026-02-09T15:17:31.517Z", "sessionID": "dc254694-36e0-4189-9cac-b82c72f2ba20", "query": "global climate change", "url": "https://www.noaa.gov/education/resource-collections/climate/climate-change-impacts", "rank": "3"}
{"type": "searchResultGenerated", "timestamp": "2026-02-09T15:17:34.776Z", "sessionID": "dc254694-36e0-4189-9cac-b82c72f2ba20", "query": "global climate change", "docid": "", "rank": "1", "url": "https://www.un.org/en/climatechange/what-is-climate-change"}
{"type": "searchResultGenerated", "timestamp": "2026-02-09T15:17:34.776Z", "sessionID": "dc254694-36e0-4189-9cac-b82c72f2ba20", "query": "global climate change", "docid": "", "rank": "2", "url": "https://science.nasa.gov/climate-change/"}
{"type": "searchResultGenerated", "timestamp": "2026-02-09T15:17:34.776Z", "sessionID": "dc254694-36e0-4189-9cac-b82c72f2ba20", "query": "global climate change", "docid": "", "rank": "3", "url": "https://www.noaa.gov/education/resource-collections/climate/climate-change-impacts"}
{"type": "searchResultGenerated", "timestamp": "2026-02-09T15:17:34.776Z", "sessionID": "dc254694-36e0-4189-9cac-b82c72f2ba20", "query": "global climate change", "docid": "", "rank": "4", "url": "https://wmo.int/topics/climate-change"}
{"type": "searchResultGenerated", "timestamp": "2026-02-09T15:17:34.776Z", "sessionID": "dc254694-36e0-4189-9cac-b82c72f2ba20", "query": "global climate change", "docid": "", "rank": "5", "url": "https://www.un.org/en/climatechange/science/causes-effects-climate-change"}
{"type": "searchResultGenerated", "timestamp": "2026-02-09T15:17:34.776Z", "sessionID": "dc254694-36e0-4189-9cac-b82c72f2ba20", "query": "global climate change", "docid": "", "rank": "6", "url": "https://en.wikipedia.org/wiki/Climate_change"}
{"type": "searchResultGenerated", "timestamp": "2026-02-09T15:17:34.776Z", "sessionID": "dc254694-36e0-4189-9cac-b82c72f2ba20", "query": "global climate change", "docid": "", "rank": "7", "url": "https://www.climate.gov/news-features/understanding-climate/climate-change-global-temperature"}
{"type": "clickedResult", "timestamp": "2026-02-09T15:17:36.030Z", "sessionID": "dc254694-36e0-4189-9cac-b82c72f2ba20", "query": "global climate change", "url": "https://www.noaa.gov/education/resource-collections/climate/climate-change-impacts", "rank": "3"}
{"type": "searchResultGenerated", "timestamp": "2026-02-09T15:17:38.132Z", "sessionID": "dc254694-36e0-4189-9cac-b82c72f2ba20", "query": "global climate change", "docid": "", "rank": "1", "url": "https://www.un.org/en/climatechange/what-is-climate-change"}
{"type": "searchResultGenerated", "timestamp": "2026-02-09T15:17:38.133Z", "sessionID": "dc254694-36e0-4189-9cac-b82c72f2ba20", "query": "global climate change", "docid": "", "rank": "2", "url": "https://science.nasa.gov/climate-change/"}
{"type": "searchResultGenerated", "timestamp": "2026-02-09T15:17:38.133Z", "sessionID": "dc254694-36e0-4189-9cac-b82c72f2ba20", "query": "global climate change", "docid": "", "rank": "3", "url": "https://www.noaa.gov/education/resource-collections/climate/climate-change-impacts"}
{"type": "searchResultGenerated", "timestamp": "2026-02-09T15:17:38.133Z", "sessionID": "dc254694-36e0-4189-9cac-b82c72f2ba20", "query": "global climate change", "docid": "", "rank": "4", "url": "https://wmo.int/topics/climate-change"}
{"type": "searchResultGenerated", "timestamp": "2026-02-09T15:17:38.133Z", "sessionID": "dc254694-36e0-4189-9cac-b82c72f2ba20", "query": "global climate change", "docid": "", "rank": "5", "url": "https://www.un.org/en/climatechange/science/causes-effects-climate-change"}
{"type": "searchResultGenerated", "timestamp": "2026-02-09T15:17:38.133Z", "sessionID": "dc254694-36e0-4189-9cac-b82c72f2ba20", "query": "global climate change", "docid": "", "rank": "6", "url": "https://en.wikipedia.org/wiki/Climate_change"}
{"type": "searchResultGenerated", "timestamp": "2026-02-09T15:17:38.133Z", "sessionID": "dc254694-36e0-4189-9cac-b82c72f2ba20", "query": "global climate change", "docid": "", "rank": "7", "url": "https://www.climate.gov/news-features/understanding-climate/climate-change-global-temperature"}
{"type": "clickedResult", "timestamp": "2026-02-09T15:17:39.420Z", "sessionID": "dc254694-36e0-4189-9cac-b82c72f2ba20", "query": "global climate change", "url": "https://en.wikipedia.org/wiki/Climate_change", "rank": "6"}
{"type": "searchResultGenerated", "timestamp": "2026-02-09T15:17:41.655Z", "sessionID": "dc254694-36e0-4189-9cac-b82c72f2ba20", "query": "global climate change", "docid": "", "rank": "1", "url": "https://www.un.org/en/climatechange/what-is-climate-change"}
{"type": "searchResultGenerated", "timestamp": "2026-02-09T15:17:41.655Z", "sessionID": "dc254694-36e0-4189-9cac-b82c72f2ba20", "query": "global climate change", "docid": "", "rank": "2", "url": "https://science.nasa.gov/climate-change/"}
{"type": "searchResultGenerated", "timestamp": "2026-02-09T15:17:41.655Z", "sessionID": "dc254694-36e0-4189-9cac-b82c72f2ba20", "query": "global climate change", "docid": "", "rank": "3", "url": "https://www.noaa.gov/education/resource-collections/climate/climate-change-impacts"}
{"type": "searchResultGenerated", "timestamp": "2026-02-09T15:17:41.656Z", "sessionID": "dc254694-36e0-4189-9cac-b82c72f2ba20", "query": "global climate change", "docid": "", "rank": "4", "url": "https://wmo.int/topics/climate-change"}
{"type": "searchResultGenerated", "timestamp": "2026-02-09T15:17:41.656Z", "sessionID": "dc254694-36e0-4189-9cac-b82c72f2ba20", "query": "global climate change", "docid": "", "rank": "5", "url": "https://www.un.org/en/climatechange/science/causes-effects-climate-change"}
{"type": "searchResultGenerated", "timestamp": "2026-02-09T15:17:41.656Z", "sessionID": "dc254694-36e0-4189-9cac-b82c72f2ba20", "query": "global climate change", "docid": "", "rank": "6", "url": "https://en.wikipedia.org/wiki/Climate_change"}
{"type": "searchResultGenerated", "timestamp": "2026-02-09T15:17:41.656Z", "sessionID": "dc254694-36e0-4189-9cac-b82c72f2ba20", "query": "global climate change", "docid": "", "rank": "7", "url": "https://www.climate.gov/news-features/understanding-climate/climate-change-global-temperature"}
{"type": "ClickedEndTask", "timestamp": "2026-02-09T15:17:44.527Z", "sessionID": "dc254694-36e0-4189-9cac-b82c72f2ba20"}
{"type": "TaskEndConfirmed", "timestamp": "2026-02-09T15:17:47.409Z", "sessionID": "dc254694-36e0-4189-9cac-b82c72f2ba20"}
