{"type": "idSubmitted", "timestamp": "2026-02-10T08:37:24.746Z", "sessionID": "be87cdc3-4306-43dc-b757-008662925b03", "uid": "Participant15"}
{"type": "queryBoxFocused", "timestamp": "2026-02-10T08:37:36.292Z", "sessionID": "be87cdc3-4306-43dc-b757-008662925b03"}
{"type": "querySubmitted", "timestamp": "2026-02-10T08:37:40.318Z", "sessionID": "be87cdc3-4306-43dc-b757-008662925b03", "query": "ancient rome"}
{"type": "searchResultGenerated", "timestamp": "2026-02-10T08:37:48.541Z", "sessionID": "be87cdc3-4306-43dc-b757-008662925b03", "query": "ancient rome", "docid": "", "rank": "1", "url": "https://en.wikipedia.org/wiki/Ancient_Rome"}
{"type": "searchResultGenerated", "timestamp": "2026-02-10T08:37:48.542Z", "sessionID": "be87cdc3-4306-43dc-b757-008662925b03", "query": "ancient rome", "docid": "", "rank": "2", "url": "https://www.britannica.com/place/ancient-Rome"}
{"type": "searchResultGenerated", "timestamp": "2026-02-10T08:37:48.542Z", "sessionID": "be87cdc3-4306-43dc-b757-008662925b03", "query": "ancient rome", "docid": "", "rank": "3", "url": "https://www.history.com/articles/ancient-rome"}
{"type": "searchResultGenerated", "timestamp": "2026-02-10T08:37:48.543Z", "sessionID": "be87cdc3-4306-43dc-b757-008662925b03", "query": "ancient rome", "docid": "", "rank": "4", "url": "https://www.mpm.edu/research-collections/anthropology/anthropology-collections-research/mediterranean-oil-lamps/roman-empire-brief-history"}
{"type": "searchResultGenerated", "timestamp": "2026-02-10T08:37:48.543Z", "sessionID": "be87cdc3-4306-43dc-b757-008662925b03", "query": "ancient rome", "docid": "", "rank": "5", "url": "https://kids.nationalgeographic.com/history/article/ancient-rome"}
{"type": "searchResultGenerated", "timestamp": "2026-02-10T08:37:48.543Z", "sessionID": "be87cdc3-4306-43dc-b757-008662925b03", "query": "ancient rome", "docid": "", "rank": "6", "url": "https://www.reddit.com/r/ancientrome/"}
{"type": "searchResultGenerated", "timestamp": "2026-02-10T08:37:48.543Z", "sessionID": "be87cdc3-4306-43dc-b757-008662925b03", "query": "ancient rome", "docid": "", "rank": "7", "url": "https://ancientromelive.org/"}
{"type": "clickedResult", "timestamp": "2026-02-10T08:38:16.501Z", "sessionID": "be87cdc3-4306-43dc-b757-008662925b03", "query": "ancient rome", "url": "https://en.wikipedia.org/wiki/Ancient_Rome", "rank": "1"}
{"type": "searchResultGenerated", "timestamp": "2026-02-10T08:38:19.538Z", "sessionID": "be87cdc3-4306-43dc-b757-008662925b03", "query": "ancient rome", "docid": "", "rank": "1", "url": "https://en.wikipedia.org/wiki/Ancient_Rome"}
{"type": "searchResultGenerated", "timestamp": "2026-02-10T08:38:19.538Z", "sessionID": "be87cdc3-4306-43dc-b757-008662925b03", "query": "ancient rome", "docid": "", "rank": "2", "url": "https://www.britannica.com/place/ancient-Rome"}
{"type": "searchResultGenerated", "timestamp": "2026-02-10T08:38:19.538Z", "sessionID": "be87cdc3-4306-43dc-b757-008662925b03", "query": "ancient rome", "docid": "", "rank": "3", "url": "https://www.history.com/articles/ancient-rome"}
{"type": "searchResultGenerated", "timestamp": "2026-02-10T08:38:19.538Z", "sessionID": "be87cdc3-4306-43dc-b757-008662925b03", "query": "ancient rome", "docid": "", "rank": "4", "url": "https://www.mpm.edu/research-collections/anthropology/anthropology-collections-research/mediterranean-oil-lamps/roman-empire-brief-history"}
{"type": "searchResultGenerated", "timestamp": "2026-02-10T08:38:19.538Z", "sessionID": "be87cdc3-4306-43dc-b757-008662925b03", "query": "ancient rome", "docid": "", "rank": "5", "url": "https://kids.nationalgeographic.com/history/article/ancient-rome"}
{"type": "searchResultGenerated", "timestamp": "2026-02-10T08:38:19.538Z", "sessionID": "be87cdc3-4306-43dc-b757-008662925b03", "query": "ancient rome", "docid": "", "rank": "6", "url": "https://www.reddit.com/r/ancientrome/"}
{"type": "searchResultGenerated", "timestamp": "2026-02-10T08:38:19.538Z", "sessionID": "be87cdc3-4306-43dc-b757-008662925b03", "query": "ancient rome", "docid": "", "rank": "7", "url": "https://ancientromelive.org/"}
{"type": "ClickedEndTask", "timestamp": "2026-02-10T08:38:20.251Z", "sessionID": "be87cdc3-4306-43dc-b757-008662925b03"}
{"type": "TaskEndConfirmed", "timestamp": "2026-02-10T08:38:21.437Z", "sessionID": "be87cdc3-4306-43dc-b757-008662925b03"}
