{"type": "idSubmitted", "timestamp": "2026-02-09T10:04:52.550Z", "sessionID": "38ee1415-af40-4790-b344-54eca40eade3", "uid": "Participant1"}
{"type": "TaskStarted", "timestamp": "2026-02-09T10:04:53.651Z", "sessionID": "38ee1415-af40-4790-b344-54eca40eade3", "task": "1", "uid": "Participant1", "topic": "Is human activity primarily responsible for global climate change?"}
{"type": "queryBoxFocused", "timestamp": "2026-02-09T10:04:54.850Z", "sessionID": "38ee1415-af40-4790-b344-54eca40eade3"}
{"type": "querySubmitted", "timestamp": "2026-02-09T10:04:57.628Z", "sessionID": "38ee1415-af40-4790-b344-54eca40eade3", "query": "climate change"}
{"type": "clickedResult", "timestamp": "2026-02-09T10:04:58.961Z", "sessionID": "38ee1415-af40-4790-b344-54eca40eade3", "query": "", "url": "https://www.un.org/en/climatechange/what-is-climate-change", "rank": "1"}
{"type": "clickedResult", "timestamp": "2026-02-09T10:05:01.825Z", "sessionID": "38ee1415-af40-4790-b344-54eca40eade3", "query": "", "url": "https://science.nasa.gov/climate-change/", "rank": "2"}
{"type": "queryBoxFocused", "timestamp": "2026-02-09T10:05:04.398Z", "sessionID": "38ee1415-af40-4790-b344-54eca40eade3"}
{"type": "querySubmitted", "timestamp": "2026-02-09T10:05:08.395Z", "sessionID": "38ee1415-af40-4790-b344-54eca40eade3", "query": "global climate change"}
{"type": "searchResultGenerated", "timestamp": "2026-02-09T10:05:08.395Z", "sessionID": "38ee1415-af40-4790-b344-54eca40eade3", "query": "global climate change", "docid": "", "rank": "1", "url": "https://www.un.org/en/climatechange/what-is-climate-change"}
{"type": "searchResultGenerated", "timestamp": "2026-02-09T10:05:08.395Z", "sessionID": "38ee1415-af40-4790-b344-54eca40eade3", "query": "global climate change", "docid": "", "rank": "2", "url": "https://science.nasa.gov/climate-change/"}
{"type": "searchResultGenerated", "timestamp": "2026-02-09T10:05:08.395Z", "sessionID": "38ee1415-af40-4790-b344-54eca40eade3", "query": "global climate change", "docid": "", "rank": "3", "url": "https://en.wikipedia.org/wiki/Climate_change"}
{"type": "searchResultGenerated", "timestamp": "2026-02-09T10:05:08.395Z", "sessionID": "38ee1415-af40-4790-b344-54eca40eade3", "query": "global climate change", "docid": "", "rank": "4", "url": "https://www.noaa.gov/education/resource-collections/climate/climate-change-impacts"}
{"type": "searchResultGenerated", "timestamp": "2026-02-09T10:05:08.395Z", "sessionID": "38ee1415-af40-4790-b344-54eca40eade3", "query": "global climate change", "docid": "", "rank": "5", "url": "https://www.epa.gov/climate-change"}
{"type": "searchResultGenerated", "timestamp": "2026-02-09T10:05:08.396Z", "sessionID": "38ee1415-af40-4790-b344-54eca40eade3", "query": "global climate change", "docid": "", "rank": "6", "url": "https://royalsociety.org/news-resources/projects/climate-change-evidence-causes/basics-of-climate-change/"}
{"type": "searchResultGenerated", "timestamp": "2026-02-09T10:05:08.396Z", "sessionID": "38ee1415-af40-4790-b344-54eca40eade3", "query": "global climate change", "docid": "", "rank": "7", "url": "https://www.who.int/health-topics/climate-change"}
{"type": "searchResultGenerated", "timestamp": "2026-02-09T10:05:08.396Z", "sessionID": "38ee1415-af40-4790-b344-54eca40eade3", "query": "global climate change", "docid": "", "rank": "8", "url": "https://www.ipcc.ch/"}
{"type": "clickedResult", "timestamp": "2026-02-09T10:05:10.890Z", "sessionID": "38ee1415-af40-4790-b344-54eca40eade3", "query": "", "url": "https://www.noaa.gov/education/resource-collections/climate/climate-change-impacts", "rank": "3"}
{"type": "clickedResult", "timestamp": "2026-02-09T10:05:14.132Z", "sessionID": "38ee1415-af40-4790-b344-54eca40eade3", "query": "", "url": "https://wmo.int/topics/climate-change", "rank": "4"}
{"type": "ClickedEndTask", "timestamp": "2026-02-09T10:05:17.521Z", "sessionID": "38ee1415-af40-4790-b344-54eca40eade3"}
{"type": "TaskEndConfirmed", "timestamp": "2026-02-09T10:05:18.368Z", "sessionID": "38ee1415-af40-4790-b344-54eca40eade3"}
{"type": "TaskEnded", "timestamp": "2026-02-09T10:05:23.619Z", "sessionID": "38ee1415-af40-4790-b344-54eca40eade3", "reason": "done searching"}
