{"type": "idSubmitted", "timestamp": "2026-02-12T12:30:51.844Z", "sessionID": "e37a2f08-04f6-4d0d-ba1e-c871b93b62db", "uid": "Participant14"}
{"type": "queryBoxFocused", "timestamp": "2026-02-12T12:30:53.270Z", "sessionID": "e37a2f08-04f6-4d0d-ba1e-c871b93b62db"}
{"type": "querySubmitted", "timestamp": "2026-02-12T12:30:54.925Z", "sessionID": "e37a2f08-04f6-4d0d-ba1e-c871b93b62db", "query": "trump"}
{"type": "queryBoxFocused", "timestamp": "2026-02-12T12:34:00.995Z", "sessionID": "e37a2f08-04f6-4d0d-ba1e-c871b93b62db"}
{"type": "searchResultGenerated", "timestamp": "2026-02-12T12:35:57.577Z", "sessionID": "e37a2f08-04f6-4d0d-ba1e-c871b93b62db", "query": "trump", "docid": "S5c58870f-A5d72cb4", "rank": "10", "url": "https://www.debate.org/debates/Hillary-is-better-than-Trump/2/"}
{"type": "searchResultGenerated", "timestamp": "2026-02-12T12:35:57.577Z", "sessionID": "e37a2f08-04f6-4d0d-ba1e-c871b93b62db", "query": "trump", "docid": "S54db2959-A66eff8d1", "rank": "20", "url": "https://www.debate.org/debates/Things-that-Donald-Trump-the-worst-president-of-all-time-and-god-both-are-unclean-have-in-common/2/"}
{"type": "searchResultGenerated", "timestamp": "2026-02-12T12:35:57.578Z", "sessionID": "e37a2f08-04f6-4d0d-ba1e-c871b93b62db", "query": "trump", "docid": "S6fb67f39-Ae34eeece", "rank": "30", "url": "https://www.debate.org/debates/Trump-has-finally-gone-to-far/1/"}
{"type": "searchResultGenerated", "timestamp": "2026-02-12T12:35:57.578Z", "sessionID": "e37a2f08-04f6-4d0d-ba1e-c871b93b62db", "query": "trump", "docid": "S1b5369b7-Ae0635aa3", "rank": "40", "url": "https://www.debate.org/debates/i-can-list-more-lies-from-trump-than-you-can-from-hilary/1/"}
{"type": "searchResultGenerated", "timestamp": "2026-02-12T12:35:57.578Z", "sessionID": "e37a2f08-04f6-4d0d-ba1e-c871b93b62db", "query": "trump", "docid": "Sde529d61-A61d220f9", "rank": "50", "url": "https://www.debate.org/debates/i-can-list-more-lies-from-trump-than-u-can-from-hilary/1/"}
{"type": "searchResultGenerated", "timestamp": "2026-02-12T12:35:57.579Z", "sessionID": "e37a2f08-04f6-4d0d-ba1e-c871b93b62db", "query": "trump", "docid": "S68402198-Af559decc", "rank": "60", "url": "https://www.debate.org/debates/Donald-Trump-will-make-a-great-President/1/"}
{"type": "searchResultGenerated", "timestamp": "2026-02-12T12:35:57.579Z", "sessionID": "e37a2f08-04f6-4d0d-ba1e-c871b93b62db", "query": "trump", "docid": "S1aac65e8-A49f9a643", "rank": "70", "url": "https://www.debate.org/debates/Donald-Trumps-true-campaign-is-to-put-Clinton-in-office/1/"}
{"type": "searchResultGenerated", "timestamp": "2026-02-12T12:35:57.580Z", "sessionID": "e37a2f08-04f6-4d0d-ba1e-c871b93b62db", "query": "trump", "docid": "Sb91d4292-A293ddb2c", "rank": "80", "url": "https://www.debate.org/debates/Who-would-be-the-best-Republican-candidate-to-be-president./1/"}
{"type": "searchResultGenerated", "timestamp": "2026-02-12T12:35:57.580Z", "sessionID": "e37a2f08-04f6-4d0d-ba1e-c871b93b62db", "query": "trump", "docid": "S5f55160a-Ad8a37772", "rank": "90", "url": "https://www.debate.org/debates/Trumps-Brain-will-explode-once-the-Democratic-congress-is-seated/1/"}
{"type": "searchResultGenerated", "timestamp": "2026-02-12T12:35:57.580Z", "sessionID": "e37a2f08-04f6-4d0d-ba1e-c871b93b62db", "query": "trump", "docid": "Sf6c224ef-A5926791a", "rank": "100", "url": "https://www.debate.org/debates/Donald-Trump-2016/1/"}
{"type": "clickedResult", "timestamp": "2026-02-12T12:36:06.870Z", "sessionID": "e37a2f08-04f6-4d0d-ba1e-c871b93b62db", "query": "trump", "url": "https://www.debate.org/debates/Things-that-Donald-Trump-the-worst-president-of-all-time-and-god-both-are-unclean-have-in-common/2/", "rank": "20"}
{"type": "searchResultGenerated", "timestamp": "2026-02-12T12:36:10.510Z", "sessionID": "e37a2f08-04f6-4d0d-ba1e-c871b93b62db", "query": "trump", "docid": "S5c58870f-A5d72cb4", "rank": "10", "url": "https://www.debate.org/debates/Hillary-is-better-than-Trump/2/"}
{"type": "searchResultGenerated", "timestamp": "2026-02-12T12:36:10.510Z", "sessionID": "e37a2f08-04f6-4d0d-ba1e-c871b93b62db", "query": "trump", "docid": "S54db2959-A66eff8d1", "rank": "20", "url": "https://www.debate.org/debates/Things-that-Donald-Trump-the-worst-president-of-all-time-and-god-both-are-unclean-have-in-common/2/"}
{"type": "searchResultGenerated", "timestamp": "2026-02-12T12:36:10.510Z", "sessionID": "e37a2f08-04f6-4d0d-ba1e-c871b93b62db", "query": "trump", "docid": "S6fb67f39-Ae34eeece", "rank": "30", "url": "https://www.debate.org/debates/Trump-has-finally-gone-to-far/1/"}
{"type": "searchResultGenerated", "timestamp": "2026-02-12T12:36:10.510Z", "sessionID": "e37a2f08-04f6-4d0d-ba1e-c871b93b62db", "query": "trump", "docid": "S1b5369b7-Ae0635aa3", "rank": "40", "url": "https://www.debate.org/debates/i-can-list-more-lies-from-trump-than-you-can-from-hilary/1/"}
{"type": "searchResultGenerated", "timestamp": "2026-02-12T12:36:10.510Z", "sessionID": "e37a2f08-04f6-4d0d-ba1e-c871b93b62db", "query": "trump", "docid": "Sde529d61-A61d220f9", "rank": "50", "url": "https://www.debate.org/debates/i-can-list-more-lies-from-trump-than-u-can-from-hilary/1/"}
{"type": "searchResultGenerated", "timestamp": "2026-02-12T12:36:10.510Z", "sessionID": "e37a2f08-04f6-4d0d-ba1e-c871b93b62db", "query": "trump", "docid": "S68402198-Af559decc", "rank": "60", "url": "https://www.debate.org/debates/Donald-Trump-will-make-a-great-President/1/"}
{"type": "searchResultGenerated", "timestamp": "2026-02-12T12:36:10.510Z", "sessionID": "e37a2f08-04f6-4d0d-ba1e-c871b93b62db", "query": "trump", "docid": "S1aac65e8-A49f9a643", "rank": "70", "url": "https://www.debate.org/debates/Donald-Trumps-true-campaign-is-to-put-Clinton-in-office/1/"}
{"type": "searchResultGenerated", "timestamp": "2026-02-12T12:36:10.510Z", "sessionID": "e37a2f08-04f6-4d0d-ba1e-c871b93b62db", "query": "trump", "docid": "Sb91d4292-A293ddb2c", "rank": "80", "url": "https://www.debate.org/debates/Who-would-be-the-best-Republican-candidate-to-be-president./1/"}
{"type": "searchResultGenerated", "timestamp": "2026-02-12T12:36:10.511Z", "sessionID": "e37a2f08-04f6-4d0d-ba1e-c871b93b62db", "query": "trump", "docid": "S5f55160a-Ad8a37772", "rank": "90", "url": "https://www.debate.org/debates/Trumps-Brain-will-explode-once-the-Democratic-congress-is-seated/1/"}
{"type": "searchResultGenerated", "timestamp": "2026-02-12T12:36:10.511Z", "sessionID": "e37a2f08-04f6-4d0d-ba1e-c871b93b62db", "query": "trump", "docid": "Sf6c224ef-A5926791a", "rank": "100", "url": "https://www.debate.org/debates/Donald-Trump-2016/1/"}
{"type": "clickedResult", "timestamp": "2026-02-12T12:36:11.914Z", "sessionID": "e37a2f08-04f6-4d0d-ba1e-c871b93b62db", "query": "trump", "url": "https://www.debate.org/debates/Trump-has-finally-gone-to-far/1/", "rank": "30"}
{"type": "searchResultGenerated", "timestamp": "2026-02-12T12:36:14.109Z", "sessionID": "e37a2f08-04f6-4d0d-ba1e-c871b93b62db", "query": "trump", "docid": "S5c58870f-A5d72cb4", "rank": "10", "url": "https://www.debate.org/debates/Hillary-is-better-than-Trump/2/"}
{"type": "searchResultGenerated", "timestamp": "2026-02-12T12:36:14.110Z", "sessionID": "e37a2f08-04f6-4d0d-ba1e-c871b93b62db", "query": "trump", "docid": "S54db2959-A66eff8d1", "rank": "20", "url": "https://www.debate.org/debates/Things-that-Donald-Trump-the-worst-president-of-all-time-and-god-both-are-unclean-have-in-common/2/"}
{"type": "searchResultGenerated", "timestamp": "2026-02-12T12:36:14.110Z", "sessionID": "e37a2f08-04f6-4d0d-ba1e-c871b93b62db", "query": "trump", "docid": "S6fb67f39-Ae34eeece", "rank": "30", "url": "https://www.debate.org/debates/Trump-has-finally-gone-to-far/1/"}
{"type": "searchResultGenerated", "timestamp": "2026-02-12T12:36:14.110Z", "sessionID": "e37a2f08-04f6-4d0d-ba1e-c871b93b62db", "query": "trump", "docid": "S1b5369b7-Ae0635aa3", "rank": "40", "url": "https://www.debate.org/debates/i-can-list-more-lies-from-trump-than-you-can-from-hilary/1/"}
{"type": "searchResultGenerated", "timestamp": "2026-02-12T12:36:14.111Z", "sessionID": "e37a2f08-04f6-4d0d-ba1e-c871b93b62db", "query": "trump", "docid": "Sde529d61-A61d220f9", "rank": "50", "url": "https://www.debate.org/debates/i-can-list-more-lies-from-trump-than-u-can-from-hilary/1/"}
{"type": "searchResultGenerated", "timestamp": "2026-02-12T12:36:14.111Z", "sessionID": "e37a2f08-04f6-4d0d-ba1e-c871b93b62db", "query": "trump", "docid": "S68402198-Af559decc", "rank": "60", "url": "https://www.debate.org/debates/Donald-Trump-will-make-a-great-President/1/"}
{"type": "searchResultGenerated", "timestamp": "2026-02-12T12:36:14.111Z", "sessionID": "e37a2f08-04f6-4d0d-ba1e-c871b93b62db", "query": "trump", "docid": "S1aac65e8-A49f9a643", "rank": "70", "url": "https://www.debate.org/debates/Donald-Trumps-true-campaign-is-to-put-Clinton-in-office/1/"}
{"type": "searchResultGenerated", "timestamp": "2026-02-12T12:36:14.111Z", "sessionID": "e37a2f08-04f6-4d0d-ba1e-c871b93b62db", "query": "trump", "docid": "Sb91d4292-A293ddb2c", "rank": "80", "url": "https://www.debate.org/debates/Who-would-be-the-best-Republican-candidate-to-be-president./1/"}
{"type": "searchResultGenerated", "timestamp": "2026-02-12T12:36:14.112Z", "sessionID": "e37a2f08-04f6-4d0d-ba1e-c871b93b62db", "query": "trump", "docid": "S5f55160a-Ad8a37772", "rank": "90", "url": "https://www.debate.org/debates/Trumps-Brain-will-explode-once-the-Democratic-congress-is-seated/1/"}
{"type": "searchResultGenerated", "timestamp": "2026-02-12T12:36:14.112Z", "sessionID": "e37a2f08-04f6-4d0d-ba1e-c871b93b62db", "query": "trump", "docid": "Sf6c224ef-A5926791a", "rank": "100", "url": "https://www.debate.org/debates/Donald-Trump-2016/1/"}
{"type": "queryBoxFocused", "timestamp": "2026-02-12T12:36:15.962Z", "sessionID": "e37a2f08-04f6-4d0d-ba1e-c871b93b62db"}
{"type": "querySubmitted", "timestamp": "2026-02-12T12:36:21.846Z", "sessionID": "e37a2f08-04f6-4d0d-ba1e-c871b93b62db", "query": "clinton"}
{"type": "searchResultGenerated", "timestamp": "2026-02-12T12:36:24.359Z", "sessionID": "e37a2f08-04f6-4d0d-ba1e-c871b93b62db", "query": "clinton", "docid": "S1d282c3d-A932dc0a3", "rank": "10", "url": "https://www.debate.org/debates/Hillary-Clinton-is-the-Sara-Palin-of-the-Democratic-Party-./1/"}
{"type": "searchResultGenerated", "timestamp": "2026-02-12T12:36:24.360Z", "sessionID": "e37a2f08-04f6-4d0d-ba1e-c871b93b62db", "query": "clinton", "docid": "Sf97757f3-Ae0f08494", "rank": "20", "url": "https://www.debate.org/debates/Clintons-House-of-cards-about-to-come-crashing-down/1/"}
{"type": "searchResultGenerated", "timestamp": "2026-02-12T12:36:24.360Z", "sessionID": "e37a2f08-04f6-4d0d-ba1e-c871b93b62db", "query": "clinton", "docid": "S6a18e3d9-A157f794e", "rank": "30", "url": "https://www.debate.org/debates/hillery-clinton/1/"}
{"type": "searchResultGenerated", "timestamp": "2026-02-12T12:36:24.360Z", "sessionID": "e37a2f08-04f6-4d0d-ba1e-c871b93b62db", "query": "clinton", "docid": "S83a08de1-A41eaceff", "rank": "40", "url": "https://www.debate.org/debates/Obama-is-a-Believer-in-atheist-Dogma-Not-a-Muslim/4/"}
{"type": "searchResultGenerated", "timestamp": "2026-02-12T12:36:24.360Z", "sessionID": "e37a2f08-04f6-4d0d-ba1e-c871b93b62db", "query": "clinton", "docid": "Sf97757f3-A7da82ddb", "rank": "50", "url": "https://www.debate.org/debates/Clintons-House-of-cards-about-to-come-crashing-down/1/"}
{"type": "searchResultGenerated", "timestamp": "2026-02-12T12:36:24.360Z", "sessionID": "e37a2f08-04f6-4d0d-ba1e-c871b93b62db", "query": "clinton", "docid": "S1aac65e8-A49f9a643", "rank": "60", "url": "https://www.debate.org/debates/Donald-Trumps-true-campaign-is-to-put-Clinton-in-office/1/"}
{"type": "searchResultGenerated", "timestamp": "2026-02-12T12:36:24.361Z", "sessionID": "e37a2f08-04f6-4d0d-ba1e-c871b93b62db", "query": "clinton", "docid": "S1aac65e8-Acea1ca63", "rank": "70", "url": "https://www.debate.org/debates/Donald-Trumps-true-campaign-is-to-put-Clinton-in-office/1/"}
{"type": "searchResultGenerated", "timestamp": "2026-02-12T12:36:24.361Z", "sessionID": "e37a2f08-04f6-4d0d-ba1e-c871b93b62db", "query": "clinton", "docid": "Se223ed4b-A7f9562a4", "rank": "80", "url": "https://www.debate.org/debates/Clinton-Shouldnt-Be-Allowed-To-Run-Until-The-FBI-Finish-Their-Investigation/1/"}
{"type": "searchResultGenerated", "timestamp": "2026-02-12T12:36:24.361Z", "sessionID": "e37a2f08-04f6-4d0d-ba1e-c871b93b62db", "query": "clinton", "docid": "Sa34fef23-Aaa602eb2", "rank": "90", "url": "https://www.debate.org/debates/Hillary-Clinton-wreckage/1/"}
{"type": "searchResultGenerated", "timestamp": "2026-02-12T12:36:24.361Z", "sessionID": "e37a2f08-04f6-4d0d-ba1e-c871b93b62db", "query": "clinton", "docid": "Se4117131-Aeb9d32b3", "rank": "100", "url": "https://www.debate.org/debates/Bill-Clinton-should-have-resigned-post-impeachment./1/"}
{"type": "clickedResult", "timestamp": "2026-02-12T12:36:25.619Z", "sessionID": "e37a2f08-04f6-4d0d-ba1e-c871b93b62db", "query": "clinton", "url": "https://www.debate.org/debates/Obama-is-a-Believer-in-atheist-Dogma-Not-a-Muslim/4/", "rank": "40"}
{"type": "searchResultGenerated", "timestamp": "2026-02-12T12:36:27.861Z", "sessionID": "e37a2f08-04f6-4d0d-ba1e-c871b93b62db", "query": "clinton", "docid": "S1d282c3d-A932dc0a3", "rank": "10", "url": "https://www.debate.org/debates/Hillary-Clinton-is-the-Sara-Palin-of-the-Democratic-Party-./1/"}
{"type": "searchResultGenerated", "timestamp": "2026-02-12T12:36:27.861Z", "sessionID": "e37a2f08-04f6-4d0d-ba1e-c871b93b62db", "query": "clinton", "docid": "Sf97757f3-Ae0f08494", "rank": "20", "url": "https://www.debate.org/debates/Clintons-House-of-cards-about-to-come-crashing-down/1/"}
{"type": "searchResultGenerated", "timestamp": "2026-02-12T12:36:27.862Z", "sessionID": "e37a2f08-04f6-4d0d-ba1e-c871b93b62db", "query": "clinton", "docid": "S6a18e3d9-A157f794e", "rank": "30", "url": "https://www.debate.org/debates/hillery-clinton/1/"}
{"type": "searchResultGenerated", "timestamp": "2026-02-12T12:36:27.862Z", "sessionID": "e37a2f08-04f6-4d0d-ba1e-c871b93b62db", "query": "clinton", "docid": "S83a08de1-A41eaceff", "rank": "40", "url": "https://www.debate.org/debates/Obama-is-a-Believer-in-atheist-Dogma-Not-a-Muslim/4/"}
{"type": "searchResultGenerated", "timestamp": "2026-02-12T12:36:27.862Z", "sessionID": "e37a2f08-04f6-4d0d-ba1e-c871b93b62db", "query": "clinton", "docid": "Sf97757f3-A7da82ddb", "rank": "50", "url": "https://www.debate.org/debates/Clintons-House-of-cards-about-to-come-crashing-down/1/"}
{"type": "searchResultGenerated", "timestamp": "2026-02-12T12:36:27.862Z", "sessionID": "e37a2f08-04f6-4d0d-ba1e-c871b93b62db", "query": "clinton", "docid": "S1aac65e8-A49f9a643", "rank": "60", "url": "https://www.debate.org/debates/Donald-Trumps-true-campaign-is-to-put-Clinton-in-office/1/"}
{"type": "searchResultGenerated", "timestamp": "2026-02-12T12:36:27.862Z", "sessionID": "e37a2f08-04f6-4d0d-ba1e-c871b93b62db", "query": "clinton", "docid": "S1aac65e8-Acea1ca63", "rank": "70", "url": "https://www.debate.org/debates/Donald-Trumps-true-campaign-is-to-put-Clinton-in-office/1/"}
{"type": "searchResultGenerated", "timestamp": "2026-02-12T12:36:27.862Z", "sessionID": "e37a2f08-04f6-4d0d-ba1e-c871b93b62db", "query": "clinton", "docid": "Se223ed4b-A7f9562a4", "rank": "80", "url": "https://www.debate.org/debates/Clinton-Shouldnt-Be-Allowed-To-Run-Until-The-FBI-Finish-Their-Investigation/1/"}
{"type": "searchResultGenerated", "timestamp": "2026-02-12T12:36:27.862Z", "sessionID": "e37a2f08-04f6-4d0d-ba1e-c871b93b62db", "query": "clinton", "docid": "Sa34fef23-Aaa602eb2", "rank": "90", "url": "https://www.debate.org/debates/Hillary-Clinton-wreckage/1/"}
{"type": "searchResultGenerated", "timestamp": "2026-02-12T12:36:27.862Z", "sessionID": "e37a2f08-04f6-4d0d-ba1e-c871b93b62db", "query": "clinton", "docid": "Se4117131-Aeb9d32b3", "rank": "100", "url": "https://www.debate.org/debates/Bill-Clinton-should-have-resigned-post-impeachment./1/"}
{"type": "clickedResult", "timestamp": "2026-02-12T12:36:29.132Z", "sessionID": "e37a2f08-04f6-4d0d-ba1e-c871b93b62db", "query": "clinton", "url": "https://www.debate.org/debates/Clintons-House-of-cards-about-to-come-crashing-down/1/", "rank": "50"}
{"type": "searchResultGenerated", "timestamp": "2026-02-12T12:36:31.179Z", "sessionID": "e37a2f08-04f6-4d0d-ba1e-c871b93b62db", "query": "clinton", "docid": "S1d282c3d-A932dc0a3", "rank": "10", "url": "https://www.debate.org/debates/Hillary-Clinton-is-the-Sara-Palin-of-the-Democratic-Party-./1/"}
{"type": "searchResultGenerated", "timestamp": "2026-02-12T12:36:31.180Z", "sessionID": "e37a2f08-04f6-4d0d-ba1e-c871b93b62db", "query": "clinton", "docid": "Sf97757f3-Ae0f08494", "rank": "20", "url": "https://www.debate.org/debates/Clintons-House-of-cards-about-to-come-crashing-down/1/"}
{"type": "searchResultGenerated", "timestamp": "2026-02-12T12:36:31.180Z", "sessionID": "e37a2f08-04f6-4d0d-ba1e-c871b93b62db", "query": "clinton", "docid": "S6a18e3d9-A157f794e", "rank": "30", "url": "https://www.debate.org/debates/hillery-clinton/1/"}
{"type": "searchResultGenerated", "timestamp": "2026-02-12T12:36:31.180Z", "sessionID": "e37a2f08-04f6-4d0d-ba1e-c871b93b62db", "query": "clinton", "docid": "S83a08de1-A41eaceff", "rank": "40", "url": "https://www.debate.org/debates/Obama-is-a-Believer-in-atheist-Dogma-Not-a-Muslim/4/"}
{"type": "searchResultGenerated", "timestamp": "2026-02-12T12:36:31.180Z", "sessionID": "e37a2f08-04f6-4d0d-ba1e-c871b93b62db", "query": "clinton", "docid": "Sf97757f3-A7da82ddb", "rank": "50", "url": "https://www.debate.org/debates/Clintons-House-of-cards-about-to-come-crashing-down/1/"}
{"type": "searchResultGenerated", "timestamp": "2026-02-12T12:36:31.181Z", "sessionID": "e37a2f08-04f6-4d0d-ba1e-c871b93b62db", "query": "clinton", "docid": "S1aac65e8-A49f9a643", "rank": "60", "url": "https://www.debate.org/debates/Donald-Trumps-true-campaign-is-to-put-Clinton-in-office/1/"}
{"type": "searchResultGenerated", "timestamp": "2026-02-12T12:36:31.181Z", "sessionID": "e37a2f08-04f6-4d0d-ba1e-c871b93b62db", "query": "clinton", "docid": "S1aac65e8-Acea1ca63", "rank": "70", "url": "https://www.debate.org/debates/Donald-Trumps-true-campaign-is-to-put-Clinton-in-office/1/"}
{"type": "searchResultGenerated", "timestamp": "2026-02-12T12:36:31.181Z", "sessionID": "e37a2f08-04f6-4d0d-ba1e-c871b93b62db", "query": "clinton", "docid": "Se223ed4b-A7f9562a4", "rank": "80", "url": "https://www.debate.org/debates/Clinton-Shouldnt-Be-Allowed-To-Run-Until-The-FBI-Finish-Their-Investigation/1/"}
{"type": "searchResultGenerated", "timestamp": "2026-02-12T12:36:31.181Z", "sessionID": "e37a2f08-04f6-4d0d-ba1e-c871b93b62db", "query": "clinton", "docid": "Sa34fef23-Aaa602eb2", "rank": "90", "url": "https://www.debate.org/debates/Hillary-Clinton-wreckage/1/"}
{"type": "searchResultGenerated", "timestamp": "2026-02-12T12:36:31.182Z", "sessionID": "e37a2f08-04f6-4d0d-ba1e-c871b93b62db", "query": "clinton", "docid": "Se4117131-Aeb9d32b3", "rank": "100", "url": "https://www.debate.org/debates/Bill-Clinton-should-have-resigned-post-impeachment./1/"}
{"type": "pageNavigationClicked", "timestamp": "2026-02-12T12:36:34.314Z", "sessionID": "e37a2f08-04f6-4d0d-ba1e-c871b93b62db", "clicked": "4", "fromPage": 1, "toPage": 4}
{"type": "searchResultGenerated", "timestamp": "2026-02-12T12:36:35.896Z", "sessionID": "e37a2f08-04f6-4d0d-ba1e-c871b93b62db", "query": "clinton", "docid": "S3c1d1411-A4bef1f3d", "rank": "130", "url": "https://www.debate.org/debates/Barack-Obama/3/"}
{"type": "searchResultGenerated", "timestamp": "2026-02-12T12:36:35.896Z", "sessionID": "e37a2f08-04f6-4d0d-ba1e-c871b93b62db", "query": "clinton", "docid": "S17b0025-Abe96ff41", "rank": "230", "url": "https://www.debate.org/debates/Donald-Trump-is-better-than-Hillary-Clinton/1/"}
{"type": "searchResultGenerated", "timestamp": "2026-02-12T12:36:35.896Z", "sessionID": "e37a2f08-04f6-4d0d-ba1e-c871b93b62db", "query": "clinton", "docid": "S9b0f4ea0-A74e99eef", "rank": "330", "url": "https://www.debate.org/debates/Presidential-Election-2016/1/"}
{"type": "searchResultGenerated", "timestamp": "2026-02-12T12:36:35.896Z", "sessionID": "e37a2f08-04f6-4d0d-ba1e-c871b93b62db", "query": "clinton", "docid": "S86d0eed5-A82a8a8d5", "rank": "430", "url": "https://www.debate.org/debates/Bernie-Sanders-has-a-better-chance-of-beating-Donald-Trump-in-a-general-election-than-Clinton-does./1/"}
{"type": "searchResultGenerated", "timestamp": "2026-02-12T12:36:35.896Z", "sessionID": "e37a2f08-04f6-4d0d-ba1e-c871b93b62db", "query": "clinton", "docid": "S91796bfb-Aee64c895", "rank": "530", "url": "https://www.debate.org/debates/Hillary-Clinton-would-get-more-support-if-she-wore-skirts-more-often./1/"}
{"type": "searchResultGenerated", "timestamp": "2026-02-12T12:36:35.897Z", "sessionID": "e37a2f08-04f6-4d0d-ba1e-c871b93b62db", "query": "clinton", "docid": "S2ce5ee2f-Ab6ed3e14", "rank": "630", "url": "https://www.debate.org/debates/How-did-it-Happen-why-didnt-Hillary-Clinton-win/1/"}
{"type": "searchResultGenerated", "timestamp": "2026-02-12T12:36:35.897Z", "sessionID": "e37a2f08-04f6-4d0d-ba1e-c871b93b62db", "query": "clinton", "docid": "Sdea477f7-Af4759521", "rank": "730", "url": "http://www.debatepedia.org/en/index.php/Debate:_Clinton_vs._Obama"}
{"type": "searchResultGenerated", "timestamp": "2026-02-12T12:36:35.897Z", "sessionID": "e37a2f08-04f6-4d0d-ba1e-c871b93b62db", "query": "clinton", "docid": "S473b7027-Ad8963df8", "rank": "830", "url": "https://www.debate.org/debates/Hilary-Clinton-has-more-experience-than-Barack.-Obama./1/"}
{"type": "searchResultGenerated", "timestamp": "2026-02-12T12:36:35.897Z", "sessionID": "e37a2f08-04f6-4d0d-ba1e-c871b93b62db", "query": "clinton", "docid": "S7bb71352-Aca9889e4", "rank": "930", "url": "https://www.debate.org/debates/Hillary-Clinton-would-make-a-better-US-President-then-Elizabeth-Warren/1/"}
{"type": "searchResultGenerated", "timestamp": "2026-02-12T12:36:35.897Z", "sessionID": "e37a2f08-04f6-4d0d-ba1e-c871b93b62db", "query": "clinton", "docid": "S589c500a-A9520c067", "rank": "1030", "url": "https://www.debate.org/debates/Senator-Barack-Obama-is-a-better-pick-for-President-then-Senator-Hillary-Clinton./1/"}
{"type": "clickedResult", "timestamp": "2026-02-12T12:36:37.474Z", "sessionID": "e37a2f08-04f6-4d0d-ba1e-c871b93b62db", "query": "clinton", "url": "https://www.debate.org/debates/Presidential-Election-2016/1/", "rank": "330"}
{"type": "clickedBack", "timestamp": "2026-02-12T12:36:40.282Z", "sessionID": "e37a2f08-04f6-4d0d-ba1e-c871b93b62db", "query": "clinton"}
{"type": "queryBoxFocused", "timestamp": "2026-02-12T12:36:54.066Z", "sessionID": "e37a2f08-04f6-4d0d-ba1e-c871b93b62db"}
{"type": "querySubmitted", "timestamp": "2026-02-12T12:37:07.461Z", "sessionID": "e37a2f08-04f6-4d0d-ba1e-c871b93b62db", "query": "biden"}
{"type": "searchResultGenerated", "timestamp": "2026-02-12T12:37:09.208Z", "sessionID": "e37a2f08-04f6-4d0d-ba1e-c871b93b62db", "query": "biden", "docid": "S3e442442-A97df7750", "rank": "10", "url": "https://www.debate.org/debates/The-Democratic-leadership-is-more-capable-of-winning-the-War-on-Terror-than-the-Republican-leaders/2/"}
{"type": "searchResultGenerated", "timestamp": "2026-02-12T12:37:09.208Z", "sessionID": "e37a2f08-04f6-4d0d-ba1e-c871b93b62db", "query": "biden", "docid": "S3e442442-A1fe6f73b", "rank": "20", "url": "https://www.debate.org/debates/The-Democratic-leadership-is-more-capable-of-winning-the-War-on-Terror-than-the-Republican-leaders/2/"}
{"type": "searchResultGenerated", "timestamp": "2026-02-12T12:37:09.209Z", "sessionID": "e37a2f08-04f6-4d0d-ba1e-c871b93b62db", "query": "biden", "docid": "S3e442442-A18cf1988", "rank": "30", "url": "https://www.debate.org/debates/The-Democratic-leadership-is-more-capable-of-winning-the-War-on-Terror-than-the-Republican-leaders/2/"}
{"type": "searchResultGenerated", "timestamp": "2026-02-12T12:37:09.209Z", "sessionID": "e37a2f08-04f6-4d0d-ba1e-c871b93b62db", "query": "biden", "docid": "S33e23fc9-A61852e10", "rank": "40", "url": "https://www.debate.org/debates/A-Joe-Biden-Elizabeth-Warren-ticket-would-defeat-a-Hillary-Clinton-ticket-in-the-primaries/1/"}
{"type": "searchResultGenerated", "timestamp": "2026-02-12T12:37:09.209Z", "sessionID": "e37a2f08-04f6-4d0d-ba1e-c871b93b62db", "query": "biden", "docid": "S3e442442-A7cc1b80f", "rank": "50", "url": "https://www.debate.org/debates/The-Democratic-leadership-is-more-capable-of-winning-the-War-on-Terror-than-the-Republican-leaders/2/"}
{"type": "searchResultGenerated", "timestamp": "2026-02-12T12:37:09.209Z", "sessionID": "e37a2f08-04f6-4d0d-ba1e-c871b93b62db", "query": "biden", "docid": "Sdb348889-A75949dc6", "rank": "60", "url": "https://www.debate.org/debates/CNN-should-let-Joe-Biden-participate-in-their-Democratic-Presidential-debate-even-if-he-doesnt-run/1/"}
{"type": "searchResultGenerated", "timestamp": "2026-02-12T12:37:09.210Z", "sessionID": "e37a2f08-04f6-4d0d-ba1e-c871b93b62db", "query": "biden", "docid": "Sabebaa9d-A5ff13dbc", "rank": "70", "url": "https://www.debate.org/debates/Resolved-2012-Obama-would-beat-2008-Obama-in-a-presidential-race-1-on-1/1/"}
{"type": "searchResultGenerated", "timestamp": "2026-02-12T12:37:09.210Z", "sessionID": "e37a2f08-04f6-4d0d-ba1e-c871b93b62db", "query": "biden", "docid": "Sc8121560-A44e328c5", "rank": "80", "url": "https://www.debate.org/debates/Social-Security-Cuts/1/"}
{"type": "searchResultGenerated", "timestamp": "2026-02-12T12:37:09.210Z", "sessionID": "e37a2f08-04f6-4d0d-ba1e-c871b93b62db", "query": "biden", "docid": "S3e442442-Ac692f778", "rank": "90", "url": "https://www.debate.org/debates/The-Democratic-leadership-is-more-capable-of-winning-the-War-on-Terror-than-the-Republican-leaders/2/"}
{"type": "searchResultGenerated", "timestamp": "2026-02-12T12:37:09.210Z", "sessionID": "e37a2f08-04f6-4d0d-ba1e-c871b93b62db", "query": "biden", "docid": "S6c46a6b8-A75884c2f", "rank": "100", "url": "https://www.debate.org/debates/Sarah-Palin-The-Worst-Possible-Republican-Choice/1/"}
{"type": "clickedResult", "timestamp": "2026-02-12T12:37:10.791Z", "sessionID": "e37a2f08-04f6-4d0d-ba1e-c871b93b62db", "query": "biden", "url": "https://www.debate.org/debates/A-Joe-Biden-Elizabeth-Warren-ticket-would-defeat-a-Hillary-Clinton-ticket-in-the-primaries/1/", "rank": "40"}
{"type": "searchResultGenerated", "timestamp": "2026-02-12T12:37:12.399Z", "sessionID": "e37a2f08-04f6-4d0d-ba1e-c871b93b62db", "query": "biden", "docid": "S3e442442-A97df7750", "rank": "10", "url": "https://www.debate.org/debates/The-Democratic-leadership-is-more-capable-of-winning-the-War-on-Terror-than-the-Republican-leaders/2/"}
{"type": "searchResultGenerated", "timestamp": "2026-02-12T12:37:12.399Z", "sessionID": "e37a2f08-04f6-4d0d-ba1e-c871b93b62db", "query": "biden", "docid": "S3e442442-A1fe6f73b", "rank": "20", "url": "https://www.debate.org/debates/The-Democratic-leadership-is-more-capable-of-winning-the-War-on-Terror-than-the-Republican-leaders/2/"}
{"type": "searchResultGenerated", "timestamp": "2026-02-12T12:37:12.400Z", "sessionID": "e37a2f08-04f6-4d0d-ba1e-c871b93b62db", "query": "biden", "docid": "S3e442442-A18cf1988", "rank": "30", "url": "https://www.debate.org/debates/The-Democratic-leadership-is-more-capable-of-winning-the-War-on-Terror-than-the-Republican-leaders/2/"}
{"type": "searchResultGenerated", "timestamp": "2026-02-12T12:37:12.400Z", "sessionID": "e37a2f08-04f6-4d0d-ba1e-c871b93b62db", "query": "biden", "docid": "S33e23fc9-A61852e10", "rank": "40", "url": "https://www.debate.org/debates/A-Joe-Biden-Elizabeth-Warren-ticket-would-defeat-a-Hillary-Clinton-ticket-in-the-primaries/1/"}
{"type": "searchResultGenerated", "timestamp": "2026-02-12T12:37:12.400Z", "sessionID": "e37a2f08-04f6-4d0d-ba1e-c871b93b62db", "query": "biden", "docid": "S3e442442-A7cc1b80f", "rank": "50", "url": "https://www.debate.org/debates/The-Democratic-leadership-is-more-capable-of-winning-the-War-on-Terror-than-the-Republican-leaders/2/"}
{"type": "searchResultGenerated", "timestamp": "2026-02-12T12:37:12.400Z", "sessionID": "e37a2f08-04f6-4d0d-ba1e-c871b93b62db", "query": "biden", "docid": "Sdb348889-A75949dc6", "rank": "60", "url": "https://www.debate.org/debates/CNN-should-let-Joe-Biden-participate-in-their-Democratic-Presidential-debate-even-if-he-doesnt-run/1/"}
{"type": "searchResultGenerated", "timestamp": "2026-02-12T12:37:12.400Z", "sessionID": "e37a2f08-04f6-4d0d-ba1e-c871b93b62db", "query": "biden", "docid": "Sabebaa9d-A5ff13dbc", "rank": "70", "url": "https://www.debate.org/debates/Resolved-2012-Obama-would-beat-2008-Obama-in-a-presidential-race-1-on-1/1/"}
{"type": "searchResultGenerated", "timestamp": "2026-02-12T12:37:12.400Z", "sessionID": "e37a2f08-04f6-4d0d-ba1e-c871b93b62db", "query": "biden", "docid": "Sc8121560-A44e328c5", "rank": "80", "url": "https://www.debate.org/debates/Social-Security-Cuts/1/"}
{"type": "searchResultGenerated", "timestamp": "2026-02-12T12:37:12.400Z", "sessionID": "e37a2f08-04f6-4d0d-ba1e-c871b93b62db", "query": "biden", "docid": "S3e442442-Ac692f778", "rank": "90", "url": "https://www.debate.org/debates/The-Democratic-leadership-is-more-capable-of-winning-the-War-on-Terror-than-the-Republican-leaders/2/"}
{"type": "searchResultGenerated", "timestamp": "2026-02-12T12:37:12.400Z", "sessionID": "e37a2f08-04f6-4d0d-ba1e-c871b93b62db", "query": "biden", "docid": "S6c46a6b8-A75884c2f", "rank": "100", "url": "https://www.debate.org/debates/Sarah-Palin-The-Worst-Possible-Republican-Choice/1/"}
{"type": "clickedResult", "timestamp": "2026-02-12T12:37:14.797Z", "sessionID": "e37a2f08-04f6-4d0d-ba1e-c871b93b62db", "query": "biden", "url": "https://www.debate.org/debates/Social-Security-Cuts/1/", "rank": "80"}
{"type": "searchResultGenerated", "timestamp": "2026-02-12T12:37:16.152Z", "sessionID": "e37a2f08-04f6-4d0d-ba1e-c871b93b62db", "query": "biden", "docid": "S3e442442-A97df7750", "rank": "10", "url": "https://www.debate.org/debates/The-Democratic-leadership-is-more-capable-of-winning-the-War-on-Terror-than-the-Republican-leaders/2/"}
{"type": "searchResultGenerated", "timestamp": "2026-02-12T12:37:16.153Z", "sessionID": "e37a2f08-04f6-4d0d-ba1e-c871b93b62db", "query": "biden", "docid": "S3e442442-A1fe6f73b", "rank": "20", "url": "https://www.debate.org/debates/The-Democratic-leadership-is-more-capable-of-winning-the-War-on-Terror-than-the-Republican-leaders/2/"}
{"type": "searchResultGenerated", "timestamp": "2026-02-12T12:37:16.153Z", "sessionID": "e37a2f08-04f6-4d0d-ba1e-c871b93b62db", "query": "biden", "docid": "S3e442442-A18cf1988", "rank": "30", "url": "https://www.debate.org/debates/The-Democratic-leadership-is-more-capable-of-winning-the-War-on-Terror-than-the-Republican-leaders/2/"}
{"type": "searchResultGenerated", "timestamp": "2026-02-12T12:37:16.154Z", "sessionID": "e37a2f08-04f6-4d0d-ba1e-c871b93b62db", "query": "biden", "docid": "S33e23fc9-A61852e10", "rank": "40", "url": "https://www.debate.org/debates/A-Joe-Biden-Elizabeth-Warren-ticket-would-defeat-a-Hillary-Clinton-ticket-in-the-primaries/1/"}
{"type": "searchResultGenerated", "timestamp": "2026-02-12T12:37:16.154Z", "sessionID": "e37a2f08-04f6-4d0d-ba1e-c871b93b62db", "query": "biden", "docid": "S3e442442-A7cc1b80f", "rank": "50", "url": "https://www.debate.org/debates/The-Democratic-leadership-is-more-capable-of-winning-the-War-on-Terror-than-the-Republican-leaders/2/"}
{"type": "searchResultGenerated", "timestamp": "2026-02-12T12:37:16.155Z", "sessionID": "e37a2f08-04f6-4d0d-ba1e-c871b93b62db", "query": "biden", "docid": "Sdb348889-A75949dc6", "rank": "60", "url": "https://www.debate.org/debates/CNN-should-let-Joe-Biden-participate-in-their-Democratic-Presidential-debate-even-if-he-doesnt-run/1/"}
{"type": "searchResultGenerated", "timestamp": "2026-02-12T12:37:16.155Z", "sessionID": "e37a2f08-04f6-4d0d-ba1e-c871b93b62db", "query": "biden", "docid": "Sabebaa9d-A5ff13dbc", "rank": "70", "url": "https://www.debate.org/debates/Resolved-2012-Obama-would-beat-2008-Obama-in-a-presidential-race-1-on-1/1/"}
{"type": "searchResultGenerated", "timestamp": "2026-02-12T12:37:16.156Z", "sessionID": "e37a2f08-04f6-4d0d-ba1e-c871b93b62db", "query": "biden", "docid": "Sc8121560-A44e328c5", "rank": "80", "url": "https://www.debate.org/debates/Social-Security-Cuts/1/"}
{"type": "searchResultGenerated", "timestamp": "2026-02-12T12:37:16.156Z", "sessionID": "e37a2f08-04f6-4d0d-ba1e-c871b93b62db", "query": "biden", "docid": "S3e442442-Ac692f778", "rank": "90", "url": "https://www.debate.org/debates/The-Democratic-leadership-is-more-capable-of-winning-the-War-on-Terror-than-the-Republican-leaders/2/"}
{"type": "searchResultGenerated", "timestamp": "2026-02-12T12:37:16.157Z", "sessionID": "e37a2f08-04f6-4d0d-ba1e-c871b93b62db", "query": "biden", "docid": "S6c46a6b8-A75884c2f", "rank": "100", "url": "https://www.debate.org/debates/Sarah-Palin-The-Worst-Possible-Republican-Choice/1/"}
{"type": "pageNavigationClicked", "timestamp": "2026-02-12T12:37:18.062Z", "sessionID": "e37a2f08-04f6-4d0d-ba1e-c871b93b62db", "clicked": "7", "fromPage": 1, "toPage": 7}
{"type": "searchResultGenerated", "timestamp": "2026-02-12T12:37:19.227Z", "sessionID": "e37a2f08-04f6-4d0d-ba1e-c871b93b62db", "query": "biden", "docid": "Scc8c525a-Ae8014f4d", "rank": "160", "url": "https://www.debate.org/debates/Sarah-Palin-is-not-ready-for-possible-Vice-Presidency/1/"}
{"type": "searchResultGenerated", "timestamp": "2026-02-12T12:37:19.228Z", "sessionID": "e37a2f08-04f6-4d0d-ba1e-c871b93b62db", "query": "biden", "docid": "Sebb2fd98-Ae4b974c7", "rank": "260", "url": "https://www.debate.org/debates/weather-or-not-the-us-would-be-justified-in-persuing-military-action-aginst-iran/1/"}
{"type": "searchResultGenerated", "timestamp": "2026-02-12T12:37:19.228Z", "sessionID": "e37a2f08-04f6-4d0d-ba1e-c871b93b62db", "query": "biden", "docid": "S47ca8488-A98d05713", "rank": "360", "url": "https://www.debate.org/debates/Abortion/32/"}
{"type": "searchResultGenerated", "timestamp": "2026-02-12T12:37:19.228Z", "sessionID": "e37a2f08-04f6-4d0d-ba1e-c871b93b62db", "query": "biden", "docid": "S1b383328-Ac98812fd", "rank": "460", "url": "https://www.debate.org/debates/John-McCain-picking-Sarah-Palin-was-a-bad-move/1/"}
{"type": "searchResultGenerated", "timestamp": "2026-02-12T12:37:19.229Z", "sessionID": "e37a2f08-04f6-4d0d-ba1e-c871b93b62db", "query": "biden", "docid": "S6ec865b2-Ad1008cdb", "rank": "560", "url": "https://www.debate.org/debates/Congress-and-Obama-Should-be-Sodomized-in-their-Anuss/1/"}
{"type": "searchResultGenerated", "timestamp": "2026-02-12T12:37:19.229Z", "sessionID": "e37a2f08-04f6-4d0d-ba1e-c871b93b62db", "query": "biden", "docid": "S174dab15-Ac9a1681c", "rank": "660", "url": "https://www.debate.org/debates/Medical-Marijuana/6/"}
{"type": "searchResultGenerated", "timestamp": "2026-02-12T12:37:19.229Z", "sessionID": "e37a2f08-04f6-4d0d-ba1e-c871b93b62db", "query": "biden", "docid": "Sf979f277-A3243887c", "rank": "760", "url": "https://www.debate.org/debates/Fox-news-is-not-a-reliable-station-and-spreads-propaganda/1/"}
{"type": "searchResultGenerated", "timestamp": "2026-02-12T12:37:19.229Z", "sessionID": "e37a2f08-04f6-4d0d-ba1e-c871b93b62db", "query": "biden", "docid": "S99bbd8bb-Addf287e6", "rank": "860", "url": "https://www.debate.org/debates/Barack-Obama-is-a-bad-president./1/"}
{"type": "searchResultGenerated", "timestamp": "2026-02-12T12:37:19.229Z", "sessionID": "e37a2f08-04f6-4d0d-ba1e-c871b93b62db", "query": "biden", "docid": "S3e4d99ce-A3bf07dae", "rank": "960", "url": "https://www.debate.org/debates/Marco-Rubio-Would-Be-the-Best-VP-Choice/1/"}
{"type": "searchResultGenerated", "timestamp": "2026-02-12T12:37:19.229Z", "sessionID": "e37a2f08-04f6-4d0d-ba1e-c871b93b62db", "query": "biden", "docid": "S368630f6-Abb172ee", "rank": "1060", "url": "https://www.debate.org/debates/The-U.-S.-adopting-Cap-and-Trade-will-have-a-significant-effect-on-climate./1/"}
{"type": "clickedResult", "timestamp": "2026-02-12T12:37:20.350Z", "sessionID": "e37a2f08-04f6-4d0d-ba1e-c871b93b62db", "query": "biden", "url": "https://www.debate.org/debates/Abortion/32/", "rank": "360"}
{"type": "clickedBack", "timestamp": "2026-02-12T12:37:21.889Z", "sessionID": "e37a2f08-04f6-4d0d-ba1e-c871b93b62db", "query": "biden"}
{"type": "ClickedEndTask", "timestamp": "2026-02-12T12:37:23.010Z", "sessionID": "e37a2f08-04f6-4d0d-ba1e-c871b93b62db"}
{"type": "TaskEndConfirmed", "timestamp": "2026-02-12T12:37:23.949Z", "sessionID": "e37a2f08-04f6-4d0d-ba1e-c871b93b62db"}
