{"type": "idSubmitted", "timestamp": "2026-02-09T09:50:28.513Z", "sessionID": "8435df04-b7f9-4710-9a15-9deb2d9f758c", "uid": "Participant1"}
{"type": "TaskStarted", "timestamp": "2026-02-09T09:50:29.843Z", "sessionID": "8435df04-b7f9-4710-9a15-9deb2d9f758c", "task": "1", "uid": "Participant1", "topic": "Is human activity primarily responsible for global climate change?"}
{"type": "queryBoxFocused", "timestamp": "2026-02-09T09:50:30.911Z", "sessionID": "8435df04-b7f9-4710-9a15-9deb2d9f758c"}
{"type": "querySubmitted", "timestamp": "2026-02-09T09:50:37.345Z", "sessionID": "8435df04-b7f9-4710-9a15-9deb2d9f758c", "query": "global climate change reasons"}
{"type": "searchResultGenerated", "timestamp": "2026-02-09T09:50:39.406Z", "sessionID": "8435df04-b7f9-4710-9a15-9deb2d9f758c", "docid": "", "rank": "1", "url": "https://www.un.org/en/climatechange/science/causes-effects-climate-change"}
{"type": "searchResultGenerated", "timestamp": "2026-02-09T09:50:39.406Z", "sessionID": "8435df04-b7f9-4710-9a15-9deb2d9f758c", "docid": "", "rank": "2", "url": "https://www.epa.gov/climatechange-science/causes-climate-change"}
{"type": "searchResultGenerated", "timestamp": "2026-02-09T09:50:39.406Z", "sessionID": "8435df04-b7f9-4710-9a15-9deb2d9f758c", "docid": "", "rank": "3", "url": "https://science.nasa.gov/climate-change/causes/"}
{"type": "searchResultGenerated", "timestamp": "2026-02-09T09:50:39.406Z", "sessionID": "8435df04-b7f9-4710-9a15-9deb2d9f758c", "docid": "", "rank": "4", "url": "https://www.nrdc.org/stories/what-are-causes-climate-change"}
{"type": "searchResultGenerated", "timestamp": "2026-02-09T09:50:39.407Z", "sessionID": "8435df04-b7f9-4710-9a15-9deb2d9f758c", "docid": "", "rank": "5", "url": "https://climate.ec.europa.eu/climate-change/causes-climate-change_en"}
{"type": "searchResultGenerated", "timestamp": "2026-02-09T09:50:39.407Z", "sessionID": "8435df04-b7f9-4710-9a15-9deb2d9f758c", "docid": "", "rank": "6", "url": "https://en.wikipedia.org/wiki/Climate_change"}
{"type": "searchResultGenerated", "timestamp": "2026-02-09T09:50:39.407Z", "sessionID": "8435df04-b7f9-4710-9a15-9deb2d9f758c", "docid": "", "rank": "7", "url": "https://www.greenpeace.org.uk/challenges/climate-change/what-causes-climate-change/"}
{"type": "searchResultGenerated", "timestamp": "2026-02-09T09:50:39.407Z", "sessionID": "8435df04-b7f9-4710-9a15-9deb2d9f758c", "docid": "", "rank": "8", "url": "https://www.bgs.ac.uk/discovering-geology/climate-change/what-causes-the-earths-climate-to-change/"}
{"type": "searchResultGenerated", "timestamp": "2026-02-09T09:50:39.407Z", "sessionID": "8435df04-b7f9-4710-9a15-9deb2d9f758c", "docid": "", "rank": "9", "url": "https://www.climate.gov/news-features/climate-qa/what-evidence-exists-earth-warming-and-humans-are-main-cause"}
{"type": "clickedResult", "timestamp": "2026-02-09T09:50:40.378Z", "sessionID": "8435df04-b7f9-4710-9a15-9deb2d9f758c", "url": "https://www.un.org/en/climatechange/science/causes-effects-climate-change", "rank": "1"}
{"type": "searchResultGenerated", "timestamp": "2026-02-09T09:50:42.634Z", "sessionID": "8435df04-b7f9-4710-9a15-9deb2d9f758c", "docid": "", "rank": "1", "url": "https://www.un.org/en/climatechange/science/causes-effects-climate-change"}
{"type": "searchResultGenerated", "timestamp": "2026-02-09T09:50:42.634Z", "sessionID": "8435df04-b7f9-4710-9a15-9deb2d9f758c", "docid": "", "rank": "2", "url": "https://www.epa.gov/climatechange-science/causes-climate-change"}
{"type": "searchResultGenerated", "timestamp": "2026-02-09T09:50:42.634Z", "sessionID": "8435df04-b7f9-4710-9a15-9deb2d9f758c", "docid": "", "rank": "3", "url": "https://science.nasa.gov/climate-change/causes/"}
{"type": "searchResultGenerated", "timestamp": "2026-02-09T09:50:42.634Z", "sessionID": "8435df04-b7f9-4710-9a15-9deb2d9f758c", "docid": "", "rank": "4", "url": "https://www.nrdc.org/stories/what-are-causes-climate-change"}
{"type": "searchResultGenerated", "timestamp": "2026-02-09T09:50:42.634Z", "sessionID": "8435df04-b7f9-4710-9a15-9deb2d9f758c", "docid": "", "rank": "5", "url": "https://climate.ec.europa.eu/climate-change/causes-climate-change_en"}
{"type": "searchResultGenerated", "timestamp": "2026-02-09T09:50:42.634Z", "sessionID": "8435df04-b7f9-4710-9a15-9deb2d9f758c", "docid": "", "rank": "6", "url": "https://en.wikipedia.org/wiki/Climate_change"}
{"type": "searchResultGenerated", "timestamp": "2026-02-09T09:50:42.634Z", "sessionID": "8435df04-b7f9-4710-9a15-9deb2d9f758c", "docid": "", "rank": "7", "url": "https://www.greenpeace.org.uk/challenges/climate-change/what-causes-climate-change/"}
{"type": "searchResultGenerated", "timestamp": "2026-02-09T09:50:42.634Z", "sessionID": "8435df04-b7f9-4710-9a15-9deb2d9f758c", "docid": "", "rank": "8", "url": "https://www.bgs.ac.uk/discovering-geology/climate-change/what-causes-the-earths-climate-to-change/"}
{"type": "searchResultGenerated", "timestamp": "2026-02-09T09:50:42.634Z", "sessionID": "8435df04-b7f9-4710-9a15-9deb2d9f758c", "docid": "", "rank": "9", "url": "https://www.climate.gov/news-features/climate-qa/what-evidence-exists-earth-warming-and-humans-are-main-cause"}
{"type": "clickedResult", "timestamp": "2026-02-09T09:50:43.968Z", "sessionID": "8435df04-b7f9-4710-9a15-9deb2d9f758c", "url": "https://science.nasa.gov/climate-change/causes/", "rank": "3"}
{"type": "searchResultGenerated", "timestamp": "2026-02-09T09:50:46.251Z", "sessionID": "8435df04-b7f9-4710-9a15-9deb2d9f758c", "docid": "", "rank": "1", "url": "https://www.un.org/en/climatechange/science/causes-effects-climate-change"}
{"type": "searchResultGenerated", "timestamp": "2026-02-09T09:50:46.251Z", "sessionID": "8435df04-b7f9-4710-9a15-9deb2d9f758c", "docid": "", "rank": "2", "url": "https://www.epa.gov/climatechange-science/causes-climate-change"}
{"type": "searchResultGenerated", "timestamp": "2026-02-09T09:50:46.252Z", "sessionID": "8435df04-b7f9-4710-9a15-9deb2d9f758c", "docid": "", "rank": "3", "url": "https://science.nasa.gov/climate-change/causes/"}
{"type": "searchResultGenerated", "timestamp": "2026-02-09T09:50:46.252Z", "sessionID": "8435df04-b7f9-4710-9a15-9deb2d9f758c", "docid": "", "rank": "4", "url": "https://www.nrdc.org/stories/what-are-causes-climate-change"}
{"type": "searchResultGenerated", "timestamp": "2026-02-09T09:50:46.252Z", "sessionID": "8435df04-b7f9-4710-9a15-9deb2d9f758c", "docid": "", "rank": "5", "url": "https://climate.ec.europa.eu/climate-change/causes-climate-change_en"}
{"type": "searchResultGenerated", "timestamp": "2026-02-09T09:50:46.252Z", "sessionID": "8435df04-b7f9-4710-9a15-9deb2d9f758c", "docid": "", "rank": "6", "url": "https://en.wikipedia.org/wiki/Climate_change"}
{"type": "searchResultGenerated", "timestamp": "2026-02-09T09:50:46.252Z", "sessionID": "8435df04-b7f9-4710-9a15-9deb2d9f758c", "docid": "", "rank": "7", "url": "https://www.greenpeace.org.uk/challenges/climate-change/what-causes-climate-change/"}
{"type": "searchResultGenerated", "timestamp": "2026-02-09T09:50:46.252Z", "sessionID": "8435df04-b7f9-4710-9a15-9deb2d9f758c", "docid": "", "rank": "8", "url": "https://www.bgs.ac.uk/discovering-geology/climate-change/what-causes-the-earths-climate-to-change/"}
{"type": "searchResultGenerated", "timestamp": "2026-02-09T09:50:46.252Z", "sessionID": "8435df04-b7f9-4710-9a15-9deb2d9f758c", "docid": "", "rank": "9", "url": "https://www.climate.gov/news-features/climate-qa/what-evidence-exists-earth-warming-and-humans-are-main-cause"}
{"type": "queryBoxFocused", "timestamp": "2026-02-09T09:50:47.158Z", "sessionID": "8435df04-b7f9-4710-9a15-9deb2d9f758c"}
{"type": "querySubmitted", "timestamp": "2026-02-09T09:50:51.049Z", "sessionID": "8435df04-b7f9-4710-9a15-9deb2d9f758c", "query": "what is climate change"}
{"type": "searchResultGenerated", "timestamp": "2026-02-09T09:50:53.255Z", "sessionID": "8435df04-b7f9-4710-9a15-9deb2d9f758c", "docid": "", "rank": "1", "url": "https://www.un.org/en/climatechange/what-is-climate-change"}
{"type": "searchResultGenerated", "timestamp": "2026-02-09T09:50:53.255Z", "sessionID": "8435df04-b7f9-4710-9a15-9deb2d9f758c", "docid": "", "rank": "2", "url": "https://science.nasa.gov/climate-change/what-is-climate-change/"}
{"type": "searchResultGenerated", "timestamp": "2026-02-09T09:50:53.255Z", "sessionID": "8435df04-b7f9-4710-9a15-9deb2d9f758c", "docid": "", "rank": "3", "url": "https://wmo.int/topics/climate-change"}
{"type": "searchResultGenerated", "timestamp": "2026-02-09T09:50:53.255Z", "sessionID": "8435df04-b7f9-4710-9a15-9deb2d9f758c", "docid": "", "rank": "4", "url": "https://climate.colorado.gov/learn"}
{"type": "searchResultGenerated", "timestamp": "2026-02-09T09:50:53.255Z", "sessionID": "8435df04-b7f9-4710-9a15-9deb2d9f758c", "docid": "", "rank": "5", "url": "https://www.natgeokids.com/au/discover/geography/general-geography/what-is-climate-change/"}
{"type": "searchResultGenerated", "timestamp": "2026-02-09T09:50:53.255Z", "sessionID": "8435df04-b7f9-4710-9a15-9deb2d9f758c", "docid": "", "rank": "6", "url": "https://en.wikipedia.org/wiki/Climate_change"}
{"type": "searchResultGenerated", "timestamp": "2026-02-09T09:50:53.255Z", "sessionID": "8435df04-b7f9-4710-9a15-9deb2d9f758c", "docid": "", "rank": "7", "url": "https://www.bbc.com/news/articles/c9w15nggj58o"}
{"type": "searchResultGenerated", "timestamp": "2026-02-09T09:50:53.256Z", "sessionID": "8435df04-b7f9-4710-9a15-9deb2d9f758c", "docid": "", "rank": "8", "url": "https://science.nasa.gov/kids/earth/what-is-climate-change/"}
{"type": "searchResultGenerated", "timestamp": "2026-02-09T09:50:53.256Z", "sessionID": "8435df04-b7f9-4710-9a15-9deb2d9f758c", "docid": "", "rank": "9", "url": "https://www.amnh.org/explore/ology/climate-change"}
{"type": "searchResultGenerated", "timestamp": "2026-02-09T09:50:53.256Z", "sessionID": "8435df04-b7f9-4710-9a15-9deb2d9f758c", "docid": "", "rank": "10", "url": "https://www.noaa.gov/education/resource-collections/climate/climate-change-impacts"}
{"type": "clickedResult", "timestamp": "2026-02-09T09:50:54.148Z", "sessionID": "8435df04-b7f9-4710-9a15-9deb2d9f758c", "url": "https://climate.colorado.gov/learn", "rank": "4"}
{"type": "searchResultGenerated", "timestamp": "2026-02-09T09:50:56.267Z", "sessionID": "8435df04-b7f9-4710-9a15-9deb2d9f758c", "docid": "", "rank": "1", "url": "https://www.un.org/en/climatechange/what-is-climate-change"}
{"type": "searchResultGenerated", "timestamp": "2026-02-09T09:50:56.267Z", "sessionID": "8435df04-b7f9-4710-9a15-9deb2d9f758c", "docid": "", "rank": "2", "url": "https://science.nasa.gov/climate-change/what-is-climate-change/"}
{"type": "searchResultGenerated", "timestamp": "2026-02-09T09:50:56.267Z", "sessionID": "8435df04-b7f9-4710-9a15-9deb2d9f758c", "docid": "", "rank": "3", "url": "https://wmo.int/topics/climate-change"}
{"type": "searchResultGenerated", "timestamp": "2026-02-09T09:50:56.267Z", "sessionID": "8435df04-b7f9-4710-9a15-9deb2d9f758c", "docid": "", "rank": "4", "url": "https://climate.colorado.gov/learn"}
{"type": "searchResultGenerated", "timestamp": "2026-02-09T09:50:56.268Z", "sessionID": "8435df04-b7f9-4710-9a15-9deb2d9f758c", "docid": "", "rank": "5", "url": "https://www.natgeokids.com/au/discover/geography/general-geography/what-is-climate-change/"}
{"type": "searchResultGenerated", "timestamp": "2026-02-09T09:50:56.268Z", "sessionID": "8435df04-b7f9-4710-9a15-9deb2d9f758c", "docid": "", "rank": "6", "url": "https://en.wikipedia.org/wiki/Climate_change"}
{"type": "searchResultGenerated", "timestamp": "2026-02-09T09:50:56.268Z", "sessionID": "8435df04-b7f9-4710-9a15-9deb2d9f758c", "docid": "", "rank": "7", "url": "https://www.bbc.com/news/articles/c9w15nggj58o"}
{"type": "searchResultGenerated", "timestamp": "2026-02-09T09:50:56.268Z", "sessionID": "8435df04-b7f9-4710-9a15-9deb2d9f758c", "docid": "", "rank": "8", "url": "https://science.nasa.gov/kids/earth/what-is-climate-change/"}
{"type": "searchResultGenerated", "timestamp": "2026-02-09T09:50:56.268Z", "sessionID": "8435df04-b7f9-4710-9a15-9deb2d9f758c", "docid": "", "rank": "9", "url": "https://www.amnh.org/explore/ology/climate-change"}
{"type": "searchResultGenerated", "timestamp": "2026-02-09T09:50:56.268Z", "sessionID": "8435df04-b7f9-4710-9a15-9deb2d9f758c", "docid": "", "rank": "10", "url": "https://www.noaa.gov/education/resource-collections/climate/climate-change-impacts"}
{"type": "clickedResult", "timestamp": "2026-02-09T09:50:57.890Z", "sessionID": "8435df04-b7f9-4710-9a15-9deb2d9f758c", "url": "https://en.wikipedia.org/wiki/Climate_change", "rank": "6"}
{"type": "searchResultGenerated", "timestamp": "2026-02-09T09:51:00.292Z", "sessionID": "8435df04-b7f9-4710-9a15-9deb2d9f758c", "docid": "", "rank": "1", "url": "https://www.un.org/en/climatechange/what-is-climate-change"}
{"type": "searchResultGenerated", "timestamp": "2026-02-09T09:51:00.293Z", "sessionID": "8435df04-b7f9-4710-9a15-9deb2d9f758c", "docid": "", "rank": "2", "url": "https://science.nasa.gov/climate-change/what-is-climate-change/"}
{"type": "searchResultGenerated", "timestamp": "2026-02-09T09:51:00.293Z", "sessionID": "8435df04-b7f9-4710-9a15-9deb2d9f758c", "docid": "", "rank": "3", "url": "https://wmo.int/topics/climate-change"}
{"type": "searchResultGenerated", "timestamp": "2026-02-09T09:51:00.293Z", "sessionID": "8435df04-b7f9-4710-9a15-9deb2d9f758c", "docid": "", "rank": "4", "url": "https://climate.colorado.gov/learn"}
{"type": "searchResultGenerated", "timestamp": "2026-02-09T09:51:00.294Z", "sessionID": "8435df04-b7f9-4710-9a15-9deb2d9f758c", "docid": "", "rank": "5", "url": "https://www.natgeokids.com/au/discover/geography/general-geography/what-is-climate-change/"}
{"type": "searchResultGenerated", "timestamp": "2026-02-09T09:51:00.294Z", "sessionID": "8435df04-b7f9-4710-9a15-9deb2d9f758c", "docid": "", "rank": "6", "url": "https://en.wikipedia.org/wiki/Climate_change"}
{"type": "searchResultGenerated", "timestamp": "2026-02-09T09:51:00.294Z", "sessionID": "8435df04-b7f9-4710-9a15-9deb2d9f758c", "docid": "", "rank": "7", "url": "https://www.bbc.com/news/articles/c9w15nggj58o"}
{"type": "searchResultGenerated", "timestamp": "2026-02-09T09:51:00.294Z", "sessionID": "8435df04-b7f9-4710-9a15-9deb2d9f758c", "docid": "", "rank": "8", "url": "https://science.nasa.gov/kids/earth/what-is-climate-change/"}
{"type": "searchResultGenerated", "timestamp": "2026-02-09T09:51:00.294Z", "sessionID": "8435df04-b7f9-4710-9a15-9deb2d9f758c", "docid": "", "rank": "9", "url": "https://www.amnh.org/explore/ology/climate-change"}
{"type": "searchResultGenerated", "timestamp": "2026-02-09T09:51:00.294Z", "sessionID": "8435df04-b7f9-4710-9a15-9deb2d9f758c", "docid": "", "rank": "10", "url": "https://www.noaa.gov/education/resource-collections/climate/climate-change-impacts"}
{"type": "ClickedEndTask", "timestamp": "2026-02-09T09:51:02.197Z", "sessionID": "8435df04-b7f9-4710-9a15-9deb2d9f758c"}
{"type": "TaskEndConfirmed", "timestamp": "2026-02-09T09:51:03.012Z", "sessionID": "8435df04-b7f9-4710-9a15-9deb2d9f758c"}
{"type": "TaskEnded", "timestamp": "2026-02-09T09:51:09.683Z", "sessionID": "8435df04-b7f9-4710-9a15-9deb2d9f758c", "reason": "done searching for task 1"}
