{"type": "idSubmitted", "timestamp": "2026-02-10T10:12:21.887Z", "sessionID": "7df6e362-ff12-4380-84bf-85893e8b62a6", "uid": "Participant39"}
{"type": "queryBoxFocused", "timestamp": "2026-02-10T10:12:23.373Z", "sessionID": "7df6e362-ff12-4380-84bf-85893e8b62a6"}
{"type": "querySubmitted", "timestamp": "2026-02-10T10:12:28.576Z", "sessionID": "7df6e362-ff12-4380-84bf-85893e8b62a6", "query": "ancient rome leaders", "newQuery": "1"}
{"type": "searchResultGenerated", "timestamp": "2026-02-10T10:12:31.793Z", "sessionID": "7df6e362-ff12-4380-84bf-85893e8b62a6", "query": "ancient rome leaders", "docid": "", "rank": "1", "url": "https://en.wikipedia.org/wiki/List_of_Roman_emperors", "newQuery": "1"}
{"type": "searchResultGenerated", "timestamp": "2026-02-10T10:12:31.794Z", "sessionID": "7df6e362-ff12-4380-84bf-85893e8b62a6", "query": "ancient rome leaders", "docid": "", "rank": "2", "url": "https://www.britannica.com/place/list-of-Roman-emperors-2043294", "newQuery": "0"}
{"type": "searchResultGenerated", "timestamp": "2026-02-10T10:12:31.794Z", "sessionID": "7df6e362-ff12-4380-84bf-85893e8b62a6", "query": "ancient rome leaders", "docid": "", "rank": "3", "url": "https://www.metmuseum.org/toah/hd/roru/hd_roru.htm", "newQuery": "0"}
{"type": "searchResultGenerated", "timestamp": "2026-02-10T10:12:31.794Z", "sessionID": "7df6e362-ff12-4380-84bf-85893e8b62a6", "query": "ancient rome leaders", "docid": "", "rank": "4", "url": "https://www.infoplease.com/biographies/government-politics/world-leaders/roman-republic-and-roman-empire-rulers", "newQuery": "0"}
{"type": "searchResultGenerated", "timestamp": "2026-02-10T10:12:31.794Z", "sessionID": "7df6e362-ff12-4380-84bf-85893e8b62a6", "query": "ancient rome leaders", "docid": "", "rank": "5", "url": "https://www.thecollector.com/list-roman-emperors/", "newQuery": "0"}
{"type": "searchResultGenerated", "timestamp": "2026-02-10T10:12:31.795Z", "sessionID": "7df6e362-ff12-4380-84bf-85893e8b62a6", "query": "ancient rome leaders", "docid": "", "rank": "6", "url": "https://en.wikipedia.org/wiki/Roman_emperor", "newQuery": "0"}
{"type": "searchResultGenerated", "timestamp": "2026-02-10T10:12:31.795Z", "sessionID": "7df6e362-ff12-4380-84bf-85893e8b62a6", "query": "ancient rome leaders", "docid": "", "rank": "7", "url": "https://www.reddit.com/r/ancientrome/comments/1gy7l33/whats_your_top_10_list_of_roman_emperors/", "newQuery": "0"}
{"type": "clickedResult", "timestamp": "2026-02-10T10:12:32.965Z", "sessionID": "7df6e362-ff12-4380-84bf-85893e8b62a6", "query": "ancient rome leaders", "url": "https://www.infoplease.com/biographies/government-politics/world-leaders/roman-republic-and-roman-empire-rulers", "rank": "4"}
{"type": "searchResultGenerated", "timestamp": "2026-02-10T10:12:35.350Z", "sessionID": "7df6e362-ff12-4380-84bf-85893e8b62a6", "query": "ancient rome leaders", "docid": "", "rank": "1", "url": "https://en.wikipedia.org/wiki/List_of_Roman_emperors", "newQuery": "0"}
{"type": "searchResultGenerated", "timestamp": "2026-02-10T10:12:35.351Z", "sessionID": "7df6e362-ff12-4380-84bf-85893e8b62a6", "query": "ancient rome leaders", "docid": "", "rank": "2", "url": "https://www.britannica.com/place/list-of-Roman-emperors-2043294", "newQuery": "0"}
{"type": "searchResultGenerated", "timestamp": "2026-02-10T10:12:35.351Z", "sessionID": "7df6e362-ff12-4380-84bf-85893e8b62a6", "query": "ancient rome leaders", "docid": "", "rank": "3", "url": "https://www.metmuseum.org/toah/hd/roru/hd_roru.htm", "newQuery": "0"}
{"type": "searchResultGenerated", "timestamp": "2026-02-10T10:12:35.351Z", "sessionID": "7df6e362-ff12-4380-84bf-85893e8b62a6", "query": "ancient rome leaders", "docid": "", "rank": "4", "url": "https://www.infoplease.com/biographies/government-politics/world-leaders/roman-republic-and-roman-empire-rulers", "newQuery": "0"}
{"type": "searchResultGenerated", "timestamp": "2026-02-10T10:12:35.351Z", "sessionID": "7df6e362-ff12-4380-84bf-85893e8b62a6", "query": "ancient rome leaders", "docid": "", "rank": "5", "url": "https://www.thecollector.com/list-roman-emperors/", "newQuery": "0"}
{"type": "searchResultGenerated", "timestamp": "2026-02-10T10:12:35.351Z", "sessionID": "7df6e362-ff12-4380-84bf-85893e8b62a6", "query": "ancient rome leaders", "docid": "", "rank": "6", "url": "https://en.wikipedia.org/wiki/Roman_emperor", "newQuery": "0"}
{"type": "searchResultGenerated", "timestamp": "2026-02-10T10:12:35.351Z", "sessionID": "7df6e362-ff12-4380-84bf-85893e8b62a6", "query": "ancient rome leaders", "docid": "", "rank": "7", "url": "https://www.reddit.com/r/ancientrome/comments/1gy7l33/whats_your_top_10_list_of_roman_emperors/", "newQuery": "0"}
{"type": "clickedResult", "timestamp": "2026-02-10T10:12:36.617Z", "sessionID": "7df6e362-ff12-4380-84bf-85893e8b62a6", "query": "ancient rome leaders", "url": "https://en.wikipedia.org/wiki/Roman_emperor", "rank": "6"}
{"type": "searchResultGenerated", "timestamp": "2026-02-10T10:12:38.986Z", "sessionID": "7df6e362-ff12-4380-84bf-85893e8b62a6", "query": "ancient rome leaders", "docid": "", "rank": "1", "url": "https://en.wikipedia.org/wiki/List_of_Roman_emperors", "newQuery": "0"}
{"type": "searchResultGenerated", "timestamp": "2026-02-10T10:12:38.986Z", "sessionID": "7df6e362-ff12-4380-84bf-85893e8b62a6", "query": "ancient rome leaders", "docid": "", "rank": "2", "url": "https://www.britannica.com/place/list-of-Roman-emperors-2043294", "newQuery": "0"}
{"type": "searchResultGenerated", "timestamp": "2026-02-10T10:12:38.986Z", "sessionID": "7df6e362-ff12-4380-84bf-85893e8b62a6", "query": "ancient rome leaders", "docid": "", "rank": "3", "url": "https://www.metmuseum.org/toah/hd/roru/hd_roru.htm", "newQuery": "0"}
{"type": "searchResultGenerated", "timestamp": "2026-02-10T10:12:38.986Z", "sessionID": "7df6e362-ff12-4380-84bf-85893e8b62a6", "query": "ancient rome leaders", "docid": "", "rank": "4", "url": "https://www.infoplease.com/biographies/government-politics/world-leaders/roman-republic-and-roman-empire-rulers", "newQuery": "0"}
{"type": "searchResultGenerated", "timestamp": "2026-02-10T10:12:38.986Z", "sessionID": "7df6e362-ff12-4380-84bf-85893e8b62a6", "query": "ancient rome leaders", "docid": "", "rank": "5", "url": "https://www.thecollector.com/list-roman-emperors/", "newQuery": "0"}
{"type": "searchResultGenerated", "timestamp": "2026-02-10T10:12:38.987Z", "sessionID": "7df6e362-ff12-4380-84bf-85893e8b62a6", "query": "ancient rome leaders", "docid": "", "rank": "6", "url": "https://en.wikipedia.org/wiki/Roman_emperor", "newQuery": "0"}
{"type": "searchResultGenerated", "timestamp": "2026-02-10T10:12:38.987Z", "sessionID": "7df6e362-ff12-4380-84bf-85893e8b62a6", "query": "ancient rome leaders", "docid": "", "rank": "7", "url": "https://www.reddit.com/r/ancientrome/comments/1gy7l33/whats_your_top_10_list_of_roman_emperors/", "newQuery": "0"}
{"type": "queryBoxFocused", "timestamp": "2026-02-10T10:12:39.821Z", "sessionID": "7df6e362-ff12-4380-84bf-85893e8b62a6"}
{"type": "querySubmitted", "timestamp": "2026-02-10T10:12:42.984Z", "sessionID": "7df6e362-ff12-4380-84bf-85893e8b62a6", "query": "julius ceaser", "newQuery": "1"}
{"type": "searchResultGenerated", "timestamp": "2026-02-10T10:12:47.999Z", "sessionID": "7df6e362-ff12-4380-84bf-85893e8b62a6", "query": "julius ceaser", "docid": "", "rank": "1", "url": "https://en.wikipedia.org/wiki/Julius_Caesar", "newQuery": "1"}
{"type": "searchResultGenerated", "timestamp": "2026-02-10T10:12:48.000Z", "sessionID": "7df6e362-ff12-4380-84bf-85893e8b62a6", "query": "julius ceaser", "docid": "", "rank": "2", "url": "https://www.britannica.com/biography/Julius-Caesar-Roman-ruler", "newQuery": "0"}
{"type": "searchResultGenerated", "timestamp": "2026-02-10T10:12:48.000Z", "sessionID": "7df6e362-ff12-4380-84bf-85893e8b62a6", "query": "julius ceaser", "docid": "", "rank": "3", "url": "https://www.folger.edu/explore/shakespeares-works/julius-caesar/read/", "newQuery": "0"}
{"type": "searchResultGenerated", "timestamp": "2026-02-10T10:12:48.000Z", "sessionID": "7df6e362-ff12-4380-84bf-85893e8b62a6", "query": "julius ceaser", "docid": "", "rank": "4", "url": "https://www.bbc.co.uk/history/historic_figures/caesar_julius.shtml", "newQuery": "0"}
{"type": "searchResultGenerated", "timestamp": "2026-02-10T10:12:48.000Z", "sessionID": "7df6e362-ff12-4380-84bf-85893e8b62a6", "query": "julius ceaser", "docid": "", "rank": "5", "url": "https://www.biography.com/political-figures/julius-caesar", "newQuery": "0"}
{"type": "searchResultGenerated", "timestamp": "2026-02-10T10:12:48.001Z", "sessionID": "7df6e362-ff12-4380-84bf-85893e8b62a6", "query": "julius ceaser", "docid": "", "rank": "6", "url": "https://www.pbs.org/empires/romans/empire/julius_caesar.html", "newQuery": "0"}
{"type": "searchResultGenerated", "timestamp": "2026-02-10T10:12:48.001Z", "sessionID": "7df6e362-ff12-4380-84bf-85893e8b62a6", "query": "julius ceaser", "docid": "", "rank": "7", "url": "https://www.reddit.com/r/ancientrome/comments/1k3rimu/why_is_julius_caesar_so_important_what_makes_him/", "newQuery": "0"}
{"type": "searchResultGenerated", "timestamp": "2026-02-10T10:12:48.001Z", "sessionID": "7df6e362-ff12-4380-84bf-85893e8b62a6", "query": "julius ceaser", "docid": "", "rank": "8", "url": "https://www.rsc.org.uk/julius-caesar/about-the-play", "newQuery": "0"}
{"type": "searchResultGenerated", "timestamp": "2026-02-10T10:12:48.002Z", "sessionID": "7df6e362-ff12-4380-84bf-85893e8b62a6", "query": "julius ceaser", "docid": "", "rank": "9", "url": "https://shakespeare.mit.edu/julius_caesar/full.html", "newQuery": "0"}
{"type": "clickedResult", "timestamp": "2026-02-10T10:12:49.051Z", "sessionID": "7df6e362-ff12-4380-84bf-85893e8b62a6", "query": "julius ceaser", "url": "https://www.biography.com/political-figures/julius-caesar", "rank": "5"}
{"type": "searchResultGenerated", "timestamp": "2026-02-10T10:12:51.895Z", "sessionID": "7df6e362-ff12-4380-84bf-85893e8b62a6", "query": "julius ceaser", "docid": "", "rank": "1", "url": "https://en.wikipedia.org/wiki/Julius_Caesar", "newQuery": "0"}
{"type": "searchResultGenerated", "timestamp": "2026-02-10T10:12:51.896Z", "sessionID": "7df6e362-ff12-4380-84bf-85893e8b62a6", "query": "julius ceaser", "docid": "", "rank": "2", "url": "https://www.britannica.com/biography/Julius-Caesar-Roman-ruler", "newQuery": "0"}
{"type": "searchResultGenerated", "timestamp": "2026-02-10T10:12:51.896Z", "sessionID": "7df6e362-ff12-4380-84bf-85893e8b62a6", "query": "julius ceaser", "docid": "", "rank": "3", "url": "https://www.folger.edu/explore/shakespeares-works/julius-caesar/read/", "newQuery": "0"}
{"type": "searchResultGenerated", "timestamp": "2026-02-10T10:12:51.896Z", "sessionID": "7df6e362-ff12-4380-84bf-85893e8b62a6", "query": "julius ceaser", "docid": "", "rank": "4", "url": "https://www.bbc.co.uk/history/historic_figures/caesar_julius.shtml", "newQuery": "0"}
{"type": "searchResultGenerated", "timestamp": "2026-02-10T10:12:51.896Z", "sessionID": "7df6e362-ff12-4380-84bf-85893e8b62a6", "query": "julius ceaser", "docid": "", "rank": "5", "url": "https://www.biography.com/political-figures/julius-caesar", "newQuery": "0"}
{"type": "searchResultGenerated", "timestamp": "2026-02-10T10:12:51.897Z", "sessionID": "7df6e362-ff12-4380-84bf-85893e8b62a6", "query": "julius ceaser", "docid": "", "rank": "6", "url": "https://www.pbs.org/empires/romans/empire/julius_caesar.html", "newQuery": "0"}
{"type": "searchResultGenerated", "timestamp": "2026-02-10T10:12:51.897Z", "sessionID": "7df6e362-ff12-4380-84bf-85893e8b62a6", "query": "julius ceaser", "docid": "", "rank": "7", "url": "https://www.reddit.com/r/ancientrome/comments/1k3rimu/why_is_julius_caesar_so_important_what_makes_him/", "newQuery": "0"}
{"type": "searchResultGenerated", "timestamp": "2026-02-10T10:12:51.897Z", "sessionID": "7df6e362-ff12-4380-84bf-85893e8b62a6", "query": "julius ceaser", "docid": "", "rank": "8", "url": "https://www.rsc.org.uk/julius-caesar/about-the-play", "newQuery": "0"}
{"type": "searchResultGenerated", "timestamp": "2026-02-10T10:12:51.897Z", "sessionID": "7df6e362-ff12-4380-84bf-85893e8b62a6", "query": "julius ceaser", "docid": "", "rank": "9", "url": "https://shakespeare.mit.edu/julius_caesar/full.html", "newQuery": "0"}
{"type": "clickedResult", "timestamp": "2026-02-10T10:12:52.965Z", "sessionID": "7df6e362-ff12-4380-84bf-85893e8b62a6", "query": "julius ceaser", "url": "https://www.pbs.org/empires/romans/empire/julius_caesar.html", "rank": "6"}
{"type": "searchResultGenerated", "timestamp": "2026-02-10T10:12:55.604Z", "sessionID": "7df6e362-ff12-4380-84bf-85893e8b62a6", "query": "julius ceaser", "docid": "", "rank": "1", "url": "https://en.wikipedia.org/wiki/Julius_Caesar", "newQuery": "0"}
{"type": "searchResultGenerated", "timestamp": "2026-02-10T10:12:55.605Z", "sessionID": "7df6e362-ff12-4380-84bf-85893e8b62a6", "query": "julius ceaser", "docid": "", "rank": "2", "url": "https://www.britannica.com/biography/Julius-Caesar-Roman-ruler", "newQuery": "0"}
{"type": "searchResultGenerated", "timestamp": "2026-02-10T10:12:55.605Z", "sessionID": "7df6e362-ff12-4380-84bf-85893e8b62a6", "query": "julius ceaser", "docid": "", "rank": "3", "url": "https://www.folger.edu/explore/shakespeares-works/julius-caesar/read/", "newQuery": "0"}
{"type": "searchResultGenerated", "timestamp": "2026-02-10T10:12:55.605Z", "sessionID": "7df6e362-ff12-4380-84bf-85893e8b62a6", "query": "julius ceaser", "docid": "", "rank": "4", "url": "https://www.bbc.co.uk/history/historic_figures/caesar_julius.shtml", "newQuery": "0"}
{"type": "searchResultGenerated", "timestamp": "2026-02-10T10:12:55.606Z", "sessionID": "7df6e362-ff12-4380-84bf-85893e8b62a6", "query": "julius ceaser", "docid": "", "rank": "5", "url": "https://www.biography.com/political-figures/julius-caesar", "newQuery": "0"}
{"type": "searchResultGenerated", "timestamp": "2026-02-10T10:12:55.606Z", "sessionID": "7df6e362-ff12-4380-84bf-85893e8b62a6", "query": "julius ceaser", "docid": "", "rank": "6", "url": "https://www.pbs.org/empires/romans/empire/julius_caesar.html", "newQuery": "0"}
{"type": "searchResultGenerated", "timestamp": "2026-02-10T10:12:55.606Z", "sessionID": "7df6e362-ff12-4380-84bf-85893e8b62a6", "query": "julius ceaser", "docid": "", "rank": "7", "url": "https://www.reddit.com/r/ancientrome/comments/1k3rimu/why_is_julius_caesar_so_important_what_makes_him/", "newQuery": "0"}
{"type": "searchResultGenerated", "timestamp": "2026-02-10T10:12:55.607Z", "sessionID": "7df6e362-ff12-4380-84bf-85893e8b62a6", "query": "julius ceaser", "docid": "", "rank": "8", "url": "https://www.rsc.org.uk/julius-caesar/about-the-play", "newQuery": "0"}
{"type": "searchResultGenerated", "timestamp": "2026-02-10T10:12:55.607Z", "sessionID": "7df6e362-ff12-4380-84bf-85893e8b62a6", "query": "julius ceaser", "docid": "", "rank": "9", "url": "https://shakespeare.mit.edu/julius_caesar/full.html", "newQuery": "0"}
{"type": "ClickedEndTask", "timestamp": "2026-02-10T10:12:57.131Z", "sessionID": "7df6e362-ff12-4380-84bf-85893e8b62a6"}
{"type": "TaskEndConfirmed", "timestamp": "2026-02-10T10:12:57.710Z", "sessionID": "7df6e362-ff12-4380-84bf-85893e8b62a6"}
