{"type": "idSubmitted", "timestamp": "2026-02-09T10:15:52.364Z", "sessionID": "a417e25a-0525-43bd-99fd-e52e86ab9caf", "uid": "Participant1"}
{"type": "TaskStarted", "timestamp": "2026-02-09T10:15:53.531Z", "sessionID": "a417e25a-0525-43bd-99fd-e52e86ab9caf", "task": "1", "uid": "Participant1", "topic": "Is human activity primarily responsible for global climate change?"}
{"type": "queryBoxFocused", "timestamp": "2026-02-09T10:15:54.366Z", "sessionID": "a417e25a-0525-43bd-99fd-e52e86ab9caf"}
{"type": "querySubmitted", "timestamp": "2026-02-09T10:15:56.978Z", "sessionID": "a417e25a-0525-43bd-99fd-e52e86ab9caf", "query": "climate change"}
{"type": "searchResultGenerated", "timestamp": "2026-02-09T10:15:57.317Z", "sessionID": "a417e25a-0525-43bd-99fd-e52e86ab9caf", "query": "climate change", "docid": "", "rank": "1", "url": "https://www.un.org/en/climatechange/what-is-climate-change"}
{"type": "searchResultGenerated", "timestamp": "2026-02-09T10:15:57.317Z", "sessionID": "a417e25a-0525-43bd-99fd-e52e86ab9caf", "query": "climate change", "docid": "", "rank": "2", "url": "https://science.nasa.gov/climate-change/"}
{"type": "searchResultGenerated", "timestamp": "2026-02-09T10:15:57.317Z", "sessionID": "a417e25a-0525-43bd-99fd-e52e86ab9caf", "query": "climate change", "docid": "", "rank": "3", "url": "https://en.wikipedia.org/wiki/Climate_change"}
{"type": "searchResultGenerated", "timestamp": "2026-02-09T10:15:57.317Z", "sessionID": "a417e25a-0525-43bd-99fd-e52e86ab9caf", "query": "climate change", "docid": "", "rank": "4", "url": "https://www.noaa.gov/education/resource-collections/climate/climate-change-impacts"}
{"type": "searchResultGenerated", "timestamp": "2026-02-09T10:15:57.317Z", "sessionID": "a417e25a-0525-43bd-99fd-e52e86ab9caf", "query": "climate change", "docid": "", "rank": "5", "url": "https://www.epa.gov/climate-change"}
{"type": "searchResultGenerated", "timestamp": "2026-02-09T10:15:57.317Z", "sessionID": "a417e25a-0525-43bd-99fd-e52e86ab9caf", "query": "climate change", "docid": "", "rank": "6", "url": "https://royalsociety.org/news-resources/projects/climate-change-evidence-causes/basics-of-climate-change/"}
{"type": "searchResultGenerated", "timestamp": "2026-02-09T10:15:57.318Z", "sessionID": "a417e25a-0525-43bd-99fd-e52e86ab9caf", "query": "climate change", "docid": "", "rank": "7", "url": "https://www.who.int/health-topics/climate-change"}
{"type": "searchResultGenerated", "timestamp": "2026-02-09T10:15:57.318Z", "sessionID": "a417e25a-0525-43bd-99fd-e52e86ab9caf", "query": "climate change", "docid": "", "rank": "8", "url": "https://www.ipcc.ch/"}
{"type": "clickedResult", "timestamp": "2026-02-09T10:15:58.529Z", "sessionID": "a417e25a-0525-43bd-99fd-e52e86ab9caf", "query": "climate change", "url": "https://www.un.org/en/climatechange/what-is-climate-change", "rank": "1"}
{"type": "searchResultGenerated", "timestamp": "2026-02-09T10:16:00.223Z", "sessionID": "a417e25a-0525-43bd-99fd-e52e86ab9caf", "query": "climate change", "docid": "", "rank": "1", "url": "https://www.un.org/en/climatechange/what-is-climate-change"}
{"type": "searchResultGenerated", "timestamp": "2026-02-09T10:16:00.224Z", "sessionID": "a417e25a-0525-43bd-99fd-e52e86ab9caf", "query": "climate change", "docid": "", "rank": "2", "url": "https://science.nasa.gov/climate-change/"}
{"type": "searchResultGenerated", "timestamp": "2026-02-09T10:16:00.224Z", "sessionID": "a417e25a-0525-43bd-99fd-e52e86ab9caf", "query": "climate change", "docid": "", "rank": "3", "url": "https://en.wikipedia.org/wiki/Climate_change"}
{"type": "searchResultGenerated", "timestamp": "2026-02-09T10:16:00.224Z", "sessionID": "a417e25a-0525-43bd-99fd-e52e86ab9caf", "query": "climate change", "docid": "", "rank": "4", "url": "https://www.noaa.gov/education/resource-collections/climate/climate-change-impacts"}
{"type": "searchResultGenerated", "timestamp": "2026-02-09T10:16:00.224Z", "sessionID": "a417e25a-0525-43bd-99fd-e52e86ab9caf", "query": "climate change", "docid": "", "rank": "5", "url": "https://www.epa.gov/climate-change"}
{"type": "searchResultGenerated", "timestamp": "2026-02-09T10:16:00.224Z", "sessionID": "a417e25a-0525-43bd-99fd-e52e86ab9caf", "query": "climate change", "docid": "", "rank": "6", "url": "https://royalsociety.org/news-resources/projects/climate-change-evidence-causes/basics-of-climate-change/"}
{"type": "searchResultGenerated", "timestamp": "2026-02-09T10:16:00.224Z", "sessionID": "a417e25a-0525-43bd-99fd-e52e86ab9caf", "query": "climate change", "docid": "", "rank": "7", "url": "https://www.who.int/health-topics/climate-change"}
{"type": "searchResultGenerated", "timestamp": "2026-02-09T10:16:00.224Z", "sessionID": "a417e25a-0525-43bd-99fd-e52e86ab9caf", "query": "climate change", "docid": "", "rank": "8", "url": "https://www.ipcc.ch/"}
{"type": "clickedResult", "timestamp": "2026-02-09T10:16:01.000Z", "sessionID": "a417e25a-0525-43bd-99fd-e52e86ab9caf", "query": "climate change", "url": "https://www.un.org/en/climatechange/what-is-climate-change", "rank": "1"}
{"type": "searchResultGenerated", "timestamp": "2026-02-09T10:16:02.403Z", "sessionID": "a417e25a-0525-43bd-99fd-e52e86ab9caf", "query": "climate change", "docid": "", "rank": "1", "url": "https://www.un.org/en/climatechange/what-is-climate-change"}
{"type": "searchResultGenerated", "timestamp": "2026-02-09T10:16:02.403Z", "sessionID": "a417e25a-0525-43bd-99fd-e52e86ab9caf", "query": "climate change", "docid": "", "rank": "2", "url": "https://science.nasa.gov/climate-change/"}
{"type": "searchResultGenerated", "timestamp": "2026-02-09T10:16:02.404Z", "sessionID": "a417e25a-0525-43bd-99fd-e52e86ab9caf", "query": "climate change", "docid": "", "rank": "3", "url": "https://en.wikipedia.org/wiki/Climate_change"}
{"type": "searchResultGenerated", "timestamp": "2026-02-09T10:16:02.404Z", "sessionID": "a417e25a-0525-43bd-99fd-e52e86ab9caf", "query": "climate change", "docid": "", "rank": "4", "url": "https://www.noaa.gov/education/resource-collections/climate/climate-change-impacts"}
{"type": "searchResultGenerated", "timestamp": "2026-02-09T10:16:02.404Z", "sessionID": "a417e25a-0525-43bd-99fd-e52e86ab9caf", "query": "climate change", "docid": "", "rank": "5", "url": "https://www.epa.gov/climate-change"}
{"type": "searchResultGenerated", "timestamp": "2026-02-09T10:16:02.404Z", "sessionID": "a417e25a-0525-43bd-99fd-e52e86ab9caf", "query": "climate change", "docid": "", "rank": "6", "url": "https://royalsociety.org/news-resources/projects/climate-change-evidence-causes/basics-of-climate-change/"}
{"type": "searchResultGenerated", "timestamp": "2026-02-09T10:16:02.404Z", "sessionID": "a417e25a-0525-43bd-99fd-e52e86ab9caf", "query": "climate change", "docid": "", "rank": "7", "url": "https://www.who.int/health-topics/climate-change"}
{"type": "searchResultGenerated", "timestamp": "2026-02-09T10:16:02.404Z", "sessionID": "a417e25a-0525-43bd-99fd-e52e86ab9caf", "query": "climate change", "docid": "", "rank": "8", "url": "https://www.ipcc.ch/"}
{"type": "clickedResult", "timestamp": "2026-02-09T10:16:04.504Z", "sessionID": "a417e25a-0525-43bd-99fd-e52e86ab9caf", "query": "climate change", "url": "https://www.noaa.gov/education/resource-collections/climate/climate-change-impacts", "rank": "4"}
{"type": "searchResultGenerated", "timestamp": "2026-02-09T10:16:06.440Z", "sessionID": "a417e25a-0525-43bd-99fd-e52e86ab9caf", "query": "climate change", "docid": "", "rank": "1", "url": "https://www.un.org/en/climatechange/what-is-climate-change"}
{"type": "searchResultGenerated", "timestamp": "2026-02-09T10:16:06.440Z", "sessionID": "a417e25a-0525-43bd-99fd-e52e86ab9caf", "query": "climate change", "docid": "", "rank": "2", "url": "https://science.nasa.gov/climate-change/"}
{"type": "searchResultGenerated", "timestamp": "2026-02-09T10:16:06.441Z", "sessionID": "a417e25a-0525-43bd-99fd-e52e86ab9caf", "query": "climate change", "docid": "", "rank": "3", "url": "https://en.wikipedia.org/wiki/Climate_change"}
{"type": "searchResultGenerated", "timestamp": "2026-02-09T10:16:06.441Z", "sessionID": "a417e25a-0525-43bd-99fd-e52e86ab9caf", "query": "climate change", "docid": "", "rank": "4", "url": "https://www.noaa.gov/education/resource-collections/climate/climate-change-impacts"}
{"type": "searchResultGenerated", "timestamp": "2026-02-09T10:16:06.441Z", "sessionID": "a417e25a-0525-43bd-99fd-e52e86ab9caf", "query": "climate change", "docid": "", "rank": "5", "url": "https://www.epa.gov/climate-change"}
{"type": "searchResultGenerated", "timestamp": "2026-02-09T10:16:06.441Z", "sessionID": "a417e25a-0525-43bd-99fd-e52e86ab9caf", "query": "climate change", "docid": "", "rank": "6", "url": "https://royalsociety.org/news-resources/projects/climate-change-evidence-causes/basics-of-climate-change/"}
{"type": "searchResultGenerated", "timestamp": "2026-02-09T10:16:06.441Z", "sessionID": "a417e25a-0525-43bd-99fd-e52e86ab9caf", "query": "climate change", "docid": "", "rank": "7", "url": "https://www.who.int/health-topics/climate-change"}
{"type": "searchResultGenerated", "timestamp": "2026-02-09T10:16:06.441Z", "sessionID": "a417e25a-0525-43bd-99fd-e52e86ab9caf", "query": "climate change", "docid": "", "rank": "8", "url": "https://www.ipcc.ch/"}
{"type": "queryBoxFocused", "timestamp": "2026-02-09T10:16:06.884Z", "sessionID": "a417e25a-0525-43bd-99fd-e52e86ab9caf"}
{"type": "querySubmitted", "timestamp": "2026-02-09T10:16:12.314Z", "sessionID": "a417e25a-0525-43bd-99fd-e52e86ab9caf", "query": "reasons for climate change"}
{"type": "searchResultGenerated", "timestamp": "2026-02-09T10:16:12.610Z", "sessionID": "a417e25a-0525-43bd-99fd-e52e86ab9caf", "query": "reasons for climate change", "docid": "", "rank": "1", "url": "https://www.un.org/en/climatechange/science/causes-effects-climate-change"}
{"type": "searchResultGenerated", "timestamp": "2026-02-09T10:16:12.610Z", "sessionID": "a417e25a-0525-43bd-99fd-e52e86ab9caf", "query": "reasons for climate change", "docid": "", "rank": "2", "url": "https://www.epa.gov/climatechange-science/causes-climate-change"}
{"type": "searchResultGenerated", "timestamp": "2026-02-09T10:16:12.610Z", "sessionID": "a417e25a-0525-43bd-99fd-e52e86ab9caf", "query": "reasons for climate change", "docid": "", "rank": "3", "url": "https://science.nasa.gov/climate-change/causes/"}
{"type": "searchResultGenerated", "timestamp": "2026-02-09T10:16:12.610Z", "sessionID": "a417e25a-0525-43bd-99fd-e52e86ab9caf", "query": "reasons for climate change", "docid": "", "rank": "4", "url": "https://www.nrdc.org/stories/what-are-causes-climate-change"}
{"type": "searchResultGenerated", "timestamp": "2026-02-09T10:16:12.610Z", "sessionID": "a417e25a-0525-43bd-99fd-e52e86ab9caf", "query": "reasons for climate change", "docid": "", "rank": "5", "url": "https://climate.ec.europa.eu/climate-change/causes-climate-change_en"}
{"type": "searchResultGenerated", "timestamp": "2026-02-09T10:16:12.610Z", "sessionID": "a417e25a-0525-43bd-99fd-e52e86ab9caf", "query": "reasons for climate change", "docid": "", "rank": "6", "url": "https://www.fairplanet.org/story/what-are-human-causes-of-climate-change/"}
{"type": "searchResultGenerated", "timestamp": "2026-02-09T10:16:12.611Z", "sessionID": "a417e25a-0525-43bd-99fd-e52e86ab9caf", "query": "reasons for climate change", "docid": "", "rank": "7", "url": "https://www.greenpeace.org.uk/challenges/climate-change/what-causes-climate-change/"}
{"type": "searchResultGenerated", "timestamp": "2026-02-09T10:16:12.611Z", "sessionID": "a417e25a-0525-43bd-99fd-e52e86ab9caf", "query": "reasons for climate change", "docid": "", "rank": "8", "url": "https://www.bgs.ac.uk/discovering-geology/climate-change/what-causes-the-earths-climate-to-change/"}
{"type": "searchResultGenerated", "timestamp": "2026-02-09T10:16:12.611Z", "sessionID": "a417e25a-0525-43bd-99fd-e52e86ab9caf", "query": "reasons for climate change", "docid": "", "rank": "9", "url": "https://www.noaa.gov/education/resource-collections/climate/climate-change-impacts"}
{"type": "searchResultGenerated", "timestamp": "2026-02-09T10:16:12.611Z", "sessionID": "a417e25a-0525-43bd-99fd-e52e86ab9caf", "query": "reasons for climate change", "docid": "", "rank": "10", "url": "https://www.youtube.com/watch?v=hjLx4P0dkCY"}
{"type": "clickedResult", "timestamp": "2026-02-09T10:16:14.152Z", "sessionID": "a417e25a-0525-43bd-99fd-e52e86ab9caf", "query": "reasons for climate change", "url": "https://science.nasa.gov/climate-change/causes/", "rank": "3"}
{"type": "searchResultGenerated", "timestamp": "2026-02-09T10:16:16.403Z", "sessionID": "a417e25a-0525-43bd-99fd-e52e86ab9caf", "query": "reasons for climate change", "docid": "", "rank": "1", "url": "https://www.un.org/en/climatechange/science/causes-effects-climate-change"}
{"type": "searchResultGenerated", "timestamp": "2026-02-09T10:16:16.403Z", "sessionID": "a417e25a-0525-43bd-99fd-e52e86ab9caf", "query": "reasons for climate change", "docid": "", "rank": "2", "url": "https://www.epa.gov/climatechange-science/causes-climate-change"}
{"type": "searchResultGenerated", "timestamp": "2026-02-09T10:16:16.403Z", "sessionID": "a417e25a-0525-43bd-99fd-e52e86ab9caf", "query": "reasons for climate change", "docid": "", "rank": "3", "url": "https://science.nasa.gov/climate-change/causes/"}
{"type": "searchResultGenerated", "timestamp": "2026-02-09T10:16:16.403Z", "sessionID": "a417e25a-0525-43bd-99fd-e52e86ab9caf", "query": "reasons for climate change", "docid": "", "rank": "4", "url": "https://www.nrdc.org/stories/what-are-causes-climate-change"}
{"type": "searchResultGenerated", "timestamp": "2026-02-09T10:16:16.404Z", "sessionID": "a417e25a-0525-43bd-99fd-e52e86ab9caf", "query": "reasons for climate change", "docid": "", "rank": "5", "url": "https://climate.ec.europa.eu/climate-change/causes-climate-change_en"}
{"type": "searchResultGenerated", "timestamp": "2026-02-09T10:16:16.404Z", "sessionID": "a417e25a-0525-43bd-99fd-e52e86ab9caf", "query": "reasons for climate change", "docid": "", "rank": "6", "url": "https://www.fairplanet.org/story/what-are-human-causes-of-climate-change/"}
{"type": "searchResultGenerated", "timestamp": "2026-02-09T10:16:16.404Z", "sessionID": "a417e25a-0525-43bd-99fd-e52e86ab9caf", "query": "reasons for climate change", "docid": "", "rank": "7", "url": "https://www.greenpeace.org.uk/challenges/climate-change/what-causes-climate-change/"}
{"type": "searchResultGenerated", "timestamp": "2026-02-09T10:16:16.404Z", "sessionID": "a417e25a-0525-43bd-99fd-e52e86ab9caf", "query": "reasons for climate change", "docid": "", "rank": "8", "url": "https://www.bgs.ac.uk/discovering-geology/climate-change/what-causes-the-earths-climate-to-change/"}
{"type": "searchResultGenerated", "timestamp": "2026-02-09T10:16:16.404Z", "sessionID": "a417e25a-0525-43bd-99fd-e52e86ab9caf", "query": "reasons for climate change", "docid": "", "rank": "9", "url": "https://www.noaa.gov/education/resource-collections/climate/climate-change-impacts"}
{"type": "searchResultGenerated", "timestamp": "2026-02-09T10:16:16.405Z", "sessionID": "a417e25a-0525-43bd-99fd-e52e86ab9caf", "query": "reasons for climate change", "docid": "", "rank": "10", "url": "https://www.youtube.com/watch?v=hjLx4P0dkCY"}
{"type": "clickedResult", "timestamp": "2026-02-09T10:16:18.348Z", "sessionID": "a417e25a-0525-43bd-99fd-e52e86ab9caf", "query": "reasons for climate change", "url": "https://climate.ec.europa.eu/climate-change/causes-climate-change_en", "rank": "5"}
{"type": "searchResultGenerated", "timestamp": "2026-02-09T10:16:20.355Z", "sessionID": "a417e25a-0525-43bd-99fd-e52e86ab9caf", "query": "reasons for climate change", "docid": "", "rank": "1", "url": "https://www.un.org/en/climatechange/science/causes-effects-climate-change"}
{"type": "searchResultGenerated", "timestamp": "2026-02-09T10:16:20.355Z", "sessionID": "a417e25a-0525-43bd-99fd-e52e86ab9caf", "query": "reasons for climate change", "docid": "", "rank": "2", "url": "https://www.epa.gov/climatechange-science/causes-climate-change"}
{"type": "searchResultGenerated", "timestamp": "2026-02-09T10:16:20.355Z", "sessionID": "a417e25a-0525-43bd-99fd-e52e86ab9caf", "query": "reasons for climate change", "docid": "", "rank": "3", "url": "https://science.nasa.gov/climate-change/causes/"}
{"type": "searchResultGenerated", "timestamp": "2026-02-09T10:16:20.356Z", "sessionID": "a417e25a-0525-43bd-99fd-e52e86ab9caf", "query": "reasons for climate change", "docid": "", "rank": "4", "url": "https://www.nrdc.org/stories/what-are-causes-climate-change"}
{"type": "searchResultGenerated", "timestamp": "2026-02-09T10:16:20.356Z", "sessionID": "a417e25a-0525-43bd-99fd-e52e86ab9caf", "query": "reasons for climate change", "docid": "", "rank": "5", "url": "https://climate.ec.europa.eu/climate-change/causes-climate-change_en"}
{"type": "searchResultGenerated", "timestamp": "2026-02-09T10:16:20.356Z", "sessionID": "a417e25a-0525-43bd-99fd-e52e86ab9caf", "query": "reasons for climate change", "docid": "", "rank": "6", "url": "https://www.fairplanet.org/story/what-are-human-causes-of-climate-change/"}
{"type": "searchResultGenerated", "timestamp": "2026-02-09T10:16:20.356Z", "sessionID": "a417e25a-0525-43bd-99fd-e52e86ab9caf", "query": "reasons for climate change", "docid": "", "rank": "7", "url": "https://www.greenpeace.org.uk/challenges/climate-change/what-causes-climate-change/"}
{"type": "searchResultGenerated", "timestamp": "2026-02-09T10:16:20.356Z", "sessionID": "a417e25a-0525-43bd-99fd-e52e86ab9caf", "query": "reasons for climate change", "docid": "", "rank": "8", "url": "https://www.bgs.ac.uk/discovering-geology/climate-change/what-causes-the-earths-climate-to-change/"}
{"type": "searchResultGenerated", "timestamp": "2026-02-09T10:16:20.356Z", "sessionID": "a417e25a-0525-43bd-99fd-e52e86ab9caf", "query": "reasons for climate change", "docid": "", "rank": "9", "url": "https://www.noaa.gov/education/resource-collections/climate/climate-change-impacts"}
{"type": "searchResultGenerated", "timestamp": "2026-02-09T10:16:20.356Z", "sessionID": "a417e25a-0525-43bd-99fd-e52e86ab9caf", "query": "reasons for climate change", "docid": "", "rank": "10", "url": "https://www.youtube.com/watch?v=hjLx4P0dkCY"}
{"type": "ClickedEndTask", "timestamp": "2026-02-09T10:16:22.822Z", "sessionID": "a417e25a-0525-43bd-99fd-e52e86ab9caf"}
{"type": "TaskEndConfirmed", "timestamp": "2026-02-09T10:16:23.545Z", "sessionID": "a417e25a-0525-43bd-99fd-e52e86ab9caf"}
{"type": "TaskEnded", "timestamp": "2026-02-09T10:16:27.063Z", "sessionID": "a417e25a-0525-43bd-99fd-e52e86ab9caf", "reason": "done searching"}
